______________________________	 Running Epoch 1 of 10 	______________________________
[Training] Itteration/Batch:   0/269: Loss: 0.90 | Accuracy: 0.61
[Training] Itteration/Batch:  25/269: Loss: 1.06 | Accuracy: 0.73
[Training] Itteration/Batch:  50/269: Loss: 0.98 | Accuracy: 0.64
[Training] Itteration/Batch:  75/269: Loss: 0.83 | Accuracy: 0.73
[Training] Itteration/Batch: 100/269: Loss: 1.05 | Accuracy: 0.70
[Training] Itteration/Batch: 125/269: Loss: 0.89 | Accuracy: 0.88
[Training] Itteration/Batch: 150/269: Loss: 0.75 | Accuracy: 0.75
[Training] Itteration/Batch: 175/269: Loss: 0.88 | Accuracy: 0.71
[Training] Itteration/Batch: 200/269: Loss: 0.61 | Accuracy: 0.89
[Training] Itteration/Batch: 225/269: Loss: 1.04 | Accuracy: 0.67
[Training] Itteration/Batch: 250/269: Loss: 1.88 | Accuracy: 0.59

Epoch 1: Val Bin. F1 Majority 0.0 | Val Macro F1 Majority 0.4120712114633087 |             Val Bin F1 Individual 0.3071253001689911 | Val Macro F1 Individual 0.5739915474678454 |             Val Accuracy Majority 0.7008862495422363 | Val Accuracy Individual 0.7411656975746155 | Training Loss:1.1313198804855347 |             Val Loss 1.0562957525253296 | Train Runtime Millis 26532.88450499997 | Val Runtime Millis 3737.125845000037

______________________________	 Running Epoch 2 of 10 	______________________________
[Training] Itteration/Batch:   0/269: Loss: 0.94 | Accuracy: 0.76
[Training] Itteration/Batch:  25/269: Loss: 0.74 | Accuracy: 0.76
[Training] Itteration/Batch:  50/269: Loss: 0.64 | Accuracy: 0.71
[Training] Itteration/Batch:  75/269: Loss: 1.12 | Accuracy: 0.68
[Training] Itteration/Batch: 100/269: Loss: 1.00 | Accuracy: 0.86
[Training] Itteration/Batch: 125/269: Loss: 0.96 | Accuracy: 0.74
[Training] Itteration/Batch: 150/269: Loss: 1.30 | Accuracy: 0.60
[Training] Itteration/Batch: 175/269: Loss: 0.60 | Accuracy: 0.83
[Training] Itteration/Batch: 200/269: Loss: 1.06 | Accuracy: 0.70
[Training] Itteration/Batch: 225/269: Loss: 1.14 | Accuracy: 0.68
[Training] Itteration/Batch: 250/269: Loss: 1.14 | Accuracy: 0.74

Epoch 2: Val Bin. F1 Majority 0.0 | Val Macro F1 Majority 0.4120712114633087 |             Val Bin F1 Individual 0.33411213755607605 | Val Macro F1 Individual 0.5856740073762924 |             Val Accuracy Majority 0.7008862495422363 | Val Accuracy Individual 0.7384121417999268 | Training Loss:1.0862268209457397 |             Val Loss 1.0460458993911743 | Train Runtime Millis 26021.764819999986 | Val Runtime Millis 3760.034462999954

______________________________	 Running Epoch 3 of 10 	______________________________
[Training] Itteration/Batch:   0/269: Loss: 1.43 | Accuracy: 0.62
[Training] Itteration/Batch:  25/269: Loss: 1.12 | Accuracy: 0.77
[Training] Itteration/Batch:  50/269: Loss: 1.07 | Accuracy: 0.79
[Training] Itteration/Batch:  75/269: Loss: 0.82 | Accuracy: 0.83
[Training] Itteration/Batch: 100/269: Loss: 1.30 | Accuracy: 0.61
[Training] Itteration/Batch: 125/269: Loss: 1.01 | Accuracy: 0.86
[Training] Itteration/Batch: 150/269: Loss: 0.85 | Accuracy: 0.81
[Training] Itteration/Batch: 175/269: Loss: 0.86 | Accuracy: 0.76
[Training] Itteration/Batch: 200/269: Loss: 0.83 | Accuracy: 0.88
[Training] Itteration/Batch: 225/269: Loss: 1.39 | Accuracy: 0.74
[Training] Itteration/Batch: 250/269: Loss: 0.73 | Accuracy: 0.96

Epoch 3: Val Bin. F1 Majority 0.05104408413171768 | Val Macro F1 Majority 0.43571088673479463 |             Val Bin F1 Individual 0.3212669789791107 | Val Macro F1 Individual 0.5742776983252449 |             Val Accuracy Majority 0.6979320645332336 | Val Accuracy Individual 0.7246443033218384 | Training Loss:1.0252422094345093 |             Val Loss 1.0427796840667725 | Train Runtime Millis 26104.027873000006 | Val Runtime Millis 3738.580180000042

______________________________	 Running Epoch 4 of 10 	______________________________
[Training] Itteration/Batch:   0/269: Loss: 0.57 | Accuracy: 0.90
[Training] Itteration/Batch:  25/269: Loss: 0.81 | Accuracy: 0.83
[Training] Itteration/Batch:  50/269: Loss: 0.83 | Accuracy: 0.87
[Training] Itteration/Batch:  75/269: Loss: 0.72 | Accuracy: 0.75
[Training] Itteration/Batch: 100/269: Loss: 0.65 | Accuracy: 0.83
[Training] Itteration/Batch: 125/269: Loss: 0.83 | Accuracy: 0.87
[Training] Itteration/Batch: 150/269: Loss: 0.88 | Accuracy: 0.79
[Training] Itteration/Batch: 175/269: Loss: 0.82 | Accuracy: 0.85
[Training] Itteration/Batch: 200/269: Loss: 0.88 | Accuracy: 0.77
[Training] Itteration/Batch: 225/269: Loss: 0.88 | Accuracy: 0.86
[Training] Itteration/Batch: 250/269: Loss: 1.29 | Accuracy: 0.62

Epoch 4: Val Bin. F1 Majority 0.14042553305625916 | Val Macro F1 Majority 0.479953605993193 |             Val Bin F1 Individual 0.3228699564933777 | Val Macro F1 Individual 0.5743028367821684 |             Val Accuracy Majority 0.7016248106956482 | Val Accuracy Individual 0.7228085994720459 | Training Loss:0.8706923723220825 |             Val Loss 1.0609334707260132 | Train Runtime Millis 26069.77572300002 | Val Runtime Millis 3738.7211630000365

