Device cuda
Split type sit
Training Size: 90766, NTA labels 88579, YTA labels 2187
Validation Size: 30163, NTA labels 29468, YTA labels 695
Test Size: 30328, NTA labels 29587, YTA labels 741
Training with SBERT, model name is sbert
Tokenizing the dataset
Number of training steps 28370
Epoch 0 **** Loss 0.008747302927076817 **** Metrics validation: {'accuracy': 0.9618738189172165, 'f1_weighted': 0.9674508061923197, 'macro': 0.7017775365457272, 'micro': 0.9618738189172165, 'binary': 0.42326980942828485, 'accuracy_majority': 0.9636759581881533, 'macro_majority': 0.7296403908161226, 'binary_majority': 0.47809762202753436, 'run_time_millis': 13650.39756099577, 'loss_mean': 0.03744502738118172}
Epoch 1 **** Loss 0.010578573681414127 **** Metrics validation: {'accuracy': 0.9659185094320857, 'f1_weighted': 0.9699683591256292, 'macro': 0.7121667546293274, 'micro': 0.9659185094320857, 'binary': 0.4419109663409338, 'accuracy_majority': 0.9682926829268292, 'macro_majority': 0.7458632349721459, 'binary_majority': 0.5081081081081081, 'run_time_millis': 13609.127665986307, 'loss_mean': 0.03760898485779762}
Epoch 2 **** Loss 0.016706785187125206 **** Metrics validation: {'accuracy': 0.9594204820475417, 'f1_weighted': 0.9660087235566204, 'macro': 0.6975052208077208, 'micro': 0.9594204820475417, 'binary': 0.416030534351145, 'accuracy_majority': 0.9616724738675958, 'macro_majority': 0.7268981529941287, 'binary_majority': 0.47368421052631576, 'run_time_millis': 13593.553929997142, 'loss_mean': 0.043675824999809265}
Epoch 3 **** Loss 0.0011201202869415283 **** Metrics validation: {'accuracy': 0.9548121871166662, 'f1_weighted': 0.9631424804133771, 'macro': 0.68604707113446, 'micro': 0.9548121871166662, 'binary': 0.39556541019955654, 'accuracy_majority': 0.9567073170731707, 'macro_majority': 0.7110841887921289, 'binary_majority': 0.44469273743016763, 'run_time_millis': 13609.47746099555, 'loss_mean': 0.05532512441277504}
Epoch 4 **** Loss 0.004557379521429539 **** Metrics validation: {'accuracy': 0.956967145177867, 'f1_weighted': 0.9643283296116363, 'macro': 0.6878226380805029, 'micro': 0.956967145177867, 'binary': 0.39795918367346944, 'accuracy_majority': 0.9587108013937282, 'macro_majority': 0.7124087998619948, 'binary_majority': 0.4462616822429907, 'run_time_millis': 13629.47874100064, 'loss_mean': 0.06555475294589996}
Epoch 5 **** Loss 0.00030171973048709333 **** Metrics validation: {'accuracy': 0.9591552564400093, 'f1_weighted': 0.9656256723666885, 'macro': 0.69184144081031, 'micro': 0.9591552564400093, 'binary': 0.4048309178743962, 'accuracy_majority': 0.9612369337979094, 'macro_majority': 0.7202510763838976, 'binary_majority': 0.46060606060606063, 'run_time_millis': 13605.006664991379, 'loss_mean': 0.08292370289564133}
Epoch 6 **** Loss 0.0001659115223446861 **** Metrics validation: {'accuracy': 0.9618406657162749, 'f1_weighted': 0.9672488552474937, 'macro': 0.6975610954870756, 'micro': 0.9618406657162749, 'binary': 0.41484494153533297, 'accuracy_majority': 0.963588850174216, 'macro_majority': 0.7246712388784425, 'binary_majority': 0.4681933842239185, 'run_time_millis': 13598.335339003825, 'loss_mean': 0.08721411228179932}
Epoch 7 **** Loss 2.715039227041416e-05 **** Metrics validation: {'accuracy': 0.9626694957398136, 'f1_weighted': 0.9676390612475535, 'macro': 0.6968259772433933, 'micro': 0.9626694957398136, 'binary': 0.4129301355578728, 'accuracy_majority': 0.9651567944250871, 'macro_majority': 0.7292092627415534, 'binary_majority': 0.4764397905759163, 'run_time_millis': 12828.966714994749, 'loss_mean': 0.09274929016828537}
Epoch 8 **** Loss 0.02350846491754055 **** Metrics validation: {'accuracy': 0.9653549050160793, 'f1_weighted': 0.9691147061247175, 'macro': 0.6993372565016553, 'micro': 0.9653549050160793, 'binary': 0.4165270798436628, 'accuracy_majority': 0.9671602787456446, 'macro_majority': 0.7286244474387159, 'binary_majority': 0.4741980474198047, 'run_time_millis': 12618.359733009129, 'loss_mean': 0.10060030966997147}
Epoch 9 **** Loss 0.014770930632948875 **** Metrics validation: {'accuracy': 0.9641613897821835, 'f1_weighted': 0.9684270635003707, 'macro': 0.6974861586584205, 'micro': 0.9641613897821835, 'binary': 0.41345632121540965, 'accuracy_majority': 0.9661149825783972, 'macro_majority': 0.7266227435856232, 'binary_majority': 0.47074829931972795, 'run_time_millis': 13638.054634997388, 'loss_mean': 0.0999714806675911}
Evaluating
{'accuracy': 0.9659185094320857, 'f1_weighted': 0.9699683591256292, 'macro': 0.7121667546293274, 'micro': 0.9659185094320857, 'binary': 0.4419109663409338, 'accuracy_majority': 0.9682926829268292, 'macro_majority': 0.7458632349721459, 'binary_majority': 0.5081081081081081, 'run_time_millis': 11493.703933010693, 'loss_mean': 0.03760898485779762}
