Device cuda
Split type sit
Training Size: 1878, NTA labels 1402, YTA labels 476
Validation Size: 606, NTA labels 460, YTA labels 146
Test Size: 781, NTA labels 643, YTA labels 138
Training with SBERT, model name is sbert
Tokenizing the dataset
Number of training steps 590
Epoch 0 **** Loss 0.28226569294929504 **** Metrics validation: {'accuracy': 0.6353135313531353, 'f1_weighted': 0.6487261336769078, 'macro': 0.5407374893265343, 'micro': 0.6353135313531353, 'binary': 0.3323262839879154, 'accuracy_majority': 0.6232741617357002, 'macro_majority': 0.5358856260993343, 'binary_majority': 0.33449477351916374, 'run_time_millis': 2222.2337117418647, 'loss_mean': 0.2605936527252197}
Epoch 1 **** Loss 0.21883253753185272 **** Metrics validation: {'accuracy': 0.6815181518151815, 'f1_weighted': 0.6826165883690009, 'macro': 0.5676468957359111, 'micro': 0.6815181518151815, 'binary': 0.34576271186440677, 'accuracy_majority': 0.6745562130177515, 'macro_majority': 0.563188921900863, 'binary_majority': 0.3426294820717131, 'run_time_millis': 2206.4030412584543, 'loss_mean': 0.25618624687194824}
Epoch 2 **** Loss 0.2724164128303528 **** Metrics validation: {'accuracy': 0.264026402640264, 'f1_weighted': 0.14789942108964996, 'macro': 0.23077185792349725, 'micro': 0.264026402640264, 'binary': 0.3907103825136612, 'accuracy_majority': 0.2702169625246548, 'macro_majority': 0.23485120407230964, 'binary_majority': 0.3993506493506494, 'run_time_millis': 2616.07822868973, 'loss_mean': 0.26764976978302}
Epoch 3 **** Loss 0.2240280956029892 **** Metrics validation: {'accuracy': 0.6996699669966997, 'f1_weighted': 0.675167732822665, 'macro': 0.5272119341563786, 'micro': 0.6996699669966997, 'binary': 0.24166666666666667, 'accuracy_majority': 0.6982248520710059, 'macro_majority': 0.5356392435752384, 'binary_majority': 0.2608695652173913, 'run_time_millis': 2213.2420013658702, 'loss_mean': 0.30837735533714294}
Epoch 4 **** Loss 0.1305055022239685 **** Metrics validation: {'accuracy': 0.6567656765676567, 'f1_weighted': 0.6575592466542906, 'macro': 0.5329687430527766, 'micro': 0.6567656765676567, 'binary': 0.2925170068027211, 'accuracy_majority': 0.6568047337278107, 'macro_majority': 0.540588676415448, 'binary_majority': 0.30952380952380953, 'run_time_millis': 2211.671863682568, 'loss_mean': 0.34437182545661926}
Epoch 5 **** Loss 0.0873323604464531 **** Metrics validation: {'accuracy': 0.5346534653465347, 'f1_weighted': 0.568257459191865, 'macro': 0.49883868243243235, 'micro': 0.5346534653465347, 'binary': 0.36486486486486486, 'accuracy_majority': 0.5443786982248521, 'macro_majority': 0.5112488262910798, 'binary_majority': 0.38399999999999995, 'run_time_millis': 2215.554904192686, 'loss_mean': 0.451315313577652}
Epoch 6 **** Loss 0.03408866748213768 **** Metrics validation: {'accuracy': 0.6683168316831684, 'f1_weighted': 0.6687023851735076, 'macro': 0.5476385892069953, 'micro': 0.6683168316831684, 'binary': 0.3139931740614334, 'accuracy_majority': 0.6686390532544378, 'macro_majority': 0.5491615853658537, 'binary_majority': 0.3170731707317073, 'run_time_millis': 2215.4892329126596, 'loss_mean': 0.7353029847145081}
Epoch 7 **** Loss 0.02920752763748169 **** Metrics validation: {'accuracy': 0.6551155115511551, 'f1_weighted': 0.6585679912868041, 'macro': 0.5381148093986018, 'micro': 0.6551155115511551, 'binary': 0.3056478405315614, 'accuracy_majority': 0.6646942800788954, 'macro_majority': 0.5535122254455035, 'binary_majority': 0.33070866141732286, 'run_time_millis': 2215.867086779326, 'loss_mean': 0.7624193429946899}
Epoch 8 **** Loss 0.029354412108659744 **** Metrics validation: {'accuracy': 0.6683168316831684, 'f1_weighted': 0.667134322814955, 'macro': 0.5433650612752908, 'micro': 0.6683168316831684, 'binary': 0.3044982698961938, 'accuracy_majority': 0.6706114398422091, 'macro_majority': 0.5506010986969561, 'binary_majority': 0.31836734693877555, 'run_time_millis': 2215.341460891068, 'loss_mean': 0.8414098620414734}
Epoch 9 **** Loss 0.06124390289187431 **** Metrics validation: {'accuracy': 0.66996699669967, 'f1_weighted': 0.6641302939161168, 'macro': 0.5332213886278557, 'micro': 0.66996699669967, 'binary': 0.28057553956834536, 'accuracy_majority': 0.6706114398422091, 'macro_majority': 0.5402147174299073, 'binary_majority': 0.2953586497890296, 'run_time_millis': 2219.526844099164, 'loss_mean': 0.9027114510536194}
Evaluating
{'accuracy': 0.6815181518151815, 'f1_weighted': 0.6826165883690009, 'macro': 0.5676468957359111, 'micro': 0.6815181518151815, 'binary': 0.34576271186440677, 'accuracy_majority': 0.6745562130177515, 'macro_majority': 0.563188921900863, 'binary_majority': 0.3426294820717131, 'run_time_millis': 2213.0412883125246, 'loss_mean': 0.25618624687194824}
