Device cuda
Split type sit
Training Size: 10812, NTA labels 7603, YTA labels 3209
Validation Size: 3612, NTA labels 2572, YTA labels 1040
Test Size: 4022, NTA labels 2867, YTA labels 1155
Training with SBERT, model name is sbert
Tokenizing the dataset
Number of training steps 3380
Epoch 0 **** Loss 0.2459040731191635 **** Metrics validation: {'accuracy': 0.705703211517165, 'f1_weighted': 0.6744037597214492, 'macro': 0.5738780570987307, 'micro': 0.705703211517165, 'binary': 0.33686837180286966, 'accuracy_majority': 0.6911764705882353, 'macro_majority': 0.5529172777657287, 'binary_majority': 0.3042944785276074, 'run_time_millis': 17683.03482499323, 'loss_mean': 0.28966888785362244}
Epoch 1 **** Loss 0.2824995219707489 **** Metrics validation: {'accuracy': 0.6004983388704319, 'f1_weighted': 0.618456609306798, 'macro': 0.5692400255706389, 'micro': 0.6004983388704319, 'binary': 0.4532019704433497, 'accuracy_majority': 0.6111111111111112, 'macro_majority': 0.5783182447490183, 'binary_majority': 0.46072507552870096, 'run_time_millis': 17697.760645998642, 'loss_mean': 0.3049165904521942}
Epoch 2 **** Loss 0.1599668562412262 **** Metrics validation: {'accuracy': 0.6428571428571429, 'f1_weighted': 0.6508854640412347, 'macro': 0.5854631871581024, 'micro': 0.6428571428571429, 'binary': 0.4312169312169312, 'accuracy_majority': 0.6356209150326797, 'macro_majority': 0.57867244588925, 'binary_majority': 0.42377260981912146, 'run_time_millis': 15679.456459998619, 'loss_mean': 0.32930251955986023}
Epoch 3 **** Loss 0.12576159834861755 **** Metrics validation: {'accuracy': 0.6115725359911407, 'f1_weighted': 0.6295195949949479, 'macro': 0.5848124496391222, 'micro': 0.6115725359911407, 'binary': 0.4794063079777365, 'accuracy_majority': 0.5980392156862745, 'macro_majority': 0.5740165995975856, 'binary_majority': 0.47285714285714286, 'run_time_millis': 17699.61447699461, 'loss_mean': 0.3728778660297394}
Epoch 4 **** Loss 0.05932497978210449 **** Metrics validation: {'accuracy': 0.5426356589147286, 'f1_weighted': 0.5620190258130348, 'macro': 0.5317793943586511, 'micro': 0.5426356589147286, 'binary': 0.4604833442194644, 'accuracy_majority': 0.5473856209150327, 'macro_majority': 0.5368431533677558, 'binary_majority': 0.46696600384862086, 'run_time_millis': 17704.634070018074, 'loss_mean': 0.4297927916049957}
Epoch 5 **** Loss 0.22773827612400055 **** Metrics validation: {'accuracy': 0.6301218161683277, 'f1_weighted': 0.6421963462040065, 'macro': 0.5821373201823842, 'micro': 0.6301218161683277, 'binary': 0.440536013400335, 'accuracy_majority': 0.6263616557734205, 'macro_majority': 0.5772112976750744, 'binary_majority': 0.43305785123966944, 'run_time_millis': 15677.790382993408, 'loss_mean': 0.5288752317428589}
Epoch 6 **** Loss 0.10780106484889984 **** Metrics validation: {'accuracy': 0.6650055370985604, 'f1_weighted': 0.6645213566563786, 'macro': 0.5903449129141289, 'micro': 0.6650055370985604, 'binary': 0.41545893719806765, 'accuracy_majority': 0.6481481481481481, 'macro_majority': 0.5739955605680749, 'binary_majority': 0.3962616822429906, 'run_time_millis': 17703.73897999525, 'loss_mean': 0.6563198566436768}
Epoch 7 **** Loss 0.06509695202112198 **** Metrics validation: {'accuracy': 0.6597452934662237, 'f1_weighted': 0.659500552302801, 'macro': 0.5845118598300758, 'micro': 0.6597452934662237, 'binary': 0.40771084337349406, 'accuracy_majority': 0.6546840958605664, 'macro_majority': 0.574751578209025, 'binary_majority': 0.3903846153846154, 'run_time_millis': 15667.687665991252, 'loss_mean': 0.8616365194320679}
Epoch 8 **** Loss 0.09555082768201828 **** Metrics validation: {'accuracy': 0.6495016611295681, 'f1_weighted': 0.6571742470407127, 'macro': 0.5925896227776727, 'micro': 0.6495016611295681, 'binary': 0.44031830238726793, 'accuracy_majority': 0.6437908496732027, 'macro_majority': 0.5844112333261804, 'binary_majority': 0.4273204903677758, 'run_time_millis': 17696.768173016608, 'loss_mean': 0.8825887441635132}
Epoch 9 **** Loss 0.04874837398529053 **** Metrics validation: {'accuracy': 0.6708194905869325, 'f1_weighted': 0.6620058246772267, 'macro': 0.5781391403687222, 'micro': 0.6708194905869325, 'binary': 0.3804064616988015, 'accuracy_majority': 0.6639433551198257, 'macro_majority': 0.5669240194438656, 'binary_majority': 0.3619441571871769, 'run_time_millis': 15660.757439996814, 'loss_mean': 1.1031670570373535}
Evaluating
{'accuracy': 0.705703211517165, 'f1_weighted': 0.6744037597214492, 'macro': 0.5738780570987307, 'micro': 0.705703211517165, 'binary': 0.33686837180286966, 'accuracy_majority': 0.6911764705882353, 'macro_majority': 0.5529172777657287, 'binary_majority': 0.3042944785276074, 'run_time_millis': 17685.36036700243, 'loss_mean': 0.28966888785362244}
