______________________________	 Running Epoch 1 of 10 	______________________________
[Training] Itteration/Batch:   0/165: Loss: 1.59 | Accuracy: 0.77
[Training] Itteration/Batch:  25/165: Loss: 1.24 | Accuracy: 0.97
[Training] Itteration/Batch:  50/165: Loss: 0.73 | Accuracy: 0.96
[Training] Itteration/Batch:  75/165: Loss: 0.71 | Accuracy: 1.00
[Training] Itteration/Batch: 100/165: Loss: 0.71 | Accuracy: 1.00
[Training] Itteration/Batch: 125/165: Loss: 1.04 | Accuracy: 0.96
[Training] Itteration/Batch: 150/165: Loss: 0.71 | Accuracy: 1.00

Epoch 1: Val Bin. F1 Majority 0.0 | Val Macro F1 Majority 0.4909197422378441 |             Val Bin F1 Individual 0.0 | Val Macro F1 Individual 0.4925431711145997 |             Val Accuracy Majority 0.964326798915863 | Val Accuracy Individual 0.9706109762191772 | Training Loss:1.0280792713165283 |             Val Loss 0.9624025225639343 | Train Runtime Millis 5783.95169088617 | Val Runtime Millis 1056.7285907454789

______________________________	 Running Epoch 2 of 10 	______________________________
[Training] Itteration/Batch:   0/165: Loss: 0.90 | Accuracy: 0.95
[Training] Itteration/Batch:  25/165: Loss: 0.67 | Accuracy: 1.00
[Training] Itteration/Batch:  50/165: Loss: 1.00 | Accuracy: 0.96
[Training] Itteration/Batch:  75/165: Loss: 1.61 | Accuracy: 0.92
[Training] Itteration/Batch: 100/165: Loss: 0.61 | Accuracy: 1.00
[Training] Itteration/Batch: 125/165: Loss: 0.73 | Accuracy: 1.00
[Training] Itteration/Batch: 150/165: Loss: 0.78 | Accuracy: 1.00

Epoch 2: Val Bin. F1 Majority 0.0 | Val Macro F1 Majority 0.4909197422378441 |             Val Bin F1 Individual 0.0 | Val Macro F1 Individual 0.4925431711145997 |             Val Accuracy Majority 0.964326798915863 | Val Accuracy Individual 0.9706109762191772 | Training Loss:0.9834990501403809 |             Val Loss 0.9340205788612366 | Train Runtime Millis 5012.618608772755 | Val Runtime Millis 1050.4386331886053

______________________________	 Running Epoch 3 of 10 	______________________________
[Training] Itteration/Batch:   0/165: Loss: 0.98 | Accuracy: 0.96
[Training] Itteration/Batch:  25/165: Loss: 1.42 | Accuracy: 0.96
[Training] Itteration/Batch:  50/165: Loss: 0.63 | Accuracy: 1.00
[Training] Itteration/Batch:  75/165: Loss: 0.54 | Accuracy: 1.00
[Training] Itteration/Batch: 100/165: Loss: 0.67 | Accuracy: 1.00
[Training] Itteration/Batch: 125/165: Loss: 1.21 | Accuracy: 0.97
[Training] Itteration/Batch: 150/165: Loss: 0.63 | Accuracy: 1.00

Epoch 3: Val Bin. F1 Majority 0.0 | Val Macro F1 Majority 0.4909197422378441 |             Val Bin F1 Individual 0.0 | Val Macro F1 Individual 0.4925431711145997 |             Val Accuracy Majority 0.964326798915863 | Val Accuracy Individual 0.9706109762191772 | Training Loss:0.9548517465591431 |             Val Loss 0.9153469204902649 | Train Runtime Millis 5027.572127990425 | Val Runtime Millis 1066.1656688898802

______________________________	 Running Epoch 4 of 10 	______________________________
[Training] Itteration/Batch:   0/165: Loss: 0.68 | Accuracy: 1.00
[Training] Itteration/Batch:  25/165: Loss: 2.62 | Accuracy: 0.88
[Training] Itteration/Batch:  50/165: Loss: 0.62 | Accuracy: 1.00
[Training] Itteration/Batch:  75/165: Loss: 1.70 | Accuracy: 0.92
[Training] Itteration/Batch: 100/165: Loss: 1.33 | Accuracy: 0.95
[Training] Itteration/Batch: 125/165: Loss: 1.08 | Accuracy: 0.96
[Training] Itteration/Batch: 150/165: Loss: 2.86 | Accuracy: 0.93

Epoch 4: Val Bin. F1 Majority 0.0 | Val Macro F1 Majority 0.4909197422378441 |             Val Bin F1 Individual 0.0 | Val Macro F1 Individual 0.4925431711145997 |             Val Accuracy Majority 0.964326798915863 | Val Accuracy Individual 0.9706109762191772 | Training Loss:0.9346813559532166 |             Val Loss 0.8992628455162048 | Train Runtime Millis 5019.865165930241 | Val Runtime Millis 1054.1003472171724

______________________________	 Running Epoch 5 of 10 	______________________________
[Training] Itteration/Batch:   0/165: Loss: 0.49 | Accuracy: 1.00
[Training] Itteration/Batch:  25/165: Loss: 0.57 | Accuracy: 1.00
[Training] Itteration/Batch:  50/165: Loss: 1.63 | Accuracy: 0.96
[Training] Itteration/Batch:  75/165: Loss: 0.90 | Accuracy: 0.95
[Training] Itteration/Batch: 100/165: Loss: 0.60 | Accuracy: 1.00
[Training] Itteration/Batch: 125/165: Loss: 0.66 | Accuracy: 1.00
[Training] Itteration/Batch: 150/165: Loss: 0.64 | Accuracy: 1.00

Epoch 5: Val Bin. F1 Majority 0.0 | Val Macro F1 Majority 0.4909197422378441 |             Val Bin F1 Individual 0.0 | Val Macro F1 Individual 0.4925431711145997 |             Val Accuracy Majority 0.964326798915863 | Val Accuracy Individual 0.9706109762191772 | Training Loss:0.9205275177955627 |             Val Loss 0.8885560035705566 | Train Runtime Millis 5024.243986234069 | Val Runtime Millis 1045.4370058141649

______________________________	 Running Epoch 6 of 10 	______________________________
[Training] Itteration/Batch:   0/165: Loss: 0.66 | Accuracy: 1.00
[Training] Itteration/Batch:  25/165: Loss: 0.67 | Accuracy: 1.00
[Training] Itteration/Batch:  50/165: Loss: 0.50 | Accuracy: 1.00
[Training] Itteration/Batch:  75/165: Loss: 1.02 | Accuracy: 0.96
[Training] Itteration/Batch: 100/165: Loss: 0.54 | Accuracy: 1.00
[Training] Itteration/Batch: 125/165: Loss: 0.83 | Accuracy: 0.96
[Training] Itteration/Batch: 150/165: Loss: 0.50 | Accuracy: 1.00

Epoch 6: Val Bin. F1 Majority 0.0 | Val Macro F1 Majority 0.4909197422378441 |             Val Bin F1 Individual 0.0 | Val Macro F1 Individual 0.4925431711145997 |             Val Accuracy Majority 0.964326798915863 | Val Accuracy Individual 0.9706109762191772 | Training Loss:0.9059263467788696 |             Val Loss 0.9700578451156616 | Train Runtime Millis 5038.3189879357815 | Val Runtime Millis 1068.768291734159

______________________________	 Running Epoch 1 of 10 	______________________________
[Training] Itteration/Batch:   0/298: Loss: 2.25 | Accuracy: 0.52
[Training] Itteration/Batch:  25/298: Loss: 2.22 | Accuracy: 0.72
[Training] Itteration/Batch:  50/298: Loss: 2.06 | Accuracy: 0.62
[Training] Itteration/Batch:  75/298: Loss: 1.67 | Accuracy: 0.67
[Training] Itteration/Batch: 100/298: Loss: 2.70 | Accuracy: 0.73
[Training] Itteration/Batch: 125/298: Loss: 1.66 | Accuracy: 0.88
[Training] Itteration/Batch: 150/298: Loss: 2.78 | Accuracy: 0.74
[Training] Itteration/Batch: 175/298: Loss: 1.91 | Accuracy: 0.79
[Training] Itteration/Batch: 200/298: Loss: 2.78 | Accuracy: 0.85
[Training] Itteration/Batch: 225/298: Loss: 2.38 | Accuracy: 0.87
[Training] Itteration/Batch: 250/298: Loss: 1.75 | Accuracy: 0.80
[Training] Itteration/Batch: 275/298: Loss: 1.54 | Accuracy: 0.98

Epoch 1: Val Bin. F1 Majority 0.0 | Val Macro F1 Majority 0.49665498566422434 |             Val Bin F1 Individual 0.016759777441620827 | Val Macro F1 Individual 0.49076227065053885 |             Val Accuracy Majority 0.9867088794708252 | Val Accuracy Individual 0.931967556476593 | Training Loss:2.231539011001587 |             Val Loss 2.246825695037842 | Train Runtime Millis 16149.767780210823 | Val Runtime Millis 3713.4071569889784

______________________________	 Running Epoch 2 of 10 	______________________________
[Training] Itteration/Batch:   0/298: Loss: 1.66 | Accuracy: 0.94
[Training] Itteration/Batch:  25/298: Loss: 5.16 | Accuracy: 0.81
[Training] Itteration/Batch:  50/298: Loss: 2.29 | Accuracy: 0.94
[Training] Itteration/Batch:  75/298: Loss: 1.71 | Accuracy: 0.95
[Training] Itteration/Batch: 100/298: Loss: 1.66 | Accuracy: 0.98
[Training] Itteration/Batch: 125/298: Loss: 3.05 | Accuracy: 0.95
[Training] Itteration/Batch: 150/298: Loss: 1.48 | Accuracy: 0.96
[Training] Itteration/Batch: 175/298: Loss: 1.58 | Accuracy: 0.94
[Training] Itteration/Batch: 200/298: Loss: 5.96 | Accuracy: 0.85
[Training] Itteration/Batch: 225/298: Loss: 2.76 | Accuracy: 0.96
[Training] Itteration/Batch: 250/298: Loss: 1.41 | Accuracy: 0.98
[Training] Itteration/Batch: 275/298: Loss: 1.61 | Accuracy: 0.98

Epoch 2: Val Bin. F1 Majority 0.0 | Val Macro F1 Majority 0.49665498566422434 |             Val Bin F1 Individual 0.023076923564076424 | Val Macro F1 Individual 0.49894924662965895 |             Val Accuracy Majority 0.9867088794708252 | Val Accuracy Individual 0.950908362865448 | Training Loss:2.1345221996307373 |             Val Loss 2.1878905296325684 | Train Runtime Millis 16207.31114409864 | Val Runtime Millis 3738.652360625565

______________________________	 Running Epoch 3 of 10 	______________________________
[Training] Itteration/Batch:   0/298: Loss: 1.56 | Accuracy: 1.00
[Training] Itteration/Batch:  25/298: Loss: 2.81 | Accuracy: 0.90
[Training] Itteration/Batch:  50/298: Loss: 1.43 | Accuracy: 0.98
[Training] Itteration/Batch:  75/298: Loss: 1.77 | Accuracy: 0.93
[Training] Itteration/Batch: 100/298: Loss: 3.22 | Accuracy: 0.92
[Training] Itteration/Batch: 125/298: Loss: 1.85 | Accuracy: 0.96
