______________________________	 Running Epoch 1 of 10 	______________________________
[Training] Itteration/Batch:   0/268: Loss: 1.66 | Accuracy: 0.47
[Training] Itteration/Batch:  25/268: Loss: 1.70 | Accuracy: 0.55
[Training] Itteration/Batch:  50/268: Loss: 1.93 | Accuracy: 0.60
[Training] Itteration/Batch:  75/268: Loss: 1.50 | Accuracy: 0.72
[Training] Itteration/Batch: 100/268: Loss: 1.46 | Accuracy: 0.79
[Training] Itteration/Batch: 125/268: Loss: 1.37 | Accuracy: 0.75
[Training] Itteration/Batch: 150/268: Loss: 1.63 | Accuracy: 0.77
[Training] Itteration/Batch: 175/268: Loss: 1.34 | Accuracy: 0.75
[Training] Itteration/Batch: 200/268: Loss: 1.40 | Accuracy: 0.71
[Training] Itteration/Batch: 225/268: Loss: 1.36 | Accuracy: 0.77
[Training] Itteration/Batch: 250/268: Loss: 1.54 | Accuracy: 0.67

Epoch 1: Val Bin. F1 Majority 0.542725145816803 | Val Macro F1 Majority 0.6734397379403925 |             Val Bin F1 Individual 0.6026616096496582 | Val Macro F1 Individual 0.7179974651457541 |             Val Accuracy Majority 0.7257617712020874 | Val Accuracy Individual 0.7651685476303101 | Training Loss:1.5897343158721924 |             Val Loss 1.3689857721328735 | Train Runtime Millis 26010.920955000074 | Val Runtime Millis 4680.746824999915

______________________________	 Running Epoch 2 of 10 	______________________________
[Training] Itteration/Batch:   0/268: Loss: 1.87 | Accuracy: 0.82
[Training] Itteration/Batch:  25/268: Loss: 1.67 | Accuracy: 0.70
[Training] Itteration/Batch:  50/268: Loss: 1.31 | Accuracy: 0.74
[Training] Itteration/Batch:  75/268: Loss: 1.42 | Accuracy: 0.71
[Training] Itteration/Batch: 100/268: Loss: 1.37 | Accuracy: 0.78
[Training] Itteration/Batch: 125/268: Loss: 1.39 | Accuracy: 0.66
[Training] Itteration/Batch: 150/268: Loss: 1.29 | Accuracy: 0.70
[Training] Itteration/Batch: 175/268: Loss: 1.59 | Accuracy: 0.73
[Training] Itteration/Batch: 200/268: Loss: 1.52 | Accuracy: 0.77
[Training] Itteration/Batch: 225/268: Loss: 1.45 | Accuracy: 0.82
[Training] Itteration/Batch: 250/268: Loss: 0.70 | Accuracy: 0.94

Epoch 2: Val Bin. F1 Majority 0.6824817657470703 | Val Macro F1 Majority 0.7441426616266946 |             Val Bin F1 Individual 0.704328715801239 | Val Macro F1 Individual 0.7604483670288738 |             Val Accuracy Majority 0.7590027451515198 | Val Accuracy Individual 0.7735955119132996 | Training Loss:1.231575846672058 |             Val Loss 1.2132744789123535 | Train Runtime Millis 25548.411120999845 | Val Runtime Millis 4662.150375000238

______________________________	 Running Epoch 3 of 10 	______________________________
[Training] Itteration/Batch:   0/268: Loss: 1.27 | Accuracy: 0.79
[Training] Itteration/Batch:  25/268: Loss: 0.87 | Accuracy: 0.90
[Training] Itteration/Batch:  50/268: Loss: 0.99 | Accuracy: 0.82
[Training] Itteration/Batch:  75/268: Loss: 0.96 | Accuracy: 0.89
[Training] Itteration/Batch: 100/268: Loss: 0.87 | Accuracy: 0.87
[Training] Itteration/Batch: 125/268: Loss: 1.92 | Accuracy: 0.74
[Training] Itteration/Batch: 150/268: Loss: 0.68 | Accuracy: 0.86
[Training] Itteration/Batch: 175/268: Loss: 0.95 | Accuracy: 0.80
[Training] Itteration/Batch: 200/268: Loss: 0.78 | Accuracy: 0.88
[Training] Itteration/Batch: 225/268: Loss: 1.26 | Accuracy: 0.75
[Training] Itteration/Batch: 250/268: Loss: 0.43 | Accuracy: 0.97

Epoch 3: Val Bin. F1 Majority 0.5986984968185425 | Val Macro F1 Majority 0.7052495459691104 |             Val Bin F1 Individual 0.7071056962013245 | Val Macro F1 Individual 0.7833117956120674 |             Val Accuracy Majority 0.7437673211097717 | Val Accuracy Individual 0.8101123571395874 | Training Loss:0.97716224193573 |             Val Loss 1.1581871509552002 | Train Runtime Millis 25694.69547599965 | Val Runtime Millis 4658.931521000341

______________________________	 Running Epoch 4 of 10 	______________________________
[Training] Itteration/Batch:   0/268: Loss: 1.00 | Accuracy: 0.81
[Training] Itteration/Batch:  25/268: Loss: 1.07 | Accuracy: 0.82
[Training] Itteration/Batch:  50/268: Loss: 0.64 | Accuracy: 0.85
[Training] Itteration/Batch:  75/268: Loss: 0.65 | Accuracy: 0.90
[Training] Itteration/Batch: 100/268: Loss: 0.51 | Accuracy: 0.97
[Training] Itteration/Batch: 125/268: Loss: 0.72 | Accuracy: 0.93
[Training] Itteration/Batch: 150/268: Loss: 0.98 | Accuracy: 0.88
[Training] Itteration/Batch: 175/268: Loss: 0.59 | Accuracy: 0.91
[Training] Itteration/Batch: 200/268: Loss: 0.87 | Accuracy: 0.89
[Training] Itteration/Batch: 225/268: Loss: 0.82 | Accuracy: 0.86
[Training] Itteration/Batch: 250/268: Loss: 0.97 | Accuracy: 0.85

Epoch 4: Val Bin. F1 Majority 0.6391752362251282 | Val Macro F1 Majority 0.7283467529535705 |             Val Bin F1 Individual 0.7259439826011658 | Val Macro F1 Individual 0.7905004371766782 |             Val Accuracy Majority 0.757617712020874 | Val Accuracy Individual 0.8103932738304138 | Training Loss:0.779747724533081 |             Val Loss 1.1783565282821655 | Train Runtime Millis 25558.659674999944 | Val Runtime Millis 4673.228194999865

______________________________	 Running Epoch 5 of 10 	______________________________
[Training] Itteration/Batch:   0/268: Loss: 0.60 | Accuracy: 0.95
[Training] Itteration/Batch:  25/268: Loss: 0.78 | Accuracy: 0.95
[Training] Itteration/Batch:  50/268: Loss: 0.78 | Accuracy: 0.83
[Training] Itteration/Batch:  75/268: Loss: 0.59 | Accuracy: 0.88
[Training] Itteration/Batch: 100/268: Loss: 0.72 | Accuracy: 0.84
[Training] Itteration/Batch: 125/268: Loss: 0.75 | Accuracy: 0.89
[Training] Itteration/Batch: 150/268: Loss: 0.99 | Accuracy: 0.86
[Training] Itteration/Batch: 175/268: Loss: 0.66 | Accuracy: 0.88
[Training] Itteration/Batch: 200/268: Loss: 0.44 | Accuracy: 0.95
[Training] Itteration/Batch: 225/268: Loss: 0.74 | Accuracy: 0.95
[Training] Itteration/Batch: 250/268: Loss: 0.57 | Accuracy: 0.95

Epoch 5: Val Bin. F1 Majority 0.6445783376693726 | Val Macro F1 Majority 0.7287373595863369 |             Val Bin F1 Individual 0.7296567559242249 | Val Macro F1 Individual 0.7874040412791707 |             Val Accuracy Majority 0.7548476457595825 | Val Accuracy Individual 0.8030899167060852 | Training Loss:0.6505755186080933 |             Val Loss 1.1850714683532715 | Train Runtime Millis 25695.688305999283 | Val Runtime Millis 4668.007511999349

