Device cuda
Split type sit
Training Size: 117897, NTA labels 115049, YTA labels 2848
Validation Size: 39419, NTA labels 38427, YTA labels 992
Test Size: 39450, NTA labels 38483, YTA labels 967
Training with SBERT, model name is sbert
Tokenizing the dataset
Number of training steps 36850
Epoch 0 **** Loss 0.01193069014698267 **** Metrics validation: {'accuracy': 0.9692280372409244, 'f1_weighted': 0.9682184609570514, 'macro': 0.6658705554628218, 'micro': 0.9692280372409244, 'binary': 0.34749865519096285, 'accuracy_majority': 0.9787766370459839, 'macro_majority': 0.7150460501594966, 'binary_majority': 0.44090909090909086, 'run_time_millis': 16501.154236029834, 'loss_mean': 0.04385222867131233}
Epoch 1 **** Loss 0.032388728111982346 **** Metrics validation: {'accuracy': 0.9592835942058399, 'f1_weighted': 0.9636690804572279, 'macro': 0.6751441633733725, 'micro': 0.9592835942058399, 'binary': 0.3713278495887191, 'accuracy_majority': 0.9682512294021224, 'macro_majority': 0.6799911172996591, 'binary_majority': 0.376271186440678, 'run_time_millis': 16478.29861898208, 'loss_mean': 0.04576542600989342}
Epoch 2 **** Loss 0.04567672684788704 **** Metrics validation: {'accuracy': 0.9618965473502625, 'f1_weighted': 0.9650444919288151, 'macro': 0.6762128612961937, 'micro': 0.9618965473502625, 'binary': 0.3720735785953177, 'accuracy_majority': 0.9739453023897852, 'macro_majority': 0.6984173398213498, 'binary_majority': 0.41015625, 'run_time_millis': 15928.762426017784, 'loss_mean': 0.05189192295074463}
Epoch 3 **** Loss 0.017042268067598343 **** Metrics validation: {'accuracy': 0.959461173545752, 'f1_weighted': 0.9635691844796159, 'macro': 0.6712053264773419, 'micro': 0.959461173545752, 'binary': 0.3633466135458167, 'accuracy_majority': 0.9679924079026831, 'macro_majority': 0.6821030519433524, 'binary_majority': 0.3806343906510851, 'run_time_millis': 16469.177793012932, 'loss_mean': 0.062275230884552}
Epoch 4 **** Loss 0.05835576727986336 **** Metrics validation: {'accuracy': 0.9605012811080951, 'f1_weighted': 0.9641684817375935, 'macro': 0.6726999985841531, 'micro': 0.9605012811080951, 'binary': 0.3657841140529532, 'accuracy_majority': 0.9711845397291001, 'macro_majority': 0.6922593985273198, 'binary_majority': 0.39928057553956836, 'run_time_millis': 16575.679502042476, 'loss_mean': 0.0706118643283844}
Epoch 5 **** Loss 4.611259282683022e-05 **** Metrics validation: {'accuracy': 0.9603237017681828, 'f1_weighted': 0.9639381058869235, 'macro': 0.6697963272237513, 'micro': 0.9603237017681828, 'binary': 0.36006546644844517, 'accuracy_majority': 0.970494349063929, 'macro_majority': 0.6870838437930207, 'binary_majority': 0.3892857142857143, 'run_time_millis': 16503.290041990113, 'loss_mean': 0.08304080367088318}
Epoch 6 **** Loss 2.1408450265880674e-06 **** Metrics validation: {'accuracy': 0.956822851924199, 'f1_weighted': 0.9617874118768592, 'macro': 0.6620320863480931, 'micro': 0.956822851924199, 'binary': 0.34639016897081415, 'accuracy_majority': 0.9661806574066085, 'macro_majority': 0.6731325485646145, 'binary_majority': 0.36363636363636365, 'run_time_millis': 16461.664744012523, 'loss_mean': 0.09771379083395004}
Epoch 7 **** Loss 0.00016394567501265556 **** Metrics validation: {'accuracy': 0.9587508561861031, 'f1_weighted': 0.9629556976061957, 'macro': 0.6659590210757081, 'micro': 0.9587508561861032, 'binary': 0.35322195704057285, 'accuracy_majority': 0.9695453368993184, 'macro_majority': 0.6862994452616079, 'binary_majority': 0.3882149046793761, 'run_time_millis': 16476.27626603935, 'loss_mean': 0.10140536725521088}
Epoch 8 **** Loss 0.00035876379115507007 **** Metrics validation: {'accuracy': 0.96169359953322, 'f1_weighted': 0.9645849592957221, 'macro': 0.6688525748441696, 'micro': 0.96169359953322, 'binary': 0.3574468085106383, 'accuracy_majority': 0.9722198257268571, 'macro_majority': 0.6902602532822121, 'binary_majority': 0.3947368421052631, 'run_time_millis': 16572.62945600087, 'loss_mean': 0.1099974736571312}
Epoch 9 **** Loss 0.16999246180057526 **** Metrics validation: {'accuracy': 0.9626829701413024, 'f1_weighted': 0.9651626969446403, 'macro': 0.6704688147765202, 'micro': 0.9626829701413024, 'binary': 0.3601565898216616, 'accuracy_majority': 0.9735139332240531, 'macro_majority': 0.695169788336922, 'binary_majority': 0.4038834951456311, 'run_time_millis': 16496.07889400795, 'loss_mean': 0.11552389711141586}
Evaluating
{'accuracy': 0.9692280372409244, 'f1_weighted': 0.9682184609570514, 'macro': 0.6658705554628218, 'micro': 0.9692280372409244, 'binary': 0.34749865519096285, 'accuracy_majority': 0.9787766370459839, 'macro_majority': 0.7150460501594966, 'binary_majority': 0.44090909090909086, 'run_time_millis': 14438.835975015536, 'loss_mean': 0.04385222867131233}
Device cuda
Split type sit
Training Size: 117897, NTA labels 115049, YTA labels 2848
Validation Size: 39419, NTA labels 38427, YTA labels 992
Test Size: 39450, NTA labels 38483, YTA labels 967
Training with SBERT, model name is sbert
Tokenizing the dataset
Number of training steps 36850
Epoch 0 **** Loss 0.0137321250513196 **** Metrics validation: {'accuracy': 0.9596894898399249, 'f1_weighted': 0.9632254352698342, 'macro': 0.6617035282797312, 'micro': 0.9596894898399249, 'binary': 0.3442014032191498, 'accuracy_majority': 0.9703218013976361, 'macro_majority': 0.6874308982552653, 'binary_majority': 0.3900709219858156, 'run_time_millis': 16492.43317404762, 'loss_mean': 0.04445801302790642}
Epoch 1 **** Loss 0.007833980955183506 **** Metrics validation: {'accuracy': 0.956340850858723, 'f1_weighted': 0.9619751321919922, 'macro': 0.6710519298320848, 'micro': 0.956340850858723, 'binary': 0.36471022517534146, 'accuracy_majority': 0.9645414545768268, 'macro_majority': 0.6742390564716689, 'binary_majority': 0.36671802773497686, 'run_time_millis': 16498.302991036326, 'loss_mean': 0.04362478852272034}
Epoch 2 **** Loss 0.01696748286485672 **** Metrics validation: {'accuracy': 0.9609579136964408, 'f1_weighted': 0.9644079121154052, 'macro': 0.6728713640026751, 'micro': 0.9609579136964408, 'binary': 0.3658838071693449, 'accuracy_majority': 0.9710119920628073, 'macro_majority': 0.6860081951511485, 'binary_majority': 0.38686131386861317, 'run_time_millis': 14438.415212905966, 'loss_mean': 0.04782157391309738}
Epoch 3 **** Loss 0.01614239253103733 **** Metrics validation: {'accuracy': 0.9608818082650499, 'f1_weighted': 0.9643574989052554, 'macro': 0.6726254829498818, 'micro': 0.9608818082650499, 'binary': 0.36543209876543215, 'accuracy_majority': 0.9712708135622465, 'macro_majority': 0.6837413537560539, 'binary_majority': 0.3821892393320965, 'run_time_millis': 16479.697713046335, 'loss_mean': 0.061303671449422836}
Epoch 4 **** Loss 0.05493688955903053 **** Metrics validation: {'accuracy': 0.955630533499074, 'f1_weighted': 0.9612530974614398, 'macro': 0.6635435049138293, 'micro': 0.955630533499074, 'binary': 0.35005574136008916, 'accuracy_majority': 0.9661806574066085, 'macro_majority': 0.6731325485646145, 'binary_majority': 0.36363636363636365, 'run_time_millis': 16467.077475972474, 'loss_mean': 0.0700613260269165}
Epoch 5 **** Loss 1.85860935744131e-05 **** Metrics validation: {'accuracy': 0.9499987315761435, 'f1_weighted': 0.9580316447388658, 'macro': 0.6564146896270162, 'micro': 0.9499987315761435, 'binary': 0.33881247903388123, 'accuracy_majority': 0.9573807264256751, 'macro_majority': 0.6515660788394367, 'binary_majority': 0.3251366120218579, 'run_time_millis': 16493.185480008833, 'loss_mean': 0.08085919916629791}
Epoch 6 **** Loss 0.0731363445520401 **** Metrics validation: {'accuracy': 0.9583703290291484, 'f1_weighted': 0.9628662935480865, 'macro': 0.6681089699641204, 'micro': 0.9583703290291484, 'binary': 0.35772994129158514, 'accuracy_majority': 0.9695453368993184, 'macro_majority': 0.6862994452616079, 'binary_majority': 0.3882149046793761, 'run_time_millis': 16457.261624047533, 'loss_mean': 0.0947377011179924}
Epoch 7 **** Loss 0.00015057885320857167 **** Metrics validation: {'accuracy': 0.9540069509627337, 'f1_weighted': 0.9603340793698005, 'macro': 0.6616505334447721, 'micro': 0.9540069509627337, 'binary': 0.34713719841555635, 'accuracy_majority': 0.9636787162453628, 'macro_majority': 0.6692816118537315, 'binary_majority': 0.35725190839694654, 'run_time_millis': 16498.431034968235, 'loss_mean': 0.09837992489337921}
