Device cuda
Split type sit
Training Size: 1356, NTA labels 788, YTA labels 568
Validation Size: 567, NTA labels 336, YTA labels 231
Test Size: 567, NTA labels 341, YTA labels 226
Training with SBERT, model name is sbert
Tokenizing the dataset
Number of training steps 430
Epoch 0 **** Loss 0.3059161901473999 **** Metrics validation: {'accuracy': 0.599647266313933, 'f1_weighted': 0.5824266677171712, 'macro': 0.5569595852853402, 'micro': 0.599647266313933, 'binary': 0.41943734015345274, 'accuracy_majority': 0.5925925925925926, 'macro_majority': 0.5533834586466166, 'binary_majority': 0.42105263157894735, 'run_time_millis': 4051.8909950042143, 'loss_mean': 0.33278077840805054}
Epoch 1 **** Loss 0.3163054585456848 **** Metrics validation: {'accuracy': 0.599647266313933, 'f1_weighted': 0.5851984458500749, 'macro': 0.5611170784103114, 'micro': 0.599647266313933, 'binary': 0.43107769423558895, 'accuracy_majority': 0.5978835978835979, 'macro_majority': 0.5606802055297284, 'binary_majority': 0.43283582089552236, 'run_time_millis': 4101.215939001122, 'loss_mean': 0.33062756061553955}
Epoch 2 **** Loss 0.3693014681339264 **** Metrics validation: {'accuracy': 0.6137566137566137, 'f1_weighted': 0.5876858815481639, 'macro': 0.5588708617388246, 'micro': 0.6137566137566137, 'binary': 0.4032697547683924, 'accuracy_majority': 0.6137566137566137, 'macro_majority': 0.5601147776183644, 'binary_majority': 0.40650406504065045, 'run_time_millis': 4056.5439489946584, 'loss_mean': 0.3298276662826538}
Epoch 3 **** Loss 0.3367510735988617 **** Metrics validation: {'accuracy': 0.5537918871252204, 'f1_weighted': 0.5571544703885112, 'macro': 0.5521816359850531, 'micro': 0.5537918871252204, 'binary': 0.5253283302063789, 'accuracy_majority': 0.5238095238095238, 'macro_majority': 0.521545904590459, 'binary_majority': 0.4886363636363637, 'run_time_millis': 4056.047629004752, 'loss_mean': 0.3305048942565918}
Epoch 4 **** Loss 0.3795687258243561 **** Metrics validation: {'accuracy': 0.6225749559082893, 'f1_weighted': 0.5939755000478515, 'macro': 0.5645348837209303, 'micro': 0.6225749559082893, 'binary': 0.4055555555555556, 'accuracy_majority': 0.6296296296296297, 'macro_majority': 0.5726744186046512, 'binary_majority': 0.4166666666666667, 'run_time_millis': 4060.573888993531, 'loss_mean': 0.3314472436904907}
Epoch 5 **** Loss 0.3368469774723053 **** Metrics validation: {'accuracy': 0.5326278659611993, 'f1_weighted': 0.5344811030337948, 'macro': 0.5323427525654154, 'micro': 0.5326278659611993, 'binary': 0.5207956600361664, 'accuracy_majority': 0.5238095238095238, 'macro_majority': 0.5236895161290323, 'binary_majority': 0.5161290322580646, 'run_time_millis': 3174.296585995762, 'loss_mean': 0.33055737614631653}
Epoch 6 **** Loss 0.2706484794616699 **** Metrics validation: {'accuracy': 0.6331569664902998, 'f1_weighted': 0.6269830744247868, 'macro': 0.6089758892337074, 'micro': 0.6331569664902998, 'binary': 0.5117370892018779, 'accuracy_majority': 0.6137566137566137, 'macro_majority': 0.5894360958190745, 'binary_majority': 0.4895104895104895, 'run_time_millis': 3123.3622880026815, 'loss_mean': 0.33003705739974976}
Epoch 7 **** Loss 0.2781122028827667 **** Metrics validation: {'accuracy': 0.5343915343915344, 'f1_weighted': 0.5272677818577451, 'macro': 0.532610596258087, 'micro': 0.5343915343915344, 'binary': 0.5614617940199335, 'accuracy_majority': 0.5343915343915344, 'macro_majority': 0.5305938135019191, 'binary_majority': 0.5728155339805825, 'run_time_millis': 3234.4352349973633, 'loss_mean': 0.34548985958099365}
Epoch 8 **** Loss 0.340481162071228 **** Metrics validation: {'accuracy': 0.5978835978835979, 'f1_weighted': 0.6003657978966621, 'macro': 0.5895061728395061, 'micro': 0.5978835978835979, 'binary': 0.5308641975308641, 'accuracy_majority': 0.5925925925925926, 'macro_majority': 0.5869966228680081, 'binary_majority': 0.5389221556886228, 'run_time_millis': 4061.906368995551, 'loss_mean': 0.33730971813201904}
Epoch 9 **** Loss 0.22828812897205353 **** Metrics validation: {'accuracy': 0.5855379188712522, 'f1_weighted': 0.5890165063141184, 'macro': 0.5805222811629335, 'micro': 0.5855379188712522, 'binary': 0.5346534653465346, 'accuracy_majority': 0.5873015873015873, 'macro_majority': 0.5839354256039738, 'binary_majority': 0.5465116279069767, 'run_time_millis': 4081.799390995002, 'loss_mean': 0.33815979957580566}
Evaluating
{'accuracy': 0.6331569664902998, 'f1_weighted': 0.6269830744247868, 'macro': 0.6089758892337074, 'micro': 0.6331569664902998, 'binary': 0.5117370892018779, 'accuracy_majority': 0.6137566137566137, 'macro_majority': 0.5894360958190745, 'binary_majority': 0.4895104895104895, 'run_time_millis': 4095.8107490005204, 'loss_mean': 0.33003705739974976}
Device cuda
Split type sit
Training Size: 1524, NTA labels 900, YTA labels 624
Validation Size: 567, NTA labels 336, YTA labels 231
Test Size: 567, NTA labels 341, YTA labels 226
Training with SBERT, model name is sbert
Tokenizing the dataset
Number of training steps 480
Epoch 0 **** Loss 0.32114166021347046 **** Metrics validation: {'accuracy': 0.5925925925925926, 'f1_weighted': 0.5678111166303998, 'macro': 0.5385745438660151, 'micro': 0.5925925925925926, 'binary': 0.38069705093833783, 'accuracy_majority': 0.5925925925925926, 'macro_majority': 0.5398260869565217, 'binary_majority': 0.384, 'run_time_millis': 4077.530675000162, 'loss_mean': 0.33106982707977295}
Epoch 1 **** Loss 0.2965014576911926 **** Metrics validation: {'accuracy': 0.5749559082892416, 'f1_weighted': 0.5776538386626331, 'macro': 0.5663225310943892, 'micro': 0.5749559082892416, 'binary': 0.5051334702258727, 'accuracy_majority': 0.5714285714285714, 'macro_majority': 0.5631616493080325, 'binary_majority': 0.5030674846625767, 'run_time_millis': 4103.301041999657, 'loss_mean': 0.3281465172767639}
Epoch 2 **** Loss 0.31062930822372437 **** Metrics validation: {'accuracy': 0.5485008818342152, 'f1_weighted': 0.5492031363917484, 'macro': 0.5484657691063385, 'micro': 0.5485008818342152, 'binary': 0.5444839857651246, 'accuracy_majority': 0.5343915343915344, 'macro_majority': 0.5343784994400895, 'binary_majority': 0.5319148936170213, 'run_time_millis': 3323.482742998749, 'loss_mean': 0.32654663920402527}
Epoch 3 **** Loss 0.3331925868988037 **** Metrics validation: {'accuracy': 0.5555555555555556, 'f1_weighted': 0.5572098427320636, 'macro': 0.555321797584962, 'micro': 0.5555555555555556, 'binary': 0.5451263537906137, 'accuracy_majority': 0.5396825396825397, 'macro_majority': 0.5394762638285955, 'binary_majority': 0.5297297297297298, 'run_time_millis': 4089.5758690021466, 'loss_mean': 0.32418912649154663}
Epoch 4 **** Loss 0.3331077992916107 **** Metrics validation: {'accuracy': 0.5978835978835979, 'f1_weighted': 0.6013559530189353, 'macro': 0.5940640072347267, 'micro': 0.5978835978835979, 'binary': 0.5546875, 'accuracy_majority': 0.5925925925925926, 'macro_majority': 0.5896517693500635, 'binary_majority': 0.5549132947976879, 'run_time_millis': 4105.892537998443, 'loss_mean': 0.3206767737865448}
Epoch 5 **** Loss 0.28628772497177124 **** Metrics validation: {'accuracy': 0.6067019400352733, 'f1_weighted': 0.6096657980104268, 'macro': 0.6052826277654815, 'micro': 0.6067019400352733, 'binary': 0.5816135084427767, 'accuracy_majority': 0.6031746031746031, 'macro_majority': 0.6020605822408129, 'binary_majority': 0.5810055865921788, 'run_time_millis': 4080.227783000737, 'loss_mean': 0.3178964853286743}
Epoch 6 **** Loss 0.3378705382347107 **** Metrics validation: {'accuracy': 0.6437389770723104, 'f1_weighted': 0.6192825339000203, 'macro': 0.5925332991803278, 'micro': 0.6437389770723104, 'binary': 0.4480874316939891, 'accuracy_majority': 0.656084656084656, 'macro_majority': 0.6115415019762845, 'binary_majority': 0.48000000000000004, 'run_time_millis': 4064.753989005112, 'loss_mean': 0.33242663741111755}
Epoch 7 **** Loss 0.25472506880760193 **** Metrics validation: {'accuracy': 0.6190476190476191, 'f1_weighted': 0.6209860242644677, 'macro': 0.6186193667322688, 'micro': 0.6190476190476191, 'binary': 0.6058394160583941, 'accuracy_majority': 0.6084656084656085, 'macro_majority': 0.608366935483871, 'binary_majority': 0.6021505376344085, 'run_time_millis': 4105.000431998633, 'loss_mean': 0.3268357217311859}
Epoch 8 **** Loss 0.16038230061531067 **** Metrics validation: {'accuracy': 0.6331569664902998, 'f1_weighted': 0.6357701064030371, 'macro': 0.6266241167084569, 'micro': 0.6331569664902998, 'binary': 0.5772357723577236, 'accuracy_majority': 0.6402116402116402, 'macro_majority': 0.6365384615384616, 'binary_majority': 0.6000000000000001, 'run_time_millis': 4068.3884030004265, 'loss_mean': 0.32910627126693726}
Epoch 9 **** Loss 0.2446426898241043 **** Metrics validation: {'accuracy': 0.6384479717813051, 'f1_weighted': 0.6403288669751152, 'macro': 0.629934446167218, 'micro': 0.6384479717813051, 'binary': 0.5738045738045738, 'accuracy_majority': 0.6455026455026455, 'macro_majority': 0.6406334250929422, 'binary_majority': 0.5988023952095809, 'run_time_millis': 4085.7459010003367, 'loss_mean': 0.33083048462867737}
Evaluating
{'accuracy': 0.6384479717813051, 'f1_weighted': 0.6403288669751152, 'macro': 0.629934446167218, 'micro': 0.6384479717813051, 'binary': 0.5738045738045738, 'accuracy_majority': 0.6455026455026455, 'macro_majority': 0.6406334250929422, 'binary_majority': 0.5988023952095809, 'run_time_millis': 4118.883578004898, 'loss_mean': 0.33083048462867737}
Device cuda
Split type sit
Training Size: 1695, NTA labels 989, YTA labels 706
Validation Size: 567, NTA labels 336, YTA labels 231
Test Size: 567, NTA labels 341, YTA labels 226
Training with SBERT, model name is sbert
Tokenizing the dataset
Number of training steps 530
Epoch 0 **** Loss 0.33889734745025635 **** Metrics validation: {'accuracy': 0.5114638447971781, 'f1_weighted': 0.5008387383102841, 'macro': 0.5082270573905747, 'micro': 0.5114638447971781, 'binary': 0.5481239804241436, 'accuracy_majority': 0.5026455026455027, 'macro_majority': 0.4985888462406864, 'binary_majority': 0.5436893203883495, 'run_time_millis': 4085.071428999072, 'loss_mean': 0.33277636766433716}
Epoch 1 **** Loss 0.33092784881591797 **** Metrics validation: {'accuracy': 0.5132275132275133, 'f1_weighted': 0.5017160017160017, 'macro': 0.5095647595647596, 'micro': 0.5132275132275133, 'binary': 0.551948051948052, 'accuracy_majority': 0.48677248677248675, 'macro_majority': 0.4809603352113474, 'binary_majority': 0.5358851674641149, 'run_time_millis': 4101.1949550011195, 'loss_mean': 0.3284012973308563}
Epoch 2 **** Loss 0.3094721734523773 **** Metrics validation: {'accuracy': 0.5943562610229277, 'f1_weighted': 0.5973534263007947, 'macro': 0.5875189777327936, 'micro': 0.5943562610229277, 'binary': 0.534412955465587, 'accuracy_majority': 0.5925925925925926, 'macro_majority': 0.5869966228680081, 'binary_majority': 0.5389221556886228, 'run_time_millis': 4082.9594520037062, 'loss_mean': 0.32392314076423645}
Epoch 3 **** Loss 0.30176088213920593 **** Metrics validation: {'accuracy': 0.5925925925925926, 'f1_weighted': 0.5953314659197013, 'macro': 0.5915966386554623, 'micro': 0.5925925925925926, 'binary': 0.5714285714285715, 'accuracy_majority': 0.5714285714285714, 'macro_majority': 0.5712365214955889, 'binary_majority': 0.5803108808290156, 'run_time_millis': 4083.2789080013754, 'loss_mean': 0.320902556180954}
Epoch 4 **** Loss 0.3094606399536133 **** Metrics validation: {'accuracy': 0.5961199294532628, 'f1_weighted': 0.5985665204518913, 'macro': 0.5953950136018173, 'micro': 0.5961199294532628, 'binary': 0.578268876611418, 'accuracy_majority': 0.5767195767195767, 'macro_majority': 0.5757575757575757, 'binary_majority': 0.5959595959595959, 'run_time_millis': 4064.607825996063, 'loss_mean': 0.32758331298828125}
Epoch 5 **** Loss 0.3030247092247009 **** Metrics validation: {'accuracy': 0.6155202821869489, 'f1_weighted': 0.6171359242104798, 'macro': 0.6152510085163604, 'micro': 0.6155202821869489, 'binary': 0.605072463768116, 'accuracy_majority': 0.5925925925925926, 'macro_majority': 0.5918613455983397, 'binary_majority': 0.6091370558375635, 'run_time_millis': 4091.677256001276, 'loss_mean': 0.32825544476509094}
Epoch 6 **** Loss 0.3007811903953552 **** Metrics validation: {'accuracy': 0.5661375661375662, 'f1_weighted': 0.559499524003808, 'macro': 0.5644780556041266, 'micro': 0.5661375661375662, 'binary': 0.5913621262458472, 'accuracy_majority': 0.5026455026455027, 'macro_majority': 0.48700623700623696, 'binary_majority': 0.5765765765765766, 'run_time_millis': 4090.142699002172, 'loss_mean': 0.3662395477294922}
Epoch 7 **** Loss 0.1913786232471466 **** Metrics validation: {'accuracy': 0.5925925925925926, 'f1_weighted': 0.5953314659197013, 'macro': 0.5915966386554623, 'micro': 0.5925925925925926, 'binary': 0.5714285714285715, 'accuracy_majority': 0.5608465608465608, 'macro_majority': 0.5604035308953341, 'binary_majority': 0.5743589743589744, 'run_time_millis': 4085.1314600004116, 'loss_mean': 0.3557669222354889}
Epoch 8 **** Loss 0.2196270078420639 **** Metrics validation: {'accuracy': 0.6014109347442681, 'f1_weighted': 0.6048532539463524, 'macro': 0.5981598554978551, 'micro': 0.6014109347442681, 'binary': 0.562015503875969, 'accuracy_majority': 0.5714285714285714, 'macro_majority': 0.5713805750762941, 'binary_majority': 0.5759162303664921, 'run_time_millis': 4074.808347002545, 'loss_mean': 0.37904027104377747}
Epoch 9 **** Loss 0.225637748837471 **** Metrics validation: {'accuracy': 0.5855379188712522, 'f1_weighted': 0.5890906179453574, 'macro': 0.582546172282532, 'micro': 0.5855379188712522, 'binary': 0.5472061657032755, 'accuracy_majority': 0.5555555555555556, 'macro_majority': 0.5552442850739578, 'binary_majority': 0.5670103092783506, 'run_time_millis': 3288.9621220019762, 'loss_mean': 0.38783860206604004}
Evaluating
{'accuracy': 0.6155202821869489, 'f1_weighted': 0.6171359242104798, 'macro': 0.6152510085163604, 'micro': 0.6155202821869489, 'binary': 0.605072463768116, 'accuracy_majority': 0.5925925925925926, 'macro_majority': 0.5918613455983397, 'binary_majority': 0.6091370558375635, 'run_time_millis': 4068.756200002099, 'loss_mean': 0.32825544476509094}
