Device cuda
Split type sit
Training Size: 728, NTA labels 694, YTA labels 34
Validation Size: 1293, NTA labels 1232, YTA labels 61
Test Size: 1255, NTA labels 1218, YTA labels 37
Training with SBERT, model name is sbert
Tokenizing the dataset
Number of training steps 230
Epoch 0 **** Loss 0.03461216762661934 **** Metrics validation: {'accuracy': 0.43310131477184843, 'f1_weighted': 0.5621747168759319, 'macro': 0.3459444538374745, 'micro': 0.43310131477184843, 'binary': 0.1071863580998782, 'accuracy_majority': 0.4430379746835443, 'macro_majority': 0.3600104687823345, 'binary_majority': 0.12949640287769784, 'run_time_millis': 2676.8043720003334, 'loss_mean': 0.06226120516657829}
Epoch 1 **** Loss 0.03328574821352959 **** Metrics validation: {'accuracy': 0.5359628770301624, 'f1_weighted': 0.6589995751862078, 'macro': 0.39799237674285787, 'micro': 0.5359628770301624, 'binary': 0.10979228486646884, 'accuracy_majority': 0.5327963176064442, 'macro_majority': 0.4031593406593406, 'binary_majority': 0.125, 'run_time_millis': 2679.7019419973367, 'loss_mean': 0.062002573162317276}
Epoch 2 **** Loss 0.10610911250114441 **** Metrics validation: {'accuracy': 0.605568445475638, 'f1_weighted': 0.7160737031776029, 'macro': 0.43598353701093423, 'micro': 0.605568445475638, 'binary': 0.12671232876712327, 'accuracy_majority': 0.5983889528193326, 'macro_majority': 0.44014863849574587, 'binary_majority': 0.1425061425061425, 'run_time_millis': 2647.2255139997287, 'loss_mean': 0.06174271181225777}
Epoch 3 **** Loss 0.03301834315061569 **** Metrics validation: {'accuracy': 0.6488785769528229, 'f1_weighted': 0.7492396979884551, 'macro': 0.45977449421326977, 'micro': 0.6488785769528229, 'binary': 0.14015151515151514, 'accuracy_majority': 0.6432681242807825, 'macro_majority': 0.46566566169470014, 'binary_majority': 0.15760869565217392, 'run_time_millis': 2673.9568749981117, 'loss_mean': 0.06151658669114113}
Epoch 4 **** Loss 0.06499766558408737 **** Metrics validation: {'accuracy': 0.699922660479505, 'f1_weighted': 0.7863043814055957, 'macro': 0.4852538004399646, 'micro': 0.699922660479505, 'binary': 0.15283842794759825, 'accuracy_majority': 0.6950517836593786, 'macro_majority': 0.49126388180117125, 'binary_majority': 0.16927899686520376, 'run_time_millis': 2640.209026001685, 'loss_mean': 0.061283692717552185}
Epoch 5 **** Loss 0.03315749391913414 **** Metrics validation: {'accuracy': 0.7045630317092034, 'f1_weighted': 0.7895675330090027, 'macro': 0.4879303480936544, 'micro': 0.7045630317092034, 'binary': 0.15486725663716816, 'accuracy_majority': 0.6996547756041427, 'macro_majority': 0.49400662584077903, 'binary_majority': 0.17142857142857143, 'run_time_millis': 2667.798301001312, 'loss_mean': 0.06105884164571762}
Epoch 6 **** Loss 0.0524466335773468 **** Metrics validation: {'accuracy': 0.731631863882444, 'f1_weighted': 0.8082594537319784, 'macro': 0.5020106219442487, 'micro': 0.731631863882444, 'binary': 0.163855421686747, 'accuracy_majority': 0.7249712313003452, 'macro_majority': 0.5067624211248773, 'binary_majority': 0.17869415807560138, 'run_time_millis': 2692.1037110005273, 'loss_mean': 0.060887660831213}
Epoch 7 **** Loss 0.055100321769714355 **** Metrics validation: {'accuracy': 0.7594740912606341, 'f1_weighted': 0.8267614013743958, 'macro': 0.5128433131544166, 'micro': 0.7594740912606341, 'binary': 0.16621983914209115, 'accuracy_majority': 0.7525891829689298, 'macro_majority': 0.5183733969195077, 'binary_majority': 0.18250950570342206, 'run_time_millis': 2689.226852002321, 'loss_mean': 0.06079753860831261}
Epoch 8 **** Loss 0.055005867034196854 **** Metrics validation: {'accuracy': 0.7695282289249806, 'f1_weighted': 0.8332874701281212, 'macro': 0.516922760598979, 'micro': 0.7695282289249806, 'binary': 0.16759776536312848, 'accuracy_majority': 0.762945914844649, 'macro_majority': 0.5219562477301374, 'binary_majority': 0.18253968253968253, 'run_time_millis': 2665.289488999406, 'loss_mean': 0.06072406470775604}
Epoch 9 **** Loss 0.049390848726034164 **** Metrics validation: {'accuracy': 0.7710750193348801, 'f1_weighted': 0.8343007378448223, 'macro': 0.517901949916864, 'micro': 0.7710750193348801, 'binary': 0.16853932584269662, 'accuracy_majority': 0.7640966628308401, 'macro_majority': 0.5227027331159558, 'binary_majority': 0.18326693227091634, 'run_time_millis': 2658.3506620008848, 'loss_mean': 0.06069285050034523}
Evaluating
{'accuracy': 0.7710750193348801, 'f1_weighted': 0.8343007378448223, 'macro': 0.517901949916864, 'micro': 0.7710750193348801, 'binary': 0.16853932584269662, 'accuracy_majority': 0.7640966628308401, 'macro_majority': 0.5227027331159558, 'binary_majority': 0.18326693227091634, 'run_time_millis': 2425.77882200203, 'loss_mean': 0.06069285050034523}
Device cuda
Split type sit
Training Size: 1092, NTA labels 1045, YTA labels 47
Validation Size: 1293, NTA labels 1232, YTA labels 61
Test Size: 1255, NTA labels 1218, YTA labels 37
Training with SBERT, model name is sbert
Tokenizing the dataset
Number of training steps 350
Epoch 0 **** Loss 0.034215062856674194 **** Metrics validation: {'accuracy': 0.5266821345707656, 'f1_weighted': 0.6508016458210817, 'macro': 0.39401021883500376, 'micro': 0.5266821345707656, 'binary': 0.11046511627906978, 'accuracy_majority': 0.5304948216340621, 'macro_majority': 0.40507416605141283, 'binary_majority': 0.13191489361702127, 'run_time_millis': 2681.959449000715, 'loss_mean': 0.06021828204393387}
Epoch 1 **** Loss 0.031264811754226685 **** Metrics validation: {'accuracy': 0.6697602474864656, 'f1_weighted': 0.7648162496564973, 'macro': 0.45817553742204253, 'micro': 0.6697602474864656, 'binary': 0.11958762886597937, 'accuracy_majority': 0.663981588032221, 'macro_majority': 0.4661533282841033, 'binary_majority': 0.1411764705882353, 'run_time_millis': 2694.190295998851, 'loss_mean': 0.05997743085026741}
Epoch 2 **** Loss 0.031541552394628525 **** Metrics validation: {'accuracy': 0.720030935808198, 'f1_weighted': 0.7999447041109505, 'macro': 0.47946859903381644, 'micro': 0.720030935808198, 'binary': 0.1256038647342995, 'accuracy_majority': 0.7123130034522439, 'macro_majority': 0.48547244169082404, 'binary_majority': 0.14383561643835616, 'run_time_millis': 2660.452935997455, 'loss_mean': 0.059716109186410904}
Epoch 3 **** Loss 0.16378583014011383 **** Metrics validation: {'accuracy': 0.7811291569992266, 'f1_weighted': 0.8400860690671382, 'macro': 0.5097581071938156, 'micro': 0.7811291569992266, 'binary': 0.14501510574018125, 'accuracy_majority': 0.7710011507479861, 'macro_majority': 0.5103948132104585, 'binary_majority': 0.15319148936170213, 'run_time_millis': 2648.772980999638, 'loss_mean': 0.05948149412870407}
Epoch 4 **** Loss 0.031432636082172394 **** Metrics validation: {'accuracy': 0.774168600154679, 'f1_weighted': 0.8356077293824103, 'macro': 0.505583782934367, 'micro': 0.774168600154679, 'binary': 0.1411764705882353, 'accuracy_majority': 0.762945914844649, 'macro_majority': 0.505529897909577, 'binary_majority': 0.1487603305785124, 'run_time_millis': 2670.5141159982304, 'loss_mean': 0.059118323028087616}
Epoch 5 **** Loss 0.03173205256462097 **** Metrics validation: {'accuracy': 0.8097447795823666, 'f1_weighted': 0.8580777310257816, 'macro': 0.5251489890243757, 'micro': 0.8097447795823666, 'binary': 0.15753424657534246, 'accuracy_majority': 0.7951668584579977, 'macro_majority': 0.5257131994014766, 'binary_majority': 0.16822429906542055, 'run_time_millis': 2676.4805870006967, 'loss_mean': 0.05889217555522919}
Epoch 6 **** Loss 0.031544484198093414 **** Metrics validation: {'accuracy': 0.8329466357308585, 'f1_weighted': 0.8723244472429017, 'macro': 0.5381837423109994, 'micro': 0.8329466357308585, 'binary': 0.16923076923076927, 'accuracy_majority': 0.8216340621403913, 'macro_majority': 0.5399148110574836, 'binary_majority': 0.17989417989417988, 'run_time_millis': 2637.064864000422, 'loss_mean': 0.05880334973335266}
Epoch 7 **** Loss 0.12469130009412766 **** Metrics validation: {'accuracy': 0.8391337973704563, 'f1_weighted': 0.8759082520208923, 'macro': 0.5394794520547945, 'micro': 0.8391337973704563, 'binary': 0.16799999999999998, 'accuracy_majority': 0.8273878020713463, 'macro_majority': 0.5397115737732705, 'binary_majority': 0.1758241758241758, 'run_time_millis': 2636.3794919998327, 'loss_mean': 0.058647215366363525}
Epoch 8 **** Loss 0.027619071304798126 **** Metrics validation: {'accuracy': 0.8368136117556071, 'f1_weighted': 0.8742402443004339, 'macro': 0.5344992620524327, 'micro': 0.8368136117556071, 'binary': 0.15936254980079678, 'accuracy_majority': 0.8239355581127733, 'macro_majority': 0.5327710716356544, 'binary_majority': 0.1639344262295082, 'run_time_millis': 2652.8977200032386, 'loss_mean': 0.05851215124130249}
Epoch 9 **** Loss 0.13554894924163818 **** Metrics validation: {'accuracy': 0.839907192575406, 'f1_weighted': 0.8761386949662433, 'macro': 0.5367219805688787, 'micro': 0.839907192575406, 'binary': 0.16194331983805668, 'accuracy_majority': 0.8273878020713463, 'macro_majority': 0.5351946940522037, 'binary_majority': 0.16666666666666669, 'run_time_millis': 2676.683211000636, 'loss_mean': 0.0584864541888237}
Evaluating
{'accuracy': 0.839907192575406, 'f1_weighted': 0.8761386949662433, 'macro': 0.5367219805688787, 'micro': 0.839907192575406, 'binary': 0.16194331983805668, 'accuracy_majority': 0.8273878020713463, 'macro_majority': 0.5351946940522037, 'binary_majority': 0.16666666666666669, 'run_time_millis': 2677.716417998454, 'loss_mean': 0.0584864541888237}
Device cuda
Split type sit
Training Size: 1470, NTA labels 1399, YTA labels 71
Validation Size: 1293, NTA labels 1232, YTA labels 61
Test Size: 1255, NTA labels 1218, YTA labels 37
Training with SBERT, model name is sbert
Tokenizing the dataset
Number of training steps 460
Epoch 0 **** Loss 0.057487502694129944 **** Metrics validation: {'accuracy': 0.5986078886310905, 'f1_weighted': 0.7112163443697564, 'macro': 0.42392984835673303, 'micro': 0.5986078886310905, 'binary': 0.10671256454388985, 'accuracy_majority': 0.5960874568469505, 'macro_majority': 0.4310801157166918, 'binary_majority': 0.12468827930174564, 'run_time_millis': 2663.498319001519, 'loss_mean': 0.06405104696750641}
Epoch 1 **** Loss 0.06759119778871536 **** Metrics validation: {'accuracy': 0.7432327919566899, 'f1_weighted': 0.8156331622246533, 'macro': 0.4944936410739519, 'micro': 0.74323279195669, 'binary': 0.13989637305699482, 'accuracy_majority': 0.7318757192174914, 'macro_majority': 0.49673274094326725, 'binary_majority': 0.15272727272727274, 'run_time_millis': 2655.5138240000815, 'loss_mean': 0.06350591033697128}
Epoch 2 **** Loss 0.05211847648024559 **** Metrics validation: {'accuracy': 0.7587006960556845, 'f1_weighted': 0.8259710245592926, 'macro': 0.5057533226173206, 'micro': 0.7587006960556845, 'binary': 0.15217391304347824, 'accuracy_majority': 0.7537399309551208, 'macro_majority': 0.5160664099094411, 'binary_majority': 0.17692307692307696, 'run_time_millis': 2667.6606179971714, 'loss_mean': 0.06284984201192856}
Epoch 3 **** Loss 0.03454675152897835 **** Metrics validation: {'accuracy': 0.8066511987625676, 'f1_weighted': 0.8566528792764988, 'macro': 0.5313641688219808, 'micro': 0.8066511987625676, 'binary': 0.17218543046357618, 'accuracy_majority': 0.7986191024165707, 'macro_majority': 0.5355708592282673, 'binary_majority': 0.186046511627907, 'run_time_millis': 2693.4354629993322, 'loss_mean': 0.06204475462436676}
Epoch 4 **** Loss 0.11231949180364609 **** Metrics validation: {'accuracy': 0.8553750966744006, 'f1_weighted': 0.8853234572851199, 'macro': 0.5448425808273331, 'micro': 0.8553750966744006, 'binary': 0.16888888888888892, 'accuracy_majority': 0.8481012658227848, 'macro_majority': 0.5456749049429658, 'binary_majority': 0.175, 'run_time_millis': 2679.815982999571, 'loss_mean': 0.0613936223089695}
Epoch 5 **** Loss 0.03058345802128315 **** Metrics validation: {'accuracy': 0.8445475638051044, 'f1_weighted': 0.879485434129607, 'macro': 0.546865546731294, 'micro': 0.8445475638051044, 'binary': 0.17959183673469387, 'accuracy_majority': 0.8365937859608745, 'macro_majority': 0.5465576035511656, 'binary_majority': 0.1839080459770115, 'run_time_millis': 2668.875929000933, 'loss_mean': 0.060416027903556824}
Epoch 6 **** Loss 0.05676732957363129 **** Metrics validation: {'accuracy': 0.8654292343387471, 'f1_weighted': 0.8914429477417753, 'macro': 0.5529756322423741, 'micro': 0.8654292343387471, 'binary': 0.17924528301886794, 'accuracy_majority': 0.8607594936708861, 'macro_majority': 0.5504089756581452, 'binary_majority': 0.17687074829931973, 'run_time_millis': 2147.9414200002793, 'loss_mean': 0.05998742952942848}
Epoch 7 **** Loss 0.04151861369609833 **** Metrics validation: {'accuracy': 0.8692962103634957, 'f1_weighted': 0.8937965521653445, 'macro': 0.5562683139304665, 'micro': 0.8692962103634957, 'binary': 0.18357487922705315, 'accuracy_majority': 0.8665132336018412, 'macro_majority': 0.5552084436443221, 'binary_majority': 0.18309859154929578, 'run_time_millis': 2690.3560610007844, 'loss_mean': 0.059561457484960556}
Epoch 8 **** Loss 0.04052615538239479 **** Metrics validation: {'accuracy': 0.877030162412993, 'f1_weighted': 0.8971078012309948, 'macro': 0.5461986212924886, 'micro': 0.877030162412993, 'binary': 0.15873015873015872, 'accuracy_majority': 0.8734177215189873, 'macro_majority': 0.5490867579908676, 'binary_majority': 0.16666666666666669, 'run_time_millis': 2663.0643009993946, 'loss_mean': 0.0594605952501297}
Epoch 9 **** Loss 0.06112424284219742 **** Metrics validation: {'accuracy': 0.8754833720030936, 'f1_weighted': 0.8968895121235541, 'macro': 0.5535115658076762, 'micro': 0.8754833720030936, 'binary': 0.17435897435897435, 'accuracy_majority': 0.8734177215189873, 'macro_majority': 0.5552629619979901, 'binary_majority': 0.17910447761194032, 'run_time_millis': 2547.791758999665, 'loss_mean': 0.059280697256326675}
Evaluating
{'accuracy': 0.877030162412993, 'f1_weighted': 0.8971078012309948, 'macro': 0.5461986212924886, 'micro': 0.877030162412993, 'binary': 0.15873015873015872, 'accuracy_majority': 0.8734177215189873, 'macro_majority': 0.5490867579908676, 'binary_majority': 0.16666666666666669, 'run_time_millis': 2657.592559000477, 'loss_mean': 0.0594605952501297}
Device cuda
Split type sit
Training Size: 1834, NTA labels 1749, YTA labels 85
Validation Size: 1293, NTA labels 1232, YTA labels 61
Test Size: 1255, NTA labels 1218, YTA labels 37
Training with SBERT, model name is sbert
Tokenizing the dataset
Number of training steps 580
Epoch 0 **** Loss 0.09040693193674088 **** Metrics validation: {'accuracy': 0.6620262954369683, 'f1_weighted': 0.7591963437903387, 'macro': 0.45576667279888033, 'micro': 0.6620262954369683, 'binary': 0.12072434607645875, 'accuracy_majority': 0.6570771001150748, 'macro_majority': 0.46232393196465355, 'binary_majority': 0.13872832369942198, 'run_time_millis': 2635.105819997989, 'loss_mean': 0.06308545172214508}
Epoch 1 **** Loss 0.03306344896554947 **** Metrics validation: {'accuracy': 0.7393658159319412, 'f1_weighted': 0.8131243020405281, 'macro': 0.4944114340215049, 'micro': 0.7393658159319412, 'binary': 0.14249363867684475, 'accuracy_majority': 0.7295742232451093, 'macro_majority': 0.4983184338465243, 'binary_majority': 0.15770609318996417, 'run_time_millis': 2670.7644509988313, 'loss_mean': 0.06244497746229172}
Epoch 2 **** Loss 0.035262174904346466 **** Metrics validation: {'accuracy': 0.802784222737819, 'f1_weighted': 0.8538708092418982, 'macro': 0.5233603518039057, 'micro': 0.802784222737819, 'binary': 0.15841584158415842, 'accuracy_majority': 0.7974683544303798, 'macro_majority': 0.531042264576741, 'binary_majority': 0.17757009345794394, 'run_time_millis': 2674.3122510015382, 'loss_mean': 0.06153698265552521}
Epoch 3 **** Loss 0.08845620602369308 **** Metrics validation: {'accuracy': 0.8383604021655066, 'f1_weighted': 0.8756697052036675, 'macro': 0.5421644085801077, 'micro': 0.8383604021655066, 'binary': 0.17391304347826086, 'accuracy_majority': 0.8342922899884925, 'macro_majority': 0.549351771823682, 'binary_majority': 0.1910112359550562, 'run_time_millis': 2668.5822639992693, 'loss_mean': 0.06038573756814003}
Epoch 4 **** Loss 0.029291117563843727 **** Metrics validation: {'accuracy': 0.8623356535189481, 'f1_weighted': 0.8895603431365618, 'macro': 0.5504102203469292, 'micro': 0.8623356535189481, 'binary': 0.17592592592592593, 'accuracy_majority': 0.859608745684695, 'macro_majority': 0.5602226720647774, 'binary_majority': 0.19736842105263158, 'run_time_millis': 2200.911633000942, 'loss_mean': 0.0592796616256237}
Epoch 5 **** Loss 0.02553267404437065 **** Metrics validation: {'accuracy': 0.8778035576179428, 'f1_weighted': 0.897197315570192, 'macro': 0.5423521505376344, 'micro': 0.8778035576179428, 'binary': 0.15053763440860216, 'accuracy_majority': 0.8734177215189873, 'macro_majority': 0.5427190968235744, 'binary_majority': 0.15384615384615385, 'run_time_millis': 2703.616275000968, 'loss_mean': 0.05860322341322899}
Epoch 6 **** Loss 0.031438250094652176 **** Metrics validation: {'accuracy': 0.88553750966744, 'f1_weighted': 0.901407259070499, 'macro': 0.5440327100131526, 'micro': 0.88553750966744, 'binary': 0.14942528735632182, 'accuracy_majority': 0.8826237054085155, 'macro_majority': 0.5434796044499381, 'binary_majority': 0.15, 'run_time_millis': 2640.8750970003894, 'loss_mean': 0.05866072326898575}
Epoch 7 **** Loss 0.02624119445681572 **** Metrics validation: {'accuracy': 0.8878576952822892, 'f1_weighted': 0.9027871920405383, 'macro': 0.546002687879118, 'micro': 0.8878576952822892, 'binary': 0.15204678362573099, 'accuracy_majority': 0.8849252013808976, 'macro_majority': 0.5454069889098138, 'binary_majority': 0.15254237288135594, 'run_time_millis': 2669.0141309991304, 'loss_mean': 0.05838605761528015}
Epoch 8 **** Loss 0.02071184478700161 **** Metrics validation: {'accuracy': 0.8932714617169374, 'f1_weighted': 0.9055672259672474, 'macro': 0.5456087275394206, 'micro': 0.8932714617169374, 'binary': 0.14814814814814814, 'accuracy_majority': 0.8906789413118527, 'macro_majority': 0.5504152484683458, 'binary_majority': 0.15929203539823011, 'run_time_millis': 2666.811275001237, 'loss_mean': 0.05847085267305374}
Epoch 9 **** Loss 0.020392466336488724 **** Metrics validation: {'accuracy': 0.8979118329466357, 'f1_weighted': 0.9083226284566837, 'macro': 0.5497625830959164, 'micro': 0.8979118329466356, 'binary': 0.15384615384615383, 'accuracy_majority': 0.8941311852704258, 'macro_majority': 0.5535626535626536, 'binary_majority': 0.16363636363636364, 'run_time_millis': 2562.7405800005363, 'loss_mean': 0.05895178020000458}
Evaluating
{'accuracy': 0.8979118329466357, 'f1_weighted': 0.9083226284566837, 'macro': 0.5497625830959164, 'micro': 0.8979118329466356, 'binary': 0.15384615384615383, 'accuracy_majority': 0.8941311852704258, 'macro_majority': 0.5535626535626536, 'binary_majority': 0.16363636363636364, 'run_time_millis': 2673.5420580007485, 'loss_mean': 0.05895178020000458}
Device cuda
Split type sit
Training Size: 2198, NTA labels 2101, YTA labels 97
Validation Size: 1293, NTA labels 1232, YTA labels 61
Test Size: 1255, NTA labels 1218, YTA labels 37
Training with SBERT, model name is sbert
Tokenizing the dataset
Number of training steps 690
Epoch 0 **** Loss 0.10128933936357498 **** Metrics validation: {'accuracy': 0.7231245166279969, 'f1_weighted': 0.8021552598666306, 'macro': 0.48522032722128805, 'micro': 0.7231245166279969, 'binary': 0.13526570048309178, 'accuracy_majority': 0.713463751438435, 'macro_majority': 0.4916875154163289, 'binary_majority': 0.15593220338983052, 'run_time_millis': 2671.244798999396, 'loss_mean': 0.06195814907550812}
Epoch 1 **** Loss 0.03275609016418457 **** Metrics validation: {'accuracy': 0.794276875483372, 'f1_weighted': 0.8483225156896255, 'macro': 0.515230701576348, 'micro': 0.794276875483372, 'binary': 0.1474358974358974, 'accuracy_majority': 0.7859608745684695, 'macro_majority': 0.5197354346430864, 'binary_majority': 0.16216216216216217, 'run_time_millis': 2660.558678999223, 'loss_mean': 0.061217423528432846}
Epoch 2 **** Loss 0.05823487043380737 **** Metrics validation: {'accuracy': 0.8445475638051044, 'f1_weighted': 0.8797288777208451, 'macro': 0.5501503289581866, 'micro': 0.8445475638051044, 'binary': 0.1862348178137652, 'accuracy_majority': 0.8388952819332566, 'macro_majority': 0.5574583866837388, 'binary_majority': 0.20454545454545453, 'run_time_millis': 2657.4047659996722, 'loss_mean': 0.06022041663527489}
Epoch 3 **** Loss 0.05630962550640106 **** Metrics validation: {'accuracy': 0.8662026295436969, 'f1_weighted': 0.8912828610923347, 'macro': 0.5457657888163946, 'micro': 0.8662026295436969, 'binary': 0.16425120772946855, 'accuracy_majority': 0.859608745684695, 'macro_majority': 0.543875197907345, 'binary_majority': 0.16438356164383564, 'run_time_millis': 2658.949222000956, 'loss_mean': 0.05906287208199501}
Epoch 4 **** Loss 0.053401801735162735 **** Metrics validation: {'accuracy': 0.868522815158546, 'f1_weighted': 0.8930086575210806, 'macro': 0.5516643550624133, 'micro': 0.868522815158546, 'binary': 0.17475728155339804, 'accuracy_majority': 0.8653624856156502, 'macro_majority': 0.5542319749216301, 'binary_majority': 0.18181818181818185, 'run_time_millis': 2680.2893510030117, 'loss_mean': 0.05777805671095848}
Epoch 5 **** Loss 0.030867885798215866 **** Metrics validation: {'accuracy': 0.8863109048723898, 'f1_weighted': 0.9030661094605277, 'macro': 0.5588495380094836, 'micro': 0.8863109048723898, 'binary': 0.1787709497206704, 'accuracy_majority': 0.8791714614499425, 'macro_majority': 0.5540257188521827, 'binary_majority': 0.17322834645669294, 'run_time_millis': 624.8348310000438, 'loss_mean': 0.05783262476325035}
Epoch 6 **** Loss 0.025614969432353973 **** Metrics validation: {'accuracy': 0.9071925754060325, 'f1_weighted': 0.9128172842310038, 'macro': 0.5468987267842541, 'micro': 0.9071925754060325, 'binary': 0.14285714285714288, 'accuracy_majority': 0.903337169159954, 'macro_majority': 0.5543589743589743, 'binary_majority': 0.16, 'run_time_millis': 2299.3121609979426, 'loss_mean': 0.060258567333221436}
Epoch 7 **** Loss 0.051397595554590225 **** Metrics validation: {'accuracy': 0.9095127610208816, 'f1_weighted': 0.9147318331317688, 'macro': 0.5552298659641963, 'micro': 0.9095127610208816, 'binary': 0.15827338129496402, 'accuracy_majority': 0.905638665132336, 'macro_majority': 0.564969474969475, 'binary_majority': 0.18000000000000002, 'run_time_millis': 2717.7449240007263, 'loss_mean': 0.06133387237787247}
Epoch 8 **** Loss 0.037921156734228134 **** Metrics validation: {'accuracy': 0.908739365815932, 'f1_weighted': 0.9137315999962199, 'macro': 0.5483624609263995, 'micro': 0.9087393658159321, 'binary': 0.14492753623188404, 'accuracy_majority': 0.905638665132336, 'macro_majority': 0.564969474969475, 'binary_majority': 0.18000000000000002, 'run_time_millis': 2680.171399999381, 'loss_mean': 0.06222105771303177}
Epoch 9 **** Loss 0.03204433619976044 **** Metrics validation: {'accuracy': 0.9102861562258314, 'f1_weighted': 0.9146474552698108, 'macro': 0.5498559423769507, 'micro': 0.9102861562258314, 'binary': 0.14705882352941174, 'accuracy_majority': 0.905638665132336, 'macro_majority': 0.5566326530612246, 'binary_majority': 0.16326530612244897, 'run_time_millis': 2175.03424700044, 'loss_mean': 0.06273243576288223}
Evaluating
{'accuracy': 0.9095127610208816, 'f1_weighted': 0.9147318331317688, 'macro': 0.5552298659641963, 'micro': 0.9095127610208816, 'binary': 0.15827338129496402, 'accuracy_majority': 0.905638665132336, 'macro_majority': 0.564969474969475, 'binary_majority': 0.18000000000000002, 'run_time_millis': 2680.4465540008096, 'loss_mean': 0.06133387237787247}
Device cuda
Split type sit
Training Size: 2576, NTA labels 2470, YTA labels 106
Validation Size: 1293, NTA labels 1232, YTA labels 61
Test Size: 1255, NTA labels 1218, YTA labels 37
Training with SBERT, model name is sbert
Tokenizing the dataset
Number of training steps 810
Epoch 0 **** Loss 0.03185772895812988 **** Metrics validation: {'accuracy': 0.7679814385150812, 'f1_weighted': 0.831484784678728, 'macro': 0.49950970272502065, 'micro': 0.7679814385150812, 'binary': 0.1329479768786127, 'accuracy_majority': 0.7525891829689298, 'macro_majority': 0.499419939609417, 'binary_majority': 0.14342629482071714, 'run_time_millis': 2658.2929809992493, 'loss_mean': 0.06038173660635948}
Epoch 1 **** Loss 0.03118811920285225 **** Metrics validation: {'accuracy': 0.8321732405259087, 'f1_weighted': 0.8713882316462379, 'macro': 0.5312344938543454, 'micro': 0.8321732405259087, 'binary': 0.15564202334630348, 'accuracy_majority': 0.8239355581127733, 'macro_majority': 0.5327710716356544, 'binary_majority': 0.1639344262295082, 'run_time_millis': 2649.063214998023, 'loss_mean': 0.05949704349040985}
Epoch 2 **** Loss 0.029664456844329834 **** Metrics validation: {'accuracy': 0.8406805877803558, 'f1_weighted': 0.8771014419053069, 'macro': 0.5439075342465753, 'micro': 0.8406805877803558, 'binary': 0.176, 'accuracy_majority': 0.8377445339470656, 'macro_majority': 0.5520372909240472, 'binary_majority': 0.19428571428571428, 'run_time_millis': 2672.532880998915, 'loss_mean': 0.05757006257772446}
Epoch 3 **** Loss 0.023223938420414925 **** Metrics validation: {'accuracy': 0.8569218870843001, 'f1_weighted': 0.8868284090718037, 'macro': 0.5532994829064058, 'micro': 0.8569218870843, 'binary': 0.18502202643171806, 'accuracy_majority': 0.8584579976985041, 'macro_majority': 0.5643755221812402, 'binary_majority': 0.20645161290322578, 'run_time_millis': 1992.2873969990178, 'loss_mean': 0.05558525025844574}
Epoch 4 **** Loss 0.08253917098045349 **** Metrics validation: {'accuracy': 0.908739365815932, 'f1_weighted': 0.9152995803227824, 'macro': 0.5661172536172536, 'micro': 0.9087393658159321, 'binary': 0.18055555555555555, 'accuracy_majority': 0.905638665132336, 'macro_majority': 0.572978090991898, 'binary_majority': 0.19607843137254904, 'run_time_millis': 2688.6170120014867, 'loss_mean': 0.057742152363061905}
Epoch 5 **** Loss 0.04868769645690918 **** Metrics validation: {'accuracy': 0.9017788089713844, 'f1_weighted': 0.9133007720105509, 'macro': 0.5842222666724058, 'micro': 0.9017788089713844, 'binary': 0.22085889570552147, 'accuracy_majority': 0.9010356731875719, 'macro_majority': 0.5963291850315444, 'binary_majority': 0.2456140350877193, 'run_time_millis': 2705.499359002715, 'loss_mean': 0.058131612837314606}
Epoch 6 **** Loss 0.012329071760177612 **** Metrics validation: {'accuracy': 0.9102861562258314, 'f1_weighted': 0.9185866170018709, 'macro': 0.5945919647104615, 'micro': 0.9102861562258314, 'binary': 0.2368421052631579, 'accuracy_majority': 0.905638665132336, 'macro_majority': 0.5952169961372415, 'binary_majority': 0.24074074074074076, 'run_time_millis': 2692.284690001543, 'loss_mean': 0.06133272498846054}
Epoch 7 **** Loss 0.01639709249138832 **** Metrics validation: {'accuracy': 0.922660479505027, 'f1_weighted': 0.921412314016172, 'macro': 0.556011867153806, 'micro': 0.922660479505027, 'binary': 0.15254237288135591, 'accuracy_majority': 0.9159953970080552, 'macro_majority': 0.5583519566685464, 'binary_majority': 0.16091954022988508, 'run_time_millis': 2680.0504849998106, 'loss_mean': 0.07026848196983337}
Epoch 8 **** Loss 0.009737400338053703 **** Metrics validation: {'accuracy': 0.922660479505027, 'f1_weighted': 0.922660479505027, 'macro': 0.5698717266340217, 'micro': 0.922660479505027, 'binary': 0.18032786885245905, 'accuracy_majority': 0.9171461449942463, 'macro_majority': 0.5781553398058252, 'binary_majority': 0.2, 'run_time_millis': 2673.9162069970916, 'loss_mean': 0.0700569599866867}
Epoch 9 **** Loss 0.010858038440346718 **** Metrics validation: {'accuracy': 0.9218870843000774, 'f1_weighted': 0.9209499623948098, 'macro': 0.5551600453720199, 'micro': 0.9218870843000774, 'binary': 0.15126050420168066, 'accuracy_majority': 0.9148446490218642, 'macro_majority': 0.5571212121212121, 'binary_majority': 0.15909090909090912, 'run_time_millis': 2667.7649990015198, 'loss_mean': 0.07250404357910156}
Evaluating
{'accuracy': 0.922660479505027, 'f1_weighted': 0.922660479505027, 'macro': 0.5698717266340217, 'micro': 0.922660479505027, 'binary': 0.18032786885245905, 'accuracy_majority': 0.9171461449942463, 'macro_majority': 0.5781553398058252, 'binary_majority': 0.2, 'run_time_millis': 2614.1943679976976, 'loss_mean': 0.0700569599866867}
Device cuda
Split type sit
Training Size: 2940, NTA labels 2800, YTA labels 140
Validation Size: 1293, NTA labels 1232, YTA labels 61
Test Size: 1255, NTA labels 1218, YTA labels 37
Training with SBERT, model name is sbert
Tokenizing the dataset
Number of training steps 920
Epoch 0 **** Loss 0.036352869123220444 **** Metrics validation: {'accuracy': 0.8120649651972158, 'f1_weighted': 0.8593440221829286, 'macro': 0.5238059874540211, 'micro': 0.8120649651972158, 'binary': 0.15331010452961674, 'accuracy_majority': 0.8020713463751439, 'macro_majority': 0.5263885016096732, 'binary_majority': 0.16504854368932037, 'run_time_millis': 2649.036471000727, 'loss_mean': 0.06486473977565765}
Epoch 1 **** Loss 0.05943987891077995 **** Metrics validation: {'accuracy': 0.8592420726991493, 'f1_weighted': 0.8879671950561275, 'macro': 0.5515960122559107, 'micro': 0.8592420726991493, 'binary': 0.18018018018018017, 'accuracy_majority': 0.85385500575374, 'macro_majority': 0.5553769483959601, 'binary_majority': 0.1910828025477707, 'run_time_millis': 2648.0329830010305, 'loss_mean': 0.06313659250736237}
Epoch 2 **** Loss 0.07325577735900879 **** Metrics validation: {'accuracy': 0.8476411446249034, 'f1_weighted': 0.8821223328905794, 'macro': 0.5591025612177251, 'micro': 0.8476411446249034, 'binary': 0.20242914979757085, 'accuracy_majority': 0.8446490218642118, 'macro_majority': 0.5575706834715513, 'binary_majority': 0.2011834319526627, 'run_time_millis': 2499.704357000155, 'loss_mean': 0.05979544296860695}
Epoch 3 **** Loss 0.028789114207029343 **** Metrics validation: {'accuracy': 0.905645784996133, 'f1_weighted': 0.9143755799502438, 'macro': 0.5736225835747957, 'micro': 0.905645784996133, 'binary': 0.19736842105263155, 'accuracy_majority': 0.905638665132336, 'macro_majority': 0.5880849981502034, 'binary_majority': 0.22641509433962262, 'run_time_millis': 2679.2151909976383, 'loss_mean': 0.05935165286064148}
Epoch 4 **** Loss 0.03455809876322746 **** Metrics validation: {'accuracy': 0.9002320185614849, 'f1_weighted': 0.9135141225739962, 'macro': 0.5960989430096982, 'micro': 0.9002320185614849, 'binary': 0.2456140350877193, 'accuracy_majority': 0.8998849252013809, 'macro_majority': 0.6013698413451652, 'binary_majority': 0.25641025641025644, 'run_time_millis': 2677.851216001727, 'loss_mean': 0.05867290496826172}
Epoch 5 **** Loss 0.017583152279257774 **** Metrics validation: {'accuracy': 0.917246713070379, 'f1_weighted': 0.9215235726715258, 'macro': 0.5876433998086512, 'micro': 0.917246713070379, 'binary': 0.21897810218978103, 'accuracy_majority': 0.9136939010356732, 'macro_majority': 0.5905501422944269, 'binary_majority': 0.22680412371134018, 'run_time_millis': 2685.0149120000424, 'loss_mean': 0.06666606664657593}
Epoch 6 **** Loss 0.01908143237233162 **** Metrics validation: {'accuracy': 0.9265274555297757, 'f1_weighted': 0.9262387531271501, 'macro': 0.5881682396526579, 'micro': 0.9265274555297757, 'binary': 0.21487603305785122, 'accuracy_majority': 0.9217491369390104, 'macro_majority': 0.593030303030303, 'binary_majority': 0.22727272727272727, 'run_time_millis': 2018.9260349980032, 'loss_mean': 0.0736207664012909}
Epoch 7 **** Loss 0.04501384496688843 **** Metrics validation: {'accuracy': 0.9273008507347255, 'f1_weighted': 0.9261275751752016, 'macro': 0.5826511551245777, 'micro': 0.9273008507347255, 'binary': 0.20338983050847456, 'accuracy_majority': 0.9217491369390104, 'macro_majority': 0.5840700489892449, 'binary_majority': 0.20930232558139533, 'run_time_millis': 2400.434694998694, 'loss_mean': 0.07700362801551819}
Epoch 8 **** Loss 0.04015318304300308 **** Metrics validation: {'accuracy': 0.9280742459396751, 'f1_weighted': 0.926610199684488, 'macro': 0.5837305667196312, 'micro': 0.9280742459396751, 'binary': 0.20512820512820512, 'accuracy_majority': 0.9228998849252014, 'macro_majority': 0.5856161702430519, 'binary_majority': 0.21176470588235297, 'run_time_millis': 2667.0043259982776, 'loss_mean': 0.08206721395254135}
Epoch 9 **** Loss 0.014981512911617756 **** Metrics validation: {'accuracy': 0.9273008507347255, 'f1_weighted': 0.9261275751752016, 'macro': 0.5826511551245777, 'micro': 0.9273008507347255, 'binary': 0.20338983050847456, 'accuracy_majority': 0.9217491369390104, 'macro_majority': 0.5840700489892449, 'binary_majority': 0.20930232558139533, 'run_time_millis': 2653.666072001215, 'loss_mean': 0.0820959061384201}
Evaluating
{'accuracy': 0.9280742459396751, 'f1_weighted': 0.926610199684488, 'macro': 0.5837305667196312, 'micro': 0.9280742459396751, 'binary': 0.20512820512820512, 'accuracy_majority': 0.9228998849252014, 'macro_majority': 0.5856161702430519, 'binary_majority': 0.21176470588235297, 'run_time_millis': 1656.66962299656, 'loss_mean': 0.08206721395254135}
Device cuda
Split type sit
Training Size: 3304, NTA labels 3147, YTA labels 157
Validation Size: 1293, NTA labels 1232, YTA labels 61
Test Size: 1255, NTA labels 1218, YTA labels 37
Training with SBERT, model name is sbert
Tokenizing the dataset
Number of training steps 1040
Epoch 0 **** Loss 0.03539026901125908 **** Metrics validation: {'accuracy': 0.8283062645011601, 'f1_weighted': 0.8683046183394242, 'macro': 0.5187667650214592, 'micro': 0.8283062645011602, 'binary': 0.13281249999999997, 'accuracy_majority': 0.8170310701956272, 'macro_majority': 0.519079027514314, 'binary_majority': 0.14054054054054055, 'run_time_millis': 2799.589403999562, 'loss_mean': 0.06519831717014313}
Epoch 1 **** Loss 0.037082165479660034 **** Metrics validation: {'accuracy': 0.8468677494199536, 'f1_weighted': 0.8801388095180321, 'macro': 0.538380815001803, 'micro': 0.8468677494199536, 'binary': 0.1610169491525424, 'accuracy_majority': 0.8377445339470656, 'macro_majority': 0.5379071582925091, 'binary_majority': 0.16568047337278105, 'run_time_millis': 1739.4745780002268, 'loss_mean': 0.06297845393419266}
Epoch 2 **** Loss 0.07310040295124054 **** Metrics validation: {'accuracy': 0.8847641144624904, 'f1_weighted': 0.9032306052046035, 'macro': 0.5705496719889972, 'micro': 0.8847641144624904, 'binary': 0.2032085561497326, 'accuracy_majority': 0.8837744533947065, 'macro_majority': 0.5830788012369547, 'binary_majority': 0.22900763358778625, 'run_time_millis': 2650.5814970005304, 'loss_mean': 0.0598294623196125}
Epoch 3 **** Loss 0.07816875725984573 **** Metrics validation: {'accuracy': 0.8584686774941995, 'f1_weighted': 0.8913401459327485, 'macro': 0.601922931334696, 'micro': 0.8584686774941995, 'binary': 0.2823529411764706, 'accuracy_majority': 0.8584579976985041, 'macro_majority': 0.6092240197422539, 'binary_majority': 0.2971428571428571, 'run_time_millis': 2641.757402998337, 'loss_mean': 0.055231962352991104}
Epoch 4 **** Loss 0.012425772845745087 **** Metrics validation: {'accuracy': 0.8986852281515855, 'f1_weighted': 0.9121732562573139, 'macro': 0.5898369111183758, 'micro': 0.8986852281515855, 'binary': 0.23391812865497078, 'accuracy_majority': 0.8998849252013809, 'macro_majority': 0.6013698413451652, 'binary_majority': 0.25641025641025644, 'run_time_millis': 2640.450580001925, 'loss_mean': 0.059587512165308}
Epoch 5 **** Loss 0.06175544857978821 **** Metrics validation: {'accuracy': 0.8924980665119876, 'f1_weighted': 0.9097251954593281, 'macro': 0.5993718416541651, 'micro': 0.8924980665119877, 'binary': 0.25668449197860965, 'accuracy_majority': 0.8918296892980437, 'macro_majority': 0.603619953416149, 'binary_majority': 0.265625, 'run_time_millis': 1920.185920997028, 'loss_mean': 0.058728985488414764}
Epoch 6 **** Loss 0.033072225749492645 **** Metrics validation: {'accuracy': 0.9017788089713844, 'f1_weighted': 0.9140986119023228, 'macro': 0.5935099622994606, 'micro': 0.9017788089713844, 'binary': 0.23952095808383234, 'accuracy_majority': 0.8998849252013809, 'macro_majority': 0.6013698413451652, 'binary_majority': 0.25641025641025644, 'run_time_millis': 2665.1576529984595, 'loss_mean': 0.06309224665164948}
Epoch 7 **** Loss 0.008337308652698994 **** Metrics validation: {'accuracy': 0.9064191802010828, 'f1_weighted': 0.915745845470197, 'macro': 0.5847905415267844, 'micro': 0.9064191802010827, 'binary': 0.21935483870967745, 'accuracy_majority': 0.904487917146145, 'macro_majority': 0.5937903030507825, 'binary_majority': 0.23853211009174313, 'run_time_millis': 1582.9767790019105, 'loss_mean': 0.06722109764814377}
Epoch 8 **** Loss 0.004678001627326012 **** Metrics validation: {'accuracy': 0.9164733178654292, 'f1_weighted': 0.9220137163772715, 'macro': 0.5976233835089094, 'micro': 0.9164733178654292, 'binary': 0.23943661971830985, 'accuracy_majority': 0.9125431530494822, 'macro_majority': 0.6042235965290762, 'binary_majority': 0.25490196078431376, 'run_time_millis': 2649.597179999546, 'loss_mean': 0.07213298231363297}
Epoch 9 **** Loss 0.010936124250292778 **** Metrics validation: {'accuracy': 0.9149265274555298, 'f1_weighted': 0.9210419816568308, 'macro': 0.595533033033033, 'micro': 0.9149265274555298, 'binary': 0.2361111111111111, 'accuracy_majority': 0.9102416570771001, 'macro_majority': 0.6011321909424724, 'binary_majority': 0.25, 'run_time_millis': 2680.4632220009807, 'loss_mean': 0.07179253548383713}
Evaluating
{'accuracy': 0.9164733178654292, 'f1_weighted': 0.9220137163772715, 'macro': 0.5976233835089094, 'micro': 0.9164733178654292, 'binary': 0.23943661971830985, 'accuracy_majority': 0.9125431530494822, 'macro_majority': 0.6042235965290762, 'binary_majority': 0.25490196078431376, 'run_time_millis': 2648.822226001357, 'loss_mean': 0.07213298231363297}
Device cuda
Split type sit
Training Size: 3682, NTA labels 3506, YTA labels 176
Validation Size: 1293, NTA labels 1232, YTA labels 61
Test Size: 1255, NTA labels 1218, YTA labels 37
Training with SBERT, model name is sbert
Tokenizing the dataset
Number of training steps 1160
Epoch 0 **** Loss 0.03667111322283745 **** Metrics validation: {'accuracy': 0.8638824439288476, 'f1_weighted': 0.8878399905344373, 'macro': 0.5187046342825237, 'micro': 0.8638824439288476, 'binary': 0.11111111111111112, 'accuracy_majority': 0.85385500575374, 'macro_majority': 0.5161321437183507, 'binary_majority': 0.11188811188811189, 'run_time_millis': 2686.080260999006, 'loss_mean': 0.06564202904701233}
Epoch 1 **** Loss 0.032989658415317535 **** Metrics validation: {'accuracy': 0.8979118329466357, 'f1_weighted': 0.9073571848641981, 'macro': 0.5386736150153527, 'micro': 0.8979118329466356, 'binary': 0.13157894736842105, 'accuracy_majority': 0.8918296892980437, 'macro_majority': 0.535980458986594, 'binary_majority': 0.12962962962962962, 'run_time_millis': 2645.9037750028074, 'loss_mean': 0.06332308799028397}
Epoch 2 **** Loss 0.19006575644016266 **** Metrics validation: {'accuracy': 0.8615622583139985, 'f1_weighted': 0.891760725657761, 'macro': 0.5842615494877971, 'micro': 0.8615622583139985, 'binary': 0.24472573839662443, 'accuracy_majority': 0.8619102416570771, 'macro_majority': 0.596026900548548, 'binary_majority': 0.26829268292682923, 'run_time_millis': 2652.413609001087, 'loss_mean': 0.05756137892603874}
Epoch 3 **** Loss 0.04976832494139671 **** Metrics validation: {'accuracy': 0.8917246713070379, 'f1_weighted': 0.9089090137963726, 'macro': 0.594489247311828, 'micro': 0.8917246713070379, 'binary': 0.24731182795698925, 'accuracy_majority': 0.8952819332566168, 'macro_majority': 0.6243581278471573, 'binary_majority': 0.3053435114503817, 'run_time_millis': 1726.525688998663, 'loss_mean': 0.05750218778848648}
Epoch 4 **** Loss 0.008856290951371193 **** Metrics validation: {'accuracy': 0.8917246713070379, 'f1_weighted': 0.9089090137963726, 'macro': 0.594489247311828, 'micro': 0.8917246713070379, 'binary': 0.24731182795698925, 'accuracy_majority': 0.8906789413118527, 'macro_majority': 0.6022615038470619, 'binary_majority': 0.26356589147286824, 'run_time_millis': 2642.253101003007, 'loss_mean': 0.057481858879327774}
Epoch 5 **** Loss 0.003042379394173622 **** Metrics validation: {'accuracy': 0.8948182521268369, 'f1_weighted': 0.9115116134021906, 'macro': 0.6060752688172043, 'micro': 0.8948182521268369, 'binary': 0.2688172043010753, 'accuracy_majority': 0.8941311852704258, 'macro_majority': 0.6120535714285714, 'binary_majority': 0.28124999999999994, 'run_time_millis': 2652.142824001203, 'loss_mean': 0.05881037935614586}
Epoch 6 **** Loss 0.0031214156188070774 **** Metrics validation: {'accuracy': 0.9118329466357309, 'f1_weighted': 0.9191072221236538, 'macro': 0.5914850453406647, 'micro': 0.9118329466357309, 'binary': 0.22972972972972974, 'accuracy_majority': 0.9079401611047181, 'macro_majority': 0.5981317055123937, 'binary_majority': 0.24528301886792453, 'run_time_millis': 2660.08307499942, 'loss_mean': 0.06716004759073257}
Epoch 7 **** Loss 0.00543819647282362 **** Metrics validation: {'accuracy': 0.9156999226604795, 'f1_weighted': 0.9215274672298054, 'macro': 0.5965724819593015, 'micro': 0.9156999226604795, 'binary': 0.23776223776223776, 'accuracy_majority': 0.9113924050632911, 'macro_majority': 0.6026661916213889, 'binary_majority': 0.2524271844660194, 'run_time_millis': 2677.646502001153, 'loss_mean': 0.07076852768659592}
Epoch 8 **** Loss 0.007524899207055569 **** Metrics validation: {'accuracy': 0.9180201082753287, 'f1_weighted': 0.922504657623723, 'macro': 0.5942917021881217, 'micro': 0.9180201082753287, 'binary': 0.2318840579710145, 'accuracy_majority': 0.9148446490218642, 'macro_majority': 0.5998880039820805, 'binary_majority': 0.24489795918367346, 'run_time_millis': 2669.183794001583, 'loss_mean': 0.0746581107378006}
Epoch 9 **** Loss 0.01799893006682396 **** Metrics validation: {'accuracy': 0.9164733178654292, 'f1_weighted': 0.9220137163772715, 'macro': 0.5976233835089094, 'micro': 0.9164733178654292, 'binary': 0.23943661971830985, 'accuracy_majority': 0.9125431530494822, 'macro_majority': 0.6042235965290762, 'binary_majority': 0.25490196078431376, 'run_time_millis': 2661.9162570023036, 'loss_mean': 0.07354655861854553}
Evaluating
{'accuracy': 0.9180201082753287, 'f1_weighted': 0.922504657623723, 'macro': 0.5942917021881217, 'micro': 0.9180201082753287, 'binary': 0.2318840579710145, 'accuracy_majority': 0.9148446490218642, 'macro_majority': 0.5998880039820805, 'binary_majority': 0.24489795918367346, 'run_time_millis': 814.7608790022787, 'loss_mean': 0.0746581107378006}
