Device cuda
Split type sit
Training Size: 46083, NTA labels 32112, YTA labels 13971
Validation Size: 14954, NTA labels 10545, YTA labels 4409
Test Size: 16258, NTA labels 11795, YTA labels 4463
Training with SBERT, model name is sbert
Tokenizing the dataset
Number of training steps 14410
Epoch 0 **** Loss 0.07617489993572235 **** Metrics validation: {'accuracy': 0.6813561588872542, 'f1_weighted': 0.5944365855878279, 'macro': 0.4464924796889984, 'micro': 0.6813561588872542, 'binary': 0.08593899865720314, 'accuracy_majority': 0.6980392156862745, 'macro_majority': 0.4548905621732919, 'binary_majority': 0.09082652134423252, 'run_time_millis': 53994.70064393245, 'loss_mean': 0.3406664729118347}
Epoch 1 **** Loss 0.03275207057595253 **** Metrics validation: {'accuracy': 0.6874414872274976, 'f1_weighted': 0.6042006516277072, 'macro': 0.4607271215040233, 'micro': 0.6874414872274976, 'binary': 0.1110688474705211, 'accuracy_majority': 0.7031674208144797, 'macro_majority': 0.47292051505119614, 'binary_majority': 0.12455516014234876, 'run_time_millis': 52546.51734197978, 'loss_mean': 0.42964038252830505}
Epoch 2 **** Loss 0.2311476469039917 **** Metrics validation: {'accuracy': 0.6985421960679417, 'f1_weighted': 0.6320289518589279, 'macro': 0.5050453593055652, 'micro': 0.6985421960679417, 'binary': 0.19557458957887222, 'accuracy_majority': 0.7031674208144797, 'macro_majority': 0.5161376452494874, 'binary_majority': 0.21531100478468898, 'run_time_millis': 54589.47579294909, 'loss_mean': 0.3448995351791382}
Epoch 3 **** Loss 0.06631903350353241 **** Metrics validation: {'accuracy': 0.6560786411662431, 'f1_weighted': 0.6499638375715441, 'macro': 0.5722817778260507, 'micro': 0.6560786411662431, 'binary': 0.38296340731853634, 'accuracy_majority': 0.6591251885369532, 'macro_majority': 0.5761126681766582, 'binary_majority': 0.3885281385281385, 'run_time_millis': 52578.17603496369, 'loss_mean': 0.38669246435165405}
Epoch 4 **** Loss 0.09459668397903442 **** Metrics validation: {'accuracy': 0.6729971913869199, 'f1_weighted': 0.6516146949971795, 'macro': 0.560247704852718, 'micro': 0.6729971913869199, 'binary': 0.3375778921701436, 'accuracy_majority': 0.6745098039215687, 'macro_majority': 0.564873255072881, 'binary_majority': 0.3464566929133859, 'run_time_millis': 52558.86054900475, 'loss_mean': 0.4774996042251587}
Epoch 5 **** Loss 0.06186586618423462 **** Metrics validation: {'accuracy': 0.6562123846462485, 'f1_weighted': 0.6547534654838881, 'macro': 0.5831380416419419, 'micro': 0.6562123846462485, 'binary': 0.40860462441044515, 'accuracy_majority': 0.6600301659125188, 'macro_majority': 0.5909863183135959, 'binary_majority': 0.4229390681003584, 'run_time_millis': 52519.36118490994, 'loss_mean': 0.5117804408073425}
Epoch 6 **** Loss 0.4209287166595459 **** Metrics validation: {'accuracy': 0.6651063260666042, 'f1_weighted': 0.651200681901803, 'macro': 0.5662155896754887, 'micro': 0.6651063260666042, 'binary': 0.3590990529818275, 'accuracy_majority': 0.6739064856711916, 'macro_majority': 0.5844612705262344, 'binary_majority': 0.39167135621834553, 'run_time_millis': 52622.218433069065, 'loss_mean': 0.6997463703155518}
Epoch 7 **** Loss 0.47265052795410156 **** Metrics validation: {'accuracy': 0.6748696001069948, 'f1_weighted': 0.6456865899253861, 'macro': 0.546863769575303, 'micro': 0.6748696001069948, 'binary': 0.306023408506994, 'accuracy_majority': 0.6799396681749623, 'macro_majority': 0.5566752347353783, 'binary_majority': 0.3229100191448628, 'run_time_millis': 52490.7560700085, 'loss_mean': 0.847728431224823}
Epoch 8 **** Loss 0.000586909765843302 **** Metrics validation: {'accuracy': 0.6671793500066872, 'f1_weighted': 0.6482741330217401, 'macro': 0.5582800202058869, 'micro': 0.6671793500066872, 'binary': 0.33895603665825474, 'accuracy_majority': 0.6739064856711916, 'macro_majority': 0.5689123271070187, 'binary_majority': 0.35616438356164387, 'run_time_millis': 52530.0723729888, 'loss_mean': 0.9224150776863098}
Epoch 9 **** Loss 0.11856501549482346 **** Metrics validation: {'accuracy': 0.6648388391065936, 'f1_weighted': 0.6509220881972518, 'macro': 0.565869116504303, 'micro': 0.6648388391065936, 'binary': 0.3585871512669567, 'accuracy_majority': 0.6720965309200604, 'macro_majority': 0.5769678732469121, 'binary_majority': 0.37636259323006316, 'run_time_millis': 54572.16704299208, 'loss_mean': 1.1399811506271362}
Evaluating
{'accuracy': 0.6562123846462485, 'f1_weighted': 0.6547534654838881, 'macro': 0.5831380416419419, 'micro': 0.6562123846462485, 'binary': 0.40860462441044515, 'accuracy_majority': 0.6600301659125188, 'macro_majority': 0.5909863183135959, 'binary_majority': 0.4229390681003584, 'run_time_millis': 52790.33521597739, 'loss_mean': 0.5117804408073425}
