Device cuda
Split type sit
Training Size: 6407, NTA labels 4558, YTA labels 1849
Validation Size: 2013, NTA labels 1407, YTA labels 606
Test Size: 2304, NTA labels 1674, YTA labels 630
Training with SBERT, model name is sbert
Tokenizing the dataset
Number of training steps 2010
Epoch 0 **** Loss 0.30422157049179077 **** Metrics validation: {'accuracy': 0.5881768504719325, 'f1_weighted': 0.6017083107152384, 'macro': 0.5483157015778582, 'micro': 0.5881768504719325, 'binary': 0.41413427561837457, 'accuracy_majority': 0.5840779853777417, 'macro_majority': 0.5395010638049145, 'binary_majority': 0.39622641509433965, 'run_time_millis': 9200.888592982665, 'loss_mean': 0.31670379638671875}
Epoch 1 **** Loss 0.2873566746711731 **** Metrics validation: {'accuracy': 0.6398410332836563, 'f1_weighted': 0.6294745390227219, 'macro': 0.5488574331682716, 'micro': 0.6398410332836563, 'binary': 0.34625788999098284, 'accuracy_majority': 0.644191714053615, 'macro_majority': 0.551760774142059, 'binary_majority': 0.34821428571428575, 'run_time_millis': 9211.420825915411, 'loss_mean': 0.33185458183288574}
Epoch 2 **** Loss 0.29910996556282043 **** Metrics validation: {'accuracy': 0.6418281172379533, 'f1_weighted': 0.6450402094044537, 'macro': 0.5822868965906275, 'micro': 0.6418281172379533, 'binary': 0.4245810055865921, 'accuracy_majority': 0.6482534524776604, 'macro_majority': 0.5967326922189413, 'binary_majority': 0.4525916561314791, 'run_time_millis': 9205.456800060347, 'loss_mean': 0.35630524158477783}
Epoch 3 **** Loss 0.16454876959323883 **** Metrics validation: {'accuracy': 0.6507699950322902, 'f1_weighted': 0.655268192221229, 'macro': 0.5962017012648346, 'micro': 0.6507699950322902, 'binary': 0.44776119402985076, 'accuracy_majority': 0.6669374492282697, 'macro_majority': 0.6213819323167036, 'binary_majority': 0.4900497512437811, 'run_time_millis': 9196.163121028803, 'loss_mean': 0.5897760391235352}
Epoch 4 **** Loss 0.1294766217470169 **** Metrics validation: {'accuracy': 0.6532538499751614, 'f1_weighted': 0.6506823480272487, 'macro': 0.5820232460179771, 'micro': 0.6532538499751614, 'binary': 0.40947546531302875, 'accuracy_majority': 0.6547522339561332, 'macro_majority': 0.5916220762544835, 'binary_majority': 0.4310575635876841, 'run_time_millis': 7192.034326959401, 'loss_mean': 0.7794907093048096}
Epoch 5 **** Loss 0.27811673283576965 **** Metrics validation: {'accuracy': 0.6616989567809239, 'f1_weighted': 0.6569007839861262, 'macro': 0.5870219401927981, 'micro': 0.6616989567809239, 'binary': 0.4114088159031979, 'accuracy_majority': 0.6677497969130788, 'macro_majority': 0.598904928935098, 'binary_majority': 0.43273231622746183, 'run_time_millis': 9209.468093002215, 'loss_mean': 1.4511024951934814}
Epoch 6 **** Loss 0.05605239421129227 **** Metrics validation: {'accuracy': 0.641331346249379, 'f1_weighted': 0.639041695454618, 'macro': 0.5685028382775574, 'micro': 0.641331346249379, 'binary': 0.39123102866779086, 'accuracy_majority': 0.6596263200649878, 'macro_majority': 0.5961618111879188, 'binary_majority': 0.4360699865410498, 'run_time_millis': 7186.7103719851, 'loss_mean': 2.034743309020996}
Epoch 7 **** Loss 0.028542418032884598 **** Metrics validation: {'accuracy': 0.6830601092896175, 'f1_weighted': 0.6652076738993786, 'macro': 0.5848717146433041, 'micro': 0.6830601092896175, 'binary': 0.3829787234042553, 'accuracy_majority': 0.6921202274573518, 'macro_majority': 0.6058170727070722, 'binary_majority': 0.42137404580152676, 'run_time_millis': 7841.9171599671245, 'loss_mean': 2.4890382289886475}
Epoch 8 **** Loss 0.1339137852191925 **** Metrics validation: {'accuracy': 0.6770988574267263, 'f1_weighted': 0.6664029229900518, 'macro': 0.5925456515781868, 'micro': 0.6770988574267263, 'binary': 0.40693430656934304, 'accuracy_majority': 0.685621445978879, 'macro_majority': 0.6064971333746882, 'binary_majority': 0.4300441826215022, 'run_time_millis': 9221.743606962264, 'loss_mean': 2.7798550128936768}
Epoch 9 **** Loss 0.03841209411621094 **** Metrics validation: {'accuracy': 0.674615002483855, 'f1_weighted': 0.6658827049843005, 'macro': 0.5937737328488045, 'micro': 0.674615002483855, 'binary': 0.4125560538116592, 'accuracy_majority': 0.6823720552396426, 'macro_majority': 0.6059903552480892, 'binary_majority': 0.43251088534107407, 'run_time_millis': 9213.97043892648, 'loss_mean': 2.9143927097320557}
Evaluating
{'accuracy': 0.6770988574267263, 'f1_weighted': 0.6664029229900518, 'macro': 0.5925456515781868, 'micro': 0.6770988574267263, 'binary': 0.40693430656934304, 'accuracy_majority': 0.685621445978879, 'macro_majority': 0.6064971333746882, 'binary_majority': 0.4300441826215022, 'run_time_millis': 9203.014157013968, 'loss_mean': 2.7798550128936768}
