______________________________	 Running Epoch 1 of 10 	______________________________
[Training] Itteration/Batch:   0/363: Loss: 0.98 | Accuracy: 0.48
[Training] Itteration/Batch:  25/363: Loss: 1.31 | Accuracy: 0.61
[Training] Itteration/Batch:  50/363: Loss: 1.26 | Accuracy: 0.48
[Training] Itteration/Batch:  75/363: Loss: 0.98 | Accuracy: 0.74
[Training] Itteration/Batch: 100/363: Loss: 1.47 | Accuracy: 0.58
[Training] Itteration/Batch: 125/363: Loss: 1.66 | Accuracy: 0.50
[Training] Itteration/Batch: 150/363: Loss: 0.98 | Accuracy: 0.76
[Training] Itteration/Batch: 175/363: Loss: 1.17 | Accuracy: 0.81
[Training] Itteration/Batch: 200/363: Loss: 0.94 | Accuracy: 0.71
[Training] Itteration/Batch: 225/363: Loss: 0.98 | Accuracy: 0.64
[Training] Itteration/Batch: 250/363: Loss: 1.03 | Accuracy: 0.83
[Training] Itteration/Batch: 275/363: Loss: 0.78 | Accuracy: 0.88
[Training] Itteration/Batch: 300/363: Loss: 1.34 | Accuracy: 0.83
[Training] Itteration/Batch: 325/363: Loss: 1.84 | Accuracy: 0.77
[Training] Itteration/Batch: 350/363: Loss: 1.14 | Accuracy: 0.81

Epoch 1: Val Bin. F1 Majority 0.0 | Val Macro F1 Majority 0.410625 |             Val Bin F1 Individual 0.25684210658073425 | Val Macro F1 Individual 0.5395041760572716 |             Val Accuracy Majority 0.6967126131057739 | Val Accuracy Individual 0.7130081057548523 | Training Loss:1.3008689880371094 |             Val Loss 1.306140661239624 | Train Runtime Millis 37423.84520196356 | Val Runtime Millis 6738.463578978553

______________________________	 Running Epoch 2 of 10 	______________________________
[Training] Itteration/Batch:   0/363: Loss: 0.95 | Accuracy: 0.76
[Training] Itteration/Batch:  25/363: Loss: 2.12 | Accuracy: 0.54
[Training] Itteration/Batch:  50/363: Loss: 1.30 | Accuracy: 0.62
[Training] Itteration/Batch:  75/363: Loss: 1.16 | Accuracy: 0.83
[Training] Itteration/Batch: 100/363: Loss: 0.96 | Accuracy: 0.72
[Training] Itteration/Batch: 125/363: Loss: 1.50 | Accuracy: 0.74
[Training] Itteration/Batch: 150/363: Loss: 1.87 | Accuracy: 0.64
[Training] Itteration/Batch: 175/363: Loss: 1.48 | Accuracy: 0.70
[Training] Itteration/Batch: 200/363: Loss: 1.24 | Accuracy: 0.76
[Training] Itteration/Batch: 225/363: Loss: 1.00 | Accuracy: 0.65
[Training] Itteration/Batch: 250/363: Loss: 1.52 | Accuracy: 0.48
[Training] Itteration/Batch: 275/363: Loss: 1.26 | Accuracy: 0.88
[Training] Itteration/Batch: 300/363: Loss: 1.78 | Accuracy: 0.77
[Training] Itteration/Batch: 325/363: Loss: 0.97 | Accuracy: 0.86
[Training] Itteration/Batch: 350/363: Loss: 1.26 | Accuracy: 0.83

Epoch 2: Val Bin. F1 Majority 0.06129032373428345 | Val Macro F1 Majority 0.4383228262649419 |             Val Bin F1 Individual 0.3412042558193207 | Val Macro F1 Individual 0.5724663530758245 |             Val Accuracy Majority 0.6914103627204895 | Val Accuracy Individual 0.6975609660148621 | Training Loss:1.2536627054214478 |             Val Loss 1.3008962869644165 | Train Runtime Millis 36890.54150809534 | Val Runtime Millis 6849.990300950594

______________________________	 Running Epoch 3 of 10 	______________________________
[Training] Itteration/Batch:   0/363: Loss: 0.82 | Accuracy: 0.89
[Training] Itteration/Batch:  25/363: Loss: 0.84 | Accuracy: 0.89
[Training] Itteration/Batch:  50/363: Loss: 1.11 | Accuracy: 0.72
[Training] Itteration/Batch:  75/363: Loss: 1.20 | Accuracy: 0.77
[Training] Itteration/Batch: 100/363: Loss: 1.04 | Accuracy: 0.81
[Training] Itteration/Batch: 125/363: Loss: 2.70 | Accuracy: 0.65
[Training] Itteration/Batch: 150/363: Loss: 1.15 | Accuracy: 0.84
[Training] Itteration/Batch: 175/363: Loss: 0.77 | Accuracy: 0.88
[Training] Itteration/Batch: 200/363: Loss: 0.97 | Accuracy: 0.83
[Training] Itteration/Batch: 225/363: Loss: 1.12 | Accuracy: 0.63
[Training] Itteration/Batch: 250/363: Loss: 1.42 | Accuracy: 0.74
[Training] Itteration/Batch: 275/363: Loss: 1.45 | Accuracy: 0.68
[Training] Itteration/Batch: 300/363: Loss: 1.35 | Accuracy: 0.62
[Training] Itteration/Batch: 325/363: Loss: 1.29 | Accuracy: 0.64
[Training] Itteration/Batch: 350/363: Loss: 0.76 | Accuracy: 0.77

Epoch 3: Val Bin. F1 Majority 0.14705882966518402 | Val Macro F1 Majority 0.47973898485655586 |             Val Bin F1 Individual 0.3308270573616028 | Val Macro F1 Individual 0.5730898823823043 |             Val Accuracy Majority 0.6924708485603333 | Val Accuracy Individual 0.7105690836906433 | Training Loss:1.1957073211669922 |             Val Loss 1.2750970125198364 | Train Runtime Millis 36944.91157203447 | Val Runtime Millis 6661.320740007795

______________________________	 Running Epoch 4 of 10 	______________________________
[Training] Itteration/Batch:   0/363: Loss: 1.41 | Accuracy: 0.69
[Training] Itteration/Batch:  25/363: Loss: 1.21 | Accuracy: 0.87
[Training] Itteration/Batch:  50/363: Loss: 1.06 | Accuracy: 0.95
[Training] Itteration/Batch:  75/363: Loss: 1.00 | Accuracy: 0.84
[Training] Itteration/Batch: 100/363: Loss: 0.97 | Accuracy: 0.91
[Training] Itteration/Batch: 125/363: Loss: 0.66 | Accuracy: 0.92
[Training] Itteration/Batch: 150/363: Loss: 0.85 | Accuracy: 0.67
[Training] Itteration/Batch: 175/363: Loss: 0.84 | Accuracy: 0.84
[Training] Itteration/Batch: 200/363: Loss: 1.08 | Accuracy: 0.90
[Training] Itteration/Batch: 225/363: Loss: 0.91 | Accuracy: 0.79
[Training] Itteration/Batch: 250/363: Loss: 0.73 | Accuracy: 0.84
[Training] Itteration/Batch: 275/363: Loss: 0.99 | Accuracy: 0.95
[Training] Itteration/Batch: 300/363: Loss: 1.39 | Accuracy: 0.77
[Training] Itteration/Batch: 325/363: Loss: 0.95 | Accuracy: 0.75
[Training] Itteration/Batch: 350/363: Loss: 0.98 | Accuracy: 0.88

Epoch 4: Val Bin. F1 Majority 0.23544631898403168 | Val Macro F1 Majority 0.5191903122515612 |             Val Bin F1 Individual 0.36425724625587463 | Val Macro F1 Individual 0.5828044241822881 |             Val Accuracy Majority 0.6866384148597717 | Val Accuracy Individual 0.6972899436950684 | Training Loss:1.0494195222854614 |             Val Loss 1.2968049049377441 | Train Runtime Millis 36686.18936499115 | Val Runtime Millis 6610.893466044217

______________________________	 Running Epoch 5 of 10 	______________________________
[Training] Itteration/Batch:   0/363: Loss: 0.75 | Accuracy: 0.83
[Training] Itteration/Batch:  25/363: Loss: 1.03 | Accuracy: 0.80
[Training] Itteration/Batch:  50/363: Loss: 0.98 | Accuracy: 0.81
[Training] Itteration/Batch:  75/363: Loss: 1.08 | Accuracy: 0.77
[Training] Itteration/Batch: 100/363: Loss: 0.71 | Accuracy: 0.92
[Training] Itteration/Batch: 125/363: Loss: 0.68 | Accuracy: 0.78
[Training] Itteration/Batch: 150/363: Loss: 0.92 | Accuracy: 0.93
[Training] Itteration/Batch: 175/363: Loss: 0.65 | Accuracy: 0.94
[Training] Itteration/Batch: 200/363: Loss: 0.59 | Accuracy: 0.96
[Training] Itteration/Batch: 225/363: Loss: 0.58 | Accuracy: 0.88
[Training] Itteration/Batch: 250/363: Loss: 1.31 | Accuracy: 0.63
[Training] Itteration/Batch: 275/363: Loss: 1.00 | Accuracy: 0.81
[Training] Itteration/Batch: 300/363: Loss: 0.67 | Accuracy: 0.87
[Training] Itteration/Batch: 325/363: Loss: 0.64 | Accuracy: 0.86
[Training] Itteration/Batch: 350/363: Loss: 0.98 | Accuracy: 0.73

Epoch 5: Val Bin. F1 Majority 0.24020887911319733 | Val Macro F1 Majority 0.5232980514167488 |             Val Bin F1 Individual 0.3410474956035614 | Val Macro F1 Individual 0.5762400289711218 |             Val Accuracy Majority 0.6914103627204895 | Val Accuracy Individual 0.7067750692367554 | Training Loss:0.8830088973045349 |             Val Loss 1.3661448955535889 | Train Runtime Millis 36592.81091298908 | Val Runtime Millis 6636.279911035672

