Device cuda
Split type sit
Training Size: 3949, NTA labels 3784, YTA labels 165
Validation Size: 1333, NTA labels 1280, YTA labels 53
Test Size: 1235, NTA labels 1157, YTA labels 78
Training with SBERT, model name is sbert
Tokenizing the dataset
Number of training steps 1240
Epoch 0 **** Loss 0.09073077142238617 **** Metrics validation: {'accuracy': 0.9257314328582146, 'f1_weighted': 0.9279299692439722, 'macro': 0.5425579484833044, 'micro': 0.9257314328582147, 'binary': 0.12389380530973451, 'accuracy_majority': 0.9177927927927928, 'macro_majority': 0.5386816017762723, 'binary_majority': 0.12048192771084337, 'run_time_millis': 2418.4048430033727, 'loss_mean': 0.05747654289007187}
Epoch 1 **** Loss 0.02558066137135029 **** Metrics validation: {'accuracy': 0.832708177044261, 'f1_weighted': 0.876992051320116, 'macro': 0.526435188504154, 'micro': 0.832708177044261, 'binary': 0.14559386973180077, 'accuracy_majority': 0.831081081081081, 'macro_majority': 0.5317180183094037, 'binary_majority': 0.15730337078651688, 'run_time_millis': 2064.851911010919, 'loss_mean': 0.054202817380428314}
Epoch 2 **** Loss 0.05494266003370285 **** Metrics validation: {'accuracy': 0.7726931732933233, 'f1_weighted': 0.8405475893450511, 'macro': 0.5190905681270205, 'micro': 0.7726931732933233, 'binary': 0.16986301369863013, 'accuracy_majority': 0.7815315315315315, 'macro_majority': 0.5391430895004923, 'binary_majority': 0.20491803278688525, 'run_time_millis': 2596.345180994831, 'loss_mean': 0.04922761768102646}
Epoch 3 **** Loss 0.0934324637055397 **** Metrics validation: {'accuracy': 0.813953488372093, 'f1_weighted': 0.8672321665149313, 'macro': 0.5498878068971528, 'micro': 0.8139534883720931, 'binary': 0.20512820512820512, 'accuracy_majority': 0.8164414414414415, 'macro_majority': 0.565227577879304, 'binary_majority': 0.2347417840375587, 'run_time_millis': 2606.055665994063, 'loss_mean': 0.04785221070051193}
Epoch 4 **** Loss 0.01511224452406168 **** Metrics validation: {'accuracy': 0.7996999249812453, 'f1_weighted': 0.8582258109562779, 'macro': 0.5418766387476203, 'micro': 0.7996999249812453, 'binary': 0.1981981981981982, 'accuracy_majority': 0.8040540540540541, 'macro_majority': 0.5589152155295461, 'binary_majority': 0.23008849557522124, 'run_time_millis': 2585.2347090112744, 'loss_mean': 0.047718603163957596}
Epoch 5 **** Loss 0.016182368621230125 **** Metrics validation: {'accuracy': 0.8267066766691673, 'f1_weighted': 0.8754430763312046, 'macro': 0.5623563622719384, 'micro': 0.8267066766691673, 'binary': 0.22222222222222224, 'accuracy_majority': 0.8333333333333334, 'macro_majority': 0.5793678227138304, 'binary_majority': 0.25252525252525254, 'run_time_millis': 2585.3834509907756, 'loss_mean': 0.05003628134727478}
Epoch 6 **** Loss 0.003957700449973345 **** Metrics validation: {'accuracy': 0.8379594898724682, 'f1_weighted': 0.8825439617079767, 'macro': 0.571719263172926, 'micro': 0.8379594898724682, 'binary': 0.23404255319148937, 'accuracy_majority': 0.8457207207207207, 'macro_majority': 0.5905809660668433, 'binary_majority': 0.26737967914438504, 'run_time_millis': 2588.137093989644, 'loss_mean': 0.05279092490673065}
Epoch 7 **** Loss 0.03605923429131508 **** Metrics validation: {'accuracy': 0.8687171792948237, 'f1_weighted': 0.9014598340060338, 'macro': 0.5947786330086698, 'micro': 0.8687171792948237, 'binary': 0.2616033755274262, 'accuracy_majority': 0.8704954954954955, 'macro_majority': 0.6115914026753486, 'binary_majority': 0.29447852760736193, 'run_time_millis': 566.941796001629, 'loss_mean': 0.057087648659944534}
Epoch 8 **** Loss 0.01946607045829296 **** Metrics validation: {'accuracy': 0.867966991747937, 'f1_weighted': 0.9009921516692216, 'macro': 0.5940082787645536, 'micro': 0.867966991747937, 'binary': 0.2605042016806723, 'accuracy_majority': 0.8704954954954955, 'macro_majority': 0.6115914026753486, 'binary_majority': 0.29447852760736193, 'run_time_millis': 1732.2644700034289, 'loss_mean': 0.058733031153678894}
Epoch 9 **** Loss 0.012430470436811447 **** Metrics validation: {'accuracy': 0.8672168042010503, 'f1_weighted': 0.9005244856631558, 'macro': 0.5932423416480908, 'micro': 0.8672168042010503, 'binary': 0.2594142259414226, 'accuracy_majority': 0.8704954954954955, 'macro_majority': 0.6115914026753486, 'binary_majority': 0.29447852760736193, 'run_time_millis': 2589.148043000023, 'loss_mean': 0.058490730822086334}
Evaluating
{'accuracy': 0.9257314328582146, 'f1_weighted': 0.9279299692439722, 'macro': 0.5425579484833044, 'micro': 0.9257314328582147, 'binary': 0.12389380530973451, 'accuracy_majority': 0.9177927927927928, 'macro_majority': 0.5386816017762723, 'binary_majority': 0.12048192771084337, 'run_time_millis': 2590.001400007168, 'loss_mean': 0.05747654289007187}
