Device cuda
Split type sit
Training Size: 750, NTA labels 750, YTA labels 0
Validation Size: 5067, NTA labels 5067, YTA labels 0
Test Size: 4978, NTA labels 4978, YTA labels 0
Training with SBERT, model name is sbert
Tokenizing the dataset
Number of training steps 240
Epoch 0 **** Loss 0.004444798920303583 **** Metrics validation: {'accuracy': 1.0, 'f1_weighted': 1.0, 'macro': 1.0, 'micro': 1.0, 'binary': 0.0, 'accuracy_majority': 1.0, 'macro_majority': 1.0, 'binary_majority': 0.0, 'run_time_millis': 4345.0195050099865, 'loss_mean': 0.0026708911173045635}
Epoch 1 **** Loss 0.0010783724719658494 **** Metrics validation: {'accuracy': 1.0, 'f1_weighted': 1.0, 'macro': 1.0, 'micro': 1.0, 'binary': 0.0, 'accuracy_majority': 1.0, 'macro_majority': 1.0, 'binary_majority': 0.0, 'run_time_millis': 4258.389357011765, 'loss_mean': 0.0005144503666087985}
Epoch 2 **** Loss 0.0006891595548950136 **** Metrics validation: {'accuracy': 1.0, 'f1_weighted': 1.0, 'macro': 1.0, 'micro': 1.0, 'binary': 0.0, 'accuracy_majority': 1.0, 'macro_majority': 1.0, 'binary_majority': 0.0, 'run_time_millis': 5239.5697890315205, 'loss_mean': 0.0003493679396342486}
Epoch 3 **** Loss 0.0006670673028565943 **** Metrics validation: {'accuracy': 1.0, 'f1_weighted': 1.0, 'macro': 1.0, 'micro': 1.0, 'binary': 0.0, 'accuracy_majority': 1.0, 'macro_majority': 1.0, 'binary_majority': 0.0, 'run_time_millis': 4349.627860006876, 'loss_mean': 0.0002818198408931494}
Epoch 4 **** Loss 0.00036459765397012234 **** Metrics validation: {'accuracy': 1.0, 'f1_weighted': 1.0, 'macro': 1.0, 'micro': 1.0, 'binary': 0.0, 'accuracy_majority': 1.0, 'macro_majority': 1.0, 'binary_majority': 0.0, 'run_time_millis': 4326.131060020998, 'loss_mean': 0.00023948367743287235}
Epoch 5 **** Loss 0.0005101229762658477 **** Metrics validation: {'accuracy': 1.0, 'f1_weighted': 1.0, 'macro': 1.0, 'micro': 1.0, 'binary': 0.0, 'accuracy_majority': 1.0, 'macro_majority': 1.0, 'binary_majority': 0.0, 'run_time_millis': 4639.095277001616, 'loss_mean': 0.0002101185091305524}
Epoch 6 **** Loss 0.0004813856503460556 **** Metrics validation: {'accuracy': 1.0, 'f1_weighted': 1.0, 'macro': 1.0, 'micro': 1.0, 'binary': 0.0, 'accuracy_majority': 1.0, 'macro_majority': 1.0, 'binary_majority': 0.0, 'run_time_millis': 3696.2627500179224, 'loss_mean': 0.000190232036402449}
Epoch 7 **** Loss 0.00031256492366082966 **** Metrics validation: {'accuracy': 1.0, 'f1_weighted': 1.0, 'macro': 1.0, 'micro': 1.0, 'binary': 0.0, 'accuracy_majority': 1.0, 'macro_majority': 1.0, 'binary_majority': 0.0, 'run_time_millis': 5262.388512026519, 'loss_mean': 0.00017744384240359068}
Epoch 8 **** Loss 0.00021124423074070364 **** Metrics validation: {'accuracy': 1.0, 'f1_weighted': 1.0, 'macro': 1.0, 'micro': 1.0, 'binary': 0.0, 'accuracy_majority': 1.0, 'macro_majority': 1.0, 'binary_majority': 0.0, 'run_time_millis': 5389.646728988737, 'loss_mean': 0.00017006555572152138}
Epoch 9 **** Loss 0.00042043786379508674 **** Metrics validation: {'accuracy': 1.0, 'f1_weighted': 1.0, 'macro': 1.0, 'micro': 1.0, 'binary': 0.0, 'accuracy_majority': 1.0, 'macro_majority': 1.0, 'binary_majority': 0.0, 'run_time_millis': 3416.9457940151915, 'loss_mean': 0.0001675616658758372}
Evaluating
{'accuracy': 1.0, 'f1_weighted': 1.0, 'macro': 1.0, 'micro': 1.0, 'binary': 0.0, 'accuracy_majority': 1.0, 'macro_majority': 1.0, 'binary_majority': 0.0, 'run_time_millis': 5399.214482982643, 'loss_mean': 0.0026708911173045635}
Device cuda
Split type sit
Training Size: 1500, NTA labels 1500, YTA labels 0
Validation Size: 5067, NTA labels 5067, YTA labels 0
Test Size: 4978, NTA labels 4978, YTA labels 0
Training with SBERT, model name is sbert
Tokenizing the dataset
Number of training steps 470
Epoch 0 **** Loss 0.0008860857342369854 **** Metrics validation: {'accuracy': 1.0, 'f1_weighted': 1.0, 'macro': 1.0, 'micro': 1.0, 'binary': 0.0, 'accuracy_majority': 1.0, 'macro_majority': 1.0, 'binary_majority': 0.0, 'run_time_millis': 5204.248620022554, 'loss_mean': 0.0004869415133725852}
Epoch 1 **** Loss 0.0004937528283335268 **** Metrics validation: {'accuracy': 1.0, 'f1_weighted': 1.0, 'macro': 1.0, 'micro': 1.0, 'binary': 0.0, 'accuracy_majority': 1.0, 'macro_majority': 1.0, 'binary_majority': 0.0, 'run_time_millis': 5298.207246989477, 'loss_mean': 0.00024323619436472654}
Epoch 2 **** Loss 0.00037493646959774196 **** Metrics validation: {'accuracy': 1.0, 'f1_weighted': 1.0, 'macro': 1.0, 'micro': 1.0, 'binary': 0.0, 'accuracy_majority': 1.0, 'macro_majority': 1.0, 'binary_majority': 0.0, 'run_time_millis': 5369.149288977496, 'loss_mean': 0.00016842414333950728}
Epoch 3 **** Loss 0.00023303313355427235 **** Metrics validation: {'accuracy': 1.0, 'f1_weighted': 1.0, 'macro': 1.0, 'micro': 1.0, 'binary': 0.0, 'accuracy_majority': 1.0, 'macro_majority': 1.0, 'binary_majority': 0.0, 'run_time_millis': 4444.229163986165, 'loss_mean': 0.0001266513718292117}
Epoch 4 **** Loss 0.0002957262913696468 **** Metrics validation: {'accuracy': 1.0, 'f1_weighted': 1.0, 'macro': 1.0, 'micro': 1.0, 'binary': 0.0, 'accuracy_majority': 1.0, 'macro_majority': 1.0, 'binary_majority': 0.0, 'run_time_millis': 5275.309514021501, 'loss_mean': 0.00010131003364222124}
Epoch 5 **** Loss 0.0002723463694564998 **** Metrics validation: {'accuracy': 1.0, 'f1_weighted': 1.0, 'macro': 1.0, 'micro': 1.0, 'binary': 0.0, 'accuracy_majority': 1.0, 'macro_majority': 1.0, 'binary_majority': 0.0, 'run_time_millis': 5226.4067030046135, 'loss_mean': 8.507804159307852e-05}
Epoch 6 **** Loss 0.00015992102271411568 **** Metrics validation: {'accuracy': 1.0, 'f1_weighted': 1.0, 'macro': 1.0, 'micro': 1.0, 'binary': 0.0, 'accuracy_majority': 1.0, 'macro_majority': 1.0, 'binary_majority': 0.0, 'run_time_millis': 5566.002779989503, 'loss_mean': 7.471057324437425e-05}
Epoch 7 **** Loss 0.00023645578767172992 **** Metrics validation: {'accuracy': 1.0, 'f1_weighted': 1.0, 'macro': 1.0, 'micro': 1.0, 'binary': 0.0, 'accuracy_majority': 1.0, 'macro_majority': 1.0, 'binary_majority': 0.0, 'run_time_millis': 5409.704492019955, 'loss_mean': 6.836089596617967e-05}
Epoch 8 **** Loss 0.00019578549836296588 **** Metrics validation: {'accuracy': 1.0, 'f1_weighted': 1.0, 'macro': 1.0, 'micro': 1.0, 'binary': 0.0, 'accuracy_majority': 1.0, 'macro_majority': 1.0, 'binary_majority': 0.0, 'run_time_millis': 4384.235717996489, 'loss_mean': 6.464566831709817e-05}
Epoch 9 **** Loss 0.00015883064770605415 **** Metrics validation: {'accuracy': 1.0, 'f1_weighted': 1.0, 'macro': 1.0, 'micro': 1.0, 'binary': 0.0, 'accuracy_majority': 1.0, 'macro_majority': 1.0, 'binary_majority': 0.0, 'run_time_millis': 5443.797782994807, 'loss_mean': 6.342675624182448e-05}
Evaluating
{'accuracy': 1.0, 'f1_weighted': 1.0, 'macro': 1.0, 'micro': 1.0, 'binary': 0.0, 'accuracy_majority': 1.0, 'macro_majority': 1.0, 'binary_majority': 0.0, 'run_time_millis': 5393.700777029153, 'loss_mean': 0.0004869415133725852}
Device cuda
Split type sit
Training Size: 2250, NTA labels 2250, YTA labels 0
Validation Size: 5067, NTA labels 5067, YTA labels 0
Test Size: 4978, NTA labels 4978, YTA labels 0
Training with SBERT, model name is sbert
Tokenizing the dataset
Number of training steps 710
Epoch 0 **** Loss 0.0008181711891666055 **** Metrics validation: {'accuracy': 1.0, 'f1_weighted': 1.0, 'macro': 1.0, 'micro': 1.0, 'binary': 0.0, 'accuracy_majority': 1.0, 'macro_majority': 1.0, 'binary_majority': 0.0, 'run_time_millis': 5323.268142004963, 'loss_mean': 0.00029106330475769937}
Epoch 1 **** Loss 0.0002628613146953285 **** Metrics validation: {'accuracy': 1.0, 'f1_weighted': 1.0, 'macro': 1.0, 'micro': 1.0, 'binary': 0.0, 'accuracy_majority': 1.0, 'macro_majority': 1.0, 'binary_majority': 0.0, 'run_time_millis': 5283.177025034092, 'loss_mean': 0.0001509185240138322}
Epoch 2 **** Loss 0.0001553227921249345 **** Metrics validation: {'accuracy': 1.0, 'f1_weighted': 1.0, 'macro': 1.0, 'micro': 1.0, 'binary': 0.0, 'accuracy_majority': 1.0, 'macro_majority': 1.0, 'binary_majority': 0.0, 'run_time_millis': 3281.8544860347174, 'loss_mean': 9.67235755524598e-05}
Epoch 3 **** Loss 0.00023359167971648276 **** Metrics validation: {'accuracy': 1.0, 'f1_weighted': 1.0, 'macro': 1.0, 'micro': 1.0, 'binary': 0.0, 'accuracy_majority': 1.0, 'macro_majority': 1.0, 'binary_majority': 0.0, 'run_time_millis': 5356.166145997122, 'loss_mean': 6.926555943209678e-05}
Epoch 4 **** Loss 0.00013454590225592256 **** Metrics validation: {'accuracy': 1.0, 'f1_weighted': 1.0, 'macro': 1.0, 'micro': 1.0, 'binary': 0.0, 'accuracy_majority': 1.0, 'macro_majority': 1.0, 'binary_majority': 0.0, 'run_time_millis': 4582.091452029999, 'loss_mean': 5.409554796642624e-05}
Epoch 5 **** Loss 0.00010382898472016677 **** Metrics validation: {'accuracy': 1.0, 'f1_weighted': 1.0, 'macro': 1.0, 'micro': 1.0, 'binary': 0.0, 'accuracy_majority': 1.0, 'macro_majority': 1.0, 'binary_majority': 0.0, 'run_time_millis': 5480.344439973123, 'loss_mean': 4.483105294639245e-05}
Epoch 6 **** Loss 7.468128023901954e-05 **** Metrics validation: {'accuracy': 1.0, 'f1_weighted': 1.0, 'macro': 1.0, 'micro': 1.0, 'binary': 0.0, 'accuracy_majority': 1.0, 'macro_majority': 1.0, 'binary_majority': 0.0, 'run_time_millis': 4971.793087024707, 'loss_mean': 3.900027513736859e-05}
Epoch 7 **** Loss 9.13243493414484e-05 **** Metrics validation: {'accuracy': 1.0, 'f1_weighted': 1.0, 'macro': 1.0, 'micro': 1.0, 'binary': 0.0, 'accuracy_majority': 1.0, 'macro_majority': 1.0, 'binary_majority': 0.0, 'run_time_millis': 4366.224353027064, 'loss_mean': 3.533165727276355e-05}
Epoch 8 **** Loss 7.787517824908718e-05 **** Metrics validation: {'accuracy': 1.0, 'f1_weighted': 1.0, 'macro': 1.0, 'micro': 1.0, 'binary': 0.0, 'accuracy_majority': 1.0, 'macro_majority': 1.0, 'binary_majority': 0.0, 'run_time_millis': 5232.994235993829, 'loss_mean': 3.3275369787588716e-05}
Epoch 9 **** Loss 0.00010511232540011406 **** Metrics validation: {'accuracy': 1.0, 'f1_weighted': 1.0, 'macro': 1.0, 'micro': 1.0, 'binary': 0.0, 'accuracy_majority': 1.0, 'macro_majority': 1.0, 'binary_majority': 0.0, 'run_time_millis': 3281.898556975648, 'loss_mean': 3.258156721130945e-05}
Evaluating
{'accuracy': 1.0, 'f1_weighted': 1.0, 'macro': 1.0, 'micro': 1.0, 'binary': 0.0, 'accuracy_majority': 1.0, 'macro_majority': 1.0, 'binary_majority': 0.0, 'run_time_millis': 5424.303548003081, 'loss_mean': 0.00029106330475769937}
Device cuda
Split type sit
Training Size: 3000, NTA labels 3000, YTA labels 0
Validation Size: 5067, NTA labels 5067, YTA labels 0
Test Size: 4978, NTA labels 4978, YTA labels 0
Training with SBERT, model name is sbert
Tokenizing the dataset
Number of training steps 940
Epoch 0 **** Loss 0.00045601697638630867 **** Metrics validation: {'accuracy': 1.0, 'f1_weighted': 1.0, 'macro': 1.0, 'micro': 1.0, 'binary': 0.0, 'accuracy_majority': 1.0, 'macro_majority': 1.0, 'binary_majority': 0.0, 'run_time_millis': 5440.933093021158, 'loss_mean': 0.00022246342268772423}
Epoch 1 **** Loss 0.00020594878878910094 **** Metrics validation: {'accuracy': 1.0, 'f1_weighted': 1.0, 'macro': 1.0, 'micro': 1.0, 'binary': 0.0, 'accuracy_majority': 1.0, 'macro_majority': 1.0, 'binary_majority': 0.0, 'run_time_millis': 5268.241452984512, 'loss_mean': 0.00010774493421195075}
Epoch 2 **** Loss 0.00018625771917868406 **** Metrics validation: {'accuracy': 1.0, 'f1_weighted': 1.0, 'macro': 1.0, 'micro': 1.0, 'binary': 0.0, 'accuracy_majority': 1.0, 'macro_majority': 1.0, 'binary_majority': 0.0, 'run_time_millis': 5272.9201399488375, 'loss_mean': 6.58150456729345e-05}
Epoch 3 **** Loss 9.75088551058434e-05 **** Metrics validation: {'accuracy': 1.0, 'f1_weighted': 1.0, 'macro': 1.0, 'micro': 1.0, 'binary': 0.0, 'accuracy_majority': 1.0, 'macro_majority': 1.0, 'binary_majority': 0.0, 'run_time_millis': 5405.043125967495, 'loss_mean': 4.6036650019232184e-05}
Epoch 4 **** Loss 8.916415390558541e-05 **** Metrics validation: {'accuracy': 1.0, 'f1_weighted': 1.0, 'macro': 1.0, 'micro': 1.0, 'binary': 0.0, 'accuracy_majority': 1.0, 'macro_majority': 1.0, 'binary_majority': 0.0, 'run_time_millis': 5441.3954699994065, 'loss_mean': 3.545918661984615e-05}
Epoch 5 **** Loss 0.00010171412577619776 **** Metrics validation: {'accuracy': 1.0, 'f1_weighted': 1.0, 'macro': 1.0, 'micro': 1.0, 'binary': 0.0, 'accuracy_majority': 1.0, 'macro_majority': 1.0, 'binary_majority': 0.0, 'run_time_millis': 4567.702347994782, 'loss_mean': 2.9029977667960338e-05}
Epoch 6 **** Loss 9.28586014197208e-05 **** Metrics validation: {'accuracy': 1.0, 'f1_weighted': 1.0, 'macro': 1.0, 'micro': 1.0, 'binary': 0.0, 'accuracy_majority': 1.0, 'macro_majority': 1.0, 'binary_majority': 0.0, 'run_time_millis': 5358.118394040503, 'loss_mean': 2.5005392672028393e-05}
Epoch 7 **** Loss 6.80147495586425e-05 **** Metrics validation: {'accuracy': 1.0, 'f1_weighted': 1.0, 'macro': 1.0, 'micro': 1.0, 'binary': 0.0, 'accuracy_majority': 1.0, 'macro_majority': 1.0, 'binary_majority': 0.0, 'run_time_millis': 5042.670978000388, 'loss_mean': 2.252582271466963e-05}
Epoch 8 **** Loss 6.308020238066092e-05 **** Metrics validation: {'accuracy': 1.0, 'f1_weighted': 1.0, 'macro': 1.0, 'micro': 1.0, 'binary': 0.0, 'accuracy_majority': 1.0, 'macro_majority': 1.0, 'binary_majority': 0.0, 'run_time_millis': 5441.253678000066, 'loss_mean': 2.1124440536368638e-05}
Epoch 9 **** Loss 6.260872032726184e-05 **** Metrics validation: {'accuracy': 1.0, 'f1_weighted': 1.0, 'macro': 1.0, 'micro': 1.0, 'binary': 0.0, 'accuracy_majority': 1.0, 'macro_majority': 1.0, 'binary_majority': 0.0, 'run_time_millis': 5255.6981859961525, 'loss_mean': 2.0663710529333912e-05}
Evaluating
{'accuracy': 1.0, 'f1_weighted': 1.0, 'macro': 1.0, 'micro': 1.0, 'binary': 0.0, 'accuracy_majority': 1.0, 'macro_majority': 1.0, 'binary_majority': 0.0, 'run_time_millis': 5604.610904993024, 'loss_mean': 0.00022246342268772423}
Device cuda
Split type sit
Training Size: 3750, NTA labels 3750, YTA labels 0
Validation Size: 5067, NTA labels 5067, YTA labels 0
Test Size: 4978, NTA labels 4978, YTA labels 0
Training with SBERT, model name is sbert
Tokenizing the dataset
Number of training steps 1180
Epoch 0 **** Loss 0.0002606101334095001 **** Metrics validation: {'accuracy': 1.0, 'f1_weighted': 1.0, 'macro': 1.0, 'micro': 1.0, 'binary': 0.0, 'accuracy_majority': 1.0, 'macro_majority': 1.0, 'binary_majority': 0.0, 'run_time_millis': 4996.526486007497, 'loss_mean': 0.00017278993618674576}
Epoch 1 **** Loss 0.0001987751602428034 **** Metrics validation: {'accuracy': 1.0, 'f1_weighted': 1.0, 'macro': 1.0, 'micro': 1.0, 'binary': 0.0, 'accuracy_majority': 1.0, 'macro_majority': 1.0, 'binary_majority': 0.0, 'run_time_millis': 5427.749747002963, 'loss_mean': 7.713172817602754e-05}
Epoch 2 **** Loss 9.029653301695362e-05 **** Metrics validation: {'accuracy': 1.0, 'f1_weighted': 1.0, 'macro': 1.0, 'micro': 1.0, 'binary': 0.0, 'accuracy_majority': 1.0, 'macro_majority': 1.0, 'binary_majority': 0.0, 'run_time_millis': 5257.671074010432, 'loss_mean': 4.577398794936016e-05}
Epoch 3 **** Loss 6.678573117824271e-05 **** Metrics validation: {'accuracy': 1.0, 'f1_weighted': 1.0, 'macro': 1.0, 'micro': 1.0, 'binary': 0.0, 'accuracy_majority': 1.0, 'macro_majority': 1.0, 'binary_majority': 0.0, 'run_time_millis': 5404.951755015645, 'loss_mean': 3.13274358632043e-05}
Epoch 4 **** Loss 7.171924517024308e-05 **** Metrics validation: {'accuracy': 1.0, 'f1_weighted': 1.0, 'macro': 1.0, 'micro': 1.0, 'binary': 0.0, 'accuracy_majority': 1.0, 'macro_majority': 1.0, 'binary_majority': 0.0, 'run_time_millis': 5523.5631199902855, 'loss_mean': 2.3783199139870703e-05}
Epoch 5 **** Loss 4.434977381606586e-05 **** Metrics validation: {'accuracy': 1.0, 'f1_weighted': 1.0, 'macro': 1.0, 'micro': 1.0, 'binary': 0.0, 'accuracy_majority': 1.0, 'macro_majority': 1.0, 'binary_majority': 0.0, 'run_time_millis': 5446.811985981185, 'loss_mean': 1.9235283616581e-05}
Epoch 6 **** Loss 3.832288712146692e-05 **** Metrics validation: {'accuracy': 1.0, 'f1_weighted': 1.0, 'macro': 1.0, 'micro': 1.0, 'binary': 0.0, 'accuracy_majority': 1.0, 'macro_majority': 1.0, 'binary_majority': 0.0, 'run_time_millis': 4814.804819005076, 'loss_mean': 1.6488063920405693e-05}
Epoch 7 **** Loss 3.308667510282248e-05 **** Metrics validation: {'accuracy': 1.0, 'f1_weighted': 1.0, 'macro': 1.0, 'micro': 1.0, 'binary': 0.0, 'accuracy_majority': 1.0, 'macro_majority': 1.0, 'binary_majority': 0.0, 'run_time_millis': 4970.002571004443, 'loss_mean': 1.4761405509489123e-05}
Epoch 8 **** Loss 5.1490973419277e-05 **** Metrics validation: {'accuracy': 1.0, 'f1_weighted': 1.0, 'macro': 1.0, 'micro': 1.0, 'binary': 0.0, 'accuracy_majority': 1.0, 'macro_majority': 1.0, 'binary_majority': 0.0, 'run_time_millis': 5248.488655022811, 'loss_mean': 1.379421246383572e-05}
Epoch 9 **** Loss 3.460634616203606e-05 **** Metrics validation: {'accuracy': 1.0, 'f1_weighted': 1.0, 'macro': 1.0, 'micro': 1.0, 'binary': 0.0, 'accuracy_majority': 1.0, 'macro_majority': 1.0, 'binary_majority': 0.0, 'run_time_millis': 5469.944223004859, 'loss_mean': 1.347364468529122e-05}
Evaluating
{'accuracy': 1.0, 'f1_weighted': 1.0, 'macro': 1.0, 'micro': 1.0, 'binary': 0.0, 'accuracy_majority': 1.0, 'macro_majority': 1.0, 'binary_majority': 0.0, 'run_time_millis': 5130.574208975304, 'loss_mean': 0.00017278993618674576}
Device cuda
Split type sit
Training Size: 4500, NTA labels 4500, YTA labels 0
Validation Size: 5067, NTA labels 5067, YTA labels 0
Test Size: 4978, NTA labels 4978, YTA labels 0
Training with SBERT, model name is sbert
Tokenizing the dataset
Number of training steps 1410
Epoch 0 **** Loss 0.00037304931902326643 **** Metrics validation: {'accuracy': 1.0, 'f1_weighted': 1.0, 'macro': 1.0, 'micro': 1.0, 'binary': 0.0, 'accuracy_majority': 1.0, 'macro_majority': 1.0, 'binary_majority': 0.0, 'run_time_millis': 5273.669961025007, 'loss_mean': 0.00014498370001092553}
Epoch 1 **** Loss 0.0002567297196947038 **** Metrics validation: {'accuracy': 1.0, 'f1_weighted': 1.0, 'macro': 1.0, 'micro': 1.0, 'binary': 0.0, 'accuracy_majority': 1.0, 'macro_majority': 1.0, 'binary_majority': 0.0, 'run_time_millis': 5248.937331023626, 'loss_mean': 6.206746911630034e-05}
Epoch 2 **** Loss 0.00011476944200694561 **** Metrics validation: {'accuracy': 1.0, 'f1_weighted': 1.0, 'macro': 1.0, 'micro': 1.0, 'binary': 0.0, 'accuracy_majority': 1.0, 'macro_majority': 1.0, 'binary_majority': 0.0, 'run_time_millis': 4431.4816239639185, 'loss_mean': 3.5943579860031605e-05}
Epoch 3 **** Loss 5.606113700196147e-05 **** Metrics validation: {'accuracy': 1.0, 'f1_weighted': 1.0, 'macro': 1.0, 'micro': 1.0, 'binary': 0.0, 'accuracy_majority': 1.0, 'macro_majority': 1.0, 'binary_majority': 0.0, 'run_time_millis': 5444.976710015908, 'loss_mean': 2.444653910060879e-05}
Epoch 4 **** Loss 5.52227720618248e-05 **** Metrics validation: {'accuracy': 1.0, 'f1_weighted': 1.0, 'macro': 1.0, 'micro': 1.0, 'binary': 0.0, 'accuracy_majority': 1.0, 'macro_majority': 1.0, 'binary_majority': 0.0, 'run_time_millis': 5444.703817018308, 'loss_mean': 1.828576387197245e-05}
Epoch 5 **** Loss 4.8958063416648656e-05 **** Metrics validation: {'accuracy': 1.0, 'f1_weighted': 1.0, 'macro': 1.0, 'micro': 1.0, 'binary': 0.0, 'accuracy_majority': 1.0, 'macro_majority': 1.0, 'binary_majority': 0.0, 'run_time_millis': 4786.570530035533, 'loss_mean': 1.4730967450304888e-05}
Epoch 6 **** Loss 2.9909919248893857e-05 **** Metrics validation: {'accuracy': 1.0, 'f1_weighted': 1.0, 'macro': 1.0, 'micro': 1.0, 'binary': 0.0, 'accuracy_majority': 1.0, 'macro_majority': 1.0, 'binary_majority': 0.0, 'run_time_millis': 5481.676858966239, 'loss_mean': 1.255483311979333e-05}
Epoch 7 **** Loss 3.698913860716857e-05 **** Metrics validation: {'accuracy': 1.0, 'f1_weighted': 1.0, 'macro': 1.0, 'micro': 1.0, 'binary': 0.0, 'accuracy_majority': 1.0, 'macro_majority': 1.0, 'binary_majority': 0.0, 'run_time_millis': 3426.218764972873, 'loss_mean': 1.1227831237192731e-05}
Epoch 8 **** Loss 3.679877409012988e-05 **** Metrics validation: {'accuracy': 1.0, 'f1_weighted': 1.0, 'macro': 1.0, 'micro': 1.0, 'binary': 0.0, 'accuracy_majority': 1.0, 'macro_majority': 1.0, 'binary_majority': 0.0, 'run_time_millis': 5253.227351990063, 'loss_mean': 1.047153455147054e-05}
Epoch 9 **** Loss 3.108625969616696e-05 **** Metrics validation: {'accuracy': 1.0, 'f1_weighted': 1.0, 'macro': 1.0, 'micro': 1.0, 'binary': 0.0, 'accuracy_majority': 1.0, 'macro_majority': 1.0, 'binary_majority': 0.0, 'run_time_millis': 5469.108730962034, 'loss_mean': 1.0227810889773536e-05}
Evaluating
{'accuracy': 1.0, 'f1_weighted': 1.0, 'macro': 1.0, 'micro': 1.0, 'binary': 0.0, 'accuracy_majority': 1.0, 'macro_majority': 1.0, 'binary_majority': 0.0, 'run_time_millis': 4956.028893997427, 'loss_mean': 0.00014498370001092553}
Device cuda
Split type sit
Training Size: 5250, NTA labels 5250, YTA labels 0
Validation Size: 5067, NTA labels 5067, YTA labels 0
Test Size: 4978, NTA labels 4978, YTA labels 0
Training with SBERT, model name is sbert
Tokenizing the dataset
Number of training steps 1650
Epoch 0 **** Loss 0.00023190087813418359 **** Metrics validation: {'accuracy': 1.0, 'f1_weighted': 1.0, 'macro': 1.0, 'micro': 1.0, 'binary': 0.0, 'accuracy_majority': 1.0, 'macro_majority': 1.0, 'binary_majority': 0.0, 'run_time_millis': 5255.382201983593, 'loss_mean': 0.00011283472122158855}
Epoch 1 **** Loss 0.00010661233682185411 **** Metrics validation: {'accuracy': 1.0, 'f1_weighted': 1.0, 'macro': 1.0, 'micro': 1.0, 'binary': 0.0, 'accuracy_majority': 1.0, 'macro_majority': 1.0, 'binary_majority': 0.0, 'run_time_millis': 5442.960322019644, 'loss_mean': 4.679646735894494e-05}
Epoch 2 **** Loss 8.651114330859855e-05 **** Metrics validation: {'accuracy': 1.0, 'f1_weighted': 1.0, 'macro': 1.0, 'micro': 1.0, 'binary': 0.0, 'accuracy_majority': 1.0, 'macro_majority': 1.0, 'binary_majority': 0.0, 'run_time_millis': 5444.464372994844, 'loss_mean': 2.674850657058414e-05}
Epoch 3 **** Loss 3.445296169957146e-05 **** Metrics validation: {'accuracy': 1.0, 'f1_weighted': 1.0, 'macro': 1.0, 'micro': 1.0, 'binary': 0.0, 'accuracy_majority': 1.0, 'macro_majority': 1.0, 'binary_majority': 0.0, 'run_time_millis': 5265.5940459808335, 'loss_mean': 1.8128350347978994e-05}
Epoch 4 **** Loss 5.722829155274667e-05 **** Metrics validation: {'accuracy': 1.0, 'f1_weighted': 1.0, 'macro': 1.0, 'micro': 1.0, 'binary': 0.0, 'accuracy_majority': 1.0, 'macro_majority': 1.0, 'binary_majority': 0.0, 'run_time_millis': 5234.123861999251, 'loss_mean': 1.3496827705239411e-05}
Epoch 5 **** Loss 1.0134497642866336e-05 **** Metrics validation: {'accuracy': 1.0, 'f1_weighted': 1.0, 'macro': 1.0, 'micro': 1.0, 'binary': 0.0, 'accuracy_majority': 1.0, 'macro_majority': 1.0, 'binary_majority': 0.0, 'run_time_millis': 5245.4950520186685, 'loss_mean': 1.078791046893457e-05}
Epoch 6 **** Loss 3.7651534512406215e-05 **** Metrics validation: {'accuracy': 1.0, 'f1_weighted': 1.0, 'macro': 1.0, 'micro': 1.0, 'binary': 0.0, 'accuracy_majority': 1.0, 'macro_majority': 1.0, 'binary_majority': 0.0, 'run_time_millis': 5249.946985975839, 'loss_mean': 9.15263626666274e-06}
Epoch 7 **** Loss 2.82713990600314e-05 **** Metrics validation: {'accuracy': 1.0, 'f1_weighted': 1.0, 'macro': 1.0, 'micro': 1.0, 'binary': 0.0, 'accuracy_majority': 1.0, 'macro_majority': 1.0, 'binary_majority': 0.0, 'run_time_millis': 5418.99202298373, 'loss_mean': 8.150947905960493e-06}
Epoch 8 **** Loss 5.558735938393511e-05 **** Metrics validation: {'accuracy': 1.0, 'f1_weighted': 1.0, 'macro': 1.0, 'micro': 1.0, 'binary': 0.0, 'accuracy_majority': 1.0, 'macro_majority': 1.0, 'binary_majority': 0.0, 'run_time_millis': 5393.134578014724, 'loss_mean': 7.584283139294712e-06}
Epoch 9 **** Loss 1.682449692452792e-05 **** Metrics validation: {'accuracy': 1.0, 'f1_weighted': 1.0, 'macro': 1.0, 'micro': 1.0, 'binary': 0.0, 'accuracy_majority': 1.0, 'macro_majority': 1.0, 'binary_majority': 0.0, 'run_time_millis': 5256.681830971502, 'loss_mean': 7.392769930447685e-06}
Evaluating
{'accuracy': 1.0, 'f1_weighted': 1.0, 'macro': 1.0, 'micro': 1.0, 'binary': 0.0, 'accuracy_majority': 1.0, 'macro_majority': 1.0, 'binary_majority': 0.0, 'run_time_millis': 4896.4049920323305, 'loss_mean': 0.00011283472122158855}
Device cuda
Split type sit
Training Size: 6000, NTA labels 6000, YTA labels 0
Validation Size: 5067, NTA labels 5067, YTA labels 0
Test Size: 4978, NTA labels 4978, YTA labels 0
Training with SBERT, model name is sbert
Tokenizing the dataset
Number of training steps 1880
Epoch 0 **** Loss 0.00024377444060519338 **** Metrics validation: {'accuracy': 1.0, 'f1_weighted': 1.0, 'macro': 1.0, 'micro': 1.0, 'binary': 0.0, 'accuracy_majority': 1.0, 'macro_majority': 1.0, 'binary_majority': 0.0, 'run_time_millis': 4424.548517039511, 'loss_mean': 9.806607704376802e-05}
Epoch 1 **** Loss 9.733474144013599e-05 **** Metrics validation: {'accuracy': 1.0, 'f1_weighted': 1.0, 'macro': 1.0, 'micro': 1.0, 'binary': 0.0, 'accuracy_majority': 1.0, 'macro_majority': 1.0, 'binary_majority': 0.0, 'run_time_millis': 5402.2783570108, 'loss_mean': 3.873591049341485e-05}
Epoch 2 **** Loss 5.468494782689959e-05 **** Metrics validation: {'accuracy': 1.0, 'f1_weighted': 1.0, 'macro': 1.0, 'micro': 1.0, 'binary': 0.0, 'accuracy_majority': 1.0, 'macro_majority': 1.0, 'binary_majority': 0.0, 'run_time_millis': 5392.8665239945985, 'loss_mean': 2.1910313080297783e-05}
Epoch 3 **** Loss 4.0131006244337186e-05 **** Metrics validation: {'accuracy': 1.0, 'f1_weighted': 1.0, 'macro': 1.0, 'micro': 1.0, 'binary': 0.0, 'accuracy_majority': 1.0, 'macro_majority': 1.0, 'binary_majority': 0.0, 'run_time_millis': 4466.865864000283, 'loss_mean': 1.4637796084571164e-05}
Epoch 4 **** Loss 2.3191880245576613e-05 **** Metrics validation: {'accuracy': 1.0, 'f1_weighted': 1.0, 'macro': 1.0, 'micro': 1.0, 'binary': 0.0, 'accuracy_majority': 1.0, 'macro_majority': 1.0, 'binary_majority': 0.0, 'run_time_millis': 5418.13559998991, 'loss_mean': 1.0880768968490884e-05}
Epoch 5 **** Loss 2.8517330065369606e-05 **** Metrics validation: {'accuracy': 1.0, 'f1_weighted': 1.0, 'macro': 1.0, 'micro': 1.0, 'binary': 0.0, 'accuracy_majority': 1.0, 'macro_majority': 1.0, 'binary_majority': 0.0, 'run_time_millis': 5429.704742971808, 'loss_mean': 8.705712389200926e-06}
Epoch 6 **** Loss 2.870888783945702e-05 **** Metrics validation: {'accuracy': 1.0, 'f1_weighted': 1.0, 'macro': 1.0, 'micro': 1.0, 'binary': 0.0, 'accuracy_majority': 1.0, 'macro_majority': 1.0, 'binary_majority': 0.0, 'run_time_millis': 5240.898930002004, 'loss_mean': 7.338959676417289e-06}
Epoch 7 **** Loss 2.1732936147600412e-05 **** Metrics validation: {'accuracy': 1.0, 'f1_weighted': 1.0, 'macro': 1.0, 'micro': 1.0, 'binary': 0.0, 'accuracy_majority': 1.0, 'macro_majority': 1.0, 'binary_majority': 0.0, 'run_time_millis': 5392.469027952757, 'loss_mean': 6.5103708948299754e-06}
Epoch 8 **** Loss 2.6394231099402532e-05 **** Metrics validation: {'accuracy': 1.0, 'f1_weighted': 1.0, 'macro': 1.0, 'micro': 1.0, 'binary': 0.0, 'accuracy_majority': 1.0, 'macro_majority': 1.0, 'binary_majority': 0.0, 'run_time_millis': 5419.112003990449, 'loss_mean': 6.035566457285313e-06}
Epoch 9 **** Loss 3.0955186957726255e-05 **** Metrics validation: {'accuracy': 1.0, 'f1_weighted': 1.0, 'macro': 1.0, 'micro': 1.0, 'binary': 0.0, 'accuracy_majority': 1.0, 'macro_majority': 1.0, 'binary_majority': 0.0, 'run_time_millis': 5282.32073498657, 'loss_mean': 5.8795608310902026e-06}
Evaluating
{'accuracy': 1.0, 'f1_weighted': 1.0, 'macro': 1.0, 'micro': 1.0, 'binary': 0.0, 'accuracy_majority': 1.0, 'macro_majority': 1.0, 'binary_majority': 0.0, 'run_time_millis': 3546.181446989067, 'loss_mean': 9.806607704376802e-05}
Device cuda
Split type sit
Training Size: 6750, NTA labels 6750, YTA labels 0
Validation Size: 5067, NTA labels 5067, YTA labels 0
Test Size: 4978, NTA labels 4978, YTA labels 0
Training with SBERT, model name is sbert
Tokenizing the dataset
Number of training steps 2110
Epoch 0 **** Loss 0.00021881806605961174 **** Metrics validation: {'accuracy': 1.0, 'f1_weighted': 1.0, 'macro': 1.0, 'micro': 1.0, 'binary': 0.0, 'accuracy_majority': 1.0, 'macro_majority': 1.0, 'binary_majority': 0.0, 'run_time_millis': 5416.167881980073, 'loss_mean': 8.508072642143816e-05}
Epoch 1 **** Loss 8.221014286391437e-05 **** Metrics validation: {'accuracy': 1.0, 'f1_weighted': 1.0, 'macro': 1.0, 'micro': 1.0, 'binary': 0.0, 'accuracy_majority': 1.0, 'macro_majority': 1.0, 'binary_majority': 0.0, 'run_time_millis': 4154.518527036998, 'loss_mean': 3.259043296566233e-05}
Epoch 2 **** Loss 5.964010051684454e-05 **** Metrics validation: {'accuracy': 1.0, 'f1_weighted': 1.0, 'macro': 1.0, 'micro': 1.0, 'binary': 0.0, 'accuracy_majority': 1.0, 'macro_majority': 1.0, 'binary_majority': 0.0, 'run_time_millis': 4232.521018013358, 'loss_mean': 1.7990560081670992e-05}
Epoch 3 **** Loss 3.7666119169443846e-05 **** Metrics validation: {'accuracy': 1.0, 'f1_weighted': 1.0, 'macro': 1.0, 'micro': 1.0, 'binary': 0.0, 'accuracy_majority': 1.0, 'macro_majority': 1.0, 'binary_majority': 0.0, 'run_time_millis': 5334.013152983971, 'loss_mean': 1.1853530850203242e-05}
Epoch 4 **** Loss 2.1295276383170858e-05 **** Metrics validation: {'accuracy': 1.0, 'f1_weighted': 1.0, 'macro': 1.0, 'micro': 1.0, 'binary': 0.0, 'accuracy_majority': 1.0, 'macro_majority': 1.0, 'binary_majority': 0.0, 'run_time_millis': 5430.096508003771, 'loss_mean': 8.70120038598543e-06}
Epoch 5 **** Loss 2.6224157409160398e-05 **** Metrics validation: {'accuracy': 1.0, 'f1_weighted': 1.0, 'macro': 1.0, 'micro': 1.0, 'binary': 0.0, 'accuracy_majority': 1.0, 'macro_majority': 1.0, 'binary_majority': 0.0, 'run_time_millis': 5251.926424971316, 'loss_mean': 6.865841896797065e-06}
Epoch 6 **** Loss 2.0214332835166715e-05 **** Metrics validation: {'accuracy': 1.0, 'f1_weighted': 1.0, 'macro': 1.0, 'micro': 1.0, 'binary': 0.0, 'accuracy_majority': 1.0, 'macro_majority': 1.0, 'binary_majority': 0.0, 'run_time_millis': 5384.95844200952, 'loss_mean': 5.737042101827683e-06}
Epoch 7 **** Loss 1.548657746752724e-05 **** Metrics validation: {'accuracy': 1.0, 'f1_weighted': 1.0, 'macro': 1.0, 'micro': 1.0, 'binary': 0.0, 'accuracy_majority': 1.0, 'macro_majority': 1.0, 'binary_majority': 0.0, 'run_time_millis': 5133.760168973822, 'loss_mean': 5.06575179315405e-06}
Epoch 8 **** Loss 1.4749440197192598e-05 **** Metrics validation: {'accuracy': 1.0, 'f1_weighted': 1.0, 'macro': 1.0, 'micro': 1.0, 'binary': 0.0, 'accuracy_majority': 1.0, 'macro_majority': 1.0, 'binary_majority': 0.0, 'run_time_millis': 5429.546051018406, 'loss_mean': 4.6887280404916964e-06}
Epoch 9 **** Loss 2.1440700948005542e-05 **** Metrics validation: {'accuracy': 1.0, 'f1_weighted': 1.0, 'macro': 1.0, 'micro': 1.0, 'binary': 0.0, 'accuracy_majority': 1.0, 'macro_majority': 1.0, 'binary_majority': 0.0, 'run_time_millis': 4494.714614993427, 'loss_mean': 4.5612428039021324e-06}
Evaluating
{'accuracy': 1.0, 'f1_weighted': 1.0, 'macro': 1.0, 'micro': 1.0, 'binary': 0.0, 'accuracy_majority': 1.0, 'macro_majority': 1.0, 'binary_majority': 0.0, 'run_time_millis': 5487.421767029446, 'loss_mean': 8.508072642143816e-05}
Device cuda
Split type sit
Training Size: 7500, NTA labels 7500, YTA labels 0
Validation Size: 5067, NTA labels 5067, YTA labels 0
Test Size: 4978, NTA labels 4978, YTA labels 0
Training with SBERT, model name is sbert
Tokenizing the dataset
Number of training steps 2350
Epoch 0 **** Loss 0.00019264568982180208 **** Metrics validation: {'accuracy': 1.0, 'f1_weighted': 1.0, 'macro': 1.0, 'micro': 1.0, 'binary': 0.0, 'accuracy_majority': 1.0, 'macro_majority': 1.0, 'binary_majority': 0.0, 'run_time_millis': 5642.805329000112, 'loss_mean': 7.280360296135768e-05}
Epoch 1 **** Loss 7.39341412554495e-05 **** Metrics validation: {'accuracy': 1.0, 'f1_weighted': 1.0, 'macro': 1.0, 'micro': 1.0, 'binary': 0.0, 'accuracy_majority': 1.0, 'macro_majority': 1.0, 'binary_majority': 0.0, 'run_time_millis': 5390.389759035315, 'loss_mean': 2.7491811124491505e-05}
Epoch 2 **** Loss 6.643252709181979e-05 **** Metrics validation: {'accuracy': 1.0, 'f1_weighted': 1.0, 'macro': 1.0, 'micro': 1.0, 'binary': 0.0, 'accuracy_majority': 1.0, 'macro_majority': 1.0, 'binary_majority': 0.0, 'run_time_millis': 4111.193285963964, 'loss_mean': 1.4924259630788583e-05}
Epoch 3 **** Loss 1.8421627828502096e-05 **** Metrics validation: {'accuracy': 1.0, 'f1_weighted': 1.0, 'macro': 1.0, 'micro': 1.0, 'binary': 0.0, 'accuracy_majority': 1.0, 'macro_majority': 1.0, 'binary_majority': 0.0, 'run_time_millis': 4322.408864973113, 'loss_mean': 9.725371455715504e-06}
Epoch 4 **** Loss 2.5683335479698144e-05 **** Metrics validation: {'accuracy': 1.0, 'f1_weighted': 1.0, 'macro': 1.0, 'micro': 1.0, 'binary': 0.0, 'accuracy_majority': 1.0, 'macro_majority': 1.0, 'binary_majority': 0.0, 'run_time_millis': 5250.120550044812, 'loss_mean': 7.082340744091198e-06}
Epoch 5 **** Loss 1.3368154213821981e-05 **** Metrics validation: {'accuracy': 1.0, 'f1_weighted': 1.0, 'macro': 1.0, 'micro': 1.0, 'binary': 0.0, 'accuracy_majority': 1.0, 'macro_majority': 1.0, 'binary_majority': 0.0, 'run_time_millis': 5405.240458028857, 'loss_mean': 5.573443559114821e-06}
Epoch 6 **** Loss 2.656290598679334e-05 **** Metrics validation: {'accuracy': 1.0, 'f1_weighted': 1.0, 'macro': 1.0, 'micro': 1.0, 'binary': 0.0, 'accuracy_majority': 1.0, 'macro_majority': 1.0, 'binary_majority': 0.0, 'run_time_millis': 5241.647151007783, 'loss_mean': 4.648895810532849e-06}
Epoch 7 **** Loss 2.564486931078136e-05 **** Metrics validation: {'accuracy': 1.0, 'f1_weighted': 1.0, 'macro': 1.0, 'micro': 1.0, 'binary': 0.0, 'accuracy_majority': 1.0, 'macro_majority': 1.0, 'binary_majority': 0.0, 'run_time_millis': 5310.263708990533, 'loss_mean': 4.0861918932932895e-06}
Epoch 8 **** Loss 8.922269444155972e-06 **** Metrics validation: {'accuracy': 1.0, 'f1_weighted': 1.0, 'macro': 1.0, 'micro': 1.0, 'binary': 0.0, 'accuracy_majority': 1.0, 'macro_majority': 1.0, 'binary_majority': 0.0, 'run_time_millis': 4912.369595956989, 'loss_mean': 3.767172756852233e-06}
Epoch 9 **** Loss 1.230682300956687e-05 **** Metrics validation: {'accuracy': 1.0, 'f1_weighted': 1.0, 'macro': 1.0, 'micro': 1.0, 'binary': 0.0, 'accuracy_majority': 1.0, 'macro_majority': 1.0, 'binary_majority': 0.0, 'run_time_millis': 5344.484127999749, 'loss_mean': 3.66105678040185e-06}
Evaluating
{'accuracy': 1.0, 'f1_weighted': 1.0, 'macro': 1.0, 'micro': 1.0, 'binary': 0.0, 'accuracy_majority': 1.0, 'macro_majority': 1.0, 'binary_majority': 0.0, 'run_time_millis': 5364.064465975389, 'loss_mean': 7.280360296135768e-05}
