______________________________	 Running Epoch 1 of 10 	______________________________
[Training] Itteration/Batch:   0/363: Loss: 0.41 | Accuracy: 1.00
[Training] Itteration/Batch:  25/363: Loss: 0.34 | Accuracy: 1.00
[Training] Itteration/Batch:  50/363: Loss: 0.31 | Accuracy: 1.00
[Training] Itteration/Batch:  75/363: Loss: 1.01 | Accuracy: 0.94
[Training] Itteration/Batch: 100/363: Loss: 0.32 | Accuracy: 1.00
[Training] Itteration/Batch: 125/363: Loss: 0.81 | Accuracy: 0.94
[Training] Itteration/Batch: 150/363: Loss: 0.29 | Accuracy: 1.00
[Training] Itteration/Batch: 175/363: Loss: 0.67 | Accuracy: 0.94
[Training] Itteration/Batch: 200/363: Loss: 0.25 | Accuracy: 1.00
[Training] Itteration/Batch: 225/363: Loss: 1.56 | Accuracy: 0.88
[Training] Itteration/Batch: 250/363: Loss: 0.99 | Accuracy: 0.94
[Training] Itteration/Batch: 275/363: Loss: 0.20 | Accuracy: 1.00
[Training] Itteration/Batch: 300/363: Loss: 0.82 | Accuracy: 0.94
[Training] Itteration/Batch: 325/363: Loss: 0.18 | Accuracy: 1.00
[Training] Itteration/Batch: 350/363: Loss: 0.16 | Accuracy: 1.00

Epoch 1: Val Bin. F1 Majority 0.4399999976158142 | Val Macro F1 Majority 0.7124568965517242 |             Val Bin F1 Individual 0.31578946113586426 | Val Macro F1 Individual 0.647191144027734 |             Val Accuracy Majority 0.9706190824508667 | Val Accuracy Individual 0.9584845304489136 | Training Loss:0.49961432814598083 |             Val Loss 0.367980420589447 | Train Runtime Millis 25383.428599000126 | Val Runtime Millis 4048.623823000071

______________________________	 Running Epoch 2 of 10 	______________________________
[Training] Itteration/Batch:   0/363: Loss: 0.11 | Accuracy: 1.00
[Training] Itteration/Batch:  25/363: Loss: 1.14 | Accuracy: 0.94
[Training] Itteration/Batch:  50/363: Loss: 0.21 | Accuracy: 1.00
[Training] Itteration/Batch:  75/363: Loss: 0.18 | Accuracy: 1.00
[Training] Itteration/Batch: 100/363: Loss: 0.17 | Accuracy: 1.00
[Training] Itteration/Batch: 125/363: Loss: 0.15 | Accuracy: 1.00
[Training] Itteration/Batch: 150/363: Loss: 0.09 | Accuracy: 1.00
[Training] Itteration/Batch: 175/363: Loss: 0.08 | Accuracy: 1.00
[Training] Itteration/Batch: 200/363: Loss: 0.13 | Accuracy: 1.00
[Training] Itteration/Batch: 225/363: Loss: 0.18 | Accuracy: 0.94
[Training] Itteration/Batch: 250/363: Loss: 0.11 | Accuracy: 1.00
[Training] Itteration/Batch: 275/363: Loss: 0.28 | Accuracy: 0.88
[Training] Itteration/Batch: 300/363: Loss: 0.10 | Accuracy: 1.00
[Training] Itteration/Batch: 325/363: Loss: 0.09 | Accuracy: 1.00
[Training] Itteration/Batch: 350/363: Loss: 0.06 | Accuracy: 1.00

Epoch 2: Val Bin. F1 Majority 0.5263158082962036 | Val Macro F1 Majority 0.7558566508212121 |             Val Bin F1 Individual 0.4017278552055359 | Val Macro F1 Individual 0.6904621284071214 |             Val Accuracy Majority 0.9716684222221375 | Val Accuracy Individual 0.9597909450531006 | Training Loss:0.25553956627845764 |             Val Loss 0.36631476879119873 | Train Runtime Millis 25218.7332540002 | Val Runtime Millis 4048.752866000086

______________________________	 Running Epoch 3 of 10 	______________________________
[Training] Itteration/Batch:   0/363: Loss: 0.09 | Accuracy: 1.00
[Training] Itteration/Batch:  25/363: Loss: 0.18 | Accuracy: 1.00
[Training] Itteration/Batch:  50/363: Loss: 0.23 | Accuracy: 0.94
[Training] Itteration/Batch:  75/363: Loss: 0.07 | Accuracy: 1.00
[Training] Itteration/Batch: 100/363: Loss: 0.06 | Accuracy: 1.00
[Training] Itteration/Batch: 125/363: Loss: 0.06 | Accuracy: 1.00
[Training] Itteration/Batch: 150/363: Loss: 0.05 | Accuracy: 1.00
[Training] Itteration/Batch: 175/363: Loss: 0.08 | Accuracy: 1.00
[Training] Itteration/Batch: 200/363: Loss: 0.18 | Accuracy: 0.94
[Training] Itteration/Batch: 225/363: Loss: 0.06 | Accuracy: 1.00
[Training] Itteration/Batch: 250/363: Loss: 0.07 | Accuracy: 1.00
[Training] Itteration/Batch: 275/363: Loss: 0.06 | Accuracy: 1.00
[Training] Itteration/Batch: 300/363: Loss: 0.21 | Accuracy: 0.88
[Training] Itteration/Batch: 325/363: Loss: 0.08 | Accuracy: 1.00
[Training] Itteration/Batch: 350/363: Loss: 0.04 | Accuracy: 1.00

Epoch 3: Val Bin. F1 Majority 0.5 | Val Macro F1 Majority 0.7427105831533478 |             Val Bin F1 Individual 0.3652968108654022 | Val Macro F1 Individual 0.6722286117215365 |             Val Accuracy Majority 0.9716684222221375 | Val Accuracy Individual 0.9596458077430725 | Training Loss:0.15851053595542908 |             Val Loss 0.3842356503009796 | Train Runtime Millis 25250.858720999986 | Val Runtime Millis 4044.2655800002285

______________________________	 Running Epoch 1 of 10 	______________________________
[Training] Itteration/Batch:   0/371: Loss: 0.40 | Accuracy: 1.00
[Training] Itteration/Batch:  25/371: Loss: 0.93 | Accuracy: 0.94
[Training] Itteration/Batch:  50/371: Loss: 0.35 | Accuracy: 1.00
[Training] Itteration/Batch:  75/371: Loss: 0.36 | Accuracy: 1.00
[Training] Itteration/Batch: 100/371: Loss: 0.34 | Accuracy: 1.00
[Training] Itteration/Batch: 125/371: Loss: 0.88 | Accuracy: 0.94
[Training] Itteration/Batch: 150/371: Loss: 0.31 | Accuracy: 1.00
[Training] Itteration/Batch: 175/371: Loss: 0.65 | Accuracy: 0.94
[Training] Itteration/Batch: 200/371: Loss: 0.54 | Accuracy: 0.94
[Training] Itteration/Batch: 225/371: Loss: 0.35 | Accuracy: 1.00
[Training] Itteration/Batch: 250/371: Loss: 0.28 | Accuracy: 1.00
[Training] Itteration/Batch: 275/371: Loss: 1.13 | Accuracy: 0.94
[Training] Itteration/Batch: 300/371: Loss: 0.54 | Accuracy: 0.94
[Training] Itteration/Batch: 325/371: Loss: 0.22 | Accuracy: 1.00
[Training] Itteration/Batch: 350/371: Loss: 0.20 | Accuracy: 1.00

Epoch 1: Val Bin. F1 Majority 0.0 | Val Macro F1 Majority 0.4932677369238736 |             Val Bin F1 Individual 0.0 | Val Macro F1 Individual 0.49042857142857144 |             Val Accuracy Majority 0.9734287261962891 | Val Accuracy Individual 0.962433397769928 | Training Loss:0.519395112991333 |             Val Loss 0.3899742066860199 | Train Runtime Millis 25751.350826999897 | Val Runtime Millis 4174.77881800005

______________________________	 Running Epoch 2 of 10 	______________________________
[Training] Itteration/Batch:   0/371: Loss: 0.87 | Accuracy: 0.94
[Training] Itteration/Batch:  25/371: Loss: 0.60 | Accuracy: 0.81
[Training] Itteration/Batch:  50/371: Loss: 0.33 | Accuracy: 1.00
[Training] Itteration/Batch:  75/371: Loss: 0.19 | Accuracy: 1.00
[Training] Itteration/Batch: 100/371: Loss: 0.19 | Accuracy: 1.00
[Training] Itteration/Batch: 125/371: Loss: 0.48 | Accuracy: 0.88
[Training] Itteration/Batch: 150/371: Loss: 0.15 | Accuracy: 0.94
[Training] Itteration/Batch: 175/371: Loss: 1.42 | Accuracy: 0.94
[Training] Itteration/Batch: 200/371: Loss: 0.13 | Accuracy: 1.00
[Training] Itteration/Batch: 225/371: Loss: 1.72 | Accuracy: 0.94
[Training] Itteration/Batch: 250/371: Loss: 0.10 | Accuracy: 1.00
[Training] Itteration/Batch: 275/371: Loss: 0.13 | Accuracy: 1.00
[Training] Itteration/Batch: 300/371: Loss: 0.21 | Accuracy: 0.88
[Training] Itteration/Batch: 325/371: Loss: 0.07 | Accuracy: 1.00
[Training] Itteration/Batch: 350/371: Loss: 0.06 | Accuracy: 1.00

Epoch 2: Val Bin. F1 Majority 0.515625 | Val Macro F1 Majority 0.7496244387216059 |             Val Bin F1 Individual 0.4038461446762085 | Val Macro F1 Individual 0.6906487097423961 |             Val Accuracy Majority 0.9683188796043396 | Val Accuracy Individual 0.9565461277961731 | Training Loss:0.28150174021720886 |             Val Loss 0.3241907060146332 | Train Runtime Millis 25838.338727000064 | Val Runtime Millis 4185.782196999753

______________________________	 Running Epoch 3 of 10 	______________________________
[Training] Itteration/Batch:   0/371: Loss: 0.06 | Accuracy: 1.00
[Training] Itteration/Batch:  25/371: Loss: 0.33 | Accuracy: 0.88
[Training] Itteration/Batch:  50/371: Loss: 0.07 | Accuracy: 1.00
[Training] Itteration/Batch:  75/371: Loss: 0.05 | Accuracy: 1.00
[Training] Itteration/Batch: 100/371: Loss: 0.09 | Accuracy: 1.00
[Training] Itteration/Batch: 125/371: Loss: 0.06 | Accuracy: 1.00
[Training] Itteration/Batch: 150/371: Loss: 0.07 | Accuracy: 1.00
[Training] Itteration/Batch: 175/371: Loss: 0.05 | Accuracy: 1.00
[Training] Itteration/Batch: 200/371: Loss: 0.23 | Accuracy: 0.88
[Training] Itteration/Batch: 225/371: Loss: 0.06 | Accuracy: 1.00
[Training] Itteration/Batch: 250/371: Loss: 0.04 | Accuracy: 1.00
[Training] Itteration/Batch: 275/371: Loss: 0.04 | Accuracy: 1.00
[Training] Itteration/Batch: 300/371: Loss: 0.17 | Accuracy: 0.94
[Training] Itteration/Batch: 325/371: Loss: 0.07 | Accuracy: 1.00
[Training] Itteration/Batch: 350/371: Loss: 0.05 | Accuracy: 1.00

Epoch 3: Val Bin. F1 Majority 0.45517241954803467 | Val Macro F1 Majority 0.717105973412869 |             Val Bin F1 Individual 0.37800687551498413 | Val Macro F1 Individual 0.6757782427975914 |             Val Accuracy Majority 0.9596320986747742 | Val Accuracy Individual 0.9492570757865906 | Training Loss:0.1722930669784546 |             Val Loss 0.3260601758956909 | Train Runtime Millis 25902.323558000262 | Val Runtime Millis 4182.460091999928

______________________________	 Running Epoch 4 of 10 	______________________________
[Training] Itteration/Batch:   0/371: Loss: 0.18 | Accuracy: 0.94
[Training] Itteration/Batch:  25/371: Loss: 0.18 | Accuracy: 0.94
[Training] Itteration/Batch:  50/371: Loss: 0.20 | Accuracy: 0.94
[Training] Itteration/Batch:  75/371: Loss: 0.03 | Accuracy: 1.00
[Training] Itteration/Batch: 100/371: Loss: 0.04 | Accuracy: 1.00
[Training] Itteration/Batch: 125/371: Loss: 0.03 | Accuracy: 1.00
[Training] Itteration/Batch: 150/371: Loss: 0.07 | Accuracy: 1.00
[Training] Itteration/Batch: 175/371: Loss: 0.14 | Accuracy: 1.00
[Training] Itteration/Batch: 200/371: Loss: 0.04 | Accuracy: 1.00
[Training] Itteration/Batch: 225/371: Loss: 0.04 | Accuracy: 1.00
[Training] Itteration/Batch: 250/371: Loss: 0.07 | Accuracy: 1.00
[Training] Itteration/Batch: 275/371: Loss: 0.11 | Accuracy: 0.94
[Training] Itteration/Batch: 300/371: Loss: 0.07 | Accuracy: 1.00
[Training] Itteration/Batch: 325/371: Loss: 0.16 | Accuracy: 0.94
[Training] Itteration/Batch: 350/371: Loss: 0.05 | Accuracy: 1.00

Epoch 4: Val Bin. F1 Majority 0.35978835821151733 | Val Macro F1 Majority 0.6636525691559249 |             Val Bin F1 Individual 0.3282758593559265 | Val Macro F1 Individual 0.6461581628885771 |             Val Accuracy Majority 0.9381706714630127 | Val Accuracy Individual 0.9317353367805481 | Training Loss:0.11212913691997528 |             Val Loss 0.3460407555103302 | Train Runtime Millis 25924.24026000026 | Val Runtime Millis 4184.48447100036

