Device cuda
Split type sit
Training Size: 40552, NTA labels 38692, YTA labels 1860
Validation Size: 13579, NTA labels 12987, YTA labels 592
Test Size: 13389, NTA labels 12756, YTA labels 633
Training with SBERT, model name is sbert
Tokenizing the dataset
Number of training steps 12680
Epoch 0 **** Loss 0.022632036358118057 **** Metrics validation: {'accuracy': 0.9246630827012299, 'f1_weighted': 0.9335698609717348, 'macro': 0.6568793430195831, 'micro': 0.9246630827012299, 'binary': 0.35375868603916616, 'accuracy_majority': 0.9232391890308215, 'macro_majority': 0.6720207921277221, 'binary_majority': 0.38497652582159625, 'run_time_millis': 7282.630350999852, 'loss_mean': 0.0643875002861023}
Epoch 1 **** Loss 0.056870296597480774 **** Metrics validation: {'accuracy': 0.9219382870609029, 'f1_weighted': 0.9325527350139696, 'macro': 0.6618406313549925, 'micro': 0.9219382870609029, 'binary': 0.3652694610778443, 'accuracy_majority': 0.9201921950076175, 'macro_majority': 0.6748986885953023, 'binary_majority': 0.3925066904549509, 'run_time_millis': 7275.6132049999, 'loss_mean': 0.0635996013879776}
Epoch 2 **** Loss 0.06189702823758125 **** Metrics validation: {'accuracy': 0.9300390308564696, 'f1_weighted': 0.9371128730331963, 'macro': 0.666494744080951, 'micro': 0.9300390308564696, 'binary': 0.370026525198939, 'accuracy_majority': 0.927692487987812, 'macro_majority': 0.6774344523681869, 'binary_majority': 0.39331366764995085, 'run_time_millis': 7275.472183000147, 'loss_mean': 0.06937588006258011}
Epoch 3 **** Loss 0.036274299025535583 **** Metrics validation: {'accuracy': 0.9178879151631195, 'f1_weighted': 0.9297130820047517, 'macro': 0.6526375753846563, 'micro': 0.9178879151631195, 'binary': 0.3490951546993578, 'accuracy_majority': 0.9163248564397046, 'macro_majority': 0.6676710888735286, 'binary_majority': 0.38020833333333337, 'run_time_millis': 7285.59296100002, 'loss_mean': 0.07113678753376007}
Epoch 4 **** Loss 0.0024666350800544024 **** Metrics validation: {'accuracy': 0.9133956845128507, 'f1_weighted': 0.9269064959085954, 'macro': 0.646862169403153, 'micro': 0.9133956845128507, 'binary': 0.34006734006734, 'accuracy_majority': 0.9125747099496074, 'macro_majority': 0.6630600388303469, 'binary_majority': 0.373109243697479, 'run_time_millis': 7258.992540999998, 'loss_mean': 0.07984691858291626}
Epoch 5 **** Loss 0.0415286123752594 **** Metrics validation: {'accuracy': 0.9326901833713823, 'f1_weighted': 0.9375241485580272, 'macro': 0.6548967971973558, 'micro': 0.9326901833713823, 'binary': 0.34527220630372496, 'accuracy_majority': 0.9293331770772296, 'macro_majority': 0.6642560226134908, 'binary_majority': 0.3659305993690852, 'run_time_millis': 7272.319630000084, 'loss_mean': 0.09728679060935974}
Epoch 6 **** Loss 0.10938165336847305 **** Metrics validation: {'accuracy': 0.9264305177111717, 'f1_weighted': 0.9340971822871726, 'macro': 0.6521140742173445, 'micro': 0.9264305177111718, 'binary': 0.3431952662721894, 'accuracy_majority': 0.9237079573420837, 'macro_majority': 0.6645964769299332, 'binary_majority': 0.3697967086156824, 'run_time_millis': 7273.585490000187, 'loss_mean': 0.10238149017095566}
Epoch 7 **** Loss 0.0002094043738907203 **** Metrics validation: {'accuracy': 0.9330583989984534, 'f1_weighted': 0.937960682072214, 'macro': 0.6579431765456745, 'micro': 0.9330583989984534, 'binary': 0.3511777301927194, 'accuracy_majority': 0.9299191374663073, 'macro_majority': 0.6680252124020742, 'binary_majority': 0.37316561844863727, 'run_time_millis': 7273.1247760000315, 'loss_mean': 0.11431661993265152}
Epoch 8 **** Loss 0.07186207175254822 **** Metrics validation: {'accuracy': 0.9368878415199942, 'f1_weighted': 0.9399121834827449, 'macro': 0.6580571562023315, 'micro': 0.9368878415199942, 'binary': 0.34927866362946086, 'accuracy_majority': 0.9329661314895114, 'macro_majority': 0.6652331890802203, 'binary_majority': 0.36585365853658536, 'run_time_millis': 7276.885206000088, 'loss_mean': 0.1258585900068283}
Epoch 9 **** Loss 0.028930412605404854 **** Metrics validation: {'accuracy': 0.9378452021503793, 'f1_weighted': 0.9399754248215267, 'macro': 0.6529742290729157, 'micro': 0.9378452021503793, 'binary': 0.33855799373040757, 'accuracy_majority': 0.9329661314895114, 'macro_majority': 0.6573304089954282, 'binary_majority': 0.35, 'run_time_millis': 6261.9167789998755, 'loss_mean': 0.1309991329908371}
Evaluating
{'accuracy': 0.9378452021503793, 'f1_weighted': 0.9399754248215267, 'macro': 0.6529742290729157, 'micro': 0.9378452021503793, 'binary': 0.33855799373040757, 'accuracy_majority': 0.9329661314895114, 'macro_majority': 0.6573304089954282, 'binary_majority': 0.35, 'run_time_millis': 7292.535070999975, 'loss_mean': 0.1309991329908371}
