Device cuda
Split type sit
Training Size: 12427, NTA labels 8238, YTA labels 4189
Validation Size: 4175, NTA labels 2790, YTA labels 1385
Test Size: 4253, NTA labels 2786, YTA labels 1467
Training with SBERT, model name is sbert
Tokenizing the dataset
Number of training steps 3890
Epoch 0 **** Loss 0.18699531257152557 **** Metrics validation: {'accuracy': 0.7178443113772455, 'f1_weighted': 0.7257982460991039, 'macro': 0.7055531767436491, 'micro': 0.7178443113772456, 'binary': 0.6453943407585792, 'accuracy_majority': 0.7560646900269542, 'macro_majority': 0.7473246538229982, 'binary_majority': 0.7003311258278146, 'run_time_millis': 4527.100765000796, 'loss_mean': 0.2530950903892517}
Epoch 1 **** Loss 0.2391505390405655 **** Metrics validation: {'accuracy': 0.7425149700598802, 'f1_weighted': 0.74771997934646, 'macro': 0.7229300198629196, 'micro': 0.7425149700598802, 'binary': 0.6492659053833606, 'accuracy_majority': 0.772911051212938, 'macro_majority': 0.7575970844257285, 'binary_majority': 0.6966696669666966, 'run_time_millis': 3672.1862090053037, 'loss_mean': 0.2467876821756363}
Epoch 2 **** Loss 0.12271367758512497 **** Metrics validation: {'accuracy': 0.738682634730539, 'f1_weighted': 0.7447700011597334, 'macro': 0.7214655057019181, 'micro': 0.738682634730539, 'binary': 0.6522154925087663, 'accuracy_majority': 0.7762803234501348, 'macro_majority': 0.763576336903528, 'binary_majority': 0.7087719298245614, 'run_time_millis': 2740.628146013478, 'loss_mean': 0.25361311435699463}
Epoch 3 **** Loss 0.22635067999362946 **** Metrics validation: {'accuracy': 0.7305389221556886, 'f1_weighted': 0.7367538111889648, 'macro': 0.7125656696605633, 'micro': 0.7305389221556886, 'binary': 0.6406898754391568, 'accuracy_majority': 0.7661725067385444, 'macro_majority': 0.7523163167881561, 'binary_majority': 0.6937334510150043, 'run_time_millis': 4561.732114991173, 'loss_mean': 0.2885439991950989}
Epoch 4 **** Loss 0.10043482482433319 **** Metrics validation: {'accuracy': 0.7293413173652694, 'f1_weighted': 0.7363526976827384, 'macro': 0.7142652776243443, 'micro': 0.7293413173652694, 'binary': 0.64863184079602, 'accuracy_majority': 0.7628032345013477, 'macro_majority': 0.7512362752493504, 'binary_majority': 0.697594501718213, 'run_time_millis': 4534.572073986055, 'loss_mean': 0.2777930200099945}
Epoch 5 **** Loss 0.1072273924946785 **** Metrics validation: {'accuracy': 0.7037125748502994, 'f1_weighted': 0.7122176107657385, 'macro': 0.6967188099081614, 'micro': 0.7037125748502994, 'binary': 0.6506636543349336, 'accuracy_majority': 0.7392183288409704, 'macro_majority': 0.7341450983714242, 'binary_majority': 0.6974198592650509, 'run_time_millis': 4548.461541009601, 'loss_mean': 0.289157897233963}
Epoch 6 **** Loss 0.0884711742401123 **** Metrics validation: {'accuracy': 0.7295808383233533, 'f1_weighted': 0.7372617121027114, 'macro': 0.7182288590868418, 'micro': 0.7295808383233533, 'binary': 0.6616721606233145, 'accuracy_majority': 0.7654986522911051, 'macro_majority': 0.757222237892421, 'binary_majority': 0.7123966942148762, 'run_time_millis': 4547.186773997964, 'loss_mean': 0.31849774718284607}
Epoch 7 **** Loss 0.09202086925506592 **** Metrics validation: {'accuracy': 0.7255089820359282, 'f1_weighted': 0.7334461784332713, 'macro': 0.7153426704166037, 'micro': 0.7255089820359282, 'binary': 0.6615475487300648, 'accuracy_majority': 0.7601078167115903, 'macro_majority': 0.752630997353551, 'binary_majority': 0.7096247960848288, 'run_time_millis': 4535.371042002225, 'loss_mean': 0.3133365213871002}
Epoch 8 **** Loss 0.09214752167463303 **** Metrics validation: {'accuracy': 0.7346107784431137, 'f1_weighted': 0.7416548999558324, 'macro': 0.720597472880578, 'micro': 0.7346107784431137, 'binary': 0.6580246913580248, 'accuracy_majority': 0.7675202156334232, 'macro_majority': 0.7571260436990959, 'binary_majority': 0.7068819031435853, 'run_time_millis': 4533.372909005266, 'loss_mean': 0.3323354721069336}
Epoch 9 **** Loss 0.18302865326404572 **** Metrics validation: {'accuracy': 0.7489820359281437, 'f1_weighted': 0.7537474026078086, 'macro': 0.7289498463673307, 'micro': 0.7489820359281437, 'binary': 0.6552631578947369, 'accuracy_majority': 0.7803234501347709, 'macro_majority': 0.7652536780404486, 'binary_majority': 0.7057761732851985, 'run_time_millis': 4542.161987017607, 'loss_mean': 0.3651565909385681}
Evaluating
{'accuracy': 0.7489820359281437, 'f1_weighted': 0.7537474026078086, 'macro': 0.7289498463673307, 'micro': 0.7489820359281437, 'binary': 0.6552631578947369, 'accuracy_majority': 0.7803234501347709, 'macro_majority': 0.7652536780404486, 'binary_majority': 0.7057761732851985, 'run_time_millis': 3575.276107992977, 'loss_mean': 0.3651565909385681}
