______________________________	 Running Epoch 1 of 10 	______________________________
[Training] Itteration/Batch:   0/341: Loss: 0.85 | Accuracy: 0.35
[Training] Itteration/Batch:  25/341: Loss: 1.03 | Accuracy: 0.78
[Training] Itteration/Batch:  50/341: Loss: 0.84 | Accuracy: 0.60
[Training] Itteration/Batch:  75/341: Loss: 0.96 | Accuracy: 0.71
[Training] Itteration/Batch: 100/341: Loss: 0.80 | Accuracy: 0.83
[Training] Itteration/Batch: 125/341: Loss: 0.85 | Accuracy: 0.85
[Training] Itteration/Batch: 150/341: Loss: 1.03 | Accuracy: 0.62
[Training] Itteration/Batch: 175/341: Loss: 1.24 | Accuracy: 0.74
[Training] Itteration/Batch: 200/341: Loss: 1.25 | Accuracy: 0.76
[Training] Itteration/Batch: 225/341: Loss: 1.25 | Accuracy: 0.61
[Training] Itteration/Batch: 250/341: Loss: 2.19 | Accuracy: 0.55
[Training] Itteration/Batch: 275/341: Loss: 1.70 | Accuracy: 0.55
[Training] Itteration/Batch: 300/341: Loss: 1.22 | Accuracy: 0.70
[Training] Itteration/Batch: 325/341: Loss: 1.00 | Accuracy: 0.65

Epoch 1: Val Bin. F1 Majority 0.0 | Val Macro F1 Majority 0.41768393269548004 |             Val Bin F1 Individual 0.31360000371932983 | Val Macro F1 Individual 0.5752720638540478 |             Val Accuracy Majority 0.7172804474830627 | Val Accuracy Individual 0.7364864945411682 | Training Loss:1.259721279144287 |             Val Loss 1.1800062656402588 | Train Runtime Millis 44052.828990039416 | Val Runtime Millis 7040.936143021099

______________________________	 Running Epoch 2 of 10 	______________________________
[Training] Itteration/Batch:   0/341: Loss: 1.06 | Accuracy: 0.76
[Training] Itteration/Batch:  25/341: Loss: 0.84 | Accuracy: 0.88
[Training] Itteration/Batch:  50/341: Loss: 1.24 | Accuracy: 0.54
[Training] Itteration/Batch:  75/341: Loss: 0.87 | Accuracy: 0.68
[Training] Itteration/Batch: 100/341: Loss: 1.02 | Accuracy: 0.72
[Training] Itteration/Batch: 125/341: Loss: 2.05 | Accuracy: 0.59
[Training] Itteration/Batch: 150/341: Loss: 1.23 | Accuracy: 0.82
[Training] Itteration/Batch: 175/341: Loss: 1.19 | Accuracy: 0.78
[Training] Itteration/Batch: 200/341: Loss: 1.36 | Accuracy: 0.56
[Training] Itteration/Batch: 225/341: Loss: 1.11 | Accuracy: 0.77
[Training] Itteration/Batch: 250/341: Loss: 1.58 | Accuracy: 0.59
[Training] Itteration/Batch: 275/341: Loss: 1.12 | Accuracy: 0.79
[Training] Itteration/Batch: 300/341: Loss: 0.86 | Accuracy: 0.91
[Training] Itteration/Batch: 325/341: Loss: 1.12 | Accuracy: 0.73

Epoch 2: Val Bin. F1 Majority 0.011904762126505375 | Val Macro F1 Majority 0.42366553362918197 |             Val Bin F1 Individual 0.3617021143436432 | Val Macro F1 Individual 0.6000196550538057 |             Val Accuracy Majority 0.7178470492362976 | Val Accuracy Individual 0.7420147657394409 | Training Loss:1.2359977960586548 |             Val Loss 1.1627393960952759 | Train Runtime Millis 43422.96765407082 | Val Runtime Millis 7069.935746956617

______________________________	 Running Epoch 3 of 10 	______________________________
[Training] Itteration/Batch:   0/341: Loss: 1.04 | Accuracy: 0.74
[Training] Itteration/Batch:  25/341: Loss: 1.26 | Accuracy: 0.66
[Training] Itteration/Batch:  50/341: Loss: 0.98 | Accuracy: 0.73
[Training] Itteration/Batch:  75/341: Loss: 1.05 | Accuracy: 0.80
[Training] Itteration/Batch: 100/341: Loss: 0.97 | Accuracy: 0.73
[Training] Itteration/Batch: 125/341: Loss: 1.59 | Accuracy: 0.68
[Training] Itteration/Batch: 150/341: Loss: 1.02 | Accuracy: 0.57
[Training] Itteration/Batch: 175/341: Loss: 0.96 | Accuracy: 0.94
[Training] Itteration/Batch: 200/341: Loss: 0.65 | Accuracy: 0.90
[Training] Itteration/Batch: 225/341: Loss: 0.83 | Accuracy: 0.65
[Training] Itteration/Batch: 250/341: Loss: 0.70 | Accuracy: 0.92
[Training] Itteration/Batch: 275/341: Loss: 1.52 | Accuracy: 0.77
[Training] Itteration/Batch: 300/341: Loss: 0.84 | Accuracy: 0.86
[Training] Itteration/Batch: 325/341: Loss: 1.16 | Accuracy: 0.62

Epoch 3: Val Bin. F1 Majority 0.17320261895656586 | Val Macro F1 Majority 0.4998980858050326 |             Val Bin F1 Individual 0.337579607963562 | Val Macro F1 Individual 0.5896421681257211 |             Val Accuracy Majority 0.7133144736289978 | Val Accuracy Individual 0.7444717288017273 | Training Loss:1.1897886991500854 |             Val Loss 1.1276812553405762 | Train Runtime Millis 43476.43705701921 | Val Runtime Millis 7014.244645950384

______________________________	 Running Epoch 4 of 10 	______________________________
[Training] Itteration/Batch:   0/341: Loss: 1.13 | Accuracy: 0.61
[Training] Itteration/Batch:  25/341: Loss: 0.93 | Accuracy: 0.62
[Training] Itteration/Batch:  50/341: Loss: 1.01 | Accuracy: 0.61
[Training] Itteration/Batch:  75/341: Loss: 0.90 | Accuracy: 0.75
[Training] Itteration/Batch: 100/341: Loss: 0.62 | Accuracy: 0.81
[Training] Itteration/Batch: 125/341: Loss: 2.23 | Accuracy: 0.70
[Training] Itteration/Batch: 150/341: Loss: 1.59 | Accuracy: 0.56
[Training] Itteration/Batch: 175/341: Loss: 1.03 | Accuracy: 0.78
[Training] Itteration/Batch: 200/341: Loss: 0.83 | Accuracy: 0.78
[Training] Itteration/Batch: 225/341: Loss: 1.25 | Accuracy: 0.72
[Training] Itteration/Batch: 250/341: Loss: 1.32 | Accuracy: 0.69
[Training] Itteration/Batch: 275/341: Loss: 1.50 | Accuracy: 0.69
[Training] Itteration/Batch: 300/341: Loss: 0.75 | Accuracy: 0.86
[Training] Itteration/Batch: 325/341: Loss: 1.38 | Accuracy: 0.79

Epoch 4: Val Bin. F1 Majority 0.33049818873405457 | Val Macro F1 Majority 0.5634759080571006 |             Val Bin F1 Individual 0.39549437165260315 | Val Macro F1 Individual 0.5994565856893767 |             Val Accuracy Majority 0.687818706035614 | Val Accuracy Individual 0.7033169269561768 | Training Loss:1.0747904777526855 |             Val Loss 1.149689793586731 | Train Runtime Millis 43603.262944030575 | Val Runtime Millis 7105.982854962349

______________________________	 Running Epoch 5 of 10 	______________________________
[Training] Itteration/Batch:   0/341: Loss: 1.03 | Accuracy: 0.78
[Training] Itteration/Batch:  25/341: Loss: 1.04 | Accuracy: 0.67
[Training] Itteration/Batch:  50/341: Loss: 1.08 | Accuracy: 0.81
[Training] Itteration/Batch:  75/341: Loss: 0.72 | Accuracy: 0.84
[Training] Itteration/Batch: 100/341: Loss: 0.85 | Accuracy: 0.91
[Training] Itteration/Batch: 125/341: Loss: 0.83 | Accuracy: 0.73
[Training] Itteration/Batch: 150/341: Loss: 0.60 | Accuracy: 0.87
[Training] Itteration/Batch: 175/341: Loss: 0.95 | Accuracy: 0.78
[Training] Itteration/Batch: 200/341: Loss: 0.74 | Accuracy: 0.80
[Training] Itteration/Batch: 225/341: Loss: 1.05 | Accuracy: 0.87
[Training] Itteration/Batch: 250/341: Loss: 0.71 | Accuracy: 0.74
[Training] Itteration/Batch: 275/341: Loss: 0.79 | Accuracy: 0.91
[Training] Itteration/Batch: 300/341: Loss: 1.18 | Accuracy: 0.41
[Training] Itteration/Batch: 325/341: Loss: 1.07 | Accuracy: 0.79

Epoch 5: Val Bin. F1 Majority 0.3543788194656372 | Val Macro F1 Majority 0.5527781063859039 |             Val Bin F1 Individual 0.3844393491744995 | Val Macro F1 Individual 0.5792893689705592 |             Val Accuracy Majority 0.6407932043075562 | Val Accuracy Individual 0.6695331931114197 | Training Loss:0.9171310663223267 |             Val Loss 1.2490243911743164 | Train Runtime Millis 42352.06471104175 | Val Runtime Millis 6977.504940005019

