Device cuda
Split type sit
Training Size: 52665, NTA labels 51258, YTA labels 1407
Validation Size: 17402, NTA labels 16948, YTA labels 454
Test Size: 17255, NTA labels 16804, YTA labels 451
Training with SBERT, model name is sbert
Tokenizing the dataset
Number of training steps 16460
Epoch 0 **** Loss 0.017210502177476883 **** Metrics validation: {'accuracy': 0.9262728422020458, 'f1_weighted': 0.9438237219615923, 'macro': 0.6301896908088728, 'micro': 0.9262728422020458, 'binary': 0.2992900054614965, 'accuracy_majority': 0.926099348534202, 'macro_majority': 0.6480200118915359, 'binary_majority': 0.33516483516483514, 'run_time_millis': 8907.999122002366, 'loss_mean': 0.04058454930782318}
Epoch 1 **** Loss 0.01371485274285078 **** Metrics validation: {'accuracy': 0.9538558786346397, 'f1_weighted': 0.9594205529214102, 'macro': 0.6565039268950368, 'micro': 0.9538558786346397, 'binary': 0.33691164327002476, 'accuracy_majority': 0.9522597719869706, 'macro_majority': 0.6676842873211419, 'binary_majority': 0.3601637107776262, 'run_time_millis': 8998.982080000133, 'loss_mean': 0.046257954090833664}
Epoch 2 **** Loss 0.0030254132580012083 **** Metrics validation: {'accuracy': 0.939087461211355, 'f1_weighted': 0.9511564537101831, 'macro': 0.6430048093205988, 'micro': 0.939087461211355, 'binary': 0.3178893178893179, 'accuracy_majority': 0.9380089576547231, 'macro_majority': 0.6573630691545976, 'binary_majority': 0.34726688102893893, 'run_time_millis': 9097.987124998326, 'loss_mean': 0.04368115961551666}
Epoch 3 **** Loss 0.041613589972257614 **** Metrics validation: {'accuracy': 0.9316745201700954, 'f1_weighted': 0.9468595878875672, 'macro': 0.6341723133158078, 'micro': 0.9316745201700954, 'binary': 0.3042715038033938, 'accuracy_majority': 0.9308835504885994, 'macro_majority': 0.650550342285896, 'binary_majority': 0.33756097560975606, 'run_time_millis': 7027.981029001239, 'loss_mean': 0.048367273062467575}
Epoch 4 **** Loss 0.009127628058195114 **** Metrics validation: {'accuracy': 0.9509251810136766, 'f1_weighted': 0.9574692312517732, 'macro': 0.6473038156564717, 'micro': 0.9509251810136766, 'binary': 0.3200636942675159, 'accuracy_majority': 0.9494096091205212, 'macro_majority': 0.6585761030376098, 'binary_majority': 0.3434610303830911, 'run_time_millis': 9048.194876002526, 'loss_mean': 0.06343510746955872}
Epoch 5 **** Loss 0.03794679045677185 **** Metrics validation: {'accuracy': 0.9517296862429606, 'f1_weighted': 0.9578986554531285, 'macro': 0.6476822586467, 'micro': 0.9517296862429606, 'binary': 0.32038834951456313, 'accuracy_majority': 0.949714983713355, 'macro_majority': 0.655833404014441, 'binary_majority': 0.3378016085790884, 'run_time_millis': 8998.765985001228, 'loss_mean': 0.07005473226308823}
Epoch 6 **** Loss 0.01280217431485653 **** Metrics validation: {'accuracy': 0.9542581312492817, 'f1_weighted': 0.9592879438970461, 'macro': 0.6497292505678375, 'micro': 0.9542581312492817, 'binary': 0.32312925170068024, 'accuracy_majority': 0.9519543973941368, 'macro_majority': 0.6551439166204323, 'binary_majority': 0.3352112676056338, 'run_time_millis': 9156.42802900038, 'loss_mean': 0.07876609265804291}
Epoch 7 **** Loss 0.04694950580596924 **** Metrics validation: {'accuracy': 0.9562119296632571, 'f1_weighted': 0.9602486926625938, 'macro': 0.6491161276576423, 'micro': 0.9562119296632571, 'binary': 0.32085561497326204, 'accuracy_majority': 0.9535830618892508, 'macro_majority': 0.652685637730419, 'binary_majority': 0.3294117647058823, 'run_time_millis': 7063.510596999549, 'loss_mean': 0.08867601305246353}
Epoch 8 **** Loss 0.012178391218185425 **** Metrics validation: {'accuracy': 0.9571313642110102, 'f1_weighted': 0.9608120697413028, 'macro': 0.6510694319012601, 'micro': 0.9571313642110102, 'binary': 0.32427536231884063, 'accuracy_majority': 0.9539902280130294, 'macro_majority': 0.6517806954147594, 'binary_majority': 0.32738095238095233, 'run_time_millis': 8991.5598890002, 'loss_mean': 0.09281957894563675}
Epoch 9 **** Loss 0.004765206947922707 **** Metrics validation: {'accuracy': 0.9567865762556028, 'f1_weighted': 0.9605277306332501, 'macro': 0.6488782341437835, 'micro': 0.9567865762556028, 'binary': 0.32007233273056057, 'accuracy_majority': 0.9539902280130294, 'macro_majority': 0.6517806954147594, 'binary_majority': 0.32738095238095233, 'run_time_millis': 9084.90445300049, 'loss_mean': 0.09511715173721313}
Evaluating
{'accuracy': 0.9571313642110102, 'f1_weighted': 0.9608120697413028, 'macro': 0.6510694319012601, 'micro': 0.9571313642110102, 'binary': 0.32427536231884063, 'accuracy_majority': 0.9539902280130294, 'macro_majority': 0.6517806954147594, 'binary_majority': 0.32738095238095233, 'run_time_millis': 9092.015140999138, 'loss_mean': 0.09281957894563675}
