Device cuda
Split type sit
Training Size: 58104, NTA labels 56658, YTA labels 1446
Validation Size: 19352, NTA labels 18862, YTA labels 490
Test Size: 19260, NTA labels 18752, YTA labels 508
Training with SBERT, model name is sbert
Tokenizing the dataset
Number of training steps 18160
Epoch 0 **** Loss 0.02393442392349243 **** Metrics validation: {'accuracy': 0.9354071930549814, 'f1_weighted': 0.9501270615250772, 'macro': 0.6516354240718741, 'micro': 0.9354071930549813, 'binary': 0.3372216330858961, 'accuracy_majority': 0.9319107662463627, 'macro_majority': 0.6669247468117805, 'binary_majority': 0.36983842010771995, 'run_time_millis': 8633.594586979598, 'loss_mean': 0.03553999587893486}
Epoch 1 **** Loss 0.03290222957730293 **** Metrics validation: {'accuracy': 0.9423832162050434, 'f1_weighted': 0.954399416076323, 'macro': 0.6650657017445456, 'micro': 0.9423832162050434, 'binary': 0.3602983362019507, 'accuracy_majority': 0.936760426770126, 'macro_majority': 0.6780830682187364, 'binary_majority': 0.3895131086142322, 'run_time_millis': 9401.189588999841, 'loss_mean': 0.03716769441962242}
Epoch 2 **** Loss 0.048354100435972214 **** Metrics validation: {'accuracy': 0.9356138900372054, 'f1_weighted': 0.9501415817203758, 'macro': 0.6495754200050551, 'micro': 0.9356138900372054, 'binary': 0.3329764453961456, 'accuracy_majority': 0.9300678952473327, 'macro_majority': 0.664989083034869, 'binary_majority': 0.36698858647936783, 'run_time_millis': 9398.364156950265, 'loss_mean': 0.03952411934733391}
Epoch 3 **** Loss 0.006753177847713232 **** Metrics validation: {'accuracy': 0.9466721785861927, 'f1_weighted': 0.9566343013021601, 'macro': 0.6651946221019123, 'micro': 0.9466721785861927, 'binary': 0.35820895522388063, 'accuracy_majority': 0.9395732298739088, 'macro_majority': 0.6741690477005743, 'binary_majority': 0.38009950248756214, 'run_time_millis': 7371.365640021395, 'loss_mean': 0.0618927888572216}
Epoch 4 **** Loss 0.04712579771876335 **** Metrics validation: {'accuracy': 0.9390760644894585, 'f1_weighted': 0.952318045831698, 'macro': 0.657431159504882, 'micro': 0.9390760644894585, 'binary': 0.346814404432133, 'accuracy_majority': 0.9334626576139671, 'macro_majority': 0.6706100968703428, 'binary_majority': 0.37636363636363634, 'run_time_millis': 9415.820443013217, 'loss_mean': 0.06110310181975365}
Epoch 5 **** Loss 0.01317837368696928 **** Metrics validation: {'accuracy': 0.9455870194295163, 'f1_weighted': 0.9559870452878034, 'macro': 0.6633847863774687, 'micro': 0.9455870194295163, 'binary': 0.35517452541334965, 'accuracy_majority': 0.9404461687681862, 'macro_majority': 0.677963880578124, 'binary_majority': 0.3872255489021956, 'run_time_millis': 9397.277662006672, 'loss_mean': 0.07162623107433319}
Epoch 6 **** Loss 0.010763264261186123 **** Metrics validation: {'accuracy': 0.9523563455973543, 'f1_weighted': 0.9599222607133422, 'macro': 0.672730127426294, 'micro': 0.9523563455973543, 'binary': 0.3702185792349726, 'accuracy_majority': 0.9483026188166829, 'macro_majority': 0.6913563917247434, 'binary_majority': 0.4097452934662237, 'run_time_millis': 9422.064612968825, 'loss_mean': 0.0873245894908905}
Epoch 7 **** Loss 0.01757228374481201 **** Metrics validation: {'accuracy': 0.958608929309632, 'f1_weighted': 0.9634224192238783, 'macro': 0.6790705327141308, 'micro': 0.958608929309632, 'binary': 0.37955073586367155, 'accuracy_majority': 0.9547041707080505, 'macro_majority': 0.6995856829735687, 'binary_majority': 0.4227441285537701, 'run_time_millis': 9397.472043987364, 'loss_mean': 0.0996033251285553}
Epoch 8 **** Loss 0.026446357369422913 **** Metrics validation: {'accuracy': 0.9584022323274081, 'f1_weighted': 0.9632630599324877, 'macro': 0.6779495622950291, 'micro': 0.9584022323274081, 'binary': 0.37741686001546787, 'accuracy_majority': 0.9542192046556741, 'macro_majority': 0.6952852596141637, 'binary_majority': 0.4143920595533499, 'run_time_millis': 9400.259695015848, 'loss_mean': 0.10164950788021088}
Epoch 9 **** Loss 0.03266759589314461 **** Metrics validation: {'accuracy': 0.9600041339396445, 'f1_weighted': 0.9642273849389593, 'macro': 0.6810537814374509, 'micro': 0.9600041339396445, 'binary': 0.3827751196172249, 'accuracy_majority': 0.9556741028128031, 'macro_majority': 0.6973971571194841, 'binary_majority': 0.41783439490445856, 'run_time_millis': 8377.776311011985, 'loss_mean': 0.10516642779111862}
Evaluating
{'accuracy': 0.9600041339396445, 'f1_weighted': 0.9642273849389593, 'macro': 0.6810537814374509, 'micro': 0.9600041339396445, 'binary': 0.3827751196172249, 'accuracy_majority': 0.9556741028128031, 'macro_majority': 0.6973971571194841, 'binary_majority': 0.41783439490445856, 'run_time_millis': 9388.411456020549, 'loss_mean': 0.10516642779111862}
