Device cuda
Split type sit
Training Size: 1434, NTA labels 855, YTA labels 579
Validation Size: 480, NTA labels 278, YTA labels 202
Test Size: 480, NTA labels 285, YTA labels 195
Training with SBERT, model name is sbert
Tokenizing the dataset
Number of training steps 450
Epoch 0 **** Loss 0.3343874514102936 **** Metrics validation: {'accuracy': 0.5854166666666667, 'f1_weighted': 0.5806626808780543, 'macro': 0.5662105640806725, 'micro': 0.5854166666666667, 'binary': 0.474934036939314, 'accuracy_majority': 0.61875, 'macro_majority': 0.5995897435897437, 'binary_majority': 0.5120000000000001, 'run_time_millis': 2636.4548849996936, 'loss_mean': 0.33378371596336365}
Epoch 1 **** Loss 0.319271057844162 **** Metrics validation: {'accuracy': 0.5666666666666667, 'f1_weighted': 0.5683268890105169, 'macro': 0.5593142534296156, 'micro': 0.5666666666666667, 'binary': 0.5023923444976076, 'accuracy_majority': 0.5875, 'macro_majority': 0.57955088389871, 'binary_majority': 0.5217391304347826, 'run_time_millis': 2888.6586070002522, 'loss_mean': 0.33078286051750183}
Epoch 2 **** Loss 0.3269138038158417 **** Metrics validation: {'accuracy': 0.6416666666666667, 'f1_weighted': 0.5991122132071688, 'macro': 0.5717042601315598, 'micro': 0.6416666666666667, 'binary': 0.39860139860139854, 'accuracy_majority': 0.6875, 'macro_majority': 0.6234230841649406, 'binary_majority': 0.4680851063829786, 'run_time_millis': 2888.3177700008673, 'loss_mean': 0.33159303665161133}
Epoch 3 **** Loss 0.324748158454895 **** Metrics validation: {'accuracy': 0.59375, 'f1_weighted': 0.595545657260961, 'macro': 0.5875180130354885, 'micro': 0.59375, 'binary': 0.5368171021377672, 'accuracy_majority': 0.61875, 'macro_majority': 0.6120672522755277, 'binary_majority': 0.5611510791366907, 'run_time_millis': 2881.9010719998914, 'loss_mean': 0.3282991349697113}
Epoch 4 **** Loss 0.25100013613700867 **** Metrics validation: {'accuracy': 0.5854166666666667, 'f1_weighted': 0.5338358360604969, 'macro': 0.5014379589855473, 'micro': 0.5854166666666667, 'binary': 0.2968197879858657, 'accuracy_majority': 0.61875, 'macro_majority': 0.5376817772725119, 'binary_majority': 0.3440860215053763, 'run_time_millis': 2078.779980998661, 'loss_mean': 0.3496544063091278}
Epoch 5 **** Loss 0.3643087148666382 **** Metrics validation: {'accuracy': 0.6, 'f1_weighted': 0.5747736521349716, 'macro': 0.5513931346015304, 'micro': 0.6, 'binary': 0.40372670807453415, 'accuracy_majority': 0.625, 'macro_majority': 0.5767942161876213, 'binary_majority': 0.4339622641509434, 'run_time_millis': 2894.1056940020644, 'loss_mean': 0.33870646357536316}
Epoch 6 **** Loss 0.1707257330417633 **** Metrics validation: {'accuracy': 0.60625, 'f1_weighted': 0.5767018828606841, 'macro': 0.5520243344805962, 'micro': 0.60625, 'binary': 0.3961661341853035, 'accuracy_majority': 0.63125, 'macro_majority': 0.5776475325488792, 'binary_majority': 0.42718446601941745, 'run_time_millis': 2893.6187340004835, 'loss_mean': 0.3485841155052185}
Epoch 7 **** Loss 0.25503572821617126 **** Metrics validation: {'accuracy': 0.6041666666666666, 'f1_weighted': 0.5896855955765598, 'macro': 0.5707103989757301, 'micro': 0.6041666666666666, 'binary': 0.4508670520231214, 'accuracy_majority': 0.6375, 'macro_majority': 0.6048373360585931, 'binary_majority': 0.4912280701754386, 'run_time_millis': 2892.9447699993034, 'loss_mean': 0.3508189916610718}
Epoch 8 **** Loss 0.2786356210708618 **** Metrics validation: {'accuracy': 0.6104166666666667, 'f1_weighted': 0.5716761633428301, 'macro': 0.5441595441595442, 'micro': 0.6104166666666667, 'binary': 0.3703703703703704, 'accuracy_majority': 0.6375, 'macro_majority': 0.5734510020224306, 'binary_majority': 0.40816326530612246, 'run_time_millis': 2696.4532370002416, 'loss_mean': 0.3631640076637268}
Epoch 9 **** Loss 0.25530242919921875 **** Metrics validation: {'accuracy': 0.5979166666666667, 'f1_weighted': 0.5565861688118602, 'macro': 0.5277685739773162, 'micro': 0.5979166666666667, 'binary': 0.34576271186440677, 'accuracy_majority': 0.61875, 'macro_majority': 0.5487957098608479, 'binary_majority': 0.3711340206185567, 'run_time_millis': 2889.4458949980617, 'loss_mean': 0.36389389634132385}
Evaluating
{'accuracy': 0.6416666666666667, 'f1_weighted': 0.5991122132071688, 'macro': 0.5717042601315598, 'micro': 0.6416666666666667, 'binary': 0.39860139860139854, 'accuracy_majority': 0.6875, 'macro_majority': 0.6234230841649406, 'binary_majority': 0.4680851063829786, 'run_time_millis': 2895.308051000029, 'loss_mean': 0.33159303665161133}
