Device cuda
Split type sit
Training Size: 124578, NTA labels 119806, YTA labels 4772
Validation Size: 41314, NTA labels 39706, YTA labels 1608
Test Size: 41623, NTA labels 40033, YTA labels 1590
Training with SBERT, model name is sbert
Tokenizing the dataset
Number of training steps 38940
Epoch 0 **** Loss 0.02677455171942711 **** Metrics validation: {'accuracy': 0.9567458972745316, 'f1_weighted': 0.9536023489205923, 'macro': 0.669129890040809, 'micro': 0.9567458972745316, 'binary': 0.3606440071556351, 'accuracy_majority': 0.970948275862069, 'macro_majority': 0.7280108283584266, 'binary_majority': 0.47095761381475665, 'run_time_millis': 19304.578296000273, 'loss_mean': 0.06562342494726181}
Epoch 1 **** Loss 0.0470922589302063 **** Metrics validation: {'accuracy': 0.9538897226121896, 'f1_weighted': 0.9531272748666807, 'macro': 0.6816531233863482, 'micro': 0.9538897226121896, 'binary': 0.3872627854615632, 'accuracy_majority': 0.9680172413793103, 'macro_majority': 0.7337513693374451, 'binary_majority': 0.4840055632823366, 'run_time_millis': 19287.110559999746, 'loss_mean': 0.06517115980386734}
Epoch 2 **** Loss 0.007309067994356155 **** Metrics validation: {'accuracy': 0.9571331751948492, 'f1_weighted': 0.9541030228245782, 'macro': 0.6732204315774141, 'micro': 0.9571331751948492, 'binary': 0.3686274509803922, 'accuracy_majority': 0.9724137931034482, 'macro_majority': 0.7413367316335142, 'binary_majority': 0.4968553459119497, 'run_time_millis': 19200.189686000158, 'loss_mean': 0.07220640778541565}
Epoch 3 **** Loss 0.07298055291175842 **** Metrics validation: {'accuracy': 0.9526068645011376, 'f1_weighted': 0.9526913744858095, 'macro': 0.684386258150503, 'micro': 0.9526068645011376, 'binary': 0.3934324659231722, 'accuracy_majority': 0.9660344827586207, 'macro_majority': 0.7292560774025265, 'binary_majority': 0.47606382978723405, 'run_time_millis': 19096.455447999688, 'loss_mean': 0.06966466456651688}
Epoch 4 **** Loss 8.023343252716586e-05 **** Metrics validation: {'accuracy': 0.9573994287650676, 'f1_weighted': 0.9538790374863984, 'macro': 0.6685176184763275, 'micro': 0.9573994287650676, 'binary': 0.3590677348871086, 'accuracy_majority': 0.9721551724137931, 'macro_majority': 0.7327829237818705, 'binary_majority': 0.4798711755233494, 'run_time_millis': 18869.226091999735, 'loss_mean': 0.08673051744699478}
Epoch 5 **** Loss 0.0010696060489863157 **** Metrics validation: {'accuracy': 0.9553420148133804, 'f1_weighted': 0.9535063341754192, 'macro': 0.6770804015863001, 'micro': 0.9553420148133804, 'binary': 0.37732028349645635, 'accuracy_majority': 0.9699137931034483, 'macro_majority': 0.7352560944754623, 'binary_majority': 0.48600883652430044, 'run_time_millis': 19237.345766000544, 'loss_mean': 0.0870676040649414}
Epoch 6 **** Loss 0.12387389689683914 **** Metrics validation: {'accuracy': 0.9559713414338965, 'f1_weighted': 0.9533377226059875, 'macro': 0.6707022011815634, 'micro': 0.9559713414338965, 'binary': 0.364208318769661, 'accuracy_majority': 0.9706896551724138, 'macro_majority': 0.7309227358007846, 'binary_majority': 0.4769230769230769, 'run_time_millis': 19068.582568999773, 'loss_mean': 0.09603695571422577}
Epoch 7 **** Loss 0.006121774669736624 **** Metrics validation: {'accuracy': 0.953671878782011, 'f1_weighted': 0.9520988061267389, 'macro': 0.669405777727891, 'micro': 0.953671878782011, 'binary': 0.3628495339547271, 'accuracy_majority': 0.968103448275862, 'macro_majority': 0.7244396597330582, 'binary_majority': 0.46531791907514447, 'run_time_millis': 18861.946388999968, 'loss_mean': 0.1002580001950264}
Epoch 8 **** Loss 0.38582244515419006 **** Metrics validation: {'accuracy': 0.9551967855932614, 'f1_weighted': 0.952869404182525, 'macro': 0.6695832157281094, 'micro': 0.9551967855932614, 'binary': 0.36238374095763, 'accuracy_majority': 0.9697413793103449, 'macro_majority': 0.7275069232556136, 'binary_majority': 0.47058823529411764, 'run_time_millis': 18820.540911000535, 'loss_mean': 0.1108403131365776}
Epoch 9 **** Loss 9.737193613545969e-05 **** Metrics validation: {'accuracy': 0.9553420148133804, 'f1_weighted': 0.9530221775887404, 'macro': 0.6706542587889583, 'micro': 0.9553420148133804, 'binary': 0.3644505683775405, 'accuracy_majority': 0.9700862068965517, 'macro_majority': 0.7306122574635269, 'binary_majority': 0.47662141779788836, 'run_time_millis': 19192.91929300016, 'loss_mean': 0.1157546117901802}
Evaluating
{'accuracy': 0.9571331751948492, 'f1_weighted': 0.9541030228245782, 'macro': 0.6732204315774141, 'micro': 0.9571331751948492, 'binary': 0.3686274509803922, 'accuracy_majority': 0.9724137931034482, 'macro_majority': 0.7413367316335142, 'binary_majority': 0.4968553459119497, 'run_time_millis': 19226.825425000243, 'loss_mean': 0.07220640778541565}
