Device cuda
Split type sit
Training Size: 122931, NTA labels 119056, YTA labels 3875
Validation Size: 41033, NTA labels 39658, YTA labels 1375
Test Size: 40934, NTA labels 39710, YTA labels 1224
Training with SBERT, model name is sbert
Tokenizing the dataset
Number of training steps 38420
Epoch 0 **** Loss 0.015111508779227734 **** Metrics validation: {'accuracy': 0.960202763629274, 'f1_weighted': 0.9610999685714753, 'macro': 0.7066725848508421, 'micro': 0.960202763629274, 'binary': 0.43396880415944533, 'accuracy_majority': 0.9718103448275862, 'macro_majority': 0.7614722317193008, 'binary_majority': 0.5374823196605374, 'run_time_millis': 17410.774084994046, 'loss_mean': 0.054411955177783966}
Epoch 1 **** Loss 0.042322684079408646 **** Metrics validation: {'accuracy': 0.9540857358711281, 'f1_weighted': 0.9581179008824439, 'macro': 0.7083389799630313, 'micro': 0.9540857358711281, 'binary': 0.44061757719714967, 'accuracy_majority': 0.9637931034482758, 'macro_majority': 0.738812187306401, 'binary_majority': 0.49640287769784164, 'run_time_millis': 17419.193333000294, 'loss_mean': 0.05105926841497421}
Epoch 2 **** Loss 0.049686189740896225 **** Metrics validation: {'accuracy': 0.9584237077474228, 'f1_weighted': 0.9605871736926404, 'macro': 0.7126112252472374, 'micro': 0.9584237077474228, 'binary': 0.446822308690013, 'accuracy_majority': 0.9689655172413794, 'macro_majority': 0.7545123060112271, 'binary_majority': 0.525065963060686, 'run_time_millis': 17392.106776002038, 'loss_mean': 0.05278153717517853}
Epoch 3 **** Loss 0.015565700829029083 **** Metrics validation: {'accuracy': 0.9376111909926157, 'f1_weighted': 0.9482423880089179, 'macro': 0.6860039116074381, 'micro': 0.9376111909926157, 'binary': 0.40492794049279407, 'accuracy_majority': 0.9435344827586207, 'macro_majority': 0.6877234674992178, 'binary_majority': 0.40508628519527706, 'run_time_millis': 17400.85231899866, 'loss_mean': 0.056615084409713745}
Epoch 4 **** Loss 0.03447289764881134 **** Metrics validation: {'accuracy': 0.9453123096044647, 'f1_weighted': 0.9529084537464708, 'macro': 0.6969197335101821, 'micro': 0.9453123096044647, 'binary': 0.422542460113227, 'accuracy_majority': 0.9551724137931035, 'macro_majority': 0.7163449275776685, 'binary_majority': 0.4560669456066946, 'run_time_millis': 17396.23402399593, 'loss_mean': 0.0588122196495533}
Epoch 5 **** Loss 0.014632380567491055 **** Metrics validation: {'accuracy': 0.9519898618185363, 'f1_weighted': 0.9566676403401442, 'macro': 0.7022934995124295, 'micro': 0.9519898618185363, 'binary': 0.42964678633468445, 'accuracy_majority': 0.9633620689655172, 'macro_majority': 0.7353973556159173, 'binary_majority': 0.4897959183673469, 'run_time_millis': 17573.685292001755, 'loss_mean': 0.07227509468793869}
Epoch 6 **** Loss 0.027731813490390778 **** Metrics validation: {'accuracy': 0.9515024492481661, 'f1_weighted': 0.956290825177005, 'macro': 0.7002665295293135, 'micro': 0.9515024492481661, 'binary': 0.42585112521638774, 'accuracy_majority': 0.9636206896551724, 'macro_majority': 0.7351214690347734, 'binary_majority': 0.4891041162227603, 'run_time_millis': 17398.15354700113, 'loss_mean': 0.07428279519081116}
Epoch 7 **** Loss 0.024054301902651787 **** Metrics validation: {'accuracy': 0.951356225477055, 'f1_weighted': 0.9562945987263924, 'macro': 0.7015024921167112, 'micro': 0.951356225477055, 'binary': 0.42840778923253153, 'accuracy_majority': 0.9625, 'macro_majority': 0.7346863523153874, 'binary_majority': 0.4888366627497062, 'run_time_millis': 17362.064788998396, 'loss_mean': 0.08299964666366577}
Epoch 8 **** Loss 0.03865676000714302 **** Metrics validation: {'accuracy': 0.9471157361148344, 'f1_weighted': 0.9539349089823005, 'macro': 0.6984961664331748, 'micro': 0.9471157361148344, 'binary': 0.42470837751855783, 'accuracy_majority': 0.9574137931034483, 'macro_majority': 0.7204355631878854, 'binary_majority': 0.4630434782608696, 'run_time_millis': 17364.411827002186, 'loss_mean': 0.0829836055636406}
Epoch 9 **** Loss 0.013506070710718632 **** Metrics validation: {'accuracy': 0.9489922745107596, 'f1_weighted': 0.9548938850037297, 'macro': 0.6984451284743614, 'micro': 0.9489922745107596, 'binary': 0.4235747727898651, 'accuracy_majority': 0.9595689655172414, 'macro_majority': 0.7245196221031431, 'binary_majority': 0.4700564971751413, 'run_time_millis': 16799.34642999433, 'loss_mean': 0.08688955754041672}
Evaluating
{'accuracy': 0.960202763629274, 'f1_weighted': 0.9610999685714753, 'macro': 0.7066725848508421, 'micro': 0.960202763629274, 'binary': 0.43396880415944533, 'accuracy_majority': 0.9718103448275862, 'macro_majority': 0.7614722317193008, 'binary_majority': 0.5374823196605374, 'run_time_millis': 16274.717927000893, 'loss_mean': 0.054411955177783966}
