Device cuda
DATASET: GE'surprise, MODEL: sbertbase, 
Split type sit
DATASET: GE'surprise, MODEL: sbertbase, PERCENTAGE: False, NUM_COMMENTS_PER_ANNO: 24
Training Size: 19858, NTA labels 19317, YTA labels 541
Validation Size: 6570, NTA labels 6370, YTA labels 200
Test Size: 6364, NTA labels 6215, YTA labels 149
Training with SBERT, model name is sbert
Tokenizing the dataset
Number of training steps 6210
Epoch 0 **** Loss 0.027027646079659462 **** Metrics validation: {'accuracy': 0.869558599695586, 'f1_weighted': 0.9082194265622663, 'macro': 0.596405960199629, 'micro': 0.869558599695586, 'binary': 0.26437768240343346, 'accuracy_majority': 0.8724795640326976, 'macro_majority': 0.5726850414387733, 'binary_majority': 0.21476510067114093, 'run_time_millis': 4476.628466974944, 'loss_mean': 0.03615250065922737}
Epoch 1 **** Loss 0.02138396166265011 **** Metrics validation: {'accuracy': 0.9121765601217656, 'f1_weighted': 0.9341188241713027, 'macro': 0.6429709334494897, 'micro': 0.9121765601217656, 'binary': 0.3329479768786127, 'accuracy_majority': 0.9171662125340599, 'macro_majority': 0.6228690723433714, 'binary_majority': 0.2897196261682243, 'run_time_millis': 4477.01150085777, 'loss_mean': 0.03539728373289108}
Epoch 2 **** Loss 0.004738792777061462 **** Metrics validation: {'accuracy': 0.9115677321156773, 'f1_weighted': 0.9337412660062696, 'macro': 0.64203400778675, 'micro': 0.9115677321156773, 'binary': 0.331415420023015, 'accuracy_majority': 0.9166212534059945, 'macro_majority': 0.6253107896559593, 'binary_majority': 0.29493087557603687, 'run_time_millis': 4179.310003295541, 'loss_mean': 0.03876594826579094}
Epoch 3 **** Loss 0.006212414242327213 **** Metrics validation: {'accuracy': 0.9190258751902588, 'f1_weighted': 0.9381303367896717, 'macro': 0.6492221797593317, 'micro': 0.9190258751902588, 'binary': 0.3415841584158416, 'accuracy_majority': 0.9237057220708447, 'macro_majority': 0.6332808021286558, 'binary_majority': 0.30693069306930687, 'run_time_millis': 4477.926359046251, 'loss_mean': 0.046253979206085205}
Epoch 4 **** Loss 0.00230374070815742 **** Metrics validation: {'accuracy': 0.9423135464231355, 'f1_weighted': 0.951788390280433, 'macro': 0.6747277902826816, 'micro': 0.9423135464231355, 'binary': 0.3797054009819967, 'accuracy_majority': 0.9498637602179837, 'macro_majority': 0.6718781583816646, 'binary_majority': 0.3698630136986301, 'run_time_millis': 3496.971002779901, 'loss_mean': 0.07387237250804901}
Epoch 5 **** Loss 0.0021646206732839346 **** Metrics validation: {'accuracy': 0.9499238964992389, 'f1_weighted': 0.9565468942445381, 'macro': 0.6894626060844371, 'micro': 0.9499238964992389, 'binary': 0.40506329113924044, 'accuracy_majority': 0.9574931880108992, 'macro_majority': 0.6889830508474576, 'binary_majority': 0.39999999999999997, 'run_time_millis': 4486.59560456872, 'loss_mean': 0.08843090385198593}
Epoch 6 **** Loss 0.006949997507035732 **** Metrics validation: {'accuracy': 0.9528158295281582, 'f1_weighted': 0.958295685326693, 'macro': 0.6941495112879509, 'micro': 0.9528158295281581, 'binary': 0.4128787878787879, 'accuracy_majority': 0.9602179836512261, 'macro_majority': 0.6929616462784307, 'binary_majority': 0.40650406504065045, 'run_time_millis': 4493.858662899584, 'loss_mean': 0.10481764376163483}
Epoch 7 **** Loss 0.008280790410935879 **** Metrics validation: {'accuracy': 0.9366818873668189, 'f1_weighted': 0.9488055981259405, 'macro': 0.6737934827443971, 'micro': 0.9366818873668189, 'binary': 0.38095238095238093, 'accuracy_majority': 0.9455040871934605, 'macro_majority': 0.6771048890015062, 'binary_majority': 0.3827160493827161, 'run_time_millis': 4479.048960842192, 'loss_mean': 0.08804377913475037}
Epoch 8 **** Loss 0.014659840613603592 **** Metrics validation: {'accuracy': 0.9484018264840183, 'f1_weighted': 0.9556578247238491, 'macro': 0.6875769316714199, 'micro': 0.9484018264840183, 'binary': 0.4021164021164021, 'accuracy_majority': 0.9569482288828338, 'macro_majority': 0.6962334328670963, 'binary_majority': 0.41481481481481486, 'run_time_millis': 4479.478340130299, 'loss_mean': 0.1039414182305336}
Epoch 9 **** Loss 0.0234205424785614 **** Metrics validation: {'accuracy': 0.9515981735159817, 'f1_weighted': 0.9575408271566266, 'macro': 0.6918439216292451, 'micro': 0.9515981735159817, 'binary': 0.4089219330855019, 'accuracy_majority': 0.9602179836512261, 'macro_majority': 0.7022964212453968, 'binary_majority': 0.4251968503937008, 'run_time_millis': 4514.1317141242325, 'loss_mean': 0.10793040692806244}
Evaluating
{'accuracy': 0.9528158295281582, 'f1_weighted': 0.958295685326693, 'macro': 0.6941495112879509, 'micro': 0.9528158295281581, 'binary': 0.4128787878787879, 'accuracy_majority': 0.9602179836512261, 'macro_majority': 0.6929616462784307, 'binary_majority': 0.40650406504065045, 'run_time_millis': 4490.3893121518195, 'loss_mean': 0.10481764376163483}
