Device cuda
Split type sit
Training Size: 27718, NTA labels 27062, YTA labels 656
Validation Size: 9248, NTA labels 9024, YTA labels 224
Test Size: 9202, NTA labels 8997, YTA labels 205
Training with SBERT, model name is sbert
Tokenizing the dataset
Number of training steps 8670
Epoch 0 **** Loss 0.04612627625465393 **** Metrics validation: {'accuracy': 0.9004108996539792, 'f1_weighted': 0.930317739928457, 'macro': 0.6120829220138203, 'micro': 0.9004108996539792, 'binary': 0.2776470588235294, 'accuracy_majority': 0.8984069732491734, 'macro_majority': 0.6123346772316958, 'binary_majority': 0.279317697228145, 'run_time_millis': 6217.5572520027345, 'loss_mean': 0.028451843187212944}
Epoch 1 **** Loss 0.019831528887152672 **** Metrics validation: {'accuracy': 0.9183607266435986, 'f1_weighted': 0.9411635288938281, 'macro': 0.638501900233164, 'micro': 0.9183607266435986, 'binary': 0.3204320432043204, 'accuracy_majority': 0.9146378118425007, 'macro_majority': 0.6358901398377192, 'binary_majority': 0.3173076923076923, 'run_time_millis': 6232.57931000262, 'loss_mean': 0.02729887329041958}
Epoch 2 **** Loss 0.0032529651653021574 **** Metrics validation: {'accuracy': 0.9347967128027682, 'f1_weighted': 0.9509906063933078, 'macro': 0.6630991647837161, 'micro': 0.9347967128027682, 'binary': 0.3605514316012725, 'accuracy_majority': 0.9307183648932973, 'macro_majority': 0.6575107126504234, 'binary_majority': 0.35161744022503516, 'run_time_millis': 6142.649563000305, 'loss_mean': 0.033340297639369965}
Epoch 3 **** Loss 0.03562072664499283 **** Metrics validation: {'accuracy': 0.9503676470588235, 'f1_weighted': 0.9603805474417032, 'macro': 0.690920231327512, 'micro': 0.9503676470588235, 'binary': 0.407741935483871, 'accuracy_majority': 0.9457469191463781, 'macro_majority': 0.6793570198509216, 'binary_majority': 0.38709677419354843, 'run_time_millis': 6224.792441997124, 'loss_mean': 0.039216455072164536}
Epoch 4 **** Loss 0.00013456142914947122 **** Metrics validation: {'accuracy': 0.9349048442906575, 'f1_weighted': 0.9509989885919856, 'macro': 0.6619612950171117, 'micro': 0.9349048442906575, 'binary': 0.3582089552238805, 'accuracy_majority': 0.9299669371806433, 'macro_majority': 0.6560771936425007, 'binary_majority': 0.34916201117318435, 'run_time_millis': 6234.187691999978, 'loss_mean': 0.03926195204257965}
Epoch 5 **** Loss 0.023127613589167595 **** Metrics validation: {'accuracy': 0.940635813148789, 'f1_weighted': 0.9544326112363987, 'macro': 0.671421368413634, 'micro': 0.940635813148789, 'binary': 0.3740022805017103, 'accuracy_majority': 0.9361286444244064, 'macro_majority': 0.6636434081327657, 'binary_majority': 0.3609022556390978, 'run_time_millis': 6239.168002000952, 'loss_mean': 0.04593738541007042}
Epoch 6 **** Loss 5.222554682404734e-05 **** Metrics validation: {'accuracy': 0.9645328719723183, 'f1_weighted': 0.9685723949846743, 'macro': 0.7109796231822747, 'micro': 0.9645328719723183, 'binary': 0.44027303754266206, 'accuracy_majority': 0.9612263300270514, 'macro_majority': 0.7007327874442251, 'binary_majority': 0.42152466367713, 'run_time_millis': 6135.925696002232, 'loss_mean': 0.06619341671466827}
Epoch 7 **** Loss 0.09207344055175781 **** Metrics validation: {'accuracy': 0.9636678200692042, 'f1_weighted': 0.9682858826722148, 'macro': 0.7142924395066378, 'micro': 0.9636678200692042, 'binary': 0.4473684210526316, 'accuracy_majority': 0.9606251878569282, 'macro_majority': 0.7050212518273864, 'binary_majority': 0.43043478260869567, 'run_time_millis': 6259.414010997716, 'loss_mean': 0.06973852217197418}
Epoch 8 **** Loss 0.05574532225728035 **** Metrics validation: {'accuracy': 0.964424740484429, 'f1_weighted': 0.9688009569106949, 'macro': 0.7170970055960565, 'micro': 0.964424740484429, 'binary': 0.45257903494176366, 'accuracy_majority': 0.9609257589419897, 'macro_majority': 0.7035428043448311, 'binary_majority': 0.42731277533039647, 'run_time_millis': 5212.501947997225, 'loss_mean': 0.07278863340616226}
Epoch 9 **** Loss 0.00012556581350509077 **** Metrics validation: {'accuracy': 0.9660467128027682, 'f1_weighted': 0.9698712796078378, 'macro': 0.7223993098680306, 'micro': 0.9660467128027682, 'binary': 0.4623287671232877, 'accuracy_majority': 0.9625788999098287, 'macro_majority': 0.7080111596981997, 'binary_majority': 0.435374149659864, 'run_time_millis': 6251.571422999405, 'loss_mean': 0.07514054328203201}
Evaluating
{'accuracy': 0.9660467128027682, 'f1_weighted': 0.9698712796078378, 'macro': 0.7223993098680306, 'micro': 0.9660467128027682, 'binary': 0.4623287671232877, 'accuracy_majority': 0.9625788999098287, 'macro_majority': 0.7080111596981997, 'binary_majority': 0.435374149659864, 'run_time_millis': 6251.46475099973, 'loss_mean': 0.07514054328203201}
