Device cuda
Split type sit
Training Size: 10812, NTA labels 7603, YTA labels 3209
Validation Size: 3612, NTA labels 2572, YTA labels 1040
Test Size: 4022, NTA labels 2867, YTA labels 1155
Training with SBERT, model name is sbert
Tokenizing the dataset
Number of training steps 3380
Epoch 0 **** Loss 0.3784729540348053 **** Metrics validation: {'accuracy': 0.7167774086378738, 'f1_weighted': 0.6130518929708287, 'macro': 0.4510666839984402, 'micro': 0.7167774086378738, 'binary': 0.06915377616014559, 'accuracy_majority': 0.69880174291939, 'macro_majority': 0.4346431341672092, 'binary_majority': 0.048192771084337345, 'run_time_millis': 13144.829073920846, 'loss_mean': 0.293315052986145}
Epoch 1 **** Loss 0.20229125022888184 **** Metrics validation: {'accuracy': 0.5946843853820598, 'f1_weighted': 0.6138082261634538, 'macro': 0.5744295647695081, 'micro': 0.5946843853820598, 'binary': 0.481586402266289, 'accuracy_majority': 0.5947712418300654, 'macro_majority': 0.5730632911392405, 'binary_majority': 0.4767932489451477, 'run_time_millis': 13187.108999118209, 'loss_mean': 0.30393531918525696}
Epoch 2 **** Loss 0.14129312336444855 **** Metrics validation: {'accuracy': 0.6445182724252492, 'f1_weighted': 0.6533838315985677, 'macro': 0.5899163706007912, 'micro': 0.6445182724252492, 'binary': 0.44027898866608545, 'accuracy_majority': 0.6399782135076253, 'macro_majority': 0.5844781393214878, 'binary_majority': 0.43261802575107294, 'run_time_millis': 15182.409931905568, 'loss_mean': 0.3282129168510437}
Epoch 3 **** Loss 0.14381097257137299 **** Metrics validation: {'accuracy': 0.6392580287929125, 'f1_weighted': 0.6444179660740833, 'macro': 0.5732015344096377, 'micro': 0.6392580287929125, 'binary': 0.4052943861250571, 'accuracy_majority': 0.6328976034858388, 'macro_majority': 0.5653018210431655, 'binary_majority': 0.39388489208633093, 'run_time_millis': 15169.732821639627, 'loss_mean': 0.3880366086959839}
Epoch 4 **** Loss 0.12806008756160736 **** Metrics validation: {'accuracy': 0.6586378737541528, 'f1_weighted': 0.6515280368726329, 'macro': 0.5670918345277621, 'micro': 0.6586378737541528, 'binary': 0.3680164018452075, 'accuracy_majority': 0.6525054466230937, 'macro_majority': 0.5621610711161946, 'binary_majority': 0.36327345309381237, 'run_time_millis': 15176.998806651682, 'loss_mean': 0.41460922360420227}
Epoch 5 **** Loss 0.1998678594827652 **** Metrics validation: {'accuracy': 0.652547065337763, 'f1_weighted': 0.6571943042993164, 'macro': 0.588072264599319, 'micro': 0.652547065337763, 'binary': 0.4251030691708658, 'accuracy_majority': 0.6481481481481481, 'macro_majority': 0.5790186557628418, 'binary_majority': 0.4084249084249084, 'run_time_millis': 15204.352457076311, 'loss_mean': 0.43131041526794434}
Epoch 6 **** Loss 0.08399895578622818 **** Metrics validation: {'accuracy': 0.6292912513842747, 'f1_weighted': 0.6433729380813457, 'macro': 0.5881986567004945, 'micro': 0.6292912513842747, 'binary': 0.4581141238365034, 'accuracy_majority': 0.6252723311546841, 'macro_majority': 0.5821193358731453, 'binary_majority': 0.4478330658105939, 'run_time_millis': 13174.319037701935, 'loss_mean': 0.402194619178772}
Epoch 7 **** Loss 0.053734518587589264 **** Metrics validation: {'accuracy': 0.6727574750830565, 'f1_weighted': 0.6636817975977722, 'macro': 0.5799231355046668, 'micro': 0.6727574750830565, 'binary': 0.3824451410658308, 'accuracy_majority': 0.6666666666666666, 'macro_majority': 0.570147773753288, 'binary_majority': 0.3664596273291925, 'run_time_millis': 13153.762166853994, 'loss_mean': 0.5991238355636597}
Epoch 8 **** Loss 0.0396588109433651 **** Metrics validation: {'accuracy': 0.6276301218161683, 'f1_weighted': 0.6397047826117852, 'macro': 0.5790543552711785, 'micro': 0.6276301218161683, 'binary': 0.4360587002096436, 'accuracy_majority': 0.6269063180827886, 'macro_majority': 0.5743773586055025, 'binary_majority': 0.4248530646515533, 'run_time_millis': 15159.124999772757, 'loss_mean': 0.6164645552635193}
Epoch 9 **** Loss 0.041976768523454666 **** Metrics validation: {'accuracy': 0.6470099667774086, 'f1_weighted': 0.65369251108843, 'macro': 0.5867797144578109, 'micro': 0.6470099667774086, 'binary': 0.4290192566054635, 'accuracy_majority': 0.6410675381263616, 'macro_majority': 0.5756223573378977, 'binary_majority': 0.40896860986547084, 'run_time_millis': 13148.399085737765, 'loss_mean': 0.7342957854270935}
Evaluating
{'accuracy': 0.6727574750830565, 'f1_weighted': 0.6636817975977722, 'macro': 0.5799231355046668, 'micro': 0.6727574750830565, 'binary': 0.3824451410658308, 'accuracy_majority': 0.6666666666666666, 'macro_majority': 0.570147773753288, 'binary_majority': 0.3664596273291925, 'run_time_millis': 13220.788948703557, 'loss_mean': 0.5991238355636597}
