Device cuda
Split type sit
Training Size: 98, NTA labels 64, YTA labels 34
Validation Size: 2078, NTA labels 1342, YTA labels 736
Test Size: 2089, NTA labels 1337, YTA labels 752
Training with SBERT, model name is sbert
Tokenizing the dataset
Number of training steps 40
Epoch 0 **** Loss 0.34363460540771484 **** Metrics validation: {'accuracy': 0.5457170356111646, 'f1_weighted': 0.5523624538970139, 'macro': 0.5198856516290726, 'micro': 0.5457170356111646, 'binary': 0.40852130325814534, 'accuracy_majority': 0.5364238410596026, 'macro_majority': 0.5233585858585859, 'binary_majority': 0.4444444444444444, 'run_time_millis': 3473.8391889986815, 'loss_mean': 0.3158726990222931}
Epoch 1 **** Loss 0.22175657749176025 **** Metrics validation: {'accuracy': 0.5899903753609239, 'f1_weighted': 0.5818709553472902, 'macro': 0.5354523843259498, 'micro': 0.5899903753609239, 'binary': 0.376281112737921, 'accuracy_majority': 0.5720198675496688, 'macro_majority': 0.5372789421080045, 'binary_majority': 0.4104903078677309, 'run_time_millis': 3327.740917000483, 'loss_mean': 0.3140188753604889}
Epoch 2 **** Loss 0.2458954155445099 **** Metrics validation: {'accuracy': 0.6140519730510106, 'f1_weighted': 0.5767904284928089, 'macro': 0.5115288793532995, 'micro': 0.6140519730510106, 'binary': 0.2877442273534636, 'accuracy_majority': 0.5885761589403974, 'macro_majority': 0.5110558407300901, 'binary_majority': 0.31636863823933975, 'run_time_millis': 3454.486624999845, 'loss_mean': 0.314121812582016}
Epoch 3 **** Loss 0.14659222960472107 **** Metrics validation: {'accuracy': 0.6130895091434071, 'f1_weighted': 0.6009830534414563, 'macro': 0.5533433641207929, 'micro': 0.6130895091434071, 'binary': 0.3899848254931715, 'accuracy_majority': 0.5902317880794702, 'macro_majority': 0.5485646339391881, 'binary_majority': 0.41141498216409034, 'run_time_millis': 3437.3626470005547, 'loss_mean': 0.3112529218196869}
Epoch 4 **** Loss 0.2248799055814743 **** Metrics validation: {'accuracy': 0.6159769008662175, 'f1_weighted': 0.6066123361669882, 'macro': 0.5615732392802186, 'micro': 0.6159769008662175, 'binary': 0.40713224368499257, 'accuracy_majority': 0.5927152317880795, 'macro_majority': 0.5563160110723916, 'binary_majority': 0.42923433874709976, 'run_time_millis': 2871.42904799839, 'loss_mean': 0.31010574102401733}
Epoch 5 **** Loss 0.41326528787612915 **** Metrics validation: {'accuracy': 0.6044273339749759, 'f1_weighted': 0.6092778493924836, 'macro': 0.5792838458923848, 'micro': 0.6044273339749759, 'binary': 0.47643312101910823, 'accuracy_majority': 0.5910596026490066, 'macro_majority': 0.5778100388547883, 'binary_majority': 0.5030181086519114, 'run_time_millis': 2843.9665919977415, 'loss_mean': 0.3072281777858734}
Epoch 6 **** Loss 0.28702062368392944 **** Metrics validation: {'accuracy': 0.559191530317613, 'f1_weighted': 0.5669191830131362, 'macro': 0.5560790035374719, 'micro': 0.559191530317613, 'binary': 0.5189075630252102, 'accuracy_majority': 0.5596026490066225, 'macro_majority': 0.5595048459840706, 'binary_majority': 0.5529411764705882, 'run_time_millis': 3486.627376998513, 'loss_mean': 0.30475711822509766}
Epoch 7 **** Loss 0.15323400497436523 **** Metrics validation: {'accuracy': 0.5356111645813282, 'f1_weighted': 0.534881235439743, 'macro': 0.5355981512578963, 'micro': 0.5356111645813282, 'binary': 0.5380564863571086, 'accuracy_majority': 0.5422185430463576, 'macro_majority': 0.540151015038862, 'binary_majority': 0.5709852598913887, 'run_time_millis': 3483.981132001645, 'loss_mean': 0.3046680986881256}
Epoch 8 **** Loss 0.2347882091999054 **** Metrics validation: {'accuracy': 0.5365736284889316, 'f1_weighted': 0.5363775503798782, 'macro': 0.5365726625869165, 'micro': 0.5365736284889316, 'binary': 0.5372417107160018, 'accuracy_majority': 0.5413907284768212, 'macro_majority': 0.539370512312233, 'binary_majority': 0.5698757763975155, 'run_time_millis': 3466.8519320002815, 'loss_mean': 0.30421072244644165}
Epoch 9 **** Loss 0.195466548204422 **** Metrics validation: {'accuracy': 0.5409047160731473, 'f1_weighted': 0.5429729657826188, 'macro': 0.5407817781533535, 'micro': 0.5409047160731473, 'binary': 0.5332681017612525, 'accuracy_majority': 0.5488410596026491, 'macro_majority': 0.5478343286298561, 'binary_majority': 0.5691699604743083, 'run_time_millis': 3441.8864409999514, 'loss_mean': 0.3039018511772156}
Evaluating
{'accuracy': 0.6044273339749759, 'f1_weighted': 0.6092778493924836, 'macro': 0.5792838458923848, 'micro': 0.6044273339749759, 'binary': 0.47643312101910823, 'accuracy_majority': 0.5910596026490066, 'macro_majority': 0.5778100388547883, 'binary_majority': 0.5030181086519114, 'run_time_millis': 3507.782243999827, 'loss_mean': 0.3072281777858734}
Device cuda
Split type sit
Training Size: 210, NTA labels 144, YTA labels 66
Validation Size: 2078, NTA labels 1342, YTA labels 736
Test Size: 2089, NTA labels 1337, YTA labels 752
Training with SBERT, model name is sbert
Tokenizing the dataset
Number of training steps 70
Epoch 0 **** Loss 0.2839428186416626 **** Metrics validation: {'accuracy': 0.5129932627526468, 'f1_weighted': 0.5215308004468274, 'macro': 0.5095545322924907, 'micro': 0.5129932627526468, 'binary': 0.4684873949579832, 'accuracy_majority': 0.5182119205298014, 'macro_majority': 0.5176830874604847, 'binary_majority': 0.5017123287671234, 'run_time_millis': 3445.0878050010942, 'loss_mean': 0.3076634407043457}
Epoch 1 **** Loss 0.2498430609703064 **** Metrics validation: {'accuracy': 0.6020211742059672, 'f1_weighted': 0.6080078510964098, 'macro': 0.5798843922157262, 'micro': 0.6020211742059672, 'binary': 0.48344784509681443, 'accuracy_majority': 0.6034768211920529, 'macro_majority': 0.590998506442513, 'binary_majority': 0.5195586760280843, 'run_time_millis': 3458.545353001682, 'loss_mean': 0.3036850392818451}
Epoch 2 **** Loss 0.25437766313552856 **** Metrics validation: {'accuracy': 0.5731472569778633, 'f1_weighted': 0.5803294781097679, 'macro': 0.5705045887058533, 'micro': 0.5731472569778633, 'binary': 0.5368146214099216, 'accuracy_majority': 0.5894039735099338, 'macro_majority': 0.5891505824334665, 'binary_majority': 0.5789473684210527, 'run_time_millis': 3124.307801001123, 'loss_mean': 0.294971227645874}
Epoch 3 **** Loss 0.2138998806476593 **** Metrics validation: {'accuracy': 0.6039461020211742, 'f1_weighted': 0.6124885591879115, 'macro': 0.5964615342868502, 'micro': 0.6039461020211742, 'binary': 0.5415041782729805, 'accuracy_majority': 0.6183774834437086, 'macro_majority': 0.615472308092794, 'binary_majority': 0.5820489573889392, 'run_time_millis': 3447.595937002916, 'loss_mean': 0.288155734539032}
Epoch 4 **** Loss 0.22349363565444946 **** Metrics validation: {'accuracy': 0.6256015399422522, 'f1_weighted': 0.6327408051735037, 'macro': 0.6099703065938276, 'micro': 0.6256015399422522, 'binary': 0.5318892900120337, 'accuracy_majority': 0.6316225165562914, 'macro_majority': 0.6227752363268654, 'binary_majority': 0.5650048875855327, 'run_time_millis': 3505.3603039996233, 'loss_mean': 0.28577765822410583}
Epoch 5 **** Loss 0.14297829568386078 **** Metrics validation: {'accuracy': 0.6304138594802695, 'f1_weighted': 0.6383066625299922, 'macro': 0.6196229178107268, 'micro': 0.6304138594802695, 'binary': 0.5555555555555556, 'accuracy_majority': 0.6415562913907285, 'macro_majority': 0.636316356321863, 'binary_majority': 0.592662276575729, 'run_time_millis': 3472.2881540001254, 'loss_mean': 0.27963605523109436}
Epoch 6 **** Loss 0.20191405713558197 **** Metrics validation: {'accuracy': 0.6539942252165544, 'f1_weighted': 0.6579952429265773, 'macro': 0.631351103011479, 'micro': 0.6539942252165544, 'binary': 0.5399872040946897, 'accuracy_majority': 0.6697019867549668, 'macro_majority': 0.6550456141757135, 'binary_majority': 0.5839416058394161, 'run_time_millis': 3521.5188559996022, 'loss_mean': 0.2837434709072113}
Epoch 7 **** Loss 0.12879832088947296 **** Metrics validation: {'accuracy': 0.6424446583253128, 'f1_weighted': 0.65002922891843, 'macro': 0.6315703944628916, 'micro': 0.6424446583253128, 'binary': 0.568274259151656, 'accuracy_majority': 0.6614238410596026, 'macro_majority': 0.655903973590648, 'binary_majority': 0.6123222748815166, 'run_time_millis': 3165.2084720008133, 'loss_mean': 0.2760280966758728}
Epoch 8 **** Loss 0.20380668342113495 **** Metrics validation: {'accuracy': 0.6506256015399422, 'f1_weighted': 0.657941426233971, 'macro': 0.6393137381474947, 'micro': 0.6506256015399422, 'binary': 0.5754385964912281, 'accuracy_majority': 0.6713576158940397, 'macro_majority': 0.6652630182976838, 'binary_majority': 0.6200956937799044, 'run_time_millis': 3451.2298990011914, 'loss_mean': 0.2760505676269531}
Epoch 9 **** Loss 0.16787898540496826 **** Metrics validation: {'accuracy': 0.6520692974013474, 'f1_weighted': 0.6585381395813911, 'macro': 0.6368800270890902, 'micro': 0.6520692974013474, 'binary': 0.5626134301270417, 'accuracy_majority': 0.668046357615894, 'macro_majority': 0.6591649961758719, 'binary_majority': 0.6041461006910168, 'run_time_millis': 3162.203602001682, 'loss_mean': 0.27901336550712585}
Evaluating
{'accuracy': 0.6520692974013474, 'f1_weighted': 0.6585381395813911, 'macro': 0.6368800270890902, 'micro': 0.6520692974013474, 'binary': 0.5626134301270417, 'accuracy_majority': 0.668046357615894, 'macro_majority': 0.6591649961758719, 'binary_majority': 0.6041461006910168, 'run_time_millis': 3032.8084240027238, 'loss_mean': 0.27901336550712585}
Device cuda
Split type sit
Training Size: 308, NTA labels 198, YTA labels 110
Validation Size: 2078, NTA labels 1342, YTA labels 736
Test Size: 2089, NTA labels 1337, YTA labels 752
Training with SBERT, model name is sbert
Tokenizing the dataset
Number of training steps 100
Epoch 0 **** Loss 0.3224104344844818 **** Metrics validation: {'accuracy': 0.624157844080847, 'f1_weighted': 0.6061817732547565, 'macro': 0.5550385858340487, 'micro': 0.624157844080847, 'binary': 0.3796664019062748, 'accuracy_majority': 0.5935430463576159, 'macro_majority': 0.5403330742291004, 'binary_majority': 0.383939774153074, 'run_time_millis': 3484.548802000063, 'loss_mean': 0.3140771985054016}
Epoch 1 **** Loss 0.2793680727481842 **** Metrics validation: {'accuracy': 0.575553416746872, 'f1_weighted': 0.5837730344028264, 'macro': 0.5712577371678806, 'micro': 0.575553416746872, 'binary': 0.5283422459893048, 'accuracy_majority': 0.5745033112582781, 'macro_majority': 0.5734510161685664, 'binary_majority': 0.5522648083623695, 'run_time_millis': 3471.172015997581, 'loss_mean': 0.304838091135025}
Epoch 2 **** Loss 0.24553880095481873 **** Metrics validation: {'accuracy': 0.6684311838306064, 'f1_weighted': 0.6702657408052194, 'macro': 0.6417595478150775, 'micro': 0.6684311838306064, 'binary': 0.5440105890138981, 'accuracy_majority': 0.668046357615894, 'macro_majority': 0.6478935382553281, 'binary_majority': 0.5636561479869423, 'run_time_millis': 3191.926815001352, 'loss_mean': 0.2920420467853546}
Epoch 3 **** Loss 0.21248093247413635 **** Metrics validation: {'accuracy': 0.6669874879692012, 'f1_weighted': 0.6742093980648431, 'macro': 0.6586899742422934, 'micro': 0.6669874879692012, 'binary': 0.6054732041049031, 'accuracy_majority': 0.6879139072847682, 'macro_majority': 0.6829601597813519, 'binary_majority': 0.6433301797540208, 'run_time_millis': 3497.4521399999503, 'loss_mean': 0.27565333247184753}
Epoch 4 **** Loss 0.1484786570072174 **** Metrics validation: {'accuracy': 0.7160731472569779, 'f1_weighted': 0.7176069574289244, 'macro': 0.6931467215289353, 'micro': 0.716073147256978, 'binary': 0.609271523178808, 'accuracy_majority': 0.7309602649006622, 'macro_majority': 0.7141432123575175, 'binary_majority': 0.6448087431693988, 'run_time_millis': 2027.3990170026082, 'loss_mean': 0.27149444818496704}
Epoch 5 **** Loss 0.19941627979278564 **** Metrics validation: {'accuracy': 0.6953801732435033, 'f1_weighted': 0.701979640765947, 'macro': 0.6876453134591342, 'micro': 0.6953801732435033, 'binary': 0.6384922901199315, 'accuracy_majority': 0.7168874172185431, 'macro_majority': 0.7124538198340158, 'binary_majority': 0.6767485822306237, 'run_time_millis': 3504.3047849976574, 'loss_mean': 0.2671060860157013}
Epoch 6 **** Loss 0.11559649556875229 **** Metrics validation: {'accuracy': 0.7237728585178056, 'f1_weighted': 0.7228920178156938, 'macro': 0.6962025445417054, 'micro': 0.7237728585178056, 'binary': 0.6046831955922864, 'accuracy_majority': 0.7359271523178808, 'macro_majority': 0.7150469373343145, 'binary_majority': 0.637911464245176, 'run_time_millis': 3467.3172510010772, 'loss_mean': 0.28161516785621643}
Epoch 7 **** Loss 0.14397792518138885 **** Metrics validation: {'accuracy': 0.7160731472569779, 'f1_weighted': 0.7182508995003589, 'macro': 0.6946845091523425, 'micro': 0.716073147256978, 'binary': 0.6138743455497382, 'accuracy_majority': 0.7317880794701986, 'macro_majority': 0.7163291634655805, 'binary_majority': 0.6501079913606912, 'run_time_millis': 2584.4335239999054, 'loss_mean': 0.2773377299308777}
Epoch 8 **** Loss 0.16712625324726105 **** Metrics validation: {'accuracy': 0.7199230028873917, 'f1_weighted': 0.7209837503290416, 'macro': 0.6962601753428952, 'micro': 0.7199230028873917, 'binary': 0.6114819759679573, 'accuracy_majority': 0.7334437086092715, 'macro_majority': 0.7159232989401605, 'binary_majority': 0.645374449339207, 'run_time_millis': 3457.9287219967227, 'loss_mean': 0.28606724739074707}
Epoch 9 **** Loss 0.18397493660449982 **** Metrics validation: {'accuracy': 0.7208854667949952, 'f1_weighted': 0.7217871611060783, 'macro': 0.6969495814462459, 'micro': 0.7208854667949952, 'binary': 0.6117804551539492, 'accuracy_majority': 0.7359271523178808, 'macro_majority': 0.7179468599564205, 'binary_majority': 0.6467331118493909, 'run_time_millis': 3477.4726319992624, 'loss_mean': 0.28640317916870117}
Evaluating
{'accuracy': 0.7237728585178056, 'f1_weighted': 0.7228920178156938, 'macro': 0.6962025445417054, 'micro': 0.7237728585178056, 'binary': 0.6046831955922864, 'accuracy_majority': 0.7359271523178808, 'macro_majority': 0.7150469373343145, 'binary_majority': 0.637911464245176, 'run_time_millis': 3455.717774999357, 'loss_mean': 0.28161516785621643}
Device cuda
Split type sit
Training Size: 420, NTA labels 271, YTA labels 149
Validation Size: 2078, NTA labels 1342, YTA labels 736
Test Size: 2089, NTA labels 1337, YTA labels 752
Training with SBERT, model name is sbert
Tokenizing the dataset
Number of training steps 140
Epoch 0 **** Loss 0.3469690680503845 **** Metrics validation: {'accuracy': 0.6087584215591916, 'f1_weighted': 0.6161647450534432, 'macro': 0.605137147909668, 'micro': 0.6087584215591916, 'binary': 0.5673230441724322, 'accuracy_majority': 0.6150662251655629, 'macro_majority': 0.6140164021727553, 'binary_majority': 0.593886462882096, 'run_time_millis': 3375.3871160006383, 'loss_mean': 0.3103799819946289}
Epoch 1 **** Loss 0.2639321982860565 **** Metrics validation: {'accuracy': 0.7088546679499519, 'f1_weighted': 0.6998194443077003, 'macro': 0.664032872234469, 'micro': 0.7088546679499518, 'binary': 0.5413191811978773, 'accuracy_majority': 0.7102649006622517, 'macro_majority': 0.6737775144130465, 'binary_majority': 0.5646766169154229, 'run_time_millis': 2859.9124009997468, 'loss_mean': 0.2951311469078064}
Epoch 2 **** Loss 0.2410021722316742 **** Metrics validation: {'accuracy': 0.6948989412897016, 'f1_weighted': 0.7012530903814103, 'macro': 0.684797473502883, 'micro': 0.6948989412897016, 'binary': 0.6283704572098476, 'accuracy_majority': 0.7127483443708609, 'macro_majority': 0.7067335509170348, 'binary_majority': 0.6647342995169082, 'run_time_millis': 3514.391886001249, 'loss_mean': 0.265969842672348}
Epoch 3 **** Loss 0.11068645119667053 **** Metrics validation: {'accuracy': 0.7348411934552455, 'f1_weighted': 0.736842855346039, 'macro': 0.7147881806947495, 'micro': 0.7348411934552455, 'binary': 0.639161755075311, 'accuracy_majority': 0.7458609271523179, 'macro_majority': 0.7313227602924866, 'binary_majority': 0.668824163969795, 'run_time_millis': 3457.4136230003205, 'loss_mean': 0.24964863061904907}
Epoch 4 **** Loss 0.3918558657169342 **** Metrics validation: {'accuracy': 0.7531280076997112, 'f1_weighted': 0.7517965229775845, 'macro': 0.7273456217167127, 'micro': 0.7531280076997112, 'binary': 0.6435024322446142, 'accuracy_majority': 0.7640728476821192, 'macro_majority': 0.7446704366366924, 'binary_majority': 0.6742857142857144, 'run_time_millis': 3508.7179399997694, 'loss_mean': 0.25232580304145813}
Epoch 5 **** Loss 0.16577015817165375 **** Metrics validation: {'accuracy': 0.706929740134745, 'f1_weighted': 0.7131257139942953, 'macro': 0.7023050795306425, 'micro': 0.706929740134745, 'binary': 0.6652006597031335, 'accuracy_majority': 0.7293046357615894, 'macro_majority': 0.7269150601972354, 'binary_majority': 0.7013698630136986, 'run_time_millis': 2218.3241749989975, 'loss_mean': 0.2453092485666275}
Epoch 6 **** Loss 0.12202153354883194 **** Metrics validation: {'accuracy': 0.7564966313763234, 'f1_weighted': 0.7523111115038656, 'macro': 0.7253278663686585, 'micro': 0.7564966313763234, 'binary': 0.6328011611030478, 'accuracy_majority': 0.7649006622516556, 'macro_majority': 0.7402701229483375, 'binary_majority': 0.6602870813397128, 'run_time_millis': 3464.187456997024, 'loss_mean': 0.28325778245925903}
Epoch 7 **** Loss 0.1975541114807129 **** Metrics validation: {'accuracy': 0.7261790182868142, 'f1_weighted': 0.7316841311409018, 'macro': 0.7160216973870188, 'micro': 0.7261790182868142, 'binary': 0.6623145400593472, 'accuracy_majority': 0.7458609271523179, 'macro_majority': 0.7393446505897245, 'binary_majority': 0.6981317600786627, 'run_time_millis': 3508.698159999767, 'loss_mean': 0.2566975951194763}
Epoch 8 **** Loss 0.13189083337783813 **** Metrics validation: {'accuracy': 0.7550529355149181, 'f1_weighted': 0.7532987802763378, 'macro': 0.7285774297047154, 'micro': 0.755052935514918, 'binary': 0.6438068579426173, 'accuracy_majority': 0.765728476821192, 'macro_majority': 0.745444283360251, 'binary_majority': 0.6735870818915802, 'run_time_millis': 3509.5679049991304, 'loss_mean': 0.28021275997161865}
Epoch 9 **** Loss 0.03286275267601013 **** Metrics validation: {'accuracy': 0.7579403272377286, 'f1_weighted': 0.7522083993328338, 'macro': 0.7239681691672546, 'micro': 0.7579403272377288, 'binary': 0.6271312083024463, 'accuracy_majority': 0.7649006622516556, 'macro_majority': 0.7381665430278386, 'binary_majority': 0.6545012165450121, 'run_time_millis': 2278.0982649965154, 'loss_mean': 0.29291650652885437}
Evaluating
{'accuracy': 0.7550529355149181, 'f1_weighted': 0.7532987802763378, 'macro': 0.7285774297047154, 'micro': 0.755052935514918, 'binary': 0.6438068579426173, 'accuracy_majority': 0.765728476821192, 'macro_majority': 0.745444283360251, 'binary_majority': 0.6735870818915802, 'run_time_millis': 3470.8712399988144, 'loss_mean': 0.28021275997161865}
Device cuda
Split type sit
Training Size: 518, NTA labels 339, YTA labels 179
Validation Size: 2078, NTA labels 1342, YTA labels 736
Test Size: 2089, NTA labels 1337, YTA labels 752
Training with SBERT, model name is sbert
Tokenizing the dataset
Number of training steps 170
Epoch 0 **** Loss 0.2625778019428253 **** Metrics validation: {'accuracy': 0.6862367661212705, 'f1_weighted': 0.659370295991471, 'macro': 0.6084919181831632, 'micro': 0.6862367661212705, 'binary': 0.4340277777777778, 'accuracy_majority': 0.6804635761589404, 'macro_majority': 0.610491847099706, 'binary_majority': 0.4454022988505747, 'run_time_millis': 2993.479128999752, 'loss_mean': 0.3064701557159424}
Epoch 1 **** Loss 0.2563566267490387 **** Metrics validation: {'accuracy': 0.6732435033686237, 'f1_weighted': 0.6803386755212534, 'macro': 0.6653572318819028, 'micro': 0.6732435033686237, 'binary': 0.6139852188743604, 'accuracy_majority': 0.7036423841059603, 'macro_majority': 0.6984842780450394, 'binary_majority': 0.659047619047619, 'run_time_millis': 3450.481016003323, 'loss_mean': 0.2734467387199402}
Epoch 2 **** Loss 0.2619257867336273 **** Metrics validation: {'accuracy': 0.6698748796920115, 'f1_weighted': 0.6747826982295286, 'macro': 0.6684547449662619, 'micro': 0.6698748796920115, 'binary': 0.646755921730175, 'accuracy_majority': 0.7052980132450332, 'macro_majority': 0.7049745345978222, 'binary_majority': 0.6952054794520548, 'run_time_millis': 3463.6744989984436, 'loss_mean': 0.25567591190338135}
Epoch 3 **** Loss 0.12884823977947235 **** Metrics validation: {'accuracy': 0.7329162656400385, 'f1_weighted': 0.7386602335641507, 'macro': 0.7255249710659923, 'micro': 0.7329162656400384, 'binary': 0.6804835924006908, 'accuracy_majority': 0.765728476821192, 'macro_majority': 0.7612746580225818, 'binary_majority': 0.7286673058485139, 'run_time_millis': 3476.66175699851, 'loss_mean': 0.2357528805732727}
Epoch 4 **** Loss 0.2316284030675888 **** Metrics validation: {'accuracy': 0.7598652550529356, 'f1_weighted': 0.7624932030038619, 'macro': 0.7437574799654924, 'micro': 0.7598652550529356, 'binary': 0.6795118818240206, 'accuracy_majority': 0.7922185430463576, 'macro_majority': 0.7812072681720537, 'binary_majority': 0.7321237993596584, 'run_time_millis': 3453.741101002379, 'loss_mean': 0.2439890205860138}
Epoch 5 **** Loss 0.02576168067753315 **** Metrics validation: {'accuracy': 0.7670837343599615, 'f1_weighted': 0.759795768489633, 'macro': 0.731117149545353, 'micro': 0.7670837343599614, 'binary': 0.6327769347496207, 'accuracy_majority': 0.777317880794702, 'macro_majority': 0.7494307382089748, 'binary_majority': 0.6658385093167701, 'run_time_millis': 3493.9760909983306, 'loss_mean': 0.29170891642570496}
Epoch 6 **** Loss 0.020815549418330193 **** Metrics validation: {'accuracy': 0.7704523580365736, 'f1_weighted': 0.7698337405012495, 'macro': 0.7477818448302843, 'micro': 0.7704523580365736, 'binary': 0.6721649484536083, 'accuracy_majority': 0.7947019867549668, 'macro_majority': 0.7783617424242426, 'binary_majority': 0.7181818181818184, 'run_time_millis': 2994.905544001085, 'loss_mean': 0.2659548223018646}
Epoch 7 **** Loss 0.02603873610496521 **** Metrics validation: {'accuracy': 0.7651588065447545, 'f1_weighted': 0.7674500309884917, 'macro': 0.7486867605438333, 'micro': 0.7651588065447545, 'binary': 0.684346701164295, 'accuracy_majority': 0.7963576158940397, 'macro_majority': 0.785141654037921, 'binary_majority': 0.7360515021459227, 'run_time_millis': 3466.3562440000533, 'loss_mean': 0.2625630497932434}
Epoch 8 **** Loss 0.12975464761257172 **** Metrics validation: {'accuracy': 0.7709335899903753, 'f1_weighted': 0.771737638785914, 'macro': 0.7514354066985646, 'micro': 0.7709335899903753, 'binary': 0.6818181818181818, 'accuracy_majority': 0.7996688741721855, 'macro_majority': 0.7863134657836645, 'binary_majority': 0.7328918322295805, 'run_time_millis': 3458.593703002407, 'loss_mean': 0.27107325196266174}
Epoch 9 **** Loss 0.023773888126015663 **** Metrics validation: {'accuracy': 0.7714148219441771, 'f1_weighted': 0.7722489333690478, 'macro': 0.7520300724301806, 'micro': 0.7714148219441771, 'binary': 0.6826987307949232, 'accuracy_majority': 0.8013245033112583, 'macro_majority': 0.7878915578030622, 'binary_majority': 0.7345132743362831, 'run_time_millis': 3481.937227999879, 'loss_mean': 0.2744445204734802}
Evaluating
{'accuracy': 0.7714148219441771, 'f1_weighted': 0.7722489333690478, 'macro': 0.7520300724301806, 'micro': 0.7714148219441771, 'binary': 0.6826987307949232, 'accuracy_majority': 0.8013245033112583, 'macro_majority': 0.7878915578030622, 'binary_majority': 0.7345132743362831, 'run_time_millis': 3463.9254829999118, 'loss_mean': 0.2744445204734802}
Device cuda
Split type sit
Training Size: 630, NTA labels 414, YTA labels 216
Validation Size: 2078, NTA labels 1342, YTA labels 736
Test Size: 2089, NTA labels 1337, YTA labels 752
Training with SBERT, model name is sbert
Tokenizing the dataset
Number of training steps 200
Epoch 0 **** Loss 0.3076104521751404 **** Metrics validation: {'accuracy': 0.6520692974013474, 'f1_weighted': 0.640549919346575, 'macro': 0.5971912665441398, 'micro': 0.6520692974013474, 'binary': 0.4485125858123569, 'accuracy_majority': 0.6605960264900662, 'macro_majority': 0.6183283756916296, 'binary_majority': 0.49131513647642683, 'run_time_millis': 2716.7414409996127, 'loss_mean': 0.3069564700126648}
Epoch 1 **** Loss 0.25299471616744995 **** Metrics validation: {'accuracy': 0.6799807507218479, 'f1_weighted': 0.6858704142308403, 'macro': 0.677311334886837, 'micro': 0.6799807507218479, 'binary': 0.6479618845950238, 'accuracy_majority': 0.7119205298013245, 'macro_majority': 0.7108354175436858, 'binary_majority': 0.693121693121693, 'run_time_millis': 2659.2753500008257, 'loss_mean': 0.26226168870925903}
Epoch 2 **** Loss 0.22203974425792694 **** Metrics validation: {'accuracy': 0.7526467757459095, 'f1_weighted': 0.7566558764960791, 'macro': 0.7397842441724487, 'micro': 0.7526467757459095, 'binary': 0.6819306930693069, 'accuracy_majority': 0.7781456953642384, 'macro_majority': 0.7694965069618684, 'binary_majority': 0.7248459958932237, 'run_time_millis': 3211.9606630003545, 'loss_mean': 0.23465779423713684}
Epoch 3 **** Loss 0.27674657106399536 **** Metrics validation: {'accuracy': 0.7449470644850819, 'f1_weighted': 0.7504868242851598, 'macro': 0.7394437504731622, 'micro': 0.7449470644850817, 'binary': 0.7015765765765766, 'accuracy_majority': 0.7814569536423841, 'macro_majority': 0.7777505212805103, 'binary_majority': 0.7490494296577948, 'run_time_millis': 3195.8268909984326, 'loss_mean': 0.22794395685195923}
Epoch 4 **** Loss 0.11172766983509064 **** Metrics validation: {'accuracy': 0.7718960538979788, 'f1_weighted': 0.7727599616081885, 'macro': 0.7526242665163785, 'micro': 0.7718960538979788, 'binary': 0.6835781041388518, 'accuracy_majority': 0.7955298013245033, 'macro_majority': 0.7808145919877764, 'binary_majority': 0.7240223463687151, 'run_time_millis': 3464.6610650015646, 'loss_mean': 0.2435021996498108}
Epoch 5 **** Loss 0.1648399382829666 **** Metrics validation: {'accuracy': 0.7670837343599615, 'f1_weighted': 0.7703301817562681, 'macro': 0.7533702927721149, 'micro': 0.7670837343599614, 'binary': 0.6952141057934509, 'accuracy_majority': 0.7988410596026491, 'macro_majority': 0.7888316985529765, 'binary_majority': 0.7428571428571428, 'run_time_millis': 3096.176576000289, 'loss_mean': 0.24010039865970612}
Epoch 6 **** Loss 0.20483094453811646 **** Metrics validation: {'accuracy': 0.7718960538979788, 'f1_weighted': 0.7742711207192384, 'macro': 0.7562799895481971, 'micro': 0.7718960538979788, 'binary': 0.6945876288659794, 'accuracy_majority': 0.7980132450331126, 'macro_majority': 0.7863713453259309, 'binary_majority': 0.7365010799136068, 'run_time_millis': 3462.221204998059, 'loss_mean': 0.25656843185424805}
Epoch 7 **** Loss 0.14075607061386108 **** Metrics validation: {'accuracy': 0.7709335899903753, 'f1_weighted': 0.774360624230895, 'macro': 0.7581357589984351, 'micro': 0.7709335899903753, 'binary': 0.7025, 'accuracy_majority': 0.8021523178807947, 'macro_majority': 0.7930758176820725, 'binary_majority': 0.749738219895288, 'run_time_millis': 3453.9630050021515, 'loss_mean': 0.2586941123008728}
Epoch 8 **** Loss 0.08872170001268387 **** Metrics validation: {'accuracy': 0.7810394610202117, 'f1_weighted': 0.7812057475694056, 'macro': 0.7610518178070971, 'micro': 0.7810394610202117, 'binary': 0.6919431279620852, 'accuracy_majority': 0.804635761589404, 'macro_majority': 0.7894923384095555, 'binary_majority': 0.7330316742081447, 'run_time_millis': 3484.2962469992926, 'loss_mean': 0.28300178050994873}
Epoch 9 **** Loss 0.061140432953834534 **** Metrics validation: {'accuracy': 0.7738209817131858, 'f1_weighted': 0.7768098203403229, 'macro': 0.760039114710276, 'micro': 0.7738209817131858, 'binary': 0.7025316455696202, 'accuracy_majority': 0.7988410596026491, 'macro_majority': 0.7885091590266395, 'binary_majority': 0.7417640807651436, 'run_time_millis': 2662.295210000593, 'loss_mean': 0.26165977120399475}
Evaluating
{'accuracy': 0.7810394610202117, 'f1_weighted': 0.7812057475694056, 'macro': 0.7610518178070971, 'micro': 0.7810394610202117, 'binary': 0.6919431279620852, 'accuracy_majority': 0.804635761589404, 'macro_majority': 0.7894923384095555, 'binary_majority': 0.7330316742081447, 'run_time_millis': 3476.158969999233, 'loss_mean': 0.28300178050994873}
Device cuda
Split type sit
Training Size: 728, NTA labels 460, YTA labels 268
Validation Size: 2078, NTA labels 1342, YTA labels 736
Test Size: 2089, NTA labels 1337, YTA labels 752
Training with SBERT, model name is sbert
Tokenizing the dataset
Number of training steps 230
Epoch 0 **** Loss 0.31349530816078186 **** Metrics validation: {'accuracy': 0.615014436958614, 'f1_weighted': 0.6199616633766601, 'macro': 0.6138927985804337, 'micro': 0.615014436958614, 'binary': 0.5930824008138352, 'accuracy_majority': 0.6283112582781457, 'macro_majority': 0.6282804358448761, 'binary_majority': 0.6248955722639934, 'run_time_millis': 3452.5858710003376, 'loss_mean': 0.3084802031517029}
Epoch 1 **** Loss 0.28365057706832886 **** Metrics validation: {'accuracy': 0.7271414821944177, 'f1_weighted': 0.7329170875659824, 'macro': 0.7187469788406053, 'micro': 0.7271414821944177, 'binary': 0.6701570680628273, 'accuracy_majority': 0.7466887417218543, 'macro_majority': 0.7418132747739064, 'binary_majority': 0.7063339731285988, 'run_time_millis': 2748.9693159986928, 'loss_mean': 0.25572386384010315}
Epoch 2 **** Loss 0.17173178493976593 **** Metrics validation: {'accuracy': 0.7786333012512031, 'f1_weighted': 0.7725958801069018, 'macro': 0.7460837263862753, 'micro': 0.7786333012512031, 'binary': 0.6551724137931033, 'accuracy_majority': 0.7847682119205298, 'macro_majority': 0.7570544554455445, 'binary_majority': 0.6749999999999999, 'run_time_millis': 3480.9371609990194, 'loss_mean': 0.2372552901506424}
Epoch 3 **** Loss 0.14804582297801971 **** Metrics validation: {'accuracy': 0.7868142444658325, 'f1_weighted': 0.7824498506551989, 'macro': 0.7581854226804828, 'micro': 0.7868142444658324, 'binary': 0.6749816581071166, 'accuracy_majority': 0.8038079470198676, 'macro_majority': 0.7808483423314603, 'binary_majority': 0.7099143206854346, 'run_time_millis': 3483.4061420006037, 'loss_mean': 0.23554927110671997}
Epoch 4 **** Loss 0.1989026516675949 **** Metrics validation: {'accuracy': 0.7853705486044273, 'f1_weighted': 0.787270318638963, 'macro': 0.7698269755945881, 'micro': 0.7853705486044273, 'binary': 0.7100130039011704, 'accuracy_majority': 0.8178807947019867, 'macro_majority': 0.8064142048384795, 'binary_majority': 0.7592997811816192, 'run_time_millis': 3081.1942830005137, 'loss_mean': 0.219242662191391}
Epoch 5 **** Loss 0.23604170978069305 **** Metrics validation: {'accuracy': 0.7892204042348412, 'f1_weighted': 0.7879731851373368, 'macro': 0.7669783303293463, 'micro': 0.7892204042348412, 'binary': 0.6949860724233984, 'accuracy_majority': 0.8245033112582781, 'macro_majority': 0.8084209329395466, 'binary_majority': 0.752913752913753, 'run_time_millis': 3213.1574529994396, 'loss_mean': 0.23957544565200806}
Epoch 6 **** Loss 0.1764102727174759 **** Metrics validation: {'accuracy': 0.7762271414821944, 'f1_weighted': 0.7801758319963026, 'macro': 0.7656733686535779, 'micro': 0.7762271414821944, 'binary': 0.7159437996334759, 'accuracy_majority': 0.8145695364238411, 'macro_majority': 0.8066824411599969, 'binary_majority': 0.7676348547717843, 'run_time_millis': 3501.7576130012458, 'loss_mean': 0.2256316989660263}
Epoch 7 **** Loss 0.13814659416675568 **** Metrics validation: {'accuracy': 0.7901828681424446, 'f1_weighted': 0.7910923914503522, 'macro': 0.7727200206306184, 'micro': 0.7901828681424446, 'binary': 0.7097203728362182, 'accuracy_majority': 0.8211920529801324, 'macro_majority': 0.8078784219594445, 'binary_majority': 0.7573033707865169, 'run_time_millis': 3458.7164650001796, 'loss_mean': 0.23557908833026886}
Epoch 8 **** Loss 0.04751533642411232 **** Metrics validation: {'accuracy': 0.7921077959576516, 'f1_weighted': 0.793008975015028, 'macro': 0.7748051580560258, 'micro': 0.7921077959576516, 'binary': 0.7123834886817577, 'accuracy_majority': 0.8269867549668874, 'macro_majority': 0.814535423989657, 'binary_majority': 0.7664804469273743, 'run_time_millis': 3473.607987001742, 'loss_mean': 0.24007214605808258}
Epoch 9 **** Loss 0.10504311323165894 **** Metrics validation: {'accuracy': 0.7916265640038499, 'f1_weighted': 0.7931486972164565, 'macro': 0.7757446835025017, 'micro': 0.7916265640038498, 'binary': 0.7160655737704918, 'accuracy_majority': 0.8269867549668874, 'macro_majority': 0.8153708897184916, 'binary_majority': 0.7690607734806629, 'run_time_millis': 3490.7551260002947, 'loss_mean': 0.23827309906482697}
Evaluating
{'accuracy': 0.7916265640038499, 'f1_weighted': 0.7931486972164565, 'macro': 0.7757446835025017, 'micro': 0.7916265640038498, 'binary': 0.7160655737704918, 'accuracy_majority': 0.8269867549668874, 'macro_majority': 0.8153708897184916, 'binary_majority': 0.7690607734806629, 'run_time_millis': 3502.88153099973, 'loss_mean': 0.23827309906482697}
Device cuda
Split type sit
Training Size: 840, NTA labels 527, YTA labels 313
Validation Size: 2078, NTA labels 1342, YTA labels 736
Test Size: 2089, NTA labels 1337, YTA labels 752
Training with SBERT, model name is sbert
Tokenizing the dataset
Number of training steps 270
Epoch 0 **** Loss 0.3073250651359558 **** Metrics validation: {'accuracy': 0.7054860442733397, 'f1_weighted': 0.7099877087010991, 'macro': 0.6893209765554764, 'micro': 0.7054860442733397, 'binary': 0.6184538653366582, 'accuracy_majority': 0.7168874172185431, 'macro_majority': 0.7058500200782054, 'binary_majority': 0.6488706365503081, 'run_time_millis': 3488.928065999062, 'loss_mean': 0.30163779854774475}
Epoch 1 **** Loss 0.2982192635536194 **** Metrics validation: {'accuracy': 0.7204042348411934, 'f1_weighted': 0.7259063401302667, 'macro': 0.7173787805262299, 'micro': 0.7204042348411934, 'binary': 0.688137412775094, 'accuracy_majority': 0.7475165562913907, 'macro_majority': 0.7460755915127881, 'binary_majority': 0.7269471799462847, 'run_time_millis': 3458.927057999972, 'loss_mean': 0.2459098994731903}
Epoch 2 **** Loss 0.40092095732688904 **** Metrics validation: {'accuracy': 0.7988450433108758, 'f1_weighted': 0.7951270200945344, 'macro': 0.7725957994035053, 'micro': 0.7988450433108758, 'binary': 0.6953352769679301, 'accuracy_majority': 0.8112582781456954, 'macro_majority': 0.7902873589474165, 'binary_majority': 0.7239709443099274, 'run_time_millis': 3459.3861760004074, 'loss_mean': 0.22584693133831024}
Epoch 3 **** Loss 0.27599668502807617 **** Metrics validation: {'accuracy': 0.7829643888354186, 'f1_weighted': 0.7874649021419842, 'macro': 0.7756583607403448, 'micro': 0.7829643888354185, 'binary': 0.735173223722842, 'accuracy_majority': 0.8195364238410596, 'macro_majority': 0.814554314606425, 'binary_majority': 0.7841584158415841, 'run_time_millis': 3475.2917449986853, 'loss_mean': 0.2120521515607834}
Epoch 4 **** Loss 0.1888136863708496 **** Metrics validation: {'accuracy': 0.8051010587102984, 'f1_weighted': 0.8059723087039632, 'macro': 0.7889407765697403, 'micro': 0.8051010587102984, 'binary': 0.7305389221556885, 'accuracy_majority': 0.8402317880794702, 'macro_majority': 0.8292004117170875, 'binary_majority': 0.7857935627081022, 'run_time_millis': 3454.2039379994094, 'loss_mean': 0.20923441648483276}
Epoch 5 **** Loss 0.34101298451423645 **** Metrics validation: {'accuracy': 0.8108758421559191, 'f1_weighted': 0.8094531432395737, 'macro': 0.7902941311661222, 'micro': 0.8108758421559191, 'binary': 0.7245970567624387, 'accuracy_majority': 0.8377483443708609, 'macro_majority': 0.8225058248147603, 'binary_majority': 0.7704918032786885, 'run_time_millis': 3177.156505000312, 'loss_mean': 0.22383876144886017}
Epoch 6 **** Loss 0.3037818670272827 **** Metrics validation: {'accuracy': 0.8108758421559191, 'f1_weighted': 0.8107883042622812, 'macro': 0.7931056497474287, 'micro': 0.8108758421559191, 'binary': 0.7324710687542545, 'accuracy_majority': 0.8435430463576159, 'macro_majority': 0.831008058338015, 'binary_majority': 0.7849829351535836, 'run_time_millis': 3485.0341199999093, 'loss_mean': 0.22387976944446564}
Epoch 7 **** Loss 0.03668883815407753 **** Metrics validation: {'accuracy': 0.8084696823869105, 'f1_weighted': 0.8085282083010848, 'macro': 0.7907948563062256, 'micro': 0.8084696823869105, 'binary': 0.7299864314789688, 'accuracy_majority': 0.8427152317880795, 'macro_majority': 0.8303606536052057, 'binary_majority': 0.7845804988662132, 'run_time_millis': 3499.5706560002873, 'loss_mean': 0.22385086119174957}
Epoch 8 **** Loss 0.18847617506980896 **** Metrics validation: {'accuracy': 0.8046198267564967, 'f1_weighted': 0.8050279583003044, 'macro': 0.7873616929040584, 'micro': 0.8046198267564967, 'binary': 0.7267833109017497, 'accuracy_majority': 0.8385761589403974, 'macro_majority': 0.8263117496163979, 'binary_majority': 0.7801578354002255, 'run_time_millis': 3486.138578999089, 'loss_mean': 0.22720515727996826}
Epoch 9 **** Loss 0.05614210292696953 **** Metrics validation: {'accuracy': 0.8103946102021174, 'f1_weighted': 0.8113185736240998, 'macro': 0.7948502843970032, 'micro': 0.8103946102021176, 'binary': 0.7383798140770252, 'accuracy_majority': 0.847682119205298, 'macro_majority': 0.8370917619466431, 'binary_majority': 0.7955555555555556, 'run_time_millis': 3551.9758039990847, 'loss_mean': 0.22666309773921967}
Evaluating
{'accuracy': 0.8103946102021174, 'f1_weighted': 0.8113185736240998, 'macro': 0.7948502843970032, 'micro': 0.8103946102021176, 'binary': 0.7383798140770252, 'accuracy_majority': 0.847682119205298, 'macro_majority': 0.8370917619466431, 'binary_majority': 0.7955555555555556, 'run_time_millis': 2466.3477309986774, 'loss_mean': 0.22666309773921967}
Device cuda
Split type sit
Training Size: 938, NTA labels 603, YTA labels 335
Validation Size: 2078, NTA labels 1342, YTA labels 736
Test Size: 2089, NTA labels 1337, YTA labels 752
Training with SBERT, model name is sbert
Tokenizing the dataset
Number of training steps 300
Epoch 0 **** Loss 0.33327195048332214 **** Metrics validation: {'accuracy': 0.7001924927815207, 'f1_weighted': 0.6416131202213562, 'macro': 0.5739957873233379, 'micro': 0.7001924927815207, 'binary': 0.34213305174234426, 'accuracy_majority': 0.6688741721854304, 'macro_majority': 0.5440821256038648, 'binary_majority': 0.3055555555555556, 'run_time_millis': 3458.0402280007547, 'loss_mean': 0.3052995502948761}
Epoch 1 **** Loss 0.28193342685699463 **** Metrics validation: {'accuracy': 0.773339749759384, 'f1_weighted': 0.7769966675785263, 'macro': 0.7614995193379657, 'micro': 0.773339749759384, 'binary': 0.708359133126935, 'accuracy_majority': 0.7996688741721855, 'macro_majority': 0.7914364640883977, 'binary_majority': 0.75, 'run_time_millis': 3464.6651090006344, 'loss_mean': 0.23374472558498383}
Epoch 2 **** Loss 0.2569643557071686 **** Metrics validation: {'accuracy': 0.7978825794032723, 'f1_weighted': 0.7926646693146393, 'macro': 0.7687097184531886, 'micro': 0.7978825794032723, 'binary': 0.6865671641791045, 'accuracy_majority': 0.8062913907284768, 'macro_majority': 0.7813490099009901, 'binary_majority': 0.7075, 'run_time_millis': 3479.511839999759, 'loss_mean': 0.22106528282165527}
Epoch 3 **** Loss 0.09984831511974335 **** Metrics validation: {'accuracy': 0.8051010587102984, 'f1_weighted': 0.8079684658834889, 'macro': 0.7940672759078606, 'micro': 0.8051010587102984, 'binary': 0.7463994990607388, 'accuracy_majority': 0.8418874172185431, 'macro_majority': 0.8343916768050874, 'binary_majority': 0.7991587802313354, 'run_time_millis': 3488.061972999276, 'loss_mean': 0.19223013520240784}
Epoch 4 **** Loss 0.1165228858590126 **** Metrics validation: {'accuracy': 0.8084696823869105, 'f1_weighted': 0.810703855027913, 'macro': 0.7959874569795713, 'micro': 0.8084696823869105, 'binary': 0.7455242966751918, 'accuracy_majority': 0.8468543046357616, 'macro_majority': 0.8383549060240789, 'binary_majority': 0.8012889366272825, 'run_time_millis': 3479.5729409997875, 'loss_mean': 0.1931273192167282}
Epoch 5 **** Loss 0.10445840656757355 **** Metrics validation: {'accuracy': 0.8108758421559191, 'f1_weighted': 0.8131010242982288, 'macro': 0.7986014503386631, 'micro': 0.8108758421559191, 'binary': 0.7488817891373802, 'accuracy_majority': 0.8501655629139073, 'macro_majority': 0.8415942006936159, 'binary_majority': 0.8047464940668825, 'run_time_millis': 3470.7027320000634, 'loss_mean': 0.19561396539211273}
Epoch 6 **** Loss 0.0984264612197876 **** Metrics validation: {'accuracy': 0.8229066410009624, 'f1_weighted': 0.8184197364273254, 'macro': 0.7975038581840637, 'micro': 0.8229066410009624, 'binary': 0.7257824143070044, 'accuracy_majority': 0.8451986754966887, 'macro_majority': 0.8268750742442416, 'binary_majority': 0.7705521472392638, 'run_time_millis': 3489.4609170005424, 'loss_mean': 0.25043028593063354}
Epoch 7 **** Loss 0.06679404526948929 **** Metrics validation: {'accuracy': 0.8209817131857555, 'f1_weighted': 0.8209817131857555, 'macro': 0.8043417514417157, 'micro': 0.8209817131857555, 'binary': 0.7472826086956521, 'accuracy_majority': 0.8600993377483444, 'macro_majority': 0.8493270894913778, 'binary_majority': 0.8090395480225988, 'run_time_millis': 3501.3506569994206, 'loss_mean': 0.22212772071361542}
Epoch 8 **** Loss 0.19864602386951447 **** Metrics validation: {'accuracy': 0.809432146294514, 'f1_weighted': 0.8122198429483237, 'macro': 0.7985960996240601, 'micro': 0.8094321462945139, 'binary': 0.7518796992481203, 'accuracy_majority': 0.8485099337748344, 'macro_majority': 0.8407291197608027, 'binary_majority': 0.8055260361317748, 'run_time_millis': 3483.411975001218, 'loss_mean': 0.20698119699954987}
Epoch 9 **** Loss 0.04167572781443596 **** Metrics validation: {'accuracy': 0.8243503368623677, 'f1_weighted': 0.8235241031342361, 'macro': 0.806258667298107, 'micro': 0.8243503368623677, 'binary': 0.7470547470547471, 'accuracy_majority': 0.8609271523178808, 'macro_majority': 0.849114511308382, 'binary_majority': 0.8068965517241379, 'run_time_millis': 3450.718175001384, 'loss_mean': 0.23821906745433807}
Evaluating
{'accuracy': 0.8243503368623677, 'f1_weighted': 0.8235241031342361, 'macro': 0.806258667298107, 'micro': 0.8243503368623677, 'binary': 0.7470547470547471, 'accuracy_majority': 0.8609271523178808, 'macro_majority': 0.849114511308382, 'binary_majority': 0.8068965517241379, 'run_time_millis': 3491.641513999639, 'loss_mean': 0.23821906745433807}
Device cuda
Split type sit
Training Size: 1050, NTA labels 682, YTA labels 368
Validation Size: 2078, NTA labels 1342, YTA labels 736
Test Size: 2089, NTA labels 1337, YTA labels 752
Training with SBERT, model name is sbert
Tokenizing the dataset
Number of training steps 330
Epoch 0 **** Loss 0.3084792494773865 **** Metrics validation: {'accuracy': 0.7218479307025987, 'f1_weighted': 0.7258220301098887, 'macro': 0.7057528281030738, 'micro': 0.7218479307025988, 'binary': 0.6369346733668342, 'accuracy_majority': 0.7350993377483444, 'macro_majority': 0.7234432234432235, 'binary_majority': 0.6666666666666667, 'run_time_millis': 2573.5102860016923, 'loss_mean': 0.2959231734275818}
Epoch 1 **** Loss 0.22759296000003815 **** Metrics validation: {'accuracy': 0.7646775745909529, 'f1_weighted': 0.7695274418008338, 'macro': 0.7565802192052928, 'micro': 0.7646775745909529, 'binary': 0.7121836374337845, 'accuracy_majority': 0.7922185430463576, 'macro_majority': 0.7873381143588575, 'binary_majority': 0.7551219512195122, 'run_time_millis': 3466.0663840004418, 'loss_mean': 0.2228131741285324}
Epoch 2 **** Loss 0.2690616250038147 **** Metrics validation: {'accuracy': 0.7791145332050048, 'f1_weighted': 0.7839152028261311, 'macro': 0.77411989713454, 'micro': 0.7791145332050048, 'binary': 0.7405313736574336, 'accuracy_majority': 0.8178807947019867, 'macro_majority': 0.8145455052965067, 'binary_majority': 0.7896749521988528, 'run_time_millis': 3454.5603900005517, 'loss_mean': 0.20396222174167633}
Epoch 3 **** Loss 0.16723547875881195 **** Metrics validation: {'accuracy': 0.8209817131857555, 'f1_weighted': 0.8201089414702822, 'macro': 0.8024789528177212, 'micro': 0.8209817131857555, 'binary': 0.7420249653259362, 'accuracy_majority': 0.8509933774834437, 'macro_majority': 0.8378436426116839, 'binary_majority': 0.7916666666666666, 'run_time_millis': 3524.261802998808, 'loss_mean': 0.20134463906288147}
Epoch 4 **** Loss 0.10710062086582184 **** Metrics validation: {'accuracy': 0.8301251203079885, 'f1_weighted': 0.8315695424606551, 'macro': 0.8176755769921469, 'micro': 0.8301251203079885, 'binary': 0.7700325732899023, 'accuracy_majority': 0.8609271523178808, 'macro_majority': 0.8519154152620287, 'binary_majority': 0.8153846153846154, 'run_time_millis': 3501.6393730002164, 'loss_mean': 0.19218412041664124}
Epoch 5 **** Loss 0.17722876369953156 **** Metrics validation: {'accuracy': 0.8152069297401348, 'f1_weighted': 0.8188198123094157, 'macro': 0.8078727781244943, 'micro': 0.8152069297401348, 'binary': 0.770334928229665, 'accuracy_majority': 0.8559602649006622, 'macro_majority': 0.8508311759095244, 'binary_majority': 0.823170731707317, 'run_time_millis': 3482.9956780013163, 'loss_mean': 0.19528913497924805}
Epoch 6 **** Loss 0.1230718344449997 **** Metrics validation: {'accuracy': 0.8378248315688162, 'f1_weighted': 0.8357407125756837, 'macro': 0.8184396699751597, 'micro': 0.837824831568816, 'binary': 0.7591136526090064, 'accuracy_majority': 0.8625827814569537, 'macro_majority': 0.8496733006084195, 'binary_majority': 0.8056206088992973, 'run_time_millis': 3504.470569998375, 'loss_mean': 0.23228521645069122}
Epoch 7 **** Loss 0.13152386248111725 **** Metrics validation: {'accuracy': 0.8426371511068335, 'f1_weighted': 0.8427566581432872, 'macro': 0.8282724053251007, 'micro': 0.8426371511068335, 'binary': 0.7786052809749493, 'accuracy_majority': 0.8675496688741722, 'macro_majority': 0.8576877199699589, 'binary_majority': 0.8202247191011236, 'run_time_millis': 3445.545246999245, 'loss_mean': 0.21454115211963654}
Epoch 8 **** Loss 0.16309763491153717 **** Metrics validation: {'accuracy': 0.84167468719923, 'f1_weighted': 0.8405976459122193, 'macro': 0.8246784503042075, 'micro': 0.84167468719923, 'binary': 0.7700908455625436, 'accuracy_majority': 0.8650662251655629, 'macro_majority': 0.8538245737502775, 'binary_majority': 0.8132875143184422, 'run_time_millis': 3467.0686400022532, 'loss_mean': 0.23104585707187653}
Epoch 9 **** Loss 0.07585236430168152 **** Metrics validation: {'accuracy': 0.8450433108758422, 'f1_weighted': 0.8443935356170322, 'macro': 0.829248773815539, 'micro': 0.8450433108758422, 'binary': 0.7773167358229599, 'accuracy_majority': 0.8658940397350994, 'macro_majority': 0.8552201704545455, 'binary_majority': 0.8159090909090909, 'run_time_millis': 3496.62762799926, 'loss_mean': 0.22955064475536346}
Evaluating
{'accuracy': 0.8450433108758422, 'f1_weighted': 0.8443935356170322, 'macro': 0.829248773815539, 'micro': 0.8450433108758422, 'binary': 0.7773167358229599, 'accuracy_majority': 0.8658940397350994, 'macro_majority': 0.8552201704545455, 'binary_majority': 0.8159090909090909, 'run_time_millis': 3495.6825129993376, 'loss_mean': 0.22955064475536346}
