______________________________	 Running Epoch 1 of 10 	______________________________
[Training] Itteration/Batch:   0/120: Loss: 0.74 | Accuracy: 0.69
[Training] Itteration/Batch:  25/120: Loss: 0.54 | Accuracy: 0.88
[Training] Itteration/Batch:  50/120: Loss: 0.50 | Accuracy: 0.81
[Training] Itteration/Batch:  75/120: Loss: 0.23 | Accuracy: 0.94
[Training] Itteration/Batch: 100/120: Loss: 0.20 | Accuracy: 0.94

Epoch 1: Val Bin. F1 Majority 0.6666666865348816 | Val Macro F1 Majority 0.7994987468671679 |             Val Bin F1 Individual 0.6435100436210632 | Val Macro F1 Individual 0.7885352659231553 |             Val Accuracy Majority 0.887499988079071 | Val Accuracy Individual 0.8879954218864441 | Training Loss:0.47937944531440735 |             Val Loss 0.33867162466049194 | Train Runtime Millis 8490.938247000031 | Val Runtime Millis 1212.55142300015

______________________________	 Running Epoch 2 of 10 	______________________________
[Training] Itteration/Batch:   0/120: Loss: 0.12 | Accuracy: 1.00
[Training] Itteration/Batch:  25/120: Loss: 0.25 | Accuracy: 0.88
[Training] Itteration/Batch:  50/120: Loss: 0.20 | Accuracy: 0.88
[Training] Itteration/Batch:  75/120: Loss: 0.45 | Accuracy: 0.94
[Training] Itteration/Batch: 100/120: Loss: 0.41 | Accuracy: 0.88

Epoch 2: Val Bin. F1 Majority 0.7323943376541138 | Val Macro F1 Majority 0.8394867800995287 |             Val Bin F1 Individual 0.6814814805984497 | Val Macro F1 Individual 0.8115089256489665 |             Val Accuracy Majority 0.910937488079071 | Val Accuracy Individual 0.9012061953544617 | Training Loss:0.31238606572151184 |             Val Loss 0.290963351726532 | Train Runtime Millis 7902.93359899988 | Val Runtime Millis 1220.4045580001548

______________________________	 Running Epoch 3 of 10 	______________________________
[Training] Itteration/Batch:   0/120: Loss: 0.07 | Accuracy: 1.00
[Training] Itteration/Batch:  25/120: Loss: 0.18 | Accuracy: 0.94
[Training] Itteration/Batch:  50/120: Loss: 0.23 | Accuracy: 0.94
[Training] Itteration/Batch:  75/120: Loss: 0.05 | Accuracy: 1.00
[Training] Itteration/Batch: 100/120: Loss: 0.67 | Accuracy: 0.69

Epoch 3: Val Bin. F1 Majority 0.7124463319778442 | Val Macro F1 Majority 0.8242269964050157 |             Val Bin F1 Individual 0.6543001532554626 | Val Macro F1 Individual 0.7916706796787489 |             Val Accuracy Majority 0.895312488079071 | Val Accuracy Individual 0.8822515606880188 | Training Loss:0.18875271081924438 |             Val Loss 0.32587164640426636 | Train Runtime Millis 7942.755045000013 | Val Runtime Millis 1215.558597999916

______________________________	 Running Epoch 4 of 10 	______________________________
[Training] Itteration/Batch:   0/120: Loss: 0.04 | Accuracy: 1.00
[Training] Itteration/Batch:  25/120: Loss: 0.05 | Accuracy: 1.00
[Training] Itteration/Batch:  50/120: Loss: 0.03 | Accuracy: 1.00
[Training] Itteration/Batch:  75/120: Loss: 0.01 | Accuracy: 1.00
[Training] Itteration/Batch: 100/120: Loss: 0.07 | Accuracy: 1.00

Epoch 4: Val Bin. F1 Majority 0.7707316875457764 | Val Macro F1 Majority 0.8635053885422574 |             Val Bin F1 Individual 0.7120622396469116 | Val Macro F1 Individual 0.8310985138494132 |             Val Accuracy Majority 0.926562488079071 | Val Accuracy Individual 0.9149913787841797 | Training Loss:0.12951387465000153 |             Val Loss 0.3414693772792816 | Train Runtime Millis 7913.436273000116 | Val Runtime Millis 1217.4518330002684

