Device cuda
Split type sit
Training Size: 1719, NTA labels 1647, YTA labels 72
Validation Size: 579, NTA labels 563, YTA labels 16
Test Size: 526, NTA labels 504, YTA labels 22
Training with SBERT, model name is sbert
Tokenizing the dataset
Number of training steps 540
Epoch 0 **** Loss 0.09004004299640656 **** Metrics validation: {'accuracy': 0.613126079447323, 'f1_weighted': 0.7375347983750037, 'macro': 0.4039486745836244, 'micro': 0.613126079447323, 'binary': 0.05084745762711864, 'accuracy_majority': 0.62, 'macro_majority': 0.41065535124941066, 'binary_majority': 0.05940594059405941, 'run_time_millis': 2269.3859659921145, 'loss_mean': 0.04779282957315445}
Epoch 1 **** Loss 0.05881018191576004 **** Metrics validation: {'accuracy': 0.6770293609671848, 'f1_weighted': 0.7842883136577253, 'macro': 0.43712472122147883, 'micro': 0.6770293609671848, 'binary': 0.06965174129353234, 'accuracy_majority': 0.686, 'macro_majority': 0.4462432720321109, 'binary_majority': 0.08187134502923976, 'run_time_millis': 1121.7898110044189, 'loss_mean': 0.04719730094075203}
Epoch 2 **** Loss 0.029039228335022926 **** Metrics validation: {'accuracy': 0.7789291882556131, 'f1_weighted': 0.8524726160301351, 'macro': 0.4799887735054729, 'micro': 0.7789291882556131, 'binary': 0.0857142857142857, 'accuracy_majority': 0.786, 'macro_majority': 0.4896937208481576, 'binary_majority': 0.10084033613445378, 'run_time_millis': 2271.700140001485, 'loss_mean': 0.04639760032296181}
Epoch 3 **** Loss 0.06914083659648895 **** Metrics validation: {'accuracy': 0.8324697754749568, 'f1_weighted': 0.8852061097910645, 'macro': 0.5005824448455853, 'micro': 0.8324697754749569, 'binary': 0.09345794392523364, 'accuracy_majority': 0.836, 'macro_majority': 0.50919364106493, 'binary_majority': 0.10869565217391304, 'run_time_millis': 1215.0720429926878, 'loss_mean': 0.04554895684123039}
Epoch 4 **** Loss 0.026989592239260674 **** Metrics validation: {'accuracy': 0.8514680483592401, 'f1_weighted': 0.8965031598736699, 'macro': 0.5115936911487758, 'micro': 0.8514680483592401, 'binary': 0.10416666666666667, 'accuracy_majority': 0.856, 'macro_majority': 0.5217599234815877, 'binary_majority': 0.12195121951219512, 'run_time_millis': 1686.8705969973234, 'loss_mean': 0.04451684653759003}
Epoch 5 **** Loss 0.05334896221756935 **** Metrics validation: {'accuracy': 0.8670120898100173, 'f1_weighted': 0.9056337759529597, 'macro': 0.5215235519495155, 'micro': 0.8670120898100173, 'binary': 0.11494252873563218, 'accuracy_majority': 0.872, 'macro_majority': 0.5330103321464013, 'binary_majority': 0.13513513513513514, 'run_time_millis': 2286.6490759915905, 'loss_mean': 0.0434882827103138}
Epoch 6 **** Loss 0.024116070941090584 **** Metrics validation: {'accuracy': 0.8756476683937824, 'f1_weighted': 0.911127284155333, 'macro': 0.5379090183559457, 'micro': 0.8756476683937824, 'binary': 0.14285714285714285, 'accuracy_majority': 0.88, 'macro_majority': 0.5510057471264368, 'binary_majority': 0.16666666666666666, 'run_time_millis': 2277.0526509993942, 'loss_mean': 0.04274937883019447}
Epoch 7 **** Loss 0.056308988481760025 **** Metrics validation: {'accuracy': 0.8721934369602763, 'f1_weighted': 0.9090997446794225, 'macro': 0.5352525164873307, 'micro': 0.8721934369602763, 'binary': 0.1395348837209302, 'accuracy_majority': 0.878, 'macro_majority': 0.5492899469492101, 'binary_majority': 0.1643835616438356, 'run_time_millis': 2291.66855099902, 'loss_mean': 0.042111050337553024}
Epoch 8 **** Loss 0.026203008368611336 **** Metrics validation: {'accuracy': 0.8739205526770294, 'f1_weighted': 0.9101138763962335, 'macro': 0.5365714598980319, 'micro': 0.8739205526770293, 'binary': 0.1411764705882353, 'accuracy_majority': 0.878, 'macro_majority': 0.5492899469492101, 'binary_majority': 0.1643835616438356, 'run_time_millis': 1635.9266740037128, 'loss_mean': 0.0416741818189621}
Epoch 9 **** Loss 0.038860876113176346 **** Metrics validation: {'accuracy': 0.8773747841105354, 'f1_weighted': 0.9121400120302877, 'macro': 0.5392659008125525, 'micro': 0.8773747841105354, 'binary': 0.14457831325301204, 'accuracy_majority': 0.88, 'macro_majority': 0.5510057471264368, 'binary_majority': 0.16666666666666666, 'run_time_millis': 1055.9505230048671, 'loss_mean': 0.04154013842344284}
Evaluating
{'accuracy': 0.8773747841105354, 'f1_weighted': 0.9121400120302877, 'macro': 0.5392659008125525, 'micro': 0.8773747841105354, 'binary': 0.14457831325301204, 'accuracy_majority': 0.88, 'macro_majority': 0.5510057471264368, 'binary_majority': 0.16666666666666666, 'run_time_millis': 1465.5858390033245, 'loss_mean': 0.04154013842344284}
