Device cuda
Split type sit
Training Size: 2078, NTA labels 1342, YTA labels 736
Validation Size: 2078, NTA labels 1342, YTA labels 736
Test Size: 2089, NTA labels 1337, YTA labels 752
Training with SBERT, model name is sbert
Tokenizing the dataset
Number of training steps 650
Epoch 0 **** Loss 0.2792350947856903 **** Metrics validation: {'accuracy': 0.7550529355149181, 'f1_weighted': 0.729777155946842, 'macro': 0.6873474539572183, 'micro': 0.755052935514918, 'binary': 0.5418541854185418, 'accuracy_majority': 0.7417218543046358, 'macro_majority': 0.6795755968169761, 'binary_majority': 0.5384615384615385, 'run_time_millis': 3337.7093609997246, 'loss_mean': 0.2665490508079529}
Epoch 1 **** Loss 0.18341954052448273 **** Metrics validation: {'accuracy': 0.8402309913378249, 'f1_weighted': 0.8404712777393972, 'macro': 0.8259099218041075, 'micro': 0.8402309913378249, 'binary': 0.7759784075573549, 'accuracy_majority': 0.8658940397350994, 'macro_majority': 0.8556367016332491, 'binary_majority': 0.8171557562076749, 'run_time_millis': 2336.1811450013192, 'loss_mean': 0.18460962176322937}
Epoch 2 **** Loss 0.16122470796108246 **** Metrics validation: {'accuracy': 0.8642925890279115, 'f1_weighted': 0.8654623316606544, 'macro': 0.8543863311068702, 'micro': 0.8642925890279115, 'binary': 0.8164062499999999, 'accuracy_majority': 0.9072847682119205, 'macro_majority': 0.9014472315541349, 'binary_majority': 0.8774617067833697, 'run_time_millis': 3268.1348499991145, 'loss_mean': 0.15605278313159943}
Epoch 3 **** Loss 0.14492647349834442 **** Metrics validation: {'accuracy': 0.848893166506256, 'f1_weighted': 0.8434470040329748, 'macro': 0.824258780435251, 'micro': 0.848893166506256, 'binary': 0.7584615384615384, 'accuracy_majority': 0.8576158940397351, 'macro_majority': 0.8378245055339608, 'binary_majority': 0.7811704834605597, 'run_time_millis': 3355.936649000796, 'loss_mean': 0.17394477128982544}
Epoch 4 **** Loss 0.15971532464027405 **** Metrics validation: {'accuracy': 0.875842155919153, 'f1_weighted': 0.875803918867775, 'macro': 0.8642180923002113, 'micro': 0.875842155919153, 'binary': 0.8244897959183675, 'accuracy_majority': 0.9172185430463576, 'macro_majority': 0.91036634048325, 'binary_majority': 0.8855835240274599, 'run_time_millis': 3357.1868010003527, 'loss_mean': 0.1371229887008667}
Epoch 5 **** Loss 0.08459385484457016 **** Metrics validation: {'accuracy': 0.8806544754571703, 'f1_weighted': 0.8808690130848146, 'macro': 0.8700348628887777, 'micro': 0.8806544754571703, 'binary': 0.8328840970350404, 'accuracy_majority': 0.9321192052980133, 'macro_majority': 0.9267872294506677, 'binary_majority': 0.9070294784580499, 'run_time_millis': 3354.487466000137, 'loss_mean': 0.1318761110305786}
Epoch 6 **** Loss 0.19172820448875427 **** Metrics validation: {'accuracy': 0.8792107795957652, 'f1_weighted': 0.8767919292581785, 'macro': 0.863092646037827, 'micro': 0.8792107795957652, 'binary': 0.8161172161172161, 'accuracy_majority': 0.9031456953642384, 'macro_majority': 0.8924467868957, 'binary_majority': 0.8585247883917775, 'run_time_millis': 3348.026800000298, 'loss_mean': 0.14770998060703278}
Epoch 7 **** Loss 0.05089843273162842 **** Metrics validation: {'accuracy': 0.8811357074109721, 'f1_weighted': 0.8795126935656562, 'macro': 0.8667393638220011, 'micro': 0.8811357074109721, 'binary': 0.8229390681003584, 'accuracy_majority': 0.9105960264900662, 'macro_majority': 0.9015594865495418, 'binary_majority': 0.8717339667458432, 'run_time_millis': 2359.545548000824, 'loss_mean': 0.14121954143047333}
Epoch 8 **** Loss 0.10469914972782135 **** Metrics validation: {'accuracy': 0.8792107795957652, 'f1_weighted': 0.8766289736951977, 'macro': 0.8627831827594108, 'micro': 0.8792107795957652, 'binary': 0.8153053715967623, 'accuracy_majority': 0.9031456953642384, 'macro_majority': 0.8923215816239072, 'binary_majority': 0.8581818181818182, 'run_time_millis': 2948.253164000562, 'loss_mean': 0.14459647238254547}
Epoch 9 **** Loss 0.11670032143592834 **** Metrics validation: {'accuracy': 0.87776708373436, 'f1_weighted': 0.8749012040872944, 'macro': 0.8606657691190834, 'micro': 0.87776708373436, 'binary': 0.8118518518518519, 'accuracy_majority': 0.8990066225165563, 'macro_majority': 0.8875222473570292, 'binary_majority': 0.851581508515815, 'run_time_millis': 3350.3536690004694, 'loss_mean': 0.14651881158351898}
Evaluating
{'accuracy': 0.8806544754571703, 'f1_weighted': 0.8808690130848146, 'macro': 0.8700348628887777, 'micro': 0.8806544754571703, 'binary': 0.8328840970350404, 'accuracy_majority': 0.9321192052980133, 'macro_majority': 0.9267872294506677, 'binary_majority': 0.9070294784580499, 'run_time_millis': 1785.809799001072, 'loss_mean': 0.1318761110305786}
