Device cuda
Split type sit
Training Size: 124578, NTA labels 119806, YTA labels 4772
Validation Size: 41314, NTA labels 39706, YTA labels 1608
Test Size: 41623, NTA labels 40033, YTA labels 1590
Training with SBERT, model name is sbert
Tokenizing the dataset
Number of training steps 38940
Epoch 0 **** Loss 0.009337779134511948 **** Metrics validation: {'accuracy': 0.9592389988865759, 'f1_weighted': 0.9538674604508417, 'macro': 0.656418519572054, 'micro': 0.9592389988865759, 'binary': 0.3338607594936709, 'accuracy_majority': 0.9744827586206897, 'macro_majority': 0.7291771832407875, 'binary_majority': 0.4714285714285715, 'run_time_millis': 19149.558594000155, 'loss_mean': 0.06548095494508743}
Epoch 1 **** Loss 0.002301603788509965 **** Metrics validation: {'accuracy': 0.9584886479159607, 'f1_weighted': 0.9544856984292487, 'macro': 0.6694308020839264, 'micro': 0.9584886479159607, 'binary': 0.360313315926893, 'accuracy_majority': 0.9739655172413794, 'macro_majority': 0.7433174013099664, 'binary_majority': 0.5, 'run_time_millis': 18844.011997999587, 'loss_mean': 0.06473161280155182}
Epoch 2 **** Loss 0.006145252846181393 **** Metrics validation: {'accuracy': 0.95860967226606, 'f1_weighted': 0.954427805154109, 'macro': 0.6678796518607443, 'micro': 0.95860967226606, 'binary': 0.35714285714285715, 'accuracy_majority': 0.9735344827586206, 'macro_majority': 0.7369478310642511, 'binary_majority': 0.48747913188647746, 'run_time_millis': 19055.776590000278, 'loss_mean': 0.06884434074163437}
Epoch 3 **** Loss 0.0009920243173837662 **** Metrics validation: {'accuracy': 0.9577382969453454, 'f1_weighted': 0.9536537954298265, 'macro': 0.6633341336047536, 'micro': 0.9577382969453454, 'binary': 0.3485074626865671, 'accuracy_majority': 0.9727586206896551, 'macro_majority': 0.7305497590560891, 'binary_majority': 0.47508305647840526, 'run_time_millis': 17944.15230100003, 'loss_mean': 0.07639183104038239}
Epoch 4 **** Loss 0.0013809783849865198 **** Metrics validation: {'accuracy': 0.9590453599264172, 'f1_weighted': 0.9532188338570966, 'macro': 0.6491380253790471, 'micro': 0.9590453599264172, 'binary': 0.31938857602574416, 'accuracy_majority': 0.9738793103448276, 'macro_majority': 0.716346879004609, 'binary_majority': 0.44606946983546614, 'run_time_millis': 18867.522198000188, 'loss_mean': 0.085956871509552}
Epoch 5 **** Loss 0.00018972973339259624 **** Metrics validation: {'accuracy': 0.9567701021445515, 'f1_weighted': 0.953161852456954, 'macro': 0.6631468807310081, 'micro': 0.9567701021445514, 'binary': 0.34865061998541214, 'accuracy_majority': 0.9713793103448276, 'macro_majority': 0.7240405982483399, 'binary_majority': 0.46278317152103554, 'run_time_millis': 17983.32458999994, 'loss_mean': 0.08713927119970322}
Epoch 6 **** Loss 0.09116865694522858 **** Metrics validation: {'accuracy': 0.9551967855932614, 'f1_weighted': 0.9524484625073345, 'macro': 0.664003247830633, 'micro': 0.9551967855932614, 'binary': 0.3512092534174553, 'accuracy_majority': 0.969396551724138, 'macro_majority': 0.7203051974262916, 'binary_majority': 0.4563552833078101, 'run_time_millis': 19051.377990999754, 'loss_mean': 0.09490133821964264}
Epoch 7 **** Loss 0.01245797984302044 **** Metrics validation: {'accuracy': 0.9550031466331026, 'f1_weighted': 0.952698877300202, 'macro': 0.6685951457634886, 'micro': 0.9550031466331026, 'binary': 0.36050911592707263, 'accuracy_majority': 0.969396551724138, 'macro_majority': 0.7260057230072223, 'binary_majority': 0.46776611694152925, 'run_time_millis': 18644.025675000194, 'loss_mean': 0.09738347679376602}
Epoch 8 **** Loss 0.1334386169910431 **** Metrics validation: {'accuracy': 0.9562860047441545, 'f1_weighted': 0.9527996394056084, 'macro': 0.6615199318005143, 'micro': 0.9562860047441545, 'binary': 0.3456521739130435, 'accuracy_majority': 0.9706896551724138, 'macro_majority': 0.7209037171605435, 'binary_majority': 0.45686900958466453, 'run_time_millis': 19032.134001000486, 'loss_mean': 0.1092289537191391}
Epoch 9 **** Loss 0.0006957997102290392 **** Metrics validation: {'accuracy': 0.9562617998741346, 'f1_weighted': 0.9528182227828593, 'macro': 0.6619237659682079, 'micro': 0.9562617998741346, 'binary': 0.34647377938517177, 'accuracy_majority': 0.9708620689655172, 'macro_majority': 0.7225454600007756, 'binary_majority': 0.46006389776357826, 'run_time_millis': 19127.40290199963, 'loss_mean': 0.11435818672180176}
Evaluating
{'accuracy': 0.9584886479159607, 'f1_weighted': 0.9544856984292487, 'macro': 0.6694308020839264, 'micro': 0.9584886479159607, 'binary': 0.360313315926893, 'accuracy_majority': 0.9739655172413794, 'macro_majority': 0.7433174013099664, 'binary_majority': 0.5, 'run_time_millis': 18784.649117999834, 'loss_mean': 0.06473161280155182}
