Device cuda
Split type sit
Training Size: 50785, NTA labels 35928, YTA labels 14857
Validation Size: 17847, NTA labels 12196, YTA labels 5651
Test Size: 18690, NTA labels 13377, YTA labels 5313
Training with SBERT, model name is sbert
Tokenizing the dataset
Number of training steps 15880
Epoch 0 **** Loss 0.12914758920669556 **** Metrics validation: {'accuracy': 0.6179189779794924, 'f1_weighted': 0.5993306361923348, 'macro': 0.5196576191674851, 'micro': 0.6179189779794924, 'binary': 0.3024040920716113, 'accuracy_majority': 0.6665684830633284, 'macro_majority': 0.5526892603707597, 'binary_majority': 0.3269916765755053, 'run_time_millis': 63046.16737389006, 'loss_mean': 0.42008504271507263}
Epoch 1 **** Loss 0.013714835047721863 **** Metrics validation: {'accuracy': 0.6606152294503278, 'f1_weighted': 0.6191842719721913, 'macro': 0.526982430185587, 'micro': 0.6606152294503278, 'binary': 0.2755651237890204, 'accuracy_majority': 0.6865979381443299, 'macro_majority': 0.5315915213744726, 'binary_majority': 0.2621359223300971, 'run_time_millis': 63001.33178080432, 'loss_mean': 0.6090209484100342}
Epoch 2 **** Loss 0.4094807505607605 **** Metrics validation: {'accuracy': 0.6376982125847481, 'f1_weighted': 0.6298827140174117, 'macro': 0.5643026651414924, 'micro': 0.6376982125847481, 'binary': 0.38547804599885954, 'accuracy_majority': 0.6603829160530191, 'macro_majority': 0.5752393353679214, 'binary_majority': 0.3850666666666667, 'run_time_millis': 65057.31964111328, 'loss_mean': 0.5129430890083313}
Epoch 3 **** Loss 0.0026800227351486683 **** Metrics validation: {'accuracy': 0.6675071440578249, 'f1_weighted': 0.6288831413464985, 'macro': 0.540121168823454, 'micro': 0.6675071440578249, 'binary': 0.298083747338538, 'accuracy_majority': 0.6863033873343152, 'macro_majority': 0.5454225429583508, 'binary_majority': 0.292358803986711, 'run_time_millis': 62975.32135085203, 'loss_mean': 0.7471246719360352}
Epoch 4 **** Loss 0.019246231764554977 **** Metrics validation: {'accuracy': 0.6696363534487589, 'f1_weighted': 0.6360409469293535, 'macro': 0.551730388773867, 'micro': 0.6696363534487589, 'binary': 0.3218311479181044, 'accuracy_majority': 0.6901325478645066, 'macro_majority': 0.5742887847597687, 'binary_majority': 0.3522167487684729, 'run_time_millis': 62945.78651199117, 'loss_mean': 0.7193825840950012}
Epoch 5 **** Loss 0.002710336120799184 **** Metrics validation: {'accuracy': 0.6554042696251471, 'f1_weighted': 0.6342962681844505, 'macro': 0.5583886476188686, 'micro': 0.6554042696251471, 'binary': 0.35140265766715884, 'accuracy_majority': 0.6659793814432989, 'macro_majority': 0.5644729733031785, 'binary_majority': 0.3542141230068337, 'run_time_millis': 64941.80695107207, 'loss_mean': 1.0322988033294678}
Epoch 6 **** Loss 0.00019001844339072704 **** Metrics validation: {'accuracy': 0.6600549111895556, 'f1_weighted': 0.6247908109448866, 'macro': 0.5374644635739605, 'micro': 0.6600549111895556, 'binary': 0.29934172537244486, 'accuracy_majority': 0.6818851251840943, 'macro_majority': 0.553000623209735, 'binary_majority': 0.31297709923664124, 'run_time_millis': 62880.76056097634, 'loss_mean': 1.284886121749878}
Epoch 7 **** Loss 0.0008372743614017963 **** Metrics validation: {'accuracy': 0.6608393567546367, 'f1_weighted': 0.6278465304656008, 'macro': 0.5425292455735664, 'micro': 0.6608393567546367, 'binary': 0.30988484779386616, 'accuracy_majority': 0.6842415316642121, 'macro_majority': 0.5676523808437683, 'binary_majority': 0.3431372549019608, 'run_time_millis': 62825.88371820748, 'loss_mean': 1.3785130977630615}
Epoch 8 **** Loss 0.029305625706911087 **** Metrics validation: {'accuracy': 0.6543396649296801, 'f1_weighted': 0.6233200035116674, 'macro': 0.5385501980916705, 'micro': 0.6543396649296801, 'binary': 0.30739867519928143, 'accuracy_majority': 0.6771723122238587, 'macro_majority': 0.5662219909311518, 'binary_majority': 0.3468414779499404, 'run_time_millis': 62828.15236109309, 'loss_mean': 1.7739450931549072}
Epoch 9 **** Loss 0.047181300818920135 **** Metrics validation: {'accuracy': 0.6516501372779739, 'f1_weighted': 0.6200860727616367, 'macro': 0.5344009619116049, 'micro': 0.6516501372779739, 'binary': 0.3007535710268811, 'accuracy_majority': 0.6745213549337261, 'macro_majority': 0.5614284283016919, 'binary_majority': 0.33871932974266905, 'run_time_millis': 62758.640344953164, 'loss_mean': 2.034528970718384}
Evaluating
{'accuracy': 0.6696363534487589, 'f1_weighted': 0.6360409469293535, 'macro': 0.551730388773867, 'micro': 0.6696363534487589, 'binary': 0.3218311479181044, 'accuracy_majority': 0.6901325478645066, 'macro_majority': 0.5742887847597687, 'binary_majority': 0.3522167487684729, 'run_time_millis': 63059.44082909264, 'loss_mean': 0.7193825840950012}
