Device cuda
DATASET: GE'fear, MODEL: sbertbase, 
Split type sit
DATASET: GE'fear, MODEL: sbertbase, PERCENTAGE: False, NUM_COMMENTS_PER_ANNO: 266
Training Size: 5079, NTA labels 5006, YTA labels 73
Validation Size: 1716, NTA labels 1684, YTA labels 32
Test Size: 1539, NTA labels 1506, YTA labels 33
Training with SBERT, model name is sbert
Tokenizing the dataset
Number of training steps 1590
Epoch 0 **** Loss 0.011105316691100597 **** Metrics validation: {'accuracy': 0.8595571095571095, 'f1_weighted': 0.9085963985564863, 'macro': 0.5172297056725708, 'micro': 0.8595571095571095, 'binary': 0.11070110701107011, 'accuracy_majority': 0.8651911468812877, 'macro_majority': 0.5227181515881206, 'binary_majority': 0.11842105263157894, 'run_time_millis': 1710.9449000563473, 'loss_mean': 0.024356616660952568}
Epoch 1 **** Loss 0.009165622293949127 **** Metrics validation: {'accuracy': 0.756993006993007, 'f1_weighted': 0.8453924292905741, 'macro': 0.4775439516190857, 'micro': 0.756993006993007, 'binary': 0.09544468546637744, 'accuracy_majority': 0.7585513078470825, 'macro_majority': 0.47245981973056894, 'binary_majority': 0.08396946564885496, 'run_time_millis': 2724.0059500327334, 'loss_mean': 0.019088055938482285}
Epoch 2 **** Loss 0.003941924776881933 **** Metrics validation: {'accuracy': 0.8432400932400932, 'f1_weighted': 0.8989639446903634, 'macro': 0.5072371251335711, 'micro': 0.8432400932400931, 'binary': 0.1003344481605351, 'accuracy_majority': 0.8460764587525151, 'macro_majority': 0.5105292124091185, 'binary_majority': 0.10526315789473684, 'run_time_millis': 2721.862989012152, 'loss_mean': 0.023986978456377983}
Epoch 3 **** Loss 0.0014147891197353601 **** Metrics validation: {'accuracy': 0.9242424242424242, 'f1_weighted': 0.9456903656079363, 'macro': 0.5687542045885109, 'micro': 0.9242424242424242, 'binary': 0.1772151898734177, 'accuracy_majority': 0.9255533199195171, 'macro_majority': 0.5693946844631776, 'binary_majority': 0.17777777777777778, 'run_time_millis': 2702.3261829745024, 'loss_mean': 0.051315564662218094}
Epoch 4 **** Loss 0.0004360837338026613 **** Metrics validation: {'accuracy': 0.9388111888111889, 'f1_weighted': 0.9536249048320528, 'macro': 0.5771286145787129, 'micro': 0.9388111888111889, 'binary': 0.18604651162790697, 'accuracy_majority': 0.9386317907444668, 'macro_majority': 0.5773897891618749, 'binary_majority': 0.18666666666666668, 'run_time_millis': 2689.6084480686113, 'loss_mean': 0.06563204526901245}
Epoch 5 **** Loss 0.054299261420965195 **** Metrics validation: {'accuracy': 0.9557109557109557, 'f1_weighted': 0.9631679201479527, 'macro': 0.6008471775032749, 'micro': 0.9557109557109557, 'binary': 0.22448979591836735, 'accuracy_majority': 0.959758551307847, 'macro_majority': 0.6192883679957104, 'binary_majority': 0.2592592592592593, 'run_time_millis': 2684.7029839409515, 'loss_mean': 0.0806599035859108}
Epoch 6 **** Loss 0.00016703525034245104 **** Metrics validation: {'accuracy': 0.958041958041958, 'f1_weighted': 0.9645488430466057, 'macro': 0.6062363754573384, 'micro': 0.958041958041958, 'binary': 0.23404255319148934, 'accuracy_majority': 0.9607645875251509, 'macro_majority': 0.6219979523182682, 'binary_majority': 0.2641509433962264, 'run_time_millis': 2717.5102649489418, 'loss_mean': 0.08315200358629227}
Epoch 7 **** Loss 0.00035690999357029796 **** Metrics validation: {'accuracy': 0.960955710955711, 'f1_weighted': 0.9649539131285875, 'macro': 0.5764227372702455, 'micro': 0.960955710955711, 'binary': 0.1728395061728395, 'accuracy_majority': 0.9627766599597586, 'macro_majority': 0.5793675301652657, 'binary_majority': 0.17777777777777778, 'run_time_millis': 2740.5111280968413, 'loss_mean': 0.09163304418325424}
Epoch 8 **** Loss 0.0002027211303357035 **** Metrics validation: {'accuracy': 0.9615384615384616, 'f1_weighted': 0.9666451969083547, 'macro': 0.6151315789473684, 'micro': 0.9615384615384616, 'binary': 0.25, 'accuracy_majority': 0.9647887323943662, 'macro_majority': 0.6338318720990201, 'binary_majority': 0.2857142857142857, 'run_time_millis': 2722.5549329305068, 'loss_mean': 0.09065752476453781}
Epoch 9 **** Loss 0.00014752859715372324 **** Metrics validation: {'accuracy': 0.9615384615384616, 'f1_weighted': 0.9660023369700789, 'macro': 0.5972862263184844, 'micro': 0.9615384615384616, 'binary': 0.2142857142857143, 'accuracy_majority': 0.9637826961770624, 'macro_majority': 0.5994268571172704, 'binary_majority': 0.2173913043478261, 'run_time_millis': 2707.070044009015, 'loss_mean': 0.0938047543168068}
Evaluating
{'accuracy': 0.9615384615384616, 'f1_weighted': 0.9666451969083547, 'macro': 0.6151315789473684, 'micro': 0.9615384615384616, 'binary': 0.25, 'accuracy_majority': 0.9647887323943662, 'macro_majority': 0.6338318720990201, 'binary_majority': 0.2857142857142857, 'run_time_millis': 2709.5052209915593, 'loss_mean': 0.09065752476453781}
Device cuda
DATASET: GE'fear, MODEL: sbertbase, 
Split type sit
DATASET: GE'fear, MODEL: sbertbase, PERCENTAGE: False, NUM_COMMENTS_PER_ANNO: 266
Training Size: 5079, NTA labels 5006, YTA labels 73
Validation Size: 1716, NTA labels 1684, YTA labels 32
Test Size: 1539, NTA labels 1506, YTA labels 33
Training with SBERT, model name is sbert
Tokenizing the dataset
Number of training steps 1590
Epoch 0 **** Loss 0.04776850342750549 **** Metrics validation: {'accuracy': 0.9463869463869464, 'f1_weighted': 0.9572257563828906, 'macro': 0.5679711017459362, 'micro': 0.9463869463869464, 'binary': 0.16363636363636364, 'accuracy_majority': 0.9486921529175051, 'macro_majority': 0.5819913419913421, 'binary_majority': 0.1904761904761905, 'run_time_millis': 2694.725324981846, 'loss_mean': 0.024233892560005188}
Epoch 1 **** Loss 0.023861553519964218 **** Metrics validation: {'accuracy': 0.8881118881118881, 'f1_weighted': 0.9252817008427983, 'macro': 0.5415033843961525, 'micro': 0.8881118881118881, 'binary': 0.14285714285714285, 'accuracy_majority': 0.8843058350100603, 'macro_majority': 0.5366718683501206, 'binary_majority': 0.13533834586466167, 'run_time_millis': 2706.3136390643194, 'loss_mean': 0.0220944881439209}
Epoch 2 **** Loss 0.0132394228130579 **** Metrics validation: {'accuracy': 0.9166666666666666, 'f1_weighted': 0.9415254983827208, 'macro': 0.5647659571449095, 'micro': 0.9166666666666666, 'binary': 0.17341040462427745, 'accuracy_majority': 0.9114688128772636, 'macro_majority': 0.561526276742927, 'binary_majority': 0.16981132075471697, 'run_time_millis': 2711.4860680885613, 'loss_mean': 0.027296660467982292}
Epoch 3 **** Loss 0.010064862668514252 **** Metrics validation: {'accuracy': 0.932983682983683, 'f1_weighted': 0.950498469379751, 'macro': 0.574726688518655, 'micro': 0.9329836829836828, 'binary': 0.1843971631205674, 'accuracy_majority': 0.9325955734406438, 'macro_majority': 0.5788002403314043, 'binary_majority': 0.1927710843373494, 'run_time_millis': 2758.2964779576287, 'loss_mean': 0.046452596783638}
Epoch 4 **** Loss 0.002716477494686842 **** Metrics validation: {'accuracy': 0.960955710955711, 'f1_weighted': 0.9659825046866951, 'macro': 0.6049275810525231, 'micro': 0.960955710955711, 'binary': 0.2298850574712644, 'accuracy_majority': 0.9637826961770624, 'macro_majority': 0.6157216494845361, 'binary_majority': 0.25, 'run_time_millis': 1716.3970220135525, 'loss_mean': 0.0676497295498848}
Epoch 5 **** Loss 0.004048924893140793 **** Metrics validation: {'accuracy': 0.9487179487179487, 'f1_weighted': 0.9595776198041356, 'macro': 0.6007740871165255, 'micro': 0.9487179487179487, 'binary': 0.22807017543859648, 'accuracy_majority': 0.9507042253521126, 'macro_majority': 0.6103364134565382, 'binary_majority': 0.24615384615384617, 'run_time_millis': 1199.9822369543836, 'loss_mean': 0.06814394891262054}
Epoch 6 **** Loss 0.0004939155769534409 **** Metrics validation: {'accuracy': 0.9504662004662005, 'f1_weighted': 0.9606025757787275, 'macro': 0.6043197669213929, 'micro': 0.9504662004662005, 'binary': 0.23423423423423423, 'accuracy_majority': 0.954728370221328, 'macro_majority': 0.6194713603920134, 'binary_majority': 0.26229508196721313, 'run_time_millis': 2710.4972689412534, 'loss_mean': 0.07385586202144623}
Epoch 7 **** Loss 0.0034553566947579384 **** Metrics validation: {'accuracy': 0.9533799533799534, 'f1_weighted': 0.9623216464796243, 'macro': 0.6106150512259045, 'micro': 0.9533799533799534, 'binary': 0.24528301886792453, 'accuracy_majority': 0.9567404426559356, 'macro_majority': 0.6244475490066865, 'binary_majority': 0.27118644067796605, 'run_time_millis': 2670.851957052946, 'loss_mean': 0.07865408062934875}
Epoch 8 **** Loss 0.001478074467740953 **** Metrics validation: {'accuracy': 0.9638694638694638, 'f1_weighted': 0.9677379434059449, 'macro': 0.6126974881689116, 'micro': 0.9638694638694638, 'binary': 0.24390243902439027, 'accuracy_majority': 0.9668008048289738, 'macro_majority': 0.6248413106879397, 'binary_majority': 0.26666666666666666, 'run_time_millis': 2691.6204650187865, 'loss_mean': 0.08514092862606049}
Epoch 9 **** Loss 0.0023206532932817936 **** Metrics validation: {'accuracy': 0.965034965034965, 'f1_weighted': 0.968448019760669, 'macro': 0.6160501193317423, 'micro': 0.965034965034965, 'binary': 0.25, 'accuracy_majority': 0.9678068410462777, 'macro_majority': 0.6281331836887393, 'binary_majority': 0.27272727272727276, 'run_time_millis': 2690.392571967095, 'loss_mean': 0.08687969297170639}
Evaluating
{'accuracy': 0.965034965034965, 'f1_weighted': 0.968448019760669, 'macro': 0.6160501193317423, 'micro': 0.965034965034965, 'binary': 0.25, 'accuracy_majority': 0.9678068410462777, 'macro_majority': 0.6281331836887393, 'binary_majority': 0.27272727272727276, 'run_time_millis': 2686.989765963517, 'loss_mean': 0.08687969297170639}
Device cuda
DATASET: GE'fear, MODEL: sbertbase, 
Split type sit
DATASET: GE'fear, MODEL: sbertbase, PERCENTAGE: False, NUM_COMMENTS_PER_ANNO: 266
Training Size: 5079, NTA labels 5006, YTA labels 73
Validation Size: 1716, NTA labels 1684, YTA labels 32
Test Size: 1539, NTA labels 1506, YTA labels 33
Training with SBERT, model name is sbert
Tokenizing the dataset
Number of training steps 1590
Epoch 0 **** Loss 0.011163374409079552 **** Metrics validation: {'accuracy': 0.8164335664335665, 'f1_weighted': 0.8829612764410034, 'macro': 0.5026713908621595, 'micro': 0.8164335664335665, 'binary': 0.10764872521246459, 'accuracy_majority': 0.8158953722334004, 'macro_majority': 0.502340533220251, 'binary_majority': 0.10731707317073172, 'run_time_millis': 1717.9873939603567, 'loss_mean': 0.02314998395740986}
Epoch 1 **** Loss 0.011249211616814137 **** Metrics validation: {'accuracy': 0.6940559440559441, 'f1_weighted': 0.80250589957852, 'macro': 0.4546237121546449, 'micro': 0.6940559440559441, 'binary': 0.09326424870466321, 'accuracy_majority': 0.6891348088531187, 'macro_majority': 0.45311389943859537, 'binary_majority': 0.093841642228739, 'run_time_millis': 2723.4159050276503, 'loss_mean': 0.018887747079133987}
Epoch 2 **** Loss 0.0071520693600177765 **** Metrics validation: {'accuracy': 0.8682983682983683, 'f1_weighted': 0.9137055744423502, 'macro': 0.5230144049118387, 'micro': 0.8682983682983683, 'binary': 0.11718749999999999, 'accuracy_majority': 0.864185110663984, 'macro_majority': 0.5220387882673505, 'binary_majority': 0.11764705882352942, 'run_time_millis': 2715.4198529897258, 'loss_mean': 0.02354399673640728}
Epoch 3 **** Loss 0.08578170090913773 **** Metrics validation: {'accuracy': 0.9230769230769231, 'f1_weighted': 0.9450253902576641, 'macro': 0.5673288508557457, 'micro': 0.9230769230769231, 'binary': 0.175, 'accuracy_majority': 0.920523138832998, 'macro_majority': 0.5633441766063336, 'binary_majority': 0.16842105263157894, 'run_time_millis': 2723.923143930733, 'loss_mean': 0.04656514525413513}
Epoch 4 **** Loss 0.005808239337056875 **** Metrics validation: {'accuracy': 0.9353146853146853, 'f1_weighted': 0.9518318195876541, 'macro': 0.578046808369239, 'micro': 0.9353146853146853, 'binary': 0.18978102189781024, 'accuracy_majority': 0.9325955734406438, 'macro_majority': 0.5788002403314043, 'binary_majority': 0.1927710843373494, 'run_time_millis': 2720.92110698577, 'loss_mean': 0.05750550329685211}
Epoch 5 **** Loss 0.002597344107925892 **** Metrics validation: {'accuracy': 0.9527972027972028, 'f1_weighted': 0.9619766559068084, 'macro': 0.6093148759749842, 'micro': 0.9527972027972028, 'binary': 0.24299065420560748, 'accuracy_majority': 0.9527162977867203, 'macro_majority': 0.6147763347763348, 'binary_majority': 0.25396825396825395, 'run_time_millis': 2709.466260042973, 'loss_mean': 0.06651464104652405}
Epoch 6 **** Loss 0.00016155617777258158 **** Metrics validation: {'accuracy': 0.9586247086247086, 'f1_weighted': 0.9645956158976213, 'macro': 0.5992645486808912, 'micro': 0.9586247086247085, 'binary': 0.21978021978021978, 'accuracy_majority': 0.959758551307847, 'macro_majority': 0.6050540368722187, 'binary_majority': 0.23076923076923078, 'run_time_millis': 2709.35969799757, 'loss_mean': 0.07136668264865875}
Epoch 7 **** Loss 0.00021056298282928765 **** Metrics validation: {'accuracy': 0.9656177156177156, 'f1_weighted': 0.9688049501479379, 'macro': 0.6177841872194558, 'micro': 0.9656177156177156, 'binary': 0.25316455696202533, 'accuracy_majority': 0.9668008048289738, 'macro_majority': 0.6248413106879397, 'binary_majority': 0.26666666666666666, 'run_time_millis': 2685.6784790288657, 'loss_mean': 0.07879994809627533}
Epoch 8 **** Loss 0.0002338749764021486 **** Metrics validation: {'accuracy': 0.9673659673659674, 'f1_weighted': 0.9695223780989117, 'macro': 0.6132833250164995, 'micro': 0.9673659673659674, 'binary': 0.2432432432432432, 'accuracy_majority': 0.9688128772635815, 'macro_majority': 0.613990253924111, 'binary_majority': 0.24390243902439027, 'run_time_millis': 2699.2648959858343, 'loss_mean': 0.08406190574169159}
Epoch 9 **** Loss 0.0010454392759129405 **** Metrics validation: {'accuracy': 0.9667832167832168, 'f1_weighted': 0.9691646929180441, 'macro': 0.6115102770330652, 'micro': 0.9667832167832168, 'binary': 0.24, 'accuracy_majority': 0.9678068410462777, 'macro_majority': 0.6108256252141144, 'binary_majority': 0.2380952380952381, 'run_time_millis': 2728.877746965736, 'loss_mean': 0.08378864079713821}
Evaluating
{'accuracy': 0.9673659673659674, 'f1_weighted': 0.9695223780989117, 'macro': 0.6132833250164995, 'micro': 0.9673659673659674, 'binary': 0.2432432432432432, 'accuracy_majority': 0.9688128772635815, 'macro_majority': 0.613990253924111, 'binary_majority': 0.24390243902439027, 'run_time_millis': 2706.005135900341, 'loss_mean': 0.08406190574169159}
Device cuda
DATASET: GE'fear, MODEL: sbertbase, 
Split type sit
DATASET: GE'fear, MODEL: sbertbase, PERCENTAGE: False, NUM_COMMENTS_PER_ANNO: 266
Training Size: 5079, NTA labels 5006, YTA labels 73
Validation Size: 1716, NTA labels 1684, YTA labels 32
Test Size: 1539, NTA labels 1506, YTA labels 33
Training with SBERT, model name is sbert
Tokenizing the dataset
Number of training steps 1590
Epoch 0 **** Loss 0.01047221478074789 **** Metrics validation: {'accuracy': 0.9067599067599068, 'f1_weighted': 0.9358644753625108, 'macro': 0.5542712425728108, 'micro': 0.9067599067599067, 'binary': 0.15789473684210525, 'accuracy_majority': 0.9064386317907445, 'macro_majority': 0.5406996676057177, 'binary_majority': 0.1308411214953271, 'run_time_millis': 2724.817325011827, 'loss_mean': 0.023786738514900208}
Epoch 1 **** Loss 0.007811760064214468 **** Metrics validation: {'accuracy': 0.8292540792540792, 'f1_weighted': 0.8908833027508213, 'macro': 0.5179474887705354, 'micro': 0.8292540792540792, 'binary': 0.13056379821958458, 'accuracy_majority': 0.8289738430583501, 'macro_majority': 0.5099642724573126, 'binary_majority': 0.11458333333333334, 'run_time_millis': 2728.0646060826257, 'loss_mean': 0.01974555104970932}
Epoch 2 **** Loss 0.006870407145470381 **** Metrics validation: {'accuracy': 0.796037296037296, 'f1_weighted': 0.8703542786383023, 'macro': 0.49375410913872453, 'micro': 0.796037296037296, 'binary': 0.10256410256410255, 'accuracy_majority': 0.7977867203219315, 'macro_majority': 0.4923868443450755, 'binary_majority': 0.09865470852017938, 'run_time_millis': 2722.5725810276344, 'loss_mean': 0.020925192162394524}
Epoch 3 **** Loss 0.002498557325452566 **** Metrics validation: {'accuracy': 0.9487179487179487, 'f1_weighted': 0.9595776198041356, 'macro': 0.6007740871165255, 'micro': 0.9487179487179487, 'binary': 0.22807017543859648, 'accuracy_majority': 0.9496981891348089, 'macro_majority': 0.608204837133037, 'binary_majority': 0.24242424242424243, 'run_time_millis': 2719.0607039956376, 'loss_mean': 0.05024396628141403}
Epoch 4 **** Loss 0.004399023484438658 **** Metrics validation: {'accuracy': 0.9411421911421911, 'f1_weighted': 0.955179806950567, 'macro': 0.5870823257531538, 'micro': 0.9411421911421912, 'binary': 0.20472440944881892, 'accuracy_majority': 0.9426559356136821, 'macro_majority': 0.5947065345684752, 'binary_majority': 0.2191780821917808, 'run_time_millis': 2713.0727790063247, 'loss_mean': 0.06042439490556717}
Epoch 5 **** Loss 0.0076608513481915 **** Metrics validation: {'accuracy': 0.9481351981351981, 'f1_weighted': 0.9592369347412538, 'macro': 0.5996277411490215, 'micro': 0.9481351981351981, 'binary': 0.22608695652173916, 'accuracy_majority': 0.9496981891348089, 'macro_majority': 0.608204837133037, 'binary_majority': 0.24242424242424243, 'run_time_millis': 2712.4218669487163, 'loss_mean': 0.07030393183231354}
Epoch 6 **** Loss 0.003311623353511095 **** Metrics validation: {'accuracy': 0.9644522144522144, 'f1_weighted': 0.9673841310204946, 'macro': 0.5948051948051948, 'micro': 0.9644522144522144, 'binary': 0.20779220779220778, 'accuracy_majority': 0.96579476861167, 'macro_majority': 0.6048915076692855, 'binary_majority': 0.22727272727272727, 'run_time_millis': 1985.4176089866087, 'loss_mean': 0.0890391543507576}
Epoch 7 **** Loss 0.00501294294372201 **** Metrics validation: {'accuracy': 0.9574592074592074, 'f1_weighted': 0.9639071732802713, 'macro': 0.5965954651286361, 'micro': 0.9574592074592074, 'binary': 0.21505376344086022, 'accuracy_majority': 0.9607645875251509, 'macro_majority': 0.6075799447295697, 'binary_majority': 0.23529411764705885, 'run_time_millis': 2699.870076030493, 'loss_mean': 0.08869433403015137}
Epoch 8 **** Loss 4.998503573006019e-05 **** Metrics validation: {'accuracy': 0.9568764568764568, 'f1_weighted': 0.9635640886867892, 'macro': 0.5952984969978201, 'micro': 0.9568764568764568, 'binary': 0.2127659574468085, 'accuracy_majority': 0.959758551307847, 'macro_majority': 0.6050540368722187, 'binary_majority': 0.23076923076923078, 'run_time_millis': 2714.8082619532943, 'loss_mean': 0.09144729375839233}
Epoch 9 **** Loss 0.0010781210148707032 **** Metrics validation: {'accuracy': 0.9603729603729604, 'f1_weighted': 0.9646158088968427, 'macro': 0.5752165999271933, 'micro': 0.9603729603729604, 'binary': 0.17073170731707318, 'accuracy_majority': 0.9617706237424547, 'macro_majority': 0.5771727936237855, 'binary_majority': 0.17391304347826086, 'run_time_millis': 2710.0042409729213, 'loss_mean': 0.09532765299081802}
Evaluating
{'accuracy': 0.9644522144522144, 'f1_weighted': 0.9673841310204946, 'macro': 0.5948051948051948, 'micro': 0.9644522144522144, 'binary': 0.20779220779220778, 'accuracy_majority': 0.96579476861167, 'macro_majority': 0.6048915076692855, 'binary_majority': 0.22727272727272727, 'run_time_millis': 2712.0103390188888, 'loss_mean': 0.0890391543507576}
