Device cuda
Split type sit
Training Size: 2366, NTA labels 1781, YTA labels 585
Validation Size: 738, NTA labels 553, YTA labels 185
Test Size: 1026, NTA labels 820, YTA labels 206
Training with SBERT, model name is sbert
Tokenizing the dataset
Number of training steps 740
Epoch 0 **** Loss 0.2822689414024353 **** Metrics validation: {'accuracy': 0.6246612466124661, 'f1_weighted': 0.6398958069235516, 'macro': 0.5448734646442382, 'micro': 0.6246612466124661, 'binary': 0.3543123543123543, 'accuracy_majority': 0.6123128119800333, 'macro_majority': 0.5372905494040715, 'binary_majority': 0.35097493036211697, 'run_time_millis': 2652.8022279962897, 'loss_mean': 0.26535502076148987}
Epoch 1 **** Loss 0.2475544661283493 **** Metrics validation: {'accuracy': 0.4715447154471545, 'f1_weighted': 0.49374030839238875, 'macro': 0.46557486631016043, 'micro': 0.4715447154471545, 'binary': 0.409090909090909, 'accuracy_majority': 0.46921797004991683, 'macro_majority': 0.4645692821135827, 'binary_majority': 0.4146788990825688, 'run_time_millis': 2654.8028588294983, 'loss_mean': 0.26386141777038574}
Epoch 2 **** Loss 0.34057027101516724 **** Metrics validation: {'accuracy': 0.6300813008130082, 'f1_weighted': 0.635318794087422, 'macro': 0.5219424690883465, 'micro': 0.6300813008130082, 'binary': 0.29457364341085274, 'accuracy_majority': 0.6206322795341098, 'macro_majority': 0.5220042417815483, 'binary_majority': 0.3048780487804878, 'run_time_millis': 2655.2713941782713, 'loss_mean': 0.301381379365921}
Epoch 3 **** Loss 0.191589817404747 **** Metrics validation: {'accuracy': 0.6246612466124661, 'f1_weighted': 0.6420016527878973, 'macro': 0.5521246179631274, 'micro': 0.6246612466124661, 'binary': 0.3718820861678005, 'accuracy_majority': 0.6306156405990017, 'macro_majority': 0.5612273086029992, 'binary_majority': 0.38674033149171266, 'run_time_millis': 3008.517269976437, 'loss_mean': 0.3182373046875}
Epoch 4 **** Loss 0.11780364066362381 **** Metrics validation: {'accuracy': 0.6937669376693767, 'f1_weighted': 0.6781421990531634, 'macro': 0.5531442901234569, 'micro': 0.6937669376693767, 'binary': 0.30246913580246915, 'accuracy_majority': 0.6955074875207987, 'macro_majority': 0.5546471652959827, 'binary_majority': 0.3041825095057034, 'run_time_millis': 2656.6748679615557, 'loss_mean': 0.45387470722198486}
Epoch 5 **** Loss 0.10152793675661087 **** Metrics validation: {'accuracy': 0.575880758807588, 'f1_weighted': 0.6025597656683156, 'macro': 0.5252536670482548, 'micro': 0.575880758807588, 'binary': 0.3702213279678068, 'accuracy_majority': 0.5840266222961731, 'macro_majority': 0.5328047263681592, 'binary_majority': 0.37810945273631846, 'run_time_millis': 2658.464107196778, 'loss_mean': 0.5028809905052185}
Epoch 6 **** Loss 0.06589528918266296 **** Metrics validation: {'accuracy': 0.6327913279132791, 'f1_weighted': 0.6406839102415905, 'macro': 0.5331109362853468, 'micro': 0.6327913279132791, 'binary': 0.3173803526448363, 'accuracy_majority': 0.6422628951747088, 'macro_majority': 0.546653802298044, 'binary_majority': 0.3384615384615384, 'run_time_millis': 2655.7291988283396, 'loss_mean': 0.8333178162574768}
Epoch 7 **** Loss 0.01132472325116396 **** Metrics validation: {'accuracy': 0.6341463414634146, 'f1_weighted': 0.6417528948016753, 'macro': 0.5340909090909091, 'micro': 0.6341463414634146, 'binary': 0.3181818181818182, 'accuracy_majority': 0.6405990016638935, 'macro_majority': 0.5436598329536826, 'binary_majority': 0.3333333333333333, 'run_time_millis': 3110.38526520133, 'loss_mean': 0.9089797139167786}
Epoch 8 **** Loss 0.051708757877349854 **** Metrics validation: {'accuracy': 0.6355013550135501, 'f1_weighted': 0.6406621084597675, 'macro': 0.5289469750357699, 'micro': 0.6355013550135501, 'binary': 0.3049095607235142, 'accuracy_majority': 0.6472545757071547, 'macro_majority': 0.5449181358402149, 'binary_majority': 0.3291139240506329, 'run_time_millis': 2656.74754884094, 'loss_mean': 1.006514549255371}
Epoch 9 **** Loss 0.03225799277424812 **** Metrics validation: {'accuracy': 0.6598915989159891, 'f1_weighted': 0.6563556854088103, 'macro': 0.5380633062595541, 'micro': 0.6598915989159891, 'binary': 0.3008356545961003, 'accuracy_majority': 0.670549084858569, 'macro_majority': 0.5521676953183803, 'binary_majority': 0.3219178082191781, 'run_time_millis': 3365.3544620610774, 'loss_mean': 1.1019784212112427}
Evaluating
{'accuracy': 0.6937669376693767, 'f1_weighted': 0.6781421990531634, 'macro': 0.5531442901234569, 'micro': 0.6937669376693767, 'binary': 0.30246913580246915, 'accuracy_majority': 0.6955074875207987, 'macro_majority': 0.5546471652959827, 'binary_majority': 0.3041825095057034, 'run_time_millis': 2655.4179252125323, 'loss_mean': 0.45387470722198486}
