Device cuda
Split type sit
Training Size: 16428, NTA labels 15767, YTA labels 661
Validation Size: 5397, NTA labels 5196, YTA labels 201
Test Size: 5278, NTA labels 5076, YTA labels 202
Training with SBERT, model name is sbert
Tokenizing the dataset
Number of training steps 5140
Epoch 0 **** Loss 0.06887082010507584 **** Metrics validation: {'accuracy': 0.8671484157865481, 'f1_weighted': 0.9019674129966979, 'macro': 0.5897216480690517, 'micro': 0.8671484157865481, 'binary': 0.2523461939520334, 'accuracy_majority': 0.8757802746566792, 'macro_majority': 0.6015836773257448, 'binary_majority': 0.27106227106227104, 'run_time_millis': 4129.395906999889, 'loss_mean': 0.050761785358190536}
Epoch 1 **** Loss 0.06762266904115677 **** Metrics validation: {'accuracy': 0.9134704465443765, 'f1_weighted': 0.930068056197597, 'macro': 0.6350322547106328, 'micro': 0.9134704465443765, 'binary': 0.3162518301610542, 'accuracy_majority': 0.9238451935081149, 'macro_majority': 0.662039342629482, 'binary_majority': 0.3645833333333333, 'run_time_millis': 4142.73333500023, 'loss_mean': 0.04913007467985153}
Epoch 2 **** Loss 0.0321076475083828 **** Metrics validation: {'accuracy': 0.9216231239577543, 'f1_weighted': 0.9345995691745267, 'macro': 0.6386299625180037, 'micro': 0.9216231239577543, 'binary': 0.31884057971014496, 'accuracy_majority': 0.9325842696629213, 'macro_majority': 0.6718333902355753, 'binary_majority': 0.3793103448275862, 'run_time_millis': 4127.050145999419, 'loss_mean': 0.052433036267757416}
Epoch 3 **** Loss 0.004344708751887083 **** Metrics validation: {'accuracy': 0.924958310172318, 'f1_weighted': 0.9368004044846601, 'macro': 0.6454148818730945, 'micro': 0.924958310172318, 'binary': 0.3305785123966942, 'accuracy_majority': 0.9357053682896379, 'macro_majority': 0.678297573672051, 'binary_majority': 0.3905325443786983, 'run_time_millis': 4146.150309000404, 'loss_mean': 0.056920651346445084}
Epoch 4 **** Loss 0.012635785154998302 **** Metrics validation: {'accuracy': 0.9351491569390402, 'f1_weighted': 0.9429159394833985, 'macro': 0.6576580070637771, 'micro': 0.9351491569390402, 'binary': 0.3494423791821562, 'accuracy_majority': 0.9444444444444444, 'macro_majority': 0.6867759971001439, 'binary_majority': 0.40268456375838924, 'run_time_millis': 4088.9165010003126, 'loss_mean': 0.062426842749118805}
Epoch 5 **** Loss 0.02080603316426277 **** Metrics validation: {'accuracy': 0.9386696312766352, 'f1_weighted': 0.9447969217932227, 'macro': 0.6587612570235518, 'micro': 0.9386696312766352, 'binary': 0.34970530451866405, 'accuracy_majority': 0.9463171036204744, 'macro_majority': 0.678823200298396, 'binary_majority': 0.3857142857142857, 'run_time_millis': 3081.8460369991953, 'loss_mean': 0.06593181937932968}
Epoch 6 **** Loss 0.04215257987380028 **** Metrics validation: {'accuracy': 0.9312581063553826, 'f1_weighted': 0.9402197399082733, 'macro': 0.6476487621521315, 'micro': 0.9312581063553826, 'binary': 0.33153153153153153, 'accuracy_majority': 0.9394506866416978, 'macro_majority': 0.6671101085468603, 'binary_majority': 0.36601307189542487, 'run_time_millis': 4165.118789999724, 'loss_mean': 0.06898453831672668}
Epoch 7 **** Loss 0.013548423536121845 **** Metrics validation: {'accuracy': 0.928478784509913, 'f1_weighted': 0.9384311374882284, 'macro': 0.6425263569722428, 'micro': 0.928478784509913, 'binary': 0.32280701754385965, 'accuracy_majority': 0.9357053682896379, 'macro_majority': 0.6591876568454318, 'binary_majority': 0.35220125786163525, 'run_time_millis': 3086.9805679994897, 'loss_mean': 0.07079076766967773}
Epoch 8 **** Loss 0.049649108201265335 **** Metrics validation: {'accuracy': 0.9355197331851028, 'f1_weighted': 0.9425546210338385, 'macro': 0.6497274143302181, 'micro': 0.9355197331851028, 'binary': 0.3333333333333333, 'accuracy_majority': 0.9425717852684145, 'macro_majority': 0.6655228758169935, 'binary_majority': 0.36111111111111105, 'run_time_millis': 3098.9968269996098, 'loss_mean': 0.07327427715063095}
Epoch 9 **** Loss 0.01843949966132641 **** Metrics validation: {'accuracy': 0.9370020381693533, 'f1_weighted': 0.9435224497829534, 'macro': 0.6527237354085603, 'micro': 0.9370020381693533, 'binary': 0.3385214007782101, 'accuracy_majority': 0.9444444444444444, 'macro_majority': 0.6698689228332674, 'binary_majority': 0.3687943262411348, 'run_time_millis': 4128.09574899984, 'loss_mean': 0.0753902718424797}
Evaluating
{'accuracy': 0.9386696312766352, 'f1_weighted': 0.9447969217932227, 'macro': 0.6587612570235518, 'micro': 0.9386696312766352, 'binary': 0.34970530451866405, 'accuracy_majority': 0.9463171036204744, 'macro_majority': 0.678823200298396, 'binary_majority': 0.3857142857142857, 'run_time_millis': 4135.665963000065, 'loss_mean': 0.06593181937932968}
