Device cuda
Split type sit
Training Size: 126117, NTA labels 122825, YTA labels 3292
Validation Size: 42045, NTA labels 40958, YTA labels 1087
Test Size: 42032, NTA labels 40916, YTA labels 1116
Training with SBERT, model name is sbert
Tokenizing the dataset
Number of training steps 39420
Epoch 0 **** Loss 0.017377234995365143 **** Metrics validation: {'accuracy': 0.9547389701510287, 'f1_weighted': 0.9616122217675157, 'macro': 0.6889322066421907, 'micro': 0.9547389701510287, 'binary': 0.4013840830449827, 'accuracy_majority': 0.963454576797104, 'macro_majority': 0.7116068999803019, 'binary_majority': 0.4421052631578948, 'run_time_millis': 19289.32581999834, 'loss_mean': 0.046762071549892426}
Epoch 1 **** Loss 0.01624210923910141 **** Metrics validation: {'accuracy': 0.9555000594601023, 'f1_weighted': 0.9621486662162322, 'macro': 0.6919278711360498, 'micro': 0.9555000594601023, 'binary': 0.406973058637084, 'accuracy_majority': 0.9636269608688157, 'macro_majority': 0.7129672447917156, 'binary_majority': 0.44473684210526315, 'run_time_millis': 19720.307734001835, 'loss_mean': 0.043728213757276535}
Epoch 2 **** Loss 0.003516684053465724 **** Metrics validation: {'accuracy': 0.9600903793554525, 'f1_weighted': 0.9650340032268739, 'macro': 0.7029233285228295, 'micro': 0.9600903793554525, 'binary': 0.4265208475734792, 'accuracy_majority': 0.9683675228408894, 'macro_majority': 0.7255218662481745, 'binary_majority': 0.46734397677793904, 'run_time_millis': 19323.624988996016, 'loss_mean': 0.043293099850416183}
Epoch 3 **** Loss 0.011615889146924019 **** Metrics validation: {'accuracy': 0.9598287549054585, 'f1_weighted': 0.9649344896420934, 'macro': 0.7036113193155585, 'micro': 0.9598287549054585, 'binary': 0.42803928208601427, 'accuracy_majority': 0.9676779865540424, 'macro_majority': 0.7211079681871739, 'binary_majority': 0.4588744588744588, 'run_time_millis': 19804.596169000433, 'loss_mean': 0.04358436539769173}
Epoch 4 **** Loss 0.001608343212865293 **** Metrics validation: {'accuracy': 0.9593292900463789, 'f1_weighted': 0.9644258670996411, 'macro': 0.6984499198606103, 'micro': 0.9593292900463789, 'binary': 0.41797140912185166, 'accuracy_majority': 0.9674194104464747, 'macro_majority': 0.7192694377266844, 'binary_majority': 0.45533141210374634, 'run_time_millis': 19905.642743004137, 'loss_mean': 0.04983765631914139}
Epoch 5 **** Loss 0.022929249331355095 **** Metrics validation: {'accuracy': 0.967201807587109, 'f1_weighted': 0.9692028056241344, 'macro': 0.7143088991249775, 'micro': 0.967201807587109, 'binary': 0.44551668677121037, 'accuracy_majority': 0.9765557662471988, 'macro_majority': 0.7537097166433, 'binary_majority': 0.519434628975265, 'run_time_millis': 19097.35848999844, 'loss_mean': 0.06482402980327606}
Epoch 6 **** Loss 0.00012630426499526948 **** Metrics validation: {'accuracy': 0.9664407182780355, 'f1_weighted': 0.9687450218158511, 'macro': 0.7128261183165593, 'micro': 0.9664407182780355, 'binary': 0.44295302013422827, 'accuracy_majority': 0.975607653852784, 'macro_majority': 0.7493589824330384, 'binary_majority': 0.5112262521588947, 'run_time_millis': 19357.826136001677, 'loss_mean': 0.06445988267660141}
Epoch 7 **** Loss 2.0892737666144967e-05 **** Metrics validation: {'accuracy': 0.9680104649779998, 'f1_weighted': 0.9697302095504842, 'macro': 0.7167119960835986, 'micro': 0.9680104649779998, 'binary': 0.4498977505112475, 'accuracy_majority': 0.9772453025340458, 'macro_majority': 0.7567615988452614, 'binary_majority': 0.5251798561151079, 'run_time_millis': 19607.840977005253, 'loss_mean': 0.07431942224502563}
Epoch 8 **** Loss 8.554091436963063e-06 **** Metrics validation: {'accuracy': 0.964133666309906, 'f1_weighted': 0.9672286990484278, 'macro': 0.7057836771890951, 'micro': 0.964133666309906, 'binary': 0.43008314436885864, 'accuracy_majority': 0.9722461644544044, 'macro_majority': 0.7323538910749477, 'binary_majority': 0.47896440129449835, 'run_time_millis': 19706.595868003205, 'loss_mean': 0.07416434586048126}
Epoch 9 **** Loss 0.0002755287569016218 **** Metrics validation: {'accuracy': 0.9645142109644429, 'f1_weighted': 0.9675232930456036, 'macro': 0.7078369041755621, 'micro': 0.9645142109644429, 'binary': 0.43399089529590285, 'accuracy_majority': 0.9728495087053957, 'macro_majority': 0.7369300188198659, 'binary_majority': 0.4878048780487804, 'run_time_millis': 19732.213716000842, 'loss_mean': 0.07630591839551926}
Evaluating
{'accuracy': 0.9680104649779998, 'f1_weighted': 0.9697302095504842, 'macro': 0.7167119960835986, 'micro': 0.9680104649779998, 'binary': 0.4498977505112475, 'accuracy_majority': 0.9772453025340458, 'macro_majority': 0.7567615988452614, 'binary_majority': 0.5251798561151079, 'run_time_millis': 19329.229141003452, 'loss_mean': 0.07431942224502563}
