Device cuda
Split type sit
Training Size: 122868, NTA labels 118155, YTA labels 4713
Validation Size: 40950, NTA labels 39351, YTA labels 1599
Test Size: 41080, NTA labels 39532, YTA labels 1548
Training with SBERT, model name is sbert
Tokenizing the dataset
Number of training steps 38400
Epoch 0 **** Loss 0.016853326931595802 **** Metrics validation: {'accuracy': 0.959023199023199, 'f1_weighted': 0.953944705713125, 'macro': 0.6598905961396327, 'micro': 0.959023199023199, 'binary': 0.3409269442262372, 'accuracy_majority': 0.9736206896551725, 'macro_majority': 0.7285307899129946, 'binary_majority': 0.47058823529411764, 'run_time_millis': 19006.075716984924, 'loss_mean': 0.06790211796760559}
Epoch 1 **** Loss 0.03230508044362068 **** Metrics validation: {'accuracy': 0.9603663003663003, 'f1_weighted': 0.9546970273562466, 'macro': 0.6611080085969293, 'micro': 0.9603663003663003, 'binary': 0.3426488456865127, 'accuracy_majority': 0.9756034482758621, 'macro_majority': 0.7397113307634836, 'binary_majority': 0.4919210053859964, 'run_time_millis': 19007.580726989545, 'loss_mean': 0.06811903417110443}
Epoch 2 **** Loss 0.09009304642677307 **** Metrics validation: {'accuracy': 0.9608058608058608, 'f1_weighted': 0.9548533428036279, 'macro': 0.66033242587008, 'micro': 0.9608058608058608, 'binary': 0.34086242299794656, 'accuracy_majority': 0.9758620689655172, 'macro_majority': 0.7374098195145251, 'binary_majority': 0.4871794871794871, 'run_time_millis': 18268.721931963228, 'loss_mean': 0.07117823511362076}
Epoch 3 **** Loss 0.03399590030312538 **** Metrics validation: {'accuracy': 0.9596825396825397, 'f1_weighted': 0.9548111205873038, 'macro': 0.6670085952612606, 'micro': 0.9596825396825397, 'binary': 0.35482610394685427, 'accuracy_majority': 0.9746551724137931, 'macro_majority': 0.7400530503978779, 'binary_majority': 0.49310344827586206, 'run_time_millis': 18987.274260958657, 'loss_mean': 0.07548972964286804}
Epoch 4 **** Loss 0.06537579745054245 **** Metrics validation: {'accuracy': 0.9571184371184371, 'f1_weighted': 0.9540078814891174, 'macro': 0.6730755941253064, 'micro': 0.9571184371184371, 'binary': 0.36834532374100715, 'accuracy_majority': 0.9713793103448276, 'macro_majority': 0.7332668439716312, 'binary_majority': 0.48125, 'run_time_millis': 18840.809269982856, 'loss_mean': 0.07970724999904633}
Epoch 5 **** Loss 0.05160708352923393 **** Metrics validation: {'accuracy': 0.9581196581196582, 'f1_weighted': 0.9541637966712181, 'macro': 0.6686156486759879, 'micro': 0.9581196581196582, 'binary': 0.3588785046728972, 'accuracy_majority': 0.9723275862068965, 'macro_majority': 0.7302106474053279, 'binary_majority': 0.4746317512274959, 'run_time_millis': 18850.091882050037, 'loss_mean': 0.08678939193487167}
Epoch 6 **** Loss 0.01716848835349083 **** Metrics validation: {'accuracy': 0.9590720390720391, 'f1_weighted': 0.9535791883980405, 'macro': 0.6547807753651893, 'micro': 0.9590720390720391, 'binary': 0.33067092651757185, 'accuracy_majority': 0.9733620689655172, 'macro_majority': 0.7197229601740589, 'binary_majority': 0.4530973451327434, 'run_time_millis': 18590.03792301519, 'loss_mean': 0.09914018213748932}
Epoch 7 **** Loss 0.06266842782497406 **** Metrics validation: {'accuracy': 0.9592185592185593, 'f1_weighted': 0.9539665824221689, 'macro': 0.6589180288249615, 'micro': 0.9592185592185593, 'binary': 0.33887569279493274, 'accuracy_majority': 0.9735344827586206, 'macro_majority': 0.7243900489112471, 'binary_majority': 0.4623467600700526, 'run_time_millis': 18605.31427996466, 'loss_mean': 0.1067729964852333}
Epoch 8 **** Loss 0.054106105118989944 **** Metrics validation: {'accuracy': 0.9586813186813187, 'f1_weighted': 0.9536593974007384, 'macro': 0.6583516525651185, 'micro': 0.9586813186813187, 'binary': 0.33802816901408456, 'accuracy_majority': 0.9726724137931034, 'macro_majority': 0.7182971487047392, 'binary_majority': 0.4506065857885615, 'run_time_millis': 18545.24707602104, 'loss_mean': 0.11270947754383087}
Epoch 9 **** Loss 0.09303103387355804 **** Metrics validation: {'accuracy': 0.9587789987789987, 'f1_weighted': 0.9540987062318547, 'macro': 0.6634894887322071, 'micro': 0.9587789987789987, 'binary': 0.34826254826254827, 'accuracy_majority': 0.973103448275862, 'macro_majority': 0.7268900143708735, 'binary_majority': 0.4675767918088737, 'run_time_millis': 18495.00401498517, 'loss_mean': 0.11293977499008179}
Evaluating
{'accuracy': 0.9608058608058608, 'f1_weighted': 0.9548533428036279, 'macro': 0.66033242587008, 'micro': 0.9608058608058608, 'binary': 0.34086242299794656, 'accuracy_majority': 0.9758620689655172, 'macro_majority': 0.7374098195145251, 'binary_majority': 0.4871794871794871, 'run_time_millis': 18481.765149044804, 'loss_mean': 0.07117823511362076}
