Device cpu
Split type sit
Training Size: 7503, NTA labels 6598, YTA labels 905
Validation Size: 2637, NTA labels 2319, YTA labels 318
Test Size: 2578, NTA labels 2315, YTA labels 263
Training with SBERT, model name is sbert
Tokenizing the dataset
Number of training steps 2350
Epoch 0 **** Loss 0.1399526447057724 **** Metrics validation: {'accuracy': 0.7591960561243838, 'f1_weighted': 0.7976682183038033, 'macro': 0.6440099418147447, 'micro': 0.7591960561243838, 'binary': 0.4415127528583993, 'accuracy_majority': 0.7681159420289855, 'macro_majority': 0.6458852110537504, 'binary_majority': 0.4378378378378379, 'run_time_millis': 269354.8421279993, 'loss_mean': 0.12020591646432877}
Epoch 1 **** Loss 0.09344573318958282 **** Metrics validation: {'accuracy': 0.8217671596511187, 'f1_weighted': 0.8449926498828408, 'macro': 0.6997607562776041, 'micro': 0.8217671596511187, 'binary': 0.5083682008368201, 'accuracy_majority': 0.8539576365663322, 'macro_majority': 0.7081680752409643, 'binary_majority': 0.5019011406844106, 'run_time_millis': 271312.8749440075, 'loss_mean': 0.09878826141357422}
Epoch 2 **** Loss 0.05585092306137085 **** Metrics validation: {'accuracy': 0.7432688661357604, 'f1_weighted': 0.7869281693152342, 'macro': 0.6475944122783486, 'micro': 0.7432688661357604, 'binary': 0.46397466349960415, 'accuracy_majority': 0.7558528428093646, 'macro_majority': 0.6405730543688075, 'binary_majority': 0.4370179948586117, 'run_time_millis': 269565.02001098124, 'loss_mean': 0.11121523380279541}
Epoch 3 **** Loss 0.0443355068564415 **** Metrics validation: {'accuracy': 0.8619643534319302, 'f1_weighted': 0.8726068010910907, 'macro': 0.7267469533788969, 'micro': 0.8619643534319302, 'binary': 0.5345268542199488, 'accuracy_majority': 0.8784838350055741, 'macro_majority': 0.7165383779082408, 'binary_majority': 0.502283105022831, 'run_time_millis': 271725.595713011, 'loss_mean': 0.11272802948951721}
Epoch 4 **** Loss 0.024853872135281563 **** Metrics validation: {'accuracy': 0.8490709139173302, 'f1_weighted': 0.8636216458066828, 'macro': 0.716571067470348, 'micro': 0.8490709139173302, 'binary': 0.5227817745803357, 'accuracy_majority': 0.8651059085841695, 'macro_majority': 0.6993876245315785, 'binary_majority': 0.4761904761904762, 'run_time_millis': 271598.3572959958, 'loss_mean': 0.12309326976537704}
Epoch 5 **** Loss 0.03938332572579384 **** Metrics validation: {'accuracy': 0.8786499810390596, 'f1_weighted': 0.8841157201731575, 'macro': 0.7402085621819723, 'micro': 0.8786499810390596, 'binary': 0.5505617977528089, 'accuracy_majority': 0.8974358974358975, 'macro_majority': 0.7292164326027037, 'binary_majority': 0.5157894736842106, 'run_time_millis': 271252.15327498154, 'loss_mean': 0.14846086502075195}
Epoch 6 **** Loss 0.039133403450250626 **** Metrics validation: {'accuracy': 0.8619643534319302, 'f1_weighted': 0.8733712595719118, 'macro': 0.7307136396587672, 'micro': 0.8619643534319302, 'binary': 0.542713567839196, 'accuracy_majority': 0.8784838350055741, 'macro_majority': 0.7187464941475636, 'binary_majority': 0.5067873303167421, 'run_time_millis': 270968.0998760159, 'loss_mean': 0.13615509867668152}
Epoch 7 **** Loss 0.12356839329004288 **** Metrics validation: {'accuracy': 0.8551384148653773, 'f1_weighted': 0.8689061015152052, 'macro': 0.7269002201424962, 'micro': 0.8551384148653773, 'binary': 0.5397590361445783, 'accuracy_majority': 0.8695652173913043, 'macro_majority': 0.7176095467448775, 'binary_majority': 0.5104602510460251, 'run_time_millis': 271144.60027898895, 'loss_mean': 0.13712330162525177}
Epoch 8 **** Loss 0.08857174217700958 **** Metrics validation: {'accuracy': 0.8649981039059538, 'f1_weighted': 0.875075146740668, 'macro': 0.7310454130816446, 'micro': 0.8649981039059538, 'binary': 0.5412371134020619, 'accuracy_majority': 0.8795986622073578, 'macro_majority': 0.7224056117185889, 'binary_majority': 0.5135135135135135, 'run_time_millis': 269471.3173340133, 'loss_mean': 0.15388159453868866}
Epoch 9 **** Loss 0.05282703414559364 **** Metrics validation: {'accuracy': 0.8703071672354948, 'f1_weighted': 0.8786466078697837, 'macro': 0.7347912569283033, 'micro': 0.8703071672354948, 'binary': 0.5452127659574467, 'accuracy_majority': 0.8840579710144928, 'macro_majority': 0.7195526695526695, 'binary_majority': 0.5047619047619047, 'run_time_millis': 269522.319391981, 'loss_mean': 0.16156217455863953}
Evaluating
{'accuracy': 0.8786499810390596, 'f1_weighted': 0.8841157201731575, 'macro': 0.7402085621819723, 'micro': 0.8786499810390596, 'binary': 0.5505617977528089, 'accuracy_majority': 0.8974358974358975, 'macro_majority': 0.7292164326027037, 'binary_majority': 0.5157894736842106, 'run_time_millis': 269279.23932200065, 'loss_mean': 0.14846086502075195}
