Device cuda
Split type sit
Training Size: 684, NTA labels 583, YTA labels 101
Validation Size: 1140, NTA labels 1011, YTA labels 129
Test Size: 1146, NTA labels 979, YTA labels 167
Training with SBERT, model name is sbert
Tokenizing the dataset
Number of training steps 220
Epoch 0 **** Loss 0.14095956087112427 **** Metrics validation: {'accuracy': 0.6675438596491228, 'f1_weighted': 0.7283955328884726, 'macro': 0.5780561048853732, 'micro': 0.6675438596491228, 'binary': 0.383739837398374, 'accuracy_majority': 0.6842105263157895, 'macro_majority': 0.6028428093645485, 'binary_majority': 0.423076923076923, 'run_time_millis': 2504.24123799894, 'loss_mean': 0.1273118108510971}
Epoch 1 **** Loss 0.07816696166992188 **** Metrics validation: {'accuracy': 0.737719298245614, 'f1_weighted': 0.7844622667780562, 'macro': 0.6300529100529101, 'micro': 0.737719298245614, 'binary': 0.4304761904761905, 'accuracy_majority': 0.7631578947368421, 'macro_majority': 0.6698714236070891, 'binary_majority': 0.4943820224719101, 'run_time_millis': 2502.667092019692, 'loss_mean': 0.10654714703559875}
Epoch 2 **** Loss 0.03637688234448433 **** Metrics validation: {'accuracy': 0.8271929824561404, 'f1_weighted': 0.8501061157913272, 'macro': 0.6934442274065611, 'micro': 0.8271929824561404, 'binary': 0.4909560723514212, 'accuracy_majority': 0.8736842105263158, 'macro_majority': 0.779965257672264, 'binary_majority': 0.6363636363636364, 'run_time_millis': 2503.0843060230836, 'loss_mean': 0.10751533508300781}
Epoch 3 **** Loss 0.11521011590957642 **** Metrics validation: {'accuracy': 0.7763157894736842, 'f1_weighted': 0.8125225715579196, 'macro': 0.6487565110538391, 'micro': 0.7763157894736842, 'binary': 0.4370860927152318, 'accuracy_majority': 0.8157894736842105, 'macro_majority': 0.714971497149715, 'binary_majority': 0.5454545454545454, 'run_time_millis': 2500.8477439987473, 'loss_mean': 0.10352296382188797}
Epoch 4 **** Loss 0.1121213436126709 **** Metrics validation: {'accuracy': 0.8605263157894737, 'f1_weighted': 0.8692959392576908, 'macro': 0.6974113192806383, 'micro': 0.8605263157894736, 'binary': 0.4752475247524752, 'accuracy_majority': 0.8842105263157894, 'macro_majority': 0.7549249530956849, 'binary_majority': 0.576923076923077, 'run_time_millis': 2503.592731023673, 'loss_mean': 0.12698204815387726}
Epoch 5 **** Loss 0.10730930417776108 **** Metrics validation: {'accuracy': 0.7833333333333333, 'f1_weighted': 0.8179684896948927, 'macro': 0.6563377600076157, 'micro': 0.7833333333333333, 'binary': 0.44742729306487694, 'accuracy_majority': 0.8210526315789474, 'macro_majority': 0.7203947368421053, 'binary_majority': 0.5526315789473684, 'run_time_millis': 1591.9512669788674, 'loss_mean': 0.10621125251054764}
Epoch 6 **** Loss 0.050094280391931534 **** Metrics validation: {'accuracy': 0.7631578947368421, 'f1_weighted': 0.8029586034559463, 'macro': 0.6404390428529375, 'micro': 0.7631578947368421, 'binary': 0.43037974683544306, 'accuracy_majority': 0.7947368421052632, 'macro_majority': 0.6940418679549114, 'binary_majority': 0.5185185185185185, 'run_time_millis': 780.8718740125187, 'loss_mean': 0.10366275161504745}
Epoch 7 **** Loss 0.10937700420618057 **** Metrics validation: {'accuracy': 0.85, 'f1_weighted': 0.8662559317302708, 'macro': 0.7120867727399609, 'micro': 0.85, 'binary': 0.5128205128205129, 'accuracy_majority': 0.8842105263157894, 'macro_majority': 0.7822916666666666, 'binary_majority': 0.6333333333333333, 'run_time_millis': 2501.999816042371, 'loss_mean': 0.11608241498470306}
Epoch 8 **** Loss 0.039414744824171066 **** Metrics validation: {'accuracy': 0.8482456140350877, 'f1_weighted': 0.8615756368330315, 'macro': 0.6911831715027926, 'micro': 0.8482456140350877, 'binary': 0.47094801223241595, 'accuracy_majority': 0.8736842105263158, 'macro_majority': 0.7486772486772487, 'binary_majority': 0.5714285714285715, 'run_time_millis': 2500.904364977032, 'loss_mean': 0.11914338171482086}
Epoch 9 **** Loss 0.055187154561281204 **** Metrics validation: {'accuracy': 0.8429824561403508, 'f1_weighted': 0.8576403911818721, 'macro': 0.6852630750935836, 'micro': 0.8429824561403508, 'binary': 0.4624624624624624, 'accuracy_majority': 0.868421052631579, 'macro_majority': 0.7420020639834881, 'binary_majority': 0.5614035087719297, 'run_time_millis': 2503.4222489921376, 'loss_mean': 0.1194467842578888}
Evaluating
{'accuracy': 0.8605263157894737, 'f1_weighted': 0.8692959392576908, 'macro': 0.6974113192806383, 'micro': 0.8605263157894736, 'binary': 0.4752475247524752, 'accuracy_majority': 0.8842105263157894, 'macro_majority': 0.7549249530956849, 'binary_majority': 0.576923076923077, 'run_time_millis': 2097.3577279946767, 'loss_mean': 0.12698204815387726}
Device cuda
Split type sit
Training Size: 1026, NTA labels 875, YTA labels 151
Validation Size: 1140, NTA labels 1011, YTA labels 129
Test Size: 1146, NTA labels 979, YTA labels 167
Training with SBERT, model name is sbert
Tokenizing the dataset
Number of training steps 330
Epoch 0 **** Loss 0.01421322114765644 **** Metrics validation: {'accuracy': 0.8850877192982456, 'f1_weighted': 0.8805872606384453, 'macro': 0.6915679969268326, 'micro': 0.8850877192982456, 'binary': 0.44725738396624476, 'accuracy_majority': 0.9, 'macro_majority': 0.7402690841067703, 'binary_majority': 0.5365853658536586, 'run_time_millis': 1895.7757610478438, 'loss_mean': 0.13755345344543457}
Epoch 1 **** Loss 0.03374764695763588 **** Metrics validation: {'accuracy': 0.6517543859649123, 'f1_weighted': 0.7152622597940305, 'macro': 0.5658917405479444, 'micro': 0.6517543859649123, 'binary': 0.37282780410742494, 'accuracy_majority': 0.6684210526315789, 'macro_majority': 0.5902228612508986, 'binary_majority': 0.4112149532710281, 'run_time_millis': 2200.453152996488, 'loss_mean': 0.11819116026163101}
Epoch 2 **** Loss 0.11890632659196854 **** Metrics validation: {'accuracy': 0.8166666666666667, 'f1_weighted': 0.8403225070799799, 'macro': 0.6706928221650019, 'micro': 0.8166666666666667, 'binary': 0.45144356955380577, 'accuracy_majority': 0.8368421052631579, 'macro_majority': 0.7123321123321122, 'binary_majority': 0.523076923076923, 'run_time_millis': 2535.4645460029133, 'loss_mean': 0.11408230662345886}
Epoch 3 **** Loss 0.09873096644878387 **** Metrics validation: {'accuracy': 0.7973684210526316, 'f1_weighted': 0.8293290322053094, 'macro': 0.675289365338305, 'micro': 0.7973684210526316, 'binary': 0.47619047619047616, 'accuracy_majority': 0.8368421052631579, 'macro_majority': 0.7425136612021858, 'binary_majority': 0.5866666666666667, 'run_time_millis': 2504.8972030053847, 'loss_mean': 0.10321186482906342}
Epoch 4 **** Loss 0.06508596241474152 **** Metrics validation: {'accuracy': 0.7921052631578948, 'f1_weighted': 0.8253381864683789, 'macro': 0.6702512110194533, 'micro': 0.7921052631578948, 'binary': 0.46979865771812085, 'accuracy_majority': 0.8315789473684211, 'macro_majority': 0.736842105263158, 'binary_majority': 0.5789473684210527, 'run_time_millis': 2505.36526797805, 'loss_mean': 0.10525846481323242}
Epoch 5 **** Loss 0.1043049767613411 **** Metrics validation: {'accuracy': 0.8587719298245614, 'f1_weighted': 0.8719558825714044, 'macro': 0.7169125982685305, 'micro': 0.8587719298245614, 'binary': 0.5165165165165165, 'accuracy_majority': 0.8894736842105263, 'macro_majority': 0.78328173374613, 'binary_majority': 0.631578947368421, 'run_time_millis': 2506.751050997991, 'loss_mean': 0.11903771013021469}
Epoch 6 **** Loss 0.059563443064689636 **** Metrics validation: {'accuracy': 0.8324561403508772, 'f1_weighted': 0.8527899530833697, 'macro': 0.6912185762359979, 'micro': 0.8324561403508772, 'binary': 0.48238482384823844, 'accuracy_majority': 0.8578947368421053, 'macro_majority': 0.7431275349256421, 'binary_majority': 0.5714285714285714, 'run_time_millis': 630.279803997837, 'loss_mean': 0.11093137413263321}
Epoch 7 **** Loss 0.016452351585030556 **** Metrics validation: {'accuracy': 0.8412280701754385, 'f1_weighted': 0.8591557125354452, 'macro': 0.6994367169644768, 'micro': 0.8412280701754385, 'binary': 0.49299719887955185, 'accuracy_majority': 0.868421052631579, 'macro_majority': 0.7558970142350583, 'binary_majority': 0.5901639344262294, 'run_time_millis': 2504.3479479500093, 'loss_mean': 0.11444848030805588}
Epoch 8 **** Loss 0.00023192849766928703 **** Metrics validation: {'accuracy': 0.8412280701754385, 'f1_weighted': 0.8591557125354452, 'macro': 0.6994367169644768, 'micro': 0.8412280701754385, 'binary': 0.49299719887955185, 'accuracy_majority': 0.868421052631579, 'macro_majority': 0.7558970142350583, 'binary_majority': 0.5901639344262294, 'run_time_millis': 2502.297269005794, 'loss_mean': 0.11745110154151917}
Epoch 9 **** Loss 0.303242564201355 **** Metrics validation: {'accuracy': 0.8491228070175438, 'f1_weighted': 0.8648769289190064, 'macro': 0.7069776616793493, 'micro': 0.8491228070175438, 'binary': 0.5028901734104047, 'accuracy_majority': 0.8789473684210526, 'macro_majority': 0.7692592005913723, 'binary_majority': 0.6101694915254238, 'run_time_millis': 2502.7107920031995, 'loss_mean': 0.11944360285997391}
Evaluating
{'accuracy': 0.8850877192982456, 'f1_weighted': 0.8805872606384453, 'macro': 0.6915679969268326, 'micro': 0.8850877192982456, 'binary': 0.44725738396624476, 'accuracy_majority': 0.9, 'macro_majority': 0.7402690841067703, 'binary_majority': 0.5365853658536586, 'run_time_millis': 2504.131485999096, 'loss_mean': 0.13755345344543457}
Device cuda
Split type sit
Training Size: 1368, NTA labels 1173, YTA labels 195
Validation Size: 1140, NTA labels 1011, YTA labels 129
Test Size: 1146, NTA labels 979, YTA labels 167
Training with SBERT, model name is sbert
Tokenizing the dataset
Number of training steps 430
Epoch 0 **** Loss 0.10932489484548569 **** Metrics validation: {'accuracy': 0.6622807017543859, 'f1_weighted': 0.7239628108383481, 'macro': 0.5765275257108288, 'micro': 0.6622807017543859, 'binary': 0.38596491228070173, 'accuracy_majority': 0.6842105263157895, 'macro_majority': 0.6074920809805813, 'binary_majority': 0.43396226415094347, 'run_time_millis': 2508.5764980176464, 'loss_mean': 0.11775990575551987}
Epoch 1 **** Loss 0.14735299348831177 **** Metrics validation: {'accuracy': 0.5921052631578947, 'f1_weighted': 0.6627732990230618, 'macro': 0.5269798183409762, 'micro': 0.5921052631578947, 'binary': 0.35146443514644354, 'accuracy_majority': 0.6052631578947368, 'macro_majority': 0.5452949998404544, 'binary_majority': 0.3801652892561984, 'run_time_millis': 2504.3593180016614, 'loss_mean': 0.12395600229501724}
Epoch 2 **** Loss 0.04488402232527733 **** Metrics validation: {'accuracy': 0.8008771929824562, 'f1_weighted': 0.8292086809616634, 'macro': 0.6592197530864199, 'micro': 0.8008771929824562, 'binary': 0.4395061728395062, 'accuracy_majority': 0.8263157894736842, 'macro_majority': 0.7078149028379701, 'binary_majority': 0.5217391304347826, 'run_time_millis': 2515.748666948639, 'loss_mean': 0.11133233457803726}
Epoch 3 **** Loss 0.06665867567062378 **** Metrics validation: {'accuracy': 0.769298245614035, 'f1_weighted': 0.8082470772626371, 'macro': 0.6513846593901848, 'micro': 0.769298245614035, 'binary': 0.4486373165618449, 'accuracy_majority': 0.7947368421052632, 'macro_majority': 0.6940418679549114, 'binary_majority': 0.5185185185185185, 'run_time_millis': 2503.8075129850768, 'loss_mean': 0.10374864935874939}
Epoch 4 **** Loss 0.08844659477472305 **** Metrics validation: {'accuracy': 0.793859649122807, 'f1_weighted': 0.8254216851418933, 'macro': 0.6626280256750273, 'micro': 0.793859649122807, 'binary': 0.4522144522144522, 'accuracy_majority': 0.8157894736842105, 'macro_majority': 0.7032707152737495, 'binary_majority': 0.5205479452054794, 'run_time_millis': 2501.306899008341, 'loss_mean': 0.1061343252658844}
Epoch 5 **** Loss 0.07509400695562363 **** Metrics validation: {'accuracy': 0.8342105263157895, 'f1_weighted': 0.8529305506585589, 'macro': 0.6861521519684317, 'micro': 0.8342105263157894, 'binary': 0.4705882352941176, 'accuracy_majority': 0.8578947368421053, 'macro_majority': 0.7363687753738629, 'binary_majority': 0.5573770491803278, 'run_time_millis': 1795.6774139893241, 'loss_mean': 0.1245531216263771}
Epoch 6 **** Loss 0.030715465545654297 **** Metrics validation: {'accuracy': 0.793859649122807, 'f1_weighted': 0.8254216851418933, 'macro': 0.6626280256750273, 'micro': 0.793859649122807, 'binary': 0.4522144522144522, 'accuracy_majority': 0.8157894736842105, 'macro_majority': 0.7032707152737495, 'binary_majority': 0.5205479452054794, 'run_time_millis': 2504.3356079841033, 'loss_mean': 0.10641792416572571}
Epoch 7 **** Loss 0.08253905922174454 **** Metrics validation: {'accuracy': 0.8078947368421052, 'f1_weighted': 0.8357884993793431, 'macro': 0.6749891623999719, 'micro': 0.8078947368421052, 'binary': 0.4671532846715328, 'accuracy_majority': 0.8315789473684211, 'macro_majority': 0.719815668202765, 'binary_majority': 0.5428571428571428, 'run_time_millis': 1643.2374070282094, 'loss_mean': 0.11673140525817871}
Epoch 8 **** Loss 0.06845869868993759 **** Metrics validation: {'accuracy': 0.8149122807017544, 'f1_weighted': 0.839453758537919, 'macro': 0.6716585379836771, 'micro': 0.8149122807017544, 'binary': 0.4547803617571059, 'accuracy_majority': 0.8315789473684211, 'macro_majority': 0.7066203435630187, 'binary_majority': 0.5151515151515151, 'run_time_millis': 2508.0204629921354, 'loss_mean': 0.12389201670885086}
Epoch 9 **** Loss 0.09994057565927505 **** Metrics validation: {'accuracy': 0.8149122807017544, 'f1_weighted': 0.839453758537919, 'macro': 0.6716585379836771, 'micro': 0.8149122807017544, 'binary': 0.4547803617571059, 'accuracy_majority': 0.8315789473684211, 'macro_majority': 0.7066203435630187, 'binary_majority': 0.5151515151515151, 'run_time_millis': 1849.9362830189057, 'loss_mean': 0.12341377139091492}
Evaluating
{'accuracy': 0.8342105263157895, 'f1_weighted': 0.8529305506585589, 'macro': 0.6861521519684317, 'micro': 0.8342105263157894, 'binary': 0.4705882352941176, 'accuracy_majority': 0.8578947368421053, 'macro_majority': 0.7363687753738629, 'binary_majority': 0.5573770491803278, 'run_time_millis': 2501.198277983349, 'loss_mean': 0.1245531216263771}
Device cuda
Split type sit
Training Size: 1710, NTA labels 1473, YTA labels 237
Validation Size: 1140, NTA labels 1011, YTA labels 129
Test Size: 1146, NTA labels 979, YTA labels 167
Training with SBERT, model name is sbert
Tokenizing the dataset
Number of training steps 540
Epoch 0 **** Loss 0.16413834691047668 **** Metrics validation: {'accuracy': 0.7745614035087719, 'f1_weighted': 0.8114803083771925, 'macro': 0.6494779497008395, 'micro': 0.7745614035087719, 'binary': 0.4400871459694989, 'accuracy_majority': 0.8210526315789474, 'macro_majority': 0.7257598913228052, 'binary_majority': 0.5641025641025641, 'run_time_millis': 2099.956702964846, 'loss_mean': 0.10763547569513321}
Epoch 1 **** Loss 0.16340328752994537 **** Metrics validation: {'accuracy': 0.7219298245614035, 'f1_weighted': 0.7722527022920448, 'macro': 0.6197276914383486, 'micro': 0.7219298245614035, 'binary': 0.4225865209471767, 'accuracy_majority': 0.7421052631578947, 'macro_majority': 0.6511932861264096, 'binary_majority': 0.47311827956989244, 'run_time_millis': 2249.7977550374344, 'loss_mean': 0.10145436227321625}
Epoch 2 **** Loss 0.051398999989032745 **** Metrics validation: {'accuracy': 0.7570175438596491, 'f1_weighted': 0.798739382702628, 'macro': 0.639437816211254, 'micro': 0.7570175438596491, 'binary': 0.4335378323108385, 'accuracy_majority': 0.7947368421052632, 'macro_majority': 0.6994036753072898, 'binary_majority': 0.5301204819277108, 'run_time_millis': 1592.1600389992818, 'loss_mean': 0.11090501397848129}
Epoch 3 **** Loss 0.11700166016817093 **** Metrics validation: {'accuracy': 0.7991228070175439, 'f1_weighted': 0.8298790038191215, 'macro': 0.6712417782109841, 'micro': 0.7991228070175439, 'binary': 0.4662004662004662, 'accuracy_majority': 0.8263157894736842, 'macro_majority': 0.7202266744009638, 'binary_majority': 0.547945205479452, 'run_time_millis': 2505.447148985695, 'loss_mean': 0.11844170093536377}
Epoch 4 **** Loss 0.04083046317100525 **** Metrics validation: {'accuracy': 0.7728070175438596, 'f1_weighted': 0.8111634715248024, 'macro': 0.6566867938481287, 'micro': 0.7728070175438595, 'binary': 0.4570230607966456, 'accuracy_majority': 0.8052631578947368, 'macro_majority': 0.7097320285726083, 'binary_majority': 0.54320987654321, 'run_time_millis': 2510.785969963763, 'loss_mean': 0.11574223637580872}
Epoch 5 **** Loss 0.028746241703629494 **** Metrics validation: {'accuracy': 0.7675438596491229, 'f1_weighted': 0.8067888801315547, 'macro': 0.6487335921612127, 'micro': 0.7675438596491229, 'binary': 0.4444444444444444, 'accuracy_majority': 0.7947368421052632, 'macro_majority': 0.6940418679549114, 'binary_majority': 0.5185185185185185, 'run_time_millis': 1894.4296180270612, 'loss_mean': 0.11984159052371979}
Epoch 6 **** Loss 0.06621939688920975 **** Metrics validation: {'accuracy': 0.8114035087719298, 'f1_weighted': 0.8387877961943324, 'macro': 0.6809254334063651, 'micro': 0.8114035087719298, 'binary': 0.4768856447688565, 'accuracy_majority': 0.8315789473684211, 'macro_majority': 0.719815668202765, 'binary_majority': 0.5428571428571428, 'run_time_millis': 2505.813202005811, 'loss_mean': 0.13778068125247955}
Epoch 7 **** Loss 0.052555907517671585 **** Metrics validation: {'accuracy': 0.8219298245614035, 'f1_weighted': 0.844906549938928, 'macro': 0.6801466167439971, 'micro': 0.8219298245614036, 'binary': 0.4671916010498688, 'accuracy_majority': 0.8473684210526315, 'macro_majority': 0.730891330891331, 'binary_majority': 0.5538461538461539, 'run_time_millis': 1751.0916179744527, 'loss_mean': 0.1418115347623825}
Epoch 8 **** Loss 0.0839204415678978 **** Metrics validation: {'accuracy': 0.8184210526315789, 'f1_weighted': 0.8424972891817499, 'macro': 0.6778830206759296, 'micro': 0.8184210526315789, 'binary': 0.46511627906976744, 'accuracy_majority': 0.8421052631578947, 'macro_majority': 0.72495657209033, 'binary_majority': 0.5454545454545454, 'run_time_millis': 2504.681362013798, 'loss_mean': 0.14301195740699768}
Epoch 9 **** Loss 0.07354318350553513 **** Metrics validation: {'accuracy': 0.8201754385964912, 'f1_weighted': 0.8452091152922178, 'macro': 0.6886154780891623, 'micro': 0.8201754385964911, 'binary': 0.4862155388471178, 'accuracy_majority': 0.8421052631578947, 'macro_majority': 0.7313348416289593, 'binary_majority': 0.5588235294117647, 'run_time_millis': 2504.8835829948075, 'loss_mean': 0.14012858271598816}
Evaluating
{'accuracy': 0.8201754385964912, 'f1_weighted': 0.8452091152922178, 'macro': 0.6886154780891623, 'micro': 0.8201754385964911, 'binary': 0.4862155388471178, 'accuracy_majority': 0.8421052631578947, 'macro_majority': 0.7313348416289593, 'binary_majority': 0.5588235294117647, 'run_time_millis': 2502.005016023759, 'loss_mean': 0.14012858271598816}
Device cuda
Split type sit
Training Size: 2052, NTA labels 1778, YTA labels 274
Validation Size: 1140, NTA labels 1011, YTA labels 129
Test Size: 1146, NTA labels 979, YTA labels 167
Training with SBERT, model name is sbert
Tokenizing the dataset
Number of training steps 650
Epoch 0 **** Loss 0.02695501036942005 **** Metrics validation: {'accuracy': 0.7315789473684211, 'f1_weighted': 0.7795262010880254, 'macro': 0.6228985056039851, 'micro': 0.731578947368421, 'binary': 0.4204545454545454, 'accuracy_majority': 0.7684210526315789, 'macro_majority': 0.6796934865900384, 'binary_majority': 0.5111111111111112, 'run_time_millis': 2504.157847026363, 'loss_mean': 0.10795732587575912}
Epoch 1 **** Loss 0.05540936812758446 **** Metrics validation: {'accuracy': 0.7710526315789473, 'f1_weighted': 0.8099347298814837, 'macro': 0.6561499285234693, 'micro': 0.7710526315789473, 'binary': 0.45738045738045735, 'accuracy_majority': 0.8105263157894737, 'macro_majority': 0.7200851203142904, 'binary_majority': 0.5609756097560975, 'run_time_millis': 2501.034407003317, 'loss_mean': 0.10614617168903351}
Epoch 2 **** Loss 0.12406744807958603 **** Metrics validation: {'accuracy': 0.7219298245614035, 'f1_weighted': 0.7722527022920448, 'macro': 0.6197276914383486, 'micro': 0.7219298245614035, 'binary': 0.4225865209471767, 'accuracy_majority': 0.7526315789473684, 'macro_majority': 0.665430294855944, 'binary_majority': 0.4946236559139785, 'run_time_millis': 1590.633543964941, 'loss_mean': 0.10214588791131973}
Epoch 3 **** Loss 0.13282716274261475 **** Metrics validation: {'accuracy': 0.7640350877192983, 'f1_weighted': 0.8048587600909584, 'macro': 0.652932688226806, 'micro': 0.7640350877192983, 'binary': 0.4565656565656566, 'accuracy_majority': 0.8, 'macro_majority': 0.7096203346203346, 'binary_majority': 0.5476190476190476, 'run_time_millis': 1800.2134779817425, 'loss_mean': 0.11255086958408356}
Epoch 4 **** Loss 0.04453466832637787 **** Metrics validation: {'accuracy': 0.7429824561403509, 'f1_weighted': 0.7885618098381818, 'macro': 0.6345350283765465, 'micro': 0.7429824561403509, 'binary': 0.43545279383429675, 'accuracy_majority': 0.7789473684210526, 'macro_majority': 0.6894458281444582, 'binary_majority': 0.5227272727272727, 'run_time_millis': 2507.815671968274, 'loss_mean': 0.11053994297981262}
Epoch 5 **** Loss 0.07928561419248581 **** Metrics validation: {'accuracy': 0.8096491228070175, 'f1_weighted': 0.8386377615852287, 'macro': 0.6873479426362212, 'micro': 0.8096491228070175, 'binary': 0.4918032786885246, 'accuracy_majority': 0.8368421052631579, 'macro_majority': 0.737182633528178, 'binary_majority': 0.5753424657534246, 'run_time_millis': 1793.1875399663113, 'loss_mean': 0.12577062845230103}
Epoch 6 **** Loss 0.11107222735881805 **** Metrics validation: {'accuracy': 0.7535087719298246, 'f1_weighted': 0.7967290772712174, 'macro': 0.6436354655800185, 'micro': 0.7535087719298246, 'binary': 0.445759368836292, 'accuracy_majority': 0.7894736842105263, 'macro_majority': 0.6994146495807625, 'binary_majority': 0.5348837209302325, 'run_time_millis': 2503.940255031921, 'loss_mean': 0.11408918350934982}
Epoch 7 **** Loss 0.04939458891749382 **** Metrics validation: {'accuracy': 0.7657894736842106, 'f1_weighted': 0.8056790193528388, 'macro': 0.649312000331816, 'micro': 0.7657894736842106, 'binary': 0.4472049689440994, 'accuracy_majority': 0.8, 'macro_majority': 0.7045342936650842, 'binary_majority': 0.5365853658536585, 'run_time_millis': 2502.3561189882457, 'loss_mean': 0.12169812619686127}
Epoch 8 **** Loss 0.07806891202926636 **** Metrics validation: {'accuracy': 0.7605263157894737, 'f1_weighted': 0.8016456732051173, 'macro': 0.6446444903453875, 'micro': 0.7605263157894737, 'binary': 0.441717791411043, 'accuracy_majority': 0.7947368421052632, 'macro_majority': 0.6994036753072898, 'binary_majority': 0.5301204819277108, 'run_time_millis': 2505.762660992332, 'loss_mean': 0.12239306420087814}
Epoch 9 **** Loss 0.1918385624885559 **** Metrics validation: {'accuracy': 0.762280701754386, 'f1_weighted': 0.8029909595350484, 'macro': 0.6461942461614928, 'micro': 0.762280701754386, 'binary': 0.4435318275154004, 'accuracy_majority': 0.7947368421052632, 'macro_majority': 0.6994036753072898, 'binary_majority': 0.5301204819277108, 'run_time_millis': 2501.319169998169, 'loss_mean': 0.12504330277442932}
Evaluating
{'accuracy': 0.8096491228070175, 'f1_weighted': 0.8386377615852287, 'macro': 0.6873479426362212, 'micro': 0.8096491228070175, 'binary': 0.4918032786885246, 'accuracy_majority': 0.8368421052631579, 'macro_majority': 0.737182633528178, 'binary_majority': 0.5753424657534246, 'run_time_millis': 2503.9971150108613, 'loss_mean': 0.12577062845230103}
Device cuda
Split type sit
Training Size: 2394, NTA labels 2062, YTA labels 332
Validation Size: 1140, NTA labels 1011, YTA labels 129
Test Size: 1146, NTA labels 979, YTA labels 167
Training with SBERT, model name is sbert
Tokenizing the dataset
Number of training steps 750
Epoch 0 **** Loss 0.0950096845626831 **** Metrics validation: {'accuracy': 0.625438596491228, 'f1_weighted': 0.6924784755242208, 'macro': 0.5506818968501211, 'micro': 0.625438596491228, 'binary': 0.3674074074074074, 'accuracy_majority': 0.6421052631578947, 'macro_majority': 0.5739348370927319, 'binary_majority': 0.40350877192982454, 'run_time_millis': 2506.534456042573, 'loss_mean': 0.11408466845750809}
Epoch 1 **** Loss 0.22165918350219727 **** Metrics validation: {'accuracy': 0.6447368421052632, 'f1_weighted': 0.7092708836310961, 'macro': 0.5621933006187326, 'micro': 0.6447368421052632, 'binary': 0.3720930232558139, 'accuracy_majority': 0.6684210526315789, 'macro_majority': 0.594773011950303, 'binary_majority': 0.4220183486238532, 'run_time_millis': 2509.1975450050086, 'loss_mean': 0.11265843361616135}
Epoch 2 **** Loss 0.06793808937072754 **** Metrics validation: {'accuracy': 0.7464912280701754, 'f1_weighted': 0.7906570634359221, 'macro': 0.6303514387750637, 'micro': 0.7464912280701754, 'binary': 0.4231536926147705, 'accuracy_majority': 0.7736842105263158, 'macro_majority': 0.6741774675972083, 'binary_majority': 0.49411764705882344, 'run_time_millis': 2507.891343033407, 'loss_mean': 0.10327749699354172}
Epoch 3 **** Loss 0.05238332226872444 **** Metrics validation: {'accuracy': 0.7570175438596491, 'f1_weighted': 0.7993495037084791, 'macro': 0.6457001679608743, 'micro': 0.7570175438596491, 'binary': 0.44710578842315374, 'accuracy_majority': 0.7947368421052632, 'macro_majority': 0.7044865403788634, 'binary_majority': 0.5411764705882353, 'run_time_millis': 1497.6917440071702, 'loss_mean': 0.10115671157836914}
Epoch 4 **** Loss 0.08227530866861343 **** Metrics validation: {'accuracy': 0.7657894736842106, 'f1_weighted': 0.8060051089588508, 'macro': 0.6524545015465877, 'micro': 0.7657894736842106, 'binary': 0.4539877300613497, 'accuracy_majority': 0.8052631578947368, 'macro_majority': 0.7148188714453775, 'binary_majority': 0.5542168674698795, 'run_time_millis': 2507.218225975521, 'loss_mean': 0.10261432826519012}
Epoch 5 **** Loss 0.10136760026216507 **** Metrics validation: {'accuracy': 0.7412280701754386, 'f1_weighted': 0.787118545741514, 'macro': 0.6320403869320177, 'micro': 0.7412280701754387, 'binary': 0.4315992292870905, 'accuracy_majority': 0.7789473684210526, 'macro_majority': 0.6894458281444582, 'binary_majority': 0.5227272727272727, 'run_time_millis': 2505.2966970251873, 'loss_mean': 0.10682140290737152}
Epoch 6 **** Loss 0.07538934051990509 **** Metrics validation: {'accuracy': 0.7447368421052631, 'f1_weighted': 0.7897606211340463, 'macro': 0.6340313148462554, 'micro': 0.744736842105263, 'binary': 0.4327485380116959, 'accuracy_majority': 0.7842105263157895, 'macro_majority': 0.6944019457847868, 'binary_majority': 0.5287356321839081, 'run_time_millis': 1805.1657209871337, 'loss_mean': 0.10475829243659973}
Epoch 7 **** Loss 0.09950316697359085 **** Metrics validation: {'accuracy': 0.8061403508771929, 'f1_weighted': 0.8367173857894952, 'macro': 0.6893461027695472, 'micro': 0.8061403508771929, 'binary': 0.4988662131519275, 'accuracy_majority': 0.8473684210526315, 'macro_majority': 0.7591256830601092, 'binary_majority': 0.6133333333333333, 'run_time_millis': 1795.5590289784595, 'loss_mean': 0.1132313683629036}
Epoch 8 **** Loss 0.08427278697490692 **** Metrics validation: {'accuracy': 0.8122807017543859, 'f1_weighted': 0.8413949019965424, 'macro': 0.6954930576011903, 'micro': 0.8122807017543859, 'binary': 0.5069124423963134, 'accuracy_majority': 0.8526315789473684, 'macro_majority': 0.7650591768238827, 'binary_majority': 0.6216216216216216, 'run_time_millis': 2453.7274049944244, 'loss_mean': 0.11700357496738434}
Epoch 9 **** Loss 0.04495898261666298 **** Metrics validation: {'accuracy': 0.8166666666666667, 'f1_weighted': 0.843795301922713, 'macro': 0.6933081554080407, 'micro': 0.8166666666666667, 'binary': 0.4988009592326139, 'accuracy_majority': 0.8473684210526315, 'macro_majority': 0.7488490815442819, 'binary_majority': 0.5915492957746479, 'run_time_millis': 2504.953015013598, 'loss_mean': 0.11964121460914612}
Evaluating
{'accuracy': 0.8166666666666667, 'f1_weighted': 0.843795301922713, 'macro': 0.6933081554080407, 'micro': 0.8166666666666667, 'binary': 0.4988009592326139, 'accuracy_majority': 0.8473684210526315, 'macro_majority': 0.7488490815442819, 'binary_majority': 0.5915492957746479, 'run_time_millis': 2503.2133880304173, 'loss_mean': 0.11964121460914612}
Device cuda
Split type sit
Training Size: 2736, NTA labels 2366, YTA labels 370
Validation Size: 1140, NTA labels 1011, YTA labels 129
Test Size: 1146, NTA labels 979, YTA labels 167
Training with SBERT, model name is sbert
Tokenizing the dataset
Number of training steps 860
Epoch 0 **** Loss 0.13982775807380676 **** Metrics validation: {'accuracy': 0.8526315789473684, 'f1_weighted': 0.8680193259208898, 'macro': 0.7137921346635503, 'micro': 0.8526315789473685, 'binary': 0.5144508670520231, 'accuracy_majority': 0.8789473684210526, 'macro_majority': 0.7692592005913723, 'binary_majority': 0.6101694915254238, 'run_time_millis': 2512.7283280016854, 'loss_mean': 0.10141909122467041}
Epoch 1 **** Loss 0.05295232683420181 **** Metrics validation: {'accuracy': 0.718421052631579, 'f1_weighted': 0.7695221720576412, 'macro': 0.6177673325499413, 'micro': 0.718421052631579, 'binary': 0.42162162162162165, 'accuracy_majority': 0.7473684210526316, 'macro_majority': 0.6607647671477459, 'binary_majority': 0.4893617021276596, 'run_time_millis': 2206.9518479984254, 'loss_mean': 0.10410777479410172}
Epoch 2 **** Loss 0.06522427499294281 **** Metrics validation: {'accuracy': 0.7236842105263158, 'f1_weighted': 0.7735296288986285, 'macro': 0.6192711762516818, 'micro': 0.7236842105263158, 'binary': 0.4198895027624309, 'accuracy_majority': 0.7578947368421053, 'macro_majority': 0.6701388888888888, 'binary_majority': 0.5, 'run_time_millis': 2508.6197899654508, 'loss_mean': 0.10260847210884094}
Epoch 3 **** Loss 0.05059653893113136 **** Metrics validation: {'accuracy': 0.7570175438596491, 'f1_weighted': 0.7990553031419904, 'macro': 0.6426109837874544, 'micro': 0.7570175438596491, 'binary': 0.4404040404040404, 'accuracy_majority': 0.7894736842105263, 'macro_majority': 0.6943371943371943, 'binary_majority': 0.5238095238095238, 'run_time_millis': 2153.868121036794, 'loss_mean': 0.10084738582372665}
Epoch 4 **** Loss 0.1259188950061798 **** Metrics validation: {'accuracy': 0.7657894736842106, 'f1_weighted': 0.8056790193528388, 'macro': 0.649312000331816, 'micro': 0.7657894736842106, 'binary': 0.4472049689440994, 'accuracy_majority': 0.8, 'macro_majority': 0.7045342936650842, 'binary_majority': 0.5365853658536585, 'run_time_millis': 1741.7558549786918, 'loss_mean': 0.10949567705392838}
Epoch 5 **** Loss 0.02325776405632496 **** Metrics validation: {'accuracy': 0.7710526315789473, 'f1_weighted': 0.8100457829628874, 'macro': 0.6571926295378425, 'micro': 0.7710526315789473, 'binary': 0.45962732919254656, 'accuracy_majority': 0.8105263157894737, 'macro_majority': 0.7200851203142904, 'binary_majority': 0.5609756097560975, 'run_time_millis': 2456.0095670167357, 'loss_mean': 0.10625727474689484}
Epoch 6 **** Loss 0.06918884068727493 **** Metrics validation: {'accuracy': 0.7552631578947369, 'f1_weighted': 0.7979007636630527, 'macro': 0.6431420464299058, 'micro': 0.7552631578947367, 'binary': 0.44311377245508987, 'accuracy_majority': 0.7947368421052632, 'macro_majority': 0.7044865403788634, 'binary_majority': 0.5411764705882353, 'run_time_millis': 2403.369884006679, 'loss_mean': 0.10893639922142029}
Epoch 7 **** Loss 0.11641663312911987 **** Metrics validation: {'accuracy': 0.7868421052631579, 'f1_weighted': 0.8217498635628708, 'macro': 0.6685725360984591, 'micro': 0.7868421052631579, 'binary': 0.47058823529411764, 'accuracy_majority': 0.8210526315789474, 'macro_majority': 0.7257598913228052, 'binary_majority': 0.5641025641025641, 'run_time_millis': 1846.083981974516, 'loss_mean': 0.1167662963271141}
Epoch 8 **** Loss 0.06967713683843613 **** Metrics validation: {'accuracy': 0.7868421052631579, 'f1_weighted': 0.8217498635628708, 'macro': 0.6685725360984591, 'micro': 0.7868421052631579, 'binary': 0.47058823529411764, 'accuracy_majority': 0.8210526315789474, 'macro_majority': 0.7257598913228052, 'binary_majority': 0.5641025641025641, 'run_time_millis': 1896.3154809898697, 'loss_mean': 0.1172056496143341}
Epoch 9 **** Loss 0.1392955780029297 **** Metrics validation: {'accuracy': 0.7921052631578948, 'f1_weighted': 0.8257562723891252, 'macro': 0.6735501690970975, 'micro': 0.7921052631578948, 'binary': 0.47682119205298007, 'accuracy_majority': 0.8263157894736842, 'macro_majority': 0.7312588401697313, 'binary_majority': 0.5714285714285714, 'run_time_millis': 1744.5678730146028, 'loss_mean': 0.11904600262641907}
Evaluating
{'accuracy': 0.8526315789473684, 'f1_weighted': 0.8680193259208898, 'macro': 0.7137921346635503, 'micro': 0.8526315789473685, 'binary': 0.5144508670520231, 'accuracy_majority': 0.8789473684210526, 'macro_majority': 0.7692592005913723, 'binary_majority': 0.6101694915254238, 'run_time_millis': 1845.5055360100232, 'loss_mean': 0.10141909122467041}
Device cuda
Split type sit
Training Size: 3078, NTA labels 2663, YTA labels 415
Validation Size: 1140, NTA labels 1011, YTA labels 129
Test Size: 1146, NTA labels 979, YTA labels 167
Training with SBERT, model name is sbert
Tokenizing the dataset
Number of training steps 970
Epoch 0 **** Loss 0.06796491146087646 **** Metrics validation: {'accuracy': 0.874561403508772, 'f1_weighted': 0.8806333095726987, 'macro': 0.7183478202277476, 'micro': 0.8745614035087719, 'binary': 0.5085910652920963, 'accuracy_majority': 0.8947368421052632, 'macro_majority': 0.7696969696969697, 'binary_majority': 0.6, 'run_time_millis': 2506.773440982215, 'loss_mean': 0.1171528622508049}
Epoch 1 **** Loss 0.09748335927724838 **** Metrics validation: {'accuracy': 0.8517543859649123, 'f1_weighted': 0.8678201898386886, 'macro': 0.715454178906745, 'micro': 0.8517543859649124, 'binary': 0.5185185185185186, 'accuracy_majority': 0.8736842105263158, 'macro_majority': 0.7625, 'binary_majority': 0.6000000000000001, 'run_time_millis': 2504.9846050096676, 'loss_mean': 0.11847713589668274}
Epoch 2 **** Loss 0.15305624902248383 **** Metrics validation: {'accuracy': 0.7859649122807018, 'f1_weighted': 0.8209502036071297, 'macro': 0.6666650688575826, 'micro': 0.7859649122807018, 'binary': 0.4672489082969433, 'accuracy_majority': 0.8210526315789474, 'macro_majority': 0.7257598913228052, 'binary_majority': 0.5641025641025641, 'run_time_millis': 2502.280198968947, 'loss_mean': 0.10204245895147324}
Epoch 3 **** Loss 0.0410614050924778 **** Metrics validation: {'accuracy': 0.7394736842105263, 'f1_weighted': 0.7861124669685086, 'macro': 0.635433322673489, 'micro': 0.7394736842105263, 'binary': 0.44067796610169496, 'accuracy_majority': 0.7684210526315789, 'macro_majority': 0.6796934865900384, 'binary_majority': 0.5111111111111112, 'run_time_millis': 2506.092344992794, 'loss_mean': 0.10224097222089767}
Epoch 4 **** Loss 0.17147397994995117 **** Metrics validation: {'accuracy': 0.6921052631578948, 'f1_weighted': 0.7485136065919239, 'macro': 0.6017520758874586, 'micro': 0.6921052631578948, 'binary': 0.4120603015075377, 'accuracy_majority': 0.7105263157894737, 'macro_majority': 0.6291564640335001, 'binary_majority': 0.45544554455445546, 'run_time_millis': 2533.860230993014, 'loss_mean': 0.10537129640579224}
Epoch 5 **** Loss 0.005892703775316477 **** Metrics validation: {'accuracy': 0.7482456140350877, 'f1_weighted': 0.7926505095033378, 'macro': 0.639061812236685, 'micro': 0.7482456140350877, 'binary': 0.44054580896686163, 'accuracy_majority': 0.7842105263157895, 'macro_majority': 0.6944019457847868, 'binary_majority': 0.5287356321839081, 'run_time_millis': 2504.26251697354, 'loss_mean': 0.10429272055625916}
Epoch 6 **** Loss 0.09868565946817398 **** Metrics validation: {'accuracy': 0.8096491228070175, 'f1_weighted': 0.8378161747235823, 'macro': 0.6815687546581092, 'micro': 0.8096491228070175, 'binary': 0.47961630695443636, 'accuracy_majority': 0.8368421052631579, 'macro_majority': 0.7315283285473357, 'binary_majority': 0.5633802816901409, 'run_time_millis': 1238.9624229981564, 'loss_mean': 0.122987300157547}
Epoch 7 **** Loss 0.00014702910266350955 **** Metrics validation: {'accuracy': 0.7657894736842106, 'f1_weighted': 0.8060051089588508, 'macro': 0.6524545015465877, 'micro': 0.7657894736842106, 'binary': 0.4539877300613497, 'accuracy_majority': 0.8052631578947368, 'macro_majority': 0.7148188714453775, 'binary_majority': 0.5542168674698795, 'run_time_millis': 2502.35469895415, 'loss_mean': 0.10796098411083221}
Epoch 8 **** Loss 0.18370585143566132 **** Metrics validation: {'accuracy': 0.7850877192982456, 'f1_weighted': 0.820282784250631, 'macro': 0.6658447380416563, 'micro': 0.7850877192982457, 'binary': 0.46623093681917205, 'accuracy_majority': 0.8210526315789474, 'macro_majority': 0.7257598913228052, 'binary_majority': 0.5641025641025641, 'run_time_millis': 1806.5378030296415, 'loss_mean': 0.11215131729841232}
Epoch 9 **** Loss 0.09472594410181046 **** Metrics validation: {'accuracy': 0.7885964912280702, 'f1_weighted': 0.8228154499821908, 'macro': 0.6680404673097069, 'micro': 0.7885964912280703, 'binary': 0.46799116997792495, 'accuracy_majority': 0.8263157894736842, 'macro_majority': 0.7312588401697313, 'binary_majority': 0.5714285714285714, 'run_time_millis': 2504.5152499806136, 'loss_mean': 0.113765187561512}
Evaluating
{'accuracy': 0.874561403508772, 'f1_weighted': 0.8806333095726987, 'macro': 0.7183478202277476, 'micro': 0.8745614035087719, 'binary': 0.5085910652920963, 'accuracy_majority': 0.8947368421052632, 'macro_majority': 0.7696969696969697, 'binary_majority': 0.6, 'run_time_millis': 2506.27184699988, 'loss_mean': 0.1171528622508049}
Device cuda
Split type sit
Training Size: 3420, NTA labels 2981, YTA labels 439
Validation Size: 1140, NTA labels 1011, YTA labels 129
Test Size: 1146, NTA labels 979, YTA labels 167
Training with SBERT, model name is sbert
Tokenizing the dataset
Number of training steps 1070
Epoch 0 **** Loss 0.06516464054584503 **** Metrics validation: {'accuracy': 0.762280701754386, 'f1_weighted': 0.8034078958537163, 'macro': 0.650352262116968, 'micro': 0.762280701754386, 'binary': 0.4525252525252525, 'accuracy_majority': 0.8, 'macro_majority': 0.7096203346203346, 'binary_majority': 0.5476190476190476, 'run_time_millis': 2503.3121190499514, 'loss_mean': 0.09806278347969055}
Epoch 1 **** Loss 0.07187427580356598 **** Metrics validation: {'accuracy': 0.7956140350877193, 'f1_weighted': 0.8290852601240695, 'macro': 0.6822115263824731, 'micro': 0.7956140350877193, 'binary': 0.49237472766884527, 'accuracy_majority': 0.8210526315789474, 'macro_majority': 0.7257598913228052, 'binary_majority': 0.5641025641025641, 'run_time_millis': 1744.9097560020164, 'loss_mean': 0.09492642432451248}
Epoch 2 **** Loss 0.08353834599256516 **** Metrics validation: {'accuracy': 0.7131578947368421, 'f1_weighted': 0.7654475261904519, 'macro': 0.6161936267015076, 'micro': 0.7131578947368421, 'binary': 0.4232804232804232, 'accuracy_majority': 0.7368421052631579, 'macro_majority': 0.6515551643192488, 'binary_majority': 0.4791666666666667, 'run_time_millis': 2513.76593898749, 'loss_mean': 0.10047364234924316}
Epoch 3 **** Loss 0.06462307274341583 **** Metrics validation: {'accuracy': 0.6745614035087719, 'f1_weighted': 0.7341286087114072, 'macro': 0.586962572328426, 'micro': 0.6745614035087719, 'binary': 0.39674796747967483, 'accuracy_majority': 0.6947368421052632, 'macro_majority': 0.6160813823857302, 'binary_majority': 0.4423076923076923, 'run_time_millis': 1642.2152139712125, 'loss_mean': 0.09880951792001724}
Epoch 4 **** Loss 0.07865449041128159 **** Metrics validation: {'accuracy': 0.7657894736842106, 'f1_weighted': 0.8063096243282002, 'macro': 0.6555131143366437, 'micro': 0.7657894736842106, 'binary': 0.4606060606060607, 'accuracy_majority': 0.8, 'macro_majority': 0.7096203346203346, 'binary_majority': 0.5476190476190476, 'run_time_millis': 2509.8536710138433, 'loss_mean': 0.10244926065206528}
Epoch 5 **** Loss 0.07194346934556961 **** Metrics validation: {'accuracy': 0.7324561403508771, 'f1_weighted': 0.7807191644891481, 'macro': 0.6313578055770251, 'micro': 0.7324561403508771, 'binary': 0.438305709023941, 'accuracy_majority': 0.7578947368421053, 'macro_majority': 0.6701388888888888, 'binary_majority': 0.5, 'run_time_millis': 2503.6653720308095, 'loss_mean': 0.0978827029466629}
Epoch 6 **** Loss 0.058990728110075 **** Metrics validation: {'accuracy': 0.7745614035087719, 'f1_weighted': 0.8129569587029198, 'macro': 0.6624463823418604, 'micro': 0.7745614035087719, 'binary': 0.46790890269151136, 'accuracy_majority': 0.8105263157894737, 'macro_majority': 0.7200851203142904, 'binary_majority': 0.5609756097560975, 'run_time_millis': 2504.176036978606, 'loss_mean': 0.107536181807518}
Epoch 7 **** Loss 0.03132046386599541 **** Metrics validation: {'accuracy': 0.8008771929824562, 'f1_weighted': 0.8327078832418648, 'macro': 0.6841646620312907, 'micro': 0.8008771929824562, 'binary': 0.49217002237136465, 'accuracy_majority': 0.8421052631578947, 'macro_majority': 0.7532894736842105, 'binary_majority': 0.6052631578947368, 'run_time_millis': 579.2388119734824, 'loss_mean': 0.11863544583320618}
Epoch 8 **** Loss 0.034015681594610214 **** Metrics validation: {'accuracy': 0.7850877192982456, 'f1_weighted': 0.8206677049862726, 'macro': 0.6690660268372878, 'micro': 0.7850877192982457, 'binary': 0.47311827956989244, 'accuracy_majority': 0.8263157894736842, 'macro_majority': 0.7363219647588208, 'binary_majority': 0.5822784810126582, 'run_time_millis': 1796.4548680465668, 'loss_mean': 0.11773954331874847}
Epoch 9 **** Loss 0.0723569393157959 **** Metrics validation: {'accuracy': 0.8061403508771929, 'f1_weighted': 0.8367173857894952, 'macro': 0.6893461027695472, 'micro': 0.8061403508771929, 'binary': 0.4988662131519275, 'accuracy_majority': 0.8473684210526315, 'macro_majority': 0.7591256830601092, 'binary_majority': 0.6133333333333333, 'run_time_millis': 2506.3368279952556, 'loss_mean': 0.12106069177389145}
Evaluating
{'accuracy': 0.8061403508771929, 'f1_weighted': 0.8367173857894952, 'macro': 0.6893461027695472, 'micro': 0.8061403508771929, 'binary': 0.4988662131519275, 'accuracy_majority': 0.8473684210526315, 'macro_majority': 0.7591256830601092, 'binary_majority': 0.6133333333333333, 'run_time_millis': 2503.5350709804334, 'loss_mean': 0.12106069177389145}
