Device cuda
Split type sit
Training Size: 3136, NTA labels 2622, YTA labels 514
Validation Size: 1035, NTA labels 876, YTA labels 159
Test Size: 1042, NTA labels 866, YTA labels 176
Training with SBERT, model name is sbert
Tokenizing the dataset
Number of training steps 980
Epoch 0 **** Loss 0.08393526077270508 **** Metrics validation: {'accuracy': 0.8183574879227054, 'f1_weighted': 0.8392373603826201, 'macro': 0.7420239282153538, 'micro': 0.8183574879227054, 'binary': 0.6016949152542372, 'accuracy_majority': 0.8280467445742905, 'macro_majority': 0.7704733241319787, 'binary_majority': 0.6555183946488294, 'run_time_millis': 908.1814180001402, 'loss_mean': 0.1156286746263504}
Epoch 1 **** Loss 0.04489262402057648 **** Metrics validation: {'accuracy': 0.9053140096618357, 'f1_weighted': 0.9100203753295144, 'macro': 0.836662458292001, 'micro': 0.9053140096618357, 'binary': 0.7307692307692307, 'accuracy_majority': 0.9048414023372288, 'macro_majority': 0.8491283886789951, 'binary_majority': 0.7574468085106382, 'run_time_millis': 911.942831000033, 'loss_mean': 0.09425132721662521}
Epoch 2 **** Loss 0.08157406747341156 **** Metrics validation: {'accuracy': 0.8985507246376812, 'f1_weighted': 0.9040406024028035, 'macro': 0.8268593797049082, 'micro': 0.8985507246376812, 'binary': 0.7154471544715448, 'accuracy_majority': 0.8998330550918197, 'macro_majority': 0.8416963247471723, 'binary_majority': 0.7457627118644068, 'run_time_millis': 1009.9505739999586, 'loss_mean': 0.10311786830425262}
Epoch 3 **** Loss 0.09532255679368973 **** Metrics validation: {'accuracy': 0.842512077294686, 'f1_weighted': 0.8589780824871631, 'macro': 0.7674577280452555, 'micro': 0.842512077294686, 'binary': 0.6353467561521253, 'accuracy_majority': 0.8580968280467446, 'macro_majority': 0.8024076654105723, 'binary_majority': 0.6975088967971531, 'run_time_millis': 1820.8870649998516, 'loss_mean': 0.09863831847906113}
Epoch 4 **** Loss 0.029072199016809464 **** Metrics validation: {'accuracy': 0.9024154589371981, 'f1_weighted': 0.905870558258479, 'macro': 0.8259574546017592, 'micro': 0.9024154589371981, 'binary': 0.7106017191977078, 'accuracy_majority': 0.9065108514190318, 'macro_majority': 0.8440974158765571, 'binary_majority': 0.7454545454545455, 'run_time_millis': 1818.9966610000283, 'loss_mean': 0.18802744150161743}
Epoch 5 **** Loss 0.027114707976579666 **** Metrics validation: {'accuracy': 0.9082125603864735, 'f1_weighted': 0.9114624062827276, 'macro': 0.836296615714526, 'micro': 0.9082125603864735, 'binary': 0.7277936962750716, 'accuracy_majority': 0.9115191986644408, 'macro_majority': 0.8539864321030239, 'binary_majority': 0.7623318385650223, 'run_time_millis': 2935.137498999893, 'loss_mean': 0.18547563254833221}
Epoch 6 **** Loss 0.03053763322532177 **** Metrics validation: {'accuracy': 0.893719806763285, 'f1_weighted': 0.8999219868423168, 'macro': 0.8205119311875693, 'micro': 0.893719806763285, 'binary': 0.7058823529411764, 'accuracy_majority': 0.8998330550918197, 'macro_majority': 0.8426995798319328, 'binary_majority': 0.7478991596638657, 'run_time_millis': 1413.5138500000721, 'loss_mean': 0.17159384489059448}
Epoch 7 **** Loss 0.03481731191277504 **** Metrics validation: {'accuracy': 0.8859903381642512, 'f1_weighted': 0.8933795651490648, 'macro': 0.8105971315848242, 'micro': 0.8859903381642512, 'binary': 0.6910994764397905, 'accuracy_majority': 0.8931552587646077, 'macro_majority': 0.8342957916940419, 'binary_majority': 0.7355371900826446, 'run_time_millis': 1466.8727509999826, 'loss_mean': 0.1720958948135376}
Epoch 8 **** Loss 0.05013693869113922 **** Metrics validation: {'accuracy': 0.9082125603864735, 'f1_weighted': 0.9120057225934727, 'macro': 0.8385003900956761, 'micro': 0.9082125603864735, 'binary': 0.7323943661971831, 'accuracy_majority': 0.9165275459098498, 'macro_majority': 0.8636603663643978, 'binary_majority': 0.7787610619469025, 'run_time_millis': 2078.0997580000076, 'loss_mean': 0.20219364762306213}
Epoch 9 **** Loss 0.048972807824611664 **** Metrics validation: {'accuracy': 0.9024154589371981, 'f1_weighted': 0.907177823793202, 'macro': 0.8312974770875394, 'micro': 0.9024154589371981, 'binary': 0.7217630853994491, 'accuracy_majority': 0.9098497495826378, 'macro_majority': 0.8547161336687028, 'binary_majority': 0.7652173913043477, 'run_time_millis': 1054.6236570000929, 'loss_mean': 0.1970333606004715}
Evaluating
{'accuracy': 0.9082125603864735, 'f1_weighted': 0.9120057225934727, 'macro': 0.8385003900956761, 'micro': 0.9082125603864735, 'binary': 0.7323943661971831, 'accuracy_majority': 0.9165275459098498, 'macro_majority': 0.8636603663643978, 'binary_majority': 0.7787610619469025, 'run_time_millis': 1916.401194999935, 'loss_mean': 0.20219364762306213}
