Device cuda
Split type sit
Training Size: 3420, NTA labels 2981, YTA labels 439
Validation Size: 1140, NTA labels 1011, YTA labels 129
Test Size: 1146, NTA labels 979, YTA labels 167
Training with SBERT, model name is sbert
Tokenizing the dataset
Number of training steps 1070
Epoch 0 **** Loss 0.11194484680891037 **** Metrics validation: {'accuracy': 0.7324561403508771, 'f1_weighted': 0.7805450389789511, 'macro': 0.6285220691224594, 'micro': 0.7324561403508771, 'binary': 0.4320297951582867, 'accuracy_majority': 0.7631578947368421, 'macro_majority': 0.674892581466976, 'binary_majority': 0.5054945054945055, 'run_time_millis': 1833.7656609999726, 'loss_mean': 0.09722581505775452}
Epoch 1 **** Loss 0.09049166738986969 **** Metrics validation: {'accuracy': 0.7780701754385965, 'f1_weighted': 0.8155380629180502, 'macro': 0.6646399955350446, 'micro': 0.7780701754385965, 'binary': 0.469601677148847, 'accuracy_majority': 0.8052631578947368, 'macro_majority': 0.7097320285726083, 'binary_majority': 0.54320987654321, 'run_time_millis': 603.2413270000347, 'loss_mean': 0.09189395606517792}
Epoch 2 **** Loss 0.05781614035367966 **** Metrics validation: {'accuracy': 0.7280701754385965, 'f1_weighted': 0.7772569224176403, 'macro': 0.6276613678124104, 'micro': 0.7280701754385965, 'binary': 0.4343065693430657, 'accuracy_majority': 0.7, 'macro_majority': 0.6204128842311871, 'binary_majority': 0.44660194174757273, 'run_time_millis': 778.8503410000089, 'loss_mean': 0.09023753553628922}
Epoch 3 **** Loss 0.030298864468932152 **** Metrics validation: {'accuracy': 0.8166666666666667, 'f1_weighted': 0.8442783105519845, 'macro': 0.6966815232377395, 'micro': 0.8166666666666667, 'binary': 0.5059101654846336, 'accuracy_majority': 0.7736842105263158, 'macro_majority': 0.6845438047801073, 'binary_majority': 0.5168539325842696, 'run_time_millis': 509.10579899999675, 'loss_mean': 0.09243150055408478}
Epoch 4 **** Loss 0.052333228290081024 **** Metrics validation: {'accuracy': 0.8456140350877193, 'f1_weighted': 0.8636053779243852, 'macro': 0.7110249511749693, 'micro': 0.8456140350877194, 'binary': 0.5138121546961325, 'accuracy_majority': 0.7736842105263158, 'macro_majority': 0.6794947236279472, 'binary_majority': 0.5057471264367817, 'run_time_millis': 2413.6915490000206, 'loss_mean': 0.1352270096540451}
Epoch 5 **** Loss 0.07476772367954254 **** Metrics validation: {'accuracy': 0.8429824561403508, 'f1_weighted': 0.8636186171833998, 'macro': 0.7203029160812802, 'micro': 0.8429824561403508, 'binary': 0.535064935064935, 'accuracy_majority': 0.7894736842105263, 'macro_majority': 0.6943371943371943, 'binary_majority': 0.5238095238095238, 'run_time_millis': 2629.9411580000083, 'loss_mean': 0.11566837877035141}
Epoch 6 **** Loss 0.07960370928049088 **** Metrics validation: {'accuracy': 0.8649122807017544, 'f1_weighted': 0.8787978468899521, 'macro': 0.7363900634249472, 'micro': 0.8649122807017544, 'binary': 0.5523255813953488, 'accuracy_majority': 0.8157894736842105, 'macro_majority': 0.714971497149715, 'binary_majority': 0.5454545454545454, 'run_time_millis': 1804.9208150000027, 'loss_mean': 0.15395019948482513}
Epoch 7 **** Loss 0.0804569348692894 **** Metrics validation: {'accuracy': 0.8473684210526315, 'f1_weighted': 0.8669695290858725, 'macro': 0.7252631578947368, 'micro': 0.8473684210526315, 'binary': 0.5421052631578948, 'accuracy_majority': 0.7684210526315789, 'macro_majority': 0.6746575342465754, 'binary_majority': 0.5000000000000001, 'run_time_millis': 2637.2054580000395, 'loss_mean': 0.1515616625547409}
Epoch 8 **** Loss 0.03167824447154999 **** Metrics validation: {'accuracy': 0.8491228070175438, 'f1_weighted': 0.8684986149584487, 'macro': 0.7284210526315789, 'micro': 0.8491228070175438, 'binary': 0.5473684210526316, 'accuracy_majority': 0.7842105263157895, 'macro_majority': 0.6944019457847868, 'binary_majority': 0.5287356321839081, 'run_time_millis': 1370.811893999985, 'loss_mean': 0.16020607948303223}
Epoch 9 **** Loss 0.04729289188981056 **** Metrics validation: {'accuracy': 0.8614035087719298, 'f1_weighted': 0.8765306413667138, 'macro': 0.734593078083742, 'micro': 0.8614035087719298, 'binary': 0.5511363636363636, 'accuracy_majority': 0.8157894736842105, 'macro_majority': 0.714971497149715, 'binary_majority': 0.5454545454545454, 'run_time_millis': 2212.9246359999684, 'loss_mean': 0.17082200944423676}
Evaluating
{'accuracy': 0.8649122807017544, 'f1_weighted': 0.8787978468899521, 'macro': 0.7363900634249472, 'micro': 0.8649122807017544, 'binary': 0.5523255813953488, 'accuracy_majority': 0.8157894736842105, 'macro_majority': 0.714971497149715, 'binary_majority': 0.5454545454545454, 'run_time_millis': 2056.697906000011, 'loss_mean': 0.15395019948482513}
