Device cuda
Split type sit
Training Size: 565, NTA labels 313, YTA labels 252
Validation Size: 189, NTA labels 108, YTA labels 81
Test Size: 189, NTA labels 104, YTA labels 85
Training with SBERT, model name is sbert
Tokenizing the dataset
Number of training steps 180
Epoch 0 **** Loss 0.3378545343875885 **** Metrics validation: {'accuracy': 0.6031746031746031, 'f1_weighted': 0.5833972686819089, 'macro': 0.564983888292159, 'micro': 0.6031746031746031, 'binary': 0.4360902255639097, 'accuracy_majority': 0.6031746031746031, 'macro_majority': 0.564983888292159, 'binary_majority': 0.4360902255639097, 'run_time_millis': 2678.810442914255, 'loss_mean': 0.33558860421180725}
Epoch 1 **** Loss 0.320433109998703 **** Metrics validation: {'accuracy': 0.544973544973545, 'f1_weighted': 0.5319727891156463, 'macro': 0.5392857142857144, 'micro': 0.544973544973545, 'binary': 0.5904761904761905, 'accuracy_majority': 0.544973544973545, 'macro_majority': 0.5392857142857144, 'binary_majority': 0.5904761904761905, 'run_time_millis': 2683.2512710243464, 'loss_mean': 0.33487483859062195}
Epoch 2 **** Loss 0.3415736258029938 **** Metrics validation: {'accuracy': 0.6190476190476191, 'f1_weighted': 0.6159554730983302, 'macro': 0.6055194805194806, 'micro': 0.6190476190476191, 'binary': 0.5324675324675325, 'accuracy_majority': 0.6190476190476191, 'macro_majority': 0.6055194805194806, 'binary_majority': 0.5324675324675325, 'run_time_millis': 2686.9449249934405, 'loss_mean': 0.3314122259616852}
Epoch 3 **** Loss 0.29567456245422363 **** Metrics validation: {'accuracy': 0.6296296296296297, 'f1_weighted': 0.6221067548417571, 'macro': 0.6094119036372224, 'micro': 0.6296296296296297, 'binary': 0.5205479452054794, 'accuracy_majority': 0.6296296296296297, 'macro_majority': 0.6094119036372224, 'binary_majority': 0.5205479452054794, 'run_time_millis': 1770.8127170335501, 'loss_mean': 0.3295252323150635}
Epoch 4 **** Loss 0.3413929343223572 **** Metrics validation: {'accuracy': 0.5502645502645502, 'f1_weighted': 0.5502645502645502, 'macro': 0.5502645502645502, 'micro': 0.5502645502645502, 'binary': 0.5502645502645502, 'accuracy_majority': 0.5502645502645502, 'macro_majority': 0.5502645502645502, 'binary_majority': 0.5502645502645502, 'run_time_millis': 2684.5566579140723, 'loss_mean': 0.3306870758533478}
Epoch 5 **** Loss 0.284067302942276 **** Metrics validation: {'accuracy': 0.6031746031746031, 'f1_weighted': 0.6044133804158778, 'macro': 0.5977239833129948, 'micro': 0.6031746031746031, 'binary': 0.5508982035928143, 'accuracy_majority': 0.6031746031746031, 'macro_majority': 0.5977239833129948, 'binary_majority': 0.5508982035928143, 'run_time_millis': 2175.261948024854, 'loss_mean': 0.3285693824291229}
Epoch 6 **** Loss 0.3336177468299866 **** Metrics validation: {'accuracy': 0.582010582010582, 'f1_weighted': 0.5841520056298382, 'macro': 0.579704433497537, 'micro': 0.582010582010582, 'binary': 0.5485714285714286, 'accuracy_majority': 0.582010582010582, 'macro_majority': 0.579704433497537, 'binary_majority': 0.5485714285714286, 'run_time_millis': 1669.7047820780426, 'loss_mean': 0.32768431305885315}
Epoch 7 **** Loss 0.31261083483695984 **** Metrics validation: {'accuracy': 0.6084656084656085, 'f1_weighted': 0.6101486748545571, 'macro': 0.6044683257918552, 'micro': 0.6084656084656085, 'binary': 0.5647058823529411, 'accuracy_majority': 0.6084656084656085, 'macro_majority': 0.6044683257918552, 'binary_majority': 0.5647058823529411, 'run_time_millis': 2685.1480590412393, 'loss_mean': 0.3264751732349396}
Epoch 8 **** Loss 0.3188728094100952 **** Metrics validation: {'accuracy': 0.6190476190476191, 'f1_weighted': 0.6200435163835937, 'macro': 0.613321209365765, 'micro': 0.6190476190476191, 'binary': 0.5662650602409638, 'accuracy_majority': 0.6190476190476191, 'macro_majority': 0.613321209365765, 'binary_majority': 0.5662650602409638, 'run_time_millis': 2689.550167066045, 'loss_mean': 0.3255726993083954}
Epoch 9 **** Loss 0.3713681697845459 **** Metrics validation: {'accuracy': 0.6137566137566137, 'f1_weighted': 0.6152875464616355, 'macro': 0.6093825203136944, 'micro': 0.6137566137566137, 'binary': 0.5680473372781065, 'accuracy_majority': 0.6137566137566137, 'macro_majority': 0.6093825203136944, 'binary_majority': 0.5680473372781065, 'run_time_millis': 2683.0945590045303, 'loss_mean': 0.325851172208786}
Evaluating
{'accuracy': 0.6296296296296297, 'f1_weighted': 0.6221067548417571, 'macro': 0.6094119036372224, 'micro': 0.6296296296296297, 'binary': 0.5205479452054794, 'accuracy_majority': 0.6296296296296297, 'macro_majority': 0.6094119036372224, 'binary_majority': 0.5205479452054794, 'run_time_millis': 2685.7095500454307, 'loss_mean': 0.3295252323150635}
