Device cuda
Split type sit
Training Size: 14386, NTA labels 14012, YTA labels 374
Validation Size: 4795, NTA labels 4690, YTA labels 105
Test Size: 4633, NTA labels 4523, YTA labels 110
Training with SBERT, model name is sbert
Tokenizing the dataset
Number of training steps 4500
Epoch 0 **** Loss 0.07766081392765045 **** Metrics validation: {'accuracy': 0.9772679874869656, 'f1_weighted': 0.9693330687284385, 'macro': 0.5511537295577879, 'micro': 0.9772679874869656, 'binary': 0.11382113821138211, 'accuracy_majority': 0.9875491480996068, 'macro_majority': 0.6168615791212421, 'binary_majority': 0.23999999999999996, 'run_time_millis': 3983.2183899125084, 'loss_mean': 0.037352267652750015}
Epoch 1 **** Loss 0.012064207345247269 **** Metrics validation: {'accuracy': 0.9395203336809176, 'f1_weighted': 0.9540768769861783, 'macro': 0.6421995356094508, 'micro': 0.9395203336809176, 'binary': 0.3160377358490566, 'accuracy_majority': 0.9429882044560943, 'macro_majority': 0.6196225506909208, 'binary_majority': 0.26890756302521013, 'run_time_millis': 3001.0782789904624, 'loss_mean': 0.026803843677043915}
Epoch 2 **** Loss 0.13886278867721558 **** Metrics validation: {'accuracy': 0.9151199165797705, 'f1_weighted': 0.9399763908003422, 'macro': 0.6134235704527181, 'micro': 0.9151199165797705, 'binary': 0.27191413237924866, 'accuracy_majority': 0.9161205766710354, 'macro_majority': 0.5827929428852151, 'binary_majority': 0.20987654320987656, 'run_time_millis': 3979.5410350197926, 'loss_mean': 0.025765350088477135}
Epoch 3 **** Loss 0.007038193289190531 **** Metrics validation: {'accuracy': 0.9295099061522419, 'f1_weighted': 0.9484021554080875, 'macro': 0.632267254539283, 'micro': 0.9295099061522419, 'binary': 0.3016528925619835, 'accuracy_majority': 0.9318479685452162, 'macro_majority': 0.6053435190434981, 'binary_majority': 0.24637681159420288, 'run_time_millis': 3968.585063936189, 'loss_mean': 0.027048785239458084}
Epoch 4 **** Loss 0.028787272050976753 **** Metrics validation: {'accuracy': 0.9192909280500522, 'f1_weighted': 0.9425533764587373, 'macro': 0.6222581033241384, 'micro': 0.9192909280500522, 'binary': 0.287292817679558, 'accuracy_majority': 0.9213630406290957, 'macro_majority': 0.5946663833404165, 'binary_majority': 0.23076923076923078, 'run_time_millis': 3352.4935450404882, 'loss_mean': 0.027488799765706062}
Epoch 5 **** Loss 0.024980761110782623 **** Metrics validation: {'accuracy': 0.9384775808133472, 'f1_weighted': 0.9536325412261878, 'macro': 0.6448081257023045, 'micro': 0.9384775808133472, 'binary': 0.3218390804597701, 'accuracy_majority': 0.9416775884665793, 'macro_majority': 0.6230184835136163, 'binary_majority': 0.2764227642276423, 'run_time_millis': 3942.6621299935505, 'loss_mean': 0.03134934604167938}
Epoch 6 **** Loss 0.012433779425919056 **** Metrics validation: {'accuracy': 0.9370177267987487, 'f1_weighted': 0.9529860989101675, 'macro': 0.6479236566982738, 'micro': 0.9370177267987487, 'binary': 0.3288888888888889, 'accuracy_majority': 0.9403669724770642, 'macro_majority': 0.6261767279090114, 'binary_majority': 0.28346456692913385, 'run_time_millis': 3930.6211470393464, 'loss_mean': 0.03284730017185211}
Epoch 7 **** Loss 0.011697957292199135 **** Metrics validation: {'accuracy': 0.9384775808133472, 'f1_weighted': 0.953754074408094, 'macro': 0.6478906546180769, 'micro': 0.9384775808133472, 'binary': 0.32801822323462415, 'accuracy_majority': 0.9436435124508519, 'macro_majority': 0.6328652156884687, 'binary_majority': 0.29508196721311475, 'run_time_millis': 3956.3690269133076, 'loss_mean': 0.03456379473209381}
Epoch 8 **** Loss 0.006214845459908247 **** Metrics validation: {'accuracy': 0.9366006256517205, 'f1_weighted': 0.9526747485718241, 'macro': 0.6455920252856796, 'micro': 0.9366006256517205, 'binary': 0.3244444444444445, 'accuracy_majority': 0.9403669724770642, 'macro_majority': 0.6261767279090114, 'binary_majority': 0.28346456692913385, 'run_time_millis': 3708.1098060589284, 'loss_mean': 0.03487761318683624}
Epoch 9 **** Loss 0.010585639625787735 **** Metrics validation: {'accuracy': 0.9374348279457768, 'f1_weighted': 0.9531212326962055, 'macro': 0.6457615498726367, 'micro': 0.9374348279457768, 'binary': 0.3243243243243243, 'accuracy_majority': 0.9410222804718218, 'macro_majority': 0.621727921734532, 'binary_majority': 0.2741935483870968, 'run_time_millis': 3969.34963890817, 'loss_mean': 0.03547966852784157}
Evaluating
{'accuracy': 0.9772679874869656, 'f1_weighted': 0.9693330687284385, 'macro': 0.5511537295577879, 'micro': 0.9772679874869656, 'binary': 0.11382113821138211, 'accuracy_majority': 0.9875491480996068, 'macro_majority': 0.6168615791212421, 'binary_majority': 0.23999999999999996, 'run_time_millis': 3970.6547260284424, 'loss_mean': 0.037352267652750015}
