Device cuda
DATASET: GE'sadness, MODEL: sbertbase, 
Split type sit
DATASET: GE'sadness, MODEL: sbertbase, PERCENTAGE: 0.5, NUM_COMMENTS_PER_ANNO: 475
Training Size: 23750, NTA labels 23015, YTA labels 735
Validation Size: 39154, NTA labels 37966, YTA labels 1188
Test Size: 39360, NTA labels 38186, YTA labels 1174
Training with SBERT, model name is sbert
Tokenizing the dataset
Number of training steps 7430
Epoch 0 **** Loss 0.03405958041548729 **** Metrics validation: {'accuracy': 0.8881084946621035, 'f1_weighted': 0.9194133629570624, 'macro': 0.6113238670640989, 'micro': 0.8881084946621035, 'binary': 0.2833306069033208, 'accuracy_majority': 0.8935380898973342, 'macro_majority': 0.6036080212590101, 'binary_majority': 0.26460071513706795, 'run_time_millis': 14946.744015993318, 'loss_mean': 0.03733235225081444}
Epoch 1 **** Loss 0.004781547002494335 **** Metrics validation: {'accuracy': 0.9321397558359299, 'f1_weighted': 0.9456056993733324, 'macro': 0.6578366863468451, 'micro': 0.9321397558359299, 'binary': 0.35147669026116674, 'accuracy_majority': 0.9398671382969546, 'macro_majority': 0.6665354645152596, 'binary_majority': 0.3646308113035552, 'run_time_millis': 14972.246944991639, 'loss_mean': 0.03797374293208122}
Epoch 2 **** Loss 0.0018555702408775687 **** Metrics validation: {'accuracy': 0.8938294937937376, 'f1_weighted': 0.9226999511928777, 'macro': 0.613768417231406, 'micro': 0.8938294937937376, 'binary': 0.28487872011009807, 'accuracy_majority': 0.8998360797170218, 'macro_majority': 0.60733427843997, 'binary_majority': 0.2684310018903592, 'run_time_millis': 13988.893192989053, 'loss_mean': 0.04048008844256401}
Epoch 3 **** Loss 0.007300131022930145 **** Metrics validation: {'accuracy': 0.9146702763446902, 'f1_weighted': 0.9351328616096864, 'macro': 0.6354224032759409, 'micro': 0.9146702763446902, 'binary': 0.31634949866994067, 'accuracy_majority': 0.9207143473384523, 'macro_majority': 0.6321845339475027, 'binary_majority': 0.30641509433962266, 'run_time_millis': 14961.180838989094, 'loss_mean': 0.05416734889149666}
Epoch 4 **** Loss 0.00011657830327749252 **** Metrics validation: {'accuracy': 0.9078255095264851, 'f1_weighted': 0.9310367410089653, 'macro': 0.6275661859209273, 'micro': 0.9078255095264851, 'binary': 0.3044902678743496, 'accuracy_majority': 0.9138124406867397, 'macro_majority': 0.6235513423664165, 'binary_majority': 0.2929936305732484, 'run_time_millis': 14956.444080016809, 'loss_mean': 0.05819453299045563}
Epoch 5 **** Loss 5.071317355032079e-05 **** Metrics validation: {'accuracy': 0.9005210195637738, 'f1_weighted': 0.926616463457066, 'macro': 0.6187119926494001, 'micro': 0.9005210195637738, 'binary': 0.29091571090478796, 'accuracy_majority': 0.9069105340350272, 'macro_majority': 0.6142537805657968, 'binary_majority': 0.2782608695652174, 'run_time_millis': 14968.385496991687, 'loss_mean': 0.06529469043016434}
Epoch 6 **** Loss 0.0001690065982984379 **** Metrics validation: {'accuracy': 0.9232773152168361, 'f1_weighted': 0.9402719935907431, 'macro': 0.6457242644505206, 'micro': 0.923277315216836, 'binary': 0.33214762116496216, 'accuracy_majority': 0.9301181951514106, 'macro_majority': 0.6468567056795049, 'binary_majority': 0.3305785123966943, 'run_time_millis': 14985.178700007964, 'loss_mean': 0.078946553170681}
Epoch 7 **** Loss 0.021277524530887604 **** Metrics validation: {'accuracy': 0.9241201409817643, 'f1_weighted': 0.9406767239360415, 'macro': 0.6449418973734302, 'micro': 0.9241201409817643, 'binary': 0.33010146561443066, 'accuracy_majority': 0.9312397549823138, 'macro_majority': 0.6472861713025797, 'binary_majority': 0.3308144416456759, 'run_time_millis': 13951.230868988205, 'loss_mean': 0.08701558411121368}
Epoch 8 **** Loss 0.00013691402273252606 **** Metrics validation: {'accuracy': 0.914568115645911, 'f1_weighted': 0.9349449665131851, 'macro': 0.6328813545838784, 'micro': 0.914568115645911, 'binary': 0.3113032736256948, 'accuracy_majority': 0.9212319903373307, 'macro_majority': 0.6319755048712219, 'binary_majority': 0.3057034220532319, 'run_time_millis': 14972.159218013985, 'loss_mean': 0.08165450394153595}
Epoch 9 **** Loss 0.07318723946809769 **** Metrics validation: {'accuracy': 0.9277979261378148, 'f1_weighted': 0.9428663250660223, 'macro': 0.6494912187761243, 'micro': 0.9277979261378148, 'binary': 0.33716295427901527, 'accuracy_majority': 0.934863255974463, 'macro_majority': 0.6526000575532669, 'binary_majority': 0.3394575678040245, 'run_time_millis': 14976.821738993749, 'loss_mean': 0.09173501282930374}
Evaluating
{'accuracy': 0.9321397558359299, 'f1_weighted': 0.9456056993733324, 'macro': 0.6578366863468451, 'micro': 0.9321397558359299, 'binary': 0.35147669026116674, 'accuracy_majority': 0.9398671382969546, 'macro_majority': 0.6665354645152596, 'binary_majority': 0.3646308113035552, 'run_time_millis': 15250.739263021387, 'loss_mean': 0.03797374293208122}
Device cuda
DATASET: GE'sadness, MODEL: sbertbase, 
Split type sit
DATASET: GE'sadness, MODEL: sbertbase, PERCENTAGE: 0.6, NUM_COMMENTS_PER_ANNO: 570
Training Size: 28500, NTA labels 27603, YTA labels 897
Validation Size: 39154, NTA labels 37966, YTA labels 1188
Test Size: 39360, NTA labels 38186, YTA labels 1174
Training with SBERT, model name is sbert
Tokenizing the dataset
Number of training steps 8910
Epoch 0 **** Loss 0.15816351771354675 **** Metrics validation: {'accuracy': 0.9478469632732288, 'f1_weighted': 0.9551515611903414, 'macro': 0.682688577219183, 'micro': 0.9478469632732288, 'binary': 0.39262343842950626, 'accuracy_majority': 0.9562591665947718, 'macro_majority': 0.7034768615166543, 'binary_majority': 0.4296962879640045, 'run_time_millis': 14959.646311996039, 'loss_mean': 0.03956260904669762}
Epoch 1 **** Loss 0.01431757491081953 **** Metrics validation: {'accuracy': 0.8901006282882975, 'f1_weighted': 0.920706498978337, 'macro': 0.6152457900941382, 'micro': 0.8901006282882975, 'binary': 0.2900511466754661, 'accuracy_majority': 0.8956086618928479, 'macro_majority': 0.6074313983001983, 'binary_majority': 0.2710843373493976, 'run_time_millis': 14997.546784987208, 'loss_mean': 0.03980984166264534}
Epoch 2 **** Loss 0.03083156980574131 **** Metrics validation: {'accuracy': 0.902359912141799, 'f1_weighted': 0.9279161312657327, 'macro': 0.6246226085358091, 'micro': 0.902359912141799, 'binary': 0.3017351598173516, 'accuracy_majority': 0.9083771891985161, 'macro_majority': 0.6196205488747734, 'binary_majority': 0.2882037533512064, 'run_time_millis': 14976.43334401073, 'loss_mean': 0.04377543181180954}
Epoch 3 **** Loss 0.006966153625398874 **** Metrics validation: {'accuracy': 0.8613168514072637, 'f1_weighted': 0.9031436691419844, 'macro': 0.5864893458304241, 'micro': 0.8613168514072638, 'binary': 0.24937793751727952, 'accuracy_majority': 0.8666206539556552, 'macro_majority': 0.5766233094877355, 'binary_majority': 0.22622622622622623, 'run_time_millis': 14979.89812400192, 'loss_mean': 0.048140499740839005}
Epoch 4 **** Loss 0.017190977931022644 **** Metrics validation: {'accuracy': 0.9335189252694488, 'f1_weighted': 0.9464521567553584, 'macro': 0.6600834706693958, 'micro': 0.9335189252694488, 'binary': 0.3552142680208075, 'accuracy_majority': 0.940816150461565, 'macro_majority': 0.666300628434179, 'binary_majority': 0.3636363636363637, 'run_time_millis': 14968.3032160101, 'loss_mean': 0.0816977247595787}
Epoch 5 **** Loss 0.014714484103024006 **** Metrics validation: {'accuracy': 0.9192675077897533, 'f1_weighted': 0.93785787129121, 'macro': 0.6404605729629915, 'micro': 0.9192675077897533, 'binary': 0.32385026737967915, 'accuracy_majority': 0.9259770511603831, 'macro_majority': 0.6394149147698843, 'binary_majority': 0.3179650238473768, 'run_time_millis': 14970.164792001015, 'loss_mean': 0.07413937896490097}
Epoch 6 **** Loss 0.03393743187189102 **** Metrics validation: {'accuracy': 0.9085406344179394, 'f1_weighted': 0.9314350826316082, 'macro': 0.627788484578126, 'micro': 0.9085406344179394, 'binary': 0.30452515051466306, 'accuracy_majority': 0.9151928220170822, 'macro_majority': 0.6246071397354455, 'binary_majority': 0.2943287867910983, 'run_time_millis': 14720.691795984749, 'loss_mean': 0.07347516715526581}
Epoch 7 **** Loss 0.01914026215672493 **** Metrics validation: {'accuracy': 0.9248097256985238, 'f1_weighted': 0.9411391232033279, 'macro': 0.6467457009328931, 'micro': 0.9248097256985238, 'binary': 0.3333333333333333, 'accuracy_majority': 0.9320162194806315, 'macro_majority': 0.6487575757575758, 'binary_majority': 0.3333333333333333, 'run_time_millis': 13996.183552982984, 'loss_mean': 0.08970658481121063}
Epoch 8 **** Loss 2.6284626073902473e-05 **** Metrics validation: {'accuracy': 0.9318077335648975, 'f1_weighted': 0.9453002599665471, 'macro': 0.6554473767890563, 'micro': 0.9318077335648975, 'binary': 0.3468688845401174, 'accuracy_majority': 0.9396945906306617, 'macro_majority': 0.6638307731443818, 'binary_majority': 0.3593033913840513, 'run_time_millis': 14970.243992022006, 'loss_mean': 0.10008130967617035}
Epoch 9 **** Loss 0.011945141479372978 **** Metrics validation: {'accuracy': 0.9312969300710017, 'f1_weighted': 0.9449345086251677, 'macro': 0.6536668756024495, 'micro': 0.9312969300710017, 'binary': 0.34358223523670084, 'accuracy_majority': 0.9392632214649297, 'macro_majority': 0.6617208655234912, 'binary_majority': 0.3553113553113554, 'run_time_millis': 15003.233863011701, 'loss_mean': 0.09914983063936234}
Evaluating
{'accuracy': 0.9478469632732288, 'f1_weighted': 0.9551515611903414, 'macro': 0.682688577219183, 'micro': 0.9478469632732288, 'binary': 0.39262343842950626, 'accuracy_majority': 0.9562591665947718, 'macro_majority': 0.7034768615166543, 'binary_majority': 0.4296962879640045, 'run_time_millis': 14991.244352015201, 'loss_mean': 0.03956260904669762}
Device cuda
DATASET: GE'sadness, MODEL: sbertbase, 
Split type sit
DATASET: GE'sadness, MODEL: sbertbase, PERCENTAGE: 0.7, NUM_COMMENTS_PER_ANNO: 665
Training Size: 33250, NTA labels 32197, YTA labels 1053
Validation Size: 39154, NTA labels 37966, YTA labels 1188
Test Size: 39360, NTA labels 38186, YTA labels 1174
Training with SBERT, model name is sbert
Tokenizing the dataset
Number of training steps 10400
Epoch 0 **** Loss 0.004408924840390682 **** Metrics validation: {'accuracy': 0.932012054962456, 'f1_weighted': 0.9456368520219817, 'macro': 0.6596249877210473, 'micro': 0.932012054962456, 'binary': 0.35513565891472865, 'accuracy_majority': 0.9391769476317833, 'macro_majority': 0.6667470879206991, 'binary_majority': 0.3654365436543654, 'run_time_millis': 15006.570213008672, 'loss_mean': 0.04062667116522789}
Epoch 1 **** Loss 0.051242195069789886 **** Metrics validation: {'accuracy': 0.8739592378811871, 'f1_weighted': 0.9109794746950977, 'macro': 0.6007652414888998, 'micro': 0.8739592378811872, 'binary': 0.270509977827051, 'accuracy_majority': 0.8786989905961522, 'macro_majority': 0.5890723700998414, 'binary_majority': 0.2440860215053763, 'run_time_millis': 14494.07618798432, 'loss_mean': 0.041780516505241394}
Epoch 2 **** Loss 0.005196658428758383 **** Metrics validation: {'accuracy': 0.9087194156408029, 'f1_weighted': 0.9317426217584175, 'macro': 0.6319028644660587, 'micro': 0.9087194156408029, 'binary': 0.3126923076923077, 'accuracy_majority': 0.9143300836856182, 'macro_majority': 0.6258122952651168, 'binary_majority': 0.2972399150743099, 'run_time_millis': 14987.007236981299, 'loss_mean': 0.046042896807193756}
Epoch 3 **** Loss 0.0006205313839018345 **** Metrics validation: {'accuracy': 0.9198549318077336, 'f1_weighted': 0.938464066512504, 'macro': 0.6459825467808622, 'micro': 0.9198549318077336, 'binary': 0.3346055979643766, 'accuracy_majority': 0.9259770511603831, 'macro_majority': 0.6436834182276161, 'binary_majority': 0.326530612244898, 'run_time_millis': 12984.10823699669, 'loss_mean': 0.054548345506191254}
Epoch 4 **** Loss 0.00020080016111023724 **** Metrics validation: {'accuracy': 0.9203146549522399, 'f1_weighted': 0.9386070782176253, 'macro': 0.6440542135703622, 'micro': 0.9203146549522399, 'binary': 0.33047210300429186, 'accuracy_majority': 0.9263221464929687, 'macro_majority': 0.6410959641182765, 'binary_majority': 0.32114467408585057, 'run_time_millis': 14988.100785994902, 'loss_mean': 0.06610477715730667}
Epoch 5 **** Loss 0.11205727607011795 **** Metrics validation: {'accuracy': 0.9245032436021863, 'f1_weighted': 0.9410204922266514, 'macro': 0.6475560623181578, 'micro': 0.9245032436021863, 'binary': 0.3351327035537562, 'accuracy_majority': 0.9317573979811923, 'macro_majority': 0.6504965505689674, 'binary_majority': 0.3369656328583403, 'run_time_millis': 14991.158641991206, 'loss_mean': 0.0818818062543869}
Epoch 6 **** Loss 1.3291530194692314e-05 **** Metrics validation: {'accuracy': 0.9255503907646728, 'f1_weighted': 0.9416178405805455, 'macro': 0.6483529922787241, 'micro': 0.9255503907646728, 'binary': 0.33614210885902984, 'accuracy_majority': 0.9327064101458028, 'macro_majority': 0.6517658641202109, 'binary_majority': 0.3389830508474576, 'run_time_millis': 14997.88834998617, 'loss_mean': 0.08148255944252014}
Epoch 7 **** Loss 8.447706932201982e-05 **** Metrics validation: {'accuracy': 0.9131634060376973, 'f1_weighted': 0.934181388391802, 'macro': 0.6326995806619793, 'micro': 0.9131634060376973, 'binary': 0.3117408906882591, 'accuracy_majority': 0.9197653351738417, 'macro_majority': 0.630660746619916, 'binary_majority': 0.3038922155688623, 'run_time_millis': 13987.852726015262, 'loss_mean': 0.08053070306777954}
Epoch 8 **** Loss 4.545797128230333e-05 **** Metrics validation: {'accuracy': 0.9329059610767738, 'f1_weighted': 0.9460902221810702, 'macro': 0.6593422890682309, 'micro': 0.9329059610767738, 'binary': 0.354069338578805, 'accuracy_majority': 0.9405573289621257, 'macro_majority': 0.6668981276312297, 'binary_majority': 0.36497695852534556, 'run_time_millis': 15024.40839499468, 'loss_mean': 0.09605276584625244}
Epoch 9 **** Loss 3.3828227969934233e-06 **** Metrics validation: {'accuracy': 0.9329315012514685, 'f1_weighted': 0.9460801992619318, 'macro': 0.6589170072020649, 'micro': 0.9329315012514685, 'binary': 0.3532019704433497, 'accuracy_majority': 0.9406436027952721, 'macro_majority': 0.6665046294360202, 'binary_majority': 0.36414048059149723, 'run_time_millis': 14975.285635999171, 'loss_mean': 0.09676959365606308}
Evaluating
{'accuracy': 0.9329059610767738, 'f1_weighted': 0.9460902221810702, 'macro': 0.6593422890682309, 'micro': 0.9329059610767738, 'binary': 0.354069338578805, 'accuracy_majority': 0.9405573289621257, 'macro_majority': 0.6668981276312297, 'binary_majority': 0.36497695852534556, 'run_time_millis': 14999.489223002456, 'loss_mean': 0.09605276584625244}
Device cuda
DATASET: GE'sadness, MODEL: sbertbase, 
Split type sit
DATASET: GE'sadness, MODEL: sbertbase, PERCENTAGE: 0.8, NUM_COMMENTS_PER_ANNO: 760
Training Size: 38000, NTA labels 36800, YTA labels 1200
Validation Size: 39154, NTA labels 37966, YTA labels 1188
Test Size: 39360, NTA labels 38186, YTA labels 1174
Training with SBERT, model name is sbert
Tokenizing the dataset
Number of training steps 11880
Epoch 0 **** Loss 0.02621440216898918 **** Metrics validation: {'accuracy': 0.9225111099759923, 'f1_weighted': 0.9401950850285349, 'macro': 0.6519055307366868, 'micro': 0.9225111099759923, 'binary': 0.34499136442141626, 'accuracy_majority': 0.9294280044862393, 'macro_majority': 0.6551917483170964, 'binary_majority': 0.3476874003189793, 'run_time_millis': 14976.527286984492, 'loss_mean': 0.041349153965711594}
Epoch 1 **** Loss 0.009428126737475395 **** Metrics validation: {'accuracy': 0.9302497829085151, 'f1_weighted': 0.9447492610943615, 'macro': 0.6603429631108658, 'micro': 0.9302497829085151, 'binary': 0.3575629263702658, 'accuracy_majority': 0.9377102924682944, 'macro_majority': 0.6664004631733497, 'binary_majority': 0.36555360281195076, 'run_time_millis': 15006.22724997811, 'loss_mean': 0.041923362761735916}
Epoch 2 **** Loss 0.021912656724452972 **** Metrics validation: {'accuracy': 0.9272105021198345, 'f1_weighted': 0.9428195472637338, 'macro': 0.6543424305288965, 'micro': 0.9272105021198345, 'binary': 0.3472285845167201, 'accuracy_majority': 0.9339142438098524, 'macro_majority': 0.655807009845044, 'binary_majority': 0.3464163822525597, 'run_time_millis': 14984.767314017517, 'loss_mean': 0.047542937099933624}
Epoch 3 **** Loss 0.023946207016706467 **** Metrics validation: {'accuracy': 0.9144914951218266, 'f1_weighted': 0.935109301870558, 'macro': 0.6368080836939876, 'micro': 0.9144914951218266, 'binary': 0.3192354615697438, 'accuracy_majority': 0.9210594426710379, 'macro_majority': 0.6348208669894542, 'binary_majority': 0.3115124153498871, 'run_time_millis': 14975.056355993729, 'loss_mean': 0.05745506286621094}
Epoch 4 **** Loss 0.018708761781454086 **** Metrics validation: {'accuracy': 0.8903049496858558, 'f1_weighted': 0.9207149384256987, 'macro': 0.6130344526281905, 'micro': 0.8903049496858558, 'binary': 0.2854766261853269, 'accuracy_majority': 0.8958674833922872, 'macro_majority': 0.605109154769067, 'binary_majority': 0.26626139817629174, 'run_time_millis': 13980.062362999888, 'loss_mean': 0.05758565291762352}
Epoch 5 **** Loss 0.026088735088706017 **** Metrics validation: {'accuracy': 0.9177606374827604, 'f1_weighted': 0.9369772208369779, 'macro': 0.6390229617301444, 'micro': 0.9177606374827604, 'binary': 0.3218197135636057, 'accuracy_majority': 0.9248554913294798, 'macro_majority': 0.6412009249530299, 'binary_majority': 0.3221789883268482, 'run_time_millis': 14158.052079001209, 'loss_mean': 0.07686620205640793}
Epoch 6 **** Loss 0.008685603737831116 **** Metrics validation: {'accuracy': 0.9325228584563519, 'f1_weighted': 0.9457692450573784, 'macro': 0.6571581038177161, 'micro': 0.9325228584563519, 'binary': 0.3499015748031496, 'accuracy_majority': 0.9402122336295402, 'macro_majority': 0.6655504696309092, 'binary_majority': 0.36246550137994477, 'run_time_millis': 14962.382087978767, 'loss_mean': 0.09350138902664185}
Epoch 7 **** Loss 0.02653137594461441 **** Metrics validation: {'accuracy': 0.9239668999335956, 'f1_weighted': 0.9405812619080804, 'macro': 0.6446766591489508, 'micro': 0.9239668999335955, 'binary': 0.32965548299932446, 'accuracy_majority': 0.9310672073160211, 'macro_majority': 0.6475205489436227, 'binary_majority': 0.3313807531380753, 'run_time_millis': 14980.346060998272, 'loss_mean': 0.09154282510280609}
Epoch 8 **** Loss 0.02663552388548851 **** Metrics validation: {'accuracy': 0.9334423047453645, 'f1_weighted': 0.9461631842625864, 'macro': 0.6555740495517849, 'micro': 0.9334423047453645, 'binary': 0.34621174109382835, 'accuracy_majority': 0.9411612457941506, 'macro_majority': 0.6646938689638159, 'binary_majority': 0.3602251407129456, 'run_time_millis': 15003.84701101575, 'loss_mean': 0.10199808329343796}
Epoch 9 **** Loss 0.011171689257025719 **** Metrics validation: {'accuracy': 0.9320375951371508, 'f1_weighted': 0.9453215729228259, 'macro': 0.6536450744144309, 'micro': 0.9320375951371508, 'binary': 0.3431251542828931, 'accuracy_majority': 0.9397808644638082, 'macro_majority': 0.6622509959826722, 'binary_majority': 0.3560885608856088, 'run_time_millis': 15012.085452006431, 'loss_mean': 0.10185860097408295}
Evaluating
{'accuracy': 0.9334423047453645, 'f1_weighted': 0.9461631842625864, 'macro': 0.6555740495517849, 'micro': 0.9334423047453645, 'binary': 0.34621174109382835, 'accuracy_majority': 0.9411612457941506, 'macro_majority': 0.6646938689638159, 'binary_majority': 0.3602251407129456, 'run_time_millis': 13983.027448004577, 'loss_mean': 0.10199808329343796}
Device cuda
DATASET: GE'sadness, MODEL: sbertbase, 
Split type sit
DATASET: GE'sadness, MODEL: sbertbase, PERCENTAGE: 0.9, NUM_COMMENTS_PER_ANNO: 855
Training Size: 42750, NTA labels 41375, YTA labels 1375
Validation Size: 39154, NTA labels 37966, YTA labels 1188
Test Size: 39360, NTA labels 38186, YTA labels 1174
Training with SBERT, model name is sbert
Tokenizing the dataset
Number of training steps 13360
Epoch 0 **** Loss 0.026336073875427246 **** Metrics validation: {'accuracy': 0.9346682331307146, 'f1_weighted': 0.9472955065421755, 'macro': 0.6644661146257912, 'micro': 0.9346682331307146, 'binary': 0.3633648581383773, 'accuracy_majority': 0.9421965317919075, 'macro_majority': 0.673507453274305, 'binary_majority': 0.3773234200743495, 'run_time_millis': 13977.349549997598, 'loss_mean': 0.04312046617269516}
Epoch 1 **** Loss 0.059054598212242126 **** Metrics validation: {'accuracy': 0.9185779230729938, 'f1_weighted': 0.9376775611649056, 'macro': 0.6440126407032287, 'micro': 0.9185779230729939, 'binary': 0.3313758389261745, 'accuracy_majority': 0.925545681994651, 'macro_majority': 0.6450164689032011, 'binary_majority': 0.32944832944832947, 'run_time_millis': 14021.357535006246, 'loss_mean': 0.04348088428378105}
Epoch 2 **** Loss 0.025752587243914604 **** Metrics validation: {'accuracy': 0.9220003064820963, 'f1_weighted': 0.9396175454534913, 'macro': 0.6461724300141948, 'micro': 0.9220003064820963, 'binary': 0.33376963350785344, 'accuracy_majority': 0.9290829091536537, 'macro_majority': 0.6492834308155228, 'binary_majority': 0.33602584814216474, 'run_time_millis': 15113.758586987387, 'loss_mean': 0.05262567475438118}
Epoch 3 **** Loss 0.02918711118400097 **** Metrics validation: {'accuracy': 0.9208765387955253, 'f1_weighted': 0.9389182182241721, 'macro': 0.6442748407700096, 'micro': 0.9208765387955253, 'binary': 0.33059636992221264, 'accuracy_majority': 0.927875075489604, 'macro_majority': 0.6465410906438082, 'binary_majority': 0.3312, 'run_time_millis': 15004.261094989488, 'loss_mean': 0.060845863074064255}
Epoch 4 **** Loss 0.022182464599609375 **** Metrics validation: {'accuracy': 0.9297645195893139, 'f1_weighted': 0.94410874947811, 'macro': 0.6532862098694329, 'micro': 0.929764519589314, 'binary': 0.3436754176610979, 'accuracy_majority': 0.9367612803036839, 'macro_majority': 0.6570274965256496, 'binary_majority': 0.3472840605520926, 'run_time_millis': 15039.162101020338, 'loss_mean': 0.06658481806516647}
Epoch 5 **** Loss 0.04201044142246246 **** Metrics validation: {'accuracy': 0.932497318281657, 'f1_weighted': 0.9456914382694585, 'macro': 0.6559879487701394, 'micro': 0.932497318281657, 'binary': 0.3475685016045421, 'accuracy_majority': 0.9394357691312225, 'macro_majority': 0.6609103520149143, 'binary_majority': 0.35359116022099446, 'run_time_millis': 15033.760507008992, 'loss_mean': 0.085467129945755}
Epoch 6 **** Loss 0.014800544828176498 **** Metrics validation: {'accuracy': 0.9201358737293763, 'f1_weighted': 0.938319293079834, 'macro': 0.6404351964779925, 'micro': 0.9201358737293763, 'binary': 0.3233066435836399, 'accuracy_majority': 0.9265809679924079, 'macro_majority': 0.6399274710882552, 'binary_majority': 0.3186549239391513, 'run_time_millis': 15034.578225022415, 'loss_mean': 0.08680592477321625}
Epoch 7 **** Loss 0.007737860083580017 **** Metrics validation: {'accuracy': 0.92154058333759, 'f1_weighted': 0.9391756519927755, 'macro': 0.6424773194216773, 'micro': 0.92154058333759, 'binary': 0.32661113546690046, 'accuracy_majority': 0.9283064446553361, 'macro_majority': 0.64354101434326, 'binary_majority': 0.3249390739236393, 'run_time_millis': 15004.975082003511, 'loss_mean': 0.09037551283836365}
Epoch 8 **** Loss 0.022540707141160965 **** Metrics validation: {'accuracy': 0.9346426929560199, 'f1_weighted': 0.946922821066458, 'macro': 0.6579666139994761, 'micro': 0.9346426929560199, 'binary': 0.3503427265803503, 'accuracy_majority': 0.9420239841256147, 'macro_majority': 0.66603003947363, 'binary_majority': 0.36242884250474383, 'run_time_millis': 15005.13891299488, 'loss_mean': 0.10828736424446106}
Epoch 9 **** Loss 0.05914459750056267 **** Metrics validation: {'accuracy': 0.9352811973233897, 'f1_weighted': 0.947263481156984, 'macro': 0.6581004661754044, 'micro': 0.9352811973233897, 'binary': 0.35025641025641024, 'accuracy_majority': 0.9429729962902251, 'macro_majority': 0.668197192349202, 'binary_majority': 0.3662511984659636, 'run_time_millis': 13026.168100012, 'loss_mean': 0.1087665930390358}
Evaluating
{'accuracy': 0.9346682331307146, 'f1_weighted': 0.9472955065421755, 'macro': 0.6644661146257912, 'micro': 0.9346682331307146, 'binary': 0.3633648581383773, 'accuracy_majority': 0.9421965317919075, 'macro_majority': 0.673507453274305, 'binary_majority': 0.3773234200743495, 'run_time_millis': 14977.85474100965, 'loss_mean': 0.04312046617269516}
Device cuda
DATASET: GE'sadness, MODEL: sbertbase, 
Split type sit
DATASET: GE'sadness, MODEL: sbertbase, PERCENTAGE: 1.0, NUM_COMMENTS_PER_ANNO: 951
Training Size: 47550, NTA labels 46036, YTA labels 1514
Validation Size: 39154, NTA labels 37966, YTA labels 1188
Test Size: 39360, NTA labels 38186, YTA labels 1174
Training with SBERT, model name is sbert
Tokenizing the dataset
Number of training steps 14860
Epoch 0 **** Loss 0.0675802156329155 **** Metrics validation: {'accuracy': 0.9209276191449149, 'f1_weighted': 0.9390793314621051, 'macro': 0.6467922580813594, 'micro': 0.9209276191449149, 'binary': 0.33562231759656647, 'accuracy_majority': 0.9277888016564576, 'macro_majority': 0.6490292569225495, 'binary_majority': 0.3362410785091198, 'run_time_millis': 15013.829586998327, 'loss_mean': 0.044565599411726}
Epoch 1 **** Loss 0.021965650841593742 **** Metrics validation: {'accuracy': 0.9231496143433621, 'f1_weighted': 0.9405717286340766, 'macro': 0.6525939671132233, 'micro': 0.9231496143433621, 'binary': 0.3460117365790046, 'accuracy_majority': 0.9297730998188249, 'macro_majority': 0.6537521449950605, 'binary_majority': 0.3446054750402576, 'run_time_millis': 12981.63345301873, 'loss_mean': 0.044604577124118805}
Epoch 2 **** Loss 0.03982676565647125 **** Metrics validation: {'accuracy': 0.9280022475353732, 'f1_weighted': 0.9433169066922887, 'macro': 0.6558015751593395, 'micro': 0.9280022475353732, 'binary': 0.3497116493656286, 'accuracy_majority': 0.9352083513070486, 'macro_majority': 0.660074663103627, 'binary_majority': 0.354256233877902, 'run_time_millis': 14962.785963987699, 'loss_mean': 0.05391645058989525}
Epoch 3 **** Loss 0.042927082628011703 **** Metrics validation: {'accuracy': 0.9218470654339276, 'f1_weighted': 0.9395759803223139, 'macro': 0.6469215675013672, 'micro': 0.9218470654339276, 'binary': 0.3353605560382276, 'accuracy_majority': 0.9286515399879217, 'macro_majority': 0.6484893735746563, 'binary_majority': 0.33467417538214, 'run_time_millis': 14989.971675007837, 'loss_mean': 0.06112441048026085}
Epoch 4 **** Loss 0.014255237765610218 **** Metrics validation: {'accuracy': 0.9264953772283803, 'f1_weighted': 0.9421677070949757, 'macro': 0.6492830791307264, 'micro': 0.9264953772283802, 'binary': 0.3374769797421731, 'accuracy_majority': 0.9337416961435596, 'macro_majority': 0.6526628166457997, 'binary_majority': 0.3402061855670103, 'run_time_millis': 14983.56982000405, 'loss_mean': 0.07850342988967896}
Epoch 5 **** Loss 0.015174319967627525 **** Metrics validation: {'accuracy': 0.9285385912039639, 'f1_weighted': 0.9433558677655681, 'macro': 0.6513141757062553, 'micro': 0.9285385912039639, 'binary': 0.3404054691183404, 'accuracy_majority': 0.9362436373048054, 'macro_majority': 0.6576896893680682, 'binary_majority': 0.3488986784140969, 'run_time_millis': 14985.031313000945, 'loss_mean': 0.0913216695189476}
Epoch 6 **** Loss 0.03129400312900543 **** Metrics validation: {'accuracy': 0.9276702252643408, 'f1_weighted': 0.942920011755266, 'macro': 0.651717183321598, 'micro': 0.9276702252643408, 'binary': 0.3417015341701534, 'accuracy_majority': 0.9345181606418773, 'macro_majority': 0.6541997159330433, 'binary_majority': 0.34285714285714286, 'run_time_millis': 12961.045144998934, 'loss_mean': 0.09500249475240707}
Epoch 7 **** Loss 0.009254485368728638 **** Metrics validation: {'accuracy': 0.9349491750523573, 'f1_weighted': 0.9470896878090717, 'macro': 0.6580904786398566, 'micro': 0.9349491750523573, 'binary': 0.35042081101759753, 'accuracy_majority': 0.942714174790786, 'macro_majority': 0.6676021894203813, 'binary_majority': 0.36520076481835567, 'run_time_millis': 15005.83426997764, 'loss_mean': 0.10956741869449615}
Epoch 8 **** Loss 0.06458769738674164 **** Metrics validation: {'accuracy': 0.9327016396792154, 'f1_weighted': 0.9458293282123258, 'macro': 0.656548244407213, 'micro': 0.9327016396792154, 'binary': 0.34857849196538937, 'accuracy_majority': 0.939953412130101, 'macro_majority': 0.6632187581718336, 'binary_majority': 0.35793357933579334, 'run_time_millis': 13012.630562996492, 'loss_mean': 0.10981795191764832}
Epoch 9 **** Loss 0.011485552415251732 **** Metrics validation: {'accuracy': 0.9319865147877612, 'f1_weighted': 0.9453602791145986, 'macro': 0.6548344052738266, 'micro': 0.9319865147877612, 'binary': 0.34553944458097813, 'accuracy_majority': 0.9393494952980761, 'macro_majority': 0.6619070579692424, 'binary_majority': 0.3556370302474794, 'run_time_millis': 15031.388998002512, 'loss_mean': 0.11049766838550568}
Evaluating
{'accuracy': 0.9349491750523573, 'f1_weighted': 0.9470896878090717, 'macro': 0.6580904786398566, 'micro': 0.9349491750523573, 'binary': 0.35042081101759753, 'accuracy_majority': 0.942714174790786, 'macro_majority': 0.6676021894203813, 'binary_majority': 0.36520076481835567, 'run_time_millis': 14989.246279990766, 'loss_mean': 0.10956741869449615}
