Device cuda
Split type sit
Training Size: 8478, NTA labels 7415, YTA labels 1063
Validation Size: 2936, NTA labels 2620, YTA labels 316
Test Size: 2888, NTA labels 2523, YTA labels 365
Training with SBERT, model name is sbert
Tokenizing the dataset
Number of training steps 2650
Epoch 0 **** Loss 0.09240499883890152 **** Metrics validation: {'accuracy': 0.8470708446866485, 'f1_weighted': 0.8659342510676596, 'macro': 0.7067353928191256, 'micro': 0.8470708446866485, 'binary': 0.5038674033149171, 'accuracy_majority': 0.8622881355932204, 'macro_majority': 0.6961864868344176, 'binary_majority': 0.4715447154471545, 'run_time_millis': 4061.7720350128366, 'loss_mean': 0.10281021893024445}
Epoch 1 **** Loss 0.07347486168146133 **** Metrics validation: {'accuracy': 0.8532016348773842, 'f1_weighted': 0.8721040487001528, 'macro': 0.7234652724282804, 'micro': 0.8532016348773842, 'binary': 0.534054054054054, 'accuracy_majority': 0.8760593220338984, 'macro_majority': 0.7156736301502105, 'binary_majority': 0.5021276595744681, 'run_time_millis': 3935.457965999376, 'loss_mean': 0.09899909794330597}
Epoch 2 **** Loss 0.056725502014160156 **** Metrics validation: {'accuracy': 0.8712534059945504, 'f1_weighted': 0.8822306070423388, 'macro': 0.7241589119541876, 'micro': 0.8712534059945504, 'binary': 0.5227272727272727, 'accuracy_majority': 0.8972457627118644, 'macro_majority': 0.7345970465052245, 'binary_majority': 0.526829268292683, 'run_time_millis': 3934.8359759896994, 'loss_mean': 0.1043185368180275}
Epoch 3 **** Loss 0.08766164630651474 **** Metrics validation: {'accuracy': 0.8542234332425068, 'f1_weighted': 0.8719160233640948, 'macro': 0.7186689269725961, 'micro': 0.8542234332425067, 'binary': 0.5233853006681515, 'accuracy_majority': 0.875, 'macro_majority': 0.7163432645785588, 'binary_majority': 0.504201680672269, 'run_time_millis': 3955.4965830029687, 'loss_mean': 0.10358681529760361}
Epoch 4 **** Loss 0.07570293545722961 **** Metrics validation: {'accuracy': 0.8937329700272479, 'f1_weighted': 0.8958348821021972, 'macro': 0.7344080347461018, 'micro': 0.8937329700272479, 'binary': 0.5287009063444108, 'accuracy_majority': 0.9152542372881356, 'macro_majority': 0.7299114487218001, 'binary_majority': 0.5061728395061729, 'run_time_millis': 3946.6624920023605, 'loss_mean': 0.14152689278125763}
Epoch 5 **** Loss 0.016140470281243324 **** Metrics validation: {'accuracy': 0.8596730245231607, 'f1_weighted': 0.8759606849780556, 'macro': 0.7246430652680653, 'micro': 0.8596730245231607, 'binary': 0.5318181818181819, 'accuracy_majority': 0.8728813559322034, 'macro_majority': 0.7094430992736077, 'binary_majority': 0.4915254237288135, 'run_time_millis': 3946.5500509977574, 'loss_mean': 0.12037024646997452}
Epoch 6 **** Loss 0.0727359801530838 **** Metrics validation: {'accuracy': 0.8719346049046321, 'f1_weighted': 0.8837543441710982, 'macro': 0.730761764002907, 'micro': 0.871934604904632, 'binary': 0.5358024691358023, 'accuracy_majority': 0.8792372881355932, 'macro_majority': 0.7112809065934067, 'binary_majority': 0.4910714285714286, 'run_time_millis': 2215.979961998528, 'loss_mean': 0.13442613184452057}
Epoch 7 **** Loss 0.06073214113712311 **** Metrics validation: {'accuracy': 0.8784059945504087, 'f1_weighted': 0.8864014147905506, 'macro': 0.7262149084141443, 'micro': 0.8784059945504087, 'binary': 0.5220883534136546, 'accuracy_majority': 0.8813559322033898, 'macro_majority': 0.6999602701628924, 'binary_majority': 0.46666666666666673, 'run_time_millis': 3938.1883759924676, 'loss_mean': 0.15579721331596375}
Epoch 8 **** Loss 0.04424186795949936 **** Metrics validation: {'accuracy': 0.8784059945504087, 'f1_weighted': 0.8871774285266535, 'macro': 0.7305155379741872, 'micro': 0.8784059945504087, 'binary': 0.5308804204993429, 'accuracy_majority': 0.885593220338983, 'macro_majority': 0.7106759747999318, 'binary_majority': 0.48571428571428565, 'run_time_millis': 3954.047642997466, 'loss_mean': 0.15739983320236206}
Epoch 9 **** Loss 0.023659447208046913 **** Metrics validation: {'accuracy': 0.885558583106267, 'f1_weighted': 0.8914575282935641, 'macro': 0.7334206711827251, 'micro': 0.885558583106267, 'binary': 0.5320334261838439, 'accuracy_majority': 0.8951271186440678, 'macro_majority': 0.7143197762391673, 'binary_majority': 0.48704663212435234, 'run_time_millis': 2973.103827011073, 'loss_mean': 0.1686825156211853}
Evaluating
{'accuracy': 0.8937329700272479, 'f1_weighted': 0.8958348821021972, 'macro': 0.7344080347461018, 'micro': 0.8937329700272479, 'binary': 0.5287009063444108, 'accuracy_majority': 0.9152542372881356, 'macro_majority': 0.7299114487218001, 'binary_majority': 0.5061728395061729, 'run_time_millis': 3943.6967680085218, 'loss_mean': 0.14152689278125763}
