______________________________	 Running Epoch 1 of 10 	______________________________
[Training] Itteration/Batch:   0/81: Loss: 1.92 | Accuracy: 0.53
[Training] Itteration/Batch:  25/81: Loss: 2.73 | Accuracy: 0.75
[Training] Itteration/Batch:  50/81: Loss: 1.47 | Accuracy: 0.87
[Training] Itteration/Batch:  75/81: Loss: 0.75 | Accuracy: 0.94

Epoch 1: Val Bin. F1 Majority 0.6834532618522644 | Val Macro F1 Majority 0.8089397334591344 |             Val Bin F1 Individual 0.6762028336524963 | Val Macro F1 Individual 0.8046786116371825 |             Val Accuracy Majority 0.8913580179214478 | Val Accuracy Individual 0.8891856074333191 | Training Loss:1.6372654438018799 |             Val Loss 1.0328880548477173 | Train Runtime Millis 6216.781353003171 | Val Runtime Millis 1959.4348669997999

______________________________	 Running Epoch 2 of 10 	______________________________
[Training] Itteration/Batch:   0/81: Loss: 0.70 | Accuracy: 0.95
[Training] Itteration/Batch:  25/81: Loss: 0.63 | Accuracy: 0.90
[Training] Itteration/Batch:  50/81: Loss: 1.05 | Accuracy: 0.87
[Training] Itteration/Batch:  75/81: Loss: 1.08 | Accuracy: 0.87

Epoch 2: Val Bin. F1 Majority 0.5957446694374084 | Val Macro F1 Majority 0.7635763115446654 |             Val Bin F1 Individual 0.6012461185455322 | Val Macro F1 Individual 0.7673935617860852 |             Val Accuracy Majority 0.8827160596847534 | Val Accuracy Individual 0.8860703110694885 | Training Loss:1.0902832746505737 |             Val Loss 1.1515802145004272 | Train Runtime Millis 6249.515920000704 | Val Runtime Millis 1937.848720997863

______________________________	 Running Epoch 3 of 10 	______________________________
[Training] Itteration/Batch:   0/81: Loss: 0.93 | Accuracy: 0.87
[Training] Itteration/Batch:  25/81: Loss: 1.33 | Accuracy: 0.89
[Training] Itteration/Batch:  50/81: Loss: 0.99 | Accuracy: 0.92
[Training] Itteration/Batch:  75/81: Loss: 0.62 | Accuracy: 0.91

Epoch 3: Val Bin. F1 Majority 0.6965517401695251 | Val Macro F1 Majority 0.8151931553020482 |             Val Bin F1 Individual 0.688691258430481 | Val Macro F1 Individual 0.8113000268388834 |             Val Accuracy Majority 0.8913580179214478 | Val Accuracy Individual 0.8909657597541809 | Training Loss:0.8173671960830688 |             Val Loss 0.9056438207626343 | Train Runtime Millis 6207.546841000294 | Val Runtime Millis 1942.8262360015651

______________________________	 Running Epoch 4 of 10 	______________________________
[Training] Itteration/Batch:   0/81: Loss: 1.31 | Accuracy: 0.85
[Training] Itteration/Batch:  25/81: Loss: 0.60 | Accuracy: 0.93
[Training] Itteration/Batch:  50/81: Loss: 0.72 | Accuracy: 0.91
[Training] Itteration/Batch:  75/81: Loss: 0.69 | Accuracy: 0.90

Epoch 4: Val Bin. F1 Majority 0.730038046836853 | Val Macro F1 Majority 0.8388583629175295 |             Val Bin F1 Individual 0.7071823477745056 | Val Macro F1 Individual 0.8254744493456629 |             Val Accuracy Majority 0.9123457074165344 | Val Accuracy Individual 0.9056519865989685 | Training Loss:0.6919877529144287 |             Val Loss 0.8402060866355896 | Train Runtime Millis 6201.7014940029185 | Val Runtime Millis 1949.9494359988603

______________________________	 Running Epoch 5 of 10 	______________________________
[Training] Itteration/Batch:   0/81: Loss: 0.40 | Accuracy: 0.98
[Training] Itteration/Batch:  25/81: Loss: 0.62 | Accuracy: 0.93
[Training] Itteration/Batch:  50/81: Loss: 0.46 | Accuracy: 0.91
[Training] Itteration/Batch:  75/81: Loss: 0.22 | Accuracy: 0.98

Epoch 5: Val Bin. F1 Majority 0.7112675905227661 | Val Macro F1 Majority 0.8249451800624104 |             Val Bin F1 Individual 0.7119078040122986 | Val Macro F1 Individual 0.8256549556132673 |             Val Accuracy Majority 0.8987654447555542 | Val Accuracy Individual 0.8998664617538452 | Training Loss:0.5365774035453796 |             Val Loss 0.8321720361709595 | Train Runtime Millis 6206.26898699993 | Val Runtime Millis 1936.2175979986205

______________________________	 Running Epoch 6 of 10 	______________________________
[Training] Itteration/Batch:   0/81: Loss: 0.43 | Accuracy: 0.98
[Training] Itteration/Batch:  25/81: Loss: 0.48 | Accuracy: 0.96
[Training] Itteration/Batch:  50/81: Loss: 0.80 | Accuracy: 0.91
[Training] Itteration/Batch:  75/81: Loss: 0.44 | Accuracy: 0.94

Epoch 6: Val Bin. F1 Majority 0.7320754528045654 | Val Macro F1 Majority 0.8398384738564367 |             Val Bin F1 Individual 0.7156462669372559 | Val Macro F1 Individual 0.8300231824573405 |             Val Accuracy Majority 0.9123457074165344 | Val Accuracy Individual 0.9069870710372925 | Training Loss:0.44763636589050293 |             Val Loss 0.8707067370414734 | Train Runtime Millis 6199.809786001424 | Val Runtime Millis 1944.5493959974556

______________________________	 Running Epoch 1 of 10 	______________________________
[Training] Itteration/Batch:   0/95: Loss: 1.93 | Accuracy: 0.43
[Training] Itteration/Batch:  25/95: Loss: 1.46 | Accuracy: 0.81
[Training] Itteration/Batch:  50/95: Loss: 1.68 | Accuracy: 0.81
[Training] Itteration/Batch:  75/95: Loss: 1.57 | Accuracy: 0.78

Epoch 1: Val Bin. F1 Majority 0.605042040348053 | Val Macro F1 Majority 0.768512325335344 |             Val Bin F1 Individual 0.6099071502685547 | Val Macro F1 Individual 0.7722092776272342 |             Val Accuracy Majority 0.8839505910873413 | Val Accuracy Individual 0.8878504633903503 | Training Loss:1.688887119293213 |             Val Loss 1.2207605838775635 | Train Runtime Millis 7299.685662997945 | Val Runtime Millis 1937.7739990013652

______________________________	 Running Epoch 2 of 10 	______________________________
[Training] Itteration/Batch:   0/95: Loss: 0.96 | Accuracy: 0.81
[Training] Itteration/Batch:  25/95: Loss: 0.72 | Accuracy: 0.88
[Training] Itteration/Batch:  50/95: Loss: 1.20 | Accuracy: 0.91
[Training] Itteration/Batch:  75/95: Loss: 0.46 | Accuracy: 0.94

Epoch 2: Val Bin. F1 Majority 0.7404580116271973 | Val Macro F1 Majority 0.8451921887823359 |             Val Bin F1 Individual 0.7282913327217102 | Val Macro F1 Individual 0.8384842826019296 |             Val Accuracy Majority 0.9160493612289429 | Val Accuracy Individual 0.9136626720428467 | Training Loss:1.0557528734207153 |             Val Loss 0.8994830250740051 | Train Runtime Millis 7290.992165002535 | Val Runtime Millis 1935.7181870000204

______________________________	 Running Epoch 3 of 10 	______________________________
[Training] Itteration/Batch:   0/95: Loss: 0.73 | Accuracy: 0.98
[Training] Itteration/Batch:  25/95: Loss: 0.71 | Accuracy: 0.91
[Training] Itteration/Batch:  50/95: Loss: 1.38 | Accuracy: 0.82
[Training] Itteration/Batch:  75/95: Loss: 0.37 | Accuracy: 1.00

Epoch 3: Val Bin. F1 Majority 0.7266436219215393 | Val Macro F1 Majority 0.8336448646723461 |             Val Bin F1 Individual 0.7137255072593689 | Val Macro F1 Individual 0.8274983042291735 |             Val Accuracy Majority 0.9024691581726074 | Val Accuracy Individual 0.9025366902351379 | Training Loss:0.8183337450027466 |             Val Loss 0.8276503086090088 | Train Runtime Millis 7301.123351997376 | Val Runtime Millis 1933.415570998477

______________________________	 Running Epoch 4 of 10 	______________________________
[Training] Itteration/Batch:   0/95: Loss: 0.52 | Accuracy: 0.95
[Training] Itteration/Batch:  25/95: Loss: 0.29 | Accuracy: 0.98
[Training] Itteration/Batch:  50/95: Loss: 1.25 | Accuracy: 0.88
[Training] Itteration/Batch:  75/95: Loss: 0.46 | Accuracy: 0.97

Epoch 4: Val Bin. F1 Majority 0.729411780834198 | Val Macro F1 Majority 0.8394311570782159 |             Val Bin F1 Individual 0.7446504831314087 | Val Macro F1 Individual 0.8487291515679645 |             Val Accuracy Majority 0.914814829826355 | Val Accuracy Individual 0.9203382134437561 | Training Loss:0.665308952331543 |             Val Loss 0.8507357835769653 | Train Runtime Millis 7395.082156999706 | Val Runtime Millis 1936.742719000904

______________________________	 Running Epoch 5 of 10 	______________________________
[Training] Itteration/Batch:   0/95: Loss: 0.85 | Accuracy: 0.89
[Training] Itteration/Batch:  25/95: Loss: 0.24 | Accuracy: 0.98
[Training] Itteration/Batch:  50/95: Loss: 0.22 | Accuracy: 1.00
[Training] Itteration/Batch:  75/95: Loss: 0.71 | Accuracy: 0.86

Epoch 5: Val Bin. F1 Majority 0.7279693484306335 | Val Macro F1 Majority 0.837862525690797 |             Val Bin F1 Individual 0.7138810157775879 | Val Macro F1 Individual 0.8302773631357111 |             Val Accuracy Majority 0.9123457074165344 | Val Accuracy Individual 0.910102367401123 | Training Loss:0.5487785339355469 |             Val Loss 1.041249394416809 | Train Runtime Millis 7284.254368998518 | Val Runtime Millis 1937.9345730012574

______________________________	 Running Epoch 1 of 10 	______________________________
[Training] Itteration/Batch:   0/107: Loss: 2.20 | Accuracy: 0.47
[Training] Itteration/Batch:  25/107: Loss: 2.34 | Accuracy: 0.78
[Training] Itteration/Batch:  50/107: Loss: 1.50 | Accuracy: 0.81
[Training] Itteration/Batch:  75/107: Loss: 1.13 | Accuracy: 0.76
[Training] Itteration/Batch: 100/107: Loss: 3.07 | Accuracy: 0.69

Epoch 1: Val Bin. F1 Majority 0.5446808338165283 | Val Macro F1 Majority 0.7337122666871495 |             Val Bin F1 Individual 0.5494505763053894 | Val Macro F1 Individual 0.7375201930555833 |             Val Accuracy Majority 0.8679012060165405 | Val Accuracy Individual 0.8722741603851318 | Training Loss:1.6581298112869263 |             Val Loss 1.3726446628570557 | Train Runtime Millis 8217.55604700229 | Val Runtime Millis 1930.4184300017369

______________________________	 Running Epoch 2 of 10 	______________________________
[Training] Itteration/Batch:   0/107: Loss: 1.51 | Accuracy: 0.78
[Training] Itteration/Batch:  25/107: Loss: 2.79 | Accuracy: 0.80
[Training] Itteration/Batch:  50/107: Loss: 1.08 | Accuracy: 0.84
[Training] Itteration/Batch:  75/107: Loss: 0.94 | Accuracy: 0.86
[Training] Itteration/Batch: 100/107: Loss: 2.88 | Accuracy: 0.68

Epoch 2: Val Bin. F1 Majority 0.624535322189331 | Val Macro F1 Majority 0.774887939265696 |             Val Bin F1 Individual 0.6184738874435425 | Val Macro F1 Individual 0.771206523451693 |             Val Accuracy Majority 0.875308632850647 | Val Accuracy Individual 0.8731642365455627 | Training Loss:1.201931118965149 |             Val Loss 1.0722672939300537 | Train Runtime Millis 8215.413683999941 | Val Runtime Millis 1931.5477829986776

______________________________	 Running Epoch 3 of 10 	______________________________
[Training] Itteration/Batch:   0/107: Loss: 1.57 | Accuracy: 0.78
[Training] Itteration/Batch:  25/107: Loss: 1.20 | Accuracy: 0.94
[Training] Itteration/Batch:  50/107: Loss: 0.87 | Accuracy: 0.88
[Training] Itteration/Batch:  75/107: Loss: 0.47 | Accuracy: 0.96
[Training] Itteration/Batch: 100/107: Loss: 1.78 | Accuracy: 0.85

Epoch 3: Val Bin. F1 Majority 0.6770427823066711 | Val Macro F1 Majority 0.8080738585918565 |             Val Bin F1 Individual 0.6733812689781189 | Val Macro F1 Individual 0.8068143642495849 |             Val Accuracy Majority 0.8975308537483215 | Val Accuracy Individual 0.8989763855934143 | Training Loss:1.0045782327651978 |             Val Loss 1.0040559768676758 | Train Runtime Millis 8222.6265399986 | Val Runtime Millis 1930.8038269991812

______________________________	 Running Epoch 4 of 10 	______________________________
[Training] Itteration/Batch:   0/107: Loss: 0.74 | Accuracy: 0.93
[Training] Itteration/Batch:  25/107: Loss: 0.62 | Accuracy: 0.95
[Training] Itteration/Batch:  50/107: Loss: 0.64 | Accuracy: 0.89
[Training] Itteration/Batch:  75/107: Loss: 1.09 | Accuracy: 0.87
[Training] Itteration/Batch: 100/107: Loss: 1.59 | Accuracy: 0.89

Epoch 4: Val Bin. F1 Majority 0.7471697926521301 | Val Macro F1 Majority 0.8488616584279051 |             Val Bin F1 Individual 0.7449392676353455 | Val Macro F1 Individual 0.8472897795124226 |             Val Accuracy Majority 0.9172839522361755 | Val Accuracy Individual 0.9158878326416016 | Training Loss:0.8047122359275818 |             Val Loss 0.77668297290802 | Train Runtime Millis 8227.352145997429 | Val Runtime Millis 1930.5841630011855

______________________________	 Running Epoch 5 of 10 	______________________________
[Training] Itteration/Batch:   0/107: Loss: 0.44 | Accuracy: 0.93
[Training] Itteration/Batch:  25/107: Loss: 0.61 | Accuracy: 0.96
[Training] Itteration/Batch:  50/107: Loss: 0.82 | Accuracy: 0.88
[Training] Itteration/Batch:  75/107: Loss: 0.50 | Accuracy: 0.93
[Training] Itteration/Batch: 100/107: Loss: 1.01 | Accuracy: 0.89

Epoch 5: Val Bin. F1 Majority 0.7222222089767456 | Val Macro F1 Majority 0.8355263157894737 |             Val Bin F1 Individual 0.7295774817466736 | Val Macro F1 Individual 0.8394187535360152 |             Val Accuracy Majority 0.9135802388191223 | Val Accuracy Individual 0.9145527482032776 | Training Loss:0.6221440434455872 |             Val Loss 0.8565083146095276 | Train Runtime Millis 8239.935491001233 | Val Runtime Millis 1929.8012869985541

______________________________	 Running Epoch 6 of 10 	______________________________
[Training] Itteration/Batch:   0/107: Loss: 0.57 | Accuracy: 0.89
[Training] Itteration/Batch:  25/107: Loss: 0.87 | Accuracy: 0.85
[Training] Itteration/Batch:  50/107: Loss: 0.28 | Accuracy: 0.98
[Training] Itteration/Batch:  75/107: Loss: 0.56 | Accuracy: 0.96
[Training] Itteration/Batch: 100/107: Loss: 0.22 | Accuracy: 0.98

Epoch 6: Val Bin. F1 Majority 0.7420494556427002 | Val Macro F1 Majority 0.8437248097766479 |             Val Bin F1 Individual 0.7365728616714478 | Val Macro F1 Individual 0.8405386001852015 |             Val Accuracy Majority 0.9098765254020691 | Val Accuracy Individual 0.9083222150802612 | Training Loss:0.5481351613998413 |             Val Loss 0.7878045439720154 | Train Runtime Millis 8218.693499999063 | Val Runtime Millis 1932.1320050003123

______________________________	 Running Epoch 1 of 10 	______________________________
[Training] Itteration/Batch:   0/121: Loss: 2.17 | Accuracy: 0.41
[Training] Itteration/Batch:  25/121: Loss: 1.70 | Accuracy: 0.89
[Training] Itteration/Batch:  50/121: Loss: 2.75 | Accuracy: 0.75
[Training] Itteration/Batch:  75/121: Loss: 1.76 | Accuracy: 0.58
[Training] Itteration/Batch: 100/121: Loss: 1.98 | Accuracy: 0.80

Epoch 1: Val Bin. F1 Majority 0.6829268336296082 | Val Macro F1 Majority 0.8073298812508005 |             Val Bin F1 Individual 0.6649681329727173 | Val Macro F1 Individual 0.7970297760826224 |             Val Accuracy Majority 0.8876543045043945 | Val Accuracy Individual 0.8829550743103027 | Training Loss:1.493478536605835 |             Val Loss 0.993011474609375 | Train Runtime Millis 9274.205296998844 | Val Runtime Millis 1935.5741650033451

______________________________	 Running Epoch 2 of 10 	______________________________
[Training] Itteration/Batch:   0/121: Loss: 1.17 | Accuracy: 0.96
[Training] Itteration/Batch:  25/121: Loss: 0.43 | Accuracy: 0.96
[Training] Itteration/Batch:  50/121: Loss: 0.91 | Accuracy: 0.94
[Training] Itteration/Batch:  75/121: Loss: 0.46 | Accuracy: 0.96
[Training] Itteration/Batch: 100/121: Loss: 0.42 | Accuracy: 0.98

Epoch 2: Val Bin. F1 Majority 0.6480836272239685 | Val Macro F1 Majority 0.7861573407289104 |             Val Bin F1 Individual 0.6499372720718384 | Val Macro F1 Individual 0.7872353351033374 |             Val Accuracy Majority 0.875308632850647 | Val Accuracy Individual 0.8758344650268555 | Training Loss:0.9720430970191956 |             Val Loss 1.032952904701233 | Train Runtime Millis 9269.778447000135 | Val Runtime Millis 1932.2424769998179

______________________________	 Running Epoch 3 of 10 	______________________________
[Training] Itteration/Batch:   0/121: Loss: 0.91 | Accuracy: 0.96
[Training] Itteration/Batch:  25/121: Loss: 0.31 | Accuracy: 1.00
[Training] Itteration/Batch:  50/121: Loss: 0.68 | Accuracy: 0.95
[Training] Itteration/Batch:  75/121: Loss: 1.43 | Accuracy: 0.89
[Training] Itteration/Batch: 100/121: Loss: 0.39 | Accuracy: 0.97

Epoch 3: Val Bin. F1 Majority 0.7323943376541138 | Val Macro F1 Majority 0.8377540693261365 |             Val Bin F1 Individual 0.718471348285675 | Val Macro F1 Individual 0.8294432719173366 |             Val Accuracy Majority 0.9061728119850159 | Val Accuracy Individual 0.901646614074707 | Training Loss:0.7778172492980957 |             Val Loss 0.8168047070503235 | Train Runtime Millis 9282.657738000125 | Val Runtime Millis 1933.7843180001073

______________________________	 Running Epoch 4 of 10 	______________________________
[Training] Itteration/Batch:   0/121: Loss: 0.59 | Accuracy: 0.91
[Training] Itteration/Batch:  25/121: Loss: 0.48 | Accuracy: 0.98
[Training] Itteration/Batch:  50/121: Loss: 0.47 | Accuracy: 0.94
[Training] Itteration/Batch:  75/121: Loss: 0.28 | Accuracy: 0.98
[Training] Itteration/Batch: 100/121: Loss: 0.88 | Accuracy: 0.90

Epoch 4: Val Bin. F1 Majority 0.7311828136444092 | Val Macro F1 Majority 0.8376271920329076 |             Val Bin F1 Individual 0.7325428128242493 | Val Macro F1 Individual 0.8390960416104469 |             Val Accuracy Majority 0.9074074029922485 | Val Accuracy Individual 0.9096572995185852 | Training Loss:0.5718024373054504 |             Val Loss 0.8180378675460815 | Train Runtime Millis 9271.65267500095 | Val Runtime Millis 1942.7395700004126

______________________________	 Running Epoch 5 of 10 	______________________________
[Training] Itteration/Batch:   0/121: Loss: 1.52 | Accuracy: 0.88
[Training] Itteration/Batch:  25/121: Loss: 0.26 | Accuracy: 0.98
[Training] Itteration/Batch:  50/121: Loss: 0.72 | Accuracy: 0.88
[Training] Itteration/Batch:  75/121: Loss: 0.20 | Accuracy: 1.00
[Training] Itteration/Batch: 100/121: Loss: 0.85 | Accuracy: 0.92

Epoch 5: Val Bin. F1 Majority 0.7417218685150146 | Val Macro F1 Majority 0.8412706388366882 |             Val Bin F1 Individual 0.710303008556366 | Val Macro F1 Individual 0.8225813325404494 |             Val Accuracy Majority 0.9037036895751953 | Val Accuracy Individual 0.8936359882354736 | Training Loss:0.44891393184661865 |             Val Loss 0.9247981309890747 | Train Runtime Millis 9280.162656999892 | Val Runtime Millis 2040.1918360003037

______________________________	 Running Epoch 1 of 10 	______________________________
[Training] Itteration/Batch:   0/134: Loss: 2.15 | Accuracy: 0.43
[Training] Itteration/Batch:  25/134: Loss: 2.20 | Accuracy: 0.73
[Training] Itteration/Batch:  50/134: Loss: 2.82 | Accuracy: 0.69
[Training] Itteration/Batch:  75/134: Loss: 2.49 | Accuracy: 0.72
[Training] Itteration/Batch: 100/134: Loss: 1.11 | Accuracy: 0.93
[Training] Itteration/Batch: 125/134: Loss: 1.62 | Accuracy: 0.81

Epoch 1: Val Bin. F1 Majority 0.6967213153839111 | Val Macro F1 Majority 0.821471120853984 |             Val Bin F1 Individual 0.675595223903656 | Val Macro F1 Individual 0.8092785190999476 |             Val Accuracy Majority 0.9086419939994812 | Val Accuracy Individual 0.9029817581176758 | Training Loss:1.649762749671936 |             Val Loss 1.116312861442566 | Train Runtime Millis 10252.124778999132 | Val Runtime Millis 1931.9670109980507

______________________________	 Running Epoch 2 of 10 	______________________________
[Training] Itteration/Batch:   0/134: Loss: 0.69 | Accuracy: 0.93
[Training] Itteration/Batch:  25/134: Loss: 2.27 | Accuracy: 0.78
[Training] Itteration/Batch:  50/134: Loss: 0.80 | Accuracy: 0.93
[Training] Itteration/Batch:  75/134: Loss: 0.89 | Accuracy: 0.96
[Training] Itteration/Batch: 100/134: Loss: 1.33 | Accuracy: 0.91
[Training] Itteration/Batch: 125/134: Loss: 1.35 | Accuracy: 0.88

Epoch 2: Val Bin. F1 Majority 0.6280992031097412 | Val Macro F1 Majority 0.7813935635547986 |             Val Bin F1 Individual 0.6303030252456665 | Val Macro F1 Individual 0.7833309622042016 |             Val Accuracy Majority 0.8888888955116272 | Val Accuracy Individual 0.891410768032074 | Training Loss:1.252704381942749 |             Val Loss 1.150756597518921 | Train Runtime Millis 10258.89543700032 | Val Runtime Millis 1929.9908219982171

______________________________	 Running Epoch 3 of 10 	______________________________
[Training] Itteration/Batch:   0/134: Loss: 0.74 | Accuracy: 0.88
[Training] Itteration/Batch:  25/134: Loss: 0.43 | Accuracy: 0.98
[Training] Itteration/Batch:  50/134: Loss: 0.51 | Accuracy: 0.95
[Training] Itteration/Batch:  75/134: Loss: 0.54 | Accuracy: 0.98
[Training] Itteration/Batch: 100/134: Loss: 1.54 | Accuracy: 0.83
[Training] Itteration/Batch: 125/134: Loss: 0.41 | Accuracy: 0.95

Epoch 3: Val Bin. F1 Majority 0.7333333492279053 | Val Macro F1 Majority 0.8363636363636364 |             Val Bin F1 Individual 0.7081339955329895 | Val Macro F1 Individual 0.8207154274173929 |             Val Accuracy Majority 0.9012345671653748 | Val Accuracy Individual 0.891410768032074 | Training Loss:0.9654899835586548 |             Val Loss 0.8312622308731079 | Train Runtime Millis 10262.304134997976 | Val Runtime Millis 1938.280370002758

______________________________	 Running Epoch 4 of 10 	______________________________
[Training] Itteration/Batch:   0/134: Loss: 0.73 | Accuracy: 0.91
[Training] Itteration/Batch:  25/134: Loss: 1.17 | Accuracy: 0.92
[Training] Itteration/Batch:  50/134: Loss: 0.54 | Accuracy: 0.91
[Training] Itteration/Batch:  75/134: Loss: 0.61 | Accuracy: 0.94
[Training] Itteration/Batch: 100/134: Loss: 0.48 | Accuracy: 0.95
[Training] Itteration/Batch: 125/134: Loss: 0.88 | Accuracy: 0.93

Epoch 4: Val Bin. F1 Majority 0.7152317762374878 | Val Macro F1 Majority 0.8249907043583997 |             Val Bin F1 Individual 0.6988847851753235 | Val Macro F1 Individual 0.8164887583522131 |             Val Accuracy Majority 0.8938271403312683 | Val Accuracy Individual 0.8918558359146118 | Training Loss:0.7399680614471436 |             Val Loss 0.839789867401123 | Train Runtime Millis 10283.89619399968 | Val Runtime Millis 1931.575934002467

______________________________	 Running Epoch 5 of 10 	______________________________
[Training] Itteration/Batch:   0/134: Loss: 0.69 | Accuracy: 0.88
[Training] Itteration/Batch:  25/134: Loss: 0.47 | Accuracy: 0.95
[Training] Itteration/Batch:  50/134: Loss: 0.90 | Accuracy: 0.90
[Training] Itteration/Batch:  75/134: Loss: 0.99 | Accuracy: 0.85
[Training] Itteration/Batch: 100/134: Loss: 1.34 | Accuracy: 0.93
[Training] Itteration/Batch: 125/134: Loss: 0.43 | Accuracy: 0.95

Epoch 5: Val Bin. F1 Majority 0.707317054271698 | Val Macro F1 Majority 0.8274576632229205 |             Val Bin F1 Individual 0.7144992351531982 | Val Macro F1 Individual 0.8322823060464843 |             Val Accuracy Majority 0.9111111164093018 | Val Accuracy Individual 0.9149977564811707 | Training Loss:0.6424795985221863 |             Val Loss 1.020961880683899 | Train Runtime Millis 10259.871537000436 | Val Runtime Millis 1938.75086999833

