Device cuda
Split type sit
Training Size: 40210, NTA labels 34626, YTA labels 5584
Validation Size: 13457, NTA labels 11569, YTA labels 1888
Test Size: 13371, NTA labels 11486, YTA labels 1885
Training with SBERT, model name is sbert
Tokenizing the dataset
Number of training steps 12570
Epoch 0 **** Loss 0.23568503558635712 **** Metrics validation: {'accuracy': 0.8672066582447797, 'f1_weighted': 0.8543072946591872, 'macro': 0.67306093925698, 'micro': 0.8672066582447797, 'binary': 0.42112082928409456, 'accuracy_majority': 0.9129098360655737, 'macro_majority': 0.7359433436778865, 'binary_majority': 0.519774011299435, 'run_time_millis': 9844.557355998404, 'loss_mean': 0.16797421872615814}
Epoch 1 **** Loss 0.11858150362968445 **** Metrics validation: {'accuracy': 0.8621535260459241, 'f1_weighted': 0.855887584200592, 'macro': 0.6887785401106233, 'micro': 0.8621535260459241, 'binary': 0.4564898915909757, 'accuracy_majority': 0.9022540983606557, 'macro_majority': 0.7340383415032428, 'binary_majority': 0.5225225225225226, 'run_time_millis': 11636.855540000397, 'loss_mean': 0.16987214982509613}
Epoch 2 **** Loss 0.0877971351146698 **** Metrics validation: {'accuracy': 0.8609645537638404, 'f1_weighted': 0.8529476425263062, 'macro': 0.6793196387442747, 'micro': 0.8609645537638404, 'binary': 0.4379693601682187, 'accuracy_majority': 0.9022540983606557, 'macro_majority': 0.7247156668900625, 'binary_majority': 0.5036420395421436, 'run_time_millis': 11677.698387000419, 'loss_mean': 0.18194957077503204}
Epoch 3 **** Loss 0.11855491995811462 **** Metrics validation: {'accuracy': 0.8477372371256595, 'f1_weighted': 0.8479221632465311, 'macro': 0.6851703654139965, 'micro': 0.8477372371256594, 'binary': 0.4589384737259044, 'accuracy_majority': 0.8829918032786885, 'macro_majority': 0.7157914889012031, 'binary_majority': 0.49780123131046605, 'run_time_millis': 11676.671684999747, 'loss_mean': 0.19250354170799255}
Epoch 4 **** Loss 0.08836737275123596 **** Metrics validation: {'accuracy': 0.8453592925614921, 'f1_weighted': 0.8455471067428165, 'macro': 0.6802535531608231, 'micro': 0.8453592925614921, 'binary': 0.45048851333509377, 'accuracy_majority': 0.8825819672131148, 'macro_majority': 0.7130413071139636, 'binary_majority': 0.4924712134632418, 'run_time_millis': 11657.014669001, 'loss_mean': 0.23297756910324097}
Epoch 5 **** Loss 0.1837894320487976 **** Metrics validation: {'accuracy': 0.8376309727279483, 'f1_weighted': 0.8413368811743875, 'macro': 0.6789979686405507, 'micro': 0.8376309727279483, 'binary': 0.4533400050037528, 'accuracy_majority': 0.8723360655737705, 'macro_majority': 0.7042383673923638, 'binary_majority': 0.4812656119900084, 'run_time_millis': 11681.100609001078, 'loss_mean': 0.27297115325927734}
Epoch 6 **** Loss 0.18709856271743774 **** Metrics validation: {'accuracy': 0.8307943821059671, 'f1_weighted': 0.8373078413349129, 'macro': 0.6768579716264586, 'micro': 0.8307943821059671, 'binary': 0.45382585751978893, 'accuracy_majority': 0.865983606557377, 'macro_majority': 0.7020056022408964, 'binary_majority': 0.480952380952381, 'run_time_millis': 11683.382166998854, 'loss_mean': 0.28434380888938904}
Epoch 7 **** Loss 0.09965384006500244 **** Metrics validation: {'accuracy': 0.8403804711302668, 'f1_weighted': 0.8414213033367377, 'macro': 0.673483026822669, 'micro': 0.8403804711302668, 'binary': 0.44004171011470283, 'accuracy_majority': 0.8764344262295082, 'macro_majority': 0.7012314971595245, 'binary_majority': 0.47244094488188976, 'run_time_millis': 11077.16659900143, 'loss_mean': 0.3187592923641205}
Epoch 8 **** Loss 0.04527135565876961 **** Metrics validation: {'accuracy': 0.8400832280597459, 'f1_weighted': 0.8410577325457468, 'macro': 0.6725902695283168, 'micro': 0.8400832280597459, 'binary': 0.4384133611691023, 'accuracy_majority': 0.8756147540983606, 'macro_majority': 0.6992496165436672, 'binary_majority': 0.4689413823272091, 'run_time_millis': 11691.229774000021, 'loss_mean': 0.33814555406570435}
Epoch 9 **** Loss 0.086761973798275 **** Metrics validation: {'accuracy': 0.8419409972505016, 'f1_weighted': 0.8420284244297057, 'macro': 0.6727519200545795, 'micro': 0.8419409972505016, 'binary': 0.4374504099444592, 'accuracy_majority': 0.8782786885245901, 'macro_majority': 0.7018355701425772, 'binary_majority': 0.47246891651865003, 'run_time_millis': 11677.690556000016, 'loss_mean': 0.35574474930763245}
Evaluating
{'accuracy': 0.8621535260459241, 'f1_weighted': 0.855887584200592, 'macro': 0.6887785401106233, 'micro': 0.8621535260459241, 'binary': 0.4564898915909757, 'accuracy_majority': 0.9022540983606557, 'macro_majority': 0.7340383415032428, 'binary_majority': 0.5225225225225226, 'run_time_millis': 11718.43679199992, 'loss_mean': 0.16987214982509613}
