______________________________	 Running Epoch 1 of 10 	______________________________
[Training] Itteration/Batch:   0/266: Loss: 1.52 | Accuracy: 0.48
[Training] Itteration/Batch:  25/266: Loss: 1.39 | Accuracy: 0.67
[Training] Itteration/Batch:  50/266: Loss: 1.40 | Accuracy: 0.68
[Training] Itteration/Batch:  75/266: Loss: 1.31 | Accuracy: 0.71
[Training] Itteration/Batch: 100/266: Loss: 1.56 | Accuracy: 0.70
[Training] Itteration/Batch: 125/266: Loss: 1.52 | Accuracy: 0.53
[Training] Itteration/Batch: 150/266: Loss: 1.73 | Accuracy: 0.50
[Training] Itteration/Batch: 175/266: Loss: 1.52 | Accuracy: 0.66
[Training] Itteration/Batch: 200/266: Loss: 1.40 | Accuracy: 0.86
[Training] Itteration/Batch: 225/266: Loss: 1.26 | Accuracy: 0.77
[Training] Itteration/Batch: 250/266: Loss: 1.49 | Accuracy: 0.74

Epoch 1: Val Bin. F1 Majority 0.6605839133262634 | Val Macro F1 Majority 0.7252072250402077 |             Val Bin F1 Individual 0.6579831838607788 | Val Macro F1 Individual 0.7351695588332152 |             Val Accuracy Majority 0.7404047250747681 | Val Accuracy Individual 0.7576659917831421 | Training Loss:1.545805811882019 |             Val Loss 1.2937525510787964 | Train Runtime Millis 25261.270926999714 | Val Runtime Millis 4444.825384999604

______________________________	 Running Epoch 2 of 10 	______________________________
[Training] Itteration/Batch:   0/266: Loss: 1.38 | Accuracy: 0.68
[Training] Itteration/Batch:  25/266: Loss: 1.17 | Accuracy: 0.79
[Training] Itteration/Batch:  50/266: Loss: 1.39 | Accuracy: 0.74
[Training] Itteration/Batch:  75/266: Loss: 1.23 | Accuracy: 0.80
[Training] Itteration/Batch: 100/266: Loss: 1.66 | Accuracy: 0.77
[Training] Itteration/Batch: 125/266: Loss: 1.42 | Accuracy: 0.65
[Training] Itteration/Batch: 150/266: Loss: 1.60 | Accuracy: 0.68
[Training] Itteration/Batch: 175/266: Loss: 1.29 | Accuracy: 0.74
[Training] Itteration/Batch: 200/266: Loss: 1.28 | Accuracy: 0.64
[Training] Itteration/Batch: 225/266: Loss: 1.03 | Accuracy: 0.72
[Training] Itteration/Batch: 250/266: Loss: 1.01 | Accuracy: 0.78

Epoch 2: Val Bin. F1 Majority 0.6647727489471436 | Val Macro F1 Majority 0.7345963083877449 |             Val Bin F1 Individual 0.6911947131156921 | Val Macro F1 Individual 0.7587166843553896 |             Val Accuracy Majority 0.7529658079147339 | Val Accuracy Individual 0.7776123881340027 | Training Loss:1.2580713033676147 |             Val Loss 1.1966781616210938 | Train Runtime Millis 24715.74502800013 | Val Runtime Millis 4442.971915000271

______________________________	 Running Epoch 3 of 10 	______________________________
[Training] Itteration/Batch:   0/266: Loss: 0.95 | Accuracy: 0.87
[Training] Itteration/Batch:  25/266: Loss: 0.77 | Accuracy: 0.95
[Training] Itteration/Batch:  50/266: Loss: 0.81 | Accuracy: 0.89
[Training] Itteration/Batch:  75/266: Loss: 0.85 | Accuracy: 0.91
[Training] Itteration/Batch: 100/266: Loss: 1.27 | Accuracy: 0.85
[Training] Itteration/Batch: 125/266: Loss: 0.98 | Accuracy: 0.84
[Training] Itteration/Batch: 150/266: Loss: 2.04 | Accuracy: 0.57
[Training] Itteration/Batch: 175/266: Loss: 1.37 | Accuracy: 0.68
[Training] Itteration/Batch: 200/266: Loss: 0.87 | Accuracy: 0.80
[Training] Itteration/Batch: 225/266: Loss: 1.02 | Accuracy: 0.85
[Training] Itteration/Batch: 250/266: Loss: 0.95 | Accuracy: 0.84

Epoch 3: Val Bin. F1 Majority 0.6261780261993408 | Val Macro F1 Majority 0.7196824118290087 |             Val Bin F1 Individual 0.7055749297142029 | Val Macro F1 Individual 0.7763514546368568 |             Val Accuracy Majority 0.7508723139762878 | Val Accuracy Individual 0.7987496256828308 | Training Loss:1.0606149435043335 |             Val Loss 1.1387394666671753 | Train Runtime Millis 24860.537162999208 | Val Runtime Millis 4456.8277779999335

______________________________	 Running Epoch 4 of 10 	______________________________
[Training] Itteration/Batch:   0/266: Loss: 0.86 | Accuracy: 0.92
[Training] Itteration/Batch:  25/266: Loss: 0.81 | Accuracy: 0.90
[Training] Itteration/Batch:  50/266: Loss: 0.83 | Accuracy: 0.87
[Training] Itteration/Batch:  75/266: Loss: 0.88 | Accuracy: 0.90
[Training] Itteration/Batch: 100/266: Loss: 0.79 | Accuracy: 0.94
[Training] Itteration/Batch: 125/266: Loss: 0.46 | Accuracy: 0.95
[Training] Itteration/Batch: 150/266: Loss: 0.69 | Accuracy: 0.90
[Training] Itteration/Batch: 175/266: Loss: 0.83 | Accuracy: 0.85
[Training] Itteration/Batch: 200/266: Loss: 0.48 | Accuracy: 0.94
[Training] Itteration/Batch: 225/266: Loss: 1.05 | Accuracy: 0.83
[Training] Itteration/Batch: 250/266: Loss: 1.56 | Accuracy: 0.79

Epoch 4: Val Bin. F1 Majority 0.6295907497406006 | Val Macro F1 Majority 0.7225319224678555 |             Val Bin F1 Individual 0.6905952095985413 | Val Macro F1 Individual 0.7699157013682573 |             Val Accuracy Majority 0.7536636590957642 | Val Accuracy Individual 0.797261118888855 | Training Loss:0.885026752948761 |             Val Loss 1.1758289337158203 | Train Runtime Millis 24841.481667000153 | Val Runtime Millis 4445.5248149997715

______________________________	 Running Epoch 5 of 10 	______________________________
[Training] Itteration/Batch:   0/266: Loss: 1.26 | Accuracy: 0.77
[Training] Itteration/Batch:  25/266: Loss: 1.17 | Accuracy: 0.86
[Training] Itteration/Batch:  50/266: Loss: 0.67 | Accuracy: 0.89
[Training] Itteration/Batch:  75/266: Loss: 0.94 | Accuracy: 0.87
[Training] Itteration/Batch: 100/266: Loss: 0.95 | Accuracy: 0.88
[Training] Itteration/Batch: 125/266: Loss: 0.80 | Accuracy: 0.86
[Training] Itteration/Batch: 150/266: Loss: 0.44 | Accuracy: 0.95
[Training] Itteration/Batch: 175/266: Loss: 0.76 | Accuracy: 0.87
[Training] Itteration/Batch: 200/266: Loss: 0.74 | Accuracy: 0.88
[Training] Itteration/Batch: 225/266: Loss: 0.82 | Accuracy: 0.86
[Training] Itteration/Batch: 250/266: Loss: 1.69 | Accuracy: 0.79

Epoch 5: Val Bin. F1 Majority 0.6851145029067993 | Val Macro F1 Majority 0.7517981760008062 |             Val Bin F1 Individual 0.6996726393699646 | Val Macro F1 Individual 0.7639682945714468 |             Val Accuracy Majority 0.7697138786315918 | Val Accuracy Individual 0.7814825773239136 | Training Loss:0.7604883313179016 |             Val Loss 1.2252216339111328 | Train Runtime Millis 24712.140820999593 | Val Runtime Millis 4438.899568999659

