______________________________	 Running Epoch 1 of 10 	______________________________
[Training] Itteration/Batch:   0/391: Loss: 1.94 | Accuracy: 0.53
[Training] Itteration/Batch:  25/391: Loss: 2.34 | Accuracy: 0.48
[Training] Itteration/Batch:  50/391: Loss: 1.63 | Accuracy: 0.54
[Training] Itteration/Batch:  75/391: Loss: 1.81 | Accuracy: 0.65
[Training] Itteration/Batch: 100/391: Loss: 1.64 | Accuracy: 0.67
[Training] Itteration/Batch: 125/391: Loss: 1.67 | Accuracy: 0.69
[Training] Itteration/Batch: 150/391: Loss: 2.22 | Accuracy: 0.59
[Training] Itteration/Batch: 175/391: Loss: 1.86 | Accuracy: 0.59
[Training] Itteration/Batch: 200/391: Loss: 1.69 | Accuracy: 0.62
[Training] Itteration/Batch: 225/391: Loss: 1.71 | Accuracy: 0.67
[Training] Itteration/Batch: 250/391: Loss: 1.32 | Accuracy: 0.80
[Training] Itteration/Batch: 275/391: Loss: 1.69 | Accuracy: 0.68
[Training] Itteration/Batch: 300/391: Loss: 1.54 | Accuracy: 0.71
[Training] Itteration/Batch: 325/391: Loss: 1.29 | Accuracy: 0.81
[Training] Itteration/Batch: 350/391: Loss: 1.71 | Accuracy: 0.68
[Training] Itteration/Batch: 375/391: Loss: 1.40 | Accuracy: 0.78

Epoch 1: Val Bin. F1 Majority 0.6284469962120056 | Val Macro F1 Majority 0.7228602004166629 |             Val Bin F1 Individual 0.6918774843215942 | Val Macro F1 Individual 0.7642873721887636 |             Val Accuracy Majority 0.7550238966941833 | Val Accuracy Individual 0.786531388759613 | Training Loss:1.6364177465438843 |             Val Loss 1.3616055250167847 | Train Runtime Millis 43712.7341539599 | Val Runtime Millis 8127.028357004747

______________________________	 Running Epoch 2 of 10 	______________________________
[Training] Itteration/Batch:   0/391: Loss: 1.59 | Accuracy: 0.73
[Training] Itteration/Batch:  25/391: Loss: 1.43 | Accuracy: 0.65
[Training] Itteration/Batch:  50/391: Loss: 1.40 | Accuracy: 0.71
[Training] Itteration/Batch:  75/391: Loss: 0.96 | Accuracy: 0.84
[Training] Itteration/Batch: 100/391: Loss: 1.62 | Accuracy: 0.74
[Training] Itteration/Batch: 125/391: Loss: 1.26 | Accuracy: 0.82
[Training] Itteration/Batch: 150/391: Loss: 1.75 | Accuracy: 0.72
[Training] Itteration/Batch: 175/391: Loss: 1.87 | Accuracy: 0.79
[Training] Itteration/Batch: 200/391: Loss: 1.11 | Accuracy: 0.81
[Training] Itteration/Batch: 225/391: Loss: 1.13 | Accuracy: 0.77
[Training] Itteration/Batch: 250/391: Loss: 0.83 | Accuracy: 0.93
[Training] Itteration/Batch: 275/391: Loss: 1.37 | Accuracy: 0.83
[Training] Itteration/Batch: 300/391: Loss: 1.28 | Accuracy: 0.85
[Training] Itteration/Batch: 325/391: Loss: 1.33 | Accuracy: 0.76
[Training] Itteration/Batch: 350/391: Loss: 1.72 | Accuracy: 0.68
[Training] Itteration/Batch: 375/391: Loss: 1.71 | Accuracy: 0.76

Epoch 2: Val Bin. F1 Majority 0.65055251121521 | Val Macro F1 Majority 0.7326700937527806 |             Val Bin F1 Individual 0.6915541291236877 | Val Macro F1 Individual 0.7633050343721814 |             Val Accuracy Majority 0.75789475440979 | Val Accuracy Individual 0.7850553393363953 | Training Loss:1.2860454320907593 |             Val Loss 1.2877254486083984 | Train Runtime Millis 43309.70346892718 | Val Runtime Millis 8194.385510054417

______________________________	 Running Epoch 3 of 10 	______________________________
[Training] Itteration/Batch:   0/391: Loss: 0.69 | Accuracy: 0.92
[Training] Itteration/Batch:  25/391: Loss: 1.02 | Accuracy: 0.87
[Training] Itteration/Batch:  50/391: Loss: 1.34 | Accuracy: 0.79
[Training] Itteration/Batch:  75/391: Loss: 0.90 | Accuracy: 0.96
[Training] Itteration/Batch: 100/391: Loss: 1.12 | Accuracy: 0.81
[Training] Itteration/Batch: 125/391: Loss: 1.14 | Accuracy: 0.82
[Training] Itteration/Batch: 150/391: Loss: 1.02 | Accuracy: 0.89
[Training] Itteration/Batch: 175/391: Loss: 1.05 | Accuracy: 0.78
[Training] Itteration/Batch: 200/391: Loss: 1.09 | Accuracy: 0.87
[Training] Itteration/Batch: 225/391: Loss: 1.08 | Accuracy: 0.81
[Training] Itteration/Batch: 250/391: Loss: 1.31 | Accuracy: 0.82
[Training] Itteration/Batch: 275/391: Loss: 1.11 | Accuracy: 0.83
[Training] Itteration/Batch: 300/391: Loss: 0.76 | Accuracy: 0.88
[Training] Itteration/Batch: 325/391: Loss: 2.06 | Accuracy: 0.71
[Training] Itteration/Batch: 350/391: Loss: 0.48 | Accuracy: 0.97
[Training] Itteration/Batch: 375/391: Loss: 1.22 | Accuracy: 0.76

Epoch 3: Val Bin. F1 Majority 0.6545942425727844 | Val Macro F1 Majority 0.7315366102652858 |             Val Bin F1 Individual 0.7108222842216492 | Val Macro F1 Individual 0.7708227570976827 |             Val Accuracy Majority 0.7535884976387024 | Val Accuracy Individual 0.786531388759613 | Training Loss:1.07051420211792 |             Val Loss 1.2557638883590698 | Train Runtime Millis 43331.662492942996 | Val Runtime Millis 8126.249431050383

______________________________	 Running Epoch 4 of 10 	______________________________
[Training] Itteration/Batch:   0/391: Loss: 0.87 | Accuracy: 0.90
[Training] Itteration/Batch:  25/391: Loss: 0.87 | Accuracy: 0.89
[Training] Itteration/Batch:  50/391: Loss: 0.62 | Accuracy: 0.89
[Training] Itteration/Batch:  75/391: Loss: 0.91 | Accuracy: 0.91
[Training] Itteration/Batch: 100/391: Loss: 0.90 | Accuracy: 0.86
[Training] Itteration/Batch: 125/391: Loss: 1.43 | Accuracy: 0.76
[Training] Itteration/Batch: 150/391: Loss: 1.20 | Accuracy: 0.77
[Training] Itteration/Batch: 175/391: Loss: 0.89 | Accuracy: 0.88
[Training] Itteration/Batch: 200/391: Loss: 0.81 | Accuracy: 0.87
[Training] Itteration/Batch: 225/391: Loss: 0.95 | Accuracy: 0.88
[Training] Itteration/Batch: 250/391: Loss: 0.54 | Accuracy: 0.95
[Training] Itteration/Batch: 275/391: Loss: 0.53 | Accuracy: 0.94
[Training] Itteration/Batch: 300/391: Loss: 0.98 | Accuracy: 0.84
[Training] Itteration/Batch: 325/391: Loss: 0.75 | Accuracy: 0.88
[Training] Itteration/Batch: 350/391: Loss: 0.99 | Accuracy: 0.74
[Training] Itteration/Batch: 375/391: Loss: 0.90 | Accuracy: 0.90

Epoch 4: Val Bin. F1 Majority 0.5835294127464294 | Val Macro F1 Majority 0.7003705578616988 |             Val Bin F1 Individual 0.6918767690658569 | Val Macro F1 Individual 0.770285005336385 |             Val Accuracy Majority 0.7459329962730408 | Val Accuracy Individual 0.7970479726791382 | Training Loss:0.890954315662384 |             Val Loss 1.2897765636444092 | Train Runtime Millis 43297.689080936834 | Val Runtime Millis 8144.822378992103

