______________________________	 Running Epoch 1 of 10 	______________________________
[Training] Itteration/Batch:   0/365: Loss: 1.59 | Accuracy: 0.50
[Training] Itteration/Batch:  25/365: Loss: 1.05 | Accuracy: 1.00
[Training] Itteration/Batch:  50/365: Loss: 0.68 | Accuracy: 1.00
[Training] Itteration/Batch:  75/365: Loss: 0.52 | Accuracy: 1.00
[Training] Itteration/Batch: 100/365: Loss: 0.31 | Accuracy: 1.00
[Training] Itteration/Batch: 125/365: Loss: 0.34 | Accuracy: 1.00
[Training] Itteration/Batch: 150/365: Loss: 0.20 | Accuracy: 1.00
[Training] Itteration/Batch: 175/365: Loss: 0.18 | Accuracy: 1.00
[Training] Itteration/Batch: 200/365: Loss: 0.18 | Accuracy: 1.00
[Training] Itteration/Batch: 225/365: Loss: 0.15 | Accuracy: 1.00
[Training] Itteration/Batch: 250/365: Loss: 0.13 | Accuracy: 1.00
[Training] Itteration/Batch: 275/365: Loss: 0.08 | Accuracy: 1.00
[Training] Itteration/Batch: 300/365: Loss: 0.09 | Accuracy: 1.00
[Training] Itteration/Batch: 325/365: Loss: 0.06 | Accuracy: 1.00
[Training] Itteration/Batch: 350/365: Loss: 0.07 | Accuracy: 1.00

Epoch 1: Val Bin. F1 Majority 0.0 | Val Macro F1 Majority 1.0 |             Val Bin F1 Individual 0.0 | Val Macro F1 Individual 1.0 |             Val Accuracy Majority 1.0 | Val Accuracy Individual 1.0 | Training Loss:0.32098692655563354 |             Val Loss 0.06060512736439705 | Train Runtime Millis 36695.13372000074 | Val Runtime Millis 5644.231614998716

______________________________	 Running Epoch 2 of 10 	______________________________
[Training] Itteration/Batch:   0/365: Loss: 0.06 | Accuracy: 1.00
[Training] Itteration/Batch:  25/365: Loss: 0.05 | Accuracy: 1.00
[Training] Itteration/Batch:  50/365: Loss: 0.05 | Accuracy: 1.00
[Training] Itteration/Batch:  75/365: Loss: 0.05 | Accuracy: 1.00
[Training] Itteration/Batch: 100/365: Loss: 0.04 | Accuracy: 1.00
[Training] Itteration/Batch: 125/365: Loss: 0.04 | Accuracy: 1.00
[Training] Itteration/Batch: 150/365: Loss: 0.04 | Accuracy: 1.00
[Training] Itteration/Batch: 175/365: Loss: 0.05 | Accuracy: 1.00
[Training] Itteration/Batch: 200/365: Loss: 0.03 | Accuracy: 1.00
[Training] Itteration/Batch: 225/365: Loss: 0.03 | Accuracy: 1.00
[Training] Itteration/Batch: 250/365: Loss: 0.03 | Accuracy: 1.00
[Training] Itteration/Batch: 275/365: Loss: 0.03 | Accuracy: 1.00
[Training] Itteration/Batch: 300/365: Loss: 0.02 | Accuracy: 1.00
[Training] Itteration/Batch: 325/365: Loss: 0.02 | Accuracy: 1.00
[Training] Itteration/Batch: 350/365: Loss: 0.03 | Accuracy: 1.00

Epoch 2: Val Bin. F1 Majority 0.0 | Val Macro F1 Majority 1.0 |             Val Bin F1 Individual 0.0 | Val Macro F1 Individual 1.0 |             Val Accuracy Majority 1.0 | Val Accuracy Individual 1.0 | Training Loss:0.03689173609018326 |             Val Loss 0.021374111995100975 | Train Runtime Millis 36306.4984119992 | Val Runtime Millis 5649.489356999766

______________________________	 Running Epoch 3 of 10 	______________________________
[Training] Itteration/Batch:   0/365: Loss: 0.02 | Accuracy: 1.00
[Training] Itteration/Batch:  25/365: Loss: 0.03 | Accuracy: 1.00
[Training] Itteration/Batch:  50/365: Loss: 0.02 | Accuracy: 1.00
[Training] Itteration/Batch:  75/365: Loss: 0.02 | Accuracy: 1.00
[Training] Itteration/Batch: 100/365: Loss: 0.02 | Accuracy: 1.00
[Training] Itteration/Batch: 125/365: Loss: 0.02 | Accuracy: 1.00
[Training] Itteration/Batch: 150/365: Loss: 0.02 | Accuracy: 1.00
[Training] Itteration/Batch: 175/365: Loss: 0.02 | Accuracy: 1.00
[Training] Itteration/Batch: 200/365: Loss: 0.01 | Accuracy: 1.00
[Training] Itteration/Batch: 225/365: Loss: 0.02 | Accuracy: 1.00
[Training] Itteration/Batch: 250/365: Loss: 0.01 | Accuracy: 1.00
[Training] Itteration/Batch: 275/365: Loss: 0.01 | Accuracy: 1.00
[Training] Itteration/Batch: 300/365: Loss: 0.01 | Accuracy: 1.00
[Training] Itteration/Batch: 325/365: Loss: 0.01 | Accuracy: 1.00
[Training] Itteration/Batch: 350/365: Loss: 0.01 | Accuracy: 1.00

Epoch 3: Val Bin. F1 Majority 0.0 | Val Macro F1 Majority 1.0 |             Val Bin F1 Individual 0.0 | Val Macro F1 Individual 1.0 |             Val Accuracy Majority 1.0 | Val Accuracy Individual 1.0 | Training Loss:0.016161153092980385 |             Val Loss 0.01155919674783945 | Train Runtime Millis 36270.77912200002 | Val Runtime Millis 5625.096757999927

______________________________	 Running Epoch 4 of 10 	______________________________
[Training] Itteration/Batch:   0/365: Loss: 0.01 | Accuracy: 1.00
[Training] Itteration/Batch:  25/365: Loss: 0.01 | Accuracy: 1.00
[Training] Itteration/Batch:  50/365: Loss: 0.01 | Accuracy: 1.00
[Training] Itteration/Batch:  75/365: Loss: 0.01 | Accuracy: 1.00
[Training] Itteration/Batch: 100/365: Loss: 0.01 | Accuracy: 1.00
[Training] Itteration/Batch: 125/365: Loss: 0.01 | Accuracy: 1.00
[Training] Itteration/Batch: 150/365: Loss: 0.01 | Accuracy: 1.00
[Training] Itteration/Batch: 175/365: Loss: 0.01 | Accuracy: 1.00
[Training] Itteration/Batch: 200/365: Loss: 0.01 | Accuracy: 1.00
[Training] Itteration/Batch: 225/365: Loss: 0.01 | Accuracy: 1.00
[Training] Itteration/Batch: 250/365: Loss: 0.01 | Accuracy: 1.00
[Training] Itteration/Batch: 275/365: Loss: 0.01 | Accuracy: 1.00
[Training] Itteration/Batch: 300/365: Loss: 0.01 | Accuracy: 1.00
[Training] Itteration/Batch: 325/365: Loss: 0.01 | Accuracy: 1.00
[Training] Itteration/Batch: 350/365: Loss: 0.01 | Accuracy: 1.00

Epoch 4: Val Bin. F1 Majority 0.0 | Val Macro F1 Majority 1.0 |             Val Bin F1 Individual 0.0 | Val Macro F1 Individual 1.0 |             Val Accuracy Majority 1.0 | Val Accuracy Individual 1.0 | Training Loss:0.009568214416503906 |             Val Loss 0.007503808476030827 | Train Runtime Millis 36161.01210399938 | Val Runtime Millis 5739.14019699987

______________________________	 Running Epoch 5 of 10 	______________________________
[Training] Itteration/Batch:   0/365: Loss: 0.01 | Accuracy: 1.00
[Training] Itteration/Batch:  25/365: Loss: 0.01 | Accuracy: 1.00
[Training] Itteration/Batch:  50/365: Loss: 0.01 | Accuracy: 1.00
[Training] Itteration/Batch:  75/365: Loss: 0.01 | Accuracy: 1.00
[Training] Itteration/Batch: 100/365: Loss: 0.01 | Accuracy: 1.00
[Training] Itteration/Batch: 125/365: Loss: 0.01 | Accuracy: 1.00
[Training] Itteration/Batch: 150/365: Loss: 0.01 | Accuracy: 1.00
[Training] Itteration/Batch: 175/365: Loss: 0.01 | Accuracy: 1.00
[Training] Itteration/Batch: 200/365: Loss: 0.01 | Accuracy: 1.00
[Training] Itteration/Batch: 225/365: Loss: 0.01 | Accuracy: 1.00
[Training] Itteration/Batch: 250/365: Loss: 0.01 | Accuracy: 1.00
[Training] Itteration/Batch: 275/365: Loss: 0.01 | Accuracy: 1.00
[Training] Itteration/Batch: 300/365: Loss: 0.01 | Accuracy: 1.00
[Training] Itteration/Batch: 325/365: Loss: 0.01 | Accuracy: 1.00
[Training] Itteration/Batch: 350/365: Loss: 0.01 | Accuracy: 1.00

Epoch 5: Val Bin. F1 Majority 0.0 | Val Macro F1 Majority 1.0 |             Val Bin F1 Individual 0.0 | Val Macro F1 Individual 1.0 |             Val Accuracy Majority 1.0 | Val Accuracy Individual 1.0 | Training Loss:0.0064924657344818115 |             Val Loss 0.0053244116716086864 | Train Runtime Millis 36319.67741199878 | Val Runtime Millis 5631.847321999885

______________________________	 Running Epoch 6 of 10 	______________________________
[Training] Itteration/Batch:   0/365: Loss: 0.00 | Accuracy: 1.00
[Training] Itteration/Batch:  25/365: Loss: 0.01 | Accuracy: 1.00
[Training] Itteration/Batch:  50/365: Loss: 0.01 | Accuracy: 1.00
[Training] Itteration/Batch:  75/365: Loss: 0.01 | Accuracy: 1.00
[Training] Itteration/Batch: 100/365: Loss: 0.00 | Accuracy: 1.00
[Training] Itteration/Batch: 125/365: Loss: 0.00 | Accuracy: 1.00
[Training] Itteration/Batch: 150/365: Loss: 0.01 | Accuracy: 1.00
[Training] Itteration/Batch: 175/365: Loss: 0.00 | Accuracy: 1.00
[Training] Itteration/Batch: 200/365: Loss: 0.01 | Accuracy: 1.00
[Training] Itteration/Batch: 225/365: Loss: 0.00 | Accuracy: 1.00
[Training] Itteration/Batch: 250/365: Loss: 0.00 | Accuracy: 1.00
[Training] Itteration/Batch: 275/365: Loss: 0.00 | Accuracy: 1.00
[Training] Itteration/Batch: 300/365: Loss: 0.00 | Accuracy: 1.00
[Training] Itteration/Batch: 325/365: Loss: 0.00 | Accuracy: 1.00
[Training] Itteration/Batch: 350/365: Loss: 0.00 | Accuracy: 1.00

Epoch 6: Val Bin. F1 Majority 0.0 | Val Macro F1 Majority 1.0 |             Val Bin F1 Individual 0.0 | Val Macro F1 Individual 1.0 |             Val Accuracy Majority 1.0 | Val Accuracy Individual 1.0 | Training Loss:0.004759224131703377 |             Val Loss 0.00400443933904171 | Train Runtime Millis 36211.35359999971 | Val Runtime Millis 5608.540901999731

______________________________	 Running Epoch 7 of 10 	______________________________
[Training] Itteration/Batch:   0/365: Loss: 0.00 | Accuracy: 1.00
[Training] Itteration/Batch:  25/365: Loss: 0.00 | Accuracy: 1.00
[Training] Itteration/Batch:  50/365: Loss: 0.00 | Accuracy: 1.00
[Training] Itteration/Batch:  75/365: Loss: 0.00 | Accuracy: 1.00
[Training] Itteration/Batch: 100/365: Loss: 0.00 | Accuracy: 1.00
[Training] Itteration/Batch: 125/365: Loss: 0.00 | Accuracy: 1.00
[Training] Itteration/Batch: 150/365: Loss: 0.00 | Accuracy: 1.00
[Training] Itteration/Batch: 175/365: Loss: 0.00 | Accuracy: 1.00
[Training] Itteration/Batch: 200/365: Loss: 0.00 | Accuracy: 1.00
[Training] Itteration/Batch: 225/365: Loss: 0.00 | Accuracy: 1.00
[Training] Itteration/Batch: 250/365: Loss: 0.00 | Accuracy: 1.00
[Training] Itteration/Batch: 275/365: Loss: 0.00 | Accuracy: 1.00
[Training] Itteration/Batch: 300/365: Loss: 0.00 | Accuracy: 1.00
[Training] Itteration/Batch: 325/365: Loss: 0.00 | Accuracy: 1.00
[Training] Itteration/Batch: 350/365: Loss: 0.00 | Accuracy: 1.00

Epoch 7: Val Bin. F1 Majority 0.0 | Val Macro F1 Majority 1.0 |             Val Bin F1 Individual 0.0 | Val Macro F1 Individual 1.0 |             Val Accuracy Majority 1.0 | Val Accuracy Individual 1.0 | Training Loss:0.003651869483292103 |             Val Loss 0.0031548193655908108 | Train Runtime Millis 36207.70789599919 | Val Runtime Millis 5658.832127999631

______________________________	 Running Epoch 8 of 10 	______________________________
[Training] Itteration/Batch:   0/365: Loss: 0.00 | Accuracy: 1.00
[Training] Itteration/Batch:  25/365: Loss: 0.00 | Accuracy: 1.00
[Training] Itteration/Batch:  50/365: Loss: 0.00 | Accuracy: 1.00
[Training] Itteration/Batch:  75/365: Loss: 0.00 | Accuracy: 1.00
[Training] Itteration/Batch: 100/365: Loss: 0.00 | Accuracy: 1.00
[Training] Itteration/Batch: 125/365: Loss: 0.00 | Accuracy: 1.00
[Training] Itteration/Batch: 150/365: Loss: 0.00 | Accuracy: 1.00
[Training] Itteration/Batch: 175/365: Loss: 0.00 | Accuracy: 1.00
[Training] Itteration/Batch: 200/365: Loss: 0.00 | Accuracy: 1.00
[Training] Itteration/Batch: 225/365: Loss: 0.00 | Accuracy: 1.00
[Training] Itteration/Batch: 250/365: Loss: 0.00 | Accuracy: 1.00
[Training] Itteration/Batch: 275/365: Loss: 0.00 | Accuracy: 1.00
[Training] Itteration/Batch: 300/365: Loss: 0.00 | Accuracy: 1.00
[Training] Itteration/Batch: 325/365: Loss: 0.00 | Accuracy: 1.00
[Training] Itteration/Batch: 350/365: Loss: 0.00 | Accuracy: 1.00

Epoch 8: Val Bin. F1 Majority 0.0 | Val Macro F1 Majority 1.0 |             Val Bin F1 Individual 0.0 | Val Macro F1 Individual 1.0 |             Val Accuracy Majority 1.0 | Val Accuracy Individual 1.0 | Training Loss:0.002920638071373105 |             Val Loss 0.0025505574885755777 | Train Runtime Millis 36185.501234000185 | Val Runtime Millis 5610.90261299978

______________________________	 Running Epoch 9 of 10 	______________________________
[Training] Itteration/Batch:   0/365: Loss: 0.00 | Accuracy: 1.00
[Training] Itteration/Batch:  25/365: Loss: 0.00 | Accuracy: 1.00
[Training] Itteration/Batch:  50/365: Loss: 0.00 | Accuracy: 1.00
[Training] Itteration/Batch:  75/365: Loss: 0.00 | Accuracy: 1.00
[Training] Itteration/Batch: 100/365: Loss: 0.00 | Accuracy: 1.00
[Training] Itteration/Batch: 125/365: Loss: 0.00 | Accuracy: 1.00
[Training] Itteration/Batch: 150/365: Loss: 0.00 | Accuracy: 1.00
[Training] Itteration/Batch: 175/365: Loss: 0.00 | Accuracy: 1.00
[Training] Itteration/Batch: 200/365: Loss: 0.00 | Accuracy: 1.00
[Training] Itteration/Batch: 225/365: Loss: 0.00 | Accuracy: 1.00
[Training] Itteration/Batch: 250/365: Loss: 0.00 | Accuracy: 1.00
[Training] Itteration/Batch: 275/365: Loss: 0.00 | Accuracy: 1.00
[Training] Itteration/Batch: 300/365: Loss: 0.00 | Accuracy: 1.00
[Training] Itteration/Batch: 325/365: Loss: 0.00 | Accuracy: 1.00
[Training] Itteration/Batch: 350/365: Loss: 0.00 | Accuracy: 1.00

Epoch 9: Val Bin. F1 Majority 0.0 | Val Macro F1 Majority 1.0 |             Val Bin F1 Individual 0.0 | Val Macro F1 Individual 1.0 |             Val Accuracy Majority 1.0 | Val Accuracy Individual 1.0 | Training Loss:0.002384697552770376 |             Val Loss 0.0021076384000480175 | Train Runtime Millis 36303.5712460005 | Val Runtime Millis 5620.669195001028

______________________________	 Running Epoch 10 of 10 	______________________________
[Training] Itteration/Batch:   0/365: Loss: 0.00 | Accuracy: 1.00
[Training] Itteration/Batch:  25/365: Loss: 0.00 | Accuracy: 1.00
[Training] Itteration/Batch:  50/365: Loss: 0.00 | Accuracy: 1.00
[Training] Itteration/Batch:  75/365: Loss: 0.00 | Accuracy: 1.00
[Training] Itteration/Batch: 100/365: Loss: 0.00 | Accuracy: 1.00
[Training] Itteration/Batch: 125/365: Loss: 0.00 | Accuracy: 1.00
[Training] Itteration/Batch: 150/365: Loss: 0.00 | Accuracy: 1.00
[Training] Itteration/Batch: 175/365: Loss: 0.00 | Accuracy: 1.00
[Training] Itteration/Batch: 200/365: Loss: 0.00 | Accuracy: 1.00
[Training] Itteration/Batch: 225/365: Loss: 0.00 | Accuracy: 1.00
[Training] Itteration/Batch: 250/365: Loss: 0.00 | Accuracy: 1.00
[Training] Itteration/Batch: 275/365: Loss: 0.00 | Accuracy: 1.00
[Training] Itteration/Batch: 300/365: Loss: 0.00 | Accuracy: 1.00
[Training] Itteration/Batch: 325/365: Loss: 0.00 | Accuracy: 1.00
[Training] Itteration/Batch: 350/365: Loss: 0.00 | Accuracy: 1.00

Epoch 10: Val Bin. F1 Majority 0.0 | Val Macro F1 Majority 1.0 |             Val Bin F1 Individual 0.0 | Val Macro F1 Individual 1.0 |             Val Accuracy Majority 1.0 | Val Accuracy Individual 1.0 | Training Loss:0.0019850179087370634 |             Val Loss 0.0017778032924979925 | Train Runtime Millis 36132.19422000111 | Val Runtime Millis 5591.608165999787

