Device cuda
Split type sit
Training Size: 125383, NTA labels 123461, YTA labels 1922
Validation Size: 41852, NTA labels 41235, YTA labels 617
Test Size: 41907, NTA labels 41277, YTA labels 630
Training with SBERT, model name is sbert
Tokenizing the dataset
Number of training steps 39190
Epoch 0 **** Loss 0.014761455357074738 **** Metrics validation: {'accuracy': 0.9697505495555768, 'f1_weighted': 0.9758109793402739, 'macro': 0.6902395907151746, 'micro': 0.9697505495555767, 'binary': 0.39599236641221375, 'accuracy_majority': 0.9736252370280986, 'macro_majority': 0.7012692354295407, 'binary_majority': 0.416030534351145, 'run_time_millis': 19482.018684999275, 'loss_mean': 0.024567985907197}
Epoch 1 **** Loss 0.005578330717980862 **** Metrics validation: {'accuracy': 0.9703239988531014, 'f1_weighted': 0.9763562350012833, 'macro': 0.6991872668261072, 'micro': 0.9703239988531014, 'binary': 0.41359773371104813, 'accuracy_majority': 0.9749181175659369, 'macro_majority': 0.7099620350805032, 'binary_majority': 0.432748538011696, 'run_time_millis': 18460.52455300014, 'loss_mean': 0.02300281450152397}
Epoch 2 **** Loss 0.024513404816389084 **** Metrics validation: {'accuracy': 0.9798098059829877, 'f1_weighted': 0.9818542986891902, 'macro': 0.7231527262887815, 'micro': 0.9798098059829877, 'binary': 0.4565916398713826, 'accuracy_majority': 0.9852611618686433, 'macro_majority': 0.7567619160414198, 'binary_majority': 0.5210084033613445, 'run_time_millis': 19694.72481000048, 'loss_mean': 0.024931104853749275}
Epoch 3 **** Loss 0.0546565018594265 **** Metrics validation: {'accuracy': 0.9807655548121954, 'f1_weighted': 0.9825666550022186, 'macro': 0.731167728822269, 'micro': 0.9807655548121954, 'binary': 0.47213114754098356, 'accuracy_majority': 0.9860368901913463, 'macro_majority': 0.763697452113985, 'binary_majority': 0.5344827586206896, 'run_time_millis': 19489.753093999752, 'loss_mean': 0.03009328618645668}
Epoch 4 **** Loss 0.0001942048838827759 **** Metrics validation: {'accuracy': 0.9815779413170219, 'f1_weighted': 0.9829627539582889, 'macro': 0.7307281357386419, 'micro': 0.9815779413170219, 'binary': 0.47083047357584074, 'accuracy_majority': 0.9866402344423375, 'macro_majority': 0.7666405101672309, 'binary_majority': 0.540059347181009, 'run_time_millis': 19539.178855999126, 'loss_mean': 0.0384121797978878}
Epoch 5 **** Loss 0.0014350947458297014 **** Metrics validation: {'accuracy': 0.9831071394437542, 'f1_weighted': 0.9838041224079838, 'macro': 0.733272670717025, 'micro': 0.9831071394437542, 'binary': 0.47512991833704527, 'accuracy_majority': 0.9887950353387347, 'macro_majority': 0.7790415101813832, 'binary_majority': 0.5637583892617449, 'run_time_millis': 19439.912064000964, 'loss_mean': 0.04020768776535988}
Epoch 6 **** Loss 3.146024027955718e-05 **** Metrics validation: {'accuracy': 0.9807416610914652, 'f1_weighted': 0.9824180752381855, 'macro': 0.7264308954957586, 'micro': 0.9807416610914652, 'binary': 0.4626666666666667, 'accuracy_majority': 0.9866402344423375, 'macro_majority': 0.7693375163523437, 'binary_majority': 0.5454545454545454, 'run_time_millis': 19759.602040001482, 'loss_mean': 0.042044904083013535}
Epoch 7 **** Loss 0.006163053214550018 **** Metrics validation: {'accuracy': 0.9810522794609576, 'f1_weighted': 0.9826453493541556, 'macro': 0.7288911810329409, 'micro': 0.9810522794609576, 'binary': 0.4674278038952317, 'accuracy_majority': 0.987071194621617, 'macro_majority': 0.7735060221394837, 'binary_majority': 0.5535714285714285, 'run_time_millis': 19379.648178000934, 'loss_mean': 0.042971644550561905}
Epoch 8 **** Loss 7.43907512514852e-05 **** Metrics validation: {'accuracy': 0.9792841441269234, 'f1_weighted': 0.9816891783273932, 'macro': 0.7266299638242995, 'micro': 0.9792841441269234, 'binary': 0.46382189239332094, 'accuracy_majority': 0.9851749698327874, 'macro_majority': 0.7625383642913173, 'binary_majority': 0.532608695652174, 'run_time_millis': 19561.1556570002, 'loss_mean': 0.042400773614645004}
Epoch 9 **** Loss 8.004653864190914e-06 **** Metrics validation: {'accuracy': 0.9805266176048935, 'f1_weighted': 0.9824200982516755, 'macro': 0.7302581411664439, 'micro': 0.9805266176048935, 'binary': 0.47043534762833006, 'accuracy_majority': 0.9866402344423375, 'macro_majority': 0.7732664143271932, 'binary_majority': 0.5533141210374639, 'run_time_millis': 19734.24754899679, 'loss_mean': 0.04588545858860016}
Evaluating
{'accuracy': 0.9831071394437542, 'f1_weighted': 0.9838041224079838, 'macro': 0.733272670717025, 'micro': 0.9831071394437542, 'binary': 0.47512991833704527, 'accuracy_majority': 0.9887950353387347, 'macro_majority': 0.7790415101813832, 'binary_majority': 0.5637583892617449, 'run_time_millis': 19494.645989001583, 'loss_mean': 0.04020768776535988}
