______________________________	 Running Epoch 1 of 10 	______________________________
[Training] Itteration/Batch:   0/176: Loss: 0.70 | Accuracy: 0.38
[Training] Itteration/Batch:  25/176: Loss: 0.75 | Accuracy: 0.68
[Training] Itteration/Batch:  50/176: Loss: 0.58 | Accuracy: 0.72
[Training] Itteration/Batch:  75/176: Loss: 0.74 | Accuracy: 0.81
[Training] Itteration/Batch: 100/176: Loss: 1.30 | Accuracy: 0.69
[Training] Itteration/Batch: 125/176: Loss: 0.98 | Accuracy: 0.68
[Training] Itteration/Batch: 150/176: Loss: 0.71 | Accuracy: 0.72
[Training] Itteration/Batch: 175/176: Loss: 0.94 | Accuracy: 0.80

Epoch 1: Val Bin. F1 Majority 0.0 | Val Macro F1 Majority 0.4231754161331626 |             Val Bin F1 Individual 0.17369727790355682 | Val Macro F1 Individual 0.5081996035871728 |             Val Accuracy Majority 0.7336292862892151 | Val Accuracy Individual 0.7357142567634583 | Training Loss:0.9782474040985107 |             Val Loss 0.9261337518692017 | Train Runtime Millis 14908.663875999991 | Val Runtime Millis 1898.0794579999838

______________________________	 Running Epoch 2 of 10 	______________________________
[Training] Itteration/Batch:   0/176: Loss: 0.93 | Accuracy: 0.78
[Training] Itteration/Batch:  25/176: Loss: 1.41 | Accuracy: 0.70
[Training] Itteration/Batch:  50/176: Loss: 0.85 | Accuracy: 0.83
[Training] Itteration/Batch:  75/176: Loss: 1.36 | Accuracy: 0.62
[Training] Itteration/Batch: 100/176: Loss: 0.77 | Accuracy: 0.76
[Training] Itteration/Batch: 125/176: Loss: 0.79 | Accuracy: 0.70
[Training] Itteration/Batch: 150/176: Loss: 1.03 | Accuracy: 0.59
[Training] Itteration/Batch: 175/176: Loss: 1.62 | Accuracy: 0.55

Epoch 2: Val Bin. F1 Majority 0.0 | Val Macro F1 Majority 0.4231754161331626 |             Val Bin F1 Individual 0.1675126850605011 | Val Macro F1 Individual 0.5066161758455859 |             Val Accuracy Majority 0.7336292862892151 | Val Accuracy Individual 0.7396825551986694 | Training Loss:0.9332565069198608 |             Val Loss 0.9233971238136292 | Train Runtime Millis 14334.062435000022 | Val Runtime Millis 1899.6447610000473

______________________________	 Running Epoch 3 of 10 	______________________________
[Training] Itteration/Batch:   0/176: Loss: 0.53 | Accuracy: 0.82
[Training] Itteration/Batch:  25/176: Loss: 0.86 | Accuracy: 0.80
[Training] Itteration/Batch:  50/176: Loss: 1.04 | Accuracy: 0.56
[Training] Itteration/Batch:  75/176: Loss: 0.46 | Accuracy: 0.89
[Training] Itteration/Batch: 100/176: Loss: 0.81 | Accuracy: 0.68
[Training] Itteration/Batch: 125/176: Loss: 0.82 | Accuracy: 0.81
[Training] Itteration/Batch: 150/176: Loss: 0.75 | Accuracy: 0.83
[Training] Itteration/Batch: 175/176: Loss: 0.43 | Accuracy: 0.86

Epoch 3: Val Bin. F1 Majority 0.3035230338573456 | Val Macro F1 Majority 0.5620895008670953 |             Val Bin F1 Individual 0.287937730550766 | Val Macro F1 Individual 0.5527425505584413 |             Val Accuracy Majority 0.7147613763809204 | Val Accuracy Individual 0.7095237970352173 | Training Loss:0.8507192730903625 |             Val Loss 0.9279775619506836 | Train Runtime Millis 14336.055195000028 | Val Runtime Millis 1907.4077150000335

