______________________________	 Running Epoch 1 of 10 	______________________________
[Training] Itteration/Batch:   0/396: Loss: 2.03 | Accuracy: 0.45
[Training] Itteration/Batch:  25/396: Loss: 1.53 | Accuracy: 0.91
[Training] Itteration/Batch:  50/396: Loss: 1.12 | Accuracy: 1.00
[Training] Itteration/Batch:  75/396: Loss: 0.74 | Accuracy: 1.00
[Training] Itteration/Batch: 100/396: Loss: 0.58 | Accuracy: 1.00
[Training] Itteration/Batch: 125/396: Loss: 0.45 | Accuracy: 1.00
[Training] Itteration/Batch: 150/396: Loss: 0.36 | Accuracy: 1.00
[Training] Itteration/Batch: 175/396: Loss: 0.32 | Accuracy: 1.00
[Training] Itteration/Batch: 200/396: Loss: 0.31 | Accuracy: 1.00
[Training] Itteration/Batch: 225/396: Loss: 0.23 | Accuracy: 1.00
[Training] Itteration/Batch: 250/396: Loss: 0.23 | Accuracy: 1.00
[Training] Itteration/Batch: 275/396: Loss: 0.21 | Accuracy: 1.00
[Training] Itteration/Batch: 300/396: Loss: 0.14 | Accuracy: 1.00
[Training] Itteration/Batch: 325/396: Loss: 0.14 | Accuracy: 1.00
[Training] Itteration/Batch: 350/396: Loss: 0.14 | Accuracy: 1.00
[Training] Itteration/Batch: 375/396: Loss: 0.12 | Accuracy: 1.00

Epoch 1: Val Bin. F1 Majority 0.0 | Val Macro F1 Majority 1.0 |             Val Bin F1 Individual 0.0 | Val Macro F1 Individual 1.0 |             Val Accuracy Majority 1.0 | Val Accuracy Individual 1.0 | Training Loss:0.5011016726493835 |             Val Loss 0.0977557823061943 | Train Runtime Millis 49621.44626400004 | Val Runtime Millis 9611.607998000181

______________________________	 Running Epoch 2 of 10 	______________________________
[Training] Itteration/Batch:   0/396: Loss: 0.09 | Accuracy: 1.00
[Training] Itteration/Batch:  25/396: Loss: 0.10 | Accuracy: 1.00
[Training] Itteration/Batch:  50/396: Loss: 0.10 | Accuracy: 1.00
[Training] Itteration/Batch:  75/396: Loss: 0.08 | Accuracy: 1.00
[Training] Itteration/Batch: 100/396: Loss: 0.08 | Accuracy: 1.00
[Training] Itteration/Batch: 125/396: Loss: 0.06 | Accuracy: 1.00
[Training] Itteration/Batch: 150/396: Loss: 0.05 | Accuracy: 1.00
[Training] Itteration/Batch: 175/396: Loss: 0.05 | Accuracy: 1.00
[Training] Itteration/Batch: 200/396: Loss: 0.06 | Accuracy: 1.00
[Training] Itteration/Batch: 225/396: Loss: 0.05 | Accuracy: 1.00
[Training] Itteration/Batch: 250/396: Loss: 0.04 | Accuracy: 1.00
[Training] Itteration/Batch: 275/396: Loss: 0.05 | Accuracy: 1.00
[Training] Itteration/Batch: 300/396: Loss: 0.05 | Accuracy: 1.00
[Training] Itteration/Batch: 325/396: Loss: 0.04 | Accuracy: 1.00
[Training] Itteration/Batch: 350/396: Loss: 0.05 | Accuracy: 1.00
[Training] Itteration/Batch: 375/396: Loss: 0.04 | Accuracy: 1.00

Epoch 2: Val Bin. F1 Majority 0.0 | Val Macro F1 Majority 1.0 |             Val Bin F1 Individual 0.0 | Val Macro F1 Individual 1.0 |             Val Accuracy Majority 1.0 | Val Accuracy Individual 1.0 | Training Loss:0.05982730910181999 |             Val Loss 0.03433556109666824 | Train Runtime Millis 49333.449044999725 | Val Runtime Millis 9615.555337999467

______________________________	 Running Epoch 3 of 10 	______________________________
[Training] Itteration/Batch:   0/396: Loss: 0.04 | Accuracy: 1.00
[Training] Itteration/Batch:  25/396: Loss: 0.03 | Accuracy: 1.00
[Training] Itteration/Batch:  50/396: Loss: 0.03 | Accuracy: 1.00
[Training] Itteration/Batch:  75/396: Loss: 0.04 | Accuracy: 1.00
[Training] Itteration/Batch: 100/396: Loss: 0.03 | Accuracy: 1.00
[Training] Itteration/Batch: 125/396: Loss: 0.03 | Accuracy: 1.00
[Training] Itteration/Batch: 150/396: Loss: 0.02 | Accuracy: 1.00
[Training] Itteration/Batch: 175/396: Loss: 0.03 | Accuracy: 1.00
[Training] Itteration/Batch: 200/396: Loss: 0.03 | Accuracy: 1.00
[Training] Itteration/Batch: 225/396: Loss: 0.02 | Accuracy: 1.00
[Training] Itteration/Batch: 250/396: Loss: 0.03 | Accuracy: 1.00
[Training] Itteration/Batch: 275/396: Loss: 0.02 | Accuracy: 1.00
[Training] Itteration/Batch: 300/396: Loss: 0.02 | Accuracy: 1.00
[Training] Itteration/Batch: 325/396: Loss: 0.02 | Accuracy: 1.00
[Training] Itteration/Batch: 350/396: Loss: 0.02 | Accuracy: 1.00
[Training] Itteration/Batch: 375/396: Loss: 0.02 | Accuracy: 1.00

Epoch 3: Val Bin. F1 Majority 0.0 | Val Macro F1 Majority 1.0 |             Val Bin F1 Individual 0.0 | Val Macro F1 Individual 1.0 |             Val Accuracy Majority 1.0 | Val Accuracy Individual 1.0 | Training Loss:0.02621697261929512 |             Val Loss 0.01855180598795414 | Train Runtime Millis 49448.508793000656 | Val Runtime Millis 9656.590963999406

______________________________	 Running Epoch 4 of 10 	______________________________
[Training] Itteration/Batch:   0/396: Loss: 0.02 | Accuracy: 1.00
[Training] Itteration/Batch:  25/396: Loss: 0.02 | Accuracy: 1.00
[Training] Itteration/Batch:  50/396: Loss: 0.02 | Accuracy: 1.00
[Training] Itteration/Batch:  75/396: Loss: 0.02 | Accuracy: 1.00
[Training] Itteration/Batch: 100/396: Loss: 0.01 | Accuracy: 1.00
[Training] Itteration/Batch: 125/396: Loss: 0.02 | Accuracy: 1.00
[Training] Itteration/Batch: 150/396: Loss: 0.01 | Accuracy: 1.00
[Training] Itteration/Batch: 175/396: Loss: 0.01 | Accuracy: 1.00
[Training] Itteration/Batch: 200/396: Loss: 0.01 | Accuracy: 1.00
[Training] Itteration/Batch: 225/396: Loss: 0.02 | Accuracy: 1.00
[Training] Itteration/Batch: 250/396: Loss: 0.01 | Accuracy: 1.00
[Training] Itteration/Batch: 275/396: Loss: 0.01 | Accuracy: 1.00
[Training] Itteration/Batch: 300/396: Loss: 0.01 | Accuracy: 1.00
[Training] Itteration/Batch: 325/396: Loss: 0.01 | Accuracy: 1.00
[Training] Itteration/Batch: 350/396: Loss: 0.01 | Accuracy: 1.00
[Training] Itteration/Batch: 375/396: Loss: 0.01 | Accuracy: 1.00

Epoch 4: Val Bin. F1 Majority 0.0 | Val Macro F1 Majority 1.0 |             Val Bin F1 Individual 0.0 | Val Macro F1 Individual 1.0 |             Val Accuracy Majority 1.0 | Val Accuracy Individual 1.0 | Training Loss:0.015486707910895348 |             Val Loss 0.011953127570450306 | Train Runtime Millis 49555.41790499956 | Val Runtime Millis 9880.797142999654

______________________________	 Running Epoch 5 of 10 	______________________________
[Training] Itteration/Batch:   0/396: Loss: 0.01 | Accuracy: 1.00
[Training] Itteration/Batch:  25/396: Loss: 0.01 | Accuracy: 1.00
[Training] Itteration/Batch:  50/396: Loss: 0.01 | Accuracy: 1.00
[Training] Itteration/Batch:  75/396: Loss: 0.01 | Accuracy: 1.00
[Training] Itteration/Batch: 100/396: Loss: 0.01 | Accuracy: 1.00
[Training] Itteration/Batch: 125/396: Loss: 0.01 | Accuracy: 1.00
[Training] Itteration/Batch: 150/396: Loss: 0.01 | Accuracy: 1.00
[Training] Itteration/Batch: 175/396: Loss: 0.01 | Accuracy: 1.00
[Training] Itteration/Batch: 200/396: Loss: 0.01 | Accuracy: 1.00
[Training] Itteration/Batch: 225/396: Loss: 0.01 | Accuracy: 1.00
[Training] Itteration/Batch: 250/396: Loss: 0.01 | Accuracy: 1.00
[Training] Itteration/Batch: 275/396: Loss: 0.01 | Accuracy: 1.00
[Training] Itteration/Batch: 300/396: Loss: 0.01 | Accuracy: 1.00
[Training] Itteration/Batch: 325/396: Loss: 0.01 | Accuracy: 1.00
[Training] Itteration/Batch: 350/396: Loss: 0.01 | Accuracy: 1.00
[Training] Itteration/Batch: 375/396: Loss: 0.01 | Accuracy: 1.00

Epoch 5: Val Bin. F1 Majority 0.0 | Val Macro F1 Majority 1.0 |             Val Bin F1 Individual 0.0 | Val Macro F1 Individual 1.0 |             Val Accuracy Majority 1.0 | Val Accuracy Individual 1.0 | Training Loss:0.010418909601867199 |             Val Loss 0.008471584878861904 | Train Runtime Millis 49454.4604269995 | Val Runtime Millis 9659.701319000305

______________________________	 Running Epoch 6 of 10 	______________________________
[Training] Itteration/Batch:   0/396: Loss: 0.01 | Accuracy: 1.00
[Training] Itteration/Batch:  25/396: Loss: 0.01 | Accuracy: 1.00
[Training] Itteration/Batch:  50/396: Loss: 0.01 | Accuracy: 1.00
[Training] Itteration/Batch:  75/396: Loss: 0.01 | Accuracy: 1.00
[Training] Itteration/Batch: 100/396: Loss: 0.01 | Accuracy: 1.00
[Training] Itteration/Batch: 125/396: Loss: 0.01 | Accuracy: 1.00
[Training] Itteration/Batch: 150/396: Loss: 0.01 | Accuracy: 1.00
[Training] Itteration/Batch: 175/396: Loss: 0.01 | Accuracy: 1.00
[Training] Itteration/Batch: 200/396: Loss: 0.01 | Accuracy: 1.00
[Training] Itteration/Batch: 225/396: Loss: 0.01 | Accuracy: 1.00
[Training] Itteration/Batch: 250/396: Loss: 0.01 | Accuracy: 1.00
[Training] Itteration/Batch: 275/396: Loss: 0.01 | Accuracy: 1.00
[Training] Itteration/Batch: 300/396: Loss: 0.01 | Accuracy: 1.00
[Training] Itteration/Batch: 325/396: Loss: 0.01 | Accuracy: 1.00
[Training] Itteration/Batch: 350/396: Loss: 0.01 | Accuracy: 1.00
[Training] Itteration/Batch: 375/396: Loss: 0.01 | Accuracy: 1.00

Epoch 6: Val Bin. F1 Majority 0.0 | Val Macro F1 Majority 1.0 |             Val Bin F1 Individual 0.0 | Val Macro F1 Individual 1.0 |             Val Accuracy Majority 1.0 | Val Accuracy Individual 1.0 | Training Loss:0.007617227267473936 |             Val Loss 0.006362290121614933 | Train Runtime Millis 49583.734716001345 | Val Runtime Millis 9632.913674999145

______________________________	 Running Epoch 7 of 10 	______________________________
[Training] Itteration/Batch:   0/396: Loss: 0.01 | Accuracy: 1.00
[Training] Itteration/Batch:  25/396: Loss: 0.01 | Accuracy: 1.00
[Training] Itteration/Batch:  50/396: Loss: 0.01 | Accuracy: 1.00
[Training] Itteration/Batch:  75/396: Loss: 0.01 | Accuracy: 1.00
[Training] Itteration/Batch: 100/396: Loss: 0.01 | Accuracy: 1.00
[Training] Itteration/Batch: 125/396: Loss: 0.01 | Accuracy: 1.00
[Training] Itteration/Batch: 150/396: Loss: 0.01 | Accuracy: 1.00
[Training] Itteration/Batch: 175/396: Loss: 0.01 | Accuracy: 1.00
[Training] Itteration/Batch: 200/396: Loss: 0.01 | Accuracy: 1.00
[Training] Itteration/Batch: 225/396: Loss: 0.00 | Accuracy: 1.00
[Training] Itteration/Batch: 250/396: Loss: 0.01 | Accuracy: 1.00
[Training] Itteration/Batch: 275/396: Loss: 0.00 | Accuracy: 1.00
[Training] Itteration/Batch: 300/396: Loss: 0.00 | Accuracy: 1.00
[Training] Itteration/Batch: 325/396: Loss: 0.00 | Accuracy: 1.00
[Training] Itteration/Batch: 350/396: Loss: 0.00 | Accuracy: 1.00
[Training] Itteration/Batch: 375/396: Loss: 0.01 | Accuracy: 1.00

Epoch 7: Val Bin. F1 Majority 0.0 | Val Macro F1 Majority 1.0 |             Val Bin F1 Individual 0.0 | Val Macro F1 Individual 1.0 |             Val Accuracy Majority 1.0 | Val Accuracy Individual 1.0 | Training Loss:0.0058234985917806625 |             Val Loss 0.004970805253833532 | Train Runtime Millis 49226.87305799991 | Val Runtime Millis 9628.351813998961

______________________________	 Running Epoch 8 of 10 	______________________________
[Training] Itteration/Batch:   0/396: Loss: 0.01 | Accuracy: 1.00
[Training] Itteration/Batch:  25/396: Loss: 0.01 | Accuracy: 1.00
[Training] Itteration/Batch:  50/396: Loss: 0.00 | Accuracy: 1.00
[Training] Itteration/Batch:  75/396: Loss: 0.00 | Accuracy: 1.00
[Training] Itteration/Batch: 100/396: Loss: 0.01 | Accuracy: 1.00
[Training] Itteration/Batch: 125/396: Loss: 0.00 | Accuracy: 1.00
[Training] Itteration/Batch: 150/396: Loss: 0.01 | Accuracy: 1.00
[Training] Itteration/Batch: 175/396: Loss: 0.01 | Accuracy: 1.00
[Training] Itteration/Batch: 200/396: Loss: 0.00 | Accuracy: 1.00
[Training] Itteration/Batch: 225/396: Loss: 0.00 | Accuracy: 1.00
[Training] Itteration/Batch: 250/396: Loss: 0.01 | Accuracy: 1.00
[Training] Itteration/Batch: 275/396: Loss: 0.01 | Accuracy: 1.00
[Training] Itteration/Batch: 300/396: Loss: 0.00 | Accuracy: 1.00
[Training] Itteration/Batch: 325/396: Loss: 0.00 | Accuracy: 1.00
[Training] Itteration/Batch: 350/396: Loss: 0.00 | Accuracy: 1.00
[Training] Itteration/Batch: 375/396: Loss: 0.00 | Accuracy: 1.00

Epoch 8: Val Bin. F1 Majority 0.0 | Val Macro F1 Majority 1.0 |             Val Bin F1 Individual 0.0 | Val Macro F1 Individual 1.0 |             Val Accuracy Majority 1.0 | Val Accuracy Individual 1.0 | Training Loss:0.0046298266388475895 |             Val Loss 0.003994110971689224 | Train Runtime Millis 49317.47841300057 | Val Runtime Millis 9605.827854999006

______________________________	 Running Epoch 9 of 10 	______________________________
[Training] Itteration/Batch:   0/396: Loss: 0.00 | Accuracy: 1.00
[Training] Itteration/Batch:  25/396: Loss: 0.00 | Accuracy: 1.00
[Training] Itteration/Batch:  50/396: Loss: 0.00 | Accuracy: 1.00
[Training] Itteration/Batch:  75/396: Loss: 0.00 | Accuracy: 1.00
[Training] Itteration/Batch: 100/396: Loss: 0.00 | Accuracy: 1.00
[Training] Itteration/Batch: 125/396: Loss: 0.00 | Accuracy: 1.00
[Training] Itteration/Batch: 150/396: Loss: 0.00 | Accuracy: 1.00
[Training] Itteration/Batch: 175/396: Loss: 0.00 | Accuracy: 1.00
[Training] Itteration/Batch: 200/396: Loss: 0.00 | Accuracy: 1.00
[Training] Itteration/Batch: 225/396: Loss: 0.00 | Accuracy: 1.00
[Training] Itteration/Batch: 250/396: Loss: 0.00 | Accuracy: 1.00
[Training] Itteration/Batch: 275/396: Loss: 0.00 | Accuracy: 1.00
[Training] Itteration/Batch: 300/396: Loss: 0.00 | Accuracy: 1.00
[Training] Itteration/Batch: 325/396: Loss: 0.00 | Accuracy: 1.00
[Training] Itteration/Batch: 350/396: Loss: 0.00 | Accuracy: 1.00
[Training] Itteration/Batch: 375/396: Loss: 0.00 | Accuracy: 1.00

Epoch 9: Val Bin. F1 Majority 0.0 | Val Macro F1 Majority 1.0 |             Val Bin F1 Individual 0.0 | Val Macro F1 Individual 1.0 |             Val Accuracy Majority 1.0 | Val Accuracy Individual 1.0 | Training Loss:0.0037514620926231146 |             Val Loss 0.003277142532169819 | Train Runtime Millis 49269.98367200031 | Val Runtime Millis 9628.474486000414

______________________________	 Running Epoch 10 of 10 	______________________________
[Training] Itteration/Batch:   0/396: Loss: 0.00 | Accuracy: 1.00
[Training] Itteration/Batch:  25/396: Loss: 0.00 | Accuracy: 1.00
[Training] Itteration/Batch:  50/396: Loss: 0.00 | Accuracy: 1.00
[Training] Itteration/Batch:  75/396: Loss: 0.00 | Accuracy: 1.00
[Training] Itteration/Batch: 100/396: Loss: 0.00 | Accuracy: 1.00
[Training] Itteration/Batch: 125/396: Loss: 0.00 | Accuracy: 1.00
[Training] Itteration/Batch: 150/396: Loss: 0.00 | Accuracy: 1.00
[Training] Itteration/Batch: 175/396: Loss: 0.00 | Accuracy: 1.00
[Training] Itteration/Batch: 200/396: Loss: 0.00 | Accuracy: 1.00
[Training] Itteration/Batch: 225/396: Loss: 0.00 | Accuracy: 1.00
[Training] Itteration/Batch: 250/396: Loss: 0.00 | Accuracy: 1.00
[Training] Itteration/Batch: 275/396: Loss: 0.00 | Accuracy: 1.00
[Training] Itteration/Batch: 300/396: Loss: 0.00 | Accuracy: 1.00
[Training] Itteration/Batch: 325/396: Loss: 0.00 | Accuracy: 1.00
[Training] Itteration/Batch: 350/396: Loss: 0.00 | Accuracy: 1.00
[Training] Itteration/Batch: 375/396: Loss: 0.00 | Accuracy: 1.00

Epoch 10: Val Bin. F1 Majority 0.0 | Val Macro F1 Majority 1.0 |             Val Bin F1 Individual 0.0 | Val Macro F1 Individual 1.0 |             Val Accuracy Majority 1.0 | Val Accuracy Individual 1.0 | Training Loss:0.0031062299385666847 |             Val Loss 0.002736098365858197 | Train Runtime Millis 49362.703282999064 | Val Runtime Millis 9619.333343998733

