Device cuda
CUDA IS AVAILABLE: True
Split type sit
Training Size: 28728, NTA labels 25249, YTA labels 3479
Validation Size: 16201, NTA labels 14128, YTA labels 2073
Test Size: 16229, NTA labels 14131, YTA labels 2098
Training with SBERT, model name is sbert
Tokenizing the dataset
Number of training steps 8980
Epoch 0 **** Loss 0.04704856872558594 **** Metrics validation: {'accuracy': 0.8909326584778717, 'f1_weighted': 0.8881314540892449, 'macro': 0.743202188402988, 'micro': 0.8909326584778717, 'binary': 0.5484283158701764, 'accuracy_majority': 0.9177661304897885, 'macro_majority': 0.7134793640930039, 'binary_majority': 0.47154471544715443, 'run_time_millis': 11205.522021278739, 'loss_mean': 0.13042619824409485}
Epoch 1 **** Loss 0.10171619802713394 **** Metrics validation: {'accuracy': 0.8463675081785075, 'f1_weighted': 0.8621664256457153, 'macro': 0.7314485463957572, 'micro': 0.8463675081785075, 'binary': 0.5557736926646439, 'accuracy_majority': 0.8581239833724923, 'macro_majority': 0.7091305407959785, 'binary_majority': 0.5009535918626826, 'run_time_millis': 13315.999806392938, 'loss_mean': 0.1214832216501236}
Epoch 2 **** Loss 0.2017131894826889 **** Metrics validation: {'accuracy': 0.809888278501327, 'f1_weighted': 0.8355131795578767, 'macro': 0.7025922749809811, 'micro': 0.8098882785013272, 'binary': 0.5239567233384853, 'accuracy_majority': 0.8151093439363817, 'macro_majority': 0.6759309530921214, 'binary_majority': 0.4635553224960671, 'run_time_millis': 11222.279484849423, 'loss_mean': 0.13180233538150787}
Epoch 3 **** Loss 0.12272820621728897 **** Metrics validation: {'accuracy': 0.8429109314239862, 'f1_weighted': 0.8598293119675701, 'macro': 0.7295091346813691, 'micro': 0.8429109314239862, 'binary': 0.554368762038172, 'accuracy_majority': 0.8525212362190493, 'macro_majority': 0.7067521729913081, 'binary_majority': 0.5, 'run_time_millis': 13307.934322860092, 'loss_mean': 0.13361796736717224}
Epoch 4 **** Loss 0.01759374886751175 **** Metrics validation: {'accuracy': 0.8572310351212888, 'f1_weighted': 0.8692996170198164, 'macro': 0.7369185844568038, 'micro': 0.8572310351212888, 'binary': 0.5590085795996187, 'accuracy_majority': 0.8677028736670884, 'macro_majority': 0.7164631533907461, 'binary_majority': 0.5093833780160858, 'run_time_millis': 13357.65284113586, 'loss_mean': 0.16474144160747528}
Epoch 5 **** Loss 0.07276896387338638 **** Metrics validation: {'accuracy': 0.8369853712733781, 'f1_weighted': 0.854907407637841, 'macro': 0.7212956894105067, 'micro': 0.8369853712733781, 'binary': 0.5417317369425645, 'accuracy_majority': 0.8409542743538767, 'macro_majority': 0.6950782056292021, 'binary_majority': 0.48417350527549824, 'run_time_millis': 13328.24767427519, 'loss_mean': 0.1585337072610855}
Epoch 6 **** Loss 0.11519988626241684 **** Metrics validation: {'accuracy': 0.8429726560088884, 'f1_weighted': 0.8591279636982241, 'macro': 0.7255530431255617, 'micro': 0.8429726560088884, 'binary': 0.5460385438972163, 'accuracy_majority': 0.8469184890656064, 'macro_majority': 0.7005972465391677, 'binary_majority': 0.49129129129129134, 'run_time_millis': 13342.394607141614, 'loss_mean': 0.1750989407300949}
Epoch 7 **** Loss 0.016861293464899063 **** Metrics validation: {'accuracy': 0.8600086414418863, 'f1_weighted': 0.8709926578369742, 'macro': 0.7377810706711956, 'micro': 0.8600086414418863, 'binary': 0.5587548638132295, 'accuracy_majority': 0.8702331465750949, 'macro_majority': 0.7218859892548575, 'binary_majority': 0.5187667560321716, 'run_time_millis': 11219.334343913943, 'loss_mean': 0.2157812863588333}
Epoch 8 **** Loss 0.025789594277739525 **** Metrics validation: {'accuracy': 0.8614900314795383, 'f1_weighted': 0.8720080083722558, 'macro': 0.7388208114797034, 'micro': 0.8614900314795383, 'binary': 0.5598273832875638, 'accuracy_majority': 0.8724019519248147, 'macro_majority': 0.7233963879145481, 'binary_majority': 0.5203804347826088, 'run_time_millis': 13328.04050669074, 'loss_mean': 0.21868275105953217}
Epoch 9 **** Loss 0.045608241111040115 **** Metrics validation: {'accuracy': 0.8588975989136473, 'f1_weighted': 0.8701522683015562, 'macro': 0.7366138436251359, 'micro': 0.8588975989136473, 'binary': 0.5571483920960868, 'accuracy_majority': 0.8696909452376649, 'macro_majority': 0.7202489342155025, 'binary_majority': 0.5157824042981868, 'run_time_millis': 13342.102319002151, 'loss_mean': 0.22744838893413544}
Evaluating
{'accuracy': 0.8909326584778717, 'f1_weighted': 0.8881314540892449, 'macro': 0.743202188402988, 'micro': 0.8909326584778717, 'binary': 0.5484283158701764, 'accuracy_majority': 0.9177661304897885, 'macro_majority': 0.7134793640930039, 'binary_majority': 0.47154471544715443, 'run_time_millis': 13410.838730167598, 'loss_mean': 0.13042619824409485}
