Device cuda
Split type sit
Training Size: 120703, NTA labels 117744, YTA labels 2959
Validation Size: 40267, NTA labels 39311, YTA labels 956
Test Size: 40440, NTA labels 39454, YTA labels 986
Training with SBERT, model name is sbert
Tokenizing the dataset
Number of training steps 37720
Epoch 0 **** Loss 0.011425253935158253 **** Metrics validation: {'accuracy': 0.9723843345667669, 'f1_weighted': 0.9713179657935844, 'macro': 0.6791710065406638, 'micro': 0.9723843345667669, 'binary': 0.37246049661399544, 'accuracy_majority': 0.9810344827586207, 'macro_majority': 0.721543174556204, 'binary_majority': 0.4527363184079602, 'run_time_millis': 16905.668774968944, 'loss_mean': 0.04045650362968445}
Epoch 1 **** Loss 0.04793195053935051 **** Metrics validation: {'accuracy': 0.9729306876598703, 'f1_weighted': 0.9718205570398476, 'macro': 0.6841242061548922, 'micro': 0.9729306876598703, 'binary': 0.38208616780045346, 'accuracy_majority': 0.9821551724137931, 'macro_majority': 0.7238107627536523, 'binary_majority': 0.4566929133858268, 'run_time_millis': 16863.726301991846, 'loss_mean': 0.041647769510746}
Epoch 2 **** Loss 0.07788903266191483 **** Metrics validation: {'accuracy': 0.9648595624208409, 'f1_weighted': 0.9676934331773019, 'macro': 0.682409672379245, 'micro': 0.9648595624208409, 'binary': 0.38290449193196685, 'accuracy_majority': 0.9725862068965517, 'macro_majority': 0.6952322788079358, 'binary_majority': 0.4044943820224719, 'run_time_millis': 16847.01846499229, 'loss_mean': 0.04491499438881874}
Epoch 3 **** Loss 0.0032907999120652676 **** Metrics validation: {'accuracy': 0.9640400327811856, 'f1_weighted': 0.9671450750120183, 'macro': 0.6794786625395972, 'micro': 0.9640400327811856, 'binary': 0.3774720550300945, 'accuracy_majority': 0.9722413793103448, 'macro_majority': 0.6913987225665263, 'binary_majority': 0.39700374531835214, 'run_time_millis': 15761.054706003051, 'loss_mean': 0.057927653193473816}
Epoch 4 **** Loss 0.011038416065275669 **** Metrics validation: {'accuracy': 0.9506792162316537, 'f1_weighted': 0.959256976278503, 'macro': 0.6557514535876307, 'micro': 0.9506792162316537, 'binary': 0.3371161548731642, 'accuracy_majority': 0.9575862068965517, 'macro_majority': 0.6529855211200192, 'binary_majority': 0.32786885245901637, 'run_time_millis': 14786.262791021727, 'loss_mean': 0.06038631126284599}
Epoch 5 **** Loss 0.025725187733769417 **** Metrics validation: {'accuracy': 0.967044974793255, 'f1_weighted': 0.9684179315973505, 'macro': 0.6742293381835411, 'micro': 0.967044974793255, 'binary': 0.365375418460067, 'accuracy_majority': 0.9778448275862069, 'macro_majority': 0.7068803572968375, 'binary_majority': 0.4250559284116331, 'run_time_millis': 16909.713915956672, 'loss_mean': 0.08658762276172638}
Epoch 6 **** Loss 0.011581295169889927 **** Metrics validation: {'accuracy': 0.9644373804852608, 'f1_weighted': 0.9671857530051525, 'macro': 0.6759873331144117, 'micro': 0.9644373804852608, 'binary': 0.3702726473175022, 'accuracy_majority': 0.9738793103448276, 'macro_majority': 0.6909304875864377, 'binary_majority': 0.39520958083832336, 'run_time_millis': 16838.05995399598, 'loss_mean': 0.08851349353790283}
Epoch 7 **** Loss 0.0243831854313612 **** Metrics validation: {'accuracy': 0.9632205031415303, 'f1_weighted': 0.9665999712163401, 'macro': 0.6766234656026163, 'micro': 0.9632205031415303, 'binary': 0.3721916066129716, 'accuracy_majority': 0.9724137931034482, 'macro_majority': 0.6944328832364827, 'binary_majority': 0.4029850746268657, 'run_time_millis': 16839.471140003297, 'loss_mean': 0.09928055107593536}
Epoch 8 **** Loss 0.005246476735919714 **** Metrics validation: {'accuracy': 0.9669704720987409, 'f1_weighted': 0.9686551712132696, 'macro': 0.6801880527411605, 'micro': 0.9669704720987409, 'binary': 0.3773408239700374, 'accuracy_majority': 0.9771551724137931, 'macro_majority': 0.7029657526470012, 'binary_majority': 0.41758241758241754, 'run_time_millis': 16839.38646997558, 'loss_mean': 0.10494915395975113}
Epoch 9 **** Loss 0.00015099030861165375 **** Metrics validation: {'accuracy': 0.9642387066332232, 'f1_weighted': 0.9670912116857172, 'macro': 0.6761129369825022, 'micro': 0.9642387066332232, 'binary': 0.3706293706293706, 'accuracy_majority': 0.9741379310344828, 'macro_majority': 0.6933920704845814, 'binary_majority': 0.39999999999999997, 'run_time_millis': 16914.310424996074, 'loss_mean': 0.10267068445682526}
Evaluating
{'accuracy': 0.9729306876598703, 'f1_weighted': 0.9718205570398476, 'macro': 0.6841242061548922, 'micro': 0.9729306876598703, 'binary': 0.38208616780045346, 'accuracy_majority': 0.9821551724137931, 'macro_majority': 0.7238107627536523, 'binary_majority': 0.4566929133858268, 'run_time_millis': 16824.164924037177, 'loss_mean': 0.041647769510746}
Device cuda
Split type sit
Training Size: 120703, NTA labels 117744, YTA labels 2959
Validation Size: 40267, NTA labels 39311, YTA labels 956
Test Size: 40440, NTA labels 39454, YTA labels 986
Training with SBERT, model name is sbert
Tokenizing the dataset
Number of training steps 37720
Epoch 0 **** Loss 0.03585707023739815 **** Metrics validation: {'accuracy': 0.9569374425708397, 'f1_weighted': 0.9626736237215728, 'macro': 0.6604603983968891, 'micro': 0.9569374425708397, 'binary': 0.3431818181818182, 'accuracy_majority': 0.964396551724138, 'macro_majority': 0.6676858475637498, 'binary_majority': 0.3536776212832551, 'run_time_millis': 16827.659645990934, 'loss_mean': 0.0416790172457695}
Epoch 1 **** Loss 0.013565659523010254 **** Metrics validation: {'accuracy': 0.9707204410559516, 'f1_weighted': 0.9709626807272359, 'macro': 0.6894141173298813, 'micro': 0.9707204410559516, 'binary': 0.39383033419023133, 'accuracy_majority': 0.978448275862069, 'macro_majority': 0.7167277167277167, 'binary_majority': 0.4444444444444444, 'run_time_millis': 16812.73050996242, 'loss_mean': 0.04373697564005852}
Epoch 2 **** Loss 0.05068202689290047 **** Metrics validation: {'accuracy': 0.9568629398763255, 'f1_weighted': 0.9630830577132868, 'macro': 0.6703559170548129, 'micro': 0.9568629398763255, 'binary': 0.36303630363036304, 'accuracy_majority': 0.9639655172413794, 'macro_majority': 0.6740609287193138, 'binary_majority': 0.36666666666666664, 'run_time_millis': 14820.412994013168, 'loss_mean': 0.04625668004155159}
Epoch 3 **** Loss 0.0639001652598381 **** Metrics validation: {'accuracy': 0.9599175503514044, 'f1_weighted': 0.96467708795867, 'macro': 0.6711850221601603, 'micro': 0.9599175503514044, 'binary': 0.3630623520126282, 'accuracy_majority': 0.9668103448275862, 'macro_majority': 0.6732985978394255, 'binary_majority': 0.3636363636363637, 'run_time_millis': 14801.423861004878, 'loss_mean': 0.051517315208911896}
Epoch 4 **** Loss 0.00041946282726712525 **** Metrics validation: {'accuracy': 0.9609357538430974, 'f1_weighted': 0.9653308289226021, 'macro': 0.6741855704175846, 'micro': 0.9609357538430974, 'binary': 0.36852669610598154, 'accuracy_majority': 0.969396551724138, 'macro_majority': 0.6834590439586836, 'binary_majority': 0.3826086956521739, 'run_time_millis': 15795.39498797385, 'loss_mean': 0.06609003245830536}
Epoch 5 **** Loss 0.10836803168058395 **** Metrics validation: {'accuracy': 0.9558447363846326, 'f1_weighted': 0.9625636428004285, 'macro': 0.6703826274060388, 'micro': 0.9558447363846326, 'binary': 0.36363636363636365, 'accuracy_majority': 0.9645689655172414, 'macro_majority': 0.6790471640313631, 'binary_majority': 0.37632776934749623, 'run_time_millis': 16808.221688959748, 'loss_mean': 0.06993705779314041}
Epoch 6 **** Loss 0.021196017041802406 **** Metrics validation: {'accuracy': 0.9551742121340056, 'f1_weighted': 0.961969110256031, 'macro': 0.6647988508828346, 'micro': 0.9551742121340056, 'binary': 0.35281462889924703, 'accuracy_majority': 0.9622413793103448, 'macro_majority': 0.6682164873054017, 'binary_majority': 0.3558823529411765, 'run_time_millis': 16879.411724046804, 'loss_mean': 0.07622558623552322}
Epoch 7 **** Loss 0.02693508192896843 **** Metrics validation: {'accuracy': 0.9600665557404326, 'f1_weighted': 0.9648650396658224, 'macro': 0.6736532501747925, 'micro': 0.9600665557404326, 'binary': 0.36792452830188677, 'accuracy_majority': 0.968103448275862, 'macro_majority': 0.6885318471106467, 'binary_majority': 0.39344262295081966, 'run_time_millis': 16888.963046018034, 'loss_mean': 0.08600550144910812}
Epoch 8 **** Loss 0.01090917456895113 **** Metrics validation: {'accuracy': 0.9641890381702138, 'f1_weighted': 0.9672445299111007, 'macro': 0.680005839416702, 'micro': 0.9641890381702137, 'binary': 0.378448275862069, 'accuracy_majority': 0.9733620689655172, 'macro_majority': 0.7022240731450128, 'binary_majority': 0.4180790960451977, 'run_time_millis': 16807.083223946393, 'loss_mean': 0.0978727713227272}
Epoch 9 **** Loss 0.012541121803224087 **** Metrics validation: {'accuracy': 0.961556609630715, 'f1_weighted': 0.9657035989801511, 'macro': 0.6754521820136868, 'micro': 0.961556609630715, 'binary': 0.37073170731707317, 'accuracy_majority': 0.9706896551724138, 'macro_majority': 0.6952843868170013, 'binary_majority': 0.40559440559440557, 'run_time_millis': 16891.313382948283, 'loss_mean': 0.09782745689153671}
Evaluating
{'accuracy': 0.9707204410559516, 'f1_weighted': 0.9709626807272359, 'macro': 0.6894141173298813, 'micro': 0.9707204410559516, 'binary': 0.39383033419023133, 'accuracy_majority': 0.978448275862069, 'macro_majority': 0.7167277167277167, 'binary_majority': 0.4444444444444444, 'run_time_millis': 14781.756665033754, 'loss_mean': 0.04373697564005852}
