Device cuda
DATASET: GE'fear, MODEL: uid, 
Split type sit
DATASET: GE'fear, MODEL: uid, PERCENTAGE: False, NUM_COMMENTS_PER_ANNO: 14
Training Size: 20311, NTA labels 20001, YTA labels 310
Validation Size: 6766, NTA labels 6671, YTA labels 95
Test Size: 6625, NTA labels 6529, YTA labels 96
Training with SBERT, model name is sbert
Tokenizing the dataset
Number of training steps 6350
Epoch 0 **** Loss 0.010908139869570732 **** Metrics validation: {'accuracy': 0.9676322790422702, 'f1_weighted': 0.9739605022572055, 'macro': 0.6462880938996051, 'micro': 0.9676322790422702, 'binary': 0.30914826498422715, 'accuracy_majority': 0.972310969116081, 'macro_majority': 0.6679270946681175, 'binary_majority': 0.35, 'run_time_millis': 4860.28278793674, 'loss_mean': 0.022265812382102013}
Epoch 1 **** Loss 0.0037344798911362886 **** Metrics validation: {'accuracy': 0.9488619568430388, 'f1_weighted': 0.9631269942906997, 'macro': 0.6023312779221661, 'micro': 0.9488619568430388, 'binary': 0.2311111111111111, 'accuracy_majority': 0.9542066027689031, 'macro_majority': 0.6174971580143994, 'binary_majority': 0.25862068965517243, 'run_time_millis': 4729.373392998241, 'loss_mean': 0.021483158692717552}
Epoch 2 **** Loss 0.00309152714908123 **** Metrics validation: {'accuracy': 0.948566361217854, 'f1_weighted': 0.9630015006001518, 'macro': 0.6034353014410992, 'micro': 0.948566361217854, 'binary': 0.23348017621145373, 'accuracy_majority': 0.9526091586794462, 'macro_majority': 0.6138150613558594, 'binary_majority': 0.25210084033613445, 'run_time_millis': 4732.880310970359, 'loss_mean': 0.0289926677942276}
Epoch 3 **** Loss 0.004524941556155682 **** Metrics validation: {'accuracy': 0.9609813774756134, 'f1_weighted': 0.9701541469502845, 'macro': 0.631277000515239, 'micro': 0.9609813774756134, 'binary': 0.2826086956521739, 'accuracy_majority': 0.966986155484558, 'macro_majority': 0.6617474464599046, 'binary_majority': 0.34042553191489366, 'run_time_millis': 4778.243015985936, 'loss_mean': 0.03899567201733589}
Epoch 4 **** Loss 0.0008183509344235063 **** Metrics validation: {'accuracy': 0.9496009459060006, 'f1_weighted': 0.9636381089427428, 'macro': 0.6072350814152643, 'micro': 0.9496009459060007, 'binary': 0.24053452115812918, 'accuracy_majority': 0.9552715654952076, 'macro_majority': 0.6263925729442971, 'binary_majority': 0.27586206896551724, 'run_time_millis': 4843.5249460162595, 'loss_mean': 0.03666083887219429}
Epoch 5 **** Loss 0.0042100222781300545 **** Metrics validation: {'accuracy': 0.9544782737215489, 'f1_weighted': 0.9663574918476716, 'macro': 0.6144757873549609, 'micro': 0.9544782737215489, 'binary': 0.2524271844660194, 'accuracy_majority': 0.9589989350372737, 'macro_majority': 0.6296360800424133, 'binary_majority': 0.2803738317757009, 'run_time_millis': 4796.6961519559845, 'loss_mean': 0.04851650819182396}
Epoch 6 **** Loss 0.003977499902248383 **** Metrics validation: {'accuracy': 0.966006503103754, 'f1_weighted': 0.9730370036347558, 'macro': 0.6428043501214233, 'micro': 0.966006503103754, 'binary': 0.30303030303030304, 'accuracy_majority': 0.9712460063897763, 'macro_majority': 0.671218487394958, 'binary_majority': 0.35714285714285715, 'run_time_millis': 3038.6826049070805, 'loss_mean': 0.06018510088324547}
Epoch 7 **** Loss 0.00319617404602468 **** Metrics validation: {'accuracy': 0.9722140112326337, 'f1_weighted': 0.9767138201976507, 'macro': 0.6619186738790229, 'micro': 0.9722140112326337, 'binary': 0.3380281690140845, 'accuracy_majority': 0.9776357827476039, 'macro_majority': 0.7026330076004343, 'binary_majority': 0.4166666666666667, 'run_time_millis': 4755.781332030892, 'loss_mean': 0.06752762943506241}
Epoch 8 **** Loss 0.0021184415090829134 **** Metrics validation: {'accuracy': 0.9726574046704108, 'f1_weighted': 0.9767954221388279, 'macro': 0.6566589177587141, 'micro': 0.9726574046704108, 'binary': 0.32727272727272727, 'accuracy_majority': 0.9781682641107561, 'macro_majority': 0.6973384747821371, 'binary_majority': 0.40579710144927544, 'run_time_millis': 3822.7007309906185, 'loss_mean': 0.07135561853647232}
Epoch 9 **** Loss 0.0050206552259624004 **** Metrics validation: {'accuracy': 0.9720662134200414, 'f1_weighted': 0.9767463085469207, 'macro': 0.6658745352705757, 'micro': 0.9720662134200414, 'binary': 0.3460207612456747, 'accuracy_majority': 0.9771033013844516, 'macro_majority': 0.6996418196898746, 'binary_majority': 0.410958904109589, 'run_time_millis': 4796.38099600561, 'loss_mean': 0.06873314082622528}
Evaluating
{'accuracy': 0.9726574046704108, 'f1_weighted': 0.9767954221388279, 'macro': 0.6566589177587141, 'micro': 0.9726574046704108, 'binary': 0.32727272727272727, 'accuracy_majority': 0.9781682641107561, 'macro_majority': 0.6973384747821371, 'binary_majority': 0.40579710144927544, 'run_time_millis': 4034.7581109963357, 'loss_mean': 0.07135561853647232}
