Device cuda
Split type sit
Training Size: 46667, NTA labels 44905, YTA labels 1762
Validation Size: 15411, NTA labels 14772, YTA labels 639
Test Size: 15484, NTA labels 14875, YTA labels 609
Training with SBERT, model name is sbert
Tokenizing the dataset
Number of training steps 14590
Epoch 0 **** Loss 0.09171348065137863 **** Metrics validation: {'accuracy': 0.9153202258127312, 'f1_weighted': 0.9303424229180405, 'macro': 0.6619369719833551, 'micro': 0.9153202258127312, 'binary': 0.36926051232479457, 'accuracy_majority': 0.9170916983179599, 'macro_majority': 0.6847499478781947, 'binary_majority': 0.4141104294478527, 'run_time_millis': 8850.401559000602, 'loss_mean': 0.05813128501176834}
Epoch 1 **** Loss 0.06213100254535675 **** Metrics validation: {'accuracy': 0.9178508857309714, 'f1_weighted': 0.9319938819402611, 'macro': 0.6661920662143426, 'micro': 0.9178508857309714, 'binary': 0.37635467980295567, 'accuracy_majority': 0.9207813347802496, 'macro_majority': 0.692672007186969, 'binary_majority': 0.4278996865203762, 'run_time_millis': 7734.379862999049, 'loss_mean': 0.057780519127845764}
Epoch 2 **** Loss 0.04117340222001076 **** Metrics validation: {'accuracy': 0.9358250600220621, 'f1_weighted': 0.9427196624625113, 'macro': 0.6842543672612666, 'micro': 0.9358250600220621, 'binary': 0.40241691842900296, 'accuracy_majority': 0.9355398806294086, 'macro_majority': 0.7016554909635087, 'binary_majority': 0.4375, 'run_time_millis': 8736.969432999103, 'loss_mean': 0.05969804525375366}
Epoch 3 **** Loss 0.0218073520809412 **** Metrics validation: {'accuracy': 0.9358899487379144, 'f1_weighted': 0.942624198022226, 'macro': 0.682582817871479, 'micro': 0.9358899487379144, 'binary': 0.39902676399026765, 'accuracy_majority': 0.9352143244709712, 'macro_majority': 0.7004151386837011, 'binary_majority': 0.43519394512772, 'run_time_millis': 8858.219911999186, 'loss_mean': 0.07155874371528625}
Epoch 4 **** Loss 0.010551013983786106 **** Metrics validation: {'accuracy': 0.9279735254039323, 'f1_weighted': 0.9378469846622217, 'macro': 0.6735636519019865, 'micro': 0.9279735254039323, 'binary': 0.3853820598006645, 'accuracy_majority': 0.9274009766684753, 'macro_majority': 0.692516335600394, 'binary_majority': 0.4237726098191215, 'run_time_millis': 7744.141099999979, 'loss_mean': 0.07690371572971344}
Epoch 5 **** Loss 0.0006500051822513342 **** Metrics validation: {'accuracy': 0.9458179222633184, 'f1_weighted': 0.9477091780929392, 'macro': 0.6830644390827355, 'micro': 0.9458179222633184, 'binary': 0.39448875997099353, 'accuracy_majority': 0.9430276722734672, 'macro_majority': 0.6910786798489273, 'binary_majority': 0.4120940649496081, 'run_time_millis': 8780.845368999508, 'loss_mean': 0.10652747750282288}
Epoch 6 **** Loss 0.0025265179574489594 **** Metrics validation: {'accuracy': 0.936409058464733, 'f1_weighted': 0.942158049346087, 'macro': 0.6731166979349107, 'micro': 0.936409058464733, 'binary': 0.37974683544303794, 'accuracy_majority': 0.9344546934346175, 'macro_majority': 0.6854135373023245, 'binary_majority': 0.40551181102362205, 'run_time_millis': 8863.762746999782, 'loss_mean': 0.1046530231833458}
Epoch 7 **** Loss 0.06993123888969421 **** Metrics validation: {'accuracy': 0.9358250600220621, 'f1_weighted': 0.941824234323556, 'macro': 0.6726612806632012, 'micro': 0.9358250600220621, 'binary': 0.3791588198367859, 'accuracy_majority': 0.934020618556701, 'macro_majority': 0.6856597581293806, 'binary_majority': 0.40625, 'run_time_millis': 8670.21737199866, 'loss_mean': 0.11379383504390717}
Epoch 8 **** Loss 0.021011536940932274 **** Metrics validation: {'accuracy': 0.940367270131724, 'f1_weighted': 0.9440499913685468, 'macro': 0.6715479011066835, 'micro': 0.940367270131724, 'binary': 0.3744043567052417, 'accuracy_majority': 0.9381443298969072, 'macro_majority': 0.6843240385752654, 'binary_majority': 0.4012605042016807, 'run_time_millis': 8738.723996999397, 'loss_mean': 0.1251976042985916}
Epoch 9 **** Loss 0.00407967297360301 **** Metrics validation: {'accuracy': 0.9396534942573487, 'f1_weighted': 0.9433971184959872, 'macro': 0.6678312780549669, 'micro': 0.9396534942573487, 'binary': 0.3673469387755102, 'accuracy_majority': 0.9371676614215952, 'macro_majority': 0.6796578276074547, 'binary_majority': 0.39244491080797483, 'run_time_millis': 8862.162436998915, 'loss_mean': 0.1275312751531601}
Evaluating
{'accuracy': 0.9458179222633184, 'f1_weighted': 0.9477091780929392, 'macro': 0.6830644390827355, 'micro': 0.9458179222633184, 'binary': 0.39448875997099353, 'accuracy_majority': 0.9430276722734672, 'macro_majority': 0.6910786798489273, 'binary_majority': 0.4120940649496081, 'run_time_millis': 8866.1331229996, 'loss_mean': 0.10652747750282288}
