Device cuda
Split type sit
Training Size: 2819, NTA labels 2763, YTA labels 56
Validation Size: 972, NTA labels 954, YTA labels 18
Test Size: 887, NTA labels 869, YTA labels 18
Training with SBERT, model name is sbert
Tokenizing the dataset
Number of training steps 890
Epoch 0 **** Loss 0.016110947355628014 **** Metrics validation: {'accuracy': 0.7613168724279835, 'f1_weighted': 0.8483970440334077, 'macro': 0.4675230224321133, 'micro': 0.7613168724279835, 'binary': 0.072, 'accuracy_majority': 0.7613168724279835, 'macro_majority': 0.47349327577619127, 'binary_majority': 0.08421052631578949, 'run_time_millis': 2426.702098999158, 'loss_mean': 0.027151281014084816}
Epoch 1 **** Loss 0.014366965740919113 **** Metrics validation: {'accuracy': 0.8950617283950617, 'f1_weighted': 0.9284891176266722, 'macro': 0.5168044291952588, 'micro': 0.8950617283950617, 'binary': 0.08928571428571427, 'accuracy_majority': 0.8888888888888888, 'macro_majority': 0.5253181346817045, 'binary_majority': 0.10989010989010989, 'run_time_millis': 2430.8693610000773, 'loss_mean': 0.026705915108323097}
Epoch 2 **** Loss 0.012428906746208668 **** Metrics validation: {'accuracy': 0.8950617283950617, 'f1_weighted': 0.9289510970262498, 'macro': 0.5324454840413491, 'micro': 0.8950617283950617, 'binary': 0.12068965517241378, 'accuracy_majority': 0.8916323731138546, 'macro_majority': 0.5463310882665721, 'binary_majority': 0.15053763440860213, 'run_time_millis': 2432.6687610009685, 'loss_mean': 0.02600974775850773}
Epoch 3 **** Loss 0.01213547307997942 **** Metrics validation: {'accuracy': 0.8919753086419753, 'f1_weighted': 0.9273994621324196, 'macro': 0.537317018990584, 'micro': 0.8919753086419753, 'binary': 0.1322314049586777, 'accuracy_majority': 0.8861454046639232, 'macro_majority': 0.5416726633691116, 'binary_majority': 0.1443298969072165, 'run_time_millis': 2425.8677800007717, 'loss_mean': 0.024964595213532448}
Epoch 4 **** Loss 0.015365022234618664 **** Metrics validation: {'accuracy': 0.9135802469135802, 'f1_weighted': 0.9397348758737045, 'macro': 0.5572234273318872, 'micro': 0.9135802469135802, 'binary': 0.16, 'accuracy_majority': 0.9039780521262003, 'macro_majority': 0.5578602620087336, 'binary_majority': 0.16666666666666669, 'run_time_millis': 2422.832333999395, 'loss_mean': 0.0237104631960392}
Epoch 5 **** Loss 0.014383974485099316 **** Metrics validation: {'accuracy': 0.9218106995884774, 'f1_weighted': 0.9449755491422158, 'macro': 0.5836038961038961, 'micro': 0.9218106995884774, 'binary': 0.20833333333333334, 'accuracy_majority': 0.9135802469135802, 'macro_majority': 0.5784231831909015, 'binary_majority': 0.20253164556962025, 'run_time_millis': 2421.1762269987958, 'loss_mean': 0.022395623847842216}
Epoch 6 **** Loss 0.01041914988309145 **** Metrics validation: {'accuracy': 0.9248971193415638, 'f1_weighted': 0.9464784580812644, 'macro': 0.5792033115292694, 'micro': 0.9248971193415638, 'binary': 0.19780219780219777, 'accuracy_majority': 0.9204389574759945, 'macro_majority': 0.5871543508826745, 'binary_majority': 0.2162162162162162, 'run_time_millis': 2431.391963000351, 'loss_mean': 0.021235380321741104}
Epoch 7 **** Loss 0.006130289286375046 **** Metrics validation: {'accuracy': 0.9290123456790124, 'f1_weighted': 0.9488442818619411, 'macro': 0.584869923681132, 'micro': 0.9290123456790124, 'binary': 0.20689655172413793, 'accuracy_majority': 0.9245541838134431, 'macro_majority': 0.5928490916660744, 'binary_majority': 0.22535211267605632, 'run_time_millis': 2446.8428249983845, 'loss_mean': 0.020549986511468887}
Epoch 8 **** Loss 0.004566952120512724 **** Metrics validation: {'accuracy': 0.9279835390946503, 'f1_weighted': 0.9488127906289237, 'macro': 0.600666729270354, 'micro': 0.9279835390946503, 'binary': 0.23913043478260868, 'accuracy_majority': 0.9245541838134431, 'macro_majority': 0.6134490238611714, 'binary_majority': 0.26666666666666666, 'run_time_millis': 1109.8760639997636, 'loss_mean': 0.01998065784573555}
Epoch 9 **** Loss 0.0064725447446107864 **** Metrics validation: {'accuracy': 0.9300411522633745, 'f1_weighted': 0.9500099884134403, 'macro': 0.6038834951456311, 'micro': 0.9300411522633745, 'binary': 0.24444444444444446, 'accuracy_majority': 0.9259259259259259, 'macro_majority': 0.6156264646149039, 'binary_majority': 0.2702702702702703, 'run_time_millis': 402.7030630004447, 'loss_mean': 0.01984492875635624}
Evaluating
{'accuracy': 0.9300411522633745, 'f1_weighted': 0.9500099884134403, 'macro': 0.6038834951456311, 'micro': 0.9300411522633745, 'binary': 0.24444444444444446, 'accuracy_majority': 0.9259259259259259, 'macro_majority': 0.6156264646149039, 'binary_majority': 0.2702702702702703, 'run_time_millis': 397.02641799885896, 'loss_mean': 0.01984492875635624}
