Device cuda
Split type sit
Training Size: 6253, NTA labels 4001, YTA labels 2252
Validation Size: 2078, NTA labels 1342, YTA labels 736
Test Size: 2089, NTA labels 1337, YTA labels 752
Training with SBERT, model name is sbert
Tokenizing the dataset
Number of training steps 1960
Epoch 0 **** Loss 0.16488073766231537 **** Metrics validation: {'accuracy': 0.7781520692974013, 'f1_weighted': 0.7807173949779586, 'macro': 0.7636340173689733, 'micro': 0.7781520692974014, 'binary': 0.7050543825975687, 'accuracy_majority': 0.7847682119205298, 'macro_majority': 0.7744812235226538, 'binary_majority': 0.7263157894736841, 'run_time_millis': 3360.4768939999303, 'loss_mean': 0.22996008396148682}
Epoch 1 **** Loss 0.20029661059379578 **** Metrics validation: {'accuracy': 0.7964388835418672, 'f1_weighted': 0.7992941048704056, 'macro': 0.7845055226046422, 'micro': 0.7964388835418672, 'binary': 0.7337948395217117, 'accuracy_majority': 0.7922185430463576, 'macro_majority': 0.7851574041860607, 'binary_majority': 0.7462082912032356, 'run_time_millis': 3351.9944129998294, 'loss_mean': 0.22892771661281586}
Epoch 2 **** Loss 0.11884843558073044 **** Metrics validation: {'accuracy': 0.7844080846968239, 'f1_weighted': 0.7879959085432492, 'macro': 0.7735011002036909, 'micro': 0.7844080846968238, 'binary': 0.7237977805178791, 'accuracy_majority': 0.7822847682119205, 'macro_majority': 0.7762116784053681, 'binary_majority': 0.7393458870168484, 'run_time_millis': 3034.9804019997464, 'loss_mean': 0.23528218269348145}
Epoch 3 **** Loss 0.19133615493774414 **** Metrics validation: {'accuracy': 0.7983638113570741, 'f1_weighted': 0.7974841032602148, 'macro': 0.7777395437529278, 'micro': 0.7983638113570741, 'binary': 0.7100346020761247, 'accuracy_majority': 0.7897350993377483, 'macro_majority': 0.7759146519590087, 'binary_majority': 0.7202643171806167, 'run_time_millis': 3354.641863999859, 'loss_mean': 0.28074726462364197}
Epoch 4 **** Loss 0.04468265548348427 **** Metrics validation: {'accuracy': 0.794995187680462, 'f1_weighted': 0.7962092298211446, 'macro': 0.7786923360770082, 'micro': 0.794995187680462, 'binary': 0.7186261558784676, 'accuracy_majority': 0.7864238410596026, 'macro_majority': 0.7758812615955474, 'binary_majority': 0.7272727272727274, 'run_time_millis': 3359.8865869998917, 'loss_mean': 0.37973955273628235}
Epoch 5 **** Loss 0.15704481303691864 **** Metrics validation: {'accuracy': 0.8007699711260827, 'f1_weighted': 0.8005216595172507, 'macro': 0.7817120551482231, 'micro': 0.8007699711260827, 'binary': 0.7172131147540983, 'accuracy_majority': 0.7947019867549668, 'macro_majority': 0.7823296907695885, 'binary_majority': 0.7304347826086957, 'run_time_millis': 3355.5986410001424, 'loss_mean': 0.38628870248794556}
Epoch 6 **** Loss 0.09210347384214401 **** Metrics validation: {'accuracy': 0.8036573628488932, 'f1_weighted': 0.8037768854266194, 'macro': 0.7856692149011042, 'micro': 0.8036573628488932, 'binary': 0.7235772357723577, 'accuracy_majority': 0.793046357615894, 'macro_majority': 0.7812963477938449, 'binary_majority': 0.730603448275862, 'run_time_millis': 3362.940143999822, 'loss_mean': 0.4578506648540497}
Epoch 7 **** Loss 0.04456203803420067 **** Metrics validation: {'accuracy': 0.793070259865255, 'f1_weighted': 0.7945564184988008, 'macro': 0.7772369544232502, 'micro': 0.793070259865255, 'binary': 0.7178477690288714, 'accuracy_majority': 0.7814569536423841, 'macro_majority': 0.7720018187693565, 'binary_majority': 0.7255717255717254, 'run_time_millis': 3367.389153000204, 'loss_mean': 0.44722339510917664}
Epoch 8 **** Loss 0.13247418403625488 **** Metrics validation: {'accuracy': 0.8007699711260827, 'f1_weighted': 0.7997299714662761, 'macro': 0.7800349779086893, 'micro': 0.8007699711260827, 'binary': 0.7125, 'accuracy_majority': 0.7897350993377483, 'macro_majority': 0.776110211169972, 'binary_majority': 0.7208791208791208, 'run_time_millis': 2997.7174210002886, 'loss_mean': 0.5975785851478577}
Epoch 9 **** Loss 0.04471484199166298 **** Metrics validation: {'accuracy': 0.7974013474494707, 'f1_weighted': 0.7978538861758475, 'macro': 0.7795713216302246, 'micro': 0.7974013474494707, 'binary': 0.7168796234028245, 'accuracy_majority': 0.7889072847682119, 'macro_majority': 0.7778936234185088, 'binary_majority': 0.7284345047923323, 'run_time_millis': 3371.7648500000905, 'loss_mean': 0.6005881428718567}
Evaluating
{'accuracy': 0.8036573628488932, 'f1_weighted': 0.8037768854266194, 'macro': 0.7856692149011042, 'micro': 0.8036573628488932, 'binary': 0.7235772357723577, 'accuracy_majority': 0.793046357615894, 'macro_majority': 0.7812963477938449, 'binary_majority': 0.730603448275862, 'run_time_millis': 3360.5390569996416, 'loss_mean': 0.4578506648540497}
