Device cuda
Split type sit
Training Size: 2280, NTA labels 1897, YTA labels 383
Validation Size: 760, NTA labels 648, YTA labels 112
Test Size: 764, NTA labels 616, YTA labels 148
Training with SBERT, model name is sbert
Tokenizing the dataset
Number of training steps 720
Epoch 0 **** Loss 0.08094058930873871 **** Metrics validation: {'accuracy': 0.7868421052631579, 'f1_weighted': 0.8146098003629765, 'macro': 0.7051724137931035, 'micro': 0.7868421052631579, 'binary': 0.5499999999999999, 'accuracy_majority': 0.8315789473684211, 'macro_majority': 0.7738431780984972, 'binary_majority': 0.6595744680851063, 'run_time_millis': 537.1330900002249, 'loss_mean': 0.11450248211622238}
Epoch 1 **** Loss 0.07060694694519043 **** Metrics validation: {'accuracy': 0.8315789473684211, 'f1_weighted': 0.8501052631578948, 'macro': 0.7466666666666666, 'micro': 0.8315789473684211, 'binary': 0.6, 'accuracy_majority': 0.8842105263157894, 'macro_majority': 0.8318854568854568, 'binary_majority': 0.738095238095238, 'run_time_millis': 2326.240420999966, 'loss_mean': 0.11389946937561035}
Epoch 2 **** Loss 0.0042856172658503056 **** Metrics validation: {'accuracy': 0.781578947368421, 'f1_weighted': 0.8103568076432763, 'macro': 0.7001787140195443, 'micro': 0.781578947368421, 'binary': 0.5439560439560439, 'accuracy_majority': 0.8368421052631579, 'macro_majority': 0.7824561403508772, 'binary_majority': 0.6736842105263158, 'run_time_millis': 2325.4512409998824, 'loss_mean': 0.12531661987304688}
Epoch 3 **** Loss 0.11054946482181549 **** Metrics validation: {'accuracy': 0.7763157894736842, 'f1_weighted': 0.806099828375286, 'macro': 0.6952370169082125, 'micro': 0.7763157894736842, 'binary': 0.5380434782608695, 'accuracy_majority': 0.8315789473684211, 'macro_majority': 0.7769953051643192, 'binary_majority': 0.6666666666666666, 'run_time_millis': 1766.6176169996106, 'loss_mean': 0.11273282766342163}
Epoch 4 **** Loss 0.04280773177742958 **** Metrics validation: {'accuracy': 0.8236842105263158, 'f1_weighted': 0.8443477258315559, 'macro': 0.7417954646870308, 'micro': 0.8236842105263158, 'binary': 0.5963855421686747, 'accuracy_majority': 0.8789473684210526, 'macro_majority': 0.8285669451963438, 'binary_majority': 0.735632183908046, 'run_time_millis': 1547.480421000273, 'loss_mean': 0.12599535286426544}
Epoch 5 **** Loss 0.15709778666496277 **** Metrics validation: {'accuracy': 0.8236842105263158, 'f1_weighted': 0.8439450853356997, 'macro': 0.739523653625798, 'micro': 0.8236842105263158, 'binary': 0.5914634146341463, 'accuracy_majority': 0.8736842105263158, 'macro_majority': 0.8196487897484576, 'binary_majority': 0.7209302325581396, 'run_time_millis': 2319.258047999938, 'loss_mean': 0.1256438046693802}
Epoch 6 **** Loss 0.06948032975196838 **** Metrics validation: {'accuracy': 0.8315789473684211, 'f1_weighted': 0.8496612446630264, 'macro': 0.7443122082509777, 'micro': 0.8315789473684211, 'binary': 0.5949367088607594, 'accuracy_majority': 0.8789473684210526, 'macro_majority': 0.8227252444119915, 'binary_majority': 0.7228915662650602, 'run_time_millis': 2317.0576430002257, 'loss_mean': 0.134604349732399}
Epoch 7 **** Loss 0.019428277388215065 **** Metrics validation: {'accuracy': 0.8368421052631579, 'f1_weighted': 0.8529432132963989, 'macro': 0.7450657894736842, 'micro': 0.8368421052631579, 'binary': 0.5921052631578947, 'accuracy_majority': 0.8842105263157894, 'macro_majority': 0.8258333333333333, 'binary_majority': 0.725, 'run_time_millis': 1193.5168459999659, 'loss_mean': 0.14514030516147614}
Epoch 8 **** Loss 0.1386699080467224 **** Metrics validation: {'accuracy': 0.8447368421052631, 'f1_weighted': 0.8590536356790228, 'macro': 0.7524730612965908, 'micro': 0.8447368421052631, 'binary': 0.6013513513513513, 'accuracy_majority': 0.8947368421052632, 'macro_majority': 0.8386822890134149, 'binary_majority': 0.7435897435897436, 'run_time_millis': 1806.9106799998735, 'loss_mean': 0.1459478884935379}
Epoch 9 **** Loss 0.07847708463668823 **** Metrics validation: {'accuracy': 0.8447368421052631, 'f1_weighted': 0.8590536356790228, 'macro': 0.7524730612965908, 'micro': 0.8447368421052631, 'binary': 0.6013513513513513, 'accuracy_majority': 0.8947368421052632, 'macro_majority': 0.8386822890134149, 'binary_majority': 0.7435897435897436, 'run_time_millis': 1571.255328999996, 'loss_mean': 0.15167862176895142}
Evaluating
{'accuracy': 0.8447368421052631, 'f1_weighted': 0.8590536356790228, 'macro': 0.7524730612965908, 'micro': 0.8447368421052631, 'binary': 0.6013513513513513, 'accuracy_majority': 0.8947368421052632, 'macro_majority': 0.8386822890134149, 'binary_majority': 0.7435897435897436, 'run_time_millis': 2217.7892300001076, 'loss_mean': 0.1459478884935379}
