______________________________	 Running Epoch 1 of 10 	______________________________
[Training] Itteration/Batch:   0/269: Loss: 0.59 | Accuracy: 0.81
[Training] Itteration/Batch:  25/269: Loss: 0.59 | Accuracy: 0.81
[Training] Itteration/Batch:  50/269: Loss: 0.67 | Accuracy: 0.69
[Training] Itteration/Batch:  75/269: Loss: 0.67 | Accuracy: 0.69
[Training] Itteration/Batch: 100/269: Loss: 0.66 | Accuracy: 0.75
[Training] Itteration/Batch: 125/269: Loss: 0.63 | Accuracy: 0.75
[Training] Itteration/Batch: 150/269: Loss: 0.79 | Accuracy: 0.50
[Training] Itteration/Batch: 175/269: Loss: 0.64 | Accuracy: 0.75
[Training] Itteration/Batch: 200/269: Loss: 0.58 | Accuracy: 0.81
[Training] Itteration/Batch: 225/269: Loss: 0.64 | Accuracy: 0.69
[Training] Itteration/Batch: 250/269: Loss: 0.67 | Accuracy: 0.62

Epoch 1: Val Bin. F1 Majority 0.0 | Val Macro F1 Majority 0.4120712114633087 |             Val Bin F1 Individual 0.0 | Val Macro F1 Individual 0.4180021367521367 |             Val Accuracy Majority 0.7008862495422363 | Val Accuracy Individual 0.7182193398475647 | Training Loss:0.6774671673774719 |             Val Loss 0.6642759442329407 | Train Runtime Millis 18035.94603575766 | Val Runtime Millis 2520.594845060259

______________________________	 Running Epoch 2 of 10 	______________________________
[Training] Itteration/Batch:   0/269: Loss: 0.78 | Accuracy: 0.56
[Training] Itteration/Batch:  25/269: Loss: 0.69 | Accuracy: 0.56
[Training] Itteration/Batch:  50/269: Loss: 0.57 | Accuracy: 0.81
[Training] Itteration/Batch:  75/269: Loss: 0.76 | Accuracy: 0.62
[Training] Itteration/Batch: 100/269: Loss: 0.67 | Accuracy: 0.81
[Training] Itteration/Batch: 125/269: Loss: 0.72 | Accuracy: 0.56
[Training] Itteration/Batch: 150/269: Loss: 0.71 | Accuracy: 0.69
[Training] Itteration/Batch: 175/269: Loss: 0.76 | Accuracy: 0.62
[Training] Itteration/Batch: 200/269: Loss: 0.60 | Accuracy: 0.69
[Training] Itteration/Batch: 225/269: Loss: 0.64 | Accuracy: 0.75
[Training] Itteration/Batch: 250/269: Loss: 0.83 | Accuracy: 0.56

Epoch 2: Val Bin. F1 Majority 0.31840795278549194 | Val Macro F1 Majority 0.5615792770116165 |             Val Bin F1 Individual 0.30031949281692505 | Val Macro F1 Individual 0.5540790190506537 |             Val Accuracy Majority 0.6964549422264099 | Val Accuracy Individual 0.6984855532646179 | Training Loss:0.6457129120826721 |             Val Loss 0.6471436023712158 | Train Runtime Millis 17532.19017991796 | Val Runtime Millis 2526.6910549253225

______________________________	 Running Epoch 3 of 10 	______________________________
[Training] Itteration/Batch:   0/269: Loss: 0.52 | Accuracy: 0.81
[Training] Itteration/Batch:  25/269: Loss: 0.54 | Accuracy: 0.81
[Training] Itteration/Batch:  50/269: Loss: 0.62 | Accuracy: 0.75
[Training] Itteration/Batch:  75/269: Loss: 0.61 | Accuracy: 0.81
[Training] Itteration/Batch: 100/269: Loss: 0.47 | Accuracy: 0.88
[Training] Itteration/Batch: 125/269: Loss: 0.50 | Accuracy: 0.81
[Training] Itteration/Batch: 150/269: Loss: 0.60 | Accuracy: 0.69
[Training] Itteration/Batch: 175/269: Loss: 0.43 | Accuracy: 0.81
[Training] Itteration/Batch: 200/269: Loss: 0.50 | Accuracy: 0.75
[Training] Itteration/Batch: 225/269: Loss: 0.41 | Accuracy: 0.81
[Training] Itteration/Batch: 250/269: Loss: 0.43 | Accuracy: 0.75

Epoch 3: Val Bin. F1 Majority 0.34285715222358704 | Val Macro F1 Majority 0.564478008530872 |             Val Bin F1 Individual 0.32824426889419556 | Val Macro F1 Individual 0.5577777265284473 |             Val Accuracy Majority 0.6772525906562805 | Val Accuracy Individual 0.6769160032272339 | Training Loss:0.5239601731300354 |             Val Loss 0.7211671471595764 | Train Runtime Millis 17576.488837134093 | Val Runtime Millis 2520.8826418966055

