______________________________	 Running Epoch 1 of 10 	______________________________
[Training] Itteration/Batch:   0/374: Loss: 1.57 | Accuracy: 0.44
[Training] Itteration/Batch:  25/374: Loss: 1.75 | Accuracy: 0.42
[Training] Itteration/Batch:  50/374: Loss: 1.31 | Accuracy: 0.58
[Training] Itteration/Batch:  75/374: Loss: 1.68 | Accuracy: 0.53
[Training] Itteration/Batch: 100/374: Loss: 1.65 | Accuracy: 0.60
[Training] Itteration/Batch: 125/374: Loss: 1.38 | Accuracy: 0.69
[Training] Itteration/Batch: 150/374: Loss: 1.30 | Accuracy: 0.65
[Training] Itteration/Batch: 175/374: Loss: 1.51 | Accuracy: 0.71
[Training] Itteration/Batch: 200/374: Loss: 1.43 | Accuracy: 0.79
[Training] Itteration/Batch: 225/374: Loss: 1.32 | Accuracy: 0.65
[Training] Itteration/Batch: 250/374: Loss: 1.06 | Accuracy: 0.76
[Training] Itteration/Batch: 275/374: Loss: 1.03 | Accuracy: 0.69
[Training] Itteration/Batch: 300/374: Loss: 1.34 | Accuracy: 0.67
[Training] Itteration/Batch: 325/374: Loss: 1.37 | Accuracy: 0.73
[Training] Itteration/Batch: 350/374: Loss: 0.82 | Accuracy: 0.90

Epoch 1: Val Bin. F1 Majority 0.6571798324584961 | Val Macro F1 Majority 0.7200723009261172 |             Val Bin F1 Individual 0.6886045336723328 | Val Macro F1 Individual 0.7500913402684528 |             Val Accuracy Majority 0.7342026233673096 | Val Accuracy Individual 0.7652193903923035 | Training Loss:1.369288444519043 |             Val Loss 1.1344386339187622 | Train Runtime Millis 35796.64452187717 | Val Runtime Millis 6369.956477545202

______________________________	 Running Epoch 2 of 10 	______________________________
[Training] Itteration/Batch:   0/374: Loss: 1.21 | Accuracy: 0.76
[Training] Itteration/Batch:  25/374: Loss: 1.16 | Accuracy: 0.69
[Training] Itteration/Batch:  50/374: Loss: 0.90 | Accuracy: 0.86
[Training] Itteration/Batch:  75/374: Loss: 1.30 | Accuracy: 0.68
[Training] Itteration/Batch: 100/374: Loss: 0.96 | Accuracy: 0.83
[Training] Itteration/Batch: 125/374: Loss: 1.30 | Accuracy: 0.71
[Training] Itteration/Batch: 150/374: Loss: 0.71 | Accuracy: 0.86
[Training] Itteration/Batch: 175/374: Loss: 0.85 | Accuracy: 0.83
[Training] Itteration/Batch: 200/374: Loss: 1.14 | Accuracy: 0.79
[Training] Itteration/Batch: 225/374: Loss: 1.09 | Accuracy: 0.82
[Training] Itteration/Batch: 250/374: Loss: 0.98 | Accuracy: 0.81
[Training] Itteration/Batch: 275/374: Loss: 1.07 | Accuracy: 0.74
[Training] Itteration/Batch: 300/374: Loss: 0.69 | Accuracy: 0.90
[Training] Itteration/Batch: 325/374: Loss: 1.50 | Accuracy: 0.76
[Training] Itteration/Batch: 350/374: Loss: 0.92 | Accuracy: 0.86

Epoch 2: Val Bin. F1 Majority 0.6576271057128906 | Val Macro F1 Majority 0.7283360424099765 |             Val Bin F1 Individual 0.6830044388771057 | Val Macro F1 Individual 0.7519982738903956 |             Val Accuracy Majority 0.7467402219772339 | Val Accuracy Individual 0.7711922526359558 | Training Loss:1.0566569566726685 |             Val Loss 1.0894135236740112 | Train Runtime Millis 35375.007080845535 | Val Runtime Millis 6331.5877337008715

______________________________	 Running Epoch 3 of 10 	______________________________
[Training] Itteration/Batch:   0/374: Loss: 0.73 | Accuracy: 0.88
[Training] Itteration/Batch:  25/374: Loss: 1.11 | Accuracy: 0.73
[Training] Itteration/Batch:  50/374: Loss: 1.17 | Accuracy: 0.76
[Training] Itteration/Batch:  75/374: Loss: 0.96 | Accuracy: 0.82
[Training] Itteration/Batch: 100/374: Loss: 0.71 | Accuracy: 0.79
[Training] Itteration/Batch: 125/374: Loss: 1.19 | Accuracy: 0.78
[Training] Itteration/Batch: 150/374: Loss: 0.83 | Accuracy: 0.91
[Training] Itteration/Batch: 175/374: Loss: 0.94 | Accuracy: 0.85
[Training] Itteration/Batch: 200/374: Loss: 0.30 | Accuracy: 0.96
[Training] Itteration/Batch: 225/374: Loss: 0.73 | Accuracy: 0.85
[Training] Itteration/Batch: 250/374: Loss: 0.70 | Accuracy: 0.84
[Training] Itteration/Batch: 275/374: Loss: 0.69 | Accuracy: 0.86
[Training] Itteration/Batch: 300/374: Loss: 0.48 | Accuracy: 0.94
[Training] Itteration/Batch: 325/374: Loss: 1.16 | Accuracy: 0.76
[Training] Itteration/Batch: 350/374: Loss: 0.67 | Accuracy: 0.86

Epoch 3: Val Bin. F1 Majority 0.6412966847419739 | Val Macro F1 Majority 0.72158255955227 |             Val Bin F1 Individual 0.7133041620254517 | Val Macro F1 Individual 0.7732581970933864 |             Val Accuracy Majority 0.7447342276573181 | Val Accuracy Individual 0.7891109585762024 | Training Loss:0.838208794593811 |             Val Loss 1.0551691055297852 | Train Runtime Millis 35404.16448190808 | Val Runtime Millis 6333.103229291737

______________________________	 Running Epoch 4 of 10 	______________________________
[Training] Itteration/Batch:   0/374: Loss: 0.68 | Accuracy: 0.87
[Training] Itteration/Batch:  25/374: Loss: 0.74 | Accuracy: 0.82
[Training] Itteration/Batch:  50/374: Loss: 1.03 | Accuracy: 0.83
[Training] Itteration/Batch:  75/374: Loss: 0.81 | Accuracy: 0.89
[Training] Itteration/Batch: 100/374: Loss: 0.45 | Accuracy: 0.96
[Training] Itteration/Batch: 125/374: Loss: 0.62 | Accuracy: 0.91
[Training] Itteration/Batch: 150/374: Loss: 0.66 | Accuracy: 0.95
[Training] Itteration/Batch: 175/374: Loss: 0.46 | Accuracy: 0.86
[Training] Itteration/Batch: 200/374: Loss: 0.63 | Accuracy: 0.88
[Training] Itteration/Batch: 225/374: Loss: 0.56 | Accuracy: 0.89
[Training] Itteration/Batch: 250/374: Loss: 0.51 | Accuracy: 0.97
[Training] Itteration/Batch: 275/374: Loss: 0.87 | Accuracy: 0.81
[Training] Itteration/Batch: 300/374: Loss: 0.39 | Accuracy: 1.00
[Training] Itteration/Batch: 325/374: Loss: 1.33 | Accuracy: 0.82
[Training] Itteration/Batch: 350/374: Loss: 0.37 | Accuracy: 0.94

Epoch 4: Val Bin. F1 Majority 0.5951293706893921 | Val Macro F1 Majority 0.698088248185071 |             Val Bin F1 Individual 0.7053333520889282 | Val Macro F1 Individual 0.7752043463021381 |             Val Accuracy Majority 0.7331995964050293 | Val Accuracy Individual 0.7969216704368591 | Training Loss:0.668645977973938 |             Val Loss 1.078784465789795 | Train Runtime Millis 35492.27752536535 | Val Runtime Millis 6346.008261665702

______________________________	 Running Epoch 5 of 10 	______________________________
[Training] Itteration/Batch:   0/374: Loss: 0.60 | Accuracy: 0.88
[Training] Itteration/Batch:  25/374: Loss: 0.58 | Accuracy: 0.89
[Training] Itteration/Batch:  50/374: Loss: 0.58 | Accuracy: 0.92
[Training] Itteration/Batch:  75/374: Loss: 0.84 | Accuracy: 0.89
[Training] Itteration/Batch: 100/374: Loss: 0.90 | Accuracy: 0.89
[Training] Itteration/Batch: 125/374: Loss: 0.60 | Accuracy: 0.88
[Training] Itteration/Batch: 150/374: Loss: 0.39 | Accuracy: 0.94
[Training] Itteration/Batch: 175/374: Loss: 0.25 | Accuracy: 1.00
[Training] Itteration/Batch: 200/374: Loss: 0.65 | Accuracy: 0.93
[Training] Itteration/Batch: 225/374: Loss: 0.34 | Accuracy: 0.95
[Training] Itteration/Batch: 250/374: Loss: 0.78 | Accuracy: 0.82
[Training] Itteration/Batch: 275/374: Loss: 0.55 | Accuracy: 0.97
[Training] Itteration/Batch: 300/374: Loss: 0.26 | Accuracy: 0.97
[Training] Itteration/Batch: 325/374: Loss: 0.64 | Accuracy: 0.81
[Training] Itteration/Batch: 350/374: Loss: 0.45 | Accuracy: 0.93

Epoch 5: Val Bin. F1 Majority 0.5612327456474304 | Val Macro F1 Majority 0.6824312648388318 |             Val Bin F1 Individual 0.6989690661430359 | Val Macro F1 Individual 0.7739151779044204 |             Val Accuracy Majority 0.7286860346794128 | Val Accuracy Individual 0.7987594604492188 | Training Loss:0.545159101486206 |             Val Loss 1.127485752105713 | Train Runtime Millis 35440.263212658465 | Val Runtime Millis 6321.211782284081

