Device cuda
Split type sit
Training Size: 82372, NTA labels 79904, YTA labels 2468
Validation Size: 27683, NTA labels 26912, YTA labels 771
Test Size: 27720, NTA labels 26857, YTA labels 863
Training with SBERT, model name is sbert
Tokenizing the dataset
Number of training steps 25750
Epoch 0 **** Loss 0.00948677584528923 **** Metrics validation: {'accuracy': 0.9449481631326084, 'f1_weighted': 0.9550222907760852, 'macro': 0.6812720093539111, 'micro': 0.9449481631326084, 'binary': 0.3913738019169329, 'accuracy_majority': 0.9458794587945879, 'macro_majority': 0.6995532451433578, 'binary_majority': 0.4275092936802974, 'run_time_millis': 11446.455310011515, 'loss_mean': 0.04317493736743927}
Epoch 1 **** Loss 0.10763461887836456 **** Metrics validation: {'accuracy': 0.9401437705450999, 'f1_weighted': 0.952373115671005, 'macro': 0.6784336889903808, 'micro': 0.9401437705450999, 'binary': 0.3883351790328535, 'accuracy_majority': 0.9410472676155333, 'macro_majority': 0.6959902377055487, 'binary_majority': 0.4230438521066208, 'run_time_millis': 9772.05473097274, 'loss_mean': 0.04349004104733467}
Epoch 2 **** Loss 0.03367139399051666 **** Metrics validation: {'accuracy': 0.9551710436007658, 'f1_weighted': 0.9612465064558725, 'macro': 0.6996012436958268, 'micro': 0.9551710436007658, 'binary': 0.42252210330386225, 'accuracy_majority': 0.9565102793885082, 'macro_majority': 0.7233895986429516, 'binary_majority': 0.4694533762057878, 'run_time_millis': 11447.570513992105, 'loss_mean': 0.05046874284744263}
Epoch 3 **** Loss 0.0005960824200883508 **** Metrics validation: {'accuracy': 0.9367843080590976, 'f1_weighted': 0.9502511970369504, 'macro': 0.6712987843823972, 'micro': 0.9367843080590976, 'binary': 0.37589158345221113, 'accuracy_majority': 0.9385872430152873, 'macro_majority': 0.6932664859348776, 'binary_majority': 0.4189526184538653, 'run_time_millis': 9414.217262004968, 'loss_mean': 0.05666259303689003}
Epoch 4 **** Loss 0.007364201359450817 **** Metrics validation: {'accuracy': 0.9403243868077882, 'f1_weighted': 0.9521966840884238, 'macro': 0.6731016092565045, 'micro': 0.9403243868077882, 'binary': 0.3775433308214017, 'accuracy_majority': 0.9422772799156564, 'macro_majority': 0.6969024973124222, 'binary_majority': 0.42418930762489043, 'run_time_millis': 11455.008634977276, 'loss_mean': 0.06839722394943237}
Epoch 5 **** Loss 0.037603892385959625 **** Metrics validation: {'accuracy': 0.9512697323266986, 'f1_weighted': 0.9587291709175352, 'macro': 0.6897675375340083, 'micro': 0.9512697323266986, 'binary': 0.4049404499338333, 'accuracy_majority': 0.952293094359515, 'macro_majority': 0.7118993451289524, 'binary_majority': 0.4487309644670051, 'run_time_millis': 9418.391649000114, 'loss_mean': 0.08304598927497864}
Epoch 6 **** Loss 0.04311305657029152 **** Metrics validation: {'accuracy': 0.9410107286060037, 'f1_weighted': 0.9525616511960343, 'macro': 0.6732344842894774, 'micro': 0.9410107286060037, 'binary': 0.3774304231795654, 'accuracy_majority': 0.9434194341943419, 'macro_majority': 0.6991507441106257, 'binary_majority': 0.4280639431616341, 'run_time_millis': 11445.058537006844, 'loss_mean': 0.0834651067852974}
Epoch 7 **** Loss 0.006019815802574158 **** Metrics validation: {'accuracy': 0.949969295235343, 'f1_weighted': 0.9580112127653864, 'macro': 0.6888386568718372, 'micro': 0.9499692952353431, 'binary': 0.40378820490744727, 'accuracy_majority': 0.9520295202952029, 'macro_majority': 0.7155416935200375, 'binary_majority': 0.45617529880478086, 'run_time_millis': 11449.60965300561, 'loss_mean': 0.09980703145265579}
Epoch 8 **** Loss 0.08031944930553436 **** Metrics validation: {'accuracy': 0.9537983600043348, 'f1_weighted': 0.960289002100992, 'macro': 0.6947618111014312, 'micro': 0.9537983600043348, 'binary': 0.4135717560751949, 'accuracy_majority': 0.9549288350026357, 'macro_majority': 0.7173877805392741, 'binary_majority': 0.4582893347412883, 'run_time_millis': 11441.008586989483, 'loss_mean': 0.10574796050786972}
Epoch 9 **** Loss 0.0010869827819988132 **** Metrics validation: {'accuracy': 0.9533648809738828, 'f1_weighted': 0.9599731202112627, 'macro': 0.692977784964979, 'micro': 0.9533648809738828, 'binary': 0.41023298309730477, 'accuracy_majority': 0.954753118959761, 'macro_majority': 0.7174274999670991, 'binary_majority': 0.4584647739221871, 'run_time_millis': 11444.565840007272, 'loss_mean': 0.10533332079648972}
Evaluating
{'accuracy': 0.9551710436007658, 'f1_weighted': 0.9612465064558725, 'macro': 0.6996012436958268, 'micro': 0.9551710436007658, 'binary': 0.42252210330386225, 'accuracy_majority': 0.9565102793885082, 'macro_majority': 0.7233895986429516, 'binary_majority': 0.4694533762057878, 'run_time_millis': 11430.965669977013, 'loss_mean': 0.05046874284744263}
