Device cuda
Split type sit
Training Size: 234, NTA labels 195, YTA labels 39
Validation Size: 821, NTA labels 667, YTA labels 154
Test Size: 791, NTA labels 656, YTA labels 135
Training with SBERT, model name is sbert
Tokenizing the dataset
Number of training steps 80
Epoch 0 **** Loss 0.22972586750984192 **** Metrics validation: {'accuracy': 0.7661388550548112, 'f1_weighted': 0.7848570234405134, 'macro': 0.6848318111294167, 'micro': 0.7661388550548113, 'binary': 0.5247524752475248, 'accuracy_majority': 0.7606679035250464, 'macro_majority': 0.6950675595668819, 'binary_majority': 0.5536332179930795, 'run_time_millis': 1530.14048600744, 'loss_mean': 0.17558258771896362}
Epoch 1 **** Loss 0.09264631569385529 **** Metrics validation: {'accuracy': 0.7880633373934226, 'f1_weighted': 0.8054485825821355, 'macro': 0.7162622747640385, 'micro': 0.7880633373934226, 'binary': 0.5735294117647058, 'accuracy_majority': 0.7996289424860853, 'macro_majority': 0.7441455696202531, 'binary_majority': 0.625, 'run_time_millis': 1378.631375002442, 'loss_mean': 0.15161168575286865}
Epoch 2 **** Loss 0.0957903116941452 **** Metrics validation: {'accuracy': 0.7758830694275274, 'f1_weighted': 0.7963965889266603, 'macro': 0.7101389208688311, 'micro': 0.7758830694275275, 'binary': 0.572093023255814, 'accuracy_majority': 0.7773654916512059, 'macro_majority': 0.7272727272727273, 'binary_majority': 0.6103896103896104, 'run_time_millis': 720.320463005919, 'loss_mean': 0.1427379995584488}
Epoch 3 **** Loss 0.11244245618581772 **** Metrics validation: {'accuracy': 0.7661388550548112, 'f1_weighted': 0.7893718232619433, 'macro': 0.7077381746985272, 'micro': 0.7661388550548113, 'binary': 0.5770925110132159, 'accuracy_majority': 0.7625231910946196, 'macro_majority': 0.7195447154471546, 'binary_majority': 0.6097560975609756, 'run_time_millis': 1275.4772610060172, 'loss_mean': 0.1405736356973648}
Epoch 4 **** Loss 0.1458795964717865 **** Metrics validation: {'accuracy': 0.8611449451887941, 'f1_weighted': 0.8560711166058669, 'macro': 0.7559605757196495, 'micro': 0.8611449451887941, 'binary': 0.5957446808510638, 'accuracy_majority': 0.8385899814471243, 'macro_majority': 0.7379766993546224, 'binary_majority': 0.5756097560975609, 'run_time_millis': 1529.1708459990332, 'loss_mean': 0.17122355103492737}
Epoch 5 **** Loss 0.044797442853450775 **** Metrics validation: {'accuracy': 0.8416565164433617, 'f1_weighted': 0.8491168076884131, 'macro': 0.7659183422816438, 'micro': 0.8416565164433618, 'binary': 0.632768361581921, 'accuracy_majority': 0.8144712430426716, 'macro_majority': 0.7504537205081669, 'binary_majority': 0.6240601503759398, 'run_time_millis': 2769.034983997699, 'loss_mean': 0.14701689779758453}
Epoch 6 **** Loss 0.09201286733150482 **** Metrics validation: {'accuracy': 0.8721071863580999, 'f1_weighted': 0.8651022561953112, 'macro': 0.7679798461004304, 'micro': 0.8721071863581, 'binary': 0.6125461254612546, 'accuracy_majority': 0.8404452690166976, 'macro_majority': 0.7438439434129089, 'binary_majority': 0.5865384615384615, 'run_time_millis': 2139.880136004649, 'loss_mean': 0.2084290236234665}
Epoch 7 **** Loss 0.007028468884527683 **** Metrics validation: {'accuracy': 0.8708891595615104, 'f1_weighted': 0.8665746630163339, 'macro': 0.7743522993631895, 'micro': 0.8708891595615104, 'binary': 0.6267605633802816, 'accuracy_majority': 0.8404452690166976, 'macro_majority': 0.7544289044289044, 'binary_majority': 0.6090909090909091, 'run_time_millis': 1480.4988219984807, 'loss_mean': 0.22231841087341309}
Epoch 8 **** Loss 0.05179784446954727 **** Metrics validation: {'accuracy': 0.8660170523751523, 'f1_weighted': 0.8649860577648335, 'macro': 0.7768360185825838, 'micro': 0.8660170523751523, 'binary': 0.6357615894039735, 'accuracy_majority': 0.8385899814471243, 'macro_majority': 0.7632921935337321, 'binary_majority': 0.6297872340425532, 'run_time_millis': 2765.974954003468, 'loss_mean': 0.22361935675144196}
Epoch 9 **** Loss 0.003055966692045331 **** Metrics validation: {'accuracy': 0.8708891595615104, 'f1_weighted': 0.8677417370637774, 'macro': 0.7780401958783922, 'micro': 0.8708891595615104, 'binary': 0.6344827586206896, 'accuracy_majority': 0.8441558441558441, 'macro_majority': 0.7663777089783282, 'binary_majority': 0.6315789473684211, 'run_time_millis': 2496.2297860038234, 'loss_mean': 0.24889446794986725}
Evaluating
{'accuracy': 0.8708891595615104, 'f1_weighted': 0.8677417370637774, 'macro': 0.7780401958783922, 'micro': 0.8708891595615104, 'binary': 0.6344827586206896, 'accuracy_majority': 0.8441558441558441, 'macro_majority': 0.7663777089783282, 'binary_majority': 0.6315789473684211, 'run_time_millis': 1123.918858007528, 'loss_mean': 0.24889446794986725}
Device cuda
Split type sit
Training Size: 468, NTA labels 391, YTA labels 77
Validation Size: 821, NTA labels 667, YTA labels 154
Test Size: 791, NTA labels 656, YTA labels 135
Training with SBERT, model name is sbert
Tokenizing the dataset
Number of training steps 150
Epoch 0 **** Loss 0.2040940523147583 **** Metrics validation: {'accuracy': 0.7356881851400731, 'f1_weighted': 0.7628002263468812, 'macro': 0.6753255273588773, 'micro': 0.7356881851400731, 'binary': 0.5353319057815845, 'accuracy_majority': 0.7421150278293135, 'macro_majority': 0.6959634122091868, 'binary_majority': 0.5775075987841946, 'run_time_millis': 865.2899930020794, 'loss_mean': 0.15801812708377838}
Epoch 1 **** Loss 0.03621809184551239 **** Metrics validation: {'accuracy': 0.8489646772228989, 'f1_weighted': 0.8345911490052782, 'macro': 0.7074597701149425, 'micro': 0.8489646772228989, 'binary': 0.504, 'accuracy_majority': 0.8126159554730983, 'macro_majority': 0.6732686340529477, 'binary_majority': 0.4598930481283422, 'run_time_millis': 2336.145252993447, 'loss_mean': 0.20402060449123383}
Epoch 2 **** Loss 0.07578162848949432 **** Metrics validation: {'accuracy': 0.8623629719853837, 'f1_weighted': 0.8647762567453204, 'macro': 0.7822419179554827, 'micro': 0.8623629719853837, 'binary': 0.6501547987616099, 'accuracy_majority': 0.8404452690166976, 'macro_majority': 0.7681372549019607, 'binary_majority': 0.6386554621848739, 'run_time_millis': 2741.8363399920054, 'loss_mean': 0.14802850782871246}
Epoch 3 **** Loss 0.033327989280223846 **** Metrics validation: {'accuracy': 0.8233861144945189, 'f1_weighted': 0.8368701798914919, 'macro': 0.7591474209179286, 'micro': 0.8233861144945188, 'binary': 0.6347607052896725, 'accuracy_majority': 0.8200371057513914, 'macro_majority': 0.771706903854299, 'binary_majority': 0.6666666666666666, 'run_time_millis': 1422.7162870083703, 'loss_mean': 0.13461846113204956}
Epoch 4 **** Loss 0.046362414956092834 **** Metrics validation: {'accuracy': 0.833130328867235, 'f1_weighted': 0.8456860803955056, 'macro': 0.771650442073635, 'micro': 0.8331303288672351, 'binary': 0.6531645569620254, 'accuracy_majority': 0.8181818181818182, 'macro_majority': 0.7736846615252785, 'binary_majority': 0.6733333333333333, 'run_time_millis': 2438.040841007023, 'loss_mean': 0.12988664209842682}
Epoch 5 **** Loss 0.02210604026913643 **** Metrics validation: {'accuracy': 0.8867235079171741, 'f1_weighted': 0.8874151862789355, 'macro': 0.8164489863622266, 'micro': 0.8867235079171741, 'binary': 0.7028753993610223, 'accuracy_majority': 0.8552875695732839, 'macro_majority': 0.7934013444981719, 'binary_majority': 0.680327868852459, 'run_time_millis': 2742.7274079964263, 'loss_mean': 0.17794157564640045}
Epoch 6 **** Loss 0.02730712853372097 **** Metrics validation: {'accuracy': 0.8623629719853837, 'f1_weighted': 0.8557660604451367, 'macro': 0.7532140719558422, 'micro': 0.8623629719853837, 'binary': 0.5890909090909091, 'accuracy_majority': 0.8256029684601113, 'macro_majority': 0.7278830454584515, 'binary_majority': 0.5648148148148148, 'run_time_millis': 1167.642922999221, 'loss_mean': 0.3004111051559448}
Epoch 7 **** Loss 0.002008345676586032 **** Metrics validation: {'accuracy': 0.8635809987819733, 'f1_weighted': 0.870666794191053, 'macro': 0.8007626971745536, 'micro': 0.8635809987819733, 'binary': 0.6888888888888889, 'accuracy_majority': 0.8478664192949907, 'macro_majority': 0.8003270808486032, 'binary_majority': 0.7028985507246377, 'run_time_millis': 1319.4340300105978, 'loss_mean': 0.1669265329837799}
Epoch 8 **** Loss 0.014588179998099804 **** Metrics validation: {'accuracy': 0.8940316686967114, 'f1_weighted': 0.8944233466094913, 'macro': 0.8274464235241255, 'micro': 0.8940316686967114, 'binary': 0.7202572347266881, 'accuracy_majority': 0.8682745825602969, 'macro_majority': 0.8113944949606959, 'binary_majority': 0.7078189300411523, 'run_time_millis': 2738.777029007906, 'loss_mean': 0.2170606404542923}
Epoch 9 **** Loss 0.002263226080685854 **** Metrics validation: {'accuracy': 0.8928136419001218, 'f1_weighted': 0.8933395514458403, 'macro': 0.8258916522074417, 'micro': 0.8928136419001218, 'binary': 0.717948717948718, 'accuracy_majority': 0.8682745825602969, 'macro_majority': 0.8124849939975991, 'binary_majority': 0.710204081632653, 'run_time_millis': 2498.969449996366, 'loss_mean': 0.22116325795650482}
Evaluating
{'accuracy': 0.8940316686967114, 'f1_weighted': 0.8944233466094913, 'macro': 0.8274464235241255, 'micro': 0.8940316686967114, 'binary': 0.7202572347266881, 'accuracy_majority': 0.8682745825602969, 'macro_majority': 0.8113944949606959, 'binary_majority': 0.7078189300411523, 'run_time_millis': 2335.8594680030365, 'loss_mean': 0.2170606404542923}
Device cuda
Split type sit
Training Size: 702, NTA labels 590, YTA labels 112
Validation Size: 821, NTA labels 667, YTA labels 154
Test Size: 791, NTA labels 656, YTA labels 135
Training with SBERT, model name is sbert
Tokenizing the dataset
Number of training steps 220
Epoch 0 **** Loss 0.06896594911813736 **** Metrics validation: {'accuracy': 0.830694275274056, 'f1_weighted': 0.83252266826818, 'macro': 0.7283042676031188, 'micro': 0.830694275274056, 'binary': 0.5615141955835962, 'accuracy_majority': 0.8126159554730983, 'macro_majority': 0.7199942393054248, 'binary_majority': 0.5589519650655022, 'run_time_millis': 1827.489245988545, 'loss_mean': 0.16505149006843567}
Epoch 1 **** Loss 0.10464335978031158 **** Metrics validation: {'accuracy': 0.8416565164433617, 'f1_weighted': 0.8485834310645854, 'macro': 0.7639761167624944, 'micro': 0.8416565164433618, 'binary': 0.6285714285714286, 'accuracy_majority': 0.8311688311688312, 'macro_majority': 0.7623836722038939, 'binary_majority': 0.6345381526104418, 'run_time_millis': 2288.7456440075766, 'loss_mean': 0.138106569647789}
Epoch 2 **** Loss 0.137994185090065 **** Metrics validation: {'accuracy': 0.8440925700365408, 'f1_weighted': 0.8535755856732988, 'macro': 0.7775632884599103, 'micro': 0.8440925700365407, 'binary': 0.6559139784946237, 'accuracy_majority': 0.8348794063079777, 'macro_majority': 0.7837946249498596, 'binary_majority': 0.6787003610108303, 'run_time_millis': 1523.4059219947085, 'loss_mean': 0.12461158633232117}
Epoch 3 **** Loss 0.07660254091024399 **** Metrics validation: {'accuracy': 0.8842874543239951, 'f1_weighted': 0.8863163220425262, 'macro': 0.8169290460687687, 'micro': 0.8842874543239951, 'binary': 0.7058823529411765, 'accuracy_majority': 0.8664192949907236, 'macro_majority': 0.8092935487675433, 'binary_majority': 0.7049180327868853, 'run_time_millis': 1421.516923001036, 'loss_mean': 0.1279018074274063}
Epoch 4 **** Loss 0.12417122721672058 **** Metrics validation: {'accuracy': 0.8757612667478685, 'f1_weighted': 0.8769591314650597, 'macro': 0.8001460564751703, 'micro': 0.8757612667478685, 'binary': 0.6772151898734178, 'accuracy_majority': 0.8423005565862709, 'macro_majority': 0.7816929931146213, 'binary_majority': 0.6666666666666666, 'run_time_millis': 2241.6848729917547, 'loss_mean': 0.20680513978004456}
Epoch 5 **** Loss 0.04456404224038124 **** Metrics validation: {'accuracy': 0.8855054811205847, 'f1_weighted': 0.8857888614322545, 'macro': 0.8131018114889083, 'micro': 0.8855054811205847, 'binary': 0.6967741935483871, 'accuracy_majority': 0.862708719851577, 'macro_majority': 0.7992773461089415, 'binary_majority': 0.6864406779661016, 'run_time_millis': 2758.1253759999527, 'loss_mean': 0.16465656459331512}
Epoch 6 **** Loss 0.006992431823164225 **** Metrics validation: {'accuracy': 0.8830694275274056, 'f1_weighted': 0.8881846875553863, 'macro': 0.8257054400707652, 'micro': 0.8830694275274056, 'binary': 0.7257142857142858, 'accuracy_majority': 0.8608534322820037, 'macro_majority': 0.8160535117056856, 'binary_majority': 0.7252747252747254, 'run_time_millis': 2233.508928999072, 'loss_mean': 0.13171738386154175}
Epoch 7 **** Loss 0.002470513107255101 **** Metrics validation: {'accuracy': 0.8940316686967114, 'f1_weighted': 0.8944233466094913, 'macro': 0.8274464235241255, 'micro': 0.8940316686967114, 'binary': 0.7202572347266881, 'accuracy_majority': 0.8775510204081632, 'macro_majority': 0.8220588235294117, 'binary_majority': 0.7226890756302521, 'run_time_millis': 2739.466151993838, 'loss_mean': 0.206517294049263}
Epoch 8 **** Loss 0.01029766071587801 **** Metrics validation: {'accuracy': 0.8976857490864799, 'f1_weighted': 0.898672225912402, 'macro': 0.8354143994501402, 'micro': 0.8976857490864799, 'binary': 0.7341772151898733, 'accuracy_majority': 0.8812615955473099, 'macro_majority': 0.8304831544600385, 'binary_majority': 0.7377049180327868, 'run_time_millis': 2390.6551330001093, 'loss_mean': 0.2048393040895462}
Epoch 9 **** Loss 0.010064336471259594 **** Metrics validation: {'accuracy': 0.8964677222898904, 'f1_weighted': 0.8968503961127212, 'macro': 0.8314131724086282, 'micro': 0.8964677222898904, 'binary': 0.7266881028938905, 'accuracy_majority': 0.8775510204081632, 'macro_majority': 0.8231205250596658, 'binary_majority': 0.7249999999999999, 'run_time_millis': 1672.8784719889518, 'loss_mean': 0.21809075772762299}
Evaluating
{'accuracy': 0.8976857490864799, 'f1_weighted': 0.898672225912402, 'macro': 0.8354143994501402, 'micro': 0.8976857490864799, 'binary': 0.7341772151898733, 'accuracy_majority': 0.8812615955473099, 'macro_majority': 0.8304831544600385, 'binary_majority': 0.7377049180327868, 'run_time_millis': 1574.265048999223, 'loss_mean': 0.2048393040895462}
Device cuda
Split type sit
Training Size: 939, NTA labels 792, YTA labels 147
Validation Size: 821, NTA labels 667, YTA labels 154
Test Size: 791, NTA labels 656, YTA labels 135
Training with SBERT, model name is sbert
Tokenizing the dataset
Number of training steps 300
Epoch 0 **** Loss 0.10575943440198898 **** Metrics validation: {'accuracy': 0.758830694275274, 'f1_weighted': 0.782789692738879, 'macro': 0.6986049926578561, 'micro': 0.758830694275274, 'binary': 0.5638766519823789, 'accuracy_majority': 0.7699443413729128, 'macro_majority': 0.7244558047493403, 'binary_majority': 0.6124999999999999, 'run_time_millis': 1726.483714999631, 'loss_mean': 0.1374979168176651}
Epoch 1 **** Loss 0.14744465053081512 **** Metrics validation: {'accuracy': 0.8221680876979294, 'f1_weighted': 0.8374193108832658, 'macro': 0.7649760007529176, 'micro': 0.8221680876979294, 'binary': 0.6490384615384616, 'accuracy_majority': 0.8163265306122449, 'macro_majority': 0.7736686955230845, 'binary_majority': 0.6754098360655738, 'run_time_millis': 966.2844429985853, 'loss_mean': 0.11695490777492523}
Epoch 2 **** Loss 0.10655998438596725 **** Metrics validation: {'accuracy': 0.876979293544458, 'f1_weighted': 0.8813716918806258, 'macro': 0.8130898632002002, 'micro': 0.876979293544458, 'binary': 0.7038123167155426, 'accuracy_majority': 0.862708719851577, 'macro_majority': 0.8083804143126176, 'binary_majority': 0.7063492063492063, 'run_time_millis': 1168.3001560013508, 'loss_mean': 0.13586914539337158}
Epoch 3 **** Loss 0.04483332484960556 **** Metrics validation: {'accuracy': 0.7722289890377588, 'f1_weighted': 0.7959714948879734, 'macro': 0.7230379290127633, 'micro': 0.7722289890377588, 'binary': 0.6063157894736843, 'accuracy_majority': 0.7439703153988868, 'macro_majority': 0.7130235501095712, 'binary_majority': 0.6187845303867403, 'run_time_millis': 2744.9462530057644, 'loss_mean': 0.1365593820810318}
Epoch 4 **** Loss 0.07270991057157516 **** Metrics validation: {'accuracy': 0.8757612667478685, 'f1_weighted': 0.8824070308241534, 'macro': 0.8192722720994476, 'micro': 0.8757612667478685, 'binary': 0.7182320441988951, 'accuracy_majority': 0.8478664192949907, 'macro_majority': 0.8031023913895718, 'binary_majority': 0.7092198581560283, 'run_time_millis': 914.1589509963524, 'loss_mean': 0.1306769698858261}
Epoch 5 **** Loss 0.04407566413283348 **** Metrics validation: {'accuracy': 0.9013398294762485, 'f1_weighted': 0.8993629168585134, 'macro': 0.8317525053319739, 'micro': 0.9013398294762485, 'binary': 0.7235494880546075, 'accuracy_majority': 0.8831168831168831, 'macro_majority': 0.8253429413489284, 'binary_majority': 0.7248908296943232, 'run_time_millis': 2081.9974479964003, 'loss_mean': 0.18923823535442352}
Epoch 6 **** Loss 0.0015385125298053026 **** Metrics validation: {'accuracy': 0.8952496954933008, 'f1_weighted': 0.8967383462844655, 'macro': 0.8330985249621785, 'micro': 0.8952496954933008, 'binary': 0.73125, 'accuracy_majority': 0.87569573283859, 'macro_majority': 0.8220201572164314, 'binary_majority': 0.7242798353909464, 'run_time_millis': 2638.3124779968057, 'loss_mean': 0.17963789403438568}
Epoch 7 **** Loss 0.0015562678454443812 **** Metrics validation: {'accuracy': 0.8976857490864799, 'f1_weighted': 0.8995909995671565, 'macro': 0.8385039060304615, 'micro': 0.8976857490864799, 'binary': 0.7407407407407409, 'accuracy_majority': 0.8794063079777366, 'macro_majority': 0.83027405157421, 'binary_majority': 0.7389558232931727, 'run_time_millis': 812.5343479914591, 'loss_mean': 0.18346984684467316}
Epoch 8 **** Loss 0.001870690262876451 **** Metrics validation: {'accuracy': 0.8976857490864799, 'f1_weighted': 0.8993673963593999, 'macro': 0.8377470355731226, 'micro': 0.8976857490864799, 'binary': 0.7391304347826088, 'accuracy_majority': 0.8775510204081632, 'macro_majority': 0.8271764477263894, 'binary_majority': 0.7338709677419355, 'run_time_millis': 2742.4122810043627, 'loss_mean': 0.18588799238204956}
Epoch 9 **** Loss 0.0004509977006819099 **** Metrics validation: {'accuracy': 0.8964677222898904, 'f1_weighted': 0.8980547381801363, 'macro': 0.8354286495881293, 'micro': 0.8964677222898904, 'binary': 0.7352024922118379, 'accuracy_majority': 0.8775510204081632, 'macro_majority': 0.8271764477263894, 'binary_majority': 0.7338709677419355, 'run_time_millis': 2285.3200560057303, 'loss_mean': 0.19074586033821106}
Evaluating
{'accuracy': 0.8976857490864799, 'f1_weighted': 0.8995909995671565, 'macro': 0.8385039060304615, 'micro': 0.8976857490864799, 'binary': 0.7407407407407409, 'accuracy_majority': 0.8794063079777366, 'macro_majority': 0.83027405157421, 'binary_majority': 0.7389558232931727, 'run_time_millis': 2741.117145997123, 'loss_mean': 0.18346984684467316}
Device cuda
Split type sit
Training Size: 1173, NTA labels 978, YTA labels 195
Validation Size: 821, NTA labels 667, YTA labels 154
Test Size: 791, NTA labels 656, YTA labels 135
Training with SBERT, model name is sbert
Tokenizing the dataset
Number of training steps 370
Epoch 0 **** Loss 0.12251731008291245 **** Metrics validation: {'accuracy': 0.7990255785627284, 'f1_weighted': 0.815008800194025, 'macro': 0.728699403385024, 'micro': 0.7990255785627284, 'binary': 0.5905707196029777, 'accuracy_majority': 0.7922077922077922, 'macro_majority': 0.7346694796061886, 'binary_majority': 0.6111111111111112, 'run_time_millis': 2031.1258290021215, 'loss_mean': 0.13610121607780457}
Epoch 1 **** Loss 0.10737407952547073 **** Metrics validation: {'accuracy': 0.8233861144945189, 'f1_weighted': 0.8382925008261589, 'macro': 0.7654641561772895, 'micro': 0.8233861144945188, 'binary': 0.648910411622276, 'accuracy_majority': 0.7903525046382189, 'macro_majority': 0.7511206456226376, 'binary_majority': 0.6523076923076923, 'run_time_millis': 2741.6048659943044, 'loss_mean': 0.11025253683328629}
Epoch 2 **** Loss 0.05946130305528641 **** Metrics validation: {'accuracy': 0.9074299634591961, 'f1_weighted': 0.9078841580668622, 'macro': 0.8496336996336996, 'micro': 0.9074299634591961, 'binary': 0.7564102564102563, 'accuracy_majority': 0.8923933209647495, 'macro_majority': 0.84456046141607, 'binary_majority': 0.7583333333333334, 'run_time_millis': 1522.6645859947894, 'loss_mean': 0.1248089149594307}
Epoch 3 **** Loss 0.008382938802242279 **** Metrics validation: {'accuracy': 0.9013398294762485, 'f1_weighted': 0.9046772157845995, 'macro': 0.8494488552625323, 'micro': 0.9013398294762485, 'binary': 0.7610619469026548, 'accuracy_majority': 0.8849721706864564, 'macro_majority': 0.8436891932345457, 'binary_majority': 0.7633587786259541, 'run_time_millis': 2739.48918300448, 'loss_mean': 0.15206517279148102}
Epoch 4 **** Loss 0.027721209451556206 **** Metrics validation: {'accuracy': 0.8952496954933008, 'f1_weighted': 0.9005251300408263, 'macro': 0.8463991715832159, 'micro': 0.8952496954933008, 'binary': 0.7597765363128491, 'accuracy_majority': 0.8868274582560297, 'macro_majority': 0.8503901895206243, 'binary_majority': 0.7765567765567765, 'run_time_millis': 1473.3650289999787, 'loss_mean': 0.12406614422798157}
Epoch 5 **** Loss 0.0033270467538386583 **** Metrics validation: {'accuracy': 0.8867235079171741, 'f1_weighted': 0.8921537184287865, 'macro': 0.8328835483765061, 'micro': 0.8867235079171741, 'binary': 0.7380281690140845, 'accuracy_majority': 0.8719851576994434, 'macro_majority': 0.832380102489217, 'binary_majority': 0.7509025270758123, 'run_time_millis': 2081.4121659932425, 'loss_mean': 0.13331720232963562}
Epoch 6 **** Loss 0.002687030006200075 **** Metrics validation: {'accuracy': 0.8915956151035322, 'f1_weighted': 0.8964304294742416, 'macro': 0.8387499696562437, 'micro': 0.8915956151035322, 'binary': 0.7464387464387463, 'accuracy_majority': 0.8738404452690167, 'macro_majority': 0.8336238515451938, 'binary_majority': 0.7518248175182483, 'run_time_millis': 2029.6029390010517, 'loss_mean': 0.1591738909482956}
Epoch 7 **** Loss 0.008210446685552597 **** Metrics validation: {'accuracy': 0.9062119366626066, 'f1_weighted': 0.9084551539413088, 'macro': 0.8536565604187261, 'micro': 0.9062119366626066, 'binary': 0.7659574468085107, 'accuracy_majority': 0.8923933209647495, 'macro_majority': 0.8506325968962617, 'binary_majority': 0.7716535433070865, 'run_time_millis': 1572.3738810047507, 'loss_mean': 0.19361980259418488}
Epoch 8 **** Loss 0.005264164414256811 **** Metrics validation: {'accuracy': 0.9013398294762485, 'f1_weighted': 0.9026307150185875, 'macro': 0.8424285074531379, 'micro': 0.9013398294762485, 'binary': 0.7460815047021943, 'accuracy_majority': 0.8868274582560297, 'macro_majority': 0.8398154508737826, 'binary_majority': 0.7530364372469636, 'run_time_millis': 2234.1502420022152, 'loss_mean': 0.21527893841266632}
Epoch 9 **** Loss 0.009887652471661568 **** Metrics validation: {'accuracy': 0.9001218026796589, 'f1_weighted': 0.9006118547563511, 'macro': 0.8377626759205707, 'micro': 0.9001218026796589, 'binary': 0.7371794871794872, 'accuracy_majority': 0.8849721706864564, 'macro_majority': 0.8357805558831624, 'binary_majority': 0.7459016393442623, 'run_time_millis': 1879.0865579940146, 'loss_mean': 0.23489275574684143}
Evaluating
{'accuracy': 0.9062119366626066, 'f1_weighted': 0.9084551539413088, 'macro': 0.8536565604187261, 'micro': 0.9062119366626066, 'binary': 0.7659574468085107, 'accuracy_majority': 0.8923933209647495, 'macro_majority': 0.8506325968962617, 'binary_majority': 0.7716535433070865, 'run_time_millis': 2283.9721480122535, 'loss_mean': 0.19361980259418488}
Device cuda
Split type sit
Training Size: 1407, NTA labels 1174, YTA labels 233
Validation Size: 821, NTA labels 667, YTA labels 154
Test Size: 791, NTA labels 656, YTA labels 135
Training with SBERT, model name is sbert
Tokenizing the dataset
Number of training steps 440
Epoch 0 **** Loss 0.12908382713794708 **** Metrics validation: {'accuracy': 0.8063337393422655, 'f1_weighted': 0.823197814112568, 'macro': 0.7452584415254949, 'micro': 0.8063337393422655, 'binary': 0.6205250596658712, 'accuracy_majority': 0.8089053803339518, 'macro_majority': 0.7616487993783301, 'binary_majority': 0.6555183946488294, 'run_time_millis': 2750.071714996011, 'loss_mean': 0.1291067749261856}
Epoch 1 **** Loss 0.0689982920885086 **** Metrics validation: {'accuracy': 0.8830694275274056, 'f1_weighted': 0.8869135938502537, 'macro': 0.8211783497295533, 'micro': 0.8830694275274056, 'binary': 0.7159763313609468, 'accuracy_majority': 0.8682745825602969, 'macro_majority': 0.8146070409502909, 'binary_majority': 0.714859437751004, 'run_time_millis': 2741.744827988441, 'loss_mean': 0.11672655493021011}
Epoch 2 **** Loss 0.08982902765274048 **** Metrics validation: {'accuracy': 0.879415347137637, 'f1_weighted': 0.8863181211111825, 'macro': 0.82629908639205, 'micro': 0.879415347137637, 'binary': 0.7302452316076293, 'accuracy_majority': 0.8645640074211502, 'macro_majority': 0.8234935246118581, 'binary_majority': 0.7383512544802868, 'run_time_millis': 2183.956777997082, 'loss_mean': 0.11498062312602997}
Epoch 3 **** Loss 0.04293401911854744 **** Metrics validation: {'accuracy': 0.8867235079171741, 'f1_weighted': 0.8925182063334808, 'macro': 0.8342303575576915, 'micro': 0.8867235079171741, 'binary': 0.7409470752089137, 'accuracy_majority': 0.8775510204081632, 'macro_majority': 0.837733542548533, 'binary_majority': 0.7573529411764706, 'run_time_millis': 1572.528714008513, 'loss_mean': 0.1322290450334549}
Epoch 4 **** Loss 0.024593453854322433 **** Metrics validation: {'accuracy': 0.9074299634591961, 'f1_weighted': 0.9106486270591692, 'macro': 0.8590494262221018, 'micro': 0.9074299634591961, 'binary': 0.7764705882352942, 'accuracy_majority': 0.8923933209647495, 'macro_majority': 0.8522310455662696, 'binary_majority': 0.7751937984496124, 'run_time_millis': 1624.9861239921302, 'loss_mean': 0.16647645831108093}
Epoch 5 **** Loss 0.07593053579330444 **** Metrics validation: {'accuracy': 0.876979293544458, 'f1_weighted': 0.8843755475881458, 'macro': 0.8241489075181161, 'micro': 0.876979293544458, 'binary': 0.7277628032345014, 'accuracy_majority': 0.8682745825602969, 'macro_majority': 0.8283293184581084, 'binary_majority': 0.7455197132616487, 'run_time_millis': 1978.8806450087577, 'loss_mean': 0.12204457074403763}
Epoch 6 **** Loss 0.0036177714355289936 **** Metrics validation: {'accuracy': 0.9037758830694276, 'f1_weighted': 0.9060773657319922, 'macro': 0.8498554321179137, 'micro': 0.9037758830694276, 'binary': 0.7598784194528876, 'accuracy_majority': 0.8868274582560297, 'macro_majority': 0.84333261858814, 'binary_majority': 0.7607843137254902, 'run_time_millis': 2385.145973006729, 'loss_mean': 0.16537681221961975}
Epoch 7 **** Loss 0.0008401724044233561 **** Metrics validation: {'accuracy': 0.8976857490864799, 'f1_weighted': 0.902335495566949, 'macro': 0.8481236786469345, 'micro': 0.8976857490864799, 'binary': 0.7613636363636364, 'accuracy_majority': 0.8849721706864564, 'macro_majority': 0.8468188485515218, 'binary_majority': 0.7703703703703704, 'run_time_millis': 1727.8634319955017, 'loss_mean': 0.16726374626159668}
Epoch 8 **** Loss 0.004343659617006779 **** Metrics validation: {'accuracy': 0.904993909866017, 'f1_weighted': 0.9081172950033309, 'macro': 0.854707409155262, 'micro': 0.904993909866017, 'binary': 0.7692307692307693, 'accuracy_majority': 0.8905380333951762, 'macro_majority': 0.8508654689383175, 'binary_majority': 0.7739463601532567, 'run_time_millis': 1015.6967619986972, 'loss_mean': 0.17846404016017914}
Epoch 9 **** Loss 0.03385227546095848 **** Metrics validation: {'accuracy': 0.9074299634591961, 'f1_weighted': 0.9102947202051308, 'macro': 0.8578082841099686, 'micro': 0.9074299634591961, 'binary': 0.7738095238095237, 'accuracy_majority': 0.8942486085343229, 'macro_majority': 0.8551628551628552, 'binary_majority': 0.7799227799227799, 'run_time_millis': 2762.6018459995976, 'loss_mean': 0.18243606388568878}
Evaluating
{'accuracy': 0.9074299634591961, 'f1_weighted': 0.9106486270591692, 'macro': 0.8590494262221018, 'micro': 0.9074299634591961, 'binary': 0.7764705882352942, 'accuracy_majority': 0.8923933209647495, 'macro_majority': 0.8522310455662696, 'binary_majority': 0.7751937984496124, 'run_time_millis': 2742.456362990197, 'loss_mean': 0.16647645831108093}
Device cuda
Split type sit
Training Size: 1644, NTA labels 1379, YTA labels 265
Validation Size: 821, NTA labels 667, YTA labels 154
Test Size: 791, NTA labels 656, YTA labels 135
Training with SBERT, model name is sbert
Tokenizing the dataset
Number of training steps 520
Epoch 0 **** Loss 0.12277406454086304 **** Metrics validation: {'accuracy': 0.7442143727161997, 'f1_weighted': 0.771362935510661, 'macro': 0.6931201674569609, 'micro': 0.7442143727161997, 'binary': 0.5679012345679012, 'accuracy_majority': 0.75139146567718, 'macro_majority': 0.7148283268580815, 'binary_majority': 0.6127167630057804, 'run_time_millis': 1677.6919580006506, 'loss_mean': 0.12743210792541504}
Epoch 1 **** Loss 0.11555532366037369 **** Metrics validation: {'accuracy': 0.8550548112058465, 'f1_weighted': 0.8661210441868106, 'macro': 0.8023347799257483, 'micro': 0.8550548112058465, 'binary': 0.7002518891687658, 'accuracy_majority': 0.8348794063079777, 'macro_majority': 0.7957159586926436, 'binary_majority': 0.7062706270627064, 'run_time_millis': 1573.972483005491, 'loss_mean': 0.09018166363239288}
Epoch 2 **** Loss 0.02744906209409237 **** Metrics validation: {'accuracy': 0.9062119366626066, 'f1_weighted': 0.9065585941256415, 'macro': 0.8472801679466397, 'micro': 0.9062119366626066, 'binary': 0.7524115755627009, 'accuracy_majority': 0.8905380333951762, 'macro_majority': 0.8384793153363639, 'binary_majority': 0.7467811158798283, 'run_time_millis': 2740.669267004705, 'loss_mean': 0.13349464535713196}
Epoch 3 **** Loss 0.013597577810287476 **** Metrics validation: {'accuracy': 0.9135200974421437, 'f1_weighted': 0.9157660905652344, 'macro': 0.8656706787328232, 'micro': 0.9135200974421437, 'binary': 0.7854984894259819, 'accuracy_majority': 0.8998144712430427, 'macro_majority': 0.859391304347826, 'binary_majority': 0.7839999999999999, 'run_time_millis': 2740.798818995245, 'loss_mean': 0.12064183503389359}
Epoch 4 **** Loss 0.0006550851394422352 **** Metrics validation: {'accuracy': 0.9062119366626066, 'f1_weighted': 0.9092052385192039, 'macro': 0.8562547608490512, 'micro': 0.9062119366626066, 'binary': 0.771513353115727, 'accuracy_majority': 0.8961038961038961, 'macro_majority': 0.8557831970032872, 'binary_majority': 0.7795275590551181, 'run_time_millis': 1572.613475000253, 'loss_mean': 0.13848739862442017}
Epoch 5 **** Loss 0.0017887171125039458 **** Metrics validation: {'accuracy': 0.904993909866017, 'f1_weighted': 0.9075575801359804, 'macro': 0.8527591281155155, 'micro': 0.904993909866017, 'binary': 0.7650602409638553, 'accuracy_majority': 0.8998144712430427, 'macro_majority': 0.8585989117761368, 'binary_majority': 0.7822580645161291, 'run_time_millis': 2740.182586989249, 'loss_mean': 0.14089661836624146}
Epoch 6 **** Loss 0.0016772228991612792 **** Metrics validation: {'accuracy': 0.9208282582216809, 'f1_weighted': 0.9205277129434758, 'macro': 0.8691344703704158, 'micro': 0.9208282582216809, 'binary': 0.7868852459016393, 'accuracy_majority': 0.9072356215213359, 'macro_majority': 0.8635415400818245, 'binary_majority': 0.7863247863247863, 'run_time_millis': 1724.8828419978963, 'loss_mean': 0.20328371226787567}
Epoch 7 **** Loss 0.007601256016641855 **** Metrics validation: {'accuracy': 0.904993909866017, 'f1_weighted': 0.9063440815138174, 'macro': 0.8486242435703479, 'micro': 0.904993909866017, 'binary': 0.7562499999999999, 'accuracy_majority': 0.8905380333951762, 'macro_majority': 0.8441776710684274, 'binary_majority': 0.7591836734693879, 'run_time_millis': 2234.5865609968314, 'loss_mean': 0.20075885951519012}
Epoch 8 **** Loss 0.0022505323868244886 **** Metrics validation: {'accuracy': 0.9171741778319124, 'f1_weighted': 0.9169655005863224, 'macro': 0.8634397870924817, 'micro': 0.9171741778319124, 'binary': 0.7777777777777778, 'accuracy_majority': 0.9016697588126159, 'macro_majority': 0.8549051476750387, 'binary_majority': 0.7725321888412017, 'run_time_millis': 2750.8226799982367, 'loss_mean': 0.24683977663516998}
Epoch 9 **** Loss 0.005639882758259773 **** Metrics validation: {'accuracy': 0.9159561510353228, 'f1_weighted': 0.9154196352649249, 'macro': 0.860373117222103, 'micro': 0.9159561510353228, 'binary': 0.7722772277227722, 'accuracy_majority': 0.8998144712430427, 'macro_majority': 0.8517057960381511, 'binary_majority': 0.7672413793103449, 'run_time_millis': 2740.4065820010146, 'loss_mean': 0.2552841603755951}
Evaluating
{'accuracy': 0.9208282582216809, 'f1_weighted': 0.9205277129434758, 'macro': 0.8691344703704158, 'micro': 0.9208282582216809, 'binary': 0.7868852459016393, 'accuracy_majority': 0.9072356215213359, 'macro_majority': 0.8635415400818245, 'binary_majority': 0.7863247863247863, 'run_time_millis': 1473.8386899989564, 'loss_mean': 0.20328371226787567}
Device cuda
Split type sit
Training Size: 1878, NTA labels 1569, YTA labels 309
Validation Size: 821, NTA labels 667, YTA labels 154
Test Size: 791, NTA labels 656, YTA labels 135
Training with SBERT, model name is sbert
Tokenizing the dataset
Number of training steps 590
Epoch 0 **** Loss 0.12637749314308167 **** Metrics validation: {'accuracy': 0.8611449451887941, 'f1_weighted': 0.8703386346131944, 'macro': 0.8048335974643424, 'micro': 0.8611449451887941, 'binary': 0.7000000000000001, 'accuracy_majority': 0.849721706864564, 'macro_majority': 0.8059470631375425, 'binary_majority': 0.7137809187279152, 'run_time_millis': 1218.9464490074897, 'loss_mean': 0.10927316546440125}
Epoch 1 **** Loss 0.06416380405426025 **** Metrics validation: {'accuracy': 0.8684531059683313, 'f1_weighted': 0.8758865183856699, 'macro': 0.8101392671771417, 'micro': 0.8684531059683313, 'binary': 0.7049180327868853, 'accuracy_majority': 0.849721706864564, 'macro_majority': 0.8068228579013739, 'binary_majority': 0.7157894736842105, 'run_time_millis': 2742.7032870036783, 'loss_mean': 0.11405035108327866}
Epoch 2 **** Loss 0.02748759835958481 **** Metrics validation: {'accuracy': 0.8952496954933008, 'f1_weighted': 0.8992781924407267, 'macro': 0.8418721109399077, 'micro': 0.8952496954933008, 'binary': 0.7500000000000001, 'accuracy_majority': 0.8794063079777366, 'macro_majority': 0.8348348348348348, 'binary_majority': 0.749034749034749, 'run_time_millis': 1625.018374004867, 'loss_mean': 0.12165281176567078}
Epoch 3 **** Loss 0.03434372693300247 **** Metrics validation: {'accuracy': 0.9147381242387332, 'f1_weighted': 0.9153601184881811, 'macro': 0.8621796101603867, 'micro': 0.9147381242387332, 'binary': 0.7770700636942675, 'accuracy_majority': 0.8998144712430427, 'macro_majority': 0.8535267120254438, 'binary_majority': 0.771186440677966, 'run_time_millis': 2741.540533999796, 'loss_mean': 0.1769150197505951}
Epoch 4 **** Loss 0.0567387118935585 **** Metrics validation: {'accuracy': 0.9110840438489647, 'f1_weighted': 0.9120442790185406, 'macro': 0.8573108743527171, 'micro': 0.9110840438489647, 'binary': 0.7697160883280757, 'accuracy_majority': 0.8942486085343229, 'macro_majority': 0.8476925593777421, 'binary_majority': 0.7634854771784233, 'run_time_millis': 1725.6542980030645, 'loss_mean': 0.15418864786624908}
Epoch 5 **** Loss 0.009395402856171131 **** Metrics validation: {'accuracy': 0.9135200974421437, 'f1_weighted': 0.9125083292941178, 'macro': 0.8548375448566454, 'micro': 0.9135200974421437, 'binary': 0.7625418060200668, 'accuracy_majority': 0.8979591836734694, 'macro_majority': 0.8475216154633501, 'binary_majority': 0.759825327510917, 'run_time_millis': 2283.7814450031146, 'loss_mean': 0.210199773311615}
Epoch 6 **** Loss 0.0033827899023890495 **** Metrics validation: {'accuracy': 0.9123020706455542, 'f1_weighted': 0.9118561986697433, 'macro': 0.8546731177720084, 'micro': 0.9123020706455542, 'binary': 0.763157894736842, 'accuracy_majority': 0.8961038961038961, 'macro_majority': 0.8481017754337936, 'binary_majority': 0.7627118644067796, 'run_time_millis': 2538.101144004031, 'loss_mean': 0.18420839309692383}
Epoch 7 **** Loss 0.052818749099969864 **** Metrics validation: {'accuracy': 0.9208282582216809, 'f1_weighted': 0.921499126535167, 'macro': 0.8723340629896771, 'micro': 0.9208282582216809, 'binary': 0.7936507936507936, 'accuracy_majority': 0.9016697588126159, 'macro_majority': 0.8583808008249181, 'binary_majority': 0.7800829875518671, 'run_time_millis': 1727.4725349998334, 'loss_mean': 0.1879015862941742}
Epoch 8 **** Loss 0.022320354357361794 **** Metrics validation: {'accuracy': 0.9159561510353228, 'f1_weighted': 0.916266792138562, 'macro': 0.8631471634846513, 'micro': 0.9159561510353228, 'binary': 0.7781350482315113, 'accuracy_majority': 0.8998144712430427, 'macro_majority': 0.8535267120254438, 'binary_majority': 0.771186440677966, 'run_time_millis': 2385.9539900004165, 'loss_mean': 0.19404633343219757}
Epoch 9 **** Loss 0.0010303844464942813 **** Metrics validation: {'accuracy': 0.9171741778319124, 'f1_weighted': 0.9175805624808766, 'macro': 0.865461731251205, 'micro': 0.9171741778319124, 'binary': 0.7820512820512822, 'accuracy_majority': 0.9035250463821892, 'macro_majority': 0.8589516486170942, 'binary_majority': 0.7796610169491527, 'run_time_millis': 1978.1022289971588, 'loss_mean': 0.19774411618709564}
Evaluating
{'accuracy': 0.9208282582216809, 'f1_weighted': 0.921499126535167, 'macro': 0.8723340629896771, 'micro': 0.9208282582216809, 'binary': 0.7936507936507936, 'accuracy_majority': 0.9016697588126159, 'macro_majority': 0.8583808008249181, 'binary_majority': 0.7800829875518671, 'run_time_millis': 1730.5702459998429, 'loss_mean': 0.1879015862941742}
Device cuda
Split type sit
Training Size: 2112, NTA labels 1769, YTA labels 343
Validation Size: 821, NTA labels 667, YTA labels 154
Test Size: 791, NTA labels 656, YTA labels 135
Training with SBERT, model name is sbert
Tokenizing the dataset
Number of training steps 660
Epoch 0 **** Loss 0.14666259288787842 **** Metrics validation: {'accuracy': 0.7503045066991474, 'f1_weighted': 0.7766881572523755, 'macro': 0.6993463702020554, 'micro': 0.7503045066991475, 'binary': 0.5755693581780538, 'accuracy_majority': 0.7569573283858998, 'macro_majority': 0.7207861280819344, 'binary_majority': 0.6202898550724637, 'run_time_millis': 1829.20030898822, 'loss_mean': 0.1268002986907959}
Epoch 1 **** Loss 0.17858563363552094 **** Metrics validation: {'accuracy': 0.8952496954933008, 'f1_weighted': 0.8972003090806603, 'macro': 0.8346587609359486, 'micro': 0.8952496954933008, 'binary': 0.7345679012345679, 'accuracy_majority': 0.8775510204081632, 'macro_majority': 0.8251857530369147, 'binary_majority': 0.7295081967213114, 'run_time_millis': 2744.778729000245, 'loss_mean': 0.11241383105516434}
Epoch 2 **** Loss 0.03942036256194115 **** Metrics validation: {'accuracy': 0.8903775883069428, 'f1_weighted': 0.8955424053227475, 'macro': 0.8379434677334456, 'micro': 0.8903775883069428, 'binary': 0.7457627118644068, 'accuracy_majority': 0.8701298701298701, 'macro_majority': 0.8278992117938987, 'binary_majority': 0.7426470588235293, 'run_time_millis': 2754.6515459980583, 'loss_mean': 0.10307670384645462}
Epoch 3 **** Loss 0.015321940183639526 **** Metrics validation: {'accuracy': 0.8879415347137637, 'f1_weighted': 0.8937620095140794, 'macro': 0.8363407869648118, 'micro': 0.8879415347137637, 'binary': 0.7444444444444445, 'accuracy_majority': 0.8719851576994434, 'macro_majority': 0.8315815691158157, 'binary_majority': 0.749090909090909, 'run_time_millis': 2584.2553580005188, 'loss_mean': 0.14020299911499023}
Epoch 4 **** Loss 0.034335050731897354 **** Metrics validation: {'accuracy': 0.904993909866017, 'f1_weighted': 0.9067630710266454, 'macro': 0.8500393413139999, 'micro': 0.904993909866017, 'binary': 0.7592592592592592, 'accuracy_majority': 0.8886827458256029, 'macro_majority': 0.8428876797512631, 'binary_majority': 0.7580645161290321, 'run_time_millis': 2738.595354996505, 'loss_mean': 0.18476241827011108}
Epoch 5 **** Loss 0.02027633786201477 **** Metrics validation: {'accuracy': 0.8976857490864799, 'f1_weighted': 0.902161601610963, 'macro': 0.8474922600619195, 'micro': 0.8976857490864799, 'binary': 0.76, 'accuracy_majority': 0.8868274582560297, 'macro_majority': 0.848916235105987, 'binary_majority': 0.7732342007434944, 'run_time_millis': 2331.9884660013486, 'loss_mean': 0.1426488757133484}
Epoch 6 **** Loss 0.0069476584903895855 **** Metrics validation: {'accuracy': 0.9159561510353228, 'f1_weighted': 0.9172444345226987, 'macro': 0.8664067861362461, 'micro': 0.9159561510353228, 'binary': 0.7850467289719625, 'accuracy_majority': 0.9016697588126159, 'macro_majority': 0.8616080728220481, 'binary_majority': 0.7871485943775101, 'run_time_millis': 2482.5837230018806, 'loss_mean': 0.20303525030612946}
Epoch 7 **** Loss 0.001058564754202962 **** Metrics validation: {'accuracy': 0.9123020706455542, 'f1_weighted': 0.9127323602738693, 'macro': 0.8575477154424522, 'micro': 0.9123020706455542, 'binary': 0.7692307692307693, 'accuracy_majority': 0.8961038961038961, 'macro_majority': 0.849920445505171, 'binary_majority': 0.7666666666666667, 'run_time_millis': 2740.6440830091015, 'loss_mean': 0.21558886766433716}
Epoch 8 **** Loss 0.0011682262411341071 **** Metrics validation: {'accuracy': 0.9147381242387332, 'f1_weighted': 0.9159498167431696, 'macro': 0.8641499621785174, 'micro': 0.9147381242387332, 'binary': 0.78125, 'accuracy_majority': 0.8998144712430427, 'macro_majority': 0.8585989117761368, 'binary_majority': 0.7822580645161291, 'run_time_millis': 1979.2864909977652, 'loss_mean': 0.2153211385011673}
Epoch 9 **** Loss 0.0037175538018345833 **** Metrics validation: {'accuracy': 0.9171741778319124, 'f1_weighted': 0.9185355113385616, 'macro': 0.868652362130623, 'micro': 0.9171741778319124, 'binary': 0.7888198757763976, 'accuracy_majority': 0.9016697588126159, 'macro_majority': 0.8616080728220481, 'binary_majority': 0.7871485943775101, 'run_time_millis': 1726.791572989896, 'loss_mean': 0.2086571604013443}
Evaluating
{'accuracy': 0.9171741778319124, 'f1_weighted': 0.9185355113385616, 'macro': 0.868652362130623, 'micro': 0.9171741778319124, 'binary': 0.7888198757763976, 'accuracy_majority': 0.9016697588126159, 'macro_majority': 0.8616080728220481, 'binary_majority': 0.7871485943775101, 'run_time_millis': 1776.703772993642, 'loss_mean': 0.2086571604013443}
Device cuda
Split type sit
Training Size: 2349, NTA labels 1973, YTA labels 376
Validation Size: 821, NTA labels 667, YTA labels 154
Test Size: 791, NTA labels 656, YTA labels 135
Training with SBERT, model name is sbert
Tokenizing the dataset
Number of training steps 740
Epoch 0 **** Loss 0.043697476387023926 **** Metrics validation: {'accuracy': 0.9037758830694276, 'f1_weighted': 0.9021200238176785, 'macro': 0.8367772702678897, 'micro': 0.9037758830694276, 'binary': 0.7322033898305085, 'accuracy_majority': 0.8812615955473099, 'macro_majority': 0.8172494172494174, 'binary_majority': 0.7090909090909092, 'run_time_millis': 2742.124521988444, 'loss_mean': 0.12664076685905457}
Epoch 1 **** Loss 0.04203278198838234 **** Metrics validation: {'accuracy': 0.8757612667478685, 'f1_weighted': 0.8838246983627733, 'macro': 0.8247312638135422, 'micro': 0.8757612667478685, 'binary': 0.7301587301587301, 'accuracy_majority': 0.8589981447124304, 'macro_majority': 0.8207421669875722, 'binary_majority': 0.7379310344827587, 'run_time_millis': 965.7808269985253, 'loss_mean': 0.09222246706485748}
Epoch 2 **** Loss 0.023643383756279945 **** Metrics validation: {'accuracy': 0.8842874543239951, 'f1_weighted': 0.8907400787052198, 'macro': 0.8326664592741979, 'micro': 0.8842874543239951, 'binary': 0.7397260273972602, 'accuracy_majority': 0.8701298701298701, 'macro_majority': 0.8295475080414905, 'binary_majority': 0.7463768115942029, 'run_time_millis': 713.4440820082091, 'loss_mean': 0.10185788571834564}
Epoch 3 **** Loss 0.002147969091311097 **** Metrics validation: {'accuracy': 0.902557856272838, 'f1_weighted': 0.8993016324651579, 'macro': 0.8296998485759921, 'micro': 0.902557856272838, 'binary': 0.7183098591549296, 'accuracy_majority': 0.8868274582560297, 'macro_majority': 0.8215473961301529, 'binary_majority': 0.7136150234741785, 'run_time_millis': 1879.5491719938582, 'loss_mean': 0.1884486824274063}
Epoch 4 **** Loss 0.04757920652627945 **** Metrics validation: {'accuracy': 0.9001218026796589, 'f1_weighted': 0.9044910872868923, 'macro': 0.8511233967271119, 'micro': 0.9001218026796589, 'binary': 0.7657142857142857, 'accuracy_majority': 0.8905380333951762, 'macro_majority': 0.8516363806013669, 'binary_majority': 0.7756653992395437, 'run_time_millis': 2741.344786991249, 'loss_mean': 0.12810133397579193}
Epoch 5 **** Loss 0.04821252077817917 **** Metrics validation: {'accuracy': 0.9086479902557856, 'f1_weighted': 0.9080648209401357, 'macro': 0.8482316491544599, 'micro': 0.9086479902557856, 'binary': 0.7524752475247526, 'accuracy_majority': 0.8849721706864564, 'macro_majority': 0.8307915097014624, 'binary_majority': 0.7350427350427351, 'run_time_millis': 2646.745941005065, 'loss_mean': 0.20312969386577606}
Epoch 6 **** Loss 0.001756597077473998 **** Metrics validation: {'accuracy': 0.9123020706455542, 'f1_weighted': 0.9146685355101357, 'macro': 0.8640853490297067, 'micro': 0.9123020706455542, 'binary': 0.7831325301204819, 'accuracy_majority': 0.8998144712430427, 'macro_majority': 0.8616845346715328, 'binary_majority': 0.7890624999999999, 'run_time_millis': 1423.4820270066848, 'loss_mean': 0.152761310338974}
Epoch 7 **** Loss 0.00392818171530962 **** Metrics validation: {'accuracy': 0.9098660170523751, 'f1_weighted': 0.9119280531733788, 'macro': 0.8590368266696367, 'micro': 0.9098660170523751, 'binary': 0.774390243902439, 'accuracy_majority': 0.8998144712430427, 'macro_majority': 0.8601694915254237, 'binary_majority': 0.7857142857142857, 'run_time_millis': 1979.9852239957545, 'loss_mean': 0.1868000328540802}
Epoch 8 **** Loss 0.0012760712997987866 **** Metrics validation: {'accuracy': 0.9135200974421437, 'f1_weighted': 0.9150364091054669, 'macro': 0.8631785502198166, 'micro': 0.9135200974421437, 'binary': 0.7801857585139319, 'accuracy_majority': 0.9053803339517625, 'macro_majority': 0.8660752130256215, 'binary_majority': 0.7935222672064778, 'run_time_millis': 964.5933139981935, 'loss_mean': 0.19854433834552765}
Epoch 9 **** Loss 0.001440061954781413 **** Metrics validation: {'accuracy': 0.9123020706455542, 'f1_weighted': 0.9135483829358316, 'macro': 0.860268532526475, 'micro': 0.9123020706455542, 'binary': 0.7749999999999999, 'accuracy_majority': 0.8998144712430427, 'macro_majority': 0.8577919793621014, 'binary_majority': 0.7804878048780488, 'run_time_millis': 2736.602382006822, 'loss_mean': 0.2028179168701172}
Evaluating
{'accuracy': 0.9135200974421437, 'f1_weighted': 0.9150364091054669, 'macro': 0.8631785502198166, 'micro': 0.9135200974421437, 'binary': 0.7801857585139319, 'accuracy_majority': 0.9053803339517625, 'macro_majority': 0.8660752130256215, 'binary_majority': 0.7935222672064778, 'run_time_millis': 1165.8953060104977, 'loss_mean': 0.19854433834552765}
