Device cuda
Split type sit
Training Size: 402, NTA labels 349, YTA labels 53
Validation Size: 1344, NTA labels 1152, YTA labels 192
Test Size: 1344, NTA labels 1155, YTA labels 189
Training with SBERT, model name is sbert
Tokenizing the dataset
Number of training steps 130
Epoch 0 **** Loss 0.08225234597921371 **** Metrics validation: {'accuracy': 0.8005952380952381, 'f1_weighted': 0.8188557474271759, 'macro': 0.6727716727716727, 'micro': 0.8005952380952381, 'binary': 0.46825396825396826, 'accuracy_majority': 0.8348214285714286, 'macro_majority': 0.7361097844429585, 'binary_majority': 0.5747126436781609, 'run_time_millis': 2581.2489810050465, 'loss_mean': 0.14481088519096375}
Epoch 1 **** Loss 0.11871075630187988 **** Metrics validation: {'accuracy': 0.7351190476190477, 'f1_weighted': 0.771642085178413, 'macro': 0.6357424105389133, 'micro': 0.7351190476190476, 'binary': 0.4454828660436137, 'accuracy_majority': 0.7678571428571429, 'macro_majority': 0.6867132867132866, 'binary_majority': 0.5272727272727272, 'run_time_millis': 2597.427176020574, 'loss_mean': 0.12783080339431763}
Epoch 2 **** Loss 0.024027027189731598 **** Metrics validation: {'accuracy': 0.8333333333333334, 'f1_weighted': 0.8423664306017248, 'macro': 0.6978368743074626, 'micro': 0.8333333333333334, 'binary': 0.4954954954954954, 'accuracy_majority': 0.8616071428571429, 'macro_majority': 0.7569223229600588, 'binary_majority': 0.5974025974025974, 'run_time_millis': 2593.8796929549426, 'loss_mean': 0.15902848541736603}
Epoch 3 **** Loss 0.09811989963054657 **** Metrics validation: {'accuracy': 0.7991071428571429, 'f1_weighted': 0.8181123689145079, 'macro': 0.6733106465726787, 'micro': 0.7991071428571428, 'binary': 0.4705882352941177, 'accuracy_majority': 0.8214285714285714, 'macro_majority': 0.7171717171717171, 'binary_majority': 0.5454545454545454, 'run_time_millis': 2590.0098720449023, 'loss_mean': 0.1639856994152069}
Epoch 4 **** Loss 0.07421927899122238 **** Metrics validation: {'accuracy': 0.7901785714285714, 'f1_weighted': 0.8117965367965367, 'macro': 0.6676767676767676, 'micro': 0.7901785714285714, 'binary': 0.4659090909090909, 'accuracy_majority': 0.8169642857142857, 'macro_majority': 0.7173023055375997, 'binary_majority': 0.5494505494505495, 'run_time_millis': 2602.5227420032024, 'loss_mean': 0.17446115612983704}
Epoch 5 **** Loss 0.048817262053489685 **** Metrics validation: {'accuracy': 0.7946428571428571, 'f1_weighted': 0.8158008658008659, 'macro': 0.6747474747474748, 'micro': 0.7946428571428572, 'binary': 0.4772727272727273, 'accuracy_majority': 0.8258928571428571, 'macro_majority': 0.7310924369747899, 'binary_majority': 0.5714285714285714, 'run_time_millis': 2596.8831150094047, 'loss_mean': 0.18656113743782043}
Epoch 6 **** Loss 0.0731852650642395 **** Metrics validation: {'accuracy': 0.8273809523809523, 'f1_weighted': 0.8374943614621899, 'macro': 0.6903902293714625, 'micro': 0.8273809523809523, 'binary': 0.48444444444444446, 'accuracy_majority': 0.8571428571428571, 'macro_majority': 0.7516285516285517, 'binary_majority': 0.5897435897435898, 'run_time_millis': 2597.512768988963, 'loss_mean': 0.21233658492565155}
Epoch 7 **** Loss 0.03170923516154289 **** Metrics validation: {'accuracy': 0.8154761904761905, 'f1_weighted': 0.8292437897254198, 'macro': 0.6823893977336398, 'micro': 0.8154761904761905, 'binary': 0.4767932489451477, 'accuracy_majority': 0.8482142857142857, 'macro_majority': 0.7462348393975744, 'binary_majority': 0.5853658536585366, 'run_time_millis': 1580.6418940192088, 'loss_mean': 0.21233853697776794}
Epoch 8 **** Loss 0.07538726925849915 **** Metrics validation: {'accuracy': 0.8199404761904762, 'f1_weighted': 0.8326931326931325, 'macro': 0.6869484869484869, 'micro': 0.819940476190476, 'binary': 0.4829059829059829, 'accuracy_majority': 0.8526785714285714, 'macro_majority': 0.7513371682309011, 'binary_majority': 0.5925925925925927, 'run_time_millis': 2594.8083020048216, 'loss_mean': 0.2124173790216446}
Epoch 9 **** Loss 0.05647169053554535 **** Metrics validation: {'accuracy': 0.8154761904761905, 'f1_weighted': 0.8292437897254198, 'macro': 0.6823893977336398, 'micro': 0.8154761904761905, 'binary': 0.4767932489451477, 'accuracy_majority': 0.8482142857142857, 'macro_majority': 0.7462348393975744, 'binary_majority': 0.5853658536585366, 'run_time_millis': 2598.980588023551, 'loss_mean': 0.2113972157239914}
Evaluating
{'accuracy': 0.8333333333333334, 'f1_weighted': 0.8423664306017248, 'macro': 0.6978368743074626, 'micro': 0.8333333333333334, 'binary': 0.4954954954954954, 'accuracy_majority': 0.8616071428571429, 'macro_majority': 0.7569223229600588, 'binary_majority': 0.5974025974025974, 'run_time_millis': 2595.9355250233784, 'loss_mean': 0.15902848541736603}
Device cuda
Split type sit
Training Size: 804, NTA labels 701, YTA labels 103
Validation Size: 1344, NTA labels 1152, YTA labels 192
Test Size: 1344, NTA labels 1155, YTA labels 189
Training with SBERT, model name is sbert
Tokenizing the dataset
Number of training steps 260
Epoch 0 **** Loss 0.04869122430682182 **** Metrics validation: {'accuracy': 0.7782738095238095, 'f1_weighted': 0.8051497113997115, 'macro': 0.670770202020202, 'micro': 0.7782738095238095, 'binary': 0.4826388888888889, 'accuracy_majority': 0.8169642857142857, 'macro_majority': 0.7341900379149662, 'binary_majority': 0.5858585858585857, 'run_time_millis': 2604.7967189806513, 'loss_mean': 0.12965989112854004}
Epoch 1 **** Loss 0.0460941381752491 **** Metrics validation: {'accuracy': 0.8125, 'f1_weighted': 0.8284686125549781, 'macro': 0.6865253898440624, 'micro': 0.8125, 'binary': 0.48780487804878053, 'accuracy_majority': 0.84375, 'macro_majority': 0.7459082806676389, 'binary_majority': 0.588235294117647, 'run_time_millis': 1784.173569001723, 'loss_mean': 0.13899020850658417}
Epoch 2 **** Loss 0.07076877355575562 **** Metrics validation: {'accuracy': 0.7544642857142857, 'f1_weighted': 0.788031399252849, 'macro': 0.6601566810107029, 'micro': 0.7544642857142858, 'binary': 0.4811320754716981, 'accuracy_majority': 0.78125, 'macro_majority': 0.7029579713674867, 'binary_majority': 0.5504587155963303, 'run_time_millis': 2601.5614419593476, 'loss_mean': 0.11710435152053833}
Epoch 3 **** Loss 0.03761756047606468 **** Metrics validation: {'accuracy': 0.7857142857142857, 'f1_weighted': 0.8094006833502632, 'macro': 0.6690368455074338, 'micro': 0.7857142857142857, 'binary': 0.47252747252747257, 'accuracy_majority': 0.8035714285714286, 'macro_majority': 0.7038105541531434, 'binary_majority': 0.5319148936170213, 'run_time_millis': 2242.4293129588477, 'loss_mean': 0.13923576474189758}
Epoch 4 **** Loss 0.06397896260023117 **** Metrics validation: {'accuracy': 0.8169642857142857, 'f1_weighted': 0.8276879867228392, 'macro': 0.6717068811438784, 'micro': 0.8169642857142857, 'binary': 0.45333333333333325, 'accuracy_majority': 0.8392857142857143, 'macro_majority': 0.7205821205821206, 'binary_majority': 0.5384615384615383, 'run_time_millis': 2338.95789203234, 'loss_mean': 0.1735839545726776}
Epoch 5 **** Loss 0.045765411108732224 **** Metrics validation: {'accuracy': 0.8005952380952381, 'f1_weighted': 0.8182286877451096, 'macro': 0.6697364801672443, 'micro': 0.8005952380952381, 'binary': 0.46184738955823296, 'accuracy_majority': 0.8214285714285714, 'macro_majority': 0.7121932416805858, 'binary_majority': 0.5348837209302325, 'run_time_millis': 2599.9016969581135, 'loss_mean': 0.17494599521160126}
Epoch 6 **** Loss 0.11243326961994171 **** Metrics validation: {'accuracy': 0.8050595238095238, 'f1_weighted': 0.8216618114658898, 'macro': 0.6740859211870808, 'micro': 0.8050595238095238, 'binary': 0.46747967479674796, 'accuracy_majority': 0.8258928571428571, 'macro_majority': 0.7168692270296548, 'binary_majority': 0.5411764705882354, 'run_time_millis': 2596.285652020015, 'loss_mean': 0.18094956874847412}
Epoch 7 **** Loss 0.03742852807044983 **** Metrics validation: {'accuracy': 0.7916666666666666, 'f1_weighted': 0.8113757899854157, 'macro': 0.6612110408901853, 'micro': 0.7916666666666666, 'binary': 0.45098039215686275, 'accuracy_majority': 0.8125, 'macro_majority': 0.7030303030303031, 'binary_majority': 0.5227272727272727, 'run_time_millis': 2039.0633800416254, 'loss_mean': 0.17942407727241516}
Epoch 8 **** Loss 0.11526942253112793 **** Metrics validation: {'accuracy': 0.8005952380952381, 'f1_weighted': 0.8182286877451096, 'macro': 0.6697364801672443, 'micro': 0.8005952380952381, 'binary': 0.46184738955823296, 'accuracy_majority': 0.8214285714285714, 'macro_majority': 0.7121932416805858, 'binary_majority': 0.5348837209302325, 'run_time_millis': 2599.6202619862743, 'loss_mean': 0.19002242386341095}
Epoch 9 **** Loss 0.06674839556217194 **** Metrics validation: {'accuracy': 0.7961309523809523, 'f1_weighted': 0.8148002790859936, 'macro': 0.6654456654456655, 'micro': 0.7961309523809523, 'binary': 0.4563492063492064, 'accuracy_majority': 0.8169642857142857, 'macro_majority': 0.707581112490846, 'binary_majority': 0.528735632183908, 'run_time_millis': 2595.327212999109, 'loss_mean': 0.17704260349273682}
Evaluating
{'accuracy': 0.8125, 'f1_weighted': 0.8284686125549781, 'macro': 0.6865253898440624, 'micro': 0.8125, 'binary': 0.48780487804878053, 'accuracy_majority': 0.84375, 'macro_majority': 0.7459082806676389, 'binary_majority': 0.588235294117647, 'run_time_millis': 2600.7314549642615, 'loss_mean': 0.13899020850658417}
Device cuda
Split type sit
Training Size: 1206, NTA labels 1054, YTA labels 152
Validation Size: 1344, NTA labels 1152, YTA labels 192
Test Size: 1344, NTA labels 1155, YTA labels 189
Training with SBERT, model name is sbert
Tokenizing the dataset
Number of training steps 380
Epoch 0 **** Loss 0.10776772350072861 **** Metrics validation: {'accuracy': 0.7217261904761905, 'f1_weighted': 0.7614795918367347, 'macro': 0.6289682539682541, 'micro': 0.7217261904761905, 'binary': 0.443452380952381, 'accuracy_majority': 0.7455357142857143, 'macro_majority': 0.6665883274578928, 'binary_majority': 0.5043478260869566, 'run_time_millis': 2602.998882008251, 'loss_mean': 0.12303294241428375}
Epoch 1 **** Loss 0.1896800994873047 **** Metrics validation: {'accuracy': 0.6919642857142857, 'f1_weighted': 0.7378826051996784, 'macro': 0.613358348968105, 'micro': 0.6919642857142857, 'binary': 0.43902439024390244, 'accuracy_majority': 0.7142857142857143, 'macro_majority': 0.6466528640441684, 'binary_majority': 0.4920634920634921, 'run_time_millis': 1635.0139389978722, 'loss_mean': 0.1211802288889885}
Epoch 2 **** Loss 0.06203191354870796 **** Metrics validation: {'accuracy': 0.7321428571428571, 'f1_weighted': 0.7696563402498288, 'macro': 0.6362750669805959, 'micro': 0.7321428571428571, 'binary': 0.4495412844036697, 'accuracy_majority': 0.7589285714285714, 'macro_majority': 0.6785714285714286, 'binary_majority': 0.5178571428571429, 'run_time_millis': 2598.5539999674074, 'loss_mean': 0.12050305306911469}
Epoch 3 **** Loss 0.1660909503698349 **** Metrics validation: {'accuracy': 0.7633928571428571, 'f1_weighted': 0.7933530970780256, 'macro': 0.6563920002315419, 'micro': 0.7633928571428571, 'binary': 0.4646464646464647, 'accuracy_majority': 0.7767857142857143, 'macro_majority': 0.6826476255241982, 'binary_majority': 0.5098039215686275, 'run_time_millis': 2611.9016360025853, 'loss_mean': 0.13134166598320007}
Epoch 4 **** Loss 0.07409990578889847 **** Metrics validation: {'accuracy': 0.7098214285714286, 'f1_weighted': 0.7524763372221, 'macro': 0.6260914227015921, 'micro': 0.7098214285714286, 'binary': 0.44915254237288127, 'accuracy_majority': 0.7366071428571429, 'macro_majority': 0.6659842798291504, 'binary_majority': 0.512396694214876, 'run_time_millis': 2597.7727929712273, 'loss_mean': 0.11716164648532867}
Epoch 5 **** Loss 0.06308082491159439 **** Metrics validation: {'accuracy': 0.7604166666666666, 'f1_weighted': 0.7911494252873562, 'macro': 0.6545593869731801, 'micro': 0.7604166666666666, 'binary': 0.4633333333333334, 'accuracy_majority': 0.7901785714285714, 'macro_majority': 0.7037287181651892, 'binary_majority': 0.5436893203883495, 'run_time_millis': 2599.025728995912, 'loss_mean': 0.1321154087781906}
Epoch 6 **** Loss 0.07100730389356613 **** Metrics validation: {'accuracy': 0.7633928571428571, 'f1_weighted': 0.7920725108225108, 'macro': 0.6486742424242424, 'micro': 0.7633928571428571, 'binary': 0.4479166666666667, 'accuracy_majority': 0.7901785714285714, 'macro_majority': 0.695291019073254, 'binary_majority': 0.5252525252525253, 'run_time_millis': 2621.838692051824, 'loss_mean': 0.13966800272464752}
Epoch 7 **** Loss 0.05662268027663231 **** Metrics validation: {'accuracy': 0.7752976190476191, 'f1_weighted': 0.7995950459637611, 'macro': 0.6500724187875027, 'micro': 0.7752976190476191, 'binary': 0.44074074074074077, 'accuracy_majority': 0.7991071428571429, 'macro_majority': 0.6946842344388915, 'binary_majority': 0.5161290322580646, 'run_time_millis': 2590.018822986167, 'loss_mean': 0.14854592084884644}
Epoch 8 **** Loss 0.06825605034828186 **** Metrics validation: {'accuracy': 0.7782738095238095, 'f1_weighted': 0.8005191442004891, 'macro': 0.6457689899279354, 'micro': 0.7782738095238095, 'binary': 0.42911877394636017, 'accuracy_majority': 0.7946428571428571, 'macro_majority': 0.6801986343885785, 'binary_majority': 0.488888888888889, 'run_time_millis': 2604.296729026828, 'loss_mean': 0.15607766807079315}
Epoch 9 **** Loss 0.0659666359424591 **** Metrics validation: {'accuracy': 0.7782738095238095, 'f1_weighted': 0.8011183261183261, 'macro': 0.6488215488215487, 'micro': 0.7782738095238095, 'binary': 0.4356060606060606, 'accuracy_majority': 0.7991071428571429, 'macro_majority': 0.6897220426632191, 'binary_majority': 0.5054945054945055, 'run_time_millis': 2606.9654439925216, 'loss_mean': 0.1541261225938797}
Evaluating
{'accuracy': 0.7782738095238095, 'f1_weighted': 0.8011183261183261, 'macro': 0.6488215488215487, 'micro': 0.7782738095238095, 'binary': 0.4356060606060606, 'accuracy_majority': 0.7991071428571429, 'macro_majority': 0.6897220426632191, 'binary_majority': 0.5054945054945055, 'run_time_millis': 2595.565097988583, 'loss_mean': 0.1541261225938797}
Device cuda
Split type sit
Training Size: 1608, NTA labels 1414, YTA labels 194
Validation Size: 1344, NTA labels 1152, YTA labels 192
Test Size: 1344, NTA labels 1155, YTA labels 189
Training with SBERT, model name is sbert
Tokenizing the dataset
Number of training steps 510
Epoch 0 **** Loss 0.017574992030858994 **** Metrics validation: {'accuracy': 0.7559523809523809, 'f1_weighted': 0.7864334305150632, 'macro': 0.6429931972789116, 'micro': 0.7559523809523809, 'binary': 0.4421768707482993, 'accuracy_majority': 0.78125, 'macro_majority': 0.6868205552543727, 'binary_majority': 0.5148514851485148, 'run_time_millis': 2101.2981690000743, 'loss_mean': 0.1279556006193161}
Epoch 1 **** Loss 0.017673030495643616 **** Metrics validation: {'accuracy': 0.7529761904761905, 'f1_weighted': 0.7864408348373363, 'macro': 0.6558471007450599, 'micro': 0.7529761904761905, 'binary': 0.473015873015873, 'accuracy_majority': 0.7857142857142857, 'macro_majority': 0.7071895424836601, 'binary_majority': 0.5555555555555556, 'run_time_millis': 2603.850398969371, 'loss_mean': 0.11679790914058685}
Epoch 2 **** Loss 0.1096431091427803 **** Metrics validation: {'accuracy': 0.7619047619047619, 'f1_weighted': 0.7928224275700522, 'macro': 0.6591244138823104, 'micro': 0.7619047619047619, 'binary': 0.4719471947194719, 'accuracy_majority': 0.7946428571428571, 'macro_majority': 0.7119856887298748, 'binary_majority': 0.5576923076923077, 'run_time_millis': 2602.185063995421, 'loss_mean': 0.12778954207897186}
Epoch 3 **** Loss 0.04149472340941429 **** Metrics validation: {'accuracy': 0.7306547619047619, 'f1_weighted': 0.7691326530612246, 'macro': 0.6408730158730158, 'micro': 0.7306547619047619, 'binary': 0.46130952380952384, 'accuracy_majority': 0.7633928571428571, 'macro_majority': 0.6899856378117248, 'binary_majority': 0.5391304347826087, 'run_time_millis': 2622.4198740092106, 'loss_mean': 0.12184260040521622}
Epoch 4 **** Loss 0.0984538197517395 **** Metrics validation: {'accuracy': 0.7366071428571429, 'f1_weighted': 0.774234693877551, 'macro': 0.6488095238095237, 'micro': 0.7366071428571429, 'binary': 0.47321428571428564, 'accuracy_majority': 0.7633928571428571, 'macro_majority': 0.6899856378117248, 'binary_majority': 0.5391304347826087, 'run_time_millis': 2600.8172360016033, 'loss_mean': 0.12195409834384918}
Epoch 5 **** Loss 0.14923933148384094 **** Metrics validation: {'accuracy': 0.7782738095238095, 'f1_weighted': 0.806349757639156, 'macro': 0.6780025662547152, 'micro': 0.7782738095238095, 'binary': 0.4983164983164983, 'accuracy_majority': 0.8125, 'macro_majority': 0.7334240054403265, 'binary_majority': 0.5882352941176471, 'run_time_millis': 2603.8907599868253, 'loss_mean': 0.14470580220222473}
Epoch 6 **** Loss 0.02036171779036522 **** Metrics validation: {'accuracy': 0.7991071428571429, 'f1_weighted': 0.8181123689145079, 'macro': 0.6733106465726787, 'micro': 0.7991071428571428, 'binary': 0.4705882352941177, 'accuracy_majority': 0.8125, 'macro_majority': 0.7030303030303031, 'binary_majority': 0.5227272727272727, 'run_time_millis': 2598.9169270033017, 'loss_mean': 0.17579472064971924}
Epoch 7 **** Loss 0.04002254083752632 **** Metrics validation: {'accuracy': 0.7931547619047619, 'f1_weighted': 0.8155212674765748, 'macro': 0.6778812331884958, 'micro': 0.7931547619047619, 'binary': 0.4851851851851851, 'accuracy_majority': 0.8169642857142857, 'macro_majority': 0.7218234135998789, 'binary_majority': 0.5591397849462366, 'run_time_millis': 2595.214989967644, 'loss_mean': 0.15215569734573364}
Epoch 8 **** Loss 0.048898931592702866 **** Metrics validation: {'accuracy': 0.7991071428571429, 'f1_weighted': 0.8181123689145079, 'macro': 0.6733106465726787, 'micro': 0.7991071428571428, 'binary': 0.4705882352941177, 'accuracy_majority': 0.8125, 'macro_majority': 0.7030303030303031, 'binary_majority': 0.5227272727272727, 'run_time_millis': 2615.393409039825, 'loss_mean': 0.16275078058242798}
Epoch 9 **** Loss 0.042979560792446136 **** Metrics validation: {'accuracy': 0.8005952380952381, 'f1_weighted': 0.8188557474271759, 'macro': 0.6727716727716727, 'micro': 0.8005952380952381, 'binary': 0.46825396825396826, 'accuracy_majority': 0.8169642857142857, 'macro_majority': 0.707581112490846, 'binary_majority': 0.528735632183908, 'run_time_millis': 2591.1407559760846, 'loss_mean': 0.1729806810617447}
Evaluating
{'accuracy': 0.8005952380952381, 'f1_weighted': 0.8188557474271759, 'macro': 0.6727716727716727, 'micro': 0.8005952380952381, 'binary': 0.46825396825396826, 'accuracy_majority': 0.8169642857142857, 'macro_majority': 0.707581112490846, 'binary_majority': 0.528735632183908, 'run_time_millis': 2600.369186955504, 'loss_mean': 0.1729806810617447}
Device cuda
Split type sit
Training Size: 2016, NTA labels 1756, YTA labels 260
Validation Size: 1344, NTA labels 1152, YTA labels 192
Test Size: 1344, NTA labels 1155, YTA labels 189
Training with SBERT, model name is sbert
Tokenizing the dataset
Number of training steps 630
Epoch 0 **** Loss 0.09487797319889069 **** Metrics validation: {'accuracy': 0.7827380952380952, 'f1_weighted': 0.8098736637512147, 'macro': 0.6821768707482994, 'micro': 0.7827380952380952, 'binary': 0.5034013605442177, 'accuracy_majority': 0.8080357142857143, 'macro_majority': 0.7251690586926128, 'binary_majority': 0.5742574257425743, 'run_time_millis': 2590.2055770275183, 'loss_mean': 0.11917503923177719}
Epoch 1 **** Loss 0.07277266681194305 **** Metrics validation: {'accuracy': 0.8065476190476191, 'f1_weighted': 0.8254131409726939, 'macro': 0.6882093451539681, 'micro': 0.8065476190476192, 'binary': 0.49612403100775193, 'accuracy_majority': 0.84375, 'macro_majority': 0.7546242684110043, 'binary_majority': 0.6067415730337079, 'run_time_millis': 2628.5373409627937, 'loss_mean': 0.12567827105522156}
Epoch 2 **** Loss 0.09205397218465805 **** Metrics validation: {'accuracy': 0.78125, 'f1_weighted': 0.8054298642533937, 'macro': 0.6621417797888387, 'micro': 0.78125, 'binary': 0.46153846153846156, 'accuracy_majority': 0.8035714285714286, 'macro_majority': 0.7038105541531434, 'binary_majority': 0.5319148936170213, 'run_time_millis': 2593.273649981711, 'loss_mean': 0.12956653535366058}
Epoch 3 **** Loss 0.06466363370418549 **** Metrics validation: {'accuracy': 0.7410714285714286, 'f1_weighted': 0.7778337897032259, 'macro': 0.6526853262758308, 'micro': 0.7410714285714286, 'binary': 0.4774774774774775, 'accuracy_majority': 0.7589285714285714, 'macro_majority': 0.6823195713835488, 'binary_majority': 0.5263157894736843, 'run_time_millis': 2617.0916139963083, 'loss_mean': 0.11636073142290115}
Epoch 4 **** Loss 0.07272051274776459 **** Metrics validation: {'accuracy': 0.7693452380952381, 'f1_weighted': 0.7992967267084881, 'macro': 0.6697767759484882, 'micro': 0.7693452380952381, 'binary': 0.4884488448844885, 'accuracy_majority': 0.7946428571428571, 'macro_majority': 0.7119856887298748, 'binary_majority': 0.5576923076923077, 'run_time_millis': 2594.904824043624, 'loss_mean': 0.12921451032161713}
Epoch 5 **** Loss 0.07588551193475723 **** Metrics validation: {'accuracy': 0.7514880952380952, 'f1_weighted': 0.7857540911505337, 'macro': 0.6582527110112277, 'micro': 0.7514880952380953, 'binary': 0.47975077881619943, 'accuracy_majority': 0.7767857142857143, 'macro_majority': 0.6987627756858527, 'binary_majority': 0.5454545454545455, 'run_time_millis': 2623.0467169662006, 'loss_mean': 0.12375243753194809}
Epoch 6 **** Loss 0.06014411151409149 **** Metrics validation: {'accuracy': 0.8020833333333334, 'f1_weighted': 0.8189390910302546, 'macro': 0.6691101337242882, 'micro': 0.8020833333333334, 'binary': 0.45934959349593496, 'accuracy_majority': 0.8258928571428571, 'macro_majority': 0.7168692270296548, 'binary_majority': 0.5411764705882354, 'run_time_millis': 2593.580705986824, 'loss_mean': 0.17831599712371826}
Epoch 7 **** Loss 0.08528175950050354 **** Metrics validation: {'accuracy': 0.7633928571428571, 'f1_weighted': 0.7941172873977393, 'macro': 0.661254886295546, 'micro': 0.7633928571428571, 'binary': 0.4752475247524752, 'accuracy_majority': 0.7857142857142857, 'macro_majority': 0.6994633273703041, 'binary_majority': 0.5384615384615384, 'run_time_millis': 2608.7084900354967, 'loss_mean': 0.14668422937393188}
Epoch 8 **** Loss 0.06627599895000458 **** Metrics validation: {'accuracy': 0.7708333333333334, 'f1_weighted': 0.7990425000734278, 'macro': 0.6622707825456966, 'micro': 0.7708333333333333, 'binary': 0.47079037800687284, 'accuracy_majority': 0.7946428571428571, 'macro_majority': 0.7039080459770115, 'binary_majority': 0.54, 'run_time_millis': 2595.4360549803823, 'loss_mean': 0.15504972636699677}
Epoch 9 **** Loss 0.0614171139895916 **** Metrics validation: {'accuracy': 0.7872023809523809, 'f1_weighted': 0.8112161816363087, 'macro': 0.6739944634424362, 'micro': 0.7872023809523809, 'binary': 0.4818840579710145, 'accuracy_majority': 0.8169642857142857, 'macro_majority': 0.7261368719248547, 'binary_majority': 0.5684210526315789, 'run_time_millis': 2602.271095965989, 'loss_mean': 0.16140982508659363}
Evaluating
{'accuracy': 0.8065476190476191, 'f1_weighted': 0.8254131409726939, 'macro': 0.6882093451539681, 'micro': 0.8065476190476192, 'binary': 0.49612403100775193, 'accuracy_majority': 0.84375, 'macro_majority': 0.7546242684110043, 'binary_majority': 0.6067415730337079, 'run_time_millis': 1581.2280259560794, 'loss_mean': 0.12567827105522156}
Device cuda
Split type sit
Training Size: 2418, NTA labels 2103, YTA labels 315
Validation Size: 1344, NTA labels 1152, YTA labels 192
Test Size: 1344, NTA labels 1155, YTA labels 189
Training with SBERT, model name is sbert
Tokenizing the dataset
Number of training steps 760
Epoch 0 **** Loss 0.12726998329162598 **** Metrics validation: {'accuracy': 0.6919642857142857, 'f1_weighted': 0.7381390410310859, 'macro': 0.6208698211788947, 'micro': 0.6919642857142857, 'binary': 0.4566929133858268, 'accuracy_majority': 0.7142857142857143, 'macro_majority': 0.6532172230285438, 'binary_majority': 0.5076923076923078, 'run_time_millis': 2591.3321599946357, 'loss_mean': 0.1300673633813858}
Epoch 1 **** Loss 0.05842618644237518 **** Metrics validation: {'accuracy': 0.7574404761904762, 'f1_weighted': 0.7908857296858501, 'macro': 0.666438274819342, 'micro': 0.7574404761904763, 'binary': 0.4922118380062306, 'accuracy_majority': 0.7857142857142857, 'macro_majority': 0.7108122646584185, 'binary_majority': 0.5636363636363636, 'run_time_millis': 2598.686571989674, 'loss_mean': 0.11847332864999771}
Epoch 2 **** Loss 0.08212718367576599 **** Metrics validation: {'accuracy': 0.75, 'f1_weighted': 0.7838678328474247, 'macro': 0.6517006802721088, 'micro': 0.75, 'binary': 0.46666666666666673, 'accuracy_majority': 0.7767857142857143, 'macro_majority': 0.6949891067538128, 'binary_majority': 0.5370370370370371, 'run_time_millis': 2598.8717060536146, 'loss_mean': 0.1280825436115265}
Epoch 3 **** Loss 0.05087459087371826 **** Metrics validation: {'accuracy': 0.7797619047619048, 'f1_weighted': 0.8060249774578088, 'macro': 0.6704736345112072, 'micro': 0.7797619047619048, 'binary': 0.48070175438596496, 'accuracy_majority': 0.8035714285714286, 'macro_majority': 0.7126530612244899, 'binary_majority': 0.5510204081632654, 'run_time_millis': 2610.4721059673466, 'loss_mean': 0.14876234531402588}
Epoch 4 **** Loss 0.0570216104388237 **** Metrics validation: {'accuracy': 0.7232142857142857, 'f1_weighted': 0.7637454857998666, 'macro': 0.641387145918868, 'micro': 0.7232142857142857, 'binary': 0.4700854700854702, 'accuracy_majority': 0.75, 'macro_majority': 0.6813008130081302, 'binary_majority': 0.5333333333333334, 'run_time_millis': 1884.012487018481, 'loss_mean': 0.12558777630329132}
Epoch 5 **** Loss 0.06155741959810257 **** Metrics validation: {'accuracy': 0.7306547619047619, 'f1_weighted': 0.7688960685993326, 'macro': 0.6387128968731343, 'micro': 0.7306547619047619, 'binary': 0.45645645645645644, 'accuracy_majority': 0.75, 'macro_majority': 0.6705536295829394, 'binary_majority': 0.5087719298245614, 'run_time_millis': 2595.91975499643, 'loss_mean': 0.1338641345500946}
Epoch 6 **** Loss 0.05977436527609825 **** Metrics validation: {'accuracy': 0.7514880952380952, 'f1_weighted': 0.7851543338423804, 'macro': 0.6537738905085844, 'micro': 0.7514880952380953, 'binary': 0.46984126984126984, 'accuracy_majority': 0.7767857142857143, 'macro_majority': 0.6949891067538128, 'binary_majority': 0.5370370370370371, 'run_time_millis': 1901.2424150132574, 'loss_mean': 0.13957200944423676}
Epoch 7 **** Loss 0.05938730761408806 **** Metrics validation: {'accuracy': 0.7797619047619048, 'f1_weighted': 0.8060249774578088, 'macro': 0.6704736345112072, 'micro': 0.7797619047619048, 'binary': 0.48070175438596496, 'accuracy_majority': 0.8035714285714286, 'macro_majority': 0.7126530612244899, 'binary_majority': 0.5510204081632654, 'run_time_millis': 2627.1157109877095, 'loss_mean': 0.17771010100841522}
Epoch 8 **** Loss 0.04996796324849129 **** Metrics validation: {'accuracy': 0.7633928571428571, 'f1_weighted': 0.7933530970780256, 'macro': 0.6563920002315419, 'micro': 0.7633928571428571, 'binary': 0.4646464646464647, 'accuracy_majority': 0.7857142857142857, 'macro_majority': 0.6953417205032302, 'binary_majority': 0.5294117647058824, 'run_time_millis': 2599.9597089830786, 'loss_mean': 0.17476165294647217}
Epoch 9 **** Loss 0.09073388576507568 **** Metrics validation: {'accuracy': 0.7797619047619048, 'f1_weighted': 0.8060249774578088, 'macro': 0.6704736345112072, 'micro': 0.7797619047619048, 'binary': 0.48070175438596496, 'accuracy_majority': 0.8035714285714286, 'macro_majority': 0.7126530612244899, 'binary_majority': 0.5510204081632654, 'run_time_millis': 2599.0764010348357, 'loss_mean': 0.17803877592086792}
Evaluating
{'accuracy': 0.7797619047619048, 'f1_weighted': 0.8060249774578088, 'macro': 0.6704736345112072, 'micro': 0.7797619047619048, 'binary': 0.48070175438596496, 'accuracy_majority': 0.8035714285714286, 'macro_majority': 0.7126530612244899, 'binary_majority': 0.5510204081632654, 'run_time_millis': 2600.1086219912395, 'loss_mean': 0.14876234531402588}
Device cuda
Split type sit
Training Size: 2820, NTA labels 2462, YTA labels 358
Validation Size: 1344, NTA labels 1152, YTA labels 192
Test Size: 1344, NTA labels 1155, YTA labels 189
Training with SBERT, model name is sbert
Tokenizing the dataset
Number of training steps 890
Epoch 0 **** Loss 0.09447041153907776 **** Metrics validation: {'accuracy': 0.7157738095238095, 'f1_weighted': 0.7578300425861401, 'macro': 0.6376693766937669, 'micro': 0.7157738095238094, 'binary': 0.46944444444444444, 'accuracy_majority': 0.7455357142857143, 'macro_majority': 0.6806003752345215, 'binary_majority': 0.5365853658536585, 'run_time_millis': 2586.592522042338, 'loss_mean': 0.12078306823968887}
Epoch 1 **** Loss 0.1133837178349495 **** Metrics validation: {'accuracy': 0.7217261904761905, 'f1_weighted': 0.762901664730933, 'macro': 0.6452574525745257, 'micro': 0.7217261904761905, 'binary': 0.48055555555555557, 'accuracy_majority': 0.7455357142857143, 'macro_majority': 0.6806003752345215, 'binary_majority': 0.5365853658536585, 'run_time_millis': 2597.709082008805, 'loss_mean': 0.1123090609908104}
Epoch 2 **** Loss 0.040598321706056595 **** Metrics validation: {'accuracy': 0.7827380952380952, 'f1_weighted': 0.807255681950357, 'macro': 0.667155186451718, 'micro': 0.7827380952380952, 'binary': 0.4710144927536232, 'accuracy_majority': 0.8080357142857143, 'macro_majority': 0.7127776949455793, 'binary_majority': 0.5473684210526316, 'run_time_millis': 2597.4479960277677, 'loss_mean': 0.13334432244300842}
Epoch 3 **** Loss 0.04303472116589546 **** Metrics validation: {'accuracy': 0.7321428571428571, 'f1_weighted': 0.770408163265306, 'macro': 0.6428571428571429, 'micro': 0.7321428571428571, 'binary': 0.46428571428571436, 'accuracy_majority': 0.7544642857142857, 'macro_majority': 0.6782869826348087, 'binary_majority': 0.5217391304347825, 'run_time_millis': 2598.93183800159, 'loss_mean': 0.13228914141654968}
Epoch 4 **** Loss 0.05039435625076294 **** Metrics validation: {'accuracy': 0.7261904761904762, 'f1_weighted': 0.7657416995582768, 'macro': 0.6391777847813145, 'micro': 0.7261904761904762, 'binary': 0.4619883040935672, 'accuracy_majority': 0.7455357142857143, 'macro_majority': 0.6703075373770238, 'binary_majority': 0.5128205128205128, 'run_time_millis': 2618.375360034406, 'loss_mean': 0.12031668424606323}
Epoch 5 **** Loss 0.12873031198978424 **** Metrics validation: {'accuracy': 0.6875, 'f1_weighted': 0.7343690065209052, 'macro': 0.6240889911775988, 'micro': 0.6875, 'binary': 0.46969696969696967, 'accuracy_majority': 0.7098214285714286, 'macro_majority': 0.6554253934445627, 'binary_majority': 0.5185185185185185, 'run_time_millis': 2593.0774869630113, 'loss_mean': 0.12112022936344147}
Epoch 6 **** Loss 0.14117294549942017 **** Metrics validation: {'accuracy': 0.7678571428571429, 'f1_weighted': 0.7976354679802956, 'macro': 0.6652873563218391, 'micro': 0.7678571428571429, 'binary': 0.48, 'accuracy_majority': 0.7901785714285714, 'macro_majority': 0.7037287181651892, 'binary_majority': 0.5436893203883495, 'run_time_millis': 834.3243739800528, 'loss_mean': 0.16867835819721222}
Epoch 7 **** Loss 0.1441931128501892 **** Metrics validation: {'accuracy': 0.7380952380952381, 'f1_weighted': 0.7747750882442771, 'macro': 0.644357843269916, 'micro': 0.7380952380952381, 'binary': 0.46177370030581044, 'accuracy_majority': 0.7589285714285714, 'macro_majority': 0.6785714285714286, 'binary_majority': 0.5178571428571429, 'run_time_millis': 2605.0100040156394, 'loss_mean': 0.1333671659231186}
Epoch 8 **** Loss 0.05755490064620972 **** Metrics validation: {'accuracy': 0.7514880952380952, 'f1_weighted': 0.7851543338423804, 'macro': 0.6537738905085844, 'micro': 0.7514880952380953, 'binary': 0.46984126984126984, 'accuracy_majority': 0.7767857142857143, 'macro_majority': 0.6949891067538128, 'binary_majority': 0.5370370370370371, 'run_time_millis': 2614.402848004829, 'loss_mean': 0.15097808837890625}
Epoch 9 **** Loss 0.03712264075875282 **** Metrics validation: {'accuracy': 0.7604166666666666, 'f1_weighted': 0.792233009708738, 'macro': 0.6617044228694715, 'micro': 0.7604166666666666, 'binary': 0.47896440129449835, 'accuracy_majority': 0.7857142857142857, 'macro_majority': 0.7034094670638862, 'binary_majority': 0.5471698113207547, 'run_time_millis': 2595.171478984412, 'loss_mean': 0.15801112353801727}
Evaluating
{'accuracy': 0.7827380952380952, 'f1_weighted': 0.807255681950357, 'macro': 0.667155186451718, 'micro': 0.7827380952380952, 'binary': 0.4710144927536232, 'accuracy_majority': 0.8080357142857143, 'macro_majority': 0.7127776949455793, 'binary_majority': 0.5473684210526316, 'run_time_millis': 2591.096465010196, 'loss_mean': 0.13334432244300842}
Device cuda
Split type sit
Training Size: 3222, NTA labels 2831, YTA labels 391
Validation Size: 1344, NTA labels 1152, YTA labels 192
Test Size: 1344, NTA labels 1155, YTA labels 189
Training with SBERT, model name is sbert
Tokenizing the dataset
Number of training steps 1010
Epoch 0 **** Loss 0.11581715941429138 **** Metrics validation: {'accuracy': 0.7410714285714286, 'f1_weighted': 0.7782742419382229, 'macro': 0.6567956676793025, 'micro': 0.7410714285714286, 'binary': 0.48672566371681414, 'accuracy_majority': 0.7678571428571429, 'macro_majority': 0.6975488159534691, 'binary_majority': 0.5517241379310345, 'run_time_millis': 2598.308544023894, 'loss_mean': 0.11326130479574203}
Epoch 1 **** Loss 0.05984732136130333 **** Metrics validation: {'accuracy': 0.6770833333333334, 'f1_weighted': 0.7255146400716022, 'macro': 0.6115586242168521, 'micro': 0.6770833333333334, 'binary': 0.45202020202020204, 'accuracy_majority': 0.7008928571428571, 'macro_majority': 0.6448230978582417, 'binary_majority': 0.5037037037037038, 'run_time_millis': 2599.418797006365, 'loss_mean': 0.11844829469919205}
Epoch 2 **** Loss 0.07853502780199051 **** Metrics validation: {'accuracy': 0.7098214285714286, 'f1_weighted': 0.7532242370632464, 'macro': 0.6393808049535604, 'micro': 0.7098214285714286, 'binary': 0.48000000000000004, 'accuracy_majority': 0.7321428571428571, 'macro_majority': 0.671875, 'binary_majority': 0.53125, 'run_time_millis': 2602.150705002714, 'loss_mean': 0.1145026683807373}
Epoch 3 **** Loss 0.06280972808599472 **** Metrics validation: {'accuracy': 0.7991071428571429, 'f1_weighted': 0.8192623118595035, 'macro': 0.6790524405387335, 'micro': 0.7991071428571428, 'binary': 0.48275862068965525, 'accuracy_majority': 0.8125, 'macro_majority': 0.7080074487895717, 'binary_majority': 0.5333333333333333, 'run_time_millis': 2603.9370409562252, 'loss_mean': 0.180624321103096}
Epoch 4 **** Loss 0.03916916623711586 **** Metrics validation: {'accuracy': 0.7767857142857143, 'f1_weighted': 0.80466472303207, 'macro': 0.673469387755102, 'micro': 0.7767857142857143, 'binary': 0.48979591836734687, 'accuracy_majority': 0.7991071428571429, 'macro_majority': 0.7123862242131994, 'binary_majority': 0.5544554455445544, 'run_time_millis': 2607.970414974261, 'loss_mean': 0.1444471925497055}
Epoch 5 **** Loss 0.07156123220920563 **** Metrics validation: {'accuracy': 0.7276785714285714, 'f1_weighted': 0.7675560424805138, 'macro': 0.6471712242104991, 'micro': 0.7276785714285714, 'binary': 0.4786324786324786, 'accuracy_majority': 0.75, 'macro_majority': 0.6813008130081302, 'binary_majority': 0.5333333333333334, 'run_time_millis': 2604.0424030506983, 'loss_mean': 0.12405135482549667}
Epoch 6 **** Loss 0.09514562785625458 **** Metrics validation: {'accuracy': 0.7068452380952381, 'f1_weighted': 0.7504513824035095, 'macro': 0.6301585705186229, 'micro': 0.7068452380952381, 'binary': 0.46174863387978143, 'accuracy_majority': 0.7276785714285714, 'macro_majority': 0.6615727554179567, 'binary_majority': 0.512, 'run_time_millis': 2597.7371530025266, 'loss_mean': 0.116798534989357}
Epoch 7 **** Loss 0.06082244962453842 **** Metrics validation: {'accuracy': 0.7648809523809523, 'f1_weighted': 0.7957664761472989, 'macro': 0.6657221655521554, 'micro': 0.7648809523809522, 'binary': 0.4836601307189543, 'accuracy_majority': 0.7723214285714286, 'macro_majority': 0.6827988338192419, 'binary_majority': 0.5142857142857142, 'run_time_millis': 2041.3384269922972, 'loss_mean': 0.1588398665189743}
Epoch 8 **** Loss 0.03048541024327278 **** Metrics validation: {'accuracy': 0.7633928571428571, 'f1_weighted': 0.7941172873977393, 'macro': 0.661254886295546, 'micro': 0.7633928571428571, 'binary': 0.4752475247524752, 'accuracy_majority': 0.7678571428571429, 'macro_majority': 0.6744186046511629, 'binary_majority': 0.5000000000000001, 'run_time_millis': 2598.5570600023493, 'loss_mean': 0.16249850392341614}
Epoch 9 **** Loss 0.03559184446930885 **** Metrics validation: {'accuracy': 0.7648809523809523, 'f1_weighted': 0.7950410509031199, 'macro': 0.6609961685823755, 'micro': 0.7648809523809522, 'binary': 0.47333333333333333, 'accuracy_majority': 0.7723214285714286, 'macro_majority': 0.6785141409877584, 'binary_majority': 0.5048543689320388, 'run_time_millis': 2619.747678982094, 'loss_mean': 0.16707874834537506}
Evaluating
{'accuracy': 0.7991071428571429, 'f1_weighted': 0.8192623118595035, 'macro': 0.6790524405387335, 'micro': 0.7991071428571428, 'binary': 0.48275862068965525, 'accuracy_majority': 0.8125, 'macro_majority': 0.7080074487895717, 'binary_majority': 0.5333333333333333, 'run_time_millis': 2605.736077995971, 'loss_mean': 0.180624321103096}
Device cuda
Split type sit
Training Size: 3624, NTA labels 3180, YTA labels 444
Validation Size: 1344, NTA labels 1152, YTA labels 192
Test Size: 1344, NTA labels 1155, YTA labels 189
Training with SBERT, model name is sbert
Tokenizing the dataset
Number of training steps 1140
Epoch 0 **** Loss 0.07226836681365967 **** Metrics validation: {'accuracy': 0.6696428571428571, 'f1_weighted': 0.7189722042663218, 'macro': 0.6093514328808446, 'micro': 0.6696428571428571, 'binary': 0.4558823529411764, 'accuracy_majority': 0.6830357142857143, 'macro_majority': 0.6297175851551768, 'binary_majority': 0.48920863309352514, 'run_time_millis': 2615.147083008196, 'loss_mean': 0.12200985848903656}
Epoch 1 **** Loss 0.16267547011375427 **** Metrics validation: {'accuracy': 0.6651785714285714, 'f1_weighted': 0.715174531351002, 'macro': 0.6040723981900452, 'micro': 0.6651785714285714, 'binary': 0.44852941176470584, 'accuracy_majority': 0.6830357142857143, 'macro_majority': 0.6297175851551768, 'binary_majority': 0.48920863309352514, 'run_time_millis': 2634.1445859870873, 'loss_mean': 0.12079783529043198}
Epoch 2 **** Loss 0.055643390864133835 **** Metrics validation: {'accuracy': 0.7886904761904762, 'f1_weighted': 0.8120478960815095, 'macro': 0.6736335559864971, 'micro': 0.7886904761904763, 'binary': 0.47985347985347976, 'accuracy_majority': 0.8035714285714286, 'macro_majority': 0.7038105541531434, 'binary_majority': 0.5319148936170213, 'run_time_millis': 2606.032915005926, 'loss_mean': 0.14123691618442535}
Epoch 3 **** Loss 0.06489551812410355 **** Metrics validation: {'accuracy': 0.7232142857142857, 'f1_weighted': 0.7633932068714677, 'macro': 0.6373416895156025, 'micro': 0.7232142857142857, 'binary': 0.4608695652173913, 'accuracy_majority': 0.7321428571428571, 'macro_majority': 0.654853620955316, 'binary_majority': 0.4915254237288136, 'run_time_millis': 2094.6008000173606, 'loss_mean': 0.11780284345149994}
Epoch 4 **** Loss 0.020143134519457817 **** Metrics validation: {'accuracy': 0.7633928571428571, 'f1_weighted': 0.7937438423645318, 'macro': 0.6588505747126435, 'micro': 0.7633928571428571, 'binary': 0.4699999999999999, 'accuracy_majority': 0.7723214285714286, 'macro_majority': 0.6785141409877584, 'binary_majority': 0.5048543689320388, 'run_time_millis': 2590.8896310138516, 'loss_mean': 0.1394394189119339}
Epoch 5 **** Loss 0.05472855269908905 **** Metrics validation: {'accuracy': 0.7395833333333334, 'f1_weighted': 0.7757806826434275, 'macro': 0.644153957879448, 'micro': 0.7395833333333334, 'binary': 0.45987654320987653, 'accuracy_majority': 0.7455357142857143, 'macro_majority': 0.6586735103055578, 'binary_majority': 0.48648648648648646, 'run_time_millis': 2597.790883970447, 'loss_mean': 0.13109253346920013}
Epoch 6 **** Loss 0.03465191647410393 **** Metrics validation: {'accuracy': 0.7291666666666666, 'f1_weighted': 0.7680799542112446, 'macro': 0.6410161581473165, 'micro': 0.7291666666666665, 'binary': 0.4631268436578171, 'accuracy_majority': 0.7410714285714286, 'macro_majority': 0.6626506024096386, 'binary_majority': 0.5, 'run_time_millis': 2623.0938179651275, 'loss_mean': 0.124341681599617}
Epoch 7 **** Loss 0.024919044226408005 **** Metrics validation: {'accuracy': 0.7723214285714286, 'f1_weighted': 0.8007580174927114, 'macro': 0.6669387755102041, 'micro': 0.7723214285714286, 'binary': 0.4795918367346939, 'accuracy_majority': 0.78125, 'macro_majority': 0.6868205552543727, 'binary_majority': 0.5148514851485148, 'run_time_millis': 2629.1479929932393, 'loss_mean': 0.15802647173404694}
Epoch 8 **** Loss 0.06950143724679947 **** Metrics validation: {'accuracy': 0.7678571428571429, 'f1_weighted': 0.7980018668808009, 'macro': 0.6676463035352527, 'micro': 0.7678571428571429, 'binary': 0.4851485148514852, 'accuracy_majority': 0.7857142857142857, 'macro_majority': 0.6994633273703041, 'binary_majority': 0.5384615384615384, 'run_time_millis': 2606.717089016456, 'loss_mean': 0.15283119678497314}
Epoch 9 **** Loss 0.079494908452034 **** Metrics validation: {'accuracy': 0.7678571428571429, 'f1_weighted': 0.7976354679802956, 'macro': 0.6652873563218391, 'micro': 0.7678571428571429, 'binary': 0.48, 'accuracy_majority': 0.78125, 'macro_majority': 0.6911214295764738, 'binary_majority': 0.5242718446601942, 'run_time_millis': 2603.5643329960294, 'loss_mean': 0.15789362788200378}
Evaluating
{'accuracy': 0.7886904761904762, 'f1_weighted': 0.8120478960815095, 'macro': 0.6736335559864971, 'micro': 0.7886904761904763, 'binary': 0.47985347985347976, 'accuracy_majority': 0.8035714285714286, 'macro_majority': 0.7038105541531434, 'binary_majority': 0.5319148936170213, 'run_time_millis': 2617.217036022339, 'loss_mean': 0.14123691618442535}
Device cuda
Split type sit
Training Size: 4032, NTA labels 3544, YTA labels 488
Validation Size: 1344, NTA labels 1152, YTA labels 192
Test Size: 1344, NTA labels 1155, YTA labels 189
Training with SBERT, model name is sbert
Tokenizing the dataset
Number of training steps 1260
Epoch 0 **** Loss 0.1717330664396286 **** Metrics validation: {'accuracy': 0.6175595238095238, 'f1_weighted': 0.6727989091539163, 'macro': 0.5663133470442441, 'micro': 0.6175595238095238, 'binary': 0.4172335600907029, 'accuracy_majority': 0.6428571428571429, 'macro_majority': 0.5991051454138703, 'binary_majority': 0.4666666666666667, 'run_time_millis': 2608.860582986381, 'loss_mean': 0.1339859962463379}
Epoch 1 **** Loss 0.09120284020900726 **** Metrics validation: {'accuracy': 0.8184523809523809, 'f1_weighted': 0.8345067157082342, 'macro': 0.6993123177642075, 'micro': 0.818452380952381, 'binary': 0.5100401606425703, 'accuracy_majority': 0.8392857142857143, 'macro_majority': 0.7409739175125273, 'binary_majority': 0.5813953488372093, 'run_time_millis': 2596.044347039424, 'loss_mean': 0.1283491998910904}
Epoch 2 **** Loss 0.03510679304599762 **** Metrics validation: {'accuracy': 0.75, 'f1_weighted': 0.7857142857142856, 'macro': 0.6666666666666665, 'micro': 0.75, 'binary': 0.4999999999999999, 'accuracy_majority': 0.78125, 'macro_majority': 0.7133829481655569, 'binary_majority': 0.5739130434782609, 'run_time_millis': 1995.8876050077379, 'loss_mean': 0.12008036673069}
Epoch 3 **** Loss 0.051554277539253235 **** Metrics validation: {'accuracy': 0.7232142857142857, 'f1_weighted': 0.7643855691728567, 'macro': 0.650809614804385, 'micro': 0.7232142857142857, 'binary': 0.49180327868852464, 'accuracy_majority': 0.7455357142857143, 'macro_majority': 0.6837647058823529, 'binary_majority': 0.5439999999999999, 'run_time_millis': 2607.31227096403, 'loss_mean': 0.1179933175444603}
Epoch 4 **** Loss 0.061162710189819336 **** Metrics validation: {'accuracy': 0.75, 'f1_weighted': 0.7854946935065631, 'macro': 0.6646616943352849, 'micro': 0.75, 'binary': 0.4954954954954955, 'accuracy_majority': 0.7678571428571429, 'macro_majority': 0.694085513184158, 'binary_majority': 0.543859649122807, 'run_time_millis': 2050.56828801753, 'loss_mean': 0.1304258108139038}
Epoch 5 **** Loss 0.05656933784484863 **** Metrics validation: {'accuracy': 0.7410714285714286, 'f1_weighted': 0.778061224489796, 'macro': 0.6547619047619048, 'micro': 0.7410714285714286, 'binary': 0.4821428571428572, 'accuracy_majority': 0.7544642857142857, 'macro_majority': 0.6782869826348087, 'binary_majority': 0.5217391304347825, 'run_time_millis': 2500.823135022074, 'loss_mean': 0.12874481081962585}
Epoch 6 **** Loss 0.055324871093034744 **** Metrics validation: {'accuracy': 0.7663690476190477, 'f1_weighted': 0.7977148820172077, 'macro': 0.6723315444245677, 'micro': 0.7663690476190478, 'binary': 0.4967948717948718, 'accuracy_majority': 0.78125, 'macro_majority': 0.6991805300517993, 'binary_majority': 0.5420560747663552, 'run_time_millis': 2436.7336569703184, 'loss_mean': 0.14882749319076538}
Epoch 7 **** Loss 0.04332684725522995 **** Metrics validation: {'accuracy': 0.7485119047619048, 'f1_weighted': 0.783982683982684, 'macro': 0.6606060606060606, 'micro': 0.7485119047619049, 'binary': 0.48787878787878786, 'accuracy_majority': 0.7633928571428571, 'macro_majority': 0.6863822480517765, 'binary_majority': 0.5309734513274336, 'run_time_millis': 1589.3408129923046, 'loss_mean': 0.1344478875398636}
Epoch 8 **** Loss 0.07635220885276794 **** Metrics validation: {'accuracy': 0.7752976190476191, 'f1_weighted': 0.8041215106732348, 'macro': 0.676015325670498, 'micro': 0.7752976190476191, 'binary': 0.4966666666666666, 'accuracy_majority': 0.7901785714285714, 'macro_majority': 0.7037287181651892, 'binary_majority': 0.5436893203883495, 'run_time_millis': 2599.9362890142947, 'loss_mean': 0.15698492527008057}
Epoch 9 **** Loss 0.06177966296672821 **** Metrics validation: {'accuracy': 0.7738095238095238, 'f1_weighted': 0.8031813061915495, 'macro': 0.6761681931881949, 'micro': 0.7738095238095238, 'binary': 0.49834983498349844, 'accuracy_majority': 0.7857142857142857, 'macro_majority': 0.6994633273703041, 'binary_majority': 0.5384615384615384, 'run_time_millis': 2043.4778010239825, 'loss_mean': 0.15709976851940155}
Evaluating
{'accuracy': 0.8184523809523809, 'f1_weighted': 0.8345067157082342, 'macro': 0.6993123177642075, 'micro': 0.818452380952381, 'binary': 0.5100401606425703, 'accuracy_majority': 0.8392857142857143, 'macro_majority': 0.7409739175125273, 'binary_majority': 0.5813953488372093, 'run_time_millis': 2616.938421037048, 'loss_mean': 0.1283491998910904}
