Device cuda
Split type sit
Training Size: 3150, NTA labels 2683, YTA labels 467
Validation Size: 1259, NTA labels 1036, YTA labels 223
Test Size: 1310, NTA labels 1101, YTA labels 209
Training with SBERT, model name is sbert
Tokenizing the dataset
Number of training steps 990
Epoch 0 **** Loss 0.16818299889564514 **** Metrics validation: {'accuracy': 0.8284352660841938, 'f1_weighted': 0.8440159701075376, 'macro': 0.7658239184348306, 'micro': 0.8284352660841938, 'binary': 0.644736842105263, 'accuracy_majority': 0.8471337579617835, 'macro_majority': 0.8027096014137051, 'binary_majority': 0.7090909090909091, 'run_time_millis': 2996.5730699998403, 'loss_mean': 0.10896112769842148}
Epoch 1 **** Loss 0.007376003544777632 **** Metrics validation: {'accuracy': 0.8935663224781573, 'f1_weighted': 0.8971903714181294, 'macro': 0.8302278307772812, 'micro': 0.8935663224781573, 'binary': 0.7265306122448979, 'accuracy_majority': 0.9140127388535032, 'macro_majority': 0.8726166328600404, 'binary_majority': 0.7999999999999999, 'run_time_millis': 2962.255159000051, 'loss_mean': 0.12598343193531036}
Epoch 2 **** Loss 0.036904703825712204 **** Metrics validation: {'accuracy': 0.8363780778395552, 'f1_weighted': 0.8504688028119324, 'macro': 0.7730650230650231, 'micro': 0.8363780778395552, 'binary': 0.6531986531986532, 'accuracy_majority': 0.8630573248407644, 'macro_majority': 0.8204210834319762, 'binary_majority': 0.732919254658385, 'run_time_millis': 3007.0265280000967, 'loss_mean': 0.11880121380090714}
Epoch 3 **** Loss 0.025975510478019714 **** Metrics validation: {'accuracy': 0.8459094519459889, 'f1_weighted': 0.858017339749949, 'macro': 0.7811133336201088, 'micro': 0.8459094519459888, 'binary': 0.6620209059233451, 'accuracy_majority': 0.8710191082802548, 'macro_majority': 0.8269177767570051, 'binary_majority': 0.7395498392282959, 'run_time_millis': 3003.4164500000315, 'loss_mean': 0.137322798371315}
Epoch 4 **** Loss 0.018523454666137695 **** Metrics validation: {'accuracy': 0.8752978554408261, 'f1_weighted': 0.8823445938044514, 'macro': 0.8116162198584331, 'micro': 0.8752978554408261, 'binary': 0.7020872865275143, 'accuracy_majority': 0.8949044585987261, 'macro_majority': 0.8513257575757576, 'binary_majority': 0.7708333333333334, 'run_time_millis': 2491.586107000103, 'loss_mean': 0.2153661996126175}
Epoch 5 **** Loss 0.0699903815984726 **** Metrics validation: {'accuracy': 0.8625893566322478, 'f1_weighted': 0.8718853945362294, 'macro': 0.7985098720514052, 'micro': 0.8625893566322478, 'binary': 0.6848816029143898, 'accuracy_majority': 0.8853503184713376, 'macro_majority': 0.8408783783783783, 'binary_majority': 0.7567567567567567, 'run_time_millis': 3003.061161000005, 'loss_mean': 0.20592078566551208}
Epoch 6 **** Loss 0.011770913377404213 **** Metrics validation: {'accuracy': 0.8681493248610008, 'f1_weighted': 0.8763596051577603, 'macro': 0.8038057151440051, 'micro': 0.8681493248610008, 'binary': 0.6914498141263941, 'accuracy_majority': 0.8885350318471338, 'macro_majority': 0.8438299323594611, 'binary_majority': 0.7602739726027397, 'run_time_millis': 3006.435394999926, 'loss_mean': 0.22374308109283447}
Epoch 7 **** Loss 0.04491472616791725 **** Metrics validation: {'accuracy': 0.8617950754567116, 'f1_weighted': 0.8712099667317706, 'macro': 0.7976108647450111, 'micro': 0.8617950754567116, 'binary': 0.6836363636363636, 'accuracy_majority': 0.8837579617834395, 'macro_majority': 0.839043897438058, 'binary_majority': 0.7542087542087542, 'run_time_millis': 3000.964176000025, 'loss_mean': 0.21649113297462463}
Epoch 8 **** Loss 0.03054945170879364 **** Metrics validation: {'accuracy': 0.8737092930897538, 'f1_weighted': 0.8812487410411955, 'macro': 0.8107938998397928, 'micro': 0.8737092930897538, 'binary': 0.701688555347092, 'accuracy_majority': 0.8949044585987261, 'macro_majority': 0.8520454058684943, 'binary_majority': 0.7724137931034484, 'run_time_millis': 2908.8060910000877, 'loss_mean': 0.24143585562705994}
Epoch 9 **** Loss 0.05854494124650955 **** Metrics validation: {'accuracy': 0.8737092930897538, 'f1_weighted': 0.8812487410411955, 'macro': 0.8107938998397928, 'micro': 0.8737092930897538, 'binary': 0.701688555347092, 'accuracy_majority': 0.8949044585987261, 'macro_majority': 0.8520454058684943, 'binary_majority': 0.7724137931034484, 'run_time_millis': 3008.332935999988, 'loss_mean': 0.24699115753173828}
Evaluating
{'accuracy': 0.8935663224781573, 'f1_weighted': 0.8971903714181294, 'macro': 0.8302278307772812, 'micro': 0.8935663224781573, 'binary': 0.7265306122448979, 'accuracy_majority': 0.9140127388535032, 'macro_majority': 0.8726166328600404, 'binary_majority': 0.7999999999999999, 'run_time_millis': 3017.590349000102, 'loss_mean': 0.12598343193531036}
Device cuda
Split type sit
Training Size: 3500, NTA labels 2993, YTA labels 507
Validation Size: 1259, NTA labels 1036, YTA labels 223
Test Size: 1310, NTA labels 1101, YTA labels 209
Training with SBERT, model name is sbert
Tokenizing the dataset
Number of training steps 1100
Epoch 0 **** Loss 0.26039499044418335 **** Metrics validation: {'accuracy': 0.8760921366163622, 'f1_weighted': 0.8832934785568358, 'macro': 0.8135947762043962, 'micro': 0.8760921366163622, 'binary': 0.7056603773584905, 'accuracy_majority': 0.9028662420382165, 'macro_majority': 0.8629228198366152, 'binary_majority': 0.7889273356401383, 'run_time_millis': 2119.973009999967, 'loss_mean': 0.1042882651090622}
Epoch 1 **** Loss 0.15644818544387817 **** Metrics validation: {'accuracy': 0.812549642573471, 'f1_weighted': 0.8307891120440763, 'macro': 0.7501984126984127, 'micro': 0.8125496425734711, 'binary': 0.6253968253968254, 'accuracy_majority': 0.8375796178343949, 'macro_majority': 0.7943231441048035, 'binary_majority': 0.7000000000000001, 'run_time_millis': 3015.9017620001123, 'loss_mean': 0.1140068769454956}
Epoch 2 **** Loss 0.05824239179491997 **** Metrics validation: {'accuracy': 0.8141382049245433, 'f1_weighted': 0.8323231438023588, 'macro': 0.7528373625783589, 'micro': 0.8141382049245433, 'binary': 0.629746835443038, 'accuracy_majority': 0.8423566878980892, 'macro_majority': 0.8007403490216816, 'binary_majority': 0.7096774193548386, 'run_time_millis': 3001.4172759999838, 'loss_mean': 0.1207398995757103}
Epoch 3 **** Loss 0.043851036578416824 **** Metrics validation: {'accuracy': 0.8530579825258141, 'f1_weighted': 0.8646631433965898, 'macro': 0.7915236411644924, 'micro': 0.8530579825258141, 'binary': 0.6782608695652175, 'accuracy_majority': 0.8821656050955414, 'macro_majority': 0.841533110550365, 'binary_majority': 0.7612903225806451, 'run_time_millis': 3023.5899499998595, 'loss_mean': 0.13906916975975037}
Epoch 4 **** Loss 0.009350045584142208 **** Metrics validation: {'accuracy': 0.835583796664019, 'f1_weighted': 0.8503561315109303, 'macro': 0.7748221174823846, 'micro': 0.835583796664019, 'binary': 0.6578512396694216, 'accuracy_majority': 0.8646496815286624, 'macro_majority': 0.8242824647857188, 'binary_majority': 0.7400611620795108, 'run_time_millis': 2999.714676999929, 'loss_mean': 0.1246386393904686}
Epoch 5 **** Loss 0.10011666268110275 **** Metrics validation: {'accuracy': 0.8681493248610008, 'f1_weighted': 0.8770067062593764, 'macro': 0.80640816628997, 'micro': 0.8681493248610008, 'binary': 0.6970802919708029, 'accuracy_majority': 0.9012738853503185, 'macro_majority': 0.8636140729427919, 'binary_majority': 0.7919463087248322, 'run_time_millis': 3001.2029509998683, 'loss_mean': 0.16914412379264832}
Epoch 6 **** Loss 0.0027751827146857977 **** Metrics validation: {'accuracy': 0.840349483717236, 'f1_weighted': 0.8541542298718802, 'macro': 0.7788303464911706, 'micro': 0.840349483717236, 'binary': 0.6621848739495799, 'accuracy_majority': 0.8726114649681529, 'macro_majority': 0.8322649572649573, 'binary_majority': 0.7500000000000001, 'run_time_millis': 3013.6940239999603, 'loss_mean': 0.1733969748020172}
Epoch 7 **** Loss 0.016121158376336098 **** Metrics validation: {'accuracy': 0.852263701350278, 'f1_weighted': 0.8638722948118067, 'macro': 0.7901395879038156, 'micro': 0.852263701350278, 'binary': 0.6759581881533101, 'accuracy_majority': 0.8837579617834395, 'macro_majority': 0.8440123173242144, 'binary_majority': 0.7652733118971061, 'run_time_millis': 3010.065174999909, 'loss_mean': 0.19225452840328217}
Epoch 8 **** Loss 0.009359062649309635 **** Metrics validation: {'accuracy': 0.8721207307386815, 'f1_weighted': 0.8806503090864423, 'macro': 0.8119914259505053, 'micro': 0.8721207307386815, 'binary': 0.7056672760511884, 'accuracy_majority': 0.9060509554140127, 'macro_majority': 0.8699121910800742, 'binary_majority': 0.8013468013468013, 'run_time_millis': 2990.896075000137, 'loss_mean': 0.20956477522850037}
Epoch 9 **** Loss 0.05259034410119057 **** Metrics validation: {'accuracy': 0.8760921366163622, 'f1_weighted': 0.8838078217145218, 'macro': 0.8156246479666553, 'micro': 0.8760921366163622, 'binary': 0.7100371747211895, 'accuracy_majority': 0.9092356687898089, 'macro_majority': 0.8725281769136264, 'binary_majority': 0.8041237113402061, 'run_time_millis': 3011.7063570000937, 'loss_mean': 0.21533803641796112}
Evaluating
{'accuracy': 0.8760921366163622, 'f1_weighted': 0.8838078217145218, 'macro': 0.8156246479666553, 'micro': 0.8760921366163622, 'binary': 0.7100371747211895, 'accuracy_majority': 0.9092356687898089, 'macro_majority': 0.8725281769136264, 'binary_majority': 0.8041237113402061, 'run_time_millis': 2626.6380300000947, 'loss_mean': 0.21533803641796112}
