______________________________	 Running Epoch 1 of 10 	______________________________
[Training] Itteration/Batch:   0/213: Loss: 0.66 | Accuracy: 0.69
[Training] Itteration/Batch:  25/213: Loss: 0.63 | Accuracy: 0.81
[Training] Itteration/Batch:  50/213: Loss: 0.72 | Accuracy: 0.56
[Training] Itteration/Batch:  75/213: Loss: 0.72 | Accuracy: 0.50
[Training] Itteration/Batch: 100/213: Loss: 0.50 | Accuracy: 0.81
[Training] Itteration/Batch: 125/213: Loss: 0.63 | Accuracy: 0.69
[Training] Itteration/Batch: 150/213: Loss: 0.29 | Accuracy: 0.94
[Training] Itteration/Batch: 175/213: Loss: 0.58 | Accuracy: 0.69
[Training] Itteration/Batch: 200/213: Loss: 0.70 | Accuracy: 0.56

Epoch 1: Val Bin. F1 Majority 0.6660447716712952 | Val Macro F1 Majority 0.6905064644928225 |             Val Bin F1 Individual 0.6272557377815247 | Val Macro F1 Individual 0.6678857855761821 |             Val Accuracy Majority 0.69243985414505 | Val Accuracy Individual 0.6728563904762268 | Training Loss:0.623746395111084 |             Val Loss 0.5648689270019531 | Train Runtime Millis 14384.981397073716 | Val Runtime Millis 2155.5825509130955

______________________________	 Running Epoch 2 of 10 	______________________________
[Training] Itteration/Batch:   0/213: Loss: 0.42 | Accuracy: 0.81
[Training] Itteration/Batch:  25/213: Loss: 0.26 | Accuracy: 0.94
[Training] Itteration/Batch:  50/213: Loss: 0.40 | Accuracy: 0.81
[Training] Itteration/Batch:  75/213: Loss: 0.26 | Accuracy: 0.94
[Training] Itteration/Batch: 100/213: Loss: 0.37 | Accuracy: 0.75
[Training] Itteration/Batch: 125/213: Loss: 0.53 | Accuracy: 0.75
[Training] Itteration/Batch: 150/213: Loss: 0.26 | Accuracy: 0.88
[Training] Itteration/Batch: 175/213: Loss: 0.40 | Accuracy: 0.88
[Training] Itteration/Batch: 200/213: Loss: 0.30 | Accuracy: 0.94

Epoch 2: Val Bin. F1 Majority 0.6887417435646057 | Val Macro F1 Majority 0.7452147427836924 |             Val Bin F1 Individual 0.6725663542747498 | Val Macro F1 Individual 0.7400125874018528 |             Val Accuracy Majority 0.7577319741249084 | Val Accuracy Individual 0.7575095295906067 | Training Loss:0.46382442116737366 |             Val Loss 0.5057107210159302 | Train Runtime Millis 13859.71977096051 | Val Runtime Millis 2187.7725166268647

______________________________	 Running Epoch 3 of 10 	______________________________
[Training] Itteration/Batch:   0/213: Loss: 0.29 | Accuracy: 0.94
[Training] Itteration/Batch:  25/213: Loss: 0.40 | Accuracy: 0.88
[Training] Itteration/Batch:  50/213: Loss: 0.31 | Accuracy: 0.88
[Training] Itteration/Batch:  75/213: Loss: 0.11 | Accuracy: 1.00
[Training] Itteration/Batch: 100/213: Loss: 0.19 | Accuracy: 0.94
[Training] Itteration/Batch: 125/213: Loss: 0.22 | Accuracy: 0.94
[Training] Itteration/Batch: 150/213: Loss: 0.15 | Accuracy: 1.00
[Training] Itteration/Batch: 175/213: Loss: 0.63 | Accuracy: 0.75
[Training] Itteration/Batch: 200/213: Loss: 0.14 | Accuracy: 1.00

Epoch 3: Val Bin. F1 Majority 0.6785714030265808 | Val Macro F1 Majority 0.7387270550678372 |             Val Bin F1 Individual 0.6597170233726501 | Val Macro F1 Individual 0.731324674890999 |             Val Accuracy Majority 0.7525773048400879 | Val Accuracy Individual 0.7504096031188965 | Training Loss:0.28753671050071716 |             Val Loss 0.6290090680122375 | Train Runtime Millis 13970.521201845258 | Val Runtime Millis 2181.9229014217854

