Device cuda
Split type sit
Training Size: 3420, NTA labels 2981, YTA labels 439
Validation Size: 1140, NTA labels 1011, YTA labels 129
Test Size: 1146, NTA labels 979, YTA labels 167
Training with SBERT, model name is sbert
Tokenizing the dataset
Number of training steps 1070
Epoch 0 **** Loss 0.05865052714943886 **** Metrics validation: {'accuracy': 0.7956140350877193, 'f1_weighted': 0.8278513614884722, 'macro': 0.6724780178520564, 'micro': 0.7956140350877193, 'binary': 0.47165532879818584, 'accuracy_majority': 0.8263157894736842, 'macro_majority': 0.7259016393442622, 'binary_majority': 0.5599999999999999, 'run_time_millis': 2058.1013089977205, 'loss_mean': 0.10241235047578812}
Epoch 1 **** Loss 0.06301341205835342 **** Metrics validation: {'accuracy': 0.730701754385965, 'f1_weighted': 0.7791059900542229, 'macro': 0.6260861482642461, 'micro': 0.730701754385965, 'binary': 0.42830540037243947, 'accuracy_majority': 0.7631578947368421, 'macro_majority': 0.674892581466976, 'binary_majority': 0.5054945054945055, 'run_time_millis': 2111.942404997535, 'loss_mean': 0.09836040437221527}
Epoch 2 **** Loss 0.07680121809244156 **** Metrics validation: {'accuracy': 0.6, 'f1_weighted': 0.6701055606829718, 'macro': 0.5314663128749423, 'micro': 0.6, 'binary': 0.35227272727272735, 'accuracy_majority': 0.6157894736842106, 'macro_majority': 0.5534305676293506, 'binary_majority': 0.3865546218487395, 'run_time_millis': 1854.731561994413, 'loss_mean': 0.11350199580192566}
Epoch 3 **** Loss 0.0988151952624321 **** Metrics validation: {'accuracy': 0.7982456140350878, 'f1_weighted': 0.8310970683287167, 'macro': 0.6847587719298246, 'micro': 0.7982456140350878, 'binary': 0.4956140350877193, 'accuracy_majority': 0.8315789473684211, 'macro_majority': 0.7418916624214638, 'binary_majority': 0.5897435897435896, 'run_time_millis': 1395.9342059970368, 'loss_mean': 0.10697177052497864}
Epoch 4 **** Loss 0.031194478273391724 **** Metrics validation: {'accuracy': 0.8035087719298246, 'f1_weighted': 0.8347127313071585, 'macro': 0.6867455690985103, 'micro': 0.8035087719298245, 'binary': 0.49549549549549554, 'accuracy_majority': 0.7684210526315789, 'macro_majority': 0.6796934865900384, 'binary_majority': 0.5111111111111112, 'run_time_millis': 1193.6384110013023, 'loss_mean': 0.11012820899486542}
Epoch 5 **** Loss 0.026487575843930244 **** Metrics validation: {'accuracy': 0.8842105263157894, 'f1_weighted': 0.8944899671710264, 'macro': 0.764969012395042, 'micro': 0.8842105263157894, 'binary': 0.5975609756097561, 'accuracy_majority': 0.8473684210526315, 'macro_majority': 0.7591256830601092, 'binary_majority': 0.6133333333333333, 'run_time_millis': 1497.6619709923398, 'loss_mean': 0.1420091986656189}
Epoch 6 **** Loss 0.12433160841464996 **** Metrics validation: {'accuracy': 0.8421052631578947, 'f1_weighted': 0.8636632141042919, 'macro': 0.7238535616430982, 'micro': 0.8421052631578947, 'binary': 0.5431472081218274, 'accuracy_majority': 0.8368421052631579, 'macro_majority': 0.7475461831897475, 'binary_majority': 0.5974025974025974, 'run_time_millis': 939.5580690033967, 'loss_mean': 0.11621652543544769}
Epoch 7 **** Loss 0.034277934581041336 **** Metrics validation: {'accuracy': 0.8631578947368421, 'f1_weighted': 0.8785078395959531, 'macro': 0.7403583358639538, 'micro': 0.8631578947368422, 'binary': 0.5617977528089888, 'accuracy_majority': 0.7947368421052632, 'macro_majority': 0.7044865403788634, 'binary_majority': 0.5411764705882353, 'run_time_millis': 737.3537859966746, 'loss_mean': 0.13439549505710602}
Epoch 8 **** Loss 0.0035112404730170965 **** Metrics validation: {'accuracy': 0.8824561403508772, 'f1_weighted': 0.8924450982033588, 'macro': 0.7589562978111035, 'micro': 0.8824561403508772, 'binary': 0.5864197530864197, 'accuracy_majority': 0.8578947368421053, 'macro_majority': 0.7710945517826068, 'binary_majority': 0.6301369863013699, 'run_time_millis': 786.5558399935253, 'loss_mean': 0.16163408756256104}
Epoch 9 **** Loss 0.01667853072285652 **** Metrics validation: {'accuracy': 0.8675438596491228, 'f1_weighted': 0.882102271913976, 'macro': 0.7469389075181814, 'micro': 0.8675438596491228, 'binary': 0.5722379603399433, 'accuracy_majority': 0.8263157894736842, 'macro_majority': 0.7363219647588208, 'binary_majority': 0.5822784810126582, 'run_time_millis': 940.1119610120077, 'loss_mean': 0.14913427829742432}
Evaluating
{'accuracy': 0.8842105263157894, 'f1_weighted': 0.8944899671710264, 'macro': 0.764969012395042, 'micro': 0.8842105263157894, 'binary': 0.5975609756097561, 'accuracy_majority': 0.8473684210526315, 'macro_majority': 0.7591256830601092, 'binary_majority': 0.6133333333333333, 'run_time_millis': 1394.950157002313, 'loss_mean': 0.1420091986656189}
