Device cuda
Split type sit
Training Size: 27718, NTA labels 27062, YTA labels 656
Validation Size: 9248, NTA labels 9024, YTA labels 224
Test Size: 9202, NTA labels 8997, YTA labels 205
Training with SBERT, model name is sbert
Tokenizing the dataset
Number of training steps 8670
Epoch 0 **** Loss 0.005676498170942068 **** Metrics validation: {'accuracy': 0.9508001730103807, 'f1_weighted': 0.960657692835003, 'macro': 0.6920936852291915, 'micro': 0.9508001730103807, 'binary': 0.4098573281452659, 'accuracy_majority': 0.9489029155395251, 'macro_majority': 0.6873604262940278, 'binary_majority': 0.4014084507042254, 'run_time_millis': 3217.5093260593712, 'loss_mean': 0.02768874540925026}
Epoch 1 **** Loss 0.001653662882745266 **** Metrics validation: {'accuracy': 0.9379325259515571, 'f1_weighted': 0.952628347358718, 'macro': 0.6626659518811036, 'micro': 0.9379325259515571, 'binary': 0.35794183445190153, 'accuracy_majority': 0.9365795010519988, 'macro_majority': 0.6616764533516344, 'binary_majority': 0.35670731707317077, 'run_time_millis': 5245.622223941609, 'loss_mean': 0.0307510606944561}
Epoch 2 **** Loss 0.01129191741347313 **** Metrics validation: {'accuracy': 0.9099264705882353, 'f1_weighted': 0.93594889829622, 'macro': 0.6226830107035192, 'micro': 0.9099264705882353, 'binary': 0.29346904156064463, 'accuracy_majority': 0.9092275323113916, 'macro_majority': 0.6245762838524541, 'binary_majority': 0.2976744186046512, 'run_time_millis': 4235.6055120471865, 'loss_mean': 0.035550154745578766}
Epoch 3 **** Loss 8.603688183939084e-05 **** Metrics validation: {'accuracy': 0.9581531141868512, 'f1_weighted': 0.964685983424037, 'macro': 0.6972941262741073, 'micro': 0.9581531141868512, 'binary': 0.416289592760181, 'accuracy_majority': 0.9559663360384731, 'macro_majority': 0.6937959032000135, 'binary_majority': 0.4104627766599597, 'run_time_millis': 4233.4349770098925, 'loss_mean': 0.05894237756729126}
Epoch 4 **** Loss 0.030743630602955818 **** Metrics validation: {'accuracy': 0.9604238754325259, 'f1_weighted': 0.9661063371603756, 'macro': 0.7029186360810167, 'micro': 0.9604238754325259, 'binary': 0.42633228840125387, 'accuracy_majority': 0.9588217613465585, 'macro_majority': 0.7015084400343679, 'binary_majority': 0.4243697478991597, 'run_time_millis': 4235.322508960962, 'loss_mean': 0.06544288247823715}
Epoch 5 **** Loss 0.00020797514298465103 **** Metrics validation: {'accuracy': 0.96280276816609, 'f1_weighted': 0.967444223227185, 'macro': 0.7056185531141226, 'micro': 0.96280276816609, 'binary': 0.43046357615894043, 'accuracy_majority': 0.9610760444845206, 'macro_majority': 0.7002216262787085, 'binary_majority': 0.42058165548098436, 'run_time_millis': 3222.7869869675487, 'loss_mean': 0.08290141075849533}
Epoch 6 **** Loss 4.7119076043600217e-05 **** Metrics validation: {'accuracy': 0.9681012110726643, 'f1_weighted': 0.9706655520903533, 'macro': 0.7171127323637961, 'micro': 0.9681012110726643, 'binary': 0.4506517690875233, 'accuracy_majority': 0.9663360384730989, 'macro_majority': 0.709917519432951, 'binary_majority': 0.43718592964824127, 'run_time_millis': 5248.385027050972, 'loss_mean': 0.09418155997991562}
Epoch 7 **** Loss 0.00015614344738423824 **** Metrics validation: {'accuracy': 0.9668036332179931, 'f1_weighted': 0.9695709531607023, 'macro': 0.7077170230978967, 'micro': 0.9668036332179931, 'binary': 0.43253234750462105, 'accuracy_majority': 0.9652840396753832, 'macro_majority': 0.7015790696821067, 'binary_majority': 0.42105263157894735, 'run_time_millis': 5241.344494977966, 'loss_mean': 0.0976373478770256}
Epoch 8 **** Loss 3.389237099327147e-05 **** Metrics validation: {'accuracy': 0.9649653979238755, 'f1_weighted': 0.9683112091354689, 'macro': 0.7006463122079997, 'micro': 0.9649653979238755, 'binary': 0.41935483870967744, 'accuracy_majority': 0.9631800420799519, 'macro_majority': 0.6967322581311259, 'binary_majority': 0.41247002398081534, 'run_time_millis': 3214.952867012471, 'loss_mean': 0.09468721598386765}
Epoch 9 **** Loss 1.1775715393014252e-05 **** Metrics validation: {'accuracy': 0.9676686851211073, 'f1_weighted': 0.9699194379418483, 'macro': 0.7058311069748876, 'micro': 0.9676686851211073, 'binary': 0.4282982791586998, 'accuracy_majority': 0.9663360384730989, 'macro_majority': 0.7026714755354122, 'binary_majority': 0.422680412371134, 'run_time_millis': 4232.379575027153, 'loss_mean': 0.10337798297405243}
Evaluating
{'accuracy': 0.9681012110726643, 'f1_weighted': 0.9706655520903533, 'macro': 0.7171127323637961, 'micro': 0.9681012110726643, 'binary': 0.4506517690875233, 'accuracy_majority': 0.9663360384730989, 'macro_majority': 0.709917519432951, 'binary_majority': 0.43718592964824127, 'run_time_millis': 4228.058593929745, 'loss_mean': 0.09418155997991562}
