Device cuda
Split type sit
Training Size: 120703, NTA labels 117744, YTA labels 2959
Validation Size: 40267, NTA labels 39311, YTA labels 956
Test Size: 40440, NTA labels 39454, YTA labels 986
Training with SBERT, model name is sbert
Tokenizing the dataset
Number of training steps 37720
Epoch 0 **** Loss 0.04345469921827316 **** Metrics validation: {'accuracy': 0.9727320138078327, 'f1_weighted': 0.9702267515730605, 'macro': 0.6520501521866622, 'micro': 0.9727320138078327, 'binary': 0.3180124223602484, 'accuracy_majority': 0.983448275862069, 'macro_majority': 0.7199369858218099, 'binary_majority': 0.4482758620689655, 'run_time_millis': 17439.136528002564, 'loss_mean': 0.04484184458851814}
Epoch 1 **** Loss 0.0917024165391922 **** Metrics validation: {'accuracy': 0.9625003104278939, 'f1_weighted': 0.9652496683742978, 'macro': 0.6550978329792144, 'micro': 0.9625003104278939, 'binary': 0.3294849023090586, 'accuracy_majority': 0.9727586206896551, 'macro_majority': 0.6891873558540225, 'binary_majority': 0.3923076923076923, 'run_time_millis': 17379.574268998113, 'loss_mean': 0.045279353857040405}
Epoch 2 **** Loss 0.015945380553603172 **** Metrics validation: {'accuracy': 0.9623264708073609, 'f1_weighted': 0.9648587072812624, 'macro': 0.6484941145891192, 'micro': 0.9623264708073609, 'binary': 0.31635872014420907, 'accuracy_majority': 0.9725862068965517, 'macro_majority': 0.6848511193218865, 'binary_majority': 0.38372093023255816, 'run_time_millis': 17607.963699032553, 'loss_mean': 0.05726166442036629}
Epoch 3 **** Loss 0.06842965632677078 **** Metrics validation: {'accuracy': 0.9569126083393349, 'f1_weighted': 0.9618864693650202, 'macro': 0.643401595174432, 'micro': 0.9569126083393349, 'binary': 0.30904022301871764, 'accuracy_majority': 0.9662931034482759, 'macro_majority': 0.6627800423420862, 'binary_majority': 0.34285714285714286, 'run_time_millis': 17601.11163498368, 'loss_mean': 0.06119184568524361}
Epoch 4 **** Loss 0.04188474267721176 **** Metrics validation: {'accuracy': 0.9547520301984255, 'f1_weighted': 0.9607793208885268, 'macro': 0.6432288615219907, 'micro': 0.9547520301984255, 'binary': 0.3098484848484849, 'accuracy_majority': 0.9638793103448275, 'macro_majority': 0.6587046773764189, 'binary_majority': 0.3359746434231379, 'run_time_millis': 17576.7045430257, 'loss_mean': 0.07349751144647598}
Epoch 5 **** Loss 0.0509943962097168 **** Metrics validation: {'accuracy': 0.9522686070479549, 'f1_weighted': 0.9592495985566373, 'macro': 0.6374275681293398, 'micro': 0.9522686070479549, 'binary': 0.29956268221574345, 'accuracy_majority': 0.9618103448275862, 'macro_majority': 0.6560842364736093, 'binary_majority': 0.33182503770739064, 'run_time_millis': 16291.603738965932, 'loss_mean': 0.08214015513658524}
Epoch 6 **** Loss 0.014741696417331696 **** Metrics validation: {'accuracy': 0.9603894007499938, 'f1_weighted': 0.9635279798139511, 'macro': 0.6407928591756669, 'micro': 0.9603894007499938, 'binary': 0.30196936542669583, 'accuracy_majority': 0.9702586206896552, 'macro_majority': 0.6711594243268566, 'binary_majority': 0.3575418994413408, 'run_time_millis': 15528.206983988639, 'loss_mean': 0.09663214534521103}
Epoch 7 **** Loss 0.010028212331235409 **** Metrics validation: {'accuracy': 0.949810018128989, 'f1_weighted': 0.9579045619409491, 'macro': 0.635509725068961, 'micro': 0.949810018128989, 'binary': 0.2970434782608696, 'accuracy_majority': 0.9589655172413794, 'macro_majority': 0.6494222222222222, 'binary_majority': 0.32, 'run_time_millis': 17569.62789100362, 'loss_mean': 0.09813489764928818}
Epoch 8 **** Loss 0.006133309565484524 **** Metrics validation: {'accuracy': 0.9567636029503067, 'f1_weighted': 0.9617042854280085, 'macro': 0.6410615165071128, 'micro': 0.9567636029503067, 'binary': 0.3044346783859369, 'accuracy_majority': 0.9664655172413793, 'macro_majority': 0.6655993026822087, 'binary_majority': 0.34840871021775544, 'run_time_millis': 17526.000328012742, 'loss_mean': 0.11087954789400101}
Epoch 9 **** Loss 0.03113478235900402 **** Metrics validation: {'accuracy': 0.9579556460625326, 'f1_weighted': 0.9623819905249535, 'macro': 0.6426598778014962, 'micro': 0.9579556460625326, 'binary': 0.30699959066721244, 'accuracy_majority': 0.9676724137931034, 'macro_majority': 0.6689910596387559, 'binary_majority': 0.35456110154905335, 'run_time_millis': 17597.920373955276, 'loss_mean': 0.115141861140728}
Evaluating
{'accuracy': 0.9727320138078327, 'f1_weighted': 0.9702267515730605, 'macro': 0.6520501521866622, 'micro': 0.9727320138078327, 'binary': 0.3180124223602484, 'accuracy_majority': 0.983448275862069, 'macro_majority': 0.7199369858218099, 'binary_majority': 0.4482758620689655, 'run_time_millis': 15497.051615966484, 'loss_mean': 0.04484184458851814}
