Device cuda
Split type sit
Training Size: 10505, NTA labels 10352, YTA labels 153
Validation Size: 3534, NTA labels 3478, YTA labels 56
Test Size: 3335, NTA labels 3272, YTA labels 63
Training with SBERT, model name is sbert
Tokenizing the dataset
Number of training steps 3290
Epoch 0 **** Loss 0.010045216418802738 **** Metrics validation: {'accuracy': 0.9711375212224108, 'f1_weighted': 0.9736342466276817, 'macro': 0.6176428159261397, 'micro': 0.9711375212224108, 'binary': 0.25, 'accuracy_majority': 0.9736644093303235, 'macro_majority': 0.6361495920714012, 'binary_majority': 0.2857142857142857, 'run_time_millis': 1347.395074000815, 'loss_mean': 0.021091487258672714}
Epoch 1 **** Loss 0.004079869948327541 **** Metrics validation: {'accuracy': 0.9151103565365025, 'f1_weighted': 0.9432375878571806, 'macro': 0.5786490061171803, 'micro': 0.9151103565365025, 'binary': 0.20212765957446807, 'accuracy_majority': 0.9187358916478555, 'macro_majority': 0.5872670807453417, 'binary_majority': 0.21739130434782608, 'run_time_millis': 2363.4637699997256, 'loss_mean': 0.015802666544914246}
Epoch 2 **** Loss 0.004207874648272991 **** Metrics validation: {'accuracy': 0.9165251839275609, 'f1_weighted': 0.9440484658244777, 'macro': 0.5804010887926243, 'micro': 0.9165251839275609, 'binary': 0.20485175202156336, 'accuracy_majority': 0.9202407825432656, 'macro_majority': 0.5892790502402389, 'binary_majority': 0.2205882352941177, 'run_time_millis': 3379.615785999704, 'loss_mean': 0.01632392592728138}
Epoch 3 **** Loss 0.0018087406642735004 **** Metrics validation: {'accuracy': 0.9397283531409168, 'f1_weighted': 0.9573983938111004, 'macro': 0.6157776075208855, 'micro': 0.9397283531409168, 'binary': 0.2629757785467128, 'accuracy_majority': 0.9420617005267118, 'macro_majority': 0.6250947951508846, 'binary_majority': 0.28037383177570097, 'run_time_millis': 3381.020453000019, 'loss_mean': 0.01986289583146572}
Epoch 4 **** Loss 0.0008740357006900012 **** Metrics validation: {'accuracy': 0.9521788341822298, 'f1_weighted': 0.9644397888200212, 'macro': 0.6340698142489788, 'micro': 0.9521788341822298, 'binary': 0.2928870292887029, 'accuracy_majority': 0.9563581640331076, 'macro_majority': 0.6591704987619385, 'binary_majority': 0.3409090909090909, 'run_time_millis': 3374.130692000108, 'loss_mean': 0.023801157251000404}
Epoch 5 **** Loss 0.0028939973562955856 **** Metrics validation: {'accuracy': 0.9485002829654782, 'f1_weighted': 0.9622768602433948, 'macro': 0.6255379499217528, 'micro': 0.9485002829654782, 'binary': 0.2777777777777778, 'accuracy_majority': 0.9510910458991723, 'macro_majority': 0.6452142842474896, 'binary_majority': 0.31578947368421056, 'run_time_millis': 3379.5222449989524, 'loss_mean': 0.02472086437046528}
Epoch 6 **** Loss 0.00041486803092993796 **** Metrics validation: {'accuracy': 0.9657611771363893, 'f1_weighted': 0.9723348386033227, 'macro': 0.664183201071186, 'micro': 0.9657611771363893, 'binary': 0.34594594594594597, 'accuracy_majority': 0.9699021820917983, 'macro_majority': 0.6981603452191687, 'binary_majority': 0.4117647058823529, 'run_time_millis': 1397.7134810011194, 'loss_mean': 0.03325813263654709}
Epoch 7 **** Loss 0.001916955690830946 **** Metrics validation: {'accuracy': 0.9688737973967176, 'f1_weighted': 0.9741673764087622, 'macro': 0.6722569200884908, 'micro': 0.9688737973967176, 'binary': 0.36046511627906974, 'accuracy_majority': 0.9736644093303235, 'macro_majority': 0.7154784842646115, 'binary_majority': 0.44444444444444453, 'run_time_millis': 2826.4441629999055, 'loss_mean': 0.03598165512084961}
Epoch 8 **** Loss 0.009539715014398098 **** Metrics validation: {'accuracy': 0.9705715902659876, 'f1_weighted': 0.9750064794848404, 'macro': 0.6714826613465479, 'micro': 0.9705715902659876, 'binary': 0.3580246913580247, 'accuracy_majority': 0.9759217456734387, 'macro_majority': 0.7271747498075443, 'binary_majority': 0.4666666666666667, 'run_time_millis': 3375.545378001334, 'loss_mean': 0.039108842611312866}
Epoch 9 **** Loss 0.00012214184971526265 **** Metrics validation: {'accuracy': 0.9711375212224108, 'f1_weighted': 0.9753666180693529, 'macro': 0.6738672553561088, 'micro': 0.9711375212224108, 'binary': 0.3625, 'accuracy_majority': 0.9751693002257337, 'macro_majority': 0.7139903874371499, 'binary_majority': 0.4406779661016949, 'run_time_millis': 3399.46672699989, 'loss_mean': 0.040364157408475876}
Evaluating
{'accuracy': 0.9711375212224108, 'f1_weighted': 0.9753666180693529, 'macro': 0.6738672553561088, 'micro': 0.9711375212224108, 'binary': 0.3625, 'accuracy_majority': 0.9751693002257337, 'macro_majority': 0.7139903874371499, 'binary_majority': 0.4406779661016949, 'run_time_millis': 3378.676065000036, 'loss_mean': 0.040364157408475876}
