Device cuda
Split type sit
Training Size: 6498, NTA labels 4368, YTA labels 2130
Validation Size: 6498, NTA labels 4368, YTA labels 2130
Test Size: 6403, NTA labels 4269, YTA labels 2134
Training with SBERT, model name is sbert
Tokenizing the dataset
Number of training steps 2040
Epoch 0 **** Loss 0.07367239892482758 **** Metrics validation: {'accuracy': 0.7585410895660203, 'f1_weighted': 0.7658569646502441, 'macro': 0.7490297000680316, 'micro': 0.7585410895660203, 'binary': 0.7001719854767819, 'accuracy_majority': 0.8297595841455491, 'macro_majority': 0.8237141148325359, 'binary_majority': 0.7910685805422647, 'run_time_millis': 5636.876470000061, 'loss_mean': 0.21585741639137268}
Epoch 1 **** Loss 0.1375080645084381 **** Metrics validation: {'accuracy': 0.8048630347799323, 'f1_weighted': 0.8089980844451885, 'macro': 0.7892240648921043, 'micro': 0.8048630347799323, 'binary': 0.7318104906937394, 'accuracy_majority': 0.9012345679012346, 'macro_majority': 0.8938077201035739, 'binary_majority': 0.8657243816254417, 'run_time_millis': 5656.082057000276, 'loss_mean': 0.19311311841011047}
Epoch 2 **** Loss 0.22040121257305145 **** Metrics validation: {'accuracy': 0.7754693751923669, 'f1_weighted': 0.7823379896272142, 'macro': 0.7681441215707154, 'micro': 0.7754693751923669, 'binary': 0.7269324349616321, 'accuracy_majority': 0.843404808317089, 'macro_majority': 0.8388766601635044, 'binary_majority': 0.8118657298985168, 'run_time_millis': 5633.266709000054, 'loss_mean': 0.18403448164463043}
Epoch 3 **** Loss 0.05862816423177719 **** Metrics validation: {'accuracy': 0.8150200061557402, 'f1_weighted': 0.8195633164567278, 'macro': 0.8022709211274588, 'micro': 0.8150200061557402, 'binary': 0.7520627062706271, 'accuracy_majority': 0.9096816114359974, 'macro_majority': 0.9038832478072569, 'binary_majority': 0.880275624461671, 'run_time_millis': 5634.611953999865, 'loss_mean': 0.163126140832901}
Epoch 4 **** Loss 0.3047215938568115 **** Metrics validation: {'accuracy': 0.8104032009849185, 'f1_weighted': 0.816189173060782, 'macro': 0.8035928642030168, 'micro': 0.8104032009849185, 'binary': 0.767019667170953, 'accuracy_majority': 0.8466536712150747, 'macro_majority': 0.8421840239154617, 'binary_majority': 0.815625, 'run_time_millis': 5639.494712000214, 'loss_mean': 0.1497870683670044}
Epoch 5 **** Loss 0.21808293461799622 **** Metrics validation: {'accuracy': 0.8565712526931364, 'f1_weighted': 0.8587153820343701, 'macro': 0.8425040257313932, 'micro': 0.8565712526931364, 'binary': 0.7954345917471466, 'accuracy_majority': 0.9408706952566601, 'macro_majority': 0.9360140171650878, 'binary_majority': 0.9183856502242153, 'run_time_millis': 5633.240637000199, 'loss_mean': 0.1386246383190155}
Epoch 6 **** Loss 0.11874428391456604 **** Metrics validation: {'accuracy': 0.8433364112034473, 'f1_weighted': 0.8477265100927583, 'macro': 0.8347647141636312, 'micro': 0.8433364112034473, 'binary': 0.7971303308090874, 'accuracy_majority': 0.8843404808317089, 'macro_majority': 0.8791482115442304, 'binary_majority': 0.8540983606557376, 'run_time_millis': 5633.537141000033, 'loss_mean': 0.12874473631381989}
Epoch 7 **** Loss 0.002699254546314478 **** Metrics validation: {'accuracy': 0.866112650046168, 'f1_weighted': 0.8674440730780567, 'macro': 0.8512499168532381, 'micro': 0.866112650046168, 'binary': 0.8042304230423042, 'accuracy_majority': 0.9532163742690059, 'macro_majority': 0.9486922088168944, 'binary_majority': 0.933456561922366, 'run_time_millis': 5632.591259999572, 'loss_mean': 0.129195898771286}
Epoch 8 **** Loss 0.05838187038898468 **** Metrics validation: {'accuracy': 0.8682671591258849, 'f1_weighted': 0.8693832296904012, 'macro': 0.8531639704476244, 'micro': 0.8682671591258849, 'binary': 0.8060715903942003, 'accuracy_majority': 0.9577647823261858, 'macro_majority': 0.9535417803527269, 'binary_majority': 0.9395348837209303, 'run_time_millis': 5634.097787999963, 'loss_mean': 0.12804940342903137}
Epoch 9 **** Loss 0.11722351610660553 **** Metrics validation: {'accuracy': 0.868421052631579, 'f1_weighted': 0.8693957707134745, 'macro': 0.8529941235910511, 'micro': 0.868421052631579, 'binary': 0.8053721830184384, 'accuracy_majority': 0.9571150097465887, 'macro_majority': 0.9527657698546153, 'binary_majority': 0.9384328358208954, 'run_time_millis': 5627.5599509999665, 'loss_mean': 0.13125640153884888}
Evaluating
{'accuracy': 0.868421052631579, 'f1_weighted': 0.8693957707134745, 'macro': 0.8529941235910511, 'micro': 0.868421052631579, 'binary': 0.8053721830184384, 'accuracy_majority': 0.9571150097465887, 'macro_majority': 0.9527657698546153, 'binary_majority': 0.9384328358208954, 'run_time_millis': 5636.062721999679, 'loss_mean': 0.13125640153884888}
