Device cuda
Split type sit
Training Size: 18511, NTA labels 17859, YTA labels 652
Validation Size: 6109, NTA labels 5863, YTA labels 246
Test Size: 5877, NTA labels 5635, YTA labels 242
Training with SBERT, model name is sbert
Tokenizing the dataset
Number of training steps 5790
Epoch 0 **** Loss 0.19403709471225739 **** Metrics validation: {'accuracy': 0.8860697331805533, 'f1_weighted': 0.9117692864110682, 'macro': 0.6110309728781482, 'micro': 0.8860697331805533, 'binary': 0.28395061728395066, 'accuracy_majority': 0.8900343642611683, 'macro_majority': 0.6120143698381542, 'binary_majority': 0.2835820895522388, 'run_time_millis': 4479.891022001539, 'loss_mean': 0.050853975117206573}
Epoch 1 **** Loss 0.009344578720629215 **** Metrics validation: {'accuracy': 0.8934359142249141, 'f1_weighted': 0.9170776202617086, 'macro': 0.6302623658153255, 'micro': 0.8934359142249141, 'binary': 0.3183246073298429, 'accuracy_majority': 0.8969072164948454, 'macro_majority': 0.6259996191926884, 'binary_majority': 0.3076923076923077, 'run_time_millis': 4481.3280339985795, 'loss_mean': 0.04869858920574188}
Epoch 2 **** Loss 0.014388720504939556 **** Metrics validation: {'accuracy': 0.8731379931248977, 'f1_weighted': 0.9049438900648696, 'macro': 0.6163272129859965, 'micro': 0.8731379931248977, 'binary': 0.3024302430243024, 'accuracy_majority': 0.8717067583046965, 'macro_majority': 0.6035116887329941, 'binary_majority': 0.2774193548387097, 'run_time_millis': 3411.962810001569, 'loss_mean': 0.04864918440580368}
Epoch 3 **** Loss 0.0468001514673233 **** Metrics validation: {'accuracy': 0.8538222294974628, 'f1_weighted': 0.8929799784573988, 'macro': 0.6001050438262929, 'micro': 0.8538222294974628, 'binary': 0.28157683024939667, 'accuracy_majority': 0.8528064146620847, 'macro_majority': 0.5867036929580968, 'binary_majority': 0.255072463768116, 'run_time_millis': 4430.033956999978, 'loss_mean': 0.049797773361206055}
Epoch 4 **** Loss 0.015008468180894852 **** Metrics validation: {'accuracy': 0.8744475364216729, 'f1_weighted': 0.9054945094889547, 'macro': 0.6133825367604439, 'micro': 0.8744475364216729, 'binary': 0.295684113865932, 'accuracy_majority': 0.8768613974799542, 'macro_majority': 0.6044008156684213, 'binary_majority': 0.27609427609427606, 'run_time_millis': 4438.591645997803, 'loss_mean': 0.05491187423467636}
Epoch 5 **** Loss 0.007864397950470448 **** Metrics validation: {'accuracy': 0.8911442134555574, 'f1_weighted': 0.9152943432780897, 'macro': 0.6223110188436121, 'micro': 0.8911442134555574, 'binary': 0.3036649214659686, 'accuracy_majority': 0.8946162657502864, 'macro_majority': 0.6176884996191927, 'binary_majority': 0.29230769230769227, 'run_time_millis': 4567.997497997567, 'loss_mean': 0.06350088864564896}
Epoch 6 **** Loss 0.03383474424481392 **** Metrics validation: {'accuracy': 0.8886888197741037, 'f1_weighted': 0.9139862382602866, 'macro': 0.6228067308076461, 'micro': 0.8886888197741037, 'binary': 0.3061224489795918, 'accuracy_majority': 0.8934707903780069, 'macro_majority': 0.6189168638053396, 'binary_majority': 0.29545454545454547, 'run_time_millis': 4499.00502699893, 'loss_mean': 0.06660443544387817}
Epoch 7 **** Loss 0.027053693309426308 **** Metrics validation: {'accuracy': 0.891798985103945, 'f1_weighted': 0.9156576229353882, 'macro': 0.6224104266570142, 'micro': 0.891798985103945, 'binary': 0.303477344573235, 'accuracy_majority': 0.8951890034364262, 'macro_majority': 0.6156844821053771, 'binary_majority': 0.28793774319066145, 'run_time_millis': 4490.6784539998625, 'loss_mean': 0.07302959263324738}
Epoch 8 **** Loss 0.020636597648262978 **** Metrics validation: {'accuracy': 0.8947454575216893, 'f1_weighted': 0.9174135706744388, 'macro': 0.6247083026767508, 'micro': 0.8947454575216893, 'binary': 0.30636461704422874, 'accuracy_majority': 0.8980526918671249, 'macro_majority': 0.616547809993831, 'binary_majority': 0.288, 'run_time_millis': 4455.585665000399, 'loss_mean': 0.07670046389102936}
Epoch 9 **** Loss 0.017024056985974312 **** Metrics validation: {'accuracy': 0.8963823866426583, 'f1_weighted': 0.91834295009959, 'macro': 0.6253441735257543, 'micro': 0.8963823866426583, 'binary': 0.30668127053669225, 'accuracy_majority': 0.9014891179839634, 'macro_majority': 0.6210631510942421, 'binary_majority': 0.29508196721311475, 'run_time_millis': 4514.156938002998, 'loss_mean': 0.07752697169780731}
Evaluating
{'accuracy': 0.8963823866426583, 'f1_weighted': 0.91834295009959, 'macro': 0.6253441735257543, 'micro': 0.8963823866426583, 'binary': 0.30668127053669225, 'accuracy_majority': 0.9014891179839634, 'macro_majority': 0.6210631510942421, 'binary_majority': 0.29508196721311475, 'run_time_millis': 2449.8960720011382, 'loss_mean': 0.07752697169780731}
