Device cuda
Split type sit
Training Size: 1708, NTA labels 1620, YTA labels 88
Validation Size: 560, NTA labels 523, YTA labels 37
Test Size: 556, NTA labels 525, YTA labels 31
Training with SBERT, model name is sbert
Tokenizing the dataset
Number of training steps 540
Epoch 0 **** Loss 0.036576684564352036 **** Metrics validation: {'accuracy': 0.7482142857142857, 'f1_weighted': 0.8024074356127952, 'macro': 0.4603571648248006, 'micro': 0.7482142857142857, 'binary': 0.0662251655629139, 'accuracy_majority': 0.7525354969574036, 'macro_majority': 0.4664502164502165, 'binary_majority': 0.07575757575757576, 'run_time_millis': 1613.9501169964205, 'loss_mean': 0.07986342161893845}
Epoch 1 **** Loss 0.03508729115128517 **** Metrics validation: {'accuracy': 0.8232142857142857, 'f1_weighted': 0.8475961037882692, 'macro': 0.4885184194259671, 'micro': 0.8232142857142857, 'binary': 0.07476635514018691, 'accuracy_majority': 0.8235294117647058, 'macro_majority': 0.49328371433634594, 'binary_majority': 0.08421052631578949, 'run_time_millis': 1292.1900090004783, 'loss_mean': 0.07939983159303665}
Epoch 2 **** Loss 0.13183219730854034 **** Metrics validation: {'accuracy': 0.8267857142857142, 'f1_weighted': 0.8515970782726834, 'macro': 0.5070735669107705, 'micro': 0.8267857142857142, 'binary': 0.11009174311926606, 'accuracy_majority': 0.8296146044624746, 'macro_majority': 0.515308988764045, 'binary_majority': 0.125, 'run_time_millis': 1269.564624002669, 'loss_mean': 0.07808461040258408}
Epoch 3 **** Loss 0.1274145543575287 **** Metrics validation: {'accuracy': 0.8303571428571429, 'f1_weighted': 0.8593137115864388, 'macro': 0.5598904689813781, 'micro': 0.8303571428571429, 'binary': 0.21487603305785122, 'accuracy_majority': 0.8296146044624746, 'macro_majority': 0.5560463121783876, 'binary_majority': 0.20754716981132076, 'run_time_millis': 838.1179900025018, 'loss_mean': 0.07637163996696472}
Epoch 4 **** Loss 0.031581129878759384 **** Metrics validation: {'accuracy': 0.775, 'f1_weighted': 0.8265003409865879, 'macro': 0.5544441918617867, 'micro': 0.775, 'binary': 0.24096385542168672, 'accuracy_majority': 0.7748478701825557, 'macro_majority': 0.5512485136741974, 'binary_majority': 0.23448275862068965, 'run_time_millis': 2140.9497169952374, 'loss_mean': 0.0724233090877533}
Epoch 5 **** Loss 0.061032503843307495 **** Metrics validation: {'accuracy': 0.8142857142857143, 'f1_weighted': 0.8507668921227026, 'macro': 0.5648015303682449, 'micro': 0.8142857142857143, 'binary': 0.23529411764705882, 'accuracy_majority': 0.8133874239350912, 'macro_majority': 0.563548883756736, 'binary_majority': 0.23333333333333336, 'run_time_millis': 2275.892516001477, 'loss_mean': 0.07011494040489197}
Epoch 6 **** Loss 0.06160205230116844 **** Metrics validation: {'accuracy': 0.8142857142857143, 'f1_weighted': 0.8540579283259697, 'macro': 0.599725085910653, 'micro': 0.8142857142857143, 'binary': 0.3066666666666667, 'accuracy_majority': 0.8154158215010142, 'macro_majority': 0.5994553814561849, 'binary_majority': 0.30534351145038163, 'run_time_millis': 2252.2998670028755, 'loss_mean': 0.06654877215623856}
Epoch 7 **** Loss 0.0265811737626791 **** Metrics validation: {'accuracy': 0.8339285714285715, 'f1_weighted': 0.8658003290902028, 'macro': 0.6032634778435451, 'micro': 0.8339285714285715, 'binary': 0.30075187969924816, 'accuracy_majority': 0.8397565922920892, 'macro_majority': 0.611171566914591, 'binary_majority': 0.3130434782608696, 'run_time_millis': 1253.09562899929, 'loss_mean': 0.06527698785066605}
Epoch 8 **** Loss 0.06310330331325531 **** Metrics validation: {'accuracy': 0.8321428571428572, 'f1_weighted': 0.8660568513119533, 'macro': 0.6163265306122448, 'micro': 0.8321428571428572, 'binary': 0.32857142857142857, 'accuracy_majority': 0.8356997971602435, 'macro_majority': 0.6184684469497922, 'binary_majority': 0.33057851239669417, 'run_time_millis': 1206.3362170010805, 'loss_mean': 0.06348411738872528}
Epoch 9 **** Loss 0.04061969742178917 **** Metrics validation: {'accuracy': 0.8285714285714286, 'f1_weighted': 0.8645053183153377, 'macro': 0.6219515625439509, 'micro': 0.8285714285714286, 'binary': 0.34246575342465757, 'accuracy_majority': 0.8316430020283976, 'macro_majority': 0.6249163557698477, 'binary_majority': 0.3464566929133858, 'run_time_millis': 2294.009504999849, 'loss_mean': 0.06260599941015244}
Evaluating
{'accuracy': 0.8321428571428572, 'f1_weighted': 0.8660568513119533, 'macro': 0.6163265306122448, 'micro': 0.8321428571428572, 'binary': 0.32857142857142857, 'accuracy_majority': 0.8356997971602435, 'macro_majority': 0.6184684469497922, 'binary_majority': 0.33057851239669417, 'run_time_millis': 2254.507919991738, 'loss_mean': 0.06348411738872528}
