Device cuda
Split type sit
Training Size: 2300, NTA labels 1489, YTA labels 811
Validation Size: 5018, NTA labels 3300, YTA labels 1718
Test Size: 5063, NTA labels 3132, YTA labels 1931
Training with SBERT, model name is sbert
Tokenizing the dataset
Number of training steps 720
Epoch 0 **** Loss 0.29738807678222656 **** Metrics validation: {'accuracy': 0.7570745316859306, 'f1_weighted': 0.74510527116653, 'macro': 0.7068519981530111, 'micro': 0.7570745316859305, 'binary': 0.5855151309078546, 'accuracy_majority': 0.7403100775193798, 'macro_majority': 0.7050091992640588, 'binary_majority': 0.6029629629629629, 'run_time_millis': 5532.677810995665, 'loss_mean': 0.2604745924472809}
Epoch 1 **** Loss 0.20704436302185059 **** Metrics validation: {'accuracy': 0.7319649262654444, 'f1_weighted': 0.7385527793063603, 'macro': 0.7217159723423393, 'micro': 0.7319649262654444, 'binary': 0.6683107274969173, 'accuracy_majority': 0.7567829457364341, 'macro_majority': 0.7532781849613532, 'binary_majority': 0.7238723872387239, 'run_time_millis': 5548.965709000186, 'loss_mean': 0.2457883358001709}
Epoch 2 **** Loss 0.2137131541967392 **** Metrics validation: {'accuracy': 0.7182144280589876, 'f1_weighted': 0.7251009246529829, 'macro': 0.7071824417390018, 'micro': 0.7182144280589876, 'binary': 0.6503461918892186, 'accuracy_majority': 0.749515503875969, 'macro_majority': 0.7456329106229669, 'binary_majority': 0.7142067440574903, 'run_time_millis': 5544.633062003413, 'loss_mean': 0.2523930072784424}
Epoch 3 **** Loss 0.20961424708366394 **** Metrics validation: {'accuracy': 0.7443204463929852, 'f1_weighted': 0.748629114660901, 'macro': 0.7268517561949503, 'micro': 0.7443204463929852, 'binary': 0.65777540677514, 'accuracy_majority': 0.7601744186046512, 'macro_majority': 0.7524322907112919, 'binary_majority': 0.7086521483225426, 'run_time_millis': 4692.006915996899, 'loss_mean': 0.24567393958568573}
Epoch 4 **** Loss 0.11004858464002609 **** Metrics validation: {'accuracy': 0.7662415304902351, 'f1_weighted': 0.7579349203774287, 'macro': 0.7238023042775326, 'micro': 0.7662415304902351, 'binary': 0.6155358898721731, 'accuracy_majority': 0.7572674418604651, 'macro_majority': 0.7308167384140569, 'binary_majority': 0.6464361326746648, 'run_time_millis': 5526.246474997606, 'loss_mean': 0.2964256703853607}
Epoch 5 **** Loss 0.09053891152143478 **** Metrics validation: {'accuracy': 0.7740135512156238, 'f1_weighted': 0.7728845157599354, 'macro': 0.7466178379525994, 'micro': 0.7740135512156238, 'binary': 0.6633016627078384, 'accuracy_majority': 0.7824612403100775, 'macro_majority': 0.7689568559208895, 'binary_majority': 0.7130990415335463, 'run_time_millis': 5536.620928003686, 'loss_mean': 0.2854425609111786}
Epoch 6 **** Loss 0.06161016970872879 **** Metrics validation: {'accuracy': 0.7783977680350738, 'f1_weighted': 0.7717069941933145, 'macro': 0.7403910053836609, 'micro': 0.7783977680350739, 'binary': 0.6410587475790833, 'accuracy_majority': 0.7761627906976745, 'macro_majority': 0.7548940580377707, 'binary_majority': 0.6826923076923077, 'run_time_millis': 5193.141675998049, 'loss_mean': 0.3714018762111664}
Epoch 7 **** Loss 0.04790789261460304 **** Metrics validation: {'accuracy': 0.7760063770426465, 'f1_weighted': 0.7672739229582337, 'macro': 0.7339049800559607, 'micro': 0.7760063770426464, 'binary': 0.6280608868299139, 'accuracy_majority': 0.7727713178294574, 'macro_majority': 0.7490151991082927, 'binary_majority': 0.6717984604618615, 'run_time_millis': 5564.221288004774, 'loss_mean': 0.41037511825561523}
Epoch 8 **** Loss 0.2485440969467163 **** Metrics validation: {'accuracy': 0.7754085292945396, 'f1_weighted': 0.7691900357096971, 'macro': 0.7379593790391542, 'micro': 0.7754085292945397, 'binary': 0.6388977891701377, 'accuracy_majority': 0.7766472868217055, 'macro_majority': 0.7565518990023403, 'binary_majority': 0.6866077498300476, 'run_time_millis': 5536.245110000891, 'loss_mean': 0.41542717814445496}
Epoch 9 **** Loss 0.049314361065626144 **** Metrics validation: {'accuracy': 0.7783977680350738, 'f1_weighted': 0.7700781350465237, 'macro': 0.7373376888080004, 'micro': 0.7783977680350739, 'binary': 0.6334871456822676, 'accuracy_majority': 0.7747093023255814, 'macro_majority': 0.7511557944250663, 'binary_majority': 0.6745976207137858, 'run_time_millis': 5546.677094003826, 'loss_mean': 0.4523981809616089}
Evaluating
{'accuracy': 0.7740135512156238, 'f1_weighted': 0.7728845157599354, 'macro': 0.7466178379525994, 'micro': 0.7740135512156238, 'binary': 0.6633016627078384, 'accuracy_majority': 0.7824612403100775, 'macro_majority': 0.7689568559208895, 'binary_majority': 0.7130990415335463, 'run_time_millis': 5536.46951400151, 'loss_mean': 0.2854425609111786}
Device cuda
Split type sit
Training Size: 3100, NTA labels 2001, YTA labels 1099
Validation Size: 5018, NTA labels 3300, YTA labels 1718
Test Size: 5063, NTA labels 3132, YTA labels 1931
Training with SBERT, model name is sbert
Tokenizing the dataset
Number of training steps 970
Epoch 0 **** Loss 0.2874357998371124 **** Metrics validation: {'accuracy': 0.7150259067357513, 'f1_weighted': 0.7222778264685434, 'macro': 0.7080439095736587, 'micro': 0.7150259067357513, 'binary': 0.6628948609146629, 'accuracy_majority': 0.748546511627907, 'macro_majority': 0.7468493111837666, 'binary_majority': 0.7261213720316624, 'run_time_millis': 4861.551239002438, 'loss_mean': 0.24951602518558502}
Epoch 1 **** Loss 0.22008156776428223 **** Metrics validation: {'accuracy': 0.7630530091669988, 'f1_weighted': 0.76286963762983, 'macro': 0.736497476556988, 'micro': 0.7630530091669988, 'binary': 0.652846715328467, 'accuracy_majority': 0.7756782945736435, 'macro_majority': 0.7610307641333092, 'binary_majority': 0.7018673535093367, 'run_time_millis': 5539.565664999827, 'loss_mean': 0.24710652232170105}
Epoch 2 **** Loss 0.29234012961387634 **** Metrics validation: {'accuracy': 0.7528895974491829, 'f1_weighted': 0.7562258896425281, 'macro': 0.7336702731900825, 'micro': 0.7528895974491829, 'binary': 0.662125340599455, 'accuracy_majority': 0.7727713178294574, 'macro_majority': 0.7636720652547282, 'binary_majority': 0.7172995780590717, 'run_time_millis': 5523.376208002446, 'loss_mean': 0.2524694800376892}
Epoch 3 **** Loss 0.1675410270690918 **** Metrics validation: {'accuracy': 0.7556795536070148, 'f1_weighted': 0.7541148101960031, 'macro': 0.7253308093097182, 'micro': 0.7556795536070148, 'binary': 0.6340298507462686, 'accuracy_majority': 0.7572674418604651, 'macro_majority': 0.740201569999912, 'binary_majority': 0.673615635179153, 'run_time_millis': 5524.709374003578, 'loss_mean': 0.27804458141326904}
Epoch 4 **** Loss 0.14816011488437653 **** Metrics validation: {'accuracy': 0.7640494220805102, 'f1_weighted': 0.7559118719052617, 'macro': 0.7216735623913174, 'micro': 0.7640494220805102, 'binary': 0.6130718954248366, 'accuracy_majority': 0.7611434108527132, 'macro_majority': 0.73582257530619, 'binary_majority': 0.6540350877192982, 'run_time_millis': 5528.183901995362, 'loss_mean': 0.3732350468635559}
Epoch 5 **** Loss 0.16495831310749054 **** Metrics validation: {'accuracy': 0.7698286169788761, 'f1_weighted': 0.7612147206414084, 'macro': 0.7272317181329945, 'micro': 0.7698286169788761, 'binary': 0.6194398682042834, 'accuracy_majority': 0.7596899224806202, 'macro_majority': 0.7332329927381621, 'binary_majority': 0.6492220650636491, 'run_time_millis': 5544.297619002464, 'loss_mean': 0.42432108521461487}
Epoch 6 **** Loss 0.13416962325572968 **** Metrics validation: {'accuracy': 0.778597050617776, 'f1_weighted': 0.7709868176146283, 'macro': 0.7388817813186825, 'micro': 0.7785970506177758, 'binary': 0.637046716759229, 'accuracy_majority': 0.7688953488372093, 'macro_majority': 0.7460550666957274, 'binary_majority': 0.6698961937716262, 'run_time_millis': 5522.4121599967475, 'loss_mean': 0.3788030743598938}
Epoch 7 **** Loss 0.2502237856388092 **** Metrics validation: {'accuracy': 0.7793941809485851, 'f1_weighted': 0.7750029167135888, 'macro': 0.7459360547062074, 'micro': 0.7793941809485853, 'binary': 0.6537378792618079, 'accuracy_majority': 0.7732558139534884, 'macro_majority': 0.7543926739271054, 'binary_majority': 0.6863270777479894, 'run_time_millis': 5611.957394001365, 'loss_mean': 0.42197805643081665}
Epoch 8 **** Loss 0.16378484666347504 **** Metrics validation: {'accuracy': 0.7797927461139896, 'f1_weighted': 0.7729239896842943, 'macro': 0.7416087946647612, 'micro': 0.7797927461139896, 'binary': 0.6422790547102623, 'accuracy_majority': 0.7737403100775194, 'macro_majority': 0.7521638685441664, 'binary_majority': 0.6790378006872851, 'run_time_millis': 5501.584361001733, 'loss_mean': 0.47315075993537903}
Epoch 9 **** Loss 0.048927877098321915 **** Metrics validation: {'accuracy': 0.7797927461139896, 'f1_weighted': 0.7710742379199158, 'macro': 0.7381561473160377, 'micro': 0.7797927461139896, 'binary': 0.6337421279416637, 'accuracy_majority': 0.7737403100775194, 'macro_majority': 0.7497548532819285, 'binary_majority': 0.6722807017543859, 'run_time_millis': 5518.032922998827, 'loss_mean': 0.5241040587425232}
Evaluating
{'accuracy': 0.7793941809485851, 'f1_weighted': 0.7750029167135888, 'macro': 0.7459360547062074, 'micro': 0.7793941809485853, 'binary': 0.6537378792618079, 'accuracy_majority': 0.7732558139534884, 'macro_majority': 0.7543926739271054, 'binary_majority': 0.6863270777479894, 'run_time_millis': 5486.941265000496, 'loss_mean': 0.42197805643081665}
Device cuda
Split type sit
Training Size: 3900, NTA labels 2537, YTA labels 1363
Validation Size: 5018, NTA labels 3300, YTA labels 1718
Test Size: 5063, NTA labels 3132, YTA labels 1931
Training with SBERT, model name is sbert
Tokenizing the dataset
Number of training steps 1220
Epoch 0 **** Loss 0.2197786420583725 **** Metrics validation: {'accuracy': 0.7518931845356716, 'f1_weighted': 0.753710816686069, 'macro': 0.7287065204953831, 'micro': 0.7518931845356716, 'binary': 0.6493945367502112, 'accuracy_majority': 0.7698643410852714, 'macro_majority': 0.756994163547092, 'binary_majority': 0.7010698552548773, 'run_time_millis': 4662.943216004351, 'loss_mean': 0.24601145088672638}
Epoch 1 **** Loss 0.21685676276683807 **** Metrics validation: {'accuracy': 0.7329613391789558, 'f1_weighted': 0.7396540282067354, 'macro': 0.7237563794951027, 'micro': 0.7329613391789558, 'binary': 0.6733300828863968, 'accuracy_majority': 0.7669573643410853, 'macro_majority': 0.7640012979186946, 'binary_majority': 0.7375886524822695, 'run_time_millis': 4992.0889060013, 'loss_mean': 0.24785545468330383}
Epoch 2 **** Loss 0.2527327835559845 **** Metrics validation: {'accuracy': 0.7672379434037465, 'f1_weighted': 0.7673670434980017, 'macro': 0.7418374998590485, 'micro': 0.7672379434037465, 'binary': 0.6608594657375145, 'accuracy_majority': 0.7771317829457365, 'macro_majority': 0.7637052168822946, 'binary_majority': 0.7073791348600509, 'run_time_millis': 5518.273938003404, 'loss_mean': 0.24459467828273773}
Epoch 3 **** Loss 0.18491284549236298 **** Metrics validation: {'accuracy': 0.7712235950577919, 'f1_weighted': 0.7589907133877852, 'macro': 0.7221990426616436, 'micro': 0.7712235950577919, 'binary': 0.6054982817869415, 'accuracy_majority': 0.7548449612403101, 'macro_majority': 0.7227759356057348, 'binary_majority': 0.6284875183553598, 'run_time_millis': 4588.460767001379, 'loss_mean': 0.3157185912132263}
Epoch 4 **** Loss 0.13243068754673004 **** Metrics validation: {'accuracy': 0.7750099641291351, 'f1_weighted': 0.7720791262958001, 'macro': 0.743978608402854, 'micro': 0.7750099641291351, 'binary': 0.6548456129623969, 'accuracy_majority': 0.7727713178294574, 'macro_majority': 0.7567954816965246, 'binary_majority': 0.6944625407166124, 'run_time_millis': 5485.77803200169, 'loss_mean': 0.3372426927089691}
Epoch 5 **** Loss 0.10945574194192886 **** Metrics validation: {'accuracy': 0.782981267437226, 'f1_weighted': 0.782563943727593, 'macro': 0.7581118656298316, 'micro': 0.782981267437226, 'binary': 0.6805514813728366, 'accuracy_majority': 0.7931201550387597, 'macro_majority': 0.7820583297538422, 'binary_majority': 0.7329580988117572, 'run_time_millis': 5481.741953000892, 'loss_mean': 0.3012184798717499}
Epoch 6 **** Loss 0.07789415121078491 **** Metrics validation: {'accuracy': 0.787365484256676, 'f1_weighted': 0.777668262828115, 'macro': 0.74481814655406, 'micro': 0.787365484256676, 'binary': 0.6406197372852813, 'accuracy_majority': 0.7839147286821705, 'macro_majority': 0.760928462203311, 'binary_majority': 0.6867977528089888, 'run_time_millis': 5509.7109299968, 'loss_mean': 0.4244522750377655}
Epoch 7 **** Loss 0.09121321141719818 **** Metrics validation: {'accuracy': 0.7821841371064169, 'f1_weighted': 0.7700829169217582, 'macro': 0.7346963543854735, 'micro': 0.7821841371064169, 'binary': 0.6224525043177893, 'accuracy_majority': 0.7785852713178295, 'macro_majority': 0.7517150975703168, 'binary_majority': 0.6700361010830326, 'run_time_millis': 5538.346091001586, 'loss_mean': 0.5071237087249756}
Epoch 8 **** Loss 0.13958987593650818 **** Metrics validation: {'accuracy': 0.7893583100836987, 'f1_weighted': 0.784622216055219, 'macro': 0.7563486283078418, 'micro': 0.7893583100836987, 'binary': 0.6666666666666667, 'accuracy_majority': 0.7906976744186046, 'macro_majority': 0.7751958232442469, 'binary_majority': 0.7161629434954008, 'run_time_millis': 5509.542118001264, 'loss_mean': 0.4522537887096405}
Epoch 9 **** Loss 0.08440917730331421 **** Metrics validation: {'accuracy': 0.7861697887604623, 'f1_weighted': 0.7764180375019375, 'macro': 0.7433831970501464, 'micro': 0.7861697887604624, 'binary': 0.6385988548332772, 'accuracy_majority': 0.7863372093023255, 'macro_majority': 0.763687131257667, 'binary_majority': 0.6905263157894737, 'run_time_millis': 5479.693331995804, 'loss_mean': 0.5610224008560181}
Evaluating
{'accuracy': 0.7893583100836987, 'f1_weighted': 0.784622216055219, 'macro': 0.7563486283078418, 'micro': 0.7893583100836987, 'binary': 0.6666666666666667, 'accuracy_majority': 0.7906976744186046, 'macro_majority': 0.7751958232442469, 'binary_majority': 0.7161629434954008, 'run_time_millis': 5506.049118004739, 'loss_mean': 0.4522537887096405}
Device cuda
Split type sit
Training Size: 4650, NTA labels 3071, YTA labels 1579
Validation Size: 5018, NTA labels 3300, YTA labels 1718
Test Size: 5063, NTA labels 3132, YTA labels 1931
Training with SBERT, model name is sbert
Tokenizing the dataset
Number of training steps 1460
Epoch 0 **** Loss 0.3316708207130432 **** Metrics validation: {'accuracy': 0.7612594659226783, 'f1_weighted': 0.7569896207931378, 'macro': 0.7260038639356465, 'micro': 0.7612594659226785, 'binary': 0.6277190801740211, 'accuracy_majority': 0.7577519379844961, 'macro_majority': 0.7348992771381452, 'binary_majority': 0.6570644718792866, 'run_time_millis': 5483.505026997591, 'loss_mean': 0.2507052719593048}
Epoch 1 **** Loss 0.16439737379550934 **** Metrics validation: {'accuracy': 0.7568752491032283, 'f1_weighted': 0.7594931779243669, 'macro': 0.736225967839867, 'micro': 0.7568752491032282, 'binary': 0.6624239070282236, 'accuracy_majority': 0.7722868217054264, 'macro_majority': 0.7619550078082135, 'binary_majority': 0.7123623011015913, 'run_time_millis': 5489.598396001384, 'loss_mean': 0.24562391638755798}
Epoch 2 **** Loss 0.10402603447437286 **** Metrics validation: {'accuracy': 0.783778397768035, 'f1_weighted': 0.7818862115658969, 'macro': 0.755856310941698, 'micro': 0.783778397768035, 'binary': 0.673291177356218, 'accuracy_majority': 0.7897286821705426, 'macro_majority': 0.7750048225308641, 'binary_majority': 0.7174479166666666, 'run_time_millis': 5509.866274005617, 'loss_mean': 0.2501239776611328}
Epoch 3 **** Loss 0.12007661163806915 **** Metrics validation: {'accuracy': 0.7825827022718215, 'f1_weighted': 0.7834648598575544, 'macro': 0.7605866090275618, 'micro': 0.7825827022718215, 'binary': 0.688018301401201, 'accuracy_majority': 0.7931201550387597, 'macro_majority': 0.7834110363230247, 'binary_majority': 0.7375537799631223, 'run_time_millis': 4798.302249000699, 'loss_mean': 0.2744012773036957}
Epoch 4 **** Loss 0.2181270569562912 **** Metrics validation: {'accuracy': 0.7809884416102033, 'f1_weighted': 0.7728963505279111, 'macro': 0.7406502848045203, 'micro': 0.7809884416102034, 'binary': 0.6383678841724251, 'accuracy_majority': 0.7814922480620154, 'macro_majority': 0.760049925156087, 'binary_majority': 0.6883206634416034, 'run_time_millis': 5434.927025002253, 'loss_mean': 0.3435803949832916}
Epoch 5 **** Loss 0.2029227316379547 **** Metrics validation: {'accuracy': 0.7875647668393783, 'f1_weighted': 0.7858279235450055, 'macro': 0.7603863856589148, 'micro': 0.7875647668393783, 'binary': 0.6796875000000001, 'accuracy_majority': 0.7984496124031008, 'macro_majority': 0.7862023973745412, 'binary_majority': 0.7350318471337579, 'run_time_millis': 4572.070556001563, 'loss_mean': 0.34868356585502625}
Epoch 6 **** Loss 0.19223876297473907 **** Metrics validation: {'accuracy': 0.7869669190912715, 'f1_weighted': 0.7871872657985967, 'macro': 0.7639480330660267, 'micro': 0.7869669190912715, 'binary': 0.6902347145754854, 'accuracy_majority': 0.7994186046511628, 'macro_majority': 0.7897780222656745, 'binary_majority': 0.7447595561035758, 'run_time_millis': 5002.218695997726, 'loss_mean': 0.31932148337364197}
Epoch 7 **** Loss 0.13614289462566376 **** Metrics validation: {'accuracy': 0.7885611797528896, 'f1_weighted': 0.7807488879982837, 'macro': 0.7496177908804333, 'micro': 0.7885611797528896, 'binary': 0.6508719973675552, 'accuracy_majority': 0.7863372093023255, 'macro_majority': 0.7658151037814126, 'binary_majority': 0.6964900206469373, 'run_time_millis': 5511.727800003428, 'loss_mean': 0.47462978959083557}
Epoch 8 **** Loss 0.10068877041339874 **** Metrics validation: {'accuracy': 0.791749701076126, 'f1_weighted': 0.7865556724833731, 'macro': 0.7581233083528021, 'micro': 0.7917497010761261, 'binary': 0.6679377184620273, 'accuracy_majority': 0.7965116279069767, 'macro_majority': 0.7797110995233782, 'binary_majority': 0.718875502008032, 'run_time_millis': 4084.3649490052485, 'loss_mean': 0.4924785792827606}
Epoch 9 **** Loss 0.0012669868301600218 **** Metrics validation: {'accuracy': 0.7911518533280192, 'f1_weighted': 0.7850297907082536, 'macro': 0.7556809935431957, 'micro': 0.7911518533280192, 'binary': 0.6625885383129426, 'accuracy_majority': 0.7916666666666666, 'macro_majority': 0.7736710518665406, 'binary_majority': 0.7098515519568152, 'run_time_millis': 4590.430525997363, 'loss_mean': 0.5476738214492798}
Evaluating
{'accuracy': 0.7869669190912715, 'f1_weighted': 0.7871872657985967, 'macro': 0.7639480330660267, 'micro': 0.7869669190912715, 'binary': 0.6902347145754854, 'accuracy_majority': 0.7994186046511628, 'macro_majority': 0.7897780222656745, 'binary_majority': 0.7447595561035758, 'run_time_millis': 5506.050358999346, 'loss_mean': 0.31932148337364197}
Device cuda
Split type sit
Training Size: 5450, NTA labels 3583, YTA labels 1867
Validation Size: 5018, NTA labels 3300, YTA labels 1718
Test Size: 5063, NTA labels 3132, YTA labels 1931
Training with SBERT, model name is sbert
Tokenizing the dataset
Number of training steps 1710
Epoch 0 **** Loss 0.21979300677776337 **** Metrics validation: {'accuracy': 0.7455161418891989, 'f1_weighted': 0.7511145788197756, 'macro': 0.7325470165049486, 'micro': 0.7455161418891989, 'binary': 0.6736519294658829, 'accuracy_majority': 0.7742248062015504, 'macro_majority': 0.7685207647432564, 'binary_majority': 0.7321839080459769, 'run_time_millis': 5510.576068001683, 'loss_mean': 0.24205216765403748}
Epoch 1 **** Loss 0.3712173104286194 **** Metrics validation: {'accuracy': 0.7528895974491829, 'f1_weighted': 0.755824713101043, 'macro': 0.7326079482948296, 'micro': 0.7528895974491829, 'binary': 0.658965896589659, 'accuracy_majority': 0.7659883720930233, 'macro_majority': 0.7550059263326016, 'binary_majority': 0.7031346035648433, 'run_time_millis': 5527.686401997926, 'loss_mean': 0.24179239571094513}
Epoch 2 **** Loss 0.07440094649791718 **** Metrics validation: {'accuracy': 0.7710243124750896, 'f1_weighted': 0.7639840777281202, 'macro': 0.7315127909359753, 'micro': 0.7710243124750896, 'binary': 0.6285160038797284, 'accuracy_majority': 0.7650193798449613, 'macro_majority': 0.7404528178411982, 'binary_majority': 0.6606018194541637, 'run_time_millis': 5479.901885999425, 'loss_mean': 0.2999477684497833}
Epoch 3 **** Loss 0.23307934403419495 **** Metrics validation: {'accuracy': 0.7791948983658828, 'f1_weighted': 0.773664772633152, 'macro': 0.7434969832911514, 'micro': 0.7791948983658828, 'binary': 0.6478067387158296, 'accuracy_majority': 0.7756782945736435, 'macro_majority': 0.7548967079133959, 'binary_majority': 0.6835269993164731, 'run_time_millis': 5490.167814998131, 'loss_mean': 0.33163419365882874}
Epoch 4 **** Loss 0.174894779920578 **** Metrics validation: {'accuracy': 0.7833798326026306, 'f1_weighted': 0.7788124050295009, 'macro': 0.7500248734729624, 'micro': 0.7833798326026306, 'binary': 0.658712715855573, 'accuracy_majority': 0.7824612403100775, 'macro_majority': 0.7642952901329098, 'binary_majority': 0.6988598256203891, 'run_time_millis': 5462.706188998709, 'loss_mean': 0.311210960149765}
Epoch 5 **** Loss 0.1540173590183258 **** Metrics validation: {'accuracy': 0.7738142686329215, 'f1_weighted': 0.7553047310318167, 'macro': 0.7141203590417355, 'micro': 0.7738142686329214, 'binary': 0.58348623853211, 'accuracy_majority': 0.7601744186046512, 'macro_majority': 0.7222130836202023, 'binary_majority': 0.6195234435049961, 'run_time_millis': 4040.0881270034006, 'loss_mean': 0.513114869594574}
Epoch 6 **** Loss 0.02996084652841091 **** Metrics validation: {'accuracy': 0.7853726584296532, 'f1_weighted': 0.786404944733622, 'macro': 0.7640340278448778, 'micro': 0.7853726584296532, 'binary': 0.6930749501282417, 'accuracy_majority': 0.7911821705426356, 'macro_majority': 0.7818453089644406, 'binary_majority': 0.7367135003054367, 'run_time_millis': 5468.883171000925, 'loss_mean': 0.3339216709136963}
Epoch 7 **** Loss 0.09522726386785507 **** Metrics validation: {'accuracy': 0.7841769629334396, 'f1_weighted': 0.7815927929527596, 'macro': 0.7548728131525257, 'micro': 0.7841769629334396, 'binary': 0.6701187937861711, 'accuracy_majority': 0.7897286821705426, 'macro_majority': 0.7755943976760196, 'binary_majority': 0.7192755498059509, 'run_time_millis': 5464.790467995044, 'loss_mean': 0.4113939702510834}
Epoch 8 **** Loss 0.07120222598314285 **** Metrics validation: {'accuracy': 0.7855719410123555, 'f1_weighted': 0.781282720676898, 'macro': 0.7530096099656736, 'micro': 0.7855719410123555, 'binary': 0.6633291614518148, 'accuracy_majority': 0.7882751937984496, 'macro_majority': 0.7721552178179931, 'binary_majority': 0.7115511551155116, 'run_time_millis': 5459.637058003864, 'loss_mean': 0.47714972496032715}
Epoch 9 **** Loss 0.018415408208966255 **** Metrics validation: {'accuracy': 0.7849740932642487, 'f1_weighted': 0.7799650842543636, 'macro': 0.7509385192227219, 'micro': 0.7849740932642487, 'binary': 0.6588681631362631, 'accuracy_majority': 0.7897286821705426, 'macro_majority': 0.773148443601642, 'binary_majority': 0.7118193891102256, 'run_time_millis': 5460.358725002152, 'loss_mean': 0.513541042804718}
Evaluating
{'accuracy': 0.7853726584296532, 'f1_weighted': 0.786404944733622, 'macro': 0.7640340278448778, 'micro': 0.7853726584296532, 'binary': 0.6930749501282417, 'accuracy_majority': 0.7911821705426356, 'macro_majority': 0.7818453089644406, 'binary_majority': 0.7367135003054367, 'run_time_millis': 4441.035775998898, 'loss_mean': 0.3339216709136963}
Device cuda
Split type sit
Training Size: 6200, NTA labels 4071, YTA labels 2129
Validation Size: 5018, NTA labels 3300, YTA labels 1718
Test Size: 5063, NTA labels 3132, YTA labels 1931
Training with SBERT, model name is sbert
Tokenizing the dataset
Number of training steps 1940
Epoch 0 **** Loss 0.3217315971851349 **** Metrics validation: {'accuracy': 0.7465125548027103, 'f1_weighted': 0.7234223605235596, 'macro': 0.6756099425266794, 'micro': 0.7465125548027103, 'binary': 0.5239520958083832, 'accuracy_majority': 0.7194767441860465, 'macro_majority': 0.6642655049392798, 'binary_majority': 0.5281173594132029, 'run_time_millis': 5453.433857001073, 'loss_mean': 0.2829068899154663}
Epoch 1 **** Loss 0.34753546118736267 **** Metrics validation: {'accuracy': 0.7821841371064169, 'f1_weighted': 0.7761532466998214, 'macro': 0.7458647748800316, 'micro': 0.7821841371064169, 'binary': 0.6497917334187762, 'accuracy_majority': 0.7790697674418605, 'macro_majority': 0.7574668095984167, 'binary_majority': 0.6850828729281768, 'run_time_millis': 5457.15588999883, 'loss_mean': 0.24356220662593842}
Epoch 2 **** Loss 0.26090529561042786 **** Metrics validation: {'accuracy': 0.7937425269031486, 'f1_weighted': 0.7934056885601694, 'macro': 0.7702370686213273, 'micro': 0.7937425269031486, 'binary': 0.6967477292704366, 'accuracy_majority': 0.8008720930232558, 'macro_majority': 0.7899330280034322, 'binary_majority': 0.7419962335216574, 'run_time_millis': 5414.143435998994, 'loss_mean': 0.23417451977729797}
Epoch 3 **** Loss 0.1516888588666916 **** Metrics validation: {'accuracy': 0.7933439617377441, 'f1_weighted': 0.7919382434957329, 'macro': 0.7675003725192286, 'micro': 0.7933439617377441, 'binary': 0.689985052316891, 'accuracy_majority': 0.7989341085271318, 'macro_majority': 0.786345796245786, 'binary_majority': 0.7344849648112604, 'run_time_millis': 5457.594645995414, 'loss_mean': 0.2561691701412201}
Epoch 4 **** Loss 0.12532579898834229 **** Metrics validation: {'accuracy': 0.7985253088880032, 'f1_weighted': 0.7949410685340621, 'macro': 0.7688108001472663, 'micro': 0.7985253088880032, 'binary': 0.6859273066169619, 'accuracy_majority': 0.8003875968992248, 'macro_majority': 0.7848901390779068, 'binary_majority': 0.7271523178807947, 'run_time_millis': 5457.728699999279, 'loss_mean': 0.3351770341396332}
Epoch 5 **** Loss 0.06318558007478714 **** Metrics validation: {'accuracy': 0.7957353527301714, 'f1_weighted': 0.7919457741426589, 'macro': 0.765300826029571, 'micro': 0.7957353527301714, 'binary': 0.6807848022422921, 'accuracy_majority': 0.7960271317829457, 'macro_majority': 0.7804973608727119, 'binary_majority': 0.7221122112211221, 'run_time_millis': 5404.5993170002475, 'loss_mean': 0.3380112648010254}
Epoch 6 **** Loss 0.07638321071863174 **** Metrics validation: {'accuracy': 0.7887604623355918, 'f1_weighted': 0.7877051029149309, 'macro': 0.7631524763930824, 'micro': 0.7887604623355918, 'binary': 0.6852731591448931, 'accuracy_majority': 0.7936046511627907, 'macro_majority': 0.7814895996421383, 'binary_majority': 0.7300380228136882, 'run_time_millis': 5457.70063999953, 'loss_mean': 0.34808066487312317}
Epoch 7 **** Loss 0.07892286777496338 **** Metrics validation: {'accuracy': 0.7943403746512555, 'f1_weighted': 0.7889308022884902, 'macro': 0.7605932411034084, 'micro': 0.7943403746512555, 'binary': 0.6707083599234206, 'accuracy_majority': 0.7931201550387597, 'macro_majority': 0.7755817361472022, 'binary_majority': 0.7128446536650974, 'run_time_millis': 5449.267623997002, 'loss_mean': 0.46668174862861633}
Epoch 8 **** Loss 0.12045187503099442 **** Metrics validation: {'accuracy': 0.7943403746512555, 'f1_weighted': 0.788756124750579, 'macro': 0.7602584365477721, 'micro': 0.7943403746512555, 'binary': 0.6698656429942419, 'accuracy_majority': 0.7965116279069767, 'macro_majority': 0.7778650154824148, 'binary_majority': 0.7135061391541611, 'run_time_millis': 5457.374951001839, 'loss_mean': 0.5064517259597778}
Epoch 9 **** Loss 0.14750324189662933 **** Metrics validation: {'accuracy': 0.7943403746512555, 'f1_weighted': 0.7879941627635341, 'macro': 0.7588089673961642, 'micro': 0.7943403746512555, 'binary': 0.6662354463130659, 'accuracy_majority': 0.7945736434108527, 'macro_majority': 0.7753342506828778, 'binary_majority': 0.7095890410958905, 'run_time_millis': 4438.318366002932, 'loss_mean': 0.5463896989822388}
Evaluating
{'accuracy': 0.7985253088880032, 'f1_weighted': 0.7949410685340621, 'macro': 0.7688108001472663, 'micro': 0.7985253088880032, 'binary': 0.6859273066169619, 'accuracy_majority': 0.8003875968992248, 'macro_majority': 0.7848901390779068, 'binary_majority': 0.7271523178807947, 'run_time_millis': 5200.620161005645, 'loss_mean': 0.3351770341396332}
Device cuda
Split type sit
Training Size: 7000, NTA labels 4599, YTA labels 2401
Validation Size: 5018, NTA labels 3300, YTA labels 1718
Test Size: 5063, NTA labels 3132, YTA labels 1931
Training with SBERT, model name is sbert
Tokenizing the dataset
Number of training steps 2190
Epoch 0 **** Loss 0.15231244266033173 **** Metrics validation: {'accuracy': 0.7636508569151056, 'f1_weighted': 0.7581210346429426, 'macro': 0.7261933746627882, 'micro': 0.7636508569151056, 'binary': 0.6249209361163821, 'accuracy_majority': 0.7616279069767442, 'macro_majority': 0.7369659997016063, 'binary_majority': 0.6564245810055865, 'run_time_millis': 5455.091903997527, 'loss_mean': 0.24978213012218475}
Epoch 1 **** Loss 0.17544542253017426 **** Metrics validation: {'accuracy': 0.7805898764447987, 'f1_weighted': 0.7849853182066866, 'macro': 0.7678159629787693, 'micro': 0.7805898764447987, 'binary': 0.7133558969018485, 'accuracy_majority': 0.7999031007751938, 'macro_majority': 0.7956139204616977, 'binary_majority': 0.7660056657223796, 'run_time_millis': 5458.536689999164, 'loss_mean': 0.21214744448661804}
Epoch 2 **** Loss 0.13977698981761932 **** Metrics validation: {'accuracy': 0.7843762455161419, 'f1_weighted': 0.7764348890172142, 'macro': 0.7447095708826097, 'micro': 0.7843762455161419, 'binary': 0.6440789473684212, 'accuracy_majority': 0.7756782945736435, 'macro_majority': 0.7514010537266351, 'binary_majority': 0.6737138830162086, 'run_time_millis': 5455.607199000951, 'loss_mean': 0.2464464008808136}
Epoch 3 **** Loss 0.059595417231321335 **** Metrics validation: {'accuracy': 0.7867676365085692, 'f1_weighted': 0.7799970214764322, 'macro': 0.7495677232354079, 'micro': 0.7867676365085692, 'binary': 0.653047989623865, 'accuracy_majority': 0.7771317829457365, 'macro_majority': 0.7551836277503937, 'binary_majority': 0.681881051175657, 'run_time_millis': 4435.003953003616, 'loss_mean': 0.2964330315589905}
Epoch 4 **** Loss 0.09593281149864197 **** Metrics validation: {'accuracy': 0.788162614587485, 'f1_weighted': 0.7857363377516962, 'macro': 0.7596249775189208, 'micro': 0.788162614587485, 'binary': 0.6768014594101551, 'accuracy_majority': 0.7955426356589147, 'macro_majority': 0.7814568738834582, 'binary_majority': 0.7259740259740259, 'run_time_millis': 5450.078984002175, 'loss_mean': 0.3069188892841339}
Epoch 5 **** Loss 0.17322885990142822 **** Metrics validation: {'accuracy': 0.7895575926664009, 'f1_weighted': 0.7912792931853972, 'macro': 0.7703275222542283, 'micro': 0.7895575926664009, 'binary': 0.7038698822209759, 'accuracy_majority': 0.8008720930232558, 'macro_majority': 0.7933018215328146, 'binary_majority': 0.7537447573397243, 'run_time_millis': 5457.19436500076, 'loss_mean': 0.27190011739730835}
Epoch 6 **** Loss 0.05730266496539116 **** Metrics validation: {'accuracy': 0.7897568752491032, 'f1_weighted': 0.7861357466513773, 'macro': 0.7589858630418873, 'micro': 0.7897568752491032, 'binary': 0.6728682170542636, 'accuracy_majority': 0.7926356589147286, 'macro_majority': 0.7772773433993927, 'binary_majority': 0.7187910643889619, 'run_time_millis': 5457.030499004759, 'loss_mean': 0.3834698796272278}
Epoch 7 **** Loss 0.10556937009096146 **** Metrics validation: {'accuracy': 0.7931446791550418, 'f1_weighted': 0.7891276767099273, 'macro': 0.7619699935126147, 'micro': 0.7931446791550418, 'binary': 0.6758276077451593, 'accuracy_majority': 0.7945736434108527, 'macro_majority': 0.7782498702646601, 'binary_majority': 0.7180851063829787, 'run_time_millis': 5458.406516998366, 'loss_mean': 0.457239031791687}
Epoch 8 **** Loss 0.10711202770471573 **** Metrics validation: {'accuracy': 0.7879633320047827, 'f1_weighted': 0.7806505335364852, 'macro': 0.7498823229597651, 'micro': 0.7879633320047827, 'binary': 0.6522875816993465, 'accuracy_majority': 0.7810077519379846, 'macro_majority': 0.759287622145803, 'binary_majority': 0.6869806094182827, 'run_time_millis': 5457.492574001662, 'loss_mean': 0.5395628213882446}
Epoch 9 **** Loss 0.04658890888094902 **** Metrics validation: {'accuracy': 0.791749701076126, 'f1_weighted': 0.7845433864449841, 'macro': 0.754303625844278, 'micro': 0.7917497010761261, 'binary': 0.6583850931677018, 'accuracy_majority': 0.7868217054263565, 'macro_majority': 0.7661250032190774, 'binary_majority': 0.696551724137931, 'run_time_millis': 5042.885930000921, 'loss_mean': 0.557529866695404}
Evaluating
{'accuracy': 0.7895575926664009, 'f1_weighted': 0.7912792931853972, 'macro': 0.7703275222542283, 'micro': 0.7895575926664009, 'binary': 0.7038698822209759, 'accuracy_majority': 0.8008720930232558, 'macro_majority': 0.7933018215328146, 'binary_majority': 0.7537447573397243, 'run_time_millis': 4437.70487200527, 'loss_mean': 0.27190011739730835}
Device cuda
Split type sit
Training Size: 7800, NTA labels 5133, YTA labels 2667
Validation Size: 5018, NTA labels 3300, YTA labels 1718
Test Size: 5063, NTA labels 3132, YTA labels 1931
Training with SBERT, model name is sbert
Tokenizing the dataset
Number of training steps 2440
Epoch 0 **** Loss 0.29627707600593567 **** Metrics validation: {'accuracy': 0.753686727779992, 'f1_weighted': 0.7562366958159721, 'macro': 0.7325069932693826, 'micro': 0.753686727779992, 'binary': 0.6572379367720467, 'accuracy_majority': 0.7635658914728682, 'macro_majority': 0.75165590345856, 'binary_majority': 0.6972704714640198, 'run_time_millis': 5459.555707006075, 'loss_mean': 0.2434312403202057}
Epoch 1 **** Loss 0.17417533695697784 **** Metrics validation: {'accuracy': 0.7568752491032283, 'f1_weighted': 0.7620051479907942, 'macro': 0.7436442881714977, 'micro': 0.7568752491032282, 'binary': 0.6854048478597216, 'accuracy_majority': 0.7766472868217055, 'macro_majority': 0.7712514667852035, 'binary_majority': 0.7361190612478534, 'run_time_millis': 5454.355558998941, 'loss_mean': 0.23462653160095215}
Epoch 2 **** Loss 0.09905821084976196 **** Metrics validation: {'accuracy': 0.7857712235950578, 'f1_weighted': 0.7813388779650904, 'macro': 0.7529503322703193, 'micro': 0.7857712235950578, 'binary': 0.662903731577297, 'accuracy_majority': 0.7785852713178295, 'macro_majority': 0.7591006268121763, 'binary_majority': 0.6905890318212593, 'run_time_millis': 4895.957275002729, 'loss_mean': 0.270020991563797}
Epoch 3 **** Loss 0.10730379074811935 **** Metrics validation: {'accuracy': 0.785173375846951, 'f1_weighted': 0.7883619061468803, 'macro': 0.76925487987988, 'micro': 0.7851733758469511, 'binary': 0.7086486486486487, 'accuracy_majority': 0.7926356589147286, 'macro_majority': 0.7865683238817567, 'binary_majority': 0.7505827505827507, 'run_time_millis': 3416.429541997786, 'loss_mean': 0.2256421595811844}
Epoch 4 **** Loss 0.1233416199684143 **** Metrics validation: {'accuracy': 0.7987245914707055, 'f1_weighted': 0.7992161264377012, 'macro': 0.7776158953880544, 'micro': 0.7987245914707055, 'binary': 0.7091013824884793, 'accuracy_majority': 0.8076550387596899, 'macro_majority': 0.798800129744903, 'binary_majority': 0.756591048436542, 'run_time_millis': 4439.23360700137, 'loss_mean': 0.26830846071243286}
Epoch 5 **** Loss 0.12115123122930527 **** Metrics validation: {'accuracy': 0.8009166998804305, 'f1_weighted': 0.7996258850400473, 'macro': 0.7761538266781389, 'micro': 0.8009166998804305, 'binary': 0.7017020005971931, 'accuracy_majority': 0.8042635658914729, 'macro_majority': 0.7928740337420266, 'binary_majority': 0.7443037974683544, 'run_time_millis': 4794.819167000242, 'loss_mean': 0.34329167008399963}
Epoch 6 **** Loss 0.07860981673002243 **** Metrics validation: {'accuracy': 0.8009166998804305, 'f1_weighted': 0.7983233367311818, 'macro': 0.773458485203234, 'micro': 0.8009166998804305, 'binary': 0.6945888107612351, 'accuracy_majority': 0.8028100775193798, 'macro_majority': 0.7895004303718489, 'binary_majority': 0.736569579288026, 'run_time_millis': 4336.247570994601, 'loss_mean': 0.4296223819255829}
Epoch 7 **** Loss 0.013043596409261227 **** Metrics validation: {'accuracy': 0.792546831406935, 'f1_weighted': 0.7928458395420863, 'macro': 0.7703205600273625, 'micro': 0.792546831406935, 'binary': 0.6988718542088517, 'accuracy_majority': 0.7999031007751938, 'macro_majority': 0.790331352083264, 'binary_majority': 0.7455329636475662, 'run_time_millis': 3419.5991449960275, 'loss_mean': 0.3947790563106537}
Epoch 8 **** Loss 0.08523450046777725 **** Metrics validation: {'accuracy': 0.7937425269031486, 'f1_weighted': 0.7933758378236813, 'macro': 0.7701717528749937, 'micro': 0.7937425269031486, 'binary': 0.6965699208443271, 'accuracy_majority': 0.8003875968992248, 'macro_majority': 0.7908843387525771, 'binary_majority': 0.7463054187192117, 'run_time_millis': 3414.9865939980373, 'loss_mean': 0.4432423710823059}
Epoch 9 **** Loss 0.12076356261968613 **** Metrics validation: {'accuracy': 0.796133917895576, 'f1_weighted': 0.7938691420567721, 'macro': 0.7688140694904263, 'micro': 0.796133917895576, 'binary': 0.6893410264196781, 'accuracy_majority': 0.7999031007751938, 'macro_majority': 0.787268906315236, 'binary_majority': 0.73542600896861, 'run_time_millis': 3622.5011569986236, 'loss_mean': 0.5054150223731995}
Evaluating
{'accuracy': 0.8009166998804305, 'f1_weighted': 0.7996258850400473, 'macro': 0.7761538266781389, 'micro': 0.8009166998804305, 'binary': 0.7017020005971931, 'accuracy_majority': 0.8042635658914729, 'macro_majority': 0.7928740337420266, 'binary_majority': 0.7443037974683544, 'run_time_millis': 3416.8222500011325, 'loss_mean': 0.34329167008399963}
