______________________________	 Running Epoch 1 of 10 	______________________________
[Training] Itteration/Batch:   0/395: Loss: 0.65 | Accuracy: 0.88
[Training] Itteration/Batch:  25/395: Loss: 0.05 | Accuracy: 1.00
[Training] Itteration/Batch:  50/395: Loss: 0.01 | Accuracy: 1.00
[Training] Itteration/Batch:  75/395: Loss: 0.00 | Accuracy: 1.00
[Training] Itteration/Batch: 100/395: Loss: 0.00 | Accuracy: 1.00
[Training] Itteration/Batch: 125/395: Loss: 0.00 | Accuracy: 1.00
[Training] Itteration/Batch: 150/395: Loss: 0.00 | Accuracy: 1.00
[Training] Itteration/Batch: 175/395: Loss: 0.00 | Accuracy: 1.00
[Training] Itteration/Batch: 200/395: Loss: 0.00 | Accuracy: 1.00
[Training] Itteration/Batch: 225/395: Loss: 0.00 | Accuracy: 1.00
[Training] Itteration/Batch: 250/395: Loss: 0.00 | Accuracy: 1.00
[Training] Itteration/Batch: 275/395: Loss: 0.00 | Accuracy: 1.00
[Training] Itteration/Batch: 300/395: Loss: 0.00 | Accuracy: 1.00
[Training] Itteration/Batch: 325/395: Loss: 0.00 | Accuracy: 1.00
[Training] Itteration/Batch: 350/395: Loss: 0.00 | Accuracy: 1.00
[Training] Itteration/Batch: 375/395: Loss: 0.00 | Accuracy: 1.00

Epoch 1: Val Bin. F1 Majority 0.0 | Val Macro F1 Majority 1.0 |             Val Bin F1 Individual 0.0 | Val Macro F1 Individual 1.0 |             Val Accuracy Majority 1.0 | Val Accuracy Individual 1.0 | Training Loss:0.016822608187794685 |             Val Loss 0.0006302017136476934 | Train Runtime Millis 29044.26686395891 | Val Runtime Millis 4630.34556992352

______________________________	 Running Epoch 2 of 10 	______________________________
[Training] Itteration/Batch:   0/395: Loss: 0.00 | Accuracy: 1.00
[Training] Itteration/Batch:  25/395: Loss: 0.00 | Accuracy: 1.00
[Training] Itteration/Batch:  50/395: Loss: 0.00 | Accuracy: 1.00
[Training] Itteration/Batch:  75/395: Loss: 0.00 | Accuracy: 1.00
[Training] Itteration/Batch: 100/395: Loss: 0.00 | Accuracy: 1.00
[Training] Itteration/Batch: 125/395: Loss: 0.00 | Accuracy: 1.00
[Training] Itteration/Batch: 150/395: Loss: 0.00 | Accuracy: 1.00
[Training] Itteration/Batch: 175/395: Loss: 0.00 | Accuracy: 1.00
[Training] Itteration/Batch: 200/395: Loss: 0.00 | Accuracy: 1.00
[Training] Itteration/Batch: 225/395: Loss: 0.00 | Accuracy: 1.00
[Training] Itteration/Batch: 250/395: Loss: 0.00 | Accuracy: 1.00
[Training] Itteration/Batch: 275/395: Loss: 0.00 | Accuracy: 1.00
[Training] Itteration/Batch: 300/395: Loss: 0.00 | Accuracy: 1.00
[Training] Itteration/Batch: 325/395: Loss: 0.00 | Accuracy: 1.00
[Training] Itteration/Batch: 350/395: Loss: 0.00 | Accuracy: 1.00
[Training] Itteration/Batch: 375/395: Loss: 0.00 | Accuracy: 1.00

Epoch 2: Val Bin. F1 Majority 0.0 | Val Macro F1 Majority 1.0 |             Val Bin F1 Individual 0.0 | Val Macro F1 Individual 1.0 |             Val Accuracy Majority 1.0 | Val Accuracy Individual 1.0 | Training Loss:0.0005381957162171602 |             Val Loss 0.0003406400792300701 | Train Runtime Millis 28584.803238045424 | Val Runtime Millis 4643.699643900618

______________________________	 Running Epoch 3 of 10 	______________________________
[Training] Itteration/Batch:   0/395: Loss: 0.00 | Accuracy: 1.00
[Training] Itteration/Batch:  25/395: Loss: 0.00 | Accuracy: 1.00
[Training] Itteration/Batch:  50/395: Loss: 0.00 | Accuracy: 1.00
[Training] Itteration/Batch:  75/395: Loss: 0.00 | Accuracy: 1.00
[Training] Itteration/Batch: 100/395: Loss: 0.00 | Accuracy: 1.00
[Training] Itteration/Batch: 125/395: Loss: 0.00 | Accuracy: 1.00
[Training] Itteration/Batch: 150/395: Loss: 0.00 | Accuracy: 1.00
[Training] Itteration/Batch: 175/395: Loss: 0.00 | Accuracy: 1.00
[Training] Itteration/Batch: 200/395: Loss: 0.00 | Accuracy: 1.00
[Training] Itteration/Batch: 225/395: Loss: 0.00 | Accuracy: 1.00
[Training] Itteration/Batch: 250/395: Loss: 0.00 | Accuracy: 1.00
[Training] Itteration/Batch: 275/395: Loss: 0.00 | Accuracy: 1.00
[Training] Itteration/Batch: 300/395: Loss: 0.00 | Accuracy: 1.00
[Training] Itteration/Batch: 325/395: Loss: 0.00 | Accuracy: 1.00
[Training] Itteration/Batch: 350/395: Loss: 0.00 | Accuracy: 1.00
[Training] Itteration/Batch: 375/395: Loss: 0.00 | Accuracy: 1.00

Epoch 3: Val Bin. F1 Majority 0.0 | Val Macro F1 Majority 1.0 |             Val Bin F1 Individual 0.0 | Val Macro F1 Individual 1.0 |             Val Accuracy Majority 1.0 | Val Accuracy Individual 1.0 | Training Loss:0.00032614043448120356 |             Val Loss 0.00023676719865761697 | Train Runtime Millis 28498.72827110812 | Val Runtime Millis 4653.787565883249

______________________________	 Running Epoch 4 of 10 	______________________________
[Training] Itteration/Batch:   0/395: Loss: 0.00 | Accuracy: 1.00
[Training] Itteration/Batch:  25/395: Loss: 0.00 | Accuracy: 1.00
[Training] Itteration/Batch:  50/395: Loss: 0.00 | Accuracy: 1.00
[Training] Itteration/Batch:  75/395: Loss: 0.00 | Accuracy: 1.00
[Training] Itteration/Batch: 100/395: Loss: 0.00 | Accuracy: 1.00
[Training] Itteration/Batch: 125/395: Loss: 0.00 | Accuracy: 1.00
[Training] Itteration/Batch: 150/395: Loss: 0.00 | Accuracy: 1.00
[Training] Itteration/Batch: 175/395: Loss: 0.00 | Accuracy: 1.00
[Training] Itteration/Batch: 200/395: Loss: 0.00 | Accuracy: 1.00
[Training] Itteration/Batch: 225/395: Loss: 0.00 | Accuracy: 1.00
[Training] Itteration/Batch: 250/395: Loss: 0.00 | Accuracy: 1.00
[Training] Itteration/Batch: 275/395: Loss: 0.00 | Accuracy: 1.00
[Training] Itteration/Batch: 300/395: Loss: 0.00 | Accuracy: 1.00
[Training] Itteration/Batch: 325/395: Loss: 0.00 | Accuracy: 1.00
[Training] Itteration/Batch: 350/395: Loss: 0.00 | Accuracy: 1.00
[Training] Itteration/Batch: 375/395: Loss: 0.00 | Accuracy: 1.00

Epoch 4: Val Bin. F1 Majority 0.0 | Val Macro F1 Majority 1.0 |             Val Bin F1 Individual 0.0 | Val Macro F1 Individual 1.0 |             Val Accuracy Majority 1.0 | Val Accuracy Individual 1.0 | Training Loss:0.0002361610677326098 |             Val Loss 0.00018059488502331078 | Train Runtime Millis 28664.88269297406 | Val Runtime Millis 4626.04150804691

______________________________	 Running Epoch 5 of 10 	______________________________
[Training] Itteration/Batch:   0/395: Loss: 0.00 | Accuracy: 1.00
[Training] Itteration/Batch:  25/395: Loss: 0.00 | Accuracy: 1.00
[Training] Itteration/Batch:  50/395: Loss: 0.00 | Accuracy: 1.00
[Training] Itteration/Batch:  75/395: Loss: 0.00 | Accuracy: 1.00
[Training] Itteration/Batch: 100/395: Loss: 0.00 | Accuracy: 1.00
[Training] Itteration/Batch: 125/395: Loss: 0.00 | Accuracy: 1.00
[Training] Itteration/Batch: 150/395: Loss: 0.00 | Accuracy: 1.00
[Training] Itteration/Batch: 175/395: Loss: 0.00 | Accuracy: 1.00
[Training] Itteration/Batch: 200/395: Loss: 0.00 | Accuracy: 1.00
[Training] Itteration/Batch: 225/395: Loss: 0.00 | Accuracy: 1.00
[Training] Itteration/Batch: 250/395: Loss: 0.00 | Accuracy: 1.00
[Training] Itteration/Batch: 275/395: Loss: 0.00 | Accuracy: 1.00
[Training] Itteration/Batch: 300/395: Loss: 0.00 | Accuracy: 1.00
[Training] Itteration/Batch: 325/395: Loss: 0.00 | Accuracy: 1.00
[Training] Itteration/Batch: 350/395: Loss: 0.00 | Accuracy: 1.00
[Training] Itteration/Batch: 375/395: Loss: 0.00 | Accuracy: 1.00

Epoch 5: Val Bin. F1 Majority 0.0 | Val Macro F1 Majority 1.0 |             Val Bin F1 Individual 0.0 | Val Macro F1 Individual 1.0 |             Val Accuracy Majority 1.0 | Val Accuracy Individual 1.0 | Training Loss:0.00018257700139656663 |             Val Loss 0.00014588159683626145 | Train Runtime Millis 28488.2278800942 | Val Runtime Millis 4664.530580863357

