Device cuda
Split type sit
Training Size: 3360, NTA labels 2902, YTA labels 458
Validation Size: 1120, NTA labels 938, YTA labels 182
Test Size: 1120, NTA labels 941, YTA labels 179
Training with SBERT, model name is sbert
Tokenizing the dataset
Number of training steps 1050
Epoch 0 **** Loss 0.1430145651102066 **** Metrics validation: {'accuracy': 0.6723214285714286, 'f1_weighted': 0.7150417287630403, 'macro': 0.6230287745041844, 'micro': 0.6723214285714286, 'binary': 0.4867132867132867, 'accuracy_majority': 0.6651785714285714, 'macro_majority': 0.6118927160579388, 'binary_majority': 0.46808510638297873, 'run_time_millis': 2531.849510036409, 'loss_mean': 0.13353201746940613}
Epoch 1 **** Loss 0.10886524617671967 **** Metrics validation: {'accuracy': 0.7571428571428571, 'f1_weighted': 0.7864656331846818, 'macro': 0.6828767608126283, 'micro': 0.7571428571428571, 'binary': 0.5294117647058824, 'accuracy_majority': 0.7633928571428571, 'macro_majority': 0.6863822480517765, 'binary_majority': 0.5309734513274337, 'run_time_millis': 2521.6560140252113, 'loss_mean': 0.1183808445930481}
Epoch 2 **** Loss 0.041896846145391464 **** Metrics validation: {'accuracy': 0.8035714285714286, 'f1_weighted': 0.8166426748674999, 'macro': 0.6899521338440399, 'micro': 0.8035714285714286, 'binary': 0.5022624434389139, 'accuracy_majority': 0.7991071428571429, 'macro_majority': 0.6790524405387335, 'binary_majority': 0.48275862068965514, 'run_time_millis': 2530.7584144175053, 'loss_mean': 0.17851965129375458}
Epoch 3 **** Loss 0.04322898015379906 **** Metrics validation: {'accuracy': 0.7892857142857143, 'f1_weighted': 0.8140739518272143, 'macro': 0.7203744139203438, 'micro': 0.7892857142857143, 'binary': 0.5815602836879432, 'accuracy_majority': 0.7276785714285714, 'macro_majority': 0.654661713043698, 'binary_majority': 0.49586776859504134, 'run_time_millis': 2532.80608355999, 'loss_mean': 0.11500147730112076}
Epoch 4 **** Loss 0.0408841073513031 **** Metrics validation: {'accuracy': 0.80625, 'f1_weighted': 0.8280784011258153, 'macro': 0.736905631782631, 'micro': 0.8062499999999999, 'binary': 0.6018348623853211, 'accuracy_majority': 0.7767857142857143, 'macro_majority': 0.6987627756858527, 'binary_majority': 0.5454545454545454, 'run_time_millis': 2532.1545163169503, 'loss_mean': 0.1158989667892456}
Epoch 5 **** Loss 0.0345953106880188 **** Metrics validation: {'accuracy': 0.85, 'f1_weighted': 0.8597878787878788, 'macro': 0.7624242424242424, 'micro': 0.85, 'binary': 0.6181818181818183, 'accuracy_majority': 0.8035714285714286, 'macro_majority': 0.6941030415890752, 'binary_majority': 0.5111111111111111, 'run_time_millis': 2534.388211555779, 'loss_mean': 0.16506274044513702}
Epoch 6 **** Loss 0.023603016510605812 **** Metrics validation: {'accuracy': 0.83125, 'f1_weighted': 0.8447755565651975, 'macro': 0.7435347569286688, 'micro': 0.83125, 'binary': 0.5935483870967743, 'accuracy_majority': 0.8125, 'macro_majority': 0.7080074487895717, 'binary_majority': 0.5333333333333333, 'run_time_millis': 2074.6777933090925, 'loss_mean': 0.14917491376399994}
Epoch 7 **** Loss 0.016027435660362244 **** Metrics validation: {'accuracy': 0.8366071428571429, 'f1_weighted': 0.8485890556150565, 'macro': 0.7468101112894081, 'micro': 0.8366071428571429, 'binary': 0.5960264900662251, 'accuracy_majority': 0.8080357142857143, 'macro_majority': 0.6933167765147898, 'binary_majority': 0.5057471264367817, 'run_time_millis': 2532.8552052378654, 'loss_mean': 0.18154104053974152}
Epoch 8 **** Loss 0.022833656519651413 **** Metrics validation: {'accuracy': 0.85, 'f1_weighted': 0.8570043017921489, 'macro': 0.7510992586948585, 'micro': 0.85, 'binary': 0.5942028985507246, 'accuracy_majority': 0.8169642857142857, 'macro_majority': 0.6910552696202106, 'binary_majority': 0.49382716049382713, 'run_time_millis': 2532.5887575745583, 'loss_mean': 0.2194492518901825}
Epoch 9 **** Loss 0.04631426930427551 **** Metrics validation: {'accuracy': 0.8508928571428571, 'f1_weighted': 0.8560152758321661, 'macro': 0.7453710321430955, 'micro': 0.8508928571428571, 'binary': 0.5814536340852131, 'accuracy_majority': 0.8169642857142857, 'macro_majority': 0.6645114155251142, 'binary_majority': 0.4383561643835616, 'run_time_millis': 2543.1620236486197, 'loss_mean': 0.24589982628822327}
Evaluating
{'accuracy': 0.85, 'f1_weighted': 0.8597878787878788, 'macro': 0.7624242424242424, 'micro': 0.85, 'binary': 0.6181818181818183, 'accuracy_majority': 0.8035714285714286, 'macro_majority': 0.6941030415890752, 'binary_majority': 0.5111111111111111, 'run_time_millis': 2533.594281412661, 'loss_mean': 0.16506274044513702}
