Device cuda
Split type sit
Training Size: 1356, NTA labels 1356, YTA labels 0
Validation Size: 567, NTA labels 567, YTA labels 0
Test Size: 567, NTA labels 567, YTA labels 0
Training with SBERT, model name is sbert
Tokenizing the dataset
Number of training steps 430
Epoch 0 **** Loss 0.0038125196006149054 **** Metrics validation: {'accuracy': 1.0, 'f1_weighted': 1.0, 'macro': 1.0, 'micro': 1.0, 'binary': 0.0, 'accuracy_majority': 1.0, 'macro_majority': 1.0, 'binary_majority': 0.0, 'run_time_millis': 3875.861973996507, 'loss_mean': 0.0019941760692745447}
Epoch 1 **** Loss 0.001356415101327002 **** Metrics validation: {'accuracy': 1.0, 'f1_weighted': 1.0, 'macro': 1.0, 'micro': 1.0, 'binary': 0.0, 'accuracy_majority': 1.0, 'macro_majority': 1.0, 'binary_majority': 0.0, 'run_time_millis': 3855.104594000295, 'loss_mean': 0.0007348525105044246}
Epoch 2 **** Loss 0.0011691286927089095 **** Metrics validation: {'accuracy': 1.0, 'f1_weighted': 1.0, 'macro': 1.0, 'micro': 1.0, 'binary': 0.0, 'accuracy_majority': 1.0, 'macro_majority': 1.0, 'binary_majority': 0.0, 'run_time_millis': 3866.3676239993947, 'loss_mean': 0.0004615903308149427}
Epoch 3 **** Loss 0.0006228110287338495 **** Metrics validation: {'accuracy': 1.0, 'f1_weighted': 1.0, 'macro': 1.0, 'micro': 1.0, 'binary': 0.0, 'accuracy_majority': 1.0, 'macro_majority': 1.0, 'binary_majority': 0.0, 'run_time_millis': 3895.969271998183, 'loss_mean': 0.00032138454844243824}
Epoch 4 **** Loss 0.0005534037481993437 **** Metrics validation: {'accuracy': 1.0, 'f1_weighted': 1.0, 'macro': 1.0, 'micro': 1.0, 'binary': 0.0, 'accuracy_majority': 1.0, 'macro_majority': 1.0, 'binary_majority': 0.0, 'run_time_millis': 3833.5910700006934, 'loss_mean': 0.0002486103621777147}
Epoch 5 **** Loss 0.00041907024569809437 **** Metrics validation: {'accuracy': 1.0, 'f1_weighted': 1.0, 'macro': 1.0, 'micro': 1.0, 'binary': 0.0, 'accuracy_majority': 1.0, 'macro_majority': 1.0, 'binary_majority': 0.0, 'run_time_millis': 2808.5262140011764, 'loss_mean': 0.00020408806449268013}
Epoch 6 **** Loss 0.00044297438580542803 **** Metrics validation: {'accuracy': 1.0, 'f1_weighted': 1.0, 'macro': 1.0, 'micro': 1.0, 'binary': 0.0, 'accuracy_majority': 1.0, 'macro_majority': 1.0, 'binary_majority': 0.0, 'run_time_millis': 3832.7304539998295, 'loss_mean': 0.00017607843619771302}
Epoch 7 **** Loss 0.00045152916572988033 **** Metrics validation: {'accuracy': 1.0, 'f1_weighted': 1.0, 'macro': 1.0, 'micro': 1.0, 'binary': 0.0, 'accuracy_majority': 1.0, 'macro_majority': 1.0, 'binary_majority': 0.0, 'run_time_millis': 3059.180332998949, 'loss_mean': 0.00015921914018690586}
Epoch 8 **** Loss 0.00029555056244134903 **** Metrics validation: {'accuracy': 1.0, 'f1_weighted': 1.0, 'macro': 1.0, 'micro': 1.0, 'binary': 0.0, 'accuracy_majority': 1.0, 'macro_majority': 1.0, 'binary_majority': 0.0, 'run_time_millis': 3853.44390300088, 'loss_mean': 0.0001496593904448673}
Epoch 9 **** Loss 0.0003473182732705027 **** Metrics validation: {'accuracy': 1.0, 'f1_weighted': 1.0, 'macro': 1.0, 'micro': 1.0, 'binary': 0.0, 'accuracy_majority': 1.0, 'macro_majority': 1.0, 'binary_majority': 0.0, 'run_time_millis': 3861.380515001656, 'loss_mean': 0.0001465896057197824}
Evaluating
{'accuracy': 1.0, 'f1_weighted': 1.0, 'macro': 1.0, 'micro': 1.0, 'binary': 0.0, 'accuracy_majority': 1.0, 'macro_majority': 1.0, 'binary_majority': 0.0, 'run_time_millis': 3848.5682169994107, 'loss_mean': 0.0019941760692745447}
Device cuda
Split type sit
Training Size: 1524, NTA labels 1524, YTA labels 0
Validation Size: 567, NTA labels 567, YTA labels 0
Test Size: 567, NTA labels 567, YTA labels 0
Training with SBERT, model name is sbert
Tokenizing the dataset
Number of training steps 480
Epoch 0 **** Loss 0.0018615411827340722 **** Metrics validation: {'accuracy': 1.0, 'f1_weighted': 1.0, 'macro': 1.0, 'micro': 1.0, 'binary': 0.0, 'accuracy_majority': 1.0, 'macro_majority': 1.0, 'binary_majority': 0.0, 'run_time_millis': 3322.455287001503, 'loss_mean': 0.0010712036164477468}
Epoch 1 **** Loss 0.0007023460930213332 **** Metrics validation: {'accuracy': 1.0, 'f1_weighted': 1.0, 'macro': 1.0, 'micro': 1.0, 'binary': 0.0, 'accuracy_majority': 1.0, 'macro_majority': 1.0, 'binary_majority': 0.0, 'run_time_millis': 3858.53433399825, 'loss_mean': 0.00044951168820261955}
Epoch 2 **** Loss 0.000605594424996525 **** Metrics validation: {'accuracy': 1.0, 'f1_weighted': 1.0, 'macro': 1.0, 'micro': 1.0, 'binary': 0.0, 'accuracy_majority': 1.0, 'macro_majority': 1.0, 'binary_majority': 0.0, 'run_time_millis': 3872.7366579987574, 'loss_mean': 0.00028428566292859614}
Epoch 3 **** Loss 0.0005665482021868229 **** Metrics validation: {'accuracy': 1.0, 'f1_weighted': 1.0, 'macro': 1.0, 'micro': 1.0, 'binary': 0.0, 'accuracy_majority': 1.0, 'macro_majority': 1.0, 'binary_majority': 0.0, 'run_time_millis': 2817.3193100010394, 'loss_mean': 0.0002031740586971864}
Epoch 4 **** Loss 0.0003336349327582866 **** Metrics validation: {'accuracy': 1.0, 'f1_weighted': 1.0, 'macro': 1.0, 'micro': 1.0, 'binary': 0.0, 'accuracy_majority': 1.0, 'macro_majority': 1.0, 'binary_majority': 0.0, 'run_time_millis': 3167.2902909995173, 'loss_mean': 0.0001571115426486358}
Epoch 5 **** Loss 0.0002845293201971799 **** Metrics validation: {'accuracy': 1.0, 'f1_weighted': 1.0, 'macro': 1.0, 'micro': 1.0, 'binary': 0.0, 'accuracy_majority': 1.0, 'macro_majority': 1.0, 'binary_majority': 0.0, 'run_time_millis': 3910.278757000924, 'loss_mean': 0.0001301244046771899}
Epoch 6 **** Loss 0.00026216261903755367 **** Metrics validation: {'accuracy': 1.0, 'f1_weighted': 1.0, 'macro': 1.0, 'micro': 1.0, 'binary': 0.0, 'accuracy_majority': 1.0, 'macro_majority': 1.0, 'binary_majority': 0.0, 'run_time_millis': 3223.9043600020523, 'loss_mean': 0.00011358949268469587}
Epoch 7 **** Loss 0.00023191985383164138 **** Metrics validation: {'accuracy': 1.0, 'f1_weighted': 1.0, 'macro': 1.0, 'micro': 1.0, 'binary': 0.0, 'accuracy_majority': 1.0, 'macro_majority': 1.0, 'binary_majority': 0.0, 'run_time_millis': 2658.71209299803, 'loss_mean': 0.00010312932136002928}
Epoch 8 **** Loss 0.0002669254899956286 **** Metrics validation: {'accuracy': 1.0, 'f1_weighted': 1.0, 'macro': 1.0, 'micro': 1.0, 'binary': 0.0, 'accuracy_majority': 1.0, 'macro_majority': 1.0, 'binary_majority': 0.0, 'run_time_millis': 3372.2553749976214, 'loss_mean': 9.721735841594636e-05}
Epoch 9 **** Loss 0.00019003746274393052 **** Metrics validation: {'accuracy': 1.0, 'f1_weighted': 1.0, 'macro': 1.0, 'micro': 1.0, 'binary': 0.0, 'accuracy_majority': 1.0, 'macro_majority': 1.0, 'binary_majority': 0.0, 'run_time_millis': 3855.414079000184, 'loss_mean': 9.53176713665016e-05}
Evaluating
{'accuracy': 1.0, 'f1_weighted': 1.0, 'macro': 1.0, 'micro': 1.0, 'binary': 0.0, 'accuracy_majority': 1.0, 'macro_majority': 1.0, 'binary_majority': 0.0, 'run_time_millis': 2781.5797129987914, 'loss_mean': 0.0010712036164477468}
Device cuda
Split type sit
Training Size: 1695, NTA labels 1695, YTA labels 0
Validation Size: 567, NTA labels 567, YTA labels 0
Test Size: 567, NTA labels 567, YTA labels 0
Training with SBERT, model name is sbert
Tokenizing the dataset
Number of training steps 530
Epoch 0 **** Loss 0.0020156437531113625 **** Metrics validation: {'accuracy': 1.0, 'f1_weighted': 1.0, 'macro': 1.0, 'micro': 1.0, 'binary': 0.0, 'accuracy_majority': 1.0, 'macro_majority': 1.0, 'binary_majority': 0.0, 'run_time_millis': 3144.664796996949, 'loss_mean': 0.001036347239278257}
Epoch 1 **** Loss 0.0008862392278388143 **** Metrics validation: {'accuracy': 1.0, 'f1_weighted': 1.0, 'macro': 1.0, 'micro': 1.0, 'binary': 0.0, 'accuracy_majority': 1.0, 'macro_majority': 1.0, 'binary_majority': 0.0, 'run_time_millis': 2859.534442999575, 'loss_mean': 0.00041053546010516584}
Epoch 2 **** Loss 0.00048291138955391943 **** Metrics validation: {'accuracy': 1.0, 'f1_weighted': 1.0, 'macro': 1.0, 'micro': 1.0, 'binary': 0.0, 'accuracy_majority': 1.0, 'macro_majority': 1.0, 'binary_majority': 0.0, 'run_time_millis': 3836.523292000493, 'loss_mean': 0.0002469696628395468}
Epoch 3 **** Loss 0.00037500387406907976 **** Metrics validation: {'accuracy': 1.0, 'f1_weighted': 1.0, 'macro': 1.0, 'micro': 1.0, 'binary': 0.0, 'accuracy_majority': 1.0, 'macro_majority': 1.0, 'binary_majority': 0.0, 'run_time_millis': 3879.6087700029602, 'loss_mean': 0.0001709361677058041}
Epoch 4 **** Loss 0.00038590378244407475 **** Metrics validation: {'accuracy': 1.0, 'f1_weighted': 1.0, 'macro': 1.0, 'micro': 1.0, 'binary': 0.0, 'accuracy_majority': 1.0, 'macro_majority': 1.0, 'binary_majority': 0.0, 'run_time_millis': 3868.793238001672, 'loss_mean': 0.00012993646669201553}
Epoch 5 **** Loss 0.00024301956000272185 **** Metrics validation: {'accuracy': 1.0, 'f1_weighted': 1.0, 'macro': 1.0, 'micro': 1.0, 'binary': 0.0, 'accuracy_majority': 1.0, 'macro_majority': 1.0, 'binary_majority': 0.0, 'run_time_millis': 3836.186735999945, 'loss_mean': 0.0001069236604962498}
Epoch 6 **** Loss 0.00022460712352767587 **** Metrics validation: {'accuracy': 1.0, 'f1_weighted': 1.0, 'macro': 1.0, 'micro': 1.0, 'binary': 0.0, 'accuracy_majority': 1.0, 'macro_majority': 1.0, 'binary_majority': 0.0, 'run_time_millis': 3735.362258998066, 'loss_mean': 9.302364924224094e-05}
Epoch 7 **** Loss 0.000218071392737329 **** Metrics validation: {'accuracy': 1.0, 'f1_weighted': 1.0, 'macro': 1.0, 'micro': 1.0, 'binary': 0.0, 'accuracy_majority': 1.0, 'macro_majority': 1.0, 'binary_majority': 0.0, 'run_time_millis': 3928.724905999843, 'loss_mean': 8.468178566545248e-05}
Epoch 8 **** Loss 0.00017050815222319216 **** Metrics validation: {'accuracy': 1.0, 'f1_weighted': 1.0, 'macro': 1.0, 'micro': 1.0, 'binary': 0.0, 'accuracy_majority': 1.0, 'macro_majority': 1.0, 'binary_majority': 0.0, 'run_time_millis': 3843.4492260021216, 'loss_mean': 7.98863111413084e-05}
Epoch 9 **** Loss 0.0001648975448915735 **** Metrics validation: {'accuracy': 1.0, 'f1_weighted': 1.0, 'macro': 1.0, 'micro': 1.0, 'binary': 0.0, 'accuracy_majority': 1.0, 'macro_majority': 1.0, 'binary_majority': 0.0, 'run_time_millis': 2960.7062169998244, 'loss_mean': 7.832176925148815e-05}
Evaluating
{'accuracy': 1.0, 'f1_weighted': 1.0, 'macro': 1.0, 'micro': 1.0, 'binary': 0.0, 'accuracy_majority': 1.0, 'macro_majority': 1.0, 'binary_majority': 0.0, 'run_time_millis': 3063.8374560003285, 'loss_mean': 0.001036347239278257}
