Device cuda
DATASET: GE'disgust, MODEL: sbertbase, 
Split type sit
DATASET: GE'disgust, MODEL: sbertbase, PERCENTAGE: False, NUM_COMMENTS_PER_ANNO: 184
Training Size: 14492, NTA labels 14147, YTA labels 345
Validation Size: 4718, NTA labels 4597, YTA labels 121
Test Size: 4604, NTA labels 4507, YTA labels 97
Training with SBERT, model name is sbert
Tokenizing the dataset
Number of training steps 4530
Epoch 0 **** Loss 0.01796603575348854 **** Metrics validation: {'accuracy': 0.867316659601526, 'f1_weighted': 0.9093705378596262, 'macro': 0.5744360910922681, 'micro': 0.867316659601526, 'binary': 0.22139303482587064, 'accuracy_majority': 0.8701986754966887, 'macro_majority': 0.5564148681055157, 'binary_majority': 0.18333333333333332, 'run_time_millis': 3719.7100310004316, 'loss_mean': 0.0298773143440485}
Epoch 1 **** Loss 0.008019245229661465 **** Metrics validation: {'accuracy': 0.8846969054684188, 'f1_weighted': 0.9195646019766023, 'macro': 0.5846551393786864, 'micro': 0.8846969054684188, 'binary': 0.23163841807909602, 'accuracy_majority': 0.8860927152317881, 'macro_majority': 0.5598712082697848, 'binary_majority': 0.18095238095238098, 'run_time_millis': 3729.075963012292, 'loss_mean': 0.030548837035894394}
Epoch 2 **** Loss 0.015969980508089066 **** Metrics validation: {'accuracy': 0.8815175922000847, 'f1_weighted': 0.9179736992421166, 'macro': 0.5896486788796722, 'micro': 0.8815175922000847, 'binary': 0.2435723951285521, 'accuracy_majority': 0.8841059602649006, 'macro_majority': 0.5692177777343056, 'binary_majority': 0.20091324200913244, 'run_time_millis': 3721.8978500022786, 'loss_mean': 0.03656264767050743}
Epoch 3 **** Loss 0.010782552883028984 **** Metrics validation: {'accuracy': 0.8919033488766427, 'f1_weighted': 0.9237908321181806, 'macro': 0.5903133204613482, 'micro': 0.8919033488766427, 'binary': 0.23880597014925375, 'accuracy_majority': 0.8960264900662251, 'macro_majority': 0.5737155454380353, 'binary_majority': 0.20304568527918782, 'run_time_millis': 3726.518120995024, 'loss_mean': 0.04270411655306816}
Epoch 4 **** Loss 0.015954768285155296 **** Metrics validation: {'accuracy': 0.900805426027978, 'f1_weighted': 0.9289677201741613, 'macro': 0.5972455396522779, 'micro': 0.900805426027978, 'binary': 0.24758842443729906, 'accuracy_majority': 0.9052980132450331, 'macro_majority': 0.5797874514214989, 'binary_majority': 0.20994475138121546, 'run_time_millis': 3729.4341070082737, 'loss_mean': 0.0552157387137413}
Epoch 5 **** Loss 0.008138545788824558 **** Metrics validation: {'accuracy': 0.8986858838490887, 'f1_weighted': 0.9277017685755226, 'macro': 0.5946886915613732, 'micro': 0.8986858838490887, 'binary': 0.24367088607594933, 'accuracy_majority': 0.9026490066225166, 'macro_majority': 0.5767767767767769, 'binary_majority': 0.20540540540540542, 'run_time_millis': 3733.4953919926193, 'loss_mean': 0.0568058118224144}
Epoch 6 **** Loss 0.01549907959997654 **** Metrics validation: {'accuracy': 0.9298431538787622, 'f1_weighted': 0.9457937343852348, 'macro': 0.6256376879862592, 'micro': 0.929843153878762, 'binary': 0.2881720430107527, 'accuracy_majority': 0.9357615894039735, 'macro_majority': 0.6129831765131758, 'binary_majority': 0.2595419847328244, 'run_time_millis': 3722.6235959969927, 'loss_mean': 0.0714714303612709}
Epoch 7 **** Loss 0.009460126049816608 **** Metrics validation: {'accuracy': 0.9300551080966512, 'f1_weighted': 0.9457796310370361, 'macro': 0.6229219948849105, 'micro': 0.9300551080966512, 'binary': 0.28260869565217395, 'accuracy_majority': 0.9364238410596026, 'macro_majority': 0.6141602342294384, 'binary_majority': 0.26153846153846155, 'run_time_millis': 3725.9662760043284, 'loss_mean': 0.0813254565000534}
Epoch 8 **** Loss 0.0037106915842741728 **** Metrics validation: {'accuracy': 0.9374735057227639, 'f1_weighted': 0.950066491076845, 'macro': 0.6316133699194018, 'micro': 0.9374735057227639, 'binary': 0.29594272076372313, 'accuracy_majority': 0.9443708609271523, 'macro_majority': 0.6295950192152694, 'binary_majority': 0.288135593220339, 'run_time_millis': 3735.871313008829, 'loss_mean': 0.08603157103061676}
Epoch 9 **** Loss 0.011518319137394428 **** Metrics validation: {'accuracy': 0.9353539635438746, 'f1_weighted': 0.9487724057700789, 'macro': 0.6275908688476691, 'micro': 0.9353539635438746, 'binary': 0.2890442890442891, 'accuracy_majority': 0.9423841059602649, 'macro_majority': 0.6254906935705957, 'binary_majority': 0.2809917355371901, 'run_time_millis': 3721.8815589876613, 'loss_mean': 0.0860772579908371}
Evaluating
{'accuracy': 0.9374735057227639, 'f1_weighted': 0.950066491076845, 'macro': 0.6316133699194018, 'micro': 0.9374735057227639, 'binary': 0.29594272076372313, 'accuracy_majority': 0.9443708609271523, 'macro_majority': 0.6295950192152694, 'binary_majority': 0.288135593220339, 'run_time_millis': 3720.320366002852, 'loss_mean': 0.08603157103061676}
Device cuda
DATASET: GE'disgust, MODEL: sbertbase, 
Split type sit
DATASET: GE'disgust, MODEL: sbertbase, PERCENTAGE: False, NUM_COMMENTS_PER_ANNO: 184
Training Size: 14492, NTA labels 14147, YTA labels 345
Validation Size: 4718, NTA labels 4597, YTA labels 121
Test Size: 4604, NTA labels 4507, YTA labels 97
Training with SBERT, model name is sbert
Tokenizing the dataset
Number of training steps 4530
Epoch 0 **** Loss 0.01785164885222912 **** Metrics validation: {'accuracy': 0.8200508690122933, 'f1_weighted': 0.8804948868910233, 'macro': 0.5393253736183925, 'micro': 0.8200508690122933, 'binary': 0.17971014492753623, 'accuracy_majority': 0.8245033112582781, 'macro_majority': 0.5277301423005791, 'binary_majority': 0.15335463258785942, 'run_time_millis': 3705.2005610021297, 'loss_mean': 0.030891576781868935}
Epoch 1 **** Loss 0.009277766570448875 **** Metrics validation: {'accuracy': 0.8569309029249682, 'f1_weighted': 0.9031374232075445, 'macro': 0.5668441146143544, 'micro': 0.8569309029249682, 'binary': 0.21236872812135357, 'accuracy_majority': 0.8596026490066225, 'macro_majority': 0.5475872829232996, 'binary_majority': 0.17187500000000003, 'run_time_millis': 3704.266553002526, 'loss_mean': 0.02880091965198517}
Epoch 2 **** Loss 0.002147136954590678 **** Metrics validation: {'accuracy': 0.9412886816447648, 'f1_weighted': 0.9519049664625793, 'macro': 0.6286499267038201, 'micro': 0.9412886816447648, 'binary': 0.2879177377892031, 'accuracy_majority': 0.9490066225165563, 'macro_majority': 0.63356329518845, 'binary_majority': 0.29357798165137616, 'run_time_millis': 2694.3031279952265, 'loss_mean': 0.0484195277094841}
Epoch 3 **** Loss 0.0096139432862401 **** Metrics validation: {'accuracy': 0.9147944044086477, 'f1_weighted': 0.936938270657225, 'macro': 0.6065517862284537, 'micro': 0.9147944044086477, 'binary': 0.25830258302583026, 'accuracy_majority': 0.9205298013245033, 'macro_majority': 0.589454509203288, 'binary_majority': 0.2207792207792208, 'run_time_millis': 3706.4744209928904, 'loss_mean': 0.04377295821905136}
Epoch 4 **** Loss 0.010221430100500584 **** Metrics validation: {'accuracy': 0.924120389995761, 'f1_weighted': 0.9420646632731261, 'macro': 0.6101697575314441, 'micro': 0.924120389995761, 'binary': 0.2603305785123967, 'accuracy_majority': 0.9304635761589404, 'macro_majority': 0.5985781234571652, 'binary_majority': 0.23357664233576644, 'run_time_millis': 3704.3963739997707, 'loss_mean': 0.062393270432949066}
Epoch 5 **** Loss 0.009085222147405148 **** Metrics validation: {'accuracy': 0.9056803730394235, 'f1_weighted': 0.9317226423290389, 'macro': 0.5996280630118925, 'micro': 0.9056803730394235, 'binary': 0.24957841483979762, 'accuracy_majority': 0.9125827814569536, 'macro_majority': 0.5886068111455108, 'binary_majority': 0.2235294117647059, 'run_time_millis': 1772.436947998358, 'loss_mean': 0.06101677194237709}
Epoch 6 **** Loss 0.0075419130735099316 **** Metrics validation: {'accuracy': 0.9251801610852056, 'f1_weighted': 0.9429080905533632, 'macro': 0.6163640070164366, 'micro': 0.9251801610852056, 'binary': 0.2721649484536082, 'accuracy_majority': 0.9317880794701987, 'macro_majority': 0.6062242544389336, 'binary_majority': 0.24817518248175185, 'run_time_millis': 3850.7048370083794, 'loss_mean': 0.07500267773866653}
Epoch 7 **** Loss 0.004963180515915155 **** Metrics validation: {'accuracy': 0.9315387876218737, 'f1_weighted': 0.9460715688607751, 'macro': 0.6124883441155298, 'micro': 0.9315387876218737, 'binary': 0.2608695652173913, 'accuracy_majority': 0.9397350993377483, 'macro_majority': 0.6082718748841863, 'binary_majority': 0.24793388429752067, 'run_time_millis': 3704.8002969968366, 'loss_mean': 0.08601164072751999}
Epoch 8 **** Loss 0.008105634711682796 **** Metrics validation: {'accuracy': 0.9306909707503179, 'f1_weighted': 0.945717225180211, 'macro': 0.6143994181447365, 'micro': 0.9306909707503179, 'binary': 0.2651685393258427, 'accuracy_majority': 0.9397350993377483, 'macro_majority': 0.6143753981550862, 'binary_majority': 0.2601626016260163, 'run_time_millis': 3704.1495710000163, 'loss_mean': 0.08536965399980545}
Epoch 9 **** Loss 0.009866095148026943 **** Metrics validation: {'accuracy': 0.9342941924544298, 'f1_weighted': 0.9472310978263796, 'macro': 0.606609989327274, 'micro': 0.9342941924544298, 'binary': 0.24757281553398056, 'accuracy_majority': 0.9443708609271523, 'macro_majority': 0.6105570839064649, 'binary_majority': 0.25, 'run_time_millis': 3698.8014450034825, 'loss_mean': 0.09379341453313828}
Evaluating
{'accuracy': 0.9412886816447648, 'f1_weighted': 0.9519049664625793, 'macro': 0.6286499267038201, 'micro': 0.9412886816447648, 'binary': 0.2879177377892031, 'accuracy_majority': 0.9490066225165563, 'macro_majority': 0.63356329518845, 'binary_majority': 0.29357798165137616, 'run_time_millis': 3703.3551150088897, 'loss_mean': 0.0484195277094841}
Device cuda
DATASET: GE'disgust, MODEL: sbertbase, 
Split type sit
DATASET: GE'disgust, MODEL: sbertbase, PERCENTAGE: False, NUM_COMMENTS_PER_ANNO: 184
Training Size: 14492, NTA labels 14147, YTA labels 345
Validation Size: 4718, NTA labels 4597, YTA labels 121
Test Size: 4604, NTA labels 4507, YTA labels 97
Training with SBERT, model name is sbert
Tokenizing the dataset
Number of training steps 4530
Epoch 0 **** Loss 0.025615781545639038 **** Metrics validation: {'accuracy': 0.8370072064434082, 'f1_weighted': 0.8909782253237767, 'macro': 0.551211304777322, 'micro': 0.8370072064434082, 'binary': 0.19307450157397693, 'accuracy_majority': 0.83841059602649, 'macro_majority': 0.5317329591670734, 'binary_majority': 0.15277777777777776, 'run_time_millis': 2713.2606290106196, 'loss_mean': 0.030323676764965057}
Epoch 1 **** Loss 0.07868300378322601 **** Metrics validation: {'accuracy': 0.8711318355235269, 'f1_weighted': 0.9114985968106959, 'macro': 0.5731434965834147, 'micro': 0.871131835523527, 'binary': 0.21649484536082475, 'accuracy_majority': 0.8708609271523179, 'macro_majority': 0.5465612107716544, 'binary_majority': 0.16309012875536483, 'run_time_millis': 3596.9035290036118, 'loss_mean': 0.029888922348618507}
Epoch 2 **** Loss 0.022763660177588463 **** Metrics validation: {'accuracy': 0.8762187367528613, 'f1_weighted': 0.9144813408419912, 'macro': 0.5760160920219418, 'micro': 0.8762187367528613, 'binary': 0.21925133689839574, 'accuracy_majority': 0.8794701986754967, 'macro_majority': 0.5538636363636363, 'binary_majority': 0.1727272727272727, 'run_time_millis': 3590.0112700037425, 'loss_mean': 0.036488357931375504}
Epoch 3 **** Loss 0.004170616157352924 **** Metrics validation: {'accuracy': 0.9107672742687579, 'f1_weighted': 0.9346491033404527, 'macro': 0.6037046236967827, 'micro': 0.9107672742687578, 'binary': 0.25486725663716814, 'accuracy_majority': 0.9152317880794701, 'macro_majority': 0.5873471339755414, 'binary_majority': 0.2195121951219512, 'run_time_millis': 3600.461378999171, 'loss_mean': 0.05021738260984421}
Epoch 4 **** Loss 0.0018873765366151929 **** Metrics validation: {'accuracy': 0.9073760067825349, 'f1_weighted': 0.9326803094932263, 'macro': 0.6005335091030378, 'micro': 0.9073760067825349, 'binary': 0.2504288164665523, 'accuracy_majority': 0.9139072847682119, 'macro_majority': 0.5903042142523208, 'binary_majority': 0.2261904761904762, 'run_time_millis': 3609.9712990107946, 'loss_mean': 0.05405998229980469}
Epoch 5 **** Loss 0.01587234064936638 **** Metrics validation: {'accuracy': 0.9160661297159813, 'f1_weighted': 0.9375136876565359, 'macro': 0.6041828913304154, 'micro': 0.9160661297159813, 'binary': 0.2528301886792453, 'accuracy_majority': 0.9238410596026491, 'macro_majority': 0.5991634715928895, 'binary_majority': 0.2384105960264901, 'run_time_millis': 2690.3990340069868, 'loss_mean': 0.06866376847028732}
Epoch 6 **** Loss 0.00437922403216362 **** Metrics validation: {'accuracy': 0.920729122509538, 'f1_weighted': 0.9401706434475287, 'macro': 0.608032293377121, 'micro': 0.920729122509538, 'binary': 0.2579365079365079, 'accuracy_majority': 0.9264900662251656, 'macro_majority': 0.5925971838380598, 'binary_majority': 0.22377622377622378, 'run_time_millis': 3604.168899997603, 'loss_mean': 0.07251325994729996}
Epoch 7 **** Loss 0.007132431957870722 **** Metrics validation: {'accuracy': 0.9196693514200932, 'f1_weighted': 0.9396025475756745, 'macro': 0.6079260197229577, 'micro': 0.9196693514200932, 'binary': 0.2583170254403131, 'accuracy_majority': 0.9271523178807947, 'macro_majority': 0.5989317725235667, 'binary_majority': 0.2361111111111111, 'run_time_millis': 3597.4721429956844, 'loss_mean': 0.07901199162006378}
Epoch 8 **** Loss 0.009470874443650246 **** Metrics validation: {'accuracy': 0.9398050021195422, 'f1_weighted': 0.9507341972652474, 'macro': 0.6201998900208052, 'micro': 0.9398050021195422, 'binary': 0.2717948717948718, 'accuracy_majority': 0.9483443708609272, 'macro_majority': 0.6254960317460317, 'binary_majority': 0.2777777777777778, 'run_time_millis': 3617.5440439983504, 'loss_mean': 0.09489399194717407}
Epoch 9 **** Loss 4.431897104950622e-05 **** Metrics validation: {'accuracy': 0.9398050021195422, 'f1_weighted': 0.9507341972652474, 'macro': 0.6201998900208052, 'micro': 0.9398050021195422, 'binary': 0.2717948717948718, 'accuracy_majority': 0.9483443708609272, 'macro_majority': 0.6254960317460317, 'binary_majority': 0.2777777777777778, 'run_time_millis': 3603.782656995463, 'loss_mean': 0.09861213713884354}
Evaluating
{'accuracy': 0.9398050021195422, 'f1_weighted': 0.9507341972652474, 'macro': 0.6201998900208052, 'micro': 0.9398050021195422, 'binary': 0.2717948717948718, 'accuracy_majority': 0.9483443708609272, 'macro_majority': 0.6254960317460317, 'binary_majority': 0.2777777777777778, 'run_time_millis': 3618.110538998735, 'loss_mean': 0.09489399194717407}
