Device cuda
Split type sit
Training Size: 122874, NTA labels 118264, YTA labels 4610
Validation Size: 40955, NTA labels 39424, YTA labels 1531
Test Size: 41069, NTA labels 39498, YTA labels 1571
Training with SBERT, model name is sbert
Tokenizing the dataset
Number of training steps 38400
Epoch 0 **** Loss 0.01061895303428173 **** Metrics validation: {'accuracy': 0.9595897936759858, 'f1_weighted': 0.9586084734541678, 'macro': 0.7056481526014468, 'micro': 0.9595897936759858, 'binary': 0.4322469982847342, 'accuracy_majority': 0.9749137931034483, 'macro_majority': 0.7877321695116715, 'binary_majority': 0.5884016973125884, 'run_time_millis': 19215.979583997978, 'loss_mean': 0.059150852262973785}
Epoch 1 **** Loss 0.030763141810894012 **** Metrics validation: {'accuracy': 0.9528506897814675, 'f1_weighted': 0.9555056493927475, 'macro': 0.7095291590498701, 'micro': 0.9528506897814675, 'binary': 0.4436761740132527, 'accuracy_majority': 0.9661206896551724, 'macro_majority': 0.7640345190355478, 'binary_majority': 0.5456647398843931, 'run_time_millis': 19326.95086699823, 'loss_mean': 0.0594613179564476}
Epoch 2 **** Loss 0.04152204096317291 **** Metrics validation: {'accuracy': 0.9554877304358442, 'f1_weighted': 0.9568627953371518, 'macro': 0.7099180829900273, 'micro': 0.9554877304358442, 'binary': 0.4430186373357776, 'accuracy_majority': 0.9693103448275862, 'macro_majority': 0.7728374894714005, 'binary_majority': 0.5615763546798029, 'run_time_millis': 19097.641191001458, 'loss_mean': 0.05823526531457901}
Epoch 3 **** Loss 0.02980317547917366 **** Metrics validation: {'accuracy': 0.946697594921255, 'f1_weighted': 0.9519194545371598, 'macro': 0.7030239495994592, 'micro': 0.946697594921255, 'binary': 0.43401607466943215, 'accuracy_majority': 0.9600862068965518, 'macro_majority': 0.746167067421927, 'binary_majority': 0.5131440588853838, 'run_time_millis': 19244.332837999536, 'loss_mean': 0.06147245317697525}
Epoch 4 **** Loss 0.06522644311189651 **** Metrics validation: {'accuracy': 0.950897326333781, 'f1_weighted': 0.954304002896601, 'macro': 0.7065320355358735, 'micro': 0.950897326333781, 'binary': 0.4387384873011443, 'accuracy_majority': 0.9649137931034483, 'macro_majority': 0.7577812367265662, 'binary_majority': 0.5337915234822451, 'run_time_millis': 19301.60707399773, 'loss_mean': 0.06241008639335632}
Epoch 5 **** Loss 0.021090753376483917 **** Metrics validation: {'accuracy': 0.936735441338054, 'f1_weighted': 0.9459496174379342, 'macro': 0.6909074151349677, 'micro': 0.936735441338054, 'binary': 0.4152561498533063, 'accuracy_majority': 0.9484482758620689, 'macro_majority': 0.7131653024293287, 'binary_majority': 0.4533820840950639, 'run_time_millis': 19040.54564499893, 'loss_mean': 0.07032762467861176}
Epoch 6 **** Loss 0.07823700457811356 **** Metrics validation: {'accuracy': 0.935221584666097, 'f1_weighted': 0.9449117472815635, 'macro': 0.6872350230795459, 'micro': 0.935221584666097, 'binary': 0.4087363494539782, 'accuracy_majority': 0.9445689655172413, 'macro_majority': 0.7026664388071402, 'binary_majority': 0.4344766930518909, 'run_time_millis': 19268.612195999594, 'loss_mean': 0.07532145828008652}
Epoch 7 **** Loss 0.13866452872753143 **** Metrics validation: {'accuracy': 0.943669881577341, 'f1_weighted': 0.9497886457006299, 'macro': 0.694718976917581, 'micro': 0.943669881577341, 'binary': 0.41903802568622517, 'accuracy_majority': 0.9558620689655173, 'macro_majority': 0.7304081063493539, 'binary_majority': 0.48387096774193544, 'run_time_millis': 19286.15589999754, 'loss_mean': 0.08026202023029327}
Epoch 8 **** Loss 0.008127744309604168 **** Metrics validation: {'accuracy': 0.9368331095104383, 'f1_weighted': 0.9456649187139904, 'macro': 0.6860343941599176, 'micro': 0.9368331095104383, 'binary': 0.4054240404504712, 'accuracy_majority': 0.9487068965517241, 'macro_majority': 0.711848900944866, 'binary_majority': 0.45060018467220686, 'run_time_millis': 19243.429466001544, 'loss_mean': 0.08120466768741608}
Epoch 9 **** Loss 0.042142823338508606 **** Metrics validation: {'accuracy': 0.9401782444146014, 'f1_weighted': 0.9478061560246418, 'macro': 0.6920146032465389, 'micro': 0.9401782444146013, 'binary': 0.4155534351145038, 'accuracy_majority': 0.9517241379310345, 'macro_majority': 0.7191631060560469, 'binary_majority': 0.4636015325670497, 'run_time_millis': 19093.379112000548, 'loss_mean': 0.08545906841754913}
Evaluating
{'accuracy': 0.9595897936759858, 'f1_weighted': 0.9586084734541678, 'macro': 0.7056481526014468, 'micro': 0.9595897936759858, 'binary': 0.4322469982847342, 'accuracy_majority': 0.9749137931034483, 'macro_majority': 0.7877321695116715, 'binary_majority': 0.5884016973125884, 'run_time_millis': 18574.02946900038, 'loss_mean': 0.059150852262973785}
