Device cuda
Split type sit
Training Size: 109481, NTA labels 107862, YTA labels 1619
Validation Size: 36477, NTA labels 35921, YTA labels 556
Test Size: 36418, NTA labels 35951, YTA labels 467
Training with SBERT, model name is sbert
Tokenizing the dataset
Number of training steps 34220
Epoch 0 **** Loss 0.02135249227285385 **** Metrics validation: {'accuracy': 0.9780683718507552, 'f1_weighted': 0.9811969596363374, 'macro': 0.7396194333544386, 'micro': 0.9780683718507552, 'binary': 0.49044585987261147, 'accuracy_majority': 0.9810684647302904, 'macro_majority': 0.7636672789719093, 'binary_majority': 0.5369978858350952, 'run_time_millis': 15737.890636999964, 'loss_mean': 0.020886888727545738}
Epoch 1 **** Loss 0.0017380672506988049 **** Metrics validation: {'accuracy': 0.9842092277325438, 'f1_weighted': 0.9852269908022633, 'macro': 0.770981806512822, 'micro': 0.9842092277325438, 'binary': 0.5499999999999999, 'accuracy_majority': 0.9875518672199171, 'macro_majority': 0.8073623150863625, 'binary_majority': 0.6210526315789474, 'run_time_millis': 15732.033668999975, 'loss_mean': 0.022495076060295105}
Epoch 2 **** Loss 0.04135233908891678 **** Metrics validation: {'accuracy': 0.9799325602434411, 'f1_weighted': 0.982463816693716, 'macro': 0.7505521991704718, 'micro': 0.9799325602434411, 'binary': 0.5113484646194927, 'accuracy_majority': 0.9828838174273858, 'macro_majority': 0.7756360751124042, 'binary_majority': 0.56, 'run_time_millis': 15744.21720700002, 'loss_mean': 0.023272432386875153}
Epoch 3 **** Loss 0.004792926833033562 **** Metrics validation: {'accuracy': 0.9805082654823587, 'f1_weighted': 0.9828378151865205, 'macro': 0.7533544578392244, 'micro': 0.9805082654823587, 'binary': 0.5166553365057783, 'accuracy_majority': 0.983402489626556, 'macro_majority': 0.7785752368616976, 'binary_majority': 0.5656108597285068, 'run_time_millis': 14728.621708999981, 'loss_mean': 0.02526613138616085}
Epoch 4 **** Loss 0.0001807526859920472 **** Metrics validation: {'accuracy': 0.9738191188968391, 'f1_weighted': 0.9785421355260272, 'macro': 0.7227542594291849, 'micro': 0.9738191188968391, 'binary': 0.4589235127478753, 'accuracy_majority': 0.9776970954356846, 'macro_majority': 0.7462191504993061, 'binary_majority': 0.5038461538461538, 'run_time_millis': 15751.49033799994, 'loss_mean': 0.025319401174783707}
Epoch 5 **** Loss 0.0003005134640261531 **** Metrics validation: {'accuracy': 0.9797680730323217, 'f1_weighted': 0.9823103229570975, 'macro': 0.7481783735047685, 'micro': 0.9797680730323217, 'binary': 0.5066844919786097, 'accuracy_majority': 0.983402489626556, 'macro_majority': 0.7765924702798026, 'binary_majority': 0.5616438356164384, 'run_time_millis': 14731.676555999911, 'loss_mean': 0.03301307559013367}
Epoch 6 **** Loss 0.015344217419624329 **** Metrics validation: {'accuracy': 0.9789456369767251, 'f1_weighted': 0.9817308483679962, 'macro': 0.7426556035808417, 'micro': 0.9789456369767251, 'binary': 0.4960629921259842, 'accuracy_majority': 0.9826244813278008, 'macro_majority': 0.7707383260255909, 'binary_majority': 0.5503355704697986, 'run_time_millis': 15747.059009000168, 'loss_mean': 0.034159138798713684}
Epoch 7 **** Loss 0.00017729043611325324 **** Metrics validation: {'accuracy': 0.9808098253694109, 'f1_weighted': 0.9829413292527562, 'macro': 0.7517123880425991, 'micro': 0.9808098253694109, 'binary': 0.513212795549374, 'accuracy_majority': 0.9846991701244814, 'macro_majority': 0.7868836948752753, 'binary_majority': 0.5815602836879432, 'run_time_millis': 15757.238746999974, 'loss_mean': 0.03956863656640053}
Epoch 8 **** Loss 0.0008543157018721104 **** Metrics validation: {'accuracy': 0.9818515777065, 'f1_weighted': 0.9836107285164031, 'macro': 0.7565582891287117, 'micro': 0.9818515777065, 'binary': 0.5223665223665225, 'accuracy_majority': 0.9857365145228216, 'macro_majority': 0.7926668915186799, 'binary_majority': 0.5925925925925927, 'run_time_millis': 15740.44363400003, 'loss_mean': 0.04130766540765762}
Epoch 9 **** Loss 1.6798519936855882e-05 **** Metrics validation: {'accuracy': 0.9822627957342983, 'f1_weighted': 0.9838336326039613, 'macro': 0.7570881391524034, 'micro': 0.9822627957342983, 'binary': 0.5232129697862933, 'accuracy_majority': 0.9861687413554634, 'macro_majority': 0.7954766355305422, 'binary_majority': 0.5979899497487438, 'run_time_millis': 15740.642303999948, 'loss_mean': 0.04339770972728729}
Evaluating
{'accuracy': 0.9842092277325438, 'f1_weighted': 0.9852269908022633, 'macro': 0.770981806512822, 'micro': 0.9842092277325438, 'binary': 0.5499999999999999, 'accuracy_majority': 0.9875518672199171, 'macro_majority': 0.8073623150863625, 'binary_majority': 0.6210526315789474, 'run_time_millis': 14720.423159999882, 'loss_mean': 0.022495076060295105}
