Device cuda
Split type sit
Training Size: 14152, NTA labels 9324, YTA labels 4828
Validation Size: 4767, NTA labels 3125, YTA labels 1642
Test Size: 4813, NTA labels 3137, YTA labels 1676
Training with SBERT, model name is sbert
Tokenizing the dataset
Number of training steps 4430
Epoch 0 **** Loss 0.2731877565383911 **** Metrics validation: {'accuracy': 0.7952590727921124, 'f1_weighted': 0.7921104884006929, 'macro': 0.7667335826807185, 'micro': 0.7952590727921124, 'binary': 0.6851612903225807, 'accuracy_majority': 0.8056467498358503, 'macro_majority': 0.7847045518801243, 'binary_majority': 0.7175572519083969, 'run_time_millis': 3955.0740710001264, 'loss_mean': 0.24410825967788696}
Epoch 1 **** Loss 0.30547359585762024 **** Metrics validation: {'accuracy': 0.7807845605202434, 'f1_weighted': 0.7858860300716866, 'macro': 0.7717976141596006, 'micro': 0.7807845605202435, 'binary': 0.7265113844543314, 'accuracy_majority': 0.799080761654629, 'macro_majority': 0.7948386312890479, 'binary_majority': 0.7653374233128835, 'run_time_millis': 4981.200236000404, 'loss_mean': 0.21675586700439453}
Epoch 2 **** Loss 0.1148582398891449 **** Metrics validation: {'accuracy': 0.8103629116844976, 'f1_weighted': 0.8127651226089672, 'macro': 0.7958009378423561, 'micro': 0.8103629116844976, 'binary': 0.7412707498568974, 'accuracy_majority': 0.8227183191070256, 'macro_majority': 0.8153113580752606, 'binary_majority': 0.7783251231527093, 'run_time_millis': 4961.5885769999295, 'loss_mean': 0.2228517234325409}
Epoch 3 **** Loss 0.1518271565437317 **** Metrics validation: {'accuracy': 0.7960981749528006, 'f1_weighted': 0.7997687483911718, 'macro': 0.7835679733640748, 'micro': 0.7960981749528006, 'binary': 0.7314917127071824, 'accuracy_majority': 0.8076165462902167, 'macro_majority': 0.8009856193234905, 'binary_majority': 0.7646586345381525, 'run_time_millis': 5021.8495139997685, 'loss_mean': 0.23332186043262482}
Epoch 4 **** Loss 0.05526174232363701 **** Metrics validation: {'accuracy': 0.801762114537445, 'f1_weighted': 0.8044720147103869, 'macro': 0.7870746902234909, 'micro': 0.801762114537445, 'binary': 0.7311522048364153, 'accuracy_majority': 0.8128693368351937, 'macro_majority': 0.8051041864512487, 'binary_majority': 0.7662018047579984, 'run_time_millis': 5024.782380999568, 'loss_mean': 0.26990175247192383}
Epoch 5 **** Loss 0.05002477765083313 **** Metrics validation: {'accuracy': 0.7981959303545206, 'f1_weighted': 0.8011655174471098, 'macro': 0.7838273376899844, 'micro': 0.7981959303545206, 'binary': 0.7280949689089882, 'accuracy_majority': 0.8082731451083388, 'macro_majority': 0.8001527897612886, 'binary_majority': 0.7598684210526316, 'run_time_millis': 5029.498140999749, 'loss_mean': 0.32129064202308655}
Epoch 6 **** Loss 0.09182585030794144 **** Metrics validation: {'accuracy': 0.8059576253408852, 'f1_weighted': 0.8079890754716816, 'macro': 0.7899493117353287, 'micro': 0.8059576253408852, 'binary': 0.7319617502173283, 'accuracy_majority': 0.8102429415627052, 'macro_majority': 0.8007758095871778, 'binary_majority': 0.7573467674223341, 'run_time_millis': 5027.6439660001415, 'loss_mean': 0.33261141180992126}
Epoch 7 **** Loss 0.003203773405402899 **** Metrics validation: {'accuracy': 0.8082651562827774, 'f1_weighted': 0.808237403921079, 'macro': 0.7876590277217322, 'micro': 0.8082651562827774, 'binary': 0.7215112736136501, 'accuracy_majority': 0.8089297439264609, 'macro_majority': 0.7965280675875386, 'binary_majority': 0.7462946817785526, 'run_time_millis': 5039.02659599953, 'loss_mean': 0.3985656201839447}
Epoch 8 **** Loss 0.2265034019947052 **** Metrics validation: {'accuracy': 0.8007132368365849, 'f1_weighted': 0.802367960091857, 'macro': 0.783196439876478, 'micro': 0.8007132368365848, 'binary': 0.7215709261430246, 'accuracy_majority': 0.8108995403808273, 'macro_majority': 0.8011641190230103, 'binary_majority': 0.7571669477234402, 'run_time_millis': 5011.367142999916, 'loss_mean': 0.45775648951530457}
Epoch 9 **** Loss 0.048727404326200485 **** Metrics validation: {'accuracy': 0.8032305433186491, 'f1_weighted': 0.8043930763629016, 'macro': 0.7848017524466913, 'micro': 0.8032305433186491, 'binary': 0.7218268090154211, 'accuracy_majority': 0.8082731451083388, 'macro_majority': 0.7972577209797658, 'binary_majority': 0.75, 'run_time_millis': 3980.100640999808, 'loss_mean': 0.5228022336959839}
Evaluating
{'accuracy': 0.8103629116844976, 'f1_weighted': 0.8127651226089672, 'macro': 0.7958009378423561, 'micro': 0.8103629116844976, 'binary': 0.7412707498568974, 'accuracy_majority': 0.8227183191070256, 'macro_majority': 0.8153113580752606, 'binary_majority': 0.7783251231527093, 'run_time_millis': 3985.44914500053, 'loss_mean': 0.2228517234325409}
