Device cuda
DATASET: GE'fear, MODEL: uid, 
Split type sit
DATASET: GE'fear, MODEL: uid, PERCENTAGE: False, NUM_COMMENTS_PER_ANNO: 270
Training Size: 3934, NTA labels 3863, YTA labels 71
Validation Size: 1321, NTA labels 1294, YTA labels 27
Test Size: 1262, NTA labels 1243, YTA labels 19
Training with SBERT, model name is sbert
Tokenizing the dataset
Number of training steps 1230
Epoch 0 **** Loss 0.012334780767560005 **** Metrics validation: {'accuracy': 0.9174867524602573, 'f1_weighted': 0.9413145791554689, 'macro': 0.5861397977103734, 'micro': 0.9174867524602573, 'binary': 0.2158273381294964, 'accuracy_majority': 0.9179954441913439, 'macro_majority': 0.6182608695652174, 'binary_majority': 0.28, 'run_time_millis': 2639.18630592525, 'loss_mean': 0.026015769690275192}
Epoch 1 **** Loss 0.02162811905145645 **** Metrics validation: {'accuracy': 0.8773656320968963, 'f1_weighted': 0.9187833482960969, 'macro': 0.5735448849777608, 'micro': 0.8773656320968963, 'binary': 0.21359223300970875, 'accuracy_majority': 0.8849658314350797, 'macro_majority': 0.6105746217860044, 'binary_majority': 0.2836879432624113, 'run_time_millis': 2615.946179954335, 'loss_mean': 0.018409576267004013}
Epoch 2 **** Loss 0.01471513882279396 **** Metrics validation: {'accuracy': 0.9099167297501892, 'f1_weighted': 0.9377565051364748, 'macro': 0.6018232154752948, 'micro': 0.9099167297501893, 'binary': 0.25157232704402516, 'accuracy_majority': 0.9145785876993167, 'macro_majority': 0.6393658095785756, 'binary_majority': 0.32432432432432434, 'run_time_millis': 2635.360802989453, 'loss_mean': 0.015787705779075623}
Epoch 3 **** Loss 0.0091490987688303 **** Metrics validation: {'accuracy': 0.9197577592732779, 'f1_weighted': 0.9433879427539004, 'macro': 0.6107274708655813, 'micro': 0.9197577592732779, 'binary': 0.2638888888888889, 'accuracy_majority': 0.9248291571753986, 'macro_majority': 0.6565189558290063, 'binary_majority': 0.35294117647058826, 'run_time_millis': 2640.9845610614866, 'loss_mean': 0.0162353552877903}
Epoch 4 **** Loss 0.0020951225887984037 **** Metrics validation: {'accuracy': 0.9356548069644209, 'f1_weighted': 0.9526143419779453, 'macro': 0.6319019410505472, 'micro': 0.9356548069644208, 'binary': 0.29752066115702475, 'accuracy_majority': 0.9396355353075171, 'macro_majority': 0.6795245277301433, 'binary_majority': 0.39080459770114945, 'run_time_millis': 2606.7105119582266, 'loss_mean': 0.020400216802954674}
Epoch 5 **** Loss 0.004235715139657259 **** Metrics validation: {'accuracy': 0.9712339137017411, 'f1_weighted': 0.9734254727153244, 'macro': 0.6957549456943367, 'micro': 0.9712339137017411, 'binary': 0.40625, 'accuracy_majority': 0.9726651480637813, 'macro_majority': 0.7529660023446658, 'binary_majority': 0.52, 'run_time_millis': 2615.6714441021904, 'loss_mean': 0.03660476952791214}
Epoch 6 **** Loss 0.002396066440269351 **** Metrics validation: {'accuracy': 0.9583648750946253, 'f1_weighted': 0.9657047791452099, 'macro': 0.66571579746486, 'micro': 0.9583648750946253, 'binary': 0.3529411764705883, 'accuracy_majority': 0.9612756264236902, 'macro_majority': 0.715771032486575, 'binary_majority': 0.4516129032258065, 'run_time_millis': 2619.5027980720624, 'loss_mean': 0.03413541242480278}
Epoch 7 **** Loss 0.00024804737768135965 **** Metrics validation: {'accuracy': 0.9742619227857684, 'f1_weighted': 0.975882539900683, 'macro': 0.7192173043260814, 'micro': 0.9742619227857684, 'binary': 0.45161290322580644, 'accuracy_majority': 0.9772209567198178, 'macro_majority': 0.7858118657298985, 'binary_majority': 0.5833333333333334, 'run_time_millis': 2602.262236061506, 'loss_mean': 0.04026412591338158}
Epoch 8 **** Loss 0.00019449675164651126 **** Metrics validation: {'accuracy': 0.9704769114307343, 'f1_weighted': 0.9735998863786652, 'macro': 0.7098126024434344, 'micro': 0.9704769114307342, 'binary': 0.43478260869565216, 'accuracy_majority': 0.9715261958997722, 'macro_majority': 0.7568109551402076, 'binary_majority': 0.5283018867924528, 'run_time_millis': 2662.9771939478815, 'loss_mean': 0.03830050304532051}
Epoch 9 **** Loss 0.00033908328623510897 **** Metrics validation: {'accuracy': 0.9697199091597275, 'f1_weighted': 0.9730863071727185, 'macro': 0.7065096645189958, 'micro': 0.9697199091597275, 'binary': 0.4285714285714286, 'accuracy_majority': 0.9703872437357631, 'macro_majority': 0.7516211864037952, 'binary_majority': 0.5185185185185185, 'run_time_millis': 2634.5105869695544, 'loss_mean': 0.039074309170246124}
Evaluating
{'accuracy': 0.9742619227857684, 'f1_weighted': 0.975882539900683, 'macro': 0.7192173043260814, 'micro': 0.9742619227857684, 'binary': 0.45161290322580644, 'accuracy_majority': 0.9772209567198178, 'macro_majority': 0.7858118657298985, 'binary_majority': 0.5833333333333334, 'run_time_millis': 2633.0306089948863, 'loss_mean': 0.04026412591338158}
Device cuda
DATASET: GE'fear, MODEL: uid, 
Split type sit
DATASET: GE'fear, MODEL: uid, PERCENTAGE: False, NUM_COMMENTS_PER_ANNO: 270
Training Size: 3934, NTA labels 3863, YTA labels 71
Validation Size: 1321, NTA labels 1294, YTA labels 27
Test Size: 1262, NTA labels 1243, YTA labels 19
Training with SBERT, model name is sbert
Tokenizing the dataset
Number of training steps 1230
Epoch 0 **** Loss 0.014391748234629631 **** Metrics validation: {'accuracy': 0.7706283118849356, 'f1_weighted': 0.8528418648331918, 'macro': 0.49241082128495467, 'micro': 0.7706283118849356, 'binary': 0.11661807580174928, 'accuracy_majority': 0.7801822323462415, 'macro_majority': 0.5154068113119598, 'binary_majority': 0.1572052401746725, 'run_time_millis': 2613.255328964442, 'loss_mean': 0.025526728481054306}
Epoch 1 **** Loss 0.07318855077028275 **** Metrics validation: {'accuracy': 0.8872066616199848, 'f1_weighted': 0.924736126608493, 'macro': 0.5875032745486362, 'micro': 0.8872066616199848, 'binary': 0.23589743589743595, 'accuracy_majority': 0.8929384965831435, 'macro_majority': 0.6149985072398866, 'binary_majority': 0.2878787878787879, 'run_time_millis': 2621.1305679753423, 'loss_mean': 0.01796046458184719}
Epoch 2 **** Loss 0.002565996255725622 **** Metrics validation: {'accuracy': 0.9621498864496594, 'f1_weighted': 0.9681084723386879, 'macro': 0.6777419984387197, 'micro': 0.9621498864496594, 'binary': 0.375, 'accuracy_majority': 0.9635535307517085, 'macro_majority': 0.7238993710691823, 'binary_majority': 0.4666666666666667, 'run_time_millis': 2627.3655560798943, 'loss_mean': 0.020725568756461143}
Epoch 3 **** Loss 0.027735987678170204 **** Metrics validation: {'accuracy': 0.8962906888720666, 'f1_weighted': 0.9301236572967514, 'macro': 0.5978262077302737, 'micro': 0.8962906888720666, 'binary': 0.25136612021857924, 'accuracy_majority': 0.9031890660592256, 'macro_majority': 0.6284458251808482, 'binary_majority': 0.3089430894308943, 'run_time_millis': 2616.1847340408713, 'loss_mean': 0.015971431508660316}
Epoch 4 **** Loss 0.010891146026551723 **** Metrics validation: {'accuracy': 0.9303557910673732, 'f1_weighted': 0.9500343542331299, 'macro': 0.6383751100954557, 'micro': 0.9303557910673732, 'binary': 0.3134328358208955, 'accuracy_majority': 0.9328018223234624, 'macro_majority': 0.665056673067846, 'binary_majority': 0.3655913978494623, 'run_time_millis': 2614.8865999421105, 'loss_mean': 0.020657584071159363}
Epoch 5 **** Loss 0.0016758594429120421 **** Metrics validation: {'accuracy': 0.9682059046177138, 'f1_weighted': 0.9723785952110573, 'macro': 0.7080386461227584, 'micro': 0.9682059046177138, 'binary': 0.4324324324324324, 'accuracy_majority': 0.969248291571754, 'macro_majority': 0.7552120442365478, 'binary_majority': 0.5263157894736842, 'run_time_millis': 897.5930120795965, 'loss_mean': 0.03390330821275711}
Epoch 6 **** Loss 0.0057943761348724365 **** Metrics validation: {'accuracy': 0.9727479182437547, 'f1_weighted': 0.974078858410084, 'macro': 0.6930286599535244, 'micro': 0.9727479182437547, 'binary': 0.39999999999999997, 'accuracy_majority': 0.9749430523917996, 'macro_majority': 0.7544368166793796, 'binary_majority': 0.5217391304347826, 'run_time_millis': 592.0093239983544, 'loss_mean': 0.04348447173833847}
Epoch 7 **** Loss 0.0029142354615032673 **** Metrics validation: {'accuracy': 0.9704769114307343, 'f1_weighted': 0.9721308239514939, 'macro': 0.6727726576939933, 'micro': 0.9704769114307342, 'binary': 0.36065573770491804, 'accuracy_majority': 0.9726651480637813, 'macro_majority': 0.7321128909229596, 'binary_majority': 0.4782608695652174, 'run_time_millis': 1912.5390970148146, 'loss_mean': 0.04383357614278793}
Epoch 8 **** Loss 0.0018604951910674572 **** Metrics validation: {'accuracy': 0.9651778955336866, 'f1_weighted': 0.9700686606059491, 'macro': 0.6884050539442919, 'micro': 0.9651778955336866, 'binary': 0.3947368421052632, 'accuracy_majority': 0.9669703872437357, 'macro_majority': 0.7370796030688846, 'binary_majority': 0.49122807017543857, 'run_time_millis': 2620.2223809668794, 'loss_mean': 0.03857582062482834}
Epoch 9 **** Loss 0.0009239288046956062 **** Metrics validation: {'accuracy': 0.9689629068887207, 'f1_weighted': 0.9715228810890455, 'macro': 0.6766603981970687, 'micro': 0.9689629068887206, 'binary': 0.36923076923076925, 'accuracy_majority': 0.969248291571754, 'macro_majority': 0.7165811843190704, 'binary_majority': 0.4489795918367347, 'run_time_millis': 2652.1828760160133, 'loss_mean': 0.04363595321774483}
Evaluating
{'accuracy': 0.9727479182437547, 'f1_weighted': 0.974078858410084, 'macro': 0.6930286599535244, 'micro': 0.9727479182437547, 'binary': 0.39999999999999997, 'accuracy_majority': 0.9749430523917996, 'macro_majority': 0.7544368166793796, 'binary_majority': 0.5217391304347826, 'run_time_millis': 2616.2683160509914, 'loss_mean': 0.04348447173833847}
Device cuda
DATASET: GE'fear, MODEL: uid, 
Split type sit
DATASET: GE'fear, MODEL: uid, PERCENTAGE: False, NUM_COMMENTS_PER_ANNO: 270
Training Size: 3934, NTA labels 3863, YTA labels 71
Validation Size: 1321, NTA labels 1294, YTA labels 27
Test Size: 1262, NTA labels 1243, YTA labels 19
Training with SBERT, model name is sbert
Tokenizing the dataset
Number of training steps 1230
Epoch 0 **** Loss 0.03809706121683121 **** Metrics validation: {'accuracy': 0.8917486752460257, 'f1_weighted': 0.9255632668043082, 'macro': 0.5325074181406019, 'micro': 0.8917486752460257, 'binary': 0.12269938650306748, 'accuracy_majority': 0.8929384965831435, 'macro_majority': 0.5441732022533967, 'binary_majority': 0.14545454545454545, 'run_time_millis': 2646.154093090445, 'loss_mean': 0.027043191716074944}
Epoch 1 **** Loss 0.05079181492328644 **** Metrics validation: {'accuracy': 0.8319454958364875, 'f1_weighted': 0.8915155747153581, 'macro': 0.5420929361064268, 'micro': 0.8319454958364875, 'binary': 0.17777777777777778, 'accuracy_majority': 0.835990888382688, 'macro_majority': 0.5628941254563558, 'binary_majority': 0.2173913043478261, 'run_time_millis': 591.9961950276047, 'loss_mean': 0.022165320813655853}
Epoch 2 **** Loss 0.013649636879563332 **** Metrics validation: {'accuracy': 0.9061317183951552, 'f1_weighted': 0.9353772394650517, 'macro': 0.5922839506172839, 'micro': 0.9061317183951552, 'binary': 0.23456790123456792, 'accuracy_majority': 0.9123006833712984, 'macro_majority': 0.6358592904195326, 'binary_majority': 0.3185840707964602, 'run_time_millis': 2617.7757689729333, 'loss_mean': 0.016584094613790512}
Epoch 3 **** Loss 0.0367048904299736 **** Metrics validation: {'accuracy': 0.9348978046934141, 'f1_weighted': 0.9517272529093367, 'macro': 0.6185567702597438, 'micro': 0.9348978046934141, 'binary': 0.2711864406779661, 'accuracy_majority': 0.9396355353075171, 'macro_majority': 0.6648830828394271, 'binary_majority': 0.3614457831325301, 'run_time_millis': 2634.046081104316, 'loss_mean': 0.02121228352189064}
Epoch 4 **** Loss 0.00342808710411191 **** Metrics validation: {'accuracy': 0.9114307342922029, 'f1_weighted': 0.938802614293845, 'macro': 0.6085152622740294, 'micro': 0.9114307342922029, 'binary': 0.2641509433962264, 'accuracy_majority': 0.9168564920273349, 'macro_majority': 0.6429761089108359, 'binary_majority': 0.3302752293577982, 'run_time_millis': 2633.848636993207, 'loss_mean': 0.01635502278804779}
Epoch 5 **** Loss 0.0037786902394145727 **** Metrics validation: {'accuracy': 0.9545798637395913, 'f1_weighted': 0.9633435295290211, 'macro': 0.6549111807732497, 'micro': 0.9545798637395913, 'binary': 0.33333333333333326, 'accuracy_majority': 0.9567198177676538, 'macro_majority': 0.7008786085709162, 'binary_majority': 0.42424242424242425, 'run_time_millis': 2649.2238029604778, 'loss_mean': 0.036504168063402176}
Epoch 6 **** Loss 0.0005405718111433089 **** Metrics validation: {'accuracy': 0.9591218773656321, 'f1_weighted': 0.9661818346004574, 'macro': 0.6680163073830001, 'micro': 0.9591218773656321, 'binary': 0.35714285714285715, 'accuracy_majority': 0.9601366742596811, 'macro_majority': 0.711885541773315, 'binary_majority': 0.4444444444444444, 'run_time_millis': 2618.049753946252, 'loss_mean': 0.039663467556238174}
Epoch 7 **** Loss 0.0004901145584881306 **** Metrics validation: {'accuracy': 0.9538228614685844, 'f1_weighted': 0.9628756422120323, 'macro': 0.6528790691863996, 'micro': 0.9538228614685844, 'binary': 0.32967032967032966, 'accuracy_majority': 0.9567198177676538, 'macro_majority': 0.7008786085709162, 'binary_majority': 0.42424242424242425, 'run_time_millis': 2614.6577399922535, 'loss_mean': 0.040996648371219635}
Epoch 8 **** Loss 0.0008204655023291707 **** Metrics validation: {'accuracy': 0.9644208932626798, 'f1_weighted': 0.9695751394942598, 'macro': 0.685643401432875, 'micro': 0.9644208932626798, 'binary': 0.3896103896103896, 'accuracy_majority': 0.9646924829157175, 'macro_majority': 0.7281543701247466, 'binary_majority': 0.4745762711864407, 'run_time_millis': 1592.1559579437599, 'loss_mean': 0.046187419444322586}
Epoch 9 **** Loss 0.004691758658736944 **** Metrics validation: {'accuracy': 0.967448902346707, 'f1_weighted': 0.971564632189644, 'macro': 0.6971104368737902, 'micro': 0.967448902346707, 'binary': 0.410958904109589, 'accuracy_majority': 0.9681093394077449, 'macro_majority': 0.741764705882353, 'binary_majority': 0.5, 'run_time_millis': 2596.8039160361513, 'loss_mean': 0.049422383308410645}
Evaluating
{'accuracy': 0.967448902346707, 'f1_weighted': 0.971564632189644, 'macro': 0.6971104368737902, 'micro': 0.967448902346707, 'binary': 0.410958904109589, 'accuracy_majority': 0.9681093394077449, 'macro_majority': 0.741764705882353, 'binary_majority': 0.5, 'run_time_millis': 2590.182498912327, 'loss_mean': 0.049422383308410645}
