Device cuda
Split type sit
Training Size: 63991, NTA labels 44914, YTA labels 19077
Validation Size: 22662, NTA labels 15691, YTA labels 6971
Test Size: 23668, NTA labels 17055, YTA labels 6613
Training with SBERT, model name is sbert
Tokenizing the dataset
Number of training steps 20000
Epoch 0 **** Loss 0.15031100809574127 **** Metrics validation: {'accuracy': 0.6733298031947754, 'f1_weighted': 0.6645375948545753, 'macro': 0.5971074658074823, 'micro': 0.6733298031947754, 'binary': 0.42186645841468173, 'accuracy_majority': 0.6852164137155705, 'macro_majority': 0.5832400799685079, 'binary_majority': 0.37708565072302563, 'run_time_millis': 80884.81669907924, 'loss_mean': 0.3115791380405426}
Epoch 1 **** Loss 0.13170909881591797 **** Metrics validation: {'accuracy': 0.6724031418233166, 'f1_weighted': 0.6331958432194005, 'macro': 0.5367264177605549, 'micro': 0.6724031418233166, 'binary': 0.2860165416426236, 'accuracy_majority': 0.7124789207419899, 'macro_majority': 0.5544444176500449, 'binary_majority': 0.28908964558721334, 'run_time_millis': 80688.84523096494, 'loss_mean': 0.37369489669799805}
Epoch 2 **** Loss 0.08054415881633759 **** Metrics validation: {'accuracy': 0.6655634983673109, 'f1_weighted': 0.6452980774547583, 'macro': 0.5646433671136086, 'micro': 0.6655634983673109, 'binary': 0.355033614160497, 'accuracy_majority': 0.7051714446318156, 'macro_majority': 0.5866886060423645, 'binary_majority': 0.3653962492437991, 'run_time_millis': 80685.82213995978, 'loss_mean': 0.36355122923851013}
Epoch 3 **** Loss 0.17096291482448578 **** Metrics validation: {'accuracy': 0.6490601006089489, 'f1_weighted': 0.6401735793270464, 'macro': 0.5683566510803462, 'micro': 0.6490601006089489, 'binary': 0.38171499650159374, 'accuracy_majority': 0.6773468240584598, 'macro_majority': 0.5795463950125934, 'binary_majority': 0.37676438653637356, 'run_time_millis': 80663.75637508463, 'loss_mean': 0.3714875876903534}
Epoch 4 **** Loss 0.12864390015602112 **** Metrics validation: {'accuracy': 0.6739475774424146, 'f1_weighted': 0.6334102978535732, 'macro': 0.5361119003818701, 'micro': 0.6739475774424146, 'binary': 0.2832476476864876, 'accuracy_majority': 0.7105115233277122, 'macro_majority': 0.5632539022725279, 'binary_majority': 0.30965147453083114, 'run_time_millis': 80626.65342993569, 'loss_mean': 0.41107603907585144}
Epoch 5 **** Loss 0.09355348348617554 **** Metrics validation: {'accuracy': 0.6771688288765334, 'f1_weighted': 0.6516174937234119, 'macro': 0.568106383327902, 'micro': 0.6771688288765334, 'binary': 0.3510732659215895, 'accuracy_majority': 0.7096683530073075, 'macro_majority': 0.5815024657829981, 'binary_majority': 0.3499056010069226, 'run_time_millis': 80620.74343394488, 'loss_mean': 0.3933927118778229}
Epoch 6 **** Loss 0.20783868432044983 **** Metrics validation: {'accuracy': 0.6889065395816786, 'f1_weighted': 0.6667412381422482, 'macro': 0.5885529579837395, 'micro': 0.6889065395816786, 'binary': 0.38535309503051435, 'accuracy_majority': 0.7155705452501405, 'macro_majority': 0.6007610684229784, 'binary_majority': 0.38666666666666666, 'run_time_millis': 80608.69093996007, 'loss_mean': 0.39186161756515503}
Epoch 7 **** Loss 0.1865617036819458 **** Metrics validation: {'accuracy': 0.6868325831788897, 'f1_weighted': 0.6627016517736772, 'macro': 0.5822959498808788, 'micro': 0.6868325831788897, 'binary': 0.3733333333333333, 'accuracy_majority': 0.7138842046093311, 'macro_majority': 0.5921226346891093, 'binary_majority': 0.36926889714993805, 'run_time_millis': 80680.68420805503, 'loss_mean': 0.42424434423446655}
Epoch 8 **** Loss 0.10638193786144257 **** Metrics validation: {'accuracy': 0.6887300326537816, 'f1_weighted': 0.6628704068871628, 'macro': 0.5812281416138405, 'micro': 0.6887300326537816, 'binary': 0.36905187835420394, 'accuracy_majority': 0.7133220910623946, 'macro_majority': 0.5887916968817984, 'binary_majority': 0.3625, 'run_time_millis': 80672.93021199293, 'loss_mean': 0.47078588604927063}
Epoch 9 **** Loss 0.16453224420547485 **** Metrics validation: {'accuracy': 0.6924808048715912, 'f1_weighted': 0.6653070409889268, 'macro': 0.5831735154926235, 'micro': 0.6924808048715912, 'binary': 0.36972053902505203, 'accuracy_majority': 0.7169758291174817, 'macro_majority': 0.5905641004544138, 'binary_majority': 0.3630613535736875, 'run_time_millis': 80635.84901497234, 'loss_mean': 0.49195200204849243}
Evaluating
{'accuracy': 0.6889065395816786, 'f1_weighted': 0.6667412381422482, 'macro': 0.5885529579837395, 'micro': 0.6889065395816786, 'binary': 0.38535309503051435, 'accuracy_majority': 0.7155705452501405, 'macro_majority': 0.6007610684229784, 'binary_majority': 0.38666666666666666, 'run_time_millis': 79610.60771089979, 'loss_mean': 0.39186161756515503}
