Device cuda
Split type sit
Training Size: 16278, NTA labels 10495, YTA labels 5783
Validation Size: 5420, NTA labels 3525, YTA labels 1895
Test Size: 5404, NTA labels 3394, YTA labels 2010
Training with SBERT, model name is sbert
Tokenizing the dataset
Number of training steps 5090
Epoch 0 **** Loss 0.3035787343978882 **** Metrics validation: {'accuracy': 0.7597785977859779, 'f1_weighted': 0.7640739794725246, 'macro': 0.7469135085189187, 'micro': 0.759778597785978, 'binary': 0.6898523106241067, 'accuracy_majority': 0.7861244019138756, 'macro_majority': 0.7786924798367181, 'binary_majority': 0.7381370826010545, 'run_time_millis': 4846.598513999197, 'loss_mean': 0.23795652389526367}
Epoch 1 **** Loss 0.2657064199447632 **** Metrics validation: {'accuracy': 0.7258302583025831, 'f1_weighted': 0.732132945307992, 'macro': 0.7202424594065838, 'micro': 0.7258302583025831, 'binary': 0.6807047700902449, 'accuracy_majority': 0.7598086124401914, 'macro_majority': 0.7575437409412253, 'binary_majority': 0.7341101694915255, 'run_time_millis': 5900.813735999691, 'loss_mean': 0.24667447805404663}
Epoch 2 **** Loss 0.10992431640625 **** Metrics validation: {'accuracy': 0.7603321033210332, 'f1_weighted': 0.7648383165108525, 'macro': 0.74825789326163, 'micro': 0.7603321033210332, 'binary': 0.6931254429482636, 'accuracy_majority': 0.7861244019138756, 'macro_majority': 0.7790099290947906, 'binary_majority': 0.7393586005830904, 'run_time_millis': 5860.292503995879, 'loss_mean': 0.25068408250808716}
Epoch 3 **** Loss 0.20993074774742126 **** Metrics validation: {'accuracy': 0.7571955719557195, 'f1_weighted': 0.7617053805077597, 'macro': 0.7447676202777473, 'micro': 0.7571955719557195, 'binary': 0.6884469696969697, 'accuracy_majority': 0.7880382775119618, 'macro_majority': 0.7807522201954611, 'binary_majority': 0.740784084259801, 'run_time_millis': 5900.017200001457, 'loss_mean': 0.249008446931839}
Epoch 4 **** Loss 0.22424398362636566 **** Metrics validation: {'accuracy': 0.7357933579335794, 'f1_weighted': 0.741829398558838, 'macro': 0.7278140905543202, 'micro': 0.7357933579335794, 'binary': 0.6812110418521817, 'accuracy_majority': 0.7660287081339713, 'macro_majority': 0.7622641535767846, 'binary_majority': 0.7323481116584565, 'run_time_millis': 5868.211275002977, 'loss_mean': 0.2595953047275543}
Epoch 5 **** Loss 0.15119877457618713 **** Metrics validation: {'accuracy': 0.7522140221402214, 'f1_weighted': 0.7572419440836858, 'macro': 0.7411407402175816, 'micro': 0.7522140221402213, 'binary': 0.6876017678529891, 'accuracy_majority': 0.7799043062200957, 'macro_majority': 0.7739212228101117, 'binary_majority': 0.7371428571428571, 'run_time_millis': 5859.137723993626, 'loss_mean': 0.2905229330062866}
Epoch 6 **** Loss 0.10048573464155197 **** Metrics validation: {'accuracy': 0.7557195571955719, 'f1_weighted': 0.7601409182393966, 'macro': 0.742816835303257, 'micro': 0.7557195571955719, 'binary': 0.6852116024726581, 'accuracy_majority': 0.7822966507177034, 'macro_majority': 0.77481322841746, 'binary_majority': 0.7337624341720306, 'run_time_millis': 5893.1506289955, 'loss_mean': 0.2945290207862854}
Epoch 7 **** Loss 0.10460708290338516 **** Metrics validation: {'accuracy': 0.7621771217712177, 'f1_weighted': 0.7645921557864932, 'macro': 0.7441957545175863, 'micro': 0.7621771217712177, 'binary': 0.6763745920160683, 'accuracy_majority': 0.7803827751196172, 'macro_majority': 0.7687372578402025, 'binary_majority': 0.716841455891425, 'run_time_millis': 5885.635835998983, 'loss_mean': 0.3581750690937042}
Epoch 8 **** Loss 0.12430364638566971 **** Metrics validation: {'accuracy': 0.76309963099631, 'f1_weighted': 0.7658425220743756, 'macro': 0.7460597235909819, 'micro': 0.76309963099631, 'binary': 0.6802788844621515, 'accuracy_majority': 0.7842105263157895, 'macro_majority': 0.7733750620003457, 'binary_majority': 0.7238211879975506, 'run_time_millis': 5868.026849995658, 'loss_mean': 0.3457203507423401}
Epoch 9 **** Loss 0.16301654279232025 **** Metrics validation: {'accuracy': 0.7605166051660517, 'f1_weighted': 0.7637112482986724, 'macro': 0.7444250693869248, 'micro': 0.7605166051660517, 'binary': 0.680295566502463, 'accuracy_majority': 0.7832535885167464, 'macro_majority': 0.7731537066512301, 'binary_majority': 0.7252880533656761, 'run_time_millis': 5864.287049000268, 'loss_mean': 0.3578656315803528}
Evaluating
{'accuracy': 0.76309963099631, 'f1_weighted': 0.7658425220743756, 'macro': 0.7460597235909819, 'micro': 0.76309963099631, 'binary': 0.6802788844621515, 'accuracy_majority': 0.7842105263157895, 'macro_majority': 0.7733750620003457, 'binary_majority': 0.7238211879975506, 'run_time_millis': 5877.40834899887, 'loss_mean': 0.3457203507423401}
