Device cuda
Split type sit
Training Size: 1407, NTA labels 1174, YTA labels 233
Validation Size: 821, NTA labels 667, YTA labels 154
Test Size: 791, NTA labels 656, YTA labels 135
Training with SBERT, model name is sbert
Tokenizing the dataset
Number of training steps 440
Epoch 0 **** Loss 0.15186640620231628 **** Metrics validation: {'accuracy': 0.7637028014616322, 'f1_weighted': 0.7863283473231886, 'macro': 0.699709653092006, 'micro': 0.7637028014616322, 'binary': 0.5610859728506787, 'accuracy_majority': 0.7699443413729128, 'macro_majority': 0.7203421035013724, 'binary_majority': 0.6025641025641025, 'run_time_millis': 1753.985160999946, 'loss_mean': 0.1396009773015976}
Epoch 1 **** Loss 0.14605236053466797 **** Metrics validation: {'accuracy': 0.7393422655298416, 'f1_weighted': 0.7675296293297651, 'macro': 0.6929929405186273, 'micro': 0.7393422655298416, 'binary': 0.5737051792828685, 'accuracy_majority': 0.725417439703154, 'macro_majority': 0.6962594047945414, 'binary_majority': 0.6021505376344086, 'run_time_millis': 2712.4711090000346, 'loss_mean': 0.12622125446796417}
Epoch 2 **** Loss 0.05209970846772194 **** Metrics validation: {'accuracy': 0.8867235079171741, 'f1_weighted': 0.8926954716422316, 'macro': 0.8348913699261096, 'micro': 0.8867235079171741, 'binary': 0.7423822714681441, 'accuracy_majority': 0.8775510204081632, 'macro_majority': 0.837733542548533, 'binary_majority': 0.7573529411764706, 'run_time_millis': 1091.3026259995604, 'loss_mean': 0.1071944534778595}
Epoch 3 **** Loss 0.030822986736893654 **** Metrics validation: {'accuracy': 0.9001218026796589, 'f1_weighted': 0.9041421798776897, 'macro': 0.8498670877042747, 'micro': 0.9001218026796589, 'binary': 0.7630057803468208, 'accuracy_majority': 0.8961038961038961, 'macro_majority': 0.8595413595413595, 'binary_majority': 0.787878787878788, 'run_time_millis': 844.4569740004226, 'loss_mean': 0.1224513053894043}
Epoch 4 **** Loss 0.018224120140075684 **** Metrics validation: {'accuracy': 0.8928136419001218, 'f1_weighted': 0.8982117609720084, 'macro': 0.8428270592944535, 'micro': 0.8928136419001218, 'binary': 0.7541899441340781, 'accuracy_majority': 0.8831168831168831, 'macro_majority': 0.8462266500622664, 'binary_majority': 0.7709090909090909, 'run_time_millis': 688.9794959997744, 'loss_mean': 0.13059471547603607}
Epoch 5 **** Loss 0.027202732861042023 **** Metrics validation: {'accuracy': 0.9013398294762485, 'f1_weighted': 0.9044886275331884, 'macro': 0.8487874756983524, 'micro': 0.9013398294762485, 'binary': 0.7596439169139465, 'accuracy_majority': 0.8961038961038961, 'macro_majority': 0.8565617396593673, 'binary_majority': 0.78125, 'run_time_millis': 2721.1888829997406, 'loss_mean': 0.13675546646118164}
Epoch 6 **** Loss 0.011184487491846085 **** Metrics validation: {'accuracy': 0.9013398294762485, 'f1_weighted': 0.9041011563043517, 'macro': 0.847438729791671, 'micro': 0.9013398294762485, 'binary': 0.7567567567567568, 'accuracy_majority': 0.8979591836734694, 'macro_majority': 0.8579710144927535, 'binary_majority': 0.7826086956521738, 'run_time_millis': 898.0514209997636, 'loss_mean': 0.15854433178901672}
Epoch 7 **** Loss 0.002164058852940798 **** Metrics validation: {'accuracy': 0.9037758830694276, 'f1_weighted': 0.9062749458401904, 'macro': 0.8505349805618737, 'micro': 0.9037758830694276, 'binary': 0.7613293051359518, 'accuracy_majority': 0.8979591836734694, 'macro_majority': 0.8579710144927535, 'binary_majority': 0.7826086956521738, 'run_time_millis': 2724.76317499968, 'loss_mean': 0.18496164679527283}
Epoch 8 **** Loss 0.0007621959084644914 **** Metrics validation: {'accuracy': 0.9037758830694276, 'f1_weighted': 0.9052508743085971, 'macro': 0.8470454507936731, 'micro': 0.9037758830694276, 'binary': 0.7538940809968846, 'accuracy_majority': 0.8942486085343229, 'macro_majority': 0.8503193557345181, 'binary_majority': 0.7692307692307692, 'run_time_millis': 2708.6093540001457, 'loss_mean': 0.2094794362783432}
Epoch 9 **** Loss 0.0006882862653583288 **** Metrics validation: {'accuracy': 0.9074299634591961, 'f1_weighted': 0.9076590794558653, 'macro': 0.8488908263101811, 'micro': 0.9074299634591961, 'binary': 0.7548387096774193, 'accuracy_majority': 0.8942486085343229, 'macro_majority': 0.8467841273482578, 'binary_majority': 0.7615062761506277, 'run_time_millis': 2431.7438640000546, 'loss_mean': 0.23858730494976044}
Evaluating
{'accuracy': 0.9074299634591961, 'f1_weighted': 0.9076590794558653, 'macro': 0.8488908263101811, 'micro': 0.9074299634591961, 'binary': 0.7548387096774193, 'accuracy_majority': 0.8942486085343229, 'macro_majority': 0.8467841273482578, 'binary_majority': 0.7615062761506277, 'run_time_millis': 2720.7442980006817, 'loss_mean': 0.23858730494976044}
Device cuda
Split type sit
Training Size: 1644, NTA labels 1379, YTA labels 265
Validation Size: 821, NTA labels 667, YTA labels 154
Test Size: 791, NTA labels 656, YTA labels 135
Training with SBERT, model name is sbert
Tokenizing the dataset
Number of training steps 520
Epoch 0 **** Loss 0.10713184624910355 **** Metrics validation: {'accuracy': 0.8136419001218027, 'f1_weighted': 0.8288376607114988, 'macro': 0.7500959922012553, 'micro': 0.8136419001218026, 'binary': 0.6240786240786241, 'accuracy_majority': 0.8107606679035251, 'macro_majority': 0.7604569695702186, 'binary_majority': 0.6506849315068494, 'run_time_millis': 944.6093429996836, 'loss_mean': 0.1268046498298645}
Epoch 1 **** Loss 0.1042759120464325 **** Metrics validation: {'accuracy': 0.8745432399512789, 'f1_weighted': 0.8783031175457685, 'macro': 0.8068654432504653, 'micro': 0.8745432399512789, 'binary': 0.6925373134328358, 'accuracy_majority': 0.862708719851577, 'macro_majority': 0.8028490648107873, 'binary_majority': 0.6942148760330579, 'run_time_millis': 2717.4632480000582, 'loss_mean': 0.1216401606798172}
Epoch 2 **** Loss 0.039878666400909424 **** Metrics validation: {'accuracy': 0.8489646772228989, 'f1_weighted': 0.8607398384986692, 'macro': 0.7950805152979066, 'micro': 0.8489646772228989, 'binary': 0.69, 'accuracy_majority': 0.8478664192949907, 'macro_majority': 0.808248299319728, 'binary_majority': 0.7210884353741497, 'run_time_millis': 993.5260550000748, 'loss_mean': 0.11847119778394699}
Epoch 3 **** Loss 0.09085673838853836 **** Metrics validation: {'accuracy': 0.8623629719853837, 'f1_weighted': 0.8728712436395764, 'macro': 0.8123010935429376, 'micro': 0.8623629719853837, 'binary': 0.7153652392947104, 'accuracy_majority': 0.8404452690166976, 'macro_majority': 0.8037776423177216, 'binary_majority': 0.7189542483660131, 'run_time_millis': 1907.3956340007499, 'loss_mean': 0.10801167786121368}
Epoch 4 **** Loss 0.010457921773195267 **** Metrics validation: {'accuracy': 0.9135200974421437, 'f1_weighted': 0.9096629755401965, 'macro': 0.8458338292273309, 'micro': 0.9135200974421437, 'binary': 0.743682310469314, 'accuracy_majority': 0.9053803339517625, 'macro_majority': 0.8538759628111694, 'binary_majority': 0.767123287671233, 'run_time_millis': 2733.543919999647, 'loss_mean': 0.23613867163658142}
Epoch 5 **** Loss 0.0004463949298951775 **** Metrics validation: {'accuracy': 0.9183922046285018, 'f1_weighted': 0.9194599741511774, 'macro': 0.8696630864118549, 'micro': 0.9183922046285018, 'binary': 0.7899686520376176, 'accuracy_majority': 0.9090909090909091, 'macro_majority': 0.8698356373672408, 'binary_majority': 0.7983539094650205, 'run_time_millis': 2718.191107000166, 'loss_mean': 0.17002156376838684}
Epoch 6 **** Loss 0.002668612403795123 **** Metrics validation: {'accuracy': 0.902557856272838, 'f1_weighted': 0.9066519185214965, 'macro': 0.8541455701824512, 'micro': 0.902557856272838, 'binary': 0.7701149425287357, 'accuracy_majority': 0.8886827458256029, 'macro_majority': 0.8517601760176017, 'binary_majority': 0.7777777777777777, 'run_time_millis': 2720.031488999666, 'loss_mean': 0.1637670248746872}
Epoch 7 **** Loss 0.059811290353536606 **** Metrics validation: {'accuracy': 0.9086479902557856, 'f1_weighted': 0.9117381627635179, 'macro': 0.8606007919097521, 'micro': 0.9086479902557856, 'binary': 0.7787610619469026, 'accuracy_majority': 0.8961038961038961, 'macro_majority': 0.8580778634568366, 'binary_majority': 0.7846153846153846, 'run_time_millis': 2147.2959439997794, 'loss_mean': 0.17074349522590637}
Epoch 8 **** Loss 0.003942134324461222 **** Metrics validation: {'accuracy': 0.9098660170523751, 'f1_weighted': 0.9128292285929038, 'macro': 0.8621583112498639, 'micro': 0.9098660170523751, 'binary': 0.7810650887573964, 'accuracy_majority': 0.8979591836734694, 'macro_majority': 0.8609762846035164, 'binary_majority': 0.7892720306513411, 'run_time_millis': 2615.9565819998534, 'loss_mean': 0.16820396482944489}
Epoch 9 **** Loss 0.0009289917070418596 **** Metrics validation: {'accuracy': 0.9135200974421437, 'f1_weighted': 0.9159405197235677, 'macro': 0.8662734545087487, 'micro': 0.9135200974421437, 'binary': 0.7867867867867868, 'accuracy_majority': 0.9053803339517625, 'macro_majority': 0.8697185268036987, 'binary_majority': 0.8015564202334631, 'run_time_millis': 2375.8694790003574, 'loss_mean': 0.17915378510951996}
Evaluating
{'accuracy': 0.9183922046285018, 'f1_weighted': 0.9194599741511774, 'macro': 0.8696630864118549, 'micro': 0.9183922046285018, 'binary': 0.7899686520376176, 'accuracy_majority': 0.9090909090909091, 'macro_majority': 0.8698356373672408, 'binary_majority': 0.7983539094650205, 'run_time_millis': 2719.4401719998496, 'loss_mean': 0.17002156376838684}
Device cuda
Split type sit
Training Size: 1878, NTA labels 1569, YTA labels 309
Validation Size: 821, NTA labels 667, YTA labels 154
Test Size: 791, NTA labels 656, YTA labels 135
Training with SBERT, model name is sbert
Tokenizing the dataset
Number of training steps 590
Epoch 0 **** Loss 0.06881335377693176 **** Metrics validation: {'accuracy': 0.8879415347137637, 'f1_weighted': 0.883490460578679, 'macro': 0.8019404237465911, 'micro': 0.8879415347137637, 'binary': 0.6714285714285714, 'accuracy_majority': 0.8589981447124304, 'macro_majority': 0.7719559989311481, 'binary_majority': 0.6310679611650485, 'run_time_millis': 893.1777030002195, 'loss_mean': 0.16301439702510834}
Epoch 1 **** Loss 0.08035895973443985 **** Metrics validation: {'accuracy': 0.8197320341047503, 'f1_weighted': 0.8362320389192702, 'macro': 0.766850871133625, 'micro': 0.8197320341047503, 'binary': 0.6558139534883722, 'accuracy_majority': 0.7884972170686456, 'macro_majority': 0.7519057463096352, 'binary_majority': 0.6566265060240963, 'run_time_millis': 2715.9474010004487, 'loss_mean': 0.10772088915109634}
Epoch 2 **** Loss 0.04932130500674248 **** Metrics validation: {'accuracy': 0.902557856272838, 'f1_weighted': 0.9064801754904289, 'macro': 0.8535288660529508, 'micro': 0.902557856272838, 'binary': 0.7687861271676301, 'accuracy_majority': 0.8868274582560297, 'macro_majority': 0.8481598987701872, 'binary_majority': 0.7715355805243447, 'run_time_millis': 2716.4165659996797, 'loss_mean': 0.11743371188640594}
Epoch 3 **** Loss 0.03527454659342766 **** Metrics validation: {'accuracy': 0.8733252131546894, 'f1_weighted': 0.8818749454023765, 'macro': 0.822604504279897, 'micro': 0.8733252131546894, 'binary': 0.7277486910994765, 'accuracy_majority': 0.8515769944341373, 'macro_majority': 0.8137139697242, 'binary_majority': 0.7297297297297297, 'run_time_millis': 2713.2240490000186, 'loss_mean': 0.12376001477241516}
Epoch 4 **** Loss 0.006805216893553734 **** Metrics validation: {'accuracy': 0.9074299634591961, 'f1_weighted': 0.9089514538489808, 'macro': 0.8531996988518726, 'micro': 0.9074299634591961, 'binary': 0.763975155279503, 'accuracy_majority': 0.8868274582560297, 'macro_majority': 0.8407187253234892, 'binary_majority': 0.755020080321285, 'run_time_millis': 2059.3023380006343, 'loss_mean': 0.19898921251296997}
Epoch 5 **** Loss 0.05731917545199394 **** Metrics validation: {'accuracy': 0.9037758830694276, 'f1_weighted': 0.9031616113902764, 'macro': 0.8401373371093644, 'micro': 0.9037758830694276, 'binary': 0.7392739273927393, 'accuracy_majority': 0.8849721706864564, 'macro_majority': 0.8253073770491803, 'binary_majority': 0.7232142857142858, 'run_time_millis': 2124.351832000684, 'loss_mean': 0.23503731191158295}
Epoch 6 **** Loss 0.0038174083456397057 **** Metrics validation: {'accuracy': 0.9013398294762485, 'f1_weighted': 0.9028521622657768, 'macro': 0.8431731837251586, 'micro': 0.9013398294762485, 'binary': 0.7476635514018691, 'accuracy_majority': 0.8831168831168831, 'macro_majority': 0.8354963884488498, 'binary_majority': 0.746987951807229, 'run_time_millis': 1756.2219279998317, 'loss_mean': 0.2230272889137268}
Epoch 7 **** Loss 0.001881508040241897 **** Metrics validation: {'accuracy': 0.9086479902557856, 'f1_weighted': 0.909422069079039, 'macro': 0.8526931496034735, 'micro': 0.9086479902557856, 'binary': 0.7619047619047619, 'accuracy_majority': 0.8923933209647495, 'macro_majority': 0.8454762940408874, 'binary_majority': 0.7603305785123967, 'run_time_millis': 2723.9688760000718, 'loss_mean': 0.2575908601284027}
Epoch 8 **** Loss 0.0006014530081301928 **** Metrics validation: {'accuracy': 0.902557856272838, 'f1_weighted': 0.9057613282085447, 'macro': 0.850981958107961, 'micro': 0.902557856272838, 'binary': 0.7633136094674556, 'accuracy_majority': 0.8831168831168831, 'macro_majority': 0.8399168399168399, 'binary_majority': 0.7567567567567568, 'run_time_millis': 2736.429603999568, 'loss_mean': 0.23817870020866394}
Epoch 9 **** Loss 0.0001556653151055798 **** Metrics validation: {'accuracy': 0.9086479902557856, 'f1_weighted': 0.909422069079039, 'macro': 0.8526931496034735, 'micro': 0.9086479902557856, 'binary': 0.7619047619047619, 'accuracy_majority': 0.8886827458256029, 'macro_majority': 0.8410779573062861, 'binary_majority': 0.7540983606557377, 'run_time_millis': 2102.270689000761, 'loss_mean': 0.26735594868659973}
Evaluating
{'accuracy': 0.9086479902557856, 'f1_weighted': 0.909422069079039, 'macro': 0.8526931496034735, 'micro': 0.9086479902557856, 'binary': 0.7619047619047619, 'accuracy_majority': 0.8923933209647495, 'macro_majority': 0.8454762940408874, 'binary_majority': 0.7603305785123967, 'run_time_millis': 1399.1068249997625, 'loss_mean': 0.2575908601284027}
Device cuda
Split type sit
Training Size: 2112, NTA labels 1769, YTA labels 343
Validation Size: 821, NTA labels 667, YTA labels 154
Test Size: 791, NTA labels 656, YTA labels 135
Training with SBERT, model name is sbert
Tokenizing the dataset
Number of training steps 660
Epoch 0 **** Loss 0.15241624414920807 **** Metrics validation: {'accuracy': 0.805115712545676, 'f1_weighted': 0.8236475545224058, 'macro': 0.7516260777492059, 'micro': 0.805115712545676, 'binary': 0.6363636363636365, 'accuracy_majority': 0.8033395176252319, 'macro_majority': 0.7652979066022545, 'binary_majority': 0.6708074534161491, 'run_time_millis': 2721.856640000624, 'loss_mean': 0.1177186593413353}
Epoch 1 **** Loss 0.04637446627020836 **** Metrics validation: {'accuracy': 0.8514007308160779, 'f1_weighted': 0.8629859701357875, 'macro': 0.7983856682769728, 'micro': 0.8514007308160779, 'binary': 0.6950000000000002, 'accuracy_majority': 0.8274582560296846, 'macro_majority': 0.7882229179077047, 'binary_majority': 0.6970684039087949, 'run_time_millis': 2108.830527000464, 'loss_mean': 0.10308338701725006}
Epoch 2 **** Loss 0.08207511901855469 **** Metrics validation: {'accuracy': 0.8757612667478685, 'f1_weighted': 0.8814073874741524, 'macro': 0.8155787526427061, 'micro': 0.8757612667478685, 'binary': 0.7102272727272727, 'accuracy_majority': 0.8608534322820037, 'macro_majority': 0.8169364881693648, 'binary_majority': 0.7272727272727273, 'run_time_millis': 1907.4290839998866, 'loss_mean': 0.14528004825115204}
Epoch 3 **** Loss 0.016462262719869614 **** Metrics validation: {'accuracy': 0.9013398294762485, 'f1_weighted': 0.9055708366849469, 'macro': 0.8526316489273296, 'micro': 0.9013398294762485, 'binary': 0.7679083094555874, 'accuracy_majority': 0.8868274582560297, 'macro_majority': 0.848916235105987, 'binary_majority': 0.7732342007434944, 'run_time_millis': 2718.409827999494, 'loss_mean': 0.1327553689479828}
Epoch 4 **** Loss 0.0036224424839019775 **** Metrics validation: {'accuracy': 0.9074299634591961, 'f1_weighted': 0.9101129502440659, 'macro': 0.8571755571425956, 'micro': 0.9074299634591961, 'binary': 0.7724550898203594, 'accuracy_majority': 0.8923933209647495, 'macro_majority': 0.8514389446472019, 'binary_majority': 0.7734375, 'run_time_millis': 2110.509801000262, 'loss_mean': 0.17297418415546417}
Epoch 5 **** Loss 0.0423571951687336 **** Metrics validation: {'accuracy': 0.902557856272838, 'f1_weighted': 0.9053820528884906, 'macro': 0.8496584812027321, 'micro': 0.902557856272838, 'binary': 0.7604790419161677, 'accuracy_majority': 0.8868274582560297, 'macro_majority': 0.844173139902463, 'binary_majority': 0.762645914396887, 'run_time_millis': 2012.550753999676, 'loss_mean': 0.18847566843032837}
Epoch 6 **** Loss 0.006119720637798309 **** Metrics validation: {'accuracy': 0.8989037758830695, 'f1_weighted': 0.9030626774419928, 'macro': 0.8483571261669245, 'micro': 0.8989037758830695, 'binary': 0.760806916426513, 'accuracy_majority': 0.8794063079777366, 'macro_majority': 0.8382031708206912, 'binary_majority': 0.7565543071161049, 'run_time_millis': 2476.3763729997663, 'loss_mean': 0.17782296240329742}
Epoch 7 **** Loss 0.02362327091395855 **** Metrics validation: {'accuracy': 0.9037758830694276, 'f1_weighted': 0.9054630467511533, 'macro': 0.8477620488361339, 'micro': 0.9037758830694276, 'binary': 0.7554179566563467, 'accuracy_majority': 0.8849721706864564, 'macro_majority': 0.8376506024096386, 'binary_majority': 0.7500000000000001, 'run_time_millis': 2414.5413559999724, 'loss_mean': 0.22455018758773804}
Epoch 8 **** Loss 0.003998820669949055 **** Metrics validation: {'accuracy': 0.9074299634591961, 'f1_weighted': 0.908322490111221, 'macro': 0.851089218550127, 'micro': 0.9074299634591961, 'binary': 0.7594936708860759, 'accuracy_majority': 0.8886827458256029, 'macro_majority': 0.8419910881801125, 'binary_majority': 0.7560975609756098, 'run_time_millis': 2718.511430000035, 'loss_mean': 0.27141013741493225}
Epoch 9 **** Loss 0.0025862520560622215 **** Metrics validation: {'accuracy': 0.9037758830694276, 'f1_weighted': 0.9050348948946718, 'macro': 0.8463191615900976, 'micro': 0.9037758830694276, 'binary': 0.7523510971786834, 'accuracy_majority': 0.8849721706864564, 'macro_majority': 0.8376506024096386, 'binary_majority': 0.7500000000000001, 'run_time_millis': 1702.6680489998398, 'loss_mean': 0.2626839876174927}
Evaluating
{'accuracy': 0.9074299634591961, 'f1_weighted': 0.9101129502440659, 'macro': 0.8571755571425956, 'micro': 0.9074299634591961, 'binary': 0.7724550898203594, 'accuracy_majority': 0.8923933209647495, 'macro_majority': 0.8514389446472019, 'binary_majority': 0.7734375, 'run_time_millis': 2759.5035979993554, 'loss_mean': 0.17297418415546417}
Device cuda
Split type sit
Training Size: 2349, NTA labels 1973, YTA labels 376
Validation Size: 821, NTA labels 667, YTA labels 154
Test Size: 791, NTA labels 656, YTA labels 135
Training with SBERT, model name is sbert
Tokenizing the dataset
Number of training steps 740
Epoch 0 **** Loss 0.14865122735500336 **** Metrics validation: {'accuracy': 0.8574908647990256, 'f1_weighted': 0.8671993969785124, 'macro': 0.8007930368708225, 'micro': 0.8574908647990256, 'binary': 0.6945169712793734, 'accuracy_majority': 0.862708719851577, 'macro_majority': 0.8206564748201439, 'binary_majority': 0.7338129496402878, 'run_time_millis': 2724.214148000101, 'loss_mean': 0.11407783627510071}
Epoch 1 **** Loss 0.041172437369823456 **** Metrics validation: {'accuracy': 0.9098660170523751, 'f1_weighted': 0.9117379607282831, 'macro': 0.8583875659649056, 'micro': 0.9098660170523751, 'binary': 0.7730061349693251, 'accuracy_majority': 0.8961038961038961, 'macro_majority': 0.8549905838041431, 'binary_majority': 0.7777777777777777, 'run_time_millis': 2511.831685999823, 'loss_mean': 0.10572496056556702}
Epoch 2 **** Loss 0.00664509367197752 **** Metrics validation: {'accuracy': 0.9074299634591961, 'f1_weighted': 0.9109900305290143, 'macro': 0.8602590747841043, 'micro': 0.9074299634591961, 'binary': 0.7790697674418604, 'accuracy_majority': 0.8942486085343229, 'macro_majority': 0.8566656558352189, 'binary_majority': 0.7832699619771862, 'run_time_millis': 2715.8602190002057, 'loss_mean': 0.09752072393894196}
Epoch 3 **** Loss 0.010940579697489738 **** Metrics validation: {'accuracy': 0.9110840438489647, 'f1_weighted': 0.9105164257150654, 'macro': 0.8522788051770076, 'micro': 0.9110840438489647, 'binary': 0.759075907590759, 'accuracy_majority': 0.8886827458256029, 'macro_majority': 0.8362498480981894, 'binary_majority': 0.7435897435897436, 'run_time_millis': 2716.960611999639, 'loss_mean': 0.17543481290340424}
Epoch 4 **** Loss 0.00599302165210247 **** Metrics validation: {'accuracy': 0.9074299634591961, 'f1_weighted': 0.9117913644947647, 'macro': 0.8631522616415763, 'micro': 0.9074299634591961, 'binary': 0.7853107344632768, 'accuracy_majority': 0.8961038961038961, 'macro_majority': 0.862319369435119, 'binary_majority': 0.7941176470588235, 'run_time_millis': 1399.734618000366, 'loss_mean': 0.12650899589061737}
Epoch 5 **** Loss 0.001012386754155159 **** Metrics validation: {'accuracy': 0.9123020706455542, 'f1_weighted': 0.9125191279055568, 'macro': 0.8568439407149084, 'micro': 0.9123020706455542, 'binary': 0.7677419354838709, 'accuracy_majority': 0.8942486085343229, 'macro_majority': 0.84858431285577, 'binary_majority': 0.7654320987654321, 'run_time_millis': 1703.8499130003402, 'loss_mean': 0.22167572379112244}
Epoch 6 **** Loss 0.003495896700769663 **** Metrics validation: {'accuracy': 0.9074299634591961, 'f1_weighted': 0.9114795443146807, 'macro': 0.8620168067226891, 'micro': 0.9074299634591961, 'binary': 0.7828571428571429, 'accuracy_majority': 0.8979591836734694, 'macro_majority': 0.863094990694431, 'binary_majority': 0.7940074906367042, 'run_time_millis': 2725.1874399998997, 'loss_mean': 0.16271646320819855}
Epoch 7 **** Loss 0.009141301736235619 **** Metrics validation: {'accuracy': 0.9123020706455542, 'f1_weighted': 0.9137434825937713, 'macro': 0.8609260304912479, 'micro': 0.9123020706455542, 'binary': 0.7763975155279503, 'accuracy_majority': 0.8998144712430427, 'macro_majority': 0.8585989117761368, 'binary_majority': 0.7822580645161291, 'run_time_millis': 1978.4598570004164, 'loss_mean': 0.2072301208972931}
Epoch 8 **** Loss 0.021936817094683647 **** Metrics validation: {'accuracy': 0.9135200974421437, 'f1_weighted': 0.9148457224798784, 'macro': 0.8625345190677316, 'micro': 0.9135200974421437, 'binary': 0.778816199376947, 'accuracy_majority': 0.8979591836734694, 'macro_majority': 0.8555713081648859, 'binary_majority': 0.7773279352226721, 'run_time_millis': 1452.8844010001194, 'loss_mean': 0.21596595644950867}
Epoch 9 **** Loss 0.0016996879130601883 **** Metrics validation: {'accuracy': 0.9123020706455542, 'f1_weighted': 0.9137434825937713, 'macro': 0.8609260304912479, 'micro': 0.9123020706455542, 'binary': 0.7763975155279503, 'accuracy_majority': 0.8961038961038961, 'macro_majority': 0.8533618344345122, 'binary_majority': 0.7741935483870968, 'run_time_millis': 2719.970586999807, 'loss_mean': 0.21959680318832397}
Evaluating
{'accuracy': 0.9135200974421437, 'f1_weighted': 0.9148457224798784, 'macro': 0.8625345190677316, 'micro': 0.9135200974421437, 'binary': 0.778816199376947, 'accuracy_majority': 0.8979591836734694, 'macro_majority': 0.8555713081648859, 'binary_majority': 0.7773279352226721, 'run_time_millis': 1350.8039850003115, 'loss_mean': 0.21596595644950867}
