Device cuda
Split type sit
Training Size: 1862, NTA labels 1802, YTA labels 60
Validation Size: 1333, NTA labels 1280, YTA labels 53
Test Size: 1235, NTA labels 1157, YTA labels 78
Training with SBERT, model name is sbert
Tokenizing the dataset
Number of training steps 590
Epoch 0 **** Loss 0.020893855020403862 **** Metrics validation: {'accuracy': 0.8154538634658665, 'f1_weighted': 0.8658975415919342, 'macro': 0.5060464191460902, 'micro': 0.8154538634658665, 'binary': 0.11510791366906474, 'accuracy_majority': 0.8175675675675675, 'macro_majority': 0.5181413794951498, 'binary_majority': 0.13829787234042554, 'run_time_millis': 2695.5659329978516, 'loss_mean': 0.04929531365633011}
Epoch 1 **** Loss 0.021179011091589928 **** Metrics validation: {'accuracy': 0.8372093023255814, 'f1_weighted': 0.8793434284432878, 'macro': 0.5228015474334546, 'micro': 0.8372093023255814, 'binary': 0.13545816733067728, 'accuracy_majority': 0.831081081081081, 'macro_majority': 0.5221490378406303, 'binary_majority': 0.13793103448275862, 'run_time_millis': 1965.5134549975628, 'loss_mean': 0.04893210530281067}
Epoch 2 **** Loss 0.019445883110165596 **** Metrics validation: {'accuracy': 0.9144786196549137, 'f1_weighted': 0.9224624355845007, 'macro': 0.545687737676688, 'micro': 0.9144786196549137, 'binary': 0.13636363636363633, 'accuracy_majority': 0.9121621621621622, 'macro_majority': 0.5705357142857143, 'binary_majority': 0.18749999999999997, 'run_time_millis': 2689.064663998579, 'loss_mean': 0.048788513988256454}
Epoch 3 **** Loss 0.0206849817186594 **** Metrics validation: {'accuracy': 0.8747186796699175, 'f1_weighted': 0.9013454645340966, 'macro': 0.5423227719148919, 'micro': 0.8747186796699175, 'binary': 0.15228426395939085, 'accuracy_majority': 0.8693693693693694, 'macro_majority': 0.5381635581061693, 'binary_majority': 0.14705882352941177, 'run_time_millis': 1937.0038849992852, 'loss_mean': 0.048018358647823334}
Epoch 4 **** Loss 0.01804967410862446 **** Metrics validation: {'accuracy': 0.8619654913728432, 'f1_weighted': 0.8942662451005808, 'macro': 0.5403999520297416, 'micro': 0.8619654913728432, 'binary': 0.15596330275229356, 'accuracy_majority': 0.8536036036036037, 'macro_majority': 0.5378480951847167, 'binary_majority': 0.15584415584415584, 'run_time_millis': 2695.242778001557, 'loss_mean': 0.04723990336060524}
Epoch 5 **** Loss 0.018909979611635208 **** Metrics validation: {'accuracy': 0.8424606151537885, 'f1_weighted': 0.882936770172692, 'macro': 0.5331885856079405, 'micro': 0.8424606151537885, 'binary': 0.1532258064516129, 'accuracy_majority': 0.8367117117117117, 'macro_majority': 0.5356971574252034, 'binary_majority': 0.16184971098265896, 'run_time_millis': 2724.5849920000182, 'loss_mean': 0.04642708972096443}
Epoch 6 **** Loss 0.016419077292084694 **** Metrics validation: {'accuracy': 0.8529632408102026, 'f1_weighted': 0.8893090344110994, 'macro': 0.5409005285650023, 'micro': 0.8529632408102026, 'binary': 0.1623931623931624, 'accuracy_majority': 0.847972972972973, 'macro_majority': 0.5440420814014963, 'binary_majority': 0.17177914110429449, 'run_time_millis': 2695.4240610029956, 'loss_mean': 0.04592304676771164}
Epoch 7 **** Loss 0.020145351067185402 **** Metrics validation: {'accuracy': 0.8522130532633159, 'f1_weighted': 0.8888547272258344, 'macro': 0.5403327586055997, 'micro': 0.8522130532633159, 'binary': 0.16170212765957448, 'accuracy_majority': 0.8468468468468469, 'macro_majority': 0.5481254209384121, 'binary_majority': 0.18072289156626506, 'run_time_millis': 2549.140664999868, 'loss_mean': 0.04548239707946777}
Epoch 8 **** Loss 0.016364896669983864 **** Metrics validation: {'accuracy': 0.8537134283570893, 'f1_weighted': 0.8899831056296331, 'macro': 0.5449994311070657, 'micro': 0.8537134283570893, 'binary': 0.1702127659574468, 'accuracy_majority': 0.8490990990990991, 'macro_majority': 0.5547706353363765, 'binary_majority': 0.1927710843373494, 'run_time_millis': 2666.773517998081, 'loss_mean': 0.045283056795597076}
Epoch 9 **** Loss 0.019067661836743355 **** Metrics validation: {'accuracy': 0.8552138034508627, 'f1_weighted': 0.8908938601425863, 'macro': 0.546173942341446, 'micro': 0.8552138034508627, 'binary': 0.17167381974248927, 'accuracy_majority': 0.8513513513513513, 'macro_majority': 0.5566180475700538, 'binary_majority': 0.19512195121951217, 'run_time_millis': 1687.9261760004738, 'loss_mean': 0.04525105655193329}
Evaluating
{'accuracy': 0.9144786196549137, 'f1_weighted': 0.9224624355845007, 'macro': 0.545687737676688, 'micro': 0.9144786196549137, 'binary': 0.13636363636363633, 'accuracy_majority': 0.9121621621621622, 'macro_majority': 0.5705357142857143, 'binary_majority': 0.18749999999999997, 'run_time_millis': 2714.280749001773, 'loss_mean': 0.048788513988256454}
Device cuda
Split type sit
Training Size: 2240, NTA labels 2165, YTA labels 75
Validation Size: 1333, NTA labels 1280, YTA labels 53
Test Size: 1235, NTA labels 1157, YTA labels 78
Training with SBERT, model name is sbert
Tokenizing the dataset
Number of training steps 700
Epoch 0 **** Loss 0.06805789470672607 **** Metrics validation: {'accuracy': 0.8627156789197299, 'f1_weighted': 0.8928118099018283, 'macro': 0.5121112664478619, 'micro': 0.8627156789197299, 'binary': 0.09852216748768473, 'accuracy_majority': 0.8614864864864865, 'macro_majority': 0.5199852335602502, 'binary_majority': 0.11510791366906475, 'run_time_millis': 2707.4695139999676, 'loss_mean': 0.05049510672688484}
Epoch 1 **** Loss 0.09160280227661133 **** Metrics validation: {'accuracy': 0.8117029257314329, 'f1_weighted': 0.8639157869356263, 'macro': 0.5099645123635528, 'micro': 0.8117029257314329, 'binary': 0.1254355400696864, 'accuracy_majority': 0.8085585585585585, 'macro_majority': 0.5125290622578145, 'binary_majority': 0.1326530612244898, 'run_time_millis': 995.3093189978972, 'loss_mean': 0.05003790184855461}
Epoch 2 **** Loss 0.041720084846019745 **** Metrics validation: {'accuracy': 0.8477119279819955, 'f1_weighted': 0.8852406922743263, 'macro': 0.5226596388358214, 'micro': 0.8477119279819955, 'binary': 0.12875536480686695, 'accuracy_majority': 0.8423423423423423, 'macro_majority': 0.5191831683168318, 'binary_majority': 0.125, 'run_time_millis': 2412.881276999542, 'loss_mean': 0.04944208264350891}
Epoch 3 **** Loss 0.019019564613699913 **** Metrics validation: {'accuracy': 0.8132033008252063, 'f1_weighted': 0.8654523973239485, 'macro': 0.5226200903509188, 'micro': 0.8132033008252063, 'binary': 0.1501706484641638, 'accuracy_majority': 0.8164414414414415, 'macro_majority': 0.5346794700751938, 'binary_majority': 0.17258883248730963, 'run_time_millis': 2712.258614003076, 'loss_mean': 0.048356205224990845}
Epoch 4 **** Loss 0.03879368305206299 **** Metrics validation: {'accuracy': 0.7914478619654913, 'f1_weighted': 0.8520144823054907, 'macro': 0.5142179225001311, 'micro': 0.7914478619654913, 'binary': 0.147239263803681, 'accuracy_majority': 0.7972972972972973, 'macro_majority': 0.5293895961653967, 'binary_majority': 0.1743119266055046, 'run_time_millis': 2690.3486750015873, 'loss_mean': 0.047062426805496216}
Epoch 5 **** Loss 0.06614860892295837 **** Metrics validation: {'accuracy': 0.7846961740435109, 'f1_weighted': 0.8477092515027372, 'macro': 0.5100802294832145, 'micro': 0.7846961740435109, 'binary': 0.14328358208955225, 'accuracy_majority': 0.7871621621621622, 'macro_majority': 0.522693339172921, 'binary_majority': 0.16740088105726872, 'run_time_millis': 2673.630293000315, 'loss_mean': 0.046018172055482864}
Epoch 6 **** Loss 0.035979412496089935 **** Metrics validation: {'accuracy': 0.8072018004501126, 'f1_weighted': 0.8619731369612041, 'macro': 0.5242624339506045, 'micro': 0.8072018004501126, 'binary': 0.15737704918032785, 'accuracy_majority': 0.8074324324324325, 'macro_majority': 0.5363462319429135, 'binary_majority': 0.18181818181818182, 'run_time_millis': 2692.8895880009804, 'loss_mean': 0.045649588108062744}
Epoch 7 **** Loss 0.013815141282975674 **** Metrics validation: {'accuracy': 0.8109527381845462, 'f1_weighted': 0.8643275611802358, 'macro': 0.5267455621301774, 'micro': 0.810952738184546, 'binary': 0.16, 'accuracy_majority': 0.8119369369369369, 'macro_majority': 0.5395320675039977, 'binary_majority': 0.18536585365853658, 'run_time_millis': 2672.6812170018093, 'loss_mean': 0.04544059559702873}
Epoch 8 **** Loss 0.010343588888645172 **** Metrics validation: {'accuracy': 0.8102025506376594, 'f1_weighted': 0.8638571603033648, 'macro': 0.5262458471760797, 'micro': 0.8102025506376594, 'binary': 0.15946843853820597, 'accuracy_majority': 0.8096846846846847, 'macro_majority': 0.5379314804038389, 'binary_majority': 0.18357487922705315, 'run_time_millis': 1663.1231880019186, 'loss_mean': 0.045187536627054214}
Epoch 9 **** Loss 0.018068432807922363 **** Metrics validation: {'accuracy': 0.8147036759189797, 'f1_weighted': 0.866676030358375, 'macro': 0.5292682055057939, 'micro': 0.8147036759189796, 'binary': 0.16271186440677968, 'accuracy_majority': 0.8141891891891891, 'macro_majority': 0.541148506665748, 'binary_majority': 0.18719211822660098, 'run_time_millis': 2686.717624001176, 'loss_mean': 0.045335181057453156}
Evaluating
{'accuracy': 0.8627156789197299, 'f1_weighted': 0.8928118099018283, 'macro': 0.5121112664478619, 'micro': 0.8627156789197299, 'binary': 0.09852216748768473, 'accuracy_majority': 0.8614864864864865, 'macro_majority': 0.5199852335602502, 'binary_majority': 0.11510791366906475, 'run_time_millis': 2692.306578002899, 'loss_mean': 0.05049510672688484}
Device cuda
Split type sit
Training Size: 2604, NTA labels 2501, YTA labels 103
Validation Size: 1333, NTA labels 1280, YTA labels 53
Test Size: 1235, NTA labels 1157, YTA labels 78
Training with SBERT, model name is sbert
Tokenizing the dataset
Number of training steps 820
Epoch 0 **** Loss 0.028594233095645905 **** Metrics validation: {'accuracy': 0.8792198049512379, 'f1_weighted': 0.9027570962843641, 'macro': 0.5276888304954566, 'micro': 0.8792198049512379, 'binary': 0.12021857923497269, 'accuracy_majority': 0.875, 'macro_majority': 0.5293353643105103, 'binary_majority': 0.12598425196850394, 'run_time_millis': 2683.8456460027373, 'loss_mean': 0.05447763949632645}
Epoch 1 **** Loss 0.024503648281097412 **** Metrics validation: {'accuracy': 0.913728432108027, 'f1_weighted': 0.9225003911103331, 'macro': 0.551355780909317, 'micro': 0.913728432108027, 'binary': 0.14814814814814814, 'accuracy_majority': 0.9087837837837838, 'macro_majority': 0.549591408622687, 'binary_majority': 0.14736842105263157, 'run_time_millis': 2682.0772259998193, 'loss_mean': 0.05334755405783653}
Epoch 2 **** Loss 0.025694847106933594 **** Metrics validation: {'accuracy': 0.8342085521380345, 'f1_weighted': 0.8779086069902335, 'macro': 0.5274513043520106, 'micro': 0.8342085521380345, 'binary': 0.1467181467181467, 'accuracy_majority': 0.8322072072072072, 'macro_majority': 0.5325044254353887, 'binary_majority': 0.15819209039548024, 'run_time_millis': 2577.5056929996936, 'loss_mean': 0.05071234703063965}
Epoch 3 **** Loss 0.022313443943858147 **** Metrics validation: {'accuracy': 0.7644411102775694, 'f1_weighted': 0.8348666623745277, 'macro': 0.5050492867143451, 'micro': 0.7644411102775694, 'binary': 0.1467391304347826, 'accuracy_majority': 0.7702702702702703, 'macro_majority': 0.5186991869918699, 'binary_majority': 0.17073170731707318, 'run_time_millis': 2672.0198670009268, 'loss_mean': 0.04803919047117233}
Epoch 4 **** Loss 0.018151065334677696 **** Metrics validation: {'accuracy': 0.7764441110277569, 'f1_weighted': 0.8427618018222226, 'macro': 0.5146496784157332, 'micro': 0.7764441110277569, 'binary': 0.1581920903954802, 'accuracy_majority': 0.7792792792792793, 'macro_majority': 0.5245161783829266, 'binary_majority': 0.1764705882352941, 'run_time_millis': 2706.9442850006453, 'loss_mean': 0.04671461880207062}
Epoch 5 **** Loss 0.0146487420424819 **** Metrics validation: {'accuracy': 0.8252063015753939, 'f1_weighted': 0.8732221776095783, 'macro': 0.5365622925013243, 'micro': 0.8252063015753939, 'binary': 0.17081850533807827, 'accuracy_majority': 0.8243243243243243, 'macro_majority': 0.5486334667066353, 'binary_majority': 0.19587628865979384, 'run_time_millis': 1602.3563530034153, 'loss_mean': 0.04925445094704628}
Epoch 6 **** Loss 0.024613941088318825 **** Metrics validation: {'accuracy': 0.8072018004501126, 'f1_weighted': 0.8625921180220114, 'macro': 0.5374058995496681, 'micro': 0.8072018004501126, 'binary': 0.1841269841269841, 'accuracy_majority': 0.8063063063063063, 'macro_majority': 0.5467236467236467, 'binary_majority': 0.20370370370370366, 'run_time_millis': 2690.204722999624, 'loss_mean': 0.04958770424127579}
Epoch 7 **** Loss 0.014566407538950443 **** Metrics validation: {'accuracy': 0.8214553638409603, 'f1_weighted': 0.8716016884823327, 'macro': 0.5477620025088379, 'micro': 0.8214553638409603, 'binary': 0.19594594594594594, 'accuracy_majority': 0.8209459459459459, 'macro_majority': 0.5578340155142663, 'binary_majority': 0.21674876847290644, 'run_time_millis': 2693.836434002151, 'loss_mean': 0.05128418654203415}
Epoch 8 **** Loss 0.01363613922148943 **** Metrics validation: {'accuracy': 0.8259564891222806, 'f1_weighted': 0.8744312340711441, 'macro': 0.5511784511784512, 'micro': 0.8259564891222806, 'binary': 0.2, 'accuracy_majority': 0.8243243243243243, 'macro_majority': 0.560507614213198, 'binary_majority': 0.21999999999999997, 'run_time_millis': 2717.948379999143, 'loss_mean': 0.052663546055555344}
Epoch 9 **** Loss 0.014975265599787235 **** Metrics validation: {'accuracy': 0.8364591147786947, 'f1_weighted': 0.8810086594779493, 'macro': 0.5594657692074465, 'micro': 0.8364591147786947, 'binary': 0.21014492753623187, 'accuracy_majority': 0.8322072072072072, 'macro_majority': 0.5669270978237032, 'binary_majority': 0.22797927461139897, 'run_time_millis': 2694.8688209995453, 'loss_mean': 0.05395755171775818}
Evaluating
{'accuracy': 0.913728432108027, 'f1_weighted': 0.9225003911103331, 'macro': 0.551355780909317, 'micro': 0.913728432108027, 'binary': 0.14814814814814814, 'accuracy_majority': 0.9087837837837838, 'macro_majority': 0.549591408622687, 'binary_majority': 0.14736842105263157, 'run_time_millis': 2682.066115001362, 'loss_mean': 0.05334755405783653}
Device cuda
Split type sit
Training Size: 2982, NTA labels 2862, YTA labels 120
Validation Size: 1333, NTA labels 1280, YTA labels 53
Test Size: 1235, NTA labels 1157, YTA labels 78
Training with SBERT, model name is sbert
Tokenizing the dataset
Number of training steps 940
Epoch 0 **** Loss 0.02912302315235138 **** Metrics validation: {'accuracy': 0.8604651162790697, 'f1_weighted': 0.8926018990835738, 'macro': 0.5274923388879571, 'micro': 0.8604651162790697, 'binary': 0.1308411214953271, 'accuracy_majority': 0.8626126126126126, 'macro_majority': 0.5390114379084967, 'binary_majority': 0.1527777777777778, 'run_time_millis': 2720.379441998375, 'loss_mean': 0.055134423077106476}
Epoch 1 **** Loss 0.025350993499159813 **** Metrics validation: {'accuracy': 0.894973743435859, 'f1_weighted': 0.9130502201210831, 'macro': 0.5553109153989859, 'micro': 0.894973743435859, 'binary': 0.16666666666666666, 'accuracy_majority': 0.8896396396396397, 'macro_majority': 0.5551920835803806, 'binary_majority': 0.1694915254237288, 'run_time_millis': 2687.608968997665, 'loss_mean': 0.05366450920701027}
Epoch 2 **** Loss 0.02665533311665058 **** Metrics validation: {'accuracy': 0.7749437359339835, 'f1_weighted': 0.841357090319022, 'macro': 0.5018188160255133, 'micro': 0.7749437359339835, 'binary': 0.13294797687861273, 'accuracy_majority': 0.7747747747747747, 'macro_majority': 0.511336121505613, 'binary_majority': 0.15254237288135594, 'run_time_millis': 2677.485988002445, 'loss_mean': 0.05085305869579315}
Epoch 3 **** Loss 0.025041306391358376 **** Metrics validation: {'accuracy': 0.7936984246061516, 'f1_weighted': 0.8538764461391649, 'macro': 0.5257056353791314, 'micro': 0.7936984246061517, 'binary': 0.16918429003021146, 'accuracy_majority': 0.795045045045045, 'macro_majority': 0.5351159793814433, 'binary_majority': 0.18749999999999997, 'run_time_millis': 2682.0258749976347, 'loss_mean': 0.047881659120321274}
Epoch 4 **** Loss 0.01099571492522955 **** Metrics validation: {'accuracy': 0.7906976744186046, 'f1_weighted': 0.8520521124747807, 'macro': 0.5261564609815855, 'micro': 0.7906976744186046, 'binary': 0.17210682492581605, 'accuracy_majority': 0.7905405405405406, 'macro_majority': 0.5354969345857471, 'binary_majority': 0.19130434782608693, 'run_time_millis': 1603.9358400012134, 'loss_mean': 0.04679029434919357}
Epoch 5 **** Loss 0.012245241552591324 **** Metrics validation: {'accuracy': 0.7981995498874719, 'f1_weighted': 0.8571638320121304, 'macro': 0.5384450030828084, 'micro': 0.7981995498874719, 'binary': 0.19219219219219216, 'accuracy_majority': 0.7984234234234234, 'macro_majority': 0.5513163948817685, 'binary_majority': 0.21834061135371177, 'run_time_millis': 2709.4032659988443, 'loss_mean': 0.04765057563781738}
Epoch 6 **** Loss 0.060867276042699814 **** Metrics validation: {'accuracy': 0.8079519879969993, 'f1_weighted': 0.8635169783902953, 'macro': 0.5478769635172662, 'micro': 0.8079519879969992, 'binary': 0.2049689440993789, 'accuracy_majority': 0.8096846846846847, 'macro_majority': 0.5633062228106677, 'binary_majority': 0.23529411764705882, 'run_time_millis': 2413.771343002736, 'loss_mean': 0.04886522889137268}
Epoch 7 **** Loss 0.005947879981249571 **** Metrics validation: {'accuracy': 0.7929482370592649, 'f1_weighted': 0.8538741941577433, 'macro': 0.5371108494126884, 'micro': 0.7929482370592649, 'binary': 0.19298245614035087, 'accuracy_majority': 0.7995495495495496, 'macro_majority': 0.5554755610551774, 'binary_majority': 0.2260869565217391, 'run_time_millis': 2711.5064120007446, 'loss_mean': 0.05029403045773506}
Epoch 8 **** Loss 0.006192996632307768 **** Metrics validation: {'accuracy': 0.8289572393098275, 'f1_weighted': 0.8763138807267487, 'macro': 0.5534994417347359, 'micro': 0.8289572393098273, 'binary': 0.2027972027972028, 'accuracy_majority': 0.8277027027027027, 'macro_majority': 0.5632267418497218, 'binary_majority': 0.2233502538071066, 'run_time_millis': 2684.767810998892, 'loss_mean': 0.05364038795232773}
Epoch 9 **** Loss 0.1775006502866745 **** Metrics validation: {'accuracy': 0.8499624906226556, 'f1_weighted': 0.8892495751012442, 'macro': 0.5678812240663901, 'micro': 0.8499624906226555, 'binary': 0.21875000000000003, 'accuracy_majority': 0.8513513513513513, 'macro_majority': 0.5794911532997546, 'binary_majority': 0.2413793103448276, 'run_time_millis': 2713.751259001583, 'loss_mean': 0.056498389691114426}
Evaluating
{'accuracy': 0.894973743435859, 'f1_weighted': 0.9130502201210831, 'macro': 0.5553109153989859, 'micro': 0.894973743435859, 'binary': 0.16666666666666666, 'accuracy_majority': 0.8896396396396397, 'macro_majority': 0.5551920835803806, 'binary_majority': 0.1694915254237288, 'run_time_millis': 2708.360588996584, 'loss_mean': 0.05366450920701027}
Device cuda
Split type sit
Training Size: 3360, NTA labels 3225, YTA labels 135
Validation Size: 1333, NTA labels 1280, YTA labels 53
Test Size: 1235, NTA labels 1157, YTA labels 78
Training with SBERT, model name is sbert
Tokenizing the dataset
Number of training steps 1050
Epoch 0 **** Loss 0.0705372542142868 **** Metrics validation: {'accuracy': 0.9504876219054764, 'f1_weighted': 0.9380991737038376, 'macro': 0.5158595641646488, 'micro': 0.9504876219054764, 'binary': 0.05714285714285715, 'accuracy_majority': 0.9403153153153153, 'macro_majority': 0.5196717797985364, 'binary_majority': 0.07017543859649122, 'run_time_millis': 2706.968726000923, 'loss_mean': 0.05532783642411232}
Epoch 1 **** Loss 0.02470369078218937 **** Metrics validation: {'accuracy': 0.9039759939984996, 'f1_weighted': 0.9176274410268188, 'macro': 0.5534899300757861, 'micro': 0.9039759939984996, 'binary': 0.15789473684210528, 'accuracy_majority': 0.8975225225225225, 'macro_majority': 0.5475045217069934, 'binary_majority': 0.14953271028037382, 'run_time_millis': 1951.7460530005337, 'loss_mean': 0.05337091162800789}
Epoch 2 **** Loss 0.025431327521800995 **** Metrics validation: {'accuracy': 0.7344336084021005, 'f1_weighted': 0.8151412201097596, 'macro': 0.49976466098460753, 'micro': 0.7344336084021004, 'binary': 0.15714285714285714, 'accuracy_majority': 0.7331081081081081, 'macro_majority': 0.5102747456037678, 'binary_majority': 0.17993079584775087, 'run_time_millis': 2669.256270000915, 'loss_mean': 0.04889066889882088}
Epoch 3 **** Loss 0.015061845071613789 **** Metrics validation: {'accuracy': 0.8522130532633159, 'f1_weighted': 0.8898937477459166, 'macro': 0.5572735165937502, 'micro': 0.8522130532633159, 'binary': 0.19591836734693877, 'accuracy_majority': 0.8502252252252253, 'macro_majority': 0.5651274196102113, 'binary_majority': 0.21301775147928995, 'run_time_millis': 2676.858168000763, 'loss_mean': 0.048987291753292084}
Epoch 4 **** Loss 0.02335425652563572 **** Metrics validation: {'accuracy': 0.781695423855964, 'f1_weighted': 0.8465729422809571, 'macro': 0.52942268288866, 'micro': 0.781695423855964, 'binary': 0.18487394957983194, 'accuracy_majority': 0.7849099099099099, 'macro_majority': 0.5446997334364153, 'binary_majority': 0.2139917695473251, 'run_time_millis': 2850.9507329981716, 'loss_mean': 0.04595503211021423}
Epoch 5 **** Loss 0.04333793371915817 **** Metrics validation: {'accuracy': 0.7749437359339835, 'f1_weighted': 0.8422292952622877, 'macro': 0.5271171529117948, 'micro': 0.7749437359339835, 'binary': 0.18478260869565222, 'accuracy_majority': 0.7826576576576577, 'macro_majority': 0.5492539904214107, 'binary_majority': 0.22489959839357432, 'run_time_millis': 1974.282573999517, 'loss_mean': 0.046975038945674896}
Epoch 6 **** Loss 0.02545701526105404 **** Metrics validation: {'accuracy': 0.8192048012003, 'f1_weighted': 0.8705662490570045, 'macro': 0.5538803368953139, 'micro': 0.8192048012003, 'binary': 0.20983606557377046, 'accuracy_majority': 0.8254504504504504, 'macro_majority': 0.5726195836114949, 'binary_majority': 0.2439024390243902, 'run_time_millis': 2528.791482000088, 'loss_mean': 0.05020114779472351}
Epoch 7 **** Loss 0.0363391675055027 **** Metrics validation: {'accuracy': 0.8184546136534133, 'f1_weighted': 0.8699670753621379, 'macro': 0.5507459111368599, 'micro': 0.8184546136534133, 'binary': 0.20394736842105263, 'accuracy_majority': 0.8265765765765766, 'macro_majority': 0.5698919320140401, 'binary_majority': 0.2376237623762376, 'run_time_millis': 2703.9745049987687, 'loss_mean': 0.05182834342122078}
Epoch 8 **** Loss 0.0371566005051136 **** Metrics validation: {'accuracy': 0.846211552888222, 'f1_weighted': 0.8874180106726078, 'macro': 0.5733787330239035, 'micro': 0.846211552888222, 'binary': 0.23220973782771534, 'accuracy_majority': 0.8513513513513513, 'macro_majority': 0.5919799498746867, 'binary_majority': 0.26666666666666666, 'run_time_millis': 2701.2453190000087, 'loss_mean': 0.05460389330983162}
Epoch 9 **** Loss 0.06564655900001526 **** Metrics validation: {'accuracy': 0.8469617404351087, 'f1_weighted': 0.8878870093463215, 'macro': 0.5740413533834586, 'micro': 0.8469617404351087, 'binary': 0.23308270676691725, 'accuracy_majority': 0.8524774774774775, 'macro_majority': 0.5930638102867457, 'binary_majority': 0.2681564245810056, 'run_time_millis': 2689.890367000771, 'loss_mean': 0.05556785315275192}
Evaluating
{'accuracy': 0.9504876219054764, 'f1_weighted': 0.9380991737038376, 'macro': 0.5158595641646488, 'micro': 0.9504876219054764, 'binary': 0.05714285714285715, 'accuracy_majority': 0.9403153153153153, 'macro_majority': 0.5196717797985364, 'binary_majority': 0.07017543859649122, 'run_time_millis': 1157.9840920021525, 'loss_mean': 0.05532783642411232}
Device cuda
Split type sit
Training Size: 3738, NTA labels 3581, YTA labels 157
Validation Size: 1333, NTA labels 1280, YTA labels 53
Test Size: 1235, NTA labels 1157, YTA labels 78
Training with SBERT, model name is sbert
Tokenizing the dataset
Number of training steps 1170
Epoch 0 **** Loss 0.05323803052306175 **** Metrics validation: {'accuracy': 0.9444861215303826, 'f1_weighted': 0.9366199437044944, 'macro': 0.5344616023559616, 'micro': 0.9444861215303827, 'binary': 0.0975609756097561, 'accuracy_majority': 0.9346846846846847, 'macro_majority': 0.5299357476635514, 'binary_majority': 0.09374999999999999, 'run_time_millis': 2669.5878860009543, 'loss_mean': 0.05631566047668457}
Epoch 1 **** Loss 0.05048185959458351 **** Metrics validation: {'accuracy': 0.854463615903976, 'f1_weighted': 0.8895228304392215, 'macro': 0.5310423618163354, 'micro': 0.854463615903976, 'binary': 0.14159292035398227, 'accuracy_majority': 0.847972972972973, 'macro_majority': 0.5337277277978086, 'binary_majority': 0.1509433962264151, 'run_time_millis': 2693.637041000329, 'loss_mean': 0.053270772099494934}
Epoch 2 **** Loss 0.0345894992351532 **** Metrics validation: {'accuracy': 0.8199549887471868, 'f1_weighted': 0.870385395846501, 'macro': 0.5412465154695942, 'micro': 0.8199549887471868, 'binary': 0.1836734693877551, 'accuracy_majority': 0.8175675675675675, 'macro_majority': 0.5475486557550291, 'binary_majority': 0.198019801980198, 'run_time_millis': 2122.116845999699, 'loss_mean': 0.048347700387239456}
Epoch 3 **** Loss 0.028172897174954414 **** Metrics validation: {'accuracy': 0.7314328582145536, 'f1_weighted': 0.8131716761130997, 'macro': 0.5055228124274678, 'micro': 0.7314328582145536, 'binary': 0.1712962962962963, 'accuracy_majority': 0.7421171171171171, 'macro_majority': 0.5241480496931037, 'binary_majority': 0.20209059233449478, 'run_time_millis': 2684.454556001583, 'loss_mean': 0.04610203951597214}
Epoch 4 **** Loss 0.026268092915415764 **** Metrics validation: {'accuracy': 0.7831957989497375, 'f1_weighted': 0.847627423777308, 'macro': 0.5326568912536864, 'micro': 0.7831957989497376, 'binary': 0.1904761904761905, 'accuracy_majority': 0.7916666666666666, 'macro_majority': 0.5527885382326599, 'binary_majority': 0.22594142259414227, 'run_time_millis': 722.4563890013087, 'loss_mean': 0.04607873409986496}
Epoch 5 **** Loss 0.02766755409538746 **** Metrics validation: {'accuracy': 0.8484621155288822, 'f1_weighted': 0.8889861563135144, 'macro': 0.578217418546366, 'micro': 0.8484621155288822, 'binary': 0.24060150375939848, 'accuracy_majority': 0.8524774774774775, 'macro_majority': 0.5970557162403228, 'binary_majority': 0.2762430939226519, 'run_time_millis': 2673.515162001422, 'loss_mean': 0.05021632835268974}
Epoch 6 **** Loss 0.07297386229038239 **** Metrics validation: {'accuracy': 0.8064516129032258, 'f1_weighted': 0.8625570971925067, 'macro': 0.5467707246101781, 'micro': 0.8064516129032258, 'binary': 0.2037037037037037, 'accuracy_majority': 0.8153153153153153, 'macro_majority': 0.5678062678062678, 'binary_majority': 0.24074074074074073, 'run_time_millis': 2684.773941000458, 'loss_mean': 0.05009625107049942}
Epoch 7 **** Loss 0.01742062158882618 **** Metrics validation: {'accuracy': 0.8499624906226556, 'f1_weighted': 0.8899254561577719, 'macro': 0.5795801478565842, 'micro': 0.8499624906226555, 'binary': 0.24242424242424243, 'accuracy_majority': 0.8547297297297297, 'macro_majority': 0.5992765765419099, 'binary_majority': 0.2793296089385475, 'run_time_millis': 1664.132994999818, 'loss_mean': 0.05467212200164795}
Epoch 8 **** Loss 0.01652013137936592 **** Metrics validation: {'accuracy': 0.8424606151537885, 'f1_weighted': 0.8852250413383318, 'macro': 0.5728920000976491, 'micro': 0.8424606151537885, 'binary': 0.23357664233576644, 'accuracy_majority': 0.8490990990990991, 'macro_majority': 0.5937841380817129, 'binary_majority': 0.2717391304347826, 'run_time_millis': 2719.481207001081, 'loss_mean': 0.05563013255596161}
Epoch 9 **** Loss 0.028101425617933273 **** Metrics validation: {'accuracy': 0.8484621155288822, 'f1_weighted': 0.8889861563135144, 'macro': 0.578217418546366, 'micro': 0.8484621155288822, 'binary': 0.24060150375939848, 'accuracy_majority': 0.8536036036036037, 'macro_majority': 0.5981620718462823, 'binary_majority': 0.2777777777777778, 'run_time_millis': 2671.8308240015176, 'loss_mean': 0.056735891848802567}
Evaluating
{'accuracy': 0.9444861215303826, 'f1_weighted': 0.9366199437044944, 'macro': 0.5344616023559616, 'micro': 0.9444861215303827, 'binary': 0.0975609756097561, 'accuracy_majority': 0.9346846846846847, 'macro_majority': 0.5299357476635514, 'binary_majority': 0.09374999999999999, 'run_time_millis': 2591.8898149975576, 'loss_mean': 0.05631566047668457}
