Device cuda
Split type sit
Training Size: 19931, NTA labels 19294, YTA labels 637
Validation Size: 6598, NTA labels 6372, YTA labels 226
Test Size: 6263, NTA labels 6088, YTA labels 175
Training with SBERT, model name is sbert
Tokenizing the dataset
Number of training steps 6230
Epoch 0 **** Loss 0.028855368494987488 **** Metrics validation: {'accuracy': 0.8188845104577145, 'f1_weighted': 0.8742941075183247, 'macro': 0.5575058437652912, 'micro': 0.8188845104577146, 'binary': 0.2174197773411919, 'accuracy_majority': 0.8234332425068119, 'macro_majority': 0.5434538216756153, 'binary_majority': 0.18592964824120606, 'run_time_millis': 4689.818459999515, 'loss_mean': 0.04434585943818092}
Epoch 1 **** Loss 0.08257327973842621 **** Metrics validation: {'accuracy': 0.9225522885722947, 'f1_weighted': 0.9374211392936036, 'macro': 0.6454596168234275, 'micro': 0.9225522885722947, 'binary': 0.3320261437908497, 'accuracy_majority': 0.9291553133514986, 'macro_majority': 0.6462487988326432, 'binary_majority': 0.32989690721649484, 'run_time_millis': 4695.8201179986645, 'loss_mean': 0.04661864414811134}
Epoch 2 **** Loss 0.015922786667943 **** Metrics validation: {'accuracy': 0.8575325856320097, 'f1_weighted': 0.898555024661324, 'macro': 0.5910868414001464, 'micro': 0.8575325856320097, 'binary': 0.2610062893081761, 'accuracy_majority': 0.8626702997275204, 'macro_majority': 0.5781516836712353, 'binary_majority': 0.23170731707317074, 'run_time_millis': 4709.814244000881, 'loss_mean': 0.04459700360894203}
Epoch 3 **** Loss 0.030155980959534645 **** Metrics validation: {'accuracy': 0.8739011821764171, 'f1_weighted': 0.908579802592092, 'macro': 0.6049689748503001, 'micro': 0.8739011821764171, 'binary': 0.27902946273830154, 'accuracy_majority': 0.8801089918256131, 'macro_majority': 0.5957761258591134, 'binary_majority': 0.25675675675675674, 'run_time_millis': 4767.714622001222, 'loss_mean': 0.04591054469347}
Epoch 4 **** Loss 0.24359458684921265 **** Metrics validation: {'accuracy': 0.8845104577144589, 'f1_weighted': 0.9150949291847106, 'macro': 0.6157762004328527, 'micro': 0.8845104577144589, 'binary': 0.29444444444444445, 'accuracy_majority': 0.8899182561307902, 'macro_majority': 0.6042995738430137, 'binary_majority': 0.26811594202898553, 'run_time_millis': 4731.868322000082, 'loss_mean': 0.050307903438806534}
Epoch 5 **** Loss 0.004445380065590143 **** Metrics validation: {'accuracy': 0.9199757502273416, 'f1_weighted': 0.9361068096752504, 'macro': 0.6462194080178016, 'micro': 0.9199757502273416, 'binary': 0.3350125944584383, 'accuracy_majority': 0.9275204359673025, 'macro_majority': 0.6466704018507982, 'binary_majority': 0.3316582914572864, 'run_time_millis': 4742.857399996865, 'loss_mean': 0.06136348098516464}
Epoch 6 **** Loss 0.05070187523961067 **** Metrics validation: {'accuracy': 0.8998181267050621, 'f1_weighted': 0.9241427942937022, 'macro': 0.6269272734193858, 'micro': 0.8998181267050621, 'binary': 0.3078534031413613, 'accuracy_majority': 0.9046321525885559, 'macro_majority': 0.6173096976016684, 'binary_majority': 0.28571428571428575, 'run_time_millis': 4791.194653000275, 'loss_mean': 0.05844402313232422}
Epoch 7 **** Loss 0.012148501351475716 **** Metrics validation: {'accuracy': 0.9084571082146105, 'f1_weighted': 0.9292190389783526, 'macro': 0.6338421258441899, 'micro': 0.9084571082146105, 'binary': 0.3167420814479638, 'accuracy_majority': 0.9144414168937329, 'macro_majority': 0.6283244637961619, 'binary_majority': 0.3022222222222223, 'run_time_millis': 4337.740203998692, 'loss_mean': 0.06252071261405945}
Epoch 8 **** Loss 0.006090360227972269 **** Metrics validation: {'accuracy': 0.914367990300091, 'f1_weighted': 0.932728551483695, 'macro': 0.6396272293163419, 'micro': 0.914367990300091, 'binary': 0.32497013142174436, 'accuracy_majority': 0.9204359673024524, 'macro_majority': 0.634549908879601, 'binary_majority': 0.3113207547169812, 'run_time_millis': 4442.969820000144, 'loss_mean': 0.06779969483613968}
Epoch 9 **** Loss 0.113613061606884 **** Metrics validation: {'accuracy': 0.9183085783570779, 'f1_weighted': 0.9350561733775911, 'macro': 0.6434677342952283, 'micro': 0.9183085783570779, 'binary': 0.3304347826086957, 'accuracy_majority': 0.9264305177111717, 'macro_majority': 0.6447210474006445, 'binary_majority': 0.3283582089552239, 'run_time_millis': 4805.634186999669, 'loss_mean': 0.07018446922302246}
Evaluating
{'accuracy': 0.9225522885722947, 'f1_weighted': 0.9374211392936036, 'macro': 0.6454596168234275, 'micro': 0.9225522885722947, 'binary': 0.3320261437908497, 'accuracy_majority': 0.9291553133514986, 'macro_majority': 0.6462487988326432, 'binary_majority': 0.32989690721649484, 'run_time_millis': 4787.528123000811, 'loss_mean': 0.04661864414811134}
