Device cuda
Split type sit
Training Size: 9956, NTA labels 6582, YTA labels 3374
Validation Size: 3359, NTA labels 2252, YTA labels 1107
Test Size: 3310, NTA labels 2196, YTA labels 1114
Training with SBERT, model name is sbert
Tokenizing the dataset
Number of training steps 3120
Epoch 0 **** Loss 0.5083827972412109 **** Metrics validation: {'accuracy': 0.7415897588568027, 'f1_weighted': 0.7491369070201829, 'macro': 0.7305130176946, 'micro': 0.7415897588568027, 'binary': 0.6758775205377148, 'accuracy_majority': 0.7773900907187719, 'macro_majority': 0.7719160465122081, 'binary_majority': 0.7365813377374072, 'run_time_millis': 4239.244847000009, 'loss_mean': 0.24012348055839539}
Epoch 1 **** Loss 0.06947342306375504 **** Metrics validation: {'accuracy': 0.7630247097350402, 'f1_weighted': 0.767463530185562, 'macro': 0.743028677224757, 'micro': 0.7630247097350402, 'binary': 0.671345995045417, 'accuracy_majority': 0.7864619678995115, 'macro_majority': 0.7742726243179244, 'binary_majority': 0.7218181818181818, 'run_time_millis': 4183.38023699971, 'loss_mean': 0.23682303726673126}
Epoch 2 **** Loss 0.4168078601360321 **** Metrics validation: {'accuracy': 0.7570705567133076, 'f1_weighted': 0.7619346397622705, 'macro': 0.7375075560295391, 'micro': 0.7570705567133075, 'binary': 0.6658476658476657, 'accuracy_majority': 0.7787857641311933, 'macro_majority': 0.767022343259967, 'binary_majority': 0.7146714671467147, 'run_time_millis': 4153.073220999886, 'loss_mean': 0.24011331796646118}
Epoch 3 **** Loss 0.2824205160140991 **** Metrics validation: {'accuracy': 0.7466507889252754, 'f1_weighted': 0.7534078875039298, 'macro': 0.7322109618256849, 'micro': 0.7466507889252755, 'binary': 0.6700271423032182, 'accuracy_majority': 0.7752965806001396, 'macro_majority': 0.767828965905889, 'binary_majority': 0.7261904761904762, 'run_time_millis': 4168.61451099976, 'loss_mean': 0.26487407088279724}
Epoch 4 **** Loss 0.1658799648284912 **** Metrics validation: {'accuracy': 0.7237272997916047, 'f1_weighted': 0.7319771173361034, 'macro': 0.7139503213657771, 'micro': 0.7237272997916047, 'binary': 0.6610664718772827, 'accuracy_majority': 0.7564549895324494, 'macro_majority': 0.7520968935589516, 'binary_majority': 0.7192276749798873, 'run_time_millis': 4173.507666000205, 'loss_mean': 0.2856300473213196}
Epoch 5 **** Loss 0.14530348777770996 **** Metrics validation: {'accuracy': 0.7305745757665972, 'f1_weighted': 0.738618420405658, 'macro': 0.7210080913201427, 'micro': 0.7305745757665972, 'binary': 0.6693459992692729, 'accuracy_majority': 0.7669225401256106, 'macro_majority': 0.7625251554976918, 'binary_majority': 0.7302100161550888, 'run_time_millis': 3395.9477409998726, 'loss_mean': 0.3168638050556183}
Epoch 6 **** Loss 0.1039072573184967 **** Metrics validation: {'accuracy': 0.7368264364394165, 'f1_weighted': 0.7443952783947042, 'macro': 0.7246990873974212, 'micro': 0.7368264364394165, 'binary': 0.6669178598342125, 'accuracy_majority': 0.7704117236566643, 'macro_majority': 0.7643409016044775, 'binary_majority': 0.7265170407315047, 'run_time_millis': 4231.971526000052, 'loss_mean': 0.32617053389549255}
Epoch 7 **** Loss 0.15257492661476135 **** Metrics validation: {'accuracy': 0.7293837451622507, 'f1_weighted': 0.7372356118430898, 'macro': 0.7173892821531103, 'micro': 0.7293837451622507, 'binary': 0.6591676040494938, 'accuracy_majority': 0.7613398464759247, 'macro_majority': 0.7553073998034814, 'binary_majority': 0.716887417218543, 'run_time_millis': 4167.619951000233, 'loss_mean': 0.3387392461299896}
Epoch 8 **** Loss 0.07879488170146942 **** Metrics validation: {'accuracy': 0.750223280738315, 'f1_weighted': 0.7562262140656046, 'macro': 0.733391135461795, 'micro': 0.750223280738315, 'binary': 0.6664015904572566, 'accuracy_majority': 0.776692254012561, 'macro_majority': 0.7672246452734257, 'binary_majority': 0.7202797202797203, 'run_time_millis': 4038.9867949998006, 'loss_mean': 0.40918418765068054}
Epoch 9 **** Loss 0.18690592050552368 **** Metrics validation: {'accuracy': 0.7472462042274487, 'f1_weighted': 0.7537810859408586, 'macro': 0.7319663933407001, 'micro': 0.7472462042274488, 'binary': 0.6679702776691436, 'accuracy_majority': 0.7745987438939288, 'macro_majority': 0.7663023474330111, 'binary_majority': 0.7222699914015478, 'run_time_millis': 3972.497699000087, 'loss_mean': 0.41994133591651917}
Evaluating
{'accuracy': 0.7630247097350402, 'f1_weighted': 0.767463530185562, 'macro': 0.743028677224757, 'micro': 0.7630247097350402, 'binary': 0.671345995045417, 'accuracy_majority': 0.7864619678995115, 'macro_majority': 0.7742726243179244, 'binary_majority': 0.7218181818181818, 'run_time_millis': 4166.813407000063, 'loss_mean': 0.23682303726673126}
