Device cuda
Split type sit
Training Size: 12311, NTA labels 7722, YTA labels 4589
Validation Size: 4120, NTA labels 2624, YTA labels 1496
Test Size: 4046, NTA labels 2550, YTA labels 1496
Training with SBERT, model name is sbert
Tokenizing the dataset
Number of training steps 3850
Epoch 0 **** Loss 0.22647716104984283 **** Metrics validation: {'accuracy': 0.7580097087378641, 'f1_weighted': 0.7611106815507812, 'macro': 0.7459682688539389, 'micro': 0.7580097087378642, 'binary': 0.6906608749612163, 'accuracy_majority': 0.7714138286893705, 'macro_majority': 0.7671912993465073, 'binary_majority': 0.7358378056052475, 'run_time_millis': 4924.711651998223, 'loss_mean': 0.23834627866744995}
Epoch 1 **** Loss 0.20000943541526794 **** Metrics validation: {'accuracy': 0.7235436893203884, 'f1_weighted': 0.7285351996535234, 'macro': 0.720339532032306, 'micro': 0.7235436893203884, 'binary': 0.690405001359065, 'accuracy_majority': 0.7569659442724458, 'macro_majority': 0.7567840427813757, 'binary_majority': 0.7501326259946949, 'run_time_millis': 4951.006843999494, 'loss_mean': 0.24484634399414062}
Epoch 2 **** Loss 0.16054561734199524 **** Metrics validation: {'accuracy': 0.7524271844660194, 'f1_weighted': 0.756335055128113, 'macro': 0.7424731742889884, 'micro': 0.7524271844660194, 'binary': 0.6918429003021148, 'accuracy_majority': 0.7719298245614035, 'macro_majority': 0.7687288396429671, 'binary_majority': 0.7415204678362574, 'run_time_millis': 4959.607097996923, 'loss_mean': 0.27251559495925903}
Epoch 3 **** Loss 0.31372129917144775 **** Metrics validation: {'accuracy': 0.7155339805825243, 'f1_weighted': 0.720472003782177, 'macro': 0.7127997032736257, 'micro': 0.7155339805825244, 'binary': 0.6847767616998387, 'accuracy_majority': 0.7497420020639834, 'macro_majority': 0.7496934181776058, 'binary_majority': 0.7462061747776033, 'run_time_millis': 4940.640944005281, 'loss_mean': 0.25938019156455994}
Epoch 4 **** Loss 0.20439916849136353 **** Metrics validation: {'accuracy': 0.7254854368932039, 'f1_weighted': 0.7306598267994103, 'macro': 0.7212305670026399, 'micro': 0.7254854368932039, 'binary': 0.6867903627803932, 'accuracy_majority': 0.7554179566563467, 'macro_majority': 0.7550211213517666, 'binary_majority': 0.7451612903225807, 'run_time_millis': 3911.135988004389, 'loss_mean': 0.28010496497154236}
Epoch 5 **** Loss 0.1682780534029007 **** Metrics validation: {'accuracy': 0.7453883495145631, 'f1_weighted': 0.7499637274134865, 'macro': 0.737527519534003, 'micro': 0.7453883495145631, 'binary': 0.6921044907543292, 'accuracy_majority': 0.7657378740970072, 'macro_majority': 0.7636534576868526, 'binary_majority': 0.7414578587699316, 'run_time_millis': 4938.187084000674, 'loss_mean': 0.3121742606163025}
Epoch 6 **** Loss 0.11646699905395508 **** Metrics validation: {'accuracy': 0.7402912621359223, 'f1_weighted': 0.7449709801266876, 'macro': 0.7323424588501728, 'micro': 0.7402912621359223, 'binary': 0.686217008797654, 'accuracy_majority': 0.7636738906088751, 'macro_majority': 0.7616633012545111, 'binary_majority': 0.7397727272727274, 'run_time_millis': 4938.873268001771, 'loss_mean': 0.34047412872314453}
Epoch 7 **** Loss 0.12221479415893555 **** Metrics validation: {'accuracy': 0.7441747572815534, 'f1_weighted': 0.7480280607602029, 'macro': 0.7332439576176293, 'micro': 0.7441747572815534, 'binary': 0.6792452830188679, 'accuracy_majority': 0.7616099071207431, 'macro_majority': 0.7580830285580888, 'binary_majority': 0.7288732394366196, 'run_time_millis': 4976.321105998068, 'loss_mean': 0.37047842144966125}
Epoch 8 **** Loss 0.1644873172044754 **** Metrics validation: {'accuracy': 0.7473300970873786, 'f1_weighted': 0.7512370472974579, 'macro': 0.7368818686754076, 'micro': 0.7473300970873786, 'binary': 0.6844498332828128, 'accuracy_majority': 0.7647058823529411, 'macro_majority': 0.7611641480286734, 'binary_majority': 0.7320799059929495, 'run_time_millis': 4935.391166996851, 'loss_mean': 0.387954443693161}
Epoch 9 **** Loss 0.06523807346820831 **** Metrics validation: {'accuracy': 0.7512135922330098, 'f1_weighted': 0.7542805846784197, 'macro': 0.7384834729048009, 'micro': 0.7512135922330098, 'binary': 0.6807848022422921, 'accuracy_majority': 0.7647058823529411, 'macro_majority': 0.7598348546662361, 'binary_majority': 0.7256317689530686, 'run_time_millis': 5017.942809994565, 'loss_mean': 0.4328621029853821}
Evaluating
{'accuracy': 0.7580097087378641, 'f1_weighted': 0.7611106815507812, 'macro': 0.7459682688539389, 'micro': 0.7580097087378642, 'binary': 0.6906608749612163, 'accuracy_majority': 0.7714138286893705, 'macro_majority': 0.7671912993465073, 'binary_majority': 0.7358378056052475, 'run_time_millis': 4979.437619003875, 'loss_mean': 0.23834627866744995}
