Device cuda
Split type sit
Training Size: 109646, NTA labels 105467, YTA labels 4179
Validation Size: 36443, NTA labels 34985, YTA labels 1458
Test Size: 36287, NTA labels 34968, YTA labels 1319
Training with SBERT, model name is sbert
Tokenizing the dataset
Number of training steps 34270
Epoch 0 **** Loss 0.11568452417850494 **** Metrics validation: {'accuracy': 0.95090963971133, 'f1_weighted': 0.9515140650576098, 'macro': 0.6883378496715917, 'micro': 0.95090963971133, 'binary': 0.40227196792515874, 'accuracy_majority': 0.9610928583780045, 'macro_majority': 0.7330410515742098, 'binary_majority': 0.48630136986301364, 'run_time_millis': 15639.358478001668, 'loss_mean': 0.06373584270477295}
Epoch 1 **** Loss 0.034575700759887695 **** Metrics validation: {'accuracy': 0.9539829322503636, 'f1_weighted': 0.9532068342251427, 'macro': 0.6903761423909682, 'micro': 0.9539829322503636, 'binary': 0.40468583599574015, 'accuracy_majority': 0.9646377312813419, 'macro_majority': 0.7423521295150457, 'binary_majority': 0.503037667071689, 'run_time_millis': 15670.26462800277, 'loss_mean': 0.06915421783924103}
Epoch 2 **** Loss 0.2785111963748932 **** Metrics validation: {'accuracy': 0.9399335949290674, 'f1_weighted': 0.9453875578657926, 'macro': 0.6807638018895508, 'micro': 0.9399335949290675, 'binary': 0.3931244801774328, 'accuracy_majority': 0.949593636520837, 'macro_majority': 0.7141030827318335, 'binary_majority': 0.4546304957904584, 'run_time_millis': 15462.7846069925, 'loss_mean': 0.07439722120761871}
Epoch 3 **** Loss 0.022303711622953415 **** Metrics validation: {'accuracy': 0.9346102132096699, 'f1_weighted': 0.9423756572269931, 'macro': 0.6769811194402497, 'micro': 0.9346102132096699, 'binary': 0.3885039774185271, 'accuracy_majority': 0.944060176379042, 'macro_majority': 0.7056763057729427, 'binary_majority': 0.4407951598962835, 'run_time_millis': 15677.932823004085, 'loss_mean': 0.0814603641629219}
Epoch 4 **** Loss 0.09605002403259277 **** Metrics validation: {'accuracy': 0.9410586395192493, 'f1_weighted': 0.9461794126439168, 'macro': 0.6836654056856166, 'micro': 0.9410586395192493, 'binary': 0.39831932773109247, 'accuracy_majority': 0.9513228428151479, 'macro_majority': 0.7209282451777559, 'binary_majority': 0.46736045411542104, 'run_time_millis': 15632.36109499121, 'loss_mean': 0.09622037410736084}
Epoch 5 **** Loss 0.0012806907761842012 **** Metrics validation: {'accuracy': 0.9371347035095903, 'f1_weighted': 0.9437279578562745, 'macro': 0.6777206913324717, 'micro': 0.9371347035095903, 'binary': 0.38857752868961837, 'accuracy_majority': 0.9471727477088017, 'macro_majority': 0.711149381138559, 'binary_majority': 0.4500450045004501, 'run_time_millis': 15399.35697799956, 'loss_mean': 0.11337277293205261}
Epoch 6 **** Loss 0.0026350137777626514 **** Metrics validation: {'accuracy': 0.9411135197431606, 'f1_weighted': 0.9461408437539855, 'macro': 0.6827797623306606, 'micro': 0.9411135197431606, 'binary': 0.39651293588301467, 'accuracy_majority': 0.9510634618710012, 'macro_majority': 0.7181715641703863, 'binary_majority': 0.4619771863117871, 'run_time_millis': 15664.966140000615, 'loss_mean': 0.12418968975543976}
Epoch 7 **** Loss 0.007028014864772558 **** Metrics validation: {'accuracy': 0.9373816645171912, 'f1_weighted': 0.9438701454194857, 'macro': 0.6779296818360838, 'micro': 0.9373816645171912, 'binary': 0.388859132297804, 'accuracy_majority': 0.9467404461352239, 'macro_majority': 0.7080369167340912, 'binary_majority': 0.44404332129963897, 'run_time_millis': 15629.118451994145, 'loss_mean': 0.1324186772108078}
Epoch 8 **** Loss 0.007975229993462563 **** Metrics validation: {'accuracy': 0.9413056005268502, 'f1_weighted': 0.9460922522910303, 'macro': 0.6808326263444756, 'micro': 0.9413056005268502, 'binary': 0.3925021300766828, 'accuracy_majority': 0.9511499221857167, 'macro_majority': 0.7158383076272884, 'binary_majority': 0.4572526416906821, 'run_time_millis': 15635.56161300221, 'loss_mean': 0.14566192030906677}
Epoch 9 **** Loss 0.142317995429039 **** Metrics validation: {'accuracy': 0.945394177208243, 'f1_weighted': 0.9485032535411138, 'macro': 0.685275975227572, 'micro': 0.945394177208243, 'binary': 0.3991545893719807, 'accuracy_majority': 0.9553864776067785, 'macro_majority': 0.7234692861960388, 'binary_majority': 0.4702258726899384, 'run_time_millis': 15623.219230008544, 'loss_mean': 0.1580132693052292}
Evaluating
{'accuracy': 0.9539829322503636, 'f1_weighted': 0.9532068342251427, 'macro': 0.6903761423909682, 'micro': 0.9539829322503636, 'binary': 0.40468583599574015, 'accuracy_majority': 0.9646377312813419, 'macro_majority': 0.7423521295150457, 'binary_majority': 0.503037667071689, 'run_time_millis': 15516.113862991915, 'loss_mean': 0.06915421783924103}
