Device cuda
Split type sit
Training Size: 8668, NTA labels 6091, YTA labels 2577
Validation Size: 2805, NTA labels 2039, YTA labels 766
Test Size: 3013, NTA labels 2147, YTA labels 866
Training with SBERT, model name is sbert
Tokenizing the dataset
Number of training steps 2710
Epoch 0 **** Loss 0.30444642901420593 **** Metrics validation: {'accuracy': 0.7269162210338681, 'f1_weighted': 0.6119662158084462, 'macro': 0.4209331131296449, 'micro': 0.7269162210338681, 'binary': 0.0, 'accuracy_majority': 0.7041420118343196, 'macro_majority': 0.4131944444444445, 'binary_majority': 0.0, 'run_time_millis': 9947.145630605519, 'loss_mean': 0.2904972732067108}
Epoch 1 **** Loss 0.3163979947566986 **** Metrics validation: {'accuracy': 0.7269162210338681, 'f1_weighted': 0.6119662158084462, 'macro': 0.4209331131296449, 'micro': 0.7269162210338681, 'binary': 0.0, 'accuracy_majority': 0.7041420118343196, 'macro_majority': 0.4131944444444445, 'binary_majority': 0.0, 'run_time_millis': 11969.953728839755, 'loss_mean': 0.2892056703567505}
Epoch 2 **** Loss 0.26173561811447144 **** Metrics validation: {'accuracy': 0.7269162210338681, 'f1_weighted': 0.6119662158084462, 'macro': 0.4209331131296449, 'micro': 0.7269162210338681, 'binary': 0.0, 'accuracy_majority': 0.7041420118343196, 'macro_majority': 0.4131944444444445, 'binary_majority': 0.0, 'run_time_millis': 10957.746409345418, 'loss_mean': 0.28889986872673035}
Epoch 3 **** Loss 0.32049837708473206 **** Metrics validation: {'accuracy': 0.6324420677361854, 'f1_weighted': 0.6349559315756279, 'macro': 0.5435231125010477, 'micro': 0.6324420677361854, 'binary': 0.34205488194001277, 'accuracy_majority': 0.6173570019723866, 'macro_majority': 0.536585391390293, 'binary_majority': 0.3431151241534988, 'run_time_millis': 11965.306536760181, 'loss_mean': 0.2909298837184906}
Epoch 4 **** Loss 0.3150920271873474 **** Metrics validation: {'accuracy': 0.651336898395722, 'f1_weighted': 0.6488215648983526, 'macro': 0.5546445195409703, 'micro': 0.651336898395722, 'binary': 0.3471295060080107, 'accuracy_majority': 0.6357659434582511, 'macro_majority': 0.5430936506352836, 'binary_majority': 0.3373205741626794, 'run_time_millis': 11976.323454175144, 'loss_mean': 0.29673823714256287}
Epoch 5 **** Loss 0.2181447297334671 **** Metrics validation: {'accuracy': 0.5975044563279858, 'f1_weighted': 0.6142356150706769, 'macro': 0.541543584082807, 'micro': 0.5975044563279858, 'binary': 0.38136986301369863, 'accuracy_majority': 0.5982905982905983, 'macro_majority': 0.5496207548459103, 'binary_majority': 0.4015670910871694, 'run_time_millis': 9953.264256939292, 'loss_mean': 0.37952983379364014}
Epoch 6 **** Loss 0.2577904164791107 **** Metrics validation: {'accuracy': 0.6032085561497326, 'f1_weighted': 0.622553581146286, 'macro': 0.5598914518317503, 'micro': 0.6032085561497326, 'binary': 0.4218181818181818, 'accuracy_majority': 0.6042077580539119, 'macro_majority': 0.5675205649747401, 'binary_majority': 0.4415584415584416, 'run_time_millis': 12001.34645216167, 'loss_mean': 0.7603610754013062}
Epoch 7 **** Loss 0.20225660502910614 **** Metrics validation: {'accuracy': 0.6488413547237076, 'f1_weighted': 0.6590594317549288, 'macro': 0.585570098078406, 'micro': 0.6488413547237076, 'binary': 0.4236395552954944, 'accuracy_majority': 0.6587771203155819, 'macro_majority': 0.6083018867924529, 'binary_majority': 0.4676923076923077, 'run_time_millis': 11992.60506639257, 'loss_mean': 0.5849109292030334}
Epoch 8 **** Loss 0.10695680230855942 **** Metrics validation: {'accuracy': 0.6303030303030303, 'f1_weighted': 0.643896354143191, 'macro': 0.5726852378941183, 'micro': 0.6303030303030303, 'binary': 0.415774647887324, 'accuracy_majority': 0.6318211702827088, 'macro_majority': 0.5849770016371716, 'binary_majority': 0.44554455445544555, 'run_time_millis': 11990.350193809718, 'loss_mean': 1.0409396886825562}
Epoch 9 **** Loss 0.09990797936916351 **** Metrics validation: {'accuracy': 0.6224598930481283, 'f1_weighted': 0.635441831717429, 'macro': 0.5606635153100998, 'micro': 0.6224598930481283, 'binary': 0.39589275527666856, 'accuracy_majority': 0.621301775147929, 'macro_majority': 0.5718323956382517, 'binary_majority': 0.42629482071713143, 'run_time_millis': 11982.920188922435, 'loss_mean': 1.2992218732833862}
Evaluating
{'accuracy': 0.6488413547237076, 'f1_weighted': 0.6590594317549288, 'macro': 0.585570098078406, 'micro': 0.6488413547237076, 'binary': 0.4236395552954944, 'accuracy_majority': 0.6587771203155819, 'macro_majority': 0.6083018867924529, 'binary_majority': 0.4676923076923077, 'run_time_millis': 11967.420157045126, 'loss_mean': 0.5849109292030334}
