Device cuda
Split type sit
Training Size: 20311, NTA labels 20001, YTA labels 310
Validation Size: 6766, NTA labels 6671, YTA labels 95
Test Size: 6625, NTA labels 6529, YTA labels 96
Training with SBERT, model name is sbert
Tokenizing the dataset
Number of training steps 6350
Epoch 0 **** Loss 0.006961076054722071 **** Metrics validation: {'accuracy': 0.9459060005911912, 'f1_weighted': 0.9612227621514837, 'macro': 0.5881745250385823, 'micro': 0.9459060005911912, 'binary': 0.2043478260869565, 'accuracy_majority': 0.9515441959531417, 'macro_majority': 0.6051367481279012, 'binary_majority': 0.23529411764705885, 'run_time_millis': 4489.800509003544, 'loss_mean': 0.02105609141290188}
Epoch 1 **** Loss 0.014410481788218021 **** Metrics validation: {'accuracy': 0.9317174105823234, 'f1_weighted': 0.9536131835632725, 'macro': 0.582513690978939, 'micro': 0.9317174105823234, 'binary': 0.20069204152249132, 'accuracy_majority': 0.9361022364217252, 'macro_majority': 0.588614989193294, 'binary_majority': 0.21052631578947367, 'run_time_millis': 4489.528146998055, 'loss_mean': 0.01983651891350746}
Epoch 2 **** Loss 0.007371862418949604 **** Metrics validation: {'accuracy': 0.9030446349394029, 'f1_weighted': 0.937470722048827, 'macro': 0.5537657240292121, 'micro': 0.9030446349394029, 'binary': 0.158974358974359, 'accuracy_majority': 0.906283280085197, 'macro_majority': 0.5521203711733588, 'binary_majority': 0.15384615384615385, 'run_time_millis': 4496.290686001885, 'loss_mean': 0.02151765674352646}
Epoch 3 **** Loss 0.001576862414367497 **** Metrics validation: {'accuracy': 0.9355601537097251, 'f1_weighted': 0.9557913025444558, 'macro': 0.5882773944306737, 'micro': 0.9355601537097251, 'binary': 0.2101449275362319, 'accuracy_majority': 0.9387646432374867, 'macro_majority': 0.592911146170854, 'binary_majority': 0.21768707482993196, 'run_time_millis': 4387.443461000657, 'loss_mean': 0.02531723491847515}
Epoch 4 **** Loss 0.0008081017876975238 **** Metrics validation: {'accuracy': 0.947383978717115, 'f1_weighted': 0.9624928916266059, 'macro': 0.607649279866561, 'micro': 0.947383978717115, 'binary': 0.24255319148936166, 'accuracy_majority': 0.950479233226837, 'macro_majority': 0.615193610575599, 'binary_majority': 0.256, 'run_time_millis': 2864.737055999285, 'loss_mean': 0.029239241033792496}
Epoch 5 **** Loss 0.0005926441517658532 **** Metrics validation: {'accuracy': 0.9425066509015667, 'f1_weighted': 0.9597041497081427, 'macro': 0.5983918425131154, 'micro': 0.9425066509015667, 'binary': 0.22664015904572563, 'accuracy_majority': 0.9462193823216187, 'macro_majority': 0.6063620270660088, 'binary_majority': 0.24060150375939848, 'run_time_millis': 4490.841392002039, 'loss_mean': 0.0316491462290287}
Epoch 6 **** Loss 0.007685813587158918 **** Metrics validation: {'accuracy': 0.9504877327815549, 'f1_weighted': 0.9641475951205001, 'macro': 0.6090991574094146, 'micro': 0.9504877327815549, 'binary': 0.24379232505643342, 'accuracy_majority': 0.9542066027689031, 'macro_majority': 0.6237735391954977, 'binary_majority': 0.27118644067796616, 'run_time_millis': 4486.91441399933, 'loss_mean': 0.03437938913702965}
Epoch 7 **** Loss 0.0015686063561588526 **** Metrics validation: {'accuracy': 0.9510789240319243, 'f1_weighted': 0.9644430668923769, 'macro': 0.6086430529234087, 'micro': 0.9510789240319243, 'binary': 0.24256292906178487, 'accuracy_majority': 0.9542066027689031, 'macro_majority': 0.6174971580143994, 'binary_majority': 0.25862068965517243, 'run_time_millis': 3474.0994829990086, 'loss_mean': 0.036306627094745636}
Epoch 8 **** Loss 0.0001328556245425716 **** Metrics validation: {'accuracy': 0.9558084540348802, 'f1_weighted': 0.9670798546029037, 'macro': 0.6157967733928449, 'micro': 0.9558084540348802, 'binary': 0.25436408977556113, 'accuracy_majority': 0.9595314164004259, 'macro_majority': 0.6310984750581545, 'binary_majority': 0.28301886792452835, 'run_time_millis': 3848.9354999983334, 'loss_mean': 0.04093701019883156}
Epoch 9 **** Loss 0.00019095356401521713 **** Metrics validation: {'accuracy': 0.9544782737215489, 'f1_weighted': 0.9662616393968215, 'macro': 0.6108147922381387, 'micro': 0.9544782737215489, 'binary': 0.24509803921568626, 'accuracy_majority': 0.9584664536741214, 'macro_majority': 0.6281980994152048, 'binary_majority': 0.2777777777777778, 'run_time_millis': 4485.077294000803, 'loss_mean': 0.040201857686042786}
Evaluating
{'accuracy': 0.9558084540348802, 'f1_weighted': 0.9670798546029037, 'macro': 0.6157967733928449, 'micro': 0.9558084540348802, 'binary': 0.25436408977556113, 'accuracy_majority': 0.9595314164004259, 'macro_majority': 0.6310984750581545, 'binary_majority': 0.28301886792452835, 'run_time_millis': 4486.604802001239, 'loss_mean': 0.04093701019883156}
