______________________________	 Running Epoch 1 of 10 	______________________________
[Training] Itteration/Batch:   0/90: Loss: 0.70 | Accuracy: 0.50
[Training] Itteration/Batch:  25/90: Loss: 0.65 | Accuracy: 0.69
[Training] Itteration/Batch:  50/90: Loss: 0.60 | Accuracy: 0.75
[Training] Itteration/Batch:  75/90: Loss: 0.69 | Accuracy: 0.56

Epoch 1: Val Bin. F1 Majority 0.5827552080154419 | Val Macro F1 Majority 0.6417685042154371 |             Val Bin F1 Individual 0.5609031319618225 | Val Macro F1 Individual 0.6310379069590315 |             Val Accuracy Majority 0.6514900922775269 | Val Accuracy Individual 0.6443696022033691 | Training Loss:0.6618318557739258 |             Val Loss 0.6292831301689148 | Train Runtime Millis 5966.946550997818 | Val Runtime Millis 2209.3745749989466

______________________________	 Running Epoch 2 of 10 	______________________________
[Training] Itteration/Batch:   0/90: Loss: 0.53 | Accuracy: 0.69
[Training] Itteration/Batch:  25/90: Loss: 0.71 | Accuracy: 0.50
[Training] Itteration/Batch:  50/90: Loss: 0.57 | Accuracy: 0.69
[Training] Itteration/Batch:  75/90: Loss: 0.40 | Accuracy: 0.81

Epoch 2: Val Bin. F1 Majority 0.6747967600822449 | Val Macro F1 Majority 0.725666530408321 |             Val Bin F1 Individual 0.6546112298965454 | Val Macro F1 Individual 0.7125679205643517 |             Val Accuracy Majority 0.7350993156433105 | Val Accuracy Individual 0.7242540717124939 | Training Loss:0.5321850180625916 |             Val Loss 0.5593012571334839 | Train Runtime Millis 5913.427309002145 | Val Runtime Millis 2205.4431310025393

______________________________	 Running Epoch 3 of 10 	______________________________
[Training] Itteration/Batch:   0/90: Loss: 0.26 | Accuracy: 0.94
[Training] Itteration/Batch:  25/90: Loss: 0.24 | Accuracy: 0.88
[Training] Itteration/Batch:  50/90: Loss: 0.27 | Accuracy: 0.88
[Training] Itteration/Batch:  75/90: Loss: 0.57 | Accuracy: 0.81

Epoch 3: Val Bin. F1 Majority 0.6511134505271912 | Val Macro F1 Majority 0.7138798838621523 |             Val Bin F1 Individual 0.6339622735977173 | Val Macro F1 Individual 0.7035750525743026 |             Val Accuracy Majority 0.7276490330696106 | Val Accuracy Individual 0.7199230194091797 | Training Loss:0.3275511562824249 |             Val Loss 0.7037857174873352 | Train Runtime Millis 5918.947600999672 | Val Runtime Millis 2205.149575998803

______________________________	 Running Epoch 1 of 10 	______________________________
[Training] Itteration/Batch:   0/105: Loss: 0.75 | Accuracy: 0.50
[Training] Itteration/Batch:  25/105: Loss: 0.60 | Accuracy: 0.75
[Training] Itteration/Batch:  50/105: Loss: 0.66 | Accuracy: 0.69
[Training] Itteration/Batch:  75/105: Loss: 0.69 | Accuracy: 0.56
[Training] Itteration/Batch: 100/105: Loss: 0.70 | Accuracy: 0.44

Epoch 1: Val Bin. F1 Majority 0.642241358757019 | Val Macro F1 Majority 0.7095615498702262 |             Val Bin F1 Individual 0.6308985352516174 | Val Macro F1 Individual 0.706020356664056 |             Val Accuracy Majority 0.7251655459403992 | Val Accuracy Individual 0.7252165675163269 | Training Loss:0.6443290114402771 |             Val Loss 0.5748289823532104 | Train Runtime Millis 6893.834997998056 | Val Runtime Millis 2205.258698999387

______________________________	 Running Epoch 2 of 10 	______________________________
[Training] Itteration/Batch:   0/105: Loss: 0.39 | Accuracy: 0.81
[Training] Itteration/Batch:  25/105: Loss: 0.49 | Accuracy: 0.75
[Training] Itteration/Batch:  50/105: Loss: 0.31 | Accuracy: 0.88
[Training] Itteration/Batch:  75/105: Loss: 0.27 | Accuracy: 0.94
[Training] Itteration/Batch: 100/105: Loss: 0.58 | Accuracy: 0.75

Epoch 2: Val Bin. F1 Majority 0.6673774123191833 | Val Macro F1 Majority 0.728140661471302 |             Val Bin F1 Individual 0.6506935954093933 | Val Macro F1 Individual 0.7175646831958626 |             Val Accuracy Majority 0.7417218685150146 | Val Accuracy Individual 0.7333974838256836 | Training Loss:0.4586445391178131 |             Val Loss 0.5560040473937988 | Train Runtime Millis 6901.568271001452 | Val Runtime Millis 2206.7415050005366

______________________________	 Running Epoch 3 of 10 	______________________________
[Training] Itteration/Batch:   0/105: Loss: 0.23 | Accuracy: 1.00
[Training] Itteration/Batch:  25/105: Loss: 0.18 | Accuracy: 0.94
[Training] Itteration/Batch:  50/105: Loss: 0.08 | Accuracy: 1.00
[Training] Itteration/Batch:  75/105: Loss: 0.19 | Accuracy: 0.94
[Training] Itteration/Batch: 100/105: Loss: 0.36 | Accuracy: 0.88

Epoch 3: Val Bin. F1 Majority 0.5795314311981201 | Val Macro F1 Majority 0.6835351917366737 |             Val Bin F1 Individual 0.5809312462806702 | Val Macro F1 Individual 0.6893239979654361 |             Val Accuracy Majority 0.7177152037620544 | Val Accuracy Individual 0.7271414995193481 | Training Loss:0.22388751804828644 |             Val Loss 0.8346011638641357 | Train Runtime Millis 6904.878033001296 | Val Runtime Millis 2204.5221050029795

______________________________	 Running Epoch 1 of 10 	______________________________
[Training] Itteration/Batch:   0/116: Loss: 0.69 | Accuracy: 0.56
[Training] Itteration/Batch:  25/116: Loss: 0.70 | Accuracy: 0.62
[Training] Itteration/Batch:  50/116: Loss: 0.76 | Accuracy: 0.50
[Training] Itteration/Batch:  75/116: Loss: 0.72 | Accuracy: 0.69
[Training] Itteration/Batch: 100/116: Loss: 0.72 | Accuracy: 0.50

Epoch 1: Val Bin. F1 Majority 0.3191850483417511 | Val Macro F1 Majority 0.5498497820375929 |             Val Bin F1 Individual 0.34279704093933105 | Val Macro F1 Individual 0.5738946277093986 |             Val Accuracy Majority 0.6680463552474976 | Val Accuracy Individual 0.6992300152778625 | Training Loss:0.6521345973014832 |             Val Loss 0.6485417485237122 | Train Runtime Millis 7624.3586060008965 | Val Runtime Millis 2203.256581997266

______________________________	 Running Epoch 2 of 10 	______________________________
[Training] Itteration/Batch:   0/116: Loss: 0.49 | Accuracy: 0.81
[Training] Itteration/Batch:  25/116: Loss: 0.40 | Accuracy: 0.88
[Training] Itteration/Batch:  50/116: Loss: 0.44 | Accuracy: 0.94
[Training] Itteration/Batch:  75/116: Loss: 0.53 | Accuracy: 0.81
[Training] Itteration/Batch: 100/116: Loss: 0.70 | Accuracy: 0.69

Epoch 2: Val Bin. F1 Majority 0.6550307869911194 | Val Macro F1 Majority 0.7110105460417456 |             Val Bin F1 Individual 0.644213080406189 | Val Macro F1 Individual 0.7069658468483097 |             Val Accuracy Majority 0.7218543291091919 | Val Accuracy Individual 0.7204042077064514 | Training Loss:0.488817423582077 |             Val Loss 0.5596985816955566 | Train Runtime Millis 7644.4224279985065 | Val Runtime Millis 2208.488297997974

______________________________	 Running Epoch 3 of 10 	______________________________
[Training] Itteration/Batch:   0/116: Loss: 0.43 | Accuracy: 0.75
[Training] Itteration/Batch:  25/116: Loss: 0.07 | Accuracy: 1.00
[Training] Itteration/Batch:  50/116: Loss: 0.11 | Accuracy: 0.94
[Training] Itteration/Batch:  75/116: Loss: 0.19 | Accuracy: 0.94
[Training] Itteration/Batch: 100/116: Loss: 0.49 | Accuracy: 0.88

Epoch 3: Val Bin. F1 Majority 0.6361829042434692 | Val Macro F1 Majority 0.6883042172496934 |             Val Bin F1 Individual 0.6203271150588989 | Val Macro F1 Individual 0.6771848279976138 |             Val Accuracy Majority 0.6970198750495911 | Val Accuracy Individual 0.6871992349624634 | Training Loss:0.2521618902683258 |             Val Loss 0.6880199313163757 | Train Runtime Millis 7653.713619001792 | Val Runtime Millis 2206.47498100152

