______________________________	 Running Epoch 1 of 10 	______________________________
[Training] Itteration/Batch:   0/363: Loss: 3.41 | Accuracy: 0.59
[Training] Itteration/Batch:  25/363: Loss: 3.31 | Accuracy: 0.68
[Training] Itteration/Batch:  50/363: Loss: 2.20 | Accuracy: 0.75
[Training] Itteration/Batch:  75/363: Loss: 2.11 | Accuracy: 0.63
[Training] Itteration/Batch: 100/363: Loss: 1.89 | Accuracy: 0.74
[Training] Itteration/Batch: 125/363: Loss: 1.63 | Accuracy: 0.72
[Training] Itteration/Batch: 150/363: Loss: 3.96 | Accuracy: 0.79
[Training] Itteration/Batch: 175/363: Loss: 4.20 | Accuracy: 0.82
[Training] Itteration/Batch: 200/363: Loss: 2.37 | Accuracy: 0.85
[Training] Itteration/Batch: 225/363: Loss: 3.48 | Accuracy: 0.88
[Training] Itteration/Batch: 250/363: Loss: 3.64 | Accuracy: 0.91
[Training] Itteration/Batch: 275/363: Loss: 2.10 | Accuracy: 0.91
[Training] Itteration/Batch: 300/363: Loss: 1.45 | Accuracy: 0.98
[Training] Itteration/Batch: 325/363: Loss: 4.88 | Accuracy: 0.83
[Training] Itteration/Batch: 350/363: Loss: 3.05 | Accuracy: 0.90

Epoch 1: Val Bin. F1 Majority 0.0 | Val Macro F1 Majority 0.49308510638297876 |             Val Bin F1 Individual 0.035087719559669495 | Val Macro F1 Individual 0.5031556393038055 |             Val Accuracy Majority 0.9727177619934082 | Val Accuracy Individual 0.9441137909889221 | Training Loss:2.414422035217285 |             Val Loss 2.2490322589874268 | Train Runtime Millis 41888.37165999939 | Val Runtime Millis 8150.5095649990835

______________________________	 Running Epoch 2 of 10 	______________________________
[Training] Itteration/Batch:   0/363: Loss: 2.73 | Accuracy: 0.94
[Training] Itteration/Batch:  25/363: Loss: 1.36 | Accuracy: 1.00
[Training] Itteration/Batch:  50/363: Loss: 2.40 | Accuracy: 0.89
[Training] Itteration/Batch:  75/363: Loss: 1.77 | Accuracy: 0.97
[Training] Itteration/Batch: 100/363: Loss: 1.57 | Accuracy: 0.96
[Training] Itteration/Batch: 125/363: Loss: 1.46 | Accuracy: 0.98
[Training] Itteration/Batch: 150/363: Loss: 3.82 | Accuracy: 0.93
[Training] Itteration/Batch: 175/363: Loss: 1.97 | Accuracy: 0.90
[Training] Itteration/Batch: 200/363: Loss: 1.81 | Accuracy: 0.94
[Training] Itteration/Batch: 225/363: Loss: 1.34 | Accuracy: 0.98
[Training] Itteration/Batch: 250/363: Loss: 2.51 | Accuracy: 0.92
[Training] Itteration/Batch: 275/363: Loss: 3.43 | Accuracy: 0.90
[Training] Itteration/Batch: 300/363: Loss: 3.76 | Accuracy: 0.90
[Training] Itteration/Batch: 325/363: Loss: 1.37 | Accuracy: 0.98
[Training] Itteration/Batch: 350/363: Loss: 1.90 | Accuracy: 0.97

Epoch 2: Val Bin. F1 Majority 0.0 | Val Macro F1 Majority 0.49308510638297876 |             Val Bin F1 Individual 0.05298013240098953 | Val Macro F1 Individual 0.5158786088194072 |             Val Accuracy Majority 0.9727177619934082 | Val Accuracy Individual 0.9584845304489136 | Training Loss:2.180661201477051 |             Val Loss 2.059356689453125 | Train Runtime Millis 41879.05036200027 | Val Runtime Millis 7777.700776998245

______________________________	 Running Epoch 3 of 10 	______________________________
[Training] Itteration/Batch:   0/363: Loss: 2.59 | Accuracy: 0.91
[Training] Itteration/Batch:  25/363: Loss: 1.13 | Accuracy: 0.98
[Training] Itteration/Batch:  50/363: Loss: 1.90 | Accuracy: 0.97
[Training] Itteration/Batch:  75/363: Loss: 1.47 | Accuracy: 0.95
[Training] Itteration/Batch: 100/363: Loss: 1.49 | Accuracy: 0.98
[Training] Itteration/Batch: 125/363: Loss: 2.44 | Accuracy: 0.93
[Training] Itteration/Batch: 150/363: Loss: 2.02 | Accuracy: 0.95
[Training] Itteration/Batch: 175/363: Loss: 2.45 | Accuracy: 0.93
[Training] Itteration/Batch: 200/363: Loss: 1.49 | Accuracy: 0.93
[Training] Itteration/Batch: 225/363: Loss: 1.30 | Accuracy: 1.00
[Training] Itteration/Batch: 250/363: Loss: 1.76 | Accuracy: 0.94
[Training] Itteration/Batch: 275/363: Loss: 1.96 | Accuracy: 0.93
[Training] Itteration/Batch: 300/363: Loss: 1.89 | Accuracy: 0.96
[Training] Itteration/Batch: 325/363: Loss: 1.22 | Accuracy: 0.96
[Training] Itteration/Batch: 350/363: Loss: 1.26 | Accuracy: 0.98

Epoch 3: Val Bin. F1 Majority 0.31168830394744873 | Val Macro F1 Majority 0.6336436531912656 |             Val Bin F1 Individual 0.24060150980949402 | Val Macro F1 Individual 0.5969571463327039 |             Val Accuracy Majority 0.9165792465209961 | Val Accuracy Individual 0.9120336771011353 | Training Loss:1.9221887588500977 |             Val Loss 1.8911280632019043 | Train Runtime Millis 41960.44868199897 | Val Runtime Millis 8108.935544001724

______________________________	 Running Epoch 4 of 10 	______________________________
[Training] Itteration/Batch:   0/363: Loss: 1.85 | Accuracy: 0.89
[Training] Itteration/Batch:  25/363: Loss: 3.00 | Accuracy: 0.92
[Training] Itteration/Batch:  50/363: Loss: 0.94 | Accuracy: 1.00
[Training] Itteration/Batch:  75/363: Loss: 2.42 | Accuracy: 0.96
[Training] Itteration/Batch: 100/363: Loss: 2.21 | Accuracy: 0.96
[Training] Itteration/Batch: 125/363: Loss: 2.10 | Accuracy: 0.95
[Training] Itteration/Batch: 150/363: Loss: 2.19 | Accuracy: 0.97
[Training] Itteration/Batch: 175/363: Loss: 1.59 | Accuracy: 1.00
[Training] Itteration/Batch: 200/363: Loss: 0.85 | Accuracy: 1.00
[Training] Itteration/Batch: 225/363: Loss: 1.06 | Accuracy: 0.91
[Training] Itteration/Batch: 250/363: Loss: 1.18 | Accuracy: 0.93
[Training] Itteration/Batch: 275/363: Loss: 2.47 | Accuracy: 0.97
[Training] Itteration/Batch: 300/363: Loss: 2.80 | Accuracy: 0.90
[Training] Itteration/Batch: 325/363: Loss: 0.91 | Accuracy: 0.98
[Training] Itteration/Batch: 350/363: Loss: 1.42 | Accuracy: 0.95

Epoch 4: Val Bin. F1 Majority 0.4071856141090393 | Val Macro F1 Majority 0.6900125674576773 |             Val Bin F1 Individual 0.32626426219940186 | Val Macro F1 Individual 0.6474466072170947 |             Val Accuracy Majority 0.9480587840080261 | Val Accuracy Individual 0.9400493502616882 | Training Loss:1.684791088104248 |             Val Loss 1.777245283126831 | Train Runtime Millis 42022.44816000166 | Val Runtime Millis 8158.3468860008

______________________________	 Running Epoch 5 of 10 	______________________________
[Training] Itteration/Batch:   0/363: Loss: 0.90 | Accuracy: 1.00
[Training] Itteration/Batch:  25/363: Loss: 1.23 | Accuracy: 0.98
[Training] Itteration/Batch:  50/363: Loss: 1.00 | Accuracy: 0.96
[Training] Itteration/Batch:  75/363: Loss: 0.81 | Accuracy: 1.00
[Training] Itteration/Batch: 100/363: Loss: 1.73 | Accuracy: 0.92
[Training] Itteration/Batch: 125/363: Loss: 3.36 | Accuracy: 0.98
[Training] Itteration/Batch: 150/363: Loss: 1.55 | Accuracy: 0.96
[Training] Itteration/Batch: 175/363: Loss: 1.03 | Accuracy: 0.98
[Training] Itteration/Batch: 200/363: Loss: 0.85 | Accuracy: 1.00
[Training] Itteration/Batch: 225/363: Loss: 1.00 | Accuracy: 0.98
[Training] Itteration/Batch: 250/363: Loss: 2.52 | Accuracy: 0.92
[Training] Itteration/Batch: 275/363: Loss: 3.75 | Accuracy: 0.86
[Training] Itteration/Batch: 300/363: Loss: 0.73 | Accuracy: 1.00
[Training] Itteration/Batch: 325/363: Loss: 1.78 | Accuracy: 0.96
[Training] Itteration/Batch: 350/363: Loss: 0.87 | Accuracy: 0.95

Epoch 5: Val Bin. F1 Majority 0.469696968793869 | Val Macro F1 Majority 0.7253376152832675 |             Val Bin F1 Individual 0.383301705121994 | Val Macro F1 Individual 0.6793876284729935 |             Val Accuracy Majority 0.9632738828659058 | Val Accuracy Individual 0.9528233408927917 | Training Loss:1.529099941253662 |             Val Loss 1.6854150295257568 | Train Runtime Millis 41885.8620409992 | Val Runtime Millis 8120.136254001409

______________________________	 Running Epoch 6 of 10 	______________________________
[Training] Itteration/Batch:   0/363: Loss: 2.42 | Accuracy: 0.93
[Training] Itteration/Batch:  25/363: Loss: 1.19 | Accuracy: 0.95
[Training] Itteration/Batch:  50/363: Loss: 1.25 | Accuracy: 0.93
[Training] Itteration/Batch:  75/363: Loss: 1.15 | Accuracy: 0.98
[Training] Itteration/Batch: 100/363: Loss: 1.01 | Accuracy: 0.94
[Training] Itteration/Batch: 125/363: Loss: 0.89 | Accuracy: 1.00
[Training] Itteration/Batch: 150/363: Loss: 0.67 | Accuracy: 1.00
[Training] Itteration/Batch: 175/363: Loss: 1.40 | Accuracy: 0.92
[Training] Itteration/Batch: 200/363: Loss: 1.33 | Accuracy: 0.94
[Training] Itteration/Batch: 225/363: Loss: 1.06 | Accuracy: 0.98
[Training] Itteration/Batch: 250/363: Loss: 1.15 | Accuracy: 0.97
[Training] Itteration/Batch: 275/363: Loss: 1.40 | Accuracy: 0.93
[Training] Itteration/Batch: 300/363: Loss: 1.66 | Accuracy: 0.86
[Training] Itteration/Batch: 325/363: Loss: 0.65 | Accuracy: 1.00
[Training] Itteration/Batch: 350/363: Loss: 1.77 | Accuracy: 0.95

Epoch 6: Val Bin. F1 Majority 0.45255473256111145 | Val Macro F1 Majority 0.7160732906301206 |             Val Bin F1 Individual 0.3777777850627899 | Val Macro F1 Individual 0.6761981501065955 |             Val Accuracy Majority 0.9606505632400513 | Val Accuracy Individual 0.9512265920639038 | Training Loss:1.3991498947143555 |             Val Loss 1.6531727313995361 | Train Runtime Millis 41969.05039200283 | Val Runtime Millis 8010.43870599824

______________________________	 Running Epoch 7 of 10 	______________________________
[Training] Itteration/Batch:   0/363: Loss: 1.26 | Accuracy: 0.84
[Training] Itteration/Batch:  25/363: Loss: 0.69 | Accuracy: 1.00
[Training] Itteration/Batch:  50/363: Loss: 2.11 | Accuracy: 0.95
[Training] Itteration/Batch:  75/363: Loss: 0.71 | Accuracy: 1.00
[Training] Itteration/Batch: 100/363: Loss: 1.25 | Accuracy: 0.95
[Training] Itteration/Batch: 125/363: Loss: 1.25 | Accuracy: 0.98
[Training] Itteration/Batch: 150/363: Loss: 0.88 | Accuracy: 0.90
[Training] Itteration/Batch: 175/363: Loss: 0.92 | Accuracy: 0.98
[Training] Itteration/Batch: 200/363: Loss: 0.77 | Accuracy: 0.96
[Training] Itteration/Batch: 225/363: Loss: 2.53 | Accuracy: 0.84
[Training] Itteration/Batch: 250/363: Loss: 1.76 | Accuracy: 0.86
[Training] Itteration/Batch: 275/363: Loss: 1.94 | Accuracy: 0.95
[Training] Itteration/Batch: 300/363: Loss: 0.87 | Accuracy: 0.97
[Training] Itteration/Batch: 325/363: Loss: 1.05 | Accuracy: 0.96
[Training] Itteration/Batch: 350/363: Loss: 1.17 | Accuracy: 0.98

Epoch 7: Val Bin. F1 Majority 0.42500001192092896 | Val Macro F1 Majority 0.6999041621029574 |             Val Bin F1 Individual 0.35782748460769653 | Val Macro F1 Individual 0.6636308913038408 |             Val Accuracy Majority 0.9517313838005066 | Val Accuracy Individual 0.9416460990905762 | Training Loss:1.3153390884399414 |             Val Loss 1.5919829607009888 | Train Runtime Millis 41711.347794000176 | Val Runtime Millis 8168.796256002679

______________________________	 Running Epoch 8 of 10 	______________________________
[Training] Itteration/Batch:   0/363: Loss: 1.43 | Accuracy: 0.97
[Training] Itteration/Batch:  25/363: Loss: 0.96 | Accuracy: 0.98
[Training] Itteration/Batch:  50/363: Loss: 0.95 | Accuracy: 0.98
[Training] Itteration/Batch:  75/363: Loss: 0.82 | Accuracy: 0.98
[Training] Itteration/Batch: 100/363: Loss: 1.41 | Accuracy: 0.95
[Training] Itteration/Batch: 125/363: Loss: 0.59 | Accuracy: 1.00
[Training] Itteration/Batch: 150/363: Loss: 1.35 | Accuracy: 0.91
[Training] Itteration/Batch: 175/363: Loss: 1.10 | Accuracy: 0.94
[Training] Itteration/Batch: 200/363: Loss: 2.26 | Accuracy: 0.84
[Training] Itteration/Batch: 225/363: Loss: 1.44 | Accuracy: 0.91
[Training] Itteration/Batch: 250/363: Loss: 1.76 | Accuracy: 0.96
[Training] Itteration/Batch: 275/363: Loss: 0.91 | Accuracy: 0.91
[Training] Itteration/Batch: 300/363: Loss: 0.58 | Accuracy: 1.00
[Training] Itteration/Batch: 325/363: Loss: 1.25 | Accuracy: 0.84
[Training] Itteration/Batch: 350/363: Loss: 0.85 | Accuracy: 0.98

Epoch 8: Val Bin. F1 Majority 0.40963855385780334 | Val Macro F1 Majority 0.6913798914803482 |             Val Bin F1 Individual 0.3748079836368561 | Val Macro F1 Individual 0.6719015942212653 |             Val Accuracy Majority 0.9485834240913391 | Val Accuracy Individual 0.9409202933311462 | Training Loss:1.2454031705856323 |             Val Loss 1.5679841041564941 | Train Runtime Millis 42003.169825999066 | Val Runtime Millis 8160.498271001416

______________________________	 Running Epoch 9 of 10 	______________________________
[Training] Itteration/Batch:   0/363: Loss: 1.06 | Accuracy: 0.97
[Training] Itteration/Batch:  25/363: Loss: 0.61 | Accuracy: 1.00
[Training] Itteration/Batch:  50/363: Loss: 0.71 | Accuracy: 0.98
[Training] Itteration/Batch:  75/363: Loss: 1.10 | Accuracy: 0.97
[Training] Itteration/Batch: 100/363: Loss: 1.30 | Accuracy: 0.97
[Training] Itteration/Batch: 125/363: Loss: 1.66 | Accuracy: 0.87
[Training] Itteration/Batch: 150/363: Loss: 1.08 | Accuracy: 0.97
[Training] Itteration/Batch: 175/363: Loss: 1.06 | Accuracy: 0.96
[Training] Itteration/Batch: 200/363: Loss: 1.85 | Accuracy: 0.92
[Training] Itteration/Batch: 225/363: Loss: 1.05 | Accuracy: 0.93
[Training] Itteration/Batch: 250/363: Loss: 0.57 | Accuracy: 1.00
[Training] Itteration/Batch: 275/363: Loss: 0.93 | Accuracy: 0.98
[Training] Itteration/Batch: 300/363: Loss: 1.39 | Accuracy: 0.88
[Training] Itteration/Batch: 325/363: Loss: 0.55 | Accuracy: 1.00
[Training] Itteration/Batch: 350/363: Loss: 1.96 | Accuracy: 0.97

Epoch 9: Val Bin. F1 Majority 0.3571428656578064 | Val Macro F1 Majority 0.6611488621997472 |             Val Bin F1 Individual 0.34701988101005554 | Val Macro F1 Individual 0.6545818834024164 |             Val Accuracy Majority 0.9338929653167725 | Val Accuracy Individual 0.9284366369247437 | Training Loss:1.176310658454895 |             Val Loss 1.565073847770691 | Train Runtime Millis 41918.5136169981 | Val Runtime Millis 8168.460172997584

______________________________	 Running Epoch 10 of 10 	______________________________
[Training] Itteration/Batch:   0/363: Loss: 0.99 | Accuracy: 0.98
[Training] Itteration/Batch:  25/363: Loss: 1.27 | Accuracy: 0.97
[Training] Itteration/Batch:  50/363: Loss: 0.55 | Accuracy: 1.00
[Training] Itteration/Batch:  75/363: Loss: 0.76 | Accuracy: 1.00
[Training] Itteration/Batch: 100/363: Loss: 2.84 | Accuracy: 0.85
[Training] Itteration/Batch: 125/363: Loss: 0.55 | Accuracy: 1.00
[Training] Itteration/Batch: 150/363: Loss: 1.54 | Accuracy: 0.90
[Training] Itteration/Batch: 175/363: Loss: 1.43 | Accuracy: 0.98
[Training] Itteration/Batch: 200/363: Loss: 1.96 | Accuracy: 0.94
[Training] Itteration/Batch: 225/363: Loss: 0.54 | Accuracy: 1.00
[Training] Itteration/Batch: 250/363: Loss: 0.68 | Accuracy: 0.96
[Training] Itteration/Batch: 275/363: Loss: 1.27 | Accuracy: 0.97
[Training] Itteration/Batch: 300/363: Loss: 0.99 | Accuracy: 0.97
[Training] Itteration/Batch: 325/363: Loss: 0.60 | Accuracy: 0.94
[Training] Itteration/Batch: 350/363: Loss: 0.91 | Accuracy: 0.98

Epoch 10: Val Bin. F1 Majority 0.40236687660217285 | Val Macro F1 Majority 0.6873212304703679 |             Val Bin F1 Individual 0.3644716739654541 | Val Macro F1 Individual 0.6664263107999708 |             Val Accuracy Majority 0.9470094442367554 | Val Accuracy Individual 0.9397590160369873 | Training Loss:1.1194154024124146 |             Val Loss 1.5794118642807007 | Train Runtime Millis 41653.50889600086 | Val Runtime Millis 8173.371689001215

______________________________	 Running Epoch 1 of 10 	______________________________
[Training] Itteration/Batch:   0/371: Loss: 2.26 | Accuracy: 0.53
[Training] Itteration/Batch:  25/371: Loss: 2.77 | Accuracy: 0.53
[Training] Itteration/Batch:  50/371: Loss: 4.21 | Accuracy: 0.43
[Training] Itteration/Batch:  75/371: Loss: 2.57 | Accuracy: 0.71
[Training] Itteration/Batch: 100/371: Loss: 2.86 | Accuracy: 0.66
[Training] Itteration/Batch: 125/371: Loss: 2.65 | Accuracy: 0.81
[Training] Itteration/Batch: 150/371: Loss: 2.64 | Accuracy: 0.81
[Training] Itteration/Batch: 175/371: Loss: 1.61 | Accuracy: 0.82
[Training] Itteration/Batch: 200/371: Loss: 4.96 | Accuracy: 0.77
[Training] Itteration/Batch: 225/371: Loss: 5.68 | Accuracy: 0.78
[Training] Itteration/Batch: 250/371: Loss: 3.17 | Accuracy: 0.77
[Training] Itteration/Batch: 275/371: Loss: 1.60 | Accuracy: 0.86
[Training] Itteration/Batch: 300/371: Loss: 3.84 | Accuracy: 0.83
[Training] Itteration/Batch: 325/371: Loss: 1.65 | Accuracy: 0.87
[Training] Itteration/Batch: 350/371: Loss: 1.96 | Accuracy: 0.94

Epoch 1: Val Bin. F1 Majority 0.0 | Val Macro F1 Majority 0.4932677369238736 |             Val Bin F1 Individual 0.0625 | Val Macro F1 Individual 0.5149314621409922 |             Val Accuracy Majority 0.9734287261962891 | Val Accuracy Individual 0.9369217753410339 | Training Loss:2.446422576904297 |             Val Loss 2.2781474590301514 | Train Runtime Millis 43691.08281100125 | Val Runtime Millis 8614.81416999959

______________________________	 Running Epoch 2 of 10 	______________________________
[Training] Itteration/Batch:   0/371: Loss: 3.52 | Accuracy: 0.87
[Training] Itteration/Batch:  25/371: Loss: 1.71 | Accuracy: 0.92
[Training] Itteration/Batch:  50/371: Loss: 2.30 | Accuracy: 0.92
[Training] Itteration/Batch:  75/371: Loss: 2.48 | Accuracy: 0.94
[Training] Itteration/Batch: 100/371: Loss: 2.18 | Accuracy: 0.95
[Training] Itteration/Batch: 125/371: Loss: 2.59 | Accuracy: 0.93
[Training] Itteration/Batch: 150/371: Loss: 2.56 | Accuracy: 0.88
[Training] Itteration/Batch: 175/371: Loss: 3.11 | Accuracy: 0.92
[Training] Itteration/Batch: 200/371: Loss: 1.72 | Accuracy: 0.97
[Training] Itteration/Batch: 225/371: Loss: 3.25 | Accuracy: 0.91
[Training] Itteration/Batch: 250/371: Loss: 2.29 | Accuracy: 0.96
[Training] Itteration/Batch: 275/371: Loss: 3.14 | Accuracy: 0.89
[Training] Itteration/Batch: 300/371: Loss: 2.72 | Accuracy: 0.91
[Training] Itteration/Batch: 325/371: Loss: 1.25 | Accuracy: 0.98
[Training] Itteration/Batch: 350/371: Loss: 1.49 | Accuracy: 0.97

Epoch 2: Val Bin. F1 Majority 0.0 | Val Macro F1 Majority 0.4932677369238736 |             Val Bin F1 Individual 0.020134227350354195 | Val Macro F1 Individual 0.4996161477374816 |             Val Accuracy Majority 0.9734287261962891 | Val Accuracy Individual 0.9590692520141602 | Training Loss:2.1525368690490723 |             Val Loss 2.088733196258545 | Train Runtime Millis 43637.42795500002 | Val Runtime Millis 8674.677098002576

______________________________	 Running Epoch 3 of 10 	______________________________
[Training] Itteration/Batch:   0/371: Loss: 1.91 | Accuracy: 0.97
[Training] Itteration/Batch:  25/371: Loss: 1.89 | Accuracy: 0.97
[Training] Itteration/Batch:  50/371: Loss: 1.20 | Accuracy: 1.00
[Training] Itteration/Batch:  75/371: Loss: 1.13 | Accuracy: 0.98
[Training] Itteration/Batch: 100/371: Loss: 1.63 | Accuracy: 0.98
[Training] Itteration/Batch: 125/371: Loss: 2.33 | Accuracy: 0.94
[Training] Itteration/Batch: 150/371: Loss: 1.58 | Accuracy: 0.96
[Training] Itteration/Batch: 175/371: Loss: 1.17 | Accuracy: 0.98
[Training] Itteration/Batch: 200/371: Loss: 1.58 | Accuracy: 0.98
[Training] Itteration/Batch: 225/371: Loss: 1.59 | Accuracy: 0.96
[Training] Itteration/Batch: 250/371: Loss: 2.42 | Accuracy: 0.95
[Training] Itteration/Batch: 275/371: Loss: 1.21 | Accuracy: 0.98
[Training] Itteration/Batch: 300/371: Loss: 1.65 | Accuracy: 0.95
[Training] Itteration/Batch: 325/371: Loss: 1.78 | Accuracy: 0.96
[Training] Itteration/Batch: 350/371: Loss: 1.31 | Accuracy: 0.98

Epoch 3: Val Bin. F1 Majority 0.0 | Val Macro F1 Majority 0.4932677369238736 |             Val Bin F1 Individual 0.013605441898107529 | Val Macro F1 Individual 0.4964263077493772 |             Val Accuracy Majority 0.9734287261962891 | Val Accuracy Individual 0.9593495726585388 | Training Loss:1.9807482957839966 |             Val Loss 2.003203868865967 | Train Runtime Millis 43685.279085999355 | Val Runtime Millis 8478.336136002326

______________________________	 Running Epoch 4 of 10 	______________________________
[Training] Itteration/Batch:   0/371: Loss: 1.49 | Accuracy: 0.98
[Training] Itteration/Batch:  25/371: Loss: 0.96 | Accuracy: 1.00
[Training] Itteration/Batch:  50/371: Loss: 1.03 | Accuracy: 1.00
[Training] Itteration/Batch:  75/371: Loss: 0.96 | Accuracy: 1.00
[Training] Itteration/Batch: 100/371: Loss: 2.81 | Accuracy: 0.91
[Training] Itteration/Batch: 125/371: Loss: 2.70 | Accuracy: 0.95
[Training] Itteration/Batch: 150/371: Loss: 1.84 | Accuracy: 0.96
[Training] Itteration/Batch: 175/371: Loss: 3.08 | Accuracy: 0.90
[Training] Itteration/Batch: 200/371: Loss: 1.49 | Accuracy: 0.96
[Training] Itteration/Batch: 225/371: Loss: 1.70 | Accuracy: 0.89
[Training] Itteration/Batch: 250/371: Loss: 1.14 | Accuracy: 1.00
[Training] Itteration/Batch: 275/371: Loss: 0.85 | Accuracy: 1.00
[Training] Itteration/Batch: 300/371: Loss: 0.92 | Accuracy: 1.00
[Training] Itteration/Batch: 325/371: Loss: 0.92 | Accuracy: 1.00
[Training] Itteration/Batch: 350/371: Loss: 1.22 | Accuracy: 0.98

Epoch 4: Val Bin. F1 Majority 0.42990654706954956 | Val Macro F1 Majority 0.7069417133710896 |             Val Bin F1 Individual 0.30062630772590637 | Val Macro F1 Individual 0.6381657885600924 |             Val Accuracy Majority 0.968829870223999 | Val Accuracy Individual 0.9530417919158936 | Training Loss:1.8127987384796143 |             Val Loss 1.846895456314087 | Train Runtime Millis 44038.11985599896 | Val Runtime Millis 8751.145042002463

______________________________	 Running Epoch 5 of 10 	______________________________
[Training] Itteration/Batch:   0/371: Loss: 1.27 | Accuracy: 0.98
[Training] Itteration/Batch:  25/371: Loss: 0.93 | Accuracy: 1.00
[Training] Itteration/Batch:  50/371: Loss: 1.45 | Accuracy: 0.96
[Training] Itteration/Batch:  75/371: Loss: 1.23 | Accuracy: 1.00
[Training] Itteration/Batch: 100/371: Loss: 1.90 | Accuracy: 0.92
[Training] Itteration/Batch: 125/371: Loss: 1.78 | Accuracy: 0.87
[Training] Itteration/Batch: 150/371: Loss: 2.06 | Accuracy: 0.93
[Training] Itteration/Batch: 175/371: Loss: 1.51 | Accuracy: 0.98
[Training] Itteration/Batch: 200/371: Loss: 1.12 | Accuracy: 1.00
[Training] Itteration/Batch: 225/371: Loss: 2.46 | Accuracy: 1.00
[Training] Itteration/Batch: 250/371: Loss: 0.88 | Accuracy: 1.00
[Training] Itteration/Batch: 275/371: Loss: 1.54 | Accuracy: 0.96
[Training] Itteration/Batch: 300/371: Loss: 1.23 | Accuracy: 0.96
[Training] Itteration/Batch: 325/371: Loss: 1.46 | Accuracy: 0.93
[Training] Itteration/Batch: 350/371: Loss: 1.20 | Accuracy: 0.98

Epoch 5: Val Bin. F1 Majority 0.39053255319595337 | Val Macro F1 Majority 0.6815146032974934 |             Val Bin F1 Individual 0.34074074029922485 | Val Macro F1 Individual 0.6540016511766678 |             Val Accuracy Majority 0.9473684430122375 | Val Accuracy Individual 0.9376226663589478 | Training Loss:1.6156433820724487 |             Val Loss 1.7128759622573853 | Train Runtime Millis 43895.451346998016 | Val Runtime Millis 8615.542692998133

______________________________	 Running Epoch 6 of 10 	______________________________
[Training] Itteration/Batch:   0/371: Loss: 1.14 | Accuracy: 0.98
[Training] Itteration/Batch:  25/371: Loss: 1.32 | Accuracy: 0.90
[Training] Itteration/Batch:  50/371: Loss: 1.27 | Accuracy: 0.94
[Training] Itteration/Batch:  75/371: Loss: 1.70 | Accuracy: 0.91
[Training] Itteration/Batch: 100/371: Loss: 3.83 | Accuracy: 0.89
[Training] Itteration/Batch: 125/371: Loss: 1.64 | Accuracy: 0.96
[Training] Itteration/Batch: 150/371: Loss: 1.55 | Accuracy: 0.90
[Training] Itteration/Batch: 175/371: Loss: 1.23 | Accuracy: 0.96
[Training] Itteration/Batch: 200/371: Loss: 1.40 | Accuracy: 0.91
[Training] Itteration/Batch: 225/371: Loss: 1.68 | Accuracy: 0.95
[Training] Itteration/Batch: 250/371: Loss: 0.93 | Accuracy: 0.98
[Training] Itteration/Batch: 275/371: Loss: 1.48 | Accuracy: 0.88
[Training] Itteration/Batch: 300/371: Loss: 1.20 | Accuracy: 0.92
[Training] Itteration/Batch: 325/371: Loss: 0.94 | Accuracy: 0.98
[Training] Itteration/Batch: 350/371: Loss: 2.68 | Accuracy: 0.95

Epoch 6: Val Bin. F1 Majority 0.4430379867553711 | Val Macro F1 Majority 0.7098043973524217 |             Val Bin F1 Individual 0.37308868765830994 | Val Macro F1 Individual 0.6714863140075719 |             Val Accuracy Majority 0.9550332427024841 | Val Accuracy Individual 0.9425287246704102 | Training Loss:1.4570728540420532 |             Val Loss 1.6145806312561035 | Train Runtime Millis 43699.5281519994 | Val Runtime Millis 8756.454583999584

______________________________	 Running Epoch 7 of 10 	______________________________
[Training] Itteration/Batch:   0/371: Loss: 2.14 | Accuracy: 0.87
[Training] Itteration/Batch:  25/371: Loss: 1.49 | Accuracy: 0.98
[Training] Itteration/Batch:  50/371: Loss: 1.23 | Accuracy: 0.87
[Training] Itteration/Batch:  75/371: Loss: 0.68 | Accuracy: 1.00
[Training] Itteration/Batch: 100/371: Loss: 1.62 | Accuracy: 0.95
[Training] Itteration/Batch: 125/371: Loss: 1.05 | Accuracy: 0.93
[Training] Itteration/Batch: 150/371: Loss: 1.56 | Accuracy: 0.97
[Training] Itteration/Batch: 175/371: Loss: 0.68 | Accuracy: 1.00
[Training] Itteration/Batch: 200/371: Loss: 0.69 | Accuracy: 1.00
[Training] Itteration/Batch: 225/371: Loss: 1.09 | Accuracy: 0.97
[Training] Itteration/Batch: 250/371: Loss: 3.16 | Accuracy: 0.87
[Training] Itteration/Batch: 275/371: Loss: 0.92 | Accuracy: 0.98
[Training] Itteration/Batch: 300/371: Loss: 1.49 | Accuracy: 0.91
[Training] Itteration/Batch: 325/371: Loss: 0.98 | Accuracy: 0.96
[Training] Itteration/Batch: 350/371: Loss: 1.78 | Accuracy: 0.95

Epoch 7: Val Bin. F1 Majority 0.49275362491607666 | Val Macro F1 Majority 0.7371077437975927 |             Val Bin F1 Individual 0.4107142984867096 | Val Macro F1 Individual 0.6933203760056693 |             Val Accuracy Majority 0.9642309546470642 | Val Accuracy Individual 0.9537426233291626 | Training Loss:1.3284298181533813 |             Val Loss 1.558215618133545 | Train Runtime Millis 43572.31316999969 | Val Runtime Millis 8657.372268000472

______________________________	 Running Epoch 8 of 10 	______________________________
[Training] Itteration/Batch:   0/371: Loss: 1.44 | Accuracy: 0.97
[Training] Itteration/Batch:  25/371: Loss: 0.98 | Accuracy: 0.96
[Training] Itteration/Batch:  50/371: Loss: 1.62 | Accuracy: 0.95
[Training] Itteration/Batch:  75/371: Loss: 0.63 | Accuracy: 1.00
[Training] Itteration/Batch: 100/371: Loss: 1.21 | Accuracy: 0.97
[Training] Itteration/Batch: 125/371: Loss: 1.48 | Accuracy: 0.93
[Training] Itteration/Batch: 150/371: Loss: 0.64 | Accuracy: 1.00
[Training] Itteration/Batch: 175/371: Loss: 2.69 | Accuracy: 0.89
[Training] Itteration/Batch: 200/371: Loss: 1.07 | Accuracy: 0.95
[Training] Itteration/Batch: 225/371: Loss: 2.29 | Accuracy: 0.91
[Training] Itteration/Batch: 250/371: Loss: 1.82 | Accuracy: 0.91
[Training] Itteration/Batch: 275/371: Loss: 0.94 | Accuracy: 0.96
[Training] Itteration/Batch: 300/371: Loss: 1.36 | Accuracy: 0.96
[Training] Itteration/Batch: 325/371: Loss: 0.56 | Accuracy: 1.00
[Training] Itteration/Batch: 350/371: Loss: 1.47 | Accuracy: 0.91

Epoch 8: Val Bin. F1 Majority 0.4892086386680603 | Val Macro F1 Majority 0.7352003430368288 |             Val Bin F1 Individual 0.39788731932640076 | Val Macro F1 Individual 0.6864619101470134 |             Val Accuracy Majority 0.9637199640274048 | Val Accuracy Individual 0.9520605802536011 | Training Loss:1.2478055953979492 |             Val Loss 1.5333187580108643 | Train Runtime Millis 44518.354192001425 | Val Runtime Millis 8890.228350999678

______________________________	 Running Epoch 9 of 10 	______________________________
[Training] Itteration/Batch:   0/371: Loss: 1.27 | Accuracy: 0.97
[Training] Itteration/Batch:  25/371: Loss: 1.70 | Accuracy: 0.93
[Training] Itteration/Batch:  50/371: Loss: 1.86 | Accuracy: 0.91
[Training] Itteration/Batch:  75/371: Loss: 1.09 | Accuracy: 0.97
[Training] Itteration/Batch: 100/371: Loss: 1.10 | Accuracy: 0.98
[Training] Itteration/Batch: 125/371: Loss: 0.92 | Accuracy: 0.98
[Training] Itteration/Batch: 150/371: Loss: 1.18 | Accuracy: 0.97
[Training] Itteration/Batch: 175/371: Loss: 2.05 | Accuracy: 0.89
[Training] Itteration/Batch: 200/371: Loss: 0.55 | Accuracy: 1.00
[Training] Itteration/Batch: 225/371: Loss: 1.93 | Accuracy: 0.87
[Training] Itteration/Batch: 250/371: Loss: 1.87 | Accuracy: 0.91
[Training] Itteration/Batch: 275/371: Loss: 0.60 | Accuracy: 1.00
[Training] Itteration/Batch: 300/371: Loss: 0.68 | Accuracy: 1.00
[Training] Itteration/Batch: 325/371: Loss: 0.75 | Accuracy: 0.97
[Training] Itteration/Batch: 350/371: Loss: 1.56 | Accuracy: 0.94

Epoch 9: Val Bin. F1 Majority 0.44155845046043396 | Val Macro F1 Majority 0.7093430505664549 |             Val Bin F1 Individual 0.39234450459480286 | Val Macro F1 Individual 0.6822069969894446 |             Val Accuracy Majority 0.9560551643371582 | Val Accuracy Individual 0.9465937614440918 | Training Loss:1.1521788835525513 |             Val Loss 1.4934724569320679 | Train Runtime Millis 44640.749598002 | Val Runtime Millis 8690.772343998105

______________________________	 Running Epoch 10 of 10 	______________________________
[Training] Itteration/Batch:   0/371: Loss: 1.47 | Accuracy: 0.94
[Training] Itteration/Batch:  25/371: Loss: 1.03 | Accuracy: 0.95
[Training] Itteration/Batch:  50/371: Loss: 1.09 | Accuracy: 0.92
[Training] Itteration/Batch:  75/371: Loss: 0.50 | Accuracy: 1.00
[Training] Itteration/Batch: 100/371: Loss: 0.77 | Accuracy: 0.98
[Training] Itteration/Batch: 125/371: Loss: 0.85 | Accuracy: 0.91
[Training] Itteration/Batch: 150/371: Loss: 1.33 | Accuracy: 0.93
[Training] Itteration/Batch: 175/371: Loss: 1.04 | Accuracy: 0.98
[Training] Itteration/Batch: 200/371: Loss: 0.45 | Accuracy: 1.00
[Training] Itteration/Batch: 225/371: Loss: 0.80 | Accuracy: 0.96
[Training] Itteration/Batch: 250/371: Loss: 0.92 | Accuracy: 0.93
[Training] Itteration/Batch: 275/371: Loss: 2.50 | Accuracy: 0.91
[Training] Itteration/Batch: 300/371: Loss: 1.37 | Accuracy: 0.91
[Training] Itteration/Batch: 325/371: Loss: 1.03 | Accuracy: 0.98
[Training] Itteration/Batch: 350/371: Loss: 1.20 | Accuracy: 1.00

Epoch 10: Val Bin. F1 Majority 0.3888888955116272 | Val Macro F1 Majority 0.6797149318574064 |             Val Bin F1 Individual 0.3539094626903534 | Val Macro F1 Individual 0.6595605379612077 |             Val Accuracy Majority 0.9437915086746216 | Val Accuracy Individual 0.9339781403541565 | Training Loss:1.0875632762908936 |             Val Loss 1.5156465768814087 | Train Runtime Millis 44160.709395000595 | Val Runtime Millis 8642.784678999305

