Device cuda
Split type sit
Training Size: 20746, NTA labels 13526, YTA labels 7220
Validation Size: 6891, NTA labels 4474, YTA labels 2417
Test Size: 6797, NTA labels 4475, YTA labels 2322
Training with SBERT, model name is sbert
Tokenizing the dataset
Number of training steps 6490
Epoch 0 **** Loss 0.19175440073013306 **** Metrics validation: {'accuracy': 0.7679582063561167, 'f1_weighted': 0.7701586146969914, 'macro': 0.7503933747093083, 'micro': 0.7679582063561167, 'binary': 0.6841793403120678, 'accuracy_majority': 0.8015016424213984, 'macro_majority': 0.7898391222331101, 'binary_majority': 0.7403314917127072, 'run_time_millis': 6684.985516010784, 'loss_mean': 0.23787987232208252}
Epoch 1 **** Loss 0.22704839706420898 **** Metrics validation: {'accuracy': 0.7657814540705268, 'f1_weighted': 0.7689757109467193, 'macro': 0.7506221176664736, 'micro': 0.7657814540705268, 'binary': 0.6891371340523883, 'accuracy_majority': 0.8000938526513374, 'macro_majority': 0.7904569200002216, 'binary_majority': 0.7455197132616487, 'run_time_millis': 6712.289693008643, 'loss_mean': 0.23939597606658936}
Epoch 2 **** Loss 0.1626082956790924 **** Metrics validation: {'accuracy': 0.767667972718038, 'f1_weighted': 0.7707616294780382, 'macro': 0.7524225748517546, 'micro': 0.767667972718038, 'binary': 0.6909862960818375, 'accuracy_majority': 0.8057250117315814, 'macro_majority': 0.7959242871735654, 'binary_majority': 0.7512019230769229, 'run_time_millis': 6141.377429012209, 'loss_mean': 0.24456968903541565}
Epoch 3 **** Loss 0.21240344643592834 **** Metrics validation: {'accuracy': 0.7683935568132346, 'f1_weighted': 0.7703125692421128, 'macro': 0.7501727296186319, 'micro': 0.7683935568132346, 'binary': 0.6827037773359841, 'accuracy_majority': 0.8015016424213984, 'macro_majority': 0.7893411033421929, 'binary_majority': 0.7387276096355775, 'run_time_millis': 6662.104521004949, 'loss_mean': 0.25235891342163086}
Epoch 4 **** Loss 0.4062351584434509 **** Metrics validation: {'accuracy': 0.7398055434624873, 'f1_weighted': 0.7456385861142991, 'macro': 0.7318629618493429, 'micro': 0.7398055434624873, 'binary': 0.6857142857142857, 'accuracy_majority': 0.7850774284373534, 'macro_majority': 0.7806426643700026, 'binary_majority': 0.74945295404814, 'run_time_millis': 6691.852561023552, 'loss_mean': 0.2556314468383789}
Epoch 5 **** Loss 0.12425476312637329 **** Metrics validation: {'accuracy': 0.761427949499347, 'f1_weighted': 0.7646398175165179, 'macro': 0.7458704637911748, 'micro': 0.7614279494993471, 'binary': 0.6829926725800232, 'accuracy_majority': 0.7968090098545284, 'macro_majority': 0.7870585995419115, 'binary_majority': 0.7414925373134327, 'run_time_millis': 6682.5019890093245, 'loss_mean': 0.25874781608581543}
Epoch 6 **** Loss 0.17238956689834595 **** Metrics validation: {'accuracy': 0.7621535335945436, 'f1_weighted': 0.7654860480323905, 'macro': 0.7470090070656763, 'micro': 0.7621535335945435, 'binary': 0.6851104707012488, 'accuracy_majority': 0.7991553261379634, 'macro_majority': 0.7897375603998377, 'binary_majority': 0.7452380952380953, 'run_time_millis': 6742.430993996095, 'loss_mean': 0.27780911326408386}
Epoch 7 **** Loss 0.12454240024089813 **** Metrics validation: {'accuracy': 0.7572195617472065, 'f1_weighted': 0.7611591688189193, 'macro': 0.743348681463945, 'micro': 0.7572195617472065, 'binary': 0.6836831159009265, 'accuracy_majority': 0.7949319568277804, 'macro_majority': 0.7863120893019858, 'binary_majority': 0.7433940105695831, 'run_time_millis': 6691.587685025297, 'loss_mean': 0.28710228204727173}
Epoch 8 **** Loss 0.08245834708213806 **** Metrics validation: {'accuracy': 0.7578000290233639, 'f1_weighted': 0.7618232196009032, 'macro': 0.7442527248705457, 'micro': 0.7578000290233637, 'binary': 0.6853911404335532, 'accuracy_majority': 0.7935241670577193, 'macro_majority': 0.7852208172988822, 'binary_majority': 0.7429906542056074, 'run_time_millis': 6560.921965981834, 'loss_mean': 0.29031339287757874}
Epoch 9 **** Loss 0.3136308193206787 **** Metrics validation: {'accuracy': 0.7608474822231897, 'f1_weighted': 0.764467038913994, 'macro': 0.7463956114552937, 'micro': 0.7608474822231897, 'binary': 0.6858558902020588, 'accuracy_majority': 0.7958704833411544, 'macro_majority': 0.7868665355962786, 'binary_majority': 0.7430596574128765, 'run_time_millis': 6775.171785033308, 'loss_mean': 0.30734753608703613}
Evaluating
{'accuracy': 0.767667972718038, 'f1_weighted': 0.7707616294780382, 'macro': 0.7524225748517546, 'micro': 0.767667972718038, 'binary': 0.6909862960818375, 'accuracy_majority': 0.8057250117315814, 'macro_majority': 0.7959242871735654, 'binary_majority': 0.7512019230769229, 'run_time_millis': 6695.871862990316, 'loss_mean': 0.24456968903541565}
