______________________________	 Running Epoch 1 of 10 	______________________________
[Training] Itteration/Batch:   0/170: Loss: 1.06 | Accuracy: 0.67
[Training] Itteration/Batch:  25/170: Loss: 0.66 | Accuracy: 1.00
[Training] Itteration/Batch:  50/170: Loss: 0.34 | Accuracy: 1.00
[Training] Itteration/Batch:  75/170: Loss: 0.23 | Accuracy: 1.00
[Training] Itteration/Batch: 100/170: Loss: 0.16 | Accuracy: 1.00
[Training] Itteration/Batch: 125/170: Loss: 0.11 | Accuracy: 1.00
[Training] Itteration/Batch: 150/170: Loss: 0.12 | Accuracy: 1.00

Epoch 1: Val Bin. F1 Majority 0.0 | Val Macro F1 Majority 1.0 |             Val Bin F1 Individual 0.0 | Val Macro F1 Individual 1.0 |             Val Accuracy Majority 1.0 | Val Accuracy Individual 1.0 | Training Loss:0.3126017451286316 |             Val Loss 0.07153645902872086 | Train Runtime Millis 12620.500043034554 | Val Runtime Millis 3663.3236930938438

______________________________	 Running Epoch 2 of 10 	______________________________
[Training] Itteration/Batch:   0/170: Loss: 0.07 | Accuracy: 1.00
[Training] Itteration/Batch:  25/170: Loss: 0.08 | Accuracy: 1.00
[Training] Itteration/Batch:  50/170: Loss: 0.05 | Accuracy: 1.00
[Training] Itteration/Batch:  75/170: Loss: 0.05 | Accuracy: 1.00
[Training] Itteration/Batch: 100/170: Loss: 0.04 | Accuracy: 1.00
[Training] Itteration/Batch: 125/170: Loss: 0.04 | Accuracy: 1.00
[Training] Itteration/Batch: 150/170: Loss: 0.04 | Accuracy: 1.00

Epoch 2: Val Bin. F1 Majority 0.0 | Val Macro F1 Majority 1.0 |             Val Bin F1 Individual 0.0 | Val Macro F1 Individual 1.0 |             Val Accuracy Majority 1.0 | Val Accuracy Individual 1.0 | Training Loss:0.05286841094493866 |             Val Loss 0.03074362874031067 | Train Runtime Millis 12642.321466933936 | Val Runtime Millis 3665.526653989218

______________________________	 Running Epoch 3 of 10 	______________________________
[Training] Itteration/Batch:   0/170: Loss: 0.04 | Accuracy: 1.00
[Training] Itteration/Batch:  25/170: Loss: 0.04 | Accuracy: 1.00
[Training] Itteration/Batch:  50/170: Loss: 0.03 | Accuracy: 1.00
[Training] Itteration/Batch:  75/170: Loss: 0.02 | Accuracy: 1.00
[Training] Itteration/Batch: 100/170: Loss: 0.03 | Accuracy: 1.00
[Training] Itteration/Batch: 125/170: Loss: 0.03 | Accuracy: 1.00
[Training] Itteration/Batch: 150/170: Loss: 0.02 | Accuracy: 1.00

Epoch 3: Val Bin. F1 Majority 0.0 | Val Macro F1 Majority 1.0 |             Val Bin F1 Individual 0.0 | Val Macro F1 Individual 1.0 |             Val Accuracy Majority 1.0 | Val Accuracy Individual 1.0 | Training Loss:0.02657032385468483 |             Val Loss 0.018234003335237503 | Train Runtime Millis 12655.859358957969 | Val Runtime Millis 3660.932778962888

______________________________	 Running Epoch 4 of 10 	______________________________
[Training] Itteration/Batch:   0/170: Loss: 0.02 | Accuracy: 1.00
[Training] Itteration/Batch:  25/170: Loss: 0.02 | Accuracy: 1.00
[Training] Itteration/Batch:  50/170: Loss: 0.02 | Accuracy: 1.00
[Training] Itteration/Batch:  75/170: Loss: 0.02 | Accuracy: 1.00
[Training] Itteration/Batch: 100/170: Loss: 0.02 | Accuracy: 1.00
[Training] Itteration/Batch: 125/170: Loss: 0.01 | Accuracy: 1.00
[Training] Itteration/Batch: 150/170: Loss: 0.02 | Accuracy: 1.00

Epoch 4: Val Bin. F1 Majority 0.0 | Val Macro F1 Majority 1.0 |             Val Bin F1 Individual 0.0 | Val Macro F1 Individual 1.0 |             Val Accuracy Majority 1.0 | Val Accuracy Individual 1.0 | Training Loss:0.01689418964087963 |             Val Loss 0.01241182442754507 | Train Runtime Millis 12644.39703791868 | Val Runtime Millis 3665.624184999615

______________________________	 Running Epoch 5 of 10 	______________________________
[Training] Itteration/Batch:   0/170: Loss: 0.02 | Accuracy: 1.00
[Training] Itteration/Batch:  25/170: Loss: 0.01 | Accuracy: 1.00
[Training] Itteration/Batch:  50/170: Loss: 0.01 | Accuracy: 1.00
[Training] Itteration/Batch:  75/170: Loss: 0.01 | Accuracy: 1.00
[Training] Itteration/Batch: 100/170: Loss: 0.01 | Accuracy: 1.00
[Training] Itteration/Batch: 125/170: Loss: 0.01 | Accuracy: 1.00
[Training] Itteration/Batch: 150/170: Loss: 0.01 | Accuracy: 1.00

Epoch 5: Val Bin. F1 Majority 0.0 | Val Macro F1 Majority 1.0 |             Val Bin F1 Individual 0.0 | Val Macro F1 Individual 1.0 |             Val Accuracy Majority 1.0 | Val Accuracy Individual 1.0 | Training Loss:0.012040683999657631 |             Val Loss 0.009280117228627205 | Train Runtime Millis 12659.97509995941 | Val Runtime Millis 3656.728876987472

______________________________	 Running Epoch 6 of 10 	______________________________
[Training] Itteration/Batch:   0/170: Loss: 0.01 | Accuracy: 1.00
[Training] Itteration/Batch:  25/170: Loss: 0.01 | Accuracy: 1.00
[Training] Itteration/Batch:  50/170: Loss: 0.01 | Accuracy: 1.00
[Training] Itteration/Batch:  75/170: Loss: 0.01 | Accuracy: 1.00
[Training] Itteration/Batch: 100/170: Loss: 0.01 | Accuracy: 1.00
[Training] Itteration/Batch: 125/170: Loss: 0.01 | Accuracy: 1.00
[Training] Itteration/Batch: 150/170: Loss: 0.01 | Accuracy: 1.00

Epoch 6: Val Bin. F1 Majority 0.0 | Val Macro F1 Majority 1.0 |             Val Bin F1 Individual 0.0 | Val Macro F1 Individual 1.0 |             Val Accuracy Majority 1.0 | Val Accuracy Individual 1.0 | Training Loss:0.009287353605031967 |             Val Loss 0.007310121785849333 | Train Runtime Millis 12778.673319029622 | Val Runtime Millis 3670.5057660583407

______________________________	 Running Epoch 7 of 10 	______________________________
[Training] Itteration/Batch:   0/170: Loss: 0.01 | Accuracy: 1.00
[Training] Itteration/Batch:  25/170: Loss: 0.01 | Accuracy: 1.00
[Training] Itteration/Batch:  50/170: Loss: 0.01 | Accuracy: 1.00
[Training] Itteration/Batch:  75/170: Loss: 0.01 | Accuracy: 1.00
[Training] Itteration/Batch: 100/170: Loss: 0.01 | Accuracy: 1.00
[Training] Itteration/Batch: 125/170: Loss: 0.01 | Accuracy: 1.00
[Training] Itteration/Batch: 150/170: Loss: 0.01 | Accuracy: 1.00

Epoch 7: Val Bin. F1 Majority 0.0 | Val Macro F1 Majority 1.0 |             Val Bin F1 Individual 0.0 | Val Macro F1 Individual 1.0 |             Val Accuracy Majority 1.0 | Val Accuracy Individual 1.0 | Training Loss:0.0074655478820204735 |             Val Loss 0.006018867716193199 | Train Runtime Millis 12639.060884015635 | Val Runtime Millis 3656.499778968282

______________________________	 Running Epoch 8 of 10 	______________________________
[Training] Itteration/Batch:   0/170: Loss: 0.01 | Accuracy: 1.00
[Training] Itteration/Batch:  25/170: Loss: 0.01 | Accuracy: 1.00
[Training] Itteration/Batch:  50/170: Loss: 0.01 | Accuracy: 1.00
[Training] Itteration/Batch:  75/170: Loss: 0.01 | Accuracy: 1.00
[Training] Itteration/Batch: 100/170: Loss: 0.01 | Accuracy: 1.00
[Training] Itteration/Batch: 125/170: Loss: 0.01 | Accuracy: 1.00
[Training] Itteration/Batch: 150/170: Loss: 0.01 | Accuracy: 1.00

Epoch 8: Val Bin. F1 Majority 0.0 | Val Macro F1 Majority 1.0 |             Val Bin F1 Individual 0.0 | Val Macro F1 Individual 1.0 |             Val Accuracy Majority 1.0 | Val Accuracy Individual 1.0 | Training Loss:0.006204027216881514 |             Val Loss 0.0050835879519581795 | Train Runtime Millis 12642.378906020895 | Val Runtime Millis 3660.057742963545

______________________________	 Running Epoch 9 of 10 	______________________________
[Training] Itteration/Batch:   0/170: Loss: 0.01 | Accuracy: 1.00
[Training] Itteration/Batch:  25/170: Loss: 0.01 | Accuracy: 1.00
[Training] Itteration/Batch:  50/170: Loss: 0.01 | Accuracy: 1.00
[Training] Itteration/Batch:  75/170: Loss: 0.01 | Accuracy: 1.00
[Training] Itteration/Batch: 100/170: Loss: 0.01 | Accuracy: 1.00
[Training] Itteration/Batch: 125/170: Loss: 0.00 | Accuracy: 1.00
[Training] Itteration/Batch: 150/170: Loss: 0.01 | Accuracy: 1.00

Epoch 9: Val Bin. F1 Majority 0.0 | Val Macro F1 Majority 1.0 |             Val Bin F1 Individual 0.0 | Val Macro F1 Individual 1.0 |             Val Accuracy Majority 1.0 | Val Accuracy Individual 1.0 | Training Loss:0.005324287805706263 |             Val Loss 0.0043940469622612 | Train Runtime Millis 12656.508635962382 | Val Runtime Millis 3668.677198002115

______________________________	 Running Epoch 10 of 10 	______________________________
[Training] Itteration/Batch:   0/170: Loss: 0.00 | Accuracy: 1.00
[Training] Itteration/Batch:  25/170: Loss: 0.01 | Accuracy: 1.00
[Training] Itteration/Batch:  50/170: Loss: 0.00 | Accuracy: 1.00
[Training] Itteration/Batch:  75/170: Loss: 0.00 | Accuracy: 1.00
[Training] Itteration/Batch: 100/170: Loss: 0.01 | Accuracy: 1.00
[Training] Itteration/Batch: 125/170: Loss: 0.01 | Accuracy: 1.00
[Training] Itteration/Batch: 150/170: Loss: 0.00 | Accuracy: 1.00

Epoch 10: Val Bin. F1 Majority 0.0 | Val Macro F1 Majority 1.0 |             Val Bin F1 Individual 0.0 | Val Macro F1 Individual 1.0 |             Val Accuracy Majority 1.0 | Val Accuracy Individual 1.0 | Training Loss:0.004627666901797056 |             Val Loss 0.003868473693728447 | Train Runtime Millis 12652.961060986854 | Val Runtime Millis 3651.7288520699367

______________________________	 Running Epoch 1 of 10 	______________________________
[Training] Itteration/Batch:   0/185: Loss: 1.18 | Accuracy: 0.73
[Training] Itteration/Batch:  25/185: Loss: 0.63 | Accuracy: 1.00
[Training] Itteration/Batch:  50/185: Loss: 0.38 | Accuracy: 1.00
[Training] Itteration/Batch:  75/185: Loss: 0.25 | Accuracy: 1.00
[Training] Itteration/Batch: 100/185: Loss: 0.18 | Accuracy: 1.00
[Training] Itteration/Batch: 125/185: Loss: 0.14 | Accuracy: 1.00
[Training] Itteration/Batch: 150/185: Loss: 0.11 | Accuracy: 1.00
[Training] Itteration/Batch: 175/185: Loss: 0.09 | Accuracy: 1.00

Epoch 1: Val Bin. F1 Majority 0.0 | Val Macro F1 Majority 1.0 |             Val Bin F1 Individual 0.0 | Val Macro F1 Individual 1.0 |             Val Accuracy Majority 1.0 | Val Accuracy Individual 1.0 | Training Loss:0.30719420313835144 |             Val Loss 0.06445253640413284 | Train Runtime Millis 13862.698533921503 | Val Runtime Millis 3665.2698449324816

______________________________	 Running Epoch 2 of 10 	______________________________
[Training] Itteration/Batch:   0/185: Loss: 0.06 | Accuracy: 1.00
[Training] Itteration/Batch:  25/185: Loss: 0.07 | Accuracy: 1.00
[Training] Itteration/Batch:  50/185: Loss: 0.05 | Accuracy: 1.00
[Training] Itteration/Batch:  75/185: Loss: 0.04 | Accuracy: 1.00
[Training] Itteration/Batch: 100/185: Loss: 0.04 | Accuracy: 1.00
[Training] Itteration/Batch: 125/185: Loss: 0.04 | Accuracy: 1.00
[Training] Itteration/Batch: 150/185: Loss: 0.03 | Accuracy: 1.00
[Training] Itteration/Batch: 175/185: Loss: 0.03 | Accuracy: 1.00

Epoch 2: Val Bin. F1 Majority 0.0 | Val Macro F1 Majority 1.0 |             Val Bin F1 Individual 0.0 | Val Macro F1 Individual 1.0 |             Val Accuracy Majority 1.0 | Val Accuracy Individual 1.0 | Training Loss:0.04875166714191437 |             Val Loss 0.027304602786898613 | Train Runtime Millis 13762.657338986173 | Val Runtime Millis 3664.4091160269454

______________________________	 Running Epoch 3 of 10 	______________________________
[Training] Itteration/Batch:   0/185: Loss: 0.03 | Accuracy: 1.00
[Training] Itteration/Batch:  25/185: Loss: 0.03 | Accuracy: 1.00
[Training] Itteration/Batch:  50/185: Loss: 0.03 | Accuracy: 1.00
[Training] Itteration/Batch:  75/185: Loss: 0.02 | Accuracy: 1.00
[Training] Itteration/Batch: 100/185: Loss: 0.02 | Accuracy: 1.00
[Training] Itteration/Batch: 125/185: Loss: 0.02 | Accuracy: 1.00
[Training] Itteration/Batch: 150/185: Loss: 0.02 | Accuracy: 1.00
[Training] Itteration/Batch: 175/185: Loss: 0.02 | Accuracy: 1.00

Epoch 3: Val Bin. F1 Majority 0.0 | Val Macro F1 Majority 1.0 |             Val Bin F1 Individual 0.0 | Val Macro F1 Individual 1.0 |             Val Accuracy Majority 1.0 | Val Accuracy Individual 1.0 | Training Loss:0.024119948968291283 |             Val Loss 0.01594310812652111 | Train Runtime Millis 13777.452735113911 | Val Runtime Millis 3669.152353075333

______________________________	 Running Epoch 4 of 10 	______________________________
[Training] Itteration/Batch:   0/185: Loss: 0.02 | Accuracy: 1.00
[Training] Itteration/Batch:  25/185: Loss: 0.02 | Accuracy: 1.00
[Training] Itteration/Batch:  50/185: Loss: 0.02 | Accuracy: 1.00
[Training] Itteration/Batch:  75/185: Loss: 0.01 | Accuracy: 1.00
[Training] Itteration/Batch: 100/185: Loss: 0.01 | Accuracy: 1.00
[Training] Itteration/Batch: 125/185: Loss: 0.01 | Accuracy: 1.00
[Training] Itteration/Batch: 150/185: Loss: 0.01 | Accuracy: 1.00
[Training] Itteration/Batch: 175/185: Loss: 0.01 | Accuracy: 1.00

Epoch 4: Val Bin. F1 Majority 0.0 | Val Macro F1 Majority 1.0 |             Val Bin F1 Individual 0.0 | Val Macro F1 Individual 1.0 |             Val Accuracy Majority 1.0 | Val Accuracy Individual 1.0 | Training Loss:0.015174154192209244 |             Val Loss 0.010817104950547218 | Train Runtime Millis 13768.333385000005 | Val Runtime Millis 3661.950432928279

______________________________	 Running Epoch 5 of 10 	______________________________
[Training] Itteration/Batch:   0/185: Loss: 0.01 | Accuracy: 1.00
[Training] Itteration/Batch:  25/185: Loss: 0.01 | Accuracy: 1.00
[Training] Itteration/Batch:  50/185: Loss: 0.01 | Accuracy: 1.00
[Training] Itteration/Batch:  75/185: Loss: 0.01 | Accuracy: 1.00
[Training] Itteration/Batch: 100/185: Loss: 0.01 | Accuracy: 1.00
[Training] Itteration/Batch: 125/185: Loss: 0.01 | Accuracy: 1.00
[Training] Itteration/Batch: 150/185: Loss: 0.01 | Accuracy: 1.00
[Training] Itteration/Batch: 175/185: Loss: 0.01 | Accuracy: 1.00

Epoch 5: Val Bin. F1 Majority 0.0 | Val Macro F1 Majority 1.0 |             Val Bin F1 Individual 0.0 | Val Macro F1 Individual 1.0 |             Val Accuracy Majority 1.0 | Val Accuracy Individual 1.0 | Training Loss:0.010796631686389446 |             Val Loss 0.008037911728024483 | Train Runtime Millis 13765.42844704818 | Val Runtime Millis 3674.663816927932

______________________________	 Running Epoch 6 of 10 	______________________________
[Training] Itteration/Batch:   0/185: Loss: 0.01 | Accuracy: 1.00
[Training] Itteration/Batch:  25/185: Loss: 0.01 | Accuracy: 1.00
[Training] Itteration/Batch:  50/185: Loss: 0.01 | Accuracy: 1.00
[Training] Itteration/Batch:  75/185: Loss: 0.01 | Accuracy: 1.00
[Training] Itteration/Batch: 100/185: Loss: 0.01 | Accuracy: 1.00
[Training] Itteration/Batch: 125/185: Loss: 0.01 | Accuracy: 1.00
[Training] Itteration/Batch: 150/185: Loss: 0.01 | Accuracy: 1.00
[Training] Itteration/Batch: 175/185: Loss: 0.01 | Accuracy: 1.00

Epoch 6: Val Bin. F1 Majority 0.0 | Val Macro F1 Majority 1.0 |             Val Bin F1 Individual 0.0 | Val Macro F1 Individual 1.0 |             Val Accuracy Majority 1.0 | Val Accuracy Individual 1.0 | Training Loss:0.008247674442827702 |             Val Loss 0.0063164206221699715 | Train Runtime Millis 13891.734699951485 | Val Runtime Millis 3668.529427028261

______________________________	 Running Epoch 7 of 10 	______________________________
[Training] Itteration/Batch:   0/185: Loss: 0.01 | Accuracy: 1.00
[Training] Itteration/Batch:  25/185: Loss: 0.01 | Accuracy: 1.00
[Training] Itteration/Batch:  50/185: Loss: 0.01 | Accuracy: 1.00
[Training] Itteration/Batch:  75/185: Loss: 0.01 | Accuracy: 1.00
[Training] Itteration/Batch: 100/185: Loss: 0.01 | Accuracy: 1.00
[Training] Itteration/Batch: 125/185: Loss: 0.01 | Accuracy: 1.00
[Training] Itteration/Batch: 150/185: Loss: 0.01 | Accuracy: 1.00
[Training] Itteration/Batch: 175/185: Loss: 0.01 | Accuracy: 1.00

Epoch 7: Val Bin. F1 Majority 0.0 | Val Macro F1 Majority 1.0 |             Val Bin F1 Individual 0.0 | Val Macro F1 Individual 1.0 |             Val Accuracy Majority 1.0 | Val Accuracy Individual 1.0 | Training Loss:0.006590547971427441 |             Val Loss 0.005165255628526211 | Train Runtime Millis 13771.118842996657 | Val Runtime Millis 3672.744698007591

______________________________	 Running Epoch 8 of 10 	______________________________
[Training] Itteration/Batch:   0/185: Loss: 0.01 | Accuracy: 1.00
[Training] Itteration/Batch:  25/185: Loss: 0.01 | Accuracy: 1.00
[Training] Itteration/Batch:  50/185: Loss: 0.01 | Accuracy: 1.00
[Training] Itteration/Batch:  75/185: Loss: 0.01 | Accuracy: 1.00
[Training] Itteration/Batch: 100/185: Loss: 0.01 | Accuracy: 1.00
[Training] Itteration/Batch: 125/185: Loss: 0.01 | Accuracy: 1.00
[Training] Itteration/Batch: 150/185: Loss: 0.01 | Accuracy: 1.00
[Training] Itteration/Batch: 175/185: Loss: 0.01 | Accuracy: 1.00

Epoch 8: Val Bin. F1 Majority 0.0 | Val Macro F1 Majority 1.0 |             Val Bin F1 Individual 0.0 | Val Macro F1 Individual 1.0 |             Val Accuracy Majority 1.0 | Val Accuracy Individual 1.0 | Training Loss:0.005497924517840147 |             Val Loss 0.004351350944489241 | Train Runtime Millis 13766.190074034967 | Val Runtime Millis 3664.3381559988484

______________________________	 Running Epoch 9 of 10 	______________________________
[Training] Itteration/Batch:   0/185: Loss: 0.01 | Accuracy: 1.00
[Training] Itteration/Batch:  25/185: Loss: 0.01 | Accuracy: 1.00
[Training] Itteration/Batch:  50/185: Loss: 0.00 | Accuracy: 1.00
[Training] Itteration/Batch:  75/185: Loss: 0.00 | Accuracy: 1.00
[Training] Itteration/Batch: 100/185: Loss: 0.01 | Accuracy: 1.00
[Training] Itteration/Batch: 125/185: Loss: 0.00 | Accuracy: 1.00
[Training] Itteration/Batch: 150/185: Loss: 0.00 | Accuracy: 1.00
[Training] Itteration/Batch: 175/185: Loss: 0.00 | Accuracy: 1.00

Epoch 9: Val Bin. F1 Majority 0.0 | Val Macro F1 Majority 1.0 |             Val Bin F1 Individual 0.0 | Val Macro F1 Individual 1.0 |             Val Accuracy Majority 1.0 | Val Accuracy Individual 1.0 | Training Loss:0.004670304711908102 |             Val Loss 0.0037525822408497334 | Train Runtime Millis 13708.612118032761 | Val Runtime Millis 3674.7978990897536

______________________________	 Running Epoch 10 of 10 	______________________________
[Training] Itteration/Batch:   0/185: Loss: 0.00 | Accuracy: 1.00
[Training] Itteration/Batch:  25/185: Loss: 0.00 | Accuracy: 1.00
[Training] Itteration/Batch:  50/185: Loss: 0.00 | Accuracy: 1.00
[Training] Itteration/Batch:  75/185: Loss: 0.00 | Accuracy: 1.00
[Training] Itteration/Batch: 100/185: Loss: 0.00 | Accuracy: 1.00
[Training] Itteration/Batch: 125/185: Loss: 0.00 | Accuracy: 1.00
[Training] Itteration/Batch: 150/185: Loss: 0.00 | Accuracy: 1.00
[Training] Itteration/Batch: 175/185: Loss: 0.00 | Accuracy: 1.00

Epoch 10: Val Bin. F1 Majority 0.0 | Val Macro F1 Majority 1.0 |             Val Bin F1 Individual 0.0 | Val Macro F1 Individual 1.0 |             Val Accuracy Majority 1.0 | Val Accuracy Individual 1.0 | Training Loss:0.004038017708808184 |             Val Loss 0.0032916241325438023 | Train Runtime Millis 13776.306404033676 | Val Runtime Millis 3675.683088018559

