Device cuda
Split type sit
Training Size: 10142, NTA labels 7184, YTA labels 2958
Validation Size: 3254, NTA labels 2350, YTA labels 904
Test Size: 3793, NTA labels 2651, YTA labels 1142
Training with SBERT, model name is sbert
Tokenizing the dataset
Number of training steps 3170
Epoch 0 **** Loss 0.2477734535932541 **** Metrics validation: {'accuracy': 0.690842040565458, 'f1_weighted': 0.6619203411549613, 'macro': 0.5501000808673199, 'micro': 0.690842040565458, 'binary': 0.298465829846583, 'accuracy_majority': 0.6868225898459783, 'macro_majority': 0.5477935838550905, 'binary_majority': 0.2970550576184379, 'run_time_millis': 11907.101720003993, 'loss_mean': 0.28538739681243896}
Epoch 1 **** Loss 0.21327520906925201 **** Metrics validation: {'accuracy': 0.6850030731407498, 'f1_weighted': 0.6720794447429355, 'macro': 0.5772187002594857, 'micro': 0.6850030731407498, 'binary': 0.3637492240844196, 'accuracy_majority': 0.6851112378779236, 'macro_majority': 0.5760892421566154, 'binary_majority': 0.3611111111111111, 'run_time_millis': 11911.891384996125, 'loss_mean': 0.3003789186477661}
Epoch 2 **** Loss 0.18307192623615265 **** Metrics validation: {'accuracy': 0.6763982790411801, 'f1_weighted': 0.6675706732561678, 'macro': 0.5757381699099253, 'micro': 0.6763982790411801, 'binary': 0.3690832834032355, 'accuracy_majority': 0.672561323445522, 'macro_majority': 0.5788244847388953, 'binary_majority': 0.38012958963282933, 'run_time_millis': 11907.599721991573, 'loss_mean': 0.36968615651130676}
Epoch 3 **** Loss 0.07895223796367645 **** Metrics validation: {'accuracy': 0.6576521204671174, 'f1_weighted': 0.6538024190863401, 'macro': 0.5640174481733733, 'micro': 0.6576521204671174, 'binary': 0.3619702176403208, 'accuracy_majority': 0.6577296063890473, 'macro_majority': 0.5766927460639428, 'binary_majority': 0.3914807302231237, 'run_time_millis': 13924.674106005114, 'loss_mean': 0.57881098985672}
Epoch 4 **** Loss 0.047043148428201675 **** Metrics validation: {'accuracy': 0.6585740626920713, 'f1_weighted': 0.6544037721028426, 'macro': 0.5644001871472538, 'micro': 0.6585740626920713, 'binary': 0.3618609994256174, 'accuracy_majority': 0.6645750142612664, 'macro_majority': 0.5799041424169805, 'binary_majority': 0.39130434782608703, 'run_time_millis': 11908.315107997623, 'loss_mean': 0.5841677188873291}
Epoch 5 **** Loss 0.07420678436756134 **** Metrics validation: {'accuracy': 0.6376767055931162, 'f1_weighted': 0.6424746033407581, 'macro': 0.5608538957749913, 'micro': 0.6376767055931162, 'binary': 0.37717908082408874, 'accuracy_majority': 0.6497432972047917, 'macro_majority': 0.5798467005805329, 'binary_majority': 0.40847784200385356, 'run_time_millis': 11898.413585004164, 'loss_mean': 0.5998123288154602}
Epoch 6 **** Loss 0.05274958908557892 **** Metrics validation: {'accuracy': 0.6696373693915181, 'f1_weighted': 0.6348151256518539, 'macro': 0.5110977682868555, 'micro': 0.6696373693915181, 'binary': 0.23269093504639543, 'accuracy_majority': 0.6754135767256132, 'macro_majority': 0.5269767651403601, 'binary_majority': 0.2619974059662775, 'run_time_millis': 11918.742832000135, 'loss_mean': 0.8951531052589417}
Epoch 7 **** Loss 0.02466294728219509 **** Metrics validation: {'accuracy': 0.671481253841426, 'f1_weighted': 0.6542304859649826, 'macro': 0.5507258787063223, 'micro': 0.671481253841426, 'binary': 0.3178047223994895, 'accuracy_majority': 0.6776953793496863, 'macro_majority': 0.5717226095886709, 'binary_majority': 0.358683314415437, 'run_time_millis': 11897.997687992756, 'loss_mean': 1.1251564025878906}
Epoch 8 **** Loss 0.00031481843325309455 **** Metrics validation: {'accuracy': 0.6702519975414875, 'f1_weighted': 0.6560578088710223, 'macro': 0.5559368487856929, 'micro': 0.6702519975414875, 'binary': 0.330630068621335, 'accuracy_majority': 0.674843126069595, 'macro_majority': 0.5727242405582923, 'binary_majority': 0.3638392857142857, 'run_time_millis': 11864.073081000242, 'loss_mean': 1.2086542844772339}
Epoch 9 **** Loss 0.028277389705181122 **** Metrics validation: {'accuracy': 0.6760909649661955, 'f1_weighted': 0.6553295163940839, 'macro': 0.548871875843469, 'micro': 0.6760909649661955, 'binary': 0.309305373525557, 'accuracy_majority': 0.6856816885339418, 'macro_majority': 0.5711239767104925, 'binary_majority': 0.3494687131050767, 'run_time_millis': 13893.006198995863, 'loss_mean': 1.3749752044677734}
Evaluating
{'accuracy': 0.6850030731407498, 'f1_weighted': 0.6720794447429355, 'macro': 0.5772187002594857, 'micro': 0.6850030731407498, 'binary': 0.3637492240844196, 'accuracy_majority': 0.6851112378779236, 'macro_majority': 0.5760892421566154, 'binary_majority': 0.3611111111111111, 'run_time_millis': 13899.61553401372, 'loss_mean': 0.3003789186477661}
