Device cuda
Split type sit
Training Size: 15779, NTA labels 10176, YTA labels 5603
Validation Size: 5147, NTA labels 3297, YTA labels 1850
Test Size: 5193, NTA labels 3358, YTA labels 1835
Training with SBERT, model name is sbert
Tokenizing the dataset
Number of training steps 4940
Epoch 0 **** Loss 0.46052637696266174 **** Metrics validation: {'accuracy': 0.8016320186516417, 'f1_weighted': 0.7990253512649812, 'macro': 0.7792774575032135, 'micro': 0.8016320186516416, 'binary': 0.7090339127956682, 'accuracy_majority': 0.8011527377521613, 'macro_majority': 0.7909478347000964, 'binary_majority': 0.7447595561035759, 'run_time_millis': 5521.433389993035, 'loss_mean': 0.22357286512851715}
Epoch 1 **** Loss 0.21615125238895416 **** Metrics validation: {'accuracy': 0.8008548669127648, 'f1_weighted': 0.8025676945660761, 'macro': 0.7877266070550487, 'micro': 0.8008548669127649, 'binary': 0.7349366433928111, 'accuracy_majority': 0.8045148895292987, 'macro_majority': 0.8003417902827038, 'binary_majority': 0.7714766984839977, 'run_time_millis': 5508.6364050075645, 'loss_mean': 0.21517278254032135}
Epoch 2 **** Loss 0.1766870766878128 **** Metrics validation: {'accuracy': 0.7925004857198368, 'f1_weighted': 0.7956509447682415, 'macro': 0.7826260469309796, 'micro': 0.7925004857198368, 'binary': 0.7362962962962963, 'accuracy_majority': 0.7997118155619597, 'macro_majority': 0.7973873948511025, 'binary_majority': 0.7756858526089296, 'run_time_millis': 5498.192024999298, 'loss_mean': 0.2373802661895752}
Epoch 3 **** Loss 0.02948908507823944 **** Metrics validation: {'accuracy': 0.7926947736545561, 'f1_weighted': 0.7955615385601821, 'macro': 0.781960853909557, 'micro': 0.7926947736545561, 'binary': 0.7335830212234706, 'accuracy_majority': 0.7968299711815562, 'macro_majority': 0.7942081538049197, 'binary_majority': 0.7709799675148891, 'run_time_millis': 4847.844393996638, 'loss_mean': 0.2389375865459442}
Epoch 4 **** Loss 0.18073152005672455 **** Metrics validation: {'accuracy': 0.8022148824557995, 'f1_weighted': 0.8039592041877464, 'macro': 0.7892845905474725, 'micro': 0.8022148824557995, 'binary': 0.7370867768595041, 'accuracy_majority': 0.7977905859750241, 'macro_majority': 0.7937049218910888, 'binary_majority': 0.7646730016769144, 'run_time_millis': 4964.30894099467, 'loss_mean': 0.2946648895740509}
Epoch 5 **** Loss 0.06173456832766533 **** Metrics validation: {'accuracy': 0.8049349135418691, 'f1_weighted': 0.8056373691799762, 'macro': 0.7897552862371495, 'micro': 0.8049349135418691, 'binary': 0.7332624867162594, 'accuracy_majority': 0.8059558117195005, 'macro_majority': 0.8007032375464402, 'binary_majority': 0.768348623853211, 'run_time_millis': 4907.840319996467, 'loss_mean': 0.3092934191226959}
Epoch 6 **** Loss 0.0012139449827373028 **** Metrics validation: {'accuracy': 0.7996891393044492, 'f1_weighted': 0.8018767239411245, 'macro': 0.7876819482941779, 'micro': 0.7996891393044492, 'binary': 0.7371909253122609, 'accuracy_majority': 0.8040345821325648, 'macro_majority': 0.8008813711885384, 'binary_majority': 0.7758241758241758, 'run_time_millis': 5498.215795989381, 'loss_mean': 0.33852365612983704}
Epoch 7 **** Loss 0.0006047376082278788 **** Metrics validation: {'accuracy': 0.8016320186516417, 'f1_weighted': 0.8031965773905527, 'macro': 0.7882037529190016, 'micro': 0.8016320186516416, 'binary': 0.7348740586860555, 'accuracy_majority': 0.8021133525456292, 'macro_majority': 0.7982529669926477, 'binary_majority': 0.7703455964325528, 'run_time_millis': 5526.117339992197, 'loss_mean': 0.4035528898239136}
Epoch 8 **** Loss 0.17421479523181915 **** Metrics validation: {'accuracy': 0.804157761802992, 'f1_weighted': 0.8044311296697767, 'macro': 0.787949325368215, 'micro': 0.804157761802992, 'binary': 0.7293233082706767, 'accuracy_majority': 0.8059558117195005, 'macro_majority': 0.8004445068668908, 'binary_majority': 0.7672811059907835, 'run_time_millis': 5516.135236000991, 'loss_mean': 0.45356082916259766}
Epoch 9 **** Loss 0.18959195911884308 **** Metrics validation: {'accuracy': 0.805712065280746, 'f1_weighted': 0.8058489998605178, 'macro': 0.7893369717830236, 'micro': 0.8057120652807461, 'binary': 0.7306034482758621, 'accuracy_majority': 0.8049951969260326, 'macro_majority': 0.7991220507282817, 'binary_majority': 0.764774044032445, 'run_time_millis': 5494.606384992949, 'loss_mean': 0.4922444522380829}
Evaluating
{'accuracy': 0.805712065280746, 'f1_weighted': 0.8058489998605178, 'macro': 0.7893369717830236, 'micro': 0.8057120652807461, 'binary': 0.7306034482758621, 'accuracy_majority': 0.8049951969260326, 'macro_majority': 0.7991220507282817, 'binary_majority': 0.764774044032445, 'run_time_millis': 5518.077575994539, 'loss_mean': 0.4922444522380829}
