Device cuda
Split type sit
Training Size: 6027, NTA labels 5094, YTA labels 933
Validation Size: 2247, NTA labels 1892, YTA labels 355
Test Size: 2229, NTA labels 1889, YTA labels 340
Training with SBERT, model name is sbert
Tokenizing the dataset
Number of training steps 1890
Epoch 0 **** Loss 0.09385085105895996 **** Metrics validation: {'accuracy': 0.8785046728971962, 'f1_weighted': 0.8883627437541337, 'macro': 0.8114497746824946, 'micro': 0.8785046728971962, 'binary': 0.699007717750827, 'accuracy_majority': 0.8925925925925926, 'macro_majority': 0.8348329696549236, 'binary_majority': 0.7371601208459215, 'run_time_millis': 2229.653540001891, 'loss_mean': 0.10220935940742493}
Epoch 1 **** Loss 0.1542671173810959 **** Metrics validation: {'accuracy': 0.9167779261237206, 'f1_weighted': 0.9207520975906386, 'macro': 0.8590520819880818, 'micro': 0.9167779261237206, 'binary': 0.7688504326328801, 'accuracy_majority': 0.9308641975308642, 'macro_majority': 0.884257369151629, 'binary_majority': 0.8108108108108109, 'run_time_millis': 4097.616364000714, 'loss_mean': 0.0999678522348404}
Epoch 2 **** Loss 0.08928775787353516 **** Metrics validation: {'accuracy': 0.9056519804183356, 'f1_weighted': 0.9112059506231293, 'macro': 0.8445149177733793, 'micro': 0.9056519804183356, 'binary': 0.747016706443914, 'accuracy_majority': 0.917283950617284, 'macro_majority': 0.8660327475505987, 'binary_majority': 0.7831715210355987, 'run_time_millis': 4076.955573000305, 'loss_mean': 0.096025750041008}
Epoch 3 **** Loss 0.043838515877723694 **** Metrics validation: {'accuracy': 0.8940809968847352, 'f1_weighted': 0.901886819109783, 'macro': 0.8321336286452565, 'micro': 0.8940809968847352, 'binary': 0.7301587301587301, 'accuracy_majority': 0.9061728395061729, 'macro_majority': 0.8520192307692307, 'binary_majority': 0.7625, 'run_time_millis': 3736.769271999947, 'loss_mean': 0.09142518043518066}
Epoch 4 **** Loss 0.024438489228487015 **** Metrics validation: {'accuracy': 0.8678237650200267, 'f1_weighted': 0.8800762379517106, 'macro': 0.8019349479268225, 'micro': 0.8678237650200267, 'binary': 0.6876971608832807, 'accuracy_majority': 0.8790123456790123, 'macro_majority': 0.8214173228346455, 'binary_majority': 0.7199999999999999, 'run_time_millis': 1978.6533500009682, 'loss_mean': 0.11160799115896225}
Epoch 5 **** Loss 0.04298366606235504 **** Metrics validation: {'accuracy': 0.8878504672897196, 'f1_weighted': 0.8966583444192572, 'macro': 0.8246492638442615, 'micro': 0.8878504672897196, 'binary': 0.7193763919821826, 'accuracy_majority': 0.9024691358024691, 'macro_majority': 0.850020742560218, 'binary_majority': 0.7613293051359518, 'run_time_millis': 1972.0480100004352, 'loss_mean': 0.1094147115945816}
Epoch 6 **** Loss 0.047973789274692535 **** Metrics validation: {'accuracy': 0.8869603916332889, 'f1_weighted': 0.8960353681052611, 'macro': 0.824137229768038, 'micro': 0.8869603916332889, 'binary': 0.7190265486725664, 'accuracy_majority': 0.9024691358024691, 'macro_majority': 0.850020742560218, 'binary_majority': 0.7613293051359518, 'run_time_millis': 4079.3837329983944, 'loss_mean': 0.11370253562927246}
Epoch 7 **** Loss 0.038099147379398346 **** Metrics validation: {'accuracy': 0.8753894080996885, 'f1_weighted': 0.8863472204433402, 'macro': 0.8104816457938226, 'micro': 0.8753894080996885, 'binary': 0.6995708154506438, 'accuracy_majority': 0.8901234567901235, 'macro_majority': 0.8347086593952846, 'binary_majority': 0.7390029325513197, 'run_time_millis': 4063.3108180009003, 'loss_mean': 0.11549317091703415}
Epoch 8 **** Loss 0.02714083343744278 **** Metrics validation: {'accuracy': 0.9074321317311972, 'f1_weighted': 0.9133415302409436, 'macro': 0.8493785336953075, 'micro': 0.9074321317311972, 'binary': 0.7558685446009389, 'accuracy_majority': 0.9209876543209876, 'macro_majority': 0.8735868748841702, 'binary_majority': 0.7961783439490446, 'run_time_millis': 4108.6742260013125, 'loss_mean': 0.14001834392547607}
Epoch 9 **** Loss 0.06544892489910126 **** Metrics validation: {'accuracy': 0.906097018246551, 'f1_weighted': 0.9119275586885865, 'macro': 0.8465148531454587, 'micro': 0.9060970182465509, 'binary': 0.7508854781582054, 'accuracy_majority': 0.9185185185185185, 'macro_majority': 0.869001411432604, 'binary_majority': 0.7884615384615384, 'run_time_millis': 4071.00784600334, 'loss_mean': 0.14470097422599792}
Evaluating
{'accuracy': 0.9167779261237206, 'f1_weighted': 0.9207520975906386, 'macro': 0.8590520819880818, 'micro': 0.9167779261237206, 'binary': 0.7688504326328801, 'accuracy_majority': 0.9308641975308642, 'macro_majority': 0.884257369151629, 'binary_majority': 0.8108108108108109, 'run_time_millis': 3041.1079059995245, 'loss_mean': 0.0999678522348404}
