______________________________	 Running Epoch 1 of 10 	______________________________
[Training] Itteration/Batch:   0/403: Loss: 2.86 | Accuracy: 0.55
[Training] Itteration/Batch:  25/403: Loss: 2.14 | Accuracy: 0.90
[Training] Itteration/Batch:  50/403: Loss: 1.81 | Accuracy: 0.92
[Training] Itteration/Batch:  75/403: Loss: 1.44 | Accuracy: 1.00
[Training] Itteration/Batch: 100/403: Loss: 1.10 | Accuracy: 1.00
[Training] Itteration/Batch: 125/403: Loss: 0.96 | Accuracy: 1.00
[Training] Itteration/Batch: 150/403: Loss: 0.72 | Accuracy: 1.00
[Training] Itteration/Batch: 175/403: Loss: 0.70 | Accuracy: 1.00
[Training] Itteration/Batch: 200/403: Loss: 0.53 | Accuracy: 1.00
[Training] Itteration/Batch: 225/403: Loss: 0.45 | Accuracy: 1.00
[Training] Itteration/Batch: 250/403: Loss: 0.43 | Accuracy: 1.00
[Training] Itteration/Batch: 275/403: Loss: 0.39 | Accuracy: 1.00
[Training] Itteration/Batch: 300/403: Loss: 0.34 | Accuracy: 1.00
[Training] Itteration/Batch: 325/403: Loss: 0.34 | Accuracy: 1.00
[Training] Itteration/Batch: 350/403: Loss: 0.35 | Accuracy: 1.00
[Training] Itteration/Batch: 375/403: Loss: 0.23 | Accuracy: 1.00
[Training] Itteration/Batch: 400/403: Loss: 0.26 | Accuracy: 1.00

Epoch 1: Val Bin. F1 Majority 0.0 | Val Macro F1 Majority 1.0 |             Val Bin F1 Individual 0.0 | Val Macro F1 Individual 1.0 |             Val Accuracy Majority 1.0 | Val Accuracy Individual 1.0 | Training Loss:0.8725181818008423 |             Val Loss 0.22677430510520935 | Train Runtime Millis 69589.65554000133 | Val Runtime Millis 14951.095243000964

______________________________	 Running Epoch 2 of 10 	______________________________
[Training] Itteration/Batch:   0/403: Loss: 0.21 | Accuracy: 1.00
[Training] Itteration/Batch:  25/403: Loss: 0.25 | Accuracy: 1.00
[Training] Itteration/Batch:  50/403: Loss: 0.17 | Accuracy: 1.00
[Training] Itteration/Batch:  75/403: Loss: 0.18 | Accuracy: 1.00
[Training] Itteration/Batch: 100/403: Loss: 0.16 | Accuracy: 1.00
[Training] Itteration/Batch: 125/403: Loss: 0.16 | Accuracy: 1.00
[Training] Itteration/Batch: 150/403: Loss: 0.15 | Accuracy: 1.00
[Training] Itteration/Batch: 175/403: Loss: 0.16 | Accuracy: 1.00
[Training] Itteration/Batch: 200/403: Loss: 0.14 | Accuracy: 1.00
[Training] Itteration/Batch: 225/403: Loss: 0.12 | Accuracy: 1.00
[Training] Itteration/Batch: 250/403: Loss: 0.13 | Accuracy: 1.00
[Training] Itteration/Batch: 275/403: Loss: 0.12 | Accuracy: 1.00
[Training] Itteration/Batch: 300/403: Loss: 0.11 | Accuracy: 1.00
[Training] Itteration/Batch: 325/403: Loss: 0.09 | Accuracy: 1.00
[Training] Itteration/Batch: 350/403: Loss: 0.09 | Accuracy: 1.00
[Training] Itteration/Batch: 375/403: Loss: 0.08 | Accuracy: 1.00
[Training] Itteration/Batch: 400/403: Loss: 0.10 | Accuracy: 1.00

Epoch 2: Val Bin. F1 Majority 0.0 | Val Macro F1 Majority 1.0 |             Val Bin F1 Individual 0.0 | Val Macro F1 Individual 1.0 |             Val Accuracy Majority 1.0 | Val Accuracy Individual 1.0 | Training Loss:0.13955853879451752 |             Val Loss 0.08305516093969345 | Train Runtime Millis 69513.54911599992 | Val Runtime Millis 15041.816946999461

______________________________	 Running Epoch 3 of 10 	______________________________
[Training] Itteration/Batch:   0/403: Loss: 0.08 | Accuracy: 1.00
[Training] Itteration/Batch:  25/403: Loss: 0.09 | Accuracy: 1.00
[Training] Itteration/Batch:  50/403: Loss: 0.08 | Accuracy: 1.00
[Training] Itteration/Batch:  75/403: Loss: 0.07 | Accuracy: 1.00
[Training] Itteration/Batch: 100/403: Loss: 0.08 | Accuracy: 1.00
[Training] Itteration/Batch: 125/403: Loss: 0.08 | Accuracy: 1.00
[Training] Itteration/Batch: 150/403: Loss: 0.06 | Accuracy: 1.00
[Training] Itteration/Batch: 175/403: Loss: 0.06 | Accuracy: 1.00
[Training] Itteration/Batch: 200/403: Loss: 0.07 | Accuracy: 1.00
[Training] Itteration/Batch: 225/403: Loss: 0.05 | Accuracy: 1.00
[Training] Itteration/Batch: 250/403: Loss: 0.06 | Accuracy: 1.00
[Training] Itteration/Batch: 275/403: Loss: 0.06 | Accuracy: 1.00
[Training] Itteration/Batch: 300/403: Loss: 0.05 | Accuracy: 1.00
[Training] Itteration/Batch: 325/403: Loss: 0.06 | Accuracy: 1.00
[Training] Itteration/Batch: 350/403: Loss: 0.05 | Accuracy: 1.00
[Training] Itteration/Batch: 375/403: Loss: 0.04 | Accuracy: 1.00
[Training] Itteration/Batch: 400/403: Loss: 0.05 | Accuracy: 1.00

Epoch 3: Val Bin. F1 Majority 0.0 | Val Macro F1 Majority 1.0 |             Val Bin F1 Individual 0.0 | Val Macro F1 Individual 1.0 |             Val Accuracy Majority 1.0 | Val Accuracy Individual 1.0 | Training Loss:0.06272759288549423 |             Val Loss 0.04544183984398842 | Train Runtime Millis 69765.63375200021 | Val Runtime Millis 15030.421674000536

______________________________	 Running Epoch 4 of 10 	______________________________
[Training] Itteration/Batch:   0/403: Loss: 0.05 | Accuracy: 1.00
[Training] Itteration/Batch:  25/403: Loss: 0.05 | Accuracy: 1.00
[Training] Itteration/Batch:  50/403: Loss: 0.04 | Accuracy: 1.00
[Training] Itteration/Batch:  75/403: Loss: 0.05 | Accuracy: 1.00
[Training] Itteration/Batch: 100/403: Loss: 0.04 | Accuracy: 1.00
[Training] Itteration/Batch: 125/403: Loss: 0.04 | Accuracy: 1.00
[Training] Itteration/Batch: 150/403: Loss: 0.03 | Accuracy: 1.00
[Training] Itteration/Batch: 175/403: Loss: 0.03 | Accuracy: 1.00
[Training] Itteration/Batch: 200/403: Loss: 0.03 | Accuracy: 1.00
[Training] Itteration/Batch: 225/403: Loss: 0.04 | Accuracy: 1.00
[Training] Itteration/Batch: 250/403: Loss: 0.04 | Accuracy: 1.00
[Training] Itteration/Batch: 275/403: Loss: 0.04 | Accuracy: 1.00
[Training] Itteration/Batch: 300/403: Loss: 0.03 | Accuracy: 1.00
[Training] Itteration/Batch: 325/403: Loss: 0.03 | Accuracy: 1.00
[Training] Itteration/Batch: 350/403: Loss: 0.03 | Accuracy: 1.00
[Training] Itteration/Batch: 375/403: Loss: 0.03 | Accuracy: 1.00
[Training] Itteration/Batch: 400/403: Loss: 0.03 | Accuracy: 1.00

Epoch 4: Val Bin. F1 Majority 0.0 | Val Macro F1 Majority 1.0 |             Val Bin F1 Individual 0.0 | Val Macro F1 Individual 1.0 |             Val Accuracy Majority 1.0 | Val Accuracy Individual 1.0 | Training Loss:0.03721627965569496 |             Val Loss 0.029356783255934715 | Train Runtime Millis 69662.54759599906 | Val Runtime Millis 15009.58114200148

______________________________	 Running Epoch 5 of 10 	______________________________
[Training] Itteration/Batch:   0/403: Loss: 0.04 | Accuracy: 1.00
[Training] Itteration/Batch:  25/403: Loss: 0.03 | Accuracy: 1.00
[Training] Itteration/Batch:  50/403: Loss: 0.02 | Accuracy: 1.00
[Training] Itteration/Batch:  75/403: Loss: 0.03 | Accuracy: 1.00
[Training] Itteration/Batch: 100/403: Loss: 0.03 | Accuracy: 1.00
[Training] Itteration/Batch: 125/403: Loss: 0.03 | Accuracy: 1.00
[Training] Itteration/Batch: 150/403: Loss: 0.03 | Accuracy: 1.00
[Training] Itteration/Batch: 175/403: Loss: 0.02 | Accuracy: 1.00
[Training] Itteration/Batch: 200/403: Loss: 0.02 | Accuracy: 1.00
[Training] Itteration/Batch: 225/403: Loss: 0.03 | Accuracy: 1.00
[Training] Itteration/Batch: 250/403: Loss: 0.02 | Accuracy: 1.00
[Training] Itteration/Batch: 275/403: Loss: 0.02 | Accuracy: 1.00
[Training] Itteration/Batch: 300/403: Loss: 0.02 | Accuracy: 1.00
[Training] Itteration/Batch: 325/403: Loss: 0.02 | Accuracy: 1.00
[Training] Itteration/Batch: 350/403: Loss: 0.02 | Accuracy: 1.00
[Training] Itteration/Batch: 375/403: Loss: 0.02 | Accuracy: 1.00
[Training] Itteration/Batch: 400/403: Loss: 0.02 | Accuracy: 1.00

Epoch 5: Val Bin. F1 Majority 0.0 | Val Macro F1 Majority 1.0 |             Val Bin F1 Individual 0.0 | Val Macro F1 Individual 1.0 |             Val Accuracy Majority 1.0 | Val Accuracy Individual 1.0 | Training Loss:0.02523733861744404 |             Val Loss 0.02086896263062954 | Train Runtime Millis 69563.39403499987 | Val Runtime Millis 15213.959464999789

______________________________	 Running Epoch 6 of 10 	______________________________
[Training] Itteration/Batch:   0/403: Loss: 0.02 | Accuracy: 1.00
[Training] Itteration/Batch:  25/403: Loss: 0.02 | Accuracy: 1.00
[Training] Itteration/Batch:  50/403: Loss: 0.02 | Accuracy: 1.00
[Training] Itteration/Batch:  75/403: Loss: 0.02 | Accuracy: 1.00
[Training] Itteration/Batch: 100/403: Loss: 0.02 | Accuracy: 1.00
[Training] Itteration/Batch: 125/403: Loss: 0.02 | Accuracy: 1.00
[Training] Itteration/Batch: 150/403: Loss: 0.02 | Accuracy: 1.00
[Training] Itteration/Batch: 175/403: Loss: 0.02 | Accuracy: 1.00
[Training] Itteration/Batch: 200/403: Loss: 0.02 | Accuracy: 1.00
[Training] Itteration/Batch: 225/403: Loss: 0.02 | Accuracy: 1.00
[Training] Itteration/Batch: 250/403: Loss: 0.02 | Accuracy: 1.00
[Training] Itteration/Batch: 275/403: Loss: 0.02 | Accuracy: 1.00
[Training] Itteration/Batch: 300/403: Loss: 0.02 | Accuracy: 1.00
[Training] Itteration/Batch: 325/403: Loss: 0.01 | Accuracy: 1.00
[Training] Itteration/Batch: 350/403: Loss: 0.02 | Accuracy: 1.00
[Training] Itteration/Batch: 375/403: Loss: 0.02 | Accuracy: 1.00
[Training] Itteration/Batch: 400/403: Loss: 0.02 | Accuracy: 1.00

Epoch 6: Val Bin. F1 Majority 0.0 | Val Macro F1 Majority 1.0 |             Val Bin F1 Individual 0.0 | Val Macro F1 Individual 1.0 |             Val Accuracy Majority 1.0 | Val Accuracy Individual 1.0 | Training Loss:0.018472377210855484 |             Val Loss 0.015689728781580925 | Train Runtime Millis 69762.79379900006 | Val Runtime Millis 14980.414384001051

______________________________	 Running Epoch 7 of 10 	______________________________
[Training] Itteration/Batch:   0/403: Loss: 0.02 | Accuracy: 1.00
[Training] Itteration/Batch:  25/403: Loss: 0.02 | Accuracy: 1.00
[Training] Itteration/Batch:  50/403: Loss: 0.01 | Accuracy: 1.00
[Training] Itteration/Batch:  75/403: Loss: 0.02 | Accuracy: 1.00
[Training] Itteration/Batch: 100/403: Loss: 0.01 | Accuracy: 1.00
[Training] Itteration/Batch: 125/403: Loss: 0.01 | Accuracy: 1.00
[Training] Itteration/Batch: 150/403: Loss: 0.01 | Accuracy: 1.00
[Training] Itteration/Batch: 175/403: Loss: 0.01 | Accuracy: 1.00
[Training] Itteration/Batch: 200/403: Loss: 0.01 | Accuracy: 1.00
[Training] Itteration/Batch: 225/403: Loss: 0.01 | Accuracy: 1.00
[Training] Itteration/Batch: 250/403: Loss: 0.01 | Accuracy: 1.00
[Training] Itteration/Batch: 275/403: Loss: 0.01 | Accuracy: 1.00
[Training] Itteration/Batch: 300/403: Loss: 0.02 | Accuracy: 1.00
[Training] Itteration/Batch: 325/403: Loss: 0.01 | Accuracy: 1.00
[Training] Itteration/Batch: 350/403: Loss: 0.01 | Accuracy: 1.00
[Training] Itteration/Batch: 375/403: Loss: 0.01 | Accuracy: 1.00
[Training] Itteration/Batch: 400/403: Loss: 0.01 | Accuracy: 1.00

Epoch 7: Val Bin. F1 Majority 0.0 | Val Macro F1 Majority 1.0 |             Val Bin F1 Individual 0.0 | Val Macro F1 Individual 1.0 |             Val Accuracy Majority 1.0 | Val Accuracy Individual 1.0 | Training Loss:0.014180004596710205 |             Val Loss 0.01226763054728508 | Train Runtime Millis 69375.20651900013 | Val Runtime Millis 14940.62421200033

______________________________	 Running Epoch 8 of 10 	______________________________
[Training] Itteration/Batch:   0/403: Loss: 0.01 | Accuracy: 1.00
[Training] Itteration/Batch:  25/403: Loss: 0.01 | Accuracy: 1.00
[Training] Itteration/Batch:  50/403: Loss: 0.01 | Accuracy: 1.00
[Training] Itteration/Batch:  75/403: Loss: 0.01 | Accuracy: 1.00
[Training] Itteration/Batch: 100/403: Loss: 0.01 | Accuracy: 1.00
[Training] Itteration/Batch: 125/403: Loss: 0.01 | Accuracy: 1.00
[Training] Itteration/Batch: 150/403: Loss: 0.01 | Accuracy: 1.00
[Training] Itteration/Batch: 175/403: Loss: 0.01 | Accuracy: 1.00
[Training] Itteration/Batch: 200/403: Loss: 0.01 | Accuracy: 1.00
[Training] Itteration/Batch: 225/403: Loss: 0.01 | Accuracy: 1.00
[Training] Itteration/Batch: 250/403: Loss: 0.01 | Accuracy: 1.00
[Training] Itteration/Batch: 275/403: Loss: 0.01 | Accuracy: 1.00
[Training] Itteration/Batch: 300/403: Loss: 0.01 | Accuracy: 1.00
[Training] Itteration/Batch: 325/403: Loss: 0.01 | Accuracy: 1.00
[Training] Itteration/Batch: 350/403: Loss: 0.01 | Accuracy: 1.00
[Training] Itteration/Batch: 375/403: Loss: 0.01 | Accuracy: 1.00
[Training] Itteration/Batch: 400/403: Loss: 0.01 | Accuracy: 1.00

Epoch 8: Val Bin. F1 Majority 0.0 | Val Macro F1 Majority 1.0 |             Val Bin F1 Individual 0.0 | Val Macro F1 Individual 1.0 |             Val Accuracy Majority 1.0 | Val Accuracy Individual 1.0 | Training Loss:0.011194109916687012 |             Val Loss 0.009861097671091557 | Train Runtime Millis 69386.6031510006 | Val Runtime Millis 15044.788339000661

______________________________	 Running Epoch 9 of 10 	______________________________
[Training] Itteration/Batch:   0/403: Loss: 0.01 | Accuracy: 1.00
[Training] Itteration/Batch:  25/403: Loss: 0.01 | Accuracy: 1.00
[Training] Itteration/Batch:  50/403: Loss: 0.01 | Accuracy: 1.00
[Training] Itteration/Batch:  75/403: Loss: 0.01 | Accuracy: 1.00
[Training] Itteration/Batch: 100/403: Loss: 0.01 | Accuracy: 1.00
[Training] Itteration/Batch: 125/403: Loss: 0.01 | Accuracy: 1.00
[Training] Itteration/Batch: 150/403: Loss: 0.01 | Accuracy: 1.00
[Training] Itteration/Batch: 175/403: Loss: 0.01 | Accuracy: 1.00
[Training] Itteration/Batch: 200/403: Loss: 0.01 | Accuracy: 1.00
[Training] Itteration/Batch: 225/403: Loss: 0.01 | Accuracy: 1.00
[Training] Itteration/Batch: 250/403: Loss: 0.01 | Accuracy: 1.00
[Training] Itteration/Batch: 275/403: Loss: 0.01 | Accuracy: 1.00
[Training] Itteration/Batch: 300/403: Loss: 0.01 | Accuracy: 1.00
[Training] Itteration/Batch: 325/403: Loss: 0.01 | Accuracy: 1.00
[Training] Itteration/Batch: 350/403: Loss: 0.01 | Accuracy: 1.00
[Training] Itteration/Batch: 375/403: Loss: 0.01 | Accuracy: 1.00
[Training] Itteration/Batch: 400/403: Loss: 0.01 | Accuracy: 1.00

Epoch 9: Val Bin. F1 Majority 0.0 | Val Macro F1 Majority 1.0 |             Val Bin F1 Individual 0.0 | Val Macro F1 Individual 1.0 |             Val Accuracy Majority 1.0 | Val Accuracy Individual 1.0 | Training Loss:0.009112561121582985 |             Val Loss 0.00809953548014164 | Train Runtime Millis 69249.21074800113 | Val Runtime Millis 15070.854302999578

______________________________	 Running Epoch 10 of 10 	______________________________
[Training] Itteration/Batch:   0/403: Loss: 0.01 | Accuracy: 1.00
[Training] Itteration/Batch:  25/403: Loss: 0.01 | Accuracy: 1.00
[Training] Itteration/Batch:  50/403: Loss: 0.01 | Accuracy: 1.00
[Training] Itteration/Batch:  75/403: Loss: 0.01 | Accuracy: 1.00
[Training] Itteration/Batch: 100/403: Loss: 0.01 | Accuracy: 1.00
[Training] Itteration/Batch: 125/403: Loss: 0.01 | Accuracy: 1.00
[Training] Itteration/Batch: 150/403: Loss: 0.01 | Accuracy: 1.00
[Training] Itteration/Batch: 175/403: Loss: 0.01 | Accuracy: 1.00
[Training] Itteration/Batch: 200/403: Loss: 0.01 | Accuracy: 1.00
[Training] Itteration/Batch: 225/403: Loss: 0.01 | Accuracy: 1.00
[Training] Itteration/Batch: 250/403: Loss: 0.01 | Accuracy: 1.00
[Training] Itteration/Batch: 275/403: Loss: 0.01 | Accuracy: 1.00
[Training] Itteration/Batch: 300/403: Loss: 0.01 | Accuracy: 1.00
[Training] Itteration/Batch: 325/403: Loss: 0.01 | Accuracy: 1.00
[Training] Itteration/Batch: 350/403: Loss: 0.01 | Accuracy: 1.00
[Training] Itteration/Batch: 375/403: Loss: 0.01 | Accuracy: 1.00
[Training] Itteration/Batch: 400/403: Loss: 0.01 | Accuracy: 1.00

Epoch 10: Val Bin. F1 Majority 0.0 | Val Macro F1 Majority 1.0 |             Val Bin F1 Individual 0.0 | Val Macro F1 Individual 1.0 |             Val Accuracy Majority 1.0 | Val Accuracy Individual 1.0 | Training Loss:0.007527646608650684 |             Val Loss 0.0067605855874717236 | Train Runtime Millis 69156.33324699957 | Val Runtime Millis 15073.86509800017

