______________________________	 Running Epoch 1 of 10 	______________________________
[Training] Itteration/Batch:   0/288: Loss: 3.06 | Accuracy: 0.67
[Training] Itteration/Batch:  25/288: Loss: 1.99 | Accuracy: 0.60
[Training] Itteration/Batch:  50/288: Loss: 2.33 | Accuracy: 0.67
[Training] Itteration/Batch:  75/288: Loss: 1.80 | Accuracy: 0.82
[Training] Itteration/Batch: 100/288: Loss: 2.03 | Accuracy: 0.71
[Training] Itteration/Batch: 125/288: Loss: 2.85 | Accuracy: 0.77
[Training] Itteration/Batch: 150/288: Loss: 3.04 | Accuracy: 0.69
[Training] Itteration/Batch: 175/288: Loss: 1.82 | Accuracy: 0.94
[Training] Itteration/Batch: 200/288: Loss: 2.36 | Accuracy: 0.90
[Training] Itteration/Batch: 225/288: Loss: 1.72 | Accuracy: 0.83
[Training] Itteration/Batch: 250/288: Loss: 2.67 | Accuracy: 0.86
[Training] Itteration/Batch: 275/288: Loss: 1.86 | Accuracy: 0.98

Epoch 1: Val Bin. F1 Majority 0.0 | Val Macro F1 Majority 0.4915081521739131 |             Val Bin F1 Individual 0.006211180239915848 | Val Macro F1 Individual 0.48556557690710195 |             Val Accuracy Majority 0.9665998816490173 | Val Accuracy Individual 0.9322320818901062 | Training Loss:2.162560224533081 |             Val Loss 2.062939167022705 | Train Runtime Millis 19731.64341901429 | Val Runtime Millis 4053.410716995131

______________________________	 Running Epoch 2 of 10 	______________________________
[Training] Itteration/Batch:   0/288: Loss: 1.85 | Accuracy: 0.94
[Training] Itteration/Batch:  25/288: Loss: 3.10 | Accuracy: 0.87
[Training] Itteration/Batch:  50/288: Loss: 1.80 | Accuracy: 0.96
[Training] Itteration/Batch:  75/288: Loss: 2.39 | Accuracy: 0.91
[Training] Itteration/Batch: 100/288: Loss: 3.64 | Accuracy: 0.85
[Training] Itteration/Batch: 125/288: Loss: 1.49 | Accuracy: 0.98
[Training] Itteration/Batch: 150/288: Loss: 3.15 | Accuracy: 0.89
[Training] Itteration/Batch: 175/288: Loss: 1.47 | Accuracy: 1.00
[Training] Itteration/Batch: 200/288: Loss: 1.58 | Accuracy: 0.98
[Training] Itteration/Batch: 225/288: Loss: 1.38 | Accuracy: 1.00
[Training] Itteration/Batch: 250/288: Loss: 2.09 | Accuracy: 0.96
[Training] Itteration/Batch: 275/288: Loss: 2.34 | Accuracy: 0.92

Epoch 2: Val Bin. F1 Majority 0.0 | Val Macro F1 Majority 0.4915081521739131 |             Val Bin F1 Individual 0.0 | Val Macro F1 Individual 0.4904499838135319 |             Val Accuracy Majority 0.9665998816490173 | Val Accuracy Individual 0.9625158905982971 | Training Loss:2.074195384979248 |             Val Loss 1.9859915971755981 | Train Runtime Millis 19782.478924957104 | Val Runtime Millis 4057.9098199959844

______________________________	 Running Epoch 3 of 10 	______________________________
[Training] Itteration/Batch:   0/288: Loss: 1.58 | Accuracy: 0.98
[Training] Itteration/Batch:  25/288: Loss: 2.06 | Accuracy: 0.96
[Training] Itteration/Batch:  50/288: Loss: 3.36 | Accuracy: 0.87
[Training] Itteration/Batch:  75/288: Loss: 1.30 | Accuracy: 1.00
[Training] Itteration/Batch: 100/288: Loss: 4.82 | Accuracy: 0.89
[Training] Itteration/Batch: 125/288: Loss: 1.75 | Accuracy: 0.96
[Training] Itteration/Batch: 150/288: Loss: 1.29 | Accuracy: 1.00
[Training] Itteration/Batch: 175/288: Loss: 1.84 | Accuracy: 0.98
[Training] Itteration/Batch: 200/288: Loss: 2.22 | Accuracy: 0.95
[Training] Itteration/Batch: 225/288: Loss: 1.39 | Accuracy: 1.00
[Training] Itteration/Batch: 250/288: Loss: 1.55 | Accuracy: 0.98
[Training] Itteration/Batch: 275/288: Loss: 2.39 | Accuracy: 0.91

Epoch 3: Val Bin. F1 Majority 0.0 | Val Macro F1 Majority 0.4915081521739131 |             Val Bin F1 Individual 0.0 | Val Macro F1 Individual 0.4906148867313916 |             Val Accuracy Majority 0.9665998816490173 | Val Accuracy Individual 0.963151216506958 | Training Loss:2.000148296356201 |             Val Loss 1.9312493801116943 | Train Runtime Millis 19874.94223896647 | Val Runtime Millis 4065.158956043888

______________________________	 Running Epoch 4 of 10 	______________________________
[Training] Itteration/Batch:   0/288: Loss: 1.39 | Accuracy: 1.00
[Training] Itteration/Batch:  25/288: Loss: 2.56 | Accuracy: 0.93
[Training] Itteration/Batch:  50/288: Loss: 1.81 | Accuracy: 0.98
[Training] Itteration/Batch:  75/288: Loss: 1.72 | Accuracy: 0.98
[Training] Itteration/Batch: 100/288: Loss: 2.34 | Accuracy: 0.98
[Training] Itteration/Batch: 125/288: Loss: 1.95 | Accuracy: 0.98
[Training] Itteration/Batch: 150/288: Loss: 1.39 | Accuracy: 0.98
[Training] Itteration/Batch: 175/288: Loss: 1.26 | Accuracy: 1.00
[Training] Itteration/Batch: 200/288: Loss: 1.47 | Accuracy: 0.98
[Training] Itteration/Batch: 225/288: Loss: 1.77 | Accuracy: 0.98
[Training] Itteration/Batch: 250/288: Loss: 1.24 | Accuracy: 1.00
[Training] Itteration/Batch: 275/288: Loss: 1.67 | Accuracy: 0.98

Epoch 4: Val Bin. F1 Majority 0.0 | Val Macro F1 Majority 0.4915081521739131 |             Val Bin F1 Individual 0.0 | Val Macro F1 Individual 0.4906148867313916 |             Val Accuracy Majority 0.9665998816490173 | Val Accuracy Individual 0.963151216506958 | Training Loss:1.9480677843093872 |             Val Loss 1.8761974573135376 | Train Runtime Millis 19916.01162002189 | Val Runtime Millis 4070.075143012218

______________________________	 Running Epoch 5 of 10 	______________________________
[Training] Itteration/Batch:   0/288: Loss: 2.77 | Accuracy: 0.91
[Training] Itteration/Batch:  25/288: Loss: 2.05 | Accuracy: 0.94
[Training] Itteration/Batch:  50/288: Loss: 2.68 | Accuracy: 0.92
[Training] Itteration/Batch:  75/288: Loss: 1.23 | Accuracy: 1.00
[Training] Itteration/Batch: 100/288: Loss: 2.56 | Accuracy: 0.95
[Training] Itteration/Batch: 125/288: Loss: 1.38 | Accuracy: 0.98
[Training] Itteration/Batch: 150/288: Loss: 4.29 | Accuracy: 0.90
[Training] Itteration/Batch: 175/288: Loss: 2.08 | Accuracy: 0.94
[Training] Itteration/Batch: 200/288: Loss: 2.74 | Accuracy: 0.92
[Training] Itteration/Batch: 225/288: Loss: 1.23 | Accuracy: 1.00
[Training] Itteration/Batch: 250/288: Loss: 1.89 | Accuracy: 0.96
[Training] Itteration/Batch: 275/288: Loss: 1.37 | Accuracy: 0.98

Epoch 5: Val Bin. F1 Majority 0.0 | Val Macro F1 Majority 0.4915081521739131 |             Val Bin F1 Individual 0.0 | Val Macro F1 Individual 0.4906148867313916 |             Val Accuracy Majority 0.9665998816490173 | Val Accuracy Individual 0.963151216506958 | Training Loss:1.903806209564209 |             Val Loss 1.8368953466415405 | Train Runtime Millis 19880.57772500906 | Val Runtime Millis 4064.390307001304

______________________________	 Running Epoch 6 of 10 	______________________________
[Training] Itteration/Batch:   0/288: Loss: 1.14 | Accuracy: 1.00
[Training] Itteration/Batch:  25/288: Loss: 2.30 | Accuracy: 0.94
[Training] Itteration/Batch:  50/288: Loss: 2.36 | Accuracy: 0.92
[Training] Itteration/Batch:  75/288: Loss: 2.09 | Accuracy: 0.92
[Training] Itteration/Batch: 100/288: Loss: 1.27 | Accuracy: 1.00
[Training] Itteration/Batch: 125/288: Loss: 1.50 | Accuracy: 0.96
[Training] Itteration/Batch: 150/288: Loss: 1.26 | Accuracy: 0.98
[Training] Itteration/Batch: 175/288: Loss: 1.81 | Accuracy: 0.96
[Training] Itteration/Batch: 200/288: Loss: 1.16 | Accuracy: 1.00
[Training] Itteration/Batch: 225/288: Loss: 4.24 | Accuracy: 0.92
[Training] Itteration/Batch: 250/288: Loss: 1.86 | Accuracy: 0.96
[Training] Itteration/Batch: 275/288: Loss: 2.17 | Accuracy: 0.95

Epoch 6: Val Bin. F1 Majority 0.0 | Val Macro F1 Majority 0.4915081521739131 |             Val Bin F1 Individual 0.0 | Val Macro F1 Individual 0.4906148867313916 |             Val Accuracy Majority 0.9665998816490173 | Val Accuracy Individual 0.963151216506958 | Training Loss:1.868334412574768 |             Val Loss 1.814644694328308 | Train Runtime Millis 19899.597658019047 | Val Runtime Millis 4062.331851979252

______________________________	 Running Epoch 7 of 10 	______________________________
[Training] Itteration/Batch:   0/288: Loss: 2.84 | Accuracy: 0.94
[Training] Itteration/Batch:  25/288: Loss: 2.10 | Accuracy: 0.98
[Training] Itteration/Batch:  50/288: Loss: 2.66 | Accuracy: 0.90
[Training] Itteration/Batch:  75/288: Loss: 1.91 | Accuracy: 0.95
[Training] Itteration/Batch: 100/288: Loss: 1.05 | Accuracy: 1.00
[Training] Itteration/Batch: 125/288: Loss: 1.61 | Accuracy: 0.96
[Training] Itteration/Batch: 150/288: Loss: 1.52 | Accuracy: 0.96
[Training] Itteration/Batch: 175/288: Loss: 2.75 | Accuracy: 0.88
[Training] Itteration/Batch: 200/288: Loss: 1.31 | Accuracy: 0.98
[Training] Itteration/Batch: 225/288: Loss: 3.73 | Accuracy: 0.86
[Training] Itteration/Batch: 250/288: Loss: 2.07 | Accuracy: 0.94
[Training] Itteration/Batch: 275/288: Loss: 1.82 | Accuracy: 0.98

Epoch 7: Val Bin. F1 Majority 0.0 | Val Macro F1 Majority 0.4915081521739131 |             Val Bin F1 Individual 0.0 | Val Macro F1 Individual 0.4906148867313916 |             Val Accuracy Majority 0.9665998816490173 | Val Accuracy Individual 0.963151216506958 | Training Loss:1.8434467315673828 |             Val Loss 1.7942878007888794 | Train Runtime Millis 19850.944996986073 | Val Runtime Millis 4058.7282690103166

______________________________	 Running Epoch 8 of 10 	______________________________
[Training] Itteration/Batch:   0/288: Loss: 2.29 | Accuracy: 0.94
[Training] Itteration/Batch:  25/288: Loss: 1.15 | Accuracy: 1.00
[Training] Itteration/Batch:  50/288: Loss: 0.98 | Accuracy: 1.00
[Training] Itteration/Batch:  75/288: Loss: 2.76 | Accuracy: 0.92
[Training] Itteration/Batch: 100/288: Loss: 2.28 | Accuracy: 0.92
[Training] Itteration/Batch: 125/288: Loss: 1.46 | Accuracy: 0.98
[Training] Itteration/Batch: 150/288: Loss: 1.93 | Accuracy: 0.95
[Training] Itteration/Batch: 175/288: Loss: 1.28 | Accuracy: 0.98
[Training] Itteration/Batch: 200/288: Loss: 1.33 | Accuracy: 0.98
[Training] Itteration/Batch: 225/288: Loss: 1.02 | Accuracy: 1.00
[Training] Itteration/Batch: 250/288: Loss: 1.19 | Accuracy: 1.00
[Training] Itteration/Batch: 275/288: Loss: 1.58 | Accuracy: 0.98

Epoch 8: Val Bin. F1 Majority 0.0 | Val Macro F1 Majority 0.4915081521739131 |             Val Bin F1 Individual 0.0 | Val Macro F1 Individual 0.4906148867313916 |             Val Accuracy Majority 0.9665998816490173 | Val Accuracy Individual 0.963151216506958 | Training Loss:1.8167719841003418 |             Val Loss 1.767323613166809 | Train Runtime Millis 19877.56300898036 | Val Runtime Millis 4060.2222369634546

______________________________	 Running Epoch 9 of 10 	______________________________
[Training] Itteration/Batch:   0/288: Loss: 1.33 | Accuracy: 0.98
[Training] Itteration/Batch:  25/288: Loss: 2.73 | Accuracy: 0.96
[Training] Itteration/Batch:  50/288: Loss: 1.69 | Accuracy: 0.96
[Training] Itteration/Batch:  75/288: Loss: 1.34 | Accuracy: 0.98
[Training] Itteration/Batch: 100/288: Loss: 1.01 | Accuracy: 1.00
[Training] Itteration/Batch: 125/288: Loss: 1.23 | Accuracy: 0.98
[Training] Itteration/Batch: 150/288: Loss: 1.32 | Accuracy: 0.98
[Training] Itteration/Batch: 175/288: Loss: 3.11 | Accuracy: 0.91
[Training] Itteration/Batch: 200/288: Loss: 1.83 | Accuracy: 0.96
[Training] Itteration/Batch: 225/288: Loss: 1.65 | Accuracy: 0.96
[Training] Itteration/Batch: 250/288: Loss: 3.39 | Accuracy: 0.92
[Training] Itteration/Batch: 275/288: Loss: 1.89 | Accuracy: 0.94

Epoch 9: Val Bin. F1 Majority 0.0 | Val Macro F1 Majority 0.4915081521739131 |             Val Bin F1 Individual 0.0 | Val Macro F1 Individual 0.4906148867313916 |             Val Accuracy Majority 0.9665998816490173 | Val Accuracy Individual 0.963151216506958 | Training Loss:1.7932624816894531 |             Val Loss 1.747029423713684 | Train Runtime Millis 20003.610566956922 | Val Runtime Millis 4059.5546389813535

______________________________	 Running Epoch 10 of 10 	______________________________
[Training] Itteration/Batch:   0/288: Loss: 1.45 | Accuracy: 0.96
[Training] Itteration/Batch:  25/288: Loss: 1.61 | Accuracy: 0.98
[Training] Itteration/Batch:  50/288: Loss: 2.15 | Accuracy: 0.94
[Training] Itteration/Batch:  75/288: Loss: 1.58 | Accuracy: 0.96
[Training] Itteration/Batch: 100/288: Loss: 1.05 | Accuracy: 1.00
[Training] Itteration/Batch: 125/288: Loss: 0.98 | Accuracy: 1.00
[Training] Itteration/Batch: 150/288: Loss: 1.86 | Accuracy: 0.96
[Training] Itteration/Batch: 175/288: Loss: 2.04 | Accuracy: 0.95
[Training] Itteration/Batch: 200/288: Loss: 1.22 | Accuracy: 1.00
[Training] Itteration/Batch: 225/288: Loss: 1.50 | Accuracy: 0.98
[Training] Itteration/Batch: 250/288: Loss: 1.07 | Accuracy: 0.98
[Training] Itteration/Batch: 275/288: Loss: 3.17 | Accuracy: 0.90

Epoch 10: Val Bin. F1 Majority 0.0 | Val Macro F1 Majority 0.4915081521739131 |             Val Bin F1 Individual 0.0 | Val Macro F1 Individual 0.4906148867313916 |             Val Accuracy Majority 0.9665998816490173 | Val Accuracy Individual 0.963151216506958 | Training Loss:1.7736903429031372 |             Val Loss 1.7330971956253052 | Train Runtime Millis 19856.20907903649 | Val Runtime Millis 4055.5539230117574

______________________________	 Running Epoch 1 of 10 	______________________________
[Training] Itteration/Batch:   0/303: Loss: 2.16 | Accuracy: 0.46
[Training] Itteration/Batch:  25/303: Loss: 1.74 | Accuracy: 0.66
[Training] Itteration/Batch:  50/303: Loss: 1.79 | Accuracy: 0.82
[Training] Itteration/Batch:  75/303: Loss: 2.70 | Accuracy: 0.81
[Training] Itteration/Batch: 100/303: Loss: 1.83 | Accuracy: 0.83
[Training] Itteration/Batch: 125/303: Loss: 2.48 | Accuracy: 0.80
[Training] Itteration/Batch: 150/303: Loss: 2.10 | Accuracy: 0.86
[Training] Itteration/Batch: 175/303: Loss: 1.84 | Accuracy: 0.83
[Training] Itteration/Batch: 200/303: Loss: 2.32 | Accuracy: 0.86
[Training] Itteration/Batch: 225/303: Loss: 1.93 | Accuracy: 0.91
[Training] Itteration/Batch: 250/303: Loss: 2.66 | Accuracy: 0.90
[Training] Itteration/Batch: 275/303: Loss: 2.89 | Accuracy: 0.86
[Training] Itteration/Batch: 300/303: Loss: 3.33 | Accuracy: 0.85

Epoch 1: Val Bin. F1 Majority 0.0 | Val Macro F1 Majority 0.4920735573874445 |             Val Bin F1 Individual 0.01595744676887989 | Val Macro F1 Individual 0.4902209963933127 |             Val Accuracy Majority 0.9687890410423279 | Val Accuracy Individual 0.9314433932304382 | Training Loss:2.315552234649658 |             Val Loss 2.1906018257141113 | Train Runtime Millis 22591.830176010262 | Val Runtime Millis 4769.288871029858

______________________________	 Running Epoch 2 of 10 	______________________________
[Training] Itteration/Batch:   0/303: Loss: 1.86 | Accuracy: 0.98
[Training] Itteration/Batch:  25/303: Loss: 2.91 | Accuracy: 0.85
[Training] Itteration/Batch:  50/303: Loss: 1.91 | Accuracy: 0.96
[Training] Itteration/Batch:  75/303: Loss: 3.88 | Accuracy: 0.90
[Training] Itteration/Batch: 100/303: Loss: 2.36 | Accuracy: 0.88
[Training] Itteration/Batch: 125/303: Loss: 2.06 | Accuracy: 0.91
[Training] Itteration/Batch: 150/303: Loss: 1.67 | Accuracy: 0.96
[Training] Itteration/Batch: 175/303: Loss: 2.35 | Accuracy: 0.90
[Training] Itteration/Batch: 200/303: Loss: 3.24 | Accuracy: 0.83
[Training] Itteration/Batch: 225/303: Loss: 1.56 | Accuracy: 1.00
[Training] Itteration/Batch: 250/303: Loss: 1.52 | Accuracy: 0.98
[Training] Itteration/Batch: 275/303: Loss: 1.53 | Accuracy: 1.00
[Training] Itteration/Batch: 300/303: Loss: 4.59 | Accuracy: 0.89

Epoch 2: Val Bin. F1 Majority 0.0 | Val Macro F1 Majority 0.4920735573874445 |             Val Bin F1 Individual 0.008403361774981022 | Val Macro F1 Individual 0.4930232039765508 |             Val Accuracy Majority 0.9687890410423279 | Val Accuracy Individual 0.9562720060348511 | Training Loss:2.2200710773468018 |             Val Loss 2.105121612548828 | Train Runtime Millis 22667.197969043627 | Val Runtime Millis 4770.6041659694165

______________________________	 Running Epoch 3 of 10 	______________________________
[Training] Itteration/Batch:   0/303: Loss: 1.95 | Accuracy: 0.96
[Training] Itteration/Batch:  25/303: Loss: 2.50 | Accuracy: 0.87
[Training] Itteration/Batch:  50/303: Loss: 1.69 | Accuracy: 0.95
[Training] Itteration/Batch:  75/303: Loss: 1.82 | Accuracy: 0.98
[Training] Itteration/Batch: 100/303: Loss: 1.77 | Accuracy: 0.98
[Training] Itteration/Batch: 125/303: Loss: 3.39 | Accuracy: 0.90
[Training] Itteration/Batch: 150/303: Loss: 1.82 | Accuracy: 0.94
[Training] Itteration/Batch: 175/303: Loss: 2.41 | Accuracy: 0.92
[Training] Itteration/Batch: 200/303: Loss: 1.79 | Accuracy: 0.96
[Training] Itteration/Batch: 225/303: Loss: 1.44 | Accuracy: 1.00
[Training] Itteration/Batch: 250/303: Loss: 1.35 | Accuracy: 0.98
[Training] Itteration/Batch: 275/303: Loss: 2.16 | Accuracy: 0.96
[Training] Itteration/Batch: 300/303: Loss: 1.31 | Accuracy: 1.00

Epoch 3: Val Bin. F1 Majority 0.0 | Val Macro F1 Majority 0.4920735573874445 |             Val Bin F1 Individual 0.0 | Val Macro F1 Individual 0.49051260266213537 |             Val Accuracy Majority 0.9687890410423279 | Val Accuracy Individual 0.9627571105957031 | Training Loss:2.1447837352752686 |             Val Loss 2.041917324066162 | Train Runtime Millis 22765.444841003045 | Val Runtime Millis 4771.2502049980685

______________________________	 Running Epoch 4 of 10 	______________________________
[Training] Itteration/Batch:   0/303: Loss: 1.93 | Accuracy: 0.94
[Training] Itteration/Batch:  25/303: Loss: 1.51 | Accuracy: 0.98
[Training] Itteration/Batch:  50/303: Loss: 2.41 | Accuracy: 0.95
[Training] Itteration/Batch:  75/303: Loss: 1.42 | Accuracy: 1.00
[Training] Itteration/Batch: 100/303: Loss: 3.09 | Accuracy: 0.92
[Training] Itteration/Batch: 125/303: Loss: 1.81 | Accuracy: 0.98
[Training] Itteration/Batch: 150/303: Loss: 1.82 | Accuracy: 0.98
[Training] Itteration/Batch: 175/303: Loss: 1.38 | Accuracy: 1.00
[Training] Itteration/Batch: 200/303: Loss: 3.03 | Accuracy: 0.93
[Training] Itteration/Batch: 225/303: Loss: 1.44 | Accuracy: 1.00
[Training] Itteration/Batch: 250/303: Loss: 1.37 | Accuracy: 1.00
[Training] Itteration/Batch: 275/303: Loss: 2.73 | Accuracy: 0.94
[Training] Itteration/Batch: 300/303: Loss: 2.37 | Accuracy: 0.98

Epoch 4: Val Bin. F1 Majority 0.0 | Val Macro F1 Majority 0.4920735573874445 |             Val Bin F1 Individual 0.0 | Val Macro F1 Individual 0.49051260266213537 |             Val Accuracy Majority 0.9687890410423279 | Val Accuracy Individual 0.9627571105957031 | Training Loss:2.0859415531158447 |             Val Loss 1.989353895187378 | Train Runtime Millis 22752.054703014437 | Val Runtime Millis 4769.576043996494

______________________________	 Running Epoch 5 of 10 	______________________________
[Training] Itteration/Batch:   0/303: Loss: 2.06 | Accuracy: 0.95
[Training] Itteration/Batch:  25/303: Loss: 1.91 | Accuracy: 0.98
[Training] Itteration/Batch:  50/303: Loss: 1.37 | Accuracy: 1.00
[Training] Itteration/Batch:  75/303: Loss: 1.64 | Accuracy: 0.98
[Training] Itteration/Batch: 100/303: Loss: 1.69 | Accuracy: 0.96
[Training] Itteration/Batch: 125/303: Loss: 2.41 | Accuracy: 0.91
[Training] Itteration/Batch: 150/303: Loss: 3.54 | Accuracy: 0.92
[Training] Itteration/Batch: 175/303: Loss: 4.92 | Accuracy: 0.90
[Training] Itteration/Batch: 200/303: Loss: 1.48 | Accuracy: 1.00
[Training] Itteration/Batch: 225/303: Loss: 1.14 | Accuracy: 1.00
[Training] Itteration/Batch: 250/303: Loss: 2.17 | Accuracy: 0.97
[Training] Itteration/Batch: 275/303: Loss: 2.90 | Accuracy: 0.92
[Training] Itteration/Batch: 300/303: Loss: 1.53 | Accuracy: 0.98

Epoch 5: Val Bin. F1 Majority 0.0 | Val Macro F1 Majority 0.4920735573874445 |             Val Bin F1 Individual 0.0 | Val Macro F1 Individual 0.49051260266213537 |             Val Accuracy Majority 0.9687890410423279 | Val Accuracy Individual 0.9627571105957031 | Training Loss:2.0390939712524414 |             Val Loss 1.948531985282898 | Train Runtime Millis 22784.807526972145 | Val Runtime Millis 4770.934669999406

______________________________	 Running Epoch 6 of 10 	______________________________
[Training] Itteration/Batch:   0/303: Loss: 1.35 | Accuracy: 1.00
[Training] Itteration/Batch:  25/303: Loss: 2.01 | Accuracy: 0.94
[Training] Itteration/Batch:  50/303: Loss: 2.05 | Accuracy: 0.96
[Training] Itteration/Batch:  75/303: Loss: 1.70 | Accuracy: 0.98
[Training] Itteration/Batch: 100/303: Loss: 2.14 | Accuracy: 0.95
[Training] Itteration/Batch: 125/303: Loss: 1.35 | Accuracy: 0.98
[Training] Itteration/Batch: 150/303: Loss: 1.25 | Accuracy: 1.00
[Training] Itteration/Batch: 175/303: Loss: 1.61 | Accuracy: 0.98
[Training] Itteration/Batch: 200/303: Loss: 1.48 | Accuracy: 0.98
[Training] Itteration/Batch: 225/303: Loss: 1.41 | Accuracy: 0.98
[Training] Itteration/Batch: 250/303: Loss: 2.17 | Accuracy: 0.94
[Training] Itteration/Batch: 275/303: Loss: 3.18 | Accuracy: 0.87
[Training] Itteration/Batch: 300/303: Loss: 3.65 | Accuracy: 0.92

Epoch 6: Val Bin. F1 Majority 0.0 | Val Macro F1 Majority 0.4920735573874445 |             Val Bin F1 Individual 0.0 | Val Macro F1 Individual 0.49051260266213537 |             Val Accuracy Majority 0.9687890410423279 | Val Accuracy Individual 0.9627571105957031 | Training Loss:2.0009148120880127 |             Val Loss 1.916094183921814 | Train Runtime Millis 22792.54903900437 | Val Runtime Millis 4773.063494998496

______________________________	 Running Epoch 7 of 10 	______________________________
[Training] Itteration/Batch:   0/303: Loss: 1.88 | Accuracy: 0.95
[Training] Itteration/Batch:  25/303: Loss: 1.83 | Accuracy: 0.94
[Training] Itteration/Batch:  50/303: Loss: 1.13 | Accuracy: 1.00
[Training] Itteration/Batch:  75/303: Loss: 1.15 | Accuracy: 1.00
[Training] Itteration/Batch: 100/303: Loss: 1.23 | Accuracy: 1.00
[Training] Itteration/Batch: 125/303: Loss: 2.48 | Accuracy: 0.95
[Training] Itteration/Batch: 150/303: Loss: 1.82 | Accuracy: 0.96
[Training] Itteration/Batch: 175/303: Loss: 1.46 | Accuracy: 0.98
[Training] Itteration/Batch: 200/303: Loss: 1.25 | Accuracy: 0.98
[Training] Itteration/Batch: 225/303: Loss: 2.16 | Accuracy: 0.92
[Training] Itteration/Batch: 250/303: Loss: 1.00 | Accuracy: 1.00
[Training] Itteration/Batch: 275/303: Loss: 1.37 | Accuracy: 0.98
[Training] Itteration/Batch: 300/303: Loss: 1.23 | Accuracy: 1.00

Epoch 7: Val Bin. F1 Majority 0.0 | Val Macro F1 Majority 0.4920735573874445 |             Val Bin F1 Individual 0.0 | Val Macro F1 Individual 0.49051260266213537 |             Val Accuracy Majority 0.9687890410423279 | Val Accuracy Individual 0.9627571105957031 | Training Loss:1.968095302581787 |             Val Loss 1.8850747346878052 | Train Runtime Millis 22812.697104003746 | Val Runtime Millis 4883.521331008524

______________________________	 Running Epoch 8 of 10 	______________________________
[Training] Itteration/Batch:   0/303: Loss: 1.93 | Accuracy: 0.95
[Training] Itteration/Batch:  25/303: Loss: 1.84 | Accuracy: 0.94
[Training] Itteration/Batch:  50/303: Loss: 2.83 | Accuracy: 0.92
[Training] Itteration/Batch:  75/303: Loss: 2.43 | Accuracy: 0.96
[Training] Itteration/Batch: 100/303: Loss: 1.52 | Accuracy: 0.98
[Training] Itteration/Batch: 125/303: Loss: 1.04 | Accuracy: 1.00
[Training] Itteration/Batch: 150/303: Loss: 1.52 | Accuracy: 0.98
[Training] Itteration/Batch: 175/303: Loss: 3.41 | Accuracy: 0.91
[Training] Itteration/Batch: 200/303: Loss: 3.53 | Accuracy: 0.86
[Training] Itteration/Batch: 225/303: Loss: 1.07 | Accuracy: 1.00
[Training] Itteration/Batch: 250/303: Loss: 1.91 | Accuracy: 0.97
[Training] Itteration/Batch: 275/303: Loss: 1.75 | Accuracy: 0.96
[Training] Itteration/Batch: 300/303: Loss: 2.12 | Accuracy: 0.93

Epoch 8: Val Bin. F1 Majority 0.0 | Val Macro F1 Majority 0.4920735573874445 |             Val Bin F1 Individual 0.0 | Val Macro F1 Individual 0.49051260266213537 |             Val Accuracy Majority 0.9687890410423279 | Val Accuracy Individual 0.9627571105957031 | Training Loss:1.9370757341384888 |             Val Loss 1.8628114461898804 | Train Runtime Millis 22806.55342200771 | Val Runtime Millis 4772.240005957428

______________________________	 Running Epoch 9 of 10 	______________________________
[Training] Itteration/Batch:   0/303: Loss: 2.35 | Accuracy: 0.93
[Training] Itteration/Batch:  25/303: Loss: 1.79 | Accuracy: 0.96
[Training] Itteration/Batch:  50/303: Loss: 2.05 | Accuracy: 0.95
[Training] Itteration/Batch:  75/303: Loss: 1.53 | Accuracy: 0.98
[Training] Itteration/Batch: 100/303: Loss: 1.13 | Accuracy: 1.00
[Training] Itteration/Batch: 125/303: Loss: 1.48 | Accuracy: 0.98
[Training] Itteration/Batch: 150/303: Loss: 1.46 | Accuracy: 0.96
[Training] Itteration/Batch: 175/303: Loss: 1.75 | Accuracy: 0.97
[Training] Itteration/Batch: 200/303: Loss: 3.81 | Accuracy: 0.86
[Training] Itteration/Batch: 225/303: Loss: 2.79 | Accuracy: 0.94
[Training] Itteration/Batch: 250/303: Loss: 1.94 | Accuracy: 0.94
[Training] Itteration/Batch: 275/303: Loss: 1.12 | Accuracy: 1.00
[Training] Itteration/Batch: 300/303: Loss: 1.65 | Accuracy: 0.96

Epoch 9: Val Bin. F1 Majority 0.0 | Val Macro F1 Majority 0.4920735573874445 |             Val Bin F1 Individual 0.0 | Val Macro F1 Individual 0.49051260266213537 |             Val Accuracy Majority 0.9687890410423279 | Val Accuracy Individual 0.9627571105957031 | Training Loss:1.9024182558059692 |             Val Loss 1.838960886001587 | Train Runtime Millis 22795.62457400607 | Val Runtime Millis 4774.348280974664

______________________________	 Running Epoch 10 of 10 	______________________________
[Training] Itteration/Batch:   0/303: Loss: 1.55 | Accuracy: 0.96
[Training] Itteration/Batch:  25/303: Loss: 2.26 | Accuracy: 0.94
[Training] Itteration/Batch:  50/303: Loss: 1.20 | Accuracy: 1.00
[Training] Itteration/Batch:  75/303: Loss: 2.98 | Accuracy: 0.95
[Training] Itteration/Batch: 100/303: Loss: 1.09 | Accuracy: 1.00
[Training] Itteration/Batch: 125/303: Loss: 1.68 | Accuracy: 0.96
[Training] Itteration/Batch: 150/303: Loss: 1.24 | Accuracy: 0.98
[Training] Itteration/Batch: 175/303: Loss: 3.30 | Accuracy: 0.89
[Training] Itteration/Batch: 200/303: Loss: 2.80 | Accuracy: 0.91
[Training] Itteration/Batch: 225/303: Loss: 3.34 | Accuracy: 0.87
[Training] Itteration/Batch: 250/303: Loss: 3.24 | Accuracy: 0.92
[Training] Itteration/Batch: 275/303: Loss: 1.38 | Accuracy: 0.98
[Training] Itteration/Batch: 300/303: Loss: 1.80 | Accuracy: 0.97

Epoch 10: Val Bin. F1 Majority 0.0 | Val Macro F1 Majority 0.4920735573874445 |             Val Bin F1 Individual 0.0 | Val Macro F1 Individual 0.49051260266213537 |             Val Accuracy Majority 0.9687890410423279 | Val Accuracy Individual 0.9627571105957031 | Training Loss:1.8742246627807617 |             Val Loss 1.8180376291275024 | Train Runtime Millis 22766.97823801078 | Val Runtime Millis 4748.8453009864315

