Device cuda
Split type sit
Training Size: 1600, NTA labels 1088, YTA labels 512
Validation Size: 4097, NTA labels 2728, YTA labels 1369
Test Size: 4069, NTA labels 2656, YTA labels 1413
Training with SBERT, model name is sbert
Tokenizing the dataset
Number of training steps 500
Epoch 0 **** Loss 0.23766909539699554 **** Metrics validation: {'accuracy': 0.7263851598730778, 'f1_weighted': 0.7329195754371847, 'macro': 0.71020788553534, 'micro': 0.7263851598730778, 'binary': 0.6417385746244806, 'accuracy_majority': 0.7692828146143437, 'macro_majority': 0.7595744833096802, 'binary_majority': 0.7112616426756987, 'run_time_millis': 4729.620778998651, 'loss_mean': 0.2565547525882721}
Epoch 1 **** Loss 0.2876695990562439 **** Metrics validation: {'accuracy': 0.7620209909690017, 'f1_weighted': 0.7669017301439909, 'macro': 0.7451544365741207, 'micro': 0.7620209909690017, 'binary': 0.679592507394019, 'accuracy_majority': 0.8132611637347767, 'macro_majority': 0.8029561789937398, 'binary_majority': 0.7578947368421053, 'run_time_millis': 4809.997754000506, 'loss_mean': 0.22760508954524994}
Epoch 2 **** Loss 0.18138833343982697 **** Metrics validation: {'accuracy': 0.7886258237734928, 'f1_weighted': 0.7848229353131958, 'macro': 0.7544221975629393, 'micro': 0.7886258237734928, 'binary': 0.6627725856697819, 'accuracy_majority': 0.8335588633288228, 'macro_majority': 0.8116581057028659, 'binary_majority': 0.7474332648870637, 'run_time_millis': 4804.833616999531, 'loss_mean': 0.24093858897686005}
Epoch 3 **** Loss 0.1410277783870697 **** Metrics validation: {'accuracy': 0.7798389065169636, 'f1_weighted': 0.7830907565288391, 'macro': 0.7605434903750703, 'micro': 0.7798389065169636, 'binary': 0.6925698704839809, 'accuracy_majority': 0.8410013531799729, 'macro_majority': 0.8300616627663651, 'binary_majority': 0.786944696282865, 'run_time_millis': 4731.44941099963, 'loss_mean': 0.21976980566978455}
Epoch 4 **** Loss 0.20244605839252472 **** Metrics validation: {'accuracy': 0.7678789358066879, 'f1_weighted': 0.7734836208119475, 'macro': 0.7543939794030551, 'micro': 0.7678789358066879, 'binary': 0.696844118584635, 'accuracy_majority': 0.8281461434370772, 'macro_majority': 0.8203443688326107, 'binary_majority': 0.782905982905983, 'run_time_millis': 4762.589384998137, 'loss_mean': 0.22439821064472198}
Epoch 5 **** Loss 0.12845033407211304 **** Metrics validation: {'accuracy': 0.783744203075421, 'f1_weighted': 0.7859756953018903, 'macro': 0.7622835239286739, 'micro': 0.7837442030754209, 'binary': 0.6908583391486391, 'accuracy_majority': 0.8416779431664412, 'macro_majority': 0.8292999289267946, 'binary_majority': 0.7833333333333333, 'run_time_millis': 4035.3274980006972, 'loss_mean': 0.26323965191841125}
Epoch 6 **** Loss 0.19231101870536804 **** Metrics validation: {'accuracy': 0.7991213082743471, 'f1_weighted': 0.7934019169672702, 'macro': 0.7624351727986757, 'micro': 0.7991213082743471, 'binary': 0.6690792119018898, 'accuracy_majority': 0.8369418132611637, 'macro_majority': 0.8136020994738232, 'binary_majority': 0.7476439790575915, 'run_time_millis': 4721.892629000649, 'loss_mean': 0.331495076417923}
Epoch 7 **** Loss 0.10554616153240204 **** Metrics validation: {'accuracy': 0.79863314620454, 'f1_weighted': 0.7959804753266342, 'macro': 0.7680348960780001, 'micro': 0.79863314620454, 'binary': 0.6837868915293216, 'accuracy_majority': 0.8376184032476319, 'macro_majority': 0.8186503067484663, 'binary_majority': 0.76, 'run_time_millis': 3695.5477419978706, 'loss_mean': 0.33913880586624146}
Epoch 8 **** Loss 0.13003645837306976 **** Metrics validation: {'accuracy': 0.8040029289724189, 'f1_weighted': 0.7990580660976975, 'macro': 0.7694542394600481, 'micro': 0.8040029289724189, 'binary': 0.6802070888092394, 'accuracy_majority': 0.8450608930987822, 'macro_majority': 0.8240259379014778, 'binary_majority': 0.7631851085832472, 'run_time_millis': 4730.998971997906, 'loss_mean': 0.362948477268219}
Epoch 9 **** Loss 0.14158734679222107 **** Metrics validation: {'accuracy': 0.8059555772516476, 'f1_weighted': 0.8022986500321366, 'macro': 0.7742208868043665, 'micro': 0.8059555772516476, 'binary': 0.689574385005857, 'accuracy_majority': 0.8430311231393776, 'macro_majority': 0.8236480036865146, 'binary_majority': 0.7651821862348177, 'run_time_millis': 4756.936630001292, 'loss_mean': 0.35506632924079895}
Evaluating
{'accuracy': 0.8059555772516476, 'f1_weighted': 0.8022986500321366, 'macro': 0.7742208868043665, 'micro': 0.8059555772516476, 'binary': 0.689574385005857, 'accuracy_majority': 0.8430311231393776, 'macro_majority': 0.8236480036865146, 'binary_majority': 0.7651821862348177, 'run_time_millis': 4725.366826998652, 'loss_mean': 0.35506632924079895}
Device cuda
Split type sit
Training Size: 1800, NTA labels 1220, YTA labels 580
Validation Size: 4097, NTA labels 2728, YTA labels 1369
Test Size: 4069, NTA labels 2656, YTA labels 1413
Training with SBERT, model name is sbert
Tokenizing the dataset
Number of training steps 570
Epoch 0 **** Loss 0.26496028900146484 **** Metrics validation: {'accuracy': 0.7483524530144008, 'f1_weighted': 0.7515473868049763, 'macro': 0.7249098713363139, 'micro': 0.7483524530144009, 'binary': 0.6446053085143054, 'accuracy_majority': 0.7794316644113667, 'macro_majority': 0.7641690992350869, 'binary_majority': 0.704174228675136, 'run_time_millis': 4762.665906997427, 'loss_mean': 0.2456369698047638}
Epoch 1 **** Loss 0.13622167706489563 **** Metrics validation: {'accuracy': 0.6846473029045643, 'f1_weighted': 0.6906336371119645, 'macro': 0.6829587048592693, 'micro': 0.6846473029045643, 'binary': 0.6598209583991574, 'accuracy_majority': 0.7381596752368065, 'macro_majority': 0.7378475381127219, 'binary_majority': 0.728801681850035, 'run_time_millis': 4728.639152999676, 'loss_mean': 0.2389274388551712}
Epoch 2 **** Loss 0.09724058955907822 **** Metrics validation: {'accuracy': 0.7947278496460825, 'f1_weighted': 0.7942892232368495, 'macro': 0.7683721236652115, 'micro': 0.7947278496460825, 'binary': 0.6902394106813995, 'accuracy_majority': 0.8470906630581867, 'macro_majority': 0.8306905018237261, 'binary_majority': 0.7779960707269155, 'run_time_millis': 4708.159458001319, 'loss_mean': 0.21954640746116638}
Epoch 3 **** Loss 0.07739470154047012 **** Metrics validation: {'accuracy': 0.7839882841103246, 'f1_weighted': 0.7884571617414075, 'macro': 0.768802777596937, 'micro': 0.7839882841103246, 'binary': 0.7095503774204136, 'accuracy_majority': 0.8450608930987822, 'macro_majority': 0.8365640308752411, 'binary_majority': 0.7992988606485539, 'run_time_millis': 4769.467471000098, 'loss_mean': 0.21004600822925568}
Epoch 4 **** Loss 0.18505407869815826 **** Metrics validation: {'accuracy': 0.7917988772272394, 'f1_weighted': 0.7946295103809522, 'macro': 0.7728960049804121, 'micro': 0.7917988772272394, 'binary': 0.7073756432246998, 'accuracy_majority': 0.8470906630581867, 'macro_majority': 0.8361451220469351, 'binary_majority': 0.7937956204379562, 'run_time_millis': 4572.144674999436, 'loss_mean': 0.22268682718276978}
Epoch 5 **** Loss 0.260539710521698 **** Metrics validation: {'accuracy': 0.7937515255064681, 'f1_weighted': 0.7975028861575764, 'macro': 0.7776659245822604, 'micro': 0.7937515255064681, 'binary': 0.7178631051752921, 'accuracy_majority': 0.8450608930987822, 'macro_majority': 0.8359117712222384, 'binary_majority': 0.7971656333038087, 'run_time_millis': 4724.612964000698, 'loss_mean': 0.2245546132326126}
Epoch 6 **** Loss 0.11797833442687988 **** Metrics validation: {'accuracy': 0.8030266048328045, 'f1_weighted': 0.8047605717559899, 'macro': 0.7827375713017002, 'micro': 0.8030266048328046, 'binary': 0.7163444639718806, 'accuracy_majority': 0.8538565629228687, 'macro_majority': 0.8424307036247336, 'binary_majority': 0.8, 'run_time_millis': 4504.29806199827, 'loss_mean': 0.23283429443836212}
Epoch 7 **** Loss 0.04039456322789192 **** Metrics validation: {'accuracy': 0.8115694410544301, 'f1_weighted': 0.8132420950304613, 'macro': 0.7921945324987345, 'micro': 0.8115694410544301, 'binary': 0.7287420941672522, 'accuracy_majority': 0.8592692828146143, 'macro_majority': 0.8486207541781152, 'binary_majority': 0.8084714548802946, 'run_time_millis': 4755.578726999374, 'loss_mean': 0.24928109347820282}
Epoch 8 **** Loss 0.19503039121627808 **** Metrics validation: {'accuracy': 0.8159628996826946, 'f1_weighted': 0.8158618914220005, 'macro': 0.7929835203747655, 'micro': 0.8159628996826946, 'binary': 0.7240117130307466, 'accuracy_majority': 0.8558863328822733, 'macro_majority': 0.842762423488691, 'binary_majority': 0.7973358705994291, 'run_time_millis': 4230.368754997471, 'loss_mean': 0.28083208203315735}
Epoch 9 **** Loss 0.10965417325496674 **** Metrics validation: {'accuracy': 0.816939223822309, 'f1_weighted': 0.8174879268487002, 'macro': 0.7955559441173605, 'micro': 0.816939223822309, 'binary': 0.7294372294372294, 'accuracy_majority': 0.8599458728010826, 'macro_majority': 0.8479589357036047, 'binary_majority': 0.8052681091251175, 'run_time_millis': 4015.7096680013638, 'loss_mean': 0.27734968066215515}
Evaluating
{'accuracy': 0.816939223822309, 'f1_weighted': 0.8174879268487002, 'macro': 0.7955559441173605, 'micro': 0.816939223822309, 'binary': 0.7294372294372294, 'accuracy_majority': 0.8599458728010826, 'macro_majority': 0.8479589357036047, 'binary_majority': 0.8052681091251175, 'run_time_millis': 4721.776877002412, 'loss_mean': 0.27734968066215515}
