Device cuda
Split type sit
Training Size: 2652, NTA labels 2224, YTA labels 428
Validation Size: 1035, NTA labels 876, YTA labels 159
Test Size: 1042, NTA labels 866, YTA labels 176
Training with SBERT, model name is sbert
Tokenizing the dataset
Number of training steps 830
Epoch 0 **** Loss 0.11670517176389694 **** Metrics validation: {'accuracy': 0.8734299516908213, 'f1_weighted': 0.8838818202095673, 'macro': 0.79967968843495, 'micro': 0.8734299516908213, 'binary': 0.6781326781326781, 'accuracy_majority': 0.8814691151919867, 'macro_majority': 0.8251281861505504, 'binary_majority': 0.7258687258687259, 'run_time_millis': 2906.354898000018, 'loss_mean': 0.10724383592605591}
Epoch 1 **** Loss 0.22206051647663116 **** Metrics validation: {'accuracy': 0.9091787439613527, 'f1_weighted': 0.9131915611661093, 'macro': 0.8412618127708453, 'micro': 0.9091787439613527, 'binary': 0.7374301675977655, 'accuracy_majority': 0.9115191986644408, 'macro_majority': 0.8578770419514989, 'binary_majority': 0.7705627705627704, 'run_time_millis': 2916.494909999983, 'loss_mean': 0.09520015120506287}
Epoch 2 **** Loss 0.07936687022447586 **** Metrics validation: {'accuracy': 0.914975845410628, 'f1_weighted': 0.9179000511358721, 'macro': 0.8480115343025352, 'micro': 0.914975845410628, 'binary': 0.7471264367816092, 'accuracy_majority': 0.9198664440734557, 'macro_majority': 0.8691139517098219, 'binary_majority': 0.7876106194690264, 'run_time_millis': 2914.416410000058, 'loss_mean': 0.10298245400190353}
Epoch 3 **** Loss 0.04317551106214523 **** Metrics validation: {'accuracy': 0.8927536231884058, 'f1_weighted': 0.8983702356511012, 'macro': 0.8161842941051294, 'micro': 0.8927536231884058, 'binary': 0.6975476839237057, 'accuracy_majority': 0.8964941569282137, 'macro_majority': 0.8364195355720779, 'binary_majority': 0.7372881355932204, 'run_time_millis': 2903.4885870000835, 'loss_mean': 0.12295935302972794}
Epoch 4 **** Loss 0.13990671932697296 **** Metrics validation: {'accuracy': 0.9207729468599034, 'f1_weighted': 0.922124300474023, 'macro': 0.8529156903794697, 'micro': 0.9207729468599034, 'binary': 0.7530120481927711, 'accuracy_majority': 0.9181969949916527, 'macro_majority': 0.8621222583933446, 'binary_majority': 0.7741935483870969, 'run_time_millis': 2920.8401799999137, 'loss_mean': 0.12762762606143951}
Epoch 5 **** Loss 0.07411043345928192 **** Metrics validation: {'accuracy': 0.8531400966183574, 'f1_weighted': 0.8667688027189322, 'macro': 0.7745821774914601, 'micro': 0.8531400966183574, 'binary': 0.6415094339622641, 'accuracy_majority': 0.8597662771285476, 'macro_majority': 0.7991858237547893, 'binary_majority': 0.688888888888889, 'run_time_millis': 2899.17669700003, 'loss_mean': 0.11746172606945038}
Epoch 6 **** Loss 0.08507325500249863 **** Metrics validation: {'accuracy': 0.9082125603864735, 'f1_weighted': 0.9118274136594013, 'macro': 0.8377745623254211, 'micro': 0.9082125603864735, 'binary': 0.7308781869688387, 'accuracy_majority': 0.9065108514190318, 'macro_majority': 0.8493352497305067, 'binary_majority': 0.7565217391304349, 'run_time_millis': 2902.995680999993, 'loss_mean': 0.14840495586395264}
Epoch 7 **** Loss 0.02514212764799595 **** Metrics validation: {'accuracy': 0.8995169082125604, 'f1_weighted': 0.9050410820027188, 'macro': 0.8288712241653418, 'micro': 0.8995169082125604, 'binary': 0.718918918918919, 'accuracy_majority': 0.9031719532554258, 'macro_majority': 0.8479429271708684, 'binary_majority': 0.7563025210084034, 'run_time_millis': 2921.2338559998443, 'loss_mean': 0.15102583169937134}
Epoch 8 **** Loss 0.07025134563446045 **** Metrics validation: {'accuracy': 0.9159420289855073, 'f1_weighted': 0.9168817729176437, 'macro': 0.842015506324117, 'micro': 0.9159420289855073, 'binary': 0.7339449541284405, 'accuracy_majority': 0.9131886477462438, 'macro_majority': 0.8509893222090399, 'binary_majority': 0.7547169811320756, 'run_time_millis': 2909.90647600006, 'loss_mean': 0.19723407924175262}
Epoch 9 **** Loss 0.009832535870373249 **** Metrics validation: {'accuracy': 0.9169082125603865, 'f1_weighted': 0.9183254858629998, 'macro': 0.8457408460077364, 'micro': 0.9169082125603865, 'binary': 0.7409638554216867, 'accuracy_majority': 0.9148580968280468, 'macro_majority': 0.8554543518890914, 'binary_majority': 0.7627906976744185, 'run_time_millis': 2903.2448119999117, 'loss_mean': 0.18629269301891327}
Evaluating
{'accuracy': 0.9207729468599034, 'f1_weighted': 0.922124300474023, 'macro': 0.8529156903794697, 'micro': 0.9207729468599034, 'binary': 0.7530120481927711, 'accuracy_majority': 0.9181969949916527, 'macro_majority': 0.8621222583933446, 'binary_majority': 0.7741935483870969, 'run_time_millis': 2044.6613579999848, 'loss_mean': 0.12762762606143951}
Device cuda
Split type sit
Training Size: 2948, NTA labels 2466, YTA labels 482
Validation Size: 1035, NTA labels 876, YTA labels 159
Test Size: 1042, NTA labels 866, YTA labels 176
Training with SBERT, model name is sbert
Tokenizing the dataset
Number of training steps 930
Epoch 0 **** Loss 0.14612391591072083 **** Metrics validation: {'accuracy': 0.9178743961352657, 'f1_weighted': 0.9175535146549639, 'macro': 0.8408628408628408, 'micro': 0.9178743961352658, 'binary': 0.7301587301587301, 'accuracy_majority': 0.9148580968280468, 'macro_majority': 0.8475575981676371, 'binary_majority': 0.7462686567164178, 'run_time_millis': 2899.167445000103, 'loss_mean': 0.10900571942329407}
Epoch 1 **** Loss 0.4246082007884979 **** Metrics validation: {'accuracy': 0.8753623188405797, 'f1_weighted': 0.8853288658267915, 'macro': 0.8012581106607463, 'micro': 0.8753623188405797, 'binary': 0.6799007444168734, 'accuracy_majority': 0.8797996661101837, 'macro_majority': 0.8231589306216172, 'binary_majority': 0.723076923076923, 'run_time_millis': 1127.2438070000135, 'loss_mean': 0.09627368301153183}
Epoch 2 **** Loss 0.11481128633022308 **** Metrics validation: {'accuracy': 0.8927536231884058, 'f1_weighted': 0.8996202951656296, 'macro': 0.8214710283772255, 'micro': 0.8927536231884058, 'binary': 0.7086614173228346, 'accuracy_majority': 0.8998330550918197, 'macro_majority': 0.8456026394473657, 'binary_majority': 0.7540983606557378, 'run_time_millis': 2902.6798739996593, 'loss_mean': 0.10024041682481766}
Epoch 3 **** Loss 0.14284084737300873 **** Metrics validation: {'accuracy': 0.881159420289855, 'f1_weighted': 0.8898417333277128, 'macro': 0.8068388206857939, 'micro': 0.881159420289855, 'binary': 0.6870229007633587, 'accuracy_majority': 0.8881469115191987, 'macro_majority': 0.8311589965376087, 'binary_majority': 0.7330677290836652, 'run_time_millis': 2649.5781589997023, 'loss_mean': 0.11366435140371323}
Epoch 4 **** Loss 0.07897721976041794 **** Metrics validation: {'accuracy': 0.8347826086956521, 'f1_weighted': 0.8529289523274292, 'macro': 0.7606528644977544, 'micro': 0.8347826086956521, 'binary': 0.6274509803921569, 'accuracy_majority': 0.8480801335559266, 'macro_majority': 0.7944336545169989, 'binary_majority': 0.689419795221843, 'run_time_millis': 2139.740668000286, 'loss_mean': 0.1276818811893463}
Epoch 5 **** Loss 0.0010047225514426827 **** Metrics validation: {'accuracy': 0.8541062801932368, 'f1_weighted': 0.8682022758051998, 'macro': 0.7787613124974342, 'micro': 0.8541062801932368, 'binary': 0.6496519721577726, 'accuracy_majority': 0.8597662771285476, 'macro_majority': 0.803268689396309, 'binary_majority': 0.6978417266187051, 'run_time_millis': 2917.939509000007, 'loss_mean': 0.11495842784643173}
Epoch 6 **** Loss 0.059595413506031036 **** Metrics validation: {'accuracy': 0.8879227053140096, 'f1_weighted': 0.894463186124625, 'macro': 0.8107216728887094, 'micro': 0.8879227053140096, 'binary': 0.6898395721925134, 'accuracy_majority': 0.8848080133555927, 'macro_majority': 0.8229822044242672, 'binary_majority': 0.7183673469387756, 'run_time_millis': 2450.946662000206, 'loss_mean': 0.13653476536273956}
Epoch 7 **** Loss 0.10861482471227646 **** Metrics validation: {'accuracy': 0.8966183574879227, 'f1_weighted': 0.9012831198300099, 'macro': 0.8197066661891187, 'micro': 0.8966183574879227, 'binary': 0.7019498607242339, 'accuracy_majority': 0.8931552587646077, 'macro_majority': 0.8300528425009752, 'binary_majority': 0.7264957264957265, 'run_time_millis': 1892.278083000292, 'loss_mean': 0.1495525985956192}
Epoch 8 **** Loss 0.14605578780174255 **** Metrics validation: {'accuracy': 0.8956521739130435, 'f1_weighted': 0.9008387809753832, 'macro': 0.8199953621993481, 'micro': 0.8956521739130435, 'binary': 0.7032967032967032, 'accuracy_majority': 0.8948247078464107, 'macro_majority': 0.8343102517156442, 'binary_majority': 0.7341772151898734, 'run_time_millis': 1230.476630999874, 'loss_mean': 0.1577858328819275}
Epoch 9 **** Loss 0.0012024273164570332 **** Metrics validation: {'accuracy': 0.8946859903381642, 'f1_weighted': 0.8992395902496636, 'macro': 0.8155234072613284, 'micro': 0.8946859903381642, 'binary': 0.6946778711484595, 'accuracy_majority': 0.8898163606010017, 'macro_majority': 0.8235971300064253, 'binary_majority': 0.7155172413793103, 'run_time_millis': 1735.479691999899, 'loss_mean': 0.16496548056602478}
Evaluating
{'accuracy': 0.9178743961352657, 'f1_weighted': 0.9175535146549639, 'macro': 0.8408628408628408, 'micro': 0.9178743961352658, 'binary': 0.7301587301587301, 'accuracy_majority': 0.9148580968280468, 'macro_majority': 0.8475575981676371, 'binary_majority': 0.7462686567164178, 'run_time_millis': 2655.847986000026, 'loss_mean': 0.10900571942329407}
