Device cuda
Split type sit
Training Size: 14492, NTA labels 14147, YTA labels 345
Validation Size: 4718, NTA labels 4597, YTA labels 121
Test Size: 4604, NTA labels 4507, YTA labels 97
Training with SBERT, model name is sbert
Tokenizing the dataset
Number of training steps 4530
Epoch 0 **** Loss 0.014605325646698475 **** Metrics validation: {'accuracy': 0.9429843153878762, 'f1_weighted': 0.9512812729893971, 'macro': 0.5975938232331384, 'micro': 0.9429843153878762, 'binary': 0.22478386167146974, 'accuracy_majority': 0.9543046357615894, 'macro_majority': 0.6250472334682861, 'binary_majority': 0.2736842105263158, 'run_time_millis': 3080.367438495159, 'loss_mean': 0.03751814737915993}
Epoch 1 **** Loss 0.010460460558533669 **** Metrics validation: {'accuracy': 0.9012293344637559, 'f1_weighted': 0.9290156989124616, 'macro': 0.5928757873654146, 'micro': 0.9012293344637559, 'binary': 0.23856209150326796, 'accuracy_majority': 0.9066225165562913, 'macro_majority': 0.5813300454832373, 'binary_majority': 0.2122905027932961, 'run_time_millis': 3933.070042170584, 'loss_mean': 0.03191830590367317}
Epoch 2 **** Loss 0.03198842331767082 **** Metrics validation: {'accuracy': 0.8870284018651972, 'f1_weighted': 0.9208317238270202, 'macro': 0.5838525053390029, 'micro': 0.8870284018651972, 'binary': 0.22865412445730823, 'accuracy_majority': 0.8927152317880794, 'macro_majority': 0.5741769719251337, 'binary_majority': 0.20588235294117646, 'run_time_millis': 3379.578604362905, 'loss_mean': 0.03288974240422249}
Epoch 3 **** Loss 0.014732162468135357 **** Metrics validation: {'accuracy': 0.8993217465027554, 'f1_weighted': 0.9278796900123716, 'macro': 0.5906096236560613, 'micro': 0.8993217465027554, 'binary': 0.23510466988727857, 'accuracy_majority': 0.9052980132450331, 'macro_majority': 0.5840869386001915, 'binary_majority': 0.21857923497267762, 'run_time_millis': 3950.1026077196, 'loss_mean': 0.03585660830140114}
Epoch 4 **** Loss 0.014631071127951145 **** Metrics validation: {'accuracy': 0.9120389995760916, 'f1_weighted': 0.9349917144016182, 'macro': 0.5959278478700758, 'micro': 0.9120389995760916, 'binary': 0.2385321100917431, 'accuracy_majority': 0.919205298013245, 'macro_majority': 0.5876754762927947, 'binary_majority': 0.21794871794871792, 'run_time_millis': 3950.9287560358644, 'loss_mean': 0.04524657875299454}
Epoch 5 **** Loss 0.004378423094749451 **** Metrics validation: {'accuracy': 0.8995337007206443, 'f1_weighted': 0.9279543200204318, 'macro': 0.5896280115474306, 'micro': 0.8995337007206443, 'binary': 0.23300970873786406, 'accuracy_majority': 0.9066225165562913, 'macro_majority': 0.5813300454832373, 'binary_majority': 0.2122905027932961, 'run_time_millis': 2784.6781946718693, 'loss_mean': 0.044609490782022476}
Epoch 6 **** Loss 0.02102506347000599 **** Metrics validation: {'accuracy': 0.9143704959728699, 'f1_weighted': 0.9361872107440389, 'macro': 0.5947479963532949, 'micro': 0.9143704959728699, 'binary': 0.23484848484848486, 'accuracy_majority': 0.9205298013245033, 'macro_majority': 0.5843426558026866, 'binary_majority': 0.21052631578947367, 'run_time_millis': 3960.9766099601984, 'loss_mean': 0.05323721468448639}
Epoch 7 **** Loss 0.005435259081423283 **** Metrics validation: {'accuracy': 0.9289953370072065, 'f1_weighted': 0.9446978354712318, 'macro': 0.6115964936466944, 'micro': 0.9289953370072065, 'binary': 0.26048565121412803, 'accuracy_majority': 0.9364238410596026, 'macro_majority': 0.6084024896265561, 'binary_majority': 0.25, 'run_time_millis': 3956.84724021703, 'loss_mean': 0.062079835683107376}
Epoch 8 **** Loss 0.005389341153204441 **** Metrics validation: {'accuracy': 0.933870284018652, 'f1_weighted': 0.9475568579389672, 'macro': 0.6181960790823525, 'micro': 0.933870284018652, 'binary': 0.27102803738317754, 'accuracy_majority': 0.9417218543046357, 'macro_majority': 0.6181609195402299, 'binary_majority': 0.26666666666666666, 'run_time_millis': 3942.3795994371176, 'loss_mean': 0.06592710316181183}
Epoch 9 **** Loss 0.013380015268921852 **** Metrics validation: {'accuracy': 0.9347181008902077, 'f1_weighted': 0.9479889757230427, 'macro': 0.6179865548798761, 'micro': 0.9347181008902077, 'binary': 0.2701421800947867, 'accuracy_majority': 0.9430463576158941, 'macro_majority': 0.6207758530061092, 'binary_majority': 0.2711864406779661, 'run_time_millis': 3921.5958854183555, 'loss_mean': 0.06740838289260864}
Evaluating
{'accuracy': 0.9429843153878762, 'f1_weighted': 0.9512812729893971, 'macro': 0.5975938232331384, 'micro': 0.9429843153878762, 'binary': 0.22478386167146974, 'accuracy_majority': 0.9543046357615894, 'macro_majority': 0.6250472334682861, 'binary_majority': 0.2736842105263158, 'run_time_millis': 3933.89137275517, 'loss_mean': 0.03751814737915993}
