______________________________	 Running Epoch 1 of 10 	______________________________
[Training] Itteration/Batch:   0/404: Loss: 3.52 | Accuracy: 0.52
[Training] Itteration/Batch:  25/404: Loss: 3.18 | Accuracy: 0.66
[Training] Itteration/Batch:  50/404: Loss: 2.46 | Accuracy: 0.84
[Training] Itteration/Batch:  75/404: Loss: 2.11 | Accuracy: 0.93
[Training] Itteration/Batch: 100/404: Loss: 1.76 | Accuracy: 0.95
[Training] Itteration/Batch: 125/404: Loss: 1.52 | Accuracy: 0.95
[Training] Itteration/Batch: 150/404: Loss: 1.35 | Accuracy: 0.96
[Training] Itteration/Batch: 175/404: Loss: 1.13 | Accuracy: 0.98
[Training] Itteration/Batch: 200/404: Loss: 1.08 | Accuracy: 1.00
[Training] Itteration/Batch: 225/404: Loss: 0.97 | Accuracy: 1.00
[Training] Itteration/Batch: 250/404: Loss: 0.71 | Accuracy: 1.00
[Training] Itteration/Batch: 275/404: Loss: 0.75 | Accuracy: 1.00
[Training] Itteration/Batch: 300/404: Loss: 0.62 | Accuracy: 1.00
[Training] Itteration/Batch: 325/404: Loss: 0.66 | Accuracy: 0.97
[Training] Itteration/Batch: 350/404: Loss: 0.53 | Accuracy: 1.00
[Training] Itteration/Batch: 375/404: Loss: 0.53 | Accuracy: 1.00
[Training] Itteration/Batch: 400/404: Loss: 0.44 | Accuracy: 1.00

Epoch 1: Val Bin. F1 Majority 0.0 | Val Macro F1 Majority 1.0 |             Val Bin F1 Individual 0.0 | Val Macro F1 Individual 0.49967301943198805 |             Val Accuracy Majority 1.0 | Val Accuracy Individual 0.9986929297447205 | Training Loss:1.359847068786621 |             Val Loss 0.4781278371810913 | Train Runtime Millis 287077.18992300035 | Val Runtime Millis 67781.55451800012

______________________________	 Running Epoch 2 of 10 	______________________________
[Training] Itteration/Batch:   0/404: Loss: 0.49 | Accuracy: 1.00
[Training] Itteration/Batch:  25/404: Loss: 0.45 | Accuracy: 1.00
[Training] Itteration/Batch:  50/404: Loss: 0.37 | Accuracy: 1.00
[Training] Itteration/Batch:  75/404: Loss: 0.37 | Accuracy: 1.00
[Training] Itteration/Batch: 100/404: Loss: 0.44 | Accuracy: 0.98
[Training] Itteration/Batch: 125/404: Loss: 0.32 | Accuracy: 1.00
[Training] Itteration/Batch: 150/404: Loss: 0.47 | Accuracy: 0.99
[Training] Itteration/Batch: 175/404: Loss: 0.32 | Accuracy: 1.00
[Training] Itteration/Batch: 200/404: Loss: 0.31 | Accuracy: 1.00
[Training] Itteration/Batch: 225/404: Loss: 0.26 | Accuracy: 1.00
[Training] Itteration/Batch: 250/404: Loss: 0.28 | Accuracy: 1.00
[Training] Itteration/Batch: 275/404: Loss: 0.27 | Accuracy: 1.00
[Training] Itteration/Batch: 300/404: Loss: 0.23 | Accuracy: 1.00
[Training] Itteration/Batch: 325/404: Loss: 0.22 | Accuracy: 1.00
[Training] Itteration/Batch: 350/404: Loss: 0.22 | Accuracy: 1.00
[Training] Itteration/Batch: 375/404: Loss: 0.23 | Accuracy: 1.00
[Training] Itteration/Batch: 400/404: Loss: 0.19 | Accuracy: 1.00

Epoch 2: Val Bin. F1 Majority 0.0 | Val Macro F1 Majority 1.0 |             Val Bin F1 Individual 0.0 | Val Macro F1 Individual 1.0 |             Val Accuracy Majority 1.0 | Val Accuracy Individual 1.0 | Training Loss:0.3150155246257782 |             Val Loss 0.20780405402183533 | Train Runtime Millis 286344.2670989998 | Val Runtime Millis 66233.78871899968

______________________________	 Running Epoch 3 of 10 	______________________________
[Training] Itteration/Batch:   0/404: Loss: 0.23 | Accuracy: 1.00
[Training] Itteration/Batch:  25/404: Loss: 0.21 | Accuracy: 1.00
[Training] Itteration/Batch:  50/404: Loss: 0.22 | Accuracy: 1.00
[Training] Itteration/Batch:  75/404: Loss: 0.22 | Accuracy: 1.00
[Training] Itteration/Batch: 100/404: Loss: 0.19 | Accuracy: 1.00
[Training] Itteration/Batch: 125/404: Loss: 0.12 | Accuracy: 1.00
[Training] Itteration/Batch: 150/404: Loss: 0.15 | Accuracy: 1.00
[Training] Itteration/Batch: 175/404: Loss: 0.17 | Accuracy: 1.00
[Training] Itteration/Batch: 200/404: Loss: 0.14 | Accuracy: 1.00
[Training] Itteration/Batch: 225/404: Loss: 0.14 | Accuracy: 1.00
[Training] Itteration/Batch: 250/404: Loss: 0.15 | Accuracy: 1.00
[Training] Itteration/Batch: 275/404: Loss: 0.15 | Accuracy: 1.00
[Training] Itteration/Batch: 300/404: Loss: 0.17 | Accuracy: 1.00
[Training] Itteration/Batch: 325/404: Loss: 0.16 | Accuracy: 1.00
[Training] Itteration/Batch: 350/404: Loss: 0.12 | Accuracy: 1.00
[Training] Itteration/Batch: 375/404: Loss: 0.14 | Accuracy: 1.00
[Training] Itteration/Batch: 400/404: Loss: 0.11 | Accuracy: 1.00

Epoch 3: Val Bin. F1 Majority 0.0 | Val Macro F1 Majority 1.0 |             Val Bin F1 Individual 0.0 | Val Macro F1 Individual 1.0 |             Val Accuracy Majority 1.0 | Val Accuracy Individual 1.0 | Training Loss:0.15668532252311707 |             Val Loss 0.1224556639790535 | Train Runtime Millis 287434.057773 | Val Runtime Millis 66563.20478399994

______________________________	 Running Epoch 4 of 10 	______________________________
[Training] Itteration/Batch:   0/404: Loss: 0.11 | Accuracy: 1.00
[Training] Itteration/Batch:  25/404: Loss: 0.13 | Accuracy: 1.00
[Training] Itteration/Batch:  50/404: Loss: 0.12 | Accuracy: 1.00
[Training] Itteration/Batch:  75/404: Loss: 0.07 | Accuracy: 1.00
[Training] Itteration/Batch: 100/404: Loss: 0.11 | Accuracy: 1.00
[Training] Itteration/Batch: 125/404: Loss: 0.09 | Accuracy: 1.00
[Training] Itteration/Batch: 150/404: Loss: 0.10 | Accuracy: 1.00
[Training] Itteration/Batch: 175/404: Loss: 0.08 | Accuracy: 1.00
[Training] Itteration/Batch: 200/404: Loss: 0.09 | Accuracy: 1.00
[Training] Itteration/Batch: 225/404: Loss: 0.12 | Accuracy: 1.00
[Training] Itteration/Batch: 250/404: Loss: 0.08 | Accuracy: 1.00
[Training] Itteration/Batch: 275/404: Loss: 0.07 | Accuracy: 1.00
[Training] Itteration/Batch: 300/404: Loss: 0.08 | Accuracy: 1.00
[Training] Itteration/Batch: 325/404: Loss: 0.08 | Accuracy: 1.00
[Training] Itteration/Batch: 350/404: Loss: 0.10 | Accuracy: 1.00
[Training] Itteration/Batch: 375/404: Loss: 0.08 | Accuracy: 1.00
[Training] Itteration/Batch: 400/404: Loss: 0.06 | Accuracy: 1.00

Epoch 4: Val Bin. F1 Majority 0.0 | Val Macro F1 Majority 1.0 |             Val Bin F1 Individual 0.0 | Val Macro F1 Individual 1.0 |             Val Accuracy Majority 1.0 | Val Accuracy Individual 1.0 | Training Loss:0.09755755215883255 |             Val Loss 0.08288990706205368 | Train Runtime Millis 286525.69100899925 | Val Runtime Millis 67378.14379599967

______________________________	 Running Epoch 5 of 10 	______________________________
[Training] Itteration/Batch:   0/404: Loss: 0.07 | Accuracy: 1.00
[Training] Itteration/Batch:  25/404: Loss: 0.10 | Accuracy: 1.00
[Training] Itteration/Batch:  50/404: Loss: 0.08 | Accuracy: 1.00
[Training] Itteration/Batch:  75/404: Loss: 0.06 | Accuracy: 1.00
[Training] Itteration/Batch: 100/404: Loss: 0.09 | Accuracy: 1.00
[Training] Itteration/Batch: 125/404: Loss: 0.06 | Accuracy: 1.00
[Training] Itteration/Batch: 150/404: Loss: 0.06 | Accuracy: 1.00
[Training] Itteration/Batch: 175/404: Loss: 0.06 | Accuracy: 1.00
[Training] Itteration/Batch: 200/404: Loss: 0.06 | Accuracy: 1.00
[Training] Itteration/Batch: 225/404: Loss: 0.05 | Accuracy: 1.00
[Training] Itteration/Batch: 250/404: Loss: 0.08 | Accuracy: 1.00
[Training] Itteration/Batch: 275/404: Loss: 0.07 | Accuracy: 1.00
[Training] Itteration/Batch: 300/404: Loss: 0.08 | Accuracy: 1.00
[Training] Itteration/Batch: 325/404: Loss: 0.06 | Accuracy: 1.00
[Training] Itteration/Batch: 350/404: Loss: 0.05 | Accuracy: 1.00
[Training] Itteration/Batch: 375/404: Loss: 0.06 | Accuracy: 1.00
[Training] Itteration/Batch: 400/404: Loss: 0.05 | Accuracy: 1.00

Epoch 5: Val Bin. F1 Majority 0.0 | Val Macro F1 Majority 1.0 |             Val Bin F1 Individual 0.0 | Val Macro F1 Individual 1.0 |             Val Accuracy Majority 1.0 | Val Accuracy Individual 1.0 | Training Loss:0.0678633451461792 |             Val Loss 0.06046538054943085 | Train Runtime Millis 286771.09250299964 | Val Runtime Millis 66625.91539400001

______________________________	 Running Epoch 6 of 10 	______________________________
[Training] Itteration/Batch:   0/404: Loss: 0.07 | Accuracy: 1.00
[Training] Itteration/Batch:  25/404: Loss: 0.04 | Accuracy: 1.00
[Training] Itteration/Batch:  50/404: Loss: 0.05 | Accuracy: 1.00
[Training] Itteration/Batch:  75/404: Loss: 0.05 | Accuracy: 1.00
[Training] Itteration/Batch: 100/404: Loss: 0.04 | Accuracy: 1.00
[Training] Itteration/Batch: 125/404: Loss: 0.05 | Accuracy: 1.00
[Training] Itteration/Batch: 150/404: Loss: 0.06 | Accuracy: 1.00
[Training] Itteration/Batch: 175/404: Loss: 0.05 | Accuracy: 1.00
[Training] Itteration/Batch: 200/404: Loss: 0.04 | Accuracy: 1.00
[Training] Itteration/Batch: 225/404: Loss: 0.07 | Accuracy: 1.00
[Training] Itteration/Batch: 250/404: Loss: 0.08 | Accuracy: 1.00
[Training] Itteration/Batch: 275/404: Loss: 0.04 | Accuracy: 1.00
[Training] Itteration/Batch: 300/404: Loss: 0.05 | Accuracy: 1.00
[Training] Itteration/Batch: 325/404: Loss: 0.04 | Accuracy: 1.00
[Training] Itteration/Batch: 350/404: Loss: 0.04 | Accuracy: 1.00
[Training] Itteration/Batch: 375/404: Loss: 0.05 | Accuracy: 1.00
[Training] Itteration/Batch: 400/404: Loss: 0.06 | Accuracy: 1.00

Epoch 6: Val Bin. F1 Majority 0.0 | Val Macro F1 Majority 1.0 |             Val Bin F1 Individual 0.0 | Val Macro F1 Individual 1.0 |             Val Accuracy Majority 1.0 | Val Accuracy Individual 1.0 | Training Loss:0.050525370985269547 |             Val Loss 0.046456996351480484 | Train Runtime Millis 287877.7127500007 | Val Runtime Millis 66283.36042699993

______________________________	 Running Epoch 7 of 10 	______________________________
[Training] Itteration/Batch:   0/404: Loss: 0.04 | Accuracy: 1.00
[Training] Itteration/Batch:  25/404: Loss: 0.04 | Accuracy: 1.00
[Training] Itteration/Batch:  50/404: Loss: 0.03 | Accuracy: 1.00
[Training] Itteration/Batch:  75/404: Loss: 0.04 | Accuracy: 1.00
[Training] Itteration/Batch: 100/404: Loss: 0.03 | Accuracy: 1.00
[Training] Itteration/Batch: 125/404: Loss: 0.03 | Accuracy: 1.00
[Training] Itteration/Batch: 150/404: Loss: 0.04 | Accuracy: 1.00
[Training] Itteration/Batch: 175/404: Loss: 0.05 | Accuracy: 1.00
[Training] Itteration/Batch: 200/404: Loss: 0.05 | Accuracy: 1.00
[Training] Itteration/Batch: 225/404: Loss: 0.03 | Accuracy: 1.00
[Training] Itteration/Batch: 250/404: Loss: 0.03 | Accuracy: 1.00
[Training] Itteration/Batch: 275/404: Loss: 0.04 | Accuracy: 1.00
[Training] Itteration/Batch: 300/404: Loss: 0.04 | Accuracy: 1.00
[Training] Itteration/Batch: 325/404: Loss: 0.04 | Accuracy: 1.00
[Training] Itteration/Batch: 350/404: Loss: 0.03 | Accuracy: 1.00
[Training] Itteration/Batch: 375/404: Loss: 0.04 | Accuracy: 1.00
[Training] Itteration/Batch: 400/404: Loss: 0.03 | Accuracy: 1.00

Epoch 7: Val Bin. F1 Majority 0.0 | Val Macro F1 Majority 1.0 |             Val Bin F1 Individual 0.0 | Val Macro F1 Individual 1.0 |             Val Accuracy Majority 1.0 | Val Accuracy Individual 1.0 | Training Loss:0.03925159573554993 |             Val Loss 0.036975957453250885 | Train Runtime Millis 286587.78516799974 | Val Runtime Millis 67604.88734800037

______________________________	 Running Epoch 8 of 10 	______________________________
[Training] Itteration/Batch:   0/404: Loss: 0.04 | Accuracy: 1.00
[Training] Itteration/Batch:  25/404: Loss: 0.03 | Accuracy: 1.00
[Training] Itteration/Batch:  50/404: Loss: 0.04 | Accuracy: 1.00
[Training] Itteration/Batch:  75/404: Loss: 0.05 | Accuracy: 1.00
[Training] Itteration/Batch: 100/404: Loss: 0.03 | Accuracy: 1.00
[Training] Itteration/Batch: 125/404: Loss: 0.04 | Accuracy: 1.00
[Training] Itteration/Batch: 150/404: Loss: 0.04 | Accuracy: 1.00
[Training] Itteration/Batch: 175/404: Loss: 0.03 | Accuracy: 1.00
[Training] Itteration/Batch: 200/404: Loss: 0.02 | Accuracy: 1.00
[Training] Itteration/Batch: 225/404: Loss: 0.02 | Accuracy: 1.00
[Training] Itteration/Batch: 250/404: Loss: 0.05 | Accuracy: 1.00
[Training] Itteration/Batch: 275/404: Loss: 0.03 | Accuracy: 1.00
[Training] Itteration/Batch: 300/404: Loss: 0.03 | Accuracy: 1.00
[Training] Itteration/Batch: 325/404: Loss: 0.02 | Accuracy: 1.00
[Training] Itteration/Batch: 350/404: Loss: 0.03 | Accuracy: 1.00
[Training] Itteration/Batch: 375/404: Loss: 0.02 | Accuracy: 1.00
[Training] Itteration/Batch: 400/404: Loss: 0.02 | Accuracy: 1.00

Epoch 8: Val Bin. F1 Majority 0.0 | Val Macro F1 Majority 1.0 |             Val Bin F1 Individual 0.0 | Val Macro F1 Individual 1.0 |             Val Accuracy Majority 1.0 | Val Accuracy Individual 1.0 | Training Loss:0.03146437555551529 |             Val Loss 0.030195776373147964 | Train Runtime Millis 288317.07110000023 | Val Runtime Millis 66217.49795200049

______________________________	 Running Epoch 9 of 10 	______________________________
[Training] Itteration/Batch:   0/404: Loss: 0.03 | Accuracy: 1.00
[Training] Itteration/Batch:  25/404: Loss: 0.03 | Accuracy: 1.00
[Training] Itteration/Batch:  50/404: Loss: 0.03 | Accuracy: 1.00
[Training] Itteration/Batch:  75/404: Loss: 0.03 | Accuracy: 1.00
[Training] Itteration/Batch: 100/404: Loss: 0.03 | Accuracy: 1.00
[Training] Itteration/Batch: 125/404: Loss: 0.03 | Accuracy: 1.00
[Training] Itteration/Batch: 150/404: Loss: 0.02 | Accuracy: 1.00
[Training] Itteration/Batch: 175/404: Loss: 0.03 | Accuracy: 1.00
[Training] Itteration/Batch: 200/404: Loss: 0.02 | Accuracy: 1.00
[Training] Itteration/Batch: 225/404: Loss: 0.02 | Accuracy: 1.00
[Training] Itteration/Batch: 250/404: Loss: 0.03 | Accuracy: 1.00
[Training] Itteration/Batch: 275/404: Loss: 0.02 | Accuracy: 1.00
[Training] Itteration/Batch: 300/404: Loss: 0.02 | Accuracy: 1.00
[Training] Itteration/Batch: 325/404: Loss: 0.02 | Accuracy: 1.00
[Training] Itteration/Batch: 350/404: Loss: 0.02 | Accuracy: 1.00
[Training] Itteration/Batch: 375/404: Loss: 0.03 | Accuracy: 1.00
[Training] Itteration/Batch: 400/404: Loss: 0.02 | Accuracy: 1.00

Epoch 9: Val Bin. F1 Majority 0.0 | Val Macro F1 Majority 1.0 |             Val Bin F1 Individual 0.0 | Val Macro F1 Individual 1.0 |             Val Accuracy Majority 1.0 | Val Accuracy Individual 1.0 | Training Loss:0.025920089334249496 |             Val Loss 0.025124870240688324 | Train Runtime Millis 286976.996546 | Val Runtime Millis 66916.7418400002

______________________________	 Running Epoch 10 of 10 	______________________________
[Training] Itteration/Batch:   0/404: Loss: 0.02 | Accuracy: 1.00
[Training] Itteration/Batch:  25/404: Loss: 0.02 | Accuracy: 1.00
[Training] Itteration/Batch:  50/404: Loss: 0.02 | Accuracy: 1.00
[Training] Itteration/Batch:  75/404: Loss: 0.02 | Accuracy: 1.00
[Training] Itteration/Batch: 100/404: Loss: 0.02 | Accuracy: 1.00
[Training] Itteration/Batch: 125/404: Loss: 0.02 | Accuracy: 1.00
[Training] Itteration/Batch: 150/404: Loss: 0.03 | Accuracy: 1.00
[Training] Itteration/Batch: 175/404: Loss: 0.02 | Accuracy: 1.00
[Training] Itteration/Batch: 200/404: Loss: 0.03 | Accuracy: 1.00
[Training] Itteration/Batch: 225/404: Loss: 0.02 | Accuracy: 1.00
[Training] Itteration/Batch: 250/404: Loss: 0.02 | Accuracy: 1.00
[Training] Itteration/Batch: 275/404: Loss: 0.02 | Accuracy: 1.00
[Training] Itteration/Batch: 300/404: Loss: 0.02 | Accuracy: 1.00
[Training] Itteration/Batch: 325/404: Loss: 0.02 | Accuracy: 1.00
[Training] Itteration/Batch: 350/404: Loss: 0.02 | Accuracy: 1.00
[Training] Itteration/Batch: 375/404: Loss: 0.03 | Accuracy: 1.00
[Training] Itteration/Batch: 400/404: Loss: 0.02 | Accuracy: 1.00

Epoch 10: Val Bin. F1 Majority 0.0 | Val Macro F1 Majority 1.0 |             Val Bin F1 Individual 0.0 | Val Macro F1 Individual 1.0 |             Val Accuracy Majority 1.0 | Val Accuracy Individual 1.0 | Training Loss:0.02168763242661953 |             Val Loss 0.021266870200634003 | Train Runtime Millis 287722.7128100003 | Val Runtime Millis 67335.64357700016

