Device cuda
Split type sit
Training Size: 7578, NTA labels 7288, YTA labels 290
Validation Size: 2567, NTA labels 2465, YTA labels 102
Test Size: 2418, NTA labels 2314, YTA labels 104
Training with SBERT, model name is sbert
Tokenizing the dataset
Number of training steps 2370
Epoch 0 **** Loss 0.054242298007011414 **** Metrics validation: {'accuracy': 0.9579275418776783, 'f1_weighted': 0.940344719818082, 'macro': 0.49834250144759695, 'micro': 0.9579275418776784, 'binary': 0.01818181818181818, 'accuracy_majority': 0.9582623509369677, 'macro_majority': 0.5089417569378645, 'binary_majority': 0.0392156862745098, 'run_time_millis': 3216.428683999766, 'loss_mean': 0.058859024196863174}
Epoch 1 **** Loss 0.070991151034832 **** Metrics validation: {'accuracy': 0.9189715621347877, 'f1_weighted': 0.9287383719045041, 'macro': 0.599038779249647, 'micro': 0.9189715621347878, 'binary': 0.2408759124087591, 'accuracy_majority': 0.9293015332197615, 'macro_majority': 0.6383898584984432, 'binary_majority': 0.3140495867768595, 'run_time_millis': 1845.5669620016124, 'loss_mean': 0.053718190640211105}
Epoch 2 **** Loss 0.016886401921510696 **** Metrics validation: {'accuracy': 0.8994935722633425, 'f1_weighted': 0.9202885521850608, 'macro': 0.624273265709034, 'micro': 0.8994935722633425, 'binary': 0.3027027027027027, 'accuracy_majority': 0.9045996592844975, 'macro_majority': 0.6409785932721712, 'binary_majority': 0.33333333333333337, 'run_time_millis': 3212.7198910002335, 'loss_mean': 0.05092119425535202}
Epoch 3 **** Loss 0.06094743311405182 **** Metrics validation: {'accuracy': 0.8917023763147643, 'f1_weighted': 0.9158784317821432, 'macro': 0.6214041066820589, 'micro': 0.8917023763147643, 'binary': 0.30150753768844224, 'accuracy_majority': 0.8977853492333902, 'macro_majority': 0.6389913899138991, 'binary_majority': 0.33333333333333337, 'run_time_millis': 3259.578942999724, 'loss_mean': 0.04977957531809807}
Epoch 4 **** Loss 0.01721867546439171 **** Metrics validation: {'accuracy': 0.9150759641604986, 'f1_weighted': 0.9291387144242566, 'macro': 0.6324397959130055, 'micro': 0.9150759641604986, 'binary': 0.310126582278481, 'accuracy_majority': 0.9224872231686542, 'macro_majority': 0.6611832611832612, 'binary_majority': 0.3636363636363636, 'run_time_millis': 3194.2732950010395, 'loss_mean': 0.05928928405046463}
Epoch 5 **** Loss 0.0260901041328907 **** Metrics validation: {'accuracy': 0.9322165952473704, 'f1_weighted': 0.9391269465831883, 'macro': 0.6475348000378776, 'micro': 0.9322165952473704, 'binary': 0.33076923076923076, 'accuracy_majority': 0.9378194207836457, 'macro_majority': 0.6769022548454106, 'binary_majority': 0.3865546218487395, 'run_time_millis': 3200.7742969999526, 'loss_mean': 0.07540411502122879}
Epoch 6 **** Loss 0.035829294472932816 **** Metrics validation: {'accuracy': 0.929879236462797, 'f1_weighted': 0.9376046678265477, 'macro': 0.6431660498823064, 'micro': 0.929879236462797, 'binary': 0.3233082706766917, 'accuracy_majority': 0.9352640545144804, 'macro_majority': 0.6714536108288042, 'binary_majority': 0.3770491803278689, 'run_time_millis': 2592.1540260005713, 'loss_mean': 0.08005593717098236}
Epoch 7 **** Loss 0.01832488365471363 **** Metrics validation: {'accuracy': 0.9322165952473704, 'f1_weighted': 0.9391269465831883, 'macro': 0.6475348000378776, 'micro': 0.9322165952473704, 'binary': 0.33076923076923076, 'accuracy_majority': 0.9378194207836457, 'macro_majority': 0.6769022548454106, 'binary_majority': 0.3865546218487395, 'run_time_millis': 3242.3964089994115, 'loss_mean': 0.08346246182918549}
Epoch 8 **** Loss 0.011544116772711277 **** Metrics validation: {'accuracy': 0.9380599922088041, 'f1_weighted': 0.9417313734258762, 'macro': 0.6425771039106498, 'micro': 0.9380599922088041, 'binary': 0.3175965665236052, 'accuracy_majority': 0.9420783645655877, 'macro_majority': 0.6700066137566137, 'binary_majority': 0.37037037037037035, 'run_time_millis': 3211.470758998985, 'loss_mean': 0.09329432249069214}
Epoch 9 **** Loss 0.030523357912898064 **** Metrics validation: {'accuracy': 0.9353330736268017, 'f1_weighted': 0.9403691549558754, 'macro': 0.6428626504408461, 'micro': 0.9353330736268017, 'binary': 0.31967213114754095, 'accuracy_majority': 0.9412265758091993, 'macro_majority': 0.6792540238759874, 'binary_majority': 0.3893805309734514, 'run_time_millis': 3225.0650030000543, 'loss_mean': 0.09227857738733292}
Evaluating
{'accuracy': 0.9380599922088041, 'f1_weighted': 0.9417313734258762, 'macro': 0.6425771039106498, 'micro': 0.9380599922088041, 'binary': 0.3175965665236052, 'accuracy_majority': 0.9420783645655877, 'macro_majority': 0.6700066137566137, 'binary_majority': 0.37037037037037035, 'run_time_millis': 3260.978536998664, 'loss_mean': 0.09329432249069214}
