______________________________	 Running Epoch 1 of 10 	______________________________
[Training] Itteration/Batch:   0/404: Loss: 3.54 | Accuracy: 0.45
[Training] Itteration/Batch:  25/404: Loss: 2.78 | Accuracy: 0.83
[Training] Itteration/Batch:  50/404: Loss: 2.41 | Accuracy: 0.88
[Training] Itteration/Batch:  75/404: Loss: 1.76 | Accuracy: 0.94
[Training] Itteration/Batch: 100/404: Loss: 1.37 | Accuracy: 0.96
[Training] Itteration/Batch: 125/404: Loss: 1.38 | Accuracy: 0.99
[Training] Itteration/Batch: 150/404: Loss: 1.16 | Accuracy: 0.99
[Training] Itteration/Batch: 175/404: Loss: 1.00 | Accuracy: 0.99
[Training] Itteration/Batch: 200/404: Loss: 0.82 | Accuracy: 1.00
[Training] Itteration/Batch: 225/404: Loss: 0.76 | Accuracy: 1.00
[Training] Itteration/Batch: 250/404: Loss: 0.70 | Accuracy: 1.00
[Training] Itteration/Batch: 275/404: Loss: 0.60 | Accuracy: 1.00
[Training] Itteration/Batch: 300/404: Loss: 0.61 | Accuracy: 1.00
[Training] Itteration/Batch: 325/404: Loss: 0.56 | Accuracy: 1.00
[Training] Itteration/Batch: 350/404: Loss: 0.39 | Accuracy: 1.00
[Training] Itteration/Batch: 375/404: Loss: 0.49 | Accuracy: 1.00
[Training] Itteration/Batch: 400/404: Loss: 0.37 | Accuracy: 1.00

Epoch 1: Val Bin. F1 Majority 0.0 | Val Macro F1 Majority 1.0 |             Val Bin F1 Individual 0.0 | Val Macro F1 Individual 1.0 |             Val Accuracy Majority 1.0 | Val Accuracy Individual 1.0 | Training Loss:1.1694201231002808 |             Val Loss 0.3526298403739929 | Train Runtime Millis 113761.08353000018 | Val Runtime Millis 26104.425965999326

______________________________	 Running Epoch 2 of 10 	______________________________
[Training] Itteration/Batch:   0/404: Loss: 0.40 | Accuracy: 1.00
[Training] Itteration/Batch:  25/404: Loss: 0.37 | Accuracy: 1.00
[Training] Itteration/Batch:  50/404: Loss: 0.37 | Accuracy: 1.00
[Training] Itteration/Batch:  75/404: Loss: 0.29 | Accuracy: 1.00
[Training] Itteration/Batch: 100/404: Loss: 0.28 | Accuracy: 1.00
[Training] Itteration/Batch: 125/404: Loss: 0.24 | Accuracy: 1.00
[Training] Itteration/Batch: 150/404: Loss: 0.23 | Accuracy: 1.00
[Training] Itteration/Batch: 175/404: Loss: 0.25 | Accuracy: 1.00
[Training] Itteration/Batch: 200/404: Loss: 0.19 | Accuracy: 1.00
[Training] Itteration/Batch: 225/404: Loss: 0.20 | Accuracy: 1.00
[Training] Itteration/Batch: 250/404: Loss: 0.17 | Accuracy: 1.00
[Training] Itteration/Batch: 275/404: Loss: 0.21 | Accuracy: 1.00
[Training] Itteration/Batch: 300/404: Loss: 0.19 | Accuracy: 1.00
[Training] Itteration/Batch: 325/404: Loss: 0.14 | Accuracy: 1.00
[Training] Itteration/Batch: 350/404: Loss: 0.18 | Accuracy: 1.00
[Training] Itteration/Batch: 375/404: Loss: 0.15 | Accuracy: 1.00
[Training] Itteration/Batch: 400/404: Loss: 0.13 | Accuracy: 1.00

Epoch 2: Val Bin. F1 Majority 0.0 | Val Macro F1 Majority 1.0 |             Val Bin F1 Individual 0.0 | Val Macro F1 Individual 1.0 |             Val Accuracy Majority 1.0 | Val Accuracy Individual 1.0 | Training Loss:0.22337105870246887 |             Val Loss 0.13496913015842438 | Train Runtime Millis 113374.0471860001 | Val Runtime Millis 25978.058949000115

______________________________	 Running Epoch 3 of 10 	______________________________
[Training] Itteration/Batch:   0/404: Loss: 0.16 | Accuracy: 1.00
[Training] Itteration/Batch:  25/404: Loss: 0.12 | Accuracy: 1.00
[Training] Itteration/Batch:  50/404: Loss: 0.13 | Accuracy: 1.00
[Training] Itteration/Batch:  75/404: Loss: 0.09 | Accuracy: 1.00
[Training] Itteration/Batch: 100/404: Loss: 0.10 | Accuracy: 1.00
[Training] Itteration/Batch: 125/404: Loss: 0.09 | Accuracy: 1.00
[Training] Itteration/Batch: 150/404: Loss: 0.13 | Accuracy: 1.00
[Training] Itteration/Batch: 175/404: Loss: 0.10 | Accuracy: 1.00
[Training] Itteration/Batch: 200/404: Loss: 0.10 | Accuracy: 1.00
[Training] Itteration/Batch: 225/404: Loss: 0.07 | Accuracy: 1.00
[Training] Itteration/Batch: 250/404: Loss: 0.10 | Accuracy: 1.00
[Training] Itteration/Batch: 275/404: Loss: 0.09 | Accuracy: 1.00
[Training] Itteration/Batch: 300/404: Loss: 0.10 | Accuracy: 1.00
[Training] Itteration/Batch: 325/404: Loss: 0.07 | Accuracy: 1.00
[Training] Itteration/Batch: 350/404: Loss: 0.08 | Accuracy: 1.00
[Training] Itteration/Batch: 375/404: Loss: 0.10 | Accuracy: 1.00
[Training] Itteration/Batch: 400/404: Loss: 0.06 | Accuracy: 1.00

Epoch 3: Val Bin. F1 Majority 0.0 | Val Macro F1 Majority 1.0 |             Val Bin F1 Individual 0.0 | Val Macro F1 Individual 1.0 |             Val Accuracy Majority 1.0 | Val Accuracy Individual 1.0 | Training Loss:0.1030297577381134 |             Val Loss 0.07515717297792435 | Train Runtime Millis 113756.37442600055 | Val Runtime Millis 26118.472230000407

______________________________	 Running Epoch 4 of 10 	______________________________
[Training] Itteration/Batch:   0/404: Loss: 0.10 | Accuracy: 1.00
[Training] Itteration/Batch:  25/404: Loss: 0.07 | Accuracy: 1.00
[Training] Itteration/Batch:  50/404: Loss: 0.08 | Accuracy: 1.00
[Training] Itteration/Batch:  75/404: Loss: 0.06 | Accuracy: 1.00
[Training] Itteration/Batch: 100/404: Loss: 0.06 | Accuracy: 1.00
[Training] Itteration/Batch: 125/404: Loss: 0.06 | Accuracy: 1.00
[Training] Itteration/Batch: 150/404: Loss: 0.07 | Accuracy: 1.00
[Training] Itteration/Batch: 175/404: Loss: 0.05 | Accuracy: 1.00
[Training] Itteration/Batch: 200/404: Loss: 0.06 | Accuracy: 1.00
[Training] Itteration/Batch: 225/404: Loss: 0.05 | Accuracy: 1.00
[Training] Itteration/Batch: 250/404: Loss: 0.06 | Accuracy: 1.00
[Training] Itteration/Batch: 275/404: Loss: 0.05 | Accuracy: 1.00
[Training] Itteration/Batch: 300/404: Loss: 0.06 | Accuracy: 1.00
[Training] Itteration/Batch: 325/404: Loss: 0.05 | Accuracy: 1.00
[Training] Itteration/Batch: 350/404: Loss: 0.05 | Accuracy: 1.00
[Training] Itteration/Batch: 375/404: Loss: 0.06 | Accuracy: 1.00
[Training] Itteration/Batch: 400/404: Loss: 0.06 | Accuracy: 1.00

Epoch 4: Val Bin. F1 Majority 0.0 | Val Macro F1 Majority 1.0 |             Val Bin F1 Individual 0.0 | Val Macro F1 Individual 1.0 |             Val Accuracy Majority 1.0 | Val Accuracy Individual 1.0 | Training Loss:0.06211240589618683 |             Val Loss 0.049104731529951096 | Train Runtime Millis 113464.21229000043 | Val Runtime Millis 25943.91252100104

______________________________	 Running Epoch 5 of 10 	______________________________
[Training] Itteration/Batch:   0/404: Loss: 0.06 | Accuracy: 1.00
[Training] Itteration/Batch:  25/404: Loss: 0.06 | Accuracy: 1.00
[Training] Itteration/Batch:  50/404: Loss: 0.04 | Accuracy: 1.00
[Training] Itteration/Batch:  75/404: Loss: 0.04 | Accuracy: 1.00
[Training] Itteration/Batch: 100/404: Loss: 0.04 | Accuracy: 1.00
[Training] Itteration/Batch: 125/404: Loss: 0.04 | Accuracy: 1.00
[Training] Itteration/Batch: 150/404: Loss: 0.04 | Accuracy: 1.00
[Training] Itteration/Batch: 175/404: Loss: 0.04 | Accuracy: 1.00
[Training] Itteration/Batch: 200/404: Loss: 0.05 | Accuracy: 1.00
[Training] Itteration/Batch: 225/404: Loss: 0.03 | Accuracy: 1.00
[Training] Itteration/Batch: 250/404: Loss: 0.05 | Accuracy: 1.00
[Training] Itteration/Batch: 275/404: Loss: 0.04 | Accuracy: 1.00
[Training] Itteration/Batch: 300/404: Loss: 0.03 | Accuracy: 1.00
[Training] Itteration/Batch: 325/404: Loss: 0.03 | Accuracy: 1.00
[Training] Itteration/Batch: 350/404: Loss: 0.04 | Accuracy: 1.00
[Training] Itteration/Batch: 375/404: Loss: 0.04 | Accuracy: 1.00
[Training] Itteration/Batch: 400/404: Loss: 0.03 | Accuracy: 1.00

Epoch 5: Val Bin. F1 Majority 0.0 | Val Macro F1 Majority 1.0 |             Val Bin F1 Individual 0.0 | Val Macro F1 Individual 1.0 |             Val Accuracy Majority 1.0 | Val Accuracy Individual 1.0 | Training Loss:0.04217979684472084 |             Val Loss 0.035011809319257736 | Train Runtime Millis 113528.5200720009 | Val Runtime Millis 26121.77038200025

______________________________	 Running Epoch 6 of 10 	______________________________
[Training] Itteration/Batch:   0/404: Loss: 0.03 | Accuracy: 1.00
[Training] Itteration/Batch:  25/404: Loss: 0.03 | Accuracy: 1.00
[Training] Itteration/Batch:  50/404: Loss: 0.03 | Accuracy: 1.00
[Training] Itteration/Batch:  75/404: Loss: 0.04 | Accuracy: 1.00
[Training] Itteration/Batch: 100/404: Loss: 0.04 | Accuracy: 1.00
[Training] Itteration/Batch: 125/404: Loss: 0.03 | Accuracy: 1.00
[Training] Itteration/Batch: 150/404: Loss: 0.03 | Accuracy: 1.00
[Training] Itteration/Batch: 175/404: Loss: 0.04 | Accuracy: 1.00
[Training] Itteration/Batch: 200/404: Loss: 0.03 | Accuracy: 1.00
[Training] Itteration/Batch: 225/404: Loss: 0.04 | Accuracy: 1.00
[Training] Itteration/Batch: 250/404: Loss: 0.03 | Accuracy: 1.00
[Training] Itteration/Batch: 275/404: Loss: 0.04 | Accuracy: 1.00
[Training] Itteration/Batch: 300/404: Loss: 0.03 | Accuracy: 1.00
[Training] Itteration/Batch: 325/404: Loss: 0.03 | Accuracy: 1.00
[Training] Itteration/Batch: 350/404: Loss: 0.02 | Accuracy: 1.00
[Training] Itteration/Batch: 375/404: Loss: 0.03 | Accuracy: 1.00
[Training] Itteration/Batch: 400/404: Loss: 0.02 | Accuracy: 1.00

Epoch 6: Val Bin. F1 Majority 0.0 | Val Macro F1 Majority 1.0 |             Val Bin F1 Individual 0.0 | Val Macro F1 Individual 1.0 |             Val Accuracy Majority 1.0 | Val Accuracy Individual 1.0 | Training Loss:0.03100612200796604 |             Val Loss 0.026510022580623627 | Train Runtime Millis 113692.47012000051 | Val Runtime Millis 26019.09969600092

______________________________	 Running Epoch 7 of 10 	______________________________
[Training] Itteration/Batch:   0/404: Loss: 0.03 | Accuracy: 1.00
[Training] Itteration/Batch:  25/404: Loss: 0.02 | Accuracy: 1.00
[Training] Itteration/Batch:  50/404: Loss: 0.03 | Accuracy: 1.00
[Training] Itteration/Batch:  75/404: Loss: 0.03 | Accuracy: 1.00
[Training] Itteration/Batch: 100/404: Loss: 0.03 | Accuracy: 1.00
[Training] Itteration/Batch: 125/404: Loss: 0.02 | Accuracy: 1.00
[Training] Itteration/Batch: 150/404: Loss: 0.02 | Accuracy: 1.00
[Training] Itteration/Batch: 175/404: Loss: 0.03 | Accuracy: 1.00
[Training] Itteration/Batch: 200/404: Loss: 0.02 | Accuracy: 1.00
[Training] Itteration/Batch: 225/404: Loss: 0.02 | Accuracy: 1.00
[Training] Itteration/Batch: 250/404: Loss: 0.02 | Accuracy: 1.00
[Training] Itteration/Batch: 275/404: Loss: 0.03 | Accuracy: 1.00
[Training] Itteration/Batch: 300/404: Loss: 0.02 | Accuracy: 1.00
[Training] Itteration/Batch: 325/404: Loss: 0.03 | Accuracy: 1.00
[Training] Itteration/Batch: 350/404: Loss: 0.02 | Accuracy: 1.00
[Training] Itteration/Batch: 375/404: Loss: 0.02 | Accuracy: 1.00
[Training] Itteration/Batch: 400/404: Loss: 0.02 | Accuracy: 1.00

Epoch 7: Val Bin. F1 Majority 0.0 | Val Macro F1 Majority 1.0 |             Val Bin F1 Individual 0.0 | Val Macro F1 Individual 1.0 |             Val Accuracy Majority 1.0 | Val Accuracy Individual 1.0 | Training Loss:0.023811347782611847 |             Val Loss 0.020727792754769325 | Train Runtime Millis 112716.31056799924 | Val Runtime Millis 25978.416333000496

______________________________	 Running Epoch 8 of 10 	______________________________
[Training] Itteration/Batch:   0/404: Loss: 0.02 | Accuracy: 1.00
[Training] Itteration/Batch:  25/404: Loss: 0.02 | Accuracy: 1.00
[Training] Itteration/Batch:  50/404: Loss: 0.02 | Accuracy: 1.00
[Training] Itteration/Batch:  75/404: Loss: 0.02 | Accuracy: 1.00
[Training] Itteration/Batch: 100/404: Loss: 0.02 | Accuracy: 1.00
[Training] Itteration/Batch: 125/404: Loss: 0.02 | Accuracy: 1.00
[Training] Itteration/Batch: 150/404: Loss: 0.02 | Accuracy: 1.00
[Training] Itteration/Batch: 175/404: Loss: 0.02 | Accuracy: 1.00
[Training] Itteration/Batch: 200/404: Loss: 0.02 | Accuracy: 1.00
[Training] Itteration/Batch: 225/404: Loss: 0.02 | Accuracy: 1.00
[Training] Itteration/Batch: 250/404: Loss: 0.02 | Accuracy: 1.00
[Training] Itteration/Batch: 275/404: Loss: 0.02 | Accuracy: 1.00
[Training] Itteration/Batch: 300/404: Loss: 0.02 | Accuracy: 1.00
[Training] Itteration/Batch: 325/404: Loss: 0.02 | Accuracy: 1.00
[Training] Itteration/Batch: 350/404: Loss: 0.02 | Accuracy: 1.00
[Training] Itteration/Batch: 375/404: Loss: 0.02 | Accuracy: 1.00
[Training] Itteration/Batch: 400/404: Loss: 0.02 | Accuracy: 1.00

Epoch 8: Val Bin. F1 Majority 0.0 | Val Macro F1 Majority 1.0 |             Val Bin F1 Individual 0.0 | Val Macro F1 Individual 1.0 |             Val Accuracy Majority 1.0 | Val Accuracy Individual 1.0 | Training Loss:0.01895770989358425 |             Val Loss 0.01672591269016266 | Train Runtime Millis 113315.1889389992 | Val Runtime Millis 25850.939668998762

______________________________	 Running Epoch 9 of 10 	______________________________
[Training] Itteration/Batch:   0/404: Loss: 0.02 | Accuracy: 1.00
[Training] Itteration/Batch:  25/404: Loss: 0.02 | Accuracy: 1.00
[Training] Itteration/Batch:  50/404: Loss: 0.02 | Accuracy: 1.00
[Training] Itteration/Batch:  75/404: Loss: 0.02 | Accuracy: 1.00
[Training] Itteration/Batch: 100/404: Loss: 0.02 | Accuracy: 1.00
[Training] Itteration/Batch: 125/404: Loss: 0.02 | Accuracy: 1.00
[Training] Itteration/Batch: 150/404: Loss: 0.02 | Accuracy: 1.00
[Training] Itteration/Batch: 175/404: Loss: 0.01 | Accuracy: 1.00
[Training] Itteration/Batch: 200/404: Loss: 0.01 | Accuracy: 1.00
[Training] Itteration/Batch: 225/404: Loss: 0.01 | Accuracy: 1.00
[Training] Itteration/Batch: 250/404: Loss: 0.01 | Accuracy: 1.00
[Training] Itteration/Batch: 275/404: Loss: 0.01 | Accuracy: 1.00
[Training] Itteration/Batch: 300/404: Loss: 0.02 | Accuracy: 1.00
[Training] Itteration/Batch: 325/404: Loss: 0.02 | Accuracy: 1.00
[Training] Itteration/Batch: 350/404: Loss: 0.01 | Accuracy: 1.00
[Training] Itteration/Batch: 375/404: Loss: 0.01 | Accuracy: 1.00
[Training] Itteration/Batch: 400/404: Loss: 0.01 | Accuracy: 1.00

Epoch 9: Val Bin. F1 Majority 0.0 | Val Macro F1 Majority 1.0 |             Val Bin F1 Individual 0.0 | Val Macro F1 Individual 1.0 |             Val Accuracy Majority 1.0 | Val Accuracy Individual 1.0 | Training Loss:0.015435446985065937 |             Val Loss 0.013788124546408653 | Train Runtime Millis 113101.81204499895 | Val Runtime Millis 26005.6404700008

______________________________	 Running Epoch 10 of 10 	______________________________
[Training] Itteration/Batch:   0/404: Loss: 0.01 | Accuracy: 1.00
[Training] Itteration/Batch:  25/404: Loss: 0.01 | Accuracy: 1.00
[Training] Itteration/Batch:  50/404: Loss: 0.02 | Accuracy: 1.00
[Training] Itteration/Batch:  75/404: Loss: 0.01 | Accuracy: 1.00
[Training] Itteration/Batch: 100/404: Loss: 0.01 | Accuracy: 1.00
[Training] Itteration/Batch: 125/404: Loss: 0.01 | Accuracy: 1.00
[Training] Itteration/Batch: 150/404: Loss: 0.01 | Accuracy: 1.00
[Training] Itteration/Batch: 175/404: Loss: 0.01 | Accuracy: 1.00
[Training] Itteration/Batch: 200/404: Loss: 0.01 | Accuracy: 1.00
[Training] Itteration/Batch: 225/404: Loss: 0.01 | Accuracy: 1.00
[Training] Itteration/Batch: 250/404: Loss: 0.01 | Accuracy: 1.00
[Training] Itteration/Batch: 275/404: Loss: 0.01 | Accuracy: 1.00
[Training] Itteration/Batch: 300/404: Loss: 0.01 | Accuracy: 1.00
[Training] Itteration/Batch: 325/404: Loss: 0.01 | Accuracy: 1.00
[Training] Itteration/Batch: 350/404: Loss: 0.01 | Accuracy: 1.00
[Training] Itteration/Batch: 375/404: Loss: 0.02 | Accuracy: 1.00
[Training] Itteration/Batch: 400/404: Loss: 0.01 | Accuracy: 1.00

Epoch 10: Val Bin. F1 Majority 0.0 | Val Macro F1 Majority 1.0 |             Val Bin F1 Individual 0.0 | Val Macro F1 Individual 1.0 |             Val Accuracy Majority 1.0 | Val Accuracy Individual 1.0 | Training Loss:0.012826114892959595 |             Val Loss 0.011498376727104187 | Train Runtime Millis 112900.38592100245 | Val Runtime Millis 25900.441406000027

