Device cuda
Split type sit
Training Size: 19440, NTA labels 13796, YTA labels 5644
Validation Size: 6427, NTA labels 4627, YTA labels 1800
Test Size: 6831, NTA labels 4681, YTA labels 2150
Training with SBERT, model name is sbert
Tokenizing the dataset
Number of training steps 6080
Epoch 0 **** Loss 0.23720237612724304 **** Metrics validation: {'accuracy': 0.5476894351952699, 'f1_weighted': 0.5701738159356949, 'macro': 0.5296100990542774, 'micro': 0.5476894351952699, 'binary': 0.4373911360557383, 'accuracy_majority': 0.5356564019448946, 'macro_majority': 0.5204129803114037, 'binary_majority': 0.4349112426035503, 'run_time_millis': 24990.44629978016, 'loss_mean': 0.3481837511062622}
Epoch 1 **** Loss 0.23017336428165436 **** Metrics validation: {'accuracy': 0.6097712774233701, 'f1_weighted': 0.6197862002553922, 'macro': 0.542850909912657, 'micro': 0.6097712774233701, 'binary': 0.3679435483870968, 'accuracy_majority': 0.6231766612641815, 'macro_majority': 0.5589181460741094, 'binary_majority': 0.3905635648754915, 'run_time_millis': 22977.614227682352, 'loss_mean': 0.33955588936805725}
Epoch 2 **** Loss 0.05332043021917343 **** Metrics validation: {'accuracy': 0.6640734401742648, 'f1_weighted': 0.6519037372636574, 'macro': 0.5549917650712985, 'micro': 0.6640734401742648, 'binary': 0.33466872110939905, 'accuracy_majority': 0.6665316045380876, 'macro_majority': 0.5565708557185842, 'binary_majority': 0.33575464083938655, 'run_time_millis': 22977.860960178077, 'loss_mean': 0.4297095835208893}
Epoch 3 **** Loss 0.1624075174331665 **** Metrics validation: {'accuracy': 0.6472693325035008, 'f1_weighted': 0.6420285372967526, 'macro': 0.5500053817099383, 'micro': 0.6472693325035008, 'binary': 0.3407967432393137, 'accuracy_majority': 0.6450567260940032, 'macro_majority': 0.5439636515510106, 'binary_majority': 0.32924961715160794, 'run_time_millis': 25028.09794433415, 'loss_mean': 0.3488638997077942}
Epoch 4 **** Loss 0.05839858204126358 **** Metrics validation: {'accuracy': 0.5921892018048857, 'f1_weighted': 0.6045248116848913, 'macro': 0.527881363045823, 'micro': 0.5921892018048857, 'binary': 0.3536374845869297, 'accuracy_majority': 0.6073743922204214, 'macro_majority': 0.5395854811554779, 'binary_majority': 0.3629191321499014, 'run_time_millis': 22988.772775046527, 'loss_mean': 0.4824712574481964}
Epoch 5 **** Loss 0.046674322336912155 **** Metrics validation: {'accuracy': 0.6271977594523106, 'f1_weighted': 0.6276374186491464, 'macro': 0.5388576651166579, 'micro': 0.6271977594523106, 'binary': 0.3370226895406752, 'accuracy_majority': 0.6312803889789304, 'macro_majority': 0.5427422435086696, 'binary_majority': 0.341534008683068, 'run_time_millis': 24985.276504885405, 'loss_mean': 0.60911625623703}
Epoch 6 **** Loss 0.2340955138206482 **** Metrics validation: {'accuracy': 0.6449354286603391, 'f1_weighted': 0.634370725493849, 'macro': 0.5348160059882898, 'micro': 0.6449354286603391, 'binary': 0.30848484848484853, 'accuracy_majority': 0.6499189627228525, 'macro_majority': 0.5420029124837301, 'binary_majority': 0.31968503937007875, 'run_time_millis': 24982.23613295704, 'loss_mean': 0.7102228999137878}
Epoch 7 **** Loss 0.1893666535615921 **** Metrics validation: {'accuracy': 0.6131943363933406, 'f1_weighted': 0.6182960353082279, 'macro': 0.5334577833530141, 'micro': 0.6131943363933406, 'binary': 0.3405835543766578, 'accuracy_majority': 0.6146677471636953, 'macro_majority': 0.5332063261737173, 'binary_majority': 0.33820459290187893, 'run_time_millis': 24981.15630215034, 'loss_mean': 0.8832762837409973}
Epoch 8 **** Loss 0.027768239378929138 **** Metrics validation: {'accuracy': 0.6282869145791193, 'f1_weighted': 0.6282553551611475, 'macro': 0.5390368805549414, 'micro': 0.6282869145791193, 'binary': 0.33620450125034734, 'accuracy_majority': 0.6280388978930308, 'macro_majority': 0.5391296281830964, 'binary_majority': 0.33670520231213874, 'run_time_millis': 24999.972178135067, 'loss_mean': 1.1298445463180542}
Epoch 9 **** Loss 0.02954169735312462 **** Metrics validation: {'accuracy': 0.6324879414968103, 'f1_weighted': 0.6298866072883721, 'macro': 0.5379619596976839, 'micro': 0.6324879414968103, 'binary': 0.32897727272727273, 'accuracy_majority': 0.63290113452188, 'macro_majority': 0.539392890690661, 'binary_majority': 0.33185840707964603, 'run_time_millis': 24982.07097966224, 'loss_mean': 1.2698642015457153}
Evaluating
{'accuracy': 0.6640734401742648, 'f1_weighted': 0.6519037372636574, 'macro': 0.5549917650712985, 'micro': 0.6640734401742648, 'binary': 0.33466872110939905, 'accuracy_majority': 0.6665316045380876, 'macro_majority': 0.5565708557185842, 'binary_majority': 0.33575464083938655, 'run_time_millis': 22938.33009712398, 'loss_mean': 0.4297095835208893}
