______________________________	 Running Epoch 1 of 10 	______________________________
[Training] Itteration/Batch:   0/397: Loss: 1.12 | Accuracy: 0.57
[Training] Itteration/Batch:  25/397: Loss: 1.25 | Accuracy: 0.38
[Training] Itteration/Batch:  50/397: Loss: 2.76 | Accuracy: 0.53
[Training] Itteration/Batch:  75/397: Loss: 0.99 | Accuracy: 0.79
[Training] Itteration/Batch: 100/397: Loss: 1.39 | Accuracy: 0.83
[Training] Itteration/Batch: 125/397: Loss: 1.81 | Accuracy: 0.43
[Training] Itteration/Batch: 150/397: Loss: 0.73 | Accuracy: 0.76
[Training] Itteration/Batch: 175/397: Loss: 1.82 | Accuracy: 0.56
[Training] Itteration/Batch: 200/397: Loss: 1.34 | Accuracy: 0.81
[Training] Itteration/Batch: 225/397: Loss: 1.88 | Accuracy: 0.60
[Training] Itteration/Batch: 250/397: Loss: 1.85 | Accuracy: 0.66
[Training] Itteration/Batch: 275/397: Loss: 1.41 | Accuracy: 0.66
[Training] Itteration/Batch: 300/397: Loss: 1.06 | Accuracy: 0.84
[Training] Itteration/Batch: 325/397: Loss: 1.32 | Accuracy: 0.66
[Training] Itteration/Batch: 350/397: Loss: 1.15 | Accuracy: 0.76
[Training] Itteration/Batch: 375/397: Loss: 1.30 | Accuracy: 0.71

Epoch 1: Val Bin. F1 Majority 0.0 | Val Macro F1 Majority 0.4196154917804402 |             Val Bin F1 Individual 0.36763954162597656 | Val Macro F1 Individual 0.5826731633183246 |             Val Accuracy Majority 0.7229956984519958 | Val Accuracy Individual 0.6934723258018494 | Training Loss:1.3945518732070923 |             Val Loss 1.2726123332977295 | Train Runtime Millis 66815.82387798699 | Val Runtime Millis 11202.309309999691

______________________________	 Running Epoch 2 of 10 	______________________________
[Training] Itteration/Batch:   0/397: Loss: 1.10 | Accuracy: 0.77
[Training] Itteration/Batch:  25/397: Loss: 1.04 | Accuracy: 0.77
[Training] Itteration/Batch:  50/397: Loss: 1.41 | Accuracy: 0.61
[Training] Itteration/Batch:  75/397: Loss: 1.16 | Accuracy: 0.76
[Training] Itteration/Batch: 100/397: Loss: 1.13 | Accuracy: 0.69
[Training] Itteration/Batch: 125/397: Loss: 1.42 | Accuracy: 0.71
[Training] Itteration/Batch: 150/397: Loss: 1.02 | Accuracy: 0.73
[Training] Itteration/Batch: 175/397: Loss: 1.34 | Accuracy: 0.83
[Training] Itteration/Batch: 200/397: Loss: 0.91 | Accuracy: 0.53
[Training] Itteration/Batch: 225/397: Loss: 1.64 | Accuracy: 0.80
[Training] Itteration/Batch: 250/397: Loss: 1.04 | Accuracy: 0.81
[Training] Itteration/Batch: 275/397: Loss: 1.72 | Accuracy: 0.61
[Training] Itteration/Batch: 300/397: Loss: 1.95 | Accuracy: 0.58
[Training] Itteration/Batch: 325/397: Loss: 1.24 | Accuracy: 0.79
[Training] Itteration/Batch: 350/397: Loss: 1.50 | Accuracy: 0.56
[Training] Itteration/Batch: 375/397: Loss: 0.65 | Accuracy: 0.80

Epoch 2: Val Bin. F1 Majority 0.251916766166687 | Val Macro F1 Majority 0.5209783605259144 |             Val Bin F1 Individual 0.35419848561286926 | Val Macro F1 Individual 0.5729633429927723 |             Val Accuracy Majority 0.6721075177192688 | Val Accuracy Individual 0.6850335001945496 | Training Loss:1.3273824453353882 |             Val Loss 1.264357328414917 | Train Runtime Millis 66537.41355100647 | Val Runtime Millis 11176.945282000815

______________________________	 Running Epoch 3 of 10 	______________________________
[Training] Itteration/Batch:   0/397: Loss: 0.89 | Accuracy: 0.72
[Training] Itteration/Batch:  25/397: Loss: 1.12 | Accuracy: 0.78
[Training] Itteration/Batch:  50/397: Loss: 1.04 | Accuracy: 0.79
[Training] Itteration/Batch:  75/397: Loss: 1.33 | Accuracy: 0.82
[Training] Itteration/Batch: 100/397: Loss: 1.07 | Accuracy: 0.69
[Training] Itteration/Batch: 125/397: Loss: 1.95 | Accuracy: 0.78
[Training] Itteration/Batch: 150/397: Loss: 1.69 | Accuracy: 0.78
[Training] Itteration/Batch: 175/397: Loss: 1.21 | Accuracy: 0.68
[Training] Itteration/Batch: 200/397: Loss: 2.33 | Accuracy: 0.69
[Training] Itteration/Batch: 225/397: Loss: 1.04 | Accuracy: 0.69
[Training] Itteration/Batch: 250/397: Loss: 1.28 | Accuracy: 0.86
[Training] Itteration/Batch: 275/397: Loss: 2.49 | Accuracy: 0.67
[Training] Itteration/Batch: 300/397: Loss: 0.78 | Accuracy: 0.73
[Training] Itteration/Batch: 325/397: Loss: 0.53 | Accuracy: 0.87
[Training] Itteration/Batch: 350/397: Loss: 2.01 | Accuracy: 0.67
[Training] Itteration/Batch: 375/397: Loss: 1.68 | Accuracy: 0.84

Epoch 3: Val Bin. F1 Majority 0.3664245307445526 | Val Macro F1 Majority 0.5491159235781196 |             Val Bin F1 Individual 0.4050935208797455 | Val Macro F1 Individual 0.5677406252141703 |             Val Accuracy Majority 0.6231396794319153 | Val Accuracy Individual 0.6289401650428772 | Training Loss:1.2135037183761597 |             Val Loss 1.3191550970077515 | Train Runtime Millis 66909.31756800273 | Val Runtime Millis 11193.138163012918

