Device cuda
Split type sit
Training Size: 126747, NTA labels 123442, YTA labels 3305
Validation Size: 42249, NTA labels 41158, YTA labels 1091
Test Size: 42229, NTA labels 41111, YTA labels 1118
Training with SBERT, model name is sbert
Tokenizing the dataset
Number of training steps 39610
Epoch 0 **** Loss 0.07342967391014099 **** Metrics validation: {'accuracy': 0.9725910672441951, 'f1_weighted': 0.9715332247416875, 'macro': 0.7066296275668649, 'micro': 0.9725910672441951, 'binary': 0.427299703264095, 'accuracy_majority': 0.9838820892949491, 'macro_majority': 0.7867191145748698, 'binary_majority': 0.5816554809843401, 'run_time_millis': 19694.39256899932, 'loss_mean': 0.046772509813308716}
Epoch 1 **** Loss 0.08249231427907944 **** Metrics validation: {'accuracy': 0.9693957253426116, 'f1_weighted': 0.9701893826027223, 'macro': 0.7116571432462291, 'micro': 0.9693957253426116, 'binary': 0.43904555314533616, 'accuracy_majority': 0.9793139113945871, 'macro_majority': 0.7657013611212085, 'binary_majority': 0.5419847328244275, 'run_time_millis': 19495.043915994756, 'loss_mean': 0.043437886983156204}
Epoch 2 **** Loss 0.035384103655815125 **** Metrics validation: {'accuracy': 0.96648441383228, 'f1_weighted': 0.9687182921322013, 'macro': 0.7115205856869624, 'micro': 0.96648441383228, 'binary': 0.44031620553359685, 'accuracy_majority': 0.9767281503189106, 'macro_majority': 0.757193416518233, 'binary_majority': 0.5263157894736842, 'run_time_millis': 19438.65691999963, 'loss_mean': 0.044789064675569534}
Epoch 3 **** Loss 0.011786747723817825 **** Metrics validation: {'accuracy': 0.9696324173353216, 'f1_weighted': 0.9704921582556267, 'macro': 0.7153274215603036, 'micro': 0.9696324173353216, 'binary': 0.4462667242123436, 'accuracy_majority': 0.9796586795380107, 'macro_majority': 0.7704621185269589, 'binary_majority': 0.5513307984790874, 'run_time_millis': 19989.591231002123, 'loss_mean': 0.05309638753533363}
Epoch 4 **** Loss 0.026521405205130577 **** Metrics validation: {'accuracy': 0.9679755733863523, 'f1_weighted': 0.9695441690623752, 'macro': 0.71301795293499, 'micro': 0.9679755733863523, 'binary': 0.442521631644005, 'accuracy_majority': 0.9777624547491812, 'macro_majority': 0.7580429103952804, 'binary_majority': 0.5274725274725275, 'run_time_millis': 19960.818436004047, 'loss_mean': 0.05921885743737221}
Epoch 5 **** Loss 0.013228332623839378 **** Metrics validation: {'accuracy': 0.9692063717484437, 'f1_weighted': 0.9701865710151544, 'macro': 0.7134960872289144, 'micro': 0.9692063717484437, 'binary': 0.4428265524625268, 'accuracy_majority': 0.9798310636097225, 'macro_majority': 0.7698421795097867, 'binary_majority': 0.5499999999999999, 'run_time_millis': 20012.06360100332, 'loss_mean': 0.06518707424402237}
Epoch 6 **** Loss 0.03369833528995514 **** Metrics validation: {'accuracy': 0.968543634168856, 'f1_weighted': 0.9697493465136214, 'macro': 0.7114109694135441, 'micro': 0.968543634168856, 'binary': 0.4390037990713382, 'accuracy_majority': 0.9796586795380107, 'macro_majority': 0.7669993263751528, 'binary_majority': 0.5444015444015443, 'run_time_millis': 19897.066237004765, 'loss_mean': 0.06879059225320816}
Epoch 7 **** Loss 0.019172951579093933 **** Metrics validation: {'accuracy': 0.966508083031551, 'f1_weighted': 0.9684422251666128, 'macro': 0.7057463847411055, 'micro': 0.966508083031551, 'binary': 0.42874444893015745, 'accuracy_majority': 0.9772453025340458, 'macro_majority': 0.7550422651997328, 'binary_majority': 0.5217391304347826, 'run_time_millis': 19823.192947995267, 'loss_mean': 0.07143683731555939}
Epoch 8 **** Loss 0.025573039427399635 **** Metrics validation: {'accuracy': 0.9694430637411536, 'f1_weighted': 0.9701743344191678, 'macro': 0.7108838719767475, 'micro': 0.9694430637411536, 'binary': 0.43747276688453157, 'accuracy_majority': 0.9800034476814342, 'macro_majority': 0.7638146208224981, 'binary_majority': 0.5378486055776892, 'run_time_millis': 19626.73209499917, 'loss_mean': 0.07906913012266159}
Epoch 9 **** Loss 0.01882900483906269 **** Metrics validation: {'accuracy': 0.9693247177447987, 'f1_weighted': 0.9701141015874741, 'macro': 0.7108662128622527, 'micro': 0.9693247177447987, 'binary': 0.4375, 'accuracy_majority': 0.9796586795380107, 'macro_majority': 0.7615997230519865, 'binary_majority': 0.533596837944664, 'run_time_millis': 19602.263654996932, 'loss_mean': 0.08105415105819702}
Evaluating
{'accuracy': 0.9725910672441951, 'f1_weighted': 0.9715332247416875, 'macro': 0.7066296275668649, 'micro': 0.9725910672441951, 'binary': 0.427299703264095, 'accuracy_majority': 0.9838820892949491, 'macro_majority': 0.7867191145748698, 'binary_majority': 0.5816554809843401, 'run_time_millis': 19716.65109800233, 'loss_mean': 0.046772509813308716}
