Device cuda
Split type sit
Training Size: 126117, NTA labels 122825, YTA labels 3292
Validation Size: 42045, NTA labels 40958, YTA labels 1087
Test Size: 42032, NTA labels 40916, YTA labels 1116
Training with SBERT, model name is sbert
Tokenizing the dataset
Number of training steps 39420
Epoch 0 **** Loss 0.007248679641634226 **** Metrics validation: {'accuracy': 0.9654180045189678, 'f1_weighted': 0.967319522484746, 'macro': 0.694602174234586, 'micro': 0.9654180045189678, 'binary': 0.4070146818923328, 'accuracy_majority': 0.9758662299603517, 'macro_majority': 0.7490588238202236, 'binary_majority': 0.5104895104895105, 'run_time_millis': 18511.49061601609, 'loss_mean': 0.04607146978378296}
Epoch 1 **** Loss 0.006623230874538422 **** Metrics validation: {'accuracy': 0.9633725770008325, 'f1_weighted': 0.9661862668122767, 'macro': 0.6925652266364328, 'micro': 0.9633725770008325, 'binary': 0.4040247678018576, 'accuracy_majority': 0.9737976210998104, 'macro_majority': 0.7416187071441129, 'binary_majority': 0.4966887417218543, 'run_time_millis': 18504.150012042373, 'loss_mean': 0.045978907495737076}
Epoch 2 **** Loss 0.0007445171941071749 **** Metrics validation: {'accuracy': 0.9707218456415745, 'f1_weighted': 0.9699393841567604, 'macro': 0.6938551198999934, 'micro': 0.9707218456415745, 'binary': 0.4027171276079573, 'accuracy_majority': 0.981727288398552, 'macro_majority': 0.7688420637928026, 'binary_majority': 0.547008547008547, 'run_time_millis': 18409.103410085663, 'loss_mean': 0.049709759652614594}
Epoch 3 **** Loss 0.0506899431347847 **** Metrics validation: {'accuracy': 0.9655844928053277, 'f1_weighted': 0.967300384604609, 'macro': 0.6925440716361306, 'micro': 0.9655844928053277, 'binary': 0.4028064382996286, 'accuracy_majority': 0.975607653852784, 'macro_majority': 0.7433072460516291, 'binary_majority': 0.4991150442477876, 'run_time_millis': 18445.3792499844, 'loss_mean': 0.050147127360105515}
Epoch 4 **** Loss 0.0005545098101720214 **** Metrics validation: {'accuracy': 0.9624925674872161, 'f1_weighted': 0.9657682504701914, 'macro': 0.693106964010451, 'micro': 0.9624925674872161, 'binary': 0.4055785902751602, 'accuracy_majority': 0.9726771246336838, 'macro_majority': 0.7385666993864001, 'binary_majority': 0.49117174959871585, 'run_time_millis': 18706.420367001556, 'loss_mean': 0.05235717445611954}
Epoch 5 **** Loss 0.00031313643557950854 **** Metrics validation: {'accuracy': 0.966464502318944, 'f1_weighted': 0.9675941080094576, 'macro': 0.6895786235251026, 'micro': 0.966464502318944, 'binary': 0.3964041095890411, 'accuracy_majority': 0.9768143423547664, 'macro_majority': 0.7436007143831849, 'binary_majority': 0.4990689013035381, 'run_time_millis': 18489.504072931595, 'loss_mean': 0.06005930155515671}
Epoch 6 **** Loss 0.09945327043533325 **** Metrics validation: {'accuracy': 0.960803900582709, 'f1_weighted': 0.9645621491535856, 'macro': 0.6860396049724904, 'micro': 0.960803900582709, 'binary': 0.39233038348082594, 'accuracy_majority': 0.9706085157731426, 'macro_majority': 0.7272794138276439, 'binary_majority': 0.46967340590979784, 'run_time_millis': 18483.012330019847, 'loss_mean': 0.06353694945573807}
Epoch 7 **** Loss 0.023899996653199196 **** Metrics validation: {'accuracy': 0.9640623141871804, 'f1_weighted': 0.9658669542351908, 'macro': 0.6792023990390714, 'micro': 0.9640623141871804, 'binary': 0.3769072164948454, 'accuracy_majority': 0.9741423892432339, 'macro_majority': 0.7264712289478094, 'binary_majority': 0.4661921708185054, 'run_time_millis': 18435.73792197276, 'loss_mean': 0.07274037599563599}
Epoch 8 **** Loss 0.0006638705963268876 **** Metrics validation: {'accuracy': 0.963182304673564, 'f1_weighted': 0.9656560446833005, 'macro': 0.6838546506027243, 'micro': 0.963182304673564, 'binary': 0.3866877971473851, 'accuracy_majority': 0.9733666609205309, 'macro_majority': 0.7308592528585268, 'binary_majority': 0.47538200339558573, 'run_time_millis': 18428.99926600512, 'loss_mean': 0.07452920824289322}
Epoch 9 **** Loss 0.00032877991907298565 **** Metrics validation: {'accuracy': 0.9640147461053633, 'f1_weighted': 0.965923967247345, 'macro': 0.6808207606856878, 'micro': 0.9640147461053633, 'binary': 0.38017206063088893, 'accuracy_majority': 0.9741423892432339, 'macro_majority': 0.7292888804820441, 'binary_majority': 0.4718309859154929, 'run_time_millis': 18434.329206938855, 'loss_mean': 0.07987082749605179}
Evaluating
{'accuracy': 0.9707218456415745, 'f1_weighted': 0.9699393841567604, 'macro': 0.6938551198999934, 'micro': 0.9707218456415745, 'binary': 0.4027171276079573, 'accuracy_majority': 0.981727288398552, 'macro_majority': 0.7688420637928026, 'binary_majority': 0.547008547008547, 'run_time_millis': 18456.483646994457, 'loss_mean': 0.049709759652614594}
