Device cuda
Split type sit
Training Size: 5055, NTA labels 4918, YTA labels 137
Validation Size: 1648, NTA labels 1608, YTA labels 40
Test Size: 1631, NTA labels 1584, YTA labels 47
Training with SBERT, model name is sbert
Tokenizing the dataset
Number of training steps 1580
Epoch 0 **** Loss 0.02186683379113674 **** Metrics validation: {'accuracy': 0.8901699029126213, 'f1_weighted': 0.9207111551132379, 'macro': 0.511406168356257, 'micro': 0.8901699029126213, 'binary': 0.08121827411167513, 'accuracy_majority': 0.8876404494382022, 'macro_majority': 0.5117428364163946, 'binary_majority': 0.08333333333333333, 'run_time_millis': 2554.985798895359, 'loss_mean': 0.03774198517203331}
Epoch 1 **** Loss 0.03774821758270264 **** Metrics validation: {'accuracy': 0.9381067961165048, 'f1_weighted': 0.9486585765125398, 'macro': 0.5726314933083838, 'micro': 0.9381067961165048, 'binary': 0.1774193548387097, 'accuracy_majority': 0.9356486210418795, 'macro_majority': 0.5741626794258373, 'binary_majority': 0.18181818181818182, 'run_time_millis': 2717.8191929124296, 'loss_mean': 0.03559461981058121}
Epoch 2 **** Loss 0.029658257961273193 **** Metrics validation: {'accuracy': 0.845873786407767, 'f1_weighted': 0.8964738343867005, 'macro': 0.5257220809709626, 'micro': 0.845873786407767, 'binary': 0.1360544217687075, 'accuracy_majority': 0.849846782431052, 'macro_majority': 0.533968038082285, 'binary_majority': 0.15028901734104047, 'run_time_millis': 2262.6293008215725, 'loss_mean': 0.03203559294342995}
Epoch 3 **** Loss 0.02470078319311142 **** Metrics validation: {'accuracy': 0.8294902912621359, 'f1_weighted': 0.8865914702692619, 'macro': 0.5150784051938533, 'micro': 0.8294902912621359, 'binary': 0.12461059190031154, 'accuracy_majority': 0.8314606741573034, 'macro_majority': 0.5213735233202073, 'binary_majority': 0.13612565445026178, 'run_time_millis': 2726.847547106445, 'loss_mean': 0.03213657811284065}
Epoch 4 **** Loss 0.021519610658288002 **** Metrics validation: {'accuracy': 0.8816747572815534, 'f1_weighted': 0.9175687984714023, 'macro': 0.5497135266695532, 'micro': 0.8816747572815534, 'binary': 0.1630901287553648, 'accuracy_majority': 0.8825331971399387, 'macro_majority': 0.5605530119400305, 'binary_majority': 0.1843971631205674, 'run_time_millis': 2579.539311118424, 'loss_mean': 0.03478739783167839}
Epoch 5 **** Loss 0.014604087918996811 **** Metrics validation: {'accuracy': 0.8901699029126213, 'f1_weighted': 0.9223963290574575, 'macro': 0.5535566488012297, 'micro': 0.8901699029126213, 'binary': 0.16589861751152077, 'accuracy_majority': 0.891726251276813, 'macro_majority': 0.5633142568591145, 'binary_majority': 0.1846153846153846, 'run_time_millis': 2705.8411119505763, 'loss_mean': 0.03911914303898811}
Epoch 6 **** Loss 0.006137103773653507 **** Metrics validation: {'accuracy': 0.9283980582524272, 'f1_weighted': 0.9430607046613544, 'macro': 0.5598768785080572, 'micro': 0.9283980582524272, 'binary': 0.15714285714285714, 'accuracy_majority': 0.9295199182839632, 'macro_majority': 0.575697999434691, 'binary_majority': 0.18823529411764703, 'run_time_millis': 2671.592873055488, 'loss_mean': 0.049215469509363174}
Epoch 7 **** Loss 0.009944439865648746 **** Metrics validation: {'accuracy': 0.9368932038834952, 'f1_weighted': 0.9476518819343543, 'macro': 0.5642517186673718, 'micro': 0.9368932038834952, 'binary': 0.16129032258064516, 'accuracy_majority': 0.9397344228804902, 'macro_majority': 0.5910001770224819, 'binary_majority': 0.21333333333333335, 'run_time_millis': 2725.492450874299, 'loss_mean': 0.054646093398332596}
Epoch 8 **** Loss 0.006220100447535515 **** Metrics validation: {'accuracy': 0.9314320388349514, 'f1_weighted': 0.9445196054635391, 'macro': 0.557325181432874, 'micro': 0.9314320388349514, 'binary': 0.15037593984962405, 'accuracy_majority': 0.9346271705822268, 'macro_majority': 0.5829605963791268, 'binary_majority': 0.19999999999999998, 'run_time_millis': 2757.962774951011, 'loss_mean': 0.05477238446474075}
Epoch 9 **** Loss 0.00876928772777319 **** Metrics validation: {'accuracy': 0.9338592233009708, 'f1_weighted': 0.9459091767954266, 'macro': 0.5603106649728425, 'micro': 0.9338592233009708, 'binary': 0.15503875968992248, 'accuracy_majority': 0.9366700715015321, 'macro_majority': 0.5860747408619749, 'binary_majority': 0.2051282051282051, 'run_time_millis': 2749.801048077643, 'loss_mean': 0.0563250370323658}
Evaluating
{'accuracy': 0.9381067961165048, 'f1_weighted': 0.9486585765125398, 'macro': 0.5726314933083838, 'micro': 0.9381067961165048, 'binary': 0.1774193548387097, 'accuracy_majority': 0.9356486210418795, 'macro_majority': 0.5741626794258373, 'binary_majority': 0.18181818181818182, 'run_time_millis': 2731.332633178681, 'loss_mean': 0.03559461981058121}
