Device cuda
Split type sit
Training Size: 16428, NTA labels 15767, YTA labels 661
Validation Size: 5397, NTA labels 5196, YTA labels 201
Test Size: 5278, NTA labels 5076, YTA labels 202
Training with SBERT, model name is sbert
Tokenizing the dataset
Number of training steps 5140
Epoch 0 **** Loss 0.1821676343679428 **** Metrics validation: {'accuracy': 0.8425050954233834, 'f1_weighted': 0.8870097891941674, 'macro': 0.5739098661166089, 'micro': 0.8425050954233834, 'binary': 0.23561151079136694, 'accuracy_majority': 0.8489388264669163, 'macro_majority': 0.5845293209876543, 'binary_majority': 0.25308641975308643, 'run_time_millis': 3091.859402999944, 'loss_mean': 0.04871074855327606}
Epoch 1 **** Loss 0.027483893558382988 **** Metrics validation: {'accuracy': 0.9062442097461553, 'f1_weighted': 0.9262559301746799, 'macro': 0.6356787687197966, 'micro': 0.9062442097461553, 'binary': 0.32171581769437, 'accuracy_majority': 0.918227215980025, 'macro_majority': 0.6647330878417779, 'binary_majority': 0.3732057416267943, 'run_time_millis': 4200.2228279998235, 'loss_mean': 0.04858343303203583}
Epoch 2 **** Loss 0.21907258033752441 **** Metrics validation: {'accuracy': 0.8901241430424309, 'f1_weighted': 0.9164796949471794, 'macro': 0.6193104358857392, 'micro': 0.8901241430424309, 'binary': 0.29822485207100596, 'accuracy_majority': 0.8982521847690387, 'macro_majority': 0.637084568526649, 'binary_majority': 0.3292181069958848, 'run_time_millis': 4150.7419789995765, 'loss_mean': 0.05063891038298607}
Epoch 3 **** Loss 0.005307578016072512 **** Metrics validation: {'accuracy': 0.8980915323327775, 'f1_weighted': 0.9212503727931696, 'macro': 0.6261523929471033, 'micro': 0.8980915323327775, 'binary': 0.30730478589420657, 'accuracy_majority': 0.9082397003745318, 'macro_majority': 0.6486606243705941, 'binary_majority': 0.3466666666666667, 'run_time_millis': 4220.278161999886, 'loss_mean': 0.05497898533940315}
Epoch 4 **** Loss 0.029063252732157707 **** Metrics validation: {'accuracy': 0.8875301093199925, 'f1_weighted': 0.9147115225237481, 'macro': 0.6136668241806023, 'micro': 0.8875301093199925, 'binary': 0.2883939038686987, 'accuracy_majority': 0.8957553058676654, 'macro_majority': 0.6281786683677936, 'binary_majority': 0.3127572016460905, 'run_time_millis': 4208.313803000237, 'loss_mean': 0.060966312885284424}
Epoch 5 **** Loss 0.00774742104113102 **** Metrics validation: {'accuracy': 0.9021678710394664, 'f1_weighted': 0.9236370073891114, 'macro': 0.6290261940196692, 'micro': 0.9021678710394664, 'binary': 0.31070496083550914, 'accuracy_majority': 0.9126092384519351, 'macro_majority': 0.6524988844265953, 'binary_majority': 0.35185185185185186, 'run_time_millis': 3127.993195000272, 'loss_mean': 0.06788181513547897}
Epoch 6 **** Loss 0.0022671499755233526 **** Metrics validation: {'accuracy': 0.9001297016861219, 'f1_weighted': 0.922247277576061, 'macro': 0.6244648205134031, 'micro': 0.9001297016861219, 'binary': 0.3027166882276844, 'accuracy_majority': 0.9101123595505618, 'macro_majority': 0.648598586400195, 'binary_majority': 0.34545454545454546, 'run_time_millis': 4159.654770999623, 'loss_mean': 0.07213141024112701}
Epoch 7 **** Loss 0.019123373553156853 **** Metrics validation: {'accuracy': 0.899573837317028, 'f1_weighted': 0.9220682457528803, 'macro': 0.6263851664447675, 'micro': 0.899573837317028, 'binary': 0.3069053708439898, 'accuracy_majority': 0.9094881398252185, 'macro_majority': 0.6476413098053373, 'binary_majority': 0.3438914027149321, 'run_time_millis': 3175.162255000032, 'loss_mean': 0.07456902414560318}
Epoch 8 **** Loss 0.023336878046393394 **** Metrics validation: {'accuracy': 0.9056883453770613, 'f1_weighted': 0.9256119647395445, 'macro': 0.6303049062362689, 'micro': 0.9056883453770613, 'binary': 0.3112313937753721, 'accuracy_majority': 0.9144818976279651, 'macro_majority': 0.6524687145202945, 'binary_majority': 0.35071090047393366, 'run_time_millis': 4217.621484000119, 'loss_mean': 0.07854074239730835}
Epoch 9 **** Loss 0.01215681154280901 **** Metrics validation: {'accuracy': 0.90550305725403, 'f1_weighted': 0.925495694940305, 'macro': 0.6300423658191711, 'micro': 0.9055030572540301, 'binary': 0.3108108108108108, 'accuracy_majority': 0.9138576779026217, 'macro_majority': 0.6514668045605893, 'binary_majority': 0.3490566037735849, 'run_time_millis': 4145.5458959999305, 'loss_mean': 0.08053474128246307}
Evaluating
{'accuracy': 0.9062442097461553, 'f1_weighted': 0.9262559301746799, 'macro': 0.6356787687197966, 'micro': 0.9062442097461553, 'binary': 0.32171581769437, 'accuracy_majority': 0.918227215980025, 'macro_majority': 0.6647330878417779, 'binary_majority': 0.3732057416267943, 'run_time_millis': 4145.601667999472, 'loss_mean': 0.04858343303203583}
