Device cuda
Split type sit
Training Size: 3469, NTA labels 3343, YTA labels 126
Validation Size: 1109, NTA labels 1061, YTA labels 48
Test Size: 1021, NTA labels 996, YTA labels 25
Training with SBERT, model name is sbert
Tokenizing the dataset
Number of training steps 1090
Epoch 0 **** Loss 0.028518034145236015 **** Metrics validation: {'accuracy': 0.8494138863841298, 'f1_weighted': 0.8830117644562476, 'macro': 0.5170477807244688, 'micro': 0.8494138863841297, 'binary': 0.11640211640211641, 'accuracy_majority': 0.8378712871287128, 'macro_majority': 0.5098336134998587, 'binary_majority': 0.108843537414966, 'run_time_millis': 2494.1814560443163, 'loss_mean': 0.05643421411514282}
Epoch 1 **** Loss 0.025693707168102264 **** Metrics validation: {'accuracy': 0.8926961226330027, 'f1_weighted': 0.9095585939848915, 'macro': 0.5609528086897216, 'micro': 0.8926961226330027, 'binary': 0.17931034482758618, 'accuracy_majority': 0.8873762376237624, 'macro_majority': 0.5598575319505552, 'binary_majority': 0.18018018018018017, 'run_time_millis': 1479.1461820714176, 'loss_mean': 0.055016592144966125}
Epoch 2 **** Loss 0.08324983716011047 **** Metrics validation: {'accuracy': 0.8944995491433724, 'f1_weighted': 0.9141293476553023, 'macro': 0.60820648776938, 'micro': 0.8944995491433724, 'binary': 0.27329192546583847, 'accuracy_majority': 0.8948019801980198, 'macro_majority': 0.6203322369330275, 'binary_majority': 0.2975206611570248, 'run_time_millis': 1021.2141219526529, 'loss_mean': 0.05214977636933327}
Epoch 3 **** Loss 0.07754842936992645 **** Metrics validation: {'accuracy': 0.8990081154192967, 'f1_weighted': 0.916960302617202, 'macro': 0.6138675420925663, 'micro': 0.8990081154192967, 'binary': 0.28205128205128205, 'accuracy_majority': 0.900990099009901, 'macro_majority': 0.6343146794596184, 'binary_majority': 0.3220338983050847, 'run_time_millis': 2498.842330649495, 'loss_mean': 0.04913949593901634}
Epoch 4 **** Loss 0.026248503476381302 **** Metrics validation: {'accuracy': 0.8845807033363391, 'f1_weighted': 0.9094124601980491, 'macro': 0.6169174636758133, 'micro': 0.8845807033363391, 'binary': 0.2967032967032967, 'accuracy_majority': 0.8861386138613861, 'macro_majority': 0.6355435272891294, 'binary_majority': 0.3333333333333333, 'run_time_millis': 1476.614449173212, 'loss_mean': 0.046076711267232895}
Epoch 5 **** Loss 0.02217615582048893 **** Metrics validation: {'accuracy': 0.9116321009918846, 'f1_weighted': 0.9253375048078331, 'macro': 0.6360963784420872, 'micro': 0.9116321009918846, 'binary': 0.3194444444444445, 'accuracy_majority': 0.9096534653465347, 'macro_majority': 0.652706386636756, 'binary_majority': 0.3539823008849558, 'run_time_millis': 2492.088371887803, 'loss_mean': 0.04887465760111809}
Epoch 6 **** Loss 0.06641530990600586 **** Metrics validation: {'accuracy': 0.9071235347159603, 'f1_weighted': 0.9231422226086564, 'macro': 0.6384592254981089, 'micro': 0.9071235347159603, 'binary': 0.32679738562091504, 'accuracy_majority': 0.9084158415841584, 'macro_majority': 0.6669340463458111, 'binary_majority': 0.38333333333333336, 'run_time_millis': 1729.3018228374422, 'loss_mean': 0.0503668449819088}
Epoch 7 **** Loss 0.014844389632344246 **** Metrics validation: {'accuracy': 0.9035166816952209, 'f1_weighted': 0.9211552331094479, 'macro': 0.6375385254489419, 'micro': 0.9035166816952209, 'binary': 0.32704402515723274, 'accuracy_majority': 0.9022277227722773, 'macro_majority': 0.6575077129443327, 'binary_majority': 0.36800000000000005, 'run_time_millis': 2493.488121777773, 'loss_mean': 0.0497698113322258}
Epoch 8 **** Loss 0.07288605719804764 **** Metrics validation: {'accuracy': 0.9080252479711451, 'f1_weighted': 0.9240528878926136, 'macro': 0.6441218665055874, 'micro': 0.9080252479711451, 'binary': 0.33766233766233766, 'accuracy_majority': 0.9071782178217822, 'macro_majority': 0.6649990325879654, 'binary_majority': 0.38016528925619836, 'run_time_millis': 2494.1961159929633, 'loss_mean': 0.05219171941280365}
Epoch 9 **** Loss 0.0051608155481517315 **** Metrics validation: {'accuracy': 0.9062218214607755, 'f1_weighted': 0.9228917095731162, 'macro': 0.6414484319430973, 'micro': 0.9062218214607755, 'binary': 0.33333333333333337, 'accuracy_majority': 0.9047029702970297, 'macro_majority': 0.6612048638905679, 'binary_majority': 0.3739837398373984, 'run_time_millis': 1862.1987351216376, 'loss_mean': 0.0522935576736927}
Evaluating
{'accuracy': 0.9116321009918846, 'f1_weighted': 0.9253375048078331, 'macro': 0.6360963784420872, 'micro': 0.9116321009918846, 'binary': 0.3194444444444445, 'accuracy_majority': 0.9096534653465347, 'macro_majority': 0.652706386636756, 'binary_majority': 0.3539823008849558, 'run_time_millis': 2496.7237883247435, 'loss_mean': 0.04887465760111809}
