Device cuda
Split type sit
Training Size: 27669, NTA labels 26393, YTA labels 1276
Validation Size: 9179, NTA labels 8767, YTA labels 412
Test Size: 9320, NTA labels 8904, YTA labels 416
Training with SBERT, model name is sbert
Tokenizing the dataset
Number of training steps 8650
Epoch 0 **** Loss 0.031174013391137123 **** Metrics validation: {'accuracy': 0.9249373570105676, 'f1_weighted': 0.9354625606521514, 'macro': 0.6877496693129039, 'micro': 0.9249373570105676, 'binary': 0.4156064461407972, 'accuracy_majority': 0.921849119108568, 'macro_majority': 0.6972475952131678, 'binary_majority': 0.4364820846905537, 'run_time_millis': 6073.767455000052, 'loss_mean': 0.05457973852753639}
Epoch 1 **** Loss 0.026281634345650673 **** Metrics validation: {'accuracy': 0.9331081817191416, 'f1_weighted': 0.9407973765175531, 'macro': 0.7010838595745349, 'micro': 0.9331081817191416, 'binary': 0.43772893772893773, 'accuracy_majority': 0.9299804246348442, 'macro_majority': 0.7087263393472344, 'binary_majority': 0.4548651817116061, 'run_time_millis': 6128.434621999986, 'loss_mean': 0.05309535935521126}
Epoch 2 **** Loss 0.01363448053598404 **** Metrics validation: {'accuracy': 0.9404074517921343, 'f1_weighted': 0.9452347690433197, 'macro': 0.7093737419459214, 'micro': 0.9404074517921343, 'binary': 0.45025125628140694, 'accuracy_majority': 0.9361541936455353, 'macro_majority': 0.7126291227004484, 'binary_majority': 0.4591836734693877, 'run_time_millis': 6002.17567800064, 'loss_mean': 0.06245731562376022}
Epoch 3 **** Loss 0.07050596177577972 **** Metrics validation: {'accuracy': 0.9246105240222247, 'f1_weighted': 0.9357869516686467, 'macro': 0.6938723066275709, 'micro': 0.9246105240222247, 'binary': 0.428099173553719, 'accuracy_majority': 0.9209456407167596, 'macro_majority': 0.7015279621307489, 'binary_majority': 0.44561774023231254, 'run_time_millis': 4039.0079250009876, 'loss_mean': 0.06023729220032692}
Epoch 4 **** Loss 0.006847023963928223 **** Metrics validation: {'accuracy': 0.9426952827105349, 'f1_weighted': 0.9464823678035278, 'macro': 0.710354786072517, 'micro': 0.9426952827105349, 'binary': 0.4509394572025052, 'accuracy_majority': 0.9381117301611203, 'macro_majority': 0.7114100033992801, 'binary_majority': 0.4556291390728477, 'run_time_millis': 6066.331666999758, 'loss_mean': 0.07902087271213531}
Epoch 5 **** Loss 0.008946208283305168 **** Metrics validation: {'accuracy': 0.9450920579583832, 'f1_weighted': 0.9472908777776547, 'macro': 0.7055653568564555, 'micro': 0.9450920579583832, 'binary': 0.44, 'accuracy_majority': 0.9403704261406415, 'macro_majority': 0.7053774764399313, 'binary_majority': 0.4422535211267606, 'run_time_millis': 6110.8227299991995, 'loss_mean': 0.09308306127786636}
Epoch 6 **** Loss 0.08278197050094604 **** Metrics validation: {'accuracy': 0.939862730144896, 'f1_weighted': 0.9442339724632454, 'macro': 0.7007557753311833, 'micro': 0.939862730144896, 'binary': 0.43326488706365507, 'accuracy_majority': 0.9357024544496311, 'macro_majority': 0.7038582299314762, 'binary_majority': 0.4418300653594771, 'run_time_millis': 5964.330927999981, 'loss_mean': 0.09722799807786942}
Epoch 7 **** Loss 0.01655808463692665 **** Metrics validation: {'accuracy': 0.9447652249700403, 'f1_weighted': 0.9471088841561434, 'macro': 0.7053647792192006, 'micro': 0.9447652249700403, 'binary': 0.43977900552486193, 'accuracy_majority': 0.9406715856045776, 'macro_majority': 0.7068654689831639, 'binary_majority': 0.44507042253521123, 'run_time_millis': 6128.318360000776, 'loss_mean': 0.1136203184723854}
Epoch 8 **** Loss 0.016142919659614563 **** Metrics validation: {'accuracy': 0.9443294476522497, 'f1_weighted': 0.9470040113878482, 'macro': 0.7067246564316512, 'micro': 0.9443294476522497, 'binary': 0.44274809160305345, 'accuracy_majority': 0.9403704261406415, 'macro_majority': 0.7084746709659911, 'binary_majority': 0.4484679665738161, 'run_time_millis': 4051.4419689989154, 'loss_mean': 0.1172870546579361}
Epoch 9 **** Loss 0.02544061653316021 **** Metrics validation: {'accuracy': 0.9473798888767839, 'f1_weighted': 0.9482872223200185, 'macro': 0.703746224957927, 'micro': 0.9473798888767839, 'binary': 0.4350877192982457, 'accuracy_majority': 0.9423279626562264, 'macro_majority': 0.7019420325689614, 'binary_majority': 0.4342688330871492, 'run_time_millis': 6112.185093999869, 'loss_mean': 0.12692055106163025}
Evaluating
{'accuracy': 0.9473798888767839, 'f1_weighted': 0.9482872223200185, 'macro': 0.703746224957927, 'micro': 0.9473798888767839, 'binary': 0.4350877192982457, 'accuracy_majority': 0.9423279626562264, 'macro_majority': 0.7019420325689614, 'binary_majority': 0.4342688330871492, 'run_time_millis': 6061.205670001073, 'loss_mean': 0.12692055106163025}
