Device cuda
Split type sit
Training Size: 2366, NTA labels 1781, YTA labels 585
Validation Size: 738, NTA labels 553, YTA labels 185
Test Size: 1026, NTA labels 820, YTA labels 206
Training with SBERT, model name is sbert
Tokenizing the dataset
Number of training steps 740
Epoch 0 **** Loss 0.2531294822692871 **** Metrics validation: {'accuracy': 0.6693766937669376, 'f1_weighted': 0.670544690539639, 'macro': 0.5630889874511098, 'micro': 0.6693766937669376, 'binary': 0.34759358288770054, 'accuracy_majority': 0.6622296173044925, 'macro_majority': 0.5668691444455883, 'binary_majority': 0.36363636363636365, 'run_time_millis': 3179.7642089950386, 'loss_mean': 0.2592127323150635}
Epoch 1 **** Loss 0.2502583861351013 **** Metrics validation: {'accuracy': 0.6747967479674797, 'f1_weighted': 0.6729938482877595, 'macro': 0.5624160012649222, 'micro': 0.6747967479674797, 'binary': 0.34065934065934067, 'accuracy_majority': 0.6738768718801996, 'macro_majority': 0.5685001758293283, 'binary_majority': 0.3552631578947369, 'run_time_millis': 3209.072087003733, 'loss_mean': 0.25612425804138184}
Epoch 2 **** Loss 0.16412140429019928 **** Metrics validation: {'accuracy': 0.7005420054200542, 'f1_weighted': 0.6856641685443787, 'macro': 0.5639965247610773, 'micro': 0.7005420054200542, 'binary': 0.32, 'accuracy_majority': 0.6955074875207987, 'macro_majority': 0.5640802057859462, 'binary_majority': 0.32472324723247237, 'run_time_millis': 3209.0779860009206, 'loss_mean': 0.30063143372535706}
Epoch 3 **** Loss 0.17876829206943512 **** Metrics validation: {'accuracy': 0.5894308943089431, 'f1_weighted': 0.6094316812227155, 'macro': 0.5138435048036473, 'micro': 0.5894308943089431, 'binary': 0.32214765100671144, 'accuracy_majority': 0.6006655574043261, 'macro_majority': 0.5285904776845243, 'binary_majority': 0.3442622950819672, 'run_time_millis': 3217.1796249895124, 'loss_mean': 0.3179278075695038}
Epoch 4 **** Loss 0.05592386797070503 **** Metrics validation: {'accuracy': 0.5826558265582655, 'f1_weighted': 0.6017541932176078, 'macro': 0.5013513513513513, 'micro': 0.5826558265582655, 'binary': 0.3, 'accuracy_majority': 0.5923460898502496, 'macro_majority': 0.5165272838910286, 'binary_majority': 0.325068870523416, 'run_time_millis': 3673.3509260084247, 'loss_mean': 0.4912191331386566}
Epoch 5 **** Loss 0.054967641830444336 **** Metrics validation: {'accuracy': 0.6084010840108401, 'f1_weighted': 0.6222220765886238, 'macro': 0.5184236017187385, 'micro': 0.6084010840108401, 'binary': 0.31026252983293556, 'accuracy_majority': 0.6156405990016639, 'macro_majority': 0.530444929227335, 'binary_majority': 0.33043478260869563, 'run_time_millis': 3219.1245310095837, 'loss_mean': 0.6325134038925171}
Epoch 6 **** Loss 0.05871393159031868 **** Metrics validation: {'accuracy': 0.6233062330623306, 'f1_weighted': 0.6252844217997305, 'macro': 0.5039555125725339, 'micro': 0.6233062330623306, 'binary': 0.2606382978723405, 'accuracy_majority': 0.627287853577371, 'macro_majority': 0.5151829443964275, 'binary_majority': 0.28205128205128205, 'run_time_millis': 3202.165413997136, 'loss_mean': 0.7312333583831787}
Epoch 7 **** Loss 0.025910427793860435 **** Metrics validation: {'accuracy': 0.6029810298102981, 'f1_weighted': 0.6131310109985603, 'macro': 0.4999433419900605, 'micro': 0.6029810298102981, 'binary': 0.2729528535980149, 'accuracy_majority': 0.6123128119800333, 'macro_majority': 0.5160880097588958, 'binary_majority': 0.3003003003003003, 'run_time_millis': 3218.1116199935786, 'loss_mean': 0.869627058506012}
Epoch 8 **** Loss 0.02850586175918579 **** Metrics validation: {'accuracy': 0.6815718157181572, 'f1_weighted': 0.6674217209229011, 'macro': 0.5404159920288952, 'micro': 0.6815718157181572, 'binary': 0.28571428571428575, 'accuracy_majority': 0.6855241264559068, 'macro_majority': 0.5521238718224725, 'binary_majority': 0.30769230769230776, 'run_time_millis': 5257.687315999647, 'loss_mean': 1.084415316581726}
Epoch 9 **** Loss 0.0071070133708417416 **** Metrics validation: {'accuracy': 0.6734417344173442, 'f1_weighted': 0.6621836275130752, 'macro': 0.5366386777927433, 'micro': 0.6734417344173442, 'binary': 0.28486646884273, 'accuracy_majority': 0.6755407653910149, 'macro_majority': 0.5471617188496181, 'binary_majority': 0.3060498220640569, 'run_time_millis': 3266.3485960074468, 'loss_mean': 1.1002737283706665}
Evaluating
{'accuracy': 0.7005420054200542, 'f1_weighted': 0.6856641685443787, 'macro': 0.5639965247610773, 'micro': 0.7005420054200542, 'binary': 0.32, 'accuracy_majority': 0.6955074875207987, 'macro_majority': 0.5640802057859462, 'binary_majority': 0.32472324723247237, 'run_time_millis': 3212.9786709992914, 'loss_mean': 0.30063143372535706}
