Device cuda
DATASET: GE'fear, MODEL: uid, 
Split type sit
DATASET: GE'fear, MODEL: uid, PERCENTAGE: False, NUM_COMMENTS_PER_ANNO: 77
Training Size: 17515, NTA labels 17243, YTA labels 272
Validation Size: 5755, NTA labels 5672, YTA labels 83
Test Size: 5626, NTA labels 5559, YTA labels 67
Training with SBERT, model name is sbert
Tokenizing the dataset
Number of training steps 5480
Epoch 0 **** Loss 0.0031361004803329706 **** Metrics validation: {'accuracy': 0.9414422241529106, 'f1_weighted': 0.959355949248748, 'macro': 0.6176501145708084, 'micro': 0.9414422241529106, 'binary': 0.2657952069716776, 'accuracy_majority': 0.9428743235117258, 'macro_majority': 0.5989912911929619, 'binary_majority': 0.22764227642276424, 'run_time_millis': 4430.2601320669055, 'loss_mean': 0.016079239547252655}
Epoch 1 **** Loss 0.005768307950347662 **** Metrics validation: {'accuracy': 0.9369244135534318, 'f1_weighted': 0.9566377449811139, 'macro': 0.6046319643123792, 'micro': 0.9369244135534318, 'binary': 0.24217118997912318, 'accuracy_majority': 0.9386650631389056, 'macro_majority': 0.5856150328330206, 'binary_majority': 0.203125, 'run_time_millis': 4515.90895105619, 'loss_mean': 0.017475949600338936}
Epoch 2 **** Loss 0.0013975442852824926 **** Metrics validation: {'accuracy': 0.9645525629887055, 'f1_weighted': 0.972001397023012, 'macro': 0.6415924016441287, 'micro': 0.9645525629887055, 'binary': 0.3013698630136986, 'accuracy_majority': 0.9669272399278412, 'macro_majority': 0.6248743976212446, 'binary_majority': 0.26666666666666666, 'run_time_millis': 4466.479615075514, 'loss_mean': 0.025891605764627457}
Epoch 3 **** Loss 0.009289935231208801 **** Metrics validation: {'accuracy': 0.9223284100781929, 'f1_weighted': 0.9482378664686366, 'macro': 0.5797697958167535, 'micro': 0.9223284100781929, 'binary': 0.2003577817531306, 'accuracy_majority': 0.9236319903788335, 'macro_majority': 0.5594701986754966, 'binary_majority': 0.15894039735099338, 'run_time_millis': 4444.577976013534, 'loss_mean': 0.022178955376148224}
Epoch 4 **** Loss 0.00334989745169878 **** Metrics validation: {'accuracy': 0.9628149435273675, 'f1_weighted': 0.9710890053647343, 'macro': 0.6407766367287127, 'micro': 0.9628149435273675, 'binary': 0.30065359477124187, 'accuracy_majority': 0.9645219482862297, 'macro_majority': 0.6267115600448934, 'binary_majority': 0.2716049382716049, 'run_time_millis': 3521.599882049486, 'loss_mean': 0.03741230070590973}
Epoch 5 **** Loss 5.82765533181373e-05 **** Metrics validation: {'accuracy': 0.9697654213727194, 'f1_weighted': 0.9748847196712028, 'macro': 0.6497511038732099, 'micro': 0.9697654213727194, 'binary': 0.31496062992125984, 'accuracy_majority': 0.9729404690318701, 'macro_majority': 0.6469464298351143, 'binary_majority': 0.30769230769230765, 'run_time_millis': 3391.0195250064135, 'loss_mean': 0.05063747987151146}
Epoch 6 **** Loss 0.011520057916641235 **** Metrics validation: {'accuracy': 0.9628149435273675, 'f1_weighted': 0.9710260089431164, 'macro': 0.6384778596052867, 'micro': 0.9628149435273675, 'binary': 0.29605263157894735, 'accuracy_majority': 0.9651232711966325, 'macro_majority': 0.6285659272951325, 'binary_majority': 0.275, 'run_time_millis': 4450.702692964114, 'loss_mean': 0.04754948616027832}
Epoch 7 **** Loss 0.00022418312437366694 **** Metrics validation: {'accuracy': 0.969244135534318, 'f1_weighted': 0.974853712921582, 'macro': 0.6581675713314932, 'micro': 0.969244135534318, 'binary': 0.3320754716981132, 'accuracy_majority': 0.9729404690318701, 'macro_majority': 0.6572751462082042, 'binary_majority': 0.32835820895522383, 'run_time_millis': 4452.212321921252, 'loss_mean': 0.05535590276122093}
Epoch 8 **** Loss 0.0054939622059464455 **** Metrics validation: {'accuracy': 0.9697654213727194, 'f1_weighted': 0.9750324788197683, 'macro': 0.6550587389115319, 'micro': 0.9697654213727194, 'binary': 0.32558139534883723, 'accuracy_majority': 0.9729404690318701, 'macro_majority': 0.6572751462082042, 'binary_majority': 0.32835820895522383, 'run_time_millis': 4449.963898980059, 'loss_mean': 0.05653081834316254}
Epoch 9 **** Loss 0.000265516311628744 **** Metrics validation: {'accuracy': 0.9711555169417897, 'f1_weighted': 0.975587541319899, 'macro': 0.6496588011981563, 'micro': 0.9711555169417897, 'binary': 0.3140495867768595, 'accuracy_majority': 0.9747444377630787, 'macro_majority': 0.6435701163502755, 'binary_majority': 0.3, 'run_time_millis': 2516.3251550402492, 'loss_mean': 0.059882864356040955}
Evaluating
{'accuracy': 0.9711555169417897, 'f1_weighted': 0.975587541319899, 'macro': 0.6496588011981563, 'micro': 0.9711555169417897, 'binary': 0.3140495867768595, 'accuracy_majority': 0.9747444377630787, 'macro_majority': 0.6435701163502755, 'binary_majority': 0.3, 'run_time_millis': 4398.090176982805, 'loss_mean': 0.059882864356040955}
Device cuda
DATASET: GE'fear, MODEL: uid, 
Split type sit
DATASET: GE'fear, MODEL: uid, PERCENTAGE: False, NUM_COMMENTS_PER_ANNO: 77
Training Size: 17515, NTA labels 17243, YTA labels 272
Validation Size: 5755, NTA labels 5672, YTA labels 83
Test Size: 5626, NTA labels 5559, YTA labels 67
Training with SBERT, model name is sbert
Tokenizing the dataset
Number of training steps 5480
Epoch 0 **** Loss 0.02143939770758152 **** Metrics validation: {'accuracy': 0.817897480451781, 'f1_weighted': 0.8872109385591256, 'macro': 0.5081572033713092, 'micro': 0.817897480451781, 'binary': 0.11784511784511784, 'accuracy_majority': 0.8190018039687312, 'macro_majority': 0.49233630793914485, 'binary_majority': 0.0851063829787234, 'run_time_millis': 3433.2048419164494, 'loss_mean': 0.01912592723965645}
Epoch 1 **** Loss 0.006660845596343279 **** Metrics validation: {'accuracy': 0.9223284100781929, 'f1_weighted': 0.9484681449874799, 'macro': 0.589512424083291, 'micro': 0.9223284100781929, 'binary': 0.21989528795811517, 'accuracy_majority': 0.9242333132892363, 'macro_majority': 0.5710478046543621, 'binary_majority': 0.18181818181818182, 'run_time_millis': 4433.372538071126, 'loss_mean': 0.016021592542529106}
Epoch 2 **** Loss 0.0003472625103313476 **** Metrics validation: {'accuracy': 0.9596872284969592, 'f1_weighted': 0.9694086663476275, 'macro': 0.6381091776440614, 'micro': 0.9596872284969592, 'binary': 0.296969696969697, 'accuracy_majority': 0.9639206253758268, 'macro_majority': 0.6336035956640522, 'binary_majority': 0.2857142857142857, 'run_time_millis': 4482.6042749919, 'loss_mean': 0.031140582635998726}
Epoch 3 **** Loss 0.004579409956932068 **** Metrics validation: {'accuracy': 0.9454387489139878, 'f1_weighted': 0.9612185948041465, 'macro': 0.6084443600837598, 'micro': 0.9454387489139878, 'binary': 0.24519230769230768, 'accuracy_majority': 0.9482862297053518, 'macro_majority': 0.59572026232474, 'binary_majority': 0.2181818181818182, 'run_time_millis': 4415.685827028938, 'loss_mean': 0.030020978301763535}
Epoch 4 **** Loss 0.00011007070861523971 **** Metrics validation: {'accuracy': 0.950477845351868, 'f1_weighted': 0.9640752863630089, 'macro': 0.6170611411060849, 'micro': 0.950477845351868, 'binary': 0.25974025974025977, 'accuracy_majority': 0.9536981358989778, 'macro_majority': 0.599180525427814, 'binary_majority': 0.2222222222222222, 'run_time_millis': 4250.09325298015, 'loss_mean': 0.035191744565963745}
Epoch 5 **** Loss 7.835811993572861e-05 **** Metrics validation: {'accuracy': 0.9662901824500434, 'f1_weighted': 0.9727717143999614, 'macro': 0.637352435991716, 'micro': 0.9662901824500434, 'binary': 0.291970802919708, 'accuracy_majority': 0.9711365003006615, 'macro_majority': 0.6396923410248077, 'binary_majority': 0.29411764705882354, 'run_time_millis': 4449.734152061865, 'loss_mean': 0.0465192049741745}
Epoch 6 **** Loss 5.517325917026028e-05 **** Metrics validation: {'accuracy': 0.9685490877497828, 'f1_weighted': 0.9738351210937998, 'macro': 0.634253047993677, 'micro': 0.9685490877497828, 'binary': 0.2845849802371542, 'accuracy_majority': 0.9723391461214672, 'macro_majority': 0.633574110974862, 'binary_majority': 0.28125, 'run_time_millis': 3395.650098915212, 'loss_mean': 0.055459149181842804}
Epoch 7 **** Loss 3.148120595142245e-05 **** Metrics validation: {'accuracy': 0.9701129452649869, 'f1_weighted': 0.9747865131939807, 'macro': 0.6399073958202978, 'micro': 0.9701129452649869, 'binary': 0.29508196721311475, 'accuracy_majority': 0.973541791942273, 'macro_majority': 0.6265972647479078, 'binary_majority': 0.26666666666666666, 'run_time_millis': 3459.5396970398724, 'loss_mean': 0.060578443109989166}
Epoch 8 **** Loss 0.008883250877261162 **** Metrics validation: {'accuracy': 0.965768896611642, 'f1_weighted': 0.9723142135245103, 'macro': 0.6304284544028248, 'micro': 0.965768896611642, 'binary': 0.2783882783882784, 'accuracy_majority': 0.9675285628382442, 'macro_majority': 0.6167025199754148, 'binary_majority': 0.25, 'run_time_millis': 4437.2038709698245, 'loss_mean': 0.05710718780755997}
Epoch 9 **** Loss 0.018351387232542038 **** Metrics validation: {'accuracy': 0.9695916594265855, 'f1_weighted': 0.974547652772269, 'macro': 0.640824197241858, 'micro': 0.9695916594265855, 'binary': 0.29718875502008035, 'accuracy_majority': 0.9723391461214672, 'macro_majority': 0.6219856894370651, 'binary_majority': 0.25806451612903225, 'run_time_millis': 4440.695749013685, 'loss_mean': 0.05958399921655655}
Evaluating
{'accuracy': 0.9701129452649869, 'f1_weighted': 0.9747865131939807, 'macro': 0.6399073958202978, 'micro': 0.9701129452649869, 'binary': 0.29508196721311475, 'accuracy_majority': 0.973541791942273, 'macro_majority': 0.6265972647479078, 'binary_majority': 0.26666666666666666, 'run_time_millis': 4487.336324993521, 'loss_mean': 0.060578443109989166}
