______________________________	 Running Epoch 1 of 10 	______________________________
[Training] Itteration/Batch:   0/186: Loss: 0.66 | Accuracy: 0.62
[Training] Itteration/Batch:  25/186: Loss: 0.68 | Accuracy: 0.69
[Training] Itteration/Batch:  50/186: Loss: 0.71 | Accuracy: 0.69
[Training] Itteration/Batch:  75/186: Loss: 0.70 | Accuracy: 0.69
[Training] Itteration/Batch: 100/186: Loss: 0.56 | Accuracy: 0.88
[Training] Itteration/Batch: 125/186: Loss: 0.56 | Accuracy: 0.81
[Training] Itteration/Batch: 150/186: Loss: 0.68 | Accuracy: 0.69
[Training] Itteration/Batch: 175/186: Loss: 0.67 | Accuracy: 0.69

Epoch 1: Val Bin. F1 Majority 0.0 | Val Macro F1 Majority 0.41661613098847783 |             Val Bin F1 Individual 0.0 | Val Macro F1 Individual 0.4240297274979356 |             Val Accuracy Majority 0.7141371965408325 | Val Accuracy Individual 0.7362006902694702 | Training Loss:0.6678547859191895 |             Val Loss 0.6599385738372803 | Train Runtime Millis 12378.035327999896 | Val Runtime Millis 1714.8249950005265

______________________________	 Running Epoch 2 of 10 	______________________________
[Training] Itteration/Batch:   0/186: Loss: 0.58 | Accuracy: 0.81
[Training] Itteration/Batch:  25/186: Loss: 0.80 | Accuracy: 0.50
[Training] Itteration/Batch:  50/186: Loss: 0.55 | Accuracy: 0.88
[Training] Itteration/Batch:  75/186: Loss: 0.65 | Accuracy: 0.75
[Training] Itteration/Batch: 100/186: Loss: 0.53 | Accuracy: 0.81
[Training] Itteration/Batch: 125/186: Loss: 0.31 | Accuracy: 0.94
[Training] Itteration/Batch: 150/186: Loss: 0.71 | Accuracy: 0.69
[Training] Itteration/Batch: 175/186: Loss: 0.64 | Accuracy: 0.69

Epoch 2: Val Bin. F1 Majority 0.15197569131851196 | Val Macro F1 Majority 0.48852702689826677 |             Val Bin F1 Individual 0.15418502688407898 | Val Macro F1 Individual 0.4949007301912981 |             Val Accuracy Majority 0.709979236125946 | Val Accuracy Individual 0.7247312068939209 | Training Loss:0.6362158060073853 |             Val Loss 0.6702199578285217 | Train Runtime Millis 11826.997699001367 | Val Runtime Millis 1706.4665449997847

______________________________	 Running Epoch 3 of 10 	______________________________
[Training] Itteration/Batch:   0/186: Loss: 0.39 | Accuracy: 0.94
[Training] Itteration/Batch:  25/186: Loss: 0.66 | Accuracy: 0.75
[Training] Itteration/Batch:  50/186: Loss: 0.68 | Accuracy: 0.75
[Training] Itteration/Batch:  75/186: Loss: 0.45 | Accuracy: 0.94
[Training] Itteration/Batch: 100/186: Loss: 0.82 | Accuracy: 0.75
[Training] Itteration/Batch: 125/186: Loss: 0.60 | Accuracy: 0.62
[Training] Itteration/Batch: 150/186: Loss: 0.45 | Accuracy: 0.88
[Training] Itteration/Batch: 175/186: Loss: 0.32 | Accuracy: 0.94

Epoch 3: Val Bin. F1 Majority 0.3094688355922699 | Val Macro F1 Majority 0.554466134760836 |             Val Bin F1 Individual 0.2907916009426117 | Val Macro F1 Individual 0.5442903183318959 |             Val Accuracy Majority 0.6891891956329346 | Val Accuracy Individual 0.6853046417236328 | Training Loss:0.5108045935630798 |             Val Loss 0.7271201610565186 | Train Runtime Millis 11843.546193998918 | Val Runtime Millis 1706.457345999297

