Device cuda
Split type sit
Training Size: 21416, NTA labels 21076, YTA labels 340
Validation Size: 7021, NTA labels 6912, YTA labels 109
Test Size: 6938, NTA labels 6848, YTA labels 90
Training with SBERT, model name is sbert
Tokenizing the dataset
Number of training steps 6700
Epoch 0 **** Loss 0.01741882599890232 **** Metrics validation: {'accuracy': 0.9310639510041304, 'f1_weighted': 0.9526427485910723, 'macro': 0.6014452366677082, 'micro': 0.9310639510041304, 'binary': 0.23899371069182387, 'accuracy_majority': 0.9375959079283888, 'macro_majority': 0.6024833333333334, 'binary_majority': 0.2375, 'run_time_millis': 4907.682561999536, 'loss_mean': 0.01862151362001896}
Epoch 1 **** Loss 0.0033772336319088936 **** Metrics validation: {'accuracy': 0.9515738498789347, 'f1_weighted': 0.9645687449610574, 'macro': 0.6419254192541926, 'micro': 0.9515738498789347, 'binary': 0.3089430894308943, 'accuracy_majority': 0.9570332480818414, 'macro_majority': 0.644650059722679, 'binary_majority': 0.3114754098360656, 'run_time_millis': 4764.229250000426, 'loss_mean': 0.018203970044851303}
Epoch 2 **** Loss 0.001388447592034936 **** Metrics validation: {'accuracy': 0.9507192707591511, 'f1_weighted': 0.9640241117916245, 'macro': 0.6384383796192663, 'micro': 0.9507192707591511, 'binary': 0.3024193548387097, 'accuracy_majority': 0.9560102301790281, 'macro_majority': 0.6418681730654533, 'binary_majority': 0.3064516129032258, 'run_time_millis': 4773.029792999296, 'loss_mean': 0.02063518390059471}
Epoch 3 **** Loss 0.000984986312687397 **** Metrics validation: {'accuracy': 0.9575559037174192, 'f1_weighted': 0.9680920909532275, 'macro': 0.6564499963219067, 'micro': 0.9575559037174192, 'binary': 0.33482142857142855, 'accuracy_majority': 0.9626598465473146, 'macro_majority': 0.6615633796470859, 'binary_majority': 0.34234234234234234, 'run_time_millis': 4762.623374001123, 'loss_mean': 0.023835284635424614}
Epoch 4 **** Loss 0.00030691950814798474 **** Metrics validation: {'accuracy': 0.9709443099273608, 'f1_weighted': 0.9760278893910259, 'macro': 0.6925558312655087, 'micro': 0.9709443099273608, 'binary': 0.4, 'accuracy_majority': 0.9759590792838875, 'macro_majority': 0.7107268897906757, 'binary_majority': 0.4337349397590361, 'run_time_millis': 4769.7899419999885, 'loss_mean': 0.030601439997553825}
Epoch 5 **** Loss 0.034261398017406464 **** Metrics validation: {'accuracy': 0.9708018800740635, 'f1_weighted': 0.9758838416105439, 'macro': 0.6901600041504165, 'micro': 0.9708018800740635, 'binary': 0.39528023598820056, 'accuracy_majority': 0.9764705882352941, 'macro_majority': 0.7135038356653158, 'binary_majority': 0.4390243902439024, 'run_time_millis': 2737.7098189990647, 'loss_mean': 0.03515062481164932}
Epoch 6 **** Loss 0.0003106766380369663 **** Metrics validation: {'accuracy': 0.9733656174334141, 'f1_weighted': 0.9773723626709145, 'macro': 0.6963632095707568, 'micro': 0.9733656174334141, 'binary': 0.40634920634920635, 'accuracy_majority': 0.9790281329923274, 'macro_majority': 0.7213211647109952, 'binary_majority': 0.45333333333333325, 'run_time_millis': 4824.110949000897, 'loss_mean': 0.039566539227962494}
Epoch 7 **** Loss 0.003999007865786552 **** Metrics validation: {'accuracy': 0.9743626264064948, 'f1_weighted': 0.9778497214416993, 'macro': 0.6954365366262761, 'micro': 0.9743626264064948, 'binary': 0.40397350993377484, 'accuracy_majority': 0.981074168797954, 'macro_majority': 0.7346176564466245, 'binary_majority': 0.4788732394366197, 'run_time_millis': 4789.148728999862, 'loss_mean': 0.04043476656079292}
Epoch 8 **** Loss 0.014137081801891327 **** Metrics validation: {'accuracy': 0.9695200113943883, 'f1_weighted': 0.9750684362678294, 'macro': 0.6847150946215224, 'micro': 0.9695200113943883, 'binary': 0.38505747126436785, 'accuracy_majority': 0.9749360613810741, 'macro_majority': 0.705359477124183, 'binary_majority': 0.42352941176470593, 'run_time_millis': 4782.717886999308, 'loss_mean': 0.03894982486963272}
Epoch 9 **** Loss 0.023349281400442123 **** Metrics validation: {'accuracy': 0.9715140293405498, 'f1_weighted': 0.9762316751372921, 'macro': 0.6896768148226725, 'micro': 0.9715140293405496, 'binary': 0.3939393939393939, 'accuracy_majority': 0.978005115089514, 'macro_majority': 0.7222359895456452, 'binary_majority': 0.45569620253164556, 'run_time_millis': 4785.074709001492, 'loss_mean': 0.04095437005162239}
Evaluating
{'accuracy': 0.9743626264064948, 'f1_weighted': 0.9778497214416993, 'macro': 0.6954365366262761, 'micro': 0.9743626264064948, 'binary': 0.40397350993377484, 'accuracy_majority': 0.981074168797954, 'macro_majority': 0.7346176564466245, 'binary_majority': 0.4788732394366197, 'run_time_millis': 3278.2556069978455, 'loss_mean': 0.04043476656079292}
