______________________________	 Running Epoch 1 of 10 	______________________________
[Training] Itteration/Batch:   0/2176: Loss: 1.78 | Accuracy: 0.45
[Training] Itteration/Batch:  25/2176: Loss: 4.05 | Accuracy: 0.51
[Training] Itteration/Batch:  50/2176: Loss: 5.36 | Accuracy: 0.66
[Training] Itteration/Batch:  75/2176: Loss: 1.98 | Accuracy: 0.52
[Training] Itteration/Batch: 100/2176: Loss: 1.67 | Accuracy: 0.62
[Training] Itteration/Batch: 125/2176: Loss: 1.71 | Accuracy: 0.85
[Training] Itteration/Batch: 150/2176: Loss: 2.37 | Accuracy: 0.68
[Training] Itteration/Batch: 175/2176: Loss: 2.20 | Accuracy: 0.79
[Training] Itteration/Batch: 200/2176: Loss: 2.02 | Accuracy: 0.81
[Training] Itteration/Batch: 225/2176: Loss: 2.67 | Accuracy: 0.80
[Training] Itteration/Batch: 250/2176: Loss: 1.77 | Accuracy: 0.86
[Training] Itteration/Batch: 275/2176: Loss: 2.29 | Accuracy: 0.91
[Training] Itteration/Batch: 300/2176: Loss: 1.39 | Accuracy: 0.94
[Training] Itteration/Batch: 325/2176: Loss: 2.08 | Accuracy: 0.90
[Training] Itteration/Batch: 350/2176: Loss: 1.51 | Accuracy: 0.97
[Training] Itteration/Batch: 375/2176: Loss: 1.38 | Accuracy: 0.96
[Training] Itteration/Batch: 400/2176: Loss: 1.69 | Accuracy: 0.95
[Training] Itteration/Batch: 425/2176: Loss: 1.52 | Accuracy: 0.92
[Training] Itteration/Batch: 450/2176: Loss: 2.18 | Accuracy: 0.95
[Training] Itteration/Batch: 475/2176: Loss: 1.44 | Accuracy: 1.00
[Training] Itteration/Batch: 500/2176: Loss: 1.22 | Accuracy: 1.00
[Training] Itteration/Batch: 525/2176: Loss: 1.45 | Accuracy: 0.95
[Training] Itteration/Batch: 550/2176: Loss: 1.51 | Accuracy: 0.97
[Training] Itteration/Batch: 575/2176: Loss: 1.82 | Accuracy: 0.98
[Training] Itteration/Batch: 600/2176: Loss: 1.34 | Accuracy: 0.95
[Training] Itteration/Batch: 625/2176: Loss: 1.22 | Accuracy: 0.95
[Training] Itteration/Batch: 650/2176: Loss: 1.23 | Accuracy: 0.98
[Training] Itteration/Batch: 675/2176: Loss: 1.38 | Accuracy: 0.95
[Training] Itteration/Batch: 700/2176: Loss: 3.67 | Accuracy: 0.96
[Training] Itteration/Batch: 725/2176: Loss: 1.07 | Accuracy: 0.98
[Training] Itteration/Batch: 750/2176: Loss: 1.21 | Accuracy: 1.00
[Training] Itteration/Batch: 775/2176: Loss: 1.73 | Accuracy: 0.98
[Training] Itteration/Batch: 800/2176: Loss: 1.95 | Accuracy: 0.98
[Training] Itteration/Batch: 825/2176: Loss: 3.23 | Accuracy: 0.95
[Training] Itteration/Batch: 850/2176: Loss: 1.06 | Accuracy: 1.00
[Training] Itteration/Batch: 875/2176: Loss: 1.87 | Accuracy: 0.97
[Training] Itteration/Batch: 900/2176: Loss: 2.25 | Accuracy: 0.97
[Training] Itteration/Batch: 925/2176: Loss: 1.28 | Accuracy: 0.98
[Training] Itteration/Batch: 950/2176: Loss: 1.35 | Accuracy: 0.97
[Training] Itteration/Batch: 975/2176: Loss: 1.02 | Accuracy: 0.98
[Training] Itteration/Batch: 1000/2176: Loss: 1.32 | Accuracy: 0.98
[Training] Itteration/Batch: 1025/2176: Loss: 2.37 | Accuracy: 0.97
[Training] Itteration/Batch: 1050/2176: Loss: 2.90 | Accuracy: 0.95
[Training] Itteration/Batch: 1075/2176: Loss: 6.91 | Accuracy: 0.89
[Training] Itteration/Batch: 1100/2176: Loss: 1.90 | Accuracy: 0.94
[Training] Itteration/Batch: 1125/2176: Loss: 1.05 | Accuracy: 1.00
[Training] Itteration/Batch: 1150/2176: Loss: 1.07 | Accuracy: 1.00
[Training] Itteration/Batch: 1175/2176: Loss: 2.24 | Accuracy: 0.95
[Training] Itteration/Batch: 1200/2176: Loss: 1.41 | Accuracy: 0.98
[Training] Itteration/Batch: 1225/2176: Loss: 1.54 | Accuracy: 0.98
[Training] Itteration/Batch: 1250/2176: Loss: 3.40 | Accuracy: 0.92
[Training] Itteration/Batch: 1275/2176: Loss: 1.03 | Accuracy: 1.00
[Training] Itteration/Batch: 1300/2176: Loss: 1.01 | Accuracy: 1.00
[Training] Itteration/Batch: 1325/2176: Loss: 5.51 | Accuracy: 0.93
[Training] Itteration/Batch: 1350/2176: Loss: 3.02 | Accuracy: 0.95
[Training] Itteration/Batch: 1375/2176: Loss: 2.30 | Accuracy: 0.96
[Training] Itteration/Batch: 1400/2176: Loss: 1.34 | Accuracy: 0.98
[Training] Itteration/Batch: 1425/2176: Loss: 2.42 | Accuracy: 0.97
[Training] Itteration/Batch: 1450/2176: Loss: 4.01 | Accuracy: 0.89
[Training] Itteration/Batch: 1475/2176: Loss: 0.80 | Accuracy: 1.00
[Training] Itteration/Batch: 1500/2176: Loss: 1.00 | Accuracy: 1.00
[Training] Itteration/Batch: 1525/2176: Loss: 0.98 | Accuracy: 1.00
[Training] Itteration/Batch: 1550/2176: Loss: 1.47 | Accuracy: 0.98
[Training] Itteration/Batch: 1575/2176: Loss: 1.29 | Accuracy: 0.98
[Training] Itteration/Batch: 1600/2176: Loss: 1.35 | Accuracy: 0.98
[Training] Itteration/Batch: 1625/2176: Loss: 0.98 | Accuracy: 1.00
[Training] Itteration/Batch: 1650/2176: Loss: 1.89 | Accuracy: 0.98
[Training] Itteration/Batch: 1675/2176: Loss: 1.17 | Accuracy: 0.98
[Training] Itteration/Batch: 1700/2176: Loss: 0.96 | Accuracy: 0.98
[Training] Itteration/Batch: 1725/2176: Loss: 1.44 | Accuracy: 0.98
[Training] Itteration/Batch: 1750/2176: Loss: 1.60 | Accuracy: 0.93
[Training] Itteration/Batch: 1775/2176: Loss: 0.91 | Accuracy: 1.00
[Training] Itteration/Batch: 1800/2176: Loss: 1.13 | Accuracy: 0.95
[Training] Itteration/Batch: 1825/2176: Loss: 3.12 | Accuracy: 0.96
[Training] Itteration/Batch: 1850/2176: Loss: 1.37 | Accuracy: 0.97
[Training] Itteration/Batch: 1875/2176: Loss: 1.85 | Accuracy: 0.98
[Training] Itteration/Batch: 1900/2176: Loss: 1.83 | Accuracy: 0.93
[Training] Itteration/Batch: 1925/2176: Loss: 1.63 | Accuracy: 0.91
[Training] Itteration/Batch: 1950/2176: Loss: 2.46 | Accuracy: 0.91
[Training] Itteration/Batch: 1975/2176: Loss: 1.83 | Accuracy: 0.89
[Training] Itteration/Batch: 2000/2176: Loss: 1.36 | Accuracy: 0.92
[Training] Itteration/Batch: 2025/2176: Loss: 1.93 | Accuracy: 0.93
[Training] Itteration/Batch: 2050/2176: Loss: 1.36 | Accuracy: 0.89
[Training] Itteration/Batch: 2075/2176: Loss: 0.94 | Accuracy: 0.91
[Training] Itteration/Batch: 2100/2176: Loss: 1.31 | Accuracy: 0.98
[Training] Itteration/Batch: 2125/2176: Loss: 1.78 | Accuracy: 0.98
[Training] Itteration/Batch: 2150/2176: Loss: 1.01 | Accuracy: 0.89
[Training] Itteration/Batch: 2175/2176: Loss: 1.59 | Accuracy: 0.78

Epoch 1: Val Bin. F1 Majority 0.28410688042640686 | Val Macro F1 Majority 0.6307388146323128 |             Val Bin F1 Individual 0.27174249291419983 | Val Macro F1 Individual 0.6212721184001033 |             Val Accuracy Majority 0.9561282396316528 | Val Accuracy Individual 0.943854570388794 | Training Loss:2.0680949687957764 |             Val Loss 1.668350100517273 | Train Runtime Millis 262472.0744929946 | Val Runtime Millis 50350.24959799921

______________________________	 Running Epoch 2 of 10 	______________________________
[Training] Itteration/Batch:   0/2176: Loss: 0.75 | Accuracy: 1.00
[Training] Itteration/Batch:  25/2176: Loss: 1.47 | Accuracy: 0.95
[Training] Itteration/Batch:  50/2176: Loss: 0.72 | Accuracy: 1.00
[Training] Itteration/Batch:  75/2176: Loss: 0.93 | Accuracy: 0.91
[Training] Itteration/Batch: 100/2176: Loss: 1.12 | Accuracy: 0.98
[Training] Itteration/Batch: 125/2176: Loss: 2.99 | Accuracy: 0.95
[Training] Itteration/Batch: 150/2176: Loss: 1.49 | Accuracy: 0.96
[Training] Itteration/Batch: 175/2176: Loss: 2.06 | Accuracy: 0.98
[Training] Itteration/Batch: 200/2176: Loss: 1.16 | Accuracy: 0.98
[Training] Itteration/Batch: 225/2176: Loss: 2.82 | Accuracy: 0.91
[Training] Itteration/Batch: 250/2176: Loss: 1.42 | Accuracy: 0.93
[Training] Itteration/Batch: 275/2176: Loss: 1.51 | Accuracy: 0.94
[Training] Itteration/Batch: 300/2176: Loss: 4.05 | Accuracy: 0.83
[Training] Itteration/Batch: 325/2176: Loss: 3.17 | Accuracy: 0.92
[Training] Itteration/Batch: 350/2176: Loss: 0.69 | Accuracy: 1.00
[Training] Itteration/Batch: 375/2176: Loss: 2.10 | Accuracy: 0.95
[Training] Itteration/Batch: 400/2176: Loss: 1.22 | Accuracy: 0.96
[Training] Itteration/Batch: 425/2176: Loss: 2.76 | Accuracy: 0.89
[Training] Itteration/Batch: 450/2176: Loss: 1.10 | Accuracy: 0.93
[Training] Itteration/Batch: 475/2176: Loss: 2.53 | Accuracy: 0.96
[Training] Itteration/Batch: 500/2176: Loss: 2.57 | Accuracy: 0.90
[Training] Itteration/Batch: 525/2176: Loss: 1.06 | Accuracy: 0.98
[Training] Itteration/Batch: 550/2176: Loss: 1.08 | Accuracy: 0.98
[Training] Itteration/Batch: 575/2176: Loss: 4.34 | Accuracy: 0.98
[Training] Itteration/Batch: 600/2176: Loss: 1.55 | Accuracy: 0.95
[Training] Itteration/Batch: 625/2176: Loss: 1.56 | Accuracy: 0.84
[Training] Itteration/Batch: 650/2176: Loss: 1.12 | Accuracy: 0.88
[Training] Itteration/Batch: 675/2176: Loss: 1.37 | Accuracy: 0.89
[Training] Itteration/Batch: 700/2176: Loss: 3.05 | Accuracy: 0.95
[Training] Itteration/Batch: 725/2176: Loss: 2.16 | Accuracy: 0.93
[Training] Itteration/Batch: 750/2176: Loss: 0.69 | Accuracy: 1.00
[Training] Itteration/Batch: 775/2176: Loss: 0.60 | Accuracy: 1.00
[Training] Itteration/Batch: 800/2176: Loss: 2.69 | Accuracy: 0.95
[Training] Itteration/Batch: 825/2176: Loss: 3.62 | Accuracy: 0.87
[Training] Itteration/Batch: 850/2176: Loss: 0.58 | Accuracy: 1.00
[Training] Itteration/Batch: 875/2176: Loss: 1.20 | Accuracy: 0.91
[Training] Itteration/Batch: 900/2176: Loss: 0.56 | Accuracy: 1.00
[Training] Itteration/Batch: 925/2176: Loss: 0.79 | Accuracy: 0.98
[Training] Itteration/Batch: 950/2176: Loss: 1.65 | Accuracy: 0.83
[Training] Itteration/Batch: 975/2176: Loss: 1.73 | Accuracy: 0.90
[Training] Itteration/Batch: 1000/2176: Loss: 1.20 | Accuracy: 0.92
[Training] Itteration/Batch: 1025/2176: Loss: 2.48 | Accuracy: 0.94
[Training] Itteration/Batch: 1050/2176: Loss: 0.62 | Accuracy: 1.00
[Training] Itteration/Batch: 1075/2176: Loss: 1.33 | Accuracy: 0.97
[Training] Itteration/Batch: 1100/2176: Loss: 0.81 | Accuracy: 0.98
[Training] Itteration/Batch: 1125/2176: Loss: 0.79 | Accuracy: 0.97
[Training] Itteration/Batch: 1150/2176: Loss: 0.55 | Accuracy: 0.98
[Training] Itteration/Batch: 1175/2176: Loss: 1.24 | Accuracy: 0.81
[Training] Itteration/Batch: 1200/2176: Loss: 0.69 | Accuracy: 0.93
[Training] Itteration/Batch: 1225/2176: Loss: 0.88 | Accuracy: 0.95
[Training] Itteration/Batch: 1250/2176: Loss: 2.70 | Accuracy: 0.92
[Training] Itteration/Batch: 1275/2176: Loss: 2.26 | Accuracy: 0.91
[Training] Itteration/Batch: 1300/2176: Loss: 1.28 | Accuracy: 0.89
[Training] Itteration/Batch: 1325/2176: Loss: 0.76 | Accuracy: 0.92
[Training] Itteration/Batch: 1350/2176: Loss: 0.55 | Accuracy: 1.00
[Training] Itteration/Batch: 1375/2176: Loss: 0.90 | Accuracy: 0.88
[Training] Itteration/Batch: 1400/2176: Loss: 0.75 | Accuracy: 0.94
[Training] Itteration/Batch: 1425/2176: Loss: 1.06 | Accuracy: 0.93
[Training] Itteration/Batch: 1450/2176: Loss: 1.44 | Accuracy: 0.98
[Training] Itteration/Batch: 1475/2176: Loss: 0.50 | Accuracy: 0.96
[Training] Itteration/Batch: 1500/2176: Loss: 1.51 | Accuracy: 0.83
[Training] Itteration/Batch: 1525/2176: Loss: 1.30 | Accuracy: 0.85
[Training] Itteration/Batch: 1550/2176: Loss: 2.41 | Accuracy: 0.95
[Training] Itteration/Batch: 1575/2176: Loss: 0.47 | Accuracy: 1.00
[Training] Itteration/Batch: 1600/2176: Loss: 0.51 | Accuracy: 1.00
[Training] Itteration/Batch: 1625/2176: Loss: 1.08 | Accuracy: 0.98
[Training] Itteration/Batch: 1650/2176: Loss: 0.64 | Accuracy: 0.95
[Training] Itteration/Batch: 1675/2176: Loss: 0.85 | Accuracy: 0.98
[Training] Itteration/Batch: 1700/2176: Loss: 0.63 | Accuracy: 0.96
[Training] Itteration/Batch: 1725/2176: Loss: 1.73 | Accuracy: 0.98
[Training] Itteration/Batch: 1750/2176: Loss: 0.56 | Accuracy: 1.00
[Training] Itteration/Batch: 1775/2176: Loss: 0.90 | Accuracy: 0.95
[Training] Itteration/Batch: 1800/2176: Loss: 0.70 | Accuracy: 0.99
[Training] Itteration/Batch: 1825/2176: Loss: 0.98 | Accuracy: 0.93
[Training] Itteration/Batch: 1850/2176: Loss: 1.57 | Accuracy: 0.87
[Training] Itteration/Batch: 1875/2176: Loss: 0.99 | Accuracy: 0.92
[Training] Itteration/Batch: 1900/2176: Loss: 0.81 | Accuracy: 0.92
[Training] Itteration/Batch: 1925/2176: Loss: 2.49 | Accuracy: 0.87
[Training] Itteration/Batch: 1950/2176: Loss: 0.92 | Accuracy: 0.89
[Training] Itteration/Batch: 1975/2176: Loss: 1.83 | Accuracy: 0.91
[Training] Itteration/Batch: 2000/2176: Loss: 0.55 | Accuracy: 0.96
[Training] Itteration/Batch: 2025/2176: Loss: 0.66 | Accuracy: 1.00
[Training] Itteration/Batch: 2050/2176: Loss: 0.64 | Accuracy: 1.00
[Training] Itteration/Batch: 2075/2176: Loss: 0.53 | Accuracy: 1.00
[Training] Itteration/Batch: 2100/2176: Loss: 0.66 | Accuracy: 0.95
[Training] Itteration/Batch: 2125/2176: Loss: 1.70 | Accuracy: 0.97
[Training] Itteration/Batch: 2150/2176: Loss: 0.46 | Accuracy: 1.00
[Training] Itteration/Batch: 2175/2176: Loss: 1.69 | Accuracy: 0.81

Epoch 2: Val Bin. F1 Majority 0.3079056739807129 | Val Macro F1 Majority 0.6428555697777016 |             Val Bin F1 Individual 0.3002088963985443 | Val Macro F1 Individual 0.6355332557594624 |             Val Accuracy Majority 0.9569901823997498 | Val Accuracy Individual 0.9440454244613647 | Training Loss:1.4343955516815186 |             Val Loss 1.3865737915039062 | Train Runtime Millis 263565.7391440036 | Val Runtime Millis 50183.8287280043

______________________________	 Running Epoch 3 of 10 	______________________________
[Training] Itteration/Batch:   0/2176: Loss: 2.06 | Accuracy: 0.96
[Training] Itteration/Batch:  25/2176: Loss: 0.60 | Accuracy: 1.00
[Training] Itteration/Batch:  50/2176: Loss: 1.47 | Accuracy: 0.92
[Training] Itteration/Batch:  75/2176: Loss: 1.30 | Accuracy: 0.97
[Training] Itteration/Batch: 100/2176: Loss: 2.39 | Accuracy: 0.97
[Training] Itteration/Batch: 125/2176: Loss: 1.29 | Accuracy: 0.96
[Training] Itteration/Batch: 150/2176: Loss: 0.44 | Accuracy: 1.00
[Training] Itteration/Batch: 175/2176: Loss: 1.15 | Accuracy: 0.98
[Training] Itteration/Batch: 200/2176: Loss: 1.20 | Accuracy: 0.92
[Training] Itteration/Batch: 225/2176: Loss: 1.67 | Accuracy: 0.81
[Training] Itteration/Batch: 250/2176: Loss: 0.84 | Accuracy: 0.91
[Training] Itteration/Batch: 275/2176: Loss: 0.60 | Accuracy: 1.00
[Training] Itteration/Batch: 300/2176: Loss: 0.99 | Accuracy: 0.97
[Training] Itteration/Batch: 325/2176: Loss: 1.38 | Accuracy: 0.98
[Training] Itteration/Batch: 350/2176: Loss: 2.61 | Accuracy: 0.91
[Training] Itteration/Batch: 375/2176: Loss: 0.54 | Accuracy: 0.98
[Training] Itteration/Batch: 400/2176: Loss: 0.54 | Accuracy: 0.98
[Training] Itteration/Batch: 425/2176: Loss: 0.35 | Accuracy: 1.00
[Training] Itteration/Batch: 450/2176: Loss: 2.63 | Accuracy: 0.77
[Training] Itteration/Batch: 475/2176: Loss: 0.37 | Accuracy: 1.00
[Training] Itteration/Batch: 500/2176: Loss: 0.44 | Accuracy: 1.00
[Training] Itteration/Batch: 525/2176: Loss: 0.37 | Accuracy: 1.00
[Training] Itteration/Batch: 550/2176: Loss: 1.29 | Accuracy: 0.92
[Training] Itteration/Batch: 575/2176: Loss: 0.77 | Accuracy: 1.00
[Training] Itteration/Batch: 600/2176: Loss: 1.72 | Accuracy: 0.98
[Training] Itteration/Batch: 625/2176: Loss: 0.76 | Accuracy: 0.96
[Training] Itteration/Batch: 650/2176: Loss: 0.37 | Accuracy: 1.00
[Training] Itteration/Batch: 675/2176: Loss: 1.71 | Accuracy: 0.90
[Training] Itteration/Batch: 700/2176: Loss: 1.43 | Accuracy: 0.86
[Training] Itteration/Batch: 725/2176: Loss: 0.46 | Accuracy: 1.00
[Training] Itteration/Batch: 750/2176: Loss: 1.19 | Accuracy: 0.90
[Training] Itteration/Batch: 775/2176: Loss: 1.65 | Accuracy: 0.98
[Training] Itteration/Batch: 800/2176: Loss: 0.68 | Accuracy: 0.97
[Training] Itteration/Batch: 825/2176: Loss: 0.63 | Accuracy: 0.98
[Training] Itteration/Batch: 850/2176: Loss: 0.47 | Accuracy: 1.00
[Training] Itteration/Batch: 875/2176: Loss: 2.02 | Accuracy: 0.85
[Training] Itteration/Batch: 900/2176: Loss: 0.32 | Accuracy: 1.00
[Training] Itteration/Batch: 925/2176: Loss: 2.03 | Accuracy: 0.97
[Training] Itteration/Batch: 950/2176: Loss: 1.74 | Accuracy: 0.93
[Training] Itteration/Batch: 975/2176: Loss: 1.00 | Accuracy: 0.86
[Training] Itteration/Batch: 1000/2176: Loss: 0.37 | Accuracy: 1.00
[Training] Itteration/Batch: 1025/2176: Loss: 0.99 | Accuracy: 0.93
[Training] Itteration/Batch: 1050/2176: Loss: 0.44 | Accuracy: 1.00
[Training] Itteration/Batch: 1075/2176: Loss: 1.89 | Accuracy: 0.96
[Training] Itteration/Batch: 1100/2176: Loss: 1.03 | Accuracy: 0.94
[Training] Itteration/Batch: 1125/2176: Loss: 2.02 | Accuracy: 0.96
[Training] Itteration/Batch: 1150/2176: Loss: 0.82 | Accuracy: 1.00
[Training] Itteration/Batch: 1175/2176: Loss: 0.57 | Accuracy: 0.98
[Training] Itteration/Batch: 1200/2176: Loss: 1.13 | Accuracy: 0.92
[Training] Itteration/Batch: 1225/2176: Loss: 1.68 | Accuracy: 0.89
[Training] Itteration/Batch: 1250/2176: Loss: 0.37 | Accuracy: 1.00
[Training] Itteration/Batch: 1275/2176: Loss: 0.51 | Accuracy: 0.96
[Training] Itteration/Batch: 1300/2176: Loss: 3.23 | Accuracy: 0.90
[Training] Itteration/Batch: 1325/2176: Loss: 4.08 | Accuracy: 0.97
[Training] Itteration/Batch: 1350/2176: Loss: 1.74 | Accuracy: 0.82
[Training] Itteration/Batch: 1375/2176: Loss: 1.23 | Accuracy: 0.90
[Training] Itteration/Batch: 1400/2176: Loss: 1.07 | Accuracy: 0.91
[Training] Itteration/Batch: 1425/2176: Loss: 1.76 | Accuracy: 0.97
[Training] Itteration/Batch: 1450/2176: Loss: 1.12 | Accuracy: 0.98
[Training] Itteration/Batch: 1475/2176: Loss: 0.39 | Accuracy: 1.00
[Training] Itteration/Batch: 1500/2176: Loss: 0.60 | Accuracy: 0.98
[Training] Itteration/Batch: 1525/2176: Loss: 0.40 | Accuracy: 1.00
[Training] Itteration/Batch: 1550/2176: Loss: 0.48 | Accuracy: 1.00
[Training] Itteration/Batch: 1575/2176: Loss: 0.83 | Accuracy: 0.93
[Training] Itteration/Batch: 1600/2176: Loss: 0.45 | Accuracy: 1.00
[Training] Itteration/Batch: 1625/2176: Loss: 0.99 | Accuracy: 0.96
[Training] Itteration/Batch: 1650/2176: Loss: 0.74 | Accuracy: 0.93
[Training] Itteration/Batch: 1675/2176: Loss: 0.91 | Accuracy: 0.93
[Training] Itteration/Batch: 1700/2176: Loss: 0.39 | Accuracy: 1.00
[Training] Itteration/Batch: 1725/2176: Loss: 2.29 | Accuracy: 0.93
[Training] Itteration/Batch: 1750/2176: Loss: 1.01 | Accuracy: 0.96
[Training] Itteration/Batch: 1775/2176: Loss: 0.91 | Accuracy: 1.00
[Training] Itteration/Batch: 1800/2176: Loss: 0.33 | Accuracy: 1.00
[Training] Itteration/Batch: 1825/2176: Loss: 1.36 | Accuracy: 0.92
[Training] Itteration/Batch: 1850/2176: Loss: 0.62 | Accuracy: 0.98
[Training] Itteration/Batch: 1875/2176: Loss: 1.18 | Accuracy: 0.95
[Training] Itteration/Batch: 1900/2176: Loss: 0.89 | Accuracy: 0.94
[Training] Itteration/Batch: 1925/2176: Loss: 0.39 | Accuracy: 1.00
[Training] Itteration/Batch: 1950/2176: Loss: 1.43 | Accuracy: 0.95
[Training] Itteration/Batch: 1975/2176: Loss: 0.77 | Accuracy: 0.91
[Training] Itteration/Batch: 2000/2176: Loss: 2.12 | Accuracy: 0.97
[Training] Itteration/Batch: 2025/2176: Loss: 1.78 | Accuracy: 0.97
[Training] Itteration/Batch: 2050/2176: Loss: 1.35 | Accuracy: 0.98
[Training] Itteration/Batch: 2075/2176: Loss: 3.87 | Accuracy: 0.88
[Training] Itteration/Batch: 2100/2176: Loss: 1.51 | Accuracy: 0.91
[Training] Itteration/Batch: 2125/2176: Loss: 0.90 | Accuracy: 0.98
[Training] Itteration/Batch: 2150/2176: Loss: 2.09 | Accuracy: 0.97
[Training] Itteration/Batch: 2175/2176: Loss: 0.43 | Accuracy: 1.00

Epoch 3: Val Bin. F1 Majority 0.2662266194820404 | Val Macro F1 Majority 0.618154800454255 |             Val Bin F1 Individual 0.29992789030075073 | Val Macro F1 Individual 0.6316793055560973 |             Val Accuracy Majority 0.9425098896026611 | Val Accuracy Individual 0.9304922819137573 | Training Loss:1.1541452407836914 |             Val Loss 1.2940289974212646 | Train Runtime Millis 264251.0695950041 | Val Runtime Millis 50264.92606400279

______________________________	 Running Epoch 4 of 10 	______________________________
[Training] Itteration/Batch:   0/2176: Loss: 0.72 | Accuracy: 0.93
[Training] Itteration/Batch:  25/2176: Loss: 0.30 | Accuracy: 1.00
[Training] Itteration/Batch:  50/2176: Loss: 0.59 | Accuracy: 1.00
[Training] Itteration/Batch:  75/2176: Loss: 0.86 | Accuracy: 0.95
[Training] Itteration/Batch: 100/2176: Loss: 2.98 | Accuracy: 0.94
[Training] Itteration/Batch: 125/2176: Loss: 1.45 | Accuracy: 0.95
[Training] Itteration/Batch: 150/2176: Loss: 0.30 | Accuracy: 1.00
[Training] Itteration/Batch: 175/2176: Loss: 0.85 | Accuracy: 0.93
[Training] Itteration/Batch: 200/2176: Loss: 0.31 | Accuracy: 1.00
[Training] Itteration/Batch: 225/2176: Loss: 0.67 | Accuracy: 0.98
[Training] Itteration/Batch: 250/2176: Loss: 0.72 | Accuracy: 0.93
[Training] Itteration/Batch: 275/2176: Loss: 2.87 | Accuracy: 0.92
[Training] Itteration/Batch: 300/2176: Loss: 0.96 | Accuracy: 0.93
[Training] Itteration/Batch: 325/2176: Loss: 1.26 | Accuracy: 0.92
[Training] Itteration/Batch: 350/2176: Loss: 0.35 | Accuracy: 1.00
[Training] Itteration/Batch: 375/2176: Loss: 1.28 | Accuracy: 0.90
[Training] Itteration/Batch: 400/2176: Loss: 0.26 | Accuracy: 1.00
[Training] Itteration/Batch: 425/2176: Loss: 0.54 | Accuracy: 0.97
[Training] Itteration/Batch: 450/2176: Loss: 0.72 | Accuracy: 0.92
[Training] Itteration/Batch: 475/2176: Loss: 0.44 | Accuracy: 1.00
[Training] Itteration/Batch: 500/2176: Loss: 0.76 | Accuracy: 0.91
[Training] Itteration/Batch: 525/2176: Loss: 0.82 | Accuracy: 0.90
[Training] Itteration/Batch: 550/2176: Loss: 0.60 | Accuracy: 0.95
[Training] Itteration/Batch: 575/2176: Loss: 0.69 | Accuracy: 0.92
[Training] Itteration/Batch: 600/2176: Loss: 0.34 | Accuracy: 1.00
[Training] Itteration/Batch: 625/2176: Loss: 0.37 | Accuracy: 1.00
[Training] Itteration/Batch: 650/2176: Loss: 0.86 | Accuracy: 0.93
[Training] Itteration/Batch: 675/2176: Loss: 0.63 | Accuracy: 1.00
[Training] Itteration/Batch: 700/2176: Loss: 0.61 | Accuracy: 1.00
[Training] Itteration/Batch: 725/2176: Loss: 0.61 | Accuracy: 0.95
[Training] Itteration/Batch: 750/2176: Loss: 1.01 | Accuracy: 0.95
[Training] Itteration/Batch: 775/2176: Loss: 0.30 | Accuracy: 1.00
[Training] Itteration/Batch: 800/2176: Loss: 0.40 | Accuracy: 1.00
[Training] Itteration/Batch: 825/2176: Loss: 1.17 | Accuracy: 0.91
[Training] Itteration/Batch: 850/2176: Loss: 1.89 | Accuracy: 0.98
[Training] Itteration/Batch: 875/2176: Loss: 1.19 | Accuracy: 0.93
[Training] Itteration/Batch: 900/2176: Loss: 0.53 | Accuracy: 0.94
[Training] Itteration/Batch: 925/2176: Loss: 1.92 | Accuracy: 0.72
[Training] Itteration/Batch: 950/2176: Loss: 1.09 | Accuracy: 0.95
[Training] Itteration/Batch: 975/2176: Loss: 0.44 | Accuracy: 0.98
[Training] Itteration/Batch: 1000/2176: Loss: 0.37 | Accuracy: 1.00
[Training] Itteration/Batch: 1025/2176: Loss: 0.54 | Accuracy: 0.97
[Training] Itteration/Batch: 1050/2176: Loss: 3.25 | Accuracy: 0.90
[Training] Itteration/Batch: 1075/2176: Loss: 0.91 | Accuracy: 0.87
[Training] Itteration/Batch: 1100/2176: Loss: 0.87 | Accuracy: 0.93
[Training] Itteration/Batch: 1125/2176: Loss: 1.25 | Accuracy: 0.85
[Training] Itteration/Batch: 1150/2176: Loss: 1.68 | Accuracy: 0.85
[Training] Itteration/Batch: 1175/2176: Loss: 0.95 | Accuracy: 0.98
[Training] Itteration/Batch: 1200/2176: Loss: 0.35 | Accuracy: 1.00
[Training] Itteration/Batch: 1225/2176: Loss: 1.25 | Accuracy: 0.97
[Training] Itteration/Batch: 1250/2176: Loss: 0.66 | Accuracy: 0.90
[Training] Itteration/Batch: 1275/2176: Loss: 0.33 | Accuracy: 1.00
[Training] Itteration/Batch: 1300/2176: Loss: 1.08 | Accuracy: 0.86
[Training] Itteration/Batch: 1325/2176: Loss: 1.02 | Accuracy: 0.92
[Training] Itteration/Batch: 1350/2176: Loss: 0.35 | Accuracy: 1.00
[Training] Itteration/Batch: 1375/2176: Loss: 0.54 | Accuracy: 0.90
[Training] Itteration/Batch: 1400/2176: Loss: 0.37 | Accuracy: 1.00
[Training] Itteration/Batch: 1425/2176: Loss: 1.07 | Accuracy: 0.97
[Training] Itteration/Batch: 1450/2176: Loss: 0.50 | Accuracy: 0.98
[Training] Itteration/Batch: 1475/2176: Loss: 0.42 | Accuracy: 1.00
[Training] Itteration/Batch: 1500/2176: Loss: 0.50 | Accuracy: 0.95
[Training] Itteration/Batch: 1525/2176: Loss: 1.73 | Accuracy: 0.93
[Training] Itteration/Batch: 1550/2176: Loss: 0.81 | Accuracy: 0.98
[Training] Itteration/Batch: 1575/2176: Loss: 1.82 | Accuracy: 0.94
[Training] Itteration/Batch: 1600/2176: Loss: 0.78 | Accuracy: 0.89
[Training] Itteration/Batch: 1625/2176: Loss: 1.80 | Accuracy: 0.95
[Training] Itteration/Batch: 1650/2176: Loss: 1.60 | Accuracy: 0.97
[Training] Itteration/Batch: 1675/2176: Loss: 0.89 | Accuracy: 0.90
[Training] Itteration/Batch: 1700/2176: Loss: 0.46 | Accuracy: 1.00
[Training] Itteration/Batch: 1725/2176: Loss: 0.44 | Accuracy: 0.98
[Training] Itteration/Batch: 1750/2176: Loss: 1.01 | Accuracy: 0.88
[Training] Itteration/Batch: 1775/2176: Loss: 0.75 | Accuracy: 0.95
[Training] Itteration/Batch: 1800/2176: Loss: 0.40 | Accuracy: 1.00
[Training] Itteration/Batch: 1825/2176: Loss: 1.44 | Accuracy: 0.98
[Training] Itteration/Batch: 1850/2176: Loss: 0.69 | Accuracy: 0.97
[Training] Itteration/Batch: 1875/2176: Loss: 0.77 | Accuracy: 0.98
[Training] Itteration/Batch: 1900/2176: Loss: 0.90 | Accuracy: 0.97
[Training] Itteration/Batch: 1925/2176: Loss: 2.34 | Accuracy: 0.90
[Training] Itteration/Batch: 1950/2176: Loss: 0.74 | Accuracy: 0.95
[Training] Itteration/Batch: 1975/2176: Loss: 0.36 | Accuracy: 1.00
[Training] Itteration/Batch: 2000/2176: Loss: 0.25 | Accuracy: 1.00
[Training] Itteration/Batch: 2025/2176: Loss: 0.52 | Accuracy: 0.95
[Training] Itteration/Batch: 2050/2176: Loss: 1.56 | Accuracy: 0.96
[Training] Itteration/Batch: 2075/2176: Loss: 0.37 | Accuracy: 1.00
[Training] Itteration/Batch: 2100/2176: Loss: 0.34 | Accuracy: 1.00
[Training] Itteration/Batch: 2125/2176: Loss: 0.69 | Accuracy: 0.91
[Training] Itteration/Batch: 2150/2176: Loss: 0.60 | Accuracy: 0.93
[Training] Itteration/Batch: 2175/2176: Loss: 0.22 | Accuracy: 1.00

Epoch 4: Val Bin. F1 Majority 0.3421516716480255 | Val Macro F1 Majority 0.662837113529932 |             Val Bin F1 Individual 0.3251231610774994 | Val Macro F1 Individual 0.6507185611402954 |             Val Accuracy Majority 0.967850387096405 | Val Accuracy Individual 0.9542341828346252 | Training Loss:0.9868569374084473 |             Val Loss 1.3720288276672363 | Train Runtime Millis 263814.9414069994 | Val Runtime Millis 50477.52929600392

______________________________	 Running Epoch 5 of 10 	______________________________
[Training] Itteration/Batch:   0/2176: Loss: 0.40 | Accuracy: 0.94
[Training] Itteration/Batch:  25/2176: Loss: 1.69 | Accuracy: 0.99
[Training] Itteration/Batch:  50/2176: Loss: 0.67 | Accuracy: 0.92
[Training] Itteration/Batch:  75/2176: Loss: 0.72 | Accuracy: 0.98
[Training] Itteration/Batch: 100/2176: Loss: 0.59 | Accuracy: 0.94
[Training] Itteration/Batch: 125/2176: Loss: 0.28 | Accuracy: 1.00
[Training] Itteration/Batch: 150/2176: Loss: 0.68 | Accuracy: 0.96
[Training] Itteration/Batch: 175/2176: Loss: 0.27 | Accuracy: 1.00
[Training] Itteration/Batch: 200/2176: Loss: 0.68 | Accuracy: 0.95
[Training] Itteration/Batch: 225/2176: Loss: 1.24 | Accuracy: 0.93
[Training] Itteration/Batch: 250/2176: Loss: 0.52 | Accuracy: 0.98
[Training] Itteration/Batch: 275/2176: Loss: 0.29 | Accuracy: 1.00
[Training] Itteration/Batch: 300/2176: Loss: 0.63 | Accuracy: 0.96
[Training] Itteration/Batch: 325/2176: Loss: 1.39 | Accuracy: 0.92
[Training] Itteration/Batch: 350/2176: Loss: 0.27 | Accuracy: 1.00
[Training] Itteration/Batch: 375/2176: Loss: 1.40 | Accuracy: 0.97
[Training] Itteration/Batch: 400/2176: Loss: 0.65 | Accuracy: 0.95
[Training] Itteration/Batch: 425/2176: Loss: 0.87 | Accuracy: 0.94
[Training] Itteration/Batch: 450/2176: Loss: 1.49 | Accuracy: 0.95
[Training] Itteration/Batch: 475/2176: Loss: 0.61 | Accuracy: 0.91
[Training] Itteration/Batch: 500/2176: Loss: 0.24 | Accuracy: 1.00
[Training] Itteration/Batch: 525/2176: Loss: 0.36 | Accuracy: 1.00
[Training] Itteration/Batch: 550/2176: Loss: 0.77 | Accuracy: 0.97
[Training] Itteration/Batch: 575/2176: Loss: 0.55 | Accuracy: 0.95
[Training] Itteration/Batch: 600/2176: Loss: 0.37 | Accuracy: 1.00
[Training] Itteration/Batch: 625/2176: Loss: 0.19 | Accuracy: 1.00
[Training] Itteration/Batch: 650/2176: Loss: 0.88 | Accuracy: 0.93
[Training] Itteration/Batch: 675/2176: Loss: 0.26 | Accuracy: 1.00
[Training] Itteration/Batch: 700/2176: Loss: 0.95 | Accuracy: 0.94
[Training] Itteration/Batch: 725/2176: Loss: 0.32 | Accuracy: 1.00
[Training] Itteration/Batch: 750/2176: Loss: 0.31 | Accuracy: 1.00
[Training] Itteration/Batch: 775/2176: Loss: 1.17 | Accuracy: 0.90
[Training] Itteration/Batch: 800/2176: Loss: 0.94 | Accuracy: 0.83
[Training] Itteration/Batch: 825/2176: Loss: 0.61 | Accuracy: 0.98
[Training] Itteration/Batch: 850/2176: Loss: 0.60 | Accuracy: 0.94
[Training] Itteration/Batch: 875/2176: Loss: 2.38 | Accuracy: 0.93
[Training] Itteration/Batch: 900/2176: Loss: 0.23 | Accuracy: 1.00
[Training] Itteration/Batch: 925/2176: Loss: 0.89 | Accuracy: 0.87
[Training] Itteration/Batch: 950/2176: Loss: 0.72 | Accuracy: 0.90
[Training] Itteration/Batch: 975/2176: Loss: 0.85 | Accuracy: 0.97
[Training] Itteration/Batch: 1000/2176: Loss: 0.22 | Accuracy: 1.00
[Training] Itteration/Batch: 1025/2176: Loss: 0.70 | Accuracy: 0.98
[Training] Itteration/Batch: 1050/2176: Loss: 0.31 | Accuracy: 0.98
[Training] Itteration/Batch: 1075/2176: Loss: 0.72 | Accuracy: 0.92
[Training] Itteration/Batch: 1100/2176: Loss: 0.59 | Accuracy: 0.96
[Training] Itteration/Batch: 1125/2176: Loss: 1.01 | Accuracy: 0.96
[Training] Itteration/Batch: 1150/2176: Loss: 1.11 | Accuracy: 0.83
[Training] Itteration/Batch: 1175/2176: Loss: 1.57 | Accuracy: 0.97
[Training] Itteration/Batch: 1200/2176: Loss: 0.45 | Accuracy: 0.98
[Training] Itteration/Batch: 1225/2176: Loss: 0.57 | Accuracy: 1.00
[Training] Itteration/Batch: 1250/2176: Loss: 0.70 | Accuracy: 0.97
[Training] Itteration/Batch: 1275/2176: Loss: 0.26 | Accuracy: 1.00
[Training] Itteration/Batch: 1300/2176: Loss: 2.65 | Accuracy: 0.85
[Training] Itteration/Batch: 1325/2176: Loss: 1.15 | Accuracy: 0.91
[Training] Itteration/Batch: 1350/2176: Loss: 0.43 | Accuracy: 0.97
[Training] Itteration/Batch: 1375/2176: Loss: 0.54 | Accuracy: 0.98
[Training] Itteration/Batch: 1400/2176: Loss: 0.19 | Accuracy: 1.00
[Training] Itteration/Batch: 1425/2176: Loss: 0.64 | Accuracy: 0.98
[Training] Itteration/Batch: 1450/2176: Loss: 0.21 | Accuracy: 1.00
[Training] Itteration/Batch: 1475/2176: Loss: 3.29 | Accuracy: 0.98
[Training] Itteration/Batch: 1500/2176: Loss: 0.64 | Accuracy: 0.92
[Training] Itteration/Batch: 1525/2176: Loss: 0.91 | Accuracy: 0.88
[Training] Itteration/Batch: 1550/2176: Loss: 0.67 | Accuracy: 0.91
[Training] Itteration/Batch: 1575/2176: Loss: 1.08 | Accuracy: 0.90
[Training] Itteration/Batch: 1600/2176: Loss: 0.33 | Accuracy: 1.00
[Training] Itteration/Batch: 1625/2176: Loss: 2.24 | Accuracy: 0.93
[Training] Itteration/Batch: 1650/2176: Loss: 0.40 | Accuracy: 1.00
[Training] Itteration/Batch: 1675/2176: Loss: 0.58 | Accuracy: 0.97
[Training] Itteration/Batch: 1700/2176: Loss: 0.55 | Accuracy: 0.96
[Training] Itteration/Batch: 1725/2176: Loss: 0.88 | Accuracy: 0.98
[Training] Itteration/Batch: 1750/2176: Loss: 1.14 | Accuracy: 0.97
[Training] Itteration/Batch: 1775/2176: Loss: 1.58 | Accuracy: 0.76
[Training] Itteration/Batch: 1800/2176: Loss: 0.87 | Accuracy: 0.91
[Training] Itteration/Batch: 1825/2176: Loss: 0.23 | Accuracy: 1.00
[Training] Itteration/Batch: 1850/2176: Loss: 1.24 | Accuracy: 0.94
[Training] Itteration/Batch: 1875/2176: Loss: 0.69 | Accuracy: 0.95
[Training] Itteration/Batch: 1900/2176: Loss: 1.15 | Accuracy: 0.95
[Training] Itteration/Batch: 1925/2176: Loss: 1.31 | Accuracy: 0.94
[Training] Itteration/Batch: 1950/2176: Loss: 0.96 | Accuracy: 0.92
[Training] Itteration/Batch: 1975/2176: Loss: 0.23 | Accuracy: 1.00
[Training] Itteration/Batch: 2000/2176: Loss: 1.19 | Accuracy: 0.93
[Training] Itteration/Batch: 2025/2176: Loss: 0.24 | Accuracy: 1.00
[Training] Itteration/Batch: 2050/2176: Loss: 0.26 | Accuracy: 1.00
[Training] Itteration/Batch: 2075/2176: Loss: 0.46 | Accuracy: 0.97
[Training] Itteration/Batch: 2100/2176: Loss: 0.78 | Accuracy: 0.93
[Training] Itteration/Batch: 2125/2176: Loss: 0.65 | Accuracy: 0.96
[Training] Itteration/Batch: 2150/2176: Loss: 0.43 | Accuracy: 0.97
[Training] Itteration/Batch: 2175/2176: Loss: 0.24 | Accuracy: 1.00

Epoch 5: Val Bin. F1 Majority 0.35650622844696045 | Val Macro F1 Majority 0.670281560890527 |             Val Bin F1 Individual 0.3356117606163025 | Val Macro F1 Individual 0.6557898569703783 |             Val Accuracy Majority 0.9688846468925476 | Val Accuracy Individual 0.9536137580871582 | Training Loss:0.8570847511291504 |             Val Loss 1.3459129333496094 | Train Runtime Millis 263745.9841630043 | Val Runtime Millis 50460.85441399919

______________________________	 Running Epoch 1 of 10 	______________________________
[Training] Itteration/Batch:   0/2176: Loss: 2.32 | Accuracy: 0.42
[Training] Itteration/Batch:  25/2176: Loss: 3.47 | Accuracy: 0.42
[Training] Itteration/Batch:  50/2176: Loss: 1.92 | Accuracy: 0.60
[Training] Itteration/Batch:  75/2176: Loss: 2.34 | Accuracy: 0.59
[Training] Itteration/Batch: 100/2176: Loss: 1.95 | Accuracy: 0.71
[Training] Itteration/Batch: 125/2176: Loss: 2.86 | Accuracy: 0.59
[Training] Itteration/Batch: 150/2176: Loss: 2.57 | Accuracy: 0.65
[Training] Itteration/Batch: 175/2176: Loss: 2.34 | Accuracy: 0.80
[Training] Itteration/Batch: 200/2176: Loss: 1.90 | Accuracy: 0.82
[Training] Itteration/Batch: 225/2176: Loss: 2.70 | Accuracy: 0.79
[Training] Itteration/Batch: 250/2176: Loss: 1.65 | Accuracy: 0.84
[Training] Itteration/Batch: 275/2176: Loss: 1.26 | Accuracy: 0.94
[Training] Itteration/Batch: 300/2176: Loss: 1.32 | Accuracy: 0.90
[Training] Itteration/Batch: 325/2176: Loss: 3.05 | Accuracy: 0.75
[Training] Itteration/Batch: 350/2176: Loss: 5.33 | Accuracy: 0.93
[Training] Itteration/Batch: 375/2176: Loss: 1.14 | Accuracy: 0.96
[Training] Itteration/Batch: 400/2176: Loss: 2.92 | Accuracy: 0.96
[Training] Itteration/Batch: 425/2176: Loss: 2.86 | Accuracy: 0.84
[Training] Itteration/Batch: 450/2176: Loss: 2.58 | Accuracy: 0.89
[Training] Itteration/Batch: 475/2176: Loss: 1.41 | Accuracy: 0.97
[Training] Itteration/Batch: 500/2176: Loss: 1.39 | Accuracy: 0.98
[Training] Itteration/Batch: 525/2176: Loss: 5.06 | Accuracy: 0.87
[Training] Itteration/Batch: 550/2176: Loss: 1.18 | Accuracy: 1.00
[Training] Itteration/Batch: 575/2176: Loss: 1.80 | Accuracy: 0.98
[Training] Itteration/Batch: 600/2176: Loss: 2.48 | Accuracy: 0.95
[Training] Itteration/Batch: 625/2176: Loss: 12.70 | Accuracy: 0.89
[Training] Itteration/Batch: 650/2176: Loss: 2.31 | Accuracy: 0.98
[Training] Itteration/Batch: 675/2176: Loss: 1.30 | Accuracy: 0.97
[Training] Itteration/Batch: 700/2176: Loss: 1.11 | Accuracy: 1.00
[Training] Itteration/Batch: 725/2176: Loss: 1.86 | Accuracy: 0.96
[Training] Itteration/Batch: 750/2176: Loss: 1.06 | Accuracy: 0.98
[Training] Itteration/Batch: 775/2176: Loss: 1.32 | Accuracy: 0.97
[Training] Itteration/Batch: 800/2176: Loss: 2.61 | Accuracy: 0.96
[Training] Itteration/Batch: 825/2176: Loss: 3.55 | Accuracy: 0.95
[Training] Itteration/Batch: 850/2176: Loss: 2.02 | Accuracy: 0.96
[Training] Itteration/Batch: 875/2176: Loss: 1.22 | Accuracy: 1.00
[Training] Itteration/Batch: 900/2176: Loss: 1.96 | Accuracy: 0.97
[Training] Itteration/Batch: 925/2176: Loss: 1.42 | Accuracy: 0.98
[Training] Itteration/Batch: 950/2176: Loss: 1.48 | Accuracy: 0.98
[Training] Itteration/Batch: 975/2176: Loss: 1.24 | Accuracy: 1.00
[Training] Itteration/Batch: 1000/2176: Loss: 2.04 | Accuracy: 0.98
[Training] Itteration/Batch: 1025/2176: Loss: 1.43 | Accuracy: 0.98
[Training] Itteration/Batch: 1050/2176: Loss: 2.09 | Accuracy: 0.96
[Training] Itteration/Batch: 1075/2176: Loss: 2.38 | Accuracy: 0.95
[Training] Itteration/Batch: 1100/2176: Loss: 3.36 | Accuracy: 0.93
[Training] Itteration/Batch: 1125/2176: Loss: 0.99 | Accuracy: 1.00
[Training] Itteration/Batch: 1150/2176: Loss: 1.29 | Accuracy: 0.97
[Training] Itteration/Batch: 1175/2176: Loss: 2.76 | Accuracy: 0.96
[Training] Itteration/Batch: 1200/2176: Loss: 2.35 | Accuracy: 0.93
[Training] Itteration/Batch: 1225/2176: Loss: 0.87 | Accuracy: 1.00
[Training] Itteration/Batch: 1250/2176: Loss: 1.02 | Accuracy: 1.00
[Training] Itteration/Batch: 1275/2176: Loss: 2.34 | Accuracy: 0.95
[Training] Itteration/Batch: 1300/2176: Loss: 1.75 | Accuracy: 0.98
[Training] Itteration/Batch: 1325/2176: Loss: 0.91 | Accuracy: 1.00
[Training] Itteration/Batch: 1350/2176: Loss: 3.01 | Accuracy: 0.97
[Training] Itteration/Batch: 1375/2176: Loss: 1.50 | Accuracy: 0.96
[Training] Itteration/Batch: 1400/2176: Loss: 3.40 | Accuracy: 0.95
[Training] Itteration/Batch: 1425/2176: Loss: 1.76 | Accuracy: 0.98
[Training] Itteration/Batch: 1450/2176: Loss: 1.50 | Accuracy: 0.98
[Training] Itteration/Batch: 1475/2176: Loss: 4.12 | Accuracy: 0.97
[Training] Itteration/Batch: 1500/2176: Loss: 2.54 | Accuracy: 0.97
[Training] Itteration/Batch: 1525/2176: Loss: 1.81 | Accuracy: 0.95
[Training] Itteration/Batch: 1550/2176: Loss: 2.85 | Accuracy: 0.96
[Training] Itteration/Batch: 1575/2176: Loss: 1.36 | Accuracy: 0.98
[Training] Itteration/Batch: 1600/2176: Loss: 1.67 | Accuracy: 0.97
[Training] Itteration/Batch: 1625/2176: Loss: 3.27 | Accuracy: 0.93
[Training] Itteration/Batch: 1650/2176: Loss: 0.82 | Accuracy: 1.00
[Training] Itteration/Batch: 1675/2176: Loss: 1.91 | Accuracy: 0.89
[Training] Itteration/Batch: 1700/2176: Loss: 0.80 | Accuracy: 1.00
[Training] Itteration/Batch: 1725/2176: Loss: 1.54 | Accuracy: 0.95
[Training] Itteration/Batch: 1750/2176: Loss: 1.73 | Accuracy: 0.92
[Training] Itteration/Batch: 1775/2176: Loss: 1.18 | Accuracy: 0.86
[Training] Itteration/Batch: 1800/2176: Loss: 0.69 | Accuracy: 1.00
[Training] Itteration/Batch: 1825/2176: Loss: 0.73 | Accuracy: 1.00
[Training] Itteration/Batch: 1850/2176: Loss: 1.00 | Accuracy: 0.95
[Training] Itteration/Batch: 1875/2176: Loss: 1.96 | Accuracy: 0.95
[Training] Itteration/Batch: 1900/2176: Loss: 2.12 | Accuracy: 0.95
[Training] Itteration/Batch: 1925/2176: Loss: 2.76 | Accuracy: 0.93
[Training] Itteration/Batch: 1950/2176: Loss: 9.34 | Accuracy: 0.89
[Training] Itteration/Batch: 1975/2176: Loss: 2.05 | Accuracy: 0.97
[Training] Itteration/Batch: 2000/2176: Loss: 0.84 | Accuracy: 1.00
[Training] Itteration/Batch: 2025/2176: Loss: 2.00 | Accuracy: 0.96
[Training] Itteration/Batch: 2050/2176: Loss: 1.76 | Accuracy: 0.87
[Training] Itteration/Batch: 2075/2176: Loss: 1.24 | Accuracy: 0.98
[Training] Itteration/Batch: 2100/2176: Loss: 1.40 | Accuracy: 0.97
[Training] Itteration/Batch: 2125/2176: Loss: 1.88 | Accuracy: 0.96
[Training] Itteration/Batch: 2150/2176: Loss: 0.78 | Accuracy: 0.94
[Training] Itteration/Batch: 2175/2176: Loss: 0.47 | Accuracy: 1.00

Epoch 1: Val Bin. F1 Majority 0.31971579790115356 | Val Macro F1 Majority 0.651399797111184 |             Val Bin F1 Individual 0.30149051547050476 | Val Macro F1 Individual 0.6380554019519961 |             Val Accuracy Majority 0.9669884443283081 | Val Accuracy Individual 0.9510202407836914 | Training Loss:1.9765586853027344 |             Val Loss 1.5511060953140259 | Train Runtime Millis 268484.8403939977 | Val Runtime Millis 51900.169982996886

______________________________	 Running Epoch 2 of 10 	______________________________
[Training] Itteration/Batch:   0/2176: Loss: 1.09 | Accuracy: 0.98
[Training] Itteration/Batch:  25/2176: Loss: 1.28 | Accuracy: 0.97
[Training] Itteration/Batch:  50/2176: Loss: 1.54 | Accuracy: 0.94
[Training] Itteration/Batch:  75/2176: Loss: 0.97 | Accuracy: 0.97
[Training] Itteration/Batch: 100/2176: Loss: 1.96 | Accuracy: 0.92
[Training] Itteration/Batch: 125/2176: Loss: 0.59 | Accuracy: 1.00
[Training] Itteration/Batch: 150/2176: Loss: 3.65 | Accuracy: 0.89
[Training] Itteration/Batch: 175/2176: Loss: 1.08 | Accuracy: 0.93
[Training] Itteration/Batch: 200/2176: Loss: 1.34 | Accuracy: 0.89
[Training] Itteration/Batch: 225/2176: Loss: 1.06 | Accuracy: 0.90
[Training] Itteration/Batch: 250/2176: Loss: 0.68 | Accuracy: 1.00
[Training] Itteration/Batch: 275/2176: Loss: 1.32 | Accuracy: 0.92
[Training] Itteration/Batch: 300/2176: Loss: 0.98 | Accuracy: 0.89
[Training] Itteration/Batch: 325/2176: Loss: 0.86 | Accuracy: 0.91
[Training] Itteration/Batch: 350/2176: Loss: 1.49 | Accuracy: 0.96
[Training] Itteration/Batch: 375/2176: Loss: 1.98 | Accuracy: 0.96
[Training] Itteration/Batch: 400/2176: Loss: 0.81 | Accuracy: 0.96
[Training] Itteration/Batch: 425/2176: Loss: 3.63 | Accuracy: 0.82
[Training] Itteration/Batch: 450/2176: Loss: 0.56 | Accuracy: 1.00
[Training] Itteration/Batch: 475/2176: Loss: 2.48 | Accuracy: 0.95
[Training] Itteration/Batch: 500/2176: Loss: 0.87 | Accuracy: 0.97
[Training] Itteration/Batch: 525/2176: Loss: 0.92 | Accuracy: 0.98
[Training] Itteration/Batch: 550/2176: Loss: 1.34 | Accuracy: 1.00
[Training] Itteration/Batch: 575/2176: Loss: 1.85 | Accuracy: 0.93
[Training] Itteration/Batch: 600/2176: Loss: 1.13 | Accuracy: 0.86
[Training] Itteration/Batch: 625/2176: Loss: 2.11 | Accuracy: 0.87
[Training] Itteration/Batch: 650/2176: Loss: 1.55 | Accuracy: 0.90
[Training] Itteration/Batch: 675/2176: Loss: 0.72 | Accuracy: 0.96
[Training] Itteration/Batch: 700/2176: Loss: 0.62 | Accuracy: 1.00
[Training] Itteration/Batch: 725/2176: Loss: 1.81 | Accuracy: 0.88
[Training] Itteration/Batch: 750/2176: Loss: 1.00 | Accuracy: 0.95
[Training] Itteration/Batch: 775/2176: Loss: 0.88 | Accuracy: 1.00
[Training] Itteration/Batch: 800/2176: Loss: 2.61 | Accuracy: 0.91
[Training] Itteration/Batch: 825/2176: Loss: 0.77 | Accuracy: 0.98
[Training] Itteration/Batch: 850/2176: Loss: 1.55 | Accuracy: 0.93
[Training] Itteration/Batch: 875/2176: Loss: 1.54 | Accuracy: 0.97
[Training] Itteration/Batch: 900/2176: Loss: 1.03 | Accuracy: 0.98
[Training] Itteration/Batch: 925/2176: Loss: 0.86 | Accuracy: 0.94
[Training] Itteration/Batch: 950/2176: Loss: 1.67 | Accuracy: 0.91
[Training] Itteration/Batch: 975/2176: Loss: 3.61 | Accuracy: 0.98
[Training] Itteration/Batch: 1000/2176: Loss: 3.31 | Accuracy: 0.88
[Training] Itteration/Batch: 1025/2176: Loss: 1.98 | Accuracy: 0.97
[Training] Itteration/Batch: 1050/2176: Loss: 2.06 | Accuracy: 0.95
[Training] Itteration/Batch: 1075/2176: Loss: 2.14 | Accuracy: 0.95
[Training] Itteration/Batch: 1100/2176: Loss: 0.55 | Accuracy: 1.00
[Training] Itteration/Batch: 1125/2176: Loss: 1.98 | Accuracy: 0.84
[Training] Itteration/Batch: 1150/2176: Loss: 1.01 | Accuracy: 0.98
[Training] Itteration/Batch: 1175/2176: Loss: 0.64 | Accuracy: 0.95
[Training] Itteration/Batch: 1200/2176: Loss: 0.52 | Accuracy: 1.00
[Training] Itteration/Batch: 1225/2176: Loss: 1.92 | Accuracy: 0.95
[Training] Itteration/Batch: 1250/2176: Loss: 0.57 | Accuracy: 1.00
[Training] Itteration/Batch: 1275/2176: Loss: 0.57 | Accuracy: 0.98
[Training] Itteration/Batch: 1300/2176: Loss: 2.59 | Accuracy: 0.91
[Training] Itteration/Batch: 1325/2176: Loss: 0.87 | Accuracy: 0.93
[Training] Itteration/Batch: 1350/2176: Loss: 2.34 | Accuracy: 0.97
[Training] Itteration/Batch: 1375/2176: Loss: 0.95 | Accuracy: 0.98
[Training] Itteration/Batch: 1400/2176: Loss: 1.06 | Accuracy: 0.96
[Training] Itteration/Batch: 1425/2176: Loss: 1.08 | Accuracy: 0.87
[Training] Itteration/Batch: 1450/2176: Loss: 2.50 | Accuracy: 0.97
[Training] Itteration/Batch: 1475/2176: Loss: 1.49 | Accuracy: 0.90
[Training] Itteration/Batch: 1500/2176: Loss: 1.13 | Accuracy: 0.96
[Training] Itteration/Batch: 1525/2176: Loss: 1.55 | Accuracy: 0.95
[Training] Itteration/Batch: 1550/2176: Loss: 0.74 | Accuracy: 0.91
[Training] Itteration/Batch: 1575/2176: Loss: 2.79 | Accuracy: 0.95
[Training] Itteration/Batch: 1600/2176: Loss: 0.98 | Accuracy: 0.94
[Training] Itteration/Batch: 1625/2176: Loss: 0.69 | Accuracy: 0.98
[Training] Itteration/Batch: 1650/2176: Loss: 0.83 | Accuracy: 0.93
[Training] Itteration/Batch: 1675/2176: Loss: 1.75 | Accuracy: 0.92
[Training] Itteration/Batch: 1700/2176: Loss: 1.45 | Accuracy: 0.95
[Training] Itteration/Batch: 1725/2176: Loss: 3.03 | Accuracy: 0.85
[Training] Itteration/Batch: 1750/2176: Loss: 1.09 | Accuracy: 0.87
[Training] Itteration/Batch: 1775/2176: Loss: 1.01 | Accuracy: 0.98
[Training] Itteration/Batch: 1800/2176: Loss: 1.68 | Accuracy: 0.94
[Training] Itteration/Batch: 1825/2176: Loss: 2.19 | Accuracy: 0.93
[Training] Itteration/Batch: 1850/2176: Loss: 2.41 | Accuracy: 0.91
[Training] Itteration/Batch: 1875/2176: Loss: 1.50 | Accuracy: 0.98
[Training] Itteration/Batch: 1900/2176: Loss: 0.46 | Accuracy: 1.00
[Training] Itteration/Batch: 1925/2176: Loss: 1.51 | Accuracy: 0.92
[Training] Itteration/Batch: 1950/2176: Loss: 0.75 | Accuracy: 1.00
[Training] Itteration/Batch: 1975/2176: Loss: 0.78 | Accuracy: 0.96
[Training] Itteration/Batch: 2000/2176: Loss: 0.61 | Accuracy: 0.98
[Training] Itteration/Batch: 2025/2176: Loss: 0.59 | Accuracy: 0.95
[Training] Itteration/Batch: 2050/2176: Loss: 0.39 | Accuracy: 1.00
[Training] Itteration/Batch: 2075/2176: Loss: 2.32 | Accuracy: 0.90
[Training] Itteration/Batch: 2100/2176: Loss: 2.00 | Accuracy: 0.88
[Training] Itteration/Batch: 2125/2176: Loss: 0.43 | Accuracy: 1.00
[Training] Itteration/Batch: 2150/2176: Loss: 1.35 | Accuracy: 0.98
[Training] Itteration/Batch: 2175/2176: Loss: 0.62 | Accuracy: 1.00

Epoch 2: Val Bin. F1 Majority 0.32459017634391785 | Val Macro F1 Majority 0.6531776171535457 |             Val Bin F1 Individual 0.31691649556159973 | Val Macro F1 Individual 0.6446622006658598 |             Val Accuracy Majority 0.9644888639450073 | Val Accuracy Individual 0.9469583630561829 | Training Loss:1.3644895553588867 |             Val Loss 1.3663477897644043 | Train Runtime Millis 269487.61300800106 | Val Runtime Millis 51934.19102400367

______________________________	 Running Epoch 3 of 10 	______________________________
[Training] Itteration/Batch:   0/2176: Loss: 0.95 | Accuracy: 0.97
[Training] Itteration/Batch:  25/2176: Loss: 0.43 | Accuracy: 1.00
[Training] Itteration/Batch:  50/2176: Loss: 0.83 | Accuracy: 0.98
[Training] Itteration/Batch:  75/2176: Loss: 0.93 | Accuracy: 0.98
[Training] Itteration/Batch: 100/2176: Loss: 1.10 | Accuracy: 0.90
[Training] Itteration/Batch: 125/2176: Loss: 0.62 | Accuracy: 0.95
[Training] Itteration/Batch: 150/2176: Loss: 2.29 | Accuracy: 0.91
[Training] Itteration/Batch: 175/2176: Loss: 0.58 | Accuracy: 0.96
[Training] Itteration/Batch: 200/2176: Loss: 1.33 | Accuracy: 0.86
[Training] Itteration/Batch: 225/2176: Loss: 1.00 | Accuracy: 0.93
[Training] Itteration/Batch: 250/2176: Loss: 0.41 | Accuracy: 1.00
[Training] Itteration/Batch: 275/2176: Loss: 0.91 | Accuracy: 0.98
[Training] Itteration/Batch: 300/2176: Loss: 1.31 | Accuracy: 0.84
[Training] Itteration/Batch: 325/2176: Loss: 1.00 | Accuracy: 0.98
[Training] Itteration/Batch: 350/2176: Loss: 2.03 | Accuracy: 0.98
[Training] Itteration/Batch: 375/2176: Loss: 0.44 | Accuracy: 1.00
[Training] Itteration/Batch: 400/2176: Loss: 1.59 | Accuracy: 0.96
[Training] Itteration/Batch: 425/2176: Loss: 0.63 | Accuracy: 0.98
[Training] Itteration/Batch: 450/2176: Loss: 2.11 | Accuracy: 0.98
[Training] Itteration/Batch: 475/2176: Loss: 1.14 | Accuracy: 0.98
[Training] Itteration/Batch: 500/2176: Loss: 2.14 | Accuracy: 0.98
[Training] Itteration/Batch: 525/2176: Loss: 0.56 | Accuracy: 0.95
[Training] Itteration/Batch: 550/2176: Loss: 2.79 | Accuracy: 0.93
[Training] Itteration/Batch: 575/2176: Loss: 0.73 | Accuracy: 0.95
[Training] Itteration/Batch: 600/2176: Loss: 1.99 | Accuracy: 0.96
[Training] Itteration/Batch: 625/2176: Loss: 3.37 | Accuracy: 0.87
[Training] Itteration/Batch: 650/2176: Loss: 0.50 | Accuracy: 0.97
[Training] Itteration/Batch: 675/2176: Loss: 0.82 | Accuracy: 0.91
[Training] Itteration/Batch: 700/2176: Loss: 2.34 | Accuracy: 0.97
[Training] Itteration/Batch: 725/2176: Loss: 0.65 | Accuracy: 0.93
[Training] Itteration/Batch: 750/2176: Loss: 5.62 | Accuracy: 0.93
[Training] Itteration/Batch: 775/2176: Loss: 0.84 | Accuracy: 0.97
[Training] Itteration/Batch: 800/2176: Loss: 0.45 | Accuracy: 1.00
[Training] Itteration/Batch: 825/2176: Loss: 0.90 | Accuracy: 0.98
[Training] Itteration/Batch: 850/2176: Loss: 2.91 | Accuracy: 0.92
[Training] Itteration/Batch: 875/2176: Loss: 0.35 | Accuracy: 1.00
[Training] Itteration/Batch: 900/2176: Loss: 0.78 | Accuracy: 0.91
[Training] Itteration/Batch: 925/2176: Loss: 0.44 | Accuracy: 1.00
[Training] Itteration/Batch: 950/2176: Loss: 0.84 | Accuracy: 0.93
[Training] Itteration/Batch: 975/2176: Loss: 2.59 | Accuracy: 0.90
[Training] Itteration/Batch: 1000/2176: Loss: 0.39 | Accuracy: 1.00
[Training] Itteration/Batch: 1025/2176: Loss: 1.07 | Accuracy: 0.96
[Training] Itteration/Batch: 1050/2176: Loss: 0.70 | Accuracy: 0.96
[Training] Itteration/Batch: 1075/2176: Loss: 1.63 | Accuracy: 0.85
[Training] Itteration/Batch: 1100/2176: Loss: 0.90 | Accuracy: 0.97
[Training] Itteration/Batch: 1125/2176: Loss: 0.81 | Accuracy: 0.95
[Training] Itteration/Batch: 1150/2176: Loss: 0.84 | Accuracy: 0.97
[Training] Itteration/Batch: 1175/2176: Loss: 0.87 | Accuracy: 0.92
[Training] Itteration/Batch: 1200/2176: Loss: 0.48 | Accuracy: 1.00
[Training] Itteration/Batch: 1225/2176: Loss: 0.95 | Accuracy: 0.98
[Training] Itteration/Batch: 1250/2176: Loss: 2.54 | Accuracy: 0.95
[Training] Itteration/Batch: 1275/2176: Loss: 1.04 | Accuracy: 0.98
[Training] Itteration/Batch: 1300/2176: Loss: 0.84 | Accuracy: 0.98
[Training] Itteration/Batch: 1325/2176: Loss: 0.79 | Accuracy: 0.98
[Training] Itteration/Batch: 1350/2176: Loss: 1.86 | Accuracy: 0.88
[Training] Itteration/Batch: 1375/2176: Loss: 1.49 | Accuracy: 0.98
[Training] Itteration/Batch: 1400/2176: Loss: 2.86 | Accuracy: 0.93
[Training] Itteration/Batch: 1425/2176: Loss: 1.30 | Accuracy: 0.88
[Training] Itteration/Batch: 1450/2176: Loss: 1.22 | Accuracy: 0.97
[Training] Itteration/Batch: 1475/2176: Loss: 0.63 | Accuracy: 0.98
[Training] Itteration/Batch: 1500/2176: Loss: 0.67 | Accuracy: 0.95
[Training] Itteration/Batch: 1525/2176: Loss: 0.49 | Accuracy: 0.96
[Training] Itteration/Batch: 1550/2176: Loss: 0.78 | Accuracy: 0.88
[Training] Itteration/Batch: 1575/2176: Loss: 0.69 | Accuracy: 0.94
[Training] Itteration/Batch: 1600/2176: Loss: 1.25 | Accuracy: 0.98
[Training] Itteration/Batch: 1625/2176: Loss: 0.79 | Accuracy: 0.95
[Training] Itteration/Batch: 1650/2176: Loss: 1.64 | Accuracy: 0.99
[Training] Itteration/Batch: 1675/2176: Loss: 1.53 | Accuracy: 0.88
[Training] Itteration/Batch: 1700/2176: Loss: 1.04 | Accuracy: 0.91
[Training] Itteration/Batch: 1725/2176: Loss: 0.49 | Accuracy: 1.00
[Training] Itteration/Batch: 1750/2176: Loss: 3.69 | Accuracy: 0.88
[Training] Itteration/Batch: 1775/2176: Loss: 1.23 | Accuracy: 0.98
[Training] Itteration/Batch: 1800/2176: Loss: 0.38 | Accuracy: 1.00
[Training] Itteration/Batch: 1825/2176: Loss: 0.37 | Accuracy: 1.00
[Training] Itteration/Batch: 1850/2176: Loss: 0.38 | Accuracy: 1.00
[Training] Itteration/Batch: 1875/2176: Loss: 1.06 | Accuracy: 0.98
[Training] Itteration/Batch: 1900/2176: Loss: 1.15 | Accuracy: 0.95
[Training] Itteration/Batch: 1925/2176: Loss: 0.66 | Accuracy: 0.98
[Training] Itteration/Batch: 1950/2176: Loss: 1.72 | Accuracy: 0.98
[Training] Itteration/Batch: 1975/2176: Loss: 1.09 | Accuracy: 0.89
[Training] Itteration/Batch: 2000/2176: Loss: 0.84 | Accuracy: 0.96
[Training] Itteration/Batch: 2025/2176: Loss: 3.05 | Accuracy: 0.78
[Training] Itteration/Batch: 2050/2176: Loss: 0.50 | Accuracy: 0.98
[Training] Itteration/Batch: 2075/2176: Loss: 2.06 | Accuracy: 0.94
[Training] Itteration/Batch: 2100/2176: Loss: 1.31 | Accuracy: 0.80
[Training] Itteration/Batch: 2125/2176: Loss: 1.85 | Accuracy: 0.89
[Training] Itteration/Batch: 2150/2176: Loss: 2.30 | Accuracy: 0.97
[Training] Itteration/Batch: 2175/2176: Loss: 0.88 | Accuracy: 1.00

Epoch 3: Val Bin. F1 Majority 0.34645670652389526 | Val Macro F1 Majority 0.6659142823044193 |             Val Bin F1 Individual 0.3277125954627991 | Val Macro F1 Individual 0.6526006280490416 |             Val Accuracy Majority 0.9713842272758484 | Val Accuracy Individual 0.956436038017273 | Training Loss:1.1399943828582764 |             Val Loss 1.3086879253387451 | Train Runtime Millis 269832.6288829994 | Val Runtime Millis 51963.75326499401

______________________________	 Running Epoch 4 of 10 	______________________________
[Training] Itteration/Batch:   0/2176: Loss: 1.77 | Accuracy: 0.95
[Training] Itteration/Batch:  25/2176: Loss: 1.43 | Accuracy: 0.98
[Training] Itteration/Batch:  50/2176: Loss: 1.08 | Accuracy: 0.93
[Training] Itteration/Batch:  75/2176: Loss: 1.92 | Accuracy: 0.97
[Training] Itteration/Batch: 100/2176: Loss: 0.83 | Accuracy: 0.98
[Training] Itteration/Batch: 125/2176: Loss: 0.45 | Accuracy: 1.00
[Training] Itteration/Batch: 150/2176: Loss: 0.35 | Accuracy: 1.00
[Training] Itteration/Batch: 175/2176: Loss: 1.25 | Accuracy: 0.97
[Training] Itteration/Batch: 200/2176: Loss: 0.88 | Accuracy: 0.98
[Training] Itteration/Batch: 225/2176: Loss: 3.62 | Accuracy: 0.85
[Training] Itteration/Batch: 250/2176: Loss: 0.31 | Accuracy: 1.00
[Training] Itteration/Batch: 275/2176: Loss: 2.14 | Accuracy: 0.90
[Training] Itteration/Batch: 300/2176: Loss: 0.44 | Accuracy: 0.96
[Training] Itteration/Batch: 325/2176: Loss: 0.38 | Accuracy: 1.00
[Training] Itteration/Batch: 350/2176: Loss: 0.25 | Accuracy: 1.00
[Training] Itteration/Batch: 375/2176: Loss: 1.74 | Accuracy: 0.92
[Training] Itteration/Batch: 400/2176: Loss: 0.65 | Accuracy: 0.98
[Training] Itteration/Batch: 425/2176: Loss: 0.80 | Accuracy: 0.98
[Training] Itteration/Batch: 450/2176: Loss: 0.59 | Accuracy: 0.98
[Training] Itteration/Batch: 475/2176: Loss: 0.96 | Accuracy: 0.91
[Training] Itteration/Batch: 500/2176: Loss: 0.89 | Accuracy: 0.95
[Training] Itteration/Batch: 525/2176: Loss: 0.39 | Accuracy: 1.00
[Training] Itteration/Batch: 550/2176: Loss: 0.91 | Accuracy: 0.97
[Training] Itteration/Batch: 575/2176: Loss: 0.92 | Accuracy: 0.96
[Training] Itteration/Batch: 600/2176: Loss: 0.46 | Accuracy: 0.96
[Training] Itteration/Batch: 625/2176: Loss: 0.29 | Accuracy: 1.00
[Training] Itteration/Batch: 650/2176: Loss: 1.47 | Accuracy: 0.93
[Training] Itteration/Batch: 675/2176: Loss: 0.95 | Accuracy: 0.91
[Training] Itteration/Batch: 700/2176: Loss: 0.95 | Accuracy: 0.89
[Training] Itteration/Batch: 725/2176: Loss: 0.28 | Accuracy: 1.00
[Training] Itteration/Batch: 750/2176: Loss: 0.50 | Accuracy: 0.94
[Training] Itteration/Batch: 775/2176: Loss: 0.64 | Accuracy: 0.96
[Training] Itteration/Batch: 800/2176: Loss: 0.39 | Accuracy: 1.00
[Training] Itteration/Batch: 825/2176: Loss: 1.60 | Accuracy: 0.97
[Training] Itteration/Batch: 850/2176: Loss: 0.73 | Accuracy: 0.98
[Training] Itteration/Batch: 875/2176: Loss: 0.59 | Accuracy: 0.93
[Training] Itteration/Batch: 900/2176: Loss: 2.54 | Accuracy: 0.95
[Training] Itteration/Batch: 925/2176: Loss: 0.55 | Accuracy: 0.98
[Training] Itteration/Batch: 950/2176: Loss: 0.33 | Accuracy: 1.00
[Training] Itteration/Batch: 975/2176: Loss: 0.47 | Accuracy: 0.98
[Training] Itteration/Batch: 1000/2176: Loss: 0.29 | Accuracy: 1.00
[Training] Itteration/Batch: 1025/2176: Loss: 2.61 | Accuracy: 0.93
[Training] Itteration/Batch: 1050/2176: Loss: 0.38 | Accuracy: 1.00
[Training] Itteration/Batch: 1075/2176: Loss: 0.44 | Accuracy: 0.98
[Training] Itteration/Batch: 1100/2176: Loss: 0.61 | Accuracy: 0.98
[Training] Itteration/Batch: 1125/2176: Loss: 2.22 | Accuracy: 0.96
[Training] Itteration/Batch: 1150/2176: Loss: 2.76 | Accuracy: 0.97
[Training] Itteration/Batch: 1175/2176: Loss: 0.42 | Accuracy: 1.00
[Training] Itteration/Batch: 1200/2176: Loss: 1.28 | Accuracy: 0.80
[Training] Itteration/Batch: 1225/2176: Loss: 0.34 | Accuracy: 1.00
[Training] Itteration/Batch: 1250/2176: Loss: 0.86 | Accuracy: 0.89
[Training] Itteration/Batch: 1275/2176: Loss: 0.62 | Accuracy: 0.98
[Training] Itteration/Batch: 1300/2176: Loss: 2.19 | Accuracy: 0.78
[Training] Itteration/Batch: 1325/2176: Loss: 1.19 | Accuracy: 0.93
[Training] Itteration/Batch: 1350/2176: Loss: 0.38 | Accuracy: 0.98
[Training] Itteration/Batch: 1375/2176: Loss: 1.92 | Accuracy: 0.97
[Training] Itteration/Batch: 1400/2176: Loss: 0.50 | Accuracy: 0.98
[Training] Itteration/Batch: 1425/2176: Loss: 0.41 | Accuracy: 1.00
[Training] Itteration/Batch: 1450/2176: Loss: 0.47 | Accuracy: 0.98
[Training] Itteration/Batch: 1475/2176: Loss: 0.90 | Accuracy: 0.97
[Training] Itteration/Batch: 1500/2176: Loss: 0.24 | Accuracy: 1.00
[Training] Itteration/Batch: 1525/2176: Loss: 0.91 | Accuracy: 0.95
[Training] Itteration/Batch: 1550/2176: Loss: 0.94 | Accuracy: 0.95
[Training] Itteration/Batch: 1575/2176: Loss: 0.46 | Accuracy: 1.00
[Training] Itteration/Batch: 1600/2176: Loss: 0.81 | Accuracy: 0.96
[Training] Itteration/Batch: 1625/2176: Loss: 0.72 | Accuracy: 0.98
[Training] Itteration/Batch: 1650/2176: Loss: 1.03 | Accuracy: 0.93
[Training] Itteration/Batch: 1675/2176: Loss: 1.20 | Accuracy: 0.87
[Training] Itteration/Batch: 1700/2176: Loss: 1.09 | Accuracy: 0.96
[Training] Itteration/Batch: 1725/2176: Loss: 0.34 | Accuracy: 1.00
[Training] Itteration/Batch: 1750/2176: Loss: 0.47 | Accuracy: 1.00
[Training] Itteration/Batch: 1775/2176: Loss: 0.66 | Accuracy: 0.95
[Training] Itteration/Batch: 1800/2176: Loss: 0.27 | Accuracy: 1.00
[Training] Itteration/Batch: 1825/2176: Loss: 1.15 | Accuracy: 0.83
[Training] Itteration/Batch: 1850/2176: Loss: 0.93 | Accuracy: 0.93
[Training] Itteration/Batch: 1875/2176: Loss: 1.05 | Accuracy: 0.98
[Training] Itteration/Batch: 1900/2176: Loss: 0.59 | Accuracy: 1.00
[Training] Itteration/Batch: 1925/2176: Loss: 1.66 | Accuracy: 0.90
[Training] Itteration/Batch: 1950/2176: Loss: 0.54 | Accuracy: 0.95
[Training] Itteration/Batch: 1975/2176: Loss: 0.59 | Accuracy: 0.98
[Training] Itteration/Batch: 2000/2176: Loss: 0.27 | Accuracy: 1.00
[Training] Itteration/Batch: 2025/2176: Loss: 0.27 | Accuracy: 1.00
[Training] Itteration/Batch: 2050/2176: Loss: 0.33 | Accuracy: 1.00
[Training] Itteration/Batch: 2075/2176: Loss: 1.40 | Accuracy: 0.97
[Training] Itteration/Batch: 2100/2176: Loss: 0.35 | Accuracy: 0.98
[Training] Itteration/Batch: 2125/2176: Loss: 0.53 | Accuracy: 0.98
[Training] Itteration/Batch: 2150/2176: Loss: 0.76 | Accuracy: 0.94
[Training] Itteration/Batch: 2175/2176: Loss: 0.21 | Accuracy: 1.00

Epoch 4: Val Bin. F1 Majority 0.32098764181137085 | Val Macro F1 Majority 0.651990050158241 |             Val Bin F1 Individual 0.33799999952316284 | Val Macro F1 Individual 0.6567706347446981 |             Val Accuracy Majority 0.9668160676956177 | Val Accuracy Individual 0.9528254866600037 | Training Loss:0.9911303520202637 |             Val Loss 1.2728976011276245 | Train Runtime Millis 270372.2840900009 | Val Runtime Millis 51752.481451003405

______________________________	 Running Epoch 5 of 10 	______________________________
[Training] Itteration/Batch:   0/2176: Loss: 1.24 | Accuracy: 0.98
[Training] Itteration/Batch:  25/2176: Loss: 1.23 | Accuracy: 0.98
[Training] Itteration/Batch:  50/2176: Loss: 1.65 | Accuracy: 0.90
[Training] Itteration/Batch:  75/2176: Loss: 2.31 | Accuracy: 0.91
[Training] Itteration/Batch: 100/2176: Loss: 0.25 | Accuracy: 1.00
[Training] Itteration/Batch: 125/2176: Loss: 0.33 | Accuracy: 1.00
[Training] Itteration/Batch: 150/2176: Loss: 0.83 | Accuracy: 0.97
[Training] Itteration/Batch: 175/2176: Loss: 0.63 | Accuracy: 0.95
[Training] Itteration/Batch: 200/2176: Loss: 0.19 | Accuracy: 1.00
[Training] Itteration/Batch: 225/2176: Loss: 0.85 | Accuracy: 0.94
[Training] Itteration/Batch: 250/2176: Loss: 1.31 | Accuracy: 0.94
[Training] Itteration/Batch: 275/2176: Loss: 1.42 | Accuracy: 0.93
[Training] Itteration/Batch: 300/2176: Loss: 0.73 | Accuracy: 0.96
[Training] Itteration/Batch: 325/2176: Loss: 0.38 | Accuracy: 0.96
[Training] Itteration/Batch: 350/2176: Loss: 0.61 | Accuracy: 0.98
[Training] Itteration/Batch: 375/2176: Loss: 0.68 | Accuracy: 0.93
[Training] Itteration/Batch: 400/2176: Loss: 0.51 | Accuracy: 0.98
[Training] Itteration/Batch: 425/2176: Loss: 0.22 | Accuracy: 1.00
[Training] Itteration/Batch: 450/2176: Loss: 0.26 | Accuracy: 1.00
[Training] Itteration/Batch: 475/2176: Loss: 0.28 | Accuracy: 1.00
[Training] Itteration/Batch: 500/2176: Loss: 0.25 | Accuracy: 1.00
[Training] Itteration/Batch: 525/2176: Loss: 2.02 | Accuracy: 0.95
[Training] Itteration/Batch: 550/2176: Loss: 0.51 | Accuracy: 0.93
[Training] Itteration/Batch: 575/2176: Loss: 1.28 | Accuracy: 0.87
[Training] Itteration/Batch: 600/2176: Loss: 0.86 | Accuracy: 0.93
[Training] Itteration/Batch: 625/2176: Loss: 0.34 | Accuracy: 0.98
[Training] Itteration/Batch: 650/2176: Loss: 0.23 | Accuracy: 1.00
[Training] Itteration/Batch: 675/2176: Loss: 1.68 | Accuracy: 0.82
[Training] Itteration/Batch: 700/2176: Loss: 0.68 | Accuracy: 0.93
[Training] Itteration/Batch: 725/2176: Loss: 1.63 | Accuracy: 0.98
[Training] Itteration/Batch: 750/2176: Loss: 0.24 | Accuracy: 1.00
[Training] Itteration/Batch: 775/2176: Loss: 2.41 | Accuracy: 0.93
[Training] Itteration/Batch: 800/2176: Loss: 1.45 | Accuracy: 0.91
[Training] Itteration/Batch: 825/2176: Loss: 0.60 | Accuracy: 0.92
[Training] Itteration/Batch: 850/2176: Loss: 0.28 | Accuracy: 1.00
[Training] Itteration/Batch: 875/2176: Loss: 0.24 | Accuracy: 1.00
[Training] Itteration/Batch: 900/2176: Loss: 0.50 | Accuracy: 0.98
[Training] Itteration/Batch: 925/2176: Loss: 0.89 | Accuracy: 0.91
[Training] Itteration/Batch: 950/2176: Loss: 1.32 | Accuracy: 0.97
[Training] Itteration/Batch: 975/2176: Loss: 0.81 | Accuracy: 0.91
[Training] Itteration/Batch: 1000/2176: Loss: 0.33 | Accuracy: 0.98
[Training] Itteration/Batch: 1025/2176: Loss: 0.63 | Accuracy: 0.93
[Training] Itteration/Batch: 1050/2176: Loss: 0.43 | Accuracy: 0.95
[Training] Itteration/Batch: 1075/2176: Loss: 0.54 | Accuracy: 1.00
[Training] Itteration/Batch: 1100/2176: Loss: 0.26 | Accuracy: 1.00
[Training] Itteration/Batch: 1125/2176: Loss: 0.30 | Accuracy: 1.00
[Training] Itteration/Batch: 1150/2176: Loss: 0.38 | Accuracy: 0.98
[Training] Itteration/Batch: 1175/2176: Loss: 0.49 | Accuracy: 0.93
[Training] Itteration/Batch: 1200/2176: Loss: 1.32 | Accuracy: 0.98
[Training] Itteration/Batch: 1225/2176: Loss: 0.21 | Accuracy: 1.00
[Training] Itteration/Batch: 1250/2176: Loss: 1.66 | Accuracy: 0.89
[Training] Itteration/Batch: 1275/2176: Loss: 0.32 | Accuracy: 1.00
[Training] Itteration/Batch: 1300/2176: Loss: 0.25 | Accuracy: 1.00
[Training] Itteration/Batch: 1325/2176: Loss: 0.16 | Accuracy: 1.00
[Training] Itteration/Batch: 1350/2176: Loss: 2.07 | Accuracy: 0.93
[Training] Itteration/Batch: 1375/2176: Loss: 2.44 | Accuracy: 0.88
[Training] Itteration/Batch: 1400/2176: Loss: 0.38 | Accuracy: 1.00
[Training] Itteration/Batch: 1425/2176: Loss: 1.15 | Accuracy: 0.89
[Training] Itteration/Batch: 1450/2176: Loss: 0.20 | Accuracy: 1.00
[Training] Itteration/Batch: 1475/2176: Loss: 0.61 | Accuracy: 0.98
[Training] Itteration/Batch: 1500/2176: Loss: 1.60 | Accuracy: 0.96
[Training] Itteration/Batch: 1525/2176: Loss: 0.19 | Accuracy: 1.00
[Training] Itteration/Batch: 1550/2176: Loss: 2.00 | Accuracy: 0.95
[Training] Itteration/Batch: 1575/2176: Loss: 0.84 | Accuracy: 0.95
[Training] Itteration/Batch: 1600/2176: Loss: 0.74 | Accuracy: 0.93
[Training] Itteration/Batch: 1625/2176: Loss: 0.87 | Accuracy: 0.90
[Training] Itteration/Batch: 1650/2176: Loss: 1.45 | Accuracy: 0.86
[Training] Itteration/Batch: 1675/2176: Loss: 0.73 | Accuracy: 0.98
[Training] Itteration/Batch: 1700/2176: Loss: 0.51 | Accuracy: 0.98
[Training] Itteration/Batch: 1725/2176: Loss: 0.18 | Accuracy: 1.00
[Training] Itteration/Batch: 1750/2176: Loss: 0.28 | Accuracy: 1.00
[Training] Itteration/Batch: 1775/2176: Loss: 0.40 | Accuracy: 0.98
[Training] Itteration/Batch: 1800/2176: Loss: 0.67 | Accuracy: 0.92
[Training] Itteration/Batch: 1825/2176: Loss: 2.20 | Accuracy: 0.89
[Training] Itteration/Batch: 1850/2176: Loss: 0.69 | Accuracy: 0.98
[Training] Itteration/Batch: 1875/2176: Loss: 0.32 | Accuracy: 1.00
[Training] Itteration/Batch: 1900/2176: Loss: 1.18 | Accuracy: 0.94
[Training] Itteration/Batch: 1925/2176: Loss: 0.36 | Accuracy: 0.98
[Training] Itteration/Batch: 1950/2176: Loss: 0.72 | Accuracy: 0.95
[Training] Itteration/Batch: 1975/2176: Loss: 0.19 | Accuracy: 1.00
[Training] Itteration/Batch: 2000/2176: Loss: 1.03 | Accuracy: 0.89
[Training] Itteration/Batch: 2025/2176: Loss: 0.34 | Accuracy: 1.00
[Training] Itteration/Batch: 2050/2176: Loss: 0.38 | Accuracy: 1.00
[Training] Itteration/Batch: 2075/2176: Loss: 0.83 | Accuracy: 0.98
[Training] Itteration/Batch: 2100/2176: Loss: 0.37 | Accuracy: 1.00
[Training] Itteration/Batch: 2125/2176: Loss: 1.05 | Accuracy: 0.93
[Training] Itteration/Batch: 2150/2176: Loss: 1.05 | Accuracy: 0.95
[Training] Itteration/Batch: 2175/2176: Loss: 1.33 | Accuracy: 0.86

Epoch 5: Val Bin. F1 Majority 0.2872776985168457 | Val Macro F1 Majority 0.6320471630860514 |             Val Bin F1 Individual 0.3145485818386078 | Val Macro F1 Individual 0.642507199437381 |             Val Accuracy Majority 0.9550939202308655 | Val Accuracy Individual 0.943371593952179 | Training Loss:0.8770514130592346 |             Val Loss 1.3535997867584229 | Train Runtime Millis 270566.4393920015 | Val Runtime Millis 51841.74625200103

______________________________	 Running Epoch 1 of 10 	______________________________
[Training] Itteration/Batch:   0/2176: Loss: 2.44 | Accuracy: 0.38
[Training] Itteration/Batch:  25/2176: Loss: 3.53 | Accuracy: 0.54
[Training] Itteration/Batch:  50/2176: Loss: 4.07 | Accuracy: 0.56
[Training] Itteration/Batch:  75/2176: Loss: 2.87 | Accuracy: 0.62
[Training] Itteration/Batch: 100/2176: Loss: 4.79 | Accuracy: 0.52
[Training] Itteration/Batch: 125/2176: Loss: 2.42 | Accuracy: 0.68
[Training] Itteration/Batch: 150/2176: Loss: 3.77 | Accuracy: 0.75
[Training] Itteration/Batch: 175/2176: Loss: 1.84 | Accuracy: 0.75
[Training] Itteration/Batch: 200/2176: Loss: 5.26 | Accuracy: 0.82
[Training] Itteration/Batch: 225/2176: Loss: 4.68 | Accuracy: 0.71
[Training] Itteration/Batch: 250/2176: Loss: 1.92 | Accuracy: 0.86
[Training] Itteration/Batch: 275/2176: Loss: 3.29 | Accuracy: 0.82
[Training] Itteration/Batch: 300/2176: Loss: 1.55 | Accuracy: 0.93
[Training] Itteration/Batch: 325/2176: Loss: 4.11 | Accuracy: 0.82
[Training] Itteration/Batch: 350/2176: Loss: 1.40 | Accuracy: 0.87
[Training] Itteration/Batch: 375/2176: Loss: 5.66 | Accuracy: 0.91
[Training] Itteration/Batch: 400/2176: Loss: 3.53 | Accuracy: 0.85
[Training] Itteration/Batch: 425/2176: Loss: 1.25 | Accuracy: 0.98
[Training] Itteration/Batch: 450/2176: Loss: 1.45 | Accuracy: 0.96
[Training] Itteration/Batch: 475/2176: Loss: 2.13 | Accuracy: 0.91
[Training] Itteration/Batch: 500/2176: Loss: 3.78 | Accuracy: 0.89
[Training] Itteration/Batch: 525/2176: Loss: 1.34 | Accuracy: 0.93
[Training] Itteration/Batch: 550/2176: Loss: 1.48 | Accuracy: 0.95
[Training] Itteration/Batch: 575/2176: Loss: 1.60 | Accuracy: 0.93
[Training] Itteration/Batch: 600/2176: Loss: 1.99 | Accuracy: 0.96
[Training] Itteration/Batch: 625/2176: Loss: 2.05 | Accuracy: 0.95
[Training] Itteration/Batch: 650/2176: Loss: 1.20 | Accuracy: 1.00
[Training] Itteration/Batch: 675/2176: Loss: 1.13 | Accuracy: 0.98
[Training] Itteration/Batch: 700/2176: Loss: 2.88 | Accuracy: 0.94
[Training] Itteration/Batch: 725/2176: Loss: 2.74 | Accuracy: 0.93
[Training] Itteration/Batch: 750/2176: Loss: 1.29 | Accuracy: 0.95
[Training] Itteration/Batch: 775/2176: Loss: 1.19 | Accuracy: 0.98
[Training] Itteration/Batch: 800/2176: Loss: 2.00 | Accuracy: 0.93
[Training] Itteration/Batch: 825/2176: Loss: 1.24 | Accuracy: 0.98
[Training] Itteration/Batch: 850/2176: Loss: 1.19 | Accuracy: 0.98
[Training] Itteration/Batch: 875/2176: Loss: 1.31 | Accuracy: 0.98
[Training] Itteration/Batch: 900/2176: Loss: 1.02 | Accuracy: 1.00
[Training] Itteration/Batch: 925/2176: Loss: 2.16 | Accuracy: 0.95
[Training] Itteration/Batch: 950/2176: Loss: 1.55 | Accuracy: 0.97
[Training] Itteration/Batch: 975/2176: Loss: 1.34 | Accuracy: 0.98
[Training] Itteration/Batch: 1000/2176: Loss: 0.97 | Accuracy: 1.00
[Training] Itteration/Batch: 1025/2176: Loss: 1.37 | Accuracy: 0.98
[Training] Itteration/Batch: 1050/2176: Loss: 1.06 | Accuracy: 1.00
[Training] Itteration/Batch: 1075/2176: Loss: 1.28 | Accuracy: 0.96
[Training] Itteration/Batch: 1100/2176: Loss: 1.02 | Accuracy: 1.00
[Training] Itteration/Batch: 1125/2176: Loss: 1.70 | Accuracy: 0.96
[Training] Itteration/Batch: 1150/2176: Loss: 1.30 | Accuracy: 0.98
[Training] Itteration/Batch: 1175/2176: Loss: 1.77 | Accuracy: 0.95
[Training] Itteration/Batch: 1200/2176: Loss: 0.90 | Accuracy: 1.00
[Training] Itteration/Batch: 1225/2176: Loss: 5.65 | Accuracy: 0.94
[Training] Itteration/Batch: 1250/2176: Loss: 1.23 | Accuracy: 0.98
[Training] Itteration/Batch: 1275/2176: Loss: 1.17 | Accuracy: 0.98
[Training] Itteration/Batch: 1300/2176: Loss: 1.70 | Accuracy: 0.98
[Training] Itteration/Batch: 1325/2176: Loss: 0.88 | Accuracy: 1.00
[Training] Itteration/Batch: 1350/2176: Loss: 1.00 | Accuracy: 0.98
[Training] Itteration/Batch: 1375/2176: Loss: 2.72 | Accuracy: 0.95
[Training] Itteration/Batch: 1400/2176: Loss: 2.70 | Accuracy: 0.95
[Training] Itteration/Batch: 1425/2176: Loss: 0.75 | Accuracy: 1.00
[Training] Itteration/Batch: 1450/2176: Loss: 6.88 | Accuracy: 0.89
[Training] Itteration/Batch: 1475/2176: Loss: 0.91 | Accuracy: 0.98
[Training] Itteration/Batch: 1500/2176: Loss: 1.45 | Accuracy: 0.94
[Training] Itteration/Batch: 1525/2176: Loss: 2.54 | Accuracy: 0.92
[Training] Itteration/Batch: 1550/2176: Loss: 1.45 | Accuracy: 0.98
[Training] Itteration/Batch: 1575/2176: Loss: 1.52 | Accuracy: 0.98
[Training] Itteration/Batch: 1600/2176: Loss: 1.48 | Accuracy: 0.98
[Training] Itteration/Batch: 1625/2176: Loss: 2.23 | Accuracy: 0.94
[Training] Itteration/Batch: 1650/2176: Loss: 1.87 | Accuracy: 0.91
[Training] Itteration/Batch: 1675/2176: Loss: 2.38 | Accuracy: 0.95
[Training] Itteration/Batch: 1700/2176: Loss: 0.93 | Accuracy: 1.00
[Training] Itteration/Batch: 1725/2176: Loss: 1.69 | Accuracy: 0.92
[Training] Itteration/Batch: 1750/2176: Loss: 1.39 | Accuracy: 0.95
[Training] Itteration/Batch: 1775/2176: Loss: 1.00 | Accuracy: 0.90
[Training] Itteration/Batch: 1800/2176: Loss: 3.74 | Accuracy: 0.90
[Training] Itteration/Batch: 1825/2176: Loss: 1.41 | Accuracy: 0.93
[Training] Itteration/Batch: 1850/2176: Loss: 5.95 | Accuracy: 0.90
[Training] Itteration/Batch: 1875/2176: Loss: 0.79 | Accuracy: 0.96
[Training] Itteration/Batch: 1900/2176: Loss: 3.37 | Accuracy: 0.93
[Training] Itteration/Batch: 1925/2176: Loss: 2.37 | Accuracy: 0.91
[Training] Itteration/Batch: 1950/2176: Loss: 1.05 | Accuracy: 0.97
[Training] Itteration/Batch: 1975/2176: Loss: 0.92 | Accuracy: 0.98
[Training] Itteration/Batch: 2000/2176: Loss: 1.94 | Accuracy: 0.89
[Training] Itteration/Batch: 2025/2176: Loss: 0.60 | Accuracy: 1.00
[Training] Itteration/Batch: 2050/2176: Loss: 1.40 | Accuracy: 0.89
[Training] Itteration/Batch: 2075/2176: Loss: 3.22 | Accuracy: 0.97
[Training] Itteration/Batch: 2100/2176: Loss: 0.87 | Accuracy: 1.00
[Training] Itteration/Batch: 2125/2176: Loss: 0.67 | Accuracy: 1.00
[Training] Itteration/Batch: 2150/2176: Loss: 1.10 | Accuracy: 0.98
[Training] Itteration/Batch: 2175/2176: Loss: 3.29 | Accuracy: 0.90

Epoch 1: Val Bin. F1 Majority 0.2877492904663086 | Val Macro F1 Majority 0.63276452033007 |             Val Bin F1 Individual 0.2880658507347107 | Val Macro F1 Individual 0.6290811969915772 |             Val Accuracy Majority 0.9569039940834045 | Val Accuracy Individual 0.9426038861274719 | Training Loss:1.986278772354126 |             Val Loss 1.5409626960754395 | Train Runtime Millis 274487.5314279998 | Val Runtime Millis 53239.79036200035

______________________________	 Running Epoch 2 of 10 	______________________________
[Training] Itteration/Batch:   0/2176: Loss: 2.49 | Accuracy: 0.97
[Training] Itteration/Batch:  25/2176: Loss: 1.58 | Accuracy: 0.92
[Training] Itteration/Batch:  50/2176: Loss: 3.99 | Accuracy: 0.88
[Training] Itteration/Batch:  75/2176: Loss: 0.74 | Accuracy: 1.00
[Training] Itteration/Batch: 100/2176: Loss: 1.85 | Accuracy: 0.90
[Training] Itteration/Batch: 125/2176: Loss: 2.53 | Accuracy: 0.71
[Training] Itteration/Batch: 150/2176: Loss: 2.92 | Accuracy: 0.93
[Training] Itteration/Batch: 175/2176: Loss: 2.68 | Accuracy: 0.89
[Training] Itteration/Batch: 200/2176: Loss: 2.84 | Accuracy: 0.93
[Training] Itteration/Batch: 225/2176: Loss: 1.65 | Accuracy: 0.89
[Training] Itteration/Batch: 250/2176: Loss: 1.52 | Accuracy: 0.93
[Training] Itteration/Batch: 275/2176: Loss: 2.46 | Accuracy: 0.98
[Training] Itteration/Batch: 300/2176: Loss: 1.86 | Accuracy: 0.95
[Training] Itteration/Batch: 325/2176: Loss: 0.77 | Accuracy: 0.95
[Training] Itteration/Batch: 350/2176: Loss: 2.16 | Accuracy: 0.98
[Training] Itteration/Batch: 375/2176: Loss: 1.40 | Accuracy: 0.98
[Training] Itteration/Batch: 400/2176: Loss: 0.75 | Accuracy: 0.91
[Training] Itteration/Batch: 425/2176: Loss: 1.85 | Accuracy: 0.97
[Training] Itteration/Batch: 450/2176: Loss: 1.34 | Accuracy: 0.98
[Training] Itteration/Batch: 475/2176: Loss: 0.67 | Accuracy: 1.00
[Training] Itteration/Batch: 500/2176: Loss: 1.33 | Accuracy: 0.83
[Training] Itteration/Batch: 525/2176: Loss: 0.91 | Accuracy: 0.94
[Training] Itteration/Batch: 550/2176: Loss: 2.47 | Accuracy: 0.89
[Training] Itteration/Batch: 575/2176: Loss: 0.62 | Accuracy: 1.00
[Training] Itteration/Batch: 600/2176: Loss: 1.30 | Accuracy: 0.86
[Training] Itteration/Batch: 625/2176: Loss: 1.27 | Accuracy: 0.91
[Training] Itteration/Batch: 650/2176: Loss: 1.01 | Accuracy: 0.96
[Training] Itteration/Batch: 675/2176: Loss: 2.37 | Accuracy: 0.93
[Training] Itteration/Batch: 700/2176: Loss: 1.76 | Accuracy: 0.91
[Training] Itteration/Batch: 725/2176: Loss: 0.53 | Accuracy: 1.00
[Training] Itteration/Batch: 750/2176: Loss: 1.77 | Accuracy: 0.98
[Training] Itteration/Batch: 775/2176: Loss: 2.26 | Accuracy: 0.92
[Training] Itteration/Batch: 800/2176: Loss: 1.88 | Accuracy: 0.92
[Training] Itteration/Batch: 825/2176: Loss: 0.52 | Accuracy: 1.00
[Training] Itteration/Batch: 850/2176: Loss: 1.60 | Accuracy: 0.98
[Training] Itteration/Batch: 875/2176: Loss: 0.75 | Accuracy: 0.91
[Training] Itteration/Batch: 900/2176: Loss: 0.55 | Accuracy: 1.00
[Training] Itteration/Batch: 925/2176: Loss: 1.91 | Accuracy: 0.97
[Training] Itteration/Batch: 950/2176: Loss: 1.06 | Accuracy: 0.92
[Training] Itteration/Batch: 975/2176: Loss: 1.35 | Accuracy: 0.96
[Training] Itteration/Batch: 1000/2176: Loss: 1.07 | Accuracy: 0.95
[Training] Itteration/Batch: 1025/2176: Loss: 1.26 | Accuracy: 0.96
[Training] Itteration/Batch: 1050/2176: Loss: 0.84 | Accuracy: 0.97
[Training] Itteration/Batch: 1075/2176: Loss: 0.65 | Accuracy: 1.00
[Training] Itteration/Batch: 1100/2176: Loss: 0.99 | Accuracy: 0.97
[Training] Itteration/Batch: 1125/2176: Loss: 0.51 | Accuracy: 1.00
[Training] Itteration/Batch: 1150/2176: Loss: 0.58 | Accuracy: 0.98
[Training] Itteration/Batch: 1175/2176: Loss: 2.91 | Accuracy: 0.95
[Training] Itteration/Batch: 1200/2176: Loss: 1.43 | Accuracy: 0.98
[Training] Itteration/Batch: 1225/2176: Loss: 0.51 | Accuracy: 1.00
[Training] Itteration/Batch: 1250/2176: Loss: 0.44 | Accuracy: 1.00
[Training] Itteration/Batch: 1275/2176: Loss: 0.73 | Accuracy: 0.97
[Training] Itteration/Batch: 1300/2176: Loss: 0.69 | Accuracy: 1.00
[Training] Itteration/Batch: 1325/2176: Loss: 2.22 | Accuracy: 0.98
[Training] Itteration/Batch: 1350/2176: Loss: 2.80 | Accuracy: 0.92
[Training] Itteration/Batch: 1375/2176: Loss: 2.18 | Accuracy: 0.95
[Training] Itteration/Batch: 1400/2176: Loss: 0.55 | Accuracy: 1.00
[Training] Itteration/Batch: 1425/2176: Loss: 0.94 | Accuracy: 0.96
[Training] Itteration/Batch: 1450/2176: Loss: 0.46 | Accuracy: 1.00
[Training] Itteration/Batch: 1475/2176: Loss: 1.04 | Accuracy: 0.98
[Training] Itteration/Batch: 1500/2176: Loss: 1.52 | Accuracy: 0.93
[Training] Itteration/Batch: 1525/2176: Loss: 1.11 | Accuracy: 0.98
[Training] Itteration/Batch: 1550/2176: Loss: 0.45 | Accuracy: 1.00
[Training] Itteration/Batch: 1575/2176: Loss: 1.75 | Accuracy: 0.96
[Training] Itteration/Batch: 1600/2176: Loss: 0.49 | Accuracy: 1.00
[Training] Itteration/Batch: 1625/2176: Loss: 2.09 | Accuracy: 0.97
[Training] Itteration/Batch: 1650/2176: Loss: 0.59 | Accuracy: 0.98
[Training] Itteration/Batch: 1675/2176: Loss: 0.67 | Accuracy: 0.93
[Training] Itteration/Batch: 1700/2176: Loss: 3.62 | Accuracy: 0.98
[Training] Itteration/Batch: 1725/2176: Loss: 0.89 | Accuracy: 0.94
[Training] Itteration/Batch: 1750/2176: Loss: 0.58 | Accuracy: 1.00
[Training] Itteration/Batch: 1775/2176: Loss: 0.66 | Accuracy: 0.98
[Training] Itteration/Batch: 1800/2176: Loss: 0.45 | Accuracy: 1.00
[Training] Itteration/Batch: 1825/2176: Loss: 0.95 | Accuracy: 0.98
[Training] Itteration/Batch: 1850/2176: Loss: 0.68 | Accuracy: 1.00
[Training] Itteration/Batch: 1875/2176: Loss: 2.09 | Accuracy: 0.91
[Training] Itteration/Batch: 1900/2176: Loss: 1.97 | Accuracy: 0.98
[Training] Itteration/Batch: 1925/2176: Loss: 0.40 | Accuracy: 1.00
[Training] Itteration/Batch: 1950/2176: Loss: 0.59 | Accuracy: 1.00
[Training] Itteration/Batch: 1975/2176: Loss: 2.39 | Accuracy: 0.95
[Training] Itteration/Batch: 2000/2176: Loss: 2.43 | Accuracy: 0.96
[Training] Itteration/Batch: 2025/2176: Loss: 0.99 | Accuracy: 0.98
[Training] Itteration/Batch: 2050/2176: Loss: 2.83 | Accuracy: 0.85
[Training] Itteration/Batch: 2075/2176: Loss: 0.77 | Accuracy: 1.00
[Training] Itteration/Batch: 2100/2176: Loss: 0.93 | Accuracy: 0.98
[Training] Itteration/Batch: 2125/2176: Loss: 1.91 | Accuracy: 0.95
[Training] Itteration/Batch: 2150/2176: Loss: 0.79 | Accuracy: 0.96
[Training] Itteration/Batch: 2175/2176: Loss: 0.91 | Accuracy: 0.95

Epoch 2: Val Bin. F1 Majority 0.29798656702041626 | Val Macro F1 Majority 0.6373498494348091 |             Val Bin F1 Individual 0.3019586503505707 | Val Macro F1 Individual 0.6350848754031994 |             Val Accuracy Majority 0.954921543598175 | Val Accuracy Individual 0.939191460609436 | Training Loss:1.3558952808380127 |             Val Loss 1.3552494049072266 | Train Runtime Millis 275618.68537100236 | Val Runtime Millis 53069.08446200396

______________________________	 Running Epoch 3 of 10 	______________________________
[Training] Itteration/Batch:   0/2176: Loss: 1.48 | Accuracy: 0.95
[Training] Itteration/Batch:  25/2176: Loss: 1.07 | Accuracy: 0.98
[Training] Itteration/Batch:  50/2176: Loss: 3.06 | Accuracy: 0.91
[Training] Itteration/Batch:  75/2176: Loss: 0.59 | Accuracy: 1.00
[Training] Itteration/Batch: 100/2176: Loss: 0.69 | Accuracy: 0.91
[Training] Itteration/Batch: 125/2176: Loss: 0.34 | Accuracy: 1.00
[Training] Itteration/Batch: 150/2176: Loss: 0.96 | Accuracy: 0.93
[Training] Itteration/Batch: 175/2176: Loss: 2.46 | Accuracy: 0.94
[Training] Itteration/Batch: 200/2176: Loss: 0.90 | Accuracy: 0.98
[Training] Itteration/Batch: 225/2176: Loss: 1.26 | Accuracy: 0.98
[Training] Itteration/Batch: 250/2176: Loss: 0.45 | Accuracy: 1.00
[Training] Itteration/Batch: 275/2176: Loss: 0.80 | Accuracy: 1.00
[Training] Itteration/Batch: 300/2176: Loss: 0.69 | Accuracy: 0.92
[Training] Itteration/Batch: 325/2176: Loss: 0.43 | Accuracy: 1.00
[Training] Itteration/Batch: 350/2176: Loss: 0.51 | Accuracy: 1.00
[Training] Itteration/Batch: 375/2176: Loss: 1.64 | Accuracy: 0.82
[Training] Itteration/Batch: 400/2176: Loss: 0.33 | Accuracy: 1.00
[Training] Itteration/Batch: 425/2176: Loss: 1.01 | Accuracy: 0.84
[Training] Itteration/Batch: 450/2176: Loss: 0.84 | Accuracy: 0.98
[Training] Itteration/Batch: 475/2176: Loss: 1.05 | Accuracy: 0.98
[Training] Itteration/Batch: 500/2176: Loss: 0.42 | Accuracy: 1.00
[Training] Itteration/Batch: 525/2176: Loss: 2.17 | Accuracy: 0.97
[Training] Itteration/Batch: 550/2176: Loss: 0.47 | Accuracy: 0.98
[Training] Itteration/Batch: 575/2176: Loss: 1.04 | Accuracy: 0.95
[Training] Itteration/Batch: 600/2176: Loss: 0.97 | Accuracy: 0.88
[Training] Itteration/Batch: 625/2176: Loss: 0.88 | Accuracy: 0.98
[Training] Itteration/Batch: 650/2176: Loss: 1.31 | Accuracy: 0.87
[Training] Itteration/Batch: 675/2176: Loss: 0.58 | Accuracy: 1.00
[Training] Itteration/Batch: 700/2176: Loss: 2.42 | Accuracy: 0.92
[Training] Itteration/Batch: 725/2176: Loss: 0.36 | Accuracy: 1.00
[Training] Itteration/Batch: 750/2176: Loss: 0.41 | Accuracy: 1.00
[Training] Itteration/Batch: 775/2176: Loss: 1.52 | Accuracy: 0.89
[Training] Itteration/Batch: 800/2176: Loss: 1.03 | Accuracy: 0.98
[Training] Itteration/Batch: 825/2176: Loss: 3.02 | Accuracy: 0.97
[Training] Itteration/Batch: 850/2176: Loss: 0.39 | Accuracy: 1.00
[Training] Itteration/Batch: 875/2176: Loss: 1.70 | Accuracy: 0.94
[Training] Itteration/Batch: 900/2176: Loss: 0.87 | Accuracy: 0.97
[Training] Itteration/Batch: 925/2176: Loss: 1.58 | Accuracy: 0.91
[Training] Itteration/Batch: 950/2176: Loss: 0.73 | Accuracy: 0.97
[Training] Itteration/Batch: 975/2176: Loss: 2.08 | Accuracy: 0.82
[Training] Itteration/Batch: 1000/2176: Loss: 1.10 | Accuracy: 0.88
[Training] Itteration/Batch: 1025/2176: Loss: 1.01 | Accuracy: 0.98
[Training] Itteration/Batch: 1050/2176: Loss: 1.01 | Accuracy: 1.00
[Training] Itteration/Batch: 1075/2176: Loss: 1.75 | Accuracy: 0.95
[Training] Itteration/Batch: 1100/2176: Loss: 2.43 | Accuracy: 0.97
[Training] Itteration/Batch: 1125/2176: Loss: 1.41 | Accuracy: 0.97
[Training] Itteration/Batch: 1150/2176: Loss: 1.25 | Accuracy: 0.91
[Training] Itteration/Batch: 1175/2176: Loss: 0.94 | Accuracy: 0.96
[Training] Itteration/Batch: 1200/2176: Loss: 1.48 | Accuracy: 0.91
[Training] Itteration/Batch: 1225/2176: Loss: 2.43 | Accuracy: 0.97
[Training] Itteration/Batch: 1250/2176: Loss: 2.49 | Accuracy: 0.98
[Training] Itteration/Batch: 1275/2176: Loss: 1.23 | Accuracy: 0.93
[Training] Itteration/Batch: 1300/2176: Loss: 1.92 | Accuracy: 0.95
[Training] Itteration/Batch: 1325/2176: Loss: 0.55 | Accuracy: 1.00
[Training] Itteration/Batch: 1350/2176: Loss: 1.86 | Accuracy: 0.98
[Training] Itteration/Batch: 1375/2176: Loss: 0.61 | Accuracy: 0.98
[Training] Itteration/Batch: 1400/2176: Loss: 0.35 | Accuracy: 1.00
[Training] Itteration/Batch: 1425/2176: Loss: 0.59 | Accuracy: 0.96
[Training] Itteration/Batch: 1450/2176: Loss: 1.30 | Accuracy: 0.89
[Training] Itteration/Batch: 1475/2176: Loss: 0.43 | Accuracy: 1.00
[Training] Itteration/Batch: 1500/2176: Loss: 0.41 | Accuracy: 1.00
[Training] Itteration/Batch: 1525/2176: Loss: 2.37 | Accuracy: 0.95
[Training] Itteration/Batch: 1550/2176: Loss: 0.89 | Accuracy: 0.93
[Training] Itteration/Batch: 1575/2176: Loss: 0.48 | Accuracy: 0.98
[Training] Itteration/Batch: 1600/2176: Loss: 2.08 | Accuracy: 0.85
[Training] Itteration/Batch: 1625/2176: Loss: 1.55 | Accuracy: 0.95
[Training] Itteration/Batch: 1650/2176: Loss: 0.89 | Accuracy: 0.96
[Training] Itteration/Batch: 1675/2176: Loss: 1.18 | Accuracy: 0.89
[Training] Itteration/Batch: 1700/2176: Loss: 1.62 | Accuracy: 0.92
[Training] Itteration/Batch: 1725/2176: Loss: 0.68 | Accuracy: 0.94
[Training] Itteration/Batch: 1750/2176: Loss: 0.37 | Accuracy: 1.00
[Training] Itteration/Batch: 1775/2176: Loss: 2.28 | Accuracy: 0.97
[Training] Itteration/Batch: 1800/2176: Loss: 0.45 | Accuracy: 1.00
[Training] Itteration/Batch: 1825/2176: Loss: 0.66 | Accuracy: 0.98
[Training] Itteration/Batch: 1850/2176: Loss: 0.85 | Accuracy: 0.98
[Training] Itteration/Batch: 1875/2176: Loss: 1.50 | Accuracy: 0.85
[Training] Itteration/Batch: 1900/2176: Loss: 0.69 | Accuracy: 0.92
[Training] Itteration/Batch: 1925/2176: Loss: 2.85 | Accuracy: 0.98
[Training] Itteration/Batch: 1950/2176: Loss: 2.36 | Accuracy: 0.96
[Training] Itteration/Batch: 1975/2176: Loss: 0.80 | Accuracy: 0.98
[Training] Itteration/Batch: 2000/2176: Loss: 0.38 | Accuracy: 1.00
[Training] Itteration/Batch: 2025/2176: Loss: 0.65 | Accuracy: 1.00
[Training] Itteration/Batch: 2050/2176: Loss: 0.72 | Accuracy: 0.98
[Training] Itteration/Batch: 2075/2176: Loss: 0.82 | Accuracy: 0.88
[Training] Itteration/Batch: 2100/2176: Loss: 2.17 | Accuracy: 0.96
[Training] Itteration/Batch: 2125/2176: Loss: 0.36 | Accuracy: 1.00
[Training] Itteration/Batch: 2150/2176: Loss: 0.50 | Accuracy: 0.98
[Training] Itteration/Batch: 2175/2176: Loss: 1.41 | Accuracy: 0.92

Epoch 3: Val Bin. F1 Majority 0.3401108980178833 | Val Macro F1 Majority 0.6621791787619009 |             Val Bin F1 Individual 0.339043527841568 | Val Macro F1 Individual 0.6581728964724755 |             Val Accuracy Majority 0.9692294597625732 | Val Accuracy Individual 0.9561116695404053 | Training Loss:1.1254059076309204 |             Val Loss 1.2944461107254028 | Train Runtime Millis 276686.78593500226 | Val Runtime Millis 53422.457587999816

______________________________	 Running Epoch 4 of 10 	______________________________
[Training] Itteration/Batch:   0/2176: Loss: 0.55 | Accuracy: 0.96
[Training] Itteration/Batch:  25/2176: Loss: 0.43 | Accuracy: 1.00
[Training] Itteration/Batch:  50/2176: Loss: 1.63 | Accuracy: 0.98
[Training] Itteration/Batch:  75/2176: Loss: 0.38 | Accuracy: 1.00
[Training] Itteration/Batch: 100/2176: Loss: 1.23 | Accuracy: 0.94
[Training] Itteration/Batch: 125/2176: Loss: 0.41 | Accuracy: 0.98
[Training] Itteration/Batch: 150/2176: Loss: 1.92 | Accuracy: 0.92
[Training] Itteration/Batch: 175/2176: Loss: 0.64 | Accuracy: 0.98
[Training] Itteration/Batch: 200/2176: Loss: 0.65 | Accuracy: 1.00
[Training] Itteration/Batch: 225/2176: Loss: 1.07 | Accuracy: 0.97
[Training] Itteration/Batch: 250/2176: Loss: 2.22 | Accuracy: 0.95
[Training] Itteration/Batch: 275/2176: Loss: 1.36 | Accuracy: 0.94
[Training] Itteration/Batch: 300/2176: Loss: 0.65 | Accuracy: 0.97
[Training] Itteration/Batch: 325/2176: Loss: 1.23 | Accuracy: 0.92
[Training] Itteration/Batch: 350/2176: Loss: 0.62 | Accuracy: 0.95
[Training] Itteration/Batch: 375/2176: Loss: 1.38 | Accuracy: 0.93
[Training] Itteration/Batch: 400/2176: Loss: 2.39 | Accuracy: 0.97
[Training] Itteration/Batch: 425/2176: Loss: 0.29 | Accuracy: 1.00
[Training] Itteration/Batch: 450/2176: Loss: 0.97 | Accuracy: 0.95
[Training] Itteration/Batch: 475/2176: Loss: 0.87 | Accuracy: 0.94
[Training] Itteration/Batch: 500/2176: Loss: 0.88 | Accuracy: 0.95
[Training] Itteration/Batch: 525/2176: Loss: 0.28 | Accuracy: 1.00
[Training] Itteration/Batch: 550/2176: Loss: 0.59 | Accuracy: 0.91
[Training] Itteration/Batch: 575/2176: Loss: 0.69 | Accuracy: 0.91
[Training] Itteration/Batch: 600/2176: Loss: 0.57 | Accuracy: 0.98
[Training] Itteration/Batch: 625/2176: Loss: 1.01 | Accuracy: 0.91
[Training] Itteration/Batch: 650/2176: Loss: 0.68 | Accuracy: 0.98
[Training] Itteration/Batch: 675/2176: Loss: 0.41 | Accuracy: 1.00
[Training] Itteration/Batch: 700/2176: Loss: 1.53 | Accuracy: 0.94
[Training] Itteration/Batch: 725/2176: Loss: 1.47 | Accuracy: 0.90
[Training] Itteration/Batch: 750/2176: Loss: 0.29 | Accuracy: 1.00
[Training] Itteration/Batch: 775/2176: Loss: 0.44 | Accuracy: 0.98
[Training] Itteration/Batch: 800/2176: Loss: 0.58 | Accuracy: 0.98
[Training] Itteration/Batch: 825/2176: Loss: 0.78 | Accuracy: 0.95
[Training] Itteration/Batch: 850/2176: Loss: 0.27 | Accuracy: 1.00
[Training] Itteration/Batch: 875/2176: Loss: 0.79 | Accuracy: 0.94
[Training] Itteration/Batch: 900/2176: Loss: 0.32 | Accuracy: 1.00
[Training] Itteration/Batch: 925/2176: Loss: 1.60 | Accuracy: 0.96
[Training] Itteration/Batch: 950/2176: Loss: 0.38 | Accuracy: 0.98
[Training] Itteration/Batch: 975/2176: Loss: 0.54 | Accuracy: 0.95
[Training] Itteration/Batch: 1000/2176: Loss: 1.12 | Accuracy: 0.91
[Training] Itteration/Batch: 1025/2176: Loss: 3.20 | Accuracy: 0.90
[Training] Itteration/Batch: 1050/2176: Loss: 0.56 | Accuracy: 0.98
[Training] Itteration/Batch: 1075/2176: Loss: 0.37 | Accuracy: 1.00
[Training] Itteration/Batch: 1100/2176: Loss: 0.66 | Accuracy: 0.98
[Training] Itteration/Batch: 1125/2176: Loss: 0.32 | Accuracy: 1.00
[Training] Itteration/Batch: 1150/2176: Loss: 0.69 | Accuracy: 0.98
[Training] Itteration/Batch: 1175/2176: Loss: 1.03 | Accuracy: 0.97
[Training] Itteration/Batch: 1200/2176: Loss: 0.96 | Accuracy: 0.92
[Training] Itteration/Batch: 1225/2176: Loss: 1.02 | Accuracy: 0.97
[Training] Itteration/Batch: 1250/2176: Loss: 0.26 | Accuracy: 1.00
[Training] Itteration/Batch: 1275/2176: Loss: 0.26 | Accuracy: 1.00
[Training] Itteration/Batch: 1300/2176: Loss: 0.65 | Accuracy: 0.91
[Training] Itteration/Batch: 1325/2176: Loss: 1.02 | Accuracy: 0.97
[Training] Itteration/Batch: 1350/2176: Loss: 1.10 | Accuracy: 0.92
[Training] Itteration/Batch: 1375/2176: Loss: 0.62 | Accuracy: 0.94
[Training] Itteration/Batch: 1400/2176: Loss: 0.47 | Accuracy: 0.98
[Training] Itteration/Batch: 1425/2176: Loss: 0.79 | Accuracy: 0.94
[Training] Itteration/Batch: 1450/2176: Loss: 0.24 | Accuracy: 1.00
[Training] Itteration/Batch: 1475/2176: Loss: 1.38 | Accuracy: 0.87
[Training] Itteration/Batch: 1500/2176: Loss: 2.02 | Accuracy: 0.88
[Training] Itteration/Batch: 1525/2176: Loss: 0.37 | Accuracy: 0.98
[Training] Itteration/Batch: 1550/2176: Loss: 0.29 | Accuracy: 1.00
[Training] Itteration/Batch: 1575/2176: Loss: 0.75 | Accuracy: 1.00
[Training] Itteration/Batch: 1600/2176: Loss: 0.44 | Accuracy: 1.00
[Training] Itteration/Batch: 1625/2176: Loss: 0.43 | Accuracy: 1.00
[Training] Itteration/Batch: 1650/2176: Loss: 0.74 | Accuracy: 0.91
[Training] Itteration/Batch: 1675/2176: Loss: 0.23 | Accuracy: 1.00
[Training] Itteration/Batch: 1700/2176: Loss: 0.29 | Accuracy: 1.00
[Training] Itteration/Batch: 1725/2176: Loss: 1.65 | Accuracy: 0.85
[Training] Itteration/Batch: 1750/2176: Loss: 1.85 | Accuracy: 0.91
[Training] Itteration/Batch: 1775/2176: Loss: 0.82 | Accuracy: 0.95
[Training] Itteration/Batch: 1800/2176: Loss: 0.48 | Accuracy: 1.00
[Training] Itteration/Batch: 1825/2176: Loss: 1.11 | Accuracy: 0.98
[Training] Itteration/Batch: 1850/2176: Loss: 2.67 | Accuracy: 0.96
[Training] Itteration/Batch: 1875/2176: Loss: 0.75 | Accuracy: 0.91
[Training] Itteration/Batch: 1900/2176: Loss: 0.96 | Accuracy: 0.98
[Training] Itteration/Batch: 1925/2176: Loss: 2.58 | Accuracy: 0.89
[Training] Itteration/Batch: 1950/2176: Loss: 0.92 | Accuracy: 0.96
[Training] Itteration/Batch: 1975/2176: Loss: 3.30 | Accuracy: 0.98
[Training] Itteration/Batch: 2000/2176: Loss: 1.45 | Accuracy: 0.98
[Training] Itteration/Batch: 2025/2176: Loss: 1.00 | Accuracy: 0.93
[Training] Itteration/Batch: 2050/2176: Loss: 1.25 | Accuracy: 0.95
[Training] Itteration/Batch: 2075/2176: Loss: 1.85 | Accuracy: 0.98
[Training] Itteration/Batch: 2100/2176: Loss: 1.20 | Accuracy: 0.97
[Training] Itteration/Batch: 2125/2176: Loss: 1.63 | Accuracy: 0.94
[Training] Itteration/Batch: 2150/2176: Loss: 1.13 | Accuracy: 0.93
[Training] Itteration/Batch: 2175/2176: Loss: 1.15 | Accuracy: 0.95

Epoch 4: Val Bin. F1 Majority 0.32206758856773376 | Val Macro F1 Majority 0.6535231148679046 |             Val Bin F1 Individual 0.33035048842430115 | Val Macro F1 Individual 0.6541856934419437 |             Val Accuracy Majority 0.9706085324287415 | Val Accuracy Individual 0.9574387669563293 | Training Loss:0.9667702913284302 |             Val Loss 1.3311595916748047 | Train Runtime Millis 276669.2013630018 | Val Runtime Millis 53104.56912900554

______________________________	 Running Epoch 5 of 10 	______________________________
[Training] Itteration/Batch:   0/2176: Loss: 0.59 | Accuracy: 0.96
[Training] Itteration/Batch:  25/2176: Loss: 1.37 | Accuracy: 0.91
[Training] Itteration/Batch:  50/2176: Loss: 0.38 | Accuracy: 0.98
[Training] Itteration/Batch:  75/2176: Loss: 0.54 | Accuracy: 0.92
[Training] Itteration/Batch: 100/2176: Loss: 0.66 | Accuracy: 0.97
[Training] Itteration/Batch: 125/2176: Loss: 0.57 | Accuracy: 0.95
[Training] Itteration/Batch: 150/2176: Loss: 0.24 | Accuracy: 1.00
[Training] Itteration/Batch: 175/2176: Loss: 0.59 | Accuracy: 0.97
[Training] Itteration/Batch: 200/2176: Loss: 0.68 | Accuracy: 0.94
[Training] Itteration/Batch: 225/2176: Loss: 0.84 | Accuracy: 0.98
[Training] Itteration/Batch: 250/2176: Loss: 2.53 | Accuracy: 0.91
[Training] Itteration/Batch: 275/2176: Loss: 0.26 | Accuracy: 1.00
[Training] Itteration/Batch: 300/2176: Loss: 1.77 | Accuracy: 0.89
[Training] Itteration/Batch: 325/2176: Loss: 1.18 | Accuracy: 0.95
[Training] Itteration/Batch: 350/2176: Loss: 1.18 | Accuracy: 0.98
[Training] Itteration/Batch: 375/2176: Loss: 0.96 | Accuracy: 0.95
[Training] Itteration/Batch: 400/2176: Loss: 0.47 | Accuracy: 0.98
[Training] Itteration/Batch: 425/2176: Loss: 0.52 | Accuracy: 0.96
[Training] Itteration/Batch: 450/2176: Loss: 0.30 | Accuracy: 1.00
[Training] Itteration/Batch: 475/2176: Loss: 0.21 | Accuracy: 1.00
[Training] Itteration/Batch: 500/2176: Loss: 0.57 | Accuracy: 0.94
[Training] Itteration/Batch: 525/2176: Loss: 0.49 | Accuracy: 1.00
[Training] Itteration/Batch: 550/2176: Loss: 0.50 | Accuracy: 0.95
[Training] Itteration/Batch: 575/2176: Loss: 0.54 | Accuracy: 0.93
[Training] Itteration/Batch: 600/2176: Loss: 0.56 | Accuracy: 0.97
[Training] Itteration/Batch: 625/2176: Loss: 1.44 | Accuracy: 0.92
[Training] Itteration/Batch: 650/2176: Loss: 0.53 | Accuracy: 0.97
[Training] Itteration/Batch: 675/2176: Loss: 0.51 | Accuracy: 0.98
[Training] Itteration/Batch: 700/2176: Loss: 0.51 | Accuracy: 0.95
[Training] Itteration/Batch: 725/2176: Loss: 2.52 | Accuracy: 0.96
[Training] Itteration/Batch: 750/2176: Loss: 0.30 | Accuracy: 1.00
[Training] Itteration/Batch: 775/2176: Loss: 1.14 | Accuracy: 0.98
[Training] Itteration/Batch: 800/2176: Loss: 0.69 | Accuracy: 0.95
[Training] Itteration/Batch: 825/2176: Loss: 0.47 | Accuracy: 0.96
[Training] Itteration/Batch: 850/2176: Loss: 1.11 | Accuracy: 0.97
[Training] Itteration/Batch: 875/2176: Loss: 0.46 | Accuracy: 0.95
[Training] Itteration/Batch: 900/2176: Loss: 0.48 | Accuracy: 0.96
[Training] Itteration/Batch: 925/2176: Loss: 2.32 | Accuracy: 0.81
[Training] Itteration/Batch: 950/2176: Loss: 2.21 | Accuracy: 0.93
[Training] Itteration/Batch: 975/2176: Loss: 0.36 | Accuracy: 1.00
[Training] Itteration/Batch: 1000/2176: Loss: 1.00 | Accuracy: 0.96
[Training] Itteration/Batch: 1025/2176: Loss: 0.53 | Accuracy: 1.00
[Training] Itteration/Batch: 1050/2176: Loss: 0.55 | Accuracy: 0.98
[Training] Itteration/Batch: 1075/2176: Loss: 0.72 | Accuracy: 0.89
[Training] Itteration/Batch: 1100/2176: Loss: 2.85 | Accuracy: 0.96
[Training] Itteration/Batch: 1125/2176: Loss: 2.37 | Accuracy: 0.95
[Training] Itteration/Batch: 1150/2176: Loss: 0.46 | Accuracy: 0.97
[Training] Itteration/Batch: 1175/2176: Loss: 0.57 | Accuracy: 0.97
[Training] Itteration/Batch: 1200/2176: Loss: 2.04 | Accuracy: 0.97
[Training] Itteration/Batch: 1225/2176: Loss: 0.45 | Accuracy: 0.98
[Training] Itteration/Batch: 1250/2176: Loss: 0.70 | Accuracy: 0.96
[Training] Itteration/Batch: 1275/2176: Loss: 0.44 | Accuracy: 1.00
[Training] Itteration/Batch: 1300/2176: Loss: 1.02 | Accuracy: 0.98
[Training] Itteration/Batch: 1325/2176: Loss: 0.79 | Accuracy: 0.98
[Training] Itteration/Batch: 1350/2176: Loss: 0.29 | Accuracy: 1.00
[Training] Itteration/Batch: 1375/2176: Loss: 0.89 | Accuracy: 0.94
[Training] Itteration/Batch: 1400/2176: Loss: 0.88 | Accuracy: 0.92
[Training] Itteration/Batch: 1425/2176: Loss: 1.15 | Accuracy: 0.98
[Training] Itteration/Batch: 1450/2176: Loss: 0.53 | Accuracy: 1.00
[Training] Itteration/Batch: 1475/2176: Loss: 0.90 | Accuracy: 0.98
[Training] Itteration/Batch: 1500/2176: Loss: 1.47 | Accuracy: 0.87
[Training] Itteration/Batch: 1525/2176: Loss: 0.69 | Accuracy: 0.95
[Training] Itteration/Batch: 1550/2176: Loss: 0.78 | Accuracy: 0.98
[Training] Itteration/Batch: 1575/2176: Loss: 0.77 | Accuracy: 0.95
[Training] Itteration/Batch: 1600/2176: Loss: 0.53 | Accuracy: 0.95
[Training] Itteration/Batch: 1625/2176: Loss: 0.41 | Accuracy: 1.00
[Training] Itteration/Batch: 1650/2176: Loss: 0.54 | Accuracy: 0.98
[Training] Itteration/Batch: 1675/2176: Loss: 0.80 | Accuracy: 0.94
[Training] Itteration/Batch: 1700/2176: Loss: 0.66 | Accuracy: 1.00
[Training] Itteration/Batch: 1725/2176: Loss: 0.33 | Accuracy: 1.00
[Training] Itteration/Batch: 1750/2176: Loss: 0.63 | Accuracy: 0.93
[Training] Itteration/Batch: 1775/2176: Loss: 0.43 | Accuracy: 1.00
[Training] Itteration/Batch: 1800/2176: Loss: 1.09 | Accuracy: 0.91
[Training] Itteration/Batch: 1825/2176: Loss: 1.02 | Accuracy: 0.93
[Training] Itteration/Batch: 1850/2176: Loss: 0.43 | Accuracy: 1.00
[Training] Itteration/Batch: 1875/2176: Loss: 1.15 | Accuracy: 0.86
[Training] Itteration/Batch: 1900/2176: Loss: 0.41 | Accuracy: 0.98
[Training] Itteration/Batch: 1925/2176: Loss: 1.63 | Accuracy: 0.95
[Training] Itteration/Batch: 1950/2176: Loss: 0.19 | Accuracy: 1.00
[Training] Itteration/Batch: 1975/2176: Loss: 1.42 | Accuracy: 0.96
[Training] Itteration/Batch: 2000/2176: Loss: 0.52 | Accuracy: 0.98
[Training] Itteration/Batch: 2025/2176: Loss: 0.19 | Accuracy: 1.00
[Training] Itteration/Batch: 2050/2176: Loss: 0.88 | Accuracy: 0.95
[Training] Itteration/Batch: 2075/2176: Loss: 0.96 | Accuracy: 0.90
[Training] Itteration/Batch: 2100/2176: Loss: 0.41 | Accuracy: 0.97
[Training] Itteration/Batch: 2125/2176: Loss: 0.48 | Accuracy: 1.00
[Training] Itteration/Batch: 2150/2176: Loss: 1.41 | Accuracy: 0.92
[Training] Itteration/Batch: 2175/2176: Loss: 0.20 | Accuracy: 1.00

Epoch 5: Val Bin. F1 Majority 0.3340040147304535 | Val Macro F1 Majority 0.6597135107292365 |             Val Bin F1 Individual 0.33640724420547485 | Val Macro F1 Individual 0.6571918012277689 |             Val Accuracy Majority 0.9714704155921936 | Val Accuracy Individual 0.9573676586151123 | Training Loss:0.8509612679481506 |             Val Loss 1.3567044734954834 | Train Runtime Millis 276894.94065700273 | Val Runtime Millis 53333.13875699969

