Device cuda
Split type sit
Training Size: 7810, NTA labels 5449, YTA labels 2361
Validation Size: 2417, NTA labels 1710, YTA labels 707
Test Size: 2830, NTA labels 2039, YTA labels 791
Training with SBERT, model name is sbert
Tokenizing the dataset
Number of training steps 2450
Epoch 0 **** Loss 0.1873341053724289 **** Metrics validation: {'accuracy': 0.5593711212246587, 'f1_weighted': 0.5789566004065007, 'macro': 0.5425108942480823, 'micro': 0.5593711212246587, 'binary': 0.45468509984639016, 'accuracy_majority': 0.5694249649368864, 'macro_majority': 0.5508490922223317, 'binary_majority': 0.4595070422535211, 'run_time_millis': 8565.367410999897, 'loss_mean': 0.29148930311203003}
Epoch 1 **** Loss 0.07210227847099304 **** Metrics validation: {'accuracy': 0.6388084402151427, 'f1_weighted': 0.6480758638173674, 'macro': 0.5881066646365211, 'micro': 0.6388084402151427, 'binary': 0.4435946462715106, 'accuracy_majority': 0.635343618513324, 'macro_majority': 0.5851543531044051, 'binary_majority': 0.44086021505376344, 'run_time_millis': 10586.535403000198, 'loss_mean': 0.29872745275497437}
Epoch 2 **** Loss 0.12328182905912399 **** Metrics validation: {'accuracy': 0.6321886636326024, 'f1_weighted': 0.6444839149320822, 'macro': 0.5896744169170675, 'micro': 0.6321886636326024, 'binary': 0.4575960951799878, 'accuracy_majority': 0.6178120617110799, 'macro_majority': 0.5781997029047923, 'binary_majority': 0.44893832153690594, 'run_time_millis': 10629.244104000463, 'loss_mean': 0.341234415769577}
Epoch 3 **** Loss 0.011374957859516144 **** Metrics validation: {'accuracy': 0.5937112122465866, 'f1_weighted': 0.6117033206000444, 'macro': 0.567688479920732, 'micro': 0.5937112122465866, 'binary': 0.4616228070175438, 'accuracy_majority': 0.5862552594670407, 'macro_majority': 0.5654531819111507, 'binary_majority': 0.47037701974865354, 'run_time_millis': 10591.363116999673, 'loss_mean': 0.3792766034603119}
Epoch 4 **** Loss 0.023957356810569763 **** Metrics validation: {'accuracy': 0.6412908564335954, 'f1_weighted': 0.6537473894628415, 'macro': 0.6014716462480552, 'micro': 0.6412908564335954, 'binary': 0.4754990925589837, 'accuracy_majority': 0.6241234221598878, 'macro_majority': 0.58614117427926, 'binary_majority': 0.4607645875251509, 'run_time_millis': 10589.751118000095, 'loss_mean': 0.44096335768699646}
Epoch 5 **** Loss 0.011451588943600655 **** Metrics validation: {'accuracy': 0.6586677699627638, 'f1_weighted': 0.6606381052352386, 'macro': 0.5924916818458548, 'micro': 0.6586677699627638, 'binary': 0.4282744282744283, 'accuracy_majority': 0.6332398316970547, 'macro_majority': 0.5683207469958043, 'binary_majority': 0.4009163802978236, 'run_time_millis': 9566.352898000332, 'loss_mean': 0.5488647818565369}
Epoch 6 **** Loss 0.035530027002096176 **** Metrics validation: {'accuracy': 0.658254033926355, 'f1_weighted': 0.6614317351945475, 'macro': 0.5950310191112778, 'micro': 0.658254033926355, 'binary': 0.4350205198358413, 'accuracy_majority': 0.6332398316970547, 'macro_majority': 0.5688717392875208, 'binary_majority': 0.4022857142857143, 'run_time_millis': 10581.053956000687, 'loss_mean': 0.5422149896621704}
Epoch 7 **** Loss 0.07266977429389954 **** Metrics validation: {'accuracy': 0.6491518411253621, 'f1_weighted': 0.6564956582235322, 'macro': 0.5951135869779938, 'micro': 0.6491518411253621, 'binary': 0.44719687092568444, 'accuracy_majority': 0.6269284712482468, 'macro_majority': 0.5741544071419591, 'binary_majority': 0.42424242424242425, 'run_time_millis': 9571.183297000061, 'loss_mean': 0.6105268597602844}
Epoch 8 **** Loss 0.03588647022843361 **** Metrics validation: {'accuracy': 0.6516342573438146, 'f1_weighted': 0.6581048219627148, 'macro': 0.5957012035708212, 'micro': 0.6516342573438146, 'binary': 0.4453227931488802, 'accuracy_majority': 0.6248246844319776, 'macro_majority': 0.5700450012539485, 'binary_majority': 0.41657579062159217, 'run_time_millis': 9571.06883599954, 'loss_mean': 0.6332567930221558}
Epoch 9 **** Loss 0.0023657868150621653 **** Metrics validation: {'accuracy': 0.6611501861812163, 'f1_weighted': 0.6610798067539799, 'macro': 0.5904892412357545, 'micro': 0.6611501861812163, 'binary': 0.42038216560509556, 'accuracy_majority': 0.6346423562412342, 'macro_majority': 0.5642921108854544, 'binary_majority': 0.3892145369284878, 'run_time_millis': 8566.158247000203, 'loss_mean': 0.6880538463592529}
Evaluating
{'accuracy': 0.658254033926355, 'f1_weighted': 0.6614317351945475, 'macro': 0.5950310191112778, 'micro': 0.658254033926355, 'binary': 0.4350205198358413, 'accuracy_majority': 0.6332398316970547, 'macro_majority': 0.5688717392875208, 'binary_majority': 0.4022857142857143, 'run_time_millis': 8558.77733899979, 'loss_mean': 0.5422149896621704}
