Device cuda
Split type sit
Training Size: 9157, NTA labels 8774, YTA labels 383
Validation Size: 3096, NTA labels 2992, YTA labels 104
Test Size: 2917, NTA labels 2814, YTA labels 103
Training with SBERT, model name is sbert
Tokenizing the dataset
Number of training steps 2870
Epoch 0 **** Loss 0.022890407592058182 **** Metrics validation: {'accuracy': 0.8959948320413437, 'f1_weighted': 0.9199082989860353, 'macro': 0.581368629690597, 'micro': 0.8959948320413437, 'binary': 0.2184466019417476, 'accuracy_majority': 0.8975180144115292, 'macro_majority': 0.596038002829998, 'binary_majority': 0.24705882352941172, 'run_time_millis': 2488.1173707544804, 'loss_mean': 0.04934984818100929}
Epoch 1 **** Loss 0.04636674374341965 **** Metrics validation: {'accuracy': 0.8833979328165374, 'f1_weighted': 0.9137007742717655, 'macro': 0.593134451477999, 'micro': 0.8833979328165374, 'binary': 0.24948024948024947, 'accuracy_majority': 0.8847077662129704, 'macro_majority': 0.5976159793814433, 'binary_majority': 0.2577319587628866, 'run_time_millis': 2033.0931753851473, 'loss_mean': 0.04731765389442444}
Epoch 2 **** Loss 0.03267727792263031 **** Metrics validation: {'accuracy': 0.8158914728682171, 'f1_weighted': 0.8726639849278013, 'macro': 0.5499100187307948, 'micro': 0.8158914728682171, 'binary': 0.20391061452513964, 'accuracy_majority': 0.8134507606084868, 'macro_majority': 0.5495546113781121, 'binary_majority': 0.20477815699658702, 'run_time_millis': 3293.233871925622, 'loss_mean': 0.04524452984333038}
Epoch 3 **** Loss 0.46002253890037537 **** Metrics validation: {'accuracy': 0.8643410852713178, 'f1_weighted': 0.9023389432794837, 'macro': 0.5795806670218875, 'micro': 0.8643410852713178, 'binary': 0.23357664233576642, 'accuracy_majority': 0.8614891913530824, 'macro_majority': 0.580853783677357, 'binary_majority': 0.23788546255506607, 'run_time_millis': 2289.000644814223, 'loss_mean': 0.049235839396715164}
Epoch 4 **** Loss 0.030446141958236694 **** Metrics validation: {'accuracy': 0.8892118863049095, 'f1_weighted': 0.9170783841706475, 'macro': 0.5964471258588906, 'micro': 0.8892118863049095, 'binary': 0.25272331154684097, 'accuracy_majority': 0.8879103282626101, 'macro_majority': 0.5973565441650548, 'binary_majority': 0.2553191489361702, 'run_time_millis': 1827.482108026743, 'loss_mean': 0.05609900504350662}
Epoch 5 **** Loss 0.0008295385050587356 **** Metrics validation: {'accuracy': 0.8798449612403101, 'f1_weighted': 0.9116112090408297, 'macro': 0.5908387487334856, 'micro': 0.8798449612403101, 'binary': 0.24696356275303644, 'accuracy_majority': 0.8815052041633307, 'macro_majority': 0.6014334011798392, 'binary_majority': 0.26732673267326734, 'run_time_millis': 3294.1741249524057, 'loss_mean': 0.06021974980831146}
Epoch 6 **** Loss 0.0549711212515831 **** Metrics validation: {'accuracy': 0.8659560723514211, 'f1_weighted': 0.9032604423768221, 'macro': 0.5797318518862576, 'micro': 0.8659560723514211, 'binary': 0.23290203327171907, 'accuracy_majority': 0.866293034427542, 'macro_majority': 0.5888572414132953, 'binary_majority': 0.2511210762331839, 'run_time_millis': 3149.670495186001, 'loss_mean': 0.06408467888832092}
Epoch 7 **** Loss 0.24918949604034424 **** Metrics validation: {'accuracy': 0.8717700258397932, 'f1_weighted': 0.9067495385451972, 'macro': 0.5839992743496477, 'micro': 0.8717700258397932, 'binary': 0.2380038387715931, 'accuracy_majority': 0.8718975180144115, 'macro_majority': 0.5911419545967888, 'binary_majority': 0.25233644859813087, 'run_time_millis': 3301.9563732668757, 'loss_mean': 0.06795213371515274}
Epoch 8 **** Loss 0.0008210412343032658 **** Metrics validation: {'accuracy': 0.899547803617571, 'f1_weighted': 0.9232046009532942, 'macro': 0.6054332953459982, 'micro': 0.8995478036175711, 'binary': 0.2647754137115839, 'accuracy_majority': 0.899119295436349, 'macro_majority': 0.6066358055550001, 'binary_majority': 0.26744186046511625, 'run_time_millis': 3299.54792605713, 'loss_mean': 0.07508969306945801}
Epoch 9 **** Loss 0.0010207502637058496 **** Metrics validation: {'accuracy': 0.8963178294573644, 'f1_weighted': 0.9212306437149091, 'macro': 0.6014608322669568, 'micro': 0.8963178294573644, 'binary': 0.25866050808314084, 'accuracy_majority': 0.8959167333867094, 'macro_majority': 0.60268870879336, 'binary_majority': 0.26136363636363635, 'run_time_millis': 3301.0913003236055, 'loss_mean': 0.07462380826473236}
Evaluating
{'accuracy': 0.899547803617571, 'f1_weighted': 0.9232046009532942, 'macro': 0.6054332953459982, 'micro': 0.8995478036175711, 'binary': 0.2647754137115839, 'accuracy_majority': 0.899119295436349, 'macro_majority': 0.6066358055550001, 'binary_majority': 0.26744186046511625, 'run_time_millis': 1507.6977889984846, 'loss_mean': 0.07508969306945801}
