Device cuda
Split type sit
Training Size: 109646, NTA labels 105467, YTA labels 4179
Validation Size: 36443, NTA labels 34985, YTA labels 1458
Test Size: 36287, NTA labels 34968, YTA labels 1319
Training with SBERT, model name is sbert
Tokenizing the dataset
Number of training steps 34270
Epoch 0 **** Loss 0.049155477434396744 **** Metrics validation: {'accuracy': 0.9495650742255028, 'f1_weighted': 0.9505792506342354, 'macro': 0.6849363408250069, 'micro': 0.9495650742255028, 'binary': 0.39618922470433643, 'accuracy_majority': 0.9593636520836936, 'macro_majority': 0.7253894595607662, 'binary_majority': 0.4719101123595505, 'run_time_millis': 17147.359205000044, 'loss_mean': 0.0647256150841713}
Epoch 1 **** Loss 0.03083806298673153 **** Metrics validation: {'accuracy': 0.9568915841176632, 'f1_weighted': 0.953692752413597, 'macro': 0.6779929309682634, 'micro': 0.9568915841176632, 'binary': 0.37831420656905423, 'accuracy_majority': 0.9670586200933772, 'macro_majority': 0.7323107231015815, 'binary_majority': 0.4816326530612245, 'run_time_millis': 17190.062451000016, 'loss_mean': 0.06593547016382217}
Epoch 2 **** Loss 0.009522123262286186 **** Metrics validation: {'accuracy': 0.9502236369124386, 'f1_weighted': 0.9508287609075212, 'macro': 0.6838814953400023, 'micro': 0.9502236369124386, 'binary': 0.3937165775401069, 'accuracy_majority': 0.9602282552308491, 'macro_majority': 0.7265087419780469, 'binary_majority': 0.47368421052631576, 'run_time_millis': 17191.10775799993, 'loss_mean': 0.06574190407991409}
Epoch 3 **** Loss 0.01470996905118227 **** Metrics validation: {'accuracy': 0.9537359712427627, 'f1_weighted': 0.9521863322196564, 'macro': 0.6787402926002488, 'micro': 0.9537359712427627, 'binary': 0.3815113719735877, 'accuracy_majority': 0.9633408265606087, 'macro_majority': 0.7235069268957597, 'binary_majority': 0.4659949622166246, 'run_time_millis': 17182.790642999975, 'loss_mean': 0.07016532868146896}
Epoch 4 **** Loss 0.031774379312992096 **** Metrics validation: {'accuracy': 0.9522816453091129, 'f1_weighted': 0.951341214342254, 'macro': 0.6771687880303044, 'micro': 0.9522816453091129, 'binary': 0.3791503034630489, 'accuracy_majority': 0.9620439218398755, 'macro_majority': 0.7208392952523743, 'binary_majority': 0.46134969325153374, 'run_time_millis': 17193.20156599997, 'loss_mean': 0.07810144871473312}
Epoch 5 **** Loss 0.04271039739251137 **** Metrics validation: {'accuracy': 0.9488516313146558, 'f1_weighted': 0.9496316083471993, 'macro': 0.6772327544921402, 'micro': 0.9488516313146558, 'binary': 0.38114209827357237, 'accuracy_majority': 0.9588448901954003, 'macro_majority': 0.7182346783962259, 'binary_majority': 0.45785876993166286, 'run_time_millis': 16973.499406999963, 'loss_mean': 0.0830928161740303}
Epoch 6 **** Loss 0.013008621521294117 **** Metrics validation: {'accuracy': 0.9554921384079247, 'f1_weighted': 0.9527942678252449, 'macro': 0.6753356573175624, 'micro': 0.9554921384079247, 'binary': 0.37374517374517374, 'accuracy_majority': 0.9655887947432129, 'macro_majority': 0.7257755934828583, 'binary_majority': 0.4693333333333333, 'run_time_millis': 17100.54969499993, 'loss_mean': 0.10307098925113678}
Epoch 7 **** Loss 0.03205106779932976 **** Metrics validation: {'accuracy': 0.9525286063167138, 'f1_weighted': 0.9514307035741499, 'macro': 0.6767337987238514, 'micro': 0.9525286063167138, 'binary': 0.3781452192667146, 'accuracy_majority': 0.9625626837281688, 'macro_majority': 0.7226871440858722, 'binary_majority': 0.4647713226205191, 'run_time_millis': 16936.075702999915, 'loss_mean': 0.09739674627780914}
Epoch 8 **** Loss 0.019222047179937363 **** Metrics validation: {'accuracy': 0.9535438904590731, 'f1_weighted': 0.9519438104431451, 'macro': 0.6768367197046139, 'micro': 0.9535438904590731, 'binary': 0.3778022785740537, 'accuracy_majority': 0.9633408265606087, 'macro_majority': 0.7221567145490868, 'binary_majority': 0.46329113924050636, 'run_time_millis': 16963.5366519999, 'loss_mean': 0.111176498234272}
Epoch 9 **** Loss 0.0038356888107955456 **** Metrics validation: {'accuracy': 0.9536810910188513, 'f1_weighted': 0.9518279095974856, 'macro': 0.6744546349808455, 'micro': 0.9536810910188513, 'binary': 0.3729569093610699, 'accuracy_majority': 0.9634272868753242, 'macro_majority': 0.7197306780064838, 'binary_majority': 0.45838668373879643, 'run_time_millis': 16091.784644999962, 'loss_mean': 0.11428188532590866}
Evaluating
{'accuracy': 0.9568915841176632, 'f1_weighted': 0.953692752413597, 'macro': 0.6779929309682634, 'micro': 0.9568915841176632, 'binary': 0.37831420656905423, 'accuracy_majority': 0.9670586200933772, 'macro_majority': 0.7323107231015815, 'binary_majority': 0.4816326530612245, 'run_time_millis': 16128.621265999982, 'loss_mean': 0.06593547016382217}
