Device cuda
Split type sit
Training Size: 46535, NTA labels 45056, YTA labels 1479
Validation Size: 15425, NTA labels 15007, YTA labels 418
Test Size: 15602, NTA labels 15107, YTA labels 495
Training with SBERT, model name is sbert
Tokenizing the dataset
Number of training steps 14550
Epoch 0 **** Loss 0.005754098761826754 **** Metrics validation: {'accuracy': 0.9572123176661265, 'f1_weighted': 0.962405702682725, 'macro': 0.6937309012389029, 'micro': 0.9572123176661265, 'binary': 0.40966010733452596, 'accuracy_majority': 0.955191493978518, 'macro_majority': 0.7073802932100011, 'binary_majority': 0.4380952380952381, 'run_time_millis': 8659.73312099959, 'loss_mean': 0.03845756873488426}
Epoch 1 **** Loss 0.15427373349666595 **** Metrics validation: {'accuracy': 0.9218800648298218, 'f1_weighted': 0.9415459804663238, 'macro': 0.6454613125396688, 'micro': 0.9218800648298218, 'binary': 0.33240997229916897, 'accuracy_majority': 0.9216664858413801, 'macro_majority': 0.6635614385614386, 'binary_majority': 0.36888111888111885, 'run_time_millis': 8798.58470900217, 'loss_mean': 0.03810100257396698}
Epoch 2 **** Loss 0.02583838440477848 **** Metrics validation: {'accuracy': 0.9283630470016208, 'f1_weighted': 0.9454782648883282, 'macro': 0.6554737193027556, 'micro': 0.9283630470016206, 'binary': 0.3488509133765469, 'accuracy_majority': 0.9255723120321145, 'macro_majority': 0.671745353976604, 'binary_majority': 0.3830935251798561, 'run_time_millis': 8749.281630000041, 'loss_mean': 0.03797397390007973}
Epoch 3 **** Loss 0.0008972666109912097 **** Metrics validation: {'accuracy': 0.9296596434359805, 'f1_weighted': 0.9460010912917233, 'macro': 0.652036377645076, 'micro': 0.9296596434359805, 'binary': 0.3412264723740133, 'accuracy_majority': 0.9263317782358685, 'macro_majority': 0.6675279229629298, 'binary_majority': 0.37419354838709673, 'run_time_millis': 8930.581380998774, 'loss_mean': 0.04251497611403465}
Epoch 4 **** Loss 0.03377658501267433 **** Metrics validation: {'accuracy': 0.9437277147487845, 'f1_weighted': 0.9543450584314697, 'macro': 0.6716873449520933, 'micro': 0.9437277147487845, 'binary': 0.3728323699421966, 'accuracy_majority': 0.9398936747314744, 'macro_majority': 0.6830971247846442, 'binary_majority': 0.3978260869565218, 'run_time_millis': 6868.40117400061, 'loss_mean': 0.04941847175359726}
Epoch 5 **** Loss 0.0019437902374193072 **** Metrics validation: {'accuracy': 0.9383468395461912, 'f1_weighted': 0.9513470410364899, 'macro': 0.6678493735597082, 'micro': 0.9383468395461912, 'binary': 0.36810631229235885, 'accuracy_majority': 0.9350113919930563, 'macro_majority': 0.6836191399949789, 'binary_majority': 0.4015984015984016, 'run_time_millis': 8691.071216002456, 'loss_mean': 0.05181088671088219}
Epoch 6 **** Loss 0.014413922093808651 **** Metrics validation: {'accuracy': 0.9388006482982172, 'f1_weighted': 0.9514020954329552, 'macro': 0.664148170044375, 'micro': 0.9388006482982172, 'binary': 0.3604336043360433, 'accuracy_majority': 0.9354453726809157, 'macro_majority': 0.6790746612696474, 'binary_majority': 0.3922369765066394, 'run_time_millis': 8862.734748003277, 'loss_mean': 0.0575387217104435}
Epoch 7 **** Loss 0.030130011960864067 **** Metrics validation: {'accuracy': 0.9474230145867099, 'f1_weighted': 0.9565488266198153, 'macro': 0.6774367265129482, 'micro': 0.9474230145867099, 'binary': 0.38233054074638234, 'accuracy_majority': 0.943799500922209, 'macro_majority': 0.6915930532042656, 'binary_majority': 0.41269841269841273, 'run_time_millis': 8802.113768000709, 'loss_mean': 0.06803762167692184}
Epoch 8 **** Loss 0.011603377759456635 **** Metrics validation: {'accuracy': 0.9506645056726094, 'f1_weighted': 0.9585264129812313, 'macro': 0.6834727781479331, 'micro': 0.9506645056726094, 'binary': 0.3926576217079011, 'accuracy_majority': 0.9462948898774004, 'macro_majority': 0.6950895911972446, 'binary_majority': 0.418331374853114, 'run_time_millis': 8353.102687997307, 'loss_mean': 0.07360249012708664}
Epoch 9 **** Loss 0.00996328704059124 **** Metrics validation: {'accuracy': 0.9452188006482982, 'f1_weighted': 0.9552050466664342, 'macro': 0.673407477694313, 'micro': 0.9452188006482982, 'binary': 0.37546193643754616, 'accuracy_majority': 0.9410871216230877, 'macro_majority': 0.6858279779475808, 'binary_majority': 0.4026402640264027, 'run_time_millis': 8872.236486000475, 'loss_mean': 0.06947092711925507}
Evaluating
{'accuracy': 0.9572123176661265, 'f1_weighted': 0.962405702682725, 'macro': 0.6937309012389029, 'micro': 0.9572123176661265, 'binary': 0.40966010733452596, 'accuracy_majority': 0.955191493978518, 'macro_majority': 0.7073802932100011, 'binary_majority': 0.4380952380952381, 'run_time_millis': 8809.88261099992, 'loss_mean': 0.03845756873488426}
