Device cuda
Split type sit
Training Size: 10812, NTA labels 7603, YTA labels 3209
Validation Size: 3612, NTA labels 2572, YTA labels 1040
Test Size: 4022, NTA labels 2867, YTA labels 1155
Training with SBERT, model name is sbert
Tokenizing the dataset
Number of training steps 3380
Epoch 0 **** Loss 0.23629672825336456 **** Metrics validation: {'accuracy': 0.6168327796234773, 'f1_weighted': 0.6265288503661429, 'macro': 0.5583894908351169, 'micro': 0.6168327796234773, 'binary': 0.3977371627502176, 'accuracy_majority': 0.6241830065359477, 'macro_majority': 0.5652454425653415, 'binary_majority': 0.4051724137931035, 'run_time_millis': 13176.870270632207, 'loss_mean': 0.29139360785484314}
Epoch 1 **** Loss 0.22572438418865204 **** Metrics validation: {'accuracy': 0.6868770764119602, 'f1_weighted': 0.6573044566741122, 'macro': 0.5541034237848574, 'micro': 0.6868770764119602, 'binary': 0.3107861060329068, 'accuracy_majority': 0.6726579520697168, 'macro_majority': 0.5341980121533458, 'binary_majority': 0.2802395209580838, 'run_time_millis': 13173.808187246323, 'loss_mean': 0.3222429156303406}
Epoch 2 **** Loss 0.17169144749641418 **** Metrics validation: {'accuracy': 0.67718715393134, 'f1_weighted': 0.6655260022920885, 'macro': 0.5796371354106781, 'micro': 0.67718715393134, 'binary': 0.3771367521367522, 'accuracy_majority': 0.6595860566448801, 'macro_majority': 0.5641878227051498, 'binary_majority': 0.36028659160696, 'run_time_millis': 13183.50132741034, 'loss_mean': 0.3511652648448944}
Epoch 3 **** Loss 0.12889324128627777 **** Metrics validation: {'accuracy': 0.698781838316722, 'f1_weighted': 0.6517628141376569, 'macro': 0.5344449883358203, 'micro': 0.698781838316722, 'binary': 0.2578444747612551, 'accuracy_majority': 0.6851851851851852, 'macro_majority': 0.528672921370871, 'binary_majority': 0.2570694087403599, 'run_time_millis': 13175.056758336723, 'loss_mean': 0.4193037152290344}
Epoch 4 **** Loss 0.21960952877998352 **** Metrics validation: {'accuracy': 0.689922480620155, 'f1_weighted': 0.6687573706096304, 'macro': 0.5750436465167874, 'micro': 0.689922480620155, 'binary': 0.35409457900807384, 'accuracy_majority': 0.6786492374727668, 'macro_majority': 0.572770656675212, 'binary_majority': 0.3600867678958785, 'run_time_millis': 13140.30820503831, 'loss_mean': 0.44673919677734375}
Epoch 5 **** Loss 0.13655075430870056 **** Metrics validation: {'accuracy': 0.6877076411960132, 'f1_weighted': 0.6740273959874287, 'macro': 0.5881333973827095, 'micro': 0.6877076411960132, 'binary': 0.38562091503267976, 'accuracy_majority': 0.6710239651416122, 'macro_majority': 0.5807382404181185, 'binary_majority': 0.38617886178861793, 'run_time_millis': 13123.543116264045, 'loss_mean': 0.5650279521942139}
Epoch 6 **** Loss 0.08516277372837067 **** Metrics validation: {'accuracy': 0.7007198228128461, 'f1_weighted': 0.6572130576020353, 'macro': 0.5436655886020998, 'micro': 0.7007198228128461, 'binary': 0.27595445411922304, 'accuracy_majority': 0.6917211328976035, 'macro_majority': 0.5468943758142748, 'binary_majority': 0.2907268170426065, 'run_time_millis': 13122.85593058914, 'loss_mean': 0.7380605936050415}
Epoch 7 **** Loss 0.05624891072511673 **** Metrics validation: {'accuracy': 0.7093023255813954, 'f1_weighted': 0.6781029805815608, 'macro': 0.5785250711237553, 'micro': 0.7093023255813953, 'binary': 0.34375, 'accuracy_majority': 0.6966230936819172, 'macro_majority': 0.5754049660893449, 'binary_majority': 0.34853801169590654, 'run_time_millis': 13122.169019654393, 'loss_mean': 0.9328774809837341}
Epoch 8 **** Loss 0.04204753413796425 **** Metrics validation: {'accuracy': 0.6971207087486158, 'f1_weighted': 0.675005141565409, 'macro': 0.5819253368272976, 'micro': 0.6971207087486158, 'binary': 0.36247086247086246, 'accuracy_majority': 0.6857298474945533, 'macro_majority': 0.5800567259494461, 'binary_majority': 0.3693989071038251, 'run_time_millis': 15151.622879318893, 'loss_mean': 1.0712640285491943}
Epoch 9 **** Loss 0.040005482733249664 **** Metrics validation: {'accuracy': 0.6998892580287929, 'f1_weighted': 0.6792478072867475, 'macro': 0.5883779724108466, 'micro': 0.6998892580287929, 'binary': 0.37413394919168586, 'accuracy_majority': 0.690631808278867, 'macro_majority': 0.5904669749673268, 'binary_majority': 0.3879310344827586, 'run_time_millis': 13130.065304227173, 'loss_mean': 1.148097038269043}
Evaluating
{'accuracy': 0.6998892580287929, 'f1_weighted': 0.6792478072867475, 'macro': 0.5883779724108466, 'micro': 0.6998892580287929, 'binary': 0.37413394919168586, 'accuracy_majority': 0.690631808278867, 'macro_majority': 0.5904669749673268, 'binary_majority': 0.3879310344827586, 'run_time_millis': 13123.609035275877, 'loss_mean': 1.148097038269043}
