Device cuda
Split type sit
Training Size: 97689, NTA labels 94097, YTA labels 3592
Validation Size: 32553, NTA labels 31342, YTA labels 1211
Test Size: 32410, NTA labels 31206, YTA labels 1204
Training with SBERT, model name is sbert
Tokenizing the dataset
Number of training steps 30530
Epoch 0 **** Loss 0.02833792008459568 **** Metrics validation: {'accuracy': 0.9596657758117532, 'f1_weighted': 0.9583916021736688, 'macro': 0.700726327750033, 'micro': 0.9596657758117532, 'binary': 0.42234931808183024, 'accuracy_majority': 0.9659840333217633, 'macro_majority': 0.7418318919058549, 'binary_majority': 0.5012722646310431, 'run_time_millis': 15836.618008004734, 'loss_mean': 0.05906270444393158}
Epoch 1 **** Loss 0.20858769118785858 **** Metrics validation: {'accuracy': 0.955610849998464, 'f1_weighted': 0.9570747134748927, 'macro': 0.7106631469482442, 'micro': 0.9556108499984639, 'binary': 0.4444444444444445, 'accuracy_majority': 0.9612113849357862, 'macro_majority': 0.7434888464415719, 'binary_majority': 0.5071664829106945, 'run_time_millis': 15812.149789002433, 'loss_mean': 0.05826175957918167}
Epoch 2 **** Loss 0.03969304636120796 **** Metrics validation: {'accuracy': 0.9519859920744632, 'f1_weighted': 0.9551722189933664, 'macro': 0.7096371722069909, 'micro': 0.9519859920744632, 'binary': 0.4443654461429079, 'accuracy_majority': 0.9566122874002083, 'macro_majority': 0.7366490867820328, 'binary_majority': 0.4959677419354839, 'run_time_millis': 15921.284528994875, 'loss_mean': 0.05782504752278328}
Epoch 3 **** Loss 0.05736483633518219 **** Metrics validation: {'accuracy': 0.950019967437717, 'f1_weighted': 0.9537617677781737, 'macro': 0.7037746590014512, 'micro': 0.950019967437717, 'binary': 0.4336930038287504, 'accuracy_majority': 0.953748698368622, 'macro_majority': 0.7253429305213698, 'binary_majority': 0.4748768472906404, 'run_time_millis': 15918.519074002688, 'loss_mean': 0.05917738750576973}
Epoch 4 **** Loss 0.012209002859890461 **** Metrics validation: {'accuracy': 0.950019967437717, 'f1_weighted': 0.9537756142045202, 'macro': 0.7039712152408313, 'micro': 0.950019967437717, 'binary': 0.4340869565217392, 'accuracy_majority': 0.9540090246442208, 'macro_majority': 0.7250795811367499, 'binary_majority': 0.47420634920634924, 'run_time_millis': 15657.38330300519, 'loss_mean': 0.06686696410179138}
Epoch 5 **** Loss 0.003396858461201191 **** Metrics validation: {'accuracy': 0.9318956778177127, 'f1_weighted': 0.9428001970080125, 'macro': 0.6801590557426829, 'micro': 0.9318956778177127, 'binary': 0.3964062074598421, 'accuracy_majority': 0.9317945157931273, 'macro_majority': 0.6864156892830658, 'binary_majority': 0.40902255639097745, 'run_time_millis': 15627.315722995263, 'loss_mean': 0.0704604908823967}
Epoch 6 **** Loss 0.06518439948558807 **** Metrics validation: {'accuracy': 0.9405891930083249, 'f1_weighted': 0.9480338556906779, 'macro': 0.6907917326608907, 'micro': 0.9405891930083249, 'binary': 0.41287188828172433, 'accuracy_majority': 0.9432488719194724, 'macro_majority': 0.706988153710643, 'binary_majority': 0.44387755102040816, 'run_time_millis': 15924.999743001536, 'loss_mean': 0.0829368606209755}
Epoch 7 **** Loss 0.06525275111198425 **** Metrics validation: {'accuracy': 0.9287316069179492, 'f1_weighted': 0.9408419560414363, 'macro': 0.675655234064843, 'micro': 0.9287316069179492, 'binary': 0.38915218536071616, 'accuracy_majority': 0.929798681013537, 'macro_majority': 0.6850078360201498, 'binary_majority': 0.4073260073260073, 'run_time_millis': 15931.93786899792, 'loss_mean': 0.07941973209381104}
Epoch 8 **** Loss 0.01594575121998787 **** Metrics validation: {'accuracy': 0.933892421589408, 'f1_weighted': 0.9439048401128601, 'macro': 0.6811137403479333, 'micro': 0.933892421589408, 'binary': 0.3971988795518207, 'accuracy_majority': 0.9342242276987157, 'macro_majority': 0.6869556965500159, 'binary_majority': 0.4087363494539782, 'run_time_millis': 15905.823699002212, 'loss_mean': 0.0864763855934143}
Epoch 9 **** Loss 0.005065164528787136 **** Metrics validation: {'accuracy': 0.9333701962952723, 'f1_weighted': 0.943627829732122, 'macro': 0.6810341567621029, 'micro': 0.9333701962952723, 'binary': 0.3973325923867741, 'accuracy_majority': 0.9343977785491149, 'macro_majority': 0.6886955917708941, 'binary_majority': 0.4121306376360808, 'run_time_millis': 14634.140769994701, 'loss_mean': 0.08886276930570602}
Evaluating
{'accuracy': 0.9596657758117532, 'f1_weighted': 0.9583916021736688, 'macro': 0.700726327750033, 'micro': 0.9596657758117532, 'binary': 0.42234931808183024, 'accuracy_majority': 0.9659840333217633, 'macro_majority': 0.7418318919058549, 'binary_majority': 0.5012722646310431, 'run_time_millis': 15663.219943002332, 'loss_mean': 0.05906270444393158}
