Device cuda
Split type sit
Training Size: 19040, NTA labels 12340, YTA labels 6700
Validation Size: 6379, NTA labels 4216, YTA labels 2163
Test Size: 6349, NTA labels 4148, YTA labels 2201
Training with SBERT, model name is sbert
Tokenizing the dataset
Number of training steps 5950
Epoch 0 **** Loss 0.21786828339099884 **** Metrics validation: {'accuracy': 0.772691644458379, 'f1_weighted': 0.7735968305467117, 'macro': 0.7484840327177011, 'micro': 0.772691644458379, 'binary': 0.6704545454545454, 'accuracy_majority': 0.808, 'macro_majority': 0.7921389691243657, 'binary_majority': 0.7347204161248375, 'run_time_millis': 4862.266012991313, 'loss_mean': 0.238716721534729}
Epoch 1 **** Loss 0.2074582278728485 **** Metrics validation: {'accuracy': 0.7607775513403354, 'f1_weighted': 0.7649595322373818, 'macro': 0.7436023014372921, 'micro': 0.7607775513403354, 'binary': 0.6772419627749577, 'accuracy_majority': 0.7985882352941176, 'macro_majority': 0.7878065897310988, 'binary_majority': 0.7399756986634264, 'run_time_millis': 5878.303953038994, 'loss_mean': 0.23661689460277557}
Epoch 2 **** Loss 0.2365921139717102 **** Metrics validation: {'accuracy': 0.7584260855933532, 'f1_weighted': 0.7625494640170345, 'macro': 0.7407877778889688, 'micro': 0.7584260855933532, 'binary': 0.6731707317073171, 'accuracy_majority': 0.7971764705882353, 'macro_majority': 0.786175428717244, 'binary_majority': 0.7376749847839319, 'run_time_millis': 5227.398636983708, 'loss_mean': 0.24510914087295532}
Epoch 3 **** Loss 0.14904075860977173 **** Metrics validation: {'accuracy': 0.7356952500391911, 'f1_weighted': 0.7424236821303869, 'macro': 0.7248044588099468, 'micro': 0.735695250039191, 'binary': 0.6700587084148728, 'accuracy_majority': 0.780235294117647, 'macro_majority': 0.7739623794133852, 'binary_majority': 0.7363071710897798, 'run_time_millis': 5878.422740963288, 'loss_mean': 0.24786362051963806}
Epoch 4 **** Loss 0.256247878074646 **** Metrics validation: {'accuracy': 0.767518419815018, 'f1_weighted': 0.7698610672465342, 'macro': 0.7461691698233667, 'micro': 0.767518419815018, 'binary': 0.672554647825127, 'accuracy_majority': 0.8051764705882353, 'macro_majority': 0.791351232895426, 'binary_majority': 0.7376425855513308, 'run_time_millis': 5070.840697968379, 'loss_mean': 0.2783834636211395}
Epoch 5 **** Loss 0.16987675428390503 **** Metrics validation: {'accuracy': 0.7436902335789308, 'f1_weighted': 0.7496942868910125, 'macro': 0.7305242690843197, 'micro': 0.7436902335789307, 'binary': 0.6709599517005433, 'accuracy_majority': 0.7868235294117647, 'macro_majority': 0.7790736343187551, 'binary_majority': 0.7376954255935149, 'run_time_millis': 5879.747857048642, 'loss_mean': 0.29784080386161804}
Epoch 6 **** Loss 0.18790067732334137 **** Metrics validation: {'accuracy': 0.7477661075403669, 'f1_weighted': 0.7534812050563255, 'macro': 0.7340233357358227, 'micro': 0.7477661075403669, 'binary': 0.6735646175694867, 'accuracy_majority': 0.7957647058823529, 'macro_majority': 0.7875849660135946, 'binary_majority': 0.7459016393442625, 'run_time_millis': 5895.884903031401, 'loss_mean': 0.2989894151687622}
Epoch 7 **** Loss 0.16308508813381195 **** Metrics validation: {'accuracy': 0.7319329048440194, 'f1_weighted': 0.7388752672929882, 'macro': 0.7217033755969245, 'micro': 0.7319329048440195, 'binary': 0.6683475562451513, 'accuracy_majority': 0.7750588235294118, 'macro_majority': 0.7691846577274908, 'binary_majority': 0.7323628219484881, 'run_time_millis': 5915.121197002009, 'loss_mean': 0.3022465407848358}
Epoch 8 **** Loss 0.1389443278312683 **** Metrics validation: {'accuracy': 0.7546637403981815, 'f1_weighted': 0.7594640661835542, 'macro': 0.7386288255125816, 'micro': 0.7546637403981815, 'binary': 0.6738903938320484, 'accuracy_majority': 0.7981176470588235, 'macro_majority': 0.7882827615661536, 'binary_majority': 0.7426514697060588, 'run_time_millis': 5720.846469979733, 'loss_mean': 0.32676368951797485}
Epoch 9 **** Loss 0.1906294971704483 **** Metrics validation: {'accuracy': 0.7590531431258818, 'f1_weighted': 0.7626418819408695, 'macro': 0.7399720949034253, 'micro': 0.7590531431258819, 'binary': 0.6695334336701785, 'accuracy_majority': 0.8, 'macro_majority': 0.7879783706831809, 'binary_majority': 0.7374922791846819, 'run_time_millis': 5936.724758998025, 'loss_mean': 0.35290592908859253}
Evaluating
{'accuracy': 0.772691644458379, 'f1_weighted': 0.7735968305467117, 'macro': 0.7484840327177011, 'micro': 0.772691644458379, 'binary': 0.6704545454545454, 'accuracy_majority': 0.808, 'macro_majority': 0.7921389691243657, 'binary_majority': 0.7347204161248375, 'run_time_millis': 5941.562918014824, 'loss_mean': 0.238716721534729}
