Device cuda
Split type sit
Training Size: 1878, NTA labels 1402, YTA labels 476
Validation Size: 606, NTA labels 460, YTA labels 146
Test Size: 781, NTA labels 643, YTA labels 138
Training with SBERT, model name is sbert
Tokenizing the dataset
Number of training steps 590
Epoch 0 **** Loss 0.2338303178548813 **** Metrics validation: {'accuracy': 0.533003300330033, 'f1_weighted': 0.5636955283717849, 'macro': 0.5142731714225023, 'micro': 0.533003300330033, 'binary': 0.4188911704312115, 'accuracy_majority': 0.5384615384615384, 'macro_majority': 0.5216672580072896, 'binary_majority': 0.43203883495145634, 'run_time_millis': 2136.9360759999836, 'loss_mean': 0.2560359835624695}
Epoch 1 **** Loss 0.31417936086654663 **** Metrics validation: {'accuracy': 0.6287128712871287, 'f1_weighted': 0.6521960249124773, 'macro': 0.5693453480769777, 'micro': 0.6287128712871287, 'binary': 0.40944881889763785, 'accuracy_majority': 0.6272189349112426, 'macro_majority': 0.5734545891590882, 'binary_majority': 0.4220183486238532, 'run_time_millis': 2142.606282000088, 'loss_mean': 0.25297319889068604}
Epoch 2 **** Loss 0.18249677121639252 **** Metrics validation: {'accuracy': 0.6567656765676567, 'f1_weighted': 0.6686127723245783, 'macro': 0.5652797704447632, 'micro': 0.6567656765676567, 'binary': 0.36585365853658536, 'accuracy_majority': 0.6548323471400395, 'macro_majority': 0.5692396576250286, 'binary_majority': 0.3772241992882563, 'run_time_millis': 2142.5552819998757, 'loss_mean': 0.26788634061813354}
Epoch 3 **** Loss 0.2224346101284027 **** Metrics validation: {'accuracy': 0.6089108910891089, 'f1_weighted': 0.6362281015746363, 'macro': 0.5616402399011095, 'micro': 0.6089108910891089, 'binary': 0.41769041769041765, 'accuracy_majority': 0.5976331360946746, 'macro_majority': 0.5525077013602853, 'binary_majority': 0.4104046242774567, 'run_time_millis': 2146.245592000014, 'loss_mean': 0.29574060440063477}
Epoch 4 **** Loss 0.12511850893497467 **** Metrics validation: {'accuracy': 0.6831683168316832, 'f1_weighted': 0.6983928277885258, 'macro': 0.6130268199233716, 'micro': 0.6831683168316832, 'binary': 0.4482758620689656, 'accuracy_majority': 0.6785009861932939, 'macro_majority': 0.6103769359515334, 'binary_majority': 0.44745762711864406, 'run_time_millis': 2147.504346000005, 'loss_mean': 0.36490145325660706}
Epoch 5 **** Loss 0.04348147287964821 **** Metrics validation: {'accuracy': 0.7079207920792079, 'f1_weighted': 0.7061659513724232, 'macro': 0.5959619549863453, 'micro': 0.7079207920792079, 'binary': 0.3832752613240419, 'accuracy_majority': 0.7001972386587771, 'macro_majority': 0.5898232914626357, 'binary_majority': 0.3770491803278688, 'run_time_millis': 2168.6525069999334, 'loss_mean': 0.47614648938179016}
Epoch 6 **** Loss 0.06566338986158371 **** Metrics validation: {'accuracy': 0.7013201320132013, 'f1_weighted': 0.6964424755582773, 'macro': 0.5786283119547304, 'micro': 0.7013201320132013, 'binary': 0.35125448028673834, 'accuracy_majority': 0.6923076923076923, 'macro_majority': 0.5717534436454994, 'binary_majority': 0.3445378151260504, 'run_time_millis': 2150.5866689999493, 'loss_mean': 0.5808561444282532}
Epoch 7 **** Loss 0.03961231932044029 **** Metrics validation: {'accuracy': 0.6881188118811881, 'f1_weighted': 0.6862449989230961, 'macro': 0.5685695451549111, 'micro': 0.6881188118811881, 'binary': 0.34146341463414637, 'accuracy_majority': 0.6863905325443787, 'macro_majority': 0.5721291897773414, 'binary_majority': 0.35102040816326535, 'run_time_millis': 2150.5241289996775, 'loss_mean': 0.6287380456924438}
Epoch 8 **** Loss 0.011114198714494705 **** Metrics validation: {'accuracy': 0.7178217821782178, 'f1_weighted': 0.7056631911423493, 'macro': 0.582508430327423, 'micro': 0.7178217821782178, 'binary': 0.3448275862068966, 'accuracy_majority': 0.717948717948718, 'macro_majority': 0.5863066538090647, 'binary_majority': 0.35294117647058826, 'run_time_millis': 2151.738751999801, 'loss_mean': 0.6872346997261047}
Epoch 9 **** Loss 0.05858483165502548 **** Metrics validation: {'accuracy': 0.7013201320132013, 'f1_weighted': 0.6939482980352243, 'macro': 0.5721190417676041, 'micro': 0.7013201320132013, 'binary': 0.336996336996337, 'accuracy_majority': 0.6982248520710059, 'macro_majority': 0.5737224753122716, 'binary_majority': 0.3433476394849785, 'run_time_millis': 2149.0617929998734, 'loss_mean': 0.6792559623718262}
Evaluating
{'accuracy': 0.7079207920792079, 'f1_weighted': 0.7061659513724232, 'macro': 0.5959619549863453, 'micro': 0.7079207920792079, 'binary': 0.3832752613240419, 'accuracy_majority': 0.7001972386587771, 'macro_majority': 0.5898232914626357, 'binary_majority': 0.3770491803278688, 'run_time_millis': 2147.8540989996873, 'loss_mean': 0.47614648938179016}
