Device cuda
Split type sit
Training Size: 82654, NTA labels 80704, YTA labels 1950
Validation Size: 27561, NTA labels 26885, YTA labels 676
Test Size: 27560, NTA labels 26870, YTA labels 690
Training with SBERT, model name is sbert
Tokenizing the dataset
Number of training steps 25830
Epoch 0 **** Loss 0.024266015738248825 **** Metrics validation: {'accuracy': 0.9529770327636878, 'f1_weighted': 0.9598272264721383, 'macro': 0.6534505593991349, 'micro': 0.9529770327636878, 'binary': 0.33126934984520123, 'accuracy_majority': 0.953523106659638, 'macro_majority': 0.668112031711785, 'binary_majority': 0.3603385731559855, 'run_time_millis': 13025.161024008412, 'loss_mean': 0.04226554557681084}
Epoch 1 **** Loss 0.029761433601379395 **** Metrics validation: {'accuracy': 0.9408584594172925, 'f1_weighted': 0.9531959519508316, 'macro': 0.64524038832081, 'micro': 0.9408584594172925, 'binary': 0.32139883430474603, 'accuracy_majority': 0.9360393603936039, 'macro_majority': 0.6480338291385874, 'binary_majority': 0.3296500920810313, 'run_time_millis': 14048.465960950125, 'loss_mean': 0.04050266370177269}
Epoch 2 **** Loss 0.012802602723240852 **** Metrics validation: {'accuracy': 0.9457929683248067, 'f1_weighted': 0.9561767616608349, 'macro': 0.6544596446497912, 'micro': 0.9457929683248067, 'binary': 0.33717834960070986, 'accuracy_majority': 0.9406079775083465, 'macro_majority': 0.6556559864464842, 'binary_majority': 0.3424124513618677, 'run_time_millis': 13933.59465803951, 'loss_mean': 0.043988991528749466}
Epoch 3 **** Loss 0.021428385749459267 **** Metrics validation: {'accuracy': 0.9453575704800261, 'f1_weighted': 0.9558247677785925, 'macro': 0.6516842201088258, 'micro': 0.9453575704800261, 'binary': 0.3318544809228039, 'accuracy_majority': 0.9411351256369707, 'macro_majority': 0.6574421788753451, 'binary_majority': 0.345703125, 'run_time_millis': 14041.18327004835, 'loss_mean': 0.049894195050001144}
Epoch 4 **** Loss 0.013581464067101479 **** Metrics validation: {'accuracy': 0.9407858931098291, 'f1_weighted': 0.9530617230136319, 'macro': 0.6431029311554725, 'micro': 0.9407858931098291, 'binary': 0.31715481171548116, 'accuracy_majority': 0.9334914777719205, 'macro_majority': 0.6436608247273881, 'binary_majority': 0.32229185317815584, 'run_time_millis': 14049.339589022566, 'loss_mean': 0.056196652352809906}
Epoch 5 **** Loss 0.046139851212501526 **** Metrics validation: {'accuracy': 0.9423097855665614, 'f1_weighted': 0.953935750348394, 'macro': 0.6449044004832322, 'micro': 0.9423097855665614, 'binary': 0.31993156544054746, 'accuracy_majority': 0.9358636443507292, 'macro_majority': 0.6445788832582156, 'binary_majority': 0.3228200371057514, 'run_time_millis': 13937.418976041954, 'loss_mean': 0.06384049355983734}
Epoch 6 **** Loss 0.06566818803548813 **** Metrics validation: {'accuracy': 0.9411487246471464, 'f1_weighted': 0.9531020044460334, 'macro': 0.6398184941969965, 'micro': 0.9411487246471464, 'binary': 0.31037414965986393, 'accuracy_majority': 0.9348972061149183, 'macro_majority': 0.6414350739306212, 'binary_majority': 0.3170506912442397, 'run_time_millis': 13158.953537000343, 'loss_mean': 0.06977906823158264}
Epoch 7 **** Loss 0.0032145038712769747 **** Metrics validation: {'accuracy': 0.9377381081963644, 'f1_weighted': 0.9511427053295053, 'macro': 0.6357736871405536, 'micro': 0.9377381081963644, 'binary': 0.30413625304136255, 'accuracy_majority': 0.930152872957301, 'macro_majority': 0.6332381816794149, 'binary_majority': 0.3032427695004382, 'run_time_millis': 14076.715414004866, 'loss_mean': 0.07006377726793289}
Epoch 8 **** Loss 0.020367685705423355 **** Metrics validation: {'accuracy': 0.9330212982112405, 'f1_weighted': 0.948526459692564, 'macro': 0.6325274104981573, 'micro': 0.9330212982112405, 'binary': 0.30022744503411675, 'accuracy_majority': 0.9247935336496222, 'macro_majority': 0.631592098194191, 'binary_majority': 0.30293159609120524, 'run_time_millis': 12920.670485007577, 'loss_mean': 0.07047806680202484}
Epoch 9 **** Loss 0.002388443797826767 **** Metrics validation: {'accuracy': 0.9397336816516092, 'f1_weighted': 0.9523252216752788, 'macro': 0.6389238233083672, 'micro': 0.9397336816516092, 'binary': 0.3093555093555093, 'accuracy_majority': 0.9334036197504832, 'macro_majority': 0.6410560186121284, 'binary_majority': 0.31711711711711715, 'run_time_millis': 13918.103386997245, 'loss_mean': 0.07577788829803467}
Evaluating
{'accuracy': 0.9529770327636878, 'f1_weighted': 0.9598272264721383, 'macro': 0.6534505593991349, 'micro': 0.9529770327636878, 'binary': 0.33126934984520123, 'accuracy_majority': 0.953523106659638, 'macro_majority': 0.668112031711785, 'binary_majority': 0.3603385731559855, 'run_time_millis': 12887.202773999888, 'loss_mean': 0.04226554557681084}
