______________________________	 Running Epoch 1 of 10 	______________________________
[Training] Itteration/Batch:   0/186: Loss: 0.81 | Accuracy: 0.50
[Training] Itteration/Batch:  25/186: Loss: 1.17 | Accuracy: 0.58
[Training] Itteration/Batch:  50/186: Loss: 1.10 | Accuracy: 0.54
[Training] Itteration/Batch:  75/186: Loss: 0.77 | Accuracy: 0.68
[Training] Itteration/Batch: 100/186: Loss: 0.90 | Accuracy: 0.74
[Training] Itteration/Batch: 125/186: Loss: 0.94 | Accuracy: 0.81
[Training] Itteration/Batch: 150/186: Loss: 1.29 | Accuracy: 0.43
[Training] Itteration/Batch: 175/186: Loss: 0.83 | Accuracy: 0.83

Epoch 1: Val Bin. F1 Majority 0.0 | Val Macro F1 Majority 0.41661613098847783 |             Val Bin F1 Individual 0.17488789558410645 | Val Macro F1 Individual 0.5089456526729824 |             Val Accuracy Majority 0.7141371965408325 | Val Accuracy Individual 0.7362006902694702 | Training Loss:0.9754462242126465 |             Val Loss 0.9515343904495239 | Train Runtime Millis 14746.906936983578 | Val Runtime Millis 2151.6189070243854

______________________________	 Running Epoch 2 of 10 	______________________________
[Training] Itteration/Batch:   0/186: Loss: 0.96 | Accuracy: 0.57
[Training] Itteration/Batch:  25/186: Loss: 0.73 | Accuracy: 0.81
[Training] Itteration/Batch:  50/186: Loss: 0.95 | Accuracy: 0.65
[Training] Itteration/Batch:  75/186: Loss: 1.02 | Accuracy: 0.82
[Training] Itteration/Batch: 100/186: Loss: 1.13 | Accuracy: 0.64
[Training] Itteration/Batch: 125/186: Loss: 0.88 | Accuracy: 0.67
[Training] Itteration/Batch: 150/186: Loss: 1.07 | Accuracy: 0.68
[Training] Itteration/Batch: 175/186: Loss: 0.86 | Accuracy: 0.65

Epoch 2: Val Bin. F1 Majority 0.0 | Val Macro F1 Majority 0.41661613098847783 |             Val Bin F1 Individual 0.2109704613685608 | Val Macro F1 Individual 0.5247425723093068 |             Val Accuracy Majority 0.7141371965408325 | Val Accuracy Individual 0.731899619102478 | Training Loss:0.9395708441734314 |             Val Loss 0.9428995251655579 | Train Runtime Millis 13786.034999007825 | Val Runtime Millis 2143.983873014804

______________________________	 Running Epoch 3 of 10 	______________________________
[Training] Itteration/Batch:   0/186: Loss: 1.05 | Accuracy: 0.70
[Training] Itteration/Batch:  25/186: Loss: 0.89 | Accuracy: 0.81
[Training] Itteration/Batch:  50/186: Loss: 1.03 | Accuracy: 0.80
[Training] Itteration/Batch:  75/186: Loss: 0.60 | Accuracy: 0.81
[Training] Itteration/Batch: 100/186: Loss: 0.86 | Accuracy: 0.68
[Training] Itteration/Batch: 125/186: Loss: 1.27 | Accuracy: 0.62
[Training] Itteration/Batch: 150/186: Loss: 0.97 | Accuracy: 0.76
[Training] Itteration/Batch: 175/186: Loss: 0.76 | Accuracy: 0.83

Epoch 3: Val Bin. F1 Majority 0.054054055362939835 | Val Macro F1 Majority 0.441031941031941 |             Val Bin F1 Individual 0.3501577377319336 | Val Macro F1 Individual 0.5795315545202882 |             Val Accuracy Majority 0.7089397311210632 | Val Accuracy Individual 0.7046595215797424 | Training Loss:0.8836875557899475 |             Val Loss 0.9324694871902466 | Train Runtime Millis 13781.301456998335 | Val Runtime Millis 2140.6053059909027

______________________________	 Running Epoch 4 of 10 	______________________________
[Training] Itteration/Batch:   0/186: Loss: 0.92 | Accuracy: 0.82
[Training] Itteration/Batch:  25/186: Loss: 0.70 | Accuracy: 0.96
[Training] Itteration/Batch:  50/186: Loss: 0.69 | Accuracy: 0.65
[Training] Itteration/Batch:  75/186: Loss: 0.58 | Accuracy: 0.80
[Training] Itteration/Batch: 100/186: Loss: 0.41 | Accuracy: 0.95
[Training] Itteration/Batch: 125/186: Loss: 0.98 | Accuracy: 0.86
[Training] Itteration/Batch: 150/186: Loss: 0.76 | Accuracy: 0.67
[Training] Itteration/Batch: 175/186: Loss: 0.64 | Accuracy: 0.86

Epoch 4: Val Bin. F1 Majority 0.1710914522409439 | Val Macro F1 Majority 0.4969021895908359 |             Val Bin F1 Individual 0.32081910967826843 | Val Macro F1 Individual 0.5701191751887663 |             Val Accuracy Majority 0.7079002261161804 | Val Accuracy Individual 0.7146953344345093 | Training Loss:0.7502433061599731 |             Val Loss 0.9489338397979736 | Train Runtime Millis 13938.320184999611 | Val Runtime Millis 2148.9499470044393

