Device cuda
Split type sit
Training Size: 7800, NTA labels 7599, YTA labels 201
Validation Size: 5203, NTA labels 5073, YTA labels 130
Test Size: 4997, NTA labels 4886, YTA labels 111
Training with SBERT, model name is sbert
Tokenizing the dataset
Number of training steps 2440
Epoch 0 **** Loss 0.05196339264512062 **** Metrics validation: {'accuracy': 0.9729002498558524, 'f1_weighted': 0.9626336075577968, 'macro': 0.5135361484490473, 'micro': 0.9729002498558524, 'binary': 0.04081632653061224, 'accuracy_majority': 0.9822447685478757, 'macro_majority': 0.5288518992744344, 'binary_majority': 0.06666666666666667, 'run_time_millis': 3978.8753199973144, 'loss_mean': 0.0393059067428112}
Epoch 1 **** Loss 0.03395693376660347 **** Metrics validation: {'accuracy': 0.9604074572362099, 'f1_weighted': 0.9591405101748942, 'macro': 0.5677330524196541, 'micro': 0.9604074572362099, 'binary': 0.1557377049180328, 'accuracy_majority': 0.9708306911857958, 'macro_majority': 0.6092329239388062, 'binary_majority': 0.23333333333333334, 'run_time_millis': 3980.8943779789843, 'loss_mean': 0.036940813064575195}
Epoch 2 **** Loss 0.011435851454734802 **** Metrics validation: {'accuracy': 0.9661733615221987, 'f1_weighted': 0.9633413982598293, 'macro': 0.5949625981047819, 'micro': 0.9661733615221987, 'binary': 0.2072072072072072, 'accuracy_majority': 0.9759036144578314, 'macro_majority': 0.628490304022219, 'binary_majority': 0.2692307692307692, 'run_time_millis': 3981.551546981791, 'loss_mean': 0.0358797051012516}
Epoch 3 **** Loss 0.034840211272239685 **** Metrics validation: {'accuracy': 0.9440707284259081, 'f1_weighted': 0.953251154411327, 'macro': 0.6171115570340979, 'micro': 0.9440707284259081, 'binary': 0.2632911392405063, 'accuracy_majority': 0.9530754597336716, 'macro_majority': 0.6388042886148665, 'binary_majority': 0.3018867924528302, 'run_time_millis': 3981.6546980000567, 'loss_mean': 0.032243311405181885}
Epoch 4 **** Loss 0.09993018954992294 **** Metrics validation: {'accuracy': 0.9527195848548914, 'f1_weighted': 0.9584907341906395, 'macro': 0.6343226527519696, 'micro': 0.9527195848548914, 'binary': 0.2931034482758621, 'accuracy_majority': 0.9600507292327204, 'macro_majority': 0.6509995679253038, 'binary_majority': 0.3225806451612903, 'run_time_millis': 3981.5823470125906, 'loss_mean': 0.03495503216981888}
Epoch 5 **** Loss 0.016488509252667427 **** Metrics validation: {'accuracy': 0.9454161060926388, 'f1_weighted': 0.9541591931991394, 'macro': 0.6217201196035061, 'micro': 0.9454161060926388, 'binary': 0.2717948717948718, 'accuracy_majority': 0.9530754597336716, 'macro_majority': 0.6388042886148665, 'binary_majority': 0.3018867924528302, 'run_time_millis': 3987.430085981032, 'loss_mean': 0.03578687086701393}
Epoch 6 **** Loss 0.011021263897418976 **** Metrics validation: {'accuracy': 0.9423409571401115, 'f1_weighted': 0.9524557271613191, 'macro': 0.6191403390624542, 'micro': 0.9423409571401115, 'binary': 0.26829268292682923, 'accuracy_majority': 0.9511731135066582, 'macro_majority': 0.6405011649835837, 'binary_majority': 0.3063063063063063, 'run_time_millis': 3980.9929089969955, 'loss_mean': 0.03734736517071724}
Epoch 7 **** Loss 0.022227684035897255 **** Metrics validation: {'accuracy': 0.9352296751873919, 'f1_weighted': 0.9485487606034174, 'macro': 0.6143546529312623, 'micro': 0.9352296751873919, 'binary': 0.26258205689277897, 'accuracy_majority': 0.9429296131896006, 'macro_majority': 0.6222452890450335, 'binary_majority': 0.27419354838709675, 'run_time_millis': 3979.6945330163, 'loss_mean': 0.03695036470890045}
Epoch 8 **** Loss 0.0010345774935558438 **** Metrics validation: {'accuracy': 0.9488756486642321, 'f1_weighted': 0.9557218017356348, 'macro': 0.6173164554161966, 'micro': 0.9488756486642321, 'binary': 0.2611111111111111, 'accuracy_majority': 0.9568801521876982, 'macro_majority': 0.6347149553084805, 'binary_majority': 0.29166666666666663, 'run_time_millis': 3982.149515999481, 'loss_mean': 0.043429818004369736}
Epoch 9 **** Loss 0.014947515912353992 **** Metrics validation: {'accuracy': 0.9517586008072266, 'f1_weighted': 0.9573964397415848, 'macro': 0.6216393571809553, 'micro': 0.9517586008072266, 'binary': 0.26822157434402333, 'accuracy_majority': 0.9606848446417248, 'macro_majority': 0.6454380620829707, 'binary_majority': 0.3111111111111111, 'run_time_millis': 3685.1443340128753, 'loss_mean': 0.04526367038488388}
Evaluating
{'accuracy': 0.9661733615221987, 'f1_weighted': 0.9633413982598293, 'macro': 0.5949625981047819, 'micro': 0.9661733615221987, 'binary': 0.2072072072072072, 'accuracy_majority': 0.9759036144578314, 'macro_majority': 0.628490304022219, 'binary_majority': 0.2692307692307692, 'run_time_millis': 3979.8998039914295, 'loss_mean': 0.0358797051012516}
