Device cuda
Split type sit
Training Size: 3849, NTA labels 3284, YTA labels 565
Validation Size: 1259, NTA labels 1036, YTA labels 223
Test Size: 1310, NTA labels 1101, YTA labels 209
Training with SBERT, model name is sbert
Tokenizing the dataset
Number of training steps 1210
Epoch 0 **** Loss 0.14668387174606323 **** Metrics validation: {'accuracy': 0.8419380460683081, 'f1_weighted': 0.85491417300465, 'macro': 0.7779098576816874, 'micro': 0.8419380460683081, 'binary': 0.6586620926243567, 'accuracy_majority': 0.8614649681528662, 'macro_majority': 0.8164501466423438, 'binary_majority': 0.7255520504731862, 'run_time_millis': 3017.7379299998393, 'loss_mean': 0.11562290042638779}
Epoch 1 **** Loss 0.03131299093365669 **** Metrics validation: {'accuracy': 0.8903891977760127, 'f1_weighted': 0.8964034114968519, 'macro': 0.8337167992527199, 'micro': 0.8903891977760128, 'binary': 0.7366412213740458, 'accuracy_majority': 0.9156050955414012, 'macro_majority': 0.8803177240087305, 'binary_majority': 0.8153310104529616, 'run_time_millis': 2501.5993370002434, 'loss_mean': 0.09837216138839722}
Epoch 2 **** Loss 0.029782742261886597 **** Metrics validation: {'accuracy': 0.8967434471803019, 'f1_weighted': 0.9029615138766975, 'macro': 0.8455150567838587, 'micro': 0.8967434471803019, 'binary': 0.7565543071161047, 'accuracy_majority': 0.9076433121019108, 'macro_majority': 0.8741430782839452, 'binary_majority': 0.8092105263157896, 'run_time_millis': 3018.3032189997903, 'loss_mean': 0.08173009008169174}
Epoch 3 **** Loss 0.004702761769294739 **** Metrics validation: {'accuracy': 0.9102462271644162, 'f1_weighted': 0.9129939894849065, 'macro': 0.8557137134193031, 'micro': 0.9102462271644162, 'binary': 0.7670103092783506, 'accuracy_majority': 0.9219745222929936, 'macro_majority': 0.8871096143193082, 'binary_majority': 0.8243727598566307, 'run_time_millis': 1189.353939999819, 'loss_mean': 0.10993105173110962}
Epoch 4 **** Loss 0.05223719775676727 **** Metrics validation: {'accuracy': 0.9221604447974583, 'f1_weighted': 0.9234514864542029, 'macro': 0.8709706431075304, 'micro': 0.9221604447974583, 'binary': 0.7896995708154507, 'accuracy_majority': 0.9394904458598726, 'macro_majority': 0.9088770772238515, 'binary_majority': 0.8560606060606061, 'run_time_millis': 2102.567375000035, 'loss_mean': 0.15172922611236572}
Epoch 5 **** Loss 0.10806357115507126 **** Metrics validation: {'accuracy': 0.9181890389197777, 'f1_weighted': 0.9202261680437084, 'macro': 0.866800813922554, 'micro': 0.9181890389197777, 'binary': 0.7840670859538784, 'accuracy_majority': 0.9251592356687898, 'macro_majority': 0.8917173851634181, 'binary_majority': 0.8315412186379929, 'run_time_millis': 3013.335702999939, 'loss_mean': 0.13745954632759094}
Epoch 6 **** Loss 0.0010322451125830412 **** Metrics validation: {'accuracy': 0.9245432883240667, 'f1_weighted': 0.9260850787750254, 'macro': 0.8759460533098513, 'micro': 0.9245432883240667, 'binary': 0.7983014861995754, 'accuracy_majority': 0.9363057324840764, 'macro_majority': 0.9066407004920689, 'binary_majority': 0.854014598540146, 'run_time_millis': 3027.1343439999328, 'loss_mean': 0.16427382826805115}
Epoch 7 **** Loss 0.0014041941612958908 **** Metrics validation: {'accuracy': 0.926131850675139, 'f1_weighted': 0.9260666694813522, 'macro': 0.8730743589326655, 'micro': 0.926131850675139, 'binary': 0.7910112359550562, 'accuracy_majority': 0.9347133757961783, 'macro_majority': 0.901408720358096, 'binary_majority': 0.844106463878327, 'run_time_millis': 2362.005921999753, 'loss_mean': 0.21073977649211884}
Epoch 8 **** Loss 3.558436219464056e-05 **** Metrics validation: {'accuracy': 0.9285146942017474, 'f1_weighted': 0.928885351719026, 'macro': 0.8786612581278004, 'micro': 0.9285146942017474, 'binary': 0.8008849557522125, 'accuracy_majority': 0.9394904458598726, 'macro_majority': 0.909873708381171, 'binary_majority': 0.8582089552238805, 'run_time_millis': 2254.983215000266, 'loss_mean': 0.2082662135362625}
Epoch 9 **** Loss 0.0007951149018481374 **** Metrics validation: {'accuracy': 0.9269261318506752, 'f1_weighted': 0.9267967843684594, 'macro': 0.8742170328476982, 'micro': 0.9269261318506752, 'binary': 0.7927927927927928, 'accuracy_majority': 0.9363057324840764, 'macro_majority': 0.9040811339198436, 'binary_majority': 0.8484848484848484, 'run_time_millis': 3014.5001959999718, 'loss_mean': 0.227441668510437}
Evaluating
{'accuracy': 0.9285146942017474, 'f1_weighted': 0.928885351719026, 'macro': 0.8786612581278004, 'micro': 0.9285146942017474, 'binary': 0.8008849557522125, 'accuracy_majority': 0.9394904458598726, 'macro_majority': 0.909873708381171, 'binary_majority': 0.8582089552238805, 'run_time_millis': 1036.5736419998939, 'loss_mean': 0.2082662135362625}
