Device cuda
Split type sit
Training Size: 41168, NTA labels 28797, YTA labels 12371
Validation Size: 13764, NTA labels 9811, YTA labels 3953
Test Size: 14376, NTA labels 10158, YTA labels 4218
Training with SBERT, model name is sbert
Tokenizing the dataset
Number of training steps 12870
Epoch 0 **** Loss 0.3024863004684448 **** Metrics validation: {'accuracy': 0.7002324905550712, 'f1_weighted': 0.6594611335546946, 'macro': 0.5476453052268828, 'micro': 0.7002324905550712, 'binary': 0.2849220103986135, 'accuracy_majority': 0.6933333333333334, 'macro_majority': 0.5271191589592166, 'binary_majority': 0.24676313785224677, 'run_time_millis': 48788.05374389049, 'loss_mean': 0.30483004450798035}
Epoch 1 **** Loss 0.1421922743320465 **** Metrics validation: {'accuracy': 0.6807614065678582, 'f1_weighted': 0.6595715838994635, 'macro': 0.5630474927708037, 'micro': 0.6807614065678582, 'binary': 0.33625377643504534, 'accuracy_majority': 0.6784496124031008, 'macro_majority': 0.5659235603892342, 'binary_majority': 0.344914718888187, 'run_time_millis': 50779.03795905877, 'loss_mean': 0.3155268728733063}
Epoch 2 **** Loss 0.15625032782554626 **** Metrics validation: {'accuracy': 0.689261842487649, 'f1_weighted': 0.649773725270866, 'macro': 0.5365473960217646, 'micro': 0.689261842487649, 'binary': 0.27050997782705094, 'accuracy_majority': 0.6883720930232559, 'macro_majority': 0.5365126301514863, 'binary_majority': 0.271211022480058, 'run_time_millis': 50780.88811202906, 'loss_mean': 0.40800246596336365}
Epoch 3 **** Loss 0.16446641087532043 **** Metrics validation: {'accuracy': 0.6580935774484161, 'f1_weighted': 0.6567974690987449, 'macro': 0.5793219312173711, 'micro': 0.6580935774484161, 'binary': 0.3972848360655738, 'accuracy_majority': 0.6589147286821705, 'macro_majority': 0.5873549024680307, 'binary_majority': 0.4155154091392137, 'run_time_millis': 48744.12829999346, 'loss_mean': 0.34320589900016785}
Epoch 4 **** Loss 0.1470751315355301 **** Metrics validation: {'accuracy': 0.6793083405986632, 'f1_weighted': 0.6615021028643274, 'macro': 0.5683691201431319, 'micro': 0.6793083405986632, 'binary': 0.3495431771293841, 'accuracy_majority': 0.6849612403100775, 'macro_majority': 0.5723347603633706, 'binary_majority': 0.3528662420382166, 'run_time_millis': 50756.71046494972, 'loss_mean': 0.523884117603302}
Epoch 5 **** Loss 0.20255503058433533 **** Metrics validation: {'accuracy': 0.6795263004940424, 'f1_weighted': 0.6659509626507386, 'macro': 0.5776886662178048, 'micro': 0.6795263004940424, 'binary': 0.3703069236259814, 'accuracy_majority': 0.684031007751938, 'macro_majority': 0.584901139329549, 'binary_majority': 0.3820497271073378, 'run_time_millis': 50767.21791096497, 'loss_mean': 0.451640784740448}
Epoch 6 **** Loss 0.09685111045837402 **** Metrics validation: {'accuracy': 0.6844667247893055, 'f1_weighted': 0.6727643347423987, 'macro': 0.5878168739062396, 'micro': 0.6844667247893055, 'binary': 0.3882236934779547, 'accuracy_majority': 0.6722480620155039, 'macro_majority': 0.5721332617884343, 'binary_majority': 0.3651651651651652, 'run_time_millis': 50740.96260196529, 'loss_mean': 0.4337676763534546}
Epoch 7 **** Loss 0.1177799180150032 **** Metrics validation: {'accuracy': 0.6666666666666666, 'f1_weighted': 0.6620453556867081, 'macro': 0.5819517470458888, 'micro': 0.6666666666666666, 'binary': 0.39376321353065535, 'accuracy_majority': 0.6595348837209303, 'macro_majority': 0.5748990624621844, 'binary_majority': 0.3852183650615902, 'run_time_millis': 50749.951323028654, 'loss_mean': 0.48785799741744995}
Epoch 8 **** Loss 0.15942169725894928 **** Metrics validation: {'accuracy': 0.6937663469921534, 'f1_weighted': 0.6639567585551541, 'macro': 0.5614173756638197, 'micro': 0.6937663469921534, 'binary': 0.32049008544252783, 'accuracy_majority': 0.6911627906976744, 'macro_majority': 0.562480998754499, 'binary_majority': 0.3252032520325203, 'run_time_millis': 49283.88876700774, 'loss_mean': 0.5969577431678772}
Epoch 9 **** Loss 0.24356764554977417 **** Metrics validation: {'accuracy': 0.6838128451031676, 'f1_weighted': 0.6660569648900492, 'macro': 0.5740092248117762, 'micro': 0.6838128451031676, 'binary': 0.3577331759149941, 'accuracy_majority': 0.6781395348837209, 'macro_majority': 0.5696940046255116, 'binary_majority': 0.35367372353673726, 'run_time_millis': 50746.15532904863, 'loss_mean': 0.6796305775642395}
Evaluating
{'accuracy': 0.6844667247893055, 'f1_weighted': 0.6727643347423987, 'macro': 0.5878168739062396, 'micro': 0.6844667247893055, 'binary': 0.3882236934779547, 'accuracy_majority': 0.6722480620155039, 'macro_majority': 0.5721332617884343, 'binary_majority': 0.3651651651651652, 'run_time_millis': 48663.1637919927, 'loss_mean': 0.4337676763534546}
