Device cuda
Split type sit
Training Size: 2295, NTA labels 2208, YTA labels 87
Validation Size: 748, NTA labels 720, YTA labels 28
Test Size: 710, NTA labels 681, YTA labels 29
Training with SBERT, model name is sbert
Tokenizing the dataset
Number of training steps 720
Epoch 0 **** Loss 0.0566280260682106 **** Metrics validation: {'accuracy': 0.8716577540106952, 'f1_weighted': 0.8984801172327546, 'macro': 0.49497847919655663, 'micro': 0.8716577540106952, 'binary': 0.05882352941176471, 'accuracy_majority': 0.8665568369028006, 'macro_majority': 0.4985466450448246, 'binary_majority': 0.0689655172413793, 'run_time_millis': 2353.582394775003, 'loss_mean': 0.054074134677648544}
Epoch 1 **** Loss 0.05807463452219963 **** Metrics validation: {'accuracy': 0.8221925133689839, 'f1_weighted': 0.8715446489013577, 'macro': 0.5043223070905767, 'micro': 0.8221925133689838, 'binary': 0.10738255033557047, 'accuracy_majority': 0.8138385502471169, 'macro_majority': 0.5031401893530557, 'binary_majority': 0.11023622047244096, 'run_time_millis': 1364.2862406559289, 'loss_mean': 0.05262698605656624}
Epoch 2 **** Loss 0.02757328934967518 **** Metrics validation: {'accuracy': 0.7473262032085561, 'f1_weighted': 0.8249879904717463, 'macro': 0.48268253323526505, 'micro': 0.7473262032085561, 'binary': 0.11267605633802817, 'accuracy_majority': 0.7364085667215815, 'macro_majority': 0.4781861164839888, 'binary_majority': 0.1111111111111111, 'run_time_millis': 2385.4705840349197, 'loss_mean': 0.050545584410429}
Epoch 3 **** Loss 0.018004126846790314 **** Metrics validation: {'accuracy': 0.8609625668449198, 'f1_weighted': 0.8967687381088467, 'macro': 0.5619326500732065, 'micro': 0.8609625668449198, 'binary': 0.19999999999999998, 'accuracy_majority': 0.8550247116968699, 'macro_majority': 0.5601449275362319, 'binary_majority': 0.19999999999999998, 'run_time_millis': 1394.7877301834524, 'loss_mean': 0.04724359139800072}
Epoch 4 **** Loss 0.04486145079135895 **** Metrics validation: {'accuracy': 0.8355614973262032, 'f1_weighted': 0.8829338990533204, 'macro': 0.5765628523695341, 'micro': 0.8355614973262032, 'binary': 0.24539877300613494, 'accuracy_majority': 0.828665568369028, 'macro_majority': 0.5801542963554137, 'binary_majority': 0.2571428571428572, 'run_time_millis': 1855.3884653374553, 'loss_mean': 0.04111742973327637}
Epoch 5 **** Loss 0.05565550550818443 **** Metrics validation: {'accuracy': 0.8235294117647058, 'f1_weighted': 0.8758378323623187, 'macro': 0.5791376106119248, 'micro': 0.8235294117647058, 'binary': 0.2584269662921348, 'accuracy_majority': 0.8187808896210873, 'macro_majority': 0.5816416040100251, 'binary_majority': 0.26666666666666666, 'run_time_millis': 2014.1541841439903, 'loss_mean': 0.03672581538558006}
Epoch 6 **** Loss 0.0154638160020113 **** Metrics validation: {'accuracy': 0.8582887700534759, 'f1_weighted': 0.8979785694181981, 'macro': 0.6118812656641605, 'micro': 0.8582887700534759, 'binary': 0.3026315789473684, 'accuracy_majority': 0.85667215815486, 'macro_majority': 0.6174619156966004, 'binary_majority': 0.31496062992125984, 'run_time_millis': 2376.9705877639353, 'loss_mean': 0.03572673350572586}
Epoch 7 **** Loss 0.017582807689905167 **** Metrics validation: {'accuracy': 0.8917112299465241, 'f1_weighted': 0.9188739395499598, 'macro': 0.6464595185995624, 'micro': 0.8917112299465241, 'binary': 0.35200000000000004, 'accuracy_majority': 0.8879736408566722, 'macro_majority': 0.6485593624412507, 'binary_majority': 0.3584905660377359, 'run_time_millis': 931.4574999734759, 'loss_mean': 0.036167558282613754}
Epoch 8 **** Loss 0.010790398344397545 **** Metrics validation: {'accuracy': 0.8596256684491979, 'f1_weighted': 0.8988256990452427, 'macro': 0.6132844235456314, 'micro': 0.8596256684491979, 'binary': 0.304635761589404, 'accuracy_majority': 0.8550247116968699, 'macro_majority': 0.6157343462246776, 'binary_majority': 0.3125, 'run_time_millis': 2350.718906149268, 'loss_mean': 0.0349130742251873}
Epoch 9 **** Loss 0.018373528495430946 **** Metrics validation: {'accuracy': 0.8756684491978609, 'f1_weighted': 0.9089866919275159, 'macro': 0.6312008609766572, 'micro': 0.8756684491978609, 'binary': 0.33093525179856115, 'accuracy_majority': 0.8698517298187809, 'macro_majority': 0.6319941675300258, 'binary_majority': 0.33613445378151263, 'run_time_millis': 2401.9610350951552, 'loss_mean': 0.035334859043359756}
Evaluating
{'accuracy': 0.8917112299465241, 'f1_weighted': 0.9188739395499598, 'macro': 0.6464595185995624, 'micro': 0.8917112299465241, 'binary': 0.35200000000000004, 'accuracy_majority': 0.8879736408566722, 'macro_majority': 0.6485593624412507, 'binary_majority': 0.3584905660377359, 'run_time_millis': 1735.8580459840596, 'loss_mean': 0.036167558282613754}
