Device cuda
Split type sit
Training Size: 126117, NTA labels 122825, YTA labels 3292
Validation Size: 42045, NTA labels 40958, YTA labels 1087
Test Size: 42032, NTA labels 40916, YTA labels 1116
Training with SBERT, model name is sbert
Tokenizing the dataset
Number of training steps 39420
Epoch 0 **** Loss 0.007163003087043762 **** Metrics validation: {'accuracy': 0.9579260316327745, 'f1_weighted': 0.9633725516983739, 'macro': 0.6915850654211311, 'micro': 0.9579260316327745, 'binary': 0.40497813656239495, 'accuracy_majority': 0.9669884502671953, 'macro_majority': 0.7198573049267123, 'binary_majority': 0.4567375886524822, 'run_time_millis': 17203.74845099286, 'loss_mean': 0.046295683830976486}
Epoch 1 **** Loss 0.00382373109459877 **** Metrics validation: {'accuracy': 0.9672969437507433, 'f1_weighted': 0.9687254830263965, 'macro': 0.7038078576330218, 'micro': 0.9672969437507433, 'binary': 0.424445374633738, 'accuracy_majority': 0.9772453025340458, 'macro_majority': 0.7559050374160231, 'binary_majority': 0.5234657039711191, 'run_time_millis': 17237.771924992558, 'loss_mean': 0.046137962490320206}
Epoch 2 **** Loss 0.004958387929946184 **** Metrics validation: {'accuracy': 0.9585444166963967, 'f1_weighted': 0.9637045228443518, 'macro': 0.6919230271704797, 'micro': 0.9585444166963967, 'binary': 0.40532241555783005, 'accuracy_majority': 0.967247026374763, 'macro_majority': 0.7201284850947133, 'binary_majority': 0.4571428571428572, 'run_time_millis': 17264.280383998994, 'loss_mean': 0.050435807555913925}
Epoch 3 **** Loss 0.03603633865714073 **** Metrics validation: {'accuracy': 0.9563800689737186, 'f1_weighted': 0.9623600051111866, 'macro': 0.6870412594564759, 'micro': 0.9563800689737185, 'binary': 0.39671052631578946, 'accuracy_majority': 0.9644888812273746, 'macro_majority': 0.7086420716298042, 'binary_majority': 0.43561643835616437, 'run_time_millis': 17328.601393994177, 'loss_mean': 0.06093055009841919}
Epoch 4 **** Loss 0.0017318751197308302 **** Metrics validation: {'accuracy': 0.9599952431918183, 'f1_weighted': 0.964583429999779, 'macro': 0.6947669164006771, 'micro': 0.9599952431918183, 'binary': 0.4102384291725105, 'accuracy_majority': 0.9687984830201689, 'macro_majority': 0.7250031887112028, 'binary_majority': 0.46607669616519176, 'run_time_millis': 17308.836764015723, 'loss_mean': 0.08254896104335785}
Epoch 5 **** Loss 3.765726069104858e-05 **** Metrics validation: {'accuracy': 0.9597336187418243, 'f1_weighted': 0.96433640081941, 'macro': 0.6924585871669241, 'micro': 0.9597336187418243, 'binary': 0.4057564057564058, 'accuracy_majority': 0.968712290984313, 'macro_majority': 0.7246374262601365, 'binary_majority': 0.4653902798232695, 'run_time_millis': 17285.061620001215, 'loss_mean': 0.0902651995420456}
Epoch 6 **** Loss 0.05931050330400467 **** Metrics validation: {'accuracy': 0.9545486978237603, 'f1_weighted': 0.961130465146554, 'macro': 0.681064675469811, 'micro': 0.9545486978237603, 'binary': 0.38572806171648993, 'accuracy_majority': 0.9628512325461127, 'macro_majority': 0.7026860723375248, 'binary_majority': 0.42456608811749, 'run_time_millis': 17282.818142994074, 'loss_mean': 0.08733218163251877}
Epoch 7 **** Loss 0.03364270552992821 **** Metrics validation: {'accuracy': 0.9610893090736116, 'f1_weighted': 0.9650265487882665, 'macro': 0.692488901803876, 'micro': 0.9610893090736116, 'binary': 0.40509090909090906, 'accuracy_majority': 0.970263747629719, 'macro_majority': 0.7265584998696902, 'binary_majority': 0.46841294298921415, 'run_time_millis': 15235.920501989312, 'loss_mean': 0.09662574529647827}
Epoch 8 **** Loss 3.6124034522799775e-05 **** Metrics validation: {'accuracy': 0.9622785111190392, 'f1_weighted': 0.9656452236364014, 'macro': 0.6928114944092676, 'micro': 0.9622785111190391, 'binary': 0.4051012753188298, 'accuracy_majority': 0.9716428202034132, 'macro_majority': 0.7303533772320124, 'binary_majority': 0.47527910685805413, 'run_time_millis': 15381.2305709871, 'loss_mean': 0.10585207492113113}
Epoch 9 **** Loss 0.02270001731812954 **** Metrics validation: {'accuracy': 0.9625163515281246, 'f1_weighted': 0.9657621155313864, 'macro': 0.6927413210713742, 'micro': 0.9625163515281246, 'binary': 0.404833836858006, 'accuracy_majority': 0.9721599724185486, 'macro_majority': 0.7327841906930833, 'binary_majority': 0.47987117552334946, 'run_time_millis': 15187.064035999356, 'loss_mean': 0.1079411581158638}
Evaluating
{'accuracy': 0.9672969437507433, 'f1_weighted': 0.9687254830263965, 'macro': 0.7038078576330218, 'micro': 0.9672969437507433, 'binary': 0.424445374633738, 'accuracy_majority': 0.9772453025340458, 'macro_majority': 0.7559050374160231, 'binary_majority': 0.5234657039711191, 'run_time_millis': 15271.77689599921, 'loss_mean': 0.046137962490320206}
