Device cuda
Split type sit
Training Size: 150, NTA labels 145, YTA labels 5
Validation Size: 5203, NTA labels 5073, YTA labels 130
Test Size: 4997, NTA labels 4886, YTA labels 111
Training with SBERT, model name is sbert
Tokenizing the dataset
Number of training steps 50
Epoch 0 **** Loss 0.0547756552696228 **** Metrics validation: {'accuracy': 0.38362483182779167, 'f1_weighted': 0.5328746035390906, 'macro': 0.29420051050481355, 'micro': 0.38362483182779167, 'binary': 0.04297224709042077, 'accuracy_majority': 0.3893468611287254, 'macro_majority': 0.2938244497051656, 'binary_majority': 0.034102306920762285, 'run_time_millis': 4226.0902900015935, 'loss_mean': 0.03984006494283676}
Epoch 1 **** Loss 0.024514680728316307 **** Metrics validation: {'accuracy': 0.43513357678262543, 'f1_weighted': 0.5851447644315467, 'macro': 0.3219195956176959, 'micro': 0.43513357678262543, 'binary': 0.04484887877803055, 'accuracy_majority': 0.4343690551680406, 'macro_majority': 0.3164481919467575, 'binary_majority': 0.03253796095444685, 'run_time_millis': 4175.637893000385, 'loss_mean': 0.039740338921546936}
Epoch 2 **** Loss 0.05011039599776268 **** Metrics validation: {'accuracy': 0.5596771093599846, 'f1_weighted': 0.6971137607774262, 'macro': 0.37980905832230527, 'micro': 0.5596771093599846, 'binary': 0.04581424406497293, 'accuracy_majority': 0.5656309448319594, 'macro_majority': 0.3768434472355141, 'binary_majority': 0.03385049365303244, 'run_time_millis': 4182.652718001918, 'loss_mean': 0.03962003067135811}
Epoch 3 **** Loss 0.02276417426764965 **** Metrics validation: {'accuracy': 0.6042667691716318, 'f1_weighted': 0.7326691490740631, 'macro': 0.39914683490815756, 'micro': 0.6042667691716318, 'binary': 0.04808136846971798, 'accuracy_majority': 0.6043119847812302, 'macro_majority': 0.3926259499014917, 'binary_majority': 0.034055727554179564, 'run_time_millis': 4186.55452099847, 'loss_mean': 0.03955769166350365}
Epoch 4 **** Loss 0.04793703556060791 **** Metrics validation: {'accuracy': 0.6503940034595426, 'f1_weighted': 0.7674897589793063, 'macro': 0.41606029963857066, 'micro': 0.6503940034595426, 'binary': 0.046145778710015725, 'accuracy_majority': 0.6588459099556119, 'macro_majority': 0.41430019163753445, 'binary_majority': 0.03584229390681004, 'run_time_millis': 4190.57759000134, 'loss_mean': 0.03950290009379387}
Epoch 5 **** Loss 0.02381964959204197 **** Metrics validation: {'accuracy': 0.6707668652700365, 'f1_weighted': 0.7822130830487833, 'macro': 0.4228662764732153, 'micro': 0.6707668652700365, 'binary': 0.044617958728388175, 'accuracy_majority': 0.6759670259987318, 'macro_majority': 0.42142484310528405, 'binary_majority': 0.037664783427495296, 'run_time_millis': 4210.833676999755, 'loss_mean': 0.03947377949953079}
Epoch 6 **** Loss 0.049862977117300034 **** Metrics validation: {'accuracy': 0.7001729771285796, 'f1_weighted': 0.802791404496768, 'macro': 0.43145693415931874, 'micro': 0.7001729771285796, 'binary': 0.040590405904059046, 'accuracy_majority': 0.7076727964489538, 'macro_majority': 0.4306676408790152, 'binary_majority': 0.033542976939203356, 'run_time_millis': 4191.599838999537, 'loss_mean': 0.0394456647336483}
Epoch 7 **** Loss 0.05429534614086151 **** Metrics validation: {'accuracy': 0.7122813761291562, 'f1_weighted': 0.8110194093438691, 'macro': 0.4358755982905828, 'micro': 0.7122813761291562, 'binary': 0.0409993593850096, 'accuracy_majority': 0.7121116043119848, 'macro_majority': 0.4304449790302359, 'binary_majority': 0.02991452991452992, 'run_time_millis': 4190.956907001237, 'loss_mean': 0.03943292796611786}
Epoch 8 **** Loss 0.022515827789902687 **** Metrics validation: {'accuracy': 0.7155487218912167, 'f1_weighted': 0.8132288746264553, 'macro': 0.4360155973059199, 'micro': 0.7155487218912167, 'binary': 0.03896103896103896, 'accuracy_majority': 0.7184527584020292, 'macro_majority': 0.43293962914490813, 'binary_majority': 0.030567685589519656, 'run_time_millis': 4191.863103002106, 'loss_mean': 0.039427097886800766}
Epoch 9 **** Loss 0.02314504235982895 **** Metrics validation: {'accuracy': 0.7205458389390736, 'f1_weighted': 0.8165724148433797, 'macro': 0.438056175054715, 'micro': 0.7205458389390736, 'binary': 0.039630118890356676, 'accuracy_majority': 0.7260621433100825, 'macro_majority': 0.4359314040444853, 'binary_majority': 0.03139013452914798, 'run_time_millis': 4215.1626410013705, 'loss_mean': 0.03942408040165901}
Evaluating
{'accuracy': 0.7205458389390736, 'f1_weighted': 0.8165724148433797, 'macro': 0.438056175054715, 'micro': 0.7205458389390736, 'binary': 0.039630118890356676, 'accuracy_majority': 0.7260621433100825, 'macro_majority': 0.4359314040444853, 'binary_majority': 0.03139013452914798, 'run_time_millis': 4199.383967999893, 'loss_mean': 0.03942408040165901}
Device cuda
Split type sit
Training Size: 300, NTA labels 290, YTA labels 10
Validation Size: 5203, NTA labels 5073, YTA labels 130
Test Size: 4997, NTA labels 4886, YTA labels 111
Training with SBERT, model name is sbert
Tokenizing the dataset
Number of training steps 100
Epoch 0 **** Loss 0.024669183418154716 **** Metrics validation: {'accuracy': 0.1848933307707092, 'f1_weighted': 0.28136734529025154, 'macro': 0.16769128956436413, 'micro': 0.18489333077070919, 'binary': 0.04803591470258137, 'accuracy_majority': 0.18262523779327838, 'macro_majority': 0.16223948684745754, 'binary_majority': 0.03155522163786627, 'run_time_millis': 3241.7155589973845, 'loss_mean': 0.040207747370004654}
Epoch 1 **** Loss 0.025038637220859528 **** Metrics validation: {'accuracy': 0.2119930809148568, 'f1_weighted': 0.3210759126575691, 'macro': 0.18774346030736463, 'micro': 0.2119930809148568, 'binary': 0.047397769516728624, 'accuracy_majority': 0.20672162333544705, 'macro_majority': 0.18013168081925862, 'binary_majority': 0.03248259860788863, 'run_time_millis': 4205.945443998644, 'loss_mean': 0.04008067026734352}
Epoch 2 **** Loss 0.07284729182720184 **** Metrics validation: {'accuracy': 0.3688256774937536, 'f1_weighted': 0.5161391078942392, 'macro': 0.2875859734091167, 'micro': 0.36882567749375356, 'binary': 0.047011027278003485, 'accuracy_majority': 0.3639822447685479, 'macro_majority': 0.27950161456437744, 'binary_majority': 0.032786885245901634, 'run_time_millis': 4194.598126003257, 'loss_mean': 0.039824653416872025}
Epoch 3 **** Loss 0.1580015867948532 **** Metrics validation: {'accuracy': 0.3905439169709783, 'f1_weighted': 0.5392151694285554, 'macro': 0.29991787183890917, 'micro': 0.3905439169709783, 'binary': 0.048033623536475535, 'accuracy_majority': 0.3842739378566899, 'macro_majority': 0.29174539286938334, 'binary_majority': 0.03574975173783516, 'run_time_millis': 4188.785335001739, 'loss_mean': 0.03976842015981674}
Epoch 4 **** Loss 0.07991614192724228 **** Metrics validation: {'accuracy': 0.2988660388237555, 'f1_weighted': 0.43486107609551505, 'macro': 0.24687912161164835, 'micro': 0.2988660388237555, 'binary': 0.049009384775808136, 'accuracy_majority': 0.29042485732403295, 'macro_majority': 0.23680512757303093, 'binary_majority': 0.034512510785159614, 'run_time_millis': 4283.293608001259, 'loss_mean': 0.03984690457582474}
Epoch 5 **** Loss 0.024516157805919647 **** Metrics validation: {'accuracy': 0.28752642706131076, 'f1_weighted': 0.42062615632716, 'macro': 0.23993075348148768, 'micro': 0.28752642706131076, 'binary': 0.04973083824660343, 'accuracy_majority': 0.27901077996195306, 'macro_majority': 0.2294354490403446, 'binary_majority': 0.033984706881903144, 'run_time_millis': 4184.663935000572, 'loss_mean': 0.03984498977661133}
Epoch 6 **** Loss 0.05277274176478386 **** Metrics validation: {'accuracy': 0.3380741879684797, 'f1_weighted': 0.48086264970254844, 'macro': 0.27130108012074866, 'micro': 0.3380741879684797, 'binary': 0.05071664829106946, 'accuracy_majority': 0.3322764743183259, 'macro_majority': 0.26283974638129903, 'binary_majority': 0.036596523330283626, 'run_time_millis': 4141.8543639993, 'loss_mean': 0.03974950686097145}
Epoch 7 **** Loss 0.02541959472000599 **** Metrics validation: {'accuracy': 0.3403805496828753, 'f1_weighted': 0.4834655589952912, 'macro': 0.27271788288347, 'micro': 0.3403805496828753, 'binary': 0.050884955752212385, 'accuracy_majority': 0.3329105897273304, 'macro_majority': 0.2625862314202404, 'binary_majority': 0.03486238532110092, 'run_time_millis': 4208.232566998049, 'loss_mean': 0.03973932936787605}
Epoch 8 **** Loss 0.07300487905740738 **** Metrics validation: {'accuracy': 0.3653661349221603, 'f1_weighted': 0.5114501379576886, 'macro': 0.28719758298731085, 'micro': 0.3653661349221603, 'binary': 0.05114942528735633, 'accuracy_majority': 0.35764109067850347, 'macro_majority': 0.2772316110418129, 'binary_majority': 0.03615604186489058, 'run_time_millis': 4218.890632000694, 'loss_mean': 0.039694894105196}
Epoch 9 **** Loss 0.02419462241232395 **** Metrics validation: {'accuracy': 0.361714395541034, 'f1_weighted': 0.5073601544408153, 'macro': 0.2852290263193654, 'micro': 0.361714395541034, 'binary': 0.051413881748071974, 'accuracy_majority': 0.3538363982244769, 'macro_majority': 0.2750092599735893, 'binary_majority': 0.03595080416272469, 'run_time_millis': 4274.446978000924, 'loss_mean': 0.03970184549689293}
Evaluating
{'accuracy': 0.3905439169709783, 'f1_weighted': 0.5392151694285554, 'macro': 0.29991787183890917, 'micro': 0.3905439169709783, 'binary': 0.048033623536475535, 'accuracy_majority': 0.3842739378566899, 'macro_majority': 0.29174539286938334, 'binary_majority': 0.03574975173783516, 'run_time_millis': 4211.419548999402, 'loss_mean': 0.03976842015981674}
Device cuda
Split type sit
Training Size: 450, NTA labels 440, YTA labels 10
Validation Size: 5203, NTA labels 5073, YTA labels 130
Test Size: 4997, NTA labels 4886, YTA labels 111
Training with SBERT, model name is sbert
Tokenizing the dataset
Number of training steps 150
Epoch 0 **** Loss 0.015737606212496758 **** Metrics validation: {'accuracy': 0.487411108975591, 'f1_weighted': 0.6347179156791409, 'macro': 0.3468027138066033, 'micro': 0.487411108975591, 'binary': 0.043743277160272494, 'accuracy_majority': 0.4895370957514268, 'macro_majority': 0.3423764759147395, 'binary_majority': 0.03128760529482551, 'run_time_millis': 4213.588829999935, 'loss_mean': 0.032475654035806656}
Epoch 1 **** Loss 0.015559270046651363 **** Metrics validation: {'accuracy': 0.6017682106477032, 'f1_weighted': 0.7308501943559336, 'macro': 0.3967914270942675, 'micro': 0.6017682106477032, 'binary': 0.04516129032258064, 'accuracy_majority': 0.6068484464172479, 'macro_majority': 0.3908951363312418, 'binary_majority': 0.02821316614420063, 'run_time_millis': 4216.828143002203, 'loss_mean': 0.03245161101222038}
Epoch 2 **** Loss 0.01774272695183754 **** Metrics validation: {'accuracy': 0.5825485296944071, 'f1_weighted': 0.7156293939652456, 'macro': 0.38965381810263183, 'micro': 0.5825485296944071, 'binary': 0.04653204565408253, 'accuracy_majority': 0.5840202916930881, 'macro_majority': 0.3837524601960532, 'binary_majority': 0.032448377581120944, 'run_time_millis': 4221.043464000104, 'loss_mean': 0.03239557892084122}
Epoch 3 **** Loss 0.01573881134390831 **** Metrics validation: {'accuracy': 0.6688448971747069, 'f1_weighted': 0.7807718709313627, 'macro': 0.4240632756514468, 'micro': 0.6688448971747069, 'binary': 0.04859193815571508, 'accuracy_majority': 0.6715282181357007, 'macro_majority': 0.417860563492697, 'binary_majority': 0.033582089552238806, 'run_time_millis': 4216.634179003449, 'loss_mean': 0.032412368804216385}
Epoch 4 **** Loss 0.014354303479194641 **** Metrics validation: {'accuracy': 0.6636555833173169, 'f1_weighted': 0.7770449380856697, 'macro': 0.42230849465531073, 'micro': 0.6636555833173169, 'binary': 0.04891304347826087, 'accuracy_majority': 0.6689917564996829, 'macro_majority': 0.41681968885488396, 'binary_majority': 0.03333333333333333, 'run_time_millis': 4215.583229000913, 'loss_mean': 0.032378699630498886}
Epoch 5 **** Loss 0.01579340174794197 **** Metrics validation: {'accuracy': 0.7084374399384971, 'f1_weighted': 0.808358574912586, 'macro': 0.4389418432918517, 'micro': 0.7084374399384971, 'binary': 0.050093926111458985, 'accuracy_majority': 0.7152821813570069, 'macro_majority': 0.43572152062153485, 'binary_majority': 0.038543897216274096, 'run_time_millis': 4227.637420000974, 'loss_mean': 0.032399825751781464}
Epoch 6 **** Loss 0.014712613075971603 **** Metrics validation: {'accuracy': 0.7176628867960791, 'f1_weighted': 0.8145972336754146, 'macro': 0.4423000490409506, 'micro': 0.7176628867960791, 'binary': 0.05042016806722689, 'accuracy_majority': 0.725428027901078, 'macro_majority': 0.43985946468283166, 'binary_majority': 0.039911308203991136, 'run_time_millis': 4432.7577559997735, 'loss_mean': 0.03240731731057167}
Epoch 7 **** Loss 0.013391861692070961 **** Metrics validation: {'accuracy': 0.7207380357486066, 'f1_weighted': 0.8166546013409429, 'macro': 0.4442150226112346, 'micro': 0.7207380357486066, 'binary': 0.05218525766470973, 'accuracy_majority': 0.7266962587190868, 'macro_majority': 0.44037726062023225, 'binary_majority': 0.04008908685968819, 'run_time_millis': 4236.101212001813, 'loss_mean': 0.032399918884038925}
Epoch 8 **** Loss 0.015754055231809616 **** Metrics validation: {'accuracy': 0.7516817220834134, 'f1_weighted': 0.8370025400097199, 'macro': 0.45290344801542815, 'micro': 0.7516817220834134, 'binary': 0.048600883652430045, 'accuracy_majority': 0.7564996829422955, 'macro_majority': 0.45262061784102736, 'binary_majority': 0.04477611940298507, 'run_time_millis': 4236.129753000569, 'loss_mean': 0.03242911025881767}
Epoch 9 **** Loss 0.013513099402189255 **** Metrics validation: {'accuracy': 0.758985200845666, 'f1_weighted': 0.8416911352840518, 'macro': 0.45528713346085625, 'micro': 0.758985200845666, 'binary': 0.048558421851289835, 'accuracy_majority': 0.7641090678503487, 'macro_majority': 0.4533734373951741, 'binary_majority': 0.041237113402061855, 'run_time_millis': 4195.754937998572, 'loss_mean': 0.03243601694703102}
Evaluating
{'accuracy': 0.758985200845666, 'f1_weighted': 0.8416911352840518, 'macro': 0.45528713346085625, 'micro': 0.758985200845666, 'binary': 0.048558421851289835, 'accuracy_majority': 0.7641090678503487, 'macro_majority': 0.4533734373951741, 'binary_majority': 0.041237113402061855, 'run_time_millis': 4238.492729000427, 'loss_mean': 0.03243601694703102}
Device cuda
Split type sit
Training Size: 600, NTA labels 584, YTA labels 16
Validation Size: 5203, NTA labels 5073, YTA labels 130
Test Size: 4997, NTA labels 4886, YTA labels 111
Training with SBERT, model name is sbert
Tokenizing the dataset
Number of training steps 190
Epoch 0 **** Loss 0.020199643447995186 **** Metrics validation: {'accuracy': 0.20392081491447242, 'f1_weighted': 0.30850979387770366, 'macro': 0.1823547614191258, 'micro': 0.20392081491447242, 'binary': 0.04956402019274896, 'accuracy_majority': 0.2010145846544071, 'macro_majority': 0.17633062510363123, 'binary_majority': 0.03374233128834356, 'run_time_millis': 4211.290956001903, 'loss_mean': 0.035587769001722336}
Epoch 1 **** Loss 0.019633278250694275 **** Metrics validation: {'accuracy': 0.4330194118777628, 'f1_weighted': 0.5829033968420815, 'macro': 0.32129444992166223, 'micro': 0.4330194118777628, 'binary': 0.04592496765847348, 'accuracy_majority': 0.4331008243500317, 'macro_majority': 0.3166502514628273, 'binary_majority': 0.03455723542116631, 'run_time_millis': 4189.887604999967, 'loss_mean': 0.03543493524193764}
Epoch 2 **** Loss 0.01888970099389553 **** Metrics validation: {'accuracy': 0.4795310397847396, 'f1_weighted': 0.6267473602580736, 'macro': 0.3460026565159092, 'micro': 0.4795310397847396, 'binary': 0.05049088359046283, 'accuracy_majority': 0.4787571337983513, 'macro_majority': 0.34100863814938626, 'binary_majority': 0.039719626168224303, 'run_time_millis': 4172.138205001829, 'loss_mean': 0.03530847653746605}
Epoch 3 **** Loss 0.019269775599241257 **** Metrics validation: {'accuracy': 0.502210263309629, 'f1_weighted': 0.6469682896141185, 'macro': 0.3584445299273882, 'micro': 0.502210263309629, 'binary': 0.05474452554744525, 'accuracy_majority': 0.5022194039315155, 'macro_majority': 0.3526628023416032, 'binary_majority': 0.04151404151404152, 'run_time_millis': 3653.8783500000136, 'loss_mean': 0.03521713614463806}
Epoch 4 **** Loss 0.018384121358394623 **** Metrics validation: {'accuracy': 0.5738996732654238, 'f1_weighted': 0.7079892875097253, 'macro': 0.39161460340013937, 'micro': 0.5738996732654238, 'binary': 0.058598726114649675, 'accuracy_majority': 0.5738744451490171, 'macro_majority': 0.3855844155844156, 'binary_majority': 0.04545454545454545, 'run_time_millis': 4181.188458001998, 'loss_mean': 0.0351790189743042}
Epoch 5 **** Loss 0.03880348801612854 **** Metrics validation: {'accuracy': 0.6423217374591582, 'f1_weighted': 0.7611017886073665, 'macro': 0.42073669131716707, 'micro': 0.6423217374591582, 'binary': 0.06246851385390429, 'accuracy_majority': 0.641724793912492, 'macro_majority': 0.4163196375568365, 'binary_majority': 0.05360134003350083, 'run_time_millis': 4154.612878999615, 'loss_mean': 0.03513259068131447}
Epoch 6 **** Loss 0.018550947308540344 **** Metrics validation: {'accuracy': 0.638285604458966, 'f1_weighted': 0.7581378345815332, 'macro': 0.418441978219234, 'micro': 0.638285604458966, 'binary': 0.06087824351297405, 'accuracy_majority': 0.6391883322764743, 'macro_majority': 0.41518477169204215, 'binary_majority': 0.05324459234608985, 'run_time_millis': 4243.472854002903, 'loss_mean': 0.03503815457224846}
Epoch 7 **** Loss 0.018535126000642776 **** Metrics validation: {'accuracy': 0.6528925619834711, 'f1_weighted': 0.7689206734470917, 'macro': 0.4246667989184741, 'micro': 0.6528925619834711, 'binary': 0.06230529595015577, 'accuracy_majority': 0.6556753329105898, 'macro_majority': 0.4225527251883946, 'binary_majority': 0.05565217391304348, 'run_time_millis': 4195.430252002552, 'loss_mean': 0.03498315066099167}
Epoch 8 **** Loss 0.059717923402786255 **** Metrics validation: {'accuracy': 0.6849894291754757, 'f1_weighted': 0.7919417331637453, 'macro': 0.4383194999771118, 'micro': 0.6849894291754757, 'binary': 0.06609686609686609, 'accuracy_majority': 0.6924540266328472, 'macro_majority': 0.43898721438478905, 'binary_majority': 0.0618955512572534, 'run_time_millis': 3522.059300001274, 'loss_mean': 0.03496917337179184}
Epoch 9 **** Loss 0.018920132890343666 **** Metrics validation: {'accuracy': 0.6809532961752834, 'f1_weighted': 0.789082926063577, 'macro': 0.4369849283443186, 'micro': 0.6809532961752834, 'binary': 0.06636670416197975, 'accuracy_majority': 0.6861128725428028, 'macro_majority': 0.4361465990671966, 'binary_majority': 0.06072106261859583, 'run_time_millis': 4253.58144799975, 'loss_mean': 0.034958504140377045}
Evaluating
{'accuracy': 0.6849894291754757, 'f1_weighted': 0.7919417331637453, 'macro': 0.4383194999771118, 'micro': 0.6849894291754757, 'binary': 0.06609686609686609, 'accuracy_majority': 0.6924540266328472, 'macro_majority': 0.43898721438478905, 'binary_majority': 0.0618955512572534, 'run_time_millis': 4166.242602997954, 'loss_mean': 0.03496917337179184}
Device cuda
Split type sit
Training Size: 750, NTA labels 728, YTA labels 22
Validation Size: 5203, NTA labels 5073, YTA labels 130
Test Size: 4997, NTA labels 4886, YTA labels 111
Training with SBERT, model name is sbert
Tokenizing the dataset
Number of training steps 240
Epoch 0 **** Loss 0.02013489231467247 **** Metrics validation: {'accuracy': 0.5204689602152605, 'f1_weighted': 0.6638591371540905, 'macro': 0.3631473660006595, 'micro': 0.5204689602152605, 'binary': 0.04661826518914788, 'accuracy_majority': 0.5212428662016487, 'macro_majority': 0.35866442803716475, 'binary_majority': 0.035759897828863345, 'run_time_millis': 4163.945457999944, 'loss_mean': 0.03750995174050331}
Epoch 1 **** Loss 0.021433768793940544 **** Metrics validation: {'accuracy': 0.5402652315971554, 'f1_weighted': 0.6807081072813752, 'macro': 0.37271825168816414, 'micro': 0.5402652315971554, 'binary': 0.04852824184566428, 'accuracy_majority': 0.5402663284717819, 'macro_majority': 0.36876292274098754, 'binary_majority': 0.039735099337748346, 'run_time_millis': 4186.372819000098, 'loss_mean': 0.037379682064056396}
Epoch 2 **** Loss 0.06767149269580841 **** Metrics validation: {'accuracy': 0.633288487411109, 'f1_weighted': 0.7546507630838213, 'macro': 0.41263609452611516, 'micro': 0.633288487411109, 'binary': 0.052631578947368425, 'accuracy_majority': 0.6385542168674698, 'macro_majority': 0.41341033672670324, 'binary_majority': 0.049999999999999996, 'run_time_millis': 4199.455458998273, 'loss_mean': 0.03722420707345009}
Epoch 3 **** Loss 0.06665028631687164 **** Metrics validation: {'accuracy': 0.7205458389390736, 'f1_weighted': 0.8164696225267576, 'macro': 0.45004669959482435, 'micro': 0.7205458389390736, 'binary': 0.06435006435006435, 'accuracy_majority': 0.7260621433100825, 'macro_majority': 0.44826558511396475, 'binary_majority': 0.05676855895196506, 'run_time_millis': 4177.188401998137, 'loss_mean': 0.03704197704792023}
Epoch 4 **** Loss 0.05876088887453079 **** Metrics validation: {'accuracy': 0.5911973861233903, 'f1_weighted': 0.7218781817827803, 'macro': 0.3990620033997897, 'micro': 0.5911973861233903, 'binary': 0.05926581158779301, 'accuracy_majority': 0.586556753329106, 'macro_majority': 0.3914080071974809, 'binary_majority': 0.046783625730994156, 'run_time_millis': 4202.584858998307, 'loss_mean': 0.03697284311056137}
Epoch 5 **** Loss 0.06142584607005119 **** Metrics validation: {'accuracy': 0.6863348068422064, 'f1_weighted': 0.7928859961651287, 'macro': 0.4389326837839424, 'micro': 0.6863348068422064, 'binary': 0.06636155606407322, 'accuracy_majority': 0.6880152187698161, 'macro_majority': 0.4352705865912029, 'binary_majority': 0.0574712643678161, 'run_time_millis': 4210.895659001835, 'loss_mean': 0.036849476397037506}
Epoch 6 **** Loss 0.01961391791701317 **** Metrics validation: {'accuracy': 0.6899865462233327, 'f1_weighted': 0.7954416396225066, 'macro': 0.4405985309280772, 'micro': 0.6899865462233327, 'binary': 0.06709080393290918, 'accuracy_majority': 0.6842105263157895, 'macro_majority': 0.43358807034549607, 'binary_majority': 0.056818181818181816, 'run_time_millis': 3385.5145790003007, 'loss_mean': 0.036754023283720016}
Epoch 7 **** Loss 0.05805298313498497 **** Metrics validation: {'accuracy': 0.7215068229867384, 'f1_weighted': 0.8170852626915097, 'macro': 0.4533868581798203, 'micro': 0.7215068229867385, 'binary': 0.07055805003207184, 'accuracy_majority': 0.7228915662650602, 'macro_majority': 0.45080245993677226, 'binary_majority': 0.06423982869379015, 'run_time_millis': 4177.2075919980125, 'loss_mean': 0.03669833391904831}
Epoch 8 **** Loss 0.02000463381409645 **** Metrics validation: {'accuracy': 0.7005573707476456, 'f1_weighted': 0.8027796392589825, 'macro': 0.44543545732720147, 'micro': 0.7005573707476456, 'binary': 0.06929510155316607, 'accuracy_majority': 0.6987951807228916, 'macro_majority': 0.44183396931064833, 'binary_majority': 0.0631163708086785, 'run_time_millis': 4227.9438260011375, 'loss_mean': 0.03666206821799278}
Epoch 9 **** Loss 0.018957393243908882 **** Metrics validation: {'accuracy': 0.7118969825100904, 'f1_weighted': 0.8105541698496186, 'macro': 0.4506556628243141, 'micro': 0.7118969825100904, 'binary': 0.0718266253869969, 'accuracy_majority': 0.7121116043119848, 'macro_majority': 0.44783935192897373, 'binary_majority': 0.06584362139917695, 'run_time_millis': 4259.896899002342, 'loss_mean': 0.0366482213139534}
Evaluating
{'accuracy': 0.7215068229867384, 'f1_weighted': 0.8170852626915097, 'macro': 0.4533868581798203, 'micro': 0.7215068229867385, 'binary': 0.07055805003207184, 'accuracy_majority': 0.7228915662650602, 'macro_majority': 0.45080245993677226, 'binary_majority': 0.06423982869379015, 'run_time_millis': 4241.121008999471, 'loss_mean': 0.03669833391904831}
Device cuda
Split type sit
Training Size: 1550, NTA labels 1510, YTA labels 40
Validation Size: 5203, NTA labels 5073, YTA labels 130
Test Size: 4997, NTA labels 4886, YTA labels 111
Training with SBERT, model name is sbert
Tokenizing the dataset
Number of training steps 490
Epoch 0 **** Loss 0.019116992130875587 **** Metrics validation: {'accuracy': 0.4949067845473765, 'f1_weighted': 0.640947041293283, 'macro': 0.35265750890709463, 'micro': 0.4949067845473765, 'binary': 0.049204052098408106, 'accuracy_majority': 0.49270767279644895, 'macro_majority': 0.34595524956970736, 'binary_majority': 0.03614457831325301, 'run_time_millis': 4230.850182000722, 'loss_mean': 0.03560793772339821}
Epoch 1 **** Loss 0.06698258221149445 **** Metrics validation: {'accuracy': 0.6379012108399, 'f1_weighted': 0.7578808078382617, 'macro': 0.4178239569421025, 'micro': 0.6379012108399, 'binary': 0.059880239520958084, 'accuracy_majority': 0.6379201014584654, 'macro_majority': 0.41163060417068237, 'binary_majority': 0.04674457429048414, 'run_time_millis': 4221.406970998942, 'loss_mean': 0.03536616265773773}
Epoch 2 **** Loss 0.018968524411320686 **** Metrics validation: {'accuracy': 0.7457236209878916, 'f1_weighted': 0.833171162273334, 'macro': 0.4608600541131771, 'micro': 0.7457236209878916, 'binary': 0.06896551724137931, 'accuracy_majority': 0.75142675967026, 'macro_majority': 0.4594630515683147, 'binary_majority': 0.062200956937799035, 'run_time_millis': 4237.440078999498, 'loss_mean': 0.035123877227306366}
Epoch 3 **** Loss 0.017754532396793365 **** Metrics validation: {'accuracy': 0.8172208341341534, 'f1_weighted': 0.8780476982297576, 'macro': 0.48807728419010676, 'micro': 0.8172208341341534, 'binary': 0.07759456838021338, 'accuracy_majority': 0.8224476854787571, 'macro_majority': 0.48733548201331933, 'binary_majority': 0.07284768211920531, 'run_time_millis': 4236.683353999979, 'loss_mean': 0.034864868968725204}
Epoch 4 **** Loss 0.016875509172677994 **** Metrics validation: {'accuracy': 0.8702671535652509, 'f1_weighted': 0.9091923795953604, 'macro': 0.5108333893948821, 'micro': 0.8702671535652509, 'binary': 0.09152086137281293, 'accuracy_majority': 0.8814204185161699, 'macro_majority': 0.5208828522920204, 'binary_majority': 0.10526315789473685, 'run_time_millis': 4226.09607999766, 'loss_mean': 0.034718673676252365}
Epoch 5 **** Loss 0.015942957252264023 **** Metrics validation: {'accuracy': 0.8798769940418989, 'f1_weighted': 0.9147270922538218, 'macro': 0.5168886731740638, 'micro': 0.8798769940418989, 'binary': 0.09812409812409811, 'accuracy_majority': 0.8871274571972099, 'macro_majority': 0.5248713608666216, 'binary_majority': 0.11, 'run_time_millis': 4240.320043001702, 'loss_mean': 0.03436502441763878}
Epoch 6 **** Loss 0.015831653028726578 **** Metrics validation: {'accuracy': 0.9213915049010186, 'f1_weighted': 0.9372828798629991, 'macro': 0.5260207519202263, 'micro': 0.9213915049010186, 'binary': 0.09312638580931264, 'accuracy_majority': 0.9308814204185162, 'macro_majority': 0.546007263123143, 'binary_majority': 0.128, 'run_time_millis': 4236.240475998784, 'loss_mean': 0.03454587236046791}
Epoch 7 **** Loss 0.014049925841391087 **** Metrics validation: {'accuracy': 0.9271574091870075, 'f1_weighted': 0.9400924078820063, 'macro': 0.5221989533109012, 'micro': 0.9271574091870075, 'binary': 0.08232445520581114, 'accuracy_majority': 0.9372225745085606, 'macro_majority': 0.5456693623720655, 'binary_majority': 0.12389380530973451, 'run_time_millis': 4163.502769999468, 'loss_mean': 0.034602727741003036}
Epoch 8 **** Loss 0.028720136731863022 **** Metrics validation: {'accuracy': 0.9323467230443975, 'f1_weighted': 0.9429632142128346, 'macro': 0.5264765805177211, 'micro': 0.9323467230443974, 'binary': 0.08808290155440414, 'accuracy_majority': 0.9435637285986049, 'macro_majority': 0.5533757832065247, 'binary_majority': 0.13592233009708737, 'run_time_millis': 4216.142260000197, 'loss_mean': 0.03470801189541817}
Epoch 9 **** Loss 0.013928888365626335 **** Metrics validation: {'accuracy': 0.9344608879492601, 'f1_weighted': 0.9440193161726306, 'macro': 0.5259015222954599, 'micro': 0.9344608879492601, 'binary': 0.08579088471849866, 'accuracy_majority': 0.9441978440076094, 'macro_majority': 0.5542106750957263, 'binary_majority': 0.13725490196078433, 'run_time_millis': 4169.440962999943, 'loss_mean': 0.0347500778734684}
Evaluating
{'accuracy': 0.9344608879492601, 'f1_weighted': 0.9440193161726306, 'macro': 0.5259015222954599, 'micro': 0.9344608879492601, 'binary': 0.08579088471849866, 'accuracy_majority': 0.9441978440076094, 'macro_majority': 0.5542106750957263, 'binary_majority': 0.13725490196078433, 'run_time_millis': 4288.557338997634, 'loss_mean': 0.0347500778734684}
Device cuda
Split type sit
Training Size: 2300, NTA labels 2249, YTA labels 51
Validation Size: 5203, NTA labels 5073, YTA labels 130
Test Size: 4997, NTA labels 4886, YTA labels 111
Training with SBERT, model name is sbert
Tokenizing the dataset
Number of training steps 720
Epoch 0 **** Loss 0.04363512247800827 **** Metrics validation: {'accuracy': 0.8679607918508553, 'f1_weighted': 0.9067131994540665, 'macro': 0.4800914827888694, 'micro': 0.8679607918508554, 'binary': 0.031029619181946407, 'accuracy_majority': 0.8807863031071655, 'macro_majority': 0.4837071607690165, 'binary_majority': 0.03092783505154639, 'run_time_millis': 4242.632266999863, 'loss_mean': 0.033887285739183426}
Epoch 1 **** Loss 0.040517646819353104 **** Metrics validation: {'accuracy': 0.9154334038054969, 'f1_weighted': 0.9327748866359915, 'macro': 0.49543330688530374, 'micro': 0.9154334038054969, 'binary': 0.03508771929824562, 'accuracy_majority': 0.9251743817374762, 'macro_majority': 0.5047216011923773, 'binary_majority': 0.04838709677419355, 'run_time_millis': 4258.873509003024, 'loss_mean': 0.033641066402196884}
Epoch 2 **** Loss 0.01567671447992325 **** Metrics validation: {'accuracy': 0.8656544301364597, 'f1_weighted': 0.9060603246168089, 'macro': 0.4959446440903899, 'micro': 0.8656544301364597, 'binary': 0.06425702811244981, 'accuracy_majority': 0.8776157260621433, 'macro_majority': 0.5010712605466298, 'binary_majority': 0.0676328502415459, 'run_time_millis': 4215.205662003427, 'loss_mean': 0.033437006175518036}
Epoch 3 **** Loss 0.04065513610839844 **** Metrics validation: {'accuracy': 0.909283105900442, 'f1_weighted': 0.9304526877365964, 'macro': 0.5152096598948858, 'micro': 0.909283105900442, 'binary': 0.078125, 'accuracy_majority': 0.9194673430564363, 'macro_majority': 0.5221041077585692, 'binary_majority': 0.08633093525179855, 'run_time_millis': 4211.030381997261, 'loss_mean': 0.03344348073005676}
Epoch 4 **** Loss 0.03073667548596859 **** Metrics validation: {'accuracy': 0.9125504516625024, 'f1_weighted': 0.9325198524035107, 'macro': 0.5229399857528759, 'micro': 0.9125504516625024, 'binary': 0.09181636726546906, 'accuracy_majority': 0.922003804692454, 'macro_majority': 0.5307104026090597, 'binary_majority': 0.10218978102189781, 'run_time_millis': 4249.933327999315, 'loss_mean': 0.03321542218327522}
Epoch 5 **** Loss 0.012685819528996944 **** Metrics validation: {'accuracy': 0.9423409571401115, 'f1_weighted': 0.9487705721468355, 'macro': 0.5413143288361039, 'micro': 0.9423409571401115, 'binary': 0.11242603550295857, 'accuracy_majority': 0.9499048826886494, 'macro_majority': 0.5432923364554503, 'binary_majority': 0.11235955056179775, 'run_time_millis': 4256.907062001119, 'loss_mean': 0.03368964046239853}
Epoch 6 **** Loss 0.03385532647371292 **** Metrics validation: {'accuracy': 0.9482990582356333, 'f1_weighted': 0.9521363159998205, 'macro': 0.5485711005024202, 'micro': 0.9482990582356333, 'binary': 0.12377850162866451, 'accuracy_majority': 0.9562460367786937, 'macro_majority': 0.5520716270453844, 'binary_majority': 0.12658227848101264, 'run_time_millis': 4245.826389000285, 'loss_mean': 0.033691249787807465}
Epoch 7 **** Loss 0.010755383409559727 **** Metrics validation: {'accuracy': 0.9513742071881607, 'f1_weighted': 0.9538897277474487, 'macro': 0.5527859172777663, 'micro': 0.9513742071881607, 'binary': 0.13058419243986252, 'accuracy_majority': 0.9587824984147115, 'macro_majority': 0.5561112915448739, 'binary_majority': 0.13333333333333333, 'run_time_millis': 4202.063077998901, 'loss_mean': 0.033994439989328384}
Epoch 8 **** Loss 0.010759497992694378 **** Metrics validation: {'accuracy': 0.9477224678070344, 'f1_weighted': 0.9519442730041119, 'macro': 0.5506292135973135, 'micro': 0.9477224678070344, 'binary': 0.12820512820512822, 'accuracy_majority': 0.9562460367786937, 'macro_majority': 0.5520716270453844, 'binary_majority': 0.12658227848101264, 'run_time_millis': 4206.281299997499, 'loss_mean': 0.033934853971004486}
Epoch 9 **** Loss 0.02009943313896656 **** Metrics validation: {'accuracy': 0.950221026330963, 'f1_weighted': 0.953087859431636, 'macro': 0.5482091160994319, 'micro': 0.950221026330963, 'binary': 0.12203389830508475, 'accuracy_majority': 0.9587824984147115, 'macro_majority': 0.5561112915448739, 'binary_majority': 0.13333333333333333, 'run_time_millis': 4180.525836000015, 'loss_mean': 0.03415486961603165}
Evaluating
{'accuracy': 0.9513742071881607, 'f1_weighted': 0.9538897277474487, 'macro': 0.5527859172777663, 'micro': 0.9513742071881607, 'binary': 0.13058419243986252, 'accuracy_majority': 0.9587824984147115, 'macro_majority': 0.5561112915448739, 'binary_majority': 0.13333333333333333, 'run_time_millis': 4246.749876001559, 'loss_mean': 0.033994439989328384}
Device cuda
Split type sit
Training Size: 3100, NTA labels 3027, YTA labels 73
Validation Size: 5203, NTA labels 5073, YTA labels 130
Test Size: 4997, NTA labels 4886, YTA labels 111
Training with SBERT, model name is sbert
Tokenizing the dataset
Number of training steps 970
Epoch 0 **** Loss 0.01714314892888069 **** Metrics validation: {'accuracy': 0.889486834518547, 'f1_weighted': 0.9187109284296706, 'macro': 0.4875028800634513, 'micro': 0.889486834518547, 'binary': 0.03361344537815126, 'accuracy_majority': 0.8998097653772986, 'macro_majority': 0.491871278244555, 'binary_majority': 0.036585365853658534, 'run_time_millis': 4233.937801000138, 'loss_mean': 0.03534393012523651}
Epoch 1 **** Loss 0.016496621072292328 **** Metrics validation: {'accuracy': 0.9167787814722276, 'f1_weighted': 0.9335043236140194, 'macro': 0.49607387490037896, 'micro': 0.9167787814722276, 'binary': 0.0356347438752784, 'accuracy_majority': 0.9270767279644896, 'macro_majority': 0.5058352611630195, 'binary_majority': 0.049586776859504134, 'run_time_millis': 4221.452692003368, 'loss_mean': 0.03538017347455025}
Epoch 2 **** Loss 0.04618764668703079 **** Metrics validation: {'accuracy': 0.9037093984239861, 'f1_weighted': 0.9266389212683824, 'macro': 0.4956859500902432, 'micro': 0.9037093984239861, 'binary': 0.04206500956022945, 'accuracy_majority': 0.9105897273303741, 'macro_majority': 0.5033847390813968, 'binary_majority': 0.053691275167785234, 'run_time_millis': 4225.8125850021315, 'loss_mean': 0.03546038269996643}
Epoch 3 **** Loss 0.01438796054571867 **** Metrics validation: {'accuracy': 0.9333077070920622, 'f1_weighted': 0.9430343188032341, 'macro': 0.5175596135968462, 'micro': 0.9333077070920622, 'binary': 0.06970509383378015, 'accuracy_majority': 0.9416613823715916, 'macro_majority': 0.5249377865094957, 'binary_majority': 0.08, 'run_time_millis': 4209.767036998528, 'loss_mean': 0.03579949587583542}
Epoch 4 **** Loss 0.029528681188821793 **** Metrics validation: {'accuracy': 0.8935229675187392, 'f1_weighted': 0.9221675051964213, 'macro': 0.5176247916513265, 'micro': 0.8935229675187392, 'binary': 0.09180327868852459, 'accuracy_majority': 0.8998097653772986, 'macro_majority': 0.519466944380159, 'binary_majority': 0.09195402298850575, 'run_time_millis': 4151.190434000455, 'loss_mean': 0.03437361121177673}
Epoch 5 **** Loss 0.010116283781826496 **** Metrics validation: {'accuracy': 0.9302325581395349, 'f1_weighted': 0.942521710694084, 'macro': 0.5402350810441717, 'micro': 0.9302325581395349, 'binary': 0.11678832116788322, 'accuracy_majority': 0.9372225745085606, 'macro_majority': 0.5377872121217504, 'binary_majority': 0.10810810810810809, 'run_time_millis': 4183.557063999615, 'loss_mean': 0.035608742386102676}
Epoch 6 **** Loss 0.011106356978416443 **** Metrics validation: {'accuracy': 0.8975591005189314, 'f1_weighted': 0.9247127465269136, 'macro': 0.5264324135374258, 'micro': 0.8975591005189314, 'binary': 0.10720268006700168, 'accuracy_majority': 0.9036144578313253, 'macro_majority': 0.5221669377731, 'binary_majority': 0.09523809523809523, 'run_time_millis': 4249.537460000283, 'loss_mean': 0.03457751125097275}
Epoch 7 **** Loss 0.018111001700162888 **** Metrics validation: {'accuracy': 0.9329233134729964, 'f1_weighted': 0.944037936533019, 'macro': 0.543019091381988, 'micro': 0.9329233134729964, 'binary': 0.12090680100755669, 'accuracy_majority': 0.9403931515535827, 'macro_majority': 0.541183826078344, 'binary_majority': 0.11320754716981132, 'run_time_millis': 4272.884877998877, 'loss_mean': 0.038042183965444565}
Epoch 8 **** Loss 0.009219810366630554 **** Metrics validation: {'accuracy': 0.9415721699019797, 'f1_weighted': 0.9485836908018989, 'macro': 0.5455842976821154, 'micro': 0.9415721699019797, 'binary': 0.1213872832369942, 'accuracy_majority': 0.9499048826886494, 'macro_majority': 0.5530382121959008, 'binary_majority': 0.13186813186813184, 'run_time_millis': 3531.333517999883, 'loss_mean': 0.04024619981646538}
Epoch 9 **** Loss 0.014942220412194729 **** Metrics validation: {'accuracy': 0.9367672496636555, 'f1_weighted': 0.9461004733746171, 'macro': 0.5449341707373808, 'micro': 0.9367672496636555, 'binary': 0.12266666666666667, 'accuracy_majority': 0.9441978440076094, 'macro_majority': 0.545592665356909, 'binary_majority': 0.11999999999999998, 'run_time_millis': 4262.383350000164, 'loss_mean': 0.03990326076745987}
Evaluating
{'accuracy': 0.9415721699019797, 'f1_weighted': 0.9485836908018989, 'macro': 0.5455842976821154, 'micro': 0.9415721699019797, 'binary': 0.1213872832369942, 'accuracy_majority': 0.9499048826886494, 'macro_majority': 0.5530382121959008, 'binary_majority': 0.13186813186813184, 'run_time_millis': 4186.0555070015835, 'loss_mean': 0.04024619981646538}
Device cuda
Split type sit
Training Size: 3900, NTA labels 3803, YTA labels 97
Validation Size: 5203, NTA labels 5073, YTA labels 130
Test Size: 4997, NTA labels 4886, YTA labels 111
Training with SBERT, model name is sbert
Tokenizing the dataset
Number of training steps 1220
Epoch 0 **** Loss 0.019649790599942207 **** Metrics validation: {'accuracy': 0.8072266000384394, 'f1_weighted': 0.8718189428506936, 'macro': 0.47715892984578184, 'micro': 0.8072266000384394, 'binary': 0.06173994387277829, 'accuracy_majority': 0.8123018389346861, 'macro_majority': 0.4765497443258276, 'binary_majority': 0.05732484076433121, 'run_time_millis': 4189.4379219993425, 'loss_mean': 0.03656858950853348}
Epoch 1 **** Loss 0.018573585897684097 **** Metrics validation: {'accuracy': 0.9379204305208534, 'f1_weighted': 0.9458109027499286, 'macro': 0.5264280615852132, 'micro': 0.9379204305208534, 'binary': 0.08498583569405099, 'accuracy_majority': 0.9467343056436271, 'macro_majority': 0.5394659991656237, 'binary_majority': 0.10638297872340427, 'run_time_millis': 4161.753480999323, 'loss_mean': 0.036013949662446976}
Epoch 2 **** Loss 0.04120856896042824 **** Metrics validation: {'accuracy': 0.9169709782817606, 'f1_weighted': 0.9359695603520218, 'macro': 0.547911745586314, 'micro': 0.9169709782817607, 'binary': 0.13944223107569723, 'accuracy_majority': 0.9207355738744452, 'macro_majority': 0.5359941435811248, 'binary_majority': 0.11347517730496455, 'run_time_millis': 4183.041348998813, 'loss_mean': 0.03466106578707695}
Epoch 3 **** Loss 0.03450924530625343 **** Metrics validation: {'accuracy': 0.8748798769940419, 'f1_weighted': 0.9125111177761697, 'macro': 0.5305578874146549, 'micro': 0.8748798769940419, 'binary': 0.12851405622489961, 'accuracy_majority': 0.8788839568801522, 'macro_majority': 0.5149434838551756, 'binary_majority': 0.09478672985781991, 'run_time_millis': 4194.430106999789, 'loss_mean': 0.0330466628074646}
Epoch 4 **** Loss 0.039725396782159805 **** Metrics validation: {'accuracy': 0.8558523928502787, 'f1_weighted': 0.901776473031087, 'macro': 0.5296408528118491, 'micro': 0.8558523928502787, 'binary': 0.13793103448275865, 'accuracy_majority': 0.8585922637920101, 'macro_majority': 0.5102273027969623, 'binary_majority': 0.09716599190283402, 'run_time_millis': 3717.4572520016227, 'loss_mean': 0.03214206174015999}
Epoch 5 **** Loss 0.013063250109553337 **** Metrics validation: {'accuracy': 0.8675763982317893, 'f1_weighted': 0.9087589727578321, 'macro': 0.5393116662565082, 'micro': 0.8675763982317893, 'binary': 0.1504315659679408, 'accuracy_majority': 0.8687381103360812, 'macro_majority': 0.5165392253999849, 'binary_majority': 0.1038961038961039, 'run_time_millis': 4198.66324800023, 'loss_mean': 0.033957239240407944}
Epoch 6 **** Loss 0.012926562689244747 **** Metrics validation: {'accuracy': 0.8971747068998654, 'f1_weighted': 0.925106497421167, 'macro': 0.5405191978479249, 'micro': 0.8971747068998654, 'binary': 0.13570274636510501, 'accuracy_majority': 0.9029803424223208, 'macro_majority': 0.526986255447536, 'binary_majority': 0.10526315789473682, 'run_time_millis': 3789.12161700282, 'loss_mean': 0.038920506834983826}
Epoch 7 **** Loss 0.009041075594723225 **** Metrics validation: {'accuracy': 0.8841053238516241, 'f1_weighted': 0.9178778994854244, 'macro': 0.5376094681463004, 'micro': 0.8841053238516241, 'binary': 0.13733905579399142, 'accuracy_majority': 0.8883956880152187, 'macro_majority': 0.5166620228475898, 'binary_majority': 0.09278350515463918, 'run_time_millis': 4303.554979000182, 'loss_mean': 0.03966781124472618}
Epoch 8 **** Loss 0.03964957594871521 **** Metrics validation: {'accuracy': 0.9200461272342879, 'f1_weighted': 0.937645326802955, 'macro': 0.5492844184640193, 'micro': 0.9200461272342879, 'binary': 0.14049586776859505, 'accuracy_majority': 0.9251743817374762, 'macro_majority': 0.5335068086557166, 'binary_majority': 0.10606060606060605, 'run_time_millis': 4280.026109001483, 'loss_mean': 0.0486881248652935}
Epoch 9 **** Loss 0.0036928937770426273 **** Metrics validation: {'accuracy': 0.9121660580434365, 'f1_weighted': 0.9332292670587137, 'macro': 0.543283790794611, 'micro': 0.9121660580434365, 'binary': 0.13282732447817838, 'accuracy_majority': 0.9175649968294229, 'macro_majority': 0.527016426725729, 'binary_majority': 0.09722222222222222, 'run_time_millis': 4236.4453120026155, 'loss_mean': 0.047235507518053055}
Evaluating
{'accuracy': 0.9379204305208534, 'f1_weighted': 0.9458109027499286, 'macro': 0.5264280615852132, 'micro': 0.9379204305208534, 'binary': 0.08498583569405099, 'accuracy_majority': 0.9467343056436271, 'macro_majority': 0.5394659991656237, 'binary_majority': 0.10638297872340427, 'run_time_millis': 4187.901691999286, 'loss_mean': 0.036013949662446976}
Device cuda
Split type sit
Training Size: 4650, NTA labels 4527, YTA labels 123
Validation Size: 5203, NTA labels 5073, YTA labels 130
Test Size: 4997, NTA labels 4886, YTA labels 111
Training with SBERT, model name is sbert
Tokenizing the dataset
Number of training steps 1460
Epoch 0 **** Loss 0.020000863820314407 **** Metrics validation: {'accuracy': 0.9123582548529694, 'f1_weighted': 0.9319108178766398, 'macro': 0.511700735154893, 'micro': 0.9123582548529694, 'binary': 0.06938775510204082, 'accuracy_majority': 0.9232720355104629, 'macro_majority': 0.5318121035908382, 'binary_majority': 0.1037037037037037, 'run_time_millis': 4231.627979999757, 'loss_mean': 0.0380416102707386}
Epoch 1 **** Loss 0.01853405311703682 **** Metrics validation: {'accuracy': 0.9162021910436287, 'f1_weighted': 0.9348147155032712, 'macro': 0.5312984505733903, 'micro': 0.9162021910436287, 'binary': 0.10655737704918032, 'accuracy_majority': 0.9251743817374762, 'macro_majority': 0.5401650686962538, 'binary_majority': 0.11940298507462688, 'run_time_millis': 4198.5320759995375, 'loss_mean': 0.03633095324039459}
Epoch 2 **** Loss 0.014581848867237568 **** Metrics validation: {'accuracy': 0.8535460311358831, 'f1_weighted': 0.9009262194201985, 'macro': 0.5439136116620115, 'micro': 0.8535460311358831, 'binary': 0.16812227074235808, 'accuracy_majority': 0.8592263792010146, 'macro_majority': 0.5314387125786971, 'binary_majority': 0.13953488372093026, 'run_time_millis': 4184.916455000348, 'loss_mean': 0.031909871846437454}
Epoch 3 **** Loss 0.014021405950188637 **** Metrics validation: {'accuracy': 0.9279261964251393, 'f1_weighted': 0.9429906502646818, 'macro': 0.5761749097284325, 'micro': 0.9279261964251393, 'binary': 0.19006479481641467, 'accuracy_majority': 0.9346861128725428, 'macro_majority': 0.5643097209593013, 'binary_majority': 0.16260162601626016, 'run_time_millis': 4185.380454000551, 'loss_mean': 0.03391199931502342}
Epoch 4 **** Loss 0.009020539931952953 **** Metrics validation: {'accuracy': 0.9071689409955794, 'f1_weighted': 0.9320593682158128, 'macro': 0.5774963084186548, 'micro': 0.9071689409955794, 'binary': 0.20428336079077428, 'accuracy_majority': 0.9137603043753963, 'macro_majority': 0.5724651548496156, 'binary_majority': 0.19047619047619047, 'run_time_millis': 4178.241846999299, 'loss_mean': 0.03398405387997627}
Epoch 5 **** Loss 0.0017787886317819357 **** Metrics validation: {'accuracy': 0.9325389198539304, 'f1_weighted': 0.9458531934322284, 'macro': 0.5862222956315342, 'micro': 0.9325389198539304, 'binary': 0.20767494356659144, 'accuracy_majority': 0.9422954977805961, 'macro_majority': 0.5893757958138404, 'binary_majority': 0.20869565217391306, 'run_time_millis': 4244.53894799808, 'loss_mean': 0.04578302428126335}
Epoch 6 **** Loss 0.027726029977202415 **** Metrics validation: {'accuracy': 0.9175475687103594, 'f1_weighted': 0.9377865058109245, 'macro': 0.581768477027674, 'micro': 0.9175475687103594, 'binary': 0.20702402957486135, 'accuracy_majority': 0.9264426125554851, 'macro_majority': 0.5834578111337803, 'binary_majority': 0.20547945205479454, 'run_time_millis': 3304.3407930017565, 'loss_mean': 0.042801979929208755}
Epoch 7 **** Loss 0.01394764892756939 **** Metrics validation: {'accuracy': 0.8960215260426677, 'f1_weighted': 0.9255225958563212, 'macro': 0.5654638598343719, 'micro': 0.8960215260426676, 'binary': 0.18646616541353384, 'accuracy_majority': 0.9042485732403297, 'macro_majority': 0.5620193749045878, 'binary_majority': 0.17486338797814208, 'run_time_millis': 4275.46434100077, 'loss_mean': 0.03889792412519455}
Epoch 8 **** Loss 0.01170938927680254 **** Metrics validation: {'accuracy': 0.9039015952335191, 'f1_weighted': 0.929923046394313, 'macro': 0.5686195826645265, 'micro': 0.9039015952335191, 'binary': 0.18831168831168832, 'accuracy_majority': 0.9131261889663919, 'macro_majority': 0.5668876508783571, 'binary_majority': 0.17964071856287425, 'run_time_millis': 4173.060058001283, 'loss_mean': 0.04329909384250641}
Epoch 9 **** Loss 0.010642721317708492 **** Metrics validation: {'accuracy': 0.914088026138766, 'f1_weighted': 0.935697391847523, 'macro': 0.5760506083512748, 'micro': 0.914088026138766, 'binary': 0.19748653500897667, 'accuracy_majority': 0.9226379201014585, 'macro_majority': 0.5730270750110963, 'binary_majority': 0.1866666666666667, 'run_time_millis': 4258.530205999705, 'loss_mean': 0.047629065811634064}
Evaluating
{'accuracy': 0.9325389198539304, 'f1_weighted': 0.9458531934322284, 'macro': 0.5862222956315342, 'micro': 0.9325389198539304, 'binary': 0.20767494356659144, 'accuracy_majority': 0.9422954977805961, 'macro_majority': 0.5893757958138404, 'binary_majority': 0.20869565217391306, 'run_time_millis': 4233.519517001696, 'loss_mean': 0.04578302428126335}
Device cuda
Split type sit
Training Size: 5450, NTA labels 5297, YTA labels 153
Validation Size: 5203, NTA labels 5073, YTA labels 130
Test Size: 4997, NTA labels 4886, YTA labels 111
Training with SBERT, model name is sbert
Tokenizing the dataset
Number of training steps 1710
Epoch 0 **** Loss 0.01944252848625183 **** Metrics validation: {'accuracy': 0.9669421487603306, 'f1_weighted': 0.9589116054602658, 'macro': 0.49734212252747745, 'micro': 0.9669421487603306, 'binary': 0.01149425287356322, 'accuracy_majority': 0.9752694990488269, 'macro_majority': 0.49373996789727126, 'binary_majority': 0.0, 'run_time_millis': 4213.954792001459, 'loss_mean': 0.039782457053661346}
Epoch 1 **** Loss 0.01758371666073799 **** Metrics validation: {'accuracy': 0.8962137228522007, 'f1_weighted': 0.9243767844338997, 'macro': 0.5355219984050215, 'micro': 0.8962137228522007, 'binary': 0.1262135922330097, 'accuracy_majority': 0.9023462270133165, 'macro_majority': 0.5316323381933195, 'binary_majority': 0.11494252873563218, 'run_time_millis': 4236.574834998464, 'loss_mean': 0.03713861107826233}
Epoch 2 **** Loss 0.015572230331599712 **** Metrics validation: {'accuracy': 0.8719969248510475, 'f1_weighted': 0.9113677070747896, 'macro': 0.5427885848551732, 'micro': 0.8719969248510475, 'binary': 0.1548223350253807, 'accuracy_majority': 0.87571337983513, 'macro_majority': 0.5211439548862862, 'binary_majority': 0.10909090909090909, 'run_time_millis': 4235.608686998603, 'loss_mean': 0.033672790974378586}
Epoch 3 **** Loss 0.01570315659046173 **** Metrics validation: {'accuracy': 0.8731501057082452, 'f1_weighted': 0.9124711660794588, 'macro': 0.5551843987726438, 'micro': 0.8731501057082452, 'binary': 0.1791044776119403, 'accuracy_majority': 0.8795180722891566, 'macro_majority': 0.5472006625078583, 'binary_majority': 0.15929203539823006, 'run_time_millis': 4249.90883099963, 'loss_mean': 0.03241132199764252}
Epoch 4 **** Loss 0.008221108466386795 **** Metrics validation: {'accuracy': 0.8954449356140688, 'f1_weighted': 0.9251346965470194, 'macro': 0.5636655135628442, 'micro': 0.8954449356140688, 'binary': 0.1831831831831832, 'accuracy_majority': 0.9010779961953076, 'macro_majority': 0.5543648378401879, 'binary_majority': 0.16129032258064516, 'run_time_millis': 4240.922379001859, 'loss_mean': 0.03533235937356949}
Epoch 5 **** Loss 0.01858832873404026 **** Metrics validation: {'accuracy': 0.8829521429944263, 'f1_weighted': 0.9179427532126703, 'macro': 0.5553461362131323, 'micro': 0.8829521429944263, 'binary': 0.17367706919945727, 'accuracy_majority': 0.8890298034242232, 'macro_majority': 0.547603474588913, 'binary_majority': 0.15458937198067635, 'run_time_millis': 4253.6398920019565, 'loss_mean': 0.03629732504487038}
Epoch 6 **** Loss 0.012334642000496387 **** Metrics validation: {'accuracy': 0.914280222948299, 'f1_weighted': 0.9354213523958181, 'macro': 0.5674614831736791, 'micro': 0.914280222948299, 'binary': 0.18014705882352944, 'accuracy_majority': 0.9188332276474318, 'macro_majority': 0.5520284065690191, 'binary_majority': 0.14666666666666664, 'run_time_millis': 4263.046162999672, 'loss_mean': 0.04663470759987831}
Epoch 7 **** Loss 0.0064535485580563545 **** Metrics validation: {'accuracy': 0.9002498558523928, 'f1_weighted': 0.9275712983406886, 'macro': 0.5595879462435617, 'micro': 0.9002498558523928, 'binary': 0.1722488038277512, 'accuracy_majority': 0.9080532656943564, 'macro_majority': 0.5566041577388975, 'binary_majority': 0.16184971098265896, 'run_time_millis': 4236.148886997398, 'loss_mean': 0.045523736625909805}
Epoch 8 **** Loss 0.006842031143605709 **** Metrics validation: {'accuracy': 0.9083221218527773, 'f1_weighted': 0.9321502998292704, 'macro': 0.5652260514248926, 'micro': 0.9083221218527773, 'binary': 0.17900172117039584, 'accuracy_majority': 0.9137603043753963, 'macro_majority': 0.5522879091516366, 'binary_majority': 0.15, 'run_time_millis': 4231.510387999151, 'loss_mean': 0.04994352161884308}
Epoch 9 **** Loss 0.005158060230314732 **** Metrics validation: {'accuracy': 0.914856813376898, 'f1_weighted': 0.9354846214470168, 'macro': 0.5619928438257807, 'micro': 0.914856813376898, 'binary': 0.16885553470919326, 'accuracy_majority': 0.9201014584654407, 'macro_majority': 0.5475490017487613, 'binary_majority': 0.136986301369863, 'run_time_millis': 4237.735606999195, 'loss_mean': 0.05242504924535751}
Evaluating
{'accuracy': 0.9669421487603306, 'f1_weighted': 0.9589116054602658, 'macro': 0.49734212252747745, 'micro': 0.9669421487603306, 'binary': 0.01149425287356322, 'accuracy_majority': 0.9752694990488269, 'macro_majority': 0.49373996789727126, 'binary_majority': 0.0, 'run_time_millis': 4272.777928999858, 'loss_mean': 0.039782457053661346}
Device cuda
Split type sit
Training Size: 6200, NTA labels 6036, YTA labels 164
Validation Size: 5203, NTA labels 5073, YTA labels 130
Test Size: 4997, NTA labels 4886, YTA labels 111
Training with SBERT, model name is sbert
Tokenizing the dataset
Number of training steps 1940
Epoch 0 **** Loss 0.019169533625245094 **** Metrics validation: {'accuracy': 0.965020180665001, 'f1_weighted': 0.9581884687746148, 'macro': 0.5018485785830019, 'micro': 0.965020180665001, 'binary': 0.021505376344086023, 'accuracy_majority': 0.974001268230818, 'macro_majority': 0.49341471249598456, 'binary_majority': 0.0, 'run_time_millis': 4262.159765999968, 'loss_mean': 0.03910599276423454}
Epoch 1 **** Loss 0.049179691821336746 **** Metrics validation: {'accuracy': 0.7541802806073419, 'f1_weighted': 0.8387208081251281, 'macro': 0.486670405833285, 'micro': 0.7541802806073419, 'binary': 0.11610228058051142, 'accuracy_majority': 0.7526949904882688, 'macro_majority': 0.46866576819407013, 'binary_majority': 0.08018867924528301, 'run_time_millis': 4240.5987920028565, 'loss_mean': 0.036040905863046646}
Epoch 2 **** Loss 0.01022772490978241 **** Metrics validation: {'accuracy': 0.8937151643282721, 'f1_weighted': 0.9243633625198715, 'macro': 0.5679067891996933, 'micro': 0.8937151643282721, 'binary': 0.19270072992700732, 'accuracy_majority': 0.8966391883322765, 'macro_majority': 0.5457925231431989, 'binary_majority': 0.14659685863874347, 'run_time_millis': 3441.3602390013693, 'loss_mean': 0.03232411667704582}
Epoch 3 **** Loss 0.034340959042310715 **** Metrics validation: {'accuracy': 0.8049202383240438, 'f1_weighted': 0.8713728606914964, 'macro': 0.5223023905933902, 'micro': 0.8049202383240437, 'binary': 0.15487094088259784, 'accuracy_majority': 0.8046924540266328, 'macro_majority': 0.5050784593437946, 'binary_majority': 0.12, 'run_time_millis': 3239.3840469994757, 'loss_mean': 0.02960471622645855}
Epoch 4 **** Loss 0.01276366412639618 **** Metrics validation: {'accuracy': 0.8589275418028061, 'f1_weighted': 0.9044251223716662, 'macro': 0.5562911583594748, 'micro': 0.8589275418028061, 'binary': 0.18984547461368653, 'accuracy_majority': 0.8611287254280279, 'macro_majority': 0.5426097873980397, 'binary_majority': 0.16091954022988506, 'run_time_millis': 3519.186001001799, 'loss_mean': 0.03143218532204628}
Epoch 5 **** Loss 0.018171144649386406 **** Metrics validation: {'accuracy': 0.9006342494714588, 'f1_weighted': 0.9284831122776, 'macro': 0.5764193556260486, 'micro': 0.9006342494714588, 'binary': 0.20583717357910905, 'accuracy_majority': 0.9048826886493342, 'macro_majority': 0.5581147724725398, 'binary_majority': 0.16666666666666666, 'run_time_millis': 4228.840286999912, 'loss_mean': 0.03853018954396248}
Epoch 6 **** Loss 0.0020233241375535727 **** Metrics validation: {'accuracy': 0.9079377282337113, 'f1_weighted': 0.932566569838773, 'macro': 0.5796959493929191, 'micro': 0.9079377282337113, 'binary': 0.20826446280991737, 'accuracy_majority': 0.9137603043753963, 'macro_majority': 0.5676037483266398, 'binary_majority': 0.18072289156626503, 'run_time_millis': 4234.187660000316, 'loss_mean': 0.04198414087295532}
Epoch 7 **** Loss 0.0067194621078670025 **** Metrics validation: {'accuracy': 0.9271574091870075, 'f1_weighted': 0.9435146552471839, 'macro': 0.5965023493439577, 'micro': 0.9271574091870075, 'binary': 0.23123732251521298, 'accuracy_majority': 0.9334178820545339, 'macro_majority': 0.5818697871029486, 'binary_majority': 0.1984732824427481, 'run_time_millis': 3770.274894999602, 'loss_mean': 0.04909990355372429}
Epoch 8 **** Loss 0.0065874322317540646 **** Metrics validation: {'accuracy': 0.9231212761868153, 'f1_weighted': 0.9411969747820556, 'macro': 0.592180653859117, 'micro': 0.9231212761868153, 'binary': 0.22480620155038758, 'accuracy_majority': 0.9283449587824985, 'macro_majority': 0.5747855446985696, 'binary_majority': 0.1870503597122302, 'run_time_millis': 4244.98705699807, 'loss_mean': 0.04900168254971504}
Epoch 9 **** Loss 0.008169741369783878 **** Metrics validation: {'accuracy': 0.914472419757832, 'f1_weighted': 0.9362923806762062, 'macro': 0.5849696874530022, 'micro': 0.914472419757832, 'binary': 0.21516754850088182, 'accuracy_majority': 0.9188332276474318, 'macro_majority': 0.5683960247002275, 'binary_majority': 0.1794871794871795, 'run_time_millis': 4277.628601998003, 'loss_mean': 0.04718959331512451}
Evaluating
{'accuracy': 0.965020180665001, 'f1_weighted': 0.9581884687746148, 'macro': 0.5018485785830019, 'micro': 0.965020180665001, 'binary': 0.021505376344086023, 'accuracy_majority': 0.974001268230818, 'macro_majority': 0.49341471249598456, 'binary_majority': 0.0, 'run_time_millis': 4228.097792998597, 'loss_mean': 0.03910599276423454}
Device cuda
Split type sit
Training Size: 7000, NTA labels 6809, YTA labels 191
Validation Size: 5203, NTA labels 5073, YTA labels 130
Test Size: 4997, NTA labels 4886, YTA labels 111
Training with SBERT, model name is sbert
Tokenizing the dataset
Number of training steps 2190
Epoch 0 **** Loss 0.049109816551208496 **** Metrics validation: {'accuracy': 0.9719392658081876, 'f1_weighted': 0.961800811644228, 'macro': 0.5062155486219448, 'micro': 0.9719392658081876, 'binary': 0.02666666666666667, 'accuracy_majority': 0.979708306911858, 'macro_majority': 0.49487508007687375, 'binary_majority': 0.0, 'run_time_millis': 4235.250879999512, 'loss_mean': 0.03975750133395195}
Epoch 1 **** Loss 0.01609712280333042 **** Metrics validation: {'accuracy': 0.8539304247549491, 'f1_weighted': 0.9012434620354269, 'macro': 0.5468974873726957, 'micro': 0.8539304247549491, 'binary': 0.17391304347826086, 'accuracy_majority': 0.8573240329740013, 'macro_majority': 0.5300785486966161, 'binary_majority': 0.13793103448275862, 'run_time_millis': 4240.437679000024, 'loss_mean': 0.033578988164663315}
Epoch 2 **** Loss 0.020127223804593086 **** Metrics validation: {'accuracy': 0.8618104939458004, 'f1_weighted': 0.9061904726020188, 'macro': 0.5596340199990371, 'micro': 0.8618104939458004, 'binary': 0.19484882418812988, 'accuracy_majority': 0.8623969562460367, 'macro_majority': 0.5403684745657993, 'binary_majority': 0.1556420233463035, 'run_time_millis': 4249.954851999064, 'loss_mean': 0.02964356541633606}
Epoch 3 **** Loss 0.016456587240099907 **** Metrics validation: {'accuracy': 0.8512396694214877, 'f1_weighted': 0.8998872502881927, 'macro': 0.5533959070257667, 'micro': 0.8512396694214878, 'binary': 0.18867924528301885, 'accuracy_majority': 0.8516169942929613, 'macro_majority': 0.5354337251110372, 'binary_majority': 0.15217391304347824, 'run_time_millis': 4250.84538900046, 'loss_mean': 0.029770933091640472}
Epoch 4 **** Loss 0.008880788460373878 **** Metrics validation: {'accuracy': 0.8973669037093984, 'f1_weighted': 0.9269849726832944, 'macro': 0.5833180362091926, 'micro': 0.8973669037093984, 'binary': 0.22157434402332363, 'accuracy_majority': 0.9004438807863031, 'macro_majority': 0.5667529349593069, 'binary_majority': 0.18652849740932642, 'run_time_millis': 4237.632076001319, 'loss_mean': 0.0338154137134552}
Epoch 5 **** Loss 0.005416586995124817 **** Metrics validation: {'accuracy': 0.9288871804728042, 'f1_weighted': 0.9447521987156944, 'macro': 0.6037922631739262, 'micro': 0.9288871804728042, 'binary': 0.2448979591836735, 'accuracy_majority': 0.9353202282815473, 'macro_majority': 0.6025155678560838, 'binary_majority': 0.23880597014925375, 'run_time_millis': 4195.037339002738, 'loss_mean': 0.04425141215324402}
Epoch 6 **** Loss 0.01775265485048294 **** Metrics validation: {'accuracy': 0.9163943878531616, 'f1_weighted': 0.9376649190130817, 'macro': 0.5929428353295271, 'micro': 0.9163943878531616, 'binary': 0.23008849557522124, 'accuracy_majority': 0.9226379201014585, 'macro_majority': 0.5886274610424044, 'binary_majority': 0.21794871794871795, 'run_time_millis': 4214.619173999381, 'loss_mean': 0.043579112738370895}
Epoch 7 **** Loss 0.005691751837730408 **** Metrics validation: {'accuracy': 0.9215837017105516, 'f1_weighted': 0.9404210514928291, 'macro': 0.5929844097995546, 'micro': 0.9215837017105516, 'binary': 0.22727272727272724, 'accuracy_majority': 0.9258084971464806, 'macro_majority': 0.5879149962590314, 'binary_majority': 0.21476510067114093, 'run_time_millis': 4230.266514001414, 'loss_mean': 0.04824018105864525}
Epoch 8 **** Loss 0.019764142110943794 **** Metrics validation: {'accuracy': 0.9306169517586008, 'f1_weighted': 0.9456408605169869, 'macro': 0.6034142199976226, 'micro': 0.9306169517586008, 'binary': 0.24318658280922428, 'accuracy_majority': 0.9346861128725428, 'macro_majority': 0.5957346195677874, 'binary_majority': 0.22556390977443608, 'run_time_millis': 4258.797490998404, 'loss_mean': 0.05334225296974182}
Epoch 9 **** Loss 0.007901981472969055 **** Metrics validation: {'accuracy': 0.9236978666154142, 'f1_weighted': 0.9416712222829218, 'macro': 0.5959813504366553, 'micro': 0.9236978666154142, 'binary': 0.23210831721470018, 'accuracy_majority': 0.9270767279644896, 'macro_majority': 0.5843389372113545, 'binary_majority': 0.20689655172413793, 'run_time_millis': 4244.227421000687, 'loss_mean': 0.05123777315020561}
Evaluating
{'accuracy': 0.9719392658081876, 'f1_weighted': 0.961800811644228, 'macro': 0.5062155486219448, 'micro': 0.9719392658081876, 'binary': 0.02666666666666667, 'accuracy_majority': 0.979708306911858, 'macro_majority': 0.49487508007687375, 'binary_majority': 0.0, 'run_time_millis': 4237.980041998526, 'loss_mean': 0.03975750133395195}
Device cuda
Split type sit
Training Size: 7800, NTA labels 7599, YTA labels 201
Validation Size: 5203, NTA labels 5073, YTA labels 130
Test Size: 4997, NTA labels 4886, YTA labels 111
Training with SBERT, model name is sbert
Tokenizing the dataset
Number of training steps 2440
Epoch 0 **** Loss 0.019911805167794228 **** Metrics validation: {'accuracy': 0.9723236594272535, 'f1_weighted': 0.9616722702129171, 'macro': 0.4998317712088441, 'micro': 0.9723236594272536, 'binary': 0.013698630136986302, 'accuracy_majority': 0.9809765377298668, 'macro_majority': 0.49519846350832264, 'binary_majority': 0.0, 'run_time_millis': 4246.099007999874, 'loss_mean': 0.039085082709789276}
Epoch 1 **** Loss 0.01612858846783638 **** Metrics validation: {'accuracy': 0.8556601960407457, 'f1_weighted': 0.9023134914610913, 'macro': 0.5491630484859484, 'micro': 0.8556601960407456, 'binary': 0.1774370208105148, 'accuracy_majority': 0.8592263792010146, 'macro_majority': 0.534721705385147, 'binary_majority': 0.14615384615384616, 'run_time_millis': 4244.961025997327, 'loss_mean': 0.033014602959156036}
Epoch 2 **** Loss 0.011363101191818714 **** Metrics validation: {'accuracy': 0.8950605419950028, 'f1_weighted': 0.925618373532765, 'macro': 0.5807613842835436, 'micro': 0.8950605419950028, 'binary': 0.2177650429799427, 'accuracy_majority': 0.8991756499682942, 'macro_majority': 0.5695613437270934, 'binary_majority': 0.19289340101522845, 'run_time_millis': 3217.3606639989885, 'loss_mean': 0.02918626368045807}
Epoch 3 **** Loss 0.008055231533944607 **** Metrics validation: {'accuracy': 0.9056313665193158, 'f1_weighted': 0.9315828191372184, 'macro': 0.5858199342577243, 'micro': 0.9056313665193158, 'binary': 0.22187004754358158, 'accuracy_majority': 0.9131261889663919, 'macro_majority': 0.5855771351843859, 'binary_majority': 0.21714285714285717, 'run_time_millis': 4197.181831001217, 'loss_mean': 0.030478138476610184}
Epoch 4 **** Loss 0.006374274846166372 **** Metrics validation: {'accuracy': 0.9213915049010186, 'f1_weighted': 0.9404996305932072, 'macro': 0.5970397567877962, 'micro': 0.9213915049010186, 'binary': 0.2355140186915888, 'accuracy_majority': 0.9289790741915028, 'macro_majority': 0.5978213348877878, 'binary_majority': 0.23287671232876714, 'run_time_millis': 4282.047796998086, 'loss_mean': 0.03503496199846268}
Epoch 5 **** Loss 0.013143599033355713 **** Metrics validation: {'accuracy': 0.8929463770901404, 'f1_weighted': 0.9244093853721511, 'macro': 0.5795720240906002, 'micro': 0.8929463770901404, 'binary': 0.21659634317862167, 'accuracy_majority': 0.8985415345592898, 'macro_majority': 0.5768601250368939, 'binary_majority': 0.2079207920792079, 'run_time_millis': 4251.873798999441, 'loss_mean': 0.03224080428481102}
Epoch 6 **** Loss 0.011918791569769382 **** Metrics validation: {'accuracy': 0.9108206803767057, 'f1_weighted': 0.9344312452313461, 'macro': 0.5870889176227517, 'micro': 0.9108206803767057, 'binary': 0.2214765100671141, 'accuracy_majority': 0.9188332276474318, 'macro_majority': 0.5930388219544845, 'binary_majority': 0.22891566265060243, 'run_time_millis': 2248.8206249981886, 'loss_mean': 0.03824859857559204}
Epoch 7 **** Loss 0.00964976567775011 **** Metrics validation: {'accuracy': 0.9160099942340957, 'f1_weighted': 0.937318467803126, 'macro': 0.5897020161472959, 'micro': 0.9160099942340957, 'binary': 0.22380106571936056, 'accuracy_majority': 0.9245402663284717, 'macro_majority': 0.5962890856091816, 'binary_majority': 0.23225806451612904, 'run_time_millis': 4230.360156001552, 'loss_mean': 0.041694529354572296}
Epoch 8 **** Loss 0.004960999824106693 **** Metrics validation: {'accuracy': 0.9200461272342879, 'f1_weighted': 0.9397652076158305, 'macro': 0.5965560022427141, 'micro': 0.9200461272342879, 'binary': 0.23529411764705882, 'accuracy_majority': 0.9283449587824985, 'macro_majority': 0.6020033724553038, 'binary_majority': 0.2416107382550336, 'run_time_millis': 4205.4896490008105, 'loss_mean': 0.044747836887836456}
Epoch 9 **** Loss 0.05414873734116554 **** Metrics validation: {'accuracy': 0.9298481645204689, 'f1_weighted': 0.9452543732703557, 'macro': 0.6037615936708515, 'micro': 0.9298481645204689, 'binary': 0.24430641821946172, 'accuracy_majority': 0.937856689917565, 'macro_majority': 0.6125734512564427, 'binary_majority': 0.25757575757575757, 'run_time_millis': 3192.4000260005414, 'loss_mean': 0.050736479461193085}
Evaluating
{'accuracy': 0.9723236594272535, 'f1_weighted': 0.9616722702129171, 'macro': 0.4998317712088441, 'micro': 0.9723236594272536, 'binary': 0.013698630136986302, 'accuracy_majority': 0.9809765377298668, 'macro_majority': 0.49519846350832264, 'binary_majority': 0.0, 'run_time_millis': 4227.784995997354, 'loss_mean': 0.039085082709789276}
