Device cuda
Split type sit
Training Size: 34077, NTA labels 32436, YTA labels 1641
Validation Size: 11446, NTA labels 10876, YTA labels 570
Test Size: 11408, NTA labels 10878, YTA labels 530
Training with SBERT, model name is sbert
Tokenizing the dataset
Number of training steps 10650
Epoch 0 **** Loss 0.07387463748455048 **** Metrics validation: {'accuracy': 0.8368862484710816, 'f1_weighted': 0.8782947817071233, 'macro': 0.6169620544991344, 'micro': 0.8368862484710816, 'binary': 0.32672196177425167, 'accuracy_majority': 0.8433015873015873, 'macro_majority': 0.6429584959987397, 'binary_majority': 0.3755060728744939, 'run_time_millis': 6848.012373025995, 'loss_mean': 0.06536062061786652}
Epoch 1 **** Loss 0.04666248708963394 **** Metrics validation: {'accuracy': 0.8937620129302813, 'f1_weighted': 0.9141892191614606, 'macro': 0.6641621557190226, 'micro': 0.8937620129302813, 'binary': 0.38647830474268413, 'accuracy_majority': 0.8958730158730158, 'macro_majority': 0.68779588682503, 'binary_majority': 0.43291839557399725, 'run_time_millis': 4730.135671008611, 'loss_mean': 0.06429912149906158}
Epoch 2 **** Loss 0.07021146267652512 **** Metrics validation: {'accuracy': 0.8948104141184693, 'f1_weighted': 0.9145439538470926, 'macro': 0.661591391106805, 'micro': 0.8948104141184693, 'binary': 0.38065843621399176, 'accuracy_majority': 0.8962539682539683, 'macro_majority': 0.6832142278078615, 'binary_majority': 0.42342978122794644, 'run_time_millis': 6850.536984013161, 'loss_mean': 0.06824513524770737}
Epoch 3 **** Loss 0.031699538230895996 **** Metrics validation: {'accuracy': 0.9024986894985148, 'f1_weighted': 0.9189951838700022, 'macro': 0.6652446301497809, 'micro': 0.9024986894985148, 'binary': 0.38342541436464084, 'accuracy_majority': 0.902984126984127, 'macro_majority': 0.6858620865378029, 'binary_majority': 0.4246987951807229, 'run_time_millis': 4732.167322013993, 'loss_mean': 0.09217485040426254}
Epoch 4 **** Loss 0.008887016214430332 **** Metrics validation: {'accuracy': 0.8954219814782457, 'f1_weighted': 0.914569170392749, 'macro': 0.6579619805970794, 'micro': 0.8954219814782457, 'binary': 0.37297014143530643, 'accuracy_majority': 0.8965079365079365, 'macro_majority': 0.6794979831687284, 'binary_majority': 0.41577060931899645, 'run_time_millis': 6859.943745017517, 'loss_mean': 0.11682264506816864}
Epoch 5 **** Loss 0.015949858352541924 **** Metrics validation: {'accuracy': 0.9104490651756072, 'f1_weighted': 0.9234924974163211, 'macro': 0.6684154335210697, 'micro': 0.9104490651756072, 'binary': 0.385122975404919, 'accuracy_majority': 0.909968253968254, 'macro_majority': 0.6876064636220816, 'binary_majority': 0.4240454914703493, 'run_time_millis': 4740.284305997193, 'loss_mean': 0.1350666731595993}
Epoch 6 **** Loss 0.002047180663794279 **** Metrics validation: {'accuracy': 0.9185741743840643, 'f1_weighted': 0.9278456787077597, 'macro': 0.6695966961131508, 'micro': 0.9185741743840643, 'binary': 0.3827814569536424, 'accuracy_majority': 0.916952380952381, 'macro_majority': 0.6846440238595934, 'binary_majority': 0.41397849462365593, 'run_time_millis': 6091.32020099787, 'loss_mean': 0.16007168591022491}
Epoch 7 **** Loss 0.01969863660633564 **** Metrics validation: {'accuracy': 0.9162152717106413, 'f1_weighted': 0.9267569700452019, 'macro': 0.6711269864311254, 'micro': 0.9162152717106413, 'binary': 0.38722044728434507, 'accuracy_majority': 0.9158095238095239, 'macro_majority': 0.6897790127959973, 'binary_majority': 0.424978317432784, 'run_time_millis': 4736.9931190041825, 'loss_mean': 0.16641589999198914}
Epoch 8 **** Loss 0.00766378128901124 **** Metrics validation: {'accuracy': 0.9268740171238861, 'f1_weighted': 0.9328046964550272, 'macro': 0.6770658630377026, 'micro': 0.9268740171238861, 'binary': 0.39303843364757074, 'accuracy_majority': 0.9250793650793651, 'macro_majority': 0.6913204184741766, 'binary_majority': 0.4227005870841487, 'run_time_millis': 4738.369676982984, 'loss_mean': 0.19371415674686432}
Epoch 9 **** Loss 0.019856583327054977 **** Metrics validation: {'accuracy': 0.9240782806220513, 'f1_weighted': 0.9312443151608816, 'macro': 0.6756970765547115, 'micro': 0.9240782806220513, 'binary': 0.3918824352694191, 'accuracy_majority': 0.9226666666666666, 'macro_majority': 0.6911963754421059, 'binary_majority': 0.423841059602649, 'run_time_millis': 6850.914372014813, 'loss_mean': 0.18974538147449493}
Evaluating
{'accuracy': 0.9268740171238861, 'f1_weighted': 0.9328046964550272, 'macro': 0.6770658630377026, 'micro': 0.9268740171238861, 'binary': 0.39303843364757074, 'accuracy_majority': 0.9250793650793651, 'macro_majority': 0.6913204184741766, 'binary_majority': 0.4227005870841487, 'run_time_millis': 6847.931972006336, 'loss_mean': 0.19371415674686432}
