Device cuda
Split type sit
Training Size: 3222, NTA labels 3222, YTA labels 0
Validation Size: 1344, NTA labels 1344, YTA labels 0
Test Size: 1344, NTA labels 1344, YTA labels 0
Training with SBERT, model name is sbert
Tokenizing the dataset
Number of training steps 1010
Epoch 0 **** Loss 0.00011641688615782186 **** Metrics validation: {'accuracy': 1.0, 'f1_weighted': 1.0, 'macro': 1.0, 'micro': 1.0, 'binary': 0.0, 'accuracy_majority': 1.0, 'macro_majority': 1.0, 'binary_majority': 0.0, 'run_time_millis': 2588.731449097395, 'loss_mean': 4.7504679969279096e-05}
Epoch 1 **** Loss 5.200039595365524e-05 **** Metrics validation: {'accuracy': 1.0, 'f1_weighted': 1.0, 'macro': 1.0, 'micro': 1.0, 'binary': 0.0, 'accuracy_majority': 1.0, 'macro_majority': 1.0, 'binary_majority': 0.0, 'run_time_millis': 2602.5733430869877, 'loss_mean': 2.5163924874505028e-05}
Epoch 2 **** Loss 4.8039164539659396e-05 **** Metrics validation: {'accuracy': 1.0, 'f1_weighted': 1.0, 'macro': 1.0, 'micro': 1.0, 'binary': 0.0, 'accuracy_majority': 1.0, 'macro_majority': 1.0, 'binary_majority': 0.0, 'run_time_millis': 2598.848125897348, 'loss_mean': 1.622562740521971e-05}
Epoch 3 **** Loss 2.6849615096580237e-05 **** Metrics validation: {'accuracy': 1.0, 'f1_weighted': 1.0, 'macro': 1.0, 'micro': 1.0, 'binary': 0.0, 'accuracy_majority': 1.0, 'macro_majority': 1.0, 'binary_majority': 0.0, 'run_time_millis': 2603.8270730059594, 'loss_mean': 1.1658790754154325e-05}
Epoch 4 **** Loss 2.115751885867212e-05 **** Metrics validation: {'accuracy': 1.0, 'f1_weighted': 1.0, 'macro': 1.0, 'micro': 1.0, 'binary': 0.0, 'accuracy_majority': 1.0, 'macro_majority': 1.0, 'binary_majority': 0.0, 'run_time_millis': 932.9781089909375, 'loss_mean': 9.081025382329244e-06}
Epoch 5 **** Loss 1.5852425349294208e-05 **** Metrics validation: {'accuracy': 1.0, 'f1_weighted': 1.0, 'macro': 1.0, 'micro': 1.0, 'binary': 0.0, 'accuracy_majority': 1.0, 'macro_majority': 1.0, 'binary_majority': 0.0, 'run_time_millis': 2585.275145014748, 'loss_mean': 7.504892437282251e-06}
Epoch 6 **** Loss 1.2239953321113717e-05 **** Metrics validation: {'accuracy': 1.0, 'f1_weighted': 1.0, 'macro': 1.0, 'micro': 1.0, 'binary': 0.0, 'accuracy_majority': 1.0, 'macro_majority': 1.0, 'binary_majority': 0.0, 'run_time_millis': 2602.0098149310797, 'loss_mean': 6.480498086602893e-06}
Epoch 7 **** Loss 1.4553251276083756e-05 **** Metrics validation: {'accuracy': 1.0, 'f1_weighted': 1.0, 'macro': 1.0, 'micro': 1.0, 'binary': 0.0, 'accuracy_majority': 1.0, 'macro_majority': 1.0, 'binary_majority': 0.0, 'run_time_millis': 2080.701178871095, 'loss_mean': 5.849738045071717e-06}
Epoch 8 **** Loss 1.3541208318201825e-05 **** Metrics validation: {'accuracy': 1.0, 'f1_weighted': 1.0, 'macro': 1.0, 'micro': 1.0, 'binary': 0.0, 'accuracy_majority': 1.0, 'macro_majority': 1.0, 'binary_majority': 0.0, 'run_time_millis': 2387.28040503338, 'loss_mean': 5.5050718401616905e-06}
Epoch 9 **** Loss 1.704855094430968e-05 **** Metrics validation: {'accuracy': 1.0, 'f1_weighted': 1.0, 'macro': 1.0, 'micro': 1.0, 'binary': 0.0, 'accuracy_majority': 1.0, 'macro_majority': 1.0, 'binary_majority': 0.0, 'run_time_millis': 2590.8146409783512, 'loss_mean': 5.392908406065544e-06}
Evaluating
{'accuracy': 1.0, 'f1_weighted': 1.0, 'macro': 1.0, 'micro': 1.0, 'binary': 0.0, 'accuracy_majority': 1.0, 'macro_majority': 1.0, 'binary_majority': 0.0, 'run_time_millis': 1882.7236290089786, 'loss_mean': 4.7504679969279096e-05}
Device cuda
Split type sit
Training Size: 3624, NTA labels 3624, YTA labels 0
Validation Size: 1344, NTA labels 1344, YTA labels 0
Test Size: 1344, NTA labels 1344, YTA labels 0
Training with SBERT, model name is sbert
Tokenizing the dataset
Number of training steps 1140
Epoch 0 **** Loss 9.868918277788907e-05 **** Metrics validation: {'accuracy': 1.0, 'f1_weighted': 1.0, 'macro': 1.0, 'micro': 1.0, 'binary': 0.0, 'accuracy_majority': 1.0, 'macro_majority': 1.0, 'binary_majority': 0.0, 'run_time_millis': 2589.4142200704664, 'loss_mean': 4.110505324206315e-05}
Epoch 1 **** Loss 4.4007887481711805e-05 **** Metrics validation: {'accuracy': 1.0, 'f1_weighted': 1.0, 'macro': 1.0, 'micro': 1.0, 'binary': 0.0, 'accuracy_majority': 1.0, 'macro_majority': 1.0, 'binary_majority': 0.0, 'run_time_millis': 2587.5804009847343, 'loss_mean': 2.1746371203335002e-05}
Epoch 2 **** Loss 4.1529052396072075e-05 **** Metrics validation: {'accuracy': 1.0, 'f1_weighted': 1.0, 'macro': 1.0, 'micro': 1.0, 'binary': 0.0, 'accuracy_majority': 1.0, 'macro_majority': 1.0, 'binary_majority': 0.0, 'run_time_millis': 2601.3310940470546, 'loss_mean': 1.3822911569150165e-05}
Epoch 3 **** Loss 1.676926876825746e-05 **** Metrics validation: {'accuracy': 1.0, 'f1_weighted': 1.0, 'macro': 1.0, 'micro': 1.0, 'binary': 0.0, 'accuracy_majority': 1.0, 'macro_majority': 1.0, 'binary_majority': 0.0, 'run_time_millis': 2604.8677088692784, 'loss_mean': 9.898653843265492e-06}
Epoch 4 **** Loss 2.7001797207049094e-05 **** Metrics validation: {'accuracy': 1.0, 'f1_weighted': 1.0, 'macro': 1.0, 'micro': 1.0, 'binary': 0.0, 'accuracy_majority': 1.0, 'macro_majority': 1.0, 'binary_majority': 0.0, 'run_time_millis': 2079.1845961939543, 'loss_mean': 7.659488801436964e-06}
Epoch 5 **** Loss 9.501545719103888e-06 **** Metrics validation: {'accuracy': 1.0, 'f1_weighted': 1.0, 'macro': 1.0, 'micro': 1.0, 'binary': 0.0, 'accuracy_majority': 1.0, 'macro_majority': 1.0, 'binary_majority': 0.0, 'run_time_millis': 2594.522467814386, 'loss_mean': 6.316356575553073e-06}
Epoch 6 **** Loss 8.535797860531602e-06 **** Metrics validation: {'accuracy': 1.0, 'f1_weighted': 1.0, 'macro': 1.0, 'micro': 1.0, 'binary': 0.0, 'accuracy_majority': 1.0, 'macro_majority': 1.0, 'binary_majority': 0.0, 'run_time_millis': 2599.1001799702644, 'loss_mean': 5.470591077028075e-06}
Epoch 7 **** Loss 1.3472437785821967e-05 **** Metrics validation: {'accuracy': 1.0, 'f1_weighted': 1.0, 'macro': 1.0, 'micro': 1.0, 'binary': 0.0, 'accuracy_majority': 1.0, 'macro_majority': 1.0, 'binary_majority': 0.0, 'run_time_millis': 2590.1246210560203, 'loss_mean': 4.925873327010777e-06}
Epoch 8 **** Loss 2.0430035874596797e-05 **** Metrics validation: {'accuracy': 1.0, 'f1_weighted': 1.0, 'macro': 1.0, 'micro': 1.0, 'binary': 0.0, 'accuracy_majority': 1.0, 'macro_majority': 1.0, 'binary_majority': 0.0, 'run_time_millis': 2547.6303610485047, 'loss_mean': 4.626262580131879e-06}
Epoch 9 **** Loss 2.010744356084615e-05 **** Metrics validation: {'accuracy': 1.0, 'f1_weighted': 1.0, 'macro': 1.0, 'micro': 1.0, 'binary': 0.0, 'accuracy_majority': 1.0, 'macro_majority': 1.0, 'binary_majority': 0.0, 'run_time_millis': 2591.2082279101014, 'loss_mean': 4.526729753706604e-06}
Evaluating
{'accuracy': 1.0, 'f1_weighted': 1.0, 'macro': 1.0, 'micro': 1.0, 'binary': 0.0, 'accuracy_majority': 1.0, 'macro_majority': 1.0, 'binary_majority': 0.0, 'run_time_millis': 1881.720553850755, 'loss_mean': 4.110505324206315e-05}
Device cuda
Split type sit
Training Size: 4032, NTA labels 4032, YTA labels 0
Validation Size: 1344, NTA labels 1344, YTA labels 0
Test Size: 1344, NTA labels 1344, YTA labels 0
Training with SBERT, model name is sbert
Tokenizing the dataset
Number of training steps 1260
Epoch 0 **** Loss 7.443787035299465e-05 **** Metrics validation: {'accuracy': 1.0, 'f1_weighted': 1.0, 'macro': 1.0, 'micro': 1.0, 'binary': 0.0, 'accuracy_majority': 1.0, 'macro_majority': 1.0, 'binary_majority': 0.0, 'run_time_millis': 2595.2540589496493, 'loss_mean': 3.8741894968552515e-05}
Epoch 1 **** Loss 5.2132865675957873e-05 **** Metrics validation: {'accuracy': 1.0, 'f1_weighted': 1.0, 'macro': 1.0, 'micro': 1.0, 'binary': 0.0, 'accuracy_majority': 1.0, 'macro_majority': 1.0, 'binary_majority': 0.0, 'run_time_millis': 1313.5650719050318, 'loss_mean': 1.8668488337425515e-05}
Epoch 2 **** Loss 3.023966564796865e-05 **** Metrics validation: {'accuracy': 1.0, 'f1_weighted': 1.0, 'macro': 1.0, 'micro': 1.0, 'binary': 0.0, 'accuracy_majority': 1.0, 'macro_majority': 1.0, 'binary_majority': 0.0, 'run_time_millis': 1674.4452179409564, 'loss_mean': 1.1330742381687742e-05}
Epoch 3 **** Loss 2.2002272089594044e-05 **** Metrics validation: {'accuracy': 1.0, 'f1_weighted': 1.0, 'macro': 1.0, 'micro': 1.0, 'binary': 0.0, 'accuracy_majority': 1.0, 'macro_majority': 1.0, 'binary_majority': 0.0, 'run_time_millis': 2596.4516289532185, 'loss_mean': 7.961956725921482e-06}
Epoch 4 **** Loss 1.7097203453886323e-05 **** Metrics validation: {'accuracy': 1.0, 'f1_weighted': 1.0, 'macro': 1.0, 'micro': 1.0, 'binary': 0.0, 'accuracy_majority': 1.0, 'macro_majority': 1.0, 'binary_majority': 0.0, 'run_time_millis': 2601.2041128706187, 'loss_mean': 6.090879651310388e-06}
Epoch 5 **** Loss 1.423683534085285e-05 **** Metrics validation: {'accuracy': 1.0, 'f1_weighted': 1.0, 'macro': 1.0, 'micro': 1.0, 'binary': 0.0, 'accuracy_majority': 1.0, 'macro_majority': 1.0, 'binary_majority': 0.0, 'run_time_millis': 1267.7176911383867, 'loss_mean': 4.965690550307045e-06}
Epoch 6 **** Loss 9.84257803793298e-06 **** Metrics validation: {'accuracy': 1.0, 'f1_weighted': 1.0, 'macro': 1.0, 'micro': 1.0, 'binary': 0.0, 'accuracy_majority': 1.0, 'macro_majority': 1.0, 'binary_majority': 0.0, 'run_time_millis': 1133.325447095558, 'loss_mean': 4.27699387728353e-06}
Epoch 7 **** Loss 1.3162668437871616e-05 **** Metrics validation: {'accuracy': 1.0, 'f1_weighted': 1.0, 'macro': 1.0, 'micro': 1.0, 'binary': 0.0, 'accuracy_majority': 1.0, 'macro_majority': 1.0, 'binary_majority': 0.0, 'run_time_millis': 1180.1758029032499, 'loss_mean': 3.839629698632052e-06}
Epoch 8 **** Loss 1.1936504961340688e-05 **** Metrics validation: {'accuracy': 1.0, 'f1_weighted': 1.0, 'macro': 1.0, 'micro': 1.0, 'binary': 0.0, 'accuracy_majority': 1.0, 'macro_majority': 1.0, 'binary_majority': 0.0, 'run_time_millis': 1727.104275021702, 'loss_mean': 3.595467887862469e-06}
Epoch 9 **** Loss 1.3173117622500286e-05 **** Metrics validation: {'accuracy': 1.0, 'f1_weighted': 1.0, 'macro': 1.0, 'micro': 1.0, 'binary': 0.0, 'accuracy_majority': 1.0, 'macro_majority': 1.0, 'binary_majority': 0.0, 'run_time_millis': 2588.845461141318, 'loss_mean': 3.5162290714652045e-06}
Evaluating
{'accuracy': 1.0, 'f1_weighted': 1.0, 'macro': 1.0, 'micro': 1.0, 'binary': 0.0, 'accuracy_majority': 1.0, 'macro_majority': 1.0, 'binary_majority': 0.0, 'run_time_millis': 2615.1488781906664, 'loss_mean': 3.8741894968552515e-05}
