Device cuda
DATASET: GE'fear, MODEL: sbertbase, 
Split type sit
DATASET: GE'fear, MODEL: sbertbase, PERCENTAGE: False, NUM_COMMENTS_PER_ANNO: 256
Training Size: 3353, NTA labels 3294, YTA labels 59
Validation Size: 1159, NTA labels 1132, YTA labels 27
Test Size: 1087, NTA labels 1065, YTA labels 22
Training with SBERT, model name is sbert
Tokenizing the dataset
Number of training steps 1050
Epoch 0 **** Loss 0.012502873316407204 **** Metrics validation: {'accuracy': 0.8239861949956859, 'f1_weighted': 0.8838224669839945, 'macro': 0.5038277511961723, 'micro': 0.8239861949956859, 'binary': 0.10526315789473685, 'accuracy_majority': 0.8384710234278668, 'macro_majority': 0.5216976332719554, 'binary_majority': 0.13245033112582782, 'run_time_millis': 2485.4260380379856, 'loss_mean': 0.02842637337744236}
Epoch 1 **** Loss 0.00956347119063139 **** Metrics validation: {'accuracy': 0.8472821397756687, 'f1_weighted': 0.8984092008794788, 'macro': 0.5385658727284588, 'micro': 0.8472821397756687, 'binary': 0.16113744075829384, 'accuracy_majority': 0.8631319358816276, 'macro_majority': 0.5689082994526412, 'binary_majority': 0.2127659574468085, 'run_time_millis': 2303.9357939269394, 'loss_mean': 0.024772893637418747}
Epoch 2 **** Loss 0.006733332760632038 **** Metrics validation: {'accuracy': 0.9266609145815358, 'f1_weighted': 0.9456065857395036, 'macro': 0.6235301760540505, 'micro': 0.9266609145815358, 'binary': 0.28571428571428564, 'accuracy_majority': 0.9346485819975339, 'macro_majority': 0.6635039182069409, 'binary_majority': 0.3614457831325301, 'run_time_millis': 2510.9622729942203, 'loss_mean': 0.023340335115790367}
Epoch 3 **** Loss 0.00458315946161747 **** Metrics validation: {'accuracy': 0.9447799827437446, 'f1_weighted': 0.9557127868555855, 'macro': 0.6377983514981054, 'micro': 0.9447799827437446, 'binary': 0.30434782608695654, 'accuracy_majority': 0.9519112207151664, 'macro_majority': 0.6779681725159596, 'binary_majority': 0.38095238095238093, 'run_time_millis': 2502.278318046592, 'loss_mean': 0.030610689893364906}
Epoch 4 **** Loss 0.0013292990624904633 **** Metrics validation: {'accuracy': 0.9516824849007766, 'f1_weighted': 0.9599861888161854, 'macro': 0.6541330945986272, 'micro': 0.9516824849007766, 'binary': 0.3333333333333333, 'accuracy_majority': 0.9568434032059187, 'macro_majority': 0.6921934133619615, 'binary_majority': 0.4067796610169492, 'run_time_millis': 2504.763195058331, 'loss_mean': 0.04079723358154297}
Epoch 5 **** Loss 0.0006303831469267607 **** Metrics validation: {'accuracy': 0.9534081104400345, 'f1_weighted': 0.9607086514907232, 'macro': 0.6504356568364611, 'micro': 0.9534081104400345, 'binary': 0.325, 'accuracy_majority': 0.9568434032059187, 'macro_majority': 0.6818003475141529, 'binary_majority': 0.3859649122807018, 'run_time_millis': 1496.3774479692802, 'loss_mean': 0.04686271771788597}
Epoch 6 **** Loss 0.0009732475155033171 **** Metrics validation: {'accuracy': 0.9637618636755824, 'f1_weighted': 0.9665125817930428, 'macro': 0.6625582298136645, 'micro': 0.9637618636755824, 'binary': 0.34375, 'accuracy_majority': 0.9642416769420469, 'macro_majority': 0.6822830124957785, 'binary_majority': 0.3829787234042554, 'run_time_millis': 1539.048787089996, 'loss_mean': 0.0698753222823143}
Epoch 7 **** Loss 0.0007234088843688369 **** Metrics validation: {'accuracy': 0.9706643658326143, 'f1_weighted': 0.9711752475505413, 'macro': 0.688913098395857, 'micro': 0.9706643658326143, 'binary': 0.39285714285714285, 'accuracy_majority': 0.9704069050554871, 'macro_majority': 0.7066907775768535, 'binary_majority': 0.42857142857142855, 'run_time_millis': 2504.8510670894757, 'loss_mean': 0.07902625948190689}
Epoch 8 **** Loss 0.0005200251471251249 **** Metrics validation: {'accuracy': 0.9663503019844694, 'f1_weighted': 0.9682288407305734, 'macro': 0.671688081524147, 'micro': 0.9663503019844694, 'binary': 0.36065573770491804, 'accuracy_majority': 0.9654747225647349, 'macro_majority': 0.686768925182079, 'binary_majority': 0.391304347826087, 'run_time_millis': 2500.757998903282, 'loss_mean': 0.07615058869123459}
Epoch 9 **** Loss 0.0013884160434827209 **** Metrics validation: {'accuracy': 0.9706643658326143, 'f1_weighted': 0.9711752475505413, 'macro': 0.688913098395857, 'micro': 0.9706643658326143, 'binary': 0.39285714285714285, 'accuracy_majority': 0.9704069050554871, 'macro_majority': 0.7066907775768535, 'binary_majority': 0.42857142857142855, 'run_time_millis': 2494.156344095245, 'loss_mean': 0.08121895045042038}
Evaluating
{'accuracy': 0.9706643658326143, 'f1_weighted': 0.9711752475505413, 'macro': 0.688913098395857, 'micro': 0.9706643658326143, 'binary': 0.39285714285714285, 'accuracy_majority': 0.9704069050554871, 'macro_majority': 0.7066907775768535, 'binary_majority': 0.42857142857142855, 'run_time_millis': 2498.54624690488, 'loss_mean': 0.07902625948190689}
Device cuda
DATASET: GE'fear, MODEL: sbertbase, 
Split type sit
DATASET: GE'fear, MODEL: sbertbase, PERCENTAGE: False, NUM_COMMENTS_PER_ANNO: 256
Training Size: 3353, NTA labels 3294, YTA labels 59
Validation Size: 1159, NTA labels 1132, YTA labels 27
Test Size: 1087, NTA labels 1065, YTA labels 22
Training with SBERT, model name is sbert
Tokenizing the dataset
Number of training steps 1050
Epoch 0 **** Loss 0.011939682997763157 **** Metrics validation: {'accuracy': 0.9370146678170836, 'f1_weighted': 0.9466290637609033, 'macro': 0.5216727630440805, 'micro': 0.9370146678170836, 'binary': 0.07594936708860758, 'accuracy_majority': 0.935881627620222, 'macro_majority': 0.5351000970103184, 'binary_majority': 0.10344827586206896, 'run_time_millis': 2500.994549947791, 'loss_mean': 0.029354143887758255}
Epoch 1 **** Loss 0.06980835646390915 **** Metrics validation: {'accuracy': 0.8990509059534081, 'f1_weighted': 0.9281776483418548, 'macro': 0.5582345409943412, 'micro': 0.8990509059534081, 'binary': 0.1702127659574468, 'accuracy_majority': 0.903822441430333, 'macro_majority': 0.5764502651454282, 'binary_majority': 0.20408163265306123, 'run_time_millis': 2484.830840025097, 'loss_mean': 0.027497155591845512}
Epoch 2 **** Loss 0.0066786156967282295 **** Metrics validation: {'accuracy': 0.909404659188956, 'f1_weighted': 0.9349024958331638, 'macro': 0.5870616379090956, 'micro': 0.909404659188956, 'binary': 0.22222222222222227, 'accuracy_majority': 0.9198520345252774, 'macro_majority': 0.6216291872725577, 'binary_majority': 0.28571428571428575, 'run_time_millis': 2495.430142036639, 'loss_mean': 0.025585787370800972}
Epoch 3 **** Loss 0.0037997907493263483 **** Metrics validation: {'accuracy': 0.908541846419327, 'f1_weighted': 0.9346148988182529, 'macro': 0.5916301023800026, 'micro': 0.908541846419327, 'binary': 0.2318840579710145, 'accuracy_majority': 0.9161528976572133, 'macro_majority': 0.6235528615115771, 'binary_majority': 0.2916666666666667, 'run_time_millis': 2533.0805730773136, 'loss_mean': 0.027793249115347862}
Epoch 4 **** Loss 0.011744124814867973 **** Metrics validation: {'accuracy': 0.9309749784296808, 'f1_weighted': 0.9476696666177854, 'macro': 0.6182476943346509, 'micro': 0.9309749784296808, 'binary': 0.2727272727272727, 'accuracy_majority': 0.9395807644882861, 'macro_majority': 0.6574962292609352, 'binary_majority': 0.3466666666666667, 'run_time_millis': 1494.4551800144836, 'loss_mean': 0.04122297093272209}
Epoch 5 **** Loss 0.0009383231517858803 **** Metrics validation: {'accuracy': 0.9490940465918896, 'f1_weighted': 0.9587039787685282, 'macro': 0.6553046914775105, 'micro': 0.9490940465918896, 'binary': 0.3370786516853933, 'accuracy_majority': 0.9543773119605425, 'macro_majority': 0.6944826252074487, 'binary_majority': 0.41269841269841273, 'run_time_millis': 2499.6702439384535, 'loss_mean': 0.05283951759338379}
Epoch 6 **** Loss 0.003552146488800645 **** Metrics validation: {'accuracy': 0.9551337359792925, 'f1_weighted': 0.9625129140510258, 'macro': 0.6712989222915484, 'micro': 0.9551337359792925, 'binary': 0.36585365853658536, 'accuracy_majority': 0.9593094944512947, 'macro_majority': 0.7097823611698494, 'binary_majority': 0.44067796610169496, 'run_time_millis': 2510.4080190649256, 'loss_mean': 0.05712836980819702}
Epoch 7 **** Loss 0.004489192273467779 **** Metrics validation: {'accuracy': 0.9611734253666955, 'f1_weighted': 0.9656748032565744, 'macro': 0.6730852404144494, 'micro': 0.9611734253666955, 'binary': 0.3661971830985915, 'accuracy_majority': 0.9642416769420469, 'macro_majority': 0.7064564845670923, 'binary_majority': 0.4313725490196078, 'run_time_millis': 1498.2831730740145, 'loss_mean': 0.06583263725042343}
Epoch 8 **** Loss 0.0038386303931474686 **** Metrics validation: {'accuracy': 0.9637618636755824, 'f1_weighted': 0.9673795191933546, 'macro': 0.681843137254902, 'micro': 0.9637618636755824, 'binary': 0.3823529411764706, 'accuracy_majority': 0.9654747225647349, 'macro_majority': 0.7110941475826972, 'binary_majority': 0.44, 'run_time_millis': 2514.7490629460663, 'loss_mean': 0.06989803165197372}
Epoch 9 **** Loss 0.004392366856336594 **** Metrics validation: {'accuracy': 0.9689387402933564, 'f1_weighted': 0.9708876193769864, 'macro': 0.7016986959505834, 'micro': 0.9689387402933564, 'binary': 0.41935483870967744, 'accuracy_majority': 0.969173859432799, 'macro_majority': 0.7261060452549815, 'binary_majority': 0.4680851063829788, 'run_time_millis': 2510.458779986948, 'loss_mean': 0.07264597713947296}
Evaluating
{'accuracy': 0.9689387402933564, 'f1_weighted': 0.9708876193769864, 'macro': 0.7016986959505834, 'micro': 0.9689387402933564, 'binary': 0.41935483870967744, 'accuracy_majority': 0.969173859432799, 'macro_majority': 0.7261060452549815, 'binary_majority': 0.4680851063829788, 'run_time_millis': 2048.57742798049, 'loss_mean': 0.07264597713947296}
