Device cuda
Split type sit
Training Size: 31569, NTA labels 22084, YTA labels 9485
Validation Size: 11181, NTA labels 7759, YTA labels 3422
Test Size: 11688, NTA labels 8411, YTA labels 3277
Training with SBERT, model name is sbert
Tokenizing the dataset
Number of training steps 9870
Epoch 0 **** Loss 0.3476690948009491 **** Metrics validation: {'accuracy': 0.6939450854127538, 'f1_weighted': 0.5685659891993196, 'macro': 0.40966209081309396, 'micro': 0.6939450854127538, 'binary': 0.0, 'accuracy_majority': 0.7018072289156626, 'macro_majority': 0.41238938053097346, 'binary_majority': 0.0, 'run_time_millis': 40063.538410002366, 'loss_mean': 0.30935102701187134}
Epoch 1 **** Loss 0.34243595600128174 **** Metrics validation: {'accuracy': 0.6977014578302477, 'f1_weighted': 0.6209818689211005, 'macro': 0.4982927623211848, 'micro': 0.6977014578302477, 'binary': 0.1819941916747338, 'accuracy_majority': 0.7061579651941098, 'macro_majority': 0.48660477007171, 'binary_majority': 0.15087040618955513, 'run_time_millis': 39985.1254010573, 'loss_mean': 0.30533716082572937}
Epoch 2 **** Loss 0.32644766569137573 **** Metrics validation: {'accuracy': 0.6983275198998301, 'f1_weighted': 0.6286140983447313, 'macro': 0.5113798566679327, 'micro': 0.6983275198998301, 'binary': 0.20914419695193437, 'accuracy_majority': 0.7061579651941098, 'macro_majority': 0.4980330508682129, 'binary_majority': 0.17481203007518797, 'run_time_millis': 39971.616427996196, 'loss_mean': 0.30556559562683105}
Epoch 3 **** Loss 0.2960425019264221 **** Metrics validation: {'accuracy': 0.6906359001878186, 'f1_weighted': 0.6408758203708897, 'macro': 0.5377657075347597, 'micro': 0.6906359001878186, 'binary': 0.27194274889496944, 'accuracy_majority': 0.7098393574297188, 'macro_majority': 0.5488274912968991, 'binary_majority': 0.2793017456359102, 'run_time_millis': 41992.2803780064, 'loss_mean': 0.30273929238319397}
Epoch 4 **** Loss 0.25960755348205566 **** Metrics validation: {'accuracy': 0.6878633395939541, 'f1_weighted': 0.6431739781582382, 'macro': 0.5436782078570579, 'micro': 0.6878633395939541, 'binary': 0.28717320261437906, 'accuracy_majority': 0.7088353413654619, 'macro_majority': 0.5568159267763267, 'binary_majority': 0.29725363489499196, 'run_time_millis': 41993.5763659887, 'loss_mean': 0.30212175846099854}
Epoch 5 **** Loss 0.3352356255054474 **** Metrics validation: {'accuracy': 0.6838386548609248, 'f1_weighted': 0.648845251744608, 'macro': 0.5568098428207352, 'micro': 0.6838386548609248, 'binary': 0.31953801732435033, 'accuracy_majority': 0.7071619812583668, 'macro_majority': 0.5793604251283277, 'binary_majority': 0.3475018642803878, 'run_time_millis': 39971.40526003204, 'loss_mean': 0.3017970621585846}
Epoch 6 **** Loss 0.3586898148059845 **** Metrics validation: {'accuracy': 0.6937662105357303, 'f1_weighted': 0.6445483845386973, 'macro': 0.5425131496681752, 'micro': 0.6937662105357303, 'binary': 0.27946127946127947, 'accuracy_majority': 0.713520749665328, 'macro_majority': 0.5548284149231537, 'binary_majority': 0.28903654485049834, 'run_time_millis': 39995.2199870022, 'loss_mean': 0.30185991525650024}
Epoch 7 **** Loss 0.2909954786300659 **** Metrics validation: {'accuracy': 0.6917091494499598, 'f1_weighted': 0.6463664645847079, 'macro': 0.547097800142206, 'micro': 0.6917091494499598, 'binary': 0.2911782850092535, 'accuracy_majority': 0.713855421686747, 'macro_majority': 0.5636753038145149, 'binary_majority': 0.30769230769230765, 'run_time_millis': 42004.88621403929, 'loss_mean': 0.3015940189361572}
Epoch 8 **** Loss 0.3655185103416443 **** Metrics validation: {'accuracy': 0.6928718361506127, 'f1_weighted': 0.6458053413248646, 'macro': 0.5453489495634134, 'micro': 0.6928718361506127, 'binary': 0.28636741479634253, 'accuracy_majority': 0.713186077643909, 'macro_majority': 0.5578647592944597, 'binary_majority': 0.2958093672966311, 'run_time_millis': 42005.300181917846, 'loss_mean': 0.3015865087509155}
Epoch 9 **** Loss 0.2630361020565033 **** Metrics validation: {'accuracy': 0.6866112154547894, 'f1_weighted': 0.6503621867173867, 'macro': 0.5577755921154338, 'micro': 0.6866112154547894, 'binary': 0.3190827827438787, 'accuracy_majority': 0.7128514056224899, 'macro_majority': 0.5846600688468158, 'binary_majority': 0.3539156626506024, 'run_time_millis': 39944.91647707764, 'loss_mean': 0.3014218807220459}
Evaluating
{'accuracy': 0.6866112154547894, 'f1_weighted': 0.6503621867173867, 'macro': 0.5577755921154338, 'micro': 0.6866112154547894, 'binary': 0.3190827827438787, 'accuracy_majority': 0.7128514056224899, 'macro_majority': 0.5846600688468158, 'binary_majority': 0.3539156626506024, 'run_time_millis': 41974.98090798035, 'loss_mean': 0.3014218807220459}
