Device cuda
Split type sit
Training Size: 1719, NTA labels 1647, YTA labels 72
Validation Size: 579, NTA labels 563, YTA labels 16
Test Size: 526, NTA labels 504, YTA labels 22
Training with SBERT, model name is sbert
Tokenizing the dataset
Number of training steps 540
Epoch 0 **** Loss 0.027928665280342102 **** Metrics validation: {'accuracy': 0.8946459412780656, 'f1_weighted': 0.9182965632443956, 'macro': 0.47219690063810393, 'micro': 0.8946459412780656, 'binary': 0.0, 'accuracy_majority': 0.888, 'macro_majority': 0.4703389830508475, 'binary_majority': 0.0, 'run_time_millis': 1505.6508970010327, 'loss_mean': 0.04741433262825012}
Epoch 1 **** Loss 0.02746148779988289 **** Metrics validation: {'accuracy': 0.8842832469775475, 'f1_weighted': 0.9126516371188986, 'macro': 0.4692942254812099, 'micro': 0.8842832469775475, 'binary': 0.0, 'accuracy_majority': 0.88, 'macro_majority': 0.4680851063829787, 'binary_majority': 0.0, 'run_time_millis': 2261.641271999906, 'loss_mean': 0.047100894153118134}
Epoch 2 **** Loss 0.05524025857448578 **** Metrics validation: {'accuracy': 0.8981001727115717, 'f1_weighted': 0.9209753644494975, 'macro': 0.48950192028931366, 'micro': 0.8981001727115717, 'binary': 0.03278688524590164, 'accuracy_majority': 0.894, 'macro_majority': 0.49013949013949015, 'binary_majority': 0.03636363636363637, 'run_time_millis': 614.0080170007423, 'loss_mean': 0.046647753566503525}
Epoch 3 **** Loss 0.026679040864109993 **** Metrics validation: {'accuracy': 0.8860103626943006, 'f1_weighted': 0.9155748941624762, 'macro': 0.5112799263351749, 'micro': 0.8860103626943006, 'binary': 0.08333333333333333, 'accuracy_majority': 0.88, 'macro_majority': 0.5133346311076503, 'binary_majority': 0.09090909090909091, 'run_time_millis': 1850.6561719987076, 'loss_mean': 0.04623973369598389}
Epoch 4 **** Loss 0.0257694311439991 **** Metrics validation: {'accuracy': 0.9050086355785838, 'f1_weighted': 0.9270349002054588, 'macro': 0.5383779082409219, 'micro': 0.9050086355785838, 'binary': 0.12698412698412698, 'accuracy_majority': 0.896, 'macro_majority': 0.5390070921985816, 'binary_majority': 0.13333333333333333, 'run_time_millis': 2263.3591020003223, 'loss_mean': 0.04564565047621727}
Epoch 5 **** Loss 0.08824335038661957 **** Metrics validation: {'accuracy': 0.9153713298791019, 'f1_weighted': 0.9329694328011298, 'macro': 0.5479229408671542, 'micro': 0.9153713298791019, 'binary': 0.14035087719298248, 'accuracy_majority': 0.906, 'macro_majority': 0.5478595478595478, 'binary_majority': 0.14545454545454548, 'run_time_millis': 1006.2736999989284, 'loss_mean': 0.04500241577625275}
Epoch 6 **** Loss 0.045671410858631134 **** Metrics validation: {'accuracy': 0.9067357512953368, 'f1_weighted': 0.9286878025215256, 'macro': 0.5534449268738574, 'micro': 0.9067357512953368, 'binary': 0.15625, 'accuracy_majority': 0.896, 'macro_majority': 0.5529266111837128, 'binary_majority': 0.16129032258064516, 'run_time_millis': 1703.7475770011952, 'loss_mean': 0.04453625530004501}
Epoch 7 **** Loss 0.04195842146873474 **** Metrics validation: {'accuracy': 0.917098445595855, 'f1_weighted': 0.9347000828365843, 'macro': 0.5643887147335422, 'micro': 0.917098445595855, 'binary': 0.17241379310344826, 'accuracy_majority': 0.908, 'macro_majority': 0.5649213075060532, 'binary_majority': 0.17857142857142858, 'run_time_millis': 2263.2889110009273, 'loss_mean': 0.0440107062458992}
Epoch 8 **** Loss 0.05441224202513695 **** Metrics validation: {'accuracy': 0.9205526770293609, 'f1_weighted': 0.9367119782661943, 'macro': 0.5684145709100337, 'micro': 0.9205526770293609, 'binary': 0.17857142857142858, 'accuracy_majority': 0.912, 'macro_majority': 0.5693367786391043, 'binary_majority': 0.18518518518518517, 'run_time_millis': 2259.8600909987, 'loss_mean': 0.04366013780236244}
Epoch 9 **** Loss 0.06873379647731781 **** Metrics validation: {'accuracy': 0.918825561312608, 'f1_weighted': 0.935705374319451, 'macro': 0.5663750657297193, 'micro': 0.918825561312608, 'binary': 0.17543859649122806, 'accuracy_majority': 0.91, 'macro_majority': 0.5670995670995671, 'binary_majority': 0.1818181818181818, 'run_time_millis': 2259.6586589988874, 'loss_mean': 0.04355644807219505}
Evaluating
{'accuracy': 0.9205526770293609, 'f1_weighted': 0.9367119782661943, 'macro': 0.5684145709100337, 'micro': 0.9205526770293609, 'binary': 0.17857142857142858, 'accuracy_majority': 0.912, 'macro_majority': 0.5693367786391043, 'binary_majority': 0.18518518518518517, 'run_time_millis': 1744.3080970006122, 'loss_mean': 0.04366013780236244}
