Device cuda
Split type sit
Training Size: 73542, NTA labels 71708, YTA labels 1834
Validation Size: 24498, NTA labels 23919, YTA labels 579
Test Size: 24599, NTA labels 23988, YTA labels 611
Training with SBERT, model name is sbert
Tokenizing the dataset
Number of training steps 22990
Epoch 0 **** Loss 0.015818452462553978 **** Metrics validation: {'accuracy': 0.9681606661768307, 'f1_weighted': 0.9692556697606542, 'macro': 0.6788308555965477, 'micro': 0.9681606661768307, 'binary': 0.3739967897271268, 'accuracy_majority': 0.964247311827957, 'macro_majority': 0.6833981550258633, 'binary_majority': 0.38520801232665636, 'run_time_millis': 11315.03574497765, 'loss_mean': 0.03699576109647751}
Epoch 1 **** Loss 0.02541087009012699 **** Metrics validation: {'accuracy': 0.9402808392521839, 'f1_weighted': 0.9537129402895183, 'macro': 0.6508093284910794, 'micro': 0.9402808392521839, 'binary': 0.3328773369813041, 'accuracy_majority': 0.931989247311828, 'macro_majority': 0.6557514103197114, 'binary_majority': 0.34737747205503006, 'run_time_millis': 10504.716950992588, 'loss_mean': 0.03760899230837822}
Epoch 2 **** Loss 0.0007588116568513215 **** Metrics validation: {'accuracy': 0.9326067434076251, 'f1_weighted': 0.949152605916586, 'macro': 0.6384684297628072, 'micro': 0.9326067434076252, 'binary': 0.3123698458975427, 'accuracy_majority': 0.9232078853046595, 'macro_majority': 0.6430343624382209, 'binary_majority': 0.3267871170463472, 'run_time_millis': 10042.494244000409, 'loss_mean': 0.03936035558581352}
Epoch 3 **** Loss 9.339870302937925e-05 **** Metrics validation: {'accuracy': 0.9432198546820149, 'f1_weighted': 0.9552950683825779, 'macro': 0.651919946992762, 'micro': 0.9432198546820149, 'binary': 0.3334930522280786, 'accuracy_majority': 0.9351254480286738, 'macro_majority': 0.6568064528460568, 'binary_majority': 0.3477477477477477, 'run_time_millis': 9372.577185975388, 'loss_mean': 0.04970933124423027}
Epoch 4 **** Loss 0.00013363960897549987 **** Metrics validation: {'accuracy': 0.9441178871744632, 'f1_weighted': 0.9557376621605509, 'macro': 0.6513543308751549, 'micro': 0.9441178871744632, 'binary': 0.33186920448999513, 'accuracy_majority': 0.9360215053763441, 'macro_majority': 0.656855593093979, 'binary_majority': 0.3473491773308958, 'run_time_millis': 11310.142047994304, 'loss_mean': 0.060971714556217194}
Epoch 5 **** Loss 0.0037923429626971483 **** Metrics validation: {'accuracy': 0.9404032982284268, 'f1_weighted': 0.9535211157826453, 'macro': 0.6448821422791551, 'micro': 0.9404032982284268, 'binary': 0.3209302325581395, 'accuracy_majority': 0.9315412186379929, 'macro_majority': 0.6486256729951828, 'binary_majority': 0.3333333333333333, 'run_time_millis': 11302.955713996198, 'loss_mean': 0.06383245438337326}
Epoch 6 **** Loss 0.0659896656870842 **** Metrics validation: {'accuracy': 0.9545269001551147, 'f1_weighted': 0.9617192212784453, 'macro': 0.6651312795495801, 'micro': 0.9545269001551147, 'binary': 0.3538283062645011, 'accuracy_majority': 0.9477598566308244, 'macro_majority': 0.6671058504115026, 'binary_majority': 0.3614457831325302, 'run_time_millis': 11319.227713975124, 'loss_mean': 0.07923059910535812}
Epoch 7 **** Loss 1.6200376194319688e-05 **** Metrics validation: {'accuracy': 0.9506490325740877, 'f1_weighted': 0.9593825919945009, 'macro': 0.6573955151464297, 'micro': 0.9506490325740877, 'binary': 0.3404255319148936, 'accuracy_majority': 0.9431899641577061, 'macro_majority': 0.6610157798241091, 'binary_majority': 0.3517382413087935, 'run_time_millis': 10310.808930953499, 'loss_mean': 0.08352717757225037}
Epoch 8 **** Loss 0.09357721358537674 **** Metrics validation: {'accuracy': 0.9543228018613764, 'f1_weighted': 0.9615389900120772, 'macro': 0.6634401733087908, 'micro': 0.9543228018613764, 'binary': 0.35055136390017416, 'accuracy_majority': 0.9474910394265234, 'macro_majority': 0.6657433211122425, 'binary_majority': 0.3588621444201313, 'run_time_millis': 11310.680123977363, 'loss_mean': 0.09102131426334381}
Epoch 9 **** Loss 0.031176917254924774 **** Metrics validation: {'accuracy': 0.9606906686260103, 'f1_weighted': 0.9651362826250356, 'macro': 0.6711968187801408, 'micro': 0.9606906686260103, 'binary': 0.36267372600926534, 'accuracy_majority': 0.9551971326164874, 'macro_majority': 0.6766611216173712, 'binary_majority': 0.3765586034912718, 'run_time_millis': 10306.357446999755, 'loss_mean': 0.10393498092889786}
Evaluating
{'accuracy': 0.9681606661768307, 'f1_weighted': 0.9692556697606542, 'macro': 0.6788308555965477, 'micro': 0.9681606661768307, 'binary': 0.3739967897271268, 'accuracy_majority': 0.964247311827957, 'macro_majority': 0.6833981550258633, 'binary_majority': 0.38520801232665636, 'run_time_millis': 9277.935685007833, 'loss_mean': 0.03699576109647751}
Device cuda
Split type sit
Training Size: 73542, NTA labels 71708, YTA labels 1834
Validation Size: 24498, NTA labels 23919, YTA labels 579
Test Size: 24599, NTA labels 23988, YTA labels 611
Training with SBERT, model name is sbert
Tokenizing the dataset
Number of training steps 22990
Epoch 0 **** Loss 0.006473300512880087 **** Metrics validation: {'accuracy': 0.9645685362070373, 'f1_weighted': 0.9670384504015246, 'macro': 0.6698848560750617, 'micro': 0.9645685362070373, 'binary': 0.35798816568047337, 'accuracy_majority': 0.9613799283154122, 'macro_majority': 0.6799627396348817, 'binary_majority': 0.37985611510791367, 'run_time_millis': 10300.84773094859, 'loss_mean': 0.03733620047569275}
Epoch 1 **** Loss 0.004930914379656315 **** Metrics validation: {'accuracy': 0.9519960813127603, 'f1_weighted': 0.9601979565460949, 'macro': 0.6601481635272357, 'micro': 0.9519960813127603, 'binary': 0.34521158129175944, 'accuracy_majority': 0.9450716845878137, 'macro_majority': 0.6693392309261694, 'binary_majority': 0.3673890608875129, 'run_time_millis': 11307.762478012592, 'loss_mean': 0.0370657816529274}
Epoch 2 **** Loss 0.015949221327900887 **** Metrics validation: {'accuracy': 0.9588129643236183, 'f1_weighted': 0.9640658775923124, 'macro': 0.6686369723120207, 'micro': 0.9588129643236183, 'binary': 0.35855054036872225, 'accuracy_majority': 0.9531362007168459, 'macro_majority': 0.6776225232753337, 'binary_majority': 0.37959667852906287, 'run_time_millis': 11311.494191992097, 'loss_mean': 0.04826659709215164}
Epoch 3 **** Loss 0.00544217461720109 **** Metrics validation: {'accuracy': 0.9377092007510818, 'f1_weighted': 0.951874761384951, 'macro': 0.6393755315224656, 'micro': 0.9377092007510818, 'binary': 0.31137184115523464, 'accuracy_majority': 0.9272401433691756, 'macro_majority': 0.6407484739802392, 'binary_majority': 0.3199329983249581, 'run_time_millis': 9297.230351017788, 'loss_mean': 0.054031915962696075}
Epoch 4 **** Loss 0.03516364097595215 **** Metrics validation: {'accuracy': 0.9479957547554902, 'f1_weighted': 0.957662360171005, 'macro': 0.6494402694631964, 'micro': 0.9479957547554901, 'binary': 0.32592592592592595, 'accuracy_majority': 0.9401433691756272, 'macro_majority': 0.6542856104074181, 'binary_majority': 0.33992094861660077, 'run_time_millis': 11347.667417023331, 'loss_mean': 0.06969475001096725}
Epoch 5 **** Loss 0.020773889496922493 **** Metrics validation: {'accuracy': 0.9390970691485019, 'f1_weighted': 0.9525716930597887, 'macro': 0.6387017109346087, 'micro': 0.939097069148502, 'binary': 0.30925925925925923, 'accuracy_majority': 0.9299283154121863, 'macro_majority': 0.6409398778611684, 'binary_majority': 0.318815331010453, 'run_time_millis': 9375.681571022142, 'loss_mean': 0.0642709881067276}
Epoch 6 **** Loss 7.172409823397174e-05 **** Metrics validation: {'accuracy': 0.9502408359866111, 'f1_weighted': 0.9591265646863772, 'macro': 0.656363195558578, 'micro': 0.9502408359866111, 'binary': 0.3385784047748237, 'accuracy_majority': 0.942921146953405, 'macro_majority': 0.660405571742483, 'binary_majority': 0.35066258919469934, 'run_time_millis': 11329.159518994857, 'loss_mean': 0.08483310788869858}
Epoch 7 **** Loss 8.89486400410533e-05 **** Metrics validation: {'accuracy': 0.9633439464446077, 'f1_weighted': 0.9667052982253518, 'macro': 0.6761351109565926, 'micro': 0.9633439464446077, 'binary': 0.37114845938375357, 'accuracy_majority': 0.956989247311828, 'macro_majority': 0.6787835221127756, 'binary_majority': 0.3798449612403101, 'run_time_millis': 9281.604926974978, 'loss_mean': 0.10393798351287842}
Epoch 8 **** Loss 0.011992533691227436 **** Metrics validation: {'accuracy': 0.9613846028247204, 'f1_weighted': 0.9654151859860912, 'macro': 0.6695855916892501, 'micro': 0.9613846028247204, 'binary': 0.3590785907859078, 'accuracy_majority': 0.9555555555555556, 'macro_majority': 0.6729617001907866, 'binary_majority': 0.3689567430025445, 'run_time_millis': 11291.523396968842, 'loss_mean': 0.10445141047239304}
Epoch 9 **** Loss 0.00016931071877479553 **** Metrics validation: {'accuracy': 0.9624459139521594, 'f1_weighted': 0.9661515684127947, 'macro': 0.6739557065505302, 'micro': 0.9624459139521594, 'binary': 0.3672627235213205, 'accuracy_majority': 0.956810035842294, 'macro_majority': 0.6774451201215788, 'binary_majority': 0.37726098191214474, 'run_time_millis': 11328.893057012465, 'loss_mean': 0.108024001121521}
Evaluating
{'accuracy': 0.9645685362070373, 'f1_weighted': 0.9670384504015246, 'macro': 0.6698848560750617, 'micro': 0.9645685362070373, 'binary': 0.35798816568047337, 'accuracy_majority': 0.9613799283154122, 'macro_majority': 0.6799627396348817, 'binary_majority': 0.37985611510791367, 'run_time_millis': 10553.589142975397, 'loss_mean': 0.03733620047569275}
