Device cuda
Split type sit
Training Size: 17351, NTA labels 11197, YTA labels 6154
Validation Size: 5774, NTA labels 3717, YTA labels 2057
Test Size: 5756, NTA labels 3722, YTA labels 2034
Training with SBERT, model name is sbert
Tokenizing the dataset
Number of training steps 5430
Epoch 0 **** Loss 0.14119090139865875 **** Metrics validation: {'accuracy': 0.7649809490820921, 'f1_weighted': 0.7679252375058392, 'macro': 0.7508955553336438, 'micro': 0.7649809490820921, 'binary': 0.6916609861395137, 'accuracy_majority': 0.7945920303605313, 'macro_majority': 0.7845546906403873, 'binary_majority': 0.7380520266182697, 'run_time_millis': 6049.537912003871, 'loss_mean': 0.23764567077159882}
Epoch 1 **** Loss 0.09893365204334259 **** Metrics validation: {'accuracy': 0.7646345687564946, 'f1_weighted': 0.7669743990345731, 'macro': 0.7489087327015018, 'micro': 0.7646345687564946, 'binary': 0.6860706860706861, 'accuracy_majority': 0.7964895635673624, 'macro_majority': 0.7852134311076804, 'binary_majority': 0.736, 'run_time_millis': 6005.848239001352, 'loss_mean': 0.23567309975624084}
Epoch 2 **** Loss 0.12069816887378693 **** Metrics validation: {'accuracy': 0.7590924835469345, 'f1_weighted': 0.7618098296085923, 'macro': 0.7438385369298997, 'micro': 0.7590924835469345, 'binary': 0.6813287514318442, 'accuracy_majority': 0.786527514231499, 'macro_majority': 0.7750580495356038, 'binary_majority': 0.724264705882353, 'run_time_millis': 5048.201024001173, 'loss_mean': 0.24838334321975708}
Epoch 3 **** Loss 0.12932738661766052 **** Metrics validation: {'accuracy': 0.7646345687564946, 'f1_weighted': 0.7665797041153487, 'macro': 0.7479153995159391, 'micro': 0.7646345687564946, 'binary': 0.6829951014695591, 'accuracy_majority': 0.790796963946869, 'macro_majority': 0.7782726634599537, 'binary_majority': 0.7255756067205974, 'run_time_millis': 5974.723890001769, 'loss_mean': 0.27909961342811584}
Epoch 4 **** Loss 0.1538212150335312 **** Metrics validation: {'accuracy': 0.7616903359889158, 'f1_weighted': 0.7646196760010058, 'macro': 0.7472528745007583, 'micro': 0.7616903359889157, 'binary': 0.6868456986800182, 'accuracy_majority': 0.7884250474383302, 'macro_majority': 0.777652276244641, 'binary_majority': 0.7287104622871047, 'run_time_millis': 6068.935964998673, 'loss_mean': 0.27887001633644104}
Epoch 5 **** Loss 0.2817152440547943 **** Metrics validation: {'accuracy': 0.766539660547281, 'f1_weighted': 0.768222040198947, 'macro': 0.7493521062680973, 'micro': 0.7665396605472811, 'binary': 0.6837165649929611, 'accuracy_majority': 0.7941176470588235, 'macro_majority': 0.7814239296636085, 'binary_majority': 0.72875, 'run_time_millis': 6012.439961996279, 'loss_mean': 0.3216139078140259}
Epoch 6 **** Loss 0.09306219965219498 **** Metrics validation: {'accuracy': 0.757360581918947, 'f1_weighted': 0.7608142680138854, 'macro': 0.7440016025663847, 'micro': 0.757360581918947, 'binary': 0.6855218855218855, 'accuracy_majority': 0.7855787476280834, 'macro_majority': 0.7758113760169258, 'binary_majority': 0.7290167865707433, 'run_time_millis': 6020.662698996603, 'loss_mean': 0.3068927526473999}
Epoch 7 **** Loss 0.10197184234857559 **** Metrics validation: {'accuracy': 0.7689643228264634, 'f1_weighted': 0.7699555764226672, 'macro': 0.7503665172595957, 'micro': 0.7689643228264634, 'binary': 0.682229633158647, 'accuracy_majority': 0.7912713472485768, 'macro_majority': 0.7769584668347398, 'binary_majority': 0.7204574332909783, 'run_time_millis': 6034.864904999267, 'loss_mean': 0.33220720291137695}
Epoch 8 **** Loss 0.1695450097322464 **** Metrics validation: {'accuracy': 0.7672324211984759, 'f1_weighted': 0.7688083556394522, 'macro': 0.7498514630885775, 'micro': 0.7672324211984759, 'binary': 0.6839134524929444, 'accuracy_majority': 0.7903225806451613, 'macro_majority': 0.776847873466592, 'binary_majority': 0.7220125786163522, 'run_time_millis': 5422.338149001007, 'loss_mean': 0.34214645624160767}
Epoch 9 **** Loss 0.1761534959077835 **** Metrics validation: {'accuracy': 0.7689643228264634, 'f1_weighted': 0.7694042746802785, 'macro': 0.7491176058654732, 'micro': 0.7689643228264634, 'binary': 0.6785542168674699, 'accuracy_majority': 0.788899430740038, 'macro_majority': 0.7731765272549176, 'binary_majority': 0.713457823567289, 'run_time_millis': 6069.6087579999585, 'loss_mean': 0.3799559772014618}
Evaluating
{'accuracy': 0.7689643228264634, 'f1_weighted': 0.7699555764226672, 'macro': 0.7503665172595957, 'micro': 0.7689643228264634, 'binary': 0.682229633158647, 'accuracy_majority': 0.7912713472485768, 'macro_majority': 0.7769584668347398, 'binary_majority': 0.7204574332909783, 'run_time_millis': 6080.582599999616, 'loss_mean': 0.33220720291137695}
