______________________________	 Running Epoch 1 of 10 	______________________________
[Training] Itteration/Batch:   0/324: Loss: 0.66 | Accuracy: 0.81
[Training] Itteration/Batch:  25/324: Loss: 0.03 | Accuracy: 1.00
[Training] Itteration/Batch:  50/324: Loss: 0.01 | Accuracy: 1.00
[Training] Itteration/Batch:  75/324: Loss: 0.01 | Accuracy: 1.00
[Training] Itteration/Batch: 100/324: Loss: 0.00 | Accuracy: 1.00
[Training] Itteration/Batch: 125/324: Loss: 0.00 | Accuracy: 1.00
[Training] Itteration/Batch: 150/324: Loss: 0.00 | Accuracy: 1.00
[Training] Itteration/Batch: 175/324: Loss: 0.00 | Accuracy: 1.00
[Training] Itteration/Batch: 200/324: Loss: 0.00 | Accuracy: 1.00
[Training] Itteration/Batch: 225/324: Loss: 0.00 | Accuracy: 1.00
[Training] Itteration/Batch: 250/324: Loss: 0.00 | Accuracy: 1.00
[Training] Itteration/Batch: 275/324: Loss: 0.00 | Accuracy: 1.00
[Training] Itteration/Batch: 300/324: Loss: 0.00 | Accuracy: 1.00

Epoch 1: Val Bin. F1 Majority 0.0 | Val Macro F1 Majority 1.0 |             Val Bin F1 Individual 0.0 | Val Macro F1 Individual 1.0 |             Val Accuracy Majority 1.0 | Val Accuracy Individual 1.0 | Training Loss:0.021886829286813736 |             Val Loss 0.0008260263130068779 | Train Runtime Millis 20621.08472199907 | Val Runtime Millis 3010.595949999697

______________________________	 Running Epoch 2 of 10 	______________________________
[Training] Itteration/Batch:   0/324: Loss: 0.00 | Accuracy: 1.00
[Training] Itteration/Batch:  25/324: Loss: 0.00 | Accuracy: 1.00
[Training] Itteration/Batch:  50/324: Loss: 0.00 | Accuracy: 1.00
[Training] Itteration/Batch:  75/324: Loss: 0.00 | Accuracy: 1.00
[Training] Itteration/Batch: 100/324: Loss: 0.00 | Accuracy: 1.00
[Training] Itteration/Batch: 125/324: Loss: 0.00 | Accuracy: 1.00
[Training] Itteration/Batch: 150/324: Loss: 0.00 | Accuracy: 1.00
[Training] Itteration/Batch: 175/324: Loss: 0.00 | Accuracy: 1.00
[Training] Itteration/Batch: 200/324: Loss: 0.00 | Accuracy: 1.00
[Training] Itteration/Batch: 225/324: Loss: 0.00 | Accuracy: 1.00
[Training] Itteration/Batch: 250/324: Loss: 0.00 | Accuracy: 1.00
[Training] Itteration/Batch: 275/324: Loss: 0.00 | Accuracy: 1.00
[Training] Itteration/Batch: 300/324: Loss: 0.00 | Accuracy: 1.00

Epoch 2: Val Bin. F1 Majority 0.0 | Val Macro F1 Majority 1.0 |             Val Bin F1 Individual 0.0 | Val Macro F1 Individual 1.0 |             Val Accuracy Majority 1.0 | Val Accuracy Individual 1.0 | Training Loss:0.0006980049074627459 |             Val Loss 0.0004282698209863156 | Train Runtime Millis 20124.04799199976 | Val Runtime Millis 3012.4206119999144

______________________________	 Running Epoch 3 of 10 	______________________________
[Training] Itteration/Batch:   0/324: Loss: 0.00 | Accuracy: 1.00
[Training] Itteration/Batch:  25/324: Loss: 0.00 | Accuracy: 1.00
[Training] Itteration/Batch:  50/324: Loss: 0.00 | Accuracy: 1.00
[Training] Itteration/Batch:  75/324: Loss: 0.00 | Accuracy: 1.00
[Training] Itteration/Batch: 100/324: Loss: 0.00 | Accuracy: 1.00
[Training] Itteration/Batch: 125/324: Loss: 0.00 | Accuracy: 1.00
[Training] Itteration/Batch: 150/324: Loss: 0.00 | Accuracy: 1.00
[Training] Itteration/Batch: 175/324: Loss: 0.00 | Accuracy: 1.00
[Training] Itteration/Batch: 200/324: Loss: 0.00 | Accuracy: 1.00
[Training] Itteration/Batch: 225/324: Loss: 0.00 | Accuracy: 1.00
[Training] Itteration/Batch: 250/324: Loss: 0.00 | Accuracy: 1.00
[Training] Itteration/Batch: 275/324: Loss: 0.00 | Accuracy: 1.00
[Training] Itteration/Batch: 300/324: Loss: 0.00 | Accuracy: 1.00

Epoch 3: Val Bin. F1 Majority 0.0 | Val Macro F1 Majority 1.0 |             Val Bin F1 Individual 0.0 | Val Macro F1 Individual 1.0 |             Val Accuracy Majority 1.0 | Val Accuracy Individual 1.0 | Training Loss:0.00041635753586888313 |             Val Loss 0.00029756512958556414 | Train Runtime Millis 20331.295777999912 | Val Runtime Millis 3017.8993249992345

______________________________	 Running Epoch 4 of 10 	______________________________
[Training] Itteration/Batch:   0/324: Loss: 0.00 | Accuracy: 1.00
[Training] Itteration/Batch:  25/324: Loss: 0.00 | Accuracy: 1.00
[Training] Itteration/Batch:  50/324: Loss: 0.00 | Accuracy: 1.00
[Training] Itteration/Batch:  75/324: Loss: 0.00 | Accuracy: 1.00
[Training] Itteration/Batch: 100/324: Loss: 0.00 | Accuracy: 1.00
[Training] Itteration/Batch: 125/324: Loss: 0.00 | Accuracy: 1.00
[Training] Itteration/Batch: 150/324: Loss: 0.00 | Accuracy: 1.00
[Training] Itteration/Batch: 175/324: Loss: 0.00 | Accuracy: 1.00
[Training] Itteration/Batch: 200/324: Loss: 0.00 | Accuracy: 1.00
[Training] Itteration/Batch: 225/324: Loss: 0.00 | Accuracy: 1.00
[Training] Itteration/Batch: 250/324: Loss: 0.00 | Accuracy: 1.00
[Training] Itteration/Batch: 275/324: Loss: 0.00 | Accuracy: 1.00
[Training] Itteration/Batch: 300/324: Loss: 0.00 | Accuracy: 1.00

Epoch 4: Val Bin. F1 Majority 0.0 | Val Macro F1 Majority 1.0 |             Val Bin F1 Individual 0.0 | Val Macro F1 Individual 1.0 |             Val Accuracy Majority 1.0 | Val Accuracy Individual 1.0 | Training Loss:0.00030043223523534834 |             Val Loss 0.00022973603336140513 | Train Runtime Millis 20190.593504999924 | Val Runtime Millis 3016.0888640002668

______________________________	 Running Epoch 5 of 10 	______________________________
[Training] Itteration/Batch:   0/324: Loss: 0.00 | Accuracy: 1.00
[Training] Itteration/Batch:  25/324: Loss: 0.00 | Accuracy: 1.00
[Training] Itteration/Batch:  50/324: Loss: 0.00 | Accuracy: 1.00
[Training] Itteration/Batch:  75/324: Loss: 0.00 | Accuracy: 1.00
[Training] Itteration/Batch: 100/324: Loss: 0.00 | Accuracy: 1.00
[Training] Itteration/Batch: 125/324: Loss: 0.00 | Accuracy: 1.00
[Training] Itteration/Batch: 150/324: Loss: 0.00 | Accuracy: 1.00
[Training] Itteration/Batch: 175/324: Loss: 0.00 | Accuracy: 1.00
[Training] Itteration/Batch: 200/324: Loss: 0.00 | Accuracy: 1.00
[Training] Itteration/Batch: 225/324: Loss: 0.00 | Accuracy: 1.00
[Training] Itteration/Batch: 250/324: Loss: 0.00 | Accuracy: 1.00
[Training] Itteration/Batch: 275/324: Loss: 0.00 | Accuracy: 1.00
[Training] Itteration/Batch: 300/324: Loss: 0.00 | Accuracy: 1.00

Epoch 5: Val Bin. F1 Majority 0.0 | Val Macro F1 Majority 1.0 |             Val Bin F1 Individual 0.0 | Val Macro F1 Individual 1.0 |             Val Accuracy Majority 1.0 | Val Accuracy Individual 1.0 | Training Loss:0.0002367640845477581 |             Val Loss 0.0001880421332316473 | Train Runtime Millis 20310.29464400126 | Val Runtime Millis 3025.5126229985763

______________________________	 Running Epoch 6 of 10 	______________________________
[Training] Itteration/Batch:   0/324: Loss: 0.00 | Accuracy: 1.00
[Training] Itteration/Batch:  25/324: Loss: 0.00 | Accuracy: 1.00
[Training] Itteration/Batch:  50/324: Loss: 0.00 | Accuracy: 1.00
[Training] Itteration/Batch:  75/324: Loss: 0.00 | Accuracy: 1.00
[Training] Itteration/Batch: 100/324: Loss: 0.00 | Accuracy: 1.00
[Training] Itteration/Batch: 125/324: Loss: 0.00 | Accuracy: 1.00
[Training] Itteration/Batch: 150/324: Loss: 0.00 | Accuracy: 1.00
[Training] Itteration/Batch: 175/324: Loss: 0.00 | Accuracy: 1.00
[Training] Itteration/Batch: 200/324: Loss: 0.00 | Accuracy: 1.00
[Training] Itteration/Batch: 225/324: Loss: 0.00 | Accuracy: 1.00
[Training] Itteration/Batch: 250/324: Loss: 0.00 | Accuracy: 1.00
[Training] Itteration/Batch: 275/324: Loss: 0.00 | Accuracy: 1.00
[Training] Itteration/Batch: 300/324: Loss: 0.00 | Accuracy: 1.00

Epoch 6: Val Bin. F1 Majority 0.0 | Val Macro F1 Majority 1.0 |             Val Bin F1 Individual 0.0 | Val Macro F1 Individual 1.0 |             Val Accuracy Majority 1.0 | Val Accuracy Individual 1.0 | Training Loss:0.0001947436248883605 |             Val Loss 0.00015908287605270743 | Train Runtime Millis 20173.900591000347 | Val Runtime Millis 3022.351547000653

