______________________________	 Running Epoch 1 of 10 	______________________________
[Training] Itteration/Batch:   0/98: Loss: 0.83 | Accuracy: 0.25
[Training] Itteration/Batch:  25/98: Loss: 0.48 | Accuracy: 0.94
[Training] Itteration/Batch:  50/98: Loss: 0.43 | Accuracy: 0.75
[Training] Itteration/Batch:  75/98: Loss: 0.91 | Accuracy: 0.75

Epoch 1: Val Bin. F1 Majority 0.7048457860946655 | Val Macro F1 Majority 0.8206090423417883 |             Val Bin F1 Individual 0.6573913097381592 | Val Macro F1 Individual 0.7948119232437445 |             Val Accuracy Majority 0.895312488079071 | Val Accuracy Individual 0.886846661567688 | Training Loss:0.47661030292510986 |             Val Loss 0.3220069110393524 | Train Runtime Millis 6366.965696011903 | Val Runtime Millis 1195.9613660001196

______________________________	 Running Epoch 2 of 10 	______________________________
[Training] Itteration/Batch:   0/98: Loss: 0.50 | Accuracy: 0.81
[Training] Itteration/Batch:  25/98: Loss: 0.04 | Accuracy: 1.00
[Training] Itteration/Batch:  50/98: Loss: 0.40 | Accuracy: 0.88
[Training] Itteration/Batch:  75/98: Loss: 0.20 | Accuracy: 0.88

Epoch 2: Val Bin. F1 Majority 0.6935483813285828 | Val Macro F1 Majority 0.8099524881220306 |             Val Bin F1 Individual 0.6447574496269226 | Val Macro F1 Individual 0.782456099790992 |             Val Accuracy Majority 0.8812500238418579 | Val Accuracy Individual 0.8696151375770569 | Training Loss:0.25873863697052 |             Val Loss 0.32068032026290894 | Train Runtime Millis 6368.898763001198 | Val Runtime Millis 1200.8159449906088

______________________________	 Running Epoch 3 of 10 	______________________________
[Training] Itteration/Batch:   0/98: Loss: 0.23 | Accuracy: 0.88
[Training] Itteration/Batch:  25/98: Loss: 0.03 | Accuracy: 1.00
[Training] Itteration/Batch:  50/98: Loss: 0.05 | Accuracy: 1.00
[Training] Itteration/Batch:  75/98: Loss: 0.22 | Accuracy: 0.88

Epoch 3: Val Bin. F1 Majority 0.7363636493682861 | Val Macro F1 Majority 0.8408233276157804 |             Val Bin F1 Individual 0.6737967729568481 | Val Macro F1 Individual 0.8055735069851911 |             Val Accuracy Majority 0.909375011920929 | Val Accuracy Individual 0.8948879837989807 | Training Loss:0.1306116282939911 |             Val Loss 0.34283700585365295 | Train Runtime Millis 6369.418977003079 | Val Runtime Millis 1199.1178019961808

______________________________	 Running Epoch 1 of 10 	______________________________
[Training] Itteration/Batch:   0/106: Loss: 0.85 | Accuracy: 0.19
[Training] Itteration/Batch:  25/106: Loss: 0.34 | Accuracy: 0.94
[Training] Itteration/Batch:  50/106: Loss: 0.35 | Accuracy: 0.88
[Training] Itteration/Batch:  75/106: Loss: 0.41 | Accuracy: 0.88
[Training] Itteration/Batch: 100/106: Loss: 0.44 | Accuracy: 0.88

Epoch 1: Val Bin. F1 Majority 0.6796875 | Val Macro F1 Majority 0.7998046874999999 |             Val Bin F1 Individual 0.6126126050949097 | Val Macro F1 Individual 0.7604966472153971 |             Val Accuracy Majority 0.871874988079071 | Val Accuracy Individual 0.8518093228340149 | Training Loss:0.46205490827560425 |             Val Loss 0.3199059069156647 | Train Runtime Millis 6914.212104020407 | Val Runtime Millis 1202.2610009880736

______________________________	 Running Epoch 2 of 10 	______________________________
[Training] Itteration/Batch:   0/106: Loss: 0.14 | Accuracy: 0.94
[Training] Itteration/Batch:  25/106: Loss: 0.09 | Accuracy: 1.00
[Training] Itteration/Batch:  50/106: Loss: 0.08 | Accuracy: 1.00
[Training] Itteration/Batch:  75/106: Loss: 0.06 | Accuracy: 1.00
[Training] Itteration/Batch: 100/106: Loss: 0.55 | Accuracy: 0.81

Epoch 2: Val Bin. F1 Majority 0.75789475440979 | Val Macro F1 Majority 0.8578464509898598 |             Val Bin F1 Individual 0.7131147384643555 | Val Macro F1 Individual 0.8331772835288063 |             Val Accuracy Majority 0.9281250238418579 | Val Accuracy Individual 0.9195864200592041 | Training Loss:0.24880529940128326 |             Val Loss 0.2938435673713684 | Train Runtime Millis 6906.318761000875 | Val Runtime Millis 1199.7177579905838

______________________________	 Running Epoch 3 of 10 	______________________________
[Training] Itteration/Batch:   0/106: Loss: 0.56 | Accuracy: 0.88
[Training] Itteration/Batch:  25/106: Loss: 0.08 | Accuracy: 0.94
[Training] Itteration/Batch:  50/106: Loss: 0.03 | Accuracy: 1.00
[Training] Itteration/Batch:  75/106: Loss: 0.05 | Accuracy: 0.94
[Training] Itteration/Batch: 100/106: Loss: 0.25 | Accuracy: 0.94

Epoch 3: Val Bin. F1 Majority 0.7676767706871033 | Val Macro F1 Majority 0.8625814522302506 |             Val Bin F1 Individual 0.7217742204666138 | Val Macro F1 Individual 0.8377792602035304 |             Val Accuracy Majority 0.9281250238418579 | Val Accuracy Individual 0.9207351803779602 | Training Loss:0.1460878849029541 |             Val Loss 0.35275551676750183 | Train Runtime Millis 6918.034130008891 | Val Runtime Millis 1200.6792970059905

