Device cuda
Split type sit
Training Size: 18477, NTA labels 17983, YTA labels 494
Validation Size: 6129, NTA labels 5965, YTA labels 164
Test Size: 5891, NTA labels 5732, YTA labels 159
Training with SBERT, model name is sbert
Tokenizing the dataset
Number of training steps 5780
Epoch 0 **** Loss 0.022170864045619965 **** Metrics validation: {'accuracy': 0.9161364007178985, 'f1_weighted': 0.9361944547466691, 'macro': 0.5919436517262604, 'micro': 0.9161364007178985, 'binary': 0.22822822822822822, 'accuracy_majority': 0.9268153230417381, 'macro_majority': 0.5905599367931292, 'binary_majority': 0.21951219512195122, 'run_time_millis': 3402.24339300039, 'loss_mean': 0.04145663604140282}
Epoch 1 **** Loss 0.011721521615982056 **** Metrics validation: {'accuracy': 0.8875836188611519, 'f1_weighted': 0.9207003735920996, 'macro': 0.5923067083028214, 'micro': 0.8875836188611519, 'binary': 0.24534501642935375, 'accuracy_majority': 0.8942252715837622, 'macro_majority': 0.5712536621627531, 'binary_majority': 0.19913419913419916, 'run_time_millis': 4698.303002001921, 'loss_mean': 0.035150375217199326}
Epoch 2 **** Loss 0.006537088192999363 **** Metrics validation: {'accuracy': 0.9280469897209985, 'f1_weighted': 0.9445420931326554, 'macro': 0.6348718831293481, 'micro': 0.9280469897209985, 'binary': 0.30769230769230765, 'accuracy_majority': 0.9376786735277302, 'macro_majority': 0.6274978750842639, 'binary_majority': 0.2875816993464052, 'run_time_millis': 4670.179623997683, 'loss_mean': 0.0406440906226635}
Epoch 3 **** Loss 0.004691600799560547 **** Metrics validation: {'accuracy': 0.9071626692772067, 'f1_weighted': 0.9322959128346147, 'macro': 0.6118608669521448, 'micro': 0.9071626692772067, 'binary': 0.27330779054916987, 'accuracy_majority': 0.9136649514008005, 'macro_majority': 0.589962504948881, 'binary_majority': 0.22564102564102564, 'run_time_millis': 4687.981402999867, 'loss_mean': 0.04355015233159065}
Epoch 4 **** Loss 0.008200201205909252 **** Metrics validation: {'accuracy': 0.9311470060368738, 'f1_weighted': 0.9462831742554854, 'macro': 0.6371109494802558, 'micro': 0.9311470060368738, 'binary': 0.3104575163398693, 'accuracy_majority': 0.9382504288164666, 'macro_majority': 0.6190157321500604, 'binary_majority': 0.2702702702702703, 'run_time_millis': 4666.796184999839, 'loss_mean': 0.05154474079608917}
Epoch 5 **** Loss 0.10969890654087067 **** Metrics validation: {'accuracy': 0.9172785119921684, 'f1_weighted': 0.9380935909934952, 'macro': 0.6194965638518166, 'micro': 0.9172785119921684, 'binary': 0.2828854314002829, 'accuracy_majority': 0.9251000571755289, 'macro_majority': 0.6060031812905722, 'binary_majority': 0.25142857142857145, 'run_time_millis': 3925.5169249991013, 'loss_mean': 0.049788087606430054}
Epoch 6 **** Loss 0.015002609230577946 **** Metrics validation: {'accuracy': 0.9255996084189917, 'f1_weighted': 0.9429960986435177, 'macro': 0.6295891427662619, 'micro': 0.9255996084189917, 'binary': 0.29846153846153844, 'accuracy_majority': 0.9325328759291024, 'macro_majority': 0.6135747453565009, 'binary_majority': 0.2625, 'run_time_millis': 4693.711431998963, 'loss_mean': 0.05784663185477257}
Epoch 7 **** Loss 0.00262041250243783 **** Metrics validation: {'accuracy': 0.928699624734867, 'f1_weighted': 0.9448368174216205, 'macro': 0.6338339776347192, 'micro': 0.928699624734867, 'binary': 0.3052464228934817, 'accuracy_majority': 0.9353916523727844, 'macro_majority': 0.6185828838304401, 'binary_majority': 0.27096774193548384, 'run_time_millis': 4650.798966998991, 'loss_mean': 0.06095866486430168}
Epoch 8 **** Loss 0.007991718128323555 **** Metrics validation: {'accuracy': 0.9308206885299396, 'f1_weighted': 0.9461903106062439, 'macro': 0.638744870383345, 'micro': 0.9308206885299396, 'binary': 0.313915857605178, 'accuracy_majority': 0.9376786735277302, 'macro_majority': 0.6227896089608762, 'binary_majority': 0.2781456953642384, 'run_time_millis': 4680.219488000148, 'loss_mean': 0.06347379088401794}
Epoch 9 **** Loss 0.007699126377701759 **** Metrics validation: {'accuracy': 0.9324522760646109, 'f1_weighted': 0.9470855038096642, 'macro': 0.6395226264580163, 'micro': 0.9324522760646109, 'binary': 0.31456953642384106, 'accuracy_majority': 0.9382504288164666, 'macro_majority': 0.6238709677419354, 'binary_majority': 0.28, 'run_time_millis': 4660.937242999353, 'loss_mean': 0.06512473523616791}
Evaluating
{'accuracy': 0.9324522760646109, 'f1_weighted': 0.9470855038096642, 'macro': 0.6395226264580163, 'micro': 0.9324522760646109, 'binary': 0.31456953642384106, 'accuracy_majority': 0.9382504288164666, 'macro_majority': 0.6238709677419354, 'binary_majority': 0.28, 'run_time_millis': 4689.059660999192, 'loss_mean': 0.06512473523616791}
