Device cuda
Split type sit
Training Size: 16470, NTA labels 16071, YTA labels 399
Validation Size: 5403, NTA labels 5267, YTA labels 136
Test Size: 5230, NTA labels 5105, YTA labels 125
Training with SBERT, model name is sbert
Tokenizing the dataset
Number of training steps 5150
Epoch 0 **** Loss 0.07087124139070511 **** Metrics validation: {'accuracy': 0.8511937812326485, 'f1_weighted': 0.8998112804852886, 'macro': 0.5562074393485176, 'micro': 0.8511937812326484, 'binary': 0.19438877755511025, 'accuracy_majority': 0.8547169811320755, 'macro_majority': 0.5462076480857546, 'binary_majority': 0.17204301075268819, 'run_time_millis': 3076.265487001365, 'loss_mean': 0.03065055049955845}
Epoch 1 **** Loss 0.015653975307941437 **** Metrics validation: {'accuracy': 0.7823431426985008, 'f1_weighted': 0.8569809229652771, 'macro': 0.5180725596477294, 'micro': 0.7823431426985008, 'binary': 0.16119828815977175, 'accuracy_majority': 0.7842767295597485, 'macro_majority': 0.5042428925300547, 'binary_majority': 0.13164556962025317, 'run_time_millis': 3263.547077000112, 'loss_mean': 0.03058580867946148}
Epoch 2 **** Loss 0.0478551872074604 **** Metrics validation: {'accuracy': 0.8987599481769387, 'f1_weighted': 0.9275437466565568, 'macro': 0.5816662993522953, 'micro': 0.8987599481769387, 'binary': 0.21745350500715308, 'accuracy_majority': 0.9037735849056604, 'macro_majority': 0.5696613650475235, 'binary_majority': 0.19047619047619047, 'run_time_millis': 3263.09771799788, 'loss_mean': 0.03333686664700508}
Epoch 3 **** Loss 0.00358229735866189 **** Metrics validation: {'accuracy': 0.8991301129002406, 'f1_weighted': 0.92794447141323, 'macro': 0.5864976503274376, 'micro': 0.8991301129002406, 'binary': 0.2269503546099291, 'accuracy_majority': 0.9037735849056604, 'macro_majority': 0.578015962087873, 'binary_majority': 0.2072538860103627, 'run_time_millis': 4225.374925001233, 'loss_mean': 0.03515203297138214}
Epoch 4 **** Loss 0.08910784125328064 **** Metrics validation: {'accuracy': 0.8750694058856191, 'f1_weighted': 0.9139024510031114, 'macro': 0.568577746500766, 'micro': 0.8750694058856191, 'binary': 0.2049469964664311, 'accuracy_majority': 0.879245283018868, 'macro_majority': 0.5606116433308769, 'binary_majority': 0.18644067796610173, 'run_time_millis': 4333.618846998434, 'loss_mean': 0.03665618598461151}
Epoch 5 **** Loss 0.026736227795481682 **** Metrics validation: {'accuracy': 0.9156024430871738, 'f1_weighted': 0.9372594792557633, 'macro': 0.5963936737924744, 'micro': 0.9156024430871738, 'binary': 0.23745819397993312, 'accuracy_majority': 0.9213836477987422, 'macro_majority': 0.5862297252565375, 'binary_majority': 0.2138364779874214, 'run_time_millis': 4297.738440000103, 'loss_mean': 0.05037643387913704}
Epoch 6 **** Loss 0.013986858539283276 **** Metrics validation: {'accuracy': 0.9070886544512308, 'f1_weighted': 0.9323753636945228, 'macro': 0.5891316993365043, 'micro': 0.9070886544512308, 'binary': 0.22769230769230764, 'accuracy_majority': 0.9106918238993711, 'macro_majority': 0.5818888888888889, 'binary_majority': 0.21111111111111114, 'run_time_millis': 4281.579274000251, 'loss_mean': 0.05054137110710144}
Epoch 7 **** Loss 0.02294171415269375 **** Metrics validation: {'accuracy': 0.9131963723857116, 'f1_weighted': 0.9358879801965453, 'macro': 0.5944491541631504, 'micro': 0.9131963723857116, 'binary': 0.23491027732463293, 'accuracy_majority': 0.9169811320754717, 'macro_majority': 0.5756776864850877, 'binary_majority': 0.1951219512195122, 'run_time_millis': 4279.450894999172, 'loss_mean': 0.05653400719165802}
Epoch 8 **** Loss 0.02389618009328842 **** Metrics validation: {'accuracy': 0.9183786785119378, 'f1_weighted': 0.9387924137077143, 'macro': 0.5976104095072933, 'micro': 0.9183786785119378, 'binary': 0.23834196891191708, 'accuracy_majority': 0.9238993710691824, 'macro_majority': 0.5845883778023928, 'binary_majority': 0.2091503267973856, 'run_time_millis': 4240.27452700102, 'loss_mean': 0.060558535158634186}
Epoch 9 **** Loss 0.00494738994166255 **** Metrics validation: {'accuracy': 0.923375902276513, 'f1_weighted': 0.9414534213700714, 'macro': 0.5979136048180435, 'micro': 0.923375902276513, 'binary': 0.23616236162361623, 'accuracy_majority': 0.9289308176100629, 'macro_majority': 0.5917286826109185, 'binary_majority': 0.2206896551724138, 'run_time_millis': 4202.096610999433, 'loss_mean': 0.06384358555078506}
Evaluating
{'accuracy': 0.923375902276513, 'f1_weighted': 0.9414534213700714, 'macro': 0.5979136048180435, 'micro': 0.923375902276513, 'binary': 0.23616236162361623, 'accuracy_majority': 0.9289308176100629, 'macro_majority': 0.5917286826109185, 'binary_majority': 0.2206896551724138, 'run_time_millis': 3456.1845490025007, 'loss_mean': 0.06384358555078506}
