Device cuda
Split type sit
Training Size: 28599, NTA labels 20352, YTA labels 8247
Validation Size: 9496, NTA labels 6632, YTA labels 2864
Test Size: 10211, NTA labels 7033, YTA labels 3178
Training with SBERT, model name is sbert
Tokenizing the dataset
Number of training steps 8940
Epoch 0 **** Loss 0.28349539637565613 **** Metrics validation: {'accuracy': 0.557603201347936, 'f1_weighted': 0.5754196605421541, 'macro': 0.5318554695987314, 'micro': 0.557603201347936, 'binary': 0.42206630898335395, 'accuracy_majority': 0.5799373040752351, 'macro_majority': 0.5504753313765447, 'binary_majority': 0.4353932584269663, 'run_time_millis': 34338.77624897286, 'loss_mean': 0.35461822152137756}
Epoch 1 **** Loss 0.2254641205072403 **** Metrics validation: {'accuracy': 0.6417438921651222, 'f1_weighted': 0.6236338086294997, 'macro': 0.5354699911072449, 'micro': 0.6417438921651222, 'binary': 0.3132821962050868, 'accuracy_majority': 0.6555207244862418, 'macro_majority': 0.5476497908169092, 'binary_majority': 0.3267528931245745, 'run_time_millis': 34320.04674104974, 'loss_mean': 0.3619162440299988}
Epoch 2 **** Loss 0.13135665655136108 **** Metrics validation: {'accuracy': 0.6680707666385847, 'f1_weighted': 0.6464100506411918, 'macro': 0.5597671866516205, 'micro': 0.6680707666385847, 'binary': 0.34141245298788125, 'accuracy_majority': 0.6837338906304423, 'macro_majority': 0.5830158740314666, 'binary_majority': 0.3780821917808219, 'run_time_millis': 34330.158554017544, 'loss_mean': 0.43996381759643555}
Epoch 3 **** Loss 0.15374310314655304 **** Metrics validation: {'accuracy': 0.6791280539174389, 'f1_weighted': 0.6316432152866155, 'macro': 0.5236632080681831, 'micro': 0.6791280539174389, 'binary': 0.2515352493244903, 'accuracy_majority': 0.700801114594218, 'macro_majority': 0.554302521539942, 'binary_majority': 0.29877551020408166, 'run_time_millis': 34192.56929703988, 'loss_mean': 0.41907742619514465}
Epoch 4 **** Loss 0.7040113210678101 **** Metrics validation: {'accuracy': 0.6820766638584668, 'f1_weighted': 0.6449340823242202, 'macro': 0.5465832409882814, 'micro': 0.6820766638584668, 'binary': 0.2987224157955865, 'accuracy_majority': 0.6917450365726228, 'macro_majority': 0.5676791164223354, 'binary_majority': 0.33608402100525137, 'run_time_millis': 34148.65568396635, 'loss_mean': 0.5486614108085632}
Epoch 5 **** Loss 0.036929529160261154 **** Metrics validation: {'accuracy': 0.6566975568660489, 'f1_weighted': 0.6492816182027947, 'macro': 0.5757467316682114, 'micro': 0.6566975568660489, 'binary': 0.39042632759910245, 'accuracy_majority': 0.6628352490421456, 'macro_majority': 0.5907399269815875, 'binary_majority': 0.4189675870348139, 'run_time_millis': 36139.4559929613, 'loss_mean': 0.674305260181427}
Epoch 6 **** Loss 0.12762710452079773 **** Metrics validation: {'accuracy': 0.6813395113732098, 'f1_weighted': 0.6517101224156341, 'macro': 0.5600487615025427, 'micro': 0.6813395113732098, 'binary': 0.32904656319290465, 'accuracy_majority': 0.6924416579588993, 'macro_majority': 0.5773884967535124, 'binary_majority': 0.35688273852876906, 'run_time_millis': 34118.58633509837, 'loss_mean': 1.076370358467102}
Epoch 7 **** Loss 0.06118909269571304 **** Metrics validation: {'accuracy': 0.6691238416175231, 'f1_weighted': 0.6562310236332325, 'macro': 0.5788741157274887, 'micro': 0.6691238416175231, 'binary': 0.3839215686274509, 'accuracy_majority': 0.6764193660745385, 'macro_majority': 0.593286780382007, 'binary_majority': 0.4094087730451367, 'run_time_millis': 34091.39701491222, 'loss_mean': 0.7806957364082336}
Epoch 8 **** Loss 0.05631072446703911 **** Metrics validation: {'accuracy': 0.6791280539174389, 'f1_weighted': 0.6540898735118351, 'macro': 0.566328139773868, 'micro': 0.6791280539174389, 'binary': 0.34515366430260047, 'accuracy_majority': 0.6920933472657611, 'macro_majority': 0.5906905783311293, 'binary_majority': 0.38696255201109564, 'run_time_millis': 33980.12357391417, 'loss_mean': 1.1970486640930176}
Epoch 9 **** Loss 0.051929641515016556 **** Metrics validation: {'accuracy': 0.6780749789385004, 'f1_weighted': 0.6547894608896465, 'macro': 0.5685162730744237, 'micro': 0.6780749789385004, 'binary': 0.351093186160051, 'accuracy_majority': 0.6903517938000696, 'macro_majority': 0.5911871150339287, 'binary_majority': 0.38984214138641043, 'run_time_millis': 36015.980748226866, 'loss_mean': 1.3737162351608276}
Evaluating
{'accuracy': 0.6691238416175231, 'f1_weighted': 0.6562310236332325, 'macro': 0.5788741157274887, 'micro': 0.6691238416175231, 'binary': 0.3839215686274509, 'accuracy_majority': 0.6764193660745385, 'macro_majority': 0.593286780382007, 'binary_majority': 0.4094087730451367, 'run_time_millis': 34028.56039186008, 'loss_mean': 0.7806957364082336}
