Device cuda
Split type sit
Training Size: 31569, NTA labels 22084, YTA labels 9485
Validation Size: 11181, NTA labels 7759, YTA labels 3422
Test Size: 11688, NTA labels 8411, YTA labels 3277
Training with SBERT, model name is sbert
Tokenizing the dataset
Number of training steps 9870
Epoch 0 **** Loss 0.10621026158332825 **** Metrics validation: {'accuracy': 0.6454699937393793, 'f1_weighted': 0.5948772784513273, 'macro': 0.4820065962474785, 'micro': 0.6454699937393793, 'binary': 0.1910204081632653, 'accuracy_majority': 0.6726907630522089, 'macro_majority': 0.517119077394093, 'binary_majority': 0.24303405572755418, 'run_time_millis': 41575.49064909108, 'loss_mean': 0.3813503086566925}
Epoch 1 **** Loss 0.16272877156734467 **** Metrics validation: {'accuracy': 0.6079062695644397, 'f1_weighted': 0.6055301782674312, 'macro': 0.5329589954848498, 'micro': 0.6079062695644397, 'binary': 0.3458669054013727, 'accuracy_majority': 0.642570281124498, 'macro_majority': 0.5631547851436838, 'binary_majority': 0.3768961493582264, 'run_time_millis': 39565.60847593937, 'loss_mean': 0.34912118315696716}
Epoch 2 **** Loss 0.17028240859508514 **** Metrics validation: {'accuracy': 0.641087559252303, 'f1_weighted': 0.6397465087141452, 'macro': 0.5743966639502089, 'micro': 0.641087559252303, 'binary': 0.4059215396002961, 'accuracy_majority': 0.6465863453815262, 'macro_majority': 0.5736301369863014, 'binary_majority': 0.3972602739726027, 'run_time_millis': 41563.90125397593, 'loss_mean': 0.35323038697242737}
Epoch 3 **** Loss 0.16606397926807404 **** Metrics validation: {'accuracy': 0.6435918075306323, 'f1_weighted': 0.630254528468729, 'macro': 0.5513407777300181, 'micro': 0.6435918075306323, 'binary': 0.3478972344951726, 'accuracy_majority': 0.6609772423025435, 'macro_majority': 0.5611691682183115, 'binary_majority': 0.35188739603326935, 'run_time_millis': 41580.164056038484, 'loss_mean': 0.4909268319606781}
Epoch 4 **** Loss 0.15580861270427704 **** Metrics validation: {'accuracy': 0.6308022538234505, 'f1_weighted': 0.6338180330006903, 'macro': 0.5726991811703699, 'micro': 0.6308022538234505, 'binary': 0.4151317653726268, 'accuracy_majority': 0.6395582329317269, 'macro_majority': 0.5752037304099029, 'binary_majority': 0.40986301369863015, 'run_time_millis': 39604.782112990506, 'loss_mean': 0.3951605558395386}
Epoch 5 **** Loss 0.17798160016536713 **** Metrics validation: {'accuracy': 0.6644307307038726, 'f1_weighted': 0.6392815636997344, 'macro': 0.5524408492913369, 'micro': 0.6644307307038726, 'binary': 0.3285612025769506, 'accuracy_majority': 0.6867469879518072, 'macro_majority': 0.5689521138048488, 'binary_majority': 0.34361851332398313, 'run_time_millis': 41573.05622694548, 'loss_mean': 0.5100648999214172}
Epoch 6 **** Loss 0.10561887174844742 **** Metrics validation: {'accuracy': 0.6547714873446024, 'f1_weighted': 0.646403445487409, 'macro': 0.5749621117577874, 'micro': 0.6547714873446024, 'binary': 0.39078282828282823, 'accuracy_majority': 0.6710174029451138, 'macro_majority': 0.5861656194721124, 'binary_majority': 0.39877675840978594, 'run_time_millis': 41567.33221199829, 'loss_mean': 0.5758586525917053}
Epoch 7 **** Loss 0.07101230323314667 **** Metrics validation: {'accuracy': 0.6452911188623558, 'f1_weighted': 0.6307392305860325, 'macro': 0.550851205960192, 'micro': 0.6452911188623558, 'binary': 0.34489593657086226, 'accuracy_majority': 0.6733601070950469, 'macro_majority': 0.5731078659843314, 'binary_majority': 0.36623376623376624, 'run_time_millis': 39566.997763933614, 'loss_mean': 0.5676869750022888}
Epoch 8 **** Loss 0.14379578828811646 **** Metrics validation: {'accuracy': 0.6528933011358554, 'f1_weighted': 0.6346640581128634, 'macro': 0.5523953515668528, 'micro': 0.6528933011358554, 'binary': 0.34030256671766107, 'accuracy_majority': 0.6800535475234271, 'macro_majority': 0.5756677986042408, 'binary_majority': 0.36520584329349276, 'run_time_millis': 41722.074966994114, 'loss_mean': 0.6980119347572327}
Epoch 9 **** Loss 0.11246174573898315 **** Metrics validation: {'accuracy': 0.6504784902960379, 'f1_weighted': 0.6361842627805744, 'macro': 0.5575115917976234, 'micro': 0.6504784902960379, 'binary': 0.3546895640686923, 'accuracy_majority': 0.6723560910307899, 'macro_majority': 0.5726998442132109, 'binary_majority': 0.36634304207119733, 'run_time_millis': 41448.02237802651, 'loss_mean': 0.7933074235916138}
Evaluating
{'accuracy': 0.6547714873446024, 'f1_weighted': 0.646403445487409, 'macro': 0.5749621117577874, 'micro': 0.6547714873446024, 'binary': 0.39078282828282823, 'accuracy_majority': 0.6710174029451138, 'macro_majority': 0.5861656194721124, 'binary_majority': 0.39877675840978594, 'run_time_millis': 41375.2488020109, 'loss_mean': 0.5758586525917053}
