______________________________	 Running Epoch 1 of 10 	______________________________
[Training] Itteration/Batch:   0/363: Loss: 2.39 | Accuracy: 0.56
[Training] Itteration/Batch:  25/363: Loss: 4.01 | Accuracy: 0.64
[Training] Itteration/Batch:  50/363: Loss: 1.90 | Accuracy: 0.64
[Training] Itteration/Batch:  75/363: Loss: 2.41 | Accuracy: 0.60
[Training] Itteration/Batch: 100/363: Loss: 1.87 | Accuracy: 0.69
[Training] Itteration/Batch: 125/363: Loss: 1.93 | Accuracy: 0.83
[Training] Itteration/Batch: 150/363: Loss: 2.09 | Accuracy: 0.73
[Training] Itteration/Batch: 175/363: Loss: 1.93 | Accuracy: 0.75
[Training] Itteration/Batch: 200/363: Loss: 4.04 | Accuracy: 0.71
[Training] Itteration/Batch: 225/363: Loss: 1.73 | Accuracy: 0.84
[Training] Itteration/Batch: 250/363: Loss: 2.37 | Accuracy: 0.85
[Training] Itteration/Batch: 275/363: Loss: 4.61 | Accuracy: 0.77
[Training] Itteration/Batch: 300/363: Loss: 2.43 | Accuracy: 0.79
[Training] Itteration/Batch: 325/363: Loss: 3.11 | Accuracy: 0.95
[Training] Itteration/Batch: 350/363: Loss: 2.49 | Accuracy: 0.92

Epoch 1: Val Bin. F1 Majority 0.0 | Val Macro F1 Majority 0.498024756386621 |             Val Bin F1 Individual 0.01652892492711544 | Val Macro F1 Individual 0.4903616495106846 |             Val Accuracy Majority 0.9921301007270813 | Val Accuracy Individual 0.9309043288230896 | Training Loss:2.534773349761963 |             Val Loss 2.266310691833496 | Train Runtime Millis 25051.008655223995 | Val Runtime Millis 5813.218345865607

______________________________	 Running Epoch 2 of 10 	______________________________
[Training] Itteration/Batch:   0/363: Loss: 3.06 | Accuracy: 0.90
[Training] Itteration/Batch:  25/363: Loss: 1.72 | Accuracy: 0.95
[Training] Itteration/Batch:  50/363: Loss: 2.04 | Accuracy: 0.95
[Training] Itteration/Batch:  75/363: Loss: 1.96 | Accuracy: 0.95
[Training] Itteration/Batch: 100/363: Loss: 1.77 | Accuracy: 0.98
[Training] Itteration/Batch: 125/363: Loss: 1.71 | Accuracy: 0.98
[Training] Itteration/Batch: 150/363: Loss: 1.53 | Accuracy: 1.00
[Training] Itteration/Batch: 175/363: Loss: 2.65 | Accuracy: 0.93
[Training] Itteration/Batch: 200/363: Loss: 1.58 | Accuracy: 0.98
[Training] Itteration/Batch: 225/363: Loss: 2.36 | Accuracy: 0.93
[Training] Itteration/Batch: 250/363: Loss: 2.65 | Accuracy: 0.97
[Training] Itteration/Batch: 275/363: Loss: 2.09 | Accuracy: 0.97
[Training] Itteration/Batch: 300/363: Loss: 4.57 | Accuracy: 0.90
[Training] Itteration/Batch: 325/363: Loss: 2.71 | Accuracy: 0.95
[Training] Itteration/Batch: 350/363: Loss: 1.70 | Accuracy: 1.00

Epoch 2: Val Bin. F1 Majority 0.0 | Val Macro F1 Majority 0.498024756386621 |             Val Bin F1 Individual 0.0 | Val Macro F1 Individual 0.4921489126428308 |             Val Accuracy Majority 0.9921301007270813 | Val Accuracy Individual 0.9690811634063721 | Training Loss:2.464914321899414 |             Val Loss 2.1555426120758057 | Train Runtime Millis 25270.922923926264 | Val Runtime Millis 5775.477952789515

______________________________	 Running Epoch 3 of 10 	______________________________
[Training] Itteration/Batch:   0/363: Loss: 2.45 | Accuracy: 0.90
[Training] Itteration/Batch:  25/363: Loss: 2.40 | Accuracy: 0.95
[Training] Itteration/Batch:  50/363: Loss: 2.83 | Accuracy: 0.92
[Training] Itteration/Batch:  75/363: Loss: 1.88 | Accuracy: 0.95
[Training] Itteration/Batch: 100/363: Loss: 1.71 | Accuracy: 1.00
[Training] Itteration/Batch: 125/363: Loss: 2.00 | Accuracy: 0.98
[Training] Itteration/Batch: 150/363: Loss: 1.71 | Accuracy: 0.97
[Training] Itteration/Batch: 175/363: Loss: 3.91 | Accuracy: 0.87
[Training] Itteration/Batch: 200/363: Loss: 1.54 | Accuracy: 0.98
[Training] Itteration/Batch: 225/363: Loss: 1.56 | Accuracy: 0.98
[Training] Itteration/Batch: 250/363: Loss: 1.70 | Accuracy: 0.98
[Training] Itteration/Batch: 275/363: Loss: 2.04 | Accuracy: 0.97
[Training] Itteration/Batch: 300/363: Loss: 1.57 | Accuracy: 0.98
[Training] Itteration/Batch: 325/363: Loss: 2.98 | Accuracy: 0.93
[Training] Itteration/Batch: 350/363: Loss: 1.47 | Accuracy: 1.00

Epoch 3: Val Bin. F1 Majority 0.0 | Val Macro F1 Majority 0.498024756386621 |             Val Bin F1 Individual 0.0 | Val Macro F1 Individual 0.4926725090212829 |             Val Accuracy Majority 0.9921301007270813 | Val Accuracy Individual 0.971113383769989 | Training Loss:2.3881723880767822 |             Val Loss 2.0799460411071777 | Train Runtime Millis 25214.97269999236 | Val Runtime Millis 5799.563568085432

______________________________	 Running Epoch 4 of 10 	______________________________
[Training] Itteration/Batch:   0/363: Loss: 10.11 | Accuracy: 0.93
[Training] Itteration/Batch:  25/363: Loss: 2.39 | Accuracy: 0.96
[Training] Itteration/Batch:  50/363: Loss: 2.15 | Accuracy: 0.96
[Training] Itteration/Batch:  75/363: Loss: 2.70 | Accuracy: 0.98
[Training] Itteration/Batch: 100/363: Loss: 1.79 | Accuracy: 0.95
[Training] Itteration/Batch: 125/363: Loss: 1.54 | Accuracy: 1.00
[Training] Itteration/Batch: 150/363: Loss: 2.40 | Accuracy: 0.97
[Training] Itteration/Batch: 175/363: Loss: 2.27 | Accuracy: 0.98
[Training] Itteration/Batch: 200/363: Loss: 2.61 | Accuracy: 0.97
[Training] Itteration/Batch: 225/363: Loss: 4.31 | Accuracy: 0.95
[Training] Itteration/Batch: 250/363: Loss: 1.46 | Accuracy: 1.00
[Training] Itteration/Batch: 275/363: Loss: 1.55 | Accuracy: 0.98
[Training] Itteration/Batch: 300/363: Loss: 1.99 | Accuracy: 0.98
[Training] Itteration/Batch: 325/363: Loss: 3.89 | Accuracy: 0.92
[Training] Itteration/Batch: 350/363: Loss: 1.81 | Accuracy: 0.98

Epoch 4: Val Bin. F1 Majority 0.0 | Val Macro F1 Majority 0.498024756386621 |             Val Bin F1 Individual 0.0 | Val Macro F1 Individual 0.4936420433664094 |             Val Accuracy Majority 0.9921301007270813 | Val Accuracy Individual 0.974887490272522 | Training Loss:2.327331781387329 |             Val Loss 2.0131237506866455 | Train Runtime Millis 25312.873517163098 | Val Runtime Millis 5821.732716169208

______________________________	 Running Epoch 5 of 10 	______________________________
[Training] Itteration/Batch:   0/363: Loss: 1.55 | Accuracy: 1.00
[Training] Itteration/Batch:  25/363: Loss: 4.17 | Accuracy: 0.95
[Training] Itteration/Batch:  50/363: Loss: 5.19 | Accuracy: 0.93
[Training] Itteration/Batch:  75/363: Loss: 3.18 | Accuracy: 0.96
[Training] Itteration/Batch: 100/363: Loss: 1.70 | Accuracy: 0.98
[Training] Itteration/Batch: 125/363: Loss: 1.88 | Accuracy: 0.98
[Training] Itteration/Batch: 150/363: Loss: 1.45 | Accuracy: 1.00
[Training] Itteration/Batch: 175/363: Loss: 1.59 | Accuracy: 1.00
[Training] Itteration/Batch: 200/363: Loss: 3.15 | Accuracy: 0.94
[Training] Itteration/Batch: 225/363: Loss: 2.39 | Accuracy: 0.97
[Training] Itteration/Batch: 250/363: Loss: 3.35 | Accuracy: 0.95
[Training] Itteration/Batch: 275/363: Loss: 1.80 | Accuracy: 0.98
[Training] Itteration/Batch: 300/363: Loss: 1.40 | Accuracy: 1.00
[Training] Itteration/Batch: 325/363: Loss: 1.31 | Accuracy: 1.00
[Training] Itteration/Batch: 350/363: Loss: 1.46 | Accuracy: 1.00

Epoch 5: Val Bin. F1 Majority 0.0 | Val Macro F1 Majority 0.498024756386621 |             Val Bin F1 Individual 0.0 | Val Macro F1 Individual 0.4943853211009174 |             Val Accuracy Majority 0.9921301007270813 | Val Accuracy Individual 0.9777906537055969 | Training Loss:2.2688515186309814 |             Val Loss 1.9613622426986694 | Train Runtime Millis 25270.68069204688 | Val Runtime Millis 5815.082332585007

______________________________	 Running Epoch 6 of 10 	______________________________
[Training] Itteration/Batch:   0/363: Loss: 1.43 | Accuracy: 1.00
[Training] Itteration/Batch:  25/363: Loss: 1.88 | Accuracy: 0.98
[Training] Itteration/Batch:  50/363: Loss: 2.28 | Accuracy: 0.98
[Training] Itteration/Batch:  75/363: Loss: 2.04 | Accuracy: 0.98
[Training] Itteration/Batch: 100/363: Loss: 1.41 | Accuracy: 1.00
[Training] Itteration/Batch: 125/363: Loss: 2.50 | Accuracy: 0.94
[Training] Itteration/Batch: 150/363: Loss: 2.74 | Accuracy: 0.91
[Training] Itteration/Batch: 175/363: Loss: 1.35 | Accuracy: 1.00
[Training] Itteration/Batch: 200/363: Loss: 1.30 | Accuracy: 1.00
[Training] Itteration/Batch: 225/363: Loss: 1.33 | Accuracy: 1.00
[Training] Itteration/Batch: 250/363: Loss: 3.81 | Accuracy: 0.95
[Training] Itteration/Batch: 275/363: Loss: 1.41 | Accuracy: 1.00
[Training] Itteration/Batch: 300/363: Loss: 1.37 | Accuracy: 1.00
[Training] Itteration/Batch: 325/363: Loss: 2.26 | Accuracy: 0.96
[Training] Itteration/Batch: 350/363: Loss: 1.60 | Accuracy: 0.98

Epoch 6: Val Bin. F1 Majority 0.0 | Val Macro F1 Majority 0.498024756386621 |             Val Bin F1 Individual 0.0 | Val Macro F1 Individual 0.49449662459641913 |             Val Accuracy Majority 0.9921301007270813 | Val Accuracy Individual 0.9782261848449707 | Training Loss:2.225193738937378 |             Val Loss 1.9225757122039795 | Train Runtime Millis 25418.87792898342 | Val Runtime Millis 5827.834683004767

______________________________	 Running Epoch 7 of 10 	______________________________
[Training] Itteration/Batch:   0/363: Loss: 1.55 | Accuracy: 0.98
[Training] Itteration/Batch:  25/363: Loss: 2.76 | Accuracy: 0.94
[Training] Itteration/Batch:  50/363: Loss: 1.33 | Accuracy: 1.00
[Training] Itteration/Batch:  75/363: Loss: 2.34 | Accuracy: 0.96
[Training] Itteration/Batch: 100/363: Loss: 2.73 | Accuracy: 0.95
[Training] Itteration/Batch: 125/363: Loss: 1.25 | Accuracy: 1.00
[Training] Itteration/Batch: 150/363: Loss: 1.55 | Accuracy: 1.00
[Training] Itteration/Batch: 175/363: Loss: 1.27 | Accuracy: 1.00
[Training] Itteration/Batch: 200/363: Loss: 5.28 | Accuracy: 0.91
[Training] Itteration/Batch: 225/363: Loss: 4.55 | Accuracy: 0.95
[Training] Itteration/Batch: 250/363: Loss: 2.90 | Accuracy: 0.95
[Training] Itteration/Batch: 275/363: Loss: 2.19 | Accuracy: 0.96
[Training] Itteration/Batch: 300/363: Loss: 1.69 | Accuracy: 0.98
[Training] Itteration/Batch: 325/363: Loss: 2.01 | Accuracy: 0.97
[Training] Itteration/Batch: 350/363: Loss: 1.14 | Accuracy: 1.00

Epoch 7: Val Bin. F1 Majority 0.0 | Val Macro F1 Majority 0.498024756386621 |             Val Bin F1 Individual 0.0 | Val Macro F1 Individual 0.4946449530516432 |             Val Accuracy Majority 0.9921301007270813 | Val Accuracy Individual 0.9788067936897278 | Training Loss:2.185711622238159 |             Val Loss 1.8884366750717163 | Train Runtime Millis 25312.824815977365 | Val Runtime Millis 5813.110414892435

______________________________	 Running Epoch 8 of 10 	______________________________
[Training] Itteration/Batch:   0/363: Loss: 2.63 | Accuracy: 0.95
[Training] Itteration/Batch:  25/363: Loss: 2.01 | Accuracy: 0.95
[Training] Itteration/Batch:  50/363: Loss: 1.46 | Accuracy: 1.00
[Training] Itteration/Batch:  75/363: Loss: 1.45 | Accuracy: 0.98
[Training] Itteration/Batch: 100/363: Loss: 2.90 | Accuracy: 0.94
[Training] Itteration/Batch: 125/363: Loss: 3.51 | Accuracy: 0.95
[Training] Itteration/Batch: 150/363: Loss: 1.91 | Accuracy: 0.98
[Training] Itteration/Batch: 175/363: Loss: 13.12 | Accuracy: 0.93
[Training] Itteration/Batch: 200/363: Loss: 1.79 | Accuracy: 0.97
[Training] Itteration/Batch: 225/363: Loss: 5.97 | Accuracy: 0.90
[Training] Itteration/Batch: 250/363: Loss: 1.44 | Accuracy: 1.00
[Training] Itteration/Batch: 275/363: Loss: 1.15 | Accuracy: 1.00
[Training] Itteration/Batch: 300/363: Loss: 2.57 | Accuracy: 0.98
[Training] Itteration/Batch: 325/363: Loss: 1.40 | Accuracy: 1.00
[Training] Itteration/Batch: 350/363: Loss: 1.21 | Accuracy: 1.00

Epoch 8: Val Bin. F1 Majority 0.0 | Val Macro F1 Majority 0.498024756386621 |             Val Bin F1 Individual 0.0 | Val Macro F1 Individual 0.4946449530516432 |             Val Accuracy Majority 0.9921301007270813 | Val Accuracy Individual 0.9788067936897278 | Training Loss:2.1488194465637207 |             Val Loss 1.8921027183532715 | Train Runtime Millis 25481.369074899703 | Val Runtime Millis 5824.749385006726

______________________________	 Running Epoch 9 of 10 	______________________________
[Training] Itteration/Batch:   0/363: Loss: 3.11 | Accuracy: 0.94
[Training] Itteration/Batch:  25/363: Loss: 3.11 | Accuracy: 0.95
[Training] Itteration/Batch:  50/363: Loss: 1.15 | Accuracy: 1.00
[Training] Itteration/Batch:  75/363: Loss: 2.48 | Accuracy: 0.98
[Training] Itteration/Batch: 100/363: Loss: 2.01 | Accuracy: 0.98
[Training] Itteration/Batch: 125/363: Loss: 3.96 | Accuracy: 0.89
[Training] Itteration/Batch: 150/363: Loss: 1.48 | Accuracy: 0.96
[Training] Itteration/Batch: 175/363: Loss: 1.53 | Accuracy: 0.98
[Training] Itteration/Batch: 200/363: Loss: 2.38 | Accuracy: 0.97
[Training] Itteration/Batch: 225/363: Loss: 3.84 | Accuracy: 0.95
[Training] Itteration/Batch: 250/363: Loss: 1.12 | Accuracy: 1.00
[Training] Itteration/Batch: 275/363: Loss: 1.66 | Accuracy: 0.98
[Training] Itteration/Batch: 300/363: Loss: 2.35 | Accuracy: 0.96
[Training] Itteration/Batch: 325/363: Loss: 1.15 | Accuracy: 1.00
[Training] Itteration/Batch: 350/363: Loss: 1.84 | Accuracy: 0.98

Epoch 9: Val Bin. F1 Majority 0.0 | Val Macro F1 Majority 0.498024756386621 |             Val Bin F1 Individual 0.0 | Val Macro F1 Individual 0.4946449530516432 |             Val Accuracy Majority 0.9921301007270813 | Val Accuracy Individual 0.9788067936897278 | Training Loss:2.1172735691070557 |             Val Loss 1.8333653211593628 | Train Runtime Millis 25352.592898067087 | Val Runtime Millis 5809.706353582442

______________________________	 Running Epoch 10 of 10 	______________________________
[Training] Itteration/Batch:   0/363: Loss: 2.06 | Accuracy: 0.97
[Training] Itteration/Batch:  25/363: Loss: 1.13 | Accuracy: 1.00
[Training] Itteration/Batch:  50/363: Loss: 4.63 | Accuracy: 0.94
[Training] Itteration/Batch:  75/363: Loss: 1.33 | Accuracy: 1.00
[Training] Itteration/Batch: 100/363: Loss: 1.83 | Accuracy: 0.98
[Training] Itteration/Batch: 125/363: Loss: 1.80 | Accuracy: 0.98
[Training] Itteration/Batch: 150/363: Loss: 2.70 | Accuracy: 0.98
[Training] Itteration/Batch: 175/363: Loss: 1.21 | Accuracy: 1.00
[Training] Itteration/Batch: 200/363: Loss: 1.17 | Accuracy: 1.00
[Training] Itteration/Batch: 225/363: Loss: 3.38 | Accuracy: 0.97
[Training] Itteration/Batch: 250/363: Loss: 3.02 | Accuracy: 0.98
[Training] Itteration/Batch: 275/363: Loss: 1.08 | Accuracy: 1.00
[Training] Itteration/Batch: 300/363: Loss: 1.23 | Accuracy: 1.00
[Training] Itteration/Batch: 325/363: Loss: 1.33 | Accuracy: 1.00
[Training] Itteration/Batch: 350/363: Loss: 10.26 | Accuracy: 0.93

Epoch 10: Val Bin. F1 Majority 0.0 | Val Macro F1 Majority 0.498024756386621 |             Val Bin F1 Individual 0.0 | Val Macro F1 Individual 0.4946449530516432 |             Val Accuracy Majority 0.9921301007270813 | Val Accuracy Individual 0.9788067936897278 | Training Loss:2.0987322330474854 |             Val Loss 1.8133329153060913 | Train Runtime Millis 25475.036595016718 | Val Runtime Millis 5811.011734884232

______________________________	 Running Epoch 1 of 10 	______________________________
[Training] Itteration/Batch:   0/371: Loss: 1.90 | Accuracy: 0.60
[Training] Itteration/Batch:  25/371: Loss: 3.11 | Accuracy: 0.64
[Training] Itteration/Batch:  50/371: Loss: 1.83 | Accuracy: 0.74
[Training] Itteration/Batch:  75/371: Loss: 2.05 | Accuracy: 0.83
[Training] Itteration/Batch: 100/371: Loss: 2.92 | Accuracy: 0.88
[Training] Itteration/Batch: 125/371: Loss: 1.77 | Accuracy: 0.84
[Training] Itteration/Batch: 150/371: Loss: 1.85 | Accuracy: 0.84
[Training] Itteration/Batch: 175/371: Loss: 3.58 | Accuracy: 0.89
[Training] Itteration/Batch: 200/371: Loss: 4.76 | Accuracy: 0.84
[Training] Itteration/Batch: 225/371: Loss: 3.08 | Accuracy: 0.92
[Training] Itteration/Batch: 250/371: Loss: 1.80 | Accuracy: 0.95
[Training] Itteration/Batch: 275/371: Loss: 2.97 | Accuracy: 0.93
[Training] Itteration/Batch: 300/371: Loss: 1.85 | Accuracy: 0.97
[Training] Itteration/Batch: 325/371: Loss: 2.77 | Accuracy: 0.88
[Training] Itteration/Batch: 350/371: Loss: 2.62 | Accuracy: 0.93

Epoch 1: Val Bin. F1 Majority 0.0 | Val Macro F1 Majority 0.49600824105073393 |             Val Bin F1 Individual 0.04854368790984154 | Val Macro F1 Individual 0.5101263481243974 |             Val Accuracy Majority 0.9841594099998474 | Val Accuracy Individual 0.9450518488883972 | Training Loss:2.391934633255005 |             Val Loss 2.559584617614746 | Train Runtime Millis 26465.26876790449 | Val Runtime Millis 6180.486164987087

______________________________	 Running Epoch 2 of 10 	______________________________
[Training] Itteration/Batch:   0/371: Loss: 1.71 | Accuracy: 0.96
[Training] Itteration/Batch:  25/371: Loss: 3.23 | Accuracy: 0.91
[Training] Itteration/Batch:  50/371: Loss: 2.31 | Accuracy: 0.93
[Training] Itteration/Batch:  75/371: Loss: 2.83 | Accuracy: 0.93
[Training] Itteration/Batch: 100/371: Loss: 1.69 | Accuracy: 0.96
[Training] Itteration/Batch: 125/371: Loss: 2.11 | Accuracy: 0.96
[Training] Itteration/Batch: 150/371: Loss: 2.71 | Accuracy: 0.91
[Training] Itteration/Batch: 175/371: Loss: 3.05 | Accuracy: 0.96
[Training] Itteration/Batch: 200/371: Loss: 1.65 | Accuracy: 0.96
[Training] Itteration/Batch: 225/371: Loss: 3.57 | Accuracy: 0.92
[Training] Itteration/Batch: 250/371: Loss: 2.38 | Accuracy: 0.98
[Training] Itteration/Batch: 275/371: Loss: 2.14 | Accuracy: 0.95
[Training] Itteration/Batch: 300/371: Loss: 3.98 | Accuracy: 0.92
[Training] Itteration/Batch: 325/371: Loss: 2.54 | Accuracy: 0.97
[Training] Itteration/Batch: 350/371: Loss: 1.57 | Accuracy: 1.00

Epoch 2: Val Bin. F1 Majority 0.0 | Val Macro F1 Majority 0.49600824105073393 |             Val Bin F1 Individual 0.04095563292503357 | Val Macro F1 Individual 0.510424148436689 |             Val Accuracy Majority 0.9841594099998474 | Val Accuracy Individual 0.9606111645698547 | Training Loss:2.2799010276794434 |             Val Loss 2.48818302154541 | Train Runtime Millis 26653.874134179205 | Val Runtime Millis 6188.370679970831

______________________________	 Running Epoch 3 of 10 	______________________________
[Training] Itteration/Batch:   0/371: Loss: 2.33 | Accuracy: 0.96
[Training] Itteration/Batch:  25/371: Loss: 1.42 | Accuracy: 0.98
[Training] Itteration/Batch:  50/371: Loss: 2.76 | Accuracy: 0.95
[Training] Itteration/Batch:  75/371: Loss: 2.06 | Accuracy: 0.96
[Training] Itteration/Batch: 100/371: Loss: 1.64 | Accuracy: 0.98
[Training] Itteration/Batch: 125/371: Loss: 2.42 | Accuracy: 0.97
[Training] Itteration/Batch: 150/371: Loss: 1.56 | Accuracy: 1.00
[Training] Itteration/Batch: 175/371: Loss: 1.52 | Accuracy: 1.00
[Training] Itteration/Batch: 200/371: Loss: 1.72 | Accuracy: 0.98
[Training] Itteration/Batch: 225/371: Loss: 3.05 | Accuracy: 0.95
[Training] Itteration/Batch: 250/371: Loss: 1.65 | Accuracy: 0.98
[Training] Itteration/Batch: 275/371: Loss: 1.49 | Accuracy: 1.00
[Training] Itteration/Batch: 300/371: Loss: 2.65 | Accuracy: 0.96
[Training] Itteration/Batch: 325/371: Loss: 4.37 | Accuracy: 0.93
[Training] Itteration/Batch: 350/371: Loss: 2.25 | Accuracy: 0.93

Epoch 3: Val Bin. F1 Majority 0.0 | Val Macro F1 Majority 0.49600824105073393 |             Val Bin F1 Individual 0.028368793427944183 | Val Macro F1 Individual 0.5043888873676107 |             Val Accuracy Majority 0.9841594099998474 | Val Accuracy Individual 0.9615923762321472 | Training Loss:2.1833930015563965 |             Val Loss 2.429307222366333 | Train Runtime Millis 26379.610085859895 | Val Runtime Millis 6222.731681074947

______________________________	 Running Epoch 4 of 10 	______________________________
[Training] Itteration/Batch:   0/371: Loss: 1.60 | Accuracy: 0.98
[Training] Itteration/Batch:  25/371: Loss: 2.19 | Accuracy: 0.96
[Training] Itteration/Batch:  50/371: Loss: 1.66 | Accuracy: 0.96
[Training] Itteration/Batch:  75/371: Loss: 2.40 | Accuracy: 0.93
[Training] Itteration/Batch: 100/371: Loss: 1.44 | Accuracy: 1.00
[Training] Itteration/Batch: 125/371: Loss: 2.00 | Accuracy: 0.98
[Training] Itteration/Batch: 150/371: Loss: 3.09 | Accuracy: 0.94
[Training] Itteration/Batch: 175/371: Loss: 2.16 | Accuracy: 0.96
[Training] Itteration/Batch: 200/371: Loss: 2.54 | Accuracy: 0.96
[Training] Itteration/Batch: 225/371: Loss: 1.61 | Accuracy: 0.96
[Training] Itteration/Batch: 250/371: Loss: 1.74 | Accuracy: 0.98
[Training] Itteration/Batch: 275/371: Loss: 1.79 | Accuracy: 0.98
[Training] Itteration/Batch: 300/371: Loss: 1.65 | Accuracy: 0.98
[Training] Itteration/Batch: 325/371: Loss: 1.91 | Accuracy: 0.98
[Training] Itteration/Batch: 350/371: Loss: 1.49 | Accuracy: 1.00

Epoch 4: Val Bin. F1 Majority 0.0 | Val Macro F1 Majority 0.49600824105073393 |             Val Bin F1 Individual 0.029411764815449715 | Val Macro F1 Individual 0.5052746162769194 |             Val Accuracy Majority 0.9841594099998474 | Val Accuracy Individual 0.9629940986633301 | Training Loss:2.106785774230957 |             Val Loss 2.392265796661377 | Train Runtime Millis 26060.562008060515 | Val Runtime Millis 6102.409174665809

______________________________	 Running Epoch 5 of 10 	______________________________
[Training] Itteration/Batch:   0/371: Loss: 2.33 | Accuracy: 0.96
[Training] Itteration/Batch:  25/371: Loss: 2.50 | Accuracy: 0.97
[Training] Itteration/Batch:  50/371: Loss: 2.81 | Accuracy: 0.92
[Training] Itteration/Batch:  75/371: Loss: 2.37 | Accuracy: 0.97
[Training] Itteration/Batch: 100/371: Loss: 3.02 | Accuracy: 0.97
[Training] Itteration/Batch: 125/371: Loss: 2.01 | Accuracy: 0.98
[Training] Itteration/Batch: 150/371: Loss: 2.38 | Accuracy: 0.97
[Training] Itteration/Batch: 175/371: Loss: 2.24 | Accuracy: 0.95
[Training] Itteration/Batch: 200/371: Loss: 1.29 | Accuracy: 1.00
[Training] Itteration/Batch: 225/371: Loss: 1.21 | Accuracy: 1.00
[Training] Itteration/Batch: 250/371: Loss: 4.67 | Accuracy: 0.90
[Training] Itteration/Batch: 275/371: Loss: 1.26 | Accuracy: 1.00
[Training] Itteration/Batch: 300/371: Loss: 1.24 | Accuracy: 0.98
[Training] Itteration/Batch: 325/371: Loss: 1.91 | Accuracy: 0.97
[Training] Itteration/Batch: 350/371: Loss: 2.65 | Accuracy: 0.93

Epoch 5: Val Bin. F1 Majority 0.0 | Val Macro F1 Majority 0.49600824105073393 |             Val Bin F1 Individual 0.01550387591123581 | Val Macro F1 Individual 0.498686984379928 |             Val Accuracy Majority 0.9841594099998474 | Val Accuracy Individual 0.9643958210945129 | Training Loss:2.0403027534484863 |             Val Loss 2.370814561843872 | Train Runtime Millis 26187.25473387167 | Val Runtime Millis 6062.213227618486

______________________________	 Running Epoch 6 of 10 	______________________________
[Training] Itteration/Batch:   0/371: Loss: 1.52 | Accuracy: 0.98
[Training] Itteration/Batch:  25/371: Loss: 1.26 | Accuracy: 1.00
[Training] Itteration/Batch:  50/371: Loss: 2.47 | Accuracy: 0.96
[Training] Itteration/Batch:  75/371: Loss: 1.66 | Accuracy: 0.98
[Training] Itteration/Batch: 100/371: Loss: 1.47 | Accuracy: 0.98
[Training] Itteration/Batch: 125/371: Loss: 1.23 | Accuracy: 0.98
[Training] Itteration/Batch: 150/371: Loss: 1.34 | Accuracy: 1.00
[Training] Itteration/Batch: 175/371: Loss: 1.14 | Accuracy: 1.00
[Training] Itteration/Batch: 200/371: Loss: 1.73 | Accuracy: 0.95
[Training] Itteration/Batch: 225/371: Loss: 1.23 | Accuracy: 0.98
[Training] Itteration/Batch: 250/371: Loss: 4.25 | Accuracy: 0.92
[Training] Itteration/Batch: 275/371: Loss: 2.14 | Accuracy: 0.97
[Training] Itteration/Batch: 300/371: Loss: 2.25 | Accuracy: 0.97
[Training] Itteration/Batch: 325/371: Loss: 1.48 | Accuracy: 0.98
[Training] Itteration/Batch: 350/371: Loss: 1.31 | Accuracy: 0.98

Epoch 6: Val Bin. F1 Majority 0.0 | Val Macro F1 Majority 0.49600824105073393 |             Val Bin F1 Individual 0.01587301678955555 | Val Macro F1 Individual 0.49908947597303766 |             Val Accuracy Majority 0.9841594099998474 | Val Accuracy Individual 0.9652369022369385 | Training Loss:1.9889487028121948 |             Val Loss 2.3617429733276367 | Train Runtime Millis 25979.528358671814 | Val Runtime Millis 6071.65645621717

______________________________	 Running Epoch 7 of 10 	______________________________
[Training] Itteration/Batch:   0/371: Loss: 2.24 | Accuracy: 0.96
[Training] Itteration/Batch:  25/371: Loss: 1.66 | Accuracy: 0.97
[Training] Itteration/Batch:  50/371: Loss: 1.35 | Accuracy: 1.00
[Training] Itteration/Batch:  75/371: Loss: 1.91 | Accuracy: 0.96
[Training] Itteration/Batch: 100/371: Loss: 1.19 | Accuracy: 0.98
[Training] Itteration/Batch: 125/371: Loss: 0.98 | Accuracy: 1.00
[Training] Itteration/Batch: 150/371: Loss: 3.05 | Accuracy: 0.94
[Training] Itteration/Batch: 175/371: Loss: 1.92 | Accuracy: 0.97
[Training] Itteration/Batch: 200/371: Loss: 1.27 | Accuracy: 1.00
[Training] Itteration/Batch: 225/371: Loss: 1.12 | Accuracy: 1.00
[Training] Itteration/Batch: 250/371: Loss: 2.44 | Accuracy: 0.95
[Training] Itteration/Batch: 275/371: Loss: 1.04 | Accuracy: 1.00
[Training] Itteration/Batch: 300/371: Loss: 1.92 | Accuracy: 0.97
[Training] Itteration/Batch: 325/371: Loss: 1.21 | Accuracy: 0.98
[Training] Itteration/Batch: 350/371: Loss: 1.85 | Accuracy: 0.96

Epoch 7: Val Bin. F1 Majority 0.0 | Val Macro F1 Majority 0.49600824105073393 |             Val Bin F1 Individual 0.009049774147570133 | Val Macro F1 Individual 0.4967296281037126 |             Val Accuracy Majority 0.9841594099998474 | Val Accuracy Individual 0.9693019390106201 | Training Loss:1.9483264684677124 |             Val Loss 2.330965042114258 | Train Runtime Millis 26054.39822981134 | Val Runtime Millis 6069.6295676752925

______________________________	 Running Epoch 8 of 10 	______________________________
[Training] Itteration/Batch:   0/371: Loss: 1.09 | Accuracy: 1.00
[Training] Itteration/Batch:  25/371: Loss: 0.98 | Accuracy: 0.98
[Training] Itteration/Batch:  50/371: Loss: 1.03 | Accuracy: 1.00
[Training] Itteration/Batch:  75/371: Loss: 1.11 | Accuracy: 1.00
[Training] Itteration/Batch: 100/371: Loss: 3.92 | Accuracy: 0.93
[Training] Itteration/Batch: 125/371: Loss: 1.84 | Accuracy: 0.95
[Training] Itteration/Batch: 150/371: Loss: 1.28 | Accuracy: 1.00
[Training] Itteration/Batch: 175/371: Loss: 2.45 | Accuracy: 0.95
[Training] Itteration/Batch: 200/371: Loss: 2.34 | Accuracy: 0.94
[Training] Itteration/Batch: 225/371: Loss: 1.12 | Accuracy: 1.00
[Training] Itteration/Batch: 250/371: Loss: 2.73 | Accuracy: 0.97
[Training] Itteration/Batch: 275/371: Loss: 1.89 | Accuracy: 0.98
[Training] Itteration/Batch: 300/371: Loss: 2.91 | Accuracy: 0.93
[Training] Itteration/Batch: 325/371: Loss: 3.67 | Accuracy: 0.95
[Training] Itteration/Batch: 350/371: Loss: 1.41 | Accuracy: 0.98

Epoch 8: Val Bin. F1 Majority 0.0 | Val Macro F1 Majority 0.49600824105073393 |             Val Bin F1 Individual 0.009049774147570133 | Val Macro F1 Individual 0.4967296281037126 |             Val Accuracy Majority 0.9841594099998474 | Val Accuracy Individual 0.9693019390106201 | Training Loss:1.9148558378219604 |             Val Loss 2.322524070739746 | Train Runtime Millis 25798.955857753754 | Val Runtime Millis 5998.543122317642

______________________________	 Running Epoch 9 of 10 	______________________________
[Training] Itteration/Batch:   0/371: Loss: 2.49 | Accuracy: 0.90
[Training] Itteration/Batch:  25/371: Loss: 2.90 | Accuracy: 0.95
[Training] Itteration/Batch:  50/371: Loss: 1.21 | Accuracy: 1.00
[Training] Itteration/Batch:  75/371: Loss: 1.30 | Accuracy: 0.98
[Training] Itteration/Batch: 100/371: Loss: 0.95 | Accuracy: 1.00
[Training] Itteration/Batch: 125/371: Loss: 1.75 | Accuracy: 0.98
[Training] Itteration/Batch: 150/371: Loss: 3.02 | Accuracy: 0.97
[Training] Itteration/Batch: 175/371: Loss: 4.55 | Accuracy: 0.95
[Training] Itteration/Batch: 200/371: Loss: 1.61 | Accuracy: 0.96
[Training] Itteration/Batch: 225/371: Loss: 2.07 | Accuracy: 0.97
[Training] Itteration/Batch: 250/371: Loss: 1.09 | Accuracy: 0.98
[Training] Itteration/Batch: 275/371: Loss: 2.01 | Accuracy: 0.96
[Training] Itteration/Batch: 300/371: Loss: 1.07 | Accuracy: 1.00
[Training] Itteration/Batch: 325/371: Loss: 1.69 | Accuracy: 0.96
[Training] Itteration/Batch: 350/371: Loss: 0.94 | Accuracy: 1.00

Epoch 9: Val Bin. F1 Majority 0.0 | Val Macro F1 Majority 0.49600824105073393 |             Val Bin F1 Individual 0.009049774147570133 | Val Macro F1 Individual 0.4967296281037126 |             Val Accuracy Majority 0.9841594099998474 | Val Accuracy Individual 0.9693019390106201 | Training Loss:1.8845025300979614 |             Val Loss 2.318665027618408 | Train Runtime Millis 25950.212864670902 | Val Runtime Millis 6054.012462031096

______________________________	 Running Epoch 10 of 10 	______________________________
[Training] Itteration/Batch:   0/371: Loss: 1.35 | Accuracy: 0.98
[Training] Itteration/Batch:  25/371: Loss: 1.01 | Accuracy: 1.00
[Training] Itteration/Batch:  50/371: Loss: 1.01 | Accuracy: 1.00
[Training] Itteration/Batch:  75/371: Loss: 2.58 | Accuracy: 0.96
[Training] Itteration/Batch: 100/371: Loss: 2.76 | Accuracy: 0.97
[Training] Itteration/Batch: 125/371: Loss: 0.92 | Accuracy: 0.98
[Training] Itteration/Batch: 150/371: Loss: 1.57 | Accuracy: 0.98
[Training] Itteration/Batch: 175/371: Loss: 1.06 | Accuracy: 1.00
[Training] Itteration/Batch: 200/371: Loss: 1.17 | Accuracy: 1.00
[Training] Itteration/Batch: 225/371: Loss: 1.55 | Accuracy: 0.98
[Training] Itteration/Batch: 250/371: Loss: 2.68 | Accuracy: 0.97
[Training] Itteration/Batch: 275/371: Loss: 2.41 | Accuracy: 0.96
[Training] Itteration/Batch: 300/371: Loss: 0.93 | Accuracy: 1.00
[Training] Itteration/Batch: 325/371: Loss: 2.70 | Accuracy: 0.95
[Training] Itteration/Batch: 350/371: Loss: 1.14 | Accuracy: 1.00

Epoch 10: Val Bin. F1 Majority 0.0 | Val Macro F1 Majority 0.49600824105073393 |             Val Bin F1 Individual 0.009049774147570133 | Val Macro F1 Individual 0.4967296281037126 |             Val Accuracy Majority 0.9841594099998474 | Val Accuracy Individual 0.9693019390106201 | Training Loss:1.863763451576233 |             Val Loss 2.3183295726776123 | Train Runtime Millis 25814.177601132542 | Val Runtime Millis 6024.575585033745

