Device cuda
Split type sit
Training Size: 126515, NTA labels 121729, YTA labels 4786
Validation Size: 42271, NTA labels 40611, YTA labels 1660
Test Size: 42310, NTA labels 40679, YTA labels 1631
Training with SBERT, model name is sbert
Tokenizing the dataset
Number of training steps 39540
Epoch 0 **** Loss 0.16439755260944366 **** Metrics validation: {'accuracy': 0.948309715880864, 'f1_weighted': 0.9510486655989371, 'macro': 0.6939767849515468, 'micro': 0.948309715880864, 'binary': 0.41499330655957156, 'accuracy_majority': 0.961127391828995, 'macro_majority': 0.7243061751968385, 'binary_majority': 0.4687868080094228, 'run_time_millis': 17331.39691397082, 'loss_mean': 0.06442860513925552}
Epoch 1 **** Loss 0.20878256857395172 **** Metrics validation: {'accuracy': 0.9557616332710369, 'f1_weighted': 0.9550335708043013, 'macro': 0.6972266513331841, 'micro': 0.9557616332710369, 'binary': 0.4174454828660436, 'accuracy_majority': 0.9681089467333218, 'macro_majority': 0.7297373867919514, 'binary_majority': 0.4759206798866855, 'run_time_millis': 17373.076908988878, 'loss_mean': 0.06246211379766464}
Epoch 2 **** Loss 0.07028909772634506 **** Metrics validation: {'accuracy': 0.9460386553429064, 'f1_weighted': 0.949829313617068, 'macro': 0.6930468259007906, 'micro': 0.9460386553429065, 'binary': 0.41437740693196407, 'accuracy_majority': 0.9569039820720565, 'macro_majority': 0.716451040415967, 'binary_majority': 0.4553376906318083, 'run_time_millis': 17338.397745974362, 'loss_mean': 0.06741131097078323}
Epoch 3 **** Loss 0.07689350843429565 **** Metrics validation: {'accuracy': 0.9473397837761113, 'f1_weighted': 0.9504171415884534, 'macro': 0.6920848912683404, 'micro': 0.9473397837761113, 'binary': 0.4117336152219873, 'accuracy_majority': 0.9584554387174625, 'macro_majority': 0.7128321641549461, 'binary_majority': 0.44724770642201833, 'run_time_millis': 17330.75634704437, 'loss_mean': 0.07346109300851822}
Epoch 4 **** Loss 0.044376078993082047 **** Metrics validation: {'accuracy': 0.945399919566606, 'f1_weighted': 0.9492410793633995, 'macro': 0.6894893167854381, 'micro': 0.945399919566606, 'binary': 0.40759753593429154, 'accuracy_majority': 0.9568177900362007, 'macro_majority': 0.7119707322801929, 'binary_majority': 0.4464088397790055, 'run_time_millis': 17340.208635025192, 'loss_mean': 0.08906824141740799}
Epoch 5 **** Loss 0.07326465100049973 **** Metrics validation: {'accuracy': 0.9427976627001964, 'f1_weighted': 0.9477692924049561, 'macro': 0.6874871033860088, 'micro': 0.9427976627001964, 'binary': 0.40501968503937, 'accuracy_majority': 0.9538872608171005, 'macro_majority': 0.701279325321434, 'binary_majority': 0.4265809217577706, 'run_time_millis': 17321.56643900089, 'loss_mean': 0.09692206978797913}
Epoch 6 **** Loss 0.02400519698858261 **** Metrics validation: {'accuracy': 0.9449504388351352, 'f1_weighted': 0.9488061760863316, 'macro': 0.6867035204644424, 'micro': 0.9449504388351352, 'binary': 0.40226046750577965, 'accuracy_majority': 0.9556111015342182, 'macro_majority': 0.7032928567232484, 'binary_majority': 0.42967884828349945, 'run_time_millis': 17327.69195898436, 'loss_mean': 0.110325388610363}
Epoch 7 **** Loss 0.029607295989990234 **** Metrics validation: {'accuracy': 0.9420406425208772, 'f1_weighted': 0.9471975379807387, 'macro': 0.684970077070731, 'micro': 0.9420406425208772, 'binary': 0.40039158100832106, 'accuracy_majority': 0.953456300637821, 'macro_majority': 0.7006387565844298, 'binary_majority': 0.425531914893617, 'run_time_millis': 17327.283864025958, 'loss_mean': 0.11404282599687576}
Epoch 8 **** Loss 0.013691079802811146 **** Metrics validation: {'accuracy': 0.9476946369851671, 'f1_weighted': 0.9504307256256791, 'macro': 0.6898600932623979, 'micro': 0.9476946369851671, 'binary': 0.4070796460176991, 'accuracy_majority': 0.958886398896742, 'macro_majority': 0.7064159590262724, 'binary_majority': 0.4341637010676157, 'run_time_millis': 17329.4804499601, 'loss_mean': 0.13029135763645172}
Epoch 9 **** Loss 0.03587304428219795 **** Metrics validation: {'accuracy': 0.9456364883726431, 'f1_weighted': 0.9492914406226468, 'macro': 0.6885514313004927, 'micro': 0.9456364883726431, 'binary': 0.4055871702017589, 'accuracy_majority': 0.9570763661437683, 'macro_majority': 0.7039520567809054, 'binary_majority': 0.4302059496567505, 'run_time_millis': 17330.549143021926, 'loss_mean': 0.13158030807971954}
Evaluating
{'accuracy': 0.9557616332710369, 'f1_weighted': 0.9550335708043013, 'macro': 0.6972266513331841, 'micro': 0.9557616332710369, 'binary': 0.4174454828660436, 'accuracy_majority': 0.9681089467333218, 'macro_majority': 0.7297373867919514, 'binary_majority': 0.4759206798866855, 'run_time_millis': 17315.92207204085, 'loss_mean': 0.06246211379766464}
