Device cuda
Split type sit
Training Size: 32131, NTA labels 21146, YTA labels 10985
Validation Size: 10708, NTA labels 7031, YTA labels 3677
Test Size: 10709, NTA labels 7102, YTA labels 3607
Training with SBERT, model name is sbert
Tokenizing the dataset
Number of training steps 10050
Epoch 0 **** Loss 0.1787741631269455 **** Metrics validation: {'accuracy': 0.7869816959282779, 'f1_weighted': 0.7821717798122985, 'macro': 0.7539187874252666, 'micro': 0.7869816959282778, 'binary': 0.663718118826478, 'accuracy_majority': 0.8354253835425384, 'macro_majority': 0.8011533021774964, 'binary_majority': 0.7186009538950715, 'run_time_millis': 8791.92378994776, 'loss_mean': 0.23500363528728485}
Epoch 1 **** Loss 0.10596928745508194 **** Metrics validation: {'accuracy': 0.7967874486365334, 'f1_weighted': 0.7908959021348547, 'macro': 0.7627474021823899, 'micro': 0.7967874486365334, 'binary': 0.6728803367408298, 'accuracy_majority': 0.8447233844723384, 'macro_majority': 0.8075851363338347, 'binary_majority': 0.7230514096185738, 'run_time_millis': 8799.97837904375, 'loss_mean': 0.2336365133523941}
Epoch 2 **** Loss 0.1233844980597496 **** Metrics validation: {'accuracy': 0.7985618229361225, 'f1_weighted': 0.7944252506935748, 'macro': 0.7680987548652922, 'micro': 0.7985618229361225, 'binary': 0.6840486304379668, 'accuracy_majority': 0.8428637842863784, 'macro_majority': 0.8042848344018589, 'binary_majority': 0.717391304347826, 'run_time_millis': 8803.635127958842, 'loss_mean': 0.23378606140613556}
Epoch 3 **** Loss 0.10241132974624634 **** Metrics validation: {'accuracy': 0.7999626447515876, 'f1_weighted': 0.7991920912942602, 'macro': 0.7765215974707855, 'micro': 0.7999626447515876, 'binary': 0.7041436464088398, 'accuracy_majority': 0.8391445839144583, 'macro_majority': 0.8123354695811623, 'binary_majority': 0.7414050822122571, 'run_time_millis': 8776.439670007676, 'loss_mean': 0.24214962124824524}
Epoch 4 **** Loss 0.16592548787593842 **** Metrics validation: {'accuracy': 0.7814717967874486, 'f1_weighted': 0.7858730420872501, 'macro': 0.7692118945302138, 'micro': 0.7814717967874486, 'binary': 0.7160194174757282, 'accuracy_majority': 0.801487680148768, 'macro_majority': 0.7855731596708693, 'binary_majority': 0.7271565495207668, 'run_time_millis': 8848.826099012513, 'loss_mean': 0.25027433037757874}
Epoch 5 **** Loss 0.03460961952805519 **** Metrics validation: {'accuracy': 0.7857676503548748, 'f1_weighted': 0.7895101207591227, 'macro': 0.77188056214136, 'micro': 0.7857676503548748, 'binary': 0.7155963302752294, 'accuracy_majority': 0.8089260808926081, 'macro_majority': 0.7906212365047054, 'binary_majority': 0.7287128712871287, 'run_time_millis': 8210.42367600603, 'loss_mean': 0.274899423122406}
Epoch 6 **** Loss 0.0021319177467375994 **** Metrics validation: {'accuracy': 0.7913709376167352, 'f1_weighted': 0.79454995971602, 'macro': 0.7764780273075423, 'micro': 0.7913709376167352, 'binary': 0.7187814702920443, 'accuracy_majority': 0.8196187819618782, 'macro_majority': 0.7991283402072575, 'binary_majority': 0.7349726775956285, 'run_time_millis': 8830.828636011574, 'loss_mean': 0.3065018355846405}
Epoch 7 **** Loss 0.0001564353733556345 **** Metrics validation: {'accuracy': 0.7938924168845722, 'f1_weighted': 0.7962443237935637, 'macro': 0.7770513900398976, 'micro': 0.7938924168845722, 'binary': 0.7157759175788795, 'accuracy_majority': 0.8312412831241283, 'macro_majority': 0.8090008793934509, 'binary_majority': 0.7438249823570925, 'run_time_millis': 8851.566847006325, 'loss_mean': 0.3517894446849823}
Epoch 8 **** Loss 0.016829049214720726 **** Metrics validation: {'accuracy': 0.7958535674262234, 'f1_weighted': 0.797502324533045, 'macro': 0.7774663414305811, 'micro': 0.7958535674262233, 'binary': 0.7134993446920053, 'accuracy_majority': 0.8349604834960483, 'macro_majority': 0.8105582565519596, 'binary_majority': 0.7425670775924583, 'run_time_millis': 8848.155430983752, 'loss_mean': 0.38054224848747253}
Epoch 9 **** Loss 0.25845977663993835 **** Metrics validation: {'accuracy': 0.7972543892416885, 'f1_weighted': 0.7989077276916343, 'macro': 0.7790321106266938, 'micro': 0.7972543892416885, 'binary': 0.7155770994366566, 'accuracy_majority': 0.8349604834960483, 'macro_majority': 0.8118404695579537, 'binary_majority': 0.74588403722262, 'run_time_millis': 7831.881730991881, 'loss_mean': 0.40523016452789307}
Evaluating
{'accuracy': 0.7999626447515876, 'f1_weighted': 0.7991920912942602, 'macro': 0.7765215974707855, 'micro': 0.7999626447515876, 'binary': 0.7041436464088398, 'accuracy_majority': 0.8391445839144583, 'macro_majority': 0.8123354695811623, 'binary_majority': 0.7414050822122571, 'run_time_millis': 8853.44590304885, 'loss_mean': 0.24214962124824524}
