Device cuda
Split type sit
Training Size: 18480, NTA labels 17765, YTA labels 715
Validation Size: 6109, NTA labels 5887, YTA labels 222
Test Size: 5908, NTA labels 5661, YTA labels 247
Training with SBERT, model name is sbert
Tokenizing the dataset
Number of training steps 5780
Epoch 0 **** Loss 0.0715755745768547 **** Metrics validation: {'accuracy': 0.9050581109837944, 'f1_weighted': 0.9255783390087797, 'macro': 0.6259724324068695, 'micro': 0.9050581109837944, 'binary': 0.3028846153846154, 'accuracy_majority': 0.9129682997118156, 'macro_majority': 0.6190134792604948, 'binary_majority': 0.2843601895734597, 'run_time_millis': 4248.256603999835, 'loss_mean': 0.04740368574857712}
Epoch 1 **** Loss 0.11734172701835632 **** Metrics validation: {'accuracy': 0.8947454575216893, 'f1_weighted': 0.9200916404703727, 'macro': 0.6276555378139751, 'micro': 0.8947454575216893, 'binary': 0.3122994652406417, 'accuracy_majority': 0.9031700288184438, 'macro_majority': 0.6210687245195108, 'binary_majority': 0.29411764705882354, 'run_time_millis': 4244.645090999256, 'loss_mean': 0.0458194725215435}
Epoch 2 **** Loss 0.010909385979175568 **** Metrics validation: {'accuracy': 0.9243738746112293, 'f1_weighted': 0.9376664340994332, 'macro': 0.6545748946232137, 'micro': 0.9243738746112293, 'binary': 0.3492957746478873, 'accuracy_majority': 0.9331412103746398, 'macro_majority': 0.6601485984464708, 'binary_majority': 0.35555555555555557, 'run_time_millis': 4243.729361998703, 'loss_mean': 0.050101105123758316}
Epoch 3 **** Loss 0.01053532399237156 **** Metrics validation: {'accuracy': 0.9206089376330004, 'f1_weighted': 0.9353191709356626, 'macro': 0.6489498525178599, 'micro': 0.9206089376330004, 'binary': 0.34013605442176864, 'accuracy_majority': 0.9296829971181556, 'macro_majority': 0.6534681021046979, 'binary_majority': 0.34408602150537637, 'run_time_millis': 4242.098022999926, 'loss_mean': 0.053121600300073624}
Epoch 4 **** Loss 0.0217239148914814 **** Metrics validation: {'accuracy': 0.9034211818628254, 'f1_weighted': 0.9249122476561986, 'macro': 0.6294100929973169, 'micro': 0.9034211818628254, 'binary': 0.3107476635514018, 'accuracy_majority': 0.9135446685878963, 'macro_majority': 0.6329005721249874, 'binary_majority': 0.3119266055045872, 'run_time_millis': 4251.85548599984, 'loss_mean': 0.05685441941022873}
Epoch 5 **** Loss 0.031315576285123825 **** Metrics validation: {'accuracy': 0.9335406776886561, 'f1_weighted': 0.9430214105372202, 'macro': 0.6632904126876557, 'micro': 0.9335406776886561, 'binary': 0.36163522012578614, 'accuracy_majority': 0.9435158501440922, 'macro_majority': 0.6789463746223564, 'binary_majority': 0.3875, 'run_time_millis': 3405.2483579998807, 'loss_mean': 0.06643989682197571}
Epoch 6 **** Loss 0.03386600315570831 **** Metrics validation: {'accuracy': 0.930266819446718, 'f1_weighted': 0.9406959511527393, 'macro': 0.6538948292371529, 'micro': 0.930266819446718, 'binary': 0.34461538461538455, 'accuracy_majority': 0.9417867435158501, 'macro_majority': 0.6749134110392345, 'binary_majority': 0.3803680981595093, 'run_time_millis': 4255.3627060005965, 'loss_mean': 0.0710543692111969}
Epoch 7 **** Loss 0.0070742592215538025 **** Metrics validation: {'accuracy': 0.9335406776886561, 'f1_weighted': 0.9425400512489727, 'macro': 0.6561274039501369, 'micro': 0.9335406776886561, 'binary': 0.34726688102893893, 'accuracy_majority': 0.945821325648415, 'macro_majority': 0.6806314915482587, 'binary_majority': 0.38961038961038963, 'run_time_millis': 4246.820656999262, 'loss_mean': 0.07632684707641602}
Epoch 8 **** Loss 0.030354011803865433 **** Metrics validation: {'accuracy': 0.9323948273039777, 'f1_weighted': 0.9418668601367439, 'macro': 0.6549199831441241, 'micro': 0.9323948273039777, 'binary': 0.3454833597464342, 'accuracy_majority': 0.9446685878962536, 'macro_majority': 0.6817097780223813, 'binary_majority': 0.3924050632911392, 'run_time_millis': 4245.778995000364, 'loss_mean': 0.07774723321199417}
Epoch 9 **** Loss 0.020771807059645653 **** Metrics validation: {'accuracy': 0.9394336225241448, 'f1_weighted': 0.9460301613353329, 'macro': 0.6629287040218366, 'micro': 0.9394336225241448, 'binary': 0.35763888888888884, 'accuracy_majority': 0.9510086455331412, 'macro_majority': 0.6900229316820841, 'binary_majority': 0.40559440559440557, 'run_time_millis': 3227.0106989999476, 'loss_mean': 0.08189254254102707}
Evaluating
{'accuracy': 0.9394336225241448, 'f1_weighted': 0.9460301613353329, 'macro': 0.6629287040218366, 'micro': 0.9394336225241448, 'binary': 0.35763888888888884, 'accuracy_majority': 0.9510086455331412, 'macro_majority': 0.6900229316820841, 'binary_majority': 0.40559440559440557, 'run_time_millis': 4250.746102999983, 'loss_mean': 0.08189254254102707}
