Device cuda
Split type sit
Training Size: 12834, NTA labels 9016, YTA labels 3818
Validation Size: 3929, NTA labels 2886, YTA labels 1043
Test Size: 4797, NTA labels 3435, YTA labels 1362
Training with SBERT, model name is sbert
Tokenizing the dataset
Number of training steps 4020
Epoch 0 **** Loss 0.22803711891174316 **** Metrics validation: {'accuracy': 0.7353016034614406, 'f1_weighted': 0.6498113984684827, 'macro': 0.47780435938330673, 'micro': 0.7353016034614407, 'binary': 0.11111111111111109, 'accuracy_majority': 0.7218934911242604, 'macro_majority': 0.4741476332340284, 'binary_majority': 0.1132075471698113, 'run_time_millis': 16436.48212600965, 'loss_mean': 0.2961377501487732}
Epoch 1 **** Loss 0.4675208628177643 **** Metrics validation: {'accuracy': 0.4527869686943243, 'f1_weighted': 0.46040715081462336, 'macro': 0.4522325316948846, 'micro': 0.4527869686943243, 'binary': 0.43480546792849634, 'accuracy_majority': 0.46992110453648916, 'macro_majority': 0.4691155066439095, 'binary_majority': 0.4484350949204721, 'run_time_millis': 14394.905305991415, 'loss_mean': 0.5122695565223694}
Epoch 2 **** Loss 0.25077182054519653 **** Metrics validation: {'accuracy': 0.7192669890557394, 'f1_weighted': 0.6665586509590382, 'macro': 0.5230705163767337, 'micro': 0.7192669890557395, 'binary': 0.21717530163236337, 'accuracy_majority': 0.7204142011834319, 'macro_majority': 0.5404949522922384, 'binary_majority': 0.25296442687747034, 'run_time_millis': 14375.652975984849, 'loss_mean': 0.33584272861480713}
Epoch 3 **** Loss 0.44172778725624084 **** Metrics validation: {'accuracy': 0.7004326800712649, 'f1_weighted': 0.6914887694659864, 'macro': 0.593952513575283, 'micro': 0.7004326800712649, 'binary': 0.38601982263954093, 'accuracy_majority': 0.7021696252465484, 'macro_majority': 0.6099736737196984, 'binary_majority': 0.42034548944337813, 'run_time_millis': 14379.460470983759, 'loss_mean': 0.4629528522491455}
Epoch 4 **** Loss 0.03344335779547691 **** Metrics validation: {'accuracy': 0.5940442860778824, 'f1_weighted': 0.6151414144967592, 'macro': 0.545335296586544, 'micro': 0.5940442860778824, 'binary': 0.3965191070752932, 'accuracy_majority': 0.6168639053254438, 'macro_majority': 0.5746330844713525, 'binary_majority': 0.44060475161987045, 'run_time_millis': 14406.254553003237, 'loss_mean': 0.6725996136665344}
Epoch 5 **** Loss 0.06204220652580261 **** Metrics validation: {'accuracy': 0.6446933061847798, 'f1_weighted': 0.6546751458845108, 'macro': 0.5718078910799882, 'micro': 0.6446933061847798, 'binary': 0.3951473136915078, 'accuracy_majority': 0.6499013806706114, 'macro_majority': 0.5891203703703703, 'binary_majority': 0.4310897435897435, 'run_time_millis': 16408.27618102776, 'loss_mean': 0.5305021405220032}
Epoch 6 **** Loss 0.03228158876299858 **** Metrics validation: {'accuracy': 0.6678544158819038, 'f1_weighted': 0.6694857909325167, 'macro': 0.5783759661361733, 'micro': 0.6678544158819038, 'binary': 0.38414346389806514, 'accuracy_majority': 0.6691321499013807, 'macro_majority': 0.5967919670580161, 'binary_majority': 0.4260051325919589, 'run_time_millis': 14398.543006042019, 'loss_mean': 0.7722620964050293}
Epoch 7 **** Loss 0.01691591739654541 **** Metrics validation: {'accuracy': 0.6406210231611097, 'f1_weighted': 0.6554370802290332, 'macro': 0.5820338727661754, 'micro': 0.6406210231611097, 'binary': 0.42554922701383235, 'accuracy_majority': 0.6444773175542406, 'macro_majority': 0.5980861244019139, 'binary_majority': 0.4615384615384615, 'run_time_millis': 14399.202035041526, 'loss_mean': 0.9009926915168762}
Epoch 8 **** Loss 0.011512940749526024 **** Metrics validation: {'accuracy': 0.6737083227284296, 'f1_weighted': 0.6745936947161733, 'macro': 0.5839414406377577, 'micro': 0.6737083227284296, 'binary': 0.39068441064638787, 'accuracy_majority': 0.6775147928994083, 'macro_majority': 0.6055962422104253, 'binary_majority': 0.43717728055077454, 'run_time_millis': 16436.720172991045, 'loss_mean': 1.016361117362976}
Epoch 9 **** Loss 0.03247762471437454 **** Metrics validation: {'accuracy': 0.6645456859251718, 'f1_weighted': 0.6702742263423886, 'macro': 0.5851314844961737, 'micro': 0.6645456859251718, 'binary': 0.40361990950226245, 'accuracy_majority': 0.6735700197238659, 'macro_majority': 0.6101426970142233, 'binary_majority': 0.4528925619834711, 'run_time_millis': 16438.82041395409, 'loss_mean': 1.0497844219207764}
Evaluating
{'accuracy': 0.7004326800712649, 'f1_weighted': 0.6914887694659864, 'macro': 0.593952513575283, 'micro': 0.7004326800712649, 'binary': 0.38601982263954093, 'accuracy_majority': 0.7021696252465484, 'macro_majority': 0.6099736737196984, 'binary_majority': 0.42034548944337813, 'run_time_millis': 16437.72169802105, 'loss_mean': 0.4629528522491455}
