Device cuda
Split type sit
Training Size: 28599, NTA labels 20352, YTA labels 8247
Validation Size: 9496, NTA labels 6632, YTA labels 2864
Test Size: 10211, NTA labels 7033, YTA labels 3178
Training with SBERT, model name is sbert
Tokenizing the dataset
Number of training steps 8940
Epoch 0 **** Loss 0.21741825342178345 **** Metrics validation: {'accuracy': 0.6983993260320135, 'f1_weighted': 0.574378017143392, 'macro': 0.41121031746031744, 'micro': 0.6983993260320135, 'binary': 0.0, 'accuracy_majority': 0.696969696969697, 'macro_majority': 0.41071428571428575, 'binary_majority': 0.0, 'run_time_millis': 33986.020168988034, 'loss_mean': 0.36953455209732056}
Epoch 1 **** Loss 0.23801447451114655 **** Metrics validation: {'accuracy': 0.6983993260320135, 'f1_weighted': 0.5745731036302743, 'macro': 0.41154822382253364, 'micro': 0.6983993260320135, 'binary': 0.0006978367062107467, 'accuracy_majority': 0.696969696969697, 'macro_majority': 0.4118244070606409, 'binary_majority': 0.0022935779816513763, 'run_time_millis': 34021.97324601002, 'loss_mean': 0.5292186737060547}
Epoch 2 **** Loss 0.21251079440116882 **** Metrics validation: {'accuracy': 0.5448609941027801, 'f1_weighted': 0.5422280572357613, 'macro': 0.4536485383524857, 'micro': 0.5448609941027801, 'binary': 0.23041310541310542, 'accuracy_majority': 0.5353535353535354, 'macro_majority': 0.454553766540352, 'binary_majority': 0.2446206115515289, 'run_time_millis': 36057.15385405347, 'loss_mean': 0.6453629732131958}
Epoch 3 **** Loss 0.09413806349039078 **** Metrics validation: {'accuracy': 0.5380160067396799, 'f1_weighted': 0.5350693171391876, 'macro': 0.44479999669483766, 'micro': 0.5380160067396799, 'binary': 0.21730597680642286, 'accuracy_majority': 0.5207244862417276, 'macro_majority': 0.4412115163304173, 'binary_majority': 0.23042505592841167, 'run_time_millis': 36088.64103700034, 'loss_mean': 0.8264833688735962}
Epoch 4 **** Loss 0.11629729717969894 **** Metrics validation: {'accuracy': 0.5046335299073293, 'f1_weighted': 0.5177520653745469, 'macro': 0.4467310285347833, 'micro': 0.5046335299073293, 'binary': 0.26774595267745954, 'accuracy_majority': 0.4827586206896552, 'macro_majority': 0.44153780316864505, 'binary_majority': 0.2898134863701578, 'run_time_millis': 33868.88548405841, 'loss_mean': 0.9536386728286743}
Epoch 5 **** Loss 0.11461781710386276 **** Metrics validation: {'accuracy': 0.4269165964616681, 'f1_weighted': 0.4496150857277215, 'macro': 0.41012851714300813, 'micro': 0.42691659646166813, 'binary': 0.3106156574613631, 'accuracy_majority': 0.4009056078021595, 'macro_majority': 0.3930316117384686, 'binary_majority': 0.3238993710691824, 'run_time_millis': 33847.0845289994, 'loss_mean': 1.4164773225784302}
Epoch 6 **** Loss 0.11557357013225555 **** Metrics validation: {'accuracy': 0.41459561920808763, 'f1_weighted': 0.4357970722391354, 'macro': 0.4034672158971734, 'micro': 0.41459561920808763, 'binary': 0.3219904866447128, 'accuracy_majority': 0.3848833159177987, 'macro_majority': 0.3817925942689033, 'binary_majority': 0.33808095952023987, 'run_time_millis': 33705.92664205469, 'loss_mean': 1.8133203983306885}
Epoch 7 **** Loss 0.033504877239465714 **** Metrics validation: {'accuracy': 0.43049705139005895, 'f1_weighted': 0.4526336638750242, 'macro': 0.4155622168335357, 'micro': 0.4304970513900589, 'binary': 0.3221358736525445, 'accuracy_majority': 0.3998606757227447, 'macro_majority': 0.3927811816082433, 'binary_majority': 0.327215931276845, 'run_time_millis': 33613.13852597959, 'loss_mean': 1.8300271034240723}
Epoch 8 **** Loss 0.06033659353852272 **** Metrics validation: {'accuracy': 0.402379949452401, 'f1_weighted': 0.4199490800016537, 'macro': 0.3966800171160354, 'micro': 0.40237994945240096, 'binary': 0.3380380263618337, 'accuracy_majority': 0.3779171020550331, 'macro_majority': 0.37717652717652717, 'binary_majority': 0.35569985569985574, 'run_time_millis': 35643.16719409544, 'loss_mean': 2.381082534790039}
Epoch 9 **** Loss 0.11304718255996704 **** Metrics validation: {'accuracy': 0.3905855096882898, 'f1_weighted': 0.4046332650072796, 'macro': 0.3875639512239989, 'micro': 0.3905855096882898, 'binary': 0.34454638124362896, 'accuracy_majority': 0.3667711598746082, 'macro_majority': 0.3667305176149026, 'binary_majority': 0.36165730337078655, 'run_time_millis': 33601.517664967105, 'loss_mean': 2.8476715087890625}
Evaluating
{'accuracy': 0.6983993260320135, 'f1_weighted': 0.5745731036302743, 'macro': 0.41154822382253364, 'micro': 0.6983993260320135, 'binary': 0.0006978367062107467, 'accuracy_majority': 0.696969696969697, 'macro_majority': 0.4118244070606409, 'binary_majority': 0.0022935779816513763, 'run_time_millis': 33692.58709298447, 'loss_mean': 0.5292186737060547}
