Device cuda
Split type sit
Training Size: 126558, NTA labels 123377, YTA labels 3181
Validation Size: 42161, NTA labels 41140, YTA labels 1021
Test Size: 42377, NTA labels 41284, YTA labels 1093
Training with SBERT, model name is sbert
Tokenizing the dataset
Number of training steps 39550
Epoch 0 **** Loss 0.058622539043426514 **** Metrics validation: {'accuracy': 0.9690709423400773, 'f1_weighted': 0.9675560364423981, 'macro': 0.640800607899431, 'micro': 0.9690709423400773, 'binary': 0.2974137931034483, 'accuracy_majority': 0.9808653680399931, 'macro_majority': 0.6967513054682732, 'binary_majority': 0.4032258064516129, 'run_time_millis': 19427.39611199795, 'loss_mean': 0.047728464007377625}
Epoch 1 **** Loss 0.04649485647678375 **** Metrics validation: {'accuracy': 0.969995967837575, 'f1_weighted': 0.9679391330924298, 'macro': 0.639181550859447, 'micro': 0.969995967837575, 'binary': 0.2936906756002234, 'accuracy_majority': 0.982416824685399, 'macro_majority': 0.7074005118124838, 'binary_majority': 0.42372881355932207, 'run_time_millis': 19466.603712997312, 'loss_mean': 0.047404780983924866}
Epoch 2 **** Loss 0.12859472632408142 **** Metrics validation: {'accuracy': 0.96797988662508, 'f1_weighted': 0.9671409406083481, 'macro': 0.6435094478653766, 'micro': 0.96797988662508, 'binary': 0.30340557275541796, 'accuracy_majority': 0.9798310636097225, 'macro_majority': 0.6979163560376271, 'binary_majority': 0.40609137055837563, 'run_time_millis': 19302.870348998113, 'loss_mean': 0.0505140982568264}
Epoch 3 **** Loss 0.01332053355872631 **** Metrics validation: {'accuracy': 0.9731268233675672, 'f1_weighted': 0.9693483877175479, 'macro': 0.6361900144359754, 'micro': 0.9731268233675672, 'binary': 0.2860743541272842, 'accuracy_majority': 0.9856921220479228, 'macro_majority': 0.721541425284006, 'binary_majority': 0.45033112582781454, 'run_time_millis': 19186.38924699917, 'loss_mean': 0.06352444738149643}
Epoch 4 **** Loss 0.04067808762192726 **** Metrics validation: {'accuracy': 0.969592751595076, 'f1_weighted': 0.9677423162967471, 'macro': 0.6392572997761423, 'micro': 0.969592751595076, 'binary': 0.29405286343612336, 'accuracy_majority': 0.9818996724702638, 'macro_majority': 0.703736940407401, 'binary_majority': 0.41666666666666663, 'run_time_millis': 19296.56276699825, 'loss_mean': 0.06683739274740219}
Epoch 5 **** Loss 0.016026819124817848 **** Metrics validation: {'accuracy': 0.9677901378050805, 'f1_weighted': 0.9667556699382553, 'macro': 0.6373761751036937, 'micro': 0.9677901378050805, 'binary': 0.29123173277661796, 'accuracy_majority': 0.9795724875021548, 'macro_majority': 0.690178799294876, 'binary_majority': 0.39074550128534713, 'run_time_millis': 18571.573899000214, 'loss_mean': 0.0797935351729393}
Epoch 6 **** Loss 0.014579824171960354 **** Metrics validation: {'accuracy': 0.968406821470079, 'f1_weighted': 0.9670945176834908, 'macro': 0.6380425450951093, 'micro': 0.968406821470079, 'binary': 0.29224229543039315, 'accuracy_majority': 0.9803482158248578, 'macro_majority': 0.6918146434576425, 'binary_majority': 0.39361702127659576, 'run_time_millis': 19325.31047899829, 'loss_mean': 0.08609388768672943}
Epoch 7 **** Loss 0.05259600654244423 **** Metrics validation: {'accuracy': 0.9687626005075781, 'f1_weighted': 0.9669465563285303, 'macro': 0.631195973751474, 'micro': 0.9687626005075781, 'binary': 0.27835616438356164, 'accuracy_majority': 0.9803482158248578, 'macro_majority': 0.6818219433806124, 'binary_majority': 0.3736263736263736, 'run_time_millis': 19333.09784499943, 'loss_mean': 0.09480180591344833}
Epoch 8 **** Loss 0.020881056785583496 **** Metrics validation: {'accuracy': 0.968810037712578, 'f1_weighted': 0.9669591764810282, 'macro': 0.6309650509220194, 'micro': 0.968810037712578, 'binary': 0.27786930258099946, 'accuracy_majority': 0.9806929839682813, 'macro_majority': 0.6857044864045635, 'binary_majority': 0.38121546961325964, 'run_time_millis': 19319.956840001396, 'loss_mean': 0.10190477222204208}
Epoch 9 **** Loss 0.03998200222849846 **** Metrics validation: {'accuracy': 0.9689760679300775, 'f1_weighted': 0.9669933986287135, 'macro': 0.6299480185379129, 'micro': 0.9689760679300775, 'binary': 0.2757475083056478, 'accuracy_majority': 0.9807791760041372, 'macro_majority': 0.6845343239013554, 'binary_majority': 0.3788300835654596, 'run_time_millis': 19408.444937998865, 'loss_mean': 0.10426023602485657}
Evaluating
{'accuracy': 0.9731268233675672, 'f1_weighted': 0.9693483877175479, 'macro': 0.6361900144359754, 'micro': 0.9731268233675672, 'binary': 0.2860743541272842, 'accuracy_majority': 0.9856921220479228, 'macro_majority': 0.721541425284006, 'binary_majority': 0.45033112582781454, 'run_time_millis': 18965.281003998825, 'loss_mean': 0.06352444738149643}
