Device cuda
Split type sit
Training Size: 16701, NTA labels 10770, YTA labels 5931
Validation Size: 5565, NTA labels 3587, YTA labels 1978
Test Size: 5744, NTA labels 3728, YTA labels 2016
Training with SBERT, model name is sbert
Tokenizing the dataset
Number of training steps 5220
Epoch 0 **** Loss 0.29637306928634644 **** Metrics validation: {'accuracy': 0.7982030548068284, 'f1_weighted': 0.7989939371564707, 'macro': 0.7815620234499708, 'micro': 0.7982030548068283, 'binary': 0.721270786795731, 'accuracy_majority': 0.8047732696897375, 'macro_majority': 0.7955053197900103, 'binary_majority': 0.7519708914493634, 'run_time_millis': 5587.902817002032, 'loss_mean': 0.21619835495948792}
Epoch 1 **** Loss 0.18317972123622894 **** Metrics validation: {'accuracy': 0.8077268643306379, 'f1_weighted': 0.8094365535958243, 'macro': 0.7941538312197967, 'micro': 0.8077268643306379, 'binary': 0.7412959381044488, 'accuracy_majority': 0.8195704057279236, 'macro_majority': 0.8135980604462857, 'binary_majority': 0.7802325581395348, 'run_time_millis': 5595.448623003904, 'loss_mean': 0.2104145735502243}
Epoch 2 **** Loss 0.1975029706954956 **** Metrics validation: {'accuracy': 0.801078167115903, 'f1_weighted': 0.8032716002637125, 'macro': 0.7881246735048046, 'micro': 0.801078167115903, 'binary': 0.7357364526139891, 'accuracy_majority': 0.8100238663484487, 'macro_majority': 0.8039415321063641, 'binary_majority': 0.7694090382387022, 'run_time_millis': 5587.409450963605, 'loss_mean': 0.21822234988212585}
Epoch 3 **** Loss 0.15311823785305023 **** Metrics validation: {'accuracy': 0.8093441150044923, 'f1_weighted': 0.808367141964762, 'macro': 0.7898736170126901, 'micro': 0.8093441150044922, 'binary': 0.7259106174115216, 'accuracy_majority': 0.8214797136038187, 'macro_majority': 0.8116326055682492, 'binary_majority': 0.7685643564356436, 'run_time_millis': 5588.140740990639, 'loss_mean': 0.2683712840080261}
Epoch 4 **** Loss 0.1341852843761444 **** Metrics validation: {'accuracy': 0.8095238095238095, 'f1_weighted': 0.8099837040005343, 'macro': 0.7931661991584853, 'micro': 0.8095238095238095, 'binary': 0.7350000000000001, 'accuracy_majority': 0.8214797136038187, 'macro_majority': 0.813892604824213, 'binary_majority': 0.7763157894736843, 'run_time_millis': 4581.521121028345, 'loss_mean': 0.2776424288749695}
Epoch 5 **** Loss 0.11244893819093704 **** Metrics validation: {'accuracy': 0.7874213836477988, 'f1_weighted': 0.7913970897738188, 'macro': 0.778679572563548, 'micro': 0.7874213836477987, 'binary': 0.7346938775510204, 'accuracy_majority': 0.7952267303102625, 'macro_majority': 0.7928586590591191, 'binary_majority': 0.7707108498129343, 'run_time_millis': 5593.625070992857, 'loss_mean': 0.2902921438217163}
Epoch 6 **** Loss 0.1520620435476303 **** Metrics validation: {'accuracy': 0.8028751123090746, 'f1_weighted': 0.8040722982725418, 'macro': 0.7876084331852018, 'micro': 0.8028751123090746, 'binary': 0.7306653572305426, 'accuracy_majority': 0.8186157517899761, 'macro_majority': 0.8120696558001805, 'binary_majority': 0.7769953051643192, 'run_time_millis': 5340.81458899891, 'loss_mean': 0.3191441595554352}
Epoch 7 **** Loss 0.06766905635595322 **** Metrics validation: {'accuracy': 0.8017969451931716, 'f1_weighted': 0.8026536476406658, 'macro': 0.785635940998464, 'micro': 0.8017969451931716, 'binary': 0.7267773098835768, 'accuracy_majority': 0.8167064439140811, 'macro_majority': 0.8092951544356514, 'binary_majority': 0.7717003567181927, 'run_time_millis': 4578.726055973675, 'loss_mean': 0.3907182216644287}
Epoch 8 **** Loss 0.1323198676109314 **** Metrics validation: {'accuracy': 0.803414195867026, 'f1_weighted': 0.803888841676023, 'macro': 0.7865319074333801, 'micro': 0.803414195867026, 'binary': 0.7265, 'accuracy_majority': 0.8128878281622912, 'macro_majority': 0.804777906461508, 'binary_majority': 0.764988009592326, 'run_time_millis': 5190.3706709854305, 'loss_mean': 0.41679254174232483}
Epoch 9 **** Loss 0.04733334854245186 **** Metrics validation: {'accuracy': 0.8043126684636118, 'f1_weighted': 0.8040301937645918, 'macro': 0.7858501221356635, 'micro': 0.8043126684636118, 'binary': 0.7229712541338081, 'accuracy_majority': 0.8152744630071599, 'macro_majority': 0.8059175209608791, 'binary_majority': 0.763302752293578, 'run_time_millis': 5587.734044995159, 'loss_mean': 0.45923057198524475}
Evaluating
{'accuracy': 0.8095238095238095, 'f1_weighted': 0.8099837040005343, 'macro': 0.7931661991584853, 'micro': 0.8095238095238095, 'binary': 0.7350000000000001, 'accuracy_majority': 0.8214797136038187, 'macro_majority': 0.813892604824213, 'binary_majority': 0.7763157894736843, 'run_time_millis': 5590.347348013893, 'loss_mean': 0.2776424288749695}
