______________________________	 Running Epoch 1 of 10 	______________________________
[Training] Itteration/Batch:   0/116: Loss: 0.71 | Accuracy: 0.56
[Training] Itteration/Batch:  25/116: Loss: 0.79 | Accuracy: 0.50
[Training] Itteration/Batch:  50/116: Loss: 0.54 | Accuracy: 0.88
[Training] Itteration/Batch:  75/116: Loss: 0.82 | Accuracy: 0.44
[Training] Itteration/Batch: 100/116: Loss: 0.84 | Accuracy: 0.50

Epoch 1: Val Bin. F1 Majority 0.6425339579582214 | Val Macro F1 Majority 0.7181338090568623 |             Val Bin F1 Individual 0.6303763389587402 | Val Macro F1 Individual 0.7121147087746449 |             Val Accuracy Majority 0.7384105920791626 | Val Accuracy Individual 0.7353224158287048 | Training Loss:0.6407777667045593 |             Val Loss 0.5732200741767883 | Train Runtime Millis 7590.439726001932 | Val Runtime Millis 2266.5938780119177

______________________________	 Running Epoch 2 of 10 	______________________________
[Training] Itteration/Batch:   0/116: Loss: 0.48 | Accuracy: 0.81
[Training] Itteration/Batch:  25/116: Loss: 0.46 | Accuracy: 0.81
[Training] Itteration/Batch:  50/116: Loss: 0.54 | Accuracy: 0.81
[Training] Itteration/Batch:  75/116: Loss: 0.43 | Accuracy: 0.75
[Training] Itteration/Batch: 100/116: Loss: 0.46 | Accuracy: 0.81

Epoch 2: Val Bin. F1 Majority 0.6076555252075195 | Val Macro F1 Majority 0.7000302828417418 |             Val Bin F1 Individual 0.6002865433692932 | Val Macro F1 Individual 0.6990563099539056 |             Val Accuracy Majority 0.7284768223762512 | Val Accuracy Individual 0.7314725518226624 | Training Loss:0.44328537583351135 |             Val Loss 0.6060879826545715 | Train Runtime Millis 7612.681315004011 | Val Runtime Millis 2269.9416510004085

______________________________	 Running Epoch 3 of 10 	______________________________
[Training] Itteration/Batch:   0/116: Loss: 0.26 | Accuracy: 0.88
[Training] Itteration/Batch:  25/116: Loss: 0.26 | Accuracy: 0.94
[Training] Itteration/Batch:  50/116: Loss: 0.52 | Accuracy: 0.81
[Training] Itteration/Batch:  75/116: Loss: 0.08 | Accuracy: 1.00
[Training] Itteration/Batch: 100/116: Loss: 0.05 | Accuracy: 1.00

Epoch 3: Val Bin. F1 Majority 0.5876777172088623 | Val Macro F1 Majority 0.6831518396584784 |             Val Bin F1 Individual 0.5851590037345886 | Val Macro F1 Individual 0.6855017964349758 |             Val Accuracy Majority 0.7119205594062805 | Val Accuracy Individual 0.7175168395042419 | Training Loss:0.20211903750896454 |             Val Loss 0.9072167277336121 | Train Runtime Millis 7678.605983994203 | Val Runtime Millis 2266.801561010652

