Device cuda
Split type sit
Training Size: 7000, NTA labels 4599, YTA labels 2401
Validation Size: 5018, NTA labels 3300, YTA labels 1718
Test Size: 5063, NTA labels 3132, YTA labels 1931
Training with SBERT, model name is sbert
Tokenizing the dataset
Number of training steps 2190
Epoch 0 **** Loss 0.3374641239643097 **** Metrics validation: {'accuracy': 0.7524910322837784, 'f1_weighted': 0.7553571140457492, 'macro': 0.7319852514300902, 'micro': 0.7524910322837784, 'binary': 0.6578512396694216, 'accuracy_majority': 0.7655038759689923, 'macro_majority': 0.7544458897826389, 'binary_majority': 0.7023370233702337, 'run_time_millis': 4097.700574959163, 'loss_mean': 0.24098467826843262}
Epoch 1 **** Loss 0.21829457581043243 **** Metrics validation: {'accuracy': 0.7604623355918693, 'f1_weighted': 0.7565382055864782, 'macro': 0.7258056626729705, 'micro': 0.7604623355918694, 'binary': 0.6283240568954854, 'accuracy_majority': 0.7572674418604651, 'macro_majority': 0.7341201244981314, 'binary_majority': 0.6556701030927835, 'run_time_millis': 4974.970184965059, 'loss_mean': 0.2436750829219818}
Epoch 2 **** Loss 0.22677044570446014 **** Metrics validation: {'accuracy': 0.7479075328816261, 'f1_weighted': 0.7527996469832139, 'macro': 0.7326975054021442, 'micro': 0.7479075328816261, 'binary': 0.6689348338131379, 'accuracy_majority': 0.7718023255813954, 'macro_majority': 0.7647648105439444, 'binary_majority': 0.7240773286467487, 'run_time_millis': 5114.1796939773485, 'loss_mean': 0.24111928045749664}
Epoch 3 **** Loss 0.13318313658237457 **** Metrics validation: {'accuracy': 0.749302510960542, 'f1_weighted': 0.7534586643092892, 'macro': 0.7319716231402758, 'micro': 0.749302510960542, 'binary': 0.6638161411010154, 'accuracy_majority': 0.7688953488372093, 'macro_majority': 0.7601094133118067, 'binary_majority': 0.7142001198322349, 'run_time_millis': 4404.43536901148, 'loss_mean': 0.2556580901145935}
Epoch 4 **** Loss 0.12488791346549988 **** Metrics validation: {'accuracy': 0.7608609007572739, 'f1_weighted': 0.7597764885815719, 'macro': 0.7321064875822085, 'micro': 0.7608609007572738, 'binary': 0.6443390634262003, 'accuracy_majority': 0.7645348837209303, 'macro_majority': 0.7463958060288336, 'binary_majority': 0.6785714285714285, 'run_time_millis': 4857.608110003639, 'loss_mean': 0.3074437081813812}
Epoch 5 **** Loss 0.1423555165529251 **** Metrics validation: {'accuracy': 0.7469111199681148, 'f1_weighted': 0.7507328634907442, 'macro': 0.7283402773692633, 'micro': 0.7469111199681148, 'binary': 0.657312466270912, 'accuracy_majority': 0.7655038759689923, 'macro_majority': 0.7560653047669745, 'binary_majority': 0.7080820265379976, 'run_time_millis': 5119.882874016184, 'loss_mean': 0.3156116306781769}
Epoch 6 **** Loss 0.15680964291095734 **** Metrics validation: {'accuracy': 0.7512953367875648, 'f1_weighted': 0.7546531534466737, 'macro': 0.7319520168880831, 'micro': 0.7512953367875648, 'binary': 0.6599455040871934, 'accuracy_majority': 0.7669573643410853, 'macro_majority': 0.7568407401193527, 'binary_majority': 0.707242848447961, 'run_time_millis': 5116.878868022468, 'loss_mean': 0.3530125916004181}
Epoch 7 **** Loss 0.1545368880033493 **** Metrics validation: {'accuracy': 0.7518931845356716, 'f1_weighted': 0.7547537807331445, 'macro': 0.7313057849590403, 'micro': 0.7518931845356716, 'binary': 0.6569302838247452, 'accuracy_majority': 0.7679263565891473, 'macro_majority': 0.7568249821982652, 'binary_majority': 0.70486752926679, 'run_time_millis': 5108.316764002666, 'loss_mean': 0.35217440128326416}
Epoch 8 **** Loss 0.18396718800067902 **** Metrics validation: {'accuracy': 0.7558788361897171, 'f1_weighted': 0.7582118793664623, 'macro': 0.7343997870721973, 'micro': 0.7558788361897171, 'binary': 0.6588693957115009, 'accuracy_majority': 0.7708333333333334, 'macro_majority': 0.7591278317108188, 'binary_majority': 0.7060285891858297, 'run_time_millis': 4099.979363032617, 'loss_mean': 0.3833152651786804}
Epoch 9 **** Loss 0.1264541894197464 **** Metrics validation: {'accuracy': 0.7574730968513352, 'f1_weighted': 0.7583023332373899, 'macro': 0.7325797457327159, 'micro': 0.7574730968513351, 'binary': 0.6509893891597361, 'accuracy_majority': 0.7655038759689923, 'macro_majority': 0.7508847668484744, 'binary_majority': 0.690537084398977, 'run_time_millis': 5113.607948005665, 'loss_mean': 0.4093022048473358}
Evaluating
{'accuracy': 0.7608609007572739, 'f1_weighted': 0.7597764885815719, 'macro': 0.7321064875822085, 'micro': 0.7608609007572738, 'binary': 0.6443390634262003, 'accuracy_majority': 0.7645348837209303, 'macro_majority': 0.7463958060288336, 'binary_majority': 0.6785714285714285, 'run_time_millis': 4251.911627012305, 'loss_mean': 0.3074437081813812}
Device cuda
Split type sit
Training Size: 7800, NTA labels 5133, YTA labels 2667
Validation Size: 5018, NTA labels 3300, YTA labels 1718
Test Size: 5063, NTA labels 3132, YTA labels 1931
Training with SBERT, model name is sbert
Tokenizing the dataset
Number of training steps 2440
Epoch 0 **** Loss 0.2735556662082672 **** Metrics validation: {'accuracy': 0.7634515743324033, 'f1_weighted': 0.7632011749147799, 'macro': 0.7367923830027643, 'micro': 0.7634515743324033, 'binary': 0.6530254311604794, 'accuracy_majority': 0.7684108527131783, 'macro_majority': 0.7517970082567283, 'binary_majority': 0.6875816993464052, 'run_time_millis': 5115.188076975755, 'loss_mean': 0.2515309751033783}
Epoch 1 **** Loss 0.22045744955539703 **** Metrics validation: {'accuracy': 0.7339577520924672, 'f1_weighted': 0.7405280722709494, 'macro': 0.724003038054162, 'micro': 0.7339577520924673, 'binary': 0.6715867158671586, 'accuracy_majority': 0.7650193798449613, 'macro_majority': 0.7613188407282989, 'binary_majority': 0.7315993359158827, 'run_time_millis': 5153.664214012679, 'loss_mean': 0.24292045831680298}
Epoch 2 **** Loss 0.28694239258766174 **** Metrics validation: {'accuracy': 0.753686727779992, 'f1_weighted': 0.7554197529920135, 'macro': 0.7304956994882144, 'micro': 0.753686727779992, 'binary': 0.6514382402707275, 'accuracy_majority': 0.7606589147286822, 'macro_majority': 0.7473333630700151, 'binary_majority': 0.689308176100629, 'run_time_millis': 5115.681063034572, 'loss_mean': 0.24930830299854279}
Epoch 3 **** Loss 0.21713803708553314 **** Metrics validation: {'accuracy': 0.7512953367875648, 'f1_weighted': 0.754075081349609, 'macro': 0.7304323077089958, 'micro': 0.7512953367875648, 'binary': 0.6554389839867476, 'accuracy_majority': 0.7611434108527132, 'macro_majority': 0.7496086835946334, 'binary_majority': 0.6958667489204194, 'run_time_millis': 4103.537906019483, 'loss_mean': 0.29030078649520874}
Epoch 4 **** Loss 0.16676943004131317 **** Metrics validation: {'accuracy': 0.7297728178557195, 'f1_weighted': 0.7363326239237548, 'macro': 0.7189205212398083, 'micro': 0.7297728178557195, 'binary': 0.6636904761904762, 'accuracy_majority': 0.7543604651162791, 'macro_majority': 0.7499210772401099, 'binary_majority': 0.7166014533258803, 'run_time_millis': 5114.72433200106, 'loss_mean': 0.30826225876808167}
Epoch 5 **** Loss 0.11389812082052231 **** Metrics validation: {'accuracy': 0.7275807094459944, 'f1_weighted': 0.7340543391890672, 'macro': 0.7158637845646603, 'micro': 0.7275807094459944, 'binary': 0.6581645411352838, 'accuracy_majority': 0.750968992248062, 'macro_majority': 0.7462318553537649, 'binary_majority': 0.7115600448933781, 'run_time_millis': 5114.056943973992, 'loss_mean': 0.30602192878723145}
Epoch 6 **** Loss 0.12863750755786896 **** Metrics validation: {'accuracy': 0.7532881626145875, 'f1_weighted': 0.755444184950082, 'macro': 0.7310811325589932, 'micro': 0.7532881626145875, 'binary': 0.6538031319910514, 'accuracy_majority': 0.7596899224806202, 'macro_majority': 0.7472444234201048, 'binary_majority': 0.6911581569115816, 'run_time_millis': 5062.36982595874, 'loss_mean': 0.3907502293586731}
Epoch 7 **** Loss 0.05815320834517479 **** Metrics validation: {'accuracy': 0.7489039457951375, 'f1_weighted': 0.7532029116336638, 'macro': 0.7319498992694491, 'micro': 0.7489039457951375, 'binary': 0.6645367412140574, 'accuracy_majority': 0.7655038759689923, 'macro_majority': 0.7572765335437797, 'binary_majority': 0.7125890736342043, 'run_time_millis': 5104.740550974384, 'loss_mean': 0.35129526257514954}
Epoch 8 **** Loss 0.1665615439414978 **** Metrics validation: {'accuracy': 0.7477082502989238, 'f1_weighted': 0.7512068234953859, 'macro': 0.7283359854920674, 'micro': 0.7477082502989237, 'binary': 0.6557911908646004, 'accuracy_majority': 0.7596899224806202, 'macro_majority': 0.7497173837361675, 'binary_majority': 0.6997578692493946, 'run_time_millis': 5102.841457002796, 'loss_mean': 0.39652207493782043}
Epoch 9 **** Loss 0.0783815085887909 **** Metrics validation: {'accuracy': 0.7520924671183739, 'f1_weighted': 0.7533918979913968, 'macro': 0.727695652477369, 'micro': 0.7520924671183739, 'binary': 0.646188850967008, 'accuracy_majority': 0.7558139534883721, 'macro_majority': 0.741852487135506, 'binary_majority': 0.6818181818181818, 'run_time_millis': 5121.467593009584, 'loss_mean': 0.4347127079963684}
Evaluating
{'accuracy': 0.7634515743324033, 'f1_weighted': 0.7632011749147799, 'macro': 0.7367923830027643, 'micro': 0.7634515743324033, 'binary': 0.6530254311604794, 'accuracy_majority': 0.7684108527131783, 'macro_majority': 0.7517970082567283, 'binary_majority': 0.6875816993464052, 'run_time_millis': 4351.2406930094585, 'loss_mean': 0.2515309751033783}
