______________________________	 Running Epoch 1 of 10 	______________________________
[Training] Itteration/Batch:   0/43: Loss: 0.75 | Accuracy: 0.44
[Training] Itteration/Batch:  25/43: Loss: 0.71 | Accuracy: 0.50

Epoch 1: Val Bin. F1 Majority 0.28735631704330444 | Val Macro F1 Majority 0.533943647645204 |             Val Bin F1 Individual 0.2908681035041809 | Val Macro F1 Individual 0.5474589694690001 |             Val Accuracy Majority 0.6644113659858704 | Val Accuracy Individual 0.6929460763931274 | Training Loss:0.6954918503761292 |             Val Loss 0.650295078754425 | Train Runtime Millis 3076.2946369999895 | Val Runtime Millis 3105.385841000015

______________________________	 Running Epoch 2 of 10 	______________________________
[Training] Itteration/Batch:   0/43: Loss: 0.66 | Accuracy: 0.62
[Training] Itteration/Batch:  25/43: Loss: 0.40 | Accuracy: 0.81

Epoch 2: Val Bin. F1 Majority 0.6575539708137512 | Val Macro F1 Majority 0.676797412644597 |             Val Bin F1 Individual 0.6019940972328186 | Val Macro F1 Individual 0.6362635984091041 |             Val Accuracy Majority 0.6779431700706482 | Val Accuracy Individual 0.6394923329353333 | Training Loss:0.541343629360199 |             Val Loss 0.6162431240081787 | Train Runtime Millis 3024.860793000016 | Val Runtime Millis 3106.5627909999876

______________________________	 Running Epoch 3 of 10 	______________________________
[Training] Itteration/Batch:   0/43: Loss: 0.42 | Accuracy: 0.81
[Training] Itteration/Batch:  25/43: Loss: 0.09 | Accuracy: 1.00

Epoch 3: Val Bin. F1 Majority 0.6291000843048096 | Val Macro F1 Majority 0.6897622661608034 |             Val Bin F1 Individual 0.5827772617340088 | Val Macro F1 Individual 0.6613113504585337 |             Val Accuracy Majority 0.701623797416687 | Val Accuracy Individual 0.6795216202735901 | Training Loss:0.2822344899177551 |             Val Loss 0.6437657475471497 | Train Runtime Millis 3028.2344709999907 | Val Runtime Millis 3109.9592889999885

______________________________	 Running Epoch 4 of 10 	______________________________
[Training] Itteration/Batch:   0/43: Loss: 0.11 | Accuracy: 1.00
[Training] Itteration/Batch:  25/43: Loss: 0.12 | Accuracy: 0.94

Epoch 4: Val Bin. F1 Majority 0.5493106842041016 | Val Macro F1 Majority 0.6690915201771729 |             Val Bin F1 Individual 0.525211751461029 | Val Macro F1 Individual 0.6596312613000825 |             Val Accuracy Majority 0.7124492526054382 | Val Accuracy Individual 0.7127166390419006 | Training Loss:0.09417105466127396 |             Val Loss 0.9768147468566895 | Train Runtime Millis 3035.5738949999986 | Val Runtime Millis 3101.3556929999877

______________________________	 Running Epoch 1 of 10 	______________________________
[Training] Itteration/Batch:   0/63: Loss: 0.76 | Accuracy: 0.38
[Training] Itteration/Batch:  25/63: Loss: 0.71 | Accuracy: 0.44
[Training] Itteration/Batch:  50/63: Loss: 0.64 | Accuracy: 0.62

Epoch 1: Val Bin. F1 Majority 0.6018348336219788 | Val Macro F1 Majority 0.684625898502414 |             Val Bin F1 Individual 0.5584642291069031 | Val Macro F1 Individual 0.6605419259169016 |             Val Accuracy Majority 0.7063599228858948 | Val Accuracy Individual 0.6912375092506409 | Training Loss:0.6631234288215637 |             Val Loss 0.5781413912773132 | Train Runtime Millis 4503.015148000003 | Val Runtime Millis 3099.760786000019

______________________________	 Running Epoch 2 of 10 	______________________________
[Training] Itteration/Batch:   0/63: Loss: 0.72 | Accuracy: 0.44
[Training] Itteration/Batch:  25/63: Loss: 0.65 | Accuracy: 0.62
[Training] Itteration/Batch:  50/63: Loss: 0.31 | Accuracy: 0.94

Epoch 2: Val Bin. F1 Majority 0.6517857313156128 | Val Macro F1 Majority 0.7196837068160598 |             Val Bin F1 Individual 0.588994562625885 | Val Macro F1 Individual 0.6792591873706004 |             Val Accuracy Majority 0.736129879951477 | Val Accuracy Individual 0.7046619653701782 | Training Loss:0.4436238706111908 |             Val Loss 0.5631679892539978 | Train Runtime Millis 4428.956290000002 | Val Runtime Millis 3100.5666190000056

______________________________	 Running Epoch 3 of 10 	______________________________
[Training] Itteration/Batch:   0/63: Loss: 0.21 | Accuracy: 0.88
[Training] Itteration/Batch:  25/63: Loss: 0.43 | Accuracy: 0.75
[Training] Itteration/Batch:  50/63: Loss: 0.10 | Accuracy: 0.94

Epoch 3: Val Bin. F1 Majority 0.6496350169181824 | Val Macro F1 Majority 0.6734934324978599 |             Val Bin F1 Individual 0.5862728953361511 | Val Macro F1 Individual 0.6263963139884264 |             Val Accuracy Majority 0.6752368211746216 | Val Accuracy Individual 0.6307054162025452 | Training Loss:0.1847948282957077 |             Val Loss 0.7716760039329529 | Train Runtime Millis 4449.375387000004 | Val Runtime Millis 3106.0650219999957

______________________________	 Running Epoch 1 of 10 	______________________________
[Training] Itteration/Batch:   0/79: Loss: 0.77 | Accuracy: 0.38
[Training] Itteration/Batch:  25/79: Loss: 0.68 | Accuracy: 0.62
[Training] Itteration/Batch:  50/79: Loss: 0.61 | Accuracy: 0.69
[Training] Itteration/Batch:  75/79: Loss: 0.73 | Accuracy: 0.62

Epoch 1: Val Bin. F1 Majority 0.6221122145652771 | Val Macro F1 Majority 0.6797487661610198 |             Val Bin F1 Individual 0.5836671590805054 | Val Macro F1 Individual 0.6553413694880384 |             Val Accuracy Majority 0.6901217699050903 | Val Accuracy Individual 0.6702465415000916 | Training Loss:0.6685680150985718 |             Val Loss 0.5800387263298035 | Train Runtime Millis 5614.170627999983 | Val Runtime Millis 3099.143852999987

______________________________	 Running Epoch 2 of 10 	______________________________
[Training] Itteration/Batch:   0/79: Loss: 0.53 | Accuracy: 0.75
[Training] Itteration/Batch:  25/79: Loss: 0.61 | Accuracy: 0.69
[Training] Itteration/Batch:  50/79: Loss: 0.39 | Accuracy: 0.75
[Training] Itteration/Batch:  75/79: Loss: 0.55 | Accuracy: 0.75

Epoch 2: Val Bin. F1 Majority 0.6483138203620911 | Val Macro F1 Majority 0.6541635700839661 |             Val Bin F1 Individual 0.5956900715827942 | Val Macro F1 Individual 0.6144186055399656 |             Val Accuracy Majority 0.6542625427246094 | Val Accuracy Individual 0.615328311920166 | Training Loss:0.47892993688583374 |             Val Loss 0.596703290939331 | Train Runtime Millis 5555.457881999984 | Val Runtime Millis 3100.472208000014

______________________________	 Running Epoch 3 of 10 	______________________________
[Training] Itteration/Batch:   0/79: Loss: 0.38 | Accuracy: 0.81
[Training] Itteration/Batch:  25/79: Loss: 0.10 | Accuracy: 1.00
[Training] Itteration/Batch:  50/79: Loss: 0.12 | Accuracy: 0.94
[Training] Itteration/Batch:  75/79: Loss: 0.19 | Accuracy: 0.94

Epoch 3: Val Bin. F1 Majority 0.6405529975891113 | Val Macro F1 Majority 0.67880128608763 |             Val Bin F1 Individual 0.5872291922569275 | Val Macro F1 Individual 0.6391118209898624 |             Val Accuracy Majority 0.6833558678627014 | Val Accuracy Individual 0.6465706825256348 | Training Loss:0.25015589594841003 |             Val Loss 0.7057916522026062 | Train Runtime Millis 5572.1613539999735 | Val Runtime Millis 3100.9278640000275

______________________________	 Running Epoch 1 of 10 	______________________________
[Training] Itteration/Batch:   0/95: Loss: 0.82 | Accuracy: 0.31
[Training] Itteration/Batch:  25/95: Loss: 0.66 | Accuracy: 0.44
[Training] Itteration/Batch:  50/95: Loss: 0.50 | Accuracy: 0.75
[Training] Itteration/Batch:  75/95: Loss: 0.48 | Accuracy: 0.88

Epoch 1: Val Bin. F1 Majority 0.659853994846344 | Val Macro F1 Majority 0.6830165407166723 |             Val Bin F1 Individual 0.6034858226776123 | Val Macro F1 Individual 0.6407522073156748 |             Val Accuracy Majority 0.6847090721130371 | Val Accuracy Individual 0.644618034362793 | Training Loss:0.6484529972076416 |             Val Loss 0.5752373337745667 | Train Runtime Millis 6747.197608999983 | Val Runtime Millis 3099.6183489999967

______________________________	 Running Epoch 2 of 10 	______________________________
[Training] Itteration/Batch:   0/95: Loss: 0.48 | Accuracy: 0.88
[Training] Itteration/Batch:  25/95: Loss: 0.36 | Accuracy: 0.94
[Training] Itteration/Batch:  50/95: Loss: 0.29 | Accuracy: 0.88
[Training] Itteration/Batch:  75/95: Loss: 0.22 | Accuracy: 0.94

Epoch 2: Val Bin. F1 Majority 0.6526479721069336 | Val Macro F1 Majority 0.692950781797314 |             Val Bin F1 Individual 0.5986708998680115 | Val Macro F1 Individual 0.6525997665697876 |             Val Accuracy Majority 0.6982408761978149 | Val Accuracy Individual 0.660971462726593 | Training Loss:0.4610704481601715 |             Val Loss 0.570759654045105 | Train Runtime Millis 6676.555839000002 | Val Runtime Millis 3102.684285999999

______________________________	 Running Epoch 3 of 10 	______________________________
[Training] Itteration/Batch:   0/95: Loss: 0.30 | Accuracy: 0.88
[Training] Itteration/Batch:  25/95: Loss: 0.40 | Accuracy: 0.88
[Training] Itteration/Batch:  50/95: Loss: 0.21 | Accuracy: 0.88
[Training] Itteration/Batch:  75/95: Loss: 0.12 | Accuracy: 1.00

Epoch 3: Val Bin. F1 Majority 0.5914396643638611 | Val Macro F1 Majority 0.6867986825322505 |             Val Bin F1 Individual 0.5528156161308289 | Val Macro F1 Individual 0.6654894167458671 |             Val Accuracy Majority 0.7158322334289551 | Val Accuracy Individual 0.7034415602684021 | Training Loss:0.23569859564304352 |             Val Loss 0.6703922748565674 | Train Runtime Millis 6687.476551000003 | Val Runtime Millis 3106.1984780000103

______________________________	 Running Epoch 1 of 10 	______________________________
[Training] Itteration/Batch:   0/112: Loss: 0.77 | Accuracy: 0.44
[Training] Itteration/Batch:  25/112: Loss: 0.61 | Accuracy: 0.69
[Training] Itteration/Batch:  50/112: Loss: 0.61 | Accuracy: 0.62
[Training] Itteration/Batch:  75/112: Loss: 0.61 | Accuracy: 0.56
[Training] Itteration/Batch: 100/112: Loss: 0.62 | Accuracy: 0.56

Epoch 1: Val Bin. F1 Majority 0.5283446907997131 | Val Macro F1 Majority 0.6638830395546196 |             Val Bin F1 Individual 0.504551351070404 | Val Macro F1 Individual 0.6551973745682392 |             Val Accuracy Majority 0.7185385823249817 | Val Accuracy Individual 0.7210153937339783 | Training Loss:0.6699405908584595 |             Val Loss 0.5902680158615112 | Train Runtime Millis 7932.56811599997 | Val Runtime Millis 3095.4443470000115

______________________________	 Running Epoch 2 of 10 	______________________________
[Training] Itteration/Batch:   0/112: Loss: 0.58 | Accuracy: 0.81
[Training] Itteration/Batch:  25/112: Loss: 0.42 | Accuracy: 0.75
[Training] Itteration/Batch:  50/112: Loss: 0.23 | Accuracy: 1.00
[Training] Itteration/Batch:  75/112: Loss: 0.45 | Accuracy: 0.75
[Training] Itteration/Batch: 100/112: Loss: 0.40 | Accuracy: 0.81

Epoch 2: Val Bin. F1 Majority 0.6666666865348816 | Val Macro F1 Majority 0.7100255051991368 |             Val Bin F1 Individual 0.6168002486228943 | Val Macro F1 Individual 0.6746177353099042 |             Val Accuracy Majority 0.7165088057518005 | Val Accuracy Individual 0.684891402721405 | Training Loss:0.5065003037452698 |             Val Loss 0.529808759689331 | Train Runtime Millis 7874.945407999974 | Val Runtime Millis 3107.2306020000156

______________________________	 Running Epoch 3 of 10 	______________________________
[Training] Itteration/Batch:   0/112: Loss: 0.37 | Accuracy: 0.88
[Training] Itteration/Batch:  25/112: Loss: 0.44 | Accuracy: 0.81
[Training] Itteration/Batch:  50/112: Loss: 0.18 | Accuracy: 0.94
[Training] Itteration/Batch:  75/112: Loss: 0.37 | Accuracy: 0.81
[Training] Itteration/Batch: 100/112: Loss: 0.10 | Accuracy: 0.94

Epoch 3: Val Bin. F1 Majority 0.6314893364906311 | Val Macro F1 Majority 0.6941837600200701 |             Val Bin F1 Individual 0.5873320698738098 | Val Macro F1 Individual 0.6663968871713223 |             Val Accuracy Majority 0.707036554813385 | Val Accuracy Individual 0.6851354837417603 | Training Loss:0.2585126459598541 |             Val Loss 0.7583606839179993 | Train Runtime Millis 7877.672643999972 | Val Runtime Millis 3105.9614710000005

______________________________	 Running Epoch 1 of 10 	______________________________
[Training] Itteration/Batch:   0/126: Loss: 0.86 | Accuracy: 0.19
[Training] Itteration/Batch:  25/126: Loss: 0.69 | Accuracy: 0.56
[Training] Itteration/Batch:  50/126: Loss: 0.77 | Accuracy: 0.50
[Training] Itteration/Batch:  75/126: Loss: 0.67 | Accuracy: 0.69
[Training] Itteration/Batch: 100/126: Loss: 0.62 | Accuracy: 0.62
[Training] Itteration/Batch: 125/126: Loss: 0.51 | Accuracy: 0.78

Epoch 1: Val Bin. F1 Majority 0.6594594717025757 | Val Macro F1 Majority 0.7273461977687329 |             Val Bin F1 Individual 0.6088126301765442 | Val Macro F1 Individual 0.6930291927610255 |             Val Accuracy Majority 0.7442489862442017 | Val Accuracy Individual 0.7161337733268738 | Training Loss:0.6350233554840088 |             Val Loss 0.5258423686027527 | Train Runtime Millis 8897.406254000032 | Val Runtime Millis 3098.077831000012

______________________________	 Running Epoch 2 of 10 	______________________________
[Training] Itteration/Batch:   0/126: Loss: 0.53 | Accuracy: 0.81
[Training] Itteration/Batch:  25/126: Loss: 0.41 | Accuracy: 0.75
[Training] Itteration/Batch:  50/126: Loss: 0.31 | Accuracy: 0.94
[Training] Itteration/Batch:  75/126: Loss: 0.22 | Accuracy: 0.94
[Training] Itteration/Batch: 100/126: Loss: 0.31 | Accuracy: 0.94
[Training] Itteration/Batch: 125/126: Loss: 0.31 | Accuracy: 1.00

Epoch 2: Val Bin. F1 Majority 0.634782612323761 | Val Macro F1 Majority 0.7011122345803842 |             Val Bin F1 Individual 0.5761262774467468 | Val Macro F1 Individual 0.6629903639840863 |             Val Accuracy Majority 0.7158322334289551 | Val Accuracy Individual 0.6853795647621155 | Training Loss:0.4370563328266144 |             Val Loss 0.5729572176933289 | Train Runtime Millis 8848.608184 | Val Runtime Millis 3097.753815000033

______________________________	 Running Epoch 3 of 10 	______________________________
[Training] Itteration/Batch:   0/126: Loss: 0.31 | Accuracy: 0.94
[Training] Itteration/Batch:  25/126: Loss: 0.33 | Accuracy: 0.81
[Training] Itteration/Batch:  50/126: Loss: 0.47 | Accuracy: 0.75
[Training] Itteration/Batch:  75/126: Loss: 0.04 | Accuracy: 1.00
[Training] Itteration/Batch: 100/126: Loss: 0.15 | Accuracy: 0.94
[Training] Itteration/Batch: 125/126: Loss: 0.13 | Accuracy: 1.00

Epoch 3: Val Bin. F1 Majority 0.5708107948303223 | Val Macro F1 Majority 0.6876702995462227 |             Val Bin F1 Individual 0.5284719467163086 | Val Macro F1 Individual 0.6642012043945082 |             Val Accuracy Majority 0.7313937544822693 | Val Accuracy Individual 0.7190627455711365 | Training Loss:0.21873188018798828 |             Val Loss 0.648844838142395 | Train Runtime Millis 8869.84524899998 | Val Runtime Millis 3100.306101000001

______________________________	 Running Epoch 1 of 10 	______________________________
[Training] Itteration/Batch:   0/143: Loss: 0.68 | Accuracy: 0.56
[Training] Itteration/Batch:  25/143: Loss: 0.71 | Accuracy: 0.56
[Training] Itteration/Batch:  50/143: Loss: 0.68 | Accuracy: 0.50
[Training] Itteration/Batch:  75/143: Loss: 0.64 | Accuracy: 0.62
[Training] Itteration/Batch: 100/143: Loss: 0.43 | Accuracy: 0.81
[Training] Itteration/Batch: 125/143: Loss: 0.65 | Accuracy: 0.62

Epoch 1: Val Bin. F1 Majority 0.6618704795837402 | Val Macro F1 Majority 0.7289829741412943 |             Val Bin F1 Individual 0.6094915270805359 | Val Macro F1 Individual 0.694905945778226 |             Val Accuracy Majority 0.7456021904945374 | Val Accuracy Individual 0.7188186645507812 | Training Loss:0.6293886303901672 |             Val Loss 0.5487241744995117 | Train Runtime Millis 10110.136966000027 | Val Runtime Millis 3103.83356899996

______________________________	 Running Epoch 2 of 10 	______________________________
[Training] Itteration/Batch:   0/143: Loss: 0.51 | Accuracy: 0.81
[Training] Itteration/Batch:  25/143: Loss: 0.32 | Accuracy: 0.81
[Training] Itteration/Batch:  50/143: Loss: 0.37 | Accuracy: 0.81
[Training] Itteration/Batch:  75/143: Loss: 0.37 | Accuracy: 0.88
[Training] Itteration/Batch: 100/143: Loss: 0.52 | Accuracy: 0.75
[Training] Itteration/Batch: 125/143: Loss: 0.41 | Accuracy: 0.75

Epoch 2: Val Bin. F1 Majority 0.6769911646842957 | Val Macro F1 Majority 0.701620575221239 |             Val Bin F1 Individual 0.6150041222572327 | Val Macro F1 Individual 0.6537150138048927 |             Val Accuracy Majority 0.7036535739898682 | Val Accuracy Individual 0.6580424904823303 | Training Loss:0.44189733266830444 |             Val Loss 0.5591081380844116 | Train Runtime Millis 10060.916840999995 | Val Runtime Millis 3104.0743739999925

______________________________	 Running Epoch 3 of 10 	______________________________
[Training] Itteration/Batch:   0/143: Loss: 0.27 | Accuracy: 0.88
[Training] Itteration/Batch:  25/143: Loss: 0.18 | Accuracy: 0.88
[Training] Itteration/Batch:  50/143: Loss: 0.33 | Accuracy: 0.81
[Training] Itteration/Batch:  75/143: Loss: 0.29 | Accuracy: 0.81
[Training] Itteration/Batch: 100/143: Loss: 0.31 | Accuracy: 0.88
[Training] Itteration/Batch: 125/143: Loss: 0.16 | Accuracy: 0.88

Epoch 3: Val Bin. F1 Majority 0.6761904954910278 | Val Macro F1 Majority 0.7178122192273135 |             Val Bin F1 Individual 0.6157518029212952 | Val Macro F1 Individual 0.6748730036208631 |             Val Accuracy Majority 0.7239512801170349 | Val Accuracy Individual 0.6856236457824707 | Training Loss:0.26455679535865784 |             Val Loss 0.712823212146759 | Train Runtime Millis 10206.632214000023 | Val Runtime Millis 3102.9319839999516

______________________________	 Running Epoch 1 of 10 	______________________________
[Training] Itteration/Batch:   0/158: Loss: 0.73 | Accuracy: 0.56
[Training] Itteration/Batch:  25/158: Loss: 0.72 | Accuracy: 0.38
[Training] Itteration/Batch:  50/158: Loss: 0.52 | Accuracy: 0.81
[Training] Itteration/Batch:  75/158: Loss: 0.51 | Accuracy: 0.81
[Training] Itteration/Batch: 100/158: Loss: 0.66 | Accuracy: 0.62
[Training] Itteration/Batch: 125/158: Loss: 0.45 | Accuracy: 0.81
[Training] Itteration/Batch: 150/158: Loss: 0.60 | Accuracy: 0.62

Epoch 1: Val Bin. F1 Majority 0.641294002532959 | Val Macro F1 Majority 0.7216968716208285 |             Val Bin F1 Individual 0.5962020754814148 | Val Macro F1 Individual 0.6938071282638008 |             Val Accuracy Majority 0.7449255585670471 | Val Accuracy Individual 0.7249206900596619 | Training Loss:0.6253346800804138 |             Val Loss 0.528700053691864 | Train Runtime Millis 11090.757136999968 | Val Runtime Millis 3098.690234000003

______________________________	 Running Epoch 2 of 10 	______________________________
[Training] Itteration/Batch:   0/158: Loss: 0.59 | Accuracy: 0.62
[Training] Itteration/Batch:  25/158: Loss: 0.46 | Accuracy: 0.81
[Training] Itteration/Batch:  50/158: Loss: 0.29 | Accuracy: 0.88
[Training] Itteration/Batch:  75/158: Loss: 0.49 | Accuracy: 0.75
[Training] Itteration/Batch: 100/158: Loss: 0.46 | Accuracy: 0.81
[Training] Itteration/Batch: 125/158: Loss: 0.58 | Accuracy: 0.75
[Training] Itteration/Batch: 150/158: Loss: 0.23 | Accuracy: 0.94

Epoch 2: Val Bin. F1 Majority 0.6696428656578064 | Val Macro F1 Majority 0.7340589013383131 |             Val Bin F1 Individual 0.6075268983840942 | Val Macro F1 Individual 0.6918431648924113 |             Val Accuracy Majority 0.7496616840362549 | Val Accuracy Individual 0.7149133682250977 | Training Loss:0.44253119826316833 |             Val Loss 0.5312528610229492 | Train Runtime Millis 11125.667746000034 | Val Runtime Millis 3102.104985999972

______________________________	 Running Epoch 3 of 10 	______________________________
[Training] Itteration/Batch:   0/158: Loss: 0.18 | Accuracy: 0.94
[Training] Itteration/Batch:  25/158: Loss: 0.23 | Accuracy: 0.94
[Training] Itteration/Batch:  50/158: Loss: 0.14 | Accuracy: 0.94
[Training] Itteration/Batch:  75/158: Loss: 0.11 | Accuracy: 1.00
[Training] Itteration/Batch: 100/158: Loss: 0.10 | Accuracy: 1.00
[Training] Itteration/Batch: 125/158: Loss: 0.31 | Accuracy: 0.88
[Training] Itteration/Batch: 150/158: Loss: 0.50 | Accuracy: 0.88

Epoch 3: Val Bin. F1 Majority 0.6532751321792603 | Val Macro F1 Majority 0.717029603177091 |             Val Bin F1 Individual 0.6015831232070923 | Val Macro F1 Individual 0.6837826454535324 |             Val Accuracy Majority 0.7313937544822693 | Val Accuracy Individual 0.7051501274108887 | Training Loss:0.2511403262615204 |             Val Loss 0.634467363357544 | Train Runtime Millis 11118.215933999978 | Val Runtime Millis 3082.308267999963

