Device cuda
Split type sit
Training Size: 1092, NTA labels 1045, YTA labels 47
Validation Size: 1293, NTA labels 1232, YTA labels 61
Test Size: 1255, NTA labels 1218, YTA labels 37
Training with SBERT, model name is sbert
Tokenizing the dataset
Number of training steps 350
Epoch 0 **** Loss 0.029638295993208885 **** Metrics validation: {'accuracy': 0.7076566125290024, 'f1_weighted': 0.7912087335884628, 'macro': 0.4606697681809354, 'micro': 0.7076566125290025, 'binary': 0.09569377990430622, 'accuracy_majority': 0.7008055235903338, 'macro_majority': 0.46489133935845695, 'binary_majority': 0.10958904109589042, 'run_time_millis': 2531.1505220015533, 'loss_mean': 0.06071605905890465}
Epoch 1 **** Loss 0.027790315449237823 **** Metrics validation: {'accuracy': 0.7470997679814385, 'f1_weighted': 0.8175533262870933, 'macro': 0.4808140741404737, 'micro': 0.7470997679814385, 'binary': 0.10899182561307903, 'accuracy_majority': 0.7399309551208285, 'macro_majority': 0.4856641525246176, 'binary_majority': 0.12403100775193798, 'run_time_millis': 2530.057908999879, 'loss_mean': 0.060403283685445786}
Epoch 2 **** Loss 0.028244514018297195 **** Metrics validation: {'accuracy': 0.7888631090487239, 'f1_weighted': 0.8444125626965046, 'macro': 0.5038449699135146, 'micro': 0.7888631090487239, 'binary': 0.12779552715654952, 'accuracy_majority': 0.7756041426927502, 'macro_majority': 0.5022251597268121, 'binary_majority': 0.13333333333333333, 'run_time_millis': 2533.907494002051, 'loss_mean': 0.06006930395960808}
Epoch 3 **** Loss 0.028655173256993294 **** Metrics validation: {'accuracy': 0.8089713843774169, 'f1_weighted': 0.8568327500098313, 'macro': 0.5129943502824859, 'micro': 0.8089713843774168, 'binary': 0.13333333333333333, 'accuracy_majority': 0.8009205983889528, 'macro_majority': 0.5091213050306764, 'binary_majority': 0.1306532663316583, 'run_time_millis': 2075.590098997054, 'loss_mean': 0.05973975360393524}
Epoch 4 **** Loss 0.027900028973817825 **** Metrics validation: {'accuracy': 0.8283062645011601, 'f1_weighted': 0.867810816304485, 'macro': 0.511965968906843, 'micro': 0.8283062645011602, 'binary': 0.11904761904761907, 'accuracy_majority': 0.8170310701956272, 'macro_majority': 0.5048716947190758, 'binary_majority': 0.111731843575419, 'run_time_millis': 2480.448689999321, 'loss_mean': 0.0593353696167469}
Epoch 5 **** Loss 0.028786446899175644 **** Metrics validation: {'accuracy': 0.8631090487238979, 'f1_weighted': 0.8873850579143755, 'macro': 0.5182005545111397, 'micro': 0.8631090487238979, 'binary': 0.11055276381909547, 'accuracy_majority': 0.8527042577675489, 'macro_majority': 0.5154049909382407, 'binary_majority': 0.1111111111111111, 'run_time_millis': 2527.9489460008335, 'loss_mean': 0.05898429825901985}
Epoch 6 **** Loss 0.021786995232105255 **** Metrics validation: {'accuracy': 0.8491879350348028, 'f1_weighted': 0.8794968039456919, 'macro': 0.5136031390523812, 'micro': 0.8491879350348028, 'binary': 0.1095890410958904, 'accuracy_majority': 0.8388952819332566, 'macro_majority': 0.5126582278481013, 'binary_majority': 0.11392405063291139, 'run_time_millis': 2533.864012999402, 'loss_mean': 0.05843068286776543}
Epoch 7 **** Loss 0.15583811700344086 **** Metrics validation: {'accuracy': 0.8476411446249034, 'f1_weighted': 0.8788878525613197, 'macro': 0.5166116645064323, 'micro': 0.8476411446249034, 'binary': 0.11659192825112107, 'accuracy_majority': 0.8400460299194477, 'macro_majority': 0.5188778822676561, 'binary_majority': 0.12578616352201258, 'run_time_millis': 2535.844844998792, 'loss_mean': 0.0579228512942791}
Epoch 8 **** Loss 0.16869059205055237 **** Metrics validation: {'accuracy': 0.8259860788863109, 'f1_weighted': 0.8666467839649933, 'macro': 0.5139528162084226, 'micro': 0.8259860788863109, 'binary': 0.1245136186770428, 'accuracy_majority': 0.8181818181818182, 'macro_majority': 0.5198156230764926, 'binary_majority': 0.14130434782608697, 'run_time_millis': 1925.05673100095, 'loss_mean': 0.057426247745752335}
Epoch 9 **** Loss 0.028475206345319748 **** Metrics validation: {'accuracy': 0.8298530549110595, 'f1_weighted': 0.8690017098512915, 'macro': 0.5163626718896641, 'micro': 0.8298530549110595, 'binary': 0.12698412698412698, 'accuracy_majority': 0.8227848101265823, 'macro_majority': 0.5227998858935958, 'binary_majority': 0.14444444444444443, 'run_time_millis': 2530.227211998863, 'loss_mean': 0.057342808693647385}
Evaluating
{'accuracy': 0.8631090487238979, 'f1_weighted': 0.8873850579143755, 'macro': 0.5182005545111397, 'micro': 0.8631090487238979, 'binary': 0.11055276381909547, 'accuracy_majority': 0.8527042577675489, 'macro_majority': 0.5154049909382407, 'binary_majority': 0.1111111111111111, 'run_time_millis': 2021.5056689994526, 'loss_mean': 0.05898429825901985}
Device cuda
Split type sit
Training Size: 1470, NTA labels 1399, YTA labels 71
Validation Size: 1293, NTA labels 1232, YTA labels 61
Test Size: 1255, NTA labels 1218, YTA labels 37
Training with SBERT, model name is sbert
Tokenizing the dataset
Number of training steps 460
Epoch 0 **** Loss 0.03471861779689789 **** Metrics validation: {'accuracy': 0.7672080433101315, 'f1_weighted': 0.8303393773524763, 'macro': 0.4864938324055664, 'micro': 0.7672080433101315, 'binary': 0.10682492581602372, 'accuracy_majority': 0.761795166858458, 'macro_majority': 0.49071219263600463, 'binary_majority': 0.11914893617021277, 'run_time_millis': 2526.2165359999926, 'loss_mean': 0.06424719840288162}
Epoch 1 **** Loss 0.07704310864210129 **** Metrics validation: {'accuracy': 0.8128383604021655, 'f1_weighted': 0.8590261183630913, 'macro': 0.5123218582846029, 'micro': 0.8128383604021655, 'binary': 0.12949640287769784, 'accuracy_majority': 0.80897583429229, 'macro_majority': 0.5184084717696704, 'binary_majority': 0.1443298969072165, 'run_time_millis': 2547.730579997733, 'loss_mean': 0.06367993354797363}
Epoch 2 **** Loss 0.050254423171281815 **** Metrics validation: {'accuracy': 0.843000773395205, 'f1_weighted': 0.876974339261264, 'macro': 0.5249119885607754, 'micro': 0.843000773395205, 'binary': 0.13617021276595745, 'accuracy_majority': 0.8354430379746836, 'macro_majority': 0.531352649899495, 'binary_majority': 0.15384615384615385, 'run_time_millis': 1882.247648001794, 'loss_mean': 0.06273230910301208}
Epoch 3 **** Loss 0.08923609554767609 **** Metrics validation: {'accuracy': 0.794276875483372, 'f1_weighted': 0.8484805909857794, 'macro': 0.517894388624742, 'micro': 0.794276875483372, 'binary': 0.15286624203821655, 'accuracy_majority': 0.7813578826237054, 'macro_majority': 0.5131451688997924, 'binary_majority': 0.15178571428571427, 'run_time_millis': 2533.5717289999593, 'loss_mean': 0.061233311891555786}
Epoch 4 **** Loss 0.057437118142843246 **** Metrics validation: {'accuracy': 0.8051044083526682, 'f1_weighted': 0.8551614846792287, 'macro': 0.5221112779837613, 'micro': 0.8051044083526682, 'binary': 0.15436241610738255, 'accuracy_majority': 0.7963176064441887, 'macro_majority': 0.5264742553682752, 'binary_majority': 0.16901408450704228, 'run_time_millis': 2235.502986000938, 'loss_mean': 0.059217050671577454}
Epoch 5 **** Loss 0.0345718152821064 **** Metrics validation: {'accuracy': 0.7865429234338747, 'f1_weighted': 0.8455951065616156, 'macro': 0.5525861809574436, 'micro': 0.7865429234338747, 'binary': 0.22905027932960895, 'accuracy_majority': 0.7825086306098964, 'macro_majority': 0.5628458498023715, 'binary_majority': 0.25296442687747034, 'run_time_millis': 2532.871741001145, 'loss_mean': 0.056554894894361496}
Epoch 6 **** Loss 0.0748513787984848 **** Metrics validation: {'accuracy': 0.8252126836813611, 'f1_weighted': 0.86978260892919, 'macro': 0.5663443387826335, 'micro': 0.8252126836813611, 'binary': 0.2312925170068027, 'accuracy_majority': 0.8216340621403913, 'macro_majority': 0.5749833552633655, 'binary_majority': 0.25120772946859904, 'run_time_millis': 2533.4922580004786, 'loss_mean': 0.055409327149391174}
Epoch 7 **** Loss 0.04530657082796097 **** Metrics validation: {'accuracy': 0.8167053364269141, 'f1_weighted': 0.8644929962845387, 'macro': 0.5620100249695206, 'micro': 0.8167053364269141, 'binary': 0.22801302931596087, 'accuracy_majority': 0.80897583429229, 'macro_majority': 0.5646607918879769, 'binary_majority': 0.23853211009174313, 'run_time_millis': 2563.072203000047, 'loss_mean': 0.05423741042613983}
Epoch 8 **** Loss 0.032839808613061905 **** Metrics validation: {'accuracy': 0.8267594740912606, 'f1_weighted': 0.8709349752218524, 'macro': 0.5701819995013713, 'micro': 0.8267594740912606, 'binary': 0.23809523809523808, 'accuracy_majority': 0.8193325661680092, 'macro_majority': 0.5730611682902482, 'binary_majority': 0.2488038277511962, 'run_time_millis': 2277.8791380005714, 'loss_mean': 0.0540749616920948}
Epoch 9 **** Loss 0.033353470265865326 **** Metrics validation: {'accuracy': 0.8283062645011601, 'f1_weighted': 0.8719238060476567, 'macro': 0.5714759169244367, 'micro': 0.8283062645011602, 'binary': 0.2397260273972603, 'accuracy_majority': 0.8204833141542003, 'macro_majority': 0.5740196078431373, 'binary_majority': 0.25, 'run_time_millis': 2536.832185000094, 'loss_mean': 0.05408359318971634}
Evaluating
{'accuracy': 0.843000773395205, 'f1_weighted': 0.876974339261264, 'macro': 0.5249119885607754, 'micro': 0.843000773395205, 'binary': 0.13617021276595745, 'accuracy_majority': 0.8354430379746836, 'macro_majority': 0.531352649899495, 'binary_majority': 0.15384615384615385, 'run_time_millis': 2533.9604420005344, 'loss_mean': 0.06273230910301208}
Device cuda
Split type sit
Training Size: 1834, NTA labels 1749, YTA labels 85
Validation Size: 1293, NTA labels 1232, YTA labels 61
Test Size: 1255, NTA labels 1218, YTA labels 37
Training with SBERT, model name is sbert
Tokenizing the dataset
Number of training steps 580
Epoch 0 **** Loss 0.03204920142889023 **** Metrics validation: {'accuracy': 0.7935034802784223, 'f1_weighted': 0.8466328953184623, 'macro': 0.49513829073153043, 'micro': 0.7935034802784223, 'binary': 0.10702341137123746, 'accuracy_majority': 0.7928653624856157, 'macro_majority': 0.5084841628959276, 'binary_majority': 0.1346153846153846, 'run_time_millis': 2535.7468229994993, 'loss_mean': 0.06335246562957764}
Epoch 1 **** Loss 0.03323141485452652 **** Metrics validation: {'accuracy': 0.8352668213457076, 'f1_weighted': 0.8712013104195702, 'macro': 0.505294469502239, 'micro': 0.8352668213457076, 'binary': 0.10126582278481013, 'accuracy_majority': 0.8250863060989643, 'macro_majority': 0.5044717887154861, 'binary_majority': 0.10588235294117647, 'run_time_millis': 2534.3011770019075, 'loss_mean': 0.062458474189043045}
Epoch 2 **** Loss 0.03032826818525791 **** Metrics validation: {'accuracy': 0.8422273781902552, 'f1_weighted': 0.8765066522306999, 'macro': 0.5243923548503426, 'micro': 0.8422273781902552, 'binary': 0.13559322033898305, 'accuracy_majority': 0.8342922899884925, 'macro_majority': 0.5305522208883553, 'binary_majority': 0.15294117647058822, 'run_time_millis': 2530.160549998982, 'loss_mean': 0.060861993581056595}
Epoch 3 **** Loss 0.09669101238250732 **** Metrics validation: {'accuracy': 0.8406805877803558, 'f1_weighted': 0.8775695053177671, 'macro': 0.5503200929214894, 'micro': 0.8406805877803558, 'binary': 0.1889763779527559, 'accuracy_majority': 0.8331415420023015, 'macro_majority': 0.5484678976997861, 'binary_majority': 0.18994413407821228, 'run_time_millis': 2534.7372820033343, 'loss_mean': 0.05787397176027298}
Epoch 4 **** Loss 0.10131432861089706 **** Metrics validation: {'accuracy': 0.8607888631090487, 'f1_weighted': 0.8910352813800292, 'macro': 0.5803461954561846, 'micro': 0.8607888631090487, 'binary': 0.23728813559322035, 'accuracy_majority': 0.856156501726122, 'macro_majority': 0.5859649256547377, 'binary_majority': 0.25149700598802394, 'run_time_millis': 1785.5126300019037, 'loss_mean': 0.055391065776348114}
Epoch 5 **** Loss 0.023680847138166428 **** Metrics validation: {'accuracy': 0.8445475638051044, 'f1_weighted': 0.8820912153278644, 'macro': 0.5830189980955376, 'micro': 0.8445475638051044, 'binary': 0.2527881040892193, 'accuracy_majority': 0.8388952819332566, 'macro_majority': 0.586359309125527, 'binary_majority': 0.2631578947368421, 'run_time_millis': 2541.758851999475, 'loss_mean': 0.053335800766944885}
Epoch 6 **** Loss 0.04095622897148132 **** Metrics validation: {'accuracy': 0.8051044083526682, 'f1_weighted': 0.8572878379268657, 'macro': 0.5577447201259569, 'micro': 0.8051044083526682, 'binary': 0.22699386503067487, 'accuracy_majority': 0.7963176064441887, 'macro_majority': 0.561367687108779, 'binary_majority': 0.24034334763948498, 'run_time_millis': 2530.097468999884, 'loss_mean': 0.052505284547805786}
Epoch 7 **** Loss 0.01068967767059803 **** Metrics validation: {'accuracy': 0.8739365815931941, 'f1_weighted': 0.8997904566877926, 'macro': 0.6000390929672511, 'micro': 0.8739365815931941, 'binary': 0.2690582959641255, 'accuracy_majority': 0.8665132336018412, 'macro_majority': 0.6007446134347275, 'binary_majority': 0.275, 'run_time_millis': 2532.771390000562, 'loss_mean': 0.05769257992506027}
Epoch 8 **** Loss 0.0628485456109047 **** Metrics validation: {'accuracy': 0.8700696055684455, 'f1_weighted': 0.8973523203047261, 'macro': 0.5959555376992098, 'micro': 0.8700696055684455, 'binary': 0.26315789473684215, 'accuracy_majority': 0.8630609896432682, 'macro_majority': 0.5971915473755964, 'binary_majority': 0.26993865030674846, 'run_time_millis': 2540.209614999185, 'loss_mean': 0.05843503400683403}
Epoch 9 **** Loss 0.017712732776999474 **** Metrics validation: {'accuracy': 0.8654292343387471, 'f1_weighted': 0.8948996405876272, 'macro': 0.597400970609709, 'micro': 0.8654292343387471, 'binary': 0.2689075630252101, 'accuracy_majority': 0.857307249712313, 'macro_majority': 0.5957533013205283, 'binary_majority': 0.2705882352941177, 'run_time_millis': 2025.5729340024118, 'loss_mean': 0.05840223655104637}
Evaluating
{'accuracy': 0.8739365815931941, 'f1_weighted': 0.8997904566877926, 'macro': 0.6000390929672511, 'micro': 0.8739365815931941, 'binary': 0.2690582959641255, 'accuracy_majority': 0.8665132336018412, 'macro_majority': 0.6007446134347275, 'binary_majority': 0.275, 'run_time_millis': 2530.358621999767, 'loss_mean': 0.05769257992506027}
Device cuda
Split type sit
Training Size: 2198, NTA labels 2101, YTA labels 97
Validation Size: 1293, NTA labels 1232, YTA labels 61
Test Size: 1255, NTA labels 1218, YTA labels 37
Training with SBERT, model name is sbert
Tokenizing the dataset
Number of training steps 690
Epoch 0 **** Loss 0.056182388216257095 **** Metrics validation: {'accuracy': 0.8816705336426914, 'f1_weighted': 0.8969741376721472, 'macro': 0.5156864713212379, 'micro': 0.8816705336426914, 'binary': 0.09467455621301775, 'accuracy_majority': 0.8734177215189873, 'macro_majority': 0.5076740832303255, 'binary_majority': 0.08333333333333333, 'run_time_millis': 2535.721352996916, 'loss_mean': 0.062249597162008286}
Epoch 1 **** Loss 0.05975628271698952 **** Metrics validation: {'accuracy': 0.8924980665119876, 'f1_weighted': 0.9051087189721777, 'macro': 0.5449361816335779, 'micro': 0.8924980665119877, 'binary': 0.14723926380368096, 'accuracy_majority': 0.8837744533947065, 'macro_majority': 0.544438158215726, 'binary_majority': 0.15126050420168066, 'run_time_millis': 1877.339563001442, 'loss_mean': 0.061110373586416245}
Epoch 2 **** Loss 0.02513699047267437 **** Metrics validation: {'accuracy': 0.888631090487239, 'f1_weighted': 0.9040719277442693, 'macro': 0.5563561502830674, 'micro': 0.888631090487239, 'binary': 0.1724137931034483, 'accuracy_majority': 0.8791714614499425, 'macro_majority': 0.5540257188521827, 'binary_majority': 0.17322834645669294, 'run_time_millis': 2425.0944279992837, 'loss_mean': 0.05845529958605766}
Epoch 3 **** Loss 0.040001340210437775 **** Metrics validation: {'accuracy': 0.8631090487238979, 'f1_weighted': 0.8919829244057036, 'macro': 0.5759893877384655, 'micro': 0.8631090487238979, 'binary': 0.2270742358078603, 'accuracy_majority': 0.856156501726122, 'macro_majority': 0.5814791269336724, 'binary_majority': 0.24242424242424246, 'run_time_millis': 2533.0811530002393, 'loss_mean': 0.05484706163406372}
Epoch 4 **** Loss 0.09458925575017929 **** Metrics validation: {'accuracy': 0.7610208816705336, 'f1_weighted': 0.8285836583988863, 'macro': 0.5344720913026, 'micro': 0.7610208816705336, 'binary': 0.20971867007672632, 'accuracy_majority': 0.7560414269275029, 'macro_majority': 0.5434386090128671, 'binary_majority': 0.23188405797101452, 'run_time_millis': 2531.636036001146, 'loss_mean': 0.05024154484272003}
Epoch 5 **** Loss 0.01685047335922718 **** Metrics validation: {'accuracy': 0.8592420726991493, 'f1_weighted': 0.8907653574426574, 'macro': 0.5881935014209517, 'micro': 0.8592420726991493, 'binary': 0.2540983606557377, 'accuracy_majority': 0.8492520138089759, 'macro_majority': 0.587983220954263, 'binary_majority': 0.2598870056497175, 'run_time_millis': 2533.4180570025637, 'loss_mean': 0.05477236956357956}
Epoch 6 **** Loss 0.018956273794174194 **** Metrics validation: {'accuracy': 0.8870843000773395, 'f1_weighted': 0.9069581739660673, 'macro': 0.6007436170752753, 'micro': 0.8870843000773395, 'binary': 0.2626262626262626, 'accuracy_majority': 0.8814729574223246, 'macro_majority': 0.6075717386062214, 'binary_majority': 0.27972027972027974, 'run_time_millis': 2527.824723001686, 'loss_mean': 0.061894938349723816}
Epoch 7 **** Loss 0.027638833969831467 **** Metrics validation: {'accuracy': 0.8878576952822892, 'f1_weighted': 0.9074442891841102, 'macro': 0.6016322697303418, 'micro': 0.8878576952822892, 'binary': 0.2639593908629441, 'accuracy_majority': 0.8814729574223246, 'macro_majority': 0.6075717386062214, 'binary_majority': 0.27972027972027974, 'run_time_millis': 2530.5902550026076, 'loss_mean': 0.06429973244667053}
Epoch 8 **** Loss 0.053379956632852554 **** Metrics validation: {'accuracy': 0.88553750966744, 'f1_weighted': 0.9059867660605918, 'macro': 0.5989857502095557, 'micro': 0.88553750966744, 'binary': 0.25999999999999995, 'accuracy_majority': 0.8791714614499425, 'macro_majority': 0.6049743489837003, 'binary_majority': 0.27586206896551724, 'run_time_millis': 2538.3231330015406, 'loss_mean': 0.06545107066631317}
Epoch 9 **** Loss 0.014613401144742966 **** Metrics validation: {'accuracy': 0.8808971384377416, 'f1_weighted': 0.9036464151700037, 'macro': 0.6009259259259259, 'micro': 0.8808971384377416, 'binary': 0.26666666666666666, 'accuracy_majority': 0.8722669735327964, 'macro_majority': 0.6022391290901219, 'binary_majority': 0.27450980392156865, 'run_time_millis': 1928.7873260000197, 'loss_mean': 0.06420707702636719}
Evaluating
{'accuracy': 0.8878576952822892, 'f1_weighted': 0.9074442891841102, 'macro': 0.6016322697303418, 'micro': 0.8878576952822892, 'binary': 0.2639593908629441, 'accuracy_majority': 0.8814729574223246, 'macro_majority': 0.6075717386062214, 'binary_majority': 0.27972027972027974, 'run_time_millis': 1116.9764539990865, 'loss_mean': 0.06429973244667053}
Device cuda
Split type sit
Training Size: 2576, NTA labels 2470, YTA labels 106
Validation Size: 1293, NTA labels 1232, YTA labels 61
Test Size: 1255, NTA labels 1218, YTA labels 37
Training with SBERT, model name is sbert
Tokenizing the dataset
Number of training steps 810
Epoch 0 **** Loss 0.0720893070101738 **** Metrics validation: {'accuracy': 0.7625676720804331, 'f1_weighted': 0.8276150712740312, 'macro': 0.48907949591534916, 'micro': 0.7625676720804331, 'binary': 0.11527377521613832, 'accuracy_majority': 0.7560414269275029, 'macro_majority': 0.4946233019509733, 'binary_majority': 0.13114754098360656, 'run_time_millis': 2535.314398999617, 'loss_mean': 0.0606696717441082}
Epoch 1 **** Loss 0.028134172782301903 **** Metrics validation: {'accuracy': 0.8824439288476411, 'f1_weighted': 0.9003542973338096, 'macro': 0.5508036057120916, 'micro': 0.8824439288476411, 'binary': 0.16483516483516486, 'accuracy_majority': 0.8745684695051784, 'macro_majority': 0.5562691776169395, 'binary_majority': 0.18045112781954886, 'run_time_millis': 2535.6772630002524, 'loss_mean': 0.05931827425956726}
Epoch 2 **** Loss 0.05715872719883919 **** Metrics validation: {'accuracy': 0.8352668213457076, 'f1_weighted': 0.8746389790768344, 'macro': 0.5522278133205434, 'micro': 0.8352668213457076, 'binary': 0.19622641509433958, 'accuracy_majority': 0.8285385500575374, 'macro_majority': 0.5535707513179353, 'binary_majority': 0.20320855614973263, 'run_time_millis': 912.0367290015565, 'loss_mean': 0.05487057566642761}
Epoch 3 **** Loss 0.04485764354467392 **** Metrics validation: {'accuracy': 0.7354988399071926, 'f1_weighted': 0.8114287878255351, 'macro': 0.5282632814166844, 'micro': 0.7354988399071926, 'binary': 0.21559633027522934, 'accuracy_majority': 0.7318757192174914, 'macro_majority': 0.5414518039410183, 'binary_majority': 0.2459546925566343, 'run_time_millis': 2283.48208999887, 'loss_mean': 0.0481538325548172}
Epoch 4 **** Loss 0.024630077183246613 **** Metrics validation: {'accuracy': 0.7989172467130704, 'f1_weighted': 0.8537359883642199, 'macro': 0.5619507771210558, 'micro': 0.7989172467130704, 'binary': 0.23976608187134504, 'accuracy_majority': 0.7986191024165707, 'macro_majority': 0.5755189652236777, 'binary_majority': 0.26778242677824265, 'run_time_millis': 2549.070515000494, 'loss_mean': 0.04949282482266426}
Epoch 5 **** Loss 0.017671696841716766 **** Metrics validation: {'accuracy': 0.860015467904099, 'f1_weighted': 0.8916961535695174, 'macro': 0.5949114902558795, 'micro': 0.860015467904099, 'binary': 0.26720647773279355, 'accuracy_majority': 0.8515535097813579, 'macro_majority': 0.5982921296777407, 'binary_majority': 0.2793296089385475, 'run_time_millis': 2532.657178999216, 'loss_mean': 0.05682693421840668}
Epoch 6 **** Loss 0.026773706078529358 **** Metrics validation: {'accuracy': 0.8592420726991493, 'f1_weighted': 0.8914197205182808, 'macro': 0.5970445205479452, 'micro': 0.8592420726991493, 'binary': 0.27199999999999996, 'accuracy_majority': 0.8492520138089759, 'macro_majority': 0.596053467320992, 'binary_majority': 0.27624309392265195, 'run_time_millis': 2533.208734999789, 'loss_mean': 0.059429239481687546}
Epoch 7 **** Loss 0.020571401342749596 **** Metrics validation: {'accuracy': 0.8700696055684455, 'f1_weighted': 0.8978363128863392, 'macro': 0.6022470922567603, 'micro': 0.8700696055684455, 'binary': 0.27586206896551724, 'accuracy_majority': 0.8665132336018412, 'macro_majority': 0.6137067353382998, 'binary_majority': 0.3012048192771084, 'run_time_millis': 2533.587379002711, 'loss_mean': 0.06462620943784714}
Epoch 8 **** Loss 0.06091383844614029 **** Metrics validation: {'accuracy': 0.8924980665119876, 'f1_weighted': 0.9112741806661474, 'macro': 0.6181164516725346, 'micro': 0.8924980665119877, 'binary': 0.2944162436548223, 'accuracy_majority': 0.8860759493670886, 'macro_majority': 0.6228116710875331, 'binary_majority': 0.30769230769230765, 'run_time_millis': 1621.0165439988486, 'loss_mean': 0.07256252318620682}
Epoch 9 **** Loss 0.026245009154081345 **** Metrics validation: {'accuracy': 0.880123743232792, 'f1_weighted': 0.9036994580149752, 'macro': 0.6068482536070542, 'micro': 0.880123743232792, 'binary': 0.27906976744186046, 'accuracy_majority': 0.8757192174913694, 'macro_majority': 0.6152597402597403, 'binary_majority': 0.29870129870129875, 'run_time_millis': 2530.3397919997224, 'loss_mean': 0.06953845918178558}
Evaluating
{'accuracy': 0.8924980665119876, 'f1_weighted': 0.9112741806661474, 'macro': 0.6181164516725346, 'micro': 0.8924980665119877, 'binary': 0.2944162436548223, 'accuracy_majority': 0.8860759493670886, 'macro_majority': 0.6228116710875331, 'binary_majority': 0.30769230769230765, 'run_time_millis': 2531.976171001588, 'loss_mean': 0.07256252318620682}
Device cuda
Split type sit
Training Size: 2940, NTA labels 2800, YTA labels 140
Validation Size: 1293, NTA labels 1232, YTA labels 61
Test Size: 1255, NTA labels 1218, YTA labels 37
Training with SBERT, model name is sbert
Tokenizing the dataset
Number of training steps 920
Epoch 0 **** Loss 0.07884286344051361 **** Metrics validation: {'accuracy': 0.8955916473317865, 'f1_weighted': 0.9055038060838441, 'macro': 0.5310800029012838, 'micro': 0.8955916473317865, 'binary': 0.11764705882352941, 'accuracy_majority': 0.8872266973532796, 'macro_majority': 0.5244471744471745, 'binary_majority': 0.10909090909090909, 'run_time_millis': 2535.3440789986053, 'loss_mean': 0.06501241773366928}
Epoch 1 **** Loss 0.11678890138864517 **** Metrics validation: {'accuracy': 0.7958236658932715, 'f1_weighted': 0.8504920206852881, 'macro': 0.5366849448938597, 'micro': 0.7958236658932714, 'binary': 0.1901840490797546, 'accuracy_majority': 0.7859608745684695, 'macro_majority': 0.537384942986674, 'binary_majority': 0.19827586206896552, 'run_time_millis': 2539.892280998174, 'loss_mean': 0.06094517931342125}
Epoch 2 **** Loss 0.026951221749186516 **** Metrics validation: {'accuracy': 0.7494199535962877, 'f1_weighted': 0.8207390641054693, 'macro': 0.5266732950693722, 'micro': 0.7494199535962875, 'binary': 0.20197044334975367, 'accuracy_majority': 0.7445339470655926, 'macro_majority': 0.5354418308963763, 'binary_majority': 0.22377622377622375, 'run_time_millis': 2522.17476000078, 'loss_mean': 0.05310969799757004}
Epoch 3 **** Loss 0.032326728105545044 **** Metrics validation: {'accuracy': 0.8870843000773395, 'f1_weighted': 0.9078345885391974, 'macro': 0.6115103472119325, 'micro': 0.8870843000773395, 'binary': 0.28431372549019607, 'accuracy_majority': 0.8814729574223246, 'macro_majority': 0.6172902850643716, 'binary_majority': 0.29931972789115646, 'run_time_millis': 2560.2305120009987, 'loss_mean': 0.0580606572329998}
Epoch 4 **** Loss 0.010948099195957184 **** Metrics validation: {'accuracy': 0.8731631863882444, 'f1_weighted': 0.8995521685632655, 'macro': 0.6024223788810559, 'micro': 0.8731631863882444, 'binary': 0.2743362831858407, 'accuracy_majority': 0.8653624856156502, 'macro_majority': 0.6082644628099174, 'binary_majority': 0.2909090909090909, 'run_time_millis': 1519.301259999338, 'loss_mean': 0.06186900660395622}
Epoch 5 **** Loss 0.02984730713069439 **** Metrics validation: {'accuracy': 0.8839907192575406, 'f1_weighted': 0.9055958742833065, 'macro': 0.6044097250550706, 'micro': 0.8839907192575406, 'binary': 0.27184466019417475, 'accuracy_majority': 0.8791714614499425, 'macro_majority': 0.6146113591343169, 'binary_majority': 0.2953020134228188, 'run_time_millis': 2534.930804002215, 'loss_mean': 0.07113098353147507}
Epoch 6 **** Loss 0.020439034327864647 **** Metrics validation: {'accuracy': 0.8677494199535963, 'f1_weighted': 0.8963675468653997, 'macro': 0.5998027095758256, 'micro': 0.8677494199535963, 'binary': 0.2723404255319149, 'accuracy_majority': 0.8584579976985041, 'macro_majority': 0.601103908462925, 'binary_majority': 0.2807017543859649, 'run_time_millis': 2539.1298419999657, 'loss_mean': 0.06886770576238632}
Epoch 7 **** Loss 0.02576211467385292 **** Metrics validation: {'accuracy': 0.8808971384377416, 'f1_weighted': 0.9039207698404218, 'macro': 0.6043577434788828, 'micro': 0.8808971384377416, 'binary': 0.27358490566037735, 'accuracy_majority': 0.8734177215189873, 'macro_majority': 0.6081349206349207, 'binary_majority': 0.28571428571428575, 'run_time_millis': 2485.0873889990908, 'loss_mean': 0.07562053203582764}
Epoch 8 **** Loss 0.012834382243454456 **** Metrics validation: {'accuracy': 0.8901778808971385, 'f1_weighted': 0.9089044019474849, 'macro': 0.6043383443092094, 'micro': 0.8901778808971385, 'binary': 0.26804123711340205, 'accuracy_majority': 0.8826237054085155, 'macro_majority': 0.6088901832044902, 'binary_majority': 0.28169014084507044, 'run_time_millis': 2523.1012199983525, 'loss_mean': 0.08275305479764938}
Epoch 9 **** Loss 0.044402141124010086 **** Metrics validation: {'accuracy': 0.8948182521268369, 'f1_weighted': 0.9118335504969098, 'macro': 0.6099409082036449, 'micro': 0.8948182521268369, 'binary': 0.276595744680851, 'accuracy_majority': 0.8849252013808976, 'macro_majority': 0.6115680314679064, 'binary_majority': 0.2857142857142857, 'run_time_millis': 1224.1975409997394, 'loss_mean': 0.08473425358533859}
Evaluating
{'accuracy': 0.8948182521268369, 'f1_weighted': 0.9118335504969098, 'macro': 0.6099409082036449, 'micro': 0.8948182521268369, 'binary': 0.276595744680851, 'accuracy_majority': 0.8849252013808976, 'macro_majority': 0.6115680314679064, 'binary_majority': 0.2857142857142857, 'run_time_millis': 2550.1497570003266, 'loss_mean': 0.08473425358533859}
Device cuda
Split type sit
Training Size: 3304, NTA labels 3147, YTA labels 157
Validation Size: 1293, NTA labels 1232, YTA labels 61
Test Size: 1255, NTA labels 1218, YTA labels 37
Training with SBERT, model name is sbert
Tokenizing the dataset
Number of training steps 1040
Epoch 0 **** Loss 0.03457766771316528 **** Metrics validation: {'accuracy': 0.6303170920340294, 'f1_weighted': 0.7353006993432011, 'macro': 0.44806751205572426, 'micro': 0.6303170920340294, 'binary': 0.13090909090909092, 'accuracy_majority': 0.6329113924050633, 'macro_majority': 0.45553624213141636, 'binary_majority': 0.14477211796246647, 'run_time_millis': 2659.477216999221, 'loss_mean': 0.06517321616411209}
Epoch 1 **** Loss 0.028916213661432266 **** Metrics validation: {'accuracy': 0.8290796597061099, 'f1_weighted': 0.8709686911087055, 'macro': 0.5503670193934149, 'micro': 0.82907965970611, 'binary': 0.19636363636363632, 'accuracy_majority': 0.8204833141542003, 'macro_majority': 0.5554112554112554, 'binary_majority': 0.21212121212121213, 'run_time_millis': 2543.2638289967144, 'loss_mean': 0.05982385203242302}
Epoch 2 **** Loss 0.01845121942460537 **** Metrics validation: {'accuracy': 0.8290796597061099, 'f1_weighted': 0.8724180220277366, 'macro': 0.5721267659411989, 'micro': 0.82907965970611, 'binary': 0.24054982817869416, 'accuracy_majority': 0.8262370540851554, 'macro_majority': 0.5824574801521009, 'binary_majority': 0.2634146341463414, 'run_time_millis': 2534.709362000285, 'loss_mean': 0.05248669162392616}
Epoch 3 **** Loss 0.0343303382396698 **** Metrics validation: {'accuracy': 0.8120649651972158, 'f1_weighted': 0.8620631055448228, 'macro': 0.5678529429968434, 'micro': 0.8120649651972158, 'binary': 0.24299065420560745, 'accuracy_majority': 0.8043728423475259, 'macro_majority': 0.5709015917276634, 'binary_majority': 0.2543859649122807, 'run_time_millis': 2534.755831999064, 'loss_mean': 0.05064330995082855}
Epoch 4 **** Loss 0.05240163207054138 **** Metrics validation: {'accuracy': 0.8909512761020881, 'f1_weighted': 0.9108539773644094, 'macro': 0.6231248023251728, 'micro': 0.8909512761020881, 'binary': 0.3054187192118226, 'accuracy_majority': 0.8860759493670886, 'macro_majority': 0.6275472433274888, 'binary_majority': 0.31724137931034485, 'run_time_millis': 1528.8663979990815, 'loss_mean': 0.06224045529961586}
Epoch 5 **** Loss 0.010324844159185886 **** Metrics validation: {'accuracy': 0.8932714617169374, 'f1_weighted': 0.912056356214502, 'macro': 0.6226206791533424, 'micro': 0.8932714617169374, 'binary': 0.303030303030303, 'accuracy_majority': 0.8883774453394706, 'macro_majority': 0.6304316373281891, 'binary_majority': 0.32167832167832167, 'run_time_millis': 2530.067889001657, 'loss_mean': 0.06667164713144302}
Epoch 6 **** Loss 0.022883649915456772 **** Metrics validation: {'accuracy': 0.9025522041763341, 'f1_weighted': 0.9173989570003946, 'macro': 0.6276398310508128, 'micro': 0.902552204176334, 'binary': 0.30769230769230776, 'accuracy_majority': 0.8987341772151899, 'macro_majority': 0.6341752774588596, 'binary_majority': 0.3230769230769231, 'run_time_millis': 2538.005518999853, 'loss_mean': 0.07234448194503784}
Epoch 7 **** Loss 0.008348263800144196 **** Metrics validation: {'accuracy': 0.8863109048723898, 'f1_weighted': 0.9081578142913943, 'macro': 0.6207113993514592, 'micro': 0.8863109048723898, 'binary': 0.3033175355450237, 'accuracy_majority': 0.8803222094361335, 'macro_majority': 0.6251078515962036, 'binary_majority': 0.3157894736842105, 'run_time_millis': 2538.2648119993974, 'loss_mean': 0.06901264190673828}
Epoch 8 **** Loss 0.021511636674404144 **** Metrics validation: {'accuracy': 0.9010054137664346, 'f1_weighted': 0.9164062340978781, 'macro': 0.6255294500959345, 'micro': 0.9010054137664346, 'binary': 0.30434782608695654, 'accuracy_majority': 0.8964326812428078, 'macro_majority': 0.6310709838107099, 'binary_majority': 0.3181818181818182, 'run_time_millis': 2531.322163002187, 'loss_mean': 0.07660981267690659}
Epoch 9 **** Loss 0.005746920593082905 **** Metrics validation: {'accuracy': 0.9010054137664346, 'f1_weighted': 0.9170198122323856, 'macro': 0.632885560662254, 'micro': 0.9010054137664346, 'binary': 0.3191489361702128, 'accuracy_majority': 0.8952819332566168, 'macro_majority': 0.6345786834869804, 'binary_majority': 0.3259259259259259, 'run_time_millis': 2535.2858279984503, 'loss_mean': 0.07651886343955994}
Evaluating
{'accuracy': 0.9025522041763341, 'f1_weighted': 0.9173989570003946, 'macro': 0.6276398310508128, 'micro': 0.902552204176334, 'binary': 0.30769230769230776, 'accuracy_majority': 0.8987341772151899, 'macro_majority': 0.6341752774588596, 'binary_majority': 0.3230769230769231, 'run_time_millis': 2539.8593509999046, 'loss_mean': 0.07234448194503784}
Device cuda
Split type sit
Training Size: 3682, NTA labels 3506, YTA labels 176
Validation Size: 1293, NTA labels 1232, YTA labels 61
Test Size: 1255, NTA labels 1218, YTA labels 37
Training with SBERT, model name is sbert
Tokenizing the dataset
Number of training steps 1160
Epoch 0 **** Loss 0.02996387891471386 **** Metrics validation: {'accuracy': 0.9064191802010828, 'f1_weighted': 0.9112556289089218, 'macro': 0.533690199783615, 'micro': 0.9064191802010827, 'binary': 0.11678832116788322, 'accuracy_majority': 0.8987341772151899, 'macro_majority': 0.5331379731379731, 'binary_majority': 0.12, 'run_time_millis': 2537.836077000975, 'loss_mean': 0.06540212035179138}
Epoch 1 **** Loss 0.018906276673078537 **** Metrics validation: {'accuracy': 0.8870843000773395, 'f1_weighted': 0.9050051143876455, 'macro': 0.5771102150537635, 'micro': 0.8870843000773395, 'binary': 0.21505376344086025, 'accuracy_majority': 0.8826237054085155, 'macro_majority': 0.57597588978186, 'binary_majority': 0.2153846153846154, 'run_time_millis': 2535.001715001272, 'loss_mean': 0.05952146649360657}
Epoch 2 **** Loss 0.017834896221756935 **** Metrics validation: {'accuracy': 0.8290796597061099, 'f1_weighted': 0.8724180220277366, 'macro': 0.5721267659411989, 'micro': 0.82907965970611, 'binary': 0.24054982817869416, 'accuracy_majority': 0.8216340621403913, 'macro_majority': 0.5784998795222196, 'binary_majority': 0.2583732057416268, 'run_time_millis': 2536.3109899990377, 'loss_mean': 0.051598940044641495}
Epoch 3 **** Loss 0.03976252302527428 **** Metrics validation: {'accuracy': 0.8793503480278422, 'f1_weighted': 0.9037236545357195, 'macro': 0.6124875124875124, 'micro': 0.8793503480278422, 'binary': 0.2909090909090909, 'accuracy_majority': 0.8757192174913694, 'macro_majority': 0.6197121462608188, 'binary_majority': 0.3076923076923077, 'run_time_millis': 1673.992094998539, 'loss_mean': 0.0537450946867466}
Epoch 4 **** Loss 0.03271432965993881 **** Metrics validation: {'accuracy': 0.8043310131477185, 'f1_weighted': 0.8573948919274966, 'macro': 0.568381859131589, 'micro': 0.8043310131477186, 'binary': 0.24925816023738875, 'accuracy_majority': 0.7963176064441887, 'macro_majority': 0.5736618465146059, 'binary_majority': 0.26556016597510373, 'run_time_millis': 2537.592525000946, 'loss_mean': 0.05085871368646622}
Epoch 5 **** Loss 0.003956851549446583 **** Metrics validation: {'accuracy': 0.8623356535189481, 'f1_weighted': 0.8931661188175443, 'macro': 0.5972441936974143, 'micro': 0.8623356535189481, 'binary': 0.27049180327868855, 'accuracy_majority': 0.857307249712313, 'macro_majority': 0.6040362171855249, 'binary_majority': 0.28735632183908044, 'run_time_millis': 2551.8480659993656, 'loss_mean': 0.05761050432920456}
Epoch 6 **** Loss 0.010684231296181679 **** Metrics validation: {'accuracy': 0.8863109048723898, 'f1_weighted': 0.9076218530668971, 'macro': 0.6140322020578614, 'micro': 0.8863109048723898, 'binary': 0.28985507246376807, 'accuracy_majority': 0.8826237054085155, 'macro_majority': 0.6233299337072922, 'binary_majority': 0.3108108108108108, 'run_time_millis': 2537.2705399968254, 'loss_mean': 0.06549650430679321}
Epoch 7 **** Loss 0.00553393829613924 **** Metrics validation: {'accuracy': 0.88553750966744, 'f1_weighted': 0.9076641164700159, 'macro': 0.6197723768498355, 'micro': 0.88553750966744, 'binary': 0.3018867924528302, 'accuracy_majority': 0.8814729574223246, 'macro_majority': 0.6264892316295063, 'binary_majority': 0.31788079470198677, 'run_time_millis': 2535.3644090027956, 'loss_mean': 0.06654206663370132}
Epoch 8 **** Loss 0.008534351363778114 **** Metrics validation: {'accuracy': 0.88553750966744, 'f1_weighted': 0.9076641164700159, 'macro': 0.6197723768498355, 'micro': 0.88553750966744, 'binary': 0.3018867924528302, 'accuracy_majority': 0.8814729574223246, 'macro_majority': 0.6309065792457887, 'binary_majority': 0.32679738562091504, 'run_time_millis': 2232.821686000534, 'loss_mean': 0.067520871758461}
Epoch 9 **** Loss 0.004096087999641895 **** Metrics validation: {'accuracy': 0.8909512761020881, 'f1_weighted': 0.9111263121350668, 'macro': 0.6264881531637659, 'micro': 0.8909512761020881, 'binary': 0.3121951219512195, 'accuracy_majority': 0.8849252013808976, 'macro_majority': 0.630715621281659, 'binary_majority': 0.32432432432432434, 'run_time_millis': 2538.4053540001332, 'loss_mean': 0.06925148516893387}
Evaluating
{'accuracy': 0.9064191802010828, 'f1_weighted': 0.9112556289089218, 'macro': 0.533690199783615, 'micro': 0.9064191802010827, 'binary': 0.11678832116788322, 'accuracy_majority': 0.8987341772151899, 'macro_majority': 0.5331379731379731, 'binary_majority': 0.12, 'run_time_millis': 2557.984065999335, 'loss_mean': 0.06540212035179138}
