Device cuda
Split type sit
Training Size: 63468, NTA labels 61802, YTA labels 1666
Validation Size: 21138, NTA labels 20600, YTA labels 538
Test Size: 21164, NTA labels 20656, YTA labels 508
Training with SBERT, model name is sbert
Tokenizing the dataset
Number of training steps 19840
Epoch 0 **** Loss 0.010478921234607697 **** Metrics validation: {'accuracy': 0.9552937837070679, 'f1_weighted': 0.9614101719918429, 'macro': 0.6740401912678211, 'micro': 0.9552937837070679, 'binary': 0.37125748502994005, 'accuracy_majority': 0.9493989376572547, 'macro_majority': 0.6867928199640025, 'binary_majority': 0.4, 'run_time_millis': 8770.953239989467, 'loss_mean': 0.03899800777435303}
Epoch 1 **** Loss 0.01678665168583393 **** Metrics validation: {'accuracy': 0.9239284700539313, 'f1_weighted': 0.9433221575314396, 'macro': 0.6374446746904223, 'micro': 0.9239284700539313, 'binary': 0.31516183986371377, 'accuracy_majority': 0.9161308358960022, 'macro_majority': 0.6491358727953603, 'binary_majority': 0.34306569343065696, 'run_time_millis': 10050.655069004279, 'loss_mean': 0.03927706927061081}
Epoch 2 **** Loss 0.02875608392059803 **** Metrics validation: {'accuracy': 0.9460686914561454, 'f1_weighted': 0.9560758835016572, 'macro': 0.661700096379867, 'micro': 0.9460686914561454, 'binary': 0.35153583617747447, 'accuracy_majority': 0.9383095704035038, 'macro_majority': 0.6744223499778179, 'binary_majority': 0.3813084112149533, 'run_time_millis': 8035.793363000266, 'loss_mean': 0.049966178834438324}
Epoch 3 **** Loss 0.016714798286557198 **** Metrics validation: {'accuracy': 0.957375342984199, 'f1_weighted': 0.9621721428002319, 'macro': 0.667880406074697, 'micro': 0.957375342984199, 'binary': 0.3578047042052744, 'accuracy_majority': 0.9515422607399124, 'macro_majority': 0.6843507880199784, 'binary_majority': 0.3939393939393939, 'run_time_millis': 10050.459354999475, 'loss_mean': 0.07862081378698349}
Epoch 4 **** Loss 0.014255321584641933 **** Metrics validation: {'accuracy': 0.9516983631374776, 'f1_weighted': 0.9590142561939368, 'macro': 0.6625062834693211, 'micro': 0.9516983631374776, 'binary': 0.3500954805856143, 'accuracy_majority': 0.943714472090206, 'macro_majority': 0.6719888470042011, 'binary_majority': 0.3734439834024896, 'run_time_millis': 8025.124458014034, 'loss_mean': 0.08091383427381516}
Epoch 5 **** Loss 0.010659180581569672 **** Metrics validation: {'accuracy': 0.9482921752294446, 'f1_weighted': 0.9569495784486924, 'macro': 0.6559360197232996, 'micro': 0.9482921752294446, 'binary': 0.338777979431337, 'accuracy_majority': 0.9406392694063926, 'macro_majority': 0.6675153343124529, 'binary_majority': 0.36616915422885565, 'run_time_millis': 8114.981420978438, 'loss_mean': 0.08565159142017365}
Epoch 6 **** Loss 0.020943952724337578 **** Metrics validation: {'accuracy': 0.9524079856183177, 'f1_weighted': 0.9590996884437025, 'macro': 0.6567372062750851, 'micro': 0.9524079856183177, 'binary': 0.3381578947368421, 'accuracy_majority': 0.9446463516913615, 'macro_majority': 0.6688980065565759, 'binary_majority': 0.3667377398720682, 'run_time_millis': 8043.43872400932, 'loss_mean': 0.09590022265911102}
Epoch 7 **** Loss 0.020042384043335915 **** Metrics validation: {'accuracy': 0.9613019207115148, 'f1_weighted': 0.9641660601868769, 'macro': 0.6679786057811398, 'micro': 0.9613019207115148, 'binary': 0.35590551181102364, 'accuracy_majority': 0.9550834032243034, 'macro_majority': 0.6793729962137274, 'binary_majority': 0.3820512820512821, 'run_time_millis': 8034.852932032663, 'loss_mean': 0.11756797879934311}
Epoch 8 **** Loss 3.72575486835558e-05 **** Metrics validation: {'accuracy': 0.9534487652568834, 'f1_weighted': 0.9598907832907314, 'macro': 0.6621033045002767, 'micro': 0.9534487652568834, 'binary': 0.3483443708609271, 'accuracy_majority': 0.9453918553722859, 'macro_majority': 0.6679477322699268, 'binary_majority': 0.36442516268980474, 'run_time_millis': 8031.289500009734, 'loss_mean': 0.11131224036216736}
Epoch 9 **** Loss 2.1038142222096212e-05 **** Metrics validation: {'accuracy': 0.958179581795818, 'f1_weighted': 0.9622598870511154, 'macro': 0.6613073722283962, 'micro': 0.9581795817958179, 'binary': 0.3442136498516321, 'accuracy_majority': 0.9506103811387568, 'macro_majority': 0.6686450137961892, 'binary_majority': 0.3629807692307692, 'run_time_millis': 8119.028928980697, 'loss_mean': 0.12278440594673157}
Evaluating
{'accuracy': 0.9613019207115148, 'f1_weighted': 0.9641660601868769, 'macro': 0.6679786057811398, 'micro': 0.9613019207115148, 'binary': 0.35590551181102364, 'accuracy_majority': 0.9550834032243034, 'macro_majority': 0.6793729962137274, 'binary_majority': 0.3820512820512821, 'run_time_millis': 10062.601597979665, 'loss_mean': 0.11756797879934311}
