Device cuda
Split type sit
Training Size: 44413, NTA labels 38428, YTA labels 5985
Validation Size: 14878, NTA labels 12854, YTA labels 2024
Test Size: 14836, NTA labels 12819, YTA labels 2017
Training with SBERT, model name is sbert
Tokenizing the dataset
Number of training steps 13880
Epoch 0 **** Loss 0.15058165788650513 **** Metrics validation: {'accuracy': 0.8650356230676166, 'f1_weighted': 0.8586701531800902, 'macro': 0.6863250559753145, 'micro': 0.8650356230676166, 'binary': 0.44956140350877194, 'accuracy_majority': 0.9032786885245901, 'macro_majority': 0.7361238656130683, 'binary_majority': 0.5261044176706826, 'run_time_millis': 11726.271400000769, 'loss_mean': 0.1624259650707245}
Epoch 1 **** Loss 0.23856721818447113 **** Metrics validation: {'accuracy': 0.8749159833310929, 'f1_weighted': 0.8602270607354998, 'macro': 0.6737311267258013, 'micro': 0.8749159833310928, 'binary': 0.41752738654147104, 'accuracy_majority': 0.9170081967213115, 'macro_majority': 0.7393148295752892, 'binary_majority': 0.5240893066980024, 'run_time_millis': 10721.92309499951, 'loss_mean': 0.17281809449195862}
Epoch 2 **** Loss 0.1650276631116867 **** Metrics validation: {'accuracy': 0.8685979298292781, 'f1_weighted': 0.8584434311606802, 'macro': 0.67845452677293, 'micro': 0.8685979298292781, 'binary': 0.43118999127145763, 'accuracy_majority': 0.9077868852459017, 'macro_majority': 0.7325832024257479, 'binary_majority': 0.5161290322580644, 'run_time_millis': 11785.475360000419, 'loss_mean': 0.18978361785411835}
Epoch 3 **** Loss 0.14276419579982758 **** Metrics validation: {'accuracy': 0.8617421696464579, 'f1_weighted': 0.8560385524843245, 'macro': 0.6820380627212121, 'micro': 0.8617421696464579, 'binary': 0.4430002707825616, 'accuracy_majority': 0.8981557377049181, 'macro_majority': 0.7262793019657227, 'binary_majority': 0.5093780848963475, 'run_time_millis': 11720.548770001187, 'loss_mean': 0.20697487890720367}
Epoch 4 **** Loss 0.13851656019687653 **** Metrics validation: {'accuracy': 0.862145449657212, 'f1_weighted': 0.8552553741378961, 'macro': 0.6780118637478956, 'micro': 0.8621454496572121, 'binary': 0.43451888613178935, 'accuracy_majority': 0.8997950819672131, 'macro_majority': 0.7253972029483277, 'binary_majority': 0.5065590312815338, 'run_time_millis': 11730.947168000057, 'loss_mean': 0.26725175976753235}
Epoch 5 **** Loss 0.13677147030830383 **** Metrics validation: {'accuracy': 0.8606667562844469, 'f1_weighted': 0.8549908487055011, 'macro': 0.6798624182782078, 'micro': 0.8606667562844469, 'binary': 0.43927508790911546, 'accuracy_majority': 0.8985655737704918, 'macro_majority': 0.7273807937083152, 'binary_majority': 0.5113524185587364, 'run_time_millis': 11733.306632000676, 'loss_mean': 0.2975180745124817}
Epoch 6 **** Loss 0.13863636553287506 **** Metrics validation: {'accuracy': 0.8530716494152439, 'f1_weighted': 0.8505365063875773, 'macro': 0.676766892529165, 'micro': 0.8530716494152439, 'binary': 0.43804627249357325, 'accuracy_majority': 0.8881147540983606, 'macro_majority': 0.7153088790960249, 'binary_majority': 0.4935064935064935, 'run_time_millis': 11731.375710000066, 'loss_mean': 0.30211135745048523}
Epoch 7 **** Loss 0.09411141276359558 **** Metrics validation: {'accuracy': 0.847224089259309, 'f1_weighted': 0.8480226716636197, 'macro': 0.678441349336509, 'micro': 0.847224089259309, 'binary': 0.44547450597706756, 'accuracy_majority': 0.8786885245901639, 'macro_majority': 0.7069040523079521, 'binary_majority': 0.48251748251748255, 'run_time_millis': 11730.170019998695, 'loss_mean': 0.32617929577827454}
Epoch 8 **** Loss 0.09387821704149246 **** Metrics validation: {'accuracy': 0.8526683694044899, 'f1_weighted': 0.8506610368887562, 'macro': 0.6781260277983187, 'micro': 0.8526683694044899, 'binary': 0.4411014788373279, 'accuracy_majority': 0.8870901639344262, 'macro_majority': 0.71478488952221, 'binary_majority': 0.49310027598896045, 'run_time_millis': 10623.071456000616, 'loss_mean': 0.3561307489871979}
Epoch 9 **** Loss 0.08401210606098175 **** Metrics validation: {'accuracy': 0.845947035891921, 'f1_weighted': 0.8468918645827573, 'macro': 0.6763502858867958, 'micro': 0.845947035891921, 'binary': 0.44206426484907496, 'accuracy_majority': 0.8776639344262295, 'macro_majority': 0.7050989709499164, 'binary_majority': 0.47951176983435045, 'run_time_millis': 11731.341123000675, 'loss_mean': 0.3433167040348053}
Evaluating
{'accuracy': 0.8749159833310929, 'f1_weighted': 0.8602270607354998, 'macro': 0.6737311267258013, 'micro': 0.8749159833310928, 'binary': 0.41752738654147104, 'accuracy_majority': 0.9170081967213115, 'macro_majority': 0.7393148295752892, 'binary_majority': 0.5240893066980024, 'run_time_millis': 11771.456348000356, 'loss_mean': 0.17281809449195862}
