Device cuda
Split type sit
Training Size: 46667, NTA labels 44905, YTA labels 1762
Validation Size: 15411, NTA labels 14772, YTA labels 639
Test Size: 15484, NTA labels 14875, YTA labels 609
Training with SBERT, model name is sbert
Tokenizing the dataset
Number of training steps 14590
Epoch 0 **** Loss 0.03803763911128044 **** Metrics validation: {'accuracy': 0.9126597884627863, 'f1_weighted': 0.9296735038748665, 'macro': 0.6722272084584545, 'micro': 0.9126597884627863, 'binary': 0.3915009041591321, 'accuracy_majority': 0.9145957677699403, 'macro_majority': 0.6972111522180304, 'binary_majority': 0.44065387348969437, 'run_time_millis': 8033.471607952379, 'loss_mean': 0.05596458539366722}
Epoch 1 **** Loss 0.04448724165558815 **** Metrics validation: {'accuracy': 0.9386152748037117, 'f1_weighted': 0.945612813897061, 'macro': 0.7032201178031702, 'micro': 0.9386152748037117, 'binary': 0.438908659549229, 'accuracy_majority': 0.9352143244709712, 'macro_majority': 0.7197450817824407, 'binary_majority': 0.4740088105726872, 'run_time_millis': 8030.344363010954, 'loss_mean': 0.054287273436784744}
Epoch 2 **** Loss 0.04014452174305916 **** Metrics validation: {'accuracy': 0.943676594640192, 'f1_weighted': 0.9484405454645851, 'macro': 0.706250196539603, 'micro': 0.943676594640192, 'binary': 0.44215938303341895, 'accuracy_majority': 0.9400976668475312, 'macro_majority': 0.7197573420812888, 'binary_majority': 0.471264367816092, 'run_time_millis': 8024.905033991672, 'loss_mean': 0.06591665744781494}
Epoch 3 **** Loss 0.0340987928211689 **** Metrics validation: {'accuracy': 0.9265459736551813, 'f1_weighted': 0.9381469986934071, 'macro': 0.6874477833031267, 'micro': 0.9265459736551812, 'binary': 0.41407867494824024, 'accuracy_majority': 0.9230602278893109, 'macro_majority': 0.7021609874741346, 'binary_majority': 0.4456606724003127, 'run_time_millis': 8037.255093979184, 'loss_mean': 0.073166623711586}
Epoch 4 **** Loss 0.0010917108738794923 **** Metrics validation: {'accuracy': 0.9355655051586529, 'f1_weighted': 0.9434697622182386, 'macro': 0.6957738309030986, 'micro': 0.9355655051586529, 'binary': 0.4256795835743204, 'accuracy_majority': 0.9326098752034726, 'macro_majority': 0.7117973028528743, 'binary_majority': 0.4595300261096606, 'run_time_millis': 7013.039200974163, 'loss_mean': 0.09167778491973877}
Epoch 5 **** Loss 0.08000641316175461 **** Metrics validation: {'accuracy': 0.9205113230809162, 'f1_weighted': 0.9340976098886474, 'macro': 0.675665589089636, 'micro': 0.9205113230809162, 'binary': 0.39386442355269663, 'accuracy_majority': 0.9163320672816061, 'macro_majority': 0.690395057208214, 'binary_majority': 0.42591213700670144, 'run_time_millis': 8026.771481032483, 'loss_mean': 0.08826469630002975}
Epoch 6 **** Loss 0.00790177471935749 **** Metrics validation: {'accuracy': 0.9431574849133736, 'f1_weighted': 0.9472392634815436, 'macro': 0.6942226998677414, 'micro': 0.9431574849133736, 'binary': 0.41832669322709165, 'accuracy_majority': 0.938903960933261, 'macro_majority': 0.7059501669205762, 'binary_majority': 0.4442250740375124, 'run_time_millis': 8032.902959967032, 'loss_mean': 0.1317836493253708}
Epoch 7 **** Loss 0.015428765676915646 **** Metrics validation: {'accuracy': 0.9462072545584322, 'f1_weighted': 0.9487508531735701, 'macro': 0.6937956813455991, 'micro': 0.9462072545584322, 'binary': 0.4157857646229739, 'accuracy_majority': 0.942919153553988, 'macro_majority': 0.7098444646750726, 'binary_majority': 0.44979079497907953, 'run_time_millis': 8029.412798990961, 'loss_mean': 0.1465672254562378}
Epoch 8 **** Loss 2.0305338694015518e-05 **** Metrics validation: {'accuracy': 0.9390046070988255, 'f1_weighted': 0.9444897871858261, 'macro': 0.6860829532872232, 'micro': 0.9390046070988255, 'binary': 0.4043092522179975, 'accuracy_majority': 0.9347802495930548, 'macro_majority': 0.7000065705652435, 'binary_majority': 0.4346190028222013, 'run_time_millis': 8027.91539800819, 'loss_mean': 0.14335840940475464}
Epoch 9 **** Loss 0.01579066924750805 **** Metrics validation: {'accuracy': 0.9436117059243397, 'f1_weighted': 0.9472811995738277, 'macro': 0.6918085210112086, 'micro': 0.9436117059243397, 'binary': 0.4132343011478731, 'accuracy_majority': 0.939880629408573, 'macro_majority': 0.7054412965519661, 'binary_majority': 0.4426559356136821, 'run_time_millis': 8031.373136967886, 'loss_mean': 0.15470856428146362}
Evaluating
{'accuracy': 0.9462072545584322, 'f1_weighted': 0.9487508531735701, 'macro': 0.6937956813455991, 'micro': 0.9462072545584322, 'binary': 0.4157857646229739, 'accuracy_majority': 0.942919153553988, 'macro_majority': 0.7098444646750726, 'binary_majority': 0.44979079497907953, 'run_time_millis': 8034.674126014579, 'loss_mean': 0.1465672254562378}
