Device cuda
DATASET: GE'sadness, MODEL: uid, 
Split type sit
DATASET: GE'sadness, MODEL: uid, PERCENTAGE: 0.9, NUM_COMMENTS_PER_ANNO: 855
Training Size: 42750, NTA labels 41375, YTA labels 1375
Validation Size: 39154, NTA labels 37966, YTA labels 1188
Test Size: 39360, NTA labels 38186, YTA labels 1174
Training with SBERT, model name is sbert
Tokenizing the dataset
Number of training steps 13360
Epoch 0 **** Loss 0.0828121230006218 **** Metrics validation: {'accuracy': 0.9410021964550237, 'f1_weighted': 0.9511469510184046, 'macro': 0.674363728962006, 'micro': 0.9410021964550237, 'binary': 0.3796992481203008, 'accuracy_majority': 0.9490121646104737, 'macro_majority': 0.688500137850087, 'binary_majority': 0.40363269424823406, 'run_time_millis': 16400.97888998571, 'loss_mean': 0.042573269456624985}
Epoch 1 **** Loss 0.09465473145246506 **** Metrics validation: {'accuracy': 0.9197016907595648, 'f1_weighted': 0.9383464069838471, 'macro': 0.6453056491647643, 'micro': 0.9197016907595648, 'binary': 0.33333333333333337, 'accuracy_majority': 0.9261495988266759, 'macro_majority': 0.6455619113593989, 'binary_majority': 0.33020344287949915, 'run_time_millis': 16516.48840197595, 'loss_mean': 0.04326995462179184}
Epoch 2 **** Loss 0.042409975081682205 **** Metrics validation: {'accuracy': 0.9082596924962967, 'f1_weighted': 0.9316902267379886, 'macro': 0.63576708513739, 'micro': 0.9082596924962967, 'binary': 0.3207261724659607, 'accuracy_majority': 0.9122595116901044, 'macro_majority': 0.6266325062744207, 'binary_majority': 0.30006882312456984, 'run_time_millis': 16383.458941010758, 'loss_mean': 0.04633265361189842}
Epoch 3 **** Loss 0.0135377561673522 **** Metrics validation: {'accuracy': 0.9290238545231649, 'f1_weighted': 0.9440408989016437, 'macro': 0.6592049741199564, 'micro': 0.9290238545231649, 'binary': 0.35596755504055616, 'accuracy_majority': 0.9336554223104132, 'macro_majority': 0.6575008001016875, 'binary_majority': 0.34995773457311913, 'run_time_millis': 16396.900195017224, 'loss_mean': 0.05989523604512215}
Epoch 4 **** Loss 0.035864632576704025 **** Metrics validation: {'accuracy': 0.9198804719824284, 'f1_weighted': 0.9386709385593226, 'macro': 0.6496388265706073, 'micro': 0.9198804719824284, 'binary': 0.341934130480386, 'accuracy_majority': 0.9218359071693555, 'macro_majority': 0.6401920821910148, 'binary_majority': 0.3218562874251497, 'run_time_millis': 14375.404309976147, 'loss_mean': 0.060787323862314224}
Epoch 5 **** Loss 0.03658285364508629 **** Metrics validation: {'accuracy': 0.9251672881442509, 'f1_weighted': 0.9417973466238599, 'macro': 0.6554582591879704, 'micro': 0.9251672881442509, 'binary': 0.35062056737588654, 'accuracy_majority': 0.9298593736519714, 'macro_majority': 0.651262147606583, 'binary_majority': 0.3395613322502031, 'run_time_millis': 16407.6607869938, 'loss_mean': 0.07229547202587128}
Epoch 6 **** Loss 0.03190787881612778 **** Metrics validation: {'accuracy': 0.937988455841038, 'f1_weighted': 0.9495047740787644, 'macro': 0.6730379645832645, 'micro': 0.937988455841038, 'binary': 0.3787103377686796, 'accuracy_majority': 0.9428004486239323, 'macro_majority': 0.6754836528252475, 'binary_majority': 0.3809523809523809, 'run_time_millis': 16582.795216003433, 'loss_mean': 0.08120916783809662}
Epoch 7 **** Loss 0.02887517772614956 **** Metrics validation: {'accuracy': 0.9400572099913164, 'f1_weighted': 0.9507922741905243, 'macro': 0.6768060208119907, 'micro': 0.9400572099913164, 'binary': 0.3851192035630076, 'accuracy_majority': 0.9428004486239323, 'macro_majority': 0.6731596393186142, 'binary_majority': 0.37629350893697083, 'run_time_millis': 16381.639096012805, 'loss_mean': 0.09316807240247726}
Epoch 8 **** Loss 0.0323583148419857 **** Metrics validation: {'accuracy': 0.9311947693722225, 'f1_weighted': 0.9454205252847908, 'macro': 0.6635267478319665, 'micro': 0.9311947693722225, 'binary': 0.363421550094518, 'accuracy_majority': 0.9343456129755845, 'macro_majority': 0.658329691290748, 'binary_majority': 0.351236146632566, 'run_time_millis': 16387.080912012607, 'loss_mean': 0.08577761054039001}
Epoch 9 **** Loss 0.026514239609241486 **** Metrics validation: {'accuracy': 0.941972723093426, 'f1_weighted': 0.9519230971423407, 'macro': 0.6792294631848295, 'micro': 0.941972723093426, 'binary': 0.38891877353415816, 'accuracy_majority': 0.945906306617203, 'macro_majority': 0.6794006367470291, 'binary_majority': 0.3870967741935484, 'run_time_millis': 16418.24893699959, 'loss_mean': 0.09652288258075714}
Evaluating
{'accuracy': 0.941972723093426, 'f1_weighted': 0.9519230971423407, 'macro': 0.6792294631848295, 'micro': 0.941972723093426, 'binary': 0.38891877353415816, 'accuracy_majority': 0.945906306617203, 'macro_majority': 0.6794006367470291, 'binary_majority': 0.3870967741935484, 'run_time_millis': 14371.598819008796, 'loss_mean': 0.09652288258075714}
Device cuda
DATASET: GE'sadness, MODEL: uid, 
Split type sit
DATASET: GE'sadness, MODEL: uid, PERCENTAGE: 1.0, NUM_COMMENTS_PER_ANNO: 951
Training Size: 47550, NTA labels 46036, YTA labels 1514
Validation Size: 39154, NTA labels 37966, YTA labels 1188
Test Size: 39360, NTA labels 38186, YTA labels 1174
Training with SBERT, model name is sbert
Tokenizing the dataset
Number of training steps 14860
Epoch 0 **** Loss 0.03896373510360718 **** Metrics validation: {'accuracy': 0.9396996475455892, 'f1_weighted': 0.9503164822144148, 'macro': 0.6716113105869588, 'micro': 0.9396996475455892, 'binary': 0.374900714853058, 'accuracy_majority': 0.9475455094469847, 'macro_majority': 0.6852989141598627, 'binary_majority': 0.39801980198019793, 'run_time_millis': 16425.789497996448, 'loss_mean': 0.042853519320487976}
Epoch 1 **** Loss 0.13114933669567108 **** Metrics validation: {'accuracy': 0.9375031925218369, 'f1_weighted': 0.9491846280100127, 'macro': 0.6718316038756545, 'micro': 0.9375031925218369, 'binary': 0.37656050955414017, 'accuracy_majority': 0.9437494607885428, 'macro_majority': 0.6794434055196598, 'binary_majority': 0.38836772983114437, 'run_time_millis': 15417.896138998913, 'loss_mean': 0.04100721701979637}
Epoch 2 **** Loss 0.025284582749009132 **** Metrics validation: {'accuracy': 0.9378862951422587, 'f1_weighted': 0.9496130549866608, 'macro': 0.6759539347091125, 'micro': 0.9378862951422587, 'binary': 0.38461538461538464, 'accuracy_majority': 0.9465964972823743, 'macro_majority': 0.6817100937569107, 'binary_majority': 0.3913470993117011, 'run_time_millis': 14379.132577014389, 'loss_mean': 0.043632280081510544}
Epoch 3 **** Loss 0.04240500554442406 **** Metrics validation: {'accuracy': 0.9281810287582367, 'f1_weighted': 0.9437471953685981, 'macro': 0.6620087723391348, 'micro': 0.9281810287582367, 'binary': 0.36206896551724144, 'accuracy_majority': 0.9323613148132172, 'macro_majority': 0.656042476975741, 'binary_majority': 0.3477537437603993, 'run_time_millis': 16438.608016993385, 'loss_mean': 0.05478465184569359}
Epoch 4 **** Loss 0.06477881222963333 **** Metrics validation: {'accuracy': 0.9361495632630127, 'f1_weighted': 0.948650697574031, 'macro': 0.6749800322819852, 'micro': 0.9361495632630127, 'binary': 0.383629191321499, 'accuracy_majority': 0.9409886981278578, 'macro_majority': 0.6730382652228006, 'binary_majority': 0.3770491803278688, 'run_time_millis': 16430.04228398786, 'loss_mean': 0.0631418451666832}
Epoch 5 **** Loss 0.031773973256349564 **** Metrics validation: {'accuracy': 0.9313224702456965, 'f1_weighted': 0.9456070359208559, 'macro': 0.6657147842421057, 'micro': 0.9313224702456965, 'binary': 0.36774041852809786, 'accuracy_majority': 0.9341730653092917, 'macro_majority': 0.6585338892431376, 'binary_majority': 0.35174171622769757, 'run_time_millis': 14666.811503004283, 'loss_mean': 0.06952396780252457}
Epoch 6 **** Loss 0.04185928776860237 **** Metrics validation: {'accuracy': 0.9467998161107422, 'f1_weighted': 0.9550142206003102, 'macro': 0.6897733353348747, 'micro': 0.9467998161107422, 'binary': 0.40739687055476537, 'accuracy_majority': 0.9522042964368906, 'macro_majority': 0.6947308841879556, 'binary_majority': 0.41437632135306557, 'run_time_millis': 16413.76997597399, 'loss_mean': 0.0923529639840126}
Epoch 7 **** Loss 0.006427437998354435 **** Metrics validation: {'accuracy': 0.9405169331358226, 'f1_weighted': 0.951071292863395, 'macro': 0.6775207346811134, 'micro': 0.9405169331358226, 'binary': 0.3862977602108037, 'accuracy_majority': 0.9451298421188853, 'macro_majority': 0.6763074116135759, 'binary_majority': 0.38132295719844356, 'run_time_millis': 16424.957290990278, 'loss_mean': 0.08899419009685516}
Epoch 8 **** Loss 0.01788994111120701 **** Metrics validation: {'accuracy': 0.9515758287786689, 'f1_weighted': 0.9578662839505482, 'macro': 0.6967484957887182, 'micro': 0.9515758287786689, 'binary': 0.4187614960147149, 'accuracy_majority': 0.9563454404279182, 'macro_majority': 0.7024545958913588, 'binary_majority': 0.42760180995475117, 'run_time_millis': 16403.770901000826, 'loss_mean': 0.10280819237232208}
Epoch 9 **** Loss 0.009715409949421883 **** Metrics validation: {'accuracy': 0.9486642488634622, 'f1_weighted': 0.9561321350478693, 'macro': 0.6925487203740441, 'micro': 0.9486642488634622, 'binary': 0.41193680514921, 'accuracy_majority': 0.9534984039340868, 'macro_majority': 0.6965400985295849, 'binary_majority': 0.41729729729729725, 'run_time_millis': 14402.428775007138, 'loss_mean': 0.10051458328962326}
Evaluating
{'accuracy': 0.9515758287786689, 'f1_weighted': 0.9578662839505482, 'macro': 0.6967484957887182, 'micro': 0.9515758287786689, 'binary': 0.4187614960147149, 'accuracy_majority': 0.9563454404279182, 'macro_majority': 0.7024545958913588, 'binary_majority': 0.42760180995475117, 'run_time_millis': 14398.075957986293, 'loss_mean': 0.10280819237232208}
