______________________________	 Running Epoch 1 of 10 	______________________________
[Training] Itteration/Batch:   0/325: Loss: 0.88 | Accuracy: 0.12
[Training] Itteration/Batch:  25/325: Loss: 0.60 | Accuracy: 0.88
[Training] Itteration/Batch:  50/325: Loss: 0.32 | Accuracy: 1.00
[Training] Itteration/Batch:  75/325: Loss: 0.41 | Accuracy: 0.94
[Training] Itteration/Batch: 100/325: Loss: 0.53 | Accuracy: 0.88
[Training] Itteration/Batch: 125/325: Loss: 0.20 | Accuracy: 1.00
[Training] Itteration/Batch: 150/325: Loss: 0.21 | Accuracy: 0.94
[Training] Itteration/Batch: 175/325: Loss: 0.71 | Accuracy: 0.88
[Training] Itteration/Batch: 200/325: Loss: 0.42 | Accuracy: 0.88
[Training] Itteration/Batch: 225/325: Loss: 0.26 | Accuracy: 1.00
[Training] Itteration/Batch: 250/325: Loss: 0.37 | Accuracy: 0.94
[Training] Itteration/Batch: 275/325: Loss: 0.40 | Accuracy: 0.81
[Training] Itteration/Batch: 300/325: Loss: 0.38 | Accuracy: 0.94

Epoch 1: Val Bin. F1 Majority 0.4714003801345825 | Val Macro F1 Majority 0.7090388363154594 |             Val Bin F1 Individual 0.379437655210495 | Val Macro F1 Individual 0.6518911923306993 |             Val Accuracy Majority 0.9031267166137695 | Val Accuracy Individual 0.8651317954063416 | Training Loss:0.5246506929397583 |             Val Loss 0.40689003467559814 | Train Runtime Millis 23807.390599977225 | Val Runtime Millis 11026.3331590686

______________________________	 Running Epoch 2 of 10 	______________________________
[Training] Itteration/Batch:   0/325: Loss: 0.25 | Accuracy: 0.94
[Training] Itteration/Batch:  25/325: Loss: 0.48 | Accuracy: 0.94
[Training] Itteration/Batch:  50/325: Loss: 0.13 | Accuracy: 1.00
[Training] Itteration/Batch:  75/325: Loss: 0.29 | Accuracy: 0.88
[Training] Itteration/Batch: 100/325: Loss: 0.41 | Accuracy: 0.81
[Training] Itteration/Batch: 125/325: Loss: 0.25 | Accuracy: 0.88
[Training] Itteration/Batch: 150/325: Loss: 0.25 | Accuracy: 0.94
[Training] Itteration/Batch: 175/325: Loss: 0.42 | Accuracy: 0.88
[Training] Itteration/Batch: 200/325: Loss: 0.33 | Accuracy: 1.00
[Training] Itteration/Batch: 225/325: Loss: 0.35 | Accuracy: 0.88
[Training] Itteration/Batch: 250/325: Loss: 0.40 | Accuracy: 0.94
[Training] Itteration/Batch: 275/325: Loss: 0.22 | Accuracy: 1.00
[Training] Itteration/Batch: 300/325: Loss: 0.47 | Accuracy: 0.69

Epoch 2: Val Bin. F1 Majority 0.4855813980102539 | Val Macro F1 Majority 0.7151157902577436 |             Val Bin F1 Individual 0.3963233232498169 | Val Macro F1 Individual 0.6592632923225799 |             Val Accuracy Majority 0.9000542163848877 | Val Accuracy Individual 0.8621690273284912 | Training Loss:0.375314325094223 |             Val Loss 0.42312830686569214 | Train Runtime Millis 23908.752435003407 | Val Runtime Millis 11047.993325046264

______________________________	 Running Epoch 3 of 10 	______________________________
[Training] Itteration/Batch:   0/325: Loss: 0.17 | Accuracy: 0.94
[Training] Itteration/Batch:  25/325: Loss: 0.11 | Accuracy: 0.94
[Training] Itteration/Batch:  50/325: Loss: 0.17 | Accuracy: 0.94
[Training] Itteration/Batch:  75/325: Loss: 0.36 | Accuracy: 0.94
[Training] Itteration/Batch: 100/325: Loss: 0.20 | Accuracy: 0.88
[Training] Itteration/Batch: 125/325: Loss: 0.02 | Accuracy: 1.00
[Training] Itteration/Batch: 150/325: Loss: 0.27 | Accuracy: 0.94
[Training] Itteration/Batch: 175/325: Loss: 0.80 | Accuracy: 0.81
[Training] Itteration/Batch: 200/325: Loss: 0.29 | Accuracy: 0.88
[Training] Itteration/Batch: 225/325: Loss: 0.24 | Accuracy: 0.88
[Training] Itteration/Batch: 250/325: Loss: 0.17 | Accuracy: 0.94
[Training] Itteration/Batch: 275/325: Loss: 0.96 | Accuracy: 0.88
[Training] Itteration/Batch: 300/325: Loss: 0.37 | Accuracy: 0.88

Epoch 3: Val Bin. F1 Majority 0.48184818029403687 | Val Macro F1 Majority 0.6998289191289562 |             Val Bin F1 Individual 0.43973615765571594 | Val Macro F1 Individual 0.6687165772728778 |             Val Accuracy Majority 0.8581239581108093 | Val Accuracy Individual 0.8269860148429871 | Training Loss:0.25405940413475037 |             Val Loss 0.42749977111816406 | Train Runtime Millis 24188.191366032697 | Val Runtime Millis 11155.334371025674

______________________________	 Running Epoch 1 of 10 	______________________________
[Training] Itteration/Batch:   0/389: Loss: 0.85 | Accuracy: 0.06
[Training] Itteration/Batch:  25/389: Loss: 0.69 | Accuracy: 0.88
[Training] Itteration/Batch:  50/389: Loss: 0.65 | Accuracy: 0.88
[Training] Itteration/Batch:  75/389: Loss: 0.56 | Accuracy: 0.88
[Training] Itteration/Batch: 100/389: Loss: 0.87 | Accuracy: 0.75
[Training] Itteration/Batch: 125/389: Loss: 0.49 | Accuracy: 0.88
[Training] Itteration/Batch: 150/389: Loss: 0.76 | Accuracy: 0.81
[Training] Itteration/Batch: 175/389: Loss: 0.23 | Accuracy: 0.94
[Training] Itteration/Batch: 200/389: Loss: 0.73 | Accuracy: 0.56
[Training] Itteration/Batch: 225/389: Loss: 0.41 | Accuracy: 0.81
[Training] Itteration/Batch: 250/389: Loss: 0.34 | Accuracy: 0.94
[Training] Itteration/Batch: 275/389: Loss: 0.24 | Accuracy: 0.88
[Training] Itteration/Batch: 300/389: Loss: 1.00 | Accuracy: 0.75
[Training] Itteration/Batch: 325/389: Loss: 0.61 | Accuracy: 0.75
[Training] Itteration/Batch: 350/389: Loss: 0.22 | Accuracy: 0.94
[Training] Itteration/Batch: 375/389: Loss: 0.40 | Accuracy: 0.88

Epoch 1: Val Bin. F1 Majority 0.4791344702243805 | Val Macro F1 Majority 0.7050809460332363 |             Val Bin F1 Individual 0.42216601967811584 | Val Macro F1 Individual 0.6662927890729975 |             Val Accuracy Majority 0.8781854510307312 | Val Accuracy Individual 0.8448861241340637 | Training Loss:0.5147466063499451 |             Val Loss 0.3960082530975342 | Train Runtime Millis 28690.036977059208 | Val Runtime Millis 11050.871392013505

______________________________	 Running Epoch 2 of 10 	______________________________
[Training] Itteration/Batch:   0/389: Loss: 0.15 | Accuracy: 1.00
[Training] Itteration/Batch:  25/389: Loss: 0.13 | Accuracy: 0.94
[Training] Itteration/Batch:  50/389: Loss: 0.20 | Accuracy: 1.00
[Training] Itteration/Batch:  75/389: Loss: 0.42 | Accuracy: 0.75
[Training] Itteration/Batch: 100/389: Loss: 0.54 | Accuracy: 0.88
[Training] Itteration/Batch: 125/389: Loss: 0.75 | Accuracy: 0.88
[Training] Itteration/Batch: 150/389: Loss: 0.40 | Accuracy: 0.75
[Training] Itteration/Batch: 175/389: Loss: 0.25 | Accuracy: 0.88
[Training] Itteration/Batch: 200/389: Loss: 0.30 | Accuracy: 0.88
[Training] Itteration/Batch: 225/389: Loss: 0.83 | Accuracy: 0.69
[Training] Itteration/Batch: 250/389: Loss: 0.54 | Accuracy: 0.88
[Training] Itteration/Batch: 275/389: Loss: 1.05 | Accuracy: 0.81
[Training] Itteration/Batch: 300/389: Loss: 0.51 | Accuracy: 0.81
[Training] Itteration/Batch: 325/389: Loss: 0.29 | Accuracy: 0.88
[Training] Itteration/Batch: 350/389: Loss: 0.25 | Accuracy: 0.88
[Training] Itteration/Batch: 375/389: Loss: 0.11 | Accuracy: 1.00

Epoch 2: Val Bin. F1 Majority 0.4628647267818451 | Val Macro F1 Majority 0.6890594793867734 |             Val Bin F1 Individual 0.4288012981414795 | Val Macro F1 Individual 0.6626325065279894 |             Val Accuracy Majority 0.8536056280136108 | Val Accuracy Individual 0.8247022032737732 | Training Loss:0.36890268325805664 |             Val Loss 0.391887903213501 | Train Runtime Millis 29062.32327595353 | Val Runtime Millis 11062.359476927668

______________________________	 Running Epoch 3 of 10 	______________________________
[Training] Itteration/Batch:   0/389: Loss: 0.19 | Accuracy: 0.88
[Training] Itteration/Batch:  25/389: Loss: 0.24 | Accuracy: 0.94
[Training] Itteration/Batch:  50/389: Loss: 0.61 | Accuracy: 0.81
[Training] Itteration/Batch:  75/389: Loss: 0.12 | Accuracy: 0.94
[Training] Itteration/Batch: 100/389: Loss: 0.04 | Accuracy: 1.00
[Training] Itteration/Batch: 125/389: Loss: 0.24 | Accuracy: 0.88
[Training] Itteration/Batch: 150/389: Loss: 0.40 | Accuracy: 0.88
[Training] Itteration/Batch: 175/389: Loss: 0.35 | Accuracy: 0.94
[Training] Itteration/Batch: 200/389: Loss: 0.03 | Accuracy: 1.00
[Training] Itteration/Batch: 225/389: Loss: 0.16 | Accuracy: 1.00
[Training] Itteration/Batch: 250/389: Loss: 0.50 | Accuracy: 0.88
[Training] Itteration/Batch: 275/389: Loss: 0.08 | Accuracy: 1.00
[Training] Itteration/Batch: 300/389: Loss: 0.06 | Accuracy: 1.00
[Training] Itteration/Batch: 325/389: Loss: 0.21 | Accuracy: 0.88
[Training] Itteration/Batch: 350/389: Loss: 0.13 | Accuracy: 0.94
[Training] Itteration/Batch: 375/389: Loss: 0.07 | Accuracy: 0.94

Epoch 3: Val Bin. F1 Majority 0.48027682304382324 | Val Macro F1 Majority 0.7011092013613531 |             Val Bin F1 Individual 0.43520066142082214 | Val Macro F1 Individual 0.6686829617202295 |             Val Accuracy Majority 0.864268958568573 | Val Accuracy Individual 0.8332201838493347 | Training Loss:0.24773238599300385 |             Val Loss 0.43922415375709534 | Train Runtime Millis 28742.4261769047 | Val Runtime Millis 11030.540794949047

______________________________	 Running Epoch 1 of 10 	______________________________
[Training] Itteration/Batch:   0/454: Loss: 0.99 | Accuracy: 0.31
[Training] Itteration/Batch:  25/454: Loss: 0.37 | Accuracy: 0.94
[Training] Itteration/Batch:  50/454: Loss: 0.42 | Accuracy: 0.94
[Training] Itteration/Batch:  75/454: Loss: 0.86 | Accuracy: 0.75
[Training] Itteration/Batch: 100/454: Loss: 0.68 | Accuracy: 0.75
[Training] Itteration/Batch: 125/454: Loss: 0.23 | Accuracy: 1.00
[Training] Itteration/Batch: 150/454: Loss: 0.47 | Accuracy: 0.88
[Training] Itteration/Batch: 175/454: Loss: 0.57 | Accuracy: 0.81
[Training] Itteration/Batch: 200/454: Loss: 0.35 | Accuracy: 0.94
[Training] Itteration/Batch: 225/454: Loss: 0.40 | Accuracy: 0.94
[Training] Itteration/Batch: 250/454: Loss: 0.33 | Accuracy: 1.00
[Training] Itteration/Batch: 275/454: Loss: 0.42 | Accuracy: 0.88
[Training] Itteration/Batch: 300/454: Loss: 0.76 | Accuracy: 0.88
[Training] Itteration/Batch: 325/454: Loss: 0.33 | Accuracy: 0.81
[Training] Itteration/Batch: 350/454: Loss: 0.43 | Accuracy: 0.75
[Training] Itteration/Batch: 375/454: Loss: 0.34 | Accuracy: 0.81
[Training] Itteration/Batch: 400/454: Loss: 0.31 | Accuracy: 0.81
[Training] Itteration/Batch: 425/454: Loss: 0.20 | Accuracy: 1.00
[Training] Itteration/Batch: 450/454: Loss: 0.27 | Accuracy: 0.81

Epoch 1: Val Bin. F1 Majority 0.4617253839969635 | Val Macro F1 Majority 0.6838350965991027 |             Val Bin F1 Individual 0.4396872818470001 | Val Macro F1 Individual 0.6641647583322796 |             Val Accuracy Majority 0.8398698568344116 | Val Accuracy Individual 0.814208984375 | Training Loss:0.509562611579895 |             Val Loss 0.40762147307395935 | Train Runtime Millis 33816.0902740201 | Val Runtime Millis 11149.65454803314

______________________________	 Running Epoch 2 of 10 	______________________________
[Training] Itteration/Batch:   0/454: Loss: 0.69 | Accuracy: 0.75
[Training] Itteration/Batch:  25/454: Loss: 0.23 | Accuracy: 0.94
[Training] Itteration/Batch:  50/454: Loss: 0.26 | Accuracy: 0.94
[Training] Itteration/Batch:  75/454: Loss: 0.30 | Accuracy: 0.94
[Training] Itteration/Batch: 100/454: Loss: 0.20 | Accuracy: 1.00
[Training] Itteration/Batch: 125/454: Loss: 0.87 | Accuracy: 0.81
[Training] Itteration/Batch: 150/454: Loss: 0.29 | Accuracy: 0.94
[Training] Itteration/Batch: 175/454: Loss: 0.26 | Accuracy: 1.00
[Training] Itteration/Batch: 200/454: Loss: 0.10 | Accuracy: 1.00
[Training] Itteration/Batch: 225/454: Loss: 0.33 | Accuracy: 0.88
[Training] Itteration/Batch: 250/454: Loss: 0.38 | Accuracy: 0.81
[Training] Itteration/Batch: 275/454: Loss: 0.73 | Accuracy: 0.88
[Training] Itteration/Batch: 300/454: Loss: 0.26 | Accuracy: 0.88
[Training] Itteration/Batch: 325/454: Loss: 0.15 | Accuracy: 0.94
[Training] Itteration/Batch: 350/454: Loss: 0.31 | Accuracy: 0.88
[Training] Itteration/Batch: 375/454: Loss: 0.63 | Accuracy: 0.88
[Training] Itteration/Batch: 400/454: Loss: 0.08 | Accuracy: 1.00
[Training] Itteration/Batch: 425/454: Loss: 0.16 | Accuracy: 0.94
[Training] Itteration/Batch: 450/454: Loss: 0.37 | Accuracy: 0.81

Epoch 2: Val Bin. F1 Majority 0.4386536478996277 | Val Macro F1 Majority 0.6632773824221005 |             Val Bin F1 Individual 0.4321153163909912 | Val Macro F1 Individual 0.6519783742513878 |             Val Accuracy Majority 0.8131212592124939 | Val Accuracy Individual 0.790877103805542 | Training Loss:0.3788471221923828 |             Val Loss 0.40813517570495605 | Train Runtime Millis 34098.03383809049 | Val Runtime Millis 11024.271770962514

______________________________	 Running Epoch 3 of 10 	______________________________
[Training] Itteration/Batch:   0/454: Loss: 0.39 | Accuracy: 0.81
[Training] Itteration/Batch:  25/454: Loss: 0.22 | Accuracy: 1.00
[Training] Itteration/Batch:  50/454: Loss: 0.13 | Accuracy: 1.00
[Training] Itteration/Batch:  75/454: Loss: 0.23 | Accuracy: 0.94
[Training] Itteration/Batch: 100/454: Loss: 0.16 | Accuracy: 0.94
[Training] Itteration/Batch: 125/454: Loss: 0.18 | Accuracy: 0.94
[Training] Itteration/Batch: 150/454: Loss: 0.25 | Accuracy: 0.88
[Training] Itteration/Batch: 175/454: Loss: 0.19 | Accuracy: 0.94
[Training] Itteration/Batch: 200/454: Loss: 0.21 | Accuracy: 0.88
[Training] Itteration/Batch: 225/454: Loss: 0.43 | Accuracy: 0.75
[Training] Itteration/Batch: 250/454: Loss: 0.06 | Accuracy: 1.00
[Training] Itteration/Batch: 275/454: Loss: 0.12 | Accuracy: 0.88
[Training] Itteration/Batch: 300/454: Loss: 0.15 | Accuracy: 1.00
[Training] Itteration/Batch: 325/454: Loss: 0.50 | Accuracy: 0.94
[Training] Itteration/Batch: 350/454: Loss: 0.14 | Accuracy: 0.94
[Training] Itteration/Batch: 375/454: Loss: 0.06 | Accuracy: 1.00
[Training] Itteration/Batch: 400/454: Loss: 0.24 | Accuracy: 0.94
[Training] Itteration/Batch: 425/454: Loss: 0.28 | Accuracy: 0.94
[Training] Itteration/Batch: 450/454: Loss: 0.35 | Accuracy: 0.88

Epoch 3: Val Bin. F1 Majority 0.4858756959438324 | Val Macro F1 Majority 0.7105271479073854 |             Val Bin F1 Individual 0.4140568971633911 | Val Macro F1 Individual 0.6636002617992193 |             Val Accuracy Majority 0.884872555732727 | Val Accuracy Individual 0.8487130403518677 | Training Loss:0.25888121128082275 |             Val Loss 0.4287140667438507 | Train Runtime Millis 33486.33239604533 | Val Runtime Millis 11023.183905985206

______________________________	 Running Epoch 1 of 10 	______________________________
[Training] Itteration/Batch:   0/520: Loss: 0.79 | Accuracy: 0.00
[Training] Itteration/Batch:  25/520: Loss: 0.32 | Accuracy: 1.00
[Training] Itteration/Batch:  50/520: Loss: 0.40 | Accuracy: 0.94
[Training] Itteration/Batch:  75/520: Loss: 0.68 | Accuracy: 0.81
[Training] Itteration/Batch: 100/520: Loss: 0.25 | Accuracy: 1.00
[Training] Itteration/Batch: 125/520: Loss: 0.16 | Accuracy: 1.00
[Training] Itteration/Batch: 150/520: Loss: 0.41 | Accuracy: 0.88
[Training] Itteration/Batch: 175/520: Loss: 0.40 | Accuracy: 0.94
[Training] Itteration/Batch: 200/520: Loss: 0.64 | Accuracy: 0.75
[Training] Itteration/Batch: 225/520: Loss: 0.37 | Accuracy: 0.88
[Training] Itteration/Batch: 250/520: Loss: 0.42 | Accuracy: 0.81
[Training] Itteration/Batch: 275/520: Loss: 0.30 | Accuracy: 1.00
[Training] Itteration/Batch: 300/520: Loss: 0.64 | Accuracy: 0.88
[Training] Itteration/Batch: 325/520: Loss: 0.36 | Accuracy: 0.75
[Training] Itteration/Batch: 350/520: Loss: 0.39 | Accuracy: 0.69
[Training] Itteration/Batch: 375/520: Loss: 0.41 | Accuracy: 0.88
[Training] Itteration/Batch: 400/520: Loss: 0.38 | Accuracy: 0.88
[Training] Itteration/Batch: 425/520: Loss: 0.40 | Accuracy: 0.75
[Training] Itteration/Batch: 450/520: Loss: 0.55 | Accuracy: 0.94
[Training] Itteration/Batch: 475/520: Loss: 0.31 | Accuracy: 1.00
[Training] Itteration/Batch: 500/520: Loss: 0.18 | Accuracy: 0.94

Epoch 1: Val Bin. F1 Majority 0.46396705508232117 | Val Macro F1 Majority 0.6913445435112773 |             Val Bin F1 Individual 0.427712082862854 | Val Macro F1 Individual 0.6638397308838238 |             Val Accuracy Majority 0.85884690284729 | Val Accuracy Individual 0.829701840877533 | Training Loss:0.49322807788848877 |             Val Loss 0.39360082149505615 | Train Runtime Millis 37974.456362077035 | Val Runtime Millis 11015.94660198316

______________________________	 Running Epoch 2 of 10 	______________________________
[Training] Itteration/Batch:   0/520: Loss: 0.11 | Accuracy: 1.00
[Training] Itteration/Batch:  25/520: Loss: 0.75 | Accuracy: 0.69
[Training] Itteration/Batch:  50/520: Loss: 0.17 | Accuracy: 0.94
[Training] Itteration/Batch:  75/520: Loss: 0.52 | Accuracy: 0.88
[Training] Itteration/Batch: 100/520: Loss: 0.26 | Accuracy: 0.81
[Training] Itteration/Batch: 125/520: Loss: 0.21 | Accuracy: 0.88
[Training] Itteration/Batch: 150/520: Loss: 0.32 | Accuracy: 0.81
[Training] Itteration/Batch: 175/520: Loss: 0.13 | Accuracy: 1.00
[Training] Itteration/Batch: 200/520: Loss: 0.98 | Accuracy: 0.75
[Training] Itteration/Batch: 225/520: Loss: 0.18 | Accuracy: 1.00
[Training] Itteration/Batch: 250/520: Loss: 0.45 | Accuracy: 0.81
[Training] Itteration/Batch: 275/520: Loss: 0.33 | Accuracy: 0.94
[Training] Itteration/Batch: 300/520: Loss: 0.34 | Accuracy: 0.75
[Training] Itteration/Batch: 325/520: Loss: 0.39 | Accuracy: 0.81
[Training] Itteration/Batch: 350/520: Loss: 0.36 | Accuracy: 0.75
[Training] Itteration/Batch: 375/520: Loss: 0.27 | Accuracy: 0.88
[Training] Itteration/Batch: 400/520: Loss: 0.46 | Accuracy: 0.81
[Training] Itteration/Batch: 425/520: Loss: 0.18 | Accuracy: 0.88
[Training] Itteration/Batch: 450/520: Loss: 0.25 | Accuracy: 0.88
[Training] Itteration/Batch: 475/520: Loss: 0.40 | Accuracy: 0.75
[Training] Itteration/Batch: 500/520: Loss: 0.13 | Accuracy: 1.00

Epoch 2: Val Bin. F1 Majority 0.4856512248516083 | Val Macro F1 Majority 0.7068206621788832 |             Val Bin F1 Individual 0.43539512157440186 | Val Macro F1 Individual 0.6716621641683136 |             Val Accuracy Majority 0.8736670613288879 | Val Accuracy Individual 0.8416764140129089 | Training Loss:0.3599543273448944 |             Val Loss 0.3814794421195984 | Train Runtime Millis 38145.20454092417 | Val Runtime Millis 11137.456135009415

______________________________	 Running Epoch 3 of 10 	______________________________
[Training] Itteration/Batch:   0/520: Loss: 0.15 | Accuracy: 1.00
[Training] Itteration/Batch:  25/520: Loss: 0.29 | Accuracy: 0.94
[Training] Itteration/Batch:  50/520: Loss: 0.12 | Accuracy: 1.00
[Training] Itteration/Batch:  75/520: Loss: 0.35 | Accuracy: 0.88
[Training] Itteration/Batch: 100/520: Loss: 0.16 | Accuracy: 0.88
[Training] Itteration/Batch: 125/520: Loss: 0.06 | Accuracy: 1.00
[Training] Itteration/Batch: 150/520: Loss: 0.22 | Accuracy: 1.00
[Training] Itteration/Batch: 175/520: Loss: 0.19 | Accuracy: 0.94
[Training] Itteration/Batch: 200/520: Loss: 0.13 | Accuracy: 1.00
[Training] Itteration/Batch: 225/520: Loss: 0.13 | Accuracy: 1.00
[Training] Itteration/Batch: 250/520: Loss: 0.20 | Accuracy: 0.88
[Training] Itteration/Batch: 275/520: Loss: 0.13 | Accuracy: 0.94
[Training] Itteration/Batch: 300/520: Loss: 0.36 | Accuracy: 0.88
[Training] Itteration/Batch: 325/520: Loss: 0.02 | Accuracy: 1.00
[Training] Itteration/Batch: 350/520: Loss: 0.07 | Accuracy: 1.00
[Training] Itteration/Batch: 375/520: Loss: 0.30 | Accuracy: 0.94
[Training] Itteration/Batch: 400/520: Loss: 0.07 | Accuracy: 1.00
[Training] Itteration/Batch: 425/520: Loss: 0.97 | Accuracy: 0.81
[Training] Itteration/Batch: 450/520: Loss: 0.16 | Accuracy: 0.94
[Training] Itteration/Batch: 475/520: Loss: 0.25 | Accuracy: 0.94
[Training] Itteration/Batch: 500/520: Loss: 1.17 | Accuracy: 0.75

Epoch 3: Val Bin. F1 Majority 0.4605621099472046 | Val Macro F1 Majority 0.7004205678872207 |             Val Bin F1 Individual 0.3871138095855713 | Val Macro F1 Individual 0.6530012525722673 |             Val Accuracy Majority 0.8924633860588074 | Val Accuracy Individual 0.8567372560501099 | Training Loss:0.24340605735778809 |             Val Loss 0.49826961755752563 | Train Runtime Millis 38261.66361395735 | Val Runtime Millis 11031.621076981537

______________________________	 Running Epoch 1 of 10 	______________________________
[Training] Itteration/Batch:   0/584: Loss: 0.94 | Accuracy: 0.19
[Training] Itteration/Batch:  25/584: Loss: 0.49 | Accuracy: 0.94
[Training] Itteration/Batch:  50/584: Loss: 0.65 | Accuracy: 0.88
[Training] Itteration/Batch:  75/584: Loss: 0.87 | Accuracy: 0.81
[Training] Itteration/Batch: 100/584: Loss: 0.54 | Accuracy: 0.88
[Training] Itteration/Batch: 125/584: Loss: 0.49 | Accuracy: 0.81
[Training] Itteration/Batch: 150/584: Loss: 0.41 | Accuracy: 0.94
[Training] Itteration/Batch: 175/584: Loss: 0.44 | Accuracy: 0.88
[Training] Itteration/Batch: 200/584: Loss: 0.18 | Accuracy: 0.94
[Training] Itteration/Batch: 225/584: Loss: 0.36 | Accuracy: 0.94
[Training] Itteration/Batch: 250/584: Loss: 0.55 | Accuracy: 0.94
[Training] Itteration/Batch: 275/584: Loss: 0.39 | Accuracy: 0.81
[Training] Itteration/Batch: 300/584: Loss: 0.58 | Accuracy: 0.69
[Training] Itteration/Batch: 325/584: Loss: 0.21 | Accuracy: 0.94
[Training] Itteration/Batch: 350/584: Loss: 0.34 | Accuracy: 1.00
[Training] Itteration/Batch: 375/584: Loss: 1.07 | Accuracy: 0.75
[Training] Itteration/Batch: 400/584: Loss: 0.37 | Accuracy: 0.94
[Training] Itteration/Batch: 425/584: Loss: 1.25 | Accuracy: 0.69
[Training] Itteration/Batch: 450/584: Loss: 0.61 | Accuracy: 0.94
[Training] Itteration/Batch: 475/584: Loss: 0.47 | Accuracy: 0.88
[Training] Itteration/Batch: 500/584: Loss: 0.27 | Accuracy: 0.88
[Training] Itteration/Batch: 525/584: Loss: 0.55 | Accuracy: 0.62
[Training] Itteration/Batch: 550/584: Loss: 0.27 | Accuracy: 0.94
[Training] Itteration/Batch: 575/584: Loss: 0.31 | Accuracy: 0.75

Epoch 1: Val Bin. F1 Majority 0.4665367007255554 | Val Macro F1 Majority 0.6901802905773156 |             Val Bin F1 Individual 0.433339923620224 | Val Macro F1 Individual 0.6641991293042823 |             Val Accuracy Majority 0.8516175746917725 | Val Accuracy Individual 0.8229121565818787 | Training Loss:0.4982588291168213 |             Val Loss 0.3979296386241913 | Train Runtime Millis 42964.58585199434 | Val Runtime Millis 11036.003830027767

______________________________	 Running Epoch 2 of 10 	______________________________
[Training] Itteration/Batch:   0/584: Loss: 0.34 | Accuracy: 0.88
[Training] Itteration/Batch:  25/584: Loss: 0.42 | Accuracy: 0.81
[Training] Itteration/Batch:  50/584: Loss: 0.25 | Accuracy: 0.94
[Training] Itteration/Batch:  75/584: Loss: 0.28 | Accuracy: 0.75
[Training] Itteration/Batch: 100/584: Loss: 0.76 | Accuracy: 0.88
[Training] Itteration/Batch: 125/584: Loss: 0.19 | Accuracy: 0.94
[Training] Itteration/Batch: 150/584: Loss: 0.28 | Accuracy: 0.88
[Training] Itteration/Batch: 175/584: Loss: 0.41 | Accuracy: 0.81
[Training] Itteration/Batch: 200/584: Loss: 0.87 | Accuracy: 0.75
[Training] Itteration/Batch: 225/584: Loss: 0.33 | Accuracy: 0.81
[Training] Itteration/Batch: 250/584: Loss: 1.19 | Accuracy: 0.69
[Training] Itteration/Batch: 275/584: Loss: 0.58 | Accuracy: 0.75
[Training] Itteration/Batch: 300/584: Loss: 0.30 | Accuracy: 0.81
[Training] Itteration/Batch: 325/584: Loss: 0.49 | Accuracy: 0.94
[Training] Itteration/Batch: 350/584: Loss: 0.24 | Accuracy: 1.00
[Training] Itteration/Batch: 375/584: Loss: 0.12 | Accuracy: 0.94
[Training] Itteration/Batch: 400/584: Loss: 0.42 | Accuracy: 0.75
[Training] Itteration/Batch: 425/584: Loss: 0.49 | Accuracy: 0.94
[Training] Itteration/Batch: 450/584: Loss: 0.68 | Accuracy: 0.88
[Training] Itteration/Batch: 475/584: Loss: 0.59 | Accuracy: 0.94
[Training] Itteration/Batch: 500/584: Loss: 0.85 | Accuracy: 0.81
[Training] Itteration/Batch: 525/584: Loss: 0.24 | Accuracy: 0.88
[Training] Itteration/Batch: 550/584: Loss: 0.42 | Accuracy: 0.81
[Training] Itteration/Batch: 575/584: Loss: 0.41 | Accuracy: 0.88

Epoch 2: Val Bin. F1 Majority 0.4661835730075836 | Val Macro F1 Majority 0.6861204803195284 |             Val Bin F1 Individual 0.44059041142463684 | Val Macro F1 Individual 0.6641095977337358 |             Val Accuracy Majority 0.8402313590049744 | Val Accuracy Individual 0.812851071357727 | Training Loss:0.35681140422821045 |             Val Loss 0.40075987577438354 | Train Runtime Millis 42934.34843607247 | Val Runtime Millis 11023.567581083626

______________________________	 Running Epoch 3 of 10 	______________________________
[Training] Itteration/Batch:   0/584: Loss: 0.19 | Accuracy: 1.00
[Training] Itteration/Batch:  25/584: Loss: 0.15 | Accuracy: 0.94
[Training] Itteration/Batch:  50/584: Loss: 0.21 | Accuracy: 0.94
[Training] Itteration/Batch:  75/584: Loss: 0.23 | Accuracy: 1.00
[Training] Itteration/Batch: 100/584: Loss: 0.49 | Accuracy: 0.88
[Training] Itteration/Batch: 125/584: Loss: 0.15 | Accuracy: 1.00
[Training] Itteration/Batch: 150/584: Loss: 0.11 | Accuracy: 0.94
[Training] Itteration/Batch: 175/584: Loss: 0.14 | Accuracy: 0.94
[Training] Itteration/Batch: 200/584: Loss: 0.35 | Accuracy: 0.88
[Training] Itteration/Batch: 225/584: Loss: 0.25 | Accuracy: 0.94
[Training] Itteration/Batch: 250/584: Loss: 0.22 | Accuracy: 0.94
[Training] Itteration/Batch: 275/584: Loss: 0.03 | Accuracy: 1.00
[Training] Itteration/Batch: 300/584: Loss: 0.30 | Accuracy: 0.94
[Training] Itteration/Batch: 325/584: Loss: 0.05 | Accuracy: 1.00
[Training] Itteration/Batch: 350/584: Loss: 0.19 | Accuracy: 0.94
[Training] Itteration/Batch: 375/584: Loss: 0.10 | Accuracy: 0.94
[Training] Itteration/Batch: 400/584: Loss: 0.07 | Accuracy: 1.00
[Training] Itteration/Batch: 425/584: Loss: 0.27 | Accuracy: 0.88
[Training] Itteration/Batch: 450/584: Loss: 0.20 | Accuracy: 1.00
[Training] Itteration/Batch: 475/584: Loss: 0.10 | Accuracy: 0.94
[Training] Itteration/Batch: 500/584: Loss: 0.12 | Accuracy: 1.00
[Training] Itteration/Batch: 525/584: Loss: 0.60 | Accuracy: 0.81
[Training] Itteration/Batch: 550/584: Loss: 0.21 | Accuracy: 0.94
[Training] Itteration/Batch: 575/584: Loss: 0.42 | Accuracy: 0.81

Epoch 3: Val Bin. F1 Majority 0.4459078013896942 | Val Macro F1 Majority 0.6935127363954501 |             Val Bin F1 Individual 0.37024882435798645 | Val Macro F1 Individual 0.6450652782024888 |             Val Accuracy Majority 0.8935478329658508 | Val Accuracy Individual 0.8578482866287231 | Training Loss:0.24784643948078156 |             Val Loss 0.5191537737846375 | Train Runtime Millis 43001.020974013954 | Val Runtime Millis 11161.258070962504

______________________________	 Running Epoch 1 of 10 	______________________________
[Training] Itteration/Batch:   0/650: Loss: 0.83 | Accuracy: 0.06
[Training] Itteration/Batch:  25/650: Loss: 0.93 | Accuracy: 0.75
[Training] Itteration/Batch:  50/650: Loss: 0.55 | Accuracy: 0.94
[Training] Itteration/Batch:  75/650: Loss: 0.75 | Accuracy: 0.81
[Training] Itteration/Batch: 100/650: Loss: 0.81 | Accuracy: 0.81
[Training] Itteration/Batch: 125/650: Loss: 0.57 | Accuracy: 0.88
[Training] Itteration/Batch: 150/650: Loss: 0.55 | Accuracy: 0.75
[Training] Itteration/Batch: 175/650: Loss: 0.74 | Accuracy: 0.88
[Training] Itteration/Batch: 200/650: Loss: 0.79 | Accuracy: 0.81
[Training] Itteration/Batch: 225/650: Loss: 0.90 | Accuracy: 0.88
[Training] Itteration/Batch: 250/650: Loss: 0.28 | Accuracy: 0.81
[Training] Itteration/Batch: 275/650: Loss: 0.52 | Accuracy: 0.81
[Training] Itteration/Batch: 300/650: Loss: 0.28 | Accuracy: 0.88
[Training] Itteration/Batch: 325/650: Loss: 0.20 | Accuracy: 0.88
[Training] Itteration/Batch: 350/650: Loss: 0.40 | Accuracy: 0.81
[Training] Itteration/Batch: 375/650: Loss: 0.43 | Accuracy: 0.94
[Training] Itteration/Batch: 400/650: Loss: 0.61 | Accuracy: 0.88
[Training] Itteration/Batch: 425/650: Loss: 0.83 | Accuracy: 0.75
[Training] Itteration/Batch: 450/650: Loss: 0.59 | Accuracy: 0.94
[Training] Itteration/Batch: 475/650: Loss: 0.39 | Accuracy: 0.88
[Training] Itteration/Batch: 500/650: Loss: 0.27 | Accuracy: 0.94
[Training] Itteration/Batch: 525/650: Loss: 1.17 | Accuracy: 0.81
[Training] Itteration/Batch: 550/650: Loss: 0.21 | Accuracy: 0.88
[Training] Itteration/Batch: 575/650: Loss: 0.24 | Accuracy: 0.94
[Training] Itteration/Batch: 600/650: Loss: 0.35 | Accuracy: 0.75
[Training] Itteration/Batch: 625/650: Loss: 0.37 | Accuracy: 0.81

Epoch 1: Val Bin. F1 Majority 0.4923076927661896 | Val Macro F1 Majority 0.7142649233586066 |             Val Bin F1 Individual 0.4241552948951721 | Val Macro F1 Individual 0.6695150290683882 |             Val Accuracy Majority 0.8866799473762512 | Val Accuracy Individual 0.851675808429718 | Training Loss:0.48328185081481934 |             Val Loss 0.38807687163352966 | Train Runtime Millis 47576.21290103998 | Val Runtime Millis 11002.84228392411

______________________________	 Running Epoch 2 of 10 	______________________________
[Training] Itteration/Batch:   0/650: Loss: 0.16 | Accuracy: 0.94
[Training] Itteration/Batch:  25/650: Loss: 0.19 | Accuracy: 0.94
[Training] Itteration/Batch:  50/650: Loss: 0.29 | Accuracy: 0.88
[Training] Itteration/Batch:  75/650: Loss: 0.17 | Accuracy: 0.94
[Training] Itteration/Batch: 100/650: Loss: 0.38 | Accuracy: 0.69
[Training] Itteration/Batch: 125/650: Loss: 0.12 | Accuracy: 0.94
[Training] Itteration/Batch: 150/650: Loss: 0.21 | Accuracy: 0.94
[Training] Itteration/Batch: 175/650: Loss: 0.18 | Accuracy: 1.00
[Training] Itteration/Batch: 200/650: Loss: 0.14 | Accuracy: 0.94
[Training] Itteration/Batch: 225/650: Loss: 0.63 | Accuracy: 0.94
[Training] Itteration/Batch: 250/650: Loss: 0.20 | Accuracy: 0.88
[Training] Itteration/Batch: 275/650: Loss: 0.27 | Accuracy: 0.81
[Training] Itteration/Batch: 300/650: Loss: 1.12 | Accuracy: 0.69
[Training] Itteration/Batch: 325/650: Loss: 0.17 | Accuracy: 0.94
[Training] Itteration/Batch: 350/650: Loss: 0.75 | Accuracy: 0.69
[Training] Itteration/Batch: 375/650: Loss: 0.08 | Accuracy: 1.00
[Training] Itteration/Batch: 400/650: Loss: 0.13 | Accuracy: 0.94
[Training] Itteration/Batch: 425/650: Loss: 0.20 | Accuracy: 0.94
[Training] Itteration/Batch: 450/650: Loss: 0.80 | Accuracy: 0.88
[Training] Itteration/Batch: 475/650: Loss: 0.07 | Accuracy: 0.94
[Training] Itteration/Batch: 500/650: Loss: 0.34 | Accuracy: 0.94
[Training] Itteration/Batch: 525/650: Loss: 0.74 | Accuracy: 0.69
[Training] Itteration/Batch: 550/650: Loss: 0.39 | Accuracy: 0.94
[Training] Itteration/Batch: 575/650: Loss: 0.15 | Accuracy: 1.00
[Training] Itteration/Batch: 600/650: Loss: 0.40 | Accuracy: 0.88
[Training] Itteration/Batch: 625/650: Loss: 0.06 | Accuracy: 1.00

Epoch 2: Val Bin. F1 Majority 0.5018726587295532 | Val Macro F1 Majority 0.716767179449283 |             Val Bin F1 Individual 0.43796274065971375 | Val Macro F1 Individual 0.6741611951069147 |             Val Accuracy Majority 0.8798120617866516 | Val Accuracy Individual 0.8453798890113831 | Training Loss:0.3430732488632202 |             Val Loss 0.3936169147491455 | Train Runtime Millis 47854.04879495036 | Val Runtime Millis 11023.792532039806

______________________________	 Running Epoch 3 of 10 	______________________________
[Training] Itteration/Batch:   0/650: Loss: 0.29 | Accuracy: 0.81
[Training] Itteration/Batch:  25/650: Loss: 0.04 | Accuracy: 1.00
[Training] Itteration/Batch:  50/650: Loss: 0.14 | Accuracy: 1.00
[Training] Itteration/Batch:  75/650: Loss: 0.19 | Accuracy: 1.00
[Training] Itteration/Batch: 100/650: Loss: 0.26 | Accuracy: 0.94
[Training] Itteration/Batch: 125/650: Loss: 0.09 | Accuracy: 1.00
[Training] Itteration/Batch: 150/650: Loss: 0.12 | Accuracy: 0.94
[Training] Itteration/Batch: 175/650: Loss: 0.11 | Accuracy: 1.00
[Training] Itteration/Batch: 200/650: Loss: 0.57 | Accuracy: 0.94
[Training] Itteration/Batch: 225/650: Loss: 0.29 | Accuracy: 0.88
[Training] Itteration/Batch: 250/650: Loss: 0.22 | Accuracy: 0.88
[Training] Itteration/Batch: 275/650: Loss: 0.10 | Accuracy: 1.00
[Training] Itteration/Batch: 300/650: Loss: 0.07 | Accuracy: 1.00
[Training] Itteration/Batch: 325/650: Loss: 0.10 | Accuracy: 1.00
[Training] Itteration/Batch: 350/650: Loss: 0.08 | Accuracy: 1.00
[Training] Itteration/Batch: 375/650: Loss: 0.20 | Accuracy: 0.81
[Training] Itteration/Batch: 400/650: Loss: 0.10 | Accuracy: 0.94
[Training] Itteration/Batch: 425/650: Loss: 0.12 | Accuracy: 0.94
[Training] Itteration/Batch: 450/650: Loss: 0.05 | Accuracy: 1.00
[Training] Itteration/Batch: 475/650: Loss: 0.09 | Accuracy: 1.00
[Training] Itteration/Batch: 500/650: Loss: 0.73 | Accuracy: 0.94
[Training] Itteration/Batch: 525/650: Loss: 0.55 | Accuracy: 0.75
[Training] Itteration/Batch: 550/650: Loss: 0.08 | Accuracy: 1.00
[Training] Itteration/Batch: 575/650: Loss: 0.07 | Accuracy: 1.00
[Training] Itteration/Batch: 600/650: Loss: 0.13 | Accuracy: 0.94
[Training] Itteration/Batch: 625/650: Loss: 0.34 | Accuracy: 0.88

Epoch 3: Val Bin. F1 Majority 0.4547770619392395 | Val Macro F1 Majority 0.6823169259332793 |             Val Bin F1 Individual 0.42688360810279846 | Val Macro F1 Individual 0.6591262938986073 |             Val Accuracy Majority 0.8452919125556946 | Val Accuracy Individual 0.8173569440841675 | Training Loss:0.22926917672157288 |             Val Loss 0.42724937200546265 | Train Runtime Millis 48433.64996800665 | Val Runtime Millis 11159.308243077248

