Device cuda
Split type sit
Training Size: 2016, NTA labels 1632, YTA labels 384
Validation Size: 672, NTA labels 517, YTA labels 155
Test Size: 672, NTA labels 523, YTA labels 149
Training with SBERT, model name is sbert
Tokenizing the dataset
Number of training steps 630
Epoch 0 **** Loss 0.14150023460388184 **** Metrics validation: {'accuracy': 0.7916666666666666, 'f1_weighted': 0.8061853929665992, 'macro': 0.7556490571918343, 'micro': 0.7916666666666666, 'binary': 0.6618357487922707, 'accuracy_majority': 0.8214285714285714, 'macro_majority': 0.7937954524532818, 'binary_majority': 0.7183098591549294, 'run_time_millis': 2347.745927996584, 'loss_mean': 0.13801279664039612}
Epoch 1 **** Loss 0.18219111859798431 **** Metrics validation: {'accuracy': 0.8244047619047619, 'f1_weighted': 0.8227530671736606, 'macro': 0.7480138805913233, 'micro': 0.8244047619047619, 'binary': 0.609271523178808, 'accuracy_majority': 0.8482142857142857, 'macro_majority': 0.7871198568872988, 'binary_majority': 0.673076923076923, 'run_time_millis': 2341.1594980134396, 'loss_mean': 0.17703425884246826}
Epoch 2 **** Loss 0.06203191727399826 **** Metrics validation: {'accuracy': 0.8005952380952381, 'f1_weighted': 0.8139661036828524, 'macro': 0.7635467980295567, 'micro': 0.8005952380952381, 'binary': 0.6699507389162561, 'accuracy_majority': 0.8303571428571429, 'macro_majority': 0.801028517999065, 'binary_majority': 0.7246376811594203, 'run_time_millis': 2343.0773569998564, 'loss_mean': 0.13586567342281342}
Epoch 3 **** Loss 0.06262266635894775 **** Metrics validation: {'accuracy': 0.8273809523809523, 'f1_weighted': 0.8332477644526597, 'macro': 0.774253709731602, 'micro': 0.8273809523809523, 'binary': 0.6647398843930636, 'accuracy_majority': 0.8616071428571429, 'macro_majority': 0.8226354371535849, 'binary_majority': 0.7394957983193278, 'run_time_millis': 2346.617900999263, 'loss_mean': 0.189932182431221}
Epoch 4 **** Loss 0.06942127645015717 **** Metrics validation: {'accuracy': 0.7961309523809523, 'f1_weighted': 0.8108550635276327, 'macro': 0.763685787110834, 'micro': 0.7961309523809523, 'binary': 0.6761229314420805, 'accuracy_majority': 0.8214285714285714, 'macro_majority': 0.7953216374269005, 'binary_majority': 0.7222222222222222, 'run_time_millis': 1888.7754660099745, 'loss_mean': 0.13718344271183014}
Epoch 5 **** Loss 0.05730809271335602 **** Metrics validation: {'accuracy': 0.8214285714285714, 'f1_weighted': 0.8247465636917336, 'macro': 0.758018052621471, 'micro': 0.8214285714285714, 'binary': 0.6341463414634146, 'accuracy_majority': 0.8526785714285714, 'macro_majority': 0.8047285695416722, 'binary_majority': 0.7079646017699116, 'run_time_millis': 2354.6761549951043, 'loss_mean': 0.24388746917247772}
Epoch 6 **** Loss 0.07012429088354111 **** Metrics validation: {'accuracy': 0.8154761904761905, 'f1_weighted': 0.8253805148751956, 'macro': 0.7710567962018638, 'micro': 0.8154761904761905, 'binary': 0.6702127659574468, 'accuracy_majority': 0.84375, 'macro_majority': 0.8076875904530625, 'binary_majority': 0.7244094488188975, 'run_time_millis': 2340.849893007544, 'loss_mean': 0.16135789453983307}
Epoch 7 **** Loss 0.0689755529165268 **** Metrics validation: {'accuracy': 0.8169642857142857, 'f1_weighted': 0.8249029160042903, 'macro': 0.7662542595760926, 'micro': 0.8169642857142857, 'binary': 0.6573816155988857, 'accuracy_majority': 0.84375, 'macro_majority': 0.8038774233896185, 'binary_majority': 0.7154471544715447, 'run_time_millis': 2348.3042169973487, 'loss_mean': 0.19449445605278015}
Epoch 8 **** Loss 0.08199004083871841 **** Metrics validation: {'accuracy': 0.8125, 'f1_weighted': 0.8210024923765908, 'macro': 0.7618120646780164, 'micro': 0.8125, 'binary': 0.6519337016574586, 'accuracy_majority': 0.8392857142857143, 'macro_majority': 0.7992831541218638, 'binary_majority': 0.7096774193548386, 'run_time_millis': 2346.676152010332, 'loss_mean': 0.20262949168682098}
Epoch 9 **** Loss 0.029170077294111252 **** Metrics validation: {'accuracy': 0.8139880952380952, 'f1_weighted': 0.8198700594837621, 'macro': 0.7553466941222042, 'micro': 0.8139880952380952, 'binary': 0.6355685131195334, 'accuracy_majority': 0.8348214285714286, 'macro_majority': 0.7883068120865366, 'binary_majority': 0.6890756302521008, 'run_time_millis': 2352.0596050075255, 'loss_mean': 0.24467499554157257}
Evaluating
{'accuracy': 0.8273809523809523, 'f1_weighted': 0.8332477644526597, 'macro': 0.774253709731602, 'micro': 0.8273809523809523, 'binary': 0.6647398843930636, 'accuracy_majority': 0.8616071428571429, 'macro_majority': 0.8226354371535849, 'binary_majority': 0.7394957983193278, 'run_time_millis': 2338.503815990407, 'loss_mean': 0.189932182431221}
