Device cuda
Split type sit
Training Size: 2996, NTA labels 1975, YTA labels 1021
Validation Size: 2078, NTA labels 1342, YTA labels 736
Test Size: 2089, NTA labels 1337, YTA labels 752
Training with SBERT, model name is sbert
Tokenizing the dataset
Number of training steps 940
Epoch 0 **** Loss 0.20365223288536072 **** Metrics validation: {'accuracy': 0.7386910490856593, 'f1_weighted': 0.7442561808909542, 'macro': 0.7309262604403269, 'micro': 0.7386910490856592, 'binary': 0.6852173913043478, 'accuracy_majority': 0.7557947019867549, 'macro_majority': 0.7500587399835177, 'binary_majority': 0.7121951219512195, 'run_time_millis': 2567.8652130000046, 'loss_mean': 0.2370428889989853}
Epoch 1 **** Loss 0.1429317742586136 **** Metrics validation: {'accuracy': 0.7473532242540905, 'f1_weighted': 0.7523706424284373, 'macro': 0.7376819689325235, 'micro': 0.7473532242540905, 'binary': 0.6873138773079213, 'accuracy_majority': 0.7549668874172185, 'macro_majority': 0.7483418352983571, 'binary_majority': 0.7075098814229248, 'run_time_millis': 3383.2358199997543, 'loss_mean': 0.23686636984348297}
Epoch 2 **** Loss 0.1917005479335785 **** Metrics validation: {'accuracy': 0.7560153994225216, 'f1_weighted': 0.7611798296224921, 'macro': 0.7485092033019168, 'micro': 0.7560153994225217, 'binary': 0.7050610820244327, 'accuracy_majority': 0.7624172185430463, 'macro_majority': 0.7586460632818248, 'binary_majority': 0.7284768211920529, 'run_time_millis': 1962.0090210000853, 'loss_mean': 0.24830158054828644}
Epoch 3 **** Loss 0.1653020679950714 **** Metrics validation: {'accuracy': 0.7112608277189605, 'f1_weighted': 0.7162135728558946, 'macro': 0.7093611446527393, 'micro': 0.7112608277189605, 'binary': 0.6858638743455499, 'accuracy_majority': 0.7210264900662252, 'macro_majority': 0.7207047557497583, 'binary_majority': 0.7112253641816624, 'run_time_millis': 3385.087086000567, 'loss_mean': 0.2728999853134155}
Epoch 4 **** Loss 0.1578010767698288 **** Metrics validation: {'accuracy': 0.7694898941289702, 'f1_weighted': 0.7731744174369224, 'macro': 0.757338806624021, 'micro': 0.7694898941289702, 'binary': 0.7030378177309361, 'accuracy_majority': 0.7599337748344371, 'macro_majority': 0.7533061983296481, 'binary_majority': 0.7128712871287128, 'run_time_millis': 3378.0750720006836, 'loss_mean': 0.316083699464798}
Epoch 5 **** Loss 0.1378825157880783 **** Metrics validation: {'accuracy': 0.7906641000962464, 'f1_weighted': 0.7900311555355631, 'macro': 0.7698435553369241, 'micro': 0.7906641000962465, 'binary': 0.7006194081211288, 'accuracy_majority': 0.7831125827814569, 'macro_majority': 0.7686534216335541, 'binary_majority': 0.7108167770419426, 'run_time_millis': 3377.4812799993015, 'loss_mean': 0.37876784801483154}
Epoch 6 **** Loss 0.05653328448534012 **** Metrics validation: {'accuracy': 0.7791145332050048, 'f1_weighted': 0.7817576149845437, 'macro': 0.764897535422433, 'micro': 0.7791145332050048, 'binary': 0.7070835992342054, 'accuracy_majority': 0.7740066225165563, 'macro_majority': 0.7652741151977793, 'binary_majority': 0.7199999999999999, 'run_time_millis': 3079.4536879993757, 'loss_mean': 0.3637256622314453}
Epoch 7 **** Loss 0.10802384465932846 **** Metrics validation: {'accuracy': 0.7723772858517806, 'f1_weighted': 0.7764781077960308, 'macro': 0.7619453703795649, 'micro': 0.7723772858517807, 'binary': 0.7121119902617163, 'accuracy_majority': 0.7607615894039735, 'macro_majority': 0.7552672514533793, 'binary_majority': 0.718597857838364, 'run_time_millis': 3385.288018999745, 'loss_mean': 0.3923517167568207}
Epoch 8 **** Loss 0.021429289132356644 **** Metrics validation: {'accuracy': 0.7820019249278152, 'f1_weighted': 0.7837002948920951, 'macro': 0.7656439405350136, 'micro': 0.7820019249278152, 'binary': 0.7037279267495095, 'accuracy_majority': 0.7715231788079471, 'macro_majority': 0.7612996898545495, 'binary_majority': 0.7118997912317327, 'run_time_millis': 3379.2942749996655, 'loss_mean': 0.4596191942691803}
Epoch 9 **** Loss 0.053054891526699066 **** Metrics validation: {'accuracy': 0.7786333012512031, 'f1_weighted': 0.7799442387740061, 'macro': 0.7610292830878493, 'micro': 0.7786333012512031, 'binary': 0.6961690885072656, 'accuracy_majority': 0.7615894039735099, 'macro_majority': 0.7510989010989011, 'binary_majority': 0.7000000000000001, 'run_time_millis': 3385.383591000391, 'loss_mean': 0.503241240978241}
Evaluating
{'accuracy': 0.7906641000962464, 'f1_weighted': 0.7900311555355631, 'macro': 0.7698435553369241, 'micro': 0.7906641000962465, 'binary': 0.7006194081211288, 'accuracy_majority': 0.7831125827814569, 'macro_majority': 0.7686534216335541, 'binary_majority': 0.7108167770419426, 'run_time_millis': 3379.818625000553, 'loss_mean': 0.37876784801483154}
