Device cuda
Split type sit
Training Size: 2394, NTA labels 2062, YTA labels 332
Validation Size: 1140, NTA labels 1011, YTA labels 129
Test Size: 1146, NTA labels 979, YTA labels 167
Training with SBERT, model name is sbert
Tokenizing the dataset
Number of training steps 750
Epoch 0 **** Loss 0.2193964421749115 **** Metrics validation: {'accuracy': 0.7552631578947369, 'f1_weighted': 0.7979007636630527, 'macro': 0.6431420464299058, 'micro': 0.7552631578947367, 'binary': 0.44311377245508987, 'accuracy_majority': 0.7736842105263158, 'macro_majority': 0.6741774675972083, 'binary_majority': 0.49411764705882344, 'run_time_millis': 1783.8494249999712, 'loss_mean': 0.1049121767282486}
Epoch 1 **** Loss 0.11066733300685883 **** Metrics validation: {'accuracy': 0.7350877192982456, 'f1_weighted': 0.7825450353572719, 'macro': 0.6297809741745668, 'micro': 0.7350877192982456, 'binary': 0.4323308270676692, 'accuracy_majority': 0.7684210526315789, 'macro_majority': 0.6796934865900384, 'binary_majority': 0.5111111111111112, 'run_time_millis': 2556.5504400001373, 'loss_mean': 0.1139296144247055}
Epoch 2 **** Loss 0.08000408858060837 **** Metrics validation: {'accuracy': 0.7201754385964912, 'f1_weighted': 0.7708654226659767, 'macro': 0.6182764603817236, 'micro': 0.7201754385964912, 'binary': 0.4210526315789474, 'accuracy_majority': 0.7526315789473684, 'macro_majority': 0.665430294855944, 'binary_majority': 0.4946236559139785, 'run_time_millis': 1689.887577999798, 'loss_mean': 0.11132258921861649}
Epoch 3 **** Loss 0.06131478771567345 **** Metrics validation: {'accuracy': 0.6982456140350877, 'f1_weighted': 0.7534498152050192, 'macro': 0.6031717120202056, 'micro': 0.6982456140350877, 'binary': 0.40893470790378, 'accuracy_majority': 0.7105263157894737, 'macro_majority': 0.6291564640335001, 'binary_majority': 0.45544554455445546, 'run_time_millis': 1924.5813900006397, 'loss_mean': 0.11213187128305435}
Epoch 4 **** Loss 0.06909222900867462 **** Metrics validation: {'accuracy': 0.8271929824561404, 'f1_weighted': 0.8524471533067232, 'macro': 0.7087427746601804, 'micro': 0.8271929824561404, 'binary': 0.5230024213075061, 'accuracy_majority': 0.7631578947368421, 'macro_majority': 0.674892581466976, 'binary_majority': 0.5054945054945055, 'run_time_millis': 2538.4258499998396, 'loss_mean': 0.10808075964450836}
Epoch 5 **** Loss 0.08660686761140823 **** Metrics validation: {'accuracy': 0.8429824561403508, 'f1_weighted': 0.8636186171833998, 'macro': 0.7203029160812802, 'micro': 0.8429824561403508, 'binary': 0.535064935064935, 'accuracy_majority': 0.7684210526315789, 'macro_majority': 0.6796934865900384, 'binary_majority': 0.5111111111111112, 'run_time_millis': 2536.156105000373, 'loss_mean': 0.11442652344703674}
Epoch 6 **** Loss 0.042462900280952454 **** Metrics validation: {'accuracy': 0.8728070175438597, 'f1_weighted': 0.8855642313592825, 'macro': 0.7499996218990047, 'micro': 0.8728070175438597, 'binary': 0.5747800586510264, 'accuracy_majority': 0.8315789473684211, 'macro_majority': 0.7418916624214638, 'binary_majority': 0.5897435897435896, 'run_time_millis': 2561.1459510000714, 'loss_mean': 0.1281842589378357}
Epoch 7 **** Loss 0.029599202796816826 **** Metrics validation: {'accuracy': 0.8649122807017544, 'f1_weighted': 0.8802650319227281, 'macro': 0.7448537661537388, 'micro': 0.8649122807017544, 'binary': 0.5698324022346368, 'accuracy_majority': 0.8052631578947368, 'macro_majority': 0.7148188714453775, 'binary_majority': 0.5542168674698795, 'run_time_millis': 2539.1494719997354, 'loss_mean': 0.13510173559188843}
Epoch 8 **** Loss 0.04584050178527832 **** Metrics validation: {'accuracy': 0.8657894736842106, 'f1_weighted': 0.880743869918073, 'macro': 0.7447667825132613, 'micro': 0.8657894736842106, 'binary': 0.5690140845070422, 'accuracy_majority': 0.8052631578947368, 'macro_majority': 0.7148188714453775, 'binary_majority': 0.5542168674698795, 'run_time_millis': 2570.3665769997315, 'loss_mean': 0.14900928735733032}
Epoch 9 **** Loss 0.036441221833229065 **** Metrics validation: {'accuracy': 0.8789473684210526, 'f1_weighted': 0.8880178249824626, 'macro': 0.7451581341402571, 'micro': 0.8789473684210526, 'binary': 0.5605095541401275, 'accuracy_majority': 0.8315789473684211, 'macro_majority': 0.719815668202765, 'binary_majority': 0.5428571428571428, 'run_time_millis': 1742.5178889998278, 'loss_mean': 0.18360643088817596}
Evaluating
{'accuracy': 0.8789473684210526, 'f1_weighted': 0.8880178249824626, 'macro': 0.7451581341402571, 'micro': 0.8789473684210526, 'binary': 0.5605095541401275, 'accuracy_majority': 0.8315789473684211, 'macro_majority': 0.719815668202765, 'binary_majority': 0.5428571428571428, 'run_time_millis': 2537.296417000107, 'loss_mean': 0.18360643088817596}
Device cuda
Split type sit
Training Size: 2736, NTA labels 2366, YTA labels 370
Validation Size: 1140, NTA labels 1011, YTA labels 129
Test Size: 1146, NTA labels 979, YTA labels 167
Training with SBERT, model name is sbert
Tokenizing the dataset
Number of training steps 860
Epoch 0 **** Loss 0.06620700657367706 **** Metrics validation: {'accuracy': 0.7929824561403509, 'f1_weighted': 0.8269479719365302, 'macro': 0.6786430960344003, 'micro': 0.7929824561403509, 'binary': 0.4869565217391304, 'accuracy_majority': 0.8315789473684211, 'macro_majority': 0.7418916624214638, 'binary_majority': 0.5897435897435896, 'run_time_millis': 2536.7042349998883, 'loss_mean': 0.09773316979408264}
Epoch 1 **** Loss 0.06261458247900009 **** Metrics validation: {'accuracy': 0.7412280701754386, 'f1_weighted': 0.7865072037225961, 'macro': 0.6248222005299121, 'micro': 0.7412280701754387, 'binary': 0.4158415841584158, 'accuracy_majority': 0.7789473684210526, 'macro_majority': 0.6843853820598007, 'binary_majority': 0.5116279069767442, 'run_time_millis': 2531.348402999356, 'loss_mean': 0.1044355258345604}
Epoch 2 **** Loss 0.05306606739759445 **** Metrics validation: {'accuracy': 0.8192982456140351, 'f1_weighted': 0.8461185431110243, 'macro': 0.6982716531588713, 'micro': 0.8192982456140351, 'binary': 0.5071770334928231, 'accuracy_majority': 0.8105263157894737, 'macro_majority': 0.7149999999999999, 'binary_majority': 0.5499999999999999, 'run_time_millis': 2542.673799000113, 'loss_mean': 0.09656256437301636}
Epoch 3 **** Loss 0.18759961426258087 **** Metrics validation: {'accuracy': 0.7780701754385965, 'f1_weighted': 0.8158681344429521, 'macro': 0.6677001351458781, 'micro': 0.7780701754385965, 'binary': 0.4761904761904762, 'accuracy_majority': 0.7894736842105263, 'macro_majority': 0.6994146495807625, 'binary_majority': 0.5348837209302325, 'run_time_millis': 1775.2308429999175, 'loss_mean': 0.0991881787776947}
Epoch 4 **** Loss 0.04790763184428215 **** Metrics validation: {'accuracy': 0.8464912280701754, 'f1_weighted': 0.8662987499473516, 'macro': 0.7242643247793078, 'micro': 0.8464912280701754, 'binary': 0.5406824146981627, 'accuracy_majority': 0.7631578947368421, 'macro_majority': 0.674892581466976, 'binary_majority': 0.5054945054945055, 'run_time_millis': 2559.0830720002486, 'loss_mean': 0.09639539569616318}
Epoch 5 **** Loss 0.012281052768230438 **** Metrics validation: {'accuracy': 0.8385964912280702, 'f1_weighted': 0.8613165884048732, 'macro': 0.7221559931969546, 'micro': 0.8385964912280702, 'binary': 0.5422885572139303, 'accuracy_majority': 0.7421052631578947, 'macro_majority': 0.656140350877193, 'binary_majority': 0.4842105263157894, 'run_time_millis': 2532.918982999945, 'loss_mean': 0.10341765731573105}
Epoch 6 **** Loss 0.052955079823732376 **** Metrics validation: {'accuracy': 0.8710526315789474, 'f1_weighted': 0.8837672925594752, 'macro': 0.7453187618826169, 'micro': 0.8710526315789474, 'binary': 0.5663716814159292, 'accuracy_majority': 0.8157894736842105, 'macro_majority': 0.714971497149715, 'binary_majority': 0.5454545454545454, 'run_time_millis': 2553.4602249999807, 'loss_mean': 0.1225789487361908}
Epoch 7 **** Loss 0.022510549053549767 **** Metrics validation: {'accuracy': 0.8780701754385964, 'f1_weighted': 0.8894525942697219, 'macro': 0.7555953488156878, 'micro': 0.8780701754385964, 'binary': 0.5825825825825826, 'accuracy_majority': 0.8210526315789474, 'macro_majority': 0.7147147147147148, 'binary_majority': 0.5405405405405406, 'run_time_millis': 2542.4111440006527, 'loss_mean': 0.1286718100309372}
Epoch 8 **** Loss 0.030524425208568573 **** Metrics validation: {'accuracy': 0.8842105263157894, 'f1_weighted': 0.8938251833785734, 'macro': 0.7613231907320818, 'micro': 0.8842105263157894, 'binary': 0.5900621118012422, 'accuracy_majority': 0.8315789473684211, 'macro_majority': 0.7258297258297258, 'binary_majority': 0.5555555555555556, 'run_time_millis': 2386.3703400002123, 'loss_mean': 0.15690314769744873}
Epoch 9 **** Loss 0.025203336030244827 **** Metrics validation: {'accuracy': 0.875438596491228, 'f1_weighted': 0.8880361378161605, 'macro': 0.7557619539043687, 'micro': 0.875438596491228, 'binary': 0.5847953216374269, 'accuracy_majority': 0.8052631578947368, 'macro_majority': 0.6986841541296986, 'binary_majority': 0.5194805194805194, 'run_time_millis': 2440.6977060007193, 'loss_mean': 0.15003879368305206}
Evaluating
{'accuracy': 0.8842105263157894, 'f1_weighted': 0.8938251833785734, 'macro': 0.7613231907320818, 'micro': 0.8842105263157894, 'binary': 0.5900621118012422, 'accuracy_majority': 0.8315789473684211, 'macro_majority': 0.7258297258297258, 'binary_majority': 0.5555555555555556, 'run_time_millis': 1519.7256339997693, 'loss_mean': 0.15690314769744873}
Device cuda
Split type sit
Training Size: 3078, NTA labels 2663, YTA labels 415
Validation Size: 1140, NTA labels 1011, YTA labels 129
Test Size: 1146, NTA labels 979, YTA labels 167
Training with SBERT, model name is sbert
Tokenizing the dataset
Number of training steps 970
Epoch 0 **** Loss 0.07224536687135696 **** Metrics validation: {'accuracy': 0.6701754385964912, 'f1_weighted': 0.730519773198374, 'macro': 0.5826761534237613, 'micro': 0.6701754385964912, 'binary': 0.39158576051779936, 'accuracy_majority': 0.6894736842105263, 'macro_majority': 0.6117748917748917, 'binary_majority': 0.43809523809523815, 'run_time_millis': 1975.80388499955, 'loss_mean': 0.11916089057922363}
Epoch 1 **** Loss 0.0038712595123797655 **** Metrics validation: {'accuracy': 0.8149122807017544, 'f1_weighted': 0.8423005201229304, 'macro': 0.6903733052205578, 'micro': 0.8149122807017544, 'binary': 0.4940047961630695, 'accuracy_majority': 0.8368421052631579, 'macro_majority': 0.7315283285473357, 'binary_majority': 0.5633802816901409, 'run_time_millis': 2539.4688779997523, 'loss_mean': 0.10211977362632751}
Epoch 2 **** Loss 0.11114662885665894 **** Metrics validation: {'accuracy': 0.8359649122807018, 'f1_weighted': 0.8580888026912402, 'macro': 0.7113724768108269, 'micro': 0.8359649122807018, 'binary': 0.5217391304347826, 'accuracy_majority': 0.7631578947368421, 'macro_majority': 0.674892581466976, 'binary_majority': 0.5054945054945055, 'run_time_millis': 1762.504961000559, 'loss_mean': 0.08982688933610916}
Epoch 3 **** Loss 0.3512253761291504 **** Metrics validation: {'accuracy': 0.8324561403508772, 'f1_weighted': 0.8566233074345332, 'macro': 0.7154614440717214, 'micro': 0.8324561403508772, 'binary': 0.5330073349633252, 'accuracy_majority': 0.7473684210526316, 'macro_majority': 0.6607647671477459, 'binary_majority': 0.4893617021276596, 'run_time_millis': 2537.3964879991036, 'loss_mean': 0.09456269443035126}
Epoch 4 **** Loss 0.004611197859048843 **** Metrics validation: {'accuracy': 0.8315789473684211, 'f1_weighted': 0.8559535397774468, 'macro': 0.7145167601408634, 'micro': 0.8315789473684211, 'binary': 0.5317073170731706, 'accuracy_majority': 0.7105263157894737, 'macro_majority': 0.6291564640335001, 'binary_majority': 0.45544554455445546, 'run_time_millis': 1981.16995700002, 'loss_mean': 0.10865329951047897}
Epoch 5 **** Loss 0.061842918395996094 **** Metrics validation: {'accuracy': 0.8728070175438597, 'f1_weighted': 0.8865912871397031, 'macro': 0.7558630529081539, 'micro': 0.8728070175438597, 'binary': 0.5868945868945868, 'accuracy_majority': 0.8052631578947368, 'macro_majority': 0.7148188714453775, 'binary_majority': 0.5542168674698795, 'run_time_millis': 2529.1708619997735, 'loss_mean': 0.11395874619483948}
Epoch 6 **** Loss 0.10749246925115585 **** Metrics validation: {'accuracy': 0.8587719298245614, 'f1_weighted': 0.8759119499812696, 'macro': 0.7397182763036422, 'micro': 0.8587719298245614, 'binary': 0.5636856368563686, 'accuracy_majority': 0.8052631578947368, 'macro_majority': 0.7148188714453775, 'binary_majority': 0.5542168674698795, 'run_time_millis': 2539.385766000123, 'loss_mean': 0.1276574432849884}
Epoch 7 **** Loss 0.02629414200782776 **** Metrics validation: {'accuracy': 0.862280701754386, 'f1_weighted': 0.8784271268063977, 'macro': 0.7427971563694995, 'micro': 0.862280701754386, 'binary': 0.5674931129476585, 'accuracy_majority': 0.8052631578947368, 'macro_majority': 0.7148188714453775, 'binary_majority': 0.5542168674698795, 'run_time_millis': 2539.2854840001746, 'loss_mean': 0.13678999245166779}
Epoch 8 **** Loss 0.00013039160694461316 **** Metrics validation: {'accuracy': 0.8833333333333333, 'f1_weighted': 0.8944319533438208, 'macro': 0.7673023059509649, 'micro': 0.8833333333333333, 'binary': 0.6029850746268656, 'accuracy_majority': 0.8210526315789474, 'macro_majority': 0.7257598913228052, 'binary_majority': 0.5641025641025641, 'run_time_millis': 2537.376618000053, 'loss_mean': 0.15338829159736633}
Epoch 9 **** Loss 0.027184925973415375 **** Metrics validation: {'accuracy': 0.8912280701754386, 'f1_weighted': 0.899826393633961, 'macro': 0.7734310387936838, 'micro': 0.8912280701754386, 'binary': 0.6100628930817611, 'accuracy_majority': 0.8315789473684211, 'macro_majority': 0.7258297258297258, 'binary_majority': 0.5555555555555556, 'run_time_millis': 2353.772819000369, 'loss_mean': 0.16577929258346558}
Evaluating
{'accuracy': 0.8912280701754386, 'f1_weighted': 0.899826393633961, 'macro': 0.7734310387936838, 'micro': 0.8912280701754386, 'binary': 0.6100628930817611, 'accuracy_majority': 0.8315789473684211, 'macro_majority': 0.7258297258297258, 'binary_majority': 0.5555555555555556, 'run_time_millis': 2547.7119850002055, 'loss_mean': 0.16577929258346558}
Device cuda
Split type sit
Training Size: 3420, NTA labels 2981, YTA labels 439
Validation Size: 1140, NTA labels 1011, YTA labels 129
Test Size: 1146, NTA labels 979, YTA labels 167
Training with SBERT, model name is sbert
Tokenizing the dataset
Number of training steps 1070
Epoch 0 **** Loss 0.19055959582328796 **** Metrics validation: {'accuracy': 0.781578947368421, 'f1_weighted': 0.8173486256261515, 'macro': 0.6603891419280508, 'micro': 0.781578947368421, 'binary': 0.45751633986928103, 'accuracy_majority': 0.8210526315789474, 'macro_majority': 0.7257598913228052, 'binary_majority': 0.5641025641025641, 'run_time_millis': 910.8530099993004, 'loss_mean': 0.10354819148778915}
Epoch 1 **** Loss 0.062005333602428436 **** Metrics validation: {'accuracy': 0.8991228070175439, 'f1_weighted': 0.9012159885293805, 'macro': 0.7592016736493896, 'micro': 0.8991228070175438, 'binary': 0.5756457564575647, 'accuracy_majority': 0.8947368421052632, 'macro_majority': 0.7772045028142589, 'binary_majority': 0.6153846153846154, 'run_time_millis': 612.2608590003438, 'loss_mean': 0.09935519099235535}
Epoch 2 **** Loss 0.06349491328001022 **** Metrics validation: {'accuracy': 0.8912280701754386, 'f1_weighted': 0.897168385490754, 'macro': 0.7592905405405406, 'micro': 0.8912280701754386, 'binary': 0.581081081081081, 'accuracy_majority': 0.8578947368421053, 'macro_majority': 0.7130069930069931, 'binary_majority': 0.5090909090909091, 'run_time_millis': 2535.9193499998582, 'loss_mean': 0.11620839685201645}
Epoch 3 **** Loss 0.04191106930375099 **** Metrics validation: {'accuracy': 0.8657894736842106, 'f1_weighted': 0.879694534617636, 'macro': 0.7387259858442872, 'micro': 0.8657894736842106, 'binary': 0.5565217391304347, 'accuracy_majority': 0.8263157894736842, 'macro_majority': 0.7363219647588208, 'binary_majority': 0.5822784810126582, 'run_time_millis': 2550.563088999297, 'loss_mean': 0.12657514214515686}
Epoch 4 **** Loss 0.07693636417388916 **** Metrics validation: {'accuracy': 0.8692982456140351, 'f1_weighted': 0.8834627709228676, 'macro': 0.7491282405745858, 'micro': 0.8692982456140351, 'binary': 0.5754985754985754, 'accuracy_majority': 0.8368421052631579, 'macro_majority': 0.7255230905447597, 'binary_majority': 0.5507246376811594, 'run_time_millis': 2527.5331800003187, 'loss_mean': 0.1211775690317154}
Epoch 5 **** Loss 0.03068605437874794 **** Metrics validation: {'accuracy': 0.881578947368421, 'f1_weighted': 0.8928444639204196, 'macro': 0.7638030925066186, 'micro': 0.881578947368421, 'binary': 0.5970149253731343, 'accuracy_majority': 0.8473684210526315, 'macro_majority': 0.7372562109579897, 'binary_majority': 0.5671641791044776, 'run_time_millis': 2531.356483000309, 'loss_mean': 0.1344176083803177}
Epoch 6 **** Loss 0.009577296674251556 **** Metrics validation: {'accuracy': 0.8824561403508772, 'f1_weighted': 0.8924450982033588, 'macro': 0.7589562978111035, 'micro': 0.8824561403508772, 'binary': 0.5864197530864197, 'accuracy_majority': 0.8578947368421053, 'macro_majority': 0.7494505494505495, 'binary_majority': 0.5846153846153845, 'run_time_millis': 2528.7104529998032, 'loss_mean': 0.159340962767601}
Epoch 7 **** Loss 0.04233923181891441 **** Metrics validation: {'accuracy': 0.8850877192982456, 'f1_weighted': 0.8935772942298557, 'macro': 0.7574353835083998, 'micro': 0.8850877192982456, 'binary': 0.5814696485623003, 'accuracy_majority': 0.8736842105263158, 'macro_majority': 0.7558363675305204, 'binary_majority': 0.5862068965517241, 'run_time_millis': 2539.091630999792, 'loss_mean': 0.18199263513088226}
Epoch 8 **** Loss 0.03482234105467796 **** Metrics validation: {'accuracy': 0.8736842105263158, 'f1_weighted': 0.8846603293245454, 'macro': 0.7422936119710395, 'micro': 0.8736842105263158, 'binary': 0.558282208588957, 'accuracy_majority': 0.8631578947368421, 'macro_majority': 0.7354893981580638, 'binary_majority': 0.5517241379310345, 'run_time_millis': 2533.9427220005746, 'loss_mean': 0.16133831441402435}
Epoch 9 **** Loss 0.034437038004398346 **** Metrics validation: {'accuracy': 0.8789473684210526, 'f1_weighted': 0.8882691918897244, 'macro': 0.746513186728196, 'micro': 0.8789473684210526, 'binary': 0.5632911392405063, 'accuracy_majority': 0.8736842105263158, 'macro_majority': 0.7486772486772487, 'binary_majority': 0.5714285714285715, 'run_time_millis': 2148.2198310004605, 'loss_mean': 0.17550785839557648}
Evaluating
{'accuracy': 0.8991228070175439, 'f1_weighted': 0.9012159885293805, 'macro': 0.7592016736493896, 'micro': 0.8991228070175438, 'binary': 0.5756457564575647, 'accuracy_majority': 0.8947368421052632, 'macro_majority': 0.7772045028142589, 'binary_majority': 0.6153846153846154, 'run_time_millis': 2586.28957000019, 'loss_mean': 0.09935519099235535}
