Device cuda
Split type sit
Training Size: 6200, NTA labels 4071, YTA labels 2129
Validation Size: 5018, NTA labels 3300, YTA labels 1718
Test Size: 5063, NTA labels 3132, YTA labels 1931
Training with SBERT, model name is sbert
Tokenizing the dataset
Number of training steps 1940
Epoch 0 **** Loss 0.1412992626428604 **** Metrics validation: {'accuracy': 0.761060183339976, 'f1_weighted': 0.7581158130629946, 'macro': 0.7284470628834734, 'micro': 0.761060183339976, 'binary': 0.6343397377249161, 'accuracy_majority': 0.7606589147286822, 'macro_majority': 0.7398301624887728, 'binary_majority': 0.6662162162162163, 'run_time_millis': 4549.973776040133, 'loss_mean': 0.24844776093959808}
Epoch 1 **** Loss 0.2560533881187439 **** Metrics validation: {'accuracy': 0.7604623355918693, 'f1_weighted': 0.7569341943997547, 'macro': 0.7265998500197266, 'micro': 0.7604623355918694, 'binary': 0.6303813038130381, 'accuracy_majority': 0.7606589147286822, 'macro_majority': 0.7385664352877467, 'binary_majority': 0.662568306010929, 'run_time_millis': 5259.678401052952, 'loss_mean': 0.2448098063468933}
Epoch 2 **** Loss 0.21118281781673431 **** Metrics validation: {'accuracy': 0.7367477082502989, 'f1_weighted': 0.7426015710189464, 'macro': 0.7235855322099107, 'micro': 0.736747708250299, 'binary': 0.6632679072138669, 'accuracy_majority': 0.7616279069767442, 'macro_majority': 0.755757034665353, 'binary_majority': 0.7178899082568807, 'run_time_millis': 5258.033221994992, 'loss_mean': 0.24052397906780243}
Epoch 3 **** Loss 0.16609668731689453 **** Metrics validation: {'accuracy': 0.7391390992427261, 'f1_weighted': 0.7441845087462213, 'macro': 0.7233442010842648, 'micro': 0.739139099242726, 'binary': 0.6572401152134065, 'accuracy_majority': 0.7582364341085271, 'macro_majority': 0.7507805529966629, 'binary_majority': 0.7076742823667252, 'run_time_millis': 5260.657704027835, 'loss_mean': 0.24610298871994019}
Epoch 4 **** Loss 0.0898992046713829 **** Metrics validation: {'accuracy': 0.7495017935432443, 'f1_weighted': 0.75280236345254, 'macro': 0.7298001537763031, 'micro': 0.7495017935432443, 'binary': 0.6568386568386568, 'accuracy_majority': 0.7625968992248062, 'macro_majority': 0.7520337761301616, 'binary_majority': 0.7008547008547009, 'run_time_millis': 5255.925175966695, 'loss_mean': 0.30089837312698364}
Epoch 5 **** Loss 0.11354484409093857 **** Metrics validation: {'accuracy': 0.749302510960542, 'f1_weighted': 0.750647271337755, 'macro': 0.7247032357676237, 'micro': 0.749302510960542, 'binary': 0.6424104604889141, 'accuracy_majority': 0.7538759689922481, 'macro_majority': 0.7395544780716571, 'binary_majority': 0.6784810126582278, 'run_time_millis': 5290.17114097951, 'loss_mean': 0.3226746618747711}
Epoch 6 **** Loss 0.15413233637809753 **** Metrics validation: {'accuracy': 0.7538860103626943, 'f1_weighted': 0.75337690263834, 'macro': 0.7256041985028738, 'micro': 0.7538860103626944, 'binary': 0.6375110067508071, 'accuracy_majority': 0.7558139534883721, 'macro_majority': 0.738576335521045, 'binary_majority': 0.6714471968709258, 'run_time_millis': 5296.001122042071, 'loss_mean': 0.38189348578453064}
Epoch 7 **** Loss 0.10273876041173935 **** Metrics validation: {'accuracy': 0.7441211638102829, 'f1_weighted': 0.7479190050951708, 'macro': 0.7251607289107289, 'micro': 0.7441211638102829, 'binary': 0.652972972972973, 'accuracy_majority': 0.7587209302325582, 'macro_majority': 0.7488091386208588, 'binary_majority': 0.6989117291414751, 'run_time_millis': 5279.199008014984, 'loss_mean': 0.33442988991737366}
Epoch 8 **** Loss 0.1347888559103012 **** Metrics validation: {'accuracy': 0.7500996412913511, 'f1_weighted': 0.7504429448278666, 'macro': 0.7232876350894968, 'micro': 0.7500996412913511, 'binary': 0.6371527777777778, 'accuracy_majority': 0.7538759689922481, 'macro_majority': 0.7381377901430048, 'binary_majority': 0.6739409499358151, 'run_time_millis': 5264.27371695172, 'loss_mean': 0.3698877692222595}
Epoch 9 **** Loss 0.13700813055038452 **** Metrics validation: {'accuracy': 0.7566759665205262, 'f1_weighted': 0.7536775711008477, 'macro': 0.7234644401840875, 'micro': 0.7566759665205262, 'binary': 0.6276303751143641, 'accuracy_majority': 0.7538759689922481, 'macro_majority': 0.732456928227321, 'binary_majority': 0.6567567567567568, 'run_time_millis': 5263.4553969837725, 'loss_mean': 0.46277716755867004}
Evaluating
{'accuracy': 0.761060183339976, 'f1_weighted': 0.7581158130629946, 'macro': 0.7284470628834734, 'micro': 0.761060183339976, 'binary': 0.6343397377249161, 'accuracy_majority': 0.7606589147286822, 'macro_majority': 0.7398301624887728, 'binary_majority': 0.6662162162162163, 'run_time_millis': 5259.324446960818, 'loss_mean': 0.24844776093959808}
Device cuda
Split type sit
Training Size: 7000, NTA labels 4599, YTA labels 2401
Validation Size: 5018, NTA labels 3300, YTA labels 1718
Test Size: 5063, NTA labels 3132, YTA labels 1931
Training with SBERT, model name is sbert
Tokenizing the dataset
Number of training steps 2190
Epoch 0 **** Loss 0.20053492486476898 **** Metrics validation: {'accuracy': 0.7634515743324033, 'f1_weighted': 0.7586504412333646, 'macro': 0.7273936817161646, 'micro': 0.7634515743324033, 'binary': 0.6282492953335421, 'accuracy_majority': 0.7548449612403101, 'macro_majority': 0.7301835317460318, 'binary_majority': 0.6486111111111111, 'run_time_millis': 5161.281737033278, 'loss_mean': 0.24419599771499634}
Epoch 1 **** Loss 0.2542475461959839 **** Metrics validation: {'accuracy': 0.7594659226783579, 'f1_weighted': 0.7601637116095928, 'macro': 0.7344915699999688, 'micro': 0.7594659226783579, 'binary': 0.6530612244897958, 'accuracy_majority': 0.7645348837209303, 'macro_majority': 0.7489666908581296, 'binary_majority': 0.6864516129032259, 'run_time_millis': 5261.589934001677, 'loss_mean': 0.23794424533843994}
Epoch 2 **** Loss 0.1967018097639084 **** Metrics validation: {'accuracy': 0.7395376644081307, 'f1_weighted': 0.7456820920147662, 'macro': 0.72810436240591, 'micro': 0.7395376644081308, 'binary': 0.6723489596390073, 'accuracy_majority': 0.7616279069767442, 'macro_majority': 0.7566912494069953, 'binary_majority': 0.7220338983050848, 'run_time_millis': 5255.553171038628, 'loss_mean': 0.24232320487499237}
Epoch 3 **** Loss 0.23507551848888397 **** Metrics validation: {'accuracy': 0.7467118373854125, 'f1_weighted': 0.7507792685974428, 'macro': 0.7288179164560373, 'micro': 0.7467118373854125, 'binary': 0.6591579511933494, 'accuracy_majority': 0.7621124031007752, 'macro_majority': 0.7525863199148648, 'binary_majority': 0.704038577456299, 'run_time_millis': 5270.34588099923, 'loss_mean': 0.25343751907348633}
Epoch 4 **** Loss 0.1362881064414978 **** Metrics validation: {'accuracy': 0.7526903148664806, 'f1_weighted': 0.7523931631288407, 'macro': 0.7247405720143587, 'micro': 0.7526903148664806, 'binary': 0.637028370868675, 'accuracy_majority': 0.75, 'macro_majority': 0.7323519625572603, 'binary_majority': 0.6636245110821382, 'run_time_millis': 5268.530108965933, 'loss_mean': 0.32378408312797546}
Epoch 5 **** Loss 0.16998298466205597 **** Metrics validation: {'accuracy': 0.7578716620167397, 'f1_weighted': 0.756263257925307, 'macro': 0.7276734234011907, 'micro': 0.7578716620167397, 'binary': 0.636988347774126, 'accuracy_majority': 0.7572674418604651, 'macro_majority': 0.738201505020321, 'binary_majority': 0.6675514266755143, 'run_time_millis': 5300.183483050205, 'loss_mean': 0.3610003590583801}
Epoch 6 **** Loss 0.22469425201416016 **** Metrics validation: {'accuracy': 0.7574730968513352, 'f1_weighted': 0.7549856231468611, 'macro': 0.7253977780304859, 'micro': 0.7574730968513351, 'binary': 0.6315470784135634, 'accuracy_majority': 0.751453488372093, 'macro_majority': 0.730223919100196, 'binary_majority': 0.6545454545454545, 'run_time_millis': 5296.9547340180725, 'loss_mean': 0.41680437326431274}
Epoch 7 **** Loss 0.11872878670692444 **** Metrics validation: {'accuracy': 0.7576723794340374, 'f1_weighted': 0.7562351519627084, 'macro': 0.7278139787171782, 'micro': 0.7576723794340374, 'binary': 0.6376638855780691, 'accuracy_majority': 0.7553294573643411, 'macro_majority': 0.7364076001564884, 'binary_majority': 0.6657842488418266, 'run_time_millis': 5265.298958984204, 'loss_mean': 0.4358741044998169}
Epoch 8 **** Loss 0.0789160430431366 **** Metrics validation: {'accuracy': 0.753686727779992, 'f1_weighted': 0.754124566324185, 'macro': 0.7274837749044474, 'micro': 0.753686727779992, 'binary': 0.6429809358752167, 'accuracy_majority': 0.7567829457364341, 'macro_majority': 0.7410995214431069, 'binary_majority': 0.6773778920308484, 'run_time_millis': 4254.881393047981, 'loss_mean': 0.39474761486053467}
Epoch 9 **** Loss 0.12393239885568619 **** Metrics validation: {'accuracy': 0.7592666400956556, 'f1_weighted': 0.7573769604353487, 'macro': 0.7286320256026038, 'micro': 0.7592666400956556, 'binary': 0.6374549819927972, 'accuracy_majority': 0.7577519379844961, 'macro_majority': 0.7382039573820396, 'binary_majority': 0.6666666666666667, 'run_time_millis': 5278.358098003082, 'loss_mean': 0.45397379994392395}
Evaluating
{'accuracy': 0.7594659226783579, 'f1_weighted': 0.7601637116095928, 'macro': 0.7344915699999688, 'micro': 0.7594659226783579, 'binary': 0.6530612244897958, 'accuracy_majority': 0.7645348837209303, 'macro_majority': 0.7489666908581296, 'binary_majority': 0.6864516129032259, 'run_time_millis': 4455.906603019685, 'loss_mean': 0.23794424533843994}
Device cuda
Split type sit
Training Size: 7800, NTA labels 5133, YTA labels 2667
Validation Size: 5018, NTA labels 3300, YTA labels 1718
Test Size: 5063, NTA labels 3132, YTA labels 1931
Training with SBERT, model name is sbert
Tokenizing the dataset
Number of training steps 2440
Epoch 0 **** Loss 0.2607799470424652 **** Metrics validation: {'accuracy': 0.7634515743324033, 'f1_weighted': 0.7618046993952982, 'macro': 0.733790117131855, 'micro': 0.7634515743324033, 'binary': 0.6449297038588094, 'accuracy_majority': 0.7640503875968992, 'macro_majority': 0.74537334567834, 'binary_majority': 0.6764119601328903, 'run_time_millis': 5254.227055003867, 'loss_mean': 0.2423844337463379}
Epoch 1 **** Loss 0.19922173023223877 **** Metrics validation: {'accuracy': 0.7562774013551216, 'f1_weighted': 0.7590629995358302, 'macro': 0.7359906627720538, 'micro': 0.7562774013551217, 'binary': 0.6628067273228563, 'accuracy_majority': 0.7674418604651163, 'macro_majority': 0.7560511969427604, 'binary_majority': 0.703337453646477, 'run_time_millis': 5258.080361003522, 'loss_mean': 0.23747092485427856}
Epoch 2 **** Loss 0.18501518666744232 **** Metrics validation: {'accuracy': 0.7497010761259466, 'f1_weighted': 0.7529401633954224, 'macro': 0.7298580189796081, 'micro': 0.7497010761259466, 'binary': 0.6566429743028978, 'accuracy_majority': 0.7630813953488372, 'macro_majority': 0.752898187921024, 'binary_majority': 0.7027355623100303, 'run_time_millis': 5257.182439963799, 'loss_mean': 0.24236485362052917}
Epoch 3 **** Loss 0.17702491581439972 **** Metrics validation: {'accuracy': 0.7572738142686329, 'f1_weighted': 0.7577052765233473, 'macro': 0.7314524577941883, 'micro': 0.7572738142686329, 'binary': 0.6481802426343153, 'accuracy_majority': 0.7611434108527132, 'macro_majority': 0.7454164161617163, 'binary_majority': 0.6821405544809801, 'run_time_millis': 5225.485945993569, 'loss_mean': 0.28940773010253906}
Epoch 4 **** Loss 0.21763284504413605 **** Metrics validation: {'accuracy': 0.7481068154643284, 'f1_weighted': 0.7518889301337152, 'macro': 0.7295631636897981, 'micro': 0.7481068154643284, 'binary': 0.6587473002159828, 'accuracy_majority': 0.7582364341085271, 'macro_majority': 0.7483551052270869, 'binary_majority': 0.698489425981873, 'run_time_millis': 5258.755259972531, 'loss_mean': 0.28075477480888367}
Epoch 5 **** Loss 0.13427607715129852 **** Metrics validation: {'accuracy': 0.7504982064567557, 'f1_weighted': 0.7535595255838955, 'macro': 0.7302758387611298, 'micro': 0.7504982064567557, 'binary': 0.6564215148188803, 'accuracy_majority': 0.7621124031007752, 'macro_majority': 0.7508407756845632, 'binary_majority': 0.6978461538461539, 'run_time_millis': 5288.767624006141, 'loss_mean': 0.31201496720314026}
Epoch 6 **** Loss 0.10600904375314713 **** Metrics validation: {'accuracy': 0.7552809884416102, 'f1_weighted': 0.7573652974865638, 'macro': 0.7331198790371758, 'micro': 0.7552809884416102, 'binary': 0.6562150055991042, 'accuracy_majority': 0.7645348837209303, 'macro_majority': 0.7517727969212129, 'binary_majority': 0.6954887218045113, 'run_time_millis': 4463.398104009684, 'loss_mean': 0.34882307052612305}
Epoch 7 **** Loss 0.23426181077957153 **** Metrics validation: {'accuracy': 0.7508967716221602, 'f1_weighted': 0.7537813144582822, 'macro': 0.7302589084441325, 'micro': 0.7508967716221602, 'binary': 0.6556473829201103, 'accuracy_majority': 0.7601744186046512, 'macro_majority': 0.7483724672664764, 'binary_majority': 0.6938775510204082, 'run_time_millis': 5264.250906009693, 'loss_mean': 0.3771255910396576}
Epoch 8 **** Loss 0.11300364881753922 **** Metrics validation: {'accuracy': 0.7568752491032283, 'f1_weighted': 0.7546468848626077, 'macro': 0.7252696162904245, 'micro': 0.7568752491032282, 'binary': 0.632086851628468, 'accuracy_majority': 0.7558139534883721, 'macro_majority': 0.7351906158357772, 'binary_majority': 0.6612903225806452, 'run_time_millis': 5258.889950986486, 'loss_mean': 0.45723646879196167}
Epoch 9 **** Loss 0.15254811942577362 **** Metrics validation: {'accuracy': 0.7562774013551216, 'f1_weighted': 0.7530160694270136, 'macro': 0.7224869149283928, 'micro': 0.7562774013551217, 'binary': 0.625650443832262, 'accuracy_majority': 0.750968992248062, 'macro_majority': 0.7281490903760981, 'binary_majority': 0.6493860845839017, 'run_time_millis': 5264.908654964529, 'loss_mean': 0.49342578649520874}
Evaluating
{'accuracy': 0.7634515743324033, 'f1_weighted': 0.7618046993952982, 'macro': 0.733790117131855, 'micro': 0.7634515743324033, 'binary': 0.6449297038588094, 'accuracy_majority': 0.7640503875968992, 'macro_majority': 0.74537334567834, 'binary_majority': 0.6764119601328903, 'run_time_millis': 4250.266316987108, 'loss_mean': 0.2423844337463379}
