Device cuda
Split type sit
Training Size: 6000, NTA labels 6000, YTA labels 0
Validation Size: 5067, NTA labels 5067, YTA labels 0
Test Size: 4978, NTA labels 4978, YTA labels 0
Training with SBERT, model name is sbert
Tokenizing the dataset
Number of training steps 1880
Epoch 0 **** Loss 0.00028795425896532834 **** Metrics validation: {'accuracy': 1.0, 'f1_weighted': 1.0, 'macro': 1.0, 'micro': 1.0, 'binary': 0.0, 'accuracy_majority': 1.0, 'macro_majority': 1.0, 'binary_majority': 0.0, 'run_time_millis': 5632.526976056397, 'loss_mean': 7.903608639026061e-05}
Epoch 1 **** Loss 7.05153652234003e-05 **** Metrics validation: {'accuracy': 1.0, 'f1_weighted': 1.0, 'macro': 1.0, 'micro': 1.0, 'binary': 0.0, 'accuracy_majority': 1.0, 'macro_majority': 1.0, 'binary_majority': 0.0, 'run_time_millis': 5609.640920069069, 'loss_mean': 3.246834239689633e-05}
Epoch 2 **** Loss 5.520887498278171e-05 **** Metrics validation: {'accuracy': 1.0, 'f1_weighted': 1.0, 'macro': 1.0, 'micro': 1.0, 'binary': 0.0, 'accuracy_majority': 1.0, 'macro_majority': 1.0, 'binary_majority': 0.0, 'run_time_millis': 5645.506812958047, 'loss_mean': 1.866218190116342e-05}
Epoch 3 **** Loss 3.106757503701374e-05 **** Metrics validation: {'accuracy': 1.0, 'f1_weighted': 1.0, 'macro': 1.0, 'micro': 1.0, 'binary': 0.0, 'accuracy_majority': 1.0, 'macro_majority': 1.0, 'binary_majority': 0.0, 'run_time_millis': 5583.159155910835, 'loss_mean': 1.2557959053083323e-05}
Epoch 4 **** Loss 2.3533963030786254e-05 **** Metrics validation: {'accuracy': 1.0, 'f1_weighted': 1.0, 'macro': 1.0, 'micro': 1.0, 'binary': 0.0, 'accuracy_majority': 1.0, 'macro_majority': 1.0, 'binary_majority': 0.0, 'run_time_millis': 4355.270559899509, 'loss_mean': 9.376784873893484e-06}
Epoch 5 **** Loss 2.6731129764812067e-05 **** Metrics validation: {'accuracy': 1.0, 'f1_weighted': 1.0, 'macro': 1.0, 'micro': 1.0, 'binary': 0.0, 'accuracy_majority': 1.0, 'macro_majority': 1.0, 'binary_majority': 0.0, 'run_time_millis': 5624.851880129427, 'loss_mean': 7.529408321715891e-06}
Epoch 6 **** Loss 1.612337837286759e-05 **** Metrics validation: {'accuracy': 1.0, 'f1_weighted': 1.0, 'macro': 1.0, 'micro': 1.0, 'binary': 0.0, 'accuracy_majority': 1.0, 'macro_majority': 1.0, 'binary_majority': 0.0, 'run_time_millis': 5646.457310998812, 'loss_mean': 6.400382062565768e-06}
Epoch 7 **** Loss 1.730793337628711e-05 **** Metrics validation: {'accuracy': 1.0, 'f1_weighted': 1.0, 'macro': 1.0, 'micro': 1.0, 'binary': 0.0, 'accuracy_majority': 1.0, 'macro_majority': 1.0, 'binary_majority': 0.0, 'run_time_millis': 5636.552885174751, 'loss_mean': 5.691465958079789e-06}
Epoch 8 **** Loss 2.0856956325587817e-05 **** Metrics validation: {'accuracy': 1.0, 'f1_weighted': 1.0, 'macro': 1.0, 'micro': 1.0, 'binary': 0.0, 'accuracy_majority': 1.0, 'macro_majority': 1.0, 'binary_majority': 0.0, 'run_time_millis': 5617.430489975959, 'loss_mean': 5.299193617247511e-06}
Epoch 9 **** Loss 1.2999813407077454e-05 **** Metrics validation: {'accuracy': 1.0, 'f1_weighted': 1.0, 'macro': 1.0, 'micro': 1.0, 'binary': 0.0, 'accuracy_majority': 1.0, 'macro_majority': 1.0, 'binary_majority': 0.0, 'run_time_millis': 5622.689681127667, 'loss_mean': 5.170372787688393e-06}
Evaluating
{'accuracy': 1.0, 'f1_weighted': 1.0, 'macro': 1.0, 'micro': 1.0, 'binary': 0.0, 'accuracy_majority': 1.0, 'macro_majority': 1.0, 'binary_majority': 0.0, 'run_time_millis': 5618.2410849723965, 'loss_mean': 7.903608639026061e-05}
Device cuda
Split type sit
Training Size: 6750, NTA labels 6750, YTA labels 0
Validation Size: 5067, NTA labels 5067, YTA labels 0
Test Size: 4978, NTA labels 4978, YTA labels 0
Training with SBERT, model name is sbert
Tokenizing the dataset
Number of training steps 2110
Epoch 0 **** Loss 0.00023505595163442194 **** Metrics validation: {'accuracy': 1.0, 'f1_weighted': 1.0, 'macro': 1.0, 'micro': 1.0, 'binary': 0.0, 'accuracy_majority': 1.0, 'macro_majority': 1.0, 'binary_majority': 0.0, 'run_time_millis': 4590.503634186462, 'loss_mean': 6.927728827577084e-05}
Epoch 1 **** Loss 7.927844853838906e-05 **** Metrics validation: {'accuracy': 1.0, 'f1_weighted': 1.0, 'macro': 1.0, 'micro': 1.0, 'binary': 0.0, 'accuracy_majority': 1.0, 'macro_majority': 1.0, 'binary_majority': 0.0, 'run_time_millis': 5625.2674798015505, 'loss_mean': 2.680443685676437e-05}
Epoch 2 **** Loss 4.644518776331097e-05 **** Metrics validation: {'accuracy': 1.0, 'f1_weighted': 1.0, 'macro': 1.0, 'micro': 1.0, 'binary': 0.0, 'accuracy_majority': 1.0, 'macro_majority': 1.0, 'binary_majority': 0.0, 'run_time_millis': 5625.3316309303045, 'loss_mean': 1.4877782632538583e-05}
Epoch 3 **** Loss 3.74595656467136e-05 **** Metrics validation: {'accuracy': 1.0, 'f1_weighted': 1.0, 'macro': 1.0, 'micro': 1.0, 'binary': 0.0, 'accuracy_majority': 1.0, 'macro_majority': 1.0, 'binary_majority': 0.0, 'run_time_millis': 5417.639940045774, 'loss_mean': 9.891708032228053e-06}
Epoch 4 **** Loss 1.9899402104783803e-05 **** Metrics validation: {'accuracy': 1.0, 'f1_weighted': 1.0, 'macro': 1.0, 'micro': 1.0, 'binary': 0.0, 'accuracy_majority': 1.0, 'macro_majority': 1.0, 'binary_majority': 0.0, 'run_time_millis': 5621.903175953776, 'loss_mean': 7.322736109927064e-06}
Epoch 5 **** Loss 1.7314916476607323e-05 **** Metrics validation: {'accuracy': 1.0, 'f1_weighted': 1.0, 'macro': 1.0, 'micro': 1.0, 'binary': 0.0, 'accuracy_majority': 1.0, 'macro_majority': 1.0, 'binary_majority': 0.0, 'run_time_millis': 5644.505306845531, 'loss_mean': 5.807144134450937e-06}
Epoch 6 **** Loss 2.5234507120330818e-05 **** Metrics validation: {'accuracy': 1.0, 'f1_weighted': 1.0, 'macro': 1.0, 'micro': 1.0, 'binary': 0.0, 'accuracy_majority': 1.0, 'macro_majority': 1.0, 'binary_majority': 0.0, 'run_time_millis': 5641.87118713744, 'loss_mean': 4.863395133725135e-06}
Epoch 7 **** Loss 1.4338426808535587e-05 **** Metrics validation: {'accuracy': 1.0, 'f1_weighted': 1.0, 'macro': 1.0, 'micro': 1.0, 'binary': 0.0, 'accuracy_majority': 1.0, 'macro_majority': 1.0, 'binary_majority': 0.0, 'run_time_millis': 4617.605061037466, 'loss_mean': 4.292790436011273e-06}
Epoch 8 **** Loss 1.2204836821183562e-05 **** Metrics validation: {'accuracy': 1.0, 'f1_weighted': 1.0, 'macro': 1.0, 'micro': 1.0, 'binary': 0.0, 'accuracy_majority': 1.0, 'macro_majority': 1.0, 'binary_majority': 0.0, 'run_time_millis': 5622.106279945001, 'loss_mean': 3.978970198659226e-06}
Epoch 9 **** Loss 1.161753880296601e-05 **** Metrics validation: {'accuracy': 1.0, 'f1_weighted': 1.0, 'macro': 1.0, 'micro': 1.0, 'binary': 0.0, 'accuracy_majority': 1.0, 'macro_majority': 1.0, 'binary_majority': 0.0, 'run_time_millis': 5626.022604061291, 'loss_mean': 3.873812147503486e-06}
Evaluating
{'accuracy': 1.0, 'f1_weighted': 1.0, 'macro': 1.0, 'micro': 1.0, 'binary': 0.0, 'accuracy_majority': 1.0, 'macro_majority': 1.0, 'binary_majority': 0.0, 'run_time_millis': 5642.627460882068, 'loss_mean': 6.927728827577084e-05}
Device cuda
Split type sit
Training Size: 7500, NTA labels 7500, YTA labels 0
Validation Size: 5067, NTA labels 5067, YTA labels 0
Test Size: 4978, NTA labels 4978, YTA labels 0
Training with SBERT, model name is sbert
Tokenizing the dataset
Number of training steps 2350
Epoch 0 **** Loss 0.000147295169881545 **** Metrics validation: {'accuracy': 1.0, 'f1_weighted': 1.0, 'macro': 1.0, 'micro': 1.0, 'binary': 0.0, 'accuracy_majority': 1.0, 'macro_majority': 1.0, 'binary_majority': 0.0, 'run_time_millis': 4245.98382296972, 'loss_mean': 5.892507761018351e-05}
Epoch 1 **** Loss 5.102294380776584e-05 **** Metrics validation: {'accuracy': 1.0, 'f1_weighted': 1.0, 'macro': 1.0, 'micro': 1.0, 'binary': 0.0, 'accuracy_majority': 1.0, 'macro_majority': 1.0, 'binary_majority': 0.0, 'run_time_millis': 5628.067923011258, 'loss_mean': 2.288162249897141e-05}
Epoch 2 **** Loss 6.952380499569699e-05 **** Metrics validation: {'accuracy': 1.0, 'f1_weighted': 1.0, 'macro': 1.0, 'micro': 1.0, 'binary': 0.0, 'accuracy_majority': 1.0, 'macro_majority': 1.0, 'binary_majority': 0.0, 'run_time_millis': 5626.0610648896545, 'loss_mean': 1.2760089703078847e-05}
Epoch 3 **** Loss 3.335189467179589e-05 **** Metrics validation: {'accuracy': 1.0, 'f1_weighted': 1.0, 'macro': 1.0, 'micro': 1.0, 'binary': 0.0, 'accuracy_majority': 1.0, 'macro_majority': 1.0, 'binary_majority': 0.0, 'run_time_millis': 5627.566403942183, 'loss_mean': 8.474105925415643e-06}
Epoch 4 **** Loss 2.96748385153478e-05 **** Metrics validation: {'accuracy': 1.0, 'f1_weighted': 1.0, 'macro': 1.0, 'micro': 1.0, 'binary': 0.0, 'accuracy_majority': 1.0, 'macro_majority': 1.0, 'binary_majority': 0.0, 'run_time_millis': 4748.69576189667, 'loss_mean': 6.246577413548948e-06}
Epoch 5 **** Loss 1.019328828988364e-05 **** Metrics validation: {'accuracy': 1.0, 'f1_weighted': 1.0, 'macro': 1.0, 'micro': 1.0, 'binary': 0.0, 'accuracy_majority': 1.0, 'macro_majority': 1.0, 'binary_majority': 0.0, 'run_time_millis': 5647.5193940568715, 'loss_mean': 4.9648542699287646e-06}
Epoch 6 **** Loss 1.6566582416999154e-05 **** Metrics validation: {'accuracy': 1.0, 'f1_weighted': 1.0, 'macro': 1.0, 'micro': 1.0, 'binary': 0.0, 'accuracy_majority': 1.0, 'macro_majority': 1.0, 'binary_majority': 0.0, 'run_time_millis': 5580.712760100141, 'loss_mean': 4.1824437175819185e-06}
Epoch 7 **** Loss 8.466801773465704e-06 **** Metrics validation: {'accuracy': 1.0, 'f1_weighted': 1.0, 'macro': 1.0, 'micro': 1.0, 'binary': 0.0, 'accuracy_majority': 1.0, 'macro_majority': 1.0, 'binary_majority': 0.0, 'run_time_millis': 5048.718582838774, 'loss_mean': 3.6861479202343617e-06}
Epoch 8 **** Loss 1.3412435691861901e-05 **** Metrics validation: {'accuracy': 1.0, 'f1_weighted': 1.0, 'macro': 1.0, 'micro': 1.0, 'binary': 0.0, 'accuracy_majority': 1.0, 'macro_majority': 1.0, 'binary_majority': 0.0, 'run_time_millis': 5181.759821018204, 'loss_mean': 3.410626277400297e-06}
Epoch 9 **** Loss 8.789879757387098e-06 **** Metrics validation: {'accuracy': 1.0, 'f1_weighted': 1.0, 'macro': 1.0, 'micro': 1.0, 'binary': 0.0, 'accuracy_majority': 1.0, 'macro_majority': 1.0, 'binary_majority': 0.0, 'run_time_millis': 5611.625279067084, 'loss_mean': 3.31879482473596e-06}
Evaluating
{'accuracy': 1.0, 'f1_weighted': 1.0, 'macro': 1.0, 'micro': 1.0, 'binary': 0.0, 'accuracy_majority': 1.0, 'macro_majority': 1.0, 'binary_majority': 0.0, 'run_time_millis': 5658.931551966816, 'loss_mean': 5.892507761018351e-05}
