______________________________	 Running Epoch 1 of 10 	______________________________
[Training] Itteration/Batch:   0/117: Loss: 0.50 | Accuracy: 0.88
[Training] Itteration/Batch:  25/117: Loss: 0.67 | Accuracy: 0.75
[Training] Itteration/Batch:  50/117: Loss: 0.34 | Accuracy: 1.00
[Training] Itteration/Batch:  75/117: Loss: 0.10 | Accuracy: 1.00
[Training] Itteration/Batch: 100/117: Loss: 0.28 | Accuracy: 0.88

Epoch 1: Val Bin. F1 Majority 0.6360152959823608 | Val Macro F1 Majority 0.7702689693679123 |             Val Bin F1 Individual 0.5961945056915283 | Val Macro F1 Individual 0.7513979850819561 |             Val Accuracy Majority 0.8487260937690735 | Val Accuracy Individual 0.8482922911643982 | Training Loss:0.5093854665756226 |             Val Loss 0.46479281783103943 | Train Runtime Millis 7674.67914000008 | Val Runtime Millis 1060.6226019999667

______________________________	 Running Epoch 2 of 10 	______________________________
[Training] Itteration/Batch:   0/117: Loss: 0.69 | Accuracy: 0.88
[Training] Itteration/Batch:  25/117: Loss: 0.27 | Accuracy: 0.88
[Training] Itteration/Batch:  50/117: Loss: 0.31 | Accuracy: 0.88
[Training] Itteration/Batch:  75/117: Loss: 0.10 | Accuracy: 1.00
[Training] Itteration/Batch: 100/117: Loss: 0.12 | Accuracy: 1.00

Epoch 2: Val Bin. F1 Majority 0.6808510422706604 | Val Macro F1 Majority 0.7942242998820395 |             Val Bin F1 Individual 0.6317829489707947 | Val Macro F1 Individual 0.7684389254156696 |             Val Accuracy Majority 0.8566879034042358 | Val Accuracy Individual 0.849086582660675 | Training Loss:0.38645902276039124 |             Val Loss 0.41074419021606445 | Train Runtime Millis 7188.442681000197 | Val Runtime Millis 1055.9545769997385

______________________________	 Running Epoch 3 of 10 	______________________________
[Training] Itteration/Batch:   0/117: Loss: 0.34 | Accuracy: 0.88
[Training] Itteration/Batch:  25/117: Loss: 0.11 | Accuracy: 1.00
[Training] Itteration/Batch:  50/117: Loss: 0.11 | Accuracy: 0.94
[Training] Itteration/Batch:  75/117: Loss: 0.23 | Accuracy: 0.88
[Training] Itteration/Batch: 100/117: Loss: 0.41 | Accuracy: 0.75

Epoch 3: Val Bin. F1 Majority 0.7096773982048035 | Val Macro F1 Majority 0.8133852808135503 |             Val Bin F1 Individual 0.6601941585540771 | Val Macro F1 Individual 0.7864126140885759 |             Val Accuracy Majority 0.8710191249847412 | Val Accuracy Individual 0.8610007762908936 | Training Loss:0.2997420132160187 |             Val Loss 0.42844438552856445 | Train Runtime Millis 7228.532841000288 | Val Runtime Millis 1055.3383800001939

______________________________	 Running Epoch 4 of 10 	______________________________
[Training] Itteration/Batch:   0/117: Loss: 0.07 | Accuracy: 1.00
[Training] Itteration/Batch:  25/117: Loss: 0.18 | Accuracy: 0.94
[Training] Itteration/Batch:  50/117: Loss: 0.12 | Accuracy: 0.94
[Training] Itteration/Batch:  75/117: Loss: 0.21 | Accuracy: 0.94
[Training] Itteration/Batch: 100/117: Loss: 0.04 | Accuracy: 1.00

Epoch 4: Val Bin. F1 Majority 0.7148014307022095 | Val Macro F1 Majority 0.8170534288653788 |             Val Bin F1 Individual 0.65625 | Val Macro F1 Individual 0.7842566051844466 |             Val Accuracy Majority 0.8742038011550903 | Val Accuracy Individual 0.8602064847946167 | Training Loss:0.21426159143447876 |             Val Loss 0.44495829939842224 | Train Runtime Millis 7165.481431999979 | Val Runtime Millis 1057.4174550001771

