______________________________	 Running Epoch 1 of 10 	______________________________
[Training] Itteration/Batch:   0/148: Loss: 0.61 | Accuracy: 0.81
[Training] Itteration/Batch:  25/148: Loss: 0.52 | Accuracy: 0.88
[Training] Itteration/Batch:  50/148: Loss: 0.87 | Accuracy: 0.69
[Training] Itteration/Batch:  75/148: Loss: 0.68 | Accuracy: 0.81
[Training] Itteration/Batch: 100/148: Loss: 0.30 | Accuracy: 1.00
[Training] Itteration/Batch: 125/148: Loss: 0.65 | Accuracy: 0.75

Epoch 1: Val Bin. F1 Majority 0.36036035418510437 | Val Macro F1 Majority 0.3745221235996144 |             Val Bin F1 Individual 0.2946954667568207 | Val Macro F1 Individual 0.3453286716831194 |             Val Accuracy Majority 0.3748427629470825 | Val Accuracy Individual 0.34924471378326416 | Training Loss:0.6197929382324219 |             Val Loss 0.7319565415382385 | Train Runtime Millis 10349.172488000477 | Val Runtime Millis 1553.6032679992786

______________________________	 Running Epoch 2 of 10 	______________________________
[Training] Itteration/Batch:   0/148: Loss: 0.73 | Accuracy: 0.44
[Training] Itteration/Batch:  25/148: Loss: 0.45 | Accuracy: 0.75
[Training] Itteration/Batch:  50/148: Loss: 0.81 | Accuracy: 0.69
[Training] Itteration/Batch:  75/148: Loss: 0.46 | Accuracy: 0.88
[Training] Itteration/Batch: 100/148: Loss: 0.33 | Accuracy: 0.94
[Training] Itteration/Batch: 125/148: Loss: 0.50 | Accuracy: 0.88

Epoch 2: Val Bin. F1 Majority 0.6090225577354431 | Val Macro F1 Majority 0.7652363537241896 |             Val Bin F1 Individual 0.5978494882583618 | Val Macro F1 Individual 0.7660600563146059 |             Val Accuracy Majority 0.8691824078559875 | Val Accuracy Individual 0.8870090842247009 | Training Loss:0.5593717694282532 |             Val Loss 0.475660502910614 | Train Runtime Millis 9737.620322997827 | Val Runtime Millis 1529.3279309989884

______________________________	 Running Epoch 3 of 10 	______________________________
[Training] Itteration/Batch:   0/148: Loss: 0.44 | Accuracy: 0.88
[Training] Itteration/Batch:  25/148: Loss: 0.34 | Accuracy: 0.94
[Training] Itteration/Batch:  50/148: Loss: 0.38 | Accuracy: 0.94
[Training] Itteration/Batch:  75/148: Loss: 0.50 | Accuracy: 0.81
[Training] Itteration/Batch: 100/148: Loss: 0.23 | Accuracy: 1.00
[Training] Itteration/Batch: 125/148: Loss: 0.27 | Accuracy: 1.00

Epoch 3: Val Bin. F1 Majority 0.3541666567325592 | Val Macro F1 Majority 0.6327342632331903 |             Val Bin F1 Individual 0.34810125827789307 | Val Macro F1 Individual 0.639648495302842 |             Val Accuracy Majority 0.8440251350402832 | Val Accuracy Individual 0.8755286931991577 | Training Loss:0.5425357818603516 |             Val Loss 0.579560399055481 | Train Runtime Millis 9780.294994001451 | Val Runtime Millis 1521.4978600015456

______________________________	 Running Epoch 4 of 10 	______________________________
[Training] Itteration/Batch:   0/148: Loss: 1.11 | Accuracy: 0.50
[Training] Itteration/Batch:  25/148: Loss: 0.97 | Accuracy: 0.62
[Training] Itteration/Batch:  50/148: Loss: 0.46 | Accuracy: 0.88
[Training] Itteration/Batch:  75/148: Loss: 0.52 | Accuracy: 0.88
[Training] Itteration/Batch: 100/148: Loss: 1.09 | Accuracy: 0.69
[Training] Itteration/Batch: 125/148: Loss: 0.40 | Accuracy: 0.94

Epoch 4: Val Bin. F1 Majority 0.48181816935539246 | Val Macro F1 Majority 0.6993032514930326 |             Val Bin F1 Individual 0.49189189076423645 | Val Macro F1 Individual 0.7139731568302996 |             Val Accuracy Majority 0.8566038012504578 | Val Accuracy Individual 0.886404812335968 | Training Loss:0.5363804697990417 |             Val Loss 0.5213446617126465 | Train Runtime Millis 9712.663841000904 | Val Runtime Millis 1530.3623130021151

