Device cuda
Split type sit
Training Size: 40978, NTA labels 39513, YTA labels 1465
Validation Size: 17299, NTA labels 16712, YTA labels 587
Test Size: 17452, NTA labels 16858, YTA labels 594
Training with SBERT, model name is sbert
Tokenizing the dataset
Number of training steps 12810
Epoch 0 **** Loss 0.024591561406850815 **** Metrics validation: {'accuracy': 0.9502861437077288, 'f1_weighted': 0.9548367741106031, 'macro': 0.6908838415697875, 'micro': 0.9502861437077288, 'binary': 0.4077134986225895, 'accuracy_majority': 0.9476684992873142, 'macro_majority': 0.7069264742762138, 'binary_majority': 0.44130434782608696, 'run_time_millis': 9010.7483160009, 'loss_mean': 0.04669640585780144}
Epoch 1 **** Loss 0.04857421666383743 **** Metrics validation: {'accuracy': 0.9357188276779005, 'f1_weighted': 0.9465556559291161, 'macro': 0.6785436075382386, 'micro': 0.9357188276779005, 'binary': 0.3910186199342826, 'accuracy_majority': 0.9319894115251476, 'macro_majority': 0.6969356443180491, 'binary_majority': 0.4300341296928328, 'run_time_millis': 9037.695676999647, 'loss_mean': 0.05024029687047005}
Epoch 2 **** Loss 0.1421130895614624 **** Metrics validation: {'accuracy': 0.9410948609746228, 'f1_weighted': 0.9502828755163337, 'macro': 0.6935121051782284, 'micro': 0.9410948609746228, 'binary': 0.4180468303826385, 'accuracy_majority': 0.9366727754021584, 'macro_majority': 0.7113360423360423, 'binary_majority': 0.4562937062937063, 'run_time_millis': 9028.477923000537, 'loss_mean': 0.05691021680831909}
Epoch 3 **** Loss 0.004883324261754751 **** Metrics validation: {'accuracy': 0.9305162148101046, 'f1_weighted': 0.9435351891038739, 'macro': 0.6737010496603907, 'micro': 0.9305162148101046, 'binary': 0.3842213114754099, 'accuracy_majority': 0.9249643657096315, 'macro_majority': 0.6895594474196298, 'binary_majority': 0.4192277383766746, 'run_time_millis': 9027.218634999372, 'loss_mean': 0.06553862243890762}
Epoch 4 **** Loss 0.019023967906832695 **** Metrics validation: {'accuracy': 0.9149661830163593, 'f1_weighted': 0.9341273362944535, 'macro': 0.6545132217159294, 'micro': 0.9149661830163593, 'binary': 0.354541465555068, 'accuracy_majority': 0.9096925269802484, 'macro_majority': 0.6720498793861767, 'binary_majority': 0.39288158795345657, 'run_time_millis': 8993.495143999098, 'loss_mean': 0.06915473937988281}
Epoch 5 **** Loss 0.001043785596266389 **** Metrics validation: {'accuracy': 0.9287820105208393, 'f1_weighted': 0.9423783696235662, 'macro': 0.6696901973207428, 'micro': 0.9287820105208393, 'binary': 0.3771486349848332, 'accuracy_majority': 0.9233353695784973, 'macro_majority': 0.6878512507299929, 'binary_majority': 0.41673121611154146, 'run_time_millis': 6980.2798309992795, 'loss_mean': 0.07906641811132431}
Epoch 6 **** Loss 0.017873674631118774 **** Metrics validation: {'accuracy': 0.9353141800104052, 'f1_weighted': 0.9461671615407449, 'macro': 0.6756813390110264, 'micro': 0.9353141800104052, 'binary': 0.385502471169687, 'accuracy_majority': 0.9304622276522093, 'macro_majority': 0.6937974505646426, 'binary_majority': 0.42459983150800334, 'run_time_millis': 9011.872700999447, 'loss_mean': 0.09519746899604797}
Epoch 7 **** Loss 0.013443142175674438 **** Metrics validation: {'accuracy': 0.9414417018324759, 'f1_weighted': 0.9497081628946142, 'macro': 0.68150557813208, 'micro': 0.9414417018324759, 'binary': 0.3937761819269898, 'accuracy_majority': 0.9368763999185502, 'macro_majority': 0.6994074274151894, 'binary_majority': 0.43223443223443225, 'run_time_millis': 9035.079328999927, 'loss_mean': 0.10566428303718567}
Epoch 8 **** Loss 0.017975373193621635 **** Metrics validation: {'accuracy': 0.948089484941326, 'f1_weighted': 0.9537756709342508, 'macro': 0.6918049591173663, 'micro': 0.948089484941326, 'binary': 0.4107611548556431, 'accuracy_majority': 0.9434941967012829, 'macro_majority': 0.7084434695484385, 'binary_majority': 0.4466600199401795, 'run_time_millis': 9006.997009999395, 'loss_mean': 0.1220666915178299}
Epoch 9 **** Loss 0.02567758411169052 **** Metrics validation: {'accuracy': 0.9471067691774091, 'f1_weighted': 0.9531116055719894, 'macro': 0.6892751291071249, 'micro': 0.9471067691774091, 'binary': 0.4062297209604153, 'accuracy_majority': 0.9421706373447363, 'macro_majority': 0.7046768747995058, 'binary_majority': 0.43984220907297833, 'run_time_millis': 7007.588468999529, 'loss_mean': 0.1224297434091568}
Evaluating
{'accuracy': 0.9502861437077288, 'f1_weighted': 0.9548367741106031, 'macro': 0.6908838415697875, 'micro': 0.9502861437077288, 'binary': 0.4077134986225895, 'accuracy_majority': 0.9476684992873142, 'macro_majority': 0.7069264742762138, 'binary_majority': 0.44130434782608696, 'run_time_millis': 9014.313657000457, 'loss_mean': 0.04669640585780144}
