Device cuda
Split type sit
Training Size: 55476, NTA labels 39316, YTA labels 16160
Validation Size: 19095, NTA labels 13267, YTA labels 5828
Test Size: 21328, NTA labels 14871, YTA labels 6457
Training with SBERT, model name is sbert
Tokenizing the dataset
Number of training steps 17340
Epoch 0 **** Loss 0.21849608421325684 **** Metrics validation: {'accuracy': 0.6600680806493846, 'f1_weighted': 0.6306780350159431, 'macro': 0.5383110939651735, 'micro': 0.6600680806493846, 'binary': 0.3012164926256863, 'accuracy_majority': 0.6862745098039216, 'macro_majority': 0.5450925925925926, 'binary_majority': 0.2916666666666667, 'run_time_millis': 69046.26437000115, 'loss_mean': 0.3356647491455078}
Epoch 1 **** Loss 0.19934959709644318 **** Metrics validation: {'accuracy': 0.6863053155276251, 'f1_weighted': 0.6218026661274945, 'macro': 0.505167953223369, 'micro': 0.6863053155276251, 'binary': 0.20578095995757095, 'accuracy_majority': 0.701845444059977, 'macro_majority': 0.505879979628417, 'binary_majority': 0.19470404984423678, 'run_time_millis': 67977.90793300373, 'loss_mean': 0.40009817481040955}
Epoch 2 **** Loss 0.17820069193840027 **** Metrics validation: {'accuracy': 0.6651479444880859, 'f1_weighted': 0.6374460190506649, 'macro': 0.5476140123684613, 'micro': 0.6651479444880859, 'binary': 0.31702627643665887, 'accuracy_majority': 0.6839677047289504, 'macro_majority': 0.5623793382948936, 'binary_majority': 0.33170731707317075, 'run_time_millis': 69031.45987301832, 'loss_mean': 0.37378057837486267}
Epoch 3 **** Loss 0.15517376363277435 **** Metrics validation: {'accuracy': 0.6547787378894999, 'f1_weighted': 0.6399997407936445, 'macro': 0.5609055254007893, 'micro': 0.6547787378894999, 'binary': 0.35788038184297677, 'accuracy_majority': 0.6681084198385236, 'macro_majority': 0.5645869345799632, 'binary_majority': 0.3522791221159257, 'run_time_millis': 69020.62046001083, 'loss_mean': 0.37056875228881836}
Epoch 4 **** Loss 0.11446823179721832 **** Metrics validation: {'accuracy': 0.6780832678711705, 'f1_weighted': 0.6343443438594313, 'macro': 0.5328869519906043, 'micro': 0.6780832678711705, 'binary': 0.27245827908628234, 'accuracy_majority': 0.696078431372549, 'macro_majority': 0.5473280098280098, 'binary_majority': 0.2878378378378378, 'run_time_millis': 69030.01785097877, 'loss_mean': 0.4349622428417206}
Epoch 5 **** Loss 0.16886016726493835 **** Metrics validation: {'accuracy': 0.6725320764598063, 'f1_weighted': 0.6248262151206164, 'macro': 0.5189223349349307, 'micro': 0.6725320764598063, 'binary': 0.2470800722456352, 'accuracy_majority': 0.6926182237600923, 'macro_majority': 0.5343113469227339, 'binary_majority': 0.26279391424619636, 'run_time_millis': 68204.52237900463, 'loss_mean': 0.4922678470611572}
Epoch 6 **** Loss 0.14642412960529327 **** Metrics validation: {'accuracy': 0.6813825608798114, 'f1_weighted': 0.6295109592427972, 'macro': 0.5219655733515631, 'micro': 0.6813825608798114, 'binary': 0.24590976698066433, 'accuracy_majority': 0.6952133794694348, 'macro_majority': 0.5205994997629595, 'binary_majority': 0.2312727272727273, 'run_time_millis': 69215.12604499003, 'loss_mean': 0.4810793101787567}
Epoch 7 **** Loss 0.11297242343425751 **** Metrics validation: {'accuracy': 0.6709609845509296, 'f1_weighted': 0.6420690311413582, 'macro': 0.5522540535342532, 'micro': 0.6709609845509296, 'binary': 0.32171002914822416, 'accuracy_majority': 0.6839677047289504, 'macro_majority': 0.555578420789736, 'binary_majority': 0.3167082294264339, 'run_time_millis': 69383.37495000451, 'loss_mean': 0.449493408203125}
Epoch 8 **** Loss 0.17420144379138947 **** Metrics validation: {'accuracy': 0.6699659596753077, 'f1_weighted': 0.6435230071229796, 'macro': 0.5557847716025659, 'micro': 0.6699659596753077, 'binary': 0.33057148927129804, 'accuracy_majority': 0.6848327566320646, 'macro_majority': 0.5600402292813688, 'binary_majority': 0.3257248611967921, 'run_time_millis': 68754.17343899608, 'loss_mean': 0.44899821281433105}
Epoch 9 **** Loss 0.12980687618255615 **** Metrics validation: {'accuracy': 0.6670856245090337, 'f1_weighted': 0.6380610195818045, 'macro': 0.547378938080898, 'micro': 0.6670856245090337, 'binary': 0.31460916442048514, 'accuracy_majority': 0.6833910034602076, 'macro_majority': 0.5532060488299401, 'binary_majority': 0.31203007518796994, 'run_time_millis': 69340.57493897853, 'loss_mean': 0.4773481488227844}
Evaluating
{'accuracy': 0.6699659596753077, 'f1_weighted': 0.6435230071229796, 'macro': 0.5557847716025659, 'micro': 0.6699659596753077, 'binary': 0.33057148927129804, 'accuracy_majority': 0.6848327566320646, 'macro_majority': 0.5600402292813688, 'binary_majority': 0.3257248611967921, 'run_time_millis': 69099.44548801286, 'loss_mean': 0.44899821281433105}
