Device cuda
Split type sit
Training Size: 12311, NTA labels 7722, YTA labels 4589
Validation Size: 4120, NTA labels 2624, YTA labels 1496
Test Size: 4046, NTA labels 2550, YTA labels 1496
Training with SBERT, model name is sbert
Tokenizing the dataset
Number of training steps 3850
Epoch 0 **** Loss 0.16569896042346954 **** Metrics validation: {'accuracy': 0.8131067961165048, 'f1_weighted': 0.8145640738764961, 'macro': 0.801307547156576, 'micro': 0.8131067961165048, 'binary': 0.7528883183568678, 'accuracy_majority': 0.8142414860681114, 'macro_majority': 0.8109948506337015, 'binary_majority': 0.7862232779097388, 'run_time_millis': 4908.016496003256, 'loss_mean': 0.20980332791805267}
Epoch 1 **** Loss 0.3448689579963684 **** Metrics validation: {'accuracy': 0.8046116504854369, 'f1_weighted': 0.8074459732814852, 'macro': 0.7959040378520903, 'micro': 0.804611650485437, 'binary': 0.7537473233404711, 'accuracy_majority': 0.8116615067079463, 'macro_majority': 0.8102863285307509, 'binary_majority': 0.7941342357586013, 'run_time_millis': 4910.83805100061, 'loss_mean': 0.20649461448192596}
Epoch 2 **** Loss 0.11641494184732437 **** Metrics validation: {'accuracy': 0.7963592233009709, 'f1_weighted': 0.7993540888643987, 'macro': 0.787416956866001, 'micro': 0.7963592233009709, 'binary': 0.7438167938931298, 'accuracy_majority': 0.7997936016511867, 'macro_majority': 0.7985544131120839, 'binary_majority': 0.7827547592385219, 'run_time_millis': 4957.802660996094, 'loss_mean': 0.22654138505458832}
Epoch 3 **** Loss 0.19570288062095642 **** Metrics validation: {'accuracy': 0.7912621359223301, 'f1_weighted': 0.7946267086003553, 'macro': 0.7831259874463783, 'micro': 0.7912621359223301, 'binary': 0.741119807344973, 'accuracy_majority': 0.7972136222910217, 'macro_majority': 0.7961344906253086, 'binary_majority': 0.7813021702838063, 'run_time_millis': 4960.267620001105, 'loss_mean': 0.22243905067443848}
Epoch 4 **** Loss 0.14931929111480713 **** Metrics validation: {'accuracy': 0.8019417475728156, 'f1_weighted': 0.804291724456773, 'macro': 0.791547619047619, 'micro': 0.8019417475728156, 'binary': 0.745, 'accuracy_majority': 0.8003095975232198, 'macro_majority': 0.798350954182208, 'binary_majority': 0.7784773898111047, 'run_time_millis': 4923.741353995865, 'loss_mean': 0.24375566840171814}
Epoch 5 **** Loss 0.1769108921289444 **** Metrics validation: {'accuracy': 0.8029126213592233, 'f1_weighted': 0.8043413320806816, 'macro': 0.7902046154683585, 'micro': 0.8029126213592233, 'binary': 0.7385705086928527, 'accuracy_majority': 0.7972136222910217, 'macro_majority': 0.7938652199624611, 'binary_majority': 0.7675931401537551, 'run_time_millis': 4937.834793003276, 'loss_mean': 0.2872864603996277}
Epoch 6 **** Loss 0.12827029824256897 **** Metrics validation: {'accuracy': 0.7890776699029126, 'f1_weighted': 0.7918952491904685, 'macro': 0.7789228841440888, 'micro': 0.7890776699029125, 'binary': 0.7315415508186593, 'accuracy_majority': 0.7925696594427245, 'macro_majority': 0.7907646791518819, 'binary_majority': 0.7713310580204777, 'run_time_millis': 4939.355082002294, 'loss_mean': 0.30915331840515137}
Epoch 7 **** Loss 0.08228189498186111 **** Metrics validation: {'accuracy': 0.8014563106796116, 'f1_weighted': 0.8037432351978373, 'macro': 0.7908449809150452, 'micro': 0.8014563106796116, 'binary': 0.743734335839599, 'accuracy_majority': 0.7997936016511867, 'macro_majority': 0.7978916812256418, 'binary_majority': 0.7782857142857144, 'run_time_millis': 4897.479384002509, 'loss_mean': 0.350494384765625}
Epoch 8 **** Loss 0.08750788867473602 **** Metrics validation: {'accuracy': 0.8019417475728156, 'f1_weighted': 0.8029396967015396, 'macro': 0.7881280306857403, 'micro': 0.8019417475728156, 'binary': 0.7340286831812255, 'accuracy_majority': 0.8008255933952528, 'macro_majority': 0.7972319802237835, 'binary_majority': 0.7702380952380953, 'run_time_millis': 4921.686456997122, 'loss_mean': 0.38106653094291687}
Epoch 9 **** Loss 0.06504607945680618 **** Metrics validation: {'accuracy': 0.8036407766990291, 'f1_weighted': 0.8042719626207794, 'macro': 0.7891235004987713, 'micro': 0.8036407766990291, 'binary': 0.7337940111878907, 'accuracy_majority': 0.803921568627451, 'macro_majority': 0.800214207351414, 'binary_majority': 0.7729988052568699, 'run_time_millis': 4611.809897003695, 'loss_mean': 0.41952911019325256}
Evaluating
{'accuracy': 0.8131067961165048, 'f1_weighted': 0.8145640738764961, 'macro': 0.801307547156576, 'micro': 0.8131067961165048, 'binary': 0.7528883183568678, 'accuracy_majority': 0.8142414860681114, 'macro_majority': 0.8109948506337015, 'binary_majority': 0.7862232779097388, 'run_time_millis': 4917.772409993631, 'loss_mean': 0.20980332791805267}
