Device cuda
Split type sit
Training Size: 2799, NTA labels 2127, YTA labels 672
Validation Size: 905, NTA labels 695, YTA labels 210
Test Size: 1131, NTA labels 891, YTA labels 240
Training with SBERT, model name is sbert
Tokenizing the dataset
Number of training steps 880
Epoch 0 **** Loss 0.3335147798061371 **** Metrics validation: {'accuracy': 0.6165745856353592, 'f1_weighted': 0.6443279413431712, 'macro': 0.5585930526916497, 'micro': 0.6165745856353592, 'binary': 0.3986135181975737, 'accuracy_majority': 0.6174785100286533, 'macro_majority': 0.5666743396042159, 'binary_majority': 0.41830065359477125, 'run_time_millis': 5251.932857994689, 'loss_mean': 0.2490316778421402}
Epoch 1 **** Loss 0.2351042479276657 **** Metrics validation: {'accuracy': 0.6861878453038674, 'f1_weighted': 0.6990453503797636, 'macro': 0.5984664800279959, 'micro': 0.6861878453038674, 'binary': 0.41078838174273863, 'accuracy_majority': 0.6848137535816619, 'macro_majority': 0.6048460144927537, 'binary_majority': 0.42708333333333337, 'run_time_millis': 5266.173105002963, 'loss_mean': 0.24942900240421295}
Epoch 2 **** Loss 0.20800893008708954 **** Metrics validation: {'accuracy': 0.6298342541436464, 'f1_weighted': 0.6563620655131553, 'macro': 0.5722706373156923, 'micro': 0.6298342541436464, 'binary': 0.41535776614310643, 'accuracy_majority': 0.6232091690544412, 'macro_majority': 0.5731661097974112, 'binary_majority': 0.42701525054466233, 'run_time_millis': 5254.977702003089, 'loss_mean': 0.25067663192749023}
Epoch 3 **** Loss 0.11843960732221603 **** Metrics validation: {'accuracy': 0.630939226519337, 'f1_weighted': 0.6560632907404284, 'macro': 0.5664664440696247, 'micro': 0.630939226519337, 'binary': 0.39928057553956836, 'accuracy_majority': 0.6189111747851003, 'macro_majority': 0.563852478271083, 'binary_majority': 0.40888888888888886, 'run_time_millis': 5265.5968769977335, 'loss_mean': 0.30620723962783813}
Epoch 4 **** Loss 0.19459229707717896 **** Metrics validation: {'accuracy': 0.6209944751381216, 'f1_weighted': 0.6490310253077339, 'macro': 0.5676075113420931, 'micro': 0.6209944751381216, 'binary': 0.4156729131175469, 'accuracy_majority': 0.6203438395415473, 'macro_majority': 0.5754404085614276, 'binary_majority': 0.4373673036093418, 'run_time_millis': 5251.848906002124, 'loss_mean': 0.35697585344314575}
Epoch 5 **** Loss 0.054600369185209274 **** Metrics validation: {'accuracy': 0.661878453038674, 'f1_weighted': 0.6805340580385186, 'macro': 0.5842790747946389, 'micro': 0.661878453038674, 'binary': 0.4046692607003891, 'accuracy_majority': 0.6518624641833811, 'macro_majority': 0.5833757046534763, 'binary_majority': 0.41445783132530123, 'run_time_millis': 5260.697056000936, 'loss_mean': 0.47311216592788696}
Epoch 6 **** Loss 0.030487481504678726 **** Metrics validation: {'accuracy': 0.6519337016574586, 'f1_weighted': 0.6740623916989159, 'macro': 0.5838740331265903, 'micro': 0.6519337016574586, 'binary': 0.41558441558441556, 'accuracy_majority': 0.6504297994269341, 'macro_majority': 0.5910365759950822, 'binary_majority': 0.4351851851851852, 'run_time_millis': 5264.777426011278, 'loss_mean': 0.4897039234638214}
Epoch 7 **** Loss 0.05642053112387657 **** Metrics validation: {'accuracy': 0.7403314917127072, 'f1_weighted': 0.7282181721830505, 'macro': 0.6032190238451047, 'micro': 0.7403314917127072, 'binary': 0.3699731903485255, 'accuracy_majority': 0.7349570200573066, 'macro_majority': 0.6100900117459138, 'binary_majority': 0.38943894389438943, 'run_time_millis': 4298.713850002969, 'loss_mean': 0.7111186981201172}
Epoch 8 **** Loss 0.01955178938806057 **** Metrics validation: {'accuracy': 0.7292817679558011, 'f1_weighted': 0.7246935263701709, 'macro': 0.6075726227369829, 'micro': 0.7292817679558011, 'binary': 0.38902743142144636, 'accuracy_majority': 0.7277936962750716, 'macro_majority': 0.6198039103262427, 'binary_majority': 0.4171779141104294, 'run_time_millis': 5279.649083997356, 'loss_mean': 0.6744062900543213}
Epoch 9 **** Loss 0.0043623000383377075 **** Metrics validation: {'accuracy': 0.7325966850828729, 'f1_weighted': 0.7262287070042267, 'macro': 0.6074414236140984, 'micro': 0.7325966850828728, 'binary': 0.3857868020304568, 'accuracy_majority': 0.7306590257879656, 'macro_majority': 0.6188894052044609, 'binary_majority': 0.4125, 'run_time_millis': 3593.1105950003257, 'loss_mean': 0.7090519070625305}
Evaluating
{'accuracy': 0.7403314917127072, 'f1_weighted': 0.7282181721830505, 'macro': 0.6032190238451047, 'micro': 0.7403314917127072, 'binary': 0.3699731903485255, 'accuracy_majority': 0.7349570200573066, 'macro_majority': 0.6100900117459138, 'binary_majority': 0.38943894389438943, 'run_time_millis': 5275.015444989549, 'loss_mean': 0.7111186981201172}
