Device cuda
DATASET: GE'fear, MODEL: uid, 
Split type sit
DATASET: GE'fear, MODEL: uid, PERCENTAGE: False, NUM_COMMENTS_PER_ANNO: 90
Training Size: 16443, NTA labels 16193, YTA labels 250
Validation Size: 5383, NTA labels 5309, YTA labels 74
Test Size: 5277, NTA labels 5208, YTA labels 69
Training with SBERT, model name is sbert
Tokenizing the dataset
Number of training steps 5140
Epoch 0 **** Loss 0.01464121788740158 **** Metrics validation: {'accuracy': 0.9407393646665428, 'f1_weighted': 0.9593836449715619, 'macro': 0.6144973997532768, 'micro': 0.9407393646665428, 'binary': 0.25986078886310904, 'accuracy_majority': 0.9435382685069009, 'macro_majority': 0.603986087340584, 'binary_majority': 0.23728813559322035, 'run_time_millis': 4255.16942399554, 'loss_mean': 0.013365346007049084}
Epoch 1 **** Loss 0.06445729732513428 **** Metrics validation: {'accuracy': 0.9295931636633847, 'f1_weighted': 0.9532547455853316, 'macro': 0.6062844896710702, 'micro': 0.9295931636633847, 'binary': 0.2495049504950495, 'accuracy_majority': 0.93099121706399, 'macro_majority': 0.5890982377202849, 'binary_majority': 0.21428571428571425, 'run_time_millis': 4287.904437980615, 'loss_mean': 0.011845540255308151}
Epoch 2 **** Loss 0.0033408550079911947 **** Metrics validation: {'accuracy': 0.9383243544491919, 'f1_weighted': 0.9579985786548009, 'macro': 0.6100439715049287, 'micro': 0.9383243544491919, 'binary': 0.25225225225225223, 'accuracy_majority': 0.9404015056461732, 'macro_majority': 0.5919505695122971, 'binary_majority': 0.21487603305785125, 'run_time_millis': 4304.560461081564, 'loss_mean': 0.014803511090576649}
Epoch 3 **** Loss 0.005498078186064959 **** Metrics validation: {'accuracy': 0.9626602266394204, 'f1_weighted': 0.9720458230859608, 'macro': 0.6630294872517568, 'micro': 0.9626602266394204, 'binary': 0.3452768729641694, 'accuracy_majority': 0.9661229611041405, 'macro_majority': 0.6620388547736089, 'binary_majority': 0.34146341463414637, 'run_time_millis': 4317.696095909923, 'loss_mean': 0.024427661672234535}
Epoch 4 **** Loss 0.0027413740754127502 **** Metrics validation: {'accuracy': 0.9622886866059818, 'f1_weighted': 0.9716549898567108, 'macro': 0.655315651033707, 'micro': 0.9622886866059818, 'binary': 0.33003300330033003, 'accuracy_majority': 0.9648682559598495, 'macro_majority': 0.6495217753207796, 'binary_majority': 0.3170731707317074, 'run_time_millis': 4354.678321979009, 'loss_mean': 0.023940227925777435}
Epoch 5 **** Loss 8.901831461116672e-05 **** Metrics validation: {'accuracy': 0.9726918075422627, 'f1_weighted': 0.9776339273648741, 'macro': 0.680254648383597, 'micro': 0.9726918075422627, 'binary': 0.374468085106383, 'accuracy_majority': 0.9767879548306148, 'macro_majority': 0.6908050978521287, 'binary_majority': 0.39344262295081966, 'run_time_millis': 4282.330582034774, 'loss_mean': 0.03351878374814987}
Epoch 6 **** Loss 7.618650852236897e-05 **** Metrics validation: {'accuracy': 0.9648894668400521, 'f1_weighted': 0.9732766250661066, 'macro': 0.666236252245159, 'micro': 0.9648894668400521, 'binary': 0.35051546391752575, 'accuracy_majority': 0.9686323713927227, 'macro_majority': 0.6630192125558111, 'binary_majority': 0.3421052631578947, 'run_time_millis': 4295.339002041146, 'loss_mean': 0.028627684339880943}
Epoch 7 **** Loss 0.0035296455025672913 **** Metrics validation: {'accuracy': 0.9713914174252276, 'f1_weighted': 0.9769566220263309, 'macro': 0.6796724782837181, 'micro': 0.9713914174252276, 'binary': 0.37398373983739835, 'accuracy_majority': 0.9749058971141782, 'macro_majority': 0.6810979513444302, 'binary_majority': 0.375, 'run_time_millis': 4304.47621003259, 'loss_mean': 0.036636341363191605}
Epoch 8 **** Loss 2.8063139325240627e-05 **** Metrics validation: {'accuracy': 0.9721344974921048, 'f1_weighted': 0.9773536095735482, 'macro': 0.6803747862435873, 'micro': 0.9721344974921048, 'binary': 0.37499999999999994, 'accuracy_majority': 0.9761606022584692, 'macro_majority': 0.6874703320743814, 'binary_majority': 0.3870967741935484, 'run_time_millis': 4298.4444530447945, 'loss_mean': 0.04083068668842316}
Epoch 9 **** Loss 0.005944671109318733 **** Metrics validation: {'accuracy': 0.9702767973249118, 'f1_weighted': 0.9762631519904563, 'macro': 0.674930780123856, 'micro': 0.9702767973249118, 'binary': 0.36507936507936506, 'accuracy_majority': 0.973651191969887, 'macro_majority': 0.6750917244190787, 'binary_majority': 0.3636363636363636, 'run_time_millis': 4306.25904398039, 'loss_mean': 0.036628443747758865}
Evaluating
{'accuracy': 0.9726918075422627, 'f1_weighted': 0.9776339273648741, 'macro': 0.680254648383597, 'micro': 0.9726918075422627, 'binary': 0.374468085106383, 'accuracy_majority': 0.9767879548306148, 'macro_majority': 0.6908050978521287, 'binary_majority': 0.39344262295081966, 'run_time_millis': 3299.3422150611877, 'loss_mean': 0.03351878374814987}
Device cuda
DATASET: GE'fear, MODEL: uid, 
Split type sit
DATASET: GE'fear, MODEL: uid, PERCENTAGE: False, NUM_COMMENTS_PER_ANNO: 90
Training Size: 16443, NTA labels 16193, YTA labels 250
Validation Size: 5383, NTA labels 5309, YTA labels 74
Test Size: 5277, NTA labels 5208, YTA labels 69
Training with SBERT, model name is sbert
Tokenizing the dataset
Number of training steps 5140
Epoch 0 **** Loss 0.014887986704707146 **** Metrics validation: {'accuracy': 0.7700167193015047, 'f1_weighted': 0.8576210704746651, 'macro': 0.48294069597181005, 'micro': 0.7700167193015047, 'binary': 0.09766763848396501, 'accuracy_majority': 0.7747804265997491, 'macro_majority': 0.47443036486589496, 'binary_majority': 0.07712082262210798, 'run_time_millis': 4324.84442810528, 'loss_mean': 0.018502676859498024}
Epoch 1 **** Loss 0.0025688763707876205 **** Metrics validation: {'accuracy': 0.9474270852684377, 'f1_weighted': 0.9632828172373833, 'macro': 0.6299303800589482, 'micro': 0.9474270852684377, 'binary': 0.2871536523929471, 'accuracy_majority': 0.9491844416562107, 'macro_majority': 0.6152867456668584, 'binary_majority': 0.25688073394495414, 'run_time_millis': 4306.517536984757, 'loss_mean': 0.012909735552966595}
Epoch 2 **** Loss 0.009573955088853836 **** Metrics validation: {'accuracy': 0.9489132454021921, 'f1_weighted': 0.964099901823311, 'macro': 0.6314549379548696, 'micro': 0.9489132454021921, 'binary': 0.28940568475452194, 'accuracy_majority': 0.9510664993726474, 'macro_majority': 0.6194213509972696, 'binary_majority': 0.2641509433962264, 'run_time_millis': 4160.863811033778, 'loss_mean': 0.015475092455744743}
Epoch 3 **** Loss 0.006105867680162191 **** Metrics validation: {'accuracy': 0.953743265836894, 'f1_weighted': 0.9669161839656958, 'macro': 0.6431592524902128, 'micro': 0.953743265836894, 'binary': 0.3102493074792244, 'accuracy_majority': 0.9560853199498118, 'macro_majority': 0.6315302820157189, 'binary_majority': 0.2857142857142857, 'run_time_millis': 4321.150206960738, 'loss_mean': 0.02229922264814377}
Epoch 4 **** Loss 0.0058842855505645275 **** Metrics validation: {'accuracy': 0.9713914174252276, 'f1_weighted': 0.9772790504491975, 'macro': 0.6918923941484301, 'micro': 0.9713914174252276, 'binary': 0.39843749999999994, 'accuracy_majority': 0.973651191969887, 'macro_majority': 0.6844457013574661, 'binary_majority': 0.3823529411764706, 'run_time_millis': 3354.869410977699, 'loss_mean': 0.02831675484776497}
Epoch 5 **** Loss 0.0014889471931383014 **** Metrics validation: {'accuracy': 0.9721344974921048, 'f1_weighted': 0.9776200765676849, 'macro': 0.6904500119610621, 'micro': 0.9721344974921048, 'binary': 0.3951612903225806, 'accuracy_majority': 0.9755332496863237, 'macro_majority': 0.6937560038424593, 'binary_majority': 0.4, 'run_time_millis': 4306.939024943858, 'loss_mean': 0.031008467078208923}
Epoch 6 **** Loss 2.5548994017299265e-05 **** Metrics validation: {'accuracy': 0.972320267508824, 'f1_weighted': 0.9776721259522279, 'macro': 0.6888372914035874, 'micro': 0.972320267508824, 'binary': 0.3918367346938776, 'accuracy_majority': 0.9755332496863237, 'macro_majority': 0.6937560038424593, 'binary_majority': 0.4, 'run_time_millis': 4310.113585903309, 'loss_mean': 0.03378662094473839}
Epoch 7 **** Loss 0.002043582499027252 **** Metrics validation: {'accuracy': 0.9767787479100873, 'f1_weighted': 0.9802503823761406, 'macro': 0.7006502834563209, 'micro': 0.9767787479100873, 'binary': 0.41314553990610325, 'accuracy_majority': 0.9799247176913425, 'macro_majority': 0.7091771574530195, 'binary_majority': 0.4285714285714285, 'run_time_millis': 4303.435237961821, 'loss_mean': 0.04232284054160118}
Epoch 8 **** Loss 0.005150002893060446 **** Metrics validation: {'accuracy': 0.971019877391789, 'f1_weighted': 0.9768565731906951, 'macro': 0.6830575106207597, 'micro': 0.971019877391789, 'binary': 0.380952380952381, 'accuracy_majority': 0.973651191969887, 'macro_majority': 0.6844457013574661, 'binary_majority': 0.3823529411764706, 'run_time_millis': 4293.2612230069935, 'loss_mean': 0.03494446352124214}
Epoch 9 **** Loss 3.812440627370961e-05 **** Metrics validation: {'accuracy': 0.97603566784321, 'f1_weighted': 0.979618394612177, 'macro': 0.6910710925269231, 'micro': 0.97603566784321, 'binary': 0.3943661971830986, 'accuracy_majority': 0.979297365119197, 'macro_majority': 0.6947334822853495, 'binary_majority': 0.4, 'run_time_millis': 4292.371456045657, 'loss_mean': 0.04180215671658516}
Evaluating
{'accuracy': 0.9767787479100873, 'f1_weighted': 0.9802503823761406, 'macro': 0.7006502834563209, 'micro': 0.9767787479100873, 'binary': 0.41314553990610325, 'accuracy_majority': 0.9799247176913425, 'macro_majority': 0.7091771574530195, 'binary_majority': 0.4285714285714285, 'run_time_millis': 4301.221646019258, 'loss_mean': 0.04232284054160118}
Device cuda
DATASET: GE'fear, MODEL: uid, 
Split type sit
DATASET: GE'fear, MODEL: uid, PERCENTAGE: False, NUM_COMMENTS_PER_ANNO: 90
Training Size: 16443, NTA labels 16193, YTA labels 250
Validation Size: 5383, NTA labels 5309, YTA labels 74
Test Size: 5277, NTA labels 5208, YTA labels 69
Training with SBERT, model name is sbert
Tokenizing the dataset
Number of training steps 5140
Epoch 0 **** Loss 0.009640008211135864 **** Metrics validation: {'accuracy': 0.8989411109047, 'f1_weighted': 0.9356269752066829, 'macro': 0.5634360844685413, 'micro': 0.8989411109047, 'binary': 0.18072289156626506, 'accuracy_majority': 0.9015056461731493, 'macro_majority': 0.5495351495351495, 'binary_majority': 0.15135135135135136, 'run_time_millis': 3289.9987619603053, 'loss_mean': 0.014012597501277924}
Epoch 1 **** Loss 0.007555543445050716 **** Metrics validation: {'accuracy': 0.9522571057031395, 'f1_weighted': 0.9662310811119054, 'macro': 0.6467823419639167, 'micro': 0.9522571057031395, 'binary': 0.3183023872679045, 'accuracy_majority': 0.9548306148055207, 'macro_majority': 0.6353932370096451, 'binary_majority': 0.29411764705882354, 'run_time_millis': 4300.98034592811, 'loss_mean': 0.011748051270842552}
Epoch 2 **** Loss 0.006611185148358345 **** Metrics validation: {'accuracy': 0.9552294259706483, 'f1_weighted': 0.9679791178141876, 'macro': 0.6546240154624149, 'micro': 0.9552294259706483, 'binary': 0.33240997229916897, 'accuracy_majority': 0.9579673776662484, 'macro_majority': 0.6438012587258652, 'binary_majority': 0.30927835051546393, 'run_time_millis': 3877.126471954398, 'loss_mean': 0.01311967521905899}
Epoch 3 **** Loss 0.0064450958743691444 **** Metrics validation: {'accuracy': 0.9448263050343675, 'f1_weighted': 0.9619871586066726, 'macro': 0.6329136477970814, 'micro': 0.9448263050343675, 'binary': 0.2945368171021378, 'accuracy_majority': 0.9473023839397742, 'macro_majority': 0.6179159675375817, 'binary_majority': 0.2631578947368421, 'run_time_millis': 4318.103444064036, 'loss_mean': 0.01583349145948887}
Epoch 4 **** Loss 0.003542589955031872 **** Metrics validation: {'accuracy': 0.9511424856028237, 'f1_weighted': 0.965488501508143, 'macro': 0.6403742449525271, 'micro': 0.9511424856028237, 'binary': 0.3060686015831135, 'accuracy_majority': 0.9535759096612296, 'macro_majority': 0.6252652713710241, 'binary_majority': 0.27450980392156865, 'run_time_millis': 4338.217208976857, 'loss_mean': 0.019388500601053238}
Epoch 5 **** Loss 9.700092778075486e-05 **** Metrics validation: {'accuracy': 0.9665613969905257, 'f1_weighted': 0.9743508964266355, 'macro': 0.6745124438675557, 'micro': 0.9665613969905257, 'binary': 0.36619718309859156, 'accuracy_majority': 0.9711417816813049, 'macro_majority': 0.6818031904737107, 'binary_majority': 0.37837837837837834, 'run_time_millis': 4258.243668009527, 'loss_mean': 0.023262061178684235}
Epoch 6 **** Loss 0.008226255886256695 **** Metrics validation: {'accuracy': 0.9695337172580345, 'f1_weighted': 0.9761804006159942, 'macro': 0.6862188391250075, 'micro': 0.9695337172580345, 'binary': 0.38805970149253727, 'accuracy_majority': 0.9730238393977415, 'macro_majority': 0.6902854405870578, 'binary_majority': 0.39436619718309857, 'run_time_millis': 4298.734433017671, 'loss_mean': 0.02509145997464657}
Epoch 7 **** Loss 0.0022820939775556326 **** Metrics validation: {'accuracy': 0.9684190971577188, 'f1_weighted': 0.9754311009739526, 'macro': 0.6794001334095674, 'micro': 0.9684190971577188, 'binary': 0.375, 'accuracy_majority': 0.9717691342534505, 'macro_majority': 0.6758801122422697, 'binary_majority': 0.3661971830985915, 'run_time_millis': 4325.9177539730445, 'loss_mean': 0.027600232511758804}
Epoch 8 **** Loss 0.0026202707085758448 **** Metrics validation: {'accuracy': 0.9706483373583503, 'f1_weighted': 0.976751844990125, 'macro': 0.6862803681506596, 'micro': 0.9706483373583503, 'binary': 0.38759689922480617, 'accuracy_majority': 0.9749058971141782, 'macro_majority': 0.6905635470657893, 'binary_majority': 0.3939393939393939, 'run_time_millis': 4220.72758001741, 'loss_mean': 0.0297900028526783}
Epoch 9 **** Loss 3.1337975087808445e-05 **** Metrics validation: {'accuracy': 0.971019877391789, 'f1_weighted': 0.976983973182304, 'macro': 0.6878909966698382, 'micro': 0.971019877391789, 'binary': 0.390625, 'accuracy_majority': 0.9749058971141782, 'macro_majority': 0.6905635470657893, 'binary_majority': 0.3939393939393939, 'run_time_millis': 4279.849610989913, 'loss_mean': 0.030527379363775253}
Evaluating
{'accuracy': 0.971019877391789, 'f1_weighted': 0.976983973182304, 'macro': 0.6878909966698382, 'micro': 0.971019877391789, 'binary': 0.390625, 'accuracy_majority': 0.9749058971141782, 'macro_majority': 0.6905635470657893, 'binary_majority': 0.3939393939393939, 'run_time_millis': 2292.650089948438, 'loss_mean': 0.030527379363775253}
Device cuda
DATASET: GE'fear, MODEL: uid, 
Split type sit
DATASET: GE'fear, MODEL: uid, PERCENTAGE: False, NUM_COMMENTS_PER_ANNO: 90
Training Size: 16443, NTA labels 16193, YTA labels 250
Validation Size: 5383, NTA labels 5309, YTA labels 74
Test Size: 5277, NTA labels 5208, YTA labels 69
Training with SBERT, model name is sbert
Tokenizing the dataset
Number of training steps 5140
Epoch 0 **** Loss 0.006504612509161234 **** Metrics validation: {'accuracy': 0.9634033067062976, 'f1_weighted': 0.9728119395702554, 'macro': 0.6778766518887083, 'micro': 0.9634033067062976, 'binary': 0.3746031746031746, 'accuracy_majority': 0.965495608531995, 'macro_majority': 0.6676081970010047, 'binary_majority': 0.35294117647058826, 'run_time_millis': 4274.114494095556, 'loss_mean': 0.011727036908268929}
Epoch 1 **** Loss 0.0022794802207499743 **** Metrics validation: {'accuracy': 0.9680475571242801, 'f1_weighted': 0.9755459893643715, 'macro': 0.6910945924304703, 'micro': 0.9680475571242801, 'binary': 0.39860139860139854, 'accuracy_majority': 0.9711417816813049, 'macro_majority': 0.6899776755513461, 'binary_majority': 0.3947368421052631, 'run_time_millis': 4199.557636980899, 'loss_mean': 0.012513963505625725}
Epoch 2 **** Loss 0.0075658392161130905 **** Metrics validation: {'accuracy': 0.9596879063719116, 'f1_weighted': 0.970375718227672, 'macro': 0.6578020027812663, 'micro': 0.9596879063719116, 'binary': 0.3363914373088685, 'accuracy_majority': 0.9636135508155583, 'macro_majority': 0.6610997067448681, 'binary_majority': 0.3409090909090909, 'run_time_millis': 3492.741390946321, 'loss_mean': 0.015316749922931194}
Epoch 3 **** Loss 0.0003254768962506205 **** Metrics validation: {'accuracy': 0.9635890767230169, 'f1_weighted': 0.9726047244373608, 'macro': 0.6661312453166455, 'micro': 0.9635890767230169, 'binary': 0.3509933774834437, 'accuracy_majority': 0.9661229611041405, 'macro_majority': 0.6620388547736089, 'binary_majority': 0.34146341463414637, 'run_time_millis': 4301.134650944732, 'loss_mean': 0.019539980217814445}
Epoch 4 **** Loss 0.00014972549979574978 **** Metrics validation: {'accuracy': 0.961174066505666, 'f1_weighted': 0.9713666123024811, 'macro': 0.6664638851806164, 'micro': 0.961174066505666, 'binary': 0.35294117647058826, 'accuracy_majority': 0.9636135508155583, 'macro_majority': 0.6610997067448681, 'binary_majority': 0.3409090909090909, 'run_time_millis': 4282.618936034851, 'loss_mean': 0.02168174646794796}
Epoch 5 **** Loss 0.009078052826225758 **** Metrics validation: {'accuracy': 0.9658183169236485, 'f1_weighted': 0.9737809163472274, 'macro': 0.6672793870646124, 'micro': 0.9658183169236485, 'binary': 0.35211267605633795, 'accuracy_majority': 0.9680050188205772, 'macro_majority': 0.6606344475196935, 'binary_majority': 0.33766233766233766, 'run_time_millis': 4290.809232974425, 'loss_mean': 0.027185741811990738}
Epoch 6 **** Loss 0.004686195403337479 **** Metrics validation: {'accuracy': 0.96544677689021, 'f1_weighted': 0.973729225168752, 'macro': 0.6726277200425843, 'micro': 0.96544677689021, 'binary': 0.36301369863013705, 'accuracy_majority': 0.9680050188205772, 'macro_majority': 0.6690131956630607, 'binary_majority': 0.35443037974683544, 'run_time_millis': 3975.2353840740398, 'loss_mean': 0.02641836367547512}
Epoch 7 **** Loss 0.008258868008852005 **** Metrics validation: {'accuracy': 0.9713914174252276, 'f1_weighted': 0.97702327860949, 'macro': 0.6821953456133572, 'micro': 0.9713914174252276, 'binary': 0.3790322580645161, 'accuracy_majority': 0.9755332496863237, 'macro_majority': 0.6937560038424593, 'binary_majority': 0.4, 'run_time_millis': 4302.194501040503, 'loss_mean': 0.03287818282842636}
Epoch 8 **** Loss 0.003558406140655279 **** Metrics validation: {'accuracy': 0.9715771874419469, 'f1_weighted': 0.9770047886604016, 'macro': 0.6779153952013403, 'micro': 0.9715771874419469, 'binary': 0.3703703703703704, 'accuracy_majority': 0.9755332496863237, 'macro_majority': 0.6842361904761904, 'binary_majority': 0.38095238095238093, 'run_time_millis': 3672.61620296631, 'loss_mean': 0.036194756627082825}
Epoch 9 **** Loss 4.053751035826281e-05 **** Metrics validation: {'accuracy': 0.972877577558982, 'f1_weighted': 0.9777508771533793, 'macro': 0.6811029309130335, 'micro': 0.972877577558982, 'binary': 0.3760683760683761, 'accuracy_majority': 0.9767879548306148, 'macro_majority': 0.6908050978521287, 'binary_majority': 0.39344262295081966, 'run_time_millis': 4252.786104916595, 'loss_mean': 0.04063333198428154}
Evaluating
{'accuracy': 0.972877577558982, 'f1_weighted': 0.9777508771533793, 'macro': 0.6811029309130335, 'micro': 0.972877577558982, 'binary': 0.3760683760683761, 'accuracy_majority': 0.9767879548306148, 'macro_majority': 0.6908050978521287, 'binary_majority': 0.39344262295081966, 'run_time_millis': 4301.326184999198, 'loss_mean': 0.04063333198428154}
Device cuda
DATASET: GE'fear, MODEL: uid, 
Split type sit
DATASET: GE'fear, MODEL: uid, PERCENTAGE: False, NUM_COMMENTS_PER_ANNO: 90
Training Size: 16443, NTA labels 16193, YTA labels 250
Validation Size: 5383, NTA labels 5309, YTA labels 74
Test Size: 5277, NTA labels 5208, YTA labels 69
Training with SBERT, model name is sbert
Tokenizing the dataset
Number of training steps 5140
Epoch 0 **** Loss 0.010025229305028915 **** Metrics validation: {'accuracy': 0.893368010403121, 'f1_weighted': 0.9324020774945394, 'macro': 0.5567709355394359, 'micro': 0.893368010403121, 'binary': 0.17052023121387283, 'accuracy_majority': 0.8964868255959849, 'macro_majority': 0.5449929502538774, 'binary_majority': 0.1450777202072539, 'run_time_millis': 4294.260842027143, 'loss_mean': 0.014097520150244236}
Epoch 1 **** Loss 0.0030810909811407328 **** Metrics validation: {'accuracy': 0.9608025264722274, 'f1_weighted': 0.9709876336895005, 'macro': 0.6591804039677213, 'micro': 0.9608025264722274, 'binary': 0.3385579937304075, 'accuracy_majority': 0.9642409033877039, 'macro_majority': 0.6555212223464959, 'binary_majority': 0.3294117647058824, 'run_time_millis': 4226.211403030902, 'loss_mean': 0.012691321782767773}
Epoch 2 **** Loss 0.06630023568868637 **** Metrics validation: {'accuracy': 0.9321939438974549, 'f1_weighted': 0.9544937137148598, 'macro': 0.5996630298421735, 'micro': 0.9321939438974549, 'binary': 0.2348008385744235, 'accuracy_majority': 0.9347553324968633, 'macro_majority': 0.5890448992543234, 'binary_majority': 0.21212121212121213, 'run_time_millis': 2307.1928350254893, 'loss_mean': 0.01463389117270708}
Epoch 3 **** Loss 0.005754804704338312 **** Metrics validation: {'accuracy': 0.9667471670072451, 'f1_weighted': 0.9743461442037769, 'macro': 0.6706770936400862, 'micro': 0.9667471670072451, 'binary': 0.35842293906810035, 'accuracy_majority': 0.9698870765370138, 'macro_majority': 0.6679685465812633, 'binary_majority': 0.3513513513513513, 'run_time_millis': 4268.789572059177, 'loss_mean': 0.02289346605539322}
Epoch 4 **** Loss 0.0008373111486434937 **** Metrics validation: {'accuracy': 0.961174066505666, 'f1_weighted': 0.9709900237435796, 'macro': 0.651818991815148, 'micro': 0.961174066505666, 'binary': 0.32362459546925565, 'accuracy_majority': 0.9648682559598495, 'macro_majority': 0.6576460481099657, 'binary_majority': 0.33333333333333337, 'run_time_millis': 3443.5922710690647, 'loss_mean': 0.02868707850575447}
Epoch 5 **** Loss 7.29996754671447e-05 **** Metrics validation: {'accuracy': 0.9719487274753855, 'f1_weighted': 0.9773724229448751, 'macro': 0.6846606107512866, 'micro': 0.9719487274753855, 'binary': 0.3836734693877551, 'accuracy_majority': 0.9761606022584692, 'macro_majority': 0.6970430537772088, 'binary_majority': 0.40625, 'run_time_millis': 3415.864987997338, 'loss_mean': 0.03757450357079506}
Epoch 6 **** Loss 4.6797882532700896e-05 **** Metrics validation: {'accuracy': 0.9652610068734906, 'f1_weighted': 0.9732618281144374, 'macro': 0.658342285284689, 'micro': 0.9652610068734906, 'binary': 0.33451957295373663, 'accuracy_majority': 0.9692597239648683, 'macro_majority': 0.665463111682193, 'binary_majority': 0.3466666666666666, 'run_time_millis': 4247.2638780018315, 'loss_mean': 0.03670468553900719}
Epoch 7 **** Loss 0.0001415968727087602 **** Metrics validation: {'accuracy': 0.9637748467397362, 'f1_weighted': 0.9724282639570941, 'macro': 0.6556405777132593, 'micro': 0.9637748467397362, 'binary': 0.32989690721649484, 'accuracy_majority': 0.9673776662484316, 'macro_majority': 0.6583065380493034, 'binary_majority': 0.3333333333333333, 'run_time_millis': 4283.480464946479, 'loss_mean': 0.036982033401727676}
Epoch 8 **** Loss 0.0011487184092402458 **** Metrics validation: {'accuracy': 0.9734348876091399, 'f1_weighted': 0.9781027611784338, 'macro': 0.683689289669356, 'micro': 0.9734348876091399, 'binary': 0.38095238095238093, 'accuracy_majority': 0.9767879548306148, 'macro_majority': 0.6908050978521287, 'binary_majority': 0.39344262295081966, 'run_time_millis': 4198.0014010332525, 'loss_mean': 0.044558100402355194}
Epoch 9 **** Loss 0.0037364123854786158 **** Metrics validation: {'accuracy': 0.974735277726175, 'f1_weighted': 0.9789301874444492, 'macro': 0.689978182508063, 'micro': 0.9747352777261749, 'binary': 0.3928571428571429, 'accuracy_majority': 0.9786700125470514, 'macro_majority': 0.7014652418199845, 'binary_majority': 0.4137931034482758, 'run_time_millis': 4290.331596042961, 'loss_mean': 0.04638732224702835}
Evaluating
{'accuracy': 0.974735277726175, 'f1_weighted': 0.9789301874444492, 'macro': 0.689978182508063, 'micro': 0.9747352777261749, 'binary': 0.3928571428571429, 'accuracy_majority': 0.9786700125470514, 'macro_majority': 0.7014652418199845, 'binary_majority': 0.4137931034482758, 'run_time_millis': 4288.451220956631, 'loss_mean': 0.04638732224702835}
