Device cuda
Split type sit
Training Size: 6938, NTA labels 4903, YTA labels 2035
Validation Size: 2119, NTA labels 1517, YTA labels 602
Test Size: 2481, NTA labels 1807, YTA labels 674
Training with SBERT, model name is sbert
Tokenizing the dataset
Number of training steps 2170
Epoch 0 **** Loss 0.2794535160064697 **** Metrics validation: {'accuracy': 0.5799905615856537, 'f1_weighted': 0.5988361227489224, 'macro': 0.5413571612009525, 'micro': 0.5799905615856537, 'binary': 0.4082446808510638, 'accuracy_majority': 0.5728451563691839, 'macro_majority': 0.5402650101445282, 'binary_majority': 0.41787941787941785, 'run_time_millis': 9766.183889994863, 'loss_mean': 0.2909905016422272}
Epoch 1 **** Loss 0.27930912375450134 **** Metrics validation: {'accuracy': 0.6380368098159509, 'f1_weighted': 0.643490267722712, 'macro': 0.5690139395930636, 'micro': 0.6380368098159509, 'binary': 0.39653815892997635, 'accuracy_majority': 0.6376811594202898, 'macro_majority': 0.5700366148112194, 'binary_majority': 0.39949431099873584, 'run_time_millis': 9789.179632993182, 'loss_mean': 0.2846069633960724}
Epoch 2 **** Loss 0.23225608468055725 **** Metrics validation: {'accuracy': 0.6432279377064654, 'f1_weighted': 0.6476527091729123, 'macro': 0.5726774148803363, 'micro': 0.6432279377064654, 'binary': 0.3990461049284579, 'accuracy_majority': 0.6376811594202898, 'macro_majority': 0.5712633350889693, 'binary_majority': 0.4025157232704403, 'run_time_millis': 9773.136105999583, 'loss_mean': 0.29652950167655945}
Epoch 3 **** Loss 0.2146102488040924 **** Metrics validation: {'accuracy': 0.659273242095328, 'f1_weighted': 0.6660394639486669, 'macro': 0.5987449748638283, 'micro': 0.659273242095328, 'binary': 0.44290123456790126, 'accuracy_majority': 0.6414950419527079, 'macro_majority': 0.586793652326461, 'binary_majority': 0.4364508393285372, 'run_time_millis': 9770.321237010648, 'loss_mean': 0.29740849137306213}
Epoch 4 **** Loss 0.21930760145187378 **** Metrics validation: {'accuracy': 0.6177442189712128, 'f1_weighted': 0.6324892469352568, 'macro': 0.5722584407428453, 'micro': 0.6177442189712128, 'binary': 0.4327731092436975, 'accuracy_majority': 0.6094584286803967, 'macro_majority': 0.5668912117692606, 'binary_majority': 0.4311111111111111, 'run_time_millis': 9783.144426997751, 'loss_mean': 0.3795686364173889}
Epoch 5 **** Loss 0.12340602278709412 **** Metrics validation: {'accuracy': 0.6606890042472865, 'f1_weighted': 0.6519818788011952, 'macro': 0.5624648025857626, 'micro': 0.6606890042472865, 'binary': 0.35515695067264574, 'accuracy_majority': 0.6536994660564455, 'macro_majority': 0.55840900997151, 'binary_majority': 0.3532763532763533, 'run_time_millis': 7753.572393005015, 'loss_mean': 0.38517239689826965}
Epoch 6 **** Loss 0.1444089561700821 **** Metrics validation: {'accuracy': 0.6158565361019349, 'f1_weighted': 0.6313532698519949, 'macro': 0.5727602476151977, 'micro': 0.6158565361019349, 'binary': 0.43706777316735823, 'accuracy_majority': 0.6048817696414951, 'macro_majority': 0.564546783625731, 'binary_majority': 0.43201754385964913, 'run_time_millis': 9712.821249995613, 'loss_mean': 0.5140971541404724}
Epoch 7 **** Loss 0.08221840113401413 **** Metrics validation: {'accuracy': 0.5936762623879188, 'f1_weighted': 0.611323257258237, 'macro': 0.5534487041889142, 'micro': 0.5936762623879188, 'binary': 0.41942009440323674, 'accuracy_majority': 0.5903890160183066, 'macro_majority': 0.5515093408081033, 'binary_majority': 0.41945945945945945, 'run_time_millis': 9798.368073999882, 'loss_mean': 0.5228824019432068}
Epoch 8 **** Loss 0.03227465599775314 **** Metrics validation: {'accuracy': 0.6097215667767815, 'f1_weighted': 0.6263733776006482, 'macro': 0.5697324597425142, 'micro': 0.6097215667767815, 'binary': 0.43856076035302105, 'accuracy_majority': 0.5957284515636918, 'macro_majority': 0.5566989919612096, 'binary_majority': 0.42516268980477223, 'run_time_millis': 9789.975469990168, 'loss_mean': 0.5831873416900635}
Epoch 9 **** Loss 0.2547891438007355 **** Metrics validation: {'accuracy': 0.6281264747522416, 'f1_weighted': 0.6366970721128477, 'macro': 0.5654052849768983, 'micro': 0.6281264747522416, 'binary': 0.4003044140030441, 'accuracy_majority': 0.623951182303585, 'macro_majority': 0.5617213167557817, 'binary_majority': 0.39657282741738065, 'run_time_millis': 9784.624646999873, 'loss_mean': 0.6683670282363892}
Evaluating
{'accuracy': 0.659273242095328, 'f1_weighted': 0.6660394639486669, 'macro': 0.5987449748638283, 'micro': 0.659273242095328, 'binary': 0.44290123456790126, 'accuracy_majority': 0.6414950419527079, 'macro_majority': 0.586793652326461, 'binary_majority': 0.4364508393285372, 'run_time_millis': 7768.399905005936, 'loss_mean': 0.29740849137306213}
