Device cuda
Split type sit
Training Size: 5024, NTA labels 4813, YTA labels 211
Validation Size: 1679, NTA labels 1614, YTA labels 65
Test Size: 1631, NTA labels 1565, YTA labels 66
Training with SBERT, model name is sbert
Tokenizing the dataset
Number of training steps 1570
Epoch 0 **** Loss 0.07340286672115326 **** Metrics validation: {'accuracy': 0.8868374032162001, 'f1_weighted': 0.9093858799516169, 'macro': 0.5529818956336529, 'micro': 0.8868374032162001, 'binary': 0.16666666666666666, 'accuracy_majority': 0.8845760980592441, 'macro_majority': 0.568195568254117, 'binary_majority': 0.19858156028368795, 'run_time_millis': 2660.856431000866, 'loss_mean': 0.05768652632832527}
Epoch 1 **** Loss 0.04042474180459976 **** Metrics validation: {'accuracy': 0.8648004764740918, 'f1_weighted': 0.8994229868985063, 'macro': 0.5857956848668217, 'micro': 0.8648004764740918, 'binary': 0.24584717607973422, 'accuracy_majority': 0.86414708886619, 'macro_majority': 0.6068356196233433, 'binary_majority': 0.2887700534759359, 'run_time_millis': 631.0315459995763, 'loss_mean': 0.05122089013457298}
Epoch 2 **** Loss 0.016842670738697052 **** Metrics validation: {'accuracy': 0.9303156640857654, 'f1_weighted': 0.9395737533829334, 'macro': 0.6583819823767861, 'micro': 0.9303156640857654, 'binary': 0.3535911602209945, 'accuracy_majority': 0.9325842696629213, 'macro_majority': 0.6976019319330562, 'binary_majority': 0.43103448275862066, 'run_time_millis': 2666.4443729969207, 'loss_mean': 0.05137849226593971}
Epoch 3 **** Loss 0.02341085858643055 **** Metrics validation: {'accuracy': 0.8916021441334128, 'f1_weighted': 0.9158962999237897, 'macro': 0.6124152731552885, 'micro': 0.8916021441334128, 'binary': 0.28346456692913385, 'accuracy_majority': 0.8937691521961185, 'macro_majority': 0.6500591162803486, 'binary_majority': 0.3580246913580247, 'run_time_millis': 2663.1577250082046, 'loss_mean': 0.04804467782378197}
Epoch 4 **** Loss 0.027114655822515488 **** Metrics validation: {'accuracy': 0.8802858844550328, 'f1_weighted': 0.9091952953771332, 'macro': 0.6045648360687432, 'micro': 0.8802858844550328, 'binary': 0.2743682310469314, 'accuracy_majority': 0.881511746680286, 'macro_majority': 0.6379068462401796, 'binary_majority': 0.3409090909090909, 'run_time_millis': 2102.225841998006, 'loss_mean': 0.04906739294528961}
Epoch 5 **** Loss 0.01623019017279148 **** Metrics validation: {'accuracy': 0.9249553305539011, 'f1_weighted': 0.9368072038129551, 'macro': 0.6586473298997018, 'micro': 0.9249553305539011, 'binary': 0.35714285714285715, 'accuracy_majority': 0.9274770173646578, 'macro_majority': 0.7010841285472849, 'binary_majority': 0.4409448818897638, 'run_time_millis': 2658.8376110012177, 'loss_mean': 0.06062336638569832}
Epoch 6 **** Loss 0.04643644765019417 **** Metrics validation: {'accuracy': 0.9207861822513401, 'f1_weighted': 0.9343343903877867, 'macro': 0.6545187316763748, 'micro': 0.9207861822513401, 'binary': 0.35121951219512193, 'accuracy_majority': 0.923391215526047, 'macro_majority': 0.6974971675764754, 'binary_majority': 0.43609022556390975, 'run_time_millis': 2692.9713230056223, 'loss_mean': 0.059834074229002}
Epoch 7 **** Loss 0.022665390744805336 **** Metrics validation: {'accuracy': 0.9297200714711138, 'f1_weighted': 0.9389283097817913, 'macro': 0.6536570869169989, 'micro': 0.9297200714711138, 'binary': 0.34444444444444444, 'accuracy_majority': 0.9305413687436159, 'macro_majority': 0.6884383541128458, 'binary_majority': 0.41379310344827586, 'run_time_millis': 2668.9379799936432, 'loss_mean': 0.06664085388183594}
Epoch 8 **** Loss 0.012058934196829796 **** Metrics validation: {'accuracy': 0.9237641453245979, 'f1_weighted': 0.9355680989985821, 'macro': 0.6498755327329363, 'micro': 0.9237641453245978, 'binary': 0.3402061855670103, 'accuracy_majority': 0.9264555669050051, 'macro_majority': 0.6900481936187427, 'binary_majority': 0.4193548387096774, 'run_time_millis': 2671.9457840081304, 'loss_mean': 0.06619847565889359}
Epoch 9 **** Loss 0.011870825663208961 **** Metrics validation: {'accuracy': 0.9249553305539011, 'f1_weighted': 0.9363371152962706, 'macro': 0.6519760739102969, 'micro': 0.9249553305539011, 'binary': 0.34374999999999994, 'accuracy_majority': 0.9274770173646578, 'macro_majority': 0.6920360647748166, 'binary_majority': 0.4227642276422764, 'run_time_millis': 2687.039847005508, 'loss_mean': 0.06758970767259598}
Evaluating
{'accuracy': 0.9303156640857654, 'f1_weighted': 0.9395737533829334, 'macro': 0.6583819823767861, 'micro': 0.9303156640857654, 'binary': 0.3535911602209945, 'accuracy_majority': 0.9325842696629213, 'macro_majority': 0.6976019319330562, 'binary_majority': 0.43103448275862066, 'run_time_millis': 2663.46977899957, 'loss_mean': 0.05137849226593971}
