Device cuda
Split type sit
Training Size: 6027, NTA labels 5094, YTA labels 933
Validation Size: 2247, NTA labels 1892, YTA labels 355
Test Size: 2229, NTA labels 1889, YTA labels 340
Training with SBERT, model name is sbert
Tokenizing the dataset
Number of training steps 1890
Epoch 0 **** Loss 0.034902866929769516 **** Metrics validation: {'accuracy': 0.8874054294615042, 'f1_weighted': 0.8953099452207246, 'macro': 0.8198488227243155, 'micro': 0.8874054294615042, 'binary': 0.7095292766934558, 'accuracy_majority': 0.8938271604938272, 'macro_majority': 0.8317537605425614, 'binary_majority': 0.7295597484276729, 'run_time_millis': 3288.429202999396, 'loss_mean': 0.10122892260551453}
Epoch 1 **** Loss 0.0632462278008461 **** Metrics validation: {'accuracy': 0.9265687583444593, 'f1_weighted': 0.9280981673829458, 'macro': 0.8678237650200267, 'micro': 0.9265687583444593, 'binary': 0.7797062750333779, 'accuracy_majority': 0.9382716049382716, 'macro_majority': 0.8895422412288359, 'binary_majority': 0.8161764705882353, 'run_time_millis': 4078.8032140008, 'loss_mean': 0.11800449341535568}
Epoch 2 **** Loss 0.07953929156064987 **** Metrics validation: {'accuracy': 0.9154428126390743, 'f1_weighted': 0.9183644474787095, 'macro': 0.8523269070593086, 'micro': 0.9154428126390743, 'binary': 0.7557840616966581, 'accuracy_majority': 0.9209876543209876, 'macro_majority': 0.8633718478535887, 'binary_majority': 0.7746478873239437, 'run_time_millis': 3701.363078002032, 'loss_mean': 0.10458900034427643}
Epoch 3 **** Loss 0.1042870581150055 **** Metrics validation: {'accuracy': 0.9052069425901201, 'f1_weighted': 0.9099605296418662, 'macro': 0.8403770696558315, 'micro': 0.9052069425901201, 'binary': 0.7386503067484663, 'accuracy_majority': 0.9148148148148149, 'macro_majority': 0.8592258808772375, 'binary_majority': 0.7707641196013287, 'run_time_millis': 3968.6020360022667, 'loss_mean': 0.1347915679216385}
Epoch 4 **** Loss 0.007778483908623457 **** Metrics validation: {'accuracy': 0.9078771695594126, 'f1_weighted': 0.9131310122325281, 'macro': 0.8474793359026211, 'micro': 0.9078771695594124, 'binary': 0.751500600240096, 'accuracy_majority': 0.9185185185185185, 'macro_majority': 0.8670427074939566, 'binary_majority': 0.7843137254901962, 'run_time_millis': 3052.777328000957, 'loss_mean': 0.12398654222488403}
Epoch 5 **** Loss 0.047424495220184326 **** Metrics validation: {'accuracy': 0.9145527369826435, 'f1_weighted': 0.9184594357551092, 'macro': 0.8545807547627714, 'micro': 0.9145527369826435, 'binary': 0.7611940298507461, 'accuracy_majority': 0.9246913580246914, 'macro_majority': 0.8735913015669972, 'binary_majority': 0.7932203389830509, 'run_time_millis': 4066.2310469997465, 'loss_mean': 0.1540926992893219}
Epoch 6 **** Loss 0.003886518767103553 **** Metrics validation: {'accuracy': 0.9101023587004895, 'f1_weighted': 0.9147863054704034, 'macro': 0.8493387946944249, 'micro': 0.9101023587004895, 'binary': 0.7536585365853657, 'accuracy_majority': 0.9209876543209876, 'macro_majority': 0.8690909090909091, 'binary_majority': 0.7866666666666667, 'run_time_millis': 4074.332800002594, 'loss_mean': 0.17148828506469727}
Epoch 7 **** Loss 0.0032401522621512413 **** Metrics validation: {'accuracy': 0.8985313751668892, 'f1_weighted': 0.9050089850718035, 'macro': 0.8348957003967794, 'micro': 0.8985313751668892, 'binary': 0.7323943661971831, 'accuracy_majority': 0.908641975308642, 'macro_majority': 0.8531227946365562, 'binary_majority': 0.7628205128205129, 'run_time_millis': 2071.6076829994563, 'loss_mean': 0.15191717445850372}
Epoch 8 **** Loss 4.470442945603281e-05 **** Metrics validation: {'accuracy': 0.910547396528705, 'f1_weighted': 0.9149623181510639, 'macro': 0.8490814003494559, 'micro': 0.910547396528705, 'binary': 0.7527675276752769, 'accuracy_majority': 0.9197530864197531, 'macro_majority': 0.8660070088641517, 'binary_majority': 0.7811447811447811, 'run_time_millis': 4100.6462939985795, 'loss_mean': 0.18510708212852478}
Epoch 9 **** Loss 0.033172689378261566 **** Metrics validation: {'accuracy': 0.9114374721851357, 'f1_weighted': 0.9159482780117394, 'macro': 0.8511528709510873, 'micro': 0.9114374721851357, 'binary': 0.7564259485924112, 'accuracy_majority': 0.9222222222222223, 'macro_majority': 0.8708032578947236, 'binary_majority': 0.7892976588628763, 'run_time_millis': 4081.371095999202, 'loss_mean': 0.18184082210063934}
Evaluating
{'accuracy': 0.9265687583444593, 'f1_weighted': 0.9280981673829458, 'macro': 0.8678237650200267, 'micro': 0.9265687583444593, 'binary': 0.7797062750333779, 'accuracy_majority': 0.9382716049382716, 'macro_majority': 0.8895422412288359, 'binary_majority': 0.8161764705882353, 'run_time_millis': 3017.7783709987125, 'loss_mean': 0.11800449341535568}
