Device cuda
Split type sit
Training Size: 12834, NTA labels 9016, YTA labels 3818
Validation Size: 3929, NTA labels 2886, YTA labels 1043
Test Size: 4797, NTA labels 3435, YTA labels 1362
Training with SBERT, model name is sbert
Tokenizing the dataset
Number of training steps 4020
Epoch 0 **** Loss 0.3207167983055115 **** Metrics validation: {'accuracy': 0.6866887248663782, 'f1_weighted': 0.6669319452536183, 'macro': 0.5513391045351531, 'micro': 0.6866887248663782, 'binary': 0.3049124788255223, 'accuracy_majority': 0.6839250493096647, 'macro_majority': 0.5604064576845547, 'binary_majority': 0.3273871983210913, 'run_time_millis': 14299.404451972805, 'loss_mean': 0.2895199954509735}
Epoch 1 **** Loss 0.40442803502082825 **** Metrics validation: {'accuracy': 0.6877067956222958, 'f1_weighted': 0.6623062080666374, 'macro': 0.5400783154685214, 'micro': 0.6877067956222958, 'binary': 0.2795067527891955, 'accuracy_majority': 0.6883629191321499, 'macro_majority': 0.5421644398149934, 'binary_majority': 0.28344671201814065, 'run_time_millis': 14291.664232034236, 'loss_mean': 0.2916886806488037}
Epoch 2 **** Loss 0.14541926980018616 **** Metrics validation: {'accuracy': 0.6721812165945533, 'f1_weighted': 0.6637616191002261, 'macro': 0.558914874626949, 'micro': 0.6721812165945533, 'binary': 0.33539731682146545, 'accuracy_majority': 0.6863905325443787, 'macro_majority': 0.5762267924989519, 'binary_majority': 0.36016096579476864, 'run_time_millis': 16312.074505956843, 'loss_mean': 0.2923969030380249}
Epoch 3 **** Loss 0.2979687750339508 **** Metrics validation: {'accuracy': 0.7279205904810384, 'f1_weighted': 0.6843673107192215, 'macro': 0.5534232738496806, 'micro': 0.7279205904810384, 'binary': 0.27427019687712156, 'accuracy_majority': 0.7184418145956607, 'macro_majority': 0.5616031558842515, 'binary_majority': 0.2993865030674847, 'run_time_millis': 14219.95707496535, 'loss_mean': 0.28610843420028687}
Epoch 4 **** Loss 0.21926036477088928 **** Metrics validation: {'accuracy': 0.7027233392720794, 'f1_weighted': 0.6774374038874597, 'macro': 0.5597556389534839, 'micro': 0.7027233392720794, 'binary': 0.3088757396449704, 'accuracy_majority': 0.6932938856015779, 'macro_majority': 0.5699798321940364, 'binary_majority': 0.33970276008492567, 'run_time_millis': 16253.133584978059, 'loss_mean': 0.28356578946113586}
Epoch 5 **** Loss 0.2783488631248474 **** Metrics validation: {'accuracy': 0.7009417154492237, 'f1_weighted': 0.6841697012221842, 'macro': 0.5764664879105692, 'micro': 0.7009417154492237, 'binary': 0.3468593663146193, 'accuracy_majority': 0.6913214990138067, 'macro_majority': 0.5905736293307291, 'binary_majority': 0.38747553816046965, 'run_time_millis': 14225.674983928911, 'loss_mean': 0.28220561146736145}
Epoch 6 **** Loss 0.1665584146976471 **** Metrics validation: {'accuracy': 0.7034868923390175, 'f1_weighted': 0.6816719037834903, 'macro': 0.5684183153107105, 'micro': 0.7034868923390175, 'binary': 0.3269786250722126, 'accuracy_majority': 0.6928007889546351, 'macro_majority': 0.5799976264741873, 'binary_majority': 0.3623336745138178, 'run_time_millis': 16302.696319995448, 'loss_mean': 0.2806812524795532}
Epoch 7 **** Loss 0.447274774312973 **** Metrics validation: {'accuracy': 0.6683634512598625, 'f1_weighted': 0.6728113291997166, 'macro': 0.5865224971665473, 'micro': 0.6683634512598625, 'binary': 0.4025676295277396, 'accuracy_majority': 0.6696252465483234, 'macro_majority': 0.6098149868996435, 'binary_majority': 0.45705024311183146, 'run_time_millis': 16242.62684606947, 'loss_mean': 0.28161191940307617}
Epoch 8 **** Loss 0.6490522623062134 **** Metrics validation: {'accuracy': 0.699160091626368, 'f1_weighted': 0.6872113506319261, 'macro': 0.5852598244617577, 'micro': 0.699160091626368, 'binary': 0.3679144385026738, 'accuracy_majority': 0.6898422090729783, 'macro_majority': 0.5975915024339554, 'binary_majority': 0.40491958372753073, 'run_time_millis': 16242.462299996987, 'loss_mean': 0.28004971146583557}
Epoch 9 **** Loss 0.2534089982509613 **** Metrics validation: {'accuracy': 0.6744718757953678, 'f1_weighted': 0.6758817313129212, 'macro': 0.5862829823870277, 'micro': 0.6744718757953678, 'binary': 0.39527186761229316, 'accuracy_majority': 0.678007889546351, 'macro_majority': 0.6115173886424887, 'binary_majority': 0.45079899074852814, 'run_time_millis': 14207.425742060877, 'loss_mean': 0.2806199789047241}
Evaluating
{'accuracy': 0.699160091626368, 'f1_weighted': 0.6872113506319261, 'macro': 0.5852598244617577, 'micro': 0.699160091626368, 'binary': 0.3679144385026738, 'accuracy_majority': 0.6898422090729783, 'macro_majority': 0.5975915024339554, 'binary_majority': 0.40491958372753073, 'run_time_millis': 16242.189264041372, 'loss_mean': 0.28004971146583557}
