______________________________	 Running Epoch 1 of 10 	______________________________
[Training] Itteration/Batch:   0/238: Loss: 1.30 | Accuracy: 0.32
[Training] Itteration/Batch:  25/238: Loss: 0.95 | Accuracy: 0.55
[Training] Itteration/Batch:  50/238: Loss: 0.70 | Accuracy: 0.85
[Training] Itteration/Batch:  75/238: Loss: 1.54 | Accuracy: 0.45
[Training] Itteration/Batch: 100/238: Loss: 1.23 | Accuracy: 0.57
[Training] Itteration/Batch: 125/238: Loss: 1.06 | Accuracy: 0.65
[Training] Itteration/Batch: 150/238: Loss: 0.85 | Accuracy: 0.82
[Training] Itteration/Batch: 175/238: Loss: 1.28 | Accuracy: 0.56
[Training] Itteration/Batch: 200/238: Loss: 1.36 | Accuracy: 0.74
[Training] Itteration/Batch: 225/238: Loss: 0.84 | Accuracy: 0.65

Epoch 1: Val Bin. F1 Majority 0.0 | Val Macro F1 Majority 0.4226161954959271 |             Val Bin F1 Individual 0.3608815371990204 | Val Macro F1 Individual 0.6078954305118385 |             Val Accuracy Majority 0.7319502234458923 | Val Accuracy Individual 0.7635066509246826 | Training Loss:1.0540529489517212 |             Val Loss 1.019972324371338 | Train Runtime Millis 22363.309621999975 | Val Runtime Millis 3306.3554560000057

______________________________	 Running Epoch 2 of 10 	______________________________
[Training] Itteration/Batch:   0/238: Loss: 1.30 | Accuracy: 0.52
[Training] Itteration/Batch:  25/238: Loss: 0.96 | Accuracy: 0.64
[Training] Itteration/Batch:  50/238: Loss: 0.95 | Accuracy: 0.75
[Training] Itteration/Batch:  75/238: Loss: 1.04 | Accuracy: 0.73
[Training] Itteration/Batch: 100/238: Loss: 0.87 | Accuracy: 0.77
[Training] Itteration/Batch: 125/238: Loss: 0.84 | Accuracy: 0.89
[Training] Itteration/Batch: 150/238: Loss: 1.05 | Accuracy: 0.86
[Training] Itteration/Batch: 175/238: Loss: 1.33 | Accuracy: 0.76
[Training] Itteration/Batch: 200/238: Loss: 1.26 | Accuracy: 0.61
[Training] Itteration/Batch: 225/238: Loss: 1.21 | Accuracy: 0.48

Epoch 2: Val Bin. F1 Majority 0.0 | Val Macro F1 Majority 0.4226161954959271 |             Val Bin F1 Individual 0.311306893825531 | Val Macro F1 Individual 0.5833438609217277 |             Val Accuracy Majority 0.7319502234458923 | Val Accuracy Individual 0.760958194732666 | Training Loss:1.0307211875915527 |             Val Loss 1.0097894668579102 | Train Runtime Millis 21757.974046000072 | Val Runtime Millis 3311.5404229999967

______________________________	 Running Epoch 3 of 10 	______________________________
[Training] Itteration/Batch:   0/238: Loss: 1.17 | Accuracy: 0.73
[Training] Itteration/Batch:  25/238: Loss: 0.81 | Accuracy: 0.85
[Training] Itteration/Batch:  50/238: Loss: 0.61 | Accuracy: 0.84
[Training] Itteration/Batch:  75/238: Loss: 0.77 | Accuracy: 0.80
[Training] Itteration/Batch: 100/238: Loss: 0.80 | Accuracy: 0.89
[Training] Itteration/Batch: 125/238: Loss: 0.71 | Accuracy: 0.76
[Training] Itteration/Batch: 150/238: Loss: 1.06 | Accuracy: 0.75
[Training] Itteration/Batch: 175/238: Loss: 1.17 | Accuracy: 0.70
[Training] Itteration/Batch: 200/238: Loss: 0.64 | Accuracy: 0.83
[Training] Itteration/Batch: 225/238: Loss: 0.65 | Accuracy: 0.58

Epoch 3: Val Bin. F1 Majority 0.33652007579803467 | Val Macro F1 Majority 0.5763151521783847 |             Val Bin F1 Individual 0.4084821343421936 | Val Macro F1 Individual 0.6167245588790337 |             Val Accuracy Majority 0.712033212184906 | Val Accuracy Individual 0.7298674583435059 | Training Loss:0.9859572052955627 |             Val Loss 0.9792361259460449 | Train Runtime Millis 21894.502015999933 | Val Runtime Millis 3303.9285799999334

______________________________	 Running Epoch 4 of 10 	______________________________
[Training] Itteration/Batch:   0/238: Loss: 0.75 | Accuracy: 0.77
[Training] Itteration/Batch:  25/238: Loss: 0.75 | Accuracy: 0.77
[Training] Itteration/Batch:  50/238: Loss: 0.96 | Accuracy: 0.64
[Training] Itteration/Batch:  75/238: Loss: 0.67 | Accuracy: 0.78
[Training] Itteration/Batch: 100/238: Loss: 0.66 | Accuracy: 0.80
[Training] Itteration/Batch: 125/238: Loss: 0.88 | Accuracy: 0.68
[Training] Itteration/Batch: 150/238: Loss: 0.66 | Accuracy: 0.82
[Training] Itteration/Batch: 175/238: Loss: 0.80 | Accuracy: 0.74
[Training] Itteration/Batch: 200/238: Loss: 0.89 | Accuracy: 0.68
[Training] Itteration/Batch: 225/238: Loss: 0.71 | Accuracy: 0.85

Epoch 4: Val Bin. F1 Majority 0.4308094084262848 | Val Macro F1 Majority 0.5828012934128695 |             Val Bin F1 Individual 0.4602917432785034 | Val Macro F1 Individual 0.6063540455375271 |             Val Accuracy Majority 0.638174295425415 | Val Accuracy Individual 0.6605504751205444 | Training Loss:0.8738311529159546 |             Val Loss 1.044529676437378 | Train Runtime Millis 21699.979493 | Val Runtime Millis 3270.7609369999773

