______________________________	 Running Epoch 1 of 10 	______________________________
[Training] Itteration/Batch:   0/176: Loss: 0.93 | Accuracy: 0.50
[Training] Itteration/Batch:  25/176: Loss: 1.10 | Accuracy: 0.62
[Training] Itteration/Batch:  50/176: Loss: 0.83 | Accuracy: 0.76
[Training] Itteration/Batch:  75/176: Loss: 1.38 | Accuracy: 0.75
[Training] Itteration/Batch: 100/176: Loss: 0.83 | Accuracy: 0.84
[Training] Itteration/Batch: 125/176: Loss: 0.87 | Accuracy: 0.81
[Training] Itteration/Batch: 150/176: Loss: 0.90 | Accuracy: 0.60
[Training] Itteration/Batch: 175/176: Loss: 0.65 | Accuracy: 1.00

Epoch 1: Val Bin. F1 Majority 0.0 | Val Macro F1 Majority 0.4231754161331626 |             Val Bin F1 Individual 0.12169311940670013 | Val Macro F1 Individual 0.483348895113601 |             Val Accuracy Majority 0.7336292862892151 | Val Accuracy Individual 0.7365079522132874 | Training Loss:0.9591739177703857 |             Val Loss 0.9152721166610718 | Train Runtime Millis 14502.294399999982 | Val Runtime Millis 2016.070849000016

______________________________	 Running Epoch 2 of 10 	______________________________
[Training] Itteration/Batch:   0/176: Loss: 1.18 | Accuracy: 0.65
[Training] Itteration/Batch:  25/176: Loss: 1.29 | Accuracy: 0.67
[Training] Itteration/Batch:  50/176: Loss: 0.84 | Accuracy: 0.88
[Training] Itteration/Batch:  75/176: Loss: 0.79 | Accuracy: 0.86
[Training] Itteration/Batch: 100/176: Loss: 1.06 | Accuracy: 0.74
[Training] Itteration/Batch: 125/176: Loss: 0.65 | Accuracy: 0.87
[Training] Itteration/Batch: 150/176: Loss: 1.04 | Accuracy: 0.72
[Training] Itteration/Batch: 175/176: Loss: 0.60 | Accuracy: 0.83

Epoch 2: Val Bin. F1 Majority 0.0 | Val Macro F1 Majority 0.4231754161331626 |             Val Bin F1 Individual 0.11413043737411499 | Val Macro F1 Individual 0.4813217229675125 |             Val Accuracy Majority 0.7336292862892151 | Val Accuracy Individual 0.7412698268890381 | Training Loss:0.9424770474433899 |             Val Loss 0.9155719876289368 | Train Runtime Millis 13803.59664499997 | Val Runtime Millis 2014.788847000034

______________________________	 Running Epoch 3 of 10 	______________________________
[Training] Itteration/Batch:   0/176: Loss: 1.02 | Accuracy: 0.61
[Training] Itteration/Batch:  25/176: Loss: 0.70 | Accuracy: 0.82
[Training] Itteration/Batch:  50/176: Loss: 0.86 | Accuracy: 0.70
[Training] Itteration/Batch:  75/176: Loss: 1.01 | Accuracy: 0.65
[Training] Itteration/Batch: 100/176: Loss: 0.96 | Accuracy: 0.75
[Training] Itteration/Batch: 125/176: Loss: 0.84 | Accuracy: 0.67
[Training] Itteration/Batch: 150/176: Loss: 0.70 | Accuracy: 0.47
[Training] Itteration/Batch: 175/176: Loss: 0.99 | Accuracy: 0.43

Epoch 3: Val Bin. F1 Majority 0.3487858772277832 | Val Macro F1 Majority 0.5650526839437928 |             Val Bin F1 Individual 0.4055299460887909 | Val Macro F1 Individual 0.5992336767980116 |             Val Accuracy Majority 0.6725860238075256 | Val Accuracy Individual 0.6928571462631226 | Training Loss:0.8689178824424744 |             Val Loss 0.8961886763572693 | Train Runtime Millis 13798.093638000011 | Val Runtime Millis 2016.543146999993

______________________________	 Running Epoch 4 of 10 	______________________________
[Training] Itteration/Batch:   0/176: Loss: 0.71 | Accuracy: 0.74
[Training] Itteration/Batch:  25/176: Loss: 0.92 | Accuracy: 0.85
[Training] Itteration/Batch:  50/176: Loss: 1.31 | Accuracy: 0.64
[Training] Itteration/Batch:  75/176: Loss: 0.80 | Accuracy: 0.83
[Training] Itteration/Batch: 100/176: Loss: 0.49 | Accuracy: 0.81
[Training] Itteration/Batch: 125/176: Loss: 0.91 | Accuracy: 0.81
[Training] Itteration/Batch: 150/176: Loss: 0.28 | Accuracy: 1.00
[Training] Itteration/Batch: 175/176: Loss: 0.17 | Accuracy: 1.00

Epoch 4: Val Bin. F1 Majority 0.1473684161901474 | Val Macro F1 Majority 0.4935919231169552 |             Val Bin F1 Individual 0.16410256922245026 | Val Macro F1 Individual 0.505525460455038 |             Val Accuracy Majority 0.7302996516227722 | Val Accuracy Individual 0.7412698268890381 | Training Loss:0.6718355417251587 |             Val Loss 1.0531237125396729 | Train Runtime Millis 13998.194732999991 | Val Runtime Millis 2015.5544009999744

