Device cuda
Split type sit
Training Size: 1967, NTA labels 1300, YTA labels 667
Validation Size: 1967, NTA labels 1300, YTA labels 667
Test Size: 1956, NTA labels 1259, YTA labels 697
Training with SBERT, model name is sbert
Tokenizing the dataset
Number of training steps 620
Epoch 0 **** Loss 0.22785763442516327 **** Metrics validation: {'accuracy': 0.7890188103711235, 'f1_weighted': 0.7910972274005275, 'macro': 0.7695293916691723, 'micro': 0.7890188103711235, 'binary': 0.7025089605734767, 'accuracy_majority': 0.8013411567476949, 'macro_majority': 0.7899343593629848, 'binary_majority': 0.7409836065573769, 'run_time_millis': 1798.1468919897452, 'loss_mean': 0.22034703195095062}
Epoch 1 **** Loss 0.19582679867744446 **** Metrics validation: {'accuracy': 0.8393492628368073, 'f1_weighted': 0.8363059026641565, 'macro': 0.8144144596040663, 'micro': 0.8393492628368073, 'binary': 0.7463884430176564, 'accuracy_majority': 0.8440905280804694, 'macro_majority': 0.8265890804058743, 'binary_majority': 0.7714987714987716, 'run_time_millis': 2405.5183849995956, 'loss_mean': 0.18352040648460388}
Epoch 2 **** Loss 0.23118366301059723 **** Metrics validation: {'accuracy': 0.8647686832740213, 'f1_weighted': 0.8652432850691791, 'macro': 0.850222138252436, 'micro': 0.8647686832740215, 'binary': 0.8035450516986705, 'accuracy_majority': 0.8935456831517183, 'macro_majority': 0.8857301239530736, 'binary_majority': 0.8558456299659478, 'run_time_millis': 3261.7631449829787, 'loss_mean': 0.15583178400993347}
Epoch 3 **** Loss 0.18770980834960938 **** Metrics validation: {'accuracy': 0.8769700050838841, 'f1_weighted': 0.8750595792091999, 'macro': 0.8587176930108866, 'micro': 0.876970005083884, 'binary': 0.8079365079365078, 'accuracy_majority': 0.8968985750209556, 'macro_majority': 0.8861864603313598, 'binary_majority': 0.8512696493349455, 'run_time_millis': 3008.4644759772345, 'loss_mean': 0.14723409712314606}
Epoch 4 **** Loss 0.08948352932929993 **** Metrics validation: {'accuracy': 0.8800203355363497, 'f1_weighted': 0.8801501884396375, 'macro': 0.866450707142775, 'micro': 0.8800203355363497, 'binary': 0.8238805970149253, 'accuracy_majority': 0.9195305951383068, 'macro_majority': 0.9132500333280816, 'binary_majority': 0.8899082568807339, 'run_time_millis': 3265.086537983734, 'loss_mean': 0.12523849308490753}
Epoch 5 **** Loss 0.12420497089624405 **** Metrics validation: {'accuracy': 0.8866293848500254, 'f1_weighted': 0.8857599736620827, 'macro': 0.8716487613039339, 'micro': 0.8866293848500254, 'binary': 0.8277992277992279, 'accuracy_majority': 0.9111483654652137, 'macro_majority': 0.9028328446468856, 'binary_majority': 0.8744075829383886, 'run_time_millis': 3125.006563961506, 'loss_mean': 0.12207955867052078}
Epoch 6 **** Loss 0.21939118206501007 **** Metrics validation: {'accuracy': 0.8845958312150483, 'f1_weighted': 0.8827762707086442, 'macro': 0.8674191800345922, 'micro': 0.8845958312150483, 'binary': 0.8196981731532964, 'accuracy_majority': 0.9027661357921207, 'macro_majority': 0.892602595144968, 'binary_majority': 0.8595641646489104, 'run_time_millis': 3267.0949160237797, 'loss_mean': 0.13018114864826202}
Epoch 7 **** Loss 0.10560418665409088 **** Metrics validation: {'accuracy': 0.8906964921199797, 'f1_weighted': 0.8905549452859522, 'macro': 0.8777550672946206, 'micro': 0.8906964921199797, 'binary': 0.8379804069329314, 'accuracy_majority': 0.9295892707460185, 'macro_majority': 0.9237170469700569, 'binary_majority': 0.9025522041763341, 'run_time_millis': 2451.293774996884, 'loss_mean': 0.11352723836898804}
Epoch 8 **** Loss 0.0287408996373415 **** Metrics validation: {'accuracy': 0.887646161667514, 'f1_weighted': 0.8860867487553967, 'macro': 0.8713537879588256, 'micro': 0.887646161667514, 'binary': 0.8255722178374112, 'accuracy_majority': 0.9111483654652137, 'macro_majority': 0.9023013547924548, 'binary_majority': 0.8729016786570745, 'run_time_millis': 3266.169207985513, 'loss_mean': 0.12163151055574417}
Epoch 9 **** Loss 0.09674907475709915 **** Metrics validation: {'accuracy': 0.8871377732587697, 'f1_weighted': 0.8851671418234768, 'macro': 0.8699548284266427, 'micro': 0.8871377732587697, 'binary': 0.8226837060702876, 'accuracy_majority': 0.9052808046940486, 'macro_majority': 0.8954395936377535, 'binary_majority': 0.8633615477629988, 'run_time_millis': 3258.754417009186, 'loss_mean': 0.12485279887914658}
Evaluating
{'accuracy': 0.8906964921199797, 'f1_weighted': 0.8905549452859522, 'macro': 0.8777550672946206, 'micro': 0.8906964921199797, 'binary': 0.8379804069329314, 'accuracy_majority': 0.9295892707460185, 'macro_majority': 0.9237170469700569, 'binary_majority': 0.9025522041763341, 'run_time_millis': 3272.4024680210277, 'loss_mean': 0.11352723836898804}
