Device cuda
CUDA IS AVAILABLE: True
Split type sit
Training Size: 20356, NTA labels 19581, YTA labels 775
Validation Size: 6695, NTA labels 6444, YTA labels 251
Test Size: 6651, NTA labels 6380, YTA labels 271
Training with SBERT, model name is sbert
Tokenizing the dataset
Number of training steps 6370
Epoch 0 **** Loss 0.03493097424507141 **** Metrics validation: {'accuracy': 0.8515309932785661, 'f1_weighted': 0.8932824049831183, 'macro': 0.5974397360056678, 'micro': 0.851530993278566, 'binary': 0.27761627906976744, 'accuracy_majority': 0.8602783725910065, 'macro_majority': 0.5937963182823649, 'binary_majority': 0.2647887323943662, 'run_time_millis': 2619.9115589261055, 'loss_mean': 0.043612685054540634}
Epoch 1 **** Loss 0.00813935324549675 **** Metrics validation: {'accuracy': 0.9353248693054518, 'f1_weighted': 0.944530803292201, 'macro': 0.6818010835689877, 'micro': 0.9353248693054518, 'binary': 0.3977746870653686, 'accuracy_majority': 0.9470021413276232, 'macro_majority': 0.7155763081764198, 'binary_majority': 0.45901639344262296, 'run_time_millis': 4772.602043114603, 'loss_mean': 0.04549413546919823}
Epoch 2 **** Loss 0.004836570471525192 **** Metrics validation: {'accuracy': 0.9061986557132188, 'f1_weighted': 0.9265825230369082, 'macro': 0.6435392711633456, 'micro': 0.9061986557132188, 'binary': 0.33755274261603374, 'accuracy_majority': 0.9164882226980728, 'macro_majority': 0.6553619664406988, 'binary_majority': 0.35537190082644626, 'run_time_millis': 2641.524476930499, 'loss_mean': 0.046331971883773804}
Epoch 3 **** Loss 0.1515025496482849 **** Metrics validation: {'accuracy': 0.8525765496639283, 'f1_weighted': 0.8938629193223079, 'macro': 0.5968983580048339, 'micro': 0.8525765496639284, 'binary': 0.2758620689655172, 'accuracy_majority': 0.8634903640256959, 'macro_majority': 0.5990859624537617, 'binary_majority': 0.27350427350427353, 'run_time_millis': 4769.099653232843, 'loss_mean': 0.050102751702070236}
Epoch 4 **** Loss 0.00025753729278221726 **** Metrics validation: {'accuracy': 0.9148618371919343, 'f1_weighted': 0.9318609325995652, 'macro': 0.653354589056028, 'micro': 0.9148618371919343, 'binary': 0.3522727272727273, 'accuracy_majority': 0.9261241970021413, 'macro_majority': 0.6723173608851285, 'binary_majority': 0.3839285714285714, 'run_time_millis': 4164.151579141617, 'loss_mean': 0.07162388414144516}
Epoch 5 **** Loss 8.003460243344307e-05 **** Metrics validation: {'accuracy': 0.915309932785661, 'f1_weighted': 0.9319026460023098, 'macro': 0.650372035178455, 'micro': 0.915309932785661, 'binary': 0.3460207612456747, 'accuracy_majority': 0.9277301927194861, 'macro_majority': 0.6697585064881493, 'binary_majority': 0.37788018433179726, 'run_time_millis': 4767.463048920035, 'loss_mean': 0.08589453250169754}
Epoch 6 **** Loss 0.00018656684551388025 **** Metrics validation: {'accuracy': 0.9251680358476475, 'f1_weighted': 0.938140617232191, 'macro': 0.665804357861077, 'micro': 0.9251680358476475, 'binary': 0.3713927227101631, 'accuracy_majority': 0.9400428265524625, 'macro_majority': 0.7041628959276018, 'binary_majority': 0.44000000000000006, 'run_time_millis': 4725.172631908208, 'loss_mean': 0.09095635265111923}
Epoch 7 **** Loss 0.0001740909501677379 **** Metrics validation: {'accuracy': 0.8988797610156833, 'f1_weighted': 0.9223378450809318, 'macro': 0.6391489277006518, 'micro': 0.8988797610156833, 'binary': 0.33300492610837434, 'accuracy_majority': 0.9089935760171306, 'macro_majority': 0.6461033027089434, 'binary_majority': 0.34108527131782945, 'run_time_millis': 4750.711040105671, 'loss_mean': 0.08324778079986572}
Epoch 8 **** Loss 0.038128018379211426 **** Metrics validation: {'accuracy': 0.9293502613890964, 'f1_weighted': 0.9400173106417531, 'macro': 0.661278762026974, 'micro': 0.9293502613890964, 'binary': 0.35994587280108253, 'accuracy_majority': 0.9437901498929336, 'macro_majority': 0.6983385086719605, 'binary_majority': 0.42622950819672134, 'run_time_millis': 2640.1965599507093, 'loss_mean': 0.10739452391862869}
Epoch 9 **** Loss 0.0206367839127779 **** Metrics validation: {'accuracy': 0.9266616878267364, 'f1_weighted': 0.9385043279129125, 'macro': 0.659639422765806, 'micro': 0.9266616878267364, 'binary': 0.3581699346405229, 'accuracy_majority': 0.9373661670235546, 'macro_majority': 0.6834792431516521, 'binary_majority': 0.39999999999999997, 'run_time_millis': 4724.635001737624, 'loss_mean': 0.10476113110780716}
Evaluating
{'accuracy': 0.9353248693054518, 'f1_weighted': 0.944530803292201, 'macro': 0.6818010835689877, 'micro': 0.9353248693054518, 'binary': 0.3977746870653686, 'accuracy_majority': 0.9470021413276232, 'macro_majority': 0.7155763081764198, 'binary_majority': 0.45901639344262296, 'run_time_millis': 4756.792573258281, 'loss_mean': 0.04549413546919823}
Device cuda
CUDA IS AVAILABLE: True
Split type sit
Training Size: 20356, NTA labels 19581, YTA labels 775
Validation Size: 6695, NTA labels 6444, YTA labels 251
Test Size: 6651, NTA labels 6380, YTA labels 271
Training with SBERT, model name is sbert
Tokenizing the dataset
Number of training steps 6370
Epoch 0 **** Loss 0.005499945022165775 **** Metrics validation: {'accuracy': 0.9141150112023898, 'f1_weighted': 0.9318056830693634, 'macro': 0.6585928878769246, 'micro': 0.9141150112023898, 'binary': 0.3632336655592469, 'accuracy_majority': 0.9245182012847966, 'macro_majority': 0.677299286080968, 'binary_majority': 0.39484978540772536, 'run_time_millis': 2614.9671049788594, 'loss_mean': 0.04212530702352524}
Epoch 1 **** Loss 0.015117578208446503 **** Metrics validation: {'accuracy': 0.9308439133681852, 'f1_weighted': 0.942171005190858, 'macro': 0.681395244381144, 'micro': 0.9308439133681852, 'binary': 0.39948119325551235, 'accuracy_majority': 0.9416488222698073, 'macro_majority': 0.71072211495703, 'binary_majority': 0.45226130653266333, 'run_time_millis': 4745.213850867003, 'loss_mean': 0.04464738443493843}
Epoch 2 **** Loss 0.004411795176565647 **** Metrics validation: {'accuracy': 0.8739357729648992, 'f1_weighted': 0.9072176900891232, 'macro': 0.6177304530802487, 'micro': 0.8739357729648992, 'binary': 0.30477759472817134, 'accuracy_majority': 0.8822269807280514, 'macro_majority': 0.6153097292115983, 'binary_majority': 0.2948717948717948, 'run_time_millis': 4735.5028772726655, 'loss_mean': 0.044639378786087036}
Epoch 3 **** Loss 0.034998830407857895 **** Metrics validation: {'accuracy': 0.8876773711725168, 'f1_weighted': 0.9154760378458862, 'macro': 0.6275878393372291, 'micro': 0.8876773711725168, 'binary': 0.31636363636363635, 'accuracy_majority': 0.8945396145610278, 'macro_majority': 0.628235422477656, 'binary_majority': 0.313588850174216, 'run_time_millis': 4704.134938772768, 'loss_mean': 0.0515279583632946}
Epoch 4 **** Loss 0.007660467643290758 **** Metrics validation: {'accuracy': 0.8828976848394324, 'f1_weighted': 0.9126863784241901, 'macro': 0.6253322049500394, 'micro': 0.8828976848394324, 'binary': 0.3146853146853147, 'accuracy_majority': 0.8902569593147751, 'macro_majority': 0.6250769789589214, 'binary_majority': 0.3097643097643098, 'run_time_millis': 4681.414794176817, 'loss_mean': 0.058760225772857666}
Epoch 5 **** Loss 0.00024727132404223084 **** Metrics validation: {'accuracy': 0.8973861090365944, 'f1_weighted': 0.9213950452275972, 'macro': 0.6370980245184579, 'micro': 0.8973861090365944, 'binary': 0.3297560975609757, 'accuracy_majority': 0.9063169164882227, 'macro_majority': 0.6446024472312367, 'binary_majority': 0.33962264150943394, 'run_time_millis': 4714.520059060305, 'loss_mean': 0.06973423063755035}
Epoch 6 **** Loss 0.02925904095172882 **** Metrics validation: {'accuracy': 0.9208364451082898, 'f1_weighted': 0.9356973712603621, 'macro': 0.663408271675204, 'micro': 0.9208364451082897, 'binary': 0.36904761904761907, 'accuracy_majority': 0.9298715203426124, 'macro_majority': 0.6767461675131933, 'binary_majority': 0.39069767441860465, 'run_time_millis': 4743.000593036413, 'loss_mean': 0.08460724353790283}
Epoch 7 **** Loss 8.077243546722457e-05 **** Metrics validation: {'accuracy': 0.9333831217326363, 'f1_weighted': 0.9429540535126718, 'macro': 0.6735323239046713, 'micro': 0.9333831217326363, 'binary': 0.3822714681440443, 'accuracy_majority': 0.9470021413276232, 'macro_majority': 0.7125952863836632, 'binary_majority': 0.4530386740331491, 'run_time_millis': 4727.210890036076, 'loss_mean': 0.10359124839305878}
Epoch 8 **** Loss 0.025134876370429993 **** Metrics validation: {'accuracy': 0.9294996265870052, 'f1_weighted': 0.9405211331753716, 'macro': 0.667496371968363, 'micro': 0.9294996265870052, 'binary': 0.3723404255319149, 'accuracy_majority': 0.9421841541755889, 'macro_majority': 0.7005610472882715, 'binary_majority': 0.43157894736842106, 'run_time_millis': 4717.951286118478, 'loss_mean': 0.1021696999669075}
Epoch 9 **** Loss 0.012558125890791416 **** Metrics validation: {'accuracy': 0.9323375653472741, 'f1_weighted': 0.9423817992458836, 'macro': 0.673100671392683, 'micro': 0.9323375653472741, 'binary': 0.38199181446111863, 'accuracy_majority': 0.9448608137044968, 'macro_majority': 0.7071186647080763, 'binary_majority': 0.4432432432432433, 'run_time_millis': 3702.3639059625566, 'loss_mean': 0.10564302653074265}
Evaluating
{'accuracy': 0.9333831217326363, 'f1_weighted': 0.9429540535126718, 'macro': 0.6735323239046713, 'micro': 0.9333831217326363, 'binary': 0.3822714681440443, 'accuracy_majority': 0.9470021413276232, 'macro_majority': 0.7125952863836632, 'binary_majority': 0.4530386740331491, 'run_time_millis': 3711.31363324821, 'loss_mean': 0.10359124839305878}
Device cuda
CUDA IS AVAILABLE: True
Split type sit
Training Size: 20356, NTA labels 19581, YTA labels 775
Validation Size: 6695, NTA labels 6444, YTA labels 251
Test Size: 6651, NTA labels 6380, YTA labels 271
Training with SBERT, model name is sbert
Tokenizing the dataset
Number of training steps 6370
Epoch 0 **** Loss 0.030697794631123543 **** Metrics validation: {'accuracy': 0.8679611650485437, 'f1_weighted': 0.903460902890094, 'macro': 0.6111073437774337, 'micro': 0.8679611650485437, 'binary': 0.29505582137161085, 'accuracy_majority': 0.8763383297644539, 'macro_majority': 0.6107543467965632, 'binary_majority': 0.28923076923076924, 'run_time_millis': 4742.064945399761, 'loss_mean': 0.04247846454381943}
Epoch 1 **** Loss 0.07983705401420593 **** Metrics validation: {'accuracy': 0.8197162061239731, 'f1_weighted': 0.8734589673720321, 'macro': 0.5786592150166466, 'micro': 0.8197162061239731, 'binary': 0.25996321275291234, 'accuracy_majority': 0.8265524625267666, 'macro_majority': 0.5707757116718437, 'binary_majority': 0.23943661971830985, 'run_time_millis': 4446.888984180987, 'loss_mean': 0.04565608128905296}
Epoch 2 **** Loss 0.03747168183326721 **** Metrics validation: {'accuracy': 0.8600448095593727, 'f1_weighted': 0.8986811930879639, 'macro': 0.606525975514624, 'micro': 0.8600448095593727, 'binary': 0.2906888720666162, 'accuracy_majority': 0.8688436830835118, 'macro_majority': 0.6046799891163044, 'binary_majority': 0.281524926686217, 'run_time_millis': 4744.924663100392, 'loss_mean': 0.043951019644737244}
Epoch 3 **** Loss 0.0007394679123535752 **** Metrics validation: {'accuracy': 0.89663928304705, 'f1_weighted': 0.9210040275679763, 'macro': 0.6373745861805759, 'micro': 0.89663928304705, 'binary': 0.3307543520309478, 'accuracy_majority': 0.9073875802997858, 'macro_majority': 0.648664133548594, 'binary_majority': 0.3471698113207547, 'run_time_millis': 2631.0612270608544, 'loss_mean': 0.05534674599766731}
Epoch 4 **** Loss 0.0006522791227325797 **** Metrics validation: {'accuracy': 0.9190440627333831, 'f1_weighted': 0.9344431595377879, 'macro': 0.6588171291629934, 'micro': 0.9190440627333831, 'binary': 0.3608490566037736, 'accuracy_majority': 0.930406852248394, 'macro_majority': 0.6833584553358611, 'binary_majority': 0.4036697247706422, 'run_time_millis': 4758.971433155239, 'loss_mean': 0.0807257890701294}
Epoch 5 **** Loss 0.00022100412752479315 **** Metrics validation: {'accuracy': 0.8961911874533234, 'f1_weighted': 0.9205610134032707, 'macro': 0.634180876575901, 'micro': 0.8961911874533234, 'binary': 0.3245869776482021, 'accuracy_majority': 0.9052462526766595, 'macro_majority': 0.6405407609138795, 'binary_majority': 0.3320754716981132, 'run_time_millis': 3731.6902382299304, 'loss_mean': 0.07506433129310608}
Epoch 6 **** Loss 0.0001846343366196379 **** Metrics validation: {'accuracy': 0.90336071695295, 'f1_weighted': 0.9248311885973296, 'macro': 0.6401060689107274, 'micro': 0.90336071695295, 'binary': 0.3323013415892673, 'accuracy_majority': 0.911134903640257, 'macro_majority': 0.6468117289012811, 'binary_majority': 0.34126984126984133, 'run_time_millis': 4750.482603907585, 'loss_mean': 0.08240122348070145}
Epoch 7 **** Loss 3.523635314195417e-05 **** Metrics validation: {'accuracy': 0.9278566094100075, 'f1_weighted': 0.9399978699791491, 'macro': 0.6724148567951819, 'micro': 0.9278566094100075, 'binary': 0.38314176245210724, 'accuracy_majority': 0.9379014989293362, 'macro_majority': 0.6964592893924367, 'binary_majority': 0.42574257425742573, 'run_time_millis': 4134.850646369159, 'loss_mean': 0.10614760965108871}
Epoch 8 **** Loss 0.0005452338955365121 **** Metrics validation: {'accuracy': 0.9336818521284541, 'f1_weighted': 0.9431511478741, 'macro': 0.6741449618521441, 'micro': 0.9336818521284541, 'binary': 0.3833333333333333, 'accuracy_majority': 0.9416488222698073, 'macro_majority': 0.6962751143749171, 'binary_majority': 0.42328042328042326, 'run_time_millis': 4764.459872152656, 'loss_mean': 0.1159428060054779}
Epoch 9 **** Loss 8.741206329432316e-06 **** Metrics validation: {'accuracy': 0.9293502613890964, 'f1_weighted': 0.9407037019510791, 'macro': 0.6713096122945266, 'micro': 0.9293502613890964, 'binary': 0.3800786369593709, 'accuracy_majority': 0.9384368308351178, 'macro_majority': 0.6976644359531902, 'binary_majority': 0.42786069651741293, 'run_time_millis': 4767.846198286861, 'loss_mean': 0.1123223826289177}
Evaluating
{'accuracy': 0.9336818521284541, 'f1_weighted': 0.9431511478741, 'macro': 0.6741449618521441, 'micro': 0.9336818521284541, 'binary': 0.3833333333333333, 'accuracy_majority': 0.9416488222698073, 'macro_majority': 0.6962751143749171, 'binary_majority': 0.42328042328042326, 'run_time_millis': 2704.4569980353117, 'loss_mean': 0.1159428060054779}
