Device cuda
Split type sit
Training Size: 7810, NTA labels 5449, YTA labels 2361
Validation Size: 2417, NTA labels 1710, YTA labels 707
Test Size: 2830, NTA labels 2039, YTA labels 791
Training with SBERT, model name is sbert
Tokenizing the dataset
Number of training steps 2450
Epoch 0 **** Loss 0.32631516456604004 **** Metrics validation: {'accuracy': 0.5630947455523376, 'f1_weighted': 0.5827675451574226, 'macro': 0.5429856540205269, 'micro': 0.5630947455523376, 'binary': 0.44712041884816756, 'accuracy_majority': 0.5862552594670407, 'macro_majority': 0.5648886544408933, 'binary_majority': 0.46846846846846846, 'run_time_millis': 10644.118100000014, 'loss_mean': 0.2916317880153656}
Epoch 1 **** Loss 0.45325517654418945 **** Metrics validation: {'accuracy': 0.5308233347124535, 'f1_weighted': 0.5460634297110202, 'macro': 0.5257904651439612, 'micro': 0.5308233347124535, 'binary': 0.47693726937269365, 'accuracy_majority': 0.5455820476858345, 'macro_majority': 0.540633892299157, 'binary_majority': 0.4929577464788732, 'run_time_millis': 9665.065604999654, 'loss_mean': 0.3205491900444031}
Epoch 2 **** Loss 0.061056528240442276 **** Metrics validation: {'accuracy': 0.6143980140670252, 'f1_weighted': 0.6299413037961069, 'macro': 0.5802918783239132, 'micro': 0.6143980140670252, 'binary': 0.4606481481481482, 'accuracy_majority': 0.6065918653576438, 'macro_majority': 0.5731757612943671, 'binary_majority': 0.45374878286270687, 'run_time_millis': 10655.645066000034, 'loss_mean': 0.3459433615207672}
Epoch 3 **** Loss 0.029726384207606316 **** Metrics validation: {'accuracy': 0.634671079851055, 'f1_weighted': 0.6403733552588926, 'macro': 0.5730865054464096, 'micro': 0.634671079851055, 'binary': 0.4109406270847232, 'accuracy_majority': 0.6283309957924264, 'macro_majority': 0.569797358834244, 'binary_majority': 0.4111111111111111, 'run_time_millis': 10653.471970000282, 'loss_mean': 0.42242056131362915}
Epoch 4 **** Loss 0.005374342203140259 **** Metrics validation: {'accuracy': 0.6661150186181216, 'f1_weighted': 0.6649092331675746, 'macro': 0.5937678915852977, 'micro': 0.6661150186181216, 'binary': 0.42233357193987114, 'accuracy_majority': 0.6507713884992987, 'macro_majority': 0.579813973303039, 'binary_majority': 0.40714285714285714, 'run_time_millis': 10649.015367000175, 'loss_mean': 0.517789363861084}
Epoch 5 **** Loss 0.02518525719642639 **** Metrics validation: {'accuracy': 0.6578402978899462, 'f1_weighted': 0.662734890508947, 'macro': 0.5989780541861198, 'micro': 0.6578402978899462, 'binary': 0.4453386988598256, 'accuracy_majority': 0.6409537166900421, 'macro_majority': 0.5863744312104566, 'binary_majority': 0.43612334801762115, 'run_time_millis': 10648.71984399997, 'loss_mean': 0.5584625601768494}
Epoch 6 **** Loss 0.020311329513788223 **** Metrics validation: {'accuracy': 0.6905254447662391, 'f1_weighted': 0.6754850141867124, 'macro': 0.592597366542397, 'micro': 0.6905254447662391, 'binary': 0.39285714285714285, 'accuracy_majority': 0.6732117812061711, 'macro_majority': 0.579923281741105, 'binary_majority': 0.38196286472148544, 'run_time_millis': 10653.28345800026, 'loss_mean': 0.7349074482917786}
Epoch 7 **** Loss 0.0024777527432888746 **** Metrics validation: {'accuracy': 0.6859743483657427, 'f1_weighted': 0.6716462170983942, 'macro': 0.588576184374981, 'micro': 0.6859743483657427, 'binary': 0.38839645447219984, 'accuracy_majority': 0.6718092566619915, 'macro_majority': 0.5802505786454665, 'binary_majority': 0.3842105263157895, 'run_time_millis': 10655.041759000596, 'loss_mean': 0.7757309079170227}
Epoch 8 **** Loss 0.03356607258319855 **** Metrics validation: {'accuracy': 0.6743897393462971, 'f1_weighted': 0.6727853523768919, 'macro': 0.602820129319786, 'micro': 0.6743897393462971, 'binary': 0.43421998562185476, 'accuracy_majority': 0.6626928471248247, 'macro_majority': 0.5966556643244791, 'binary_majority': 0.4334511189634865, 'run_time_millis': 10649.155649000022, 'loss_mean': 0.7433375716209412}
Epoch 9 **** Loss 8.152518421411514e-05 **** Metrics validation: {'accuracy': 0.6892842366570128, 'f1_weighted': 0.6807594211133822, 'macro': 0.6050922530579692, 'micro': 0.6892842366570128, 'binary': 0.42275172943889316, 'accuracy_majority': 0.6746143057503506, 'macro_majority': 0.5944493478474061, 'binary_majority': 0.41414141414141414, 'run_time_millis': 10650.329847999274, 'loss_mean': 0.8076903223991394}
Evaluating
{'accuracy': 0.6892842366570128, 'f1_weighted': 0.6807594211133822, 'macro': 0.6050922530579692, 'micro': 0.6892842366570128, 'binary': 0.42275172943889316, 'accuracy_majority': 0.6746143057503506, 'macro_majority': 0.5944493478474061, 'binary_majority': 0.41414141414141414, 'run_time_millis': 10187.178590999793, 'loss_mean': 0.8076903223991394}
