______________________________	 Running Epoch 1 of 10 	______________________________
[Training] Itteration/Batch:   0/117: Loss: 0.70 | Accuracy: 0.75
[Training] Itteration/Batch:  25/117: Loss: 0.78 | Accuracy: 0.75
[Training] Itteration/Batch:  50/117: Loss: 0.23 | Accuracy: 0.94
[Training] Itteration/Batch:  75/117: Loss: 0.34 | Accuracy: 0.81
[Training] Itteration/Batch: 100/117: Loss: 0.61 | Accuracy: 0.81

Epoch 1: Val Bin. F1 Majority 0.7605633735656738 | Val Macro F1 Majority 0.8453022662725324 |             Val Bin F1 Individual 0.6847195625305176 | Val Macro F1 Individual 0.801630132709274 |             Val Accuracy Majority 0.8917197585105896 | Val Accuracy Individual 0.8705321550369263 | Training Loss:0.4706960618495941 |             Val Loss 0.3187307119369507 | Train Runtime Millis 9160.2105179918 | Val Runtime Millis 1139.9426640127786

______________________________	 Running Epoch 2 of 10 	______________________________
[Training] Itteration/Batch:   0/117: Loss: 0.13 | Accuracy: 1.00
[Training] Itteration/Batch:  25/117: Loss: 0.21 | Accuracy: 0.94
[Training] Itteration/Batch:  50/117: Loss: 0.20 | Accuracy: 0.94
[Training] Itteration/Batch:  75/117: Loss: 0.18 | Accuracy: 0.94
[Training] Itteration/Batch: 100/117: Loss: 0.44 | Accuracy: 0.88

Epoch 2: Val Bin. F1 Majority 0.7325102686882019 | Val Macro F1 Majority 0.8341722220191015 |             Val Bin F1 Individual 0.6681715846061707 | Val Macro F1 Individual 0.7986640920340504 |             Val Accuracy Majority 0.8964968323707581 | Val Accuracy Individual 0.8832406401634216 | Training Loss:0.28205928206443787 |             Val Loss 0.3903987407684326 | Train Runtime Millis 8643.305142002646 | Val Runtime Millis 1140.064915001858

______________________________	 Running Epoch 3 of 10 	______________________________
[Training] Itteration/Batch:   0/117: Loss: 0.09 | Accuracy: 1.00
[Training] Itteration/Batch:  25/117: Loss: 0.06 | Accuracy: 1.00
[Training] Itteration/Batch:  50/117: Loss: 0.23 | Accuracy: 0.94
[Training] Itteration/Batch:  75/117: Loss: 0.03 | Accuracy: 1.00
[Training] Itteration/Batch: 100/117: Loss: 0.05 | Accuracy: 1.00

Epoch 3: Val Bin. F1 Majority 0.7526132464408875 | Val Macro F1 Majority 0.8396709132947145 |             Val Bin F1 Individual 0.6766917109489441 | Val Macro F1 Individual 0.7950427428086833 |             Val Accuracy Majority 0.8869426846504211 | Val Accuracy Individual 0.8633836507797241 | Training Loss:0.19905345141887665 |             Val Loss 0.3449539542198181 | Train Runtime Millis 8655.556389014237 | Val Runtime Millis 1168.552189017646

