Device cuda
Split type sit
Training Size: 5093, NTA labels 3126, YTA labels 1967
Validation Size: 1715, NTA labels 1004, YTA labels 711
Test Size: 1678, NTA labels 980, YTA labels 698
Training with SBERT, model name is sbert
Tokenizing the dataset
Number of training steps 1600
Epoch 0 **** Loss 0.08783628046512604 **** Metrics validation: {'accuracy': 0.710204081632653, 'f1_weighted': 0.7095211633769191, 'macro': 0.7101563857544748, 'micro': 0.710204081632653, 'binary': 0.7138744962579159, 'accuracy_majority': 0.7319665907365224, 'macro_majority': 0.7312917561829062, 'binary_majority': 0.7447577729573391, 'run_time_millis': 3347.2038819963927, 'loss_mean': 0.25991034507751465}
Epoch 1 **** Loss 0.16743245720863342 **** Metrics validation: {'accuracy': 0.7247813411078717, 'f1_weighted': 0.7265660565002624, 'macro': 0.7238980891024539, 'micro': 0.7247813411078717, 'binary': 0.7082818294190358, 'accuracy_majority': 0.741837509491268, 'macro_majority': 0.741675320179993, 'binary_majority': 0.735202492211838, 'run_time_millis': 2310.1176109994412, 'loss_mean': 0.26342660188674927}
Epoch 2 **** Loss 0.13765957951545715 **** Metrics validation: {'accuracy': 0.7551020408163265, 'f1_weighted': 0.7518239820057886, 'macro': 0.7418190733444592, 'micro': 0.7551020408163265, 'binary': 0.6832579185520362, 'accuracy_majority': 0.7547456340167046, 'macro_majority': 0.7455778716247535, 'binary_majority': 0.697282099343955, 'run_time_millis': 3324.2203050031094, 'loss_mean': 0.32321035861968994}
Epoch 3 **** Loss 0.11827351897954941 **** Metrics validation: {'accuracy': 0.7323615160349854, 'f1_weighted': 0.7343224990135289, 'macro': 0.7301285719134325, 'micro': 0.7323615160349854, 'binary': 0.7055805003207185, 'accuracy_majority': 0.7433561123766135, 'macro_majority': 0.742608046035498, 'binary_majority': 0.7287319422150883, 'run_time_millis': 3343.4997369986377, 'loss_mean': 0.31209203600883484}
Epoch 4 **** Loss 0.037954188883304596 **** Metrics validation: {'accuracy': 0.749271137026239, 'f1_weighted': 0.7484771254257198, 'macro': 0.7401683611774289, 'micro': 0.749271137026239, 'binary': 0.6915351506456241, 'accuracy_majority': 0.7509491268033409, 'macro_majority': 0.7451300616913921, 'binary_majority': 0.7066189624329159, 'run_time_millis': 3333.6426120004035, 'loss_mean': 0.4462021589279175}
Epoch 5 **** Loss 0.12095983326435089 **** Metrics validation: {'accuracy': 0.7545189504373178, 'f1_weighted': 0.7537111023601213, 'macro': 0.7455490510974114, 'micro': 0.7545189504373179, 'binary': 0.6977745872218234, 'accuracy_majority': 0.7570235383447228, 'macro_majority': 0.7512289798404805, 'binary_majority': 0.7132616487455197, 'run_time_millis': 3316.4997279964155, 'loss_mean': 0.5119399428367615}
Epoch 6 **** Loss 0.02807481959462166 **** Metrics validation: {'accuracy': 0.7580174927113703, 'f1_weighted': 0.7572810158721943, 'macro': 0.7492888783211364, 'micro': 0.7580174927113703, 'binary': 0.7025089605734768, 'accuracy_majority': 0.7615793470007594, 'macro_majority': 0.756346774763734, 'binary_majority': 0.7206405693950177, 'run_time_millis': 3334.763301994826, 'loss_mean': 0.5129640102386475}
Epoch 7 **** Loss 0.1200818419456482 **** Metrics validation: {'accuracy': 0.7533527696793003, 'f1_weighted': 0.7537118968227844, 'macro': 0.7466969466200595, 'micro': 0.7533527696793003, 'binary': 0.7056367432150313, 'accuracy_majority': 0.7577828397873956, 'macro_majority': 0.753967719474137, 'binary_majority': 0.7233304423243712, 'run_time_millis': 3345.0519840043853, 'loss_mean': 0.521461546421051}
Epoch 8 **** Loss 0.12530860304832458 **** Metrics validation: {'accuracy': 0.7475218658892129, 'f1_weighted': 0.7487884851800701, 'macro': 0.7428977002241783, 'micro': 0.7475218658892129, 'binary': 0.7084175084175084, 'accuracy_majority': 0.7524677296886864, 'macro_majority': 0.7502175855681427, 'binary_majority': 0.7265100671140939, 'run_time_millis': 3356.7276910034707, 'loss_mean': 0.5337930917739868}
Epoch 9 **** Loss 0.005279673729091883 **** Metrics validation: {'accuracy': 0.7527696793002916, 'f1_weighted': 0.7531521985222912, 'macro': 0.7461473152694226, 'micro': 0.7527696793002916, 'binary': 0.7051460361613352, 'accuracy_majority': 0.7562642369020501, 'macro_majority': 0.7524251973391787, 'binary_majority': 0.7215958369470945, 'run_time_millis': 3339.448734994221, 'loss_mean': 0.5835369825363159}
Evaluating
{'accuracy': 0.7580174927113703, 'f1_weighted': 0.7572810158721943, 'macro': 0.7492888783211364, 'micro': 0.7580174927113703, 'binary': 0.7025089605734768, 'accuracy_majority': 0.7615793470007594, 'macro_majority': 0.756346774763734, 'binary_majority': 0.7206405693950177, 'run_time_millis': 3340.0644860012108, 'loss_mean': 0.5129640102386475}
