Device cuda
Split type sit
Training Size: 1752, NTA labels 1698, YTA labels 54
Validation Size: 539, NTA labels 516, YTA labels 23
Test Size: 533, NTA labels 514, YTA labels 19
Training with SBERT, model name is sbert
Tokenizing the dataset
Number of training steps 550
Epoch 0 **** Loss 0.05167445167899132 **** Metrics validation: {'accuracy': 0.9053803339517625, 'f1_weighted': 0.9113057109217784, 'macro': 0.4939898757478141, 'micro': 0.9053803339517625, 'binary': 0.03773584905660378, 'accuracy_majority': 0.9069264069264069, 'macro_majority': 0.49776260902540764, 'binary_majority': 0.044444444444444446, 'run_time_millis': 2254.9224159993173, 'loss_mean': 0.05096980929374695}
Epoch 1 **** Loss 0.019589247182011604 **** Metrics validation: {'accuracy': 0.87569573283859, 'f1_weighted': 0.8970137494599335, 'macro': 0.5077625570776256, 'micro': 0.87569573283859, 'binary': 0.0821917808219178, 'accuracy_majority': 0.8766233766233766, 'macro_majority': 0.5145180023228805, 'binary_majority': 0.09523809523809525, 'run_time_millis': 2267.506174999653, 'loss_mean': 0.050464801490306854}
Epoch 2 **** Loss 0.020650777965784073 **** Metrics validation: {'accuracy': 0.8979591836734694, 'f1_weighted': 0.9097526722860914, 'macro': 0.5221400132179184, 'micro': 0.8979591836734694, 'binary': 0.09836065573770492, 'accuracy_majority': 0.9004329004329005, 'macro_majority': 0.5313161609033168, 'binary_majority': 0.11538461538461538, 'run_time_millis': 2242.885835999914, 'loss_mean': 0.050315774977207184}
Epoch 3 **** Loss 0.052887722849845886 **** Metrics validation: {'accuracy': 0.8775510204081632, 'f1_weighted': 0.9007095761381475, 'macro': 0.543923076923077, 'micro': 0.8775510204081631, 'binary': 0.15384615384615385, 'accuracy_majority': 0.8766233766233766, 'macro_majority': 0.54137132308121, 'binary_majority': 0.1492537313432836, 'run_time_millis': 2251.911981000376, 'loss_mean': 0.04969791695475578}
Epoch 4 **** Loss 0.07406442612409592 **** Metrics validation: {'accuracy': 0.8886827458256029, 'f1_weighted': 0.9073432011517782, 'macro': 0.5535122597746852, 'micro': 0.8886827458256029, 'binary': 0.16666666666666666, 'accuracy_majority': 0.8874458874458875, 'macro_majority': 0.5504827482972832, 'binary_majority': 0.16129032258064516, 'run_time_millis': 2255.279642999085, 'loss_mean': 0.049375660717487335}
Epoch 5 **** Loss 0.03548590838909149 **** Metrics validation: {'accuracy': 0.8942486085343229, 'f1_weighted': 0.9115541077881155, 'macro': 0.5702896625033218, 'micro': 0.8942486085343228, 'binary': 0.19718309859154928, 'accuracy_majority': 0.8939393939393939, 'macro_majority': 0.5699713162243794, 'binary_majority': 0.19672131147540983, 'run_time_millis': 2259.8183399986738, 'loss_mean': 0.0489128939807415}
Epoch 6 **** Loss 0.06650213152170181 **** Metrics validation: {'accuracy': 0.8942486085343229, 'f1_weighted': 0.9123848316300925, 'macro': 0.5812308321406665, 'micro': 0.8942486085343228, 'binary': 0.2191780821917808, 'accuracy_majority': 0.8896103896103896, 'macro_majority': 0.5780066266678606, 'binary_majority': 0.21538461538461537, 'run_time_millis': 2243.2419849992584, 'loss_mean': 0.04838254302740097}
Epoch 7 **** Loss 0.06508029997348785 **** Metrics validation: {'accuracy': 0.8998144712430427, 'f1_weighted': 0.9157964484495096, 'macro': 0.5874999999999999, 'micro': 0.8998144712430427, 'binary': 0.22857142857142854, 'accuracy_majority': 0.8961038961038961, 'macro_majority': 0.5850609984282613, 'binary_majority': 0.22580645161290322, 'run_time_millis': 2248.3072739996715, 'loss_mean': 0.04818067327141762}
Epoch 8 **** Loss 0.018188180401921272 **** Metrics validation: {'accuracy': 0.8998144712430427, 'f1_weighted': 0.9157964484495096, 'macro': 0.5874999999999999, 'micro': 0.8998144712430427, 'binary': 0.22857142857142854, 'accuracy_majority': 0.8961038961038961, 'macro_majority': 0.5850609984282613, 'binary_majority': 0.22580645161290322, 'run_time_millis': 2240.062847000445, 'loss_mean': 0.04785466939210892}
Epoch 9 **** Loss 0.03626297786831856 **** Metrics validation: {'accuracy': 0.8998144712430427, 'f1_weighted': 0.9157964484495096, 'macro': 0.5874999999999999, 'micro': 0.8998144712430427, 'binary': 0.22857142857142854, 'accuracy_majority': 0.8961038961038961, 'macro_majority': 0.5850609984282613, 'binary_majority': 0.22580645161290322, 'run_time_millis': 481.0013939986675, 'loss_mean': 0.04778509587049484}
Evaluating
{'accuracy': 0.8998144712430427, 'f1_weighted': 0.9157964484495096, 'macro': 0.5874999999999999, 'micro': 0.8998144712430427, 'binary': 0.22857142857142854, 'accuracy_majority': 0.8961038961038961, 'macro_majority': 0.5850609984282613, 'binary_majority': 0.22580645161290322, 'run_time_millis': 1502.1243589999358, 'loss_mean': 0.04818067327141762}
