______________________________	 Running Epoch 1 of 10 	______________________________
[Training] Itteration/Batch:   0/4: Loss: 4.46 | Accuracy: 0.42

Epoch 1: Val Bin. F1 Majority 0.190476194024086 | Val Macro F1 Majority 0.5147964548595463 |             Val Bin F1 Individual 0.2134387344121933 | Val Macro F1 Individual 0.494543493857253 |             Val Accuracy Majority 0.7315789461135864 | Val Accuracy Individual 0.6508771777153015 | Training Loss:4.44264030456543 |             Val Loss 3.9703619480133057 | Train Runtime Millis 1118.2256310000014 | Val Runtime Millis 552.1974669999992

______________________________	 Running Epoch 2 of 10 	______________________________
[Training] Itteration/Batch:   0/4: Loss: 5.03 | Accuracy: 0.69

Epoch 2: Val Bin. F1 Majority 0.0 | Val Macro F1 Majority 0.4677871148459384 |             Val Bin F1 Individual 0.2133333384990692 | Val Macro F1 Individual 0.529238845144357 |             Val Accuracy Majority 0.878947377204895 | Val Accuracy Individual 0.7412280440330505 | Training Loss:4.086600303649902 |             Val Loss 3.811655044555664 | Train Runtime Millis 321.5984980000002 | Val Runtime Millis 551.6228500000011

______________________________	 Running Epoch 3 of 10 	______________________________
[Training] Itteration/Batch:   0/4: Loss: 3.75 | Accuracy: 0.76

Epoch 3: Val Bin. F1 Majority 0.0 | Val Macro F1 Majority 0.4677871148459384 |             Val Bin F1 Individual 0.10695187002420425 | Val Macro F1 Individual 0.5135810481079024 |             Val Accuracy Majority 0.878947377204895 | Val Accuracy Individual 0.8535087704658508 | Training Loss:3.84238338470459 |             Val Loss 3.6848971843719482 | Train Runtime Millis 320.6578110000038 | Val Runtime Millis 552.1285439999986

______________________________	 Running Epoch 4 of 10 	______________________________
[Training] Itteration/Batch:   0/4: Loss: 3.54 | Accuracy: 0.85

Epoch 4: Val Bin. F1 Majority 0.0 | Val Macro F1 Majority 0.4677871148459384 |             Val Bin F1 Individual 0.04316546767950058 | Val Macro F1 Individual 0.4905224815943602 |             Val Accuracy Majority 0.878947377204895 | Val Accuracy Individual 0.8833333253860474 | Training Loss:3.7164549827575684 |             Val Loss 3.598515272140503 | Train Runtime Millis 321.2478779999941 | Val Runtime Millis 553.0485110000001

______________________________	 Running Epoch 5 of 10 	______________________________
[Training] Itteration/Batch:   0/4: Loss: 2.86 | Accuracy: 0.92

Epoch 5: Val Bin. F1 Majority 0.07692307978868484 | Val Macro F1 Majority 0.5045632333767927 |             Val Bin F1 Individual 0.05673758685588837 | Val Macro F1 Individual 0.4972795002635951 |             Val Accuracy Majority 0.8736842274665833 | Val Accuracy Individual 0.8833333253860474 | Training Loss:3.448734760284424 |             Val Loss 3.520318031311035 | Train Runtime Millis 321.7008909999919 | Val Runtime Millis 559.2496789999899

______________________________	 Running Epoch 6 of 10 	______________________________
[Training] Itteration/Batch:   0/4: Loss: 2.93 | Accuracy: 0.96

Epoch 6: Val Bin. F1 Majority 0.14814814925193787 | Val Macro F1 Majority 0.5414961703913546 |             Val Bin F1 Individual 0.09589041024446487 | Val Macro F1 Individual 0.5170173704279056 |             Val Accuracy Majority 0.878947377204895 | Val Accuracy Individual 0.8842105269432068 | Training Loss:3.021164655685425 |             Val Loss 3.4600627422332764 | Train Runtime Millis 323.18312300000684 | Val Runtime Millis 557.6029120000072

______________________________	 Running Epoch 7 of 10 	______________________________
[Training] Itteration/Batch:   0/4: Loss: 2.79 | Accuracy: 0.93

Epoch 7: Val Bin. F1 Majority 0.07999999821186066 | Val Macro F1 Majority 0.5076056338028169 |             Val Bin F1 Individual 0.05714285746216774 | Val Macro F1 Individual 0.4977303070761015 |             Val Accuracy Majority 0.878947377204895 | Val Accuracy Individual 0.8842105269432068 | Training Loss:2.8137145042419434 |             Val Loss 3.4493629932403564 | Train Runtime Millis 321.29758000000663 | Val Runtime Millis 552.2721690000054

______________________________	 Running Epoch 8 of 10 	______________________________
[Training] Itteration/Batch:   0/4: Loss: 2.82 | Accuracy: 0.86

Epoch 8: Val Bin. F1 Majority 0.07999999821186066 | Val Macro F1 Majority 0.5076056338028169 |             Val Bin F1 Individual 0.057553958147764206 | Val Macro F1 Individual 0.4981837976606104 |             Val Accuracy Majority 0.878947377204895 | Val Accuracy Individual 0.8850877285003662 | Training Loss:2.770495891571045 |             Val Loss 3.4257147312164307 | Train Runtime Millis 321.07050199999776 | Val Runtime Millis 552.8160839999998

______________________________	 Running Epoch 9 of 10 	______________________________
[Training] Itteration/Batch:   0/4: Loss: 2.86 | Accuracy: 0.90

Epoch 9: Val Bin. F1 Majority 0.07999999821186066 | Val Macro F1 Majority 0.5076056338028169 |             Val Bin F1 Individual 0.057553958147764206 | Val Macro F1 Individual 0.4981837976606104 |             Val Accuracy Majority 0.878947377204895 | Val Accuracy Individual 0.8850877285003662 | Training Loss:2.4648189544677734 |             Val Loss 3.424755096435547 | Train Runtime Millis 321.2448879999954 | Val Runtime Millis 552.4917949999946

______________________________	 Running Epoch 10 of 10 	______________________________
[Training] Itteration/Batch:   0/4: Loss: 2.27 | Accuracy: 0.97

Epoch 10: Val Bin. F1 Majority 0.07999999821186066 | Val Macro F1 Majority 0.5076056338028169 |             Val Bin F1 Individual 0.057553958147764206 | Val Macro F1 Individual 0.4981837976606104 |             Val Accuracy Majority 0.878947377204895 | Val Accuracy Individual 0.8850877285003662 | Training Loss:2.3953819274902344 |             Val Loss 3.3796310424804688 | Train Runtime Millis 320.8072549999912 | Val Runtime Millis 556.7827179999938

______________________________	 Running Epoch 1 of 10 	______________________________
[Training] Itteration/Batch:   0/8: Loss: 4.42 | Accuracy: 0.47

Epoch 1: Val Bin. F1 Majority 0.0 | Val Macro F1 Majority 0.4677871148459384 |             Val Bin F1 Individual 0.04285714402794838 | Val Macro F1 Individual 0.49012016021361815 |             Val Accuracy Majority 0.878947377204895 | Val Accuracy Individual 0.8824561238288879 | Training Loss:4.103944778442383 |             Val Loss 3.7862796783447266 | Train Runtime Millis 657.4190749999929 | Val Runtime Millis 553.3242589999929

______________________________	 Running Epoch 2 of 10 	______________________________
[Training] Itteration/Batch:   0/8: Loss: 2.93 | Accuracy: 0.89

Epoch 2: Val Bin. F1 Majority 0.0 | Val Macro F1 Majority 0.4677871148459384 |             Val Bin F1 Individual 0.0 | Val Macro F1 Individual 0.4700139470013947 |             Val Accuracy Majority 0.878947377204895 | Val Accuracy Individual 0.8868421316146851 | Training Loss:3.8941547870635986 |             Val Loss 3.5566396713256836 | Train Runtime Millis 655.8961909999965 | Val Runtime Millis 554.099131000001

______________________________	 Running Epoch 3 of 10 	______________________________
[Training] Itteration/Batch:   0/8: Loss: 4.87 | Accuracy: 0.79

Epoch 3: Val Bin. F1 Majority 0.0 | Val Macro F1 Majority 0.4677871148459384 |             Val Bin F1 Individual 0.0 | Val Macro F1 Individual 0.4700139470013947 |             Val Accuracy Majority 0.878947377204895 | Val Accuracy Individual 0.8868421316146851 | Training Loss:3.428382158279419 |             Val Loss 3.4148504734039307 | Train Runtime Millis 656.6087920000001 | Val Runtime Millis 553.597136999997

______________________________	 Running Epoch 4 of 10 	______________________________
[Training] Itteration/Batch:   0/8: Loss: 3.51 | Accuracy: 0.86

Epoch 4: Val Bin. F1 Majority 0.0 | Val Macro F1 Majority 0.4677871148459384 |             Val Bin F1 Individual 0.03030303120613098 | Val Macro F1 Individual 0.48535635686473666 |             Val Accuracy Majority 0.878947377204895 | Val Accuracy Individual 0.8877192735671997 | Training Loss:3.0912904739379883 |             Val Loss 3.3433234691619873 | Train Runtime Millis 657.2428599999967 | Val Runtime Millis 559.2281979999996

______________________________	 Running Epoch 5 of 10 	______________________________
[Training] Itteration/Batch:   0/8: Loss: 3.66 | Accuracy: 0.83

Epoch 5: Val Bin. F1 Majority 0.23076923191547394 | Val Macro F1 Majority 0.5871360278139939 |             Val Bin F1 Individual 0.25773194432258606 | Val Macro F1 Individual 0.5943501596307242 |             Val Accuracy Majority 0.8947368264198303 | Val Accuracy Individual 0.8736842274665833 | Training Loss:2.7500689029693604 |             Val Loss 3.0729644298553467 | Train Runtime Millis 660.5601660000104 | Val Runtime Millis 552.7740429999994

______________________________	 Running Epoch 6 of 10 	______________________________
[Training] Itteration/Batch:   0/8: Loss: 3.17 | Accuracy: 0.90

Epoch 6: Val Bin. F1 Majority 0.23076923191547394 | Val Macro F1 Majority 0.5871360278139939 |             Val Bin F1 Individual 0.18987341225147247 | Val Macro F1 Individual 0.5647764826590631 |             Val Accuracy Majority 0.8947368264198303 | Val Accuracy Individual 0.8877192735671997 | Training Loss:2.425112009048462 |             Val Loss 2.9019830226898193 | Train Runtime Millis 655.8201089999898 | Val Runtime Millis 553.8491340000036

______________________________	 Running Epoch 7 of 10 	______________________________
[Training] Itteration/Batch:   0/8: Loss: 3.31 | Accuracy: 0.82

Epoch 7: Val Bin. F1 Majority 0.1538461595773697 | Val Macro F1 Majority 0.5458496305953933 |             Val Bin F1 Individual 0.16149067878723145 | Val Macro F1 Individual 0.5488906931958413 |             Val Accuracy Majority 0.8842105269432068 | Val Accuracy Individual 0.8815789222717285 | Training Loss:2.0714681148529053 |             Val Loss 3.0978896617889404 | Train Runtime Millis 656.8503789999909 | Val Runtime Millis 554.1476629999948

______________________________	 Running Epoch 1 of 10 	______________________________
[Training] Itteration/Batch:   0/11: Loss: 3.83 | Accuracy: 0.47

Epoch 1: Val Bin. F1 Majority 0.0 | Val Macro F1 Majority 0.4677871148459384 |             Val Bin F1 Individual 0.015384615398943424 | Val Macro F1 Individual 0.47792486583184257 |             Val Accuracy Majority 0.878947377204895 | Val Accuracy Individual 0.8877192735671997 | Training Loss:4.1209259033203125 |             Val Loss 3.704536199569702 | Train Runtime Millis 953.3155040000025 | Val Runtime Millis 553.4677330000051

______________________________	 Running Epoch 2 of 10 	______________________________
[Training] Itteration/Batch:   0/11: Loss: 4.84 | Accuracy: 0.71

Epoch 2: Val Bin. F1 Majority 0.0 | Val Macro F1 Majority 0.4677871148459384 |             Val Bin F1 Individual 0.0 | Val Macro F1 Individual 0.4700139470013947 |             Val Accuracy Majority 0.878947377204895 | Val Accuracy Individual 0.8868421316146851 | Training Loss:3.8309311866760254 |             Val Loss 3.4778547286987305 | Train Runtime Millis 951.1996519999997 | Val Runtime Millis 559.6446710000009

______________________________	 Running Epoch 3 of 10 	______________________________
[Training] Itteration/Batch:   0/11: Loss: 4.74 | Accuracy: 0.81

Epoch 3: Val Bin. F1 Majority 0.0 | Val Macro F1 Majority 0.4677871148459384 |             Val Bin F1 Individual 0.015037594363093376 | Val Macro F1 Individual 0.47701111185042255 |             Val Accuracy Majority 0.878947377204895 | Val Accuracy Individual 0.8850877285003662 | Training Loss:3.592122793197632 |             Val Loss 3.2271804809570312 | Train Runtime Millis 951.6027239999971 | Val Runtime Millis 552.9141479999993

______________________________	 Running Epoch 4 of 10 	______________________________
[Training] Itteration/Batch:   0/11: Loss: 2.68 | Accuracy: 0.92

Epoch 4: Val Bin. F1 Majority 0.07407407462596893 | Val Macro F1 Majority 0.5016262721645158 |             Val Bin F1 Individual 0.1349693238735199 | Val Macro F1 Individual 0.534182820347117 |             Val Accuracy Majority 0.8684210777282715 | Val Accuracy Individual 0.8763157725334167 | Training Loss:3.0105302333831787 |             Val Loss 3.0759456157684326 | Train Runtime Millis 951.5056819999899 | Val Runtime Millis 552.8589150000016

______________________________	 Running Epoch 5 of 10 	______________________________
[Training] Itteration/Batch:   0/11: Loss: 2.51 | Accuracy: 0.95

Epoch 5: Val Bin. F1 Majority 0.35555556416511536 | Val Macro F1 Majority 0.6344941956882255 |             Val Bin F1 Individual 0.44117647409439087 | Val Macro F1 Individual 0.6827396297164284 |             Val Accuracy Majority 0.8473684191703796 | Val Accuracy Individual 0.8666666746139526 | Training Loss:2.3366353511810303 |             Val Loss 2.5670862197875977 | Train Runtime Millis 951.1871320000012 | Val Runtime Millis 551.6757010000077

______________________________	 Running Epoch 6 of 10 	______________________________
[Training] Itteration/Batch:   0/11: Loss: 1.38 | Accuracy: 0.98

Epoch 6: Val Bin. F1 Majority 0.3076923191547394 | Val Macro F1 Majority 0.6142567110309045 |             Val Bin F1 Individual 0.3982684016227722 | Val Macro F1 Individual 0.6652152142635306 |             Val Accuracy Majority 0.8578947186470032 | Val Accuracy Individual 0.8780701756477356 | Training Loss:1.7561542987823486 |             Val Loss 2.80716872215271 | Train Runtime Millis 958.7700600000062 | Val Runtime Millis 560.0572029999995

______________________________	 Running Epoch 7 of 10 	______________________________
[Training] Itteration/Batch:   0/11: Loss: 1.14 | Accuracy: 0.94

Epoch 7: Val Bin. F1 Majority 0.38297873735427856 | Val Macro F1 Majority 0.6479458181585841 |             Val Bin F1 Individual 0.4552238881587982 | Val Macro F1 Individual 0.6913296341354855 |             Val Accuracy Majority 0.8473684191703796 | Val Accuracy Individual 0.8719298243522644 | Training Loss:1.589574933052063 |             Val Loss 2.5447397232055664 | Train Runtime Millis 951.5444020000103 | Val Runtime Millis 553.6428980000068

______________________________	 Running Epoch 8 of 10 	______________________________
[Training] Itteration/Batch:   0/11: Loss: 1.36 | Accuracy: 0.95

Epoch 8: Val Bin. F1 Majority 0.3684210479259491 | Val Macro F1 Majority 0.6491228070175439 |             Val Bin F1 Individual 0.44933921098709106 | Val Macro F1 Individual 0.6942263497492656 |             Val Accuracy Majority 0.8736842274665833 | Val Accuracy Individual 0.890350878238678 | Training Loss:1.3048110008239746 |             Val Loss 2.6699631214141846 | Train Runtime Millis 952.7377470000005 | Val Runtime Millis 553.4178820000051

______________________________	 Running Epoch 9 of 10 	______________________________
[Training] Itteration/Batch:   0/11: Loss: 1.11 | Accuracy: 0.96

Epoch 9: Val Bin. F1 Majority 0.41025641560554504 | Val Macro F1 Majority 0.671403864952252 |             Val Bin F1 Individual 0.40930232405662537 | Val Macro F1 Individual 0.6739005574638212 |             Val Accuracy Majority 0.878947377204895 | Val Accuracy Individual 0.8885964751243591 | Training Loss:1.1488572359085083 |             Val Loss 2.867814779281616 | Train Runtime Millis 952.2590229999963 | Val Runtime Millis 553.0797519999879

______________________________	 Running Epoch 1 of 10 	______________________________
[Training] Itteration/Batch:   0/15: Loss: 4.57 | Accuracy: 0.44

Epoch 1: Val Bin. F1 Majority 0.0 | Val Macro F1 Majority 0.4677871148459384 |             Val Bin F1 Individual 0.0 | Val Macro F1 Individual 0.4700139470013947 |             Val Accuracy Majority 0.878947377204895 | Val Accuracy Individual 0.8868421316146851 | Training Loss:3.9402573108673096 |             Val Loss 3.5718679428100586 | Train Runtime Millis 1290.6672550000026 | Val Runtime Millis 553.6273379999983

______________________________	 Running Epoch 2 of 10 	______________________________
[Training] Itteration/Batch:   0/15: Loss: 5.39 | Accuracy: 0.81

Epoch 2: Val Bin. F1 Majority 0.0 | Val Macro F1 Majority 0.4677871148459384 |             Val Bin F1 Individual 0.23255814611911774 | Val Macro F1 Individual 0.5849697718547284 |             Val Accuracy Majority 0.878947377204895 | Val Accuracy Individual 0.8842105269432068 | Training Loss:3.576740026473999 |             Val Loss 3.2403993606567383 | Train Runtime Millis 1280.977305999997 | Val Runtime Millis 554.1061309999975

______________________________	 Running Epoch 3 of 10 	______________________________
[Training] Itteration/Batch:   0/15: Loss: 3.20 | Accuracy: 0.89

Epoch 3: Val Bin. F1 Majority 0.39024388790130615 | Val Macro F1 Majority 0.6582487948773292 |             Val Bin F1 Individual 0.3513513505458832 | Val Macro F1 Individual 0.6406902529351509 |             Val Accuracy Majority 0.8684210777282715 | Val Accuracy Individual 0.8736842274665833 | Training Loss:3.0906622409820557 |             Val Loss 2.758941888809204 | Train Runtime Millis 1281.396448999999 | Val Runtime Millis 553.6650690000045

______________________________	 Running Epoch 4 of 10 	______________________________
[Training] Itteration/Batch:   0/15: Loss: 2.69 | Accuracy: 0.91

Epoch 4: Val Bin. F1 Majority 0.2857142984867096 | Val Macro F1 Majority 0.6066252587991718 |             Val Bin F1 Individual 0.389380544424057 | Val Macro F1 Individual 0.6610972761975339 |             Val Accuracy Majority 0.8684210777282715 | Val Accuracy Individual 0.878947377204895 | Training Loss:2.265852212905884 |             Val Loss 2.7156314849853516 | Train Runtime Millis 1281.8991230000024 | Val Runtime Millis 559.2966609999905

______________________________	 Running Epoch 5 of 10 	______________________________
[Training] Itteration/Batch:   0/15: Loss: 2.04 | Accuracy: 0.90

Epoch 5: Val Bin. F1 Majority 0.4324324429035187 | Val Macro F1 Majority 0.685603971318257 |             Val Bin F1 Individual 0.36180904507637024 | Val Macro F1 Individual 0.6503903467360831 |             Val Accuracy Majority 0.8894736766815186 | Val Accuracy Individual 0.8885964751243591 | Training Loss:1.7691318988800049 |             Val Loss 3.1665542125701904 | Train Runtime Millis 1280.1698430000101 | Val Runtime Millis 554.1956240000161

______________________________	 Running Epoch 1 of 10 	______________________________
[Training] Itteration/Batch:   0/18: Loss: 4.73 | Accuracy: 0.44

Epoch 1: Val Bin. F1 Majority 0.0 | Val Macro F1 Majority 0.4677871148459384 |             Val Bin F1 Individual 0.0 | Val Macro F1 Individual 0.4700139470013947 |             Val Accuracy Majority 0.878947377204895 | Val Accuracy Individual 0.8868421316146851 | Training Loss:3.9980037212371826 |             Val Loss 3.495237350463867 | Train Runtime Millis 1582.084524999999 | Val Runtime Millis 553.271446999986

______________________________	 Running Epoch 2 of 10 	______________________________
[Training] Itteration/Batch:   0/18: Loss: 2.84 | Accuracy: 0.92

Epoch 2: Val Bin. F1 Majority 0.0 | Val Macro F1 Majority 0.4677871148459384 |             Val Bin F1 Individual 0.1118881106376648 | Val Macro F1 Individual 0.5262295028322169 |             Val Accuracy Majority 0.878947377204895 | Val Accuracy Individual 0.8885964751243591 | Training Loss:3.5022690296173096 |             Val Loss 3.0760157108306885 | Train Runtime Millis 1579.9862140000016 | Val Runtime Millis 554.102142000005

______________________________	 Running Epoch 3 of 10 	______________________________
[Training] Itteration/Batch:   0/18: Loss: 3.28 | Accuracy: 0.88

Epoch 3: Val Bin. F1 Majority 0.44999998807907104 | Val Macro F1 Majority 0.6516666666666666 |             Val Bin F1 Individual 0.44897958636283875 | Val Macro F1 Individual 0.6584212804208144 |             Val Accuracy Majority 0.7684210538864136 | Val Accuracy Individual 0.7868421077728271 | Training Loss:2.673405885696411 |             Val Loss 2.7723824977874756 | Train Runtime Millis 1581.134602999981 | Val Runtime Millis 554.4373970000152

______________________________	 Running Epoch 4 of 10 	______________________________
[Training] Itteration/Batch:   0/18: Loss: 2.29 | Accuracy: 0.86

Epoch 4: Val Bin. F1 Majority 0.5423728823661804 | Val Macro F1 Majority 0.7291303659116111 |             Val Bin F1 Individual 0.5 | Val Macro F1 Individual 0.7144288577154309 |             Val Accuracy Majority 0.8578947186470032 | Val Accuracy Individual 0.8754385709762573 | Training Loss:2.064225196838379 |             Val Loss 2.4798130989074707 | Train Runtime Millis 1580.5705690000025 | Val Runtime Millis 555.134833000011

______________________________	 Running Epoch 5 of 10 	______________________________
[Training] Itteration/Batch:   0/18: Loss: 1.07 | Accuracy: 0.97

Epoch 5: Val Bin. F1 Majority 0.5666666626930237 | Val Macro F1 Majority 0.7427083333333333 |             Val Bin F1 Individual 0.5337837934494019 | Val Macro F1 Individual 0.7321136660854404 |             Val Accuracy Majority 0.8631578683853149 | Val Accuracy Individual 0.878947377204895 | Training Loss:1.665725827217102 |             Val Loss 2.425915002822876 | Train Runtime Millis 1587.4695070000087 | Val Runtime Millis 554.5656000000179

______________________________	 Running Epoch 6 of 10 	______________________________
[Training] Itteration/Batch:   0/18: Loss: 2.01 | Accuracy: 0.94

Epoch 6: Val Bin. F1 Majority 0.6530612111091614 | Val Macro F1 Majority 0.8008508539367408 |             Val Bin F1 Individual 0.5477178692817688 | Val Macro F1 Individual 0.7471301325399522 |             Val Accuracy Majority 0.9105263352394104 | Val Accuracy Individual 0.9043859839439392 | Training Loss:1.4610145092010498 |             Val Loss 2.5502021312713623 | Train Runtime Millis 1579.94638400001 | Val Runtime Millis 556.152907000012

______________________________	 Running Epoch 1 of 10 	______________________________
[Training] Itteration/Batch:   0/22: Loss: 4.57 | Accuracy: 0.44

Epoch 1: Val Bin. F1 Majority 0.0 | Val Macro F1 Majority 0.4677871148459384 |             Val Bin F1 Individual 0.0 | Val Macro F1 Individual 0.4700139470013947 |             Val Accuracy Majority 0.878947377204895 | Val Accuracy Individual 0.8868421316146851 | Training Loss:4.033318042755127 |             Val Loss 3.5248641967773438 | Train Runtime Millis 1907.2204400000032 | Val Runtime Millis 554.9156780000146

______________________________	 Running Epoch 2 of 10 	______________________________
[Training] Itteration/Batch:   0/22: Loss: 5.82 | Accuracy: 0.77

Epoch 2: Val Bin. F1 Majority 0.0 | Val Macro F1 Majority 0.4677871148459384 |             Val Bin F1 Individual 0.21686747670173645 | Val Macro F1 Individual 0.5776863366426919 |             Val Accuracy Majority 0.878947377204895 | Val Accuracy Individual 0.8859649300575256 | Training Loss:3.542489767074585 |             Val Loss 3.1142988204956055 | Train Runtime Millis 1911.9711090000067 | Val Runtime Millis 554.5807999999965

______________________________	 Running Epoch 3 of 10 	______________________________
[Training] Itteration/Batch:   0/22: Loss: 2.05 | Accuracy: 0.94

Epoch 3: Val Bin. F1 Majority 0.4761904776096344 | Val Macro F1 Majority 0.6860447649091183 |             Val Bin F1 Individual 0.46987950801849365 | Val Macro F1 Individual 0.6897652210484649 |             Val Accuracy Majority 0.8263157606124878 | Val Accuracy Individual 0.8456140160560608 | Training Loss:2.833646774291992 |             Val Loss 2.6474533081054688 | Train Runtime Millis 1907.5367570000026 | Val Runtime Millis 554.1174900000101

______________________________	 Running Epoch 4 of 10 	______________________________
[Training] Itteration/Batch:   0/22: Loss: 2.38 | Accuracy: 0.92

Epoch 4: Val Bin. F1 Majority 0.48148149251937866 | Val Macro F1 Majority 0.6977959554646671 |             Val Bin F1 Individual 0.49070632457733154 | Val Macro F1 Individual 0.7112905044559754 |             Val Accuracy Majority 0.8526315689086914 | Val Accuracy Individual 0.8798245787620544 | Training Loss:2.0989482402801514 |             Val Loss 2.6497786045074463 | Train Runtime Millis 1907.9348559999971 | Val Runtime Millis 554.4995180000001

______________________________	 Running Epoch 5 of 10 	______________________________
[Training] Itteration/Batch:   0/22: Loss: 1.56 | Accuracy: 0.93

Epoch 5: Val Bin. F1 Majority 0.5806451439857483 | Val Macro F1 Majority 0.7494420775005073 |             Val Bin F1 Individual 0.5333333611488342 | Val Macro F1 Individual 0.7313131313131314 |             Val Accuracy Majority 0.8631578683853149 | Val Accuracy Individual 0.8771929740905762 | Training Loss:1.7226357460021973 |             Val Loss 2.518832206726074 | Train Runtime Millis 1905.812026999996 | Val Runtime Millis 556.4193719999935

______________________________	 Running Epoch 6 of 10 	______________________________
[Training] Itteration/Batch:   0/22: Loss: 1.54 | Accuracy: 0.93

Epoch 6: Val Bin. F1 Majority 0.5384615659713745 | Val Macro F1 Majority 0.7326454033771106 |             Val Bin F1 Individual 0.5284552574157715 | Val Macro F1 Individual 0.7357124013718013 |             Val Accuracy Majority 0.8736842274665833 | Val Accuracy Individual 0.898245632648468 | Training Loss:1.448828935623169 |             Val Loss 2.6659369468688965 | Train Runtime Millis 1909.5448330000124 | Val Runtime Millis 560.185348999994

______________________________	 Running Epoch 1 of 10 	______________________________
[Training] Itteration/Batch:   0/25: Loss: 3.50 | Accuracy: 0.38

Epoch 1: Val Bin. F1 Majority 0.0 | Val Macro F1 Majority 0.4677871148459384 |             Val Bin F1 Individual 0.0 | Val Macro F1 Individual 0.4700139470013947 |             Val Accuracy Majority 0.878947377204895 | Val Accuracy Individual 0.8868421316146851 | Training Loss:3.937457323074341 |             Val Loss 3.5006887912750244 | Train Runtime Millis 2196.4334150000013 | Val Runtime Millis 550.2000090000081

______________________________	 Running Epoch 2 of 10 	______________________________
[Training] Itteration/Batch:   0/25: Loss: 3.98 | Accuracy: 0.80

Epoch 2: Val Bin. F1 Majority 0.0 | Val Macro F1 Majority 0.4677871148459384 |             Val Bin F1 Individual 0.0979020968079567 | Val Macro F1 Individual 0.5187685501209132 |             Val Accuracy Majority 0.878947377204895 | Val Accuracy Individual 0.8868421316146851 | Training Loss:3.6399242877960205 |             Val Loss 3.2486813068389893 | Train Runtime Millis 2314.43703299999 | Val Runtime Millis 549.9087219999979

______________________________	 Running Epoch 3 of 10 	______________________________
[Training] Itteration/Batch:   0/25: Loss: 1.92 | Accuracy: 0.96

Epoch 3: Val Bin. F1 Majority 0.4864864945411682 | Val Macro F1 Majority 0.6811517399752693 |             Val Bin F1 Individual 0.4271356761455536 | Val Macro F1 Individual 0.6529939815976802 |             Val Accuracy Majority 0.800000011920929 | Val Accuracy Individual 0.800000011920929 | Training Loss:3.1825857162475586 |             Val Loss 3.167189598083496 | Train Runtime Millis 2197.821908000009 | Val Runtime Millis 549.6518059999858

______________________________	 Running Epoch 4 of 10 	______________________________
[Training] Itteration/Batch:   0/25: Loss: 3.59 | Accuracy: 0.85

Epoch 4: Val Bin. F1 Majority 0.4444444477558136 | Val Macro F1 Majority 0.6670171749036102 |             Val Bin F1 Individual 0.48929664492607117 | Val Macro F1 Individual 0.7018935817396901 |             Val Accuracy Majority 0.8157894611358643 | Val Accuracy Individual 0.8535087704658508 | Training Loss:2.6441097259521484 |             Val Loss 2.6589667797088623 | Train Runtime Millis 2198.4377510000004 | Val Runtime Millis 551.7237939999973

______________________________	 Running Epoch 5 of 10 	______________________________
[Training] Itteration/Batch:   0/25: Loss: 1.53 | Accuracy: 0.94

Epoch 5: Val Bin. F1 Majority 0.3181818127632141 | Val Macro F1 Majority 0.614448051948052 |             Val Bin F1 Individual 0.31111112236976624 | Val Macro F1 Individual 0.6178426601784266 |             Val Accuracy Majority 0.8421052694320679 | Val Accuracy Individual 0.8640350699424744 | Training Loss:2.185910940170288 |             Val Loss 3.0641071796417236 | Train Runtime Millis 2202.4296939999886 | Val Runtime Millis 550.295650999999

______________________________	 Running Epoch 6 of 10 	______________________________
[Training] Itteration/Batch:   0/25: Loss: 1.21 | Accuracy: 0.95

Epoch 6: Val Bin. F1 Majority 0.4722222089767456 | Val Macro F1 Majority 0.6744227994227995 |             Val Bin F1 Individual 0.5196374654769897 | Val Macro F1 Individual 0.7190285823235714 |             Val Accuracy Majority 0.800000011920929 | Val Accuracy Individual 0.8605263233184814 | Training Loss:1.9132879972457886 |             Val Loss 2.498812675476074 | Train Runtime Millis 2195.583135999982 | Val Runtime Millis 549.9712639999927

______________________________	 Running Epoch 7 of 10 	______________________________
[Training] Itteration/Batch:   0/25: Loss: 1.08 | Accuracy: 0.93

Epoch 7: Val Bin. F1 Majority 0.3478260934352875 | Val Macro F1 Majority 0.6290028638375422 |             Val Bin F1 Individual 0.39647576212882996 | Val Macro F1 Individual 0.6648720793251951 |             Val Accuracy Majority 0.8421052694320679 | Val Accuracy Individual 0.8798245787620544 | Training Loss:1.7181689739227295 |             Val Loss 3.158768892288208 | Train Runtime Millis 2200.3166549999946 | Val Runtime Millis 550.5035760000112

______________________________	 Running Epoch 1 of 10 	______________________________
[Training] Itteration/Batch:   0/29: Loss: 4.22 | Accuracy: 0.39
[Training] Itteration/Batch:  25/29: Loss: 4.07 | Accuracy: 0.88

Epoch 1: Val Bin. F1 Majority 0.0 | Val Macro F1 Majority 0.4677871148459384 |             Val Bin F1 Individual 0.0 | Val Macro F1 Individual 0.4700139470013947 |             Val Accuracy Majority 0.878947377204895 | Val Accuracy Individual 0.8868421316146851 | Training Loss:3.935544729232788 |             Val Loss 3.476266860961914 | Train Runtime Millis 2520.3740739999885 | Val Runtime Millis 548.679304000018

______________________________	 Running Epoch 2 of 10 	______________________________
[Training] Itteration/Batch:   0/29: Loss: 2.62 | Accuracy: 0.91
[Training] Itteration/Batch:  25/29: Loss: 3.42 | Accuracy: 0.86

Epoch 2: Val Bin. F1 Majority 0.41999998688697815 | Val Macro F1 Majority 0.6064285714285714 |             Val Bin F1 Individual 0.39441534876823425 | Val Macro F1 Individual 0.5955673742550692 |             Val Accuracy Majority 0.6947368383407593 | Val Accuracy Individual 0.6956140398979187 | Training Loss:3.245393991470337 |             Val Loss 3.1226398944854736 | Train Runtime Millis 2513.0012529999985 | Val Runtime Millis 549.3458890000227

______________________________	 Running Epoch 3 of 10 	______________________________
[Training] Itteration/Batch:   0/29: Loss: 2.99 | Accuracy: 0.74
[Training] Itteration/Batch:  25/29: Loss: 1.93 | Accuracy: 0.93

Epoch 3: Val Bin. F1 Majority 0.4761904776096344 | Val Macro F1 Majority 0.7055508593970132 |             Val Bin F1 Individual 0.4502164423465729 | Val Macro F1 Individual 0.6941174979242328 |             Val Accuracy Majority 0.8842105269432068 | Val Accuracy Individual 0.8885964751243591 | Training Loss:2.5998964309692383 |             Val Loss 2.7321369647979736 | Train Runtime Millis 2523.0014639999754 | Val Runtime Millis 549.4352409999976

______________________________	 Running Epoch 4 of 10 	______________________________
[Training] Itteration/Batch:   0/29: Loss: 2.22 | Accuracy: 0.90
[Training] Itteration/Batch:  25/29: Loss: 1.67 | Accuracy: 0.95

Epoch 4: Val Bin. F1 Majority 0.5 | Val Macro F1 Majority 0.703125 |             Val Bin F1 Individual 0.4904458522796631 | Val Macro F1 Individual 0.7045311700176893 |             Val Accuracy Majority 0.8421052694320679 | Val Accuracy Individual 0.859649121761322 | Training Loss:2.197857141494751 |             Val Loss 2.6064815521240234 | Train Runtime Millis 2519.0603140000007 | Val Runtime Millis 549.5279229999994

______________________________	 Running Epoch 5 of 10 	______________________________
[Training] Itteration/Batch:   0/29: Loss: 2.36 | Accuracy: 0.86
[Training] Itteration/Batch:  25/29: Loss: 0.37 | Accuracy: 1.00

Epoch 5: Val Bin. F1 Majority 0.6206896305084229 | Val Macro F1 Majority 0.7761833369029771 |             Val Bin F1 Individual 0.5479452013969421 | Val Macro F1 Individual 0.7407734075686998 |             Val Accuracy Majority 0.8842105269432068 | Val Accuracy Individual 0.8842105269432068 | Training Loss:1.758659839630127 |             Val Loss 2.432785749435425 | Train Runtime Millis 2516.0551440000063 | Val Runtime Millis 549.6091760000184

______________________________	 Running Epoch 6 of 10 	______________________________
[Training] Itteration/Batch:   0/29: Loss: 1.91 | Accuracy: 0.89
[Training] Itteration/Batch:  25/29: Loss: 0.88 | Accuracy: 0.95

Epoch 6: Val Bin. F1 Majority 0.5846154093742371 | Val Macro F1 Majority 0.7494505494505495 |             Val Bin F1 Individual 0.539393961429596 | Val Macro F1 Individual 0.7307226107226107 |             Val Accuracy Majority 0.8578947186470032 | Val Accuracy Individual 0.8666666746139526 | Training Loss:1.4544267654418945 |             Val Loss 2.4354159832000732 | Train Runtime Millis 2516.7739409999967 | Val Runtime Millis 550.7926129999987

______________________________	 Running Epoch 7 of 10 	______________________________
[Training] Itteration/Batch:   0/29: Loss: 0.71 | Accuracy: 0.96
[Training] Itteration/Batch:  25/29: Loss: 1.32 | Accuracy: 0.92

Epoch 7: Val Bin. F1 Majority 0.6333333253860474 | Val Macro F1 Majority 0.7822916666666666 |             Val Bin F1 Individual 0.5486111044883728 | Val Macro F1 Individual 0.7416750334672022 |             Val Accuracy Majority 0.8842105269432068 | Val Accuracy Individual 0.8859649300575256 | Training Loss:1.148353934288025 |             Val Loss 2.6990296840667725 | Train Runtime Millis 2513.3564000000206 | Val Runtime Millis 550.3113460000009

______________________________	 Running Epoch 1 of 10 	______________________________
[Training] Itteration/Batch:   0/33: Loss: 3.92 | Accuracy: 0.44
[Training] Itteration/Batch:  25/33: Loss: 4.21 | Accuracy: 0.81

Epoch 1: Val Bin. F1 Majority 0.25806450843811035 | Val Macro F1 Majority 0.5960809686662354 |             Val Bin F1 Individual 0.28735631704330444 | Val Macro F1 Individual 0.6142384648131773 |             Val Accuracy Majority 0.878947377204895 | Val Accuracy Individual 0.8912280797958374 | Training Loss:3.764158248901367 |             Val Loss 3.0965678691864014 | Train Runtime Millis 2859.4888640000136 | Val Runtime Millis 549.7873770000012

______________________________	 Running Epoch 2 of 10 	______________________________
[Training] Itteration/Batch:   0/33: Loss: 4.50 | Accuracy: 0.81
[Training] Itteration/Batch:  25/33: Loss: 1.84 | Accuracy: 0.94

Epoch 2: Val Bin. F1 Majority 0.0 | Val Macro F1 Majority 0.4647887323943662 |             Val Bin F1 Individual 0.057553958147764206 | Val Macro F1 Individual 0.4981837976606104 |             Val Accuracy Majority 0.8684210777282715 | Val Accuracy Individual 0.8850877285003662 | Training Loss:3.038784980773926 |             Val Loss 3.2573769092559814 | Train Runtime Millis 2853.8038259999894 | Val Runtime Millis 549.8447260000034

______________________________	 Running Epoch 3 of 10 	______________________________
[Training] Itteration/Batch:   0/33: Loss: 3.77 | Accuracy: 0.82
[Training] Itteration/Batch:  25/33: Loss: 2.19 | Accuracy: 0.88

Epoch 3: Val Bin. F1 Majority 0.6000000238418579 | Val Macro F1 Majority 0.7696969696969697 |             Val Bin F1 Individual 0.5530303120613098 | Val Macro F1 Individual 0.7472492784992786 |             Val Accuracy Majority 0.8947368264198303 | Val Accuracy Individual 0.8964912295341492 | Training Loss:2.560288906097412 |             Val Loss 2.2628867626190186 | Train Runtime Millis 2852.12242099999 | Val Runtime Millis 548.0883829999925

______________________________	 Running Epoch 4 of 10 	______________________________
[Training] Itteration/Batch:   0/33: Loss: 2.67 | Accuracy: 0.85
[Training] Itteration/Batch:  25/33: Loss: 1.96 | Accuracy: 0.86

Epoch 4: Val Bin. F1 Majority 0.5454545617103577 | Val Macro F1 Majority 0.72495657209033 |             Val Bin F1 Individual 0.5662650465965271 | Val Macro F1 Individual 0.7461715444941985 |             Val Accuracy Majority 0.8421052694320679 | Val Accuracy Individual 0.8736842274665833 | Training Loss:1.9971038103103638 |             Val Loss 2.1357524394989014 | Train Runtime Millis 2850.4222779999964 | Val Runtime Millis 549.8596749999933

______________________________	 Running Epoch 5 of 10 	______________________________
[Training] Itteration/Batch:   0/33: Loss: 1.45 | Accuracy: 0.98
[Training] Itteration/Batch:  25/33: Loss: 2.22 | Accuracy: 0.92

Epoch 5: Val Bin. F1 Majority 0.5 | Val Macro F1 Majority 0.7103658536585366 |             Val Bin F1 Individual 0.5413534045219421 | Val Macro F1 Individual 0.7403887076181019 |             Val Accuracy Majority 0.8631578683853149 | Val Accuracy Individual 0.8929824829101562 | Training Loss:1.725247859954834 |             Val Loss 2.316054344177246 | Train Runtime Millis 2847.9857309999943 | Val Runtime Millis 549.7856770000169

______________________________	 Running Epoch 1 of 10 	______________________________
[Training] Itteration/Batch:   0/36: Loss: 3.47 | Accuracy: 0.36
[Training] Itteration/Batch:  25/36: Loss: 2.50 | Accuracy: 0.94

Epoch 1: Val Bin. F1 Majority 0.0 | Val Macro F1 Majority 0.4677871148459384 |             Val Bin F1 Individual 0.0 | Val Macro F1 Individual 0.4700139470013947 |             Val Accuracy Majority 0.878947377204895 | Val Accuracy Individual 0.8868421316146851 | Training Loss:3.803048849105835 |             Val Loss 3.247753381729126 | Train Runtime Millis 3140.7487909999927 | Val Runtime Millis 560.5989850000128

______________________________	 Running Epoch 2 of 10 	______________________________
[Training] Itteration/Batch:   0/36: Loss: 3.36 | Accuracy: 0.83
[Training] Itteration/Batch:  25/36: Loss: 2.91 | Accuracy: 0.75

Epoch 2: Val Bin. F1 Majority 0.5205479264259338 | Val Macro F1 Majority 0.7032707152737495 |             Val Bin F1 Individual 0.5144357085227966 | Val Macro F1 Individual 0.7085080004809825 |             Val Accuracy Majority 0.8157894611358643 | Val Accuracy Individual 0.8377193212509155 | Training Loss:2.621427059173584 |             Val Loss 2.4861671924591064 | Train Runtime Millis 3120.017385000011 | Val Runtime Millis 541.6659409999909

______________________________	 Running Epoch 3 of 10 	______________________________
[Training] Itteration/Batch:   0/36: Loss: 1.57 | Accuracy: 0.94
[Training] Itteration/Batch:  25/36: Loss: 2.22 | Accuracy: 0.91

Epoch 3: Val Bin. F1 Majority 0.5762711763381958 | Val Macro F1 Majority 0.7491947832514917 |             Val Bin F1 Individual 0.540145993232727 | Val Macro F1 Individual 0.738667210048686 |             Val Accuracy Majority 0.8684210777282715 | Val Accuracy Individual 0.8894736766815186 | Training Loss:1.8759297132492065 |             Val Loss 2.30899977684021 | Train Runtime Millis 3113.2357910000223 | Val Runtime Millis 541.9909539999992

______________________________	 Running Epoch 4 of 10 	______________________________
[Training] Itteration/Batch:   0/36: Loss: 1.33 | Accuracy: 0.94
[Training] Itteration/Batch:  25/36: Loss: 1.11 | Accuracy: 0.91

Epoch 4: Val Bin. F1 Majority 0.6440678238868713 | Val Macro F1 Majority 0.7893236179312529 |             Val Bin F1 Individual 0.6066666841506958 | Val Macro F1 Individual 0.7735353535353535 |             Val Accuracy Majority 0.8894736766815186 | Val Accuracy Individual 0.8964912295341492 | Training Loss:1.5656991004943848 |             Val Loss 2.086132049560547 | Train Runtime Millis 3111.14843499999 | Val Runtime Millis 541.3196490000018

______________________________	 Running Epoch 5 of 10 	______________________________
[Training] Itteration/Batch:   0/36: Loss: 0.99 | Accuracy: 0.96
[Training] Itteration/Batch:  25/36: Loss: 1.43 | Accuracy: 0.90

Epoch 5: Val Bin. F1 Majority 0.5757575631141663 | Val Macro F1 Majority 0.7432928006176414 |             Val Bin F1 Individual 0.5669782161712646 | Val Macro F1 Individual 0.7480118122444696 |             Val Accuracy Majority 0.8526315689086914 | Val Accuracy Individual 0.8780701756477356 | Training Loss:1.3185348510742188 |             Val Loss 2.2433042526245117 | Train Runtime Millis 3109.2319659999816 | Val Runtime Millis 541.4067160000116

______________________________	 Running Epoch 6 of 10 	______________________________
[Training] Itteration/Batch:   0/36: Loss: 0.53 | Accuracy: 1.00
[Training] Itteration/Batch:  25/36: Loss: 0.81 | Accuracy: 0.95

Epoch 6: Val Bin. F1 Majority 0.7234042286872864 | Val Macro F1 Majority 0.842182608140055 |             Val Bin F1 Individual 0.586345374584198 | Val Macro F1 Individual 0.7678157237517278 |             Val Accuracy Majority 0.9315789341926575 | Val Accuracy Individual 0.909649133682251 | Training Loss:1.06575345993042 |             Val Loss 2.518386125564575 | Train Runtime Millis 3112.39668799999 | Val Runtime Millis 542.2265279999863

