Device cuda
Split type sit
Training Size: 20432, NTA labels 19878, YTA labels 554
Validation Size: 6741, NTA labels 6566, YTA labels 175
Test Size: 6529, NTA labels 6338, YTA labels 191
Training with SBERT, model name is sbert
Tokenizing the dataset
Number of training steps 6390
Epoch 0 **** Loss 0.01526088546961546 **** Metrics validation: {'accuracy': 0.9427384661029521, 'f1_weighted': 0.9529500805883212, 'macro': 0.6391884066652689, 'micro': 0.9427384661029521, 'binary': 0.30824372759856633, 'accuracy_majority': 0.9515699840340607, 'macro_majority': 0.6453430127041743, 'binary_majority': 0.31578947368421056, 'run_time_millis': 4705.518059003225, 'loss_mean': 0.03663314878940582}
Epoch 1 **** Loss 0.027209199965000153 **** Metrics validation: {'accuracy': 0.89942145082332, 'f1_weighted': 0.9285251808836386, 'macro': 0.610028710309158, 'micro': 0.89942145082332, 'binary': 0.2740899357601713, 'accuracy_majority': 0.9010111761575306, 'macro_majority': 0.5860645252984651, 'binary_majority': 0.22499999999999998, 'run_time_millis': 4566.603893999854, 'loss_mean': 0.03184762969613075}
Epoch 2 **** Loss 0.06395044922828674 **** Metrics validation: {'accuracy': 0.9314641744548287, 'f1_weighted': 0.9474390019429216, 'macro': 0.6471592299535035, 'micro': 0.9314641744548287, 'binary': 0.3304347826086957, 'accuracy_majority': 0.9382650345928686, 'macro_majority': 0.6344554163200686, 'binary_majority': 0.3012048192771084, 'run_time_millis': 4850.466327003232, 'loss_mean': 0.03262172266840935}
Epoch 3 **** Loss 0.050368957221508026 **** Metrics validation: {'accuracy': 0.9209316125203976, 'f1_weighted': 0.9412893883842375, 'macro': 0.6351563400411762, 'micro': 0.9209316125203976, 'binary': 0.31225806451612903, 'accuracy_majority': 0.9238956891963811, 'macro_majority': 0.6132659743661708, 'binary_majority': 0.26666666666666666, 'run_time_millis': 3914.468737999414, 'loss_mean': 0.03327520936727524}
Epoch 4 **** Loss 0.04179111123085022 **** Metrics validation: {'accuracy': 0.9262720664589823, 'f1_weighted': 0.9445926096348354, 'macro': 0.6451384115865545, 'micro': 0.9262720664589823, 'binary': 0.3292847503373819, 'accuracy_majority': 0.9297498669505055, 'macro_majority': 0.6266842466495683, 'binary_majority': 0.2903225806451613, 'run_time_millis': 4894.06972100187, 'loss_mean': 0.03716154396533966}
Epoch 5 **** Loss 0.06477594375610352 **** Metrics validation: {'accuracy': 0.9339860554813826, 'f1_weighted': 0.9489030450446422, 'macro': 0.6500488748289905, 'micro': 0.9339860554813826, 'binary': 0.33482810164424515, 'accuracy_majority': 0.9393294305481639, 'macro_majority': 0.6365792581131154, 'binary_majority': 0.3048780487804878, 'run_time_millis': 4900.334848996863, 'loss_mean': 0.044008925557136536}
Epoch 6 **** Loss 0.012997249141335487 **** Metrics validation: {'accuracy': 0.9440735795875983, 'f1_weighted': 0.9547441597099022, 'macro': 0.6620588482865359, 'micro': 0.9440735795875983, 'binary': 0.35334476843910806, 'accuracy_majority': 0.9515699840340607, 'macro_majority': 0.6600893366544676, 'binary_majority': 0.3453237410071942, 'run_time_millis': 4873.6810330010485, 'loss_mean': 0.05513272434473038}
Epoch 7 **** Loss 0.009699089452624321 **** Metrics validation: {'accuracy': 0.936656282450675, 'f1_weighted': 0.9503656183203557, 'macro': 0.6513336540093322, 'micro': 0.936656282450675, 'binary': 0.33592534992223955, 'accuracy_majority': 0.9446514103246407, 'macro_majority': 0.6434743264150393, 'binary_majority': 0.3157894736842105, 'run_time_millis': 3921.091094001895, 'loss_mean': 0.054381463676691055}
Epoch 8 **** Loss 0.015424457378685474 **** Metrics validation: {'accuracy': 0.94971072541166, 'f1_weighted': 0.9581036327103536, 'macro': 0.6712636832667646, 'micro': 0.94971072541166, 'binary': 0.3687150837988827, 'accuracy_majority': 0.9595529536987759, 'macro_majority': 0.6830915901787775, 'binary_majority': 0.3870967741935483, 'run_time_millis': 3851.351686000271, 'loss_mean': 0.06576266884803772}
Epoch 9 **** Loss 0.0011283783242106438 **** Metrics validation: {'accuracy': 0.9486723038124907, 'f1_weighted': 0.957552133308008, 'macro': 0.670930970147148, 'micro': 0.9486723038124907, 'binary': 0.36861313868613144, 'accuracy_majority': 0.9584885577434806, 'macro_majority': 0.6797383050136354, 'binary_majority': 0.38095238095238093, 'run_time_millis': 4878.341387997352, 'loss_mean': 0.06418239325284958}
Evaluating
{'accuracy': 0.94971072541166, 'f1_weighted': 0.9581036327103536, 'macro': 0.6712636832667646, 'micro': 0.94971072541166, 'binary': 0.3687150837988827, 'accuracy_majority': 0.9595529536987759, 'macro_majority': 0.6830915901787775, 'binary_majority': 0.3870967741935483, 'run_time_millis': 4849.4312160000845, 'loss_mean': 0.06576266884803772}
