Device cuda
Split type sit
Training Size: 40210, NTA labels 34626, YTA labels 5584
Validation Size: 13457, NTA labels 11569, YTA labels 1888
Test Size: 13371, NTA labels 11486, YTA labels 1885
Training with SBERT, model name is sbert
Tokenizing the dataset
Number of training steps 12570
Epoch 0 **** Loss 0.4294952154159546 **** Metrics validation: {'accuracy': 0.8527903693245151, 'f1_weighted': 0.8508071042377598, 'macro': 0.6867046315464987, 'micro': 0.8527903693245151, 'binary': 0.4585952446023504, 'accuracy_majority': 0.8887295081967214, 'macro_majority': 0.7189259437578222, 'binary_majority': 0.5004599816007359, 'run_time_millis': 11129.0454530008, 'loss_mean': 0.16494090855121613}
Epoch 1 **** Loss 0.1565430462360382 **** Metrics validation: {'accuracy': 0.8391914988481831, 'f1_weighted': 0.8437571730031957, 'macro': 0.6858989890936289, 'micro': 0.8391914988481831, 'binary': 0.4664694280078895, 'accuracy_majority': 0.8725409836065574, 'macro_majority': 0.7090737893058432, 'binary_majority': 0.4909983633387888, 'run_time_millis': 11112.563462000253, 'loss_mean': 0.1654709279537201}
Epoch 2 **** Loss 0.07376780360937119 **** Metrics validation: {'accuracy': 0.835921825072453, 'f1_weighted': 0.841708079081972, 'macro': 0.6843577277725498, 'micro': 0.835921825072453, 'binary': 0.4656340755082285, 'accuracy_majority': 0.8682377049180328, 'macro_majority': 0.7052220721953404, 'binary_majority': 0.48601119104716217, 'run_time_millis': 11144.023984999876, 'loss_mean': 0.1685437113046646}
Epoch 3 **** Loss 0.18750911951065063 **** Metrics validation: {'accuracy': 0.7980233335810359, 'f1_weighted': 0.8168744889655009, 'macro': 0.6650458406485253, 'micro': 0.7980233335810359, 'binary': 0.4539975893933306, 'accuracy_majority': 0.8247950819672131, 'macro_majority': 0.6722943846365727, 'binary_majority': 0.448742746615087, 'run_time_millis': 11110.157479999543, 'loss_mean': 0.18193434178829193}
Epoch 4 **** Loss 0.17187738418579102 **** Metrics validation: {'accuracy': 0.8226201976666419, 'f1_weighted': 0.8312172882401884, 'macro': 0.6689786257791678, 'micro': 0.8226201976666419, 'binary': 0.44346001398927487, 'accuracy_majority': 0.8530737704918033, 'macro_majority': 0.6816475976037862, 'binary_majority': 0.44803695150115475, 'run_time_millis': 11133.248037000158, 'loss_mean': 0.21486012637615204}
Epoch 5 **** Loss 0.12326187640428543 **** Metrics validation: {'accuracy': 0.8164524039533329, 'f1_weighted': 0.8275190854688472, 'macro': 0.6671350379363705, 'micro': 0.8164524039533329, 'binary': 0.44419441944194427, 'accuracy_majority': 0.8477459016393443, 'macro_majority': 0.6812356155180224, 'binary_majority': 0.45084996304508496, 'run_time_millis': 11111.265403998914, 'loss_mean': 0.2338113784790039}
Epoch 6 **** Loss 0.04389352723956108 **** Metrics validation: {'accuracy': 0.803893884223824, 'f1_weighted': 0.8198903673107042, 'macro': 0.6636219992339267, 'micro': 0.803893884223824, 'binary': 0.4464023494860499, 'accuracy_majority': 0.8317622950819672, 'macro_majority': 0.6721475404805499, 'binary_majority': 0.4433898305084745, 'run_time_millis': 11116.612944000735, 'loss_mean': 0.24360229074954987}
Epoch 7 **** Loss 0.141334667801857 **** Metrics validation: {'accuracy': 0.8072378687671844, 'f1_weighted': 0.8219121359772367, 'macro': 0.6644159265975061, 'micro': 0.8072378687671844, 'binary': 0.44548952543822146, 'accuracy_majority': 0.8354508196721312, 'macro_majority': 0.6731110334202309, 'binary_majority': 0.4427480916030534, 'run_time_millis': 11116.513271999793, 'loss_mean': 0.26818838715553284}
Epoch 8 **** Loss 0.03070245496928692 **** Metrics validation: {'accuracy': 0.8101359887047633, 'f1_weighted': 0.8234720632245836, 'macro': 0.6642778123905758, 'micro': 0.8101359887047632, 'binary': 0.4429910616960977, 'accuracy_majority': 0.8379098360655738, 'macro_majority': 0.6715572145259575, 'binary_majority': 0.4378109452736318, 'run_time_millis': 11120.303767000223, 'loss_mean': 0.28936684131622314}
Epoch 9 **** Loss 0.16816411912441254 **** Metrics validation: {'accuracy': 0.8093928810284611, 'f1_weighted': 0.8230582164688569, 'macro': 0.6642417550061042, 'micro': 0.809392881028461, 'binary': 0.4434801475374268, 'accuracy_majority': 0.8362704918032787, 'macro_majority': 0.6701818832990709, 'binary_majority': 0.4361326746647848, 'run_time_millis': 11115.533400999993, 'loss_mean': 0.28866544365882874}
Evaluating
{'accuracy': 0.8527903693245151, 'f1_weighted': 0.8508071042377598, 'macro': 0.6867046315464987, 'micro': 0.8527903693245151, 'binary': 0.4585952446023504, 'accuracy_majority': 0.8887295081967214, 'macro_majority': 0.7189259437578222, 'binary_majority': 0.5004599816007359, 'run_time_millis': 11144.129423999402, 'loss_mean': 0.16494090855121613}
