Device cuda
DATASET: GE'disgust, MODEL: sbertbase, 
Split type sit
DATASET: GE'disgust, MODEL: sbertbase, PERCENTAGE: False, NUM_COMMENTS_PER_ANNO: 255
Training Size: 4506, NTA labels 4393, YTA labels 113
Validation Size: 1493, NTA labels 1448, YTA labels 45
Test Size: 1429, NTA labels 1381, YTA labels 48
Training with SBERT, model name is sbert
Tokenizing the dataset
Number of training steps 1410
Epoch 0 **** Loss 0.016100935637950897 **** Metrics validation: {'accuracy': 0.9068988613529806, 'f1_weighted': 0.9256619207549704, 'macro': 0.5327578559640485, 'micro': 0.9068988613529806, 'binary': 0.11464968152866244, 'accuracy_majority': 0.9028384279475983, 'macro_majority': 0.5336982571740709, 'binary_majority': 0.1188118811881188, 'run_time_millis': 807.7817849989515, 'loss_mean': 0.03883645310997963}
Epoch 1 **** Loss 0.07021214067935944 **** Metrics validation: {'accuracy': 0.9015405224380442, 'f1_weighted': 0.9246942710619047, 'macro': 0.567719443377552, 'micro': 0.9015405224380442, 'binary': 0.1878453038674033, 'accuracy_majority': 0.9017467248908297, 'macro_majority': 0.5790699099319895, 'binary_majority': 0.21052631578947364, 'run_time_millis': 2582.348459996865, 'loss_mean': 0.03509220480918884}
Epoch 2 **** Loss 0.019282279536128044 **** Metrics validation: {'accuracy': 0.7427997320830543, 'f1_weighted': 0.8274020543665543, 'macro': 0.5065991944645254, 'micro': 0.7427997320830543, 'binary': 0.16521739130434782, 'accuracy_majority': 0.7467248908296943, 'macro_majority': 0.5220926885434658, 'binary_majority': 0.19444444444444445, 'run_time_millis': 2583.5986910096835, 'loss_mean': 0.028369488194584846}
Epoch 3 **** Loss 0.007199862971901894 **** Metrics validation: {'accuracy': 0.9075686537173476, 'f1_weighted': 0.9294140737958917, 'macro': 0.5962714175980938, 'micro': 0.9075686537173476, 'binary': 0.24175824175824176, 'accuracy_majority': 0.9072052401746725, 'macro_majority': 0.6119707956442649, 'binary_majority': 0.2735042735042735, 'run_time_millis': 2579.9171490070876, 'loss_mean': 0.04388558492064476}
Epoch 4 **** Loss 0.01509164646267891 **** Metrics validation: {'accuracy': 0.8914936369725385, 'f1_weighted': 0.9199673933860034, 'macro': 0.5814192556903139, 'micro': 0.8914936369725385, 'binary': 0.22115384615384615, 'accuracy_majority': 0.8919213973799127, 'macro_majority': 0.5986847637044347, 'binary_majority': 0.25563909774436094, 'run_time_millis': 2574.7437230020296, 'loss_mean': 0.047233451157808304}
Epoch 5 **** Loss 0.008505899459123611 **** Metrics validation: {'accuracy': 0.9330207635632953, 'f1_weighted': 0.9428562192046689, 'macro': 0.5978776125834949, 'micro': 0.9330207635632953, 'binary': 0.23076923076923078, 'accuracy_majority': 0.9344978165938864, 'macro_majority': 0.6170034843205575, 'binary_majority': 0.2682926829268293, 'run_time_millis': 1561.0782860021573, 'loss_mean': 0.0761893019080162}
Epoch 6 **** Loss 0.006145036779344082 **** Metrics validation: {'accuracy': 0.9377093101138647, 'f1_weighted': 0.9449843137900142, 'macro': 0.593024653181817, 'micro': 0.9377093101138647, 'binary': 0.21848739495798322, 'accuracy_majority': 0.9388646288209607, 'macro_majority': 0.6156336170722935, 'binary_majority': 0.2631578947368421, 'run_time_millis': 1866.814725988661, 'loss_mean': 0.08529406040906906}
Epoch 7 **** Loss 0.0003248354187235236 **** Metrics validation: {'accuracy': 0.9403884795713329, 'f1_weighted': 0.9483694641169451, 'macro': 0.6284459979028312, 'micro': 0.9403884795713329, 'binary': 0.28800000000000003, 'accuracy_majority': 0.9410480349344978, 'macro_majority': 0.6470890410958904, 'binary_majority': 0.325, 'run_time_millis': 2567.820862008375, 'loss_mean': 0.08630917221307755}
Epoch 8 **** Loss 0.0056616333313286304 **** Metrics validation: {'accuracy': 0.9377093101138647, 'f1_weighted': 0.9457063854704671, 'macro': 0.6057095150064319, 'micro': 0.9377093101138647, 'binary': 0.2439024390243902, 'accuracy_majority': 0.9388646288209607, 'macro_majority': 0.6250621290530071, 'binary_majority': 0.2820512820512821, 'run_time_millis': 2571.106900999439, 'loss_mean': 0.09163801372051239}
Epoch 9 **** Loss 0.021321851760149002 **** Metrics validation: {'accuracy': 0.9410582719356999, 'f1_weighted': 0.9453429772200387, 'macro': 0.5696278825995807, 'micro': 0.9410582719356999, 'binary': 0.16981132075471697, 'accuracy_majority': 0.9388646288209607, 'macro_majority': 0.5723622782446312, 'binary_majority': 0.17647058823529413, 'run_time_millis': 2583.9440950076096, 'loss_mean': 0.10076046735048294}
Evaluating
{'accuracy': 0.9403884795713329, 'f1_weighted': 0.9483694641169451, 'macro': 0.6284459979028312, 'micro': 0.9403884795713329, 'binary': 0.28800000000000003, 'accuracy_majority': 0.9410480349344978, 'macro_majority': 0.6470890410958904, 'binary_majority': 0.325, 'run_time_millis': 2581.7458650126355, 'loss_mean': 0.08630917221307755}
Device cuda
DATASET: GE'disgust, MODEL: sbertbase, 
Split type sit
DATASET: GE'disgust, MODEL: sbertbase, PERCENTAGE: False, NUM_COMMENTS_PER_ANNO: 255
Training Size: 4506, NTA labels 4393, YTA labels 113
Validation Size: 1493, NTA labels 1448, YTA labels 45
Test Size: 1429, NTA labels 1381, YTA labels 48
Training with SBERT, model name is sbert
Tokenizing the dataset
Number of training steps 1410
Epoch 0 **** Loss 0.01576347090303898 **** Metrics validation: {'accuracy': 0.9363697253851306, 'f1_weighted': 0.9434122696543797, 'macro': 0.5774608026263655, 'micro': 0.9363697253851306, 'binary': 0.18803418803418803, 'accuracy_majority': 0.9323144104803494, 'macro_majority': 0.5744515046157536, 'binary_majority': 0.18421052631578946, 'run_time_millis': 2575.8506179990945, 'loss_mean': 0.038182154297828674}
Epoch 1 **** Loss 0.10785149782896042 **** Metrics validation: {'accuracy': 0.7883456128600134, 'f1_weighted': 0.8574121425221365, 'macro': 0.5278191455290803, 'micro': 0.7883456128600134, 'binary': 0.17708333333333334, 'accuracy_majority': 0.7936681222707423, 'macro_majority': 0.5484872115191521, 'binary_majority': 0.2157676348547718, 'run_time_millis': 1566.8122130009579, 'loss_mean': 0.030274396762251854}
Epoch 2 **** Loss 0.006348991766571999 **** Metrics validation: {'accuracy': 0.8854655056932351, 'f1_weighted': 0.9170257531646538, 'macro': 0.5890329590727998, 'micro': 0.8854655056932351, 'binary': 0.24, 'accuracy_majority': 0.8919213973799127, 'macro_majority': 0.6196635504611396, 'binary_majority': 0.29787234042553196, 'run_time_millis': 2578.2432190026157, 'loss_mean': 0.03451718017458916}
Epoch 3 **** Loss 0.029203565791249275 **** Metrics validation: {'accuracy': 0.8955123911587408, 'f1_weighted': 0.9231076159721077, 'macro': 0.6004734458624948, 'micro': 0.8955123911587408, 'binary': 0.2571428571428571, 'accuracy_majority': 0.898471615720524, 'macro_majority': 0.6281542591501342, 'binary_majority': 0.31111111111111106, 'run_time_millis': 1774.4859869999345, 'loss_mean': 0.04247642681002617}
Epoch 4 **** Loss 0.0024483585730195045 **** Metrics validation: {'accuracy': 0.9022103148024112, 'f1_weighted': 0.9267957904448932, 'macro': 0.601386145856192, 'micro': 0.9022103148024113, 'binary': 0.2551020408163266, 'accuracy_majority': 0.9039301310043668, 'macro_majority': 0.6250023260574257, 'binary_majority': 0.30158730158730157, 'run_time_millis': 2181.0724940005457, 'loss_mean': 0.054999493062496185}
Epoch 5 **** Loss 0.005710994824767113 **** Metrics validation: {'accuracy': 0.8888144675150703, 'f1_weighted': 0.9190519186603588, 'macro': 0.5927200420692827, 'micro': 0.8888144675150703, 'binary': 0.24545454545454545, 'accuracy_majority': 0.8930131004366813, 'macro_majority': 0.6210401891252956, 'binary_majority': 0.3, 'run_time_millis': 958.2040930108633, 'loss_mean': 0.050386346876621246}
Epoch 6 **** Loss 0.006637456361204386 **** Metrics validation: {'accuracy': 0.9370395177494977, 'f1_weighted': 0.9468906434236802, 'macro': 0.6327740679491742, 'micro': 0.9370395177494977, 'binary': 0.29850746268656714, 'accuracy_majority': 0.9410480349344978, 'macro_majority': 0.6631252043151357, 'binary_majority': 0.35714285714285715, 'run_time_millis': 2595.819144989946, 'loss_mean': 0.08475077897310257}
Epoch 7 **** Loss 0.0012235698522999883 **** Metrics validation: {'accuracy': 0.9256530475552579, 'f1_weighted': 0.9406364978690772, 'macro': 0.6268785756259667, 'micro': 0.9256530475552579, 'binary': 0.2929936305732484, 'accuracy_majority': 0.9290393013100436, 'macro_majority': 0.6529635652543904, 'binary_majority': 0.3434343434343434, 'run_time_millis': 2582.3677750013303, 'loss_mean': 0.07853729277849197}
Epoch 8 **** Loss 0.0025367937050759792 **** Metrics validation: {'accuracy': 0.9336905559276625, 'f1_weighted': 0.9450883517064351, 'macro': 0.6315372246943125, 'micro': 0.9336905559276625, 'binary': 0.2978723404255319, 'accuracy_majority': 0.9388646288209607, 'macro_majority': 0.6583819494392499, 'binary_majority': 0.3488372093023256, 'run_time_millis': 2596.726852993015, 'loss_mean': 0.09045077115297318}
Epoch 9 **** Loss 0.0035892834421247244 **** Metrics validation: {'accuracy': 0.9370395177494977, 'f1_weighted': 0.9468906434236802, 'macro': 0.6327740679491742, 'micro': 0.9370395177494977, 'binary': 0.29850746268656714, 'accuracy_majority': 0.9410480349344978, 'macro_majority': 0.6553031358885018, 'binary_majority': 0.34146341463414637, 'run_time_millis': 2589.054354990367, 'loss_mean': 0.09602700918912888}
Evaluating
{'accuracy': 0.9370395177494977, 'f1_weighted': 0.9468906434236802, 'macro': 0.6327740679491742, 'micro': 0.9370395177494977, 'binary': 0.29850746268656714, 'accuracy_majority': 0.9410480349344978, 'macro_majority': 0.6631252043151357, 'binary_majority': 0.35714285714285715, 'run_time_millis': 2588.5373999917647, 'loss_mean': 0.08475077897310257}
Device cuda
DATASET: GE'disgust, MODEL: sbertbase, 
Split type sit
DATASET: GE'disgust, MODEL: sbertbase, PERCENTAGE: False, NUM_COMMENTS_PER_ANNO: 255
Training Size: 4506, NTA labels 4393, YTA labels 113
Validation Size: 1493, NTA labels 1448, YTA labels 45
Test Size: 1429, NTA labels 1381, YTA labels 48
Training with SBERT, model name is sbert
Tokenizing the dataset
Number of training steps 1410
Epoch 0 **** Loss 0.04948883503675461 **** Metrics validation: {'accuracy': 0.8097789685197588, 'f1_weighted': 0.8704340395727178, 'macro': 0.5187850119392415, 'micro': 0.8097789685197588, 'binary': 0.14457831325301204, 'accuracy_majority': 0.8034934497816594, 'macro_majority': 0.5276402640264026, 'binary_majority': 0.16666666666666669, 'run_time_millis': 1560.7264910067897, 'loss_mean': 0.038130488246679306}
Epoch 1 **** Loss 0.07330472767353058 **** Metrics validation: {'accuracy': 0.8559946416610851, 'f1_weighted': 0.8992848133437799, 'macro': 0.5637261897480853, 'micro': 0.8559946416610851, 'binary': 0.2066420664206642, 'accuracy_majority': 0.8580786026200873, 'macro_majority': 0.587232921536819, 'binary_majority': 0.2528735632183908, 'run_time_millis': 2578.5984249960165, 'loss_mean': 0.031858380883932114}
Epoch 2 **** Loss 0.005553849972784519 **** Metrics validation: {'accuracy': 0.9156061620897522, 'f1_weighted': 0.934493679052517, 'macro': 0.6113328705310657, 'micro': 0.9156061620897522, 'binary': 0.2674418604651163, 'accuracy_majority': 0.915938864628821, 'macro_majority': 0.6307824384523979, 'binary_majority': 0.3063063063063063, 'run_time_millis': 2573.560610995628, 'loss_mean': 0.03749525174498558}
Epoch 3 **** Loss 0.007160792127251625 **** Metrics validation: {'accuracy': 0.8787675820495646, 'f1_weighted': 0.9129741071171825, 'macro': 0.581996488704301, 'micro': 0.8787675820495646, 'binary': 0.22978723404255316, 'accuracy_majority': 0.8831877729257642, 'macro_majority': 0.6091511243504927, 'binary_majority': 0.28187919463087246, 'run_time_millis': 2571.3866430014605, 'loss_mean': 0.03997115045785904}
Epoch 4 **** Loss 0.003620418254286051 **** Metrics validation: {'accuracy': 0.9223040857334226, 'f1_weighted': 0.9378337651451997, 'macro': 0.6077104285584851, 'micro': 0.9223040857334226, 'binary': 0.2564102564102564, 'accuracy_majority': 0.9224890829694323, 'macro_majority': 0.6280064748242589, 'binary_majority': 0.297029702970297, 'run_time_millis': 2579.534271993907, 'loss_mean': 0.0637555867433548}
Epoch 5 **** Loss 0.003246189095079899 **** Metrics validation: {'accuracy': 0.9330207635632953, 'f1_weighted': 0.9410426138448372, 'macro': 0.5658874156780647, 'micro': 0.9330207635632953, 'binary': 0.16666666666666669, 'accuracy_majority': 0.9290393013100436, 'macro_majority': 0.5594035594035595, 'binary_majority': 0.15584415584415587, 'run_time_millis': 2578.75828500255, 'loss_mean': 0.0924278199672699}
Epoch 6 **** Loss 0.0060776290483772755 **** Metrics validation: {'accuracy': 0.9216342933690556, 'f1_weighted': 0.9354261519382419, 'macro': 0.5703322354746907, 'micro': 0.9216342933690556, 'binary': 0.1818181818181818, 'accuracy_majority': 0.9235807860262009, 'macro_majority': 0.5822039199332778, 'binary_majority': 0.20454545454545459, 'run_time_millis': 2574.860572000034, 'loss_mean': 0.09625456482172012}
Epoch 7 **** Loss 0.01389092206954956 **** Metrics validation: {'accuracy': 0.9202947086403215, 'f1_weighted': 0.9349476341547124, 'macro': 0.5742800114057599, 'micro': 0.9202947086403215, 'binary': 0.1904761904761905, 'accuracy_majority': 0.9203056768558951, 'macro_majority': 0.5865378075398666, 'binary_majority': 0.21505376344086022, 'run_time_millis': 2572.52842199523, 'loss_mean': 0.09000243246555328}
Epoch 8 **** Loss 0.0095512168481946 **** Metrics validation: {'accuracy': 0.9383791024782318, 'f1_weighted': 0.9441953059667318, 'macro': 0.5732801471319217, 'micro': 0.9383791024782318, 'binary': 0.17857142857142855, 'accuracy_majority': 0.9344978165938864, 'macro_majority': 0.5775297481782123, 'binary_majority': 0.18918918918918917, 'run_time_millis': 2579.9053450027714, 'loss_mean': 0.10919627547264099}
Epoch 9 **** Loss 0.0045013427734375 **** Metrics validation: {'accuracy': 0.9370395177494977, 'f1_weighted': 0.9434038708519344, 'macro': 0.5713543957386502, 'micro': 0.9370395177494977, 'binary': 0.17543859649122806, 'accuracy_majority': 0.9334061135371179, 'macro_majority': 0.575974198444318, 'binary_majority': 0.18666666666666668, 'run_time_millis': 1562.77470299392, 'loss_mean': 0.11310463398694992}
Evaluating
{'accuracy': 0.9383791024782318, 'f1_weighted': 0.9441953059667318, 'macro': 0.5732801471319217, 'micro': 0.9383791024782318, 'binary': 0.17857142857142855, 'accuracy_majority': 0.9344978165938864, 'macro_majority': 0.5775297481782123, 'binary_majority': 0.18918918918918917, 'run_time_millis': 1563.1675270124106, 'loss_mean': 0.10919627547264099}
Device cuda
DATASET: GE'disgust, MODEL: sbertbase, 
Split type sit
DATASET: GE'disgust, MODEL: sbertbase, PERCENTAGE: False, NUM_COMMENTS_PER_ANNO: 255
Training Size: 4506, NTA labels 4393, YTA labels 113
Validation Size: 1493, NTA labels 1448, YTA labels 45
Test Size: 1429, NTA labels 1381, YTA labels 48
Training with SBERT, model name is sbert
Tokenizing the dataset
Number of training steps 1410
Epoch 0 **** Loss 0.04131900519132614 **** Metrics validation: {'accuracy': 0.7561955793703952, 'f1_weighted': 0.8361956361926531, 'macro': 0.4854453870625663, 'micro': 0.7561955793703952, 'binary': 0.11219512195121954, 'accuracy_majority': 0.7521834061135371, 'macro_majority': 0.49288712316873595, 'binary_majority': 0.1302681992337165, 'run_time_millis': 1529.2973869945854, 'loss_mean': 0.03838936239480972}
Epoch 1 **** Loss 0.04262998327612877 **** Metrics validation: {'accuracy': 0.8111185532484929, 'f1_weighted': 0.8717714838910651, 'macro': 0.5367476189637872, 'micro': 0.811118553248493, 'binary': 0.18023255813953487, 'accuracy_majority': 0.8133187772925764, 'macro_majority': 0.55304960693955, 'binary_majority': 0.2119815668202765, 'run_time_millis': 2546.9286009902135, 'loss_mean': 0.03197138383984566}
Epoch 2 **** Loss 0.01269514486193657 **** Metrics validation: {'accuracy': 0.8680509042196919, 'f1_weighted': 0.9067543049635746, 'macro': 0.5776581156080155, 'micro': 0.8680509042196919, 'binary': 0.22745098039215686, 'accuracy_majority': 0.87117903930131, 'macro_majority': 0.6048721998011347, 'binary_majority': 0.28048780487804875, 'run_time_millis': 2545.8487430005334, 'loss_mean': 0.03084362857043743}
Epoch 3 **** Loss 0.010178105905652046 **** Metrics validation: {'accuracy': 0.8780977896851976, 'f1_weighted': 0.9127174925460578, 'macro': 0.5845320661015497, 'micro': 0.8780977896851975, 'binary': 0.23529411764705882, 'accuracy_majority': 0.881004366812227, 'macro_majority': 0.6113310521746915, 'binary_majority': 0.2875816993464052, 'run_time_millis': 2549.519773994689, 'loss_mean': 0.03851764649152756}
Epoch 4 **** Loss 0.005950917489826679 **** Metrics validation: {'accuracy': 0.8935030140656397, 'f1_weighted': 0.921717053521017, 'macro': 0.5945741001665172, 'micro': 0.8935030140656397, 'binary': 0.24644549763033177, 'accuracy_majority': 0.898471615720524, 'macro_majority': 0.6230068992374993, 'binary_majority': 0.30075187969924816, 'run_time_millis': 1541.4396609994583, 'loss_mean': 0.04838280379772186}
Epoch 5 **** Loss 0.020826248452067375 **** Metrics validation: {'accuracy': 0.9075686537173476, 'f1_weighted': 0.9287368823299845, 'macro': 0.5833993853121967, 'micro': 0.9075686537173476, 'binary': 0.2159090909090909, 'accuracy_majority': 0.9104803493449781, 'macro_majority': 0.6034632034632035, 'binary_majority': 0.2545454545454545, 'run_time_millis': 2545.7185210107127, 'loss_mean': 0.06421048939228058}
Epoch 6 **** Loss 0.008857554756104946 **** Metrics validation: {'accuracy': 0.9156061620897522, 'f1_weighted': 0.9337880114893169, 'macro': 0.5981415021789285, 'micro': 0.9156061620897522, 'binary': 0.24096385542168675, 'accuracy_majority': 0.915938864628821, 'macro_majority': 0.6110403397027601, 'binary_majority': 0.26666666666666666, 'run_time_millis': 2545.251236995682, 'loss_mean': 0.06818842142820358}
Epoch 7 **** Loss 0.010287001729011536 **** Metrics validation: {'accuracy': 0.9263228399196249, 'f1_weighted': 0.9375020828336489, 'macro': 0.5640621350151834, 'micro': 0.9263228399196249, 'binary': 0.16666666666666669, 'accuracy_majority': 0.9246724890829694, 'macro_majority': 0.5646117919361838, 'binary_majority': 0.16867469879518074, 'run_time_millis': 2551.8032539985143, 'loss_mean': 0.09141883254051208}
Epoch 8 **** Loss 0.0009524663328193128 **** Metrics validation: {'accuracy': 0.9290020093770931, 'f1_weighted': 0.9390687785710503, 'macro': 0.5673930633310007, 'micro': 0.9290020093770931, 'binary': 0.17187500000000003, 'accuracy_majority': 0.9279475982532751, 'macro_majority': 0.5686643835616438, 'binary_majority': 0.17500000000000002, 'run_time_millis': 2544.933184995898, 'loss_mean': 0.09858676046133041}
Epoch 9 **** Loss 0.0033145551569759846 **** Metrics validation: {'accuracy': 0.9236436704621568, 'f1_weighted': 0.9359406642764272, 'macro': 0.5608823529411765, 'micro': 0.9236436704621567, 'binary': 0.16176470588235295, 'accuracy_majority': 0.9213973799126638, 'macro_majority': 0.5607767921361784, 'binary_majority': 0.1627906976744186, 'run_time_millis': 2537.964874994941, 'loss_mean': 0.09555090218782425}
Evaluating
{'accuracy': 0.9290020093770931, 'f1_weighted': 0.9390687785710503, 'macro': 0.5673930633310007, 'micro': 0.9290020093770931, 'binary': 0.17187500000000003, 'accuracy_majority': 0.9279475982532751, 'macro_majority': 0.5686643835616438, 'binary_majority': 0.17500000000000002, 'run_time_millis': 518.3880600088742, 'loss_mean': 0.09858676046133041}
