______________________________	 Running Epoch 1 of 10 	______________________________
[Training] Itteration/Batch:   0/363: Loss: 2.65 | Accuracy: 0.60
[Training] Itteration/Batch:  25/363: Loss: 2.68 | Accuracy: 0.52
[Training] Itteration/Batch:  50/363: Loss: 2.07 | Accuracy: 0.73
[Training] Itteration/Batch:  75/363: Loss: 2.52 | Accuracy: 0.75
[Training] Itteration/Batch: 100/363: Loss: 2.86 | Accuracy: 0.71
[Training] Itteration/Batch: 125/363: Loss: 2.71 | Accuracy: 0.77
[Training] Itteration/Batch: 150/363: Loss: 2.32 | Accuracy: 0.80
[Training] Itteration/Batch: 175/363: Loss: 2.21 | Accuracy: 0.88
[Training] Itteration/Batch: 200/363: Loss: 2.23 | Accuracy: 0.93
[Training] Itteration/Batch: 225/363: Loss: 2.47 | Accuracy: 0.86
[Training] Itteration/Batch: 250/363: Loss: 2.86 | Accuracy: 0.87
[Training] Itteration/Batch: 275/363: Loss: 1.90 | Accuracy: 0.93
[Training] Itteration/Batch: 300/363: Loss: 2.66 | Accuracy: 0.78
[Training] Itteration/Batch: 325/363: Loss: 2.84 | Accuracy: 0.86
[Training] Itteration/Batch: 350/363: Loss: 1.69 | Accuracy: 0.95

Epoch 1: Val Bin. F1 Majority 0.0 | Val Macro F1 Majority 0.49281532730175626 |             Val Bin F1 Individual 0.08408408612012863 | Val Macro F1 Individual 0.5187809072037259 |             Val Accuracy Majority 0.9716684222221375 | Val Accuracy Individual 0.9114530682563782 | Training Loss:2.4289298057556152 |             Val Loss 2.3822624683380127 | Train Runtime Millis 25686.395949000143 | Val Runtime Millis 5894.175156000074

______________________________	 Running Epoch 2 of 10 	______________________________
[Training] Itteration/Batch:   0/363: Loss: 2.21 | Accuracy: 0.92
[Training] Itteration/Batch:  25/363: Loss: 2.39 | Accuracy: 0.93
[Training] Itteration/Batch:  50/363: Loss: 1.80 | Accuracy: 0.90
[Training] Itteration/Batch:  75/363: Loss: 2.37 | Accuracy: 0.83
[Training] Itteration/Batch: 100/363: Loss: 2.19 | Accuracy: 0.93
[Training] Itteration/Batch: 125/363: Loss: 1.83 | Accuracy: 0.98
[Training] Itteration/Batch: 150/363: Loss: 1.69 | Accuracy: 0.96
[Training] Itteration/Batch: 175/363: Loss: 2.01 | Accuracy: 0.93
[Training] Itteration/Batch: 200/363: Loss: 1.61 | Accuracy: 0.95
[Training] Itteration/Batch: 225/363: Loss: 3.07 | Accuracy: 0.88
[Training] Itteration/Batch: 250/363: Loss: 2.02 | Accuracy: 0.92
[Training] Itteration/Batch: 275/363: Loss: 2.02 | Accuracy: 0.94
[Training] Itteration/Batch: 300/363: Loss: 2.89 | Accuracy: 0.91
[Training] Itteration/Batch: 325/363: Loss: 1.82 | Accuracy: 0.96
[Training] Itteration/Batch: 350/363: Loss: 2.63 | Accuracy: 0.95

Epoch 2: Val Bin. F1 Majority 0.0 | Val Macro F1 Majority 0.49281532730175626 |             Val Bin F1 Individual 0.006329114083200693 | Val Macro F1 Individual 0.4915020996748466 |             Val Accuracy Majority 0.9716684222221375 | Val Accuracy Individual 0.9544200897216797 | Training Loss:2.3053057193756104 |             Val Loss 2.2876439094543457 | Train Runtime Millis 25943.35604700018 | Val Runtime Millis 5889.5323980000285

______________________________	 Running Epoch 3 of 10 	______________________________
[Training] Itteration/Batch:   0/363: Loss: 2.60 | Accuracy: 0.95
[Training] Itteration/Batch:  25/363: Loss: 2.44 | Accuracy: 0.95
[Training] Itteration/Batch:  50/363: Loss: 1.48 | Accuracy: 1.00
[Training] Itteration/Batch:  75/363: Loss: 1.96 | Accuracy: 0.96
[Training] Itteration/Batch: 100/363: Loss: 3.92 | Accuracy: 0.84
[Training] Itteration/Batch: 125/363: Loss: 4.19 | Accuracy: 0.92
[Training] Itteration/Batch: 150/363: Loss: 3.07 | Accuracy: 0.94
[Training] Itteration/Batch: 175/363: Loss: 1.97 | Accuracy: 0.97
[Training] Itteration/Batch: 200/363: Loss: 2.14 | Accuracy: 0.97
[Training] Itteration/Batch: 225/363: Loss: 2.17 | Accuracy: 0.97
[Training] Itteration/Batch: 250/363: Loss: 1.68 | Accuracy: 0.96
[Training] Itteration/Batch: 275/363: Loss: 2.21 | Accuracy: 0.93
[Training] Itteration/Batch: 300/363: Loss: 1.64 | Accuracy: 0.98
[Training] Itteration/Batch: 325/363: Loss: 2.18 | Accuracy: 0.97
[Training] Itteration/Batch: 350/363: Loss: 2.13 | Accuracy: 0.97

Epoch 3: Val Bin. F1 Majority 0.0 | Val Macro F1 Majority 0.49281532730175626 |             Val Bin F1 Individual 0.006369426846504211 | Val Macro F1 Individual 0.49159826061287276 |             Val Accuracy Majority 0.9716684222221375 | Val Accuracy Individual 0.9547104239463806 | Training Loss:2.2080588340759277 |             Val Loss 2.216843366622925 | Train Runtime Millis 25919.438981999974 | Val Runtime Millis 5899.737505000303

______________________________	 Running Epoch 4 of 10 	______________________________
[Training] Itteration/Batch:   0/363: Loss: 2.06 | Accuracy: 0.97
[Training] Itteration/Batch:  25/363: Loss: 2.28 | Accuracy: 0.94
[Training] Itteration/Batch:  50/363: Loss: 1.70 | Accuracy: 0.98
[Training] Itteration/Batch:  75/363: Loss: 1.45 | Accuracy: 0.98
[Training] Itteration/Batch: 100/363: Loss: 2.46 | Accuracy: 0.92
[Training] Itteration/Batch: 125/363: Loss: 1.41 | Accuracy: 1.00
[Training] Itteration/Batch: 150/363: Loss: 2.56 | Accuracy: 0.97
[Training] Itteration/Batch: 175/363: Loss: 1.82 | Accuracy: 0.98
[Training] Itteration/Batch: 200/363: Loss: 3.30 | Accuracy: 0.93
[Training] Itteration/Batch: 225/363: Loss: 2.35 | Accuracy: 0.91
[Training] Itteration/Batch: 250/363: Loss: 2.14 | Accuracy: 0.94
[Training] Itteration/Batch: 275/363: Loss: 2.44 | Accuracy: 0.95
[Training] Itteration/Batch: 300/363: Loss: 2.31 | Accuracy: 0.95
[Training] Itteration/Batch: 325/363: Loss: 1.55 | Accuracy: 0.97
[Training] Itteration/Batch: 350/363: Loss: 2.01 | Accuracy: 0.97

Epoch 4: Val Bin. F1 Majority 0.0 | Val Macro F1 Majority 0.49281532730175626 |             Val Bin F1 Individual 0.006849315017461777 | Val Macro F1 Individual 0.49267276668447646 |             Val Accuracy Majority 0.9716684222221375 | Val Accuracy Individual 0.9579039216041565 | Training Loss:2.1352341175079346 |             Val Loss 2.1591928005218506 | Train Runtime Millis 26125.908611999876 | Val Runtime Millis 5918.145504000222

______________________________	 Running Epoch 5 of 10 	______________________________
[Training] Itteration/Batch:   0/363: Loss: 1.82 | Accuracy: 0.97
[Training] Itteration/Batch:  25/363: Loss: 1.92 | Accuracy: 0.94
[Training] Itteration/Batch:  50/363: Loss: 2.00 | Accuracy: 0.97
[Training] Itteration/Batch:  75/363: Loss: 1.36 | Accuracy: 1.00
[Training] Itteration/Batch: 100/363: Loss: 2.42 | Accuracy: 0.95
[Training] Itteration/Batch: 125/363: Loss: 2.05 | Accuracy: 0.92
[Training] Itteration/Batch: 150/363: Loss: 3.38 | Accuracy: 0.91
[Training] Itteration/Batch: 175/363: Loss: 1.37 | Accuracy: 1.00
[Training] Itteration/Batch: 200/363: Loss: 1.76 | Accuracy: 0.96
[Training] Itteration/Batch: 225/363: Loss: 1.76 | Accuracy: 0.96
[Training] Itteration/Batch: 250/363: Loss: 2.73 | Accuracy: 0.89
[Training] Itteration/Batch: 275/363: Loss: 1.96 | Accuracy: 0.96
[Training] Itteration/Batch: 300/363: Loss: 3.05 | Accuracy: 0.93
[Training] Itteration/Batch: 325/363: Loss: 1.40 | Accuracy: 1.00
[Training] Itteration/Batch: 350/363: Loss: 3.07 | Accuracy: 0.93

Epoch 5: Val Bin. F1 Majority 0.0 | Val Macro F1 Majority 0.49281532730175626 |             Val Bin F1 Individual 0.0 | Val Macro F1 Individual 0.48921183361755766 |             Val Accuracy Majority 0.9716684222221375 | Val Accuracy Individual 0.9577587246894836 | Training Loss:2.08005952835083 |             Val Loss 2.117432117462158 | Train Runtime Millis 25931.007702999977 | Val Runtime Millis 5871.104032999938

______________________________	 Running Epoch 6 of 10 	______________________________
[Training] Itteration/Batch:   0/363: Loss: 1.22 | Accuracy: 1.00
[Training] Itteration/Batch:  25/363: Loss: 2.67 | Accuracy: 0.93
[Training] Itteration/Batch:  50/363: Loss: 1.49 | Accuracy: 0.98
[Training] Itteration/Batch:  75/363: Loss: 2.87 | Accuracy: 0.95
[Training] Itteration/Batch: 100/363: Loss: 2.61 | Accuracy: 0.93
[Training] Itteration/Batch: 125/363: Loss: 1.15 | Accuracy: 1.00
[Training] Itteration/Batch: 150/363: Loss: 2.19 | Accuracy: 0.95
[Training] Itteration/Batch: 175/363: Loss: 1.10 | Accuracy: 1.00
[Training] Itteration/Batch: 200/363: Loss: 2.62 | Accuracy: 0.94
[Training] Itteration/Batch: 225/363: Loss: 1.85 | Accuracy: 0.97
[Training] Itteration/Batch: 250/363: Loss: 1.77 | Accuracy: 0.98
[Training] Itteration/Batch: 275/363: Loss: 1.23 | Accuracy: 1.00
[Training] Itteration/Batch: 300/363: Loss: 1.17 | Accuracy: 1.00
[Training] Itteration/Batch: 325/363: Loss: 2.08 | Accuracy: 0.96
[Training] Itteration/Batch: 350/363: Loss: 1.20 | Accuracy: 1.00

Epoch 6: Val Bin. F1 Majority 0.0 | Val Macro F1 Majority 0.49281532730175626 |             Val Bin F1 Individual 0.0 | Val Macro F1 Individual 0.48959027932133065 |             Val Accuracy Majority 0.9716684222221375 | Val Accuracy Individual 0.9592103362083435 | Training Loss:2.0329854488372803 |             Val Loss 2.0827419757843018 | Train Runtime Millis 26190.801435999674 | Val Runtime Millis 5926.3402349997705

______________________________	 Running Epoch 7 of 10 	______________________________
[Training] Itteration/Batch:   0/363: Loss: 2.27 | Accuracy: 0.95
[Training] Itteration/Batch:  25/363: Loss: 1.60 | Accuracy: 0.98
[Training] Itteration/Batch:  50/363: Loss: 1.16 | Accuracy: 1.00
[Training] Itteration/Batch:  75/363: Loss: 2.37 | Accuracy: 0.90
[Training] Itteration/Batch: 100/363: Loss: 1.19 | Accuracy: 1.00
[Training] Itteration/Batch: 125/363: Loss: 1.16 | Accuracy: 0.98
[Training] Itteration/Batch: 150/363: Loss: 1.90 | Accuracy: 0.94
[Training] Itteration/Batch: 175/363: Loss: 1.97 | Accuracy: 0.97
[Training] Itteration/Batch: 200/363: Loss: 2.80 | Accuracy: 0.92
[Training] Itteration/Batch: 225/363: Loss: 1.12 | Accuracy: 1.00
[Training] Itteration/Batch: 250/363: Loss: 1.33 | Accuracy: 0.98
[Training] Itteration/Batch: 275/363: Loss: 1.12 | Accuracy: 1.00
[Training] Itteration/Batch: 300/363: Loss: 1.50 | Accuracy: 0.98
[Training] Itteration/Batch: 325/363: Loss: 2.78 | Accuracy: 0.91
[Training] Itteration/Batch: 350/363: Loss: 1.39 | Accuracy: 0.98

Epoch 7: Val Bin. F1 Majority 0.0 | Val Macro F1 Majority 0.49281532730175626 |             Val Bin F1 Individual 0.0 | Val Macro F1 Individual 0.48959027932133065 |             Val Accuracy Majority 0.9716684222221375 | Val Accuracy Individual 0.9592103362083435 | Training Loss:1.998321294784546 |             Val Loss 2.0589303970336914 | Train Runtime Millis 25943.352615000094 | Val Runtime Millis 5907.5910539995675

______________________________	 Running Epoch 8 of 10 	______________________________
[Training] Itteration/Batch:   0/363: Loss: 2.12 | Accuracy: 0.97
[Training] Itteration/Batch:  25/363: Loss: 2.02 | Accuracy: 0.95
[Training] Itteration/Batch:  50/363: Loss: 2.57 | Accuracy: 0.93
[Training] Itteration/Batch:  75/363: Loss: 1.41 | Accuracy: 0.98
[Training] Itteration/Batch: 100/363: Loss: 1.18 | Accuracy: 0.98
[Training] Itteration/Batch: 125/363: Loss: 2.66 | Accuracy: 0.93
[Training] Itteration/Batch: 150/363: Loss: 2.60 | Accuracy: 0.94
[Training] Itteration/Batch: 175/363: Loss: 2.21 | Accuracy: 0.97
[Training] Itteration/Batch: 200/363: Loss: 1.41 | Accuracy: 0.98
[Training] Itteration/Batch: 225/363: Loss: 3.08 | Accuracy: 0.88
[Training] Itteration/Batch: 250/363: Loss: 4.17 | Accuracy: 0.88
[Training] Itteration/Batch: 275/363: Loss: 1.14 | Accuracy: 1.00
[Training] Itteration/Batch: 300/363: Loss: 1.16 | Accuracy: 1.00
[Training] Itteration/Batch: 325/363: Loss: 1.90 | Accuracy: 0.97
[Training] Itteration/Batch: 350/363: Loss: 1.44 | Accuracy: 0.96

Epoch 8: Val Bin. F1 Majority 0.0 | Val Macro F1 Majority 0.49281532730175626 |             Val Bin F1 Individual 0.0 | Val Macro F1 Individual 0.48959027932133065 |             Val Accuracy Majority 0.9716684222221375 | Val Accuracy Individual 0.9592103362083435 | Training Loss:1.9659104347229004 |             Val Loss 2.022664785385132 | Train Runtime Millis 26168.564842999785 | Val Runtime Millis 5904.257482000048

______________________________	 Running Epoch 9 of 10 	______________________________
[Training] Itteration/Batch:   0/363: Loss: 1.48 | Accuracy: 0.98
[Training] Itteration/Batch:  25/363: Loss: 1.15 | Accuracy: 1.00
[Training] Itteration/Batch:  50/363: Loss: 2.72 | Accuracy: 0.95
[Training] Itteration/Batch:  75/363: Loss: 2.25 | Accuracy: 0.93
[Training] Itteration/Batch: 100/363: Loss: 1.73 | Accuracy: 0.97
[Training] Itteration/Batch: 125/363: Loss: 1.68 | Accuracy: 0.98
[Training] Itteration/Batch: 150/363: Loss: 1.46 | Accuracy: 0.98
[Training] Itteration/Batch: 175/363: Loss: 1.25 | Accuracy: 0.98
[Training] Itteration/Batch: 200/363: Loss: 2.01 | Accuracy: 0.97
[Training] Itteration/Batch: 225/363: Loss: 1.14 | Accuracy: 1.00
[Training] Itteration/Batch: 250/363: Loss: 1.18 | Accuracy: 1.00
[Training] Itteration/Batch: 275/363: Loss: 1.41 | Accuracy: 0.98
[Training] Itteration/Batch: 300/363: Loss: 2.04 | Accuracy: 0.95
[Training] Itteration/Batch: 325/363: Loss: 1.81 | Accuracy: 0.96
[Training] Itteration/Batch: 350/363: Loss: 1.29 | Accuracy: 0.98

Epoch 9: Val Bin. F1 Majority 0.0 | Val Macro F1 Majority 0.49281532730175626 |             Val Bin F1 Individual 0.0 | Val Macro F1 Individual 0.48959027932133065 |             Val Accuracy Majority 0.9716684222221375 | Val Accuracy Individual 0.9592103362083435 | Training Loss:1.9291815757751465 |             Val Loss 1.9929391145706177 | Train Runtime Millis 26036.256110000068 | Val Runtime Millis 5898.368269999992

______________________________	 Running Epoch 10 of 10 	______________________________
[Training] Itteration/Batch:   0/363: Loss: 2.11 | Accuracy: 0.93
[Training] Itteration/Batch:  25/363: Loss: 1.06 | Accuracy: 1.00
[Training] Itteration/Batch:  50/363: Loss: 1.39 | Accuracy: 0.98
[Training] Itteration/Batch:  75/363: Loss: 1.03 | Accuracy: 1.00
[Training] Itteration/Batch: 100/363: Loss: 1.73 | Accuracy: 0.97
[Training] Itteration/Batch: 125/363: Loss: 1.32 | Accuracy: 0.98
[Training] Itteration/Batch: 150/363: Loss: 1.81 | Accuracy: 0.97
[Training] Itteration/Batch: 175/363: Loss: 3.18 | Accuracy: 0.97
[Training] Itteration/Batch: 200/363: Loss: 1.06 | Accuracy: 1.00
[Training] Itteration/Batch: 225/363: Loss: 3.82 | Accuracy: 0.93
[Training] Itteration/Batch: 250/363: Loss: 1.79 | Accuracy: 0.95
[Training] Itteration/Batch: 275/363: Loss: 2.82 | Accuracy: 0.95
[Training] Itteration/Batch: 300/363: Loss: 1.46 | Accuracy: 0.96
[Training] Itteration/Batch: 325/363: Loss: 1.03 | Accuracy: 1.00
[Training] Itteration/Batch: 350/363: Loss: 2.27 | Accuracy: 0.93

Epoch 10: Val Bin. F1 Majority 0.12121212482452393 | Val Macro F1 Majority 0.5528644695756282 |             Val Bin F1 Individual 0.09493670612573624 | Val Macro F1 Individual 0.5368458614872808 |             Val Accuracy Majority 0.9695698022842407 | Val Accuracy Individual 0.9584845304489136 | Training Loss:1.8911845684051514 |             Val Loss 1.9786982536315918 | Train Runtime Millis 25997.925468000176 | Val Runtime Millis 6054.705969000224

______________________________	 Running Epoch 1 of 10 	______________________________
[Training] Itteration/Batch:   0/371: Loss: 2.39 | Accuracy: 0.53
[Training] Itteration/Batch:  25/371: Loss: 2.86 | Accuracy: 0.52
[Training] Itteration/Batch:  50/371: Loss: 2.62 | Accuracy: 0.79
[Training] Itteration/Batch:  75/371: Loss: 2.09 | Accuracy: 0.64
[Training] Itteration/Batch: 100/371: Loss: 2.08 | Accuracy: 0.78
[Training] Itteration/Batch: 125/371: Loss: 2.57 | Accuracy: 0.76
[Training] Itteration/Batch: 150/371: Loss: 1.62 | Accuracy: 0.84
[Training] Itteration/Batch: 175/371: Loss: 2.71 | Accuracy: 0.86
[Training] Itteration/Batch: 200/371: Loss: 2.16 | Accuracy: 0.89
[Training] Itteration/Batch: 225/371: Loss: 1.62 | Accuracy: 0.96
[Training] Itteration/Batch: 250/371: Loss: 2.09 | Accuracy: 0.86
[Training] Itteration/Batch: 275/371: Loss: 1.64 | Accuracy: 0.94
[Training] Itteration/Batch: 300/371: Loss: 2.45 | Accuracy: 0.88
[Training] Itteration/Batch: 325/371: Loss: 1.93 | Accuracy: 0.95
[Training] Itteration/Batch: 350/371: Loss: 3.29 | Accuracy: 0.88

Epoch 1: Val Bin. F1 Majority 0.0 | Val Macro F1 Majority 0.49261083743842365 |             Val Bin F1 Individual 0.04739336669445038 | Val Macro F1 Individual 0.5015844712433328 |             Val Accuracy Majority 0.9708737730979919 | Val Accuracy Individual 0.9154751896858215 | Training Loss:2.433922290802002 |             Val Loss 2.383805990219116 | Train Runtime Millis 27124.03247400016 | Val Runtime Millis 6238.615126000241

______________________________	 Running Epoch 2 of 10 	______________________________
[Training] Itteration/Batch:   0/371: Loss: 2.00 | Accuracy: 0.91
[Training] Itteration/Batch:  25/371: Loss: 1.92 | Accuracy: 0.98
[Training] Itteration/Batch:  50/371: Loss: 2.12 | Accuracy: 0.98
[Training] Itteration/Batch:  75/371: Loss: 1.64 | Accuracy: 0.98
[Training] Itteration/Batch: 100/371: Loss: 1.94 | Accuracy: 0.95
[Training] Itteration/Batch: 125/371: Loss: 1.99 | Accuracy: 0.98
[Training] Itteration/Batch: 150/371: Loss: 2.38 | Accuracy: 0.94
[Training] Itteration/Batch: 175/371: Loss: 1.88 | Accuracy: 0.96
[Training] Itteration/Batch: 200/371: Loss: 3.95 | Accuracy: 0.89
[Training] Itteration/Batch: 225/371: Loss: 1.98 | Accuracy: 0.96
[Training] Itteration/Batch: 250/371: Loss: 1.60 | Accuracy: 0.95
[Training] Itteration/Batch: 275/371: Loss: 2.39 | Accuracy: 0.93
[Training] Itteration/Batch: 300/371: Loss: 2.43 | Accuracy: 0.93
[Training] Itteration/Batch: 325/371: Loss: 2.30 | Accuracy: 0.93
[Training] Itteration/Batch: 350/371: Loss: 1.67 | Accuracy: 0.96

Epoch 2: Val Bin. F1 Majority 0.0 | Val Macro F1 Majority 0.49261083743842365 |             Val Bin F1 Individual 0.021917808800935745 | Val Macro F1 Individual 0.4981199484885001 |             Val Accuracy Majority 0.9708737730979919 | Val Accuracy Individual 0.9499579668045044 | Training Loss:2.318636417388916 |             Val Loss 2.299546241760254 | Train Runtime Millis 27135.055060000013 | Val Runtime Millis 6280.24491799988

______________________________	 Running Epoch 3 of 10 	______________________________
[Training] Itteration/Batch:   0/371: Loss: 1.96 | Accuracy: 0.98
[Training] Itteration/Batch:  25/371: Loss: 1.66 | Accuracy: 0.98
[Training] Itteration/Batch:  50/371: Loss: 1.45 | Accuracy: 0.98
[Training] Itteration/Batch:  75/371: Loss: 2.81 | Accuracy: 0.91
[Training] Itteration/Batch: 100/371: Loss: 1.45 | Accuracy: 0.98
[Training] Itteration/Batch: 125/371: Loss: 2.51 | Accuracy: 0.95
[Training] Itteration/Batch: 150/371: Loss: 2.28 | Accuracy: 0.95
[Training] Itteration/Batch: 175/371: Loss: 3.06 | Accuracy: 0.92
[Training] Itteration/Batch: 200/371: Loss: 1.90 | Accuracy: 0.98
[Training] Itteration/Batch: 225/371: Loss: 1.58 | Accuracy: 1.00
[Training] Itteration/Batch: 250/371: Loss: 3.53 | Accuracy: 0.89
[Training] Itteration/Batch: 275/371: Loss: 3.34 | Accuracy: 0.89
[Training] Itteration/Batch: 300/371: Loss: 2.35 | Accuracy: 0.95
[Training] Itteration/Batch: 325/371: Loss: 1.64 | Accuracy: 0.98
[Training] Itteration/Batch: 350/371: Loss: 2.70 | Accuracy: 0.95

Epoch 3: Val Bin. F1 Majority 0.0 | Val Macro F1 Majority 0.49261083743842365 |             Val Bin F1 Individual 0.016806723549962044 | Val Macro F1 Individual 0.4957874458819543 |             Val Accuracy Majority 0.9708737730979919 | Val Accuracy Individual 0.9507989883422852 | Training Loss:2.2356011867523193 |             Val Loss 2.2419676780700684 | Train Runtime Millis 27469.735535999916 | Val Runtime Millis 6269.988841999748

______________________________	 Running Epoch 4 of 10 	______________________________
[Training] Itteration/Batch:   0/371: Loss: 2.92 | Accuracy: 0.91
[Training] Itteration/Batch:  25/371: Loss: 3.47 | Accuracy: 0.91
[Training] Itteration/Batch:  50/371: Loss: 1.82 | Accuracy: 0.98
[Training] Itteration/Batch:  75/371: Loss: 1.92 | Accuracy: 0.98
[Training] Itteration/Batch: 100/371: Loss: 3.21 | Accuracy: 0.91
[Training] Itteration/Batch: 125/371: Loss: 1.54 | Accuracy: 0.96
[Training] Itteration/Batch: 150/371: Loss: 2.66 | Accuracy: 0.92
[Training] Itteration/Batch: 175/371: Loss: 3.15 | Accuracy: 0.89
[Training] Itteration/Batch: 200/371: Loss: 2.32 | Accuracy: 0.94
[Training] Itteration/Batch: 225/371: Loss: 1.39 | Accuracy: 1.00
[Training] Itteration/Batch: 250/371: Loss: 1.41 | Accuracy: 1.00
[Training] Itteration/Batch: 275/371: Loss: 1.37 | Accuracy: 0.96
[Training] Itteration/Batch: 300/371: Loss: 1.98 | Accuracy: 0.92
[Training] Itteration/Batch: 325/371: Loss: 1.39 | Accuracy: 0.98
[Training] Itteration/Batch: 350/371: Loss: 1.37 | Accuracy: 0.98

Epoch 4: Val Bin. F1 Majority 0.0 | Val Macro F1 Majority 0.49261083743842365 |             Val Bin F1 Individual 0.0 | Val Macro F1 Individual 0.4882720034430815 |             Val Accuracy Majority 0.9708737730979919 | Val Accuracy Individual 0.954163134098053 | Training Loss:2.165715456008911 |             Val Loss 2.177626371383667 | Train Runtime Millis 27210.87535400011 | Val Runtime Millis 6316.930311000306

______________________________	 Running Epoch 5 of 10 	______________________________
[Training] Itteration/Batch:   0/371: Loss: 1.89 | Accuracy: 0.95
[Training] Itteration/Batch:  25/371: Loss: 1.68 | Accuracy: 0.97
[Training] Itteration/Batch:  50/371: Loss: 1.65 | Accuracy: 0.95
[Training] Itteration/Batch:  75/371: Loss: 1.82 | Accuracy: 0.96
[Training] Itteration/Batch: 100/371: Loss: 1.68 | Accuracy: 0.98
[Training] Itteration/Batch: 125/371: Loss: 1.67 | Accuracy: 0.96
[Training] Itteration/Batch: 150/371: Loss: 4.46 | Accuracy: 0.87
[Training] Itteration/Batch: 175/371: Loss: 1.26 | Accuracy: 1.00
[Training] Itteration/Batch: 200/371: Loss: 1.35 | Accuracy: 1.00
[Training] Itteration/Batch: 225/371: Loss: 2.09 | Accuracy: 0.96
[Training] Itteration/Batch: 250/371: Loss: 1.42 | Accuracy: 0.98
[Training] Itteration/Batch: 275/371: Loss: 1.16 | Accuracy: 1.00
[Training] Itteration/Batch: 300/371: Loss: 1.54 | Accuracy: 0.96
[Training] Itteration/Batch: 325/371: Loss: 4.53 | Accuracy: 0.85
[Training] Itteration/Batch: 350/371: Loss: 2.01 | Accuracy: 0.96

Epoch 5: Val Bin. F1 Majority 0.0 | Val Macro F1 Majority 0.49261083743842365 |             Val Bin F1 Individual 0.0 | Val Macro F1 Individual 0.4882720034430815 |             Val Accuracy Majority 0.9708737730979919 | Val Accuracy Individual 0.954163134098053 | Training Loss:2.1106085777282715 |             Val Loss 2.1381585597991943 | Train Runtime Millis 27464.62737300044 | Val Runtime Millis 6282.47670599967

______________________________	 Running Epoch 6 of 10 	______________________________
[Training] Itteration/Batch:   0/371: Loss: 1.67 | Accuracy: 0.96
[Training] Itteration/Batch:  25/371: Loss: 1.52 | Accuracy: 0.97
[Training] Itteration/Batch:  50/371: Loss: 3.14 | Accuracy: 0.95
[Training] Itteration/Batch:  75/371: Loss: 1.22 | Accuracy: 1.00
[Training] Itteration/Batch: 100/371: Loss: 1.59 | Accuracy: 0.98
[Training] Itteration/Batch: 125/371: Loss: 1.74 | Accuracy: 0.98
[Training] Itteration/Batch: 150/371: Loss: 3.30 | Accuracy: 0.89
[Training] Itteration/Batch: 175/371: Loss: 1.61 | Accuracy: 0.98
[Training] Itteration/Batch: 200/371: Loss: 1.20 | Accuracy: 1.00
[Training] Itteration/Batch: 225/371: Loss: 3.28 | Accuracy: 0.92
[Training] Itteration/Batch: 250/371: Loss: 1.93 | Accuracy: 0.97
[Training] Itteration/Batch: 275/371: Loss: 2.33 | Accuracy: 0.93
[Training] Itteration/Batch: 300/371: Loss: 3.36 | Accuracy: 0.93
[Training] Itteration/Batch: 325/371: Loss: 1.90 | Accuracy: 0.93
[Training] Itteration/Batch: 350/371: Loss: 1.70 | Accuracy: 0.96

Epoch 6: Val Bin. F1 Majority 0.0 | Val Macro F1 Majority 0.49261083743842365 |             Val Bin F1 Individual 0.0 | Val Macro F1 Individual 0.48863880725396025 |             Val Accuracy Majority 0.9708737730979919 | Val Accuracy Individual 0.9555649161338806 | Training Loss:2.0654654502868652 |             Val Loss 2.1143312454223633 | Train Runtime Millis 27295.417735999763 | Val Runtime Millis 6246.96184800041

______________________________	 Running Epoch 7 of 10 	______________________________
[Training] Itteration/Batch:   0/371: Loss: 1.52 | Accuracy: 0.96
[Training] Itteration/Batch:  25/371: Loss: 4.51 | Accuracy: 0.90
[Training] Itteration/Batch:  50/371: Loss: 3.24 | Accuracy: 0.89
[Training] Itteration/Batch:  75/371: Loss: 1.91 | Accuracy: 0.95
[Training] Itteration/Batch: 100/371: Loss: 1.68 | Accuracy: 0.98
[Training] Itteration/Batch: 125/371: Loss: 2.78 | Accuracy: 0.94
[Training] Itteration/Batch: 150/371: Loss: 3.99 | Accuracy: 0.91
[Training] Itteration/Batch: 175/371: Loss: 1.18 | Accuracy: 1.00
[Training] Itteration/Batch: 200/371: Loss: 1.19 | Accuracy: 1.00
[Training] Itteration/Batch: 225/371: Loss: 1.61 | Accuracy: 0.96
[Training] Itteration/Batch: 250/371: Loss: 2.18 | Accuracy: 0.95
[Training] Itteration/Batch: 275/371: Loss: 1.09 | Accuracy: 1.00
[Training] Itteration/Batch: 300/371: Loss: 1.15 | Accuracy: 1.00
[Training] Itteration/Batch: 325/371: Loss: 2.46 | Accuracy: 0.95
[Training] Itteration/Batch: 350/371: Loss: 1.23 | Accuracy: 0.98

Epoch 7: Val Bin. F1 Majority 0.0 | Val Macro F1 Majority 0.49261083743842365 |             Val Bin F1 Individual 0.0 | Val Macro F1 Individual 0.4893342877594846 |             Val Accuracy Majority 0.9708737730979919 | Val Accuracy Individual 0.9582282304763794 | Training Loss:2.027867317199707 |             Val Loss 2.0919880867004395 | Train Runtime Millis 27475.90914200009 | Val Runtime Millis 6205.69647900038

______________________________	 Running Epoch 8 of 10 	______________________________
[Training] Itteration/Batch:   0/371: Loss: 2.09 | Accuracy: 0.95
[Training] Itteration/Batch:  25/371: Loss: 1.87 | Accuracy: 0.93
[Training] Itteration/Batch:  50/371: Loss: 1.54 | Accuracy: 0.98
[Training] Itteration/Batch:  75/371: Loss: 2.20 | Accuracy: 0.95
[Training] Itteration/Batch: 100/371: Loss: 2.01 | Accuracy: 0.94
[Training] Itteration/Batch: 125/371: Loss: 3.80 | Accuracy: 0.86
[Training] Itteration/Batch: 150/371: Loss: 1.67 | Accuracy: 0.97
[Training] Itteration/Batch: 175/371: Loss: 4.50 | Accuracy: 0.87
[Training] Itteration/Batch: 200/371: Loss: 2.31 | Accuracy: 0.95
[Training] Itteration/Batch: 225/371: Loss: 1.50 | Accuracy: 0.98
[Training] Itteration/Batch: 250/371: Loss: 1.64 | Accuracy: 0.97
[Training] Itteration/Batch: 275/371: Loss: 2.13 | Accuracy: 0.93
[Training] Itteration/Batch: 300/371: Loss: 2.14 | Accuracy: 0.97
[Training] Itteration/Batch: 325/371: Loss: 1.36 | Accuracy: 0.97
[Training] Itteration/Batch: 350/371: Loss: 1.97 | Accuracy: 0.96

Epoch 8: Val Bin. F1 Majority 0.0 | Val Macro F1 Majority 0.49261083743842365 |             Val Bin F1 Individual 0.0 | Val Macro F1 Individual 0.4893708395963066 |             Val Accuracy Majority 0.9708737730979919 | Val Accuracy Individual 0.9583683609962463 | Training Loss:1.9960246086120605 |             Val Loss 2.070901870727539 | Train Runtime Millis 26818.947771999774 | Val Runtime Millis 6171.418916999755

______________________________	 Running Epoch 9 of 10 	______________________________
[Training] Itteration/Batch:   0/371: Loss: 2.24 | Accuracy: 0.95
[Training] Itteration/Batch:  25/371: Loss: 1.43 | Accuracy: 0.98
[Training] Itteration/Batch:  50/371: Loss: 4.72 | Accuracy: 0.89
[Training] Itteration/Batch:  75/371: Loss: 1.73 | Accuracy: 0.96
[Training] Itteration/Batch: 100/371: Loss: 3.47 | Accuracy: 0.96
[Training] Itteration/Batch: 125/371: Loss: 1.38 | Accuracy: 0.98
[Training] Itteration/Batch: 150/371: Loss: 1.19 | Accuracy: 1.00
[Training] Itteration/Batch: 175/371: Loss: 1.30 | Accuracy: 0.98
[Training] Itteration/Batch: 200/371: Loss: 2.87 | Accuracy: 0.95
[Training] Itteration/Batch: 225/371: Loss: 1.16 | Accuracy: 1.00
[Training] Itteration/Batch: 250/371: Loss: 2.23 | Accuracy: 0.97
[Training] Itteration/Batch: 275/371: Loss: 1.65 | Accuracy: 0.98
[Training] Itteration/Batch: 300/371: Loss: 1.14 | Accuracy: 1.00
[Training] Itteration/Batch: 325/371: Loss: 1.85 | Accuracy: 0.96
[Training] Itteration/Batch: 350/371: Loss: 2.22 | Accuracy: 0.95

Epoch 9: Val Bin. F1 Majority 0.0 | Val Macro F1 Majority 0.49261083743842365 |             Val Bin F1 Individual 0.0 | Val Macro F1 Individual 0.4893708395963066 |             Val Accuracy Majority 0.9708737730979919 | Val Accuracy Individual 0.9583683609962463 | Training Loss:1.9712584018707275 |             Val Loss 2.0602941513061523 | Train Runtime Millis 26923.943146000056 | Val Runtime Millis 6212.337072000082

______________________________	 Running Epoch 10 of 10 	______________________________
[Training] Itteration/Batch:   0/371: Loss: 2.72 | Accuracy: 0.93
[Training] Itteration/Batch:  25/371: Loss: 1.25 | Accuracy: 0.98
[Training] Itteration/Batch:  50/371: Loss: 1.15 | Accuracy: 1.00
[Training] Itteration/Batch:  75/371: Loss: 1.53 | Accuracy: 0.98
[Training] Itteration/Batch: 100/371: Loss: 1.06 | Accuracy: 1.00
[Training] Itteration/Batch: 125/371: Loss: 2.06 | Accuracy: 0.96
[Training] Itteration/Batch: 150/371: Loss: 1.76 | Accuracy: 0.97
[Training] Itteration/Batch: 175/371: Loss: 1.64 | Accuracy: 0.98
[Training] Itteration/Batch: 200/371: Loss: 1.06 | Accuracy: 1.00
[Training] Itteration/Batch: 225/371: Loss: 0.97 | Accuracy: 1.00
[Training] Itteration/Batch: 250/371: Loss: 1.00 | Accuracy: 1.00
[Training] Itteration/Batch: 275/371: Loss: 2.04 | Accuracy: 0.98
[Training] Itteration/Batch: 300/371: Loss: 2.01 | Accuracy: 0.96
[Training] Itteration/Batch: 325/371: Loss: 3.65 | Accuracy: 0.88
[Training] Itteration/Batch: 350/371: Loss: 2.14 | Accuracy: 0.95

Epoch 10: Val Bin. F1 Majority 0.0 | Val Macro F1 Majority 0.49261083743842365 |             Val Bin F1 Individual 0.0 | Val Macro F1 Individual 0.4893708395963066 |             Val Accuracy Majority 0.9708737730979919 | Val Accuracy Individual 0.9583683609962463 | Training Loss:1.940462589263916 |             Val Loss 2.0433642864227295 | Train Runtime Millis 26820.216440999957 | Val Runtime Millis 6231.2171830003535

