Device cuda
Split type sit
Training Size: 1434, NTA labels 855, YTA labels 579
Validation Size: 480, NTA labels 278, YTA labels 202
Test Size: 480, NTA labels 285, YTA labels 195
Training with SBERT, model name is sbert
Tokenizing the dataset
Number of training steps 450
Epoch 0 **** Loss 0.33683741092681885 **** Metrics validation: {'accuracy': 0.525, 'f1_weighted': 0.5172506150651708, 'macro': 0.5226047355655983, 'micro': 0.525, 'binary': 0.556420233463035, 'accuracy_majority': 0.525, 'macro_majority': 0.5231372549019608, 'binary_majority': 0.5529411764705883, 'run_time_millis': 2824.6435030014254, 'loss_mean': 0.33426621556282043}
Epoch 1 **** Loss 0.31257057189941406 **** Metrics validation: {'accuracy': 0.5666666666666667, 'f1_weighted': 0.5685008818342151, 'macro': 0.5597883597883597, 'micro': 0.5666666666666667, 'binary': 0.5047619047619047, 'accuracy_majority': 0.58125, 'macro_majority': 0.5739099328272189, 'binary_majority': 0.5179856115107914, 'run_time_millis': 2792.8200400019705, 'loss_mean': 0.33332982659339905}
Epoch 2 **** Loss 0.297027051448822 **** Metrics validation: {'accuracy': 0.5729166666666666, 'f1_weighted': 0.5675128114132668, 'macro': 0.5523019595888821, 'micro': 0.5729166666666666, 'binary': 0.45623342175066306, 'accuracy_majority': 0.6, 'macro_majority': 0.5786701777485188, 'binary_majority': 0.4838709677419355, 'run_time_millis': 2822.0471480017295, 'loss_mean': 0.3336266875267029}
Epoch 3 **** Loss 0.31016892194747925 **** Metrics validation: {'accuracy': 0.5479166666666667, 'f1_weighted': 0.5456447727137816, 'macro': 0.5475848169881554, 'micro': 0.5479166666666667, 'binary': 0.5598377281947261, 'accuracy_majority': 0.55625, 'macro_majority': 0.5560939392755266, 'binary_majority': 0.5644171779141105, 'run_time_millis': 2791.647362999356, 'loss_mean': 0.33141422271728516}
Epoch 4 **** Loss 0.28613486886024475 **** Metrics validation: {'accuracy': 0.5625, 'f1_weighted': 0.5641496238119234, 'macro': 0.5621275043005335, 'micro': 0.5625, 'binary': 0.5493562231759657, 'accuracy_majority': 0.575, 'macro_majority': 0.5744015021123455, 'binary_majority': 0.5584415584415584, 'run_time_millis': 2788.6479799999506, 'loss_mean': 0.33035722374916077}
Epoch 5 **** Loss 0.335324764251709 **** Metrics validation: {'accuracy': 0.5770833333333333, 'f1_weighted': 0.5784202866511918, 'macro': 0.5691831546368962, 'micro': 0.5770833333333333, 'binary': 0.5108433734939759, 'accuracy_majority': 0.59375, 'macro_majority': 0.5851780942124366, 'binary_majority': 0.5255474452554744, 'run_time_millis': 2784.399010000925, 'loss_mean': 0.33066272735595703}
Epoch 6 **** Loss 0.3370743989944458 **** Metrics validation: {'accuracy': 0.5833333333333334, 'f1_weighted': 0.5744216633478378, 'macro': 0.5574894903753964, 'micro': 0.5833333333333334, 'binary': 0.45054945054945056, 'accuracy_majority': 0.6125, 'macro_majority': 0.5866666666666667, 'binary_majority': 0.4833333333333334, 'run_time_millis': 2783.219126999029, 'loss_mean': 0.33359014987945557}
Epoch 7 **** Loss 0.2338317185640335 **** Metrics validation: {'accuracy': 0.575, 'f1_weighted': 0.5713107638888889, 'macro': 0.5572916666666667, 'micro': 0.575, 'binary': 0.46875, 'accuracy_majority': 0.59375, 'macro_majority': 0.5757007058055568, 'binary_majority': 0.4881889763779528, 'run_time_millis': 1114.32595199949, 'loss_mean': 0.3334823250770569}
Epoch 8 **** Loss 0.28796473145484924 **** Metrics validation: {'accuracy': 0.5854166666666667, 'f1_weighted': 0.5806626808780543, 'macro': 0.5662105640806725, 'micro': 0.5854166666666667, 'binary': 0.474934036939314, 'accuracy_majority': 0.60625, 'macro_majority': 0.5864615384615385, 'binary_majority': 0.49600000000000005, 'run_time_millis': 2820.377019001171, 'loss_mean': 0.33273452520370483}
Epoch 9 **** Loss 0.20919659733772278 **** Metrics validation: {'accuracy': 0.575, 'f1_weighted': 0.5721811693461178, 'macro': 0.5587917237401774, 'micro': 0.575, 'binary': 0.4742268041237114, 'accuracy_majority': 0.6, 'macro_majority': 0.5833333333333333, 'binary_majority': 0.5, 'run_time_millis': 2323.504721996869, 'loss_mean': 0.3321848213672638}
Evaluating
{'accuracy': 0.5854166666666667, 'f1_weighted': 0.5806626808780543, 'macro': 0.5662105640806725, 'micro': 0.5854166666666667, 'binary': 0.474934036939314, 'accuracy_majority': 0.60625, 'macro_majority': 0.5864615384615385, 'binary_majority': 0.49600000000000005, 'run_time_millis': 2784.752034000121, 'loss_mean': 0.33273452520370483}
