Device cuda
Split type sit
Training Size: 28599, NTA labels 20352, YTA labels 8247
Validation Size: 9496, NTA labels 6632, YTA labels 2864
Test Size: 10211, NTA labels 7033, YTA labels 3178
Training with SBERT, model name is sbert
Tokenizing the dataset
Number of training steps 8940
Epoch 0 **** Loss 0.2908797562122345 **** Metrics validation: {'accuracy': 0.6536436394271272, 'f1_weighted': 0.6323961217316802, 'macro': 0.5433408973974827, 'micro': 0.6536436394271272, 'binary': 0.31890660592255127, 'accuracy_majority': 0.6677115987460815, 'macro_majority': 0.5610975293954761, 'binary_majority': 0.3447802197802198, 'run_time_millis': 34190.21221192088, 'loss_mean': 0.32437050342559814}
Epoch 1 **** Loss 0.212834894657135 **** Metrics validation: {'accuracy': 0.6647009267059815, 'f1_weighted': 0.6385034235389001, 'macro': 0.5467634682103106, 'micro': 0.6647009267059815, 'binary': 0.3155631986242476, 'accuracy_majority': 0.6739811912225705, 'macro_majority': 0.551798306769586, 'binary_majority': 0.3177842565597667, 'run_time_millis': 36197.706939070486, 'loss_mean': 0.4008886218070984}
Epoch 2 **** Loss 0.18701204657554626 **** Metrics validation: {'accuracy': 0.6662805391743892, 'f1_weighted': 0.6251949242076801, 'macro': 0.5200960802195198, 'micro': 0.6662805391743892, 'binary': 0.2552291421856639, 'accuracy_majority': 0.6788575409265064, 'macro_majority': 0.5323370655977747, 'binary_majority': 0.2705696202531646, 'run_time_millis': 34195.39154297672, 'loss_mean': 0.3953210115432739}
Epoch 3 **** Loss 0.10098560899496078 **** Metrics validation: {'accuracy': 0.6479570345408593, 'f1_weighted': 0.6437779038437926, 'macro': 0.5725246709634868, 'micro': 0.6479570345408593, 'binary': 0.3929544216451789, 'accuracy_majority': 0.6537791710205503, 'macro_majority': 0.5797474043591923, 'binary_majority': 0.4033613445378152, 'run_time_millis': 34120.57139200624, 'loss_mean': 0.3744826912879944}
Epoch 4 **** Loss 0.17456941306591034 **** Metrics validation: {'accuracy': 0.6921861836562764, 'f1_weighted': 0.653260096050766, 'macro': 0.5554125322765414, 'micro': 0.6921861836562764, 'binary': 0.30882005202175455, 'accuracy_majority': 0.700801114594218, 'macro_majority': 0.5650326068264894, 'binary_majority': 0.3220205209155485, 'run_time_millis': 34058.735036989674, 'loss_mean': 0.725053608417511}
Epoch 5 **** Loss 0.13940849900245667 **** Metrics validation: {'accuracy': 0.6793386689132266, 'f1_weighted': 0.6521565527069979, 'macro': 0.5623912469532122, 'micro': 0.6793386689132266, 'binary': 0.3361674296926096, 'accuracy_majority': 0.6872169975618252, 'macro_majority': 0.5729699593335957, 'binary_majority': 0.3520923520923521, 'run_time_millis': 33873.07896791026, 'loss_mean': 0.5562876462936401}
Epoch 6 **** Loss 0.11781083792448044 **** Metrics validation: {'accuracy': 0.6963984835720304, 'f1_weighted': 0.6536071822823196, 'macro': 0.5532726314051387, 'micro': 0.6963984835720304, 'binary': 0.3004125212327105, 'accuracy_majority': 0.7014977359804946, 'macro_majority': 0.5679958914391814, 'binary_majority': 0.32784313725490194, 'run_time_millis': 33865.294886985794, 'loss_mean': 0.8086672425270081}
Epoch 7 **** Loss 0.0745694637298584 **** Metrics validation: {'accuracy': 0.6934498736310025, 'f1_weighted': 0.662167116349466, 'macro': 0.5714254462672261, 'micro': 0.6934498736310025, 'binary': 0.34274102506209075, 'accuracy_majority': 0.6934865900383141, 'macro_majority': 0.5769168422758956, 'binary_majority': 0.3548387096774193, 'run_time_millis': 35864.18183695059, 'loss_mean': 0.9857954382896423}
Epoch 8 **** Loss 0.0925302803516388 **** Metrics validation: {'accuracy': 0.7001895534962089, 'f1_weighted': 0.6542604611304151, 'macro': 0.5520390671349567, 'micro': 0.7001895534962089, 'binary': 0.2944237918215613, 'accuracy_majority': 0.7028909787530477, 'macro_majority': 0.5610561482014411, 'binary_majority': 0.31154156577885395, 'run_time_millis': 35882.51869403757, 'loss_mean': 1.1461303234100342}
Epoch 9 **** Loss 0.09212689101696014 **** Metrics validation: {'accuracy': 0.695240101095198, 'f1_weighted': 0.6580689798647664, 'macro': 0.5623990448946398, 'micro': 0.695240101095198, 'binary': 0.3212945590994371, 'accuracy_majority': 0.6976663183559735, 'macro_majority': 0.5698517075245417, 'binary_majority': 0.33537519142419603, 'run_time_millis': 35869.27001201548, 'loss_mean': 1.2484190464019775}
Evaluating
{'accuracy': 0.6934498736310025, 'f1_weighted': 0.662167116349466, 'macro': 0.5714254462672261, 'micro': 0.6934498736310025, 'binary': 0.34274102506209075, 'accuracy_majority': 0.6934865900383141, 'macro_majority': 0.5769168422758956, 'binary_majority': 0.3548387096774193, 'run_time_millis': 33908.188850968145, 'loss_mean': 0.9857954382896423}
