Device cuda
Split type sit
Training Size: 25844, NTA labels 22702, YTA labels 3142
Validation Size: 16201, NTA labels 14128, YTA labels 2073
Test Size: 16229, NTA labels 14131, YTA labels 2098
Training with SBERT, model name is sbert
Tokenizing the dataset
Number of training steps 8080
Epoch 0 **** Loss 0.18393512070178986 **** Metrics validation: {'accuracy': 0.832849824084933, 'f1_weighted': 0.8451524101570417, 'macro': 0.6828901835714098, 'micro': 0.832849824084933, 'binary': 0.46482213438735176, 'accuracy_majority': 0.8604735225013556, 'macro_majority': 0.7069124988060983, 'binary_majority': 0.49476439790575916, 'run_time_millis': 10981.42091097543, 'loss_mean': 0.1467323899269104}
Epoch 1 **** Loss 0.15316541492938995 **** Metrics validation: {'accuracy': 0.7398925992222702, 'f1_weighted': 0.7803338697050554, 'macro': 0.6326006831383967, 'micro': 0.7398925992222702, 'binary': 0.4340585549288209, 'accuracy_majority': 0.7496837158864992, 'macro_majority': 0.6241110400142053, 'binary_majority': 0.4068522483940043, 'run_time_millis': 13026.590267021675, 'loss_mean': 0.15287354588508606}
Epoch 2 **** Loss 0.02679266966879368 **** Metrics validation: {'accuracy': 0.7985309548793285, 'f1_weighted': 0.822778207307874, 'macro': 0.6672991498471743, 'micro': 0.7985309548793286, 'binary': 0.45834716229671424, 'accuracy_majority': 0.8212542924272547, 'macro_majority': 0.6791846028880284, 'binary_majority': 0.4656942193408969, 'run_time_millis': 13040.350759983994, 'loss_mean': 0.15641513466835022}
Epoch 3 **** Loss 0.09031307697296143 **** Metrics validation: {'accuracy': 0.7980988827850133, 'f1_weighted': 0.8222111919762675, 'macro': 0.6655136786066885, 'micro': 0.7980988827850133, 'binary': 0.4549241793034494, 'accuracy_majority': 0.8196276884149648, 'macro_majority': 0.6752828871448122, 'binary_majority': 0.4587852494577006, 'run_time_millis': 13137.071793957148, 'loss_mean': 0.17270077764987946}
Epoch 4 **** Loss 0.08659299463033676 **** Metrics validation: {'accuracy': 0.8067403246713166, 'f1_weighted': 0.8270039097717768, 'macro': 0.6642607263033904, 'micro': 0.8067403246713166, 'binary': 0.44554630777403925, 'accuracy_majority': 0.832640520513284, 'macro_majority': 0.6815760832816253, 'binary_majority': 0.462253193960511, 'run_time_millis': 13032.663366990164, 'loss_mean': 0.20800839364528656}
Epoch 5 **** Loss 0.052747439593076706 **** Metrics validation: {'accuracy': 0.8087155113881859, 'f1_weighted': 0.8287893049266349, 'macro': 0.667784926279926, 'micro': 0.8087155113881859, 'binary': 0.4514073287307488, 'accuracy_majority': 0.8349900596421471, 'macro_majority': 0.6858975877563189, 'binary_majority': 0.46949447995351534, 'run_time_millis': 12736.211298964918, 'loss_mean': 0.21952946484088898}
Epoch 6 **** Loss 0.06090390682220459 **** Metrics validation: {'accuracy': 0.8079130917844578, 'f1_weighted': 0.8277995389747429, 'macro': 0.6649387231602806, 'micro': 0.8079130917844578, 'binary': 0.44606621573513705, 'accuracy_majority': 0.8340863907464305, 'macro_majority': 0.6825195202628205, 'binary_majority': 0.46315789473684216, 'run_time_millis': 13029.463632963598, 'loss_mean': 0.24766510725021362}
Epoch 7 **** Loss 0.10804549604654312 **** Metrics validation: {'accuracy': 0.8100117276711314, 'f1_weighted': 0.8291119704626467, 'macro': 0.665579707073642, 'micro': 0.8100117276711314, 'binary': 0.44580482535109833, 'accuracy_majority': 0.8364359298752937, 'macro_majority': 0.6838336221053579, 'binary_majority': 0.4641799881586737, 'run_time_millis': 13024.925370002165, 'loss_mean': 0.2527080476284027}
Epoch 8 **** Loss 0.11090773344039917 **** Metrics validation: {'accuracy': 0.8043330658601321, 'f1_weighted': 0.8253805660461938, 'macro': 0.662942912561576, 'micro': 0.8043330658601321, 'binary': 0.44463910301331466, 'accuracy_majority': 0.8297487800469908, 'macro_majority': 0.6791063246287127, 'binary_majority': 0.4592422502870264, 'run_time_millis': 13019.59319296293, 'loss_mean': 0.2598399519920349}
Epoch 9 **** Loss 0.07033742964267731 **** Metrics validation: {'accuracy': 0.8092710326523054, 'f1_weighted': 0.8284457403279982, 'macro': 0.6642759242552156, 'micro': 0.8092710326523054, 'binary': 0.4436442203817068, 'accuracy_majority': 0.8362551960961504, 'macro_majority': 0.6833305285436623, 'binary_majority': 0.4632701421800948, 'run_time_millis': 13022.929257014766, 'loss_mean': 0.2711663544178009}
Evaluating
{'accuracy': 0.832849824084933, 'f1_weighted': 0.8451524101570417, 'macro': 0.6828901835714098, 'micro': 0.832849824084933, 'binary': 0.46482213438735176, 'accuracy_majority': 0.8604735225013556, 'macro_majority': 0.7069124988060983, 'binary_majority': 0.49476439790575916, 'run_time_millis': 13015.768120996654, 'loss_mean': 0.1467323899269104}
Device cuda
Split type sit
Training Size: 28728, NTA labels 25249, YTA labels 3479
Validation Size: 16201, NTA labels 14128, YTA labels 2073
Test Size: 16229, NTA labels 14131, YTA labels 2098
Training with SBERT, model name is sbert
Tokenizing the dataset
Number of training steps 8980
Epoch 0 **** Loss 0.17347605526447296 **** Metrics validation: {'accuracy': 0.8198876612554781, 'f1_weighted': 0.8370052248210569, 'macro': 0.6777828260687019, 'micro': 0.819887661255478, 'binary': 0.46380007350238883, 'accuracy_majority': 0.8454726188324598, 'macro_majority': 0.6965683994054666, 'binary_majority': 0.48400724200362094, 'run_time_millis': 11002.392242022324, 'loss_mean': 0.1479727327823639}
Epoch 1 **** Loss 0.10152966529130936 **** Metrics validation: {'accuracy': 0.7816184186161348, 'f1_weighted': 0.8109787912015191, 'macro': 0.6578908623447677, 'micro': 0.7816184186161348, 'binary': 0.452152369154537, 'accuracy_majority': 0.7990240375926261, 'macro_majority': 0.660407209150041, 'binary_majority': 0.44344344344344344, 'run_time_millis': 13050.961983972229, 'loss_mean': 0.15109534561634064}
Epoch 2 **** Loss 0.09935393184423447 **** Metrics validation: {'accuracy': 0.8119251898030986, 'f1_weighted': 0.8315426290808116, 'macro': 0.6727191028935529, 'micro': 0.8119251898030986, 'binary': 0.4592724046140195, 'accuracy_majority': 0.8369781312127237, 'macro_majority': 0.6895347593050627, 'binary_majority': 0.4755813953488372, 'run_time_millis': 13062.318878015503, 'loss_mean': 0.1644103080034256}
Epoch 3 **** Loss 0.10702091455459595 **** Metrics validation: {'accuracy': 0.7796432318992654, 'f1_weighted': 0.8093949650078792, 'macro': 0.6555968764039602, 'micro': 0.7796432318992654, 'binary': 0.44890398271071325, 'accuracy_majority': 0.7983011024760528, 'macro_majority': 0.6602450925369586, 'binary_majority': 0.44366899302093715, 'run_time_millis': 13041.562650993, 'loss_mean': 0.17002993822097778}
Epoch 4 **** Loss 0.10240918397903442 **** Metrics validation: {'accuracy': 0.8103820751805444, 'f1_weighted': 0.8300303428526664, 'macro': 0.6693384386549526, 'micro': 0.8103820751805444, 'binary': 0.4533807829181494, 'accuracy_majority': 0.8373395987710103, 'macro_majority': 0.6890417713247768, 'binary_majority': 0.4742990654205607, 'run_time_millis': 11009.28820396075, 'loss_mean': 0.207027405500412}
Epoch 5 **** Loss 0.06341101974248886 **** Metrics validation: {'accuracy': 0.7929140176532313, 'f1_weighted': 0.8177991452228537, 'macro': 0.6578043650352281, 'micro': 0.7929140176532313, 'binary': 0.44278359076565355, 'accuracy_majority': 0.8156515452738117, 'macro_majority': 0.6686994389858352, 'binary_majority': 0.44805194805194803, 'run_time_millis': 11017.62693998171, 'loss_mean': 0.21418587863445282}
Epoch 6 **** Loss 0.02014397643506527 **** Metrics validation: {'accuracy': 0.7803839269180914, 'f1_weighted': 0.809446429303754, 'macro': 0.6530408640094857, 'micro': 0.7803839269180916, 'binary': 0.4428437206388976, 'accuracy_majority': 0.8002891740466294, 'macro_majority': 0.6589377753121193, 'binary_majority': 0.4393708777270421, 'run_time_millis': 11011.914950038772, 'loss_mean': 0.21829773485660553}
Epoch 7 **** Loss 0.0581878125667572 **** Metrics validation: {'accuracy': 0.7816184186161348, 'f1_weighted': 0.8099680610674113, 'macro': 0.651601545891258, 'micro': 0.7816184186161348, 'binary': 0.43876903553299496, 'accuracy_majority': 0.8017350442797759, 'macro_majority': 0.6578589086063433, 'binary_majority': 0.4359897172236503, 'run_time_millis': 13053.90392197296, 'loss_mean': 0.23375742137432098}
Epoch 8 **** Loss 0.056266963481903076 **** Metrics validation: {'accuracy': 0.8113079439540769, 'f1_weighted': 0.8296277810845616, 'macro': 0.6644477985804537, 'micro': 0.8113079439540768, 'binary': 0.4424585081159949, 'accuracy_majority': 0.8378818001084403, 'macro_majority': 0.6829229399594254, 'binary_majority': 0.4612612612612612, 'run_time_millis': 13048.833499022294, 'loss_mean': 0.27788814902305603}
Epoch 9 **** Loss 0.06361357122659683 **** Metrics validation: {'accuracy': 0.8122955373125116, 'f1_weighted': 0.8300490233775274, 'macro': 0.6637566577879668, 'micro': 0.8122955373125116, 'binary': 0.4402724093502669, 'accuracy_majority': 0.8391469365624435, 'macro_majority': 0.6827257812451678, 'binary_majority': 0.45995145631067963, 'run_time_millis': 12375.102995021734, 'loss_mean': 0.2893857955932617}
Evaluating
{'accuracy': 0.8198876612554781, 'f1_weighted': 0.8370052248210569, 'macro': 0.6777828260687019, 'micro': 0.819887661255478, 'binary': 0.46380007350238883, 'accuracy_majority': 0.8454726188324598, 'macro_majority': 0.6965683994054666, 'binary_majority': 0.48400724200362094, 'run_time_millis': 12023.150526976679, 'loss_mean': 0.1479727327823639}
