______________________________	 Running Epoch 1 of 10 	______________________________
[Training] Itteration/Batch:   0/245: Loss: 1.28 | Accuracy: 0.62
[Training] Itteration/Batch:  25/245: Loss: 1.22 | Accuracy: 0.55
[Training] Itteration/Batch:  50/245: Loss: 1.31 | Accuracy: 0.56
[Training] Itteration/Batch:  75/245: Loss: 1.83 | Accuracy: 0.62
[Training] Itteration/Batch: 100/245: Loss: 1.60 | Accuracy: 0.58
[Training] Itteration/Batch: 125/245: Loss: 1.21 | Accuracy: 0.73
[Training] Itteration/Batch: 150/245: Loss: 1.60 | Accuracy: 0.59
[Training] Itteration/Batch: 175/245: Loss: 1.61 | Accuracy: 0.62
[Training] Itteration/Batch: 200/245: Loss: 1.13 | Accuracy: 0.86
[Training] Itteration/Batch: 225/245: Loss: 1.13 | Accuracy: 0.71

Epoch 1: Val Bin. F1 Majority 0.5695216655731201 | Val Macro F1 Majority 0.6737453548501968 |             Val Bin F1 Individual 0.6337950229644775 | Val Macro F1 Individual 0.722603641019359 |             Val Accuracy Majority 0.7070401310920715 | Val Accuracy Individual 0.7510358095169067 | Training Loss:1.2774943113327026 |             Val Loss 1.1191930770874023 | Train Runtime Millis 20660.250476008514 | Val Runtime Millis 3377.1758579969173

______________________________	 Running Epoch 2 of 10 	______________________________
[Training] Itteration/Batch:   0/245: Loss: 1.60 | Accuracy: 0.69
[Training] Itteration/Batch:  25/245: Loss: 1.50 | Accuracy: 0.71
[Training] Itteration/Batch:  50/245: Loss: 0.86 | Accuracy: 0.81
[Training] Itteration/Batch:  75/245: Loss: 1.06 | Accuracy: 0.79
[Training] Itteration/Batch: 100/245: Loss: 1.18 | Accuracy: 0.66
[Training] Itteration/Batch: 125/245: Loss: 0.91 | Accuracy: 0.84
[Training] Itteration/Batch: 150/245: Loss: 1.39 | Accuracy: 0.85
[Training] Itteration/Batch: 175/245: Loss: 0.89 | Accuracy: 0.80
[Training] Itteration/Batch: 200/245: Loss: 1.03 | Accuracy: 0.89
[Training] Itteration/Batch: 225/245: Loss: 0.94 | Accuracy: 0.83

Epoch 2: Val Bin. F1 Majority 0.5939674973487854 | Val Macro F1 Majority 0.698669151959123 |             Val Bin F1 Individual 0.6797974109649658 | Val Macro F1 Individual 0.7593722409229101 |             Val Accuracy Majority 0.7350491881370544 | Val Accuracy Individual 0.7856873869895935 | Training Loss:0.9786322712898254 |             Val Loss 1.0150305032730103 | Train Runtime Millis 19880.929139995715 | Val Runtime Millis 3386.476899002446

______________________________	 Running Epoch 3 of 10 	______________________________
[Training] Itteration/Batch:   0/245: Loss: 0.63 | Accuracy: 0.91
[Training] Itteration/Batch:  25/245: Loss: 1.03 | Accuracy: 0.75
[Training] Itteration/Batch:  50/245: Loss: 0.38 | Accuracy: 0.97
[Training] Itteration/Batch:  75/245: Loss: 0.87 | Accuracy: 0.84
[Training] Itteration/Batch: 100/245: Loss: 1.12 | Accuracy: 0.75
[Training] Itteration/Batch: 125/245: Loss: 1.02 | Accuracy: 0.80
[Training] Itteration/Batch: 150/245: Loss: 0.84 | Accuracy: 0.80
[Training] Itteration/Batch: 175/245: Loss: 1.24 | Accuracy: 0.69
[Training] Itteration/Batch: 200/245: Loss: 0.61 | Accuracy: 0.84
[Training] Itteration/Batch: 225/245: Loss: 0.66 | Accuracy: 0.79

Epoch 3: Val Bin. F1 Majority 0.5833333134651184 | Val Macro F1 Majority 0.6904293213348331 |             Val Bin F1 Individual 0.6624350547790527 | Val Macro F1 Individual 0.7494451068335706 |             Val Accuracy Majority 0.7274791598320007 | Val Accuracy Individual 0.7796609997749329 | Training Loss:0.773094654083252 |             Val Loss 1.0377705097198486 | Train Runtime Millis 20002.58424200001 | Val Runtime Millis 3383.2443809951656

______________________________	 Running Epoch 4 of 10 	______________________________
[Training] Itteration/Batch:   0/245: Loss: 0.73 | Accuracy: 0.86
[Training] Itteration/Batch:  25/245: Loss: 0.75 | Accuracy: 0.90
[Training] Itteration/Batch:  50/245: Loss: 0.58 | Accuracy: 0.89
[Training] Itteration/Batch:  75/245: Loss: 0.82 | Accuracy: 0.82
[Training] Itteration/Batch: 100/245: Loss: 0.57 | Accuracy: 0.93
[Training] Itteration/Batch: 125/245: Loss: 0.43 | Accuracy: 0.91
[Training] Itteration/Batch: 150/245: Loss: 0.23 | Accuracy: 0.96
[Training] Itteration/Batch: 175/245: Loss: 0.46 | Accuracy: 0.94
[Training] Itteration/Batch: 200/245: Loss: 0.67 | Accuracy: 0.96
[Training] Itteration/Batch: 225/245: Loss: 0.66 | Accuracy: 0.91

Epoch 4: Val Bin. F1 Majority 0.5990990996360779 | Val Macro F1 Majority 0.6980672234378049 |             Val Bin F1 Individual 0.6644219756126404 | Val Macro F1 Individual 0.7474604319842415 |             Val Accuracy Majority 0.7305071949958801 | Val Accuracy Individual 0.7747645974159241 | Training Loss:0.6089531183242798 |             Val Loss 1.087693452835083 | Train Runtime Millis 19908.751140988898 | Val Runtime Millis 3407.8990739944857

