Device cuda
Split type sit
Training Size: 2305, NTA labels 2250, YTA labels 55
Validation Size: 757, NTA labels 737, YTA labels 20
Test Size: 691, NTA labels 678, YTA labels 13
Training with SBERT, model name is sbert
Tokenizing the dataset
Number of training steps 730
Epoch 0 **** Loss 0.01863587461411953 **** Metrics validation: {'accuracy': 0.8361955085865258, 'f1_weighted': 0.8878266440526639, 'macro': 0.4854405122133053, 'micro': 0.8361955085865258, 'binary': 0.06060606060606061, 'accuracy_majority': 0.8309636650868878, 'macro_majority': 0.48830128810486156, 'binary_majority': 0.06956521739130435, 'run_time_millis': 1483.2795149995945, 'loss_mean': 0.035345468670129776}
Epoch 1 **** Loss 0.018821638077497482 **** Metrics validation: {'accuracy': 0.8295904887714664, 'f1_weighted': 0.8839158655573703, 'macro': 0.4823561216863063, 'micro': 0.8295904887714665, 'binary': 0.05839416058394161, 'accuracy_majority': 0.8262243285939969, 'macro_majority': 0.48598889741924056, 'binary_majority': 0.06779661016949151, 'run_time_millis': 2348.5427369887475, 'loss_mean': 0.03510301560163498}
Epoch 2 **** Loss 0.015856783837080002 **** Metrics validation: {'accuracy': 0.8758256274768824, 'f1_weighted': 0.9104434051633132, 'macro': 0.4967609618104668, 'micro': 0.8758256274768824, 'binary': 0.06, 'accuracy_majority': 0.8720379146919431, 'macro_majority': 0.5001316135825217, 'binary_majority': 0.06896551724137931, 'run_time_millis': 1842.2928790096194, 'loss_mean': 0.03498990461230278}
Epoch 3 **** Loss 0.015195198357105255 **** Metrics validation: {'accuracy': 0.8665785997357992, 'f1_weighted': 0.9051740203729735, 'macro': 0.49214541444978044, 'micro': 0.8665785997357992, 'binary': 0.05607476635514019, 'accuracy_majority': 0.8641390205371248, 'macro_majority': 0.49598177912747204, 'binary_majority': 0.06521739130434782, 'run_time_millis': 2355.8459960040636, 'loss_mean': 0.034412682056427}
Epoch 4 **** Loss 0.01852220483124256 **** Metrics validation: {'accuracy': 0.8335535006605019, 'f1_weighted': 0.8869416739254585, 'macro': 0.5041484716157206, 'micro': 0.833553500660502, 'binary': 0.1, 'accuracy_majority': 0.8309636650868878, 'macro_majority': 0.5111263488397272, 'binary_majority': 0.11570247933884298, 'run_time_millis': 2368.993397001759, 'loss_mean': 0.03362647071480751}
Epoch 5 **** Loss 0.014718635939061642 **** Metrics validation: {'accuracy': 0.8890356671070013, 'f1_weighted': 0.9192091490237799, 'macro': 0.5328808180535967, 'micro': 0.8890356671070012, 'binary': 0.125, 'accuracy_majority': 0.8846761453396524, 'macro_majority': 0.5396822234397569, 'binary_majority': 0.1411764705882353, 'run_time_millis': 1943.5807550034951, 'loss_mean': 0.03318694606423378}
Epoch 6 **** Loss 0.016198748722672462 **** Metrics validation: {'accuracy': 0.8956406869220608, 'f1_weighted': 0.9230141235402971, 'macro': 0.5381758087309738, 'micro': 0.8956406869220608, 'binary': 0.13186813186813187, 'accuracy_majority': 0.8909952606635071, 'macro_majority': 0.5449601500234412, 'binary_majority': 0.14814814814814814, 'run_time_millis': 933.7916210060939, 'loss_mean': 0.0326191708445549}
Epoch 7 **** Loss 0.013529796153306961 **** Metrics validation: {'accuracy': 0.9101717305151915, 'f1_weighted': 0.9318592172291028, 'macro': 0.56162283689876, 'micro': 0.9101717305151915, 'binary': 0.17073170731707316, 'accuracy_majority': 0.9036334913112164, 'macro_majority': 0.5677246011754828, 'binary_majority': 0.18666666666666665, 'run_time_millis': 1633.4573869971791, 'loss_mean': 0.03205529972910881}
Epoch 8 **** Loss 0.009282201528549194 **** Metrics validation: {'accuracy': 0.9075297225891678, 'f1_weighted': 0.9303255089252449, 'macro': 0.5588578088578089, 'micro': 0.9075297225891678, 'binary': 0.16666666666666666, 'accuracy_majority': 0.9004739336492891, 'macro_majority': 0.564416239773683, 'binary_majority': 0.1818181818181818, 'run_time_millis': 2295.60656400281, 'loss_mean': 0.03166791424155235}
Epoch 9 **** Loss 0.005807292647659779 **** Metrics validation: {'accuracy': 0.9075297225891678, 'f1_weighted': 0.9303255089252449, 'macro': 0.5588578088578089, 'micro': 0.9075297225891678, 'binary': 0.16666666666666666, 'accuracy_majority': 0.9004739336492891, 'macro_majority': 0.564416239773683, 'binary_majority': 0.1818181818181818, 'run_time_millis': 2349.6318079996854, 'loss_mean': 0.03156578913331032}
Evaluating
{'accuracy': 0.9101717305151915, 'f1_weighted': 0.9318592172291028, 'macro': 0.56162283689876, 'micro': 0.9101717305151915, 'binary': 0.17073170731707316, 'accuracy_majority': 0.9036334913112164, 'macro_majority': 0.5677246011754828, 'binary_majority': 0.18666666666666665, 'run_time_millis': 2347.3210939991986, 'loss_mean': 0.03205529972910881}
