Device cuda
Split type sit
Training Size: 2856, NTA labels 2767, YTA labels 89
Validation Size: 903, NTA labels 876, YTA labels 27
Test Size: 919, NTA labels 896, YTA labels 23
Training with SBERT, model name is sbert
Tokenizing the dataset
Number of training steps 900
Epoch 0 **** Loss 0.021173272281885147 **** Metrics validation: {'accuracy': 0.6777408637873754, 'f1_weighted': 0.7828794924463399, 'macro': 0.4460391311955443, 'micro': 0.6777408637873754, 'binary': 0.0877742946708464, 'accuracy_majority': 0.6690751445086706, 'macro_majority': 0.4461929874223728, 'binary_majority': 0.09486166007905138, 'run_time_millis': 2407.0824130012625, 'loss_mean': 0.042749762535095215}
Epoch 1 **** Loss 0.022868145257234573 **** Metrics validation: {'accuracy': 0.8549280177187154, 'f1_weighted': 0.8970171255136242, 'macro': 0.5208734147991235, 'micro': 0.8549280177187154, 'binary': 0.12080536912751677, 'accuracy_majority': 0.8497109826589595, 'macro_majority': 0.5255274261603375, 'binary_majority': 0.13333333333333333, 'run_time_millis': 2430.322407000858, 'loss_mean': 0.04175053536891937}
Epoch 2 **** Loss 0.021818118169903755 **** Metrics validation: {'accuracy': 0.920265780730897, 'f1_weighted': 0.9338094852234712, 'macro': 0.5505226480836237, 'micro': 0.920265780730897, 'binary': 0.14285714285714285, 'accuracy_majority': 0.9132947976878613, 'macro_majority': 0.548597521200261, 'binary_majority': 0.14285714285714285, 'run_time_millis': 1307.8562899991084, 'loss_mean': 0.04043368995189667}
Epoch 3 **** Loss 0.08943746984004974 **** Metrics validation: {'accuracy': 0.9158361018826136, 'f1_weighted': 0.932760091139167, 'macro': 0.5735484191688209, 'micro': 0.9158361018826137, 'binary': 0.19148936170212766, 'accuracy_majority': 0.9132947976878613, 'macro_majority': 0.571693831235816, 'binary_majority': 0.18918918918918917, 'run_time_millis': 2400.735066001289, 'loss_mean': 0.03861239552497864}
Epoch 4 **** Loss 0.01711520552635193 **** Metrics validation: {'accuracy': 0.929125138427464, 'f1_weighted': 0.9406501746296416, 'macro': 0.5911946126421821, 'micro': 0.929125138427464, 'binary': 0.21951219512195122, 'accuracy_majority': 0.9234104046242775, 'macro_majority': 0.5843561237094709, 'binary_majority': 0.20895522388059704, 'run_time_millis': 1899.9590200000966, 'loss_mean': 0.037506990134716034}
Epoch 5 **** Loss 0.013822080567479134 **** Metrics validation: {'accuracy': 0.920265780730897, 'f1_weighted': 0.9353762516553212, 'macro': 0.5790209790209789, 'micro': 0.920265780730897, 'binary': 0.2, 'accuracy_majority': 0.9147398843930635, 'macro_majority': 0.5733885040176379, 'binary_majority': 0.1917808219178082, 'run_time_millis': 748.0546959995991, 'loss_mean': 0.03598877415060997}
Epoch 6 **** Loss 0.02025504596531391 **** Metrics validation: {'accuracy': 0.9180509413067552, 'f1_weighted': 0.9340667832909799, 'macro': 0.5762391558013292, 'micro': 0.9180509413067552, 'binary': 0.1956521739130435, 'accuracy_majority': 0.911849710982659, 'macro_majority': 0.5700331041507513, 'binary_majority': 0.18666666666666668, 'run_time_millis': 2223.9522540003236, 'loss_mean': 0.035383280366659164}
Epoch 7 **** Loss 0.040839873254299164 **** Metrics validation: {'accuracy': 0.9180509413067552, 'f1_weighted': 0.9345295624249782, 'macro': 0.5847708291906939, 'micro': 0.9180509413067552, 'binary': 0.21276595744680848, 'accuracy_majority': 0.911849710982659, 'macro_majority': 0.5805602201929669, 'binary_majority': 0.2077922077922078, 'run_time_millis': 2429.9436599994806, 'loss_mean': 0.035869743674993515}
Epoch 8 **** Loss 0.01077280379831791 **** Metrics validation: {'accuracy': 0.9169435215946844, 'f1_weighted': 0.9338711109798474, 'macro': 0.5833461502968409, 'micro': 0.9169435215946844, 'binary': 0.21052631578947367, 'accuracy_majority': 0.9104046242774566, 'macro_majority': 0.5788275022578239, 'binary_majority': 0.2051282051282051, 'run_time_millis': 1409.8880689998623, 'loss_mean': 0.03572055324912071}
Epoch 9 **** Loss 0.006001678295433521 **** Metrics validation: {'accuracy': 0.9224806201550387, 'f1_weighted': 0.9371713557760071, 'macro': 0.5907148407148408, 'micro': 0.9224806201550387, 'binary': 0.2222222222222222, 'accuracy_majority': 0.9161849710982659, 'macro_majority': 0.5859707035279553, 'binary_majority': 0.21621621621621617, 'run_time_millis': 2433.9942510014225, 'loss_mean': 0.036379262804985046}
Evaluating
{'accuracy': 0.929125138427464, 'f1_weighted': 0.9406501746296416, 'macro': 0.5911946126421821, 'micro': 0.929125138427464, 'binary': 0.21951219512195122, 'accuracy_majority': 0.9234104046242775, 'macro_majority': 0.5843561237094709, 'binary_majority': 0.20895522388059704, 'run_time_millis': 890.6542550012091, 'loss_mean': 0.037506990134716034}
