Device cuda
Split type sit
Training Size: 8271, NTA labels 5104, YTA labels 3167
Validation Size: 2755, NTA labels 1790, YTA labels 965
Test Size: 2781, NTA labels 1720, YTA labels 1061
Training with SBERT, model name is sbert
Tokenizing the dataset
Number of training steps 2590
Epoch 0 **** Loss 0.18315361440181732 **** Metrics validation: {'accuracy': 0.8090744101633394, 'f1_weighted': 0.8074223600837744, 'macro': 0.7867717340892129, 'micro': 0.8090744101633394, 'binary': 0.7178111587982832, 'accuracy_majority': 0.7884498480243161, 'macro_majority': 0.7755058823529413, 'binary_majority': 0.7216, 'run_time_millis': 3885.351069038734, 'loss_mean': 0.2284272015094757}
Epoch 1 **** Loss 0.25030800700187683 **** Metrics validation: {'accuracy': 0.7756805807622504, 'f1_weighted': 0.7800846694518254, 'macro': 0.7653148598221532, 'micro': 0.7756805807622504, 'binary': 0.7159926470588235, 'accuracy_majority': 0.7689969604863222, 'macro_majority': 0.7659727089211157, 'binary_majority': 0.7393689986282578, 'run_time_millis': 3866.4248600252904, 'loss_mean': 0.230647474527359}
Epoch 2 **** Loss 0.10560198128223419 **** Metrics validation: {'accuracy': 0.7967332123411979, 'f1_weighted': 0.7991249350610884, 'macro': 0.7824031448584634, 'micro': 0.7967332123411979, 'binary': 0.7265625, 'accuracy_majority': 0.780547112462006, 'macro_majority': 0.7751872130664708, 'binary_majority': 0.7404744787922358, 'run_time_millis': 3863.902699027676, 'loss_mean': 0.2477761209011078}
Epoch 3 **** Loss 0.256973534822464 **** Metrics validation: {'accuracy': 0.7833030852994556, 'f1_weighted': 0.7865434474427526, 'macro': 0.7699391072674726, 'micro': 0.7833030852994556, 'binary': 0.7144906743185078, 'accuracy_majority': 0.7756838905775076, 'macro_majority': 0.770552661132508, 'binary_majority': 0.736240171551108, 'run_time_millis': 3501.7328209942207, 'loss_mean': 0.3101980686187744}
Epoch 4 **** Loss 0.08453650772571564 **** Metrics validation: {'accuracy': 0.8007259528130671, 'f1_weighted': 0.8008440603418023, 'macro': 0.7813563181005041, 'micro': 0.8007259528130671, 'binary': 0.7162790697674418, 'accuracy_majority': 0.7811550151975684, 'macro_majority': 0.7715679648950649, 'binary_majority': 0.724770642201835, 'run_time_millis': 3854.081130994018, 'loss_mean': 0.3209439516067505}
Epoch 5 **** Loss 0.031756442040205 **** Metrics validation: {'accuracy': 0.8050816696914701, 'f1_weighted': 0.8040698713841817, 'macro': 0.783710515200943, 'micro': 0.8050816696914701, 'binary': 0.7157226045526732, 'accuracy_majority': 0.7866261398176292, 'macro_majority': 0.7756407641025223, 'binary_majority': 0.7259953161592506, 'run_time_millis': 3098.0783000122756, 'loss_mean': 0.4164798855781555}
Epoch 6 **** Loss 0.026233647018671036 **** Metrics validation: {'accuracy': 0.7811252268602541, 'f1_weighted': 0.7843384617624867, 'macro': 0.7674536286775067, 'micro': 0.7811252268602541, 'binary': 0.7110685194058458, 'accuracy_majority': 0.766565349544073, 'macro_majority': 0.7612698412698412, 'binary_majority': 0.7257142857142855, 'run_time_millis': 3050.1200080034323, 'loss_mean': 0.4452511668205261}
Epoch 7 **** Loss 0.11436009407043457 **** Metrics validation: {'accuracy': 0.788021778584392, 'f1_weighted': 0.7904816474495275, 'macro': 0.7729868904345549, 'micro': 0.788021778584392, 'binary': 0.7145650048875856, 'accuracy_majority': 0.7720364741641338, 'macro_majority': 0.7659157376343744, 'binary_majority': 0.7280638143582306, 'run_time_millis': 3902.8087410260923, 'loss_mean': 0.4567652642726898}
Epoch 8 **** Loss 0.023037713021039963 **** Metrics validation: {'accuracy': 0.788021778584392, 'f1_weighted': 0.7904121422012302, 'macro': 0.7728045530593409, 'micro': 0.788021778584392, 'binary': 0.7140058765915769, 'accuracy_majority': 0.7702127659574468, 'macro_majority': 0.7638992673325071, 'binary_majority': 0.7252906976744187, 'run_time_millis': 3869.6603790158406, 'loss_mean': 0.49458733201026917}
Epoch 9 **** Loss 0.03682827204465866 **** Metrics validation: {'accuracy': 0.7912885662431942, 'f1_weighted': 0.7929591427475566, 'macro': 0.7745828011995689, 'micro': 0.7912885662431943, 'binary': 0.7132169576059851, 'accuracy_majority': 0.772644376899696, 'macro_majority': 0.765195162462369, 'binary_majority': 0.7233727810650887, 'run_time_millis': 3856.0975749860518, 'loss_mean': 0.5224795341491699}
Evaluating
{'accuracy': 0.8090744101633394, 'f1_weighted': 0.8074223600837744, 'macro': 0.7867717340892129, 'micro': 0.8090744101633394, 'binary': 0.7178111587982832, 'accuracy_majority': 0.7884498480243161, 'macro_majority': 0.7755058823529413, 'binary_majority': 0.7216, 'run_time_millis': 3850.142073002644, 'loss_mean': 0.2284272015094757}
