______________________________	 Running Epoch 1 of 10 	______________________________
[Training] Itteration/Batch:   0/375: Loss: 0.67 | Accuracy: 0.81
[Training] Itteration/Batch:  25/375: Loss: 0.03 | Accuracy: 1.00
[Training] Itteration/Batch:  50/375: Loss: 0.01 | Accuracy: 1.00
[Training] Itteration/Batch:  75/375: Loss: 0.00 | Accuracy: 1.00
[Training] Itteration/Batch: 100/375: Loss: 0.00 | Accuracy: 1.00
[Training] Itteration/Batch: 125/375: Loss: 0.00 | Accuracy: 1.00
[Training] Itteration/Batch: 150/375: Loss: 0.00 | Accuracy: 1.00
[Training] Itteration/Batch: 175/375: Loss: 0.00 | Accuracy: 1.00
[Training] Itteration/Batch: 200/375: Loss: 0.00 | Accuracy: 1.00
[Training] Itteration/Batch: 225/375: Loss: 0.00 | Accuracy: 1.00
[Training] Itteration/Batch: 250/375: Loss: 0.00 | Accuracy: 1.00
[Training] Itteration/Batch: 275/375: Loss: 0.00 | Accuracy: 1.00
[Training] Itteration/Batch: 300/375: Loss: 0.00 | Accuracy: 1.00
[Training] Itteration/Batch: 325/375: Loss: 0.00 | Accuracy: 1.00
[Training] Itteration/Batch: 350/375: Loss: 0.00 | Accuracy: 1.00

Epoch 1: Val Bin. F1 Majority 0.0 | Val Macro F1 Majority 1.0 |             Val Bin F1 Individual 0.0 | Val Macro F1 Individual 1.0 |             Val Accuracy Majority 1.0 | Val Accuracy Individual 1.0 | Training Loss:0.01892923004925251 |             Val Loss 0.0007053320878185332 | Train Runtime Millis 25992.369793999387 | Val Runtime Millis 4060.8197009969444

______________________________	 Running Epoch 2 of 10 	______________________________
[Training] Itteration/Batch:   0/375: Loss: 0.00 | Accuracy: 1.00
[Training] Itteration/Batch:  25/375: Loss: 0.00 | Accuracy: 1.00
[Training] Itteration/Batch:  50/375: Loss: 0.00 | Accuracy: 1.00
[Training] Itteration/Batch:  75/375: Loss: 0.00 | Accuracy: 1.00
[Training] Itteration/Batch: 100/375: Loss: 0.00 | Accuracy: 1.00
[Training] Itteration/Batch: 125/375: Loss: 0.00 | Accuracy: 1.00
[Training] Itteration/Batch: 150/375: Loss: 0.00 | Accuracy: 1.00
[Training] Itteration/Batch: 175/375: Loss: 0.00 | Accuracy: 1.00
[Training] Itteration/Batch: 200/375: Loss: 0.00 | Accuracy: 1.00
[Training] Itteration/Batch: 225/375: Loss: 0.00 | Accuracy: 1.00
[Training] Itteration/Batch: 250/375: Loss: 0.00 | Accuracy: 1.00
[Training] Itteration/Batch: 275/375: Loss: 0.00 | Accuracy: 1.00
[Training] Itteration/Batch: 300/375: Loss: 0.00 | Accuracy: 1.00
[Training] Itteration/Batch: 325/375: Loss: 0.00 | Accuracy: 1.00
[Training] Itteration/Batch: 350/375: Loss: 0.00 | Accuracy: 1.00

Epoch 2: Val Bin. F1 Majority 0.0 | Val Macro F1 Majority 1.0 |             Val Bin F1 Individual 0.0 | Val Macro F1 Individual 1.0 |             Val Accuracy Majority 1.0 | Val Accuracy Individual 1.0 | Training Loss:0.0005925981095060706 |             Val Loss 0.0003702322719618678 | Train Runtime Millis 25526.092739997694 | Val Runtime Millis 4069.1269130002183

______________________________	 Running Epoch 3 of 10 	______________________________
[Training] Itteration/Batch:   0/375: Loss: 0.00 | Accuracy: 1.00
[Training] Itteration/Batch:  25/375: Loss: 0.00 | Accuracy: 1.00
[Training] Itteration/Batch:  50/375: Loss: 0.00 | Accuracy: 1.00
[Training] Itteration/Batch:  75/375: Loss: 0.00 | Accuracy: 1.00
[Training] Itteration/Batch: 100/375: Loss: 0.00 | Accuracy: 1.00
[Training] Itteration/Batch: 125/375: Loss: 0.00 | Accuracy: 1.00
[Training] Itteration/Batch: 150/375: Loss: 0.00 | Accuracy: 1.00
[Training] Itteration/Batch: 175/375: Loss: 0.00 | Accuracy: 1.00
[Training] Itteration/Batch: 200/375: Loss: 0.00 | Accuracy: 1.00
[Training] Itteration/Batch: 225/375: Loss: 0.00 | Accuracy: 1.00
[Training] Itteration/Batch: 250/375: Loss: 0.00 | Accuracy: 1.00
[Training] Itteration/Batch: 275/375: Loss: 0.00 | Accuracy: 1.00
[Training] Itteration/Batch: 300/375: Loss: 0.00 | Accuracy: 1.00
[Training] Itteration/Batch: 325/375: Loss: 0.00 | Accuracy: 1.00
[Training] Itteration/Batch: 350/375: Loss: 0.00 | Accuracy: 1.00

Epoch 3: Val Bin. F1 Majority 0.0 | Val Macro F1 Majority 1.0 |             Val Bin F1 Individual 0.0 | Val Macro F1 Individual 1.0 |             Val Accuracy Majority 1.0 | Val Accuracy Individual 1.0 | Training Loss:0.0003542467311490327 |             Val Loss 0.00025533081497997046 | Train Runtime Millis 25564.494211001147 | Val Runtime Millis 4067.089890999341

______________________________	 Running Epoch 4 of 10 	______________________________
[Training] Itteration/Batch:   0/375: Loss: 0.00 | Accuracy: 1.00
[Training] Itteration/Batch:  25/375: Loss: 0.00 | Accuracy: 1.00
[Training] Itteration/Batch:  50/375: Loss: 0.00 | Accuracy: 1.00
[Training] Itteration/Batch:  75/375: Loss: 0.00 | Accuracy: 1.00
[Training] Itteration/Batch: 100/375: Loss: 0.00 | Accuracy: 1.00
[Training] Itteration/Batch: 125/375: Loss: 0.00 | Accuracy: 1.00
[Training] Itteration/Batch: 150/375: Loss: 0.00 | Accuracy: 1.00
[Training] Itteration/Batch: 175/375: Loss: 0.00 | Accuracy: 1.00
[Training] Itteration/Batch: 200/375: Loss: 0.00 | Accuracy: 1.00
[Training] Itteration/Batch: 225/375: Loss: 0.00 | Accuracy: 1.00
[Training] Itteration/Batch: 250/375: Loss: 0.00 | Accuracy: 1.00
[Training] Itteration/Batch: 275/375: Loss: 0.00 | Accuracy: 1.00
[Training] Itteration/Batch: 300/375: Loss: 0.00 | Accuracy: 1.00
[Training] Itteration/Batch: 325/375: Loss: 0.00 | Accuracy: 1.00
[Training] Itteration/Batch: 350/375: Loss: 0.00 | Accuracy: 1.00

Epoch 4: Val Bin. F1 Majority 0.0 | Val Macro F1 Majority 1.0 |             Val Bin F1 Individual 0.0 | Val Macro F1 Individual 1.0 |             Val Accuracy Majority 1.0 | Val Accuracy Individual 1.0 | Training Loss:0.00025471742264926434 |             Val Loss 0.00019641549442894757 | Train Runtime Millis 25596.666492001532 | Val Runtime Millis 4206.00826000009

______________________________	 Running Epoch 5 of 10 	______________________________
[Training] Itteration/Batch:   0/375: Loss: 0.00 | Accuracy: 1.00
[Training] Itteration/Batch:  25/375: Loss: 0.00 | Accuracy: 1.00
[Training] Itteration/Batch:  50/375: Loss: 0.00 | Accuracy: 1.00
[Training] Itteration/Batch:  75/375: Loss: 0.00 | Accuracy: 1.00
[Training] Itteration/Batch: 100/375: Loss: 0.00 | Accuracy: 1.00
[Training] Itteration/Batch: 125/375: Loss: 0.00 | Accuracy: 1.00
[Training] Itteration/Batch: 150/375: Loss: 0.00 | Accuracy: 1.00
[Training] Itteration/Batch: 175/375: Loss: 0.00 | Accuracy: 1.00
[Training] Itteration/Batch: 200/375: Loss: 0.00 | Accuracy: 1.00
[Training] Itteration/Batch: 225/375: Loss: 0.00 | Accuracy: 1.00
[Training] Itteration/Batch: 250/375: Loss: 0.00 | Accuracy: 1.00
[Training] Itteration/Batch: 275/375: Loss: 0.00 | Accuracy: 1.00
[Training] Itteration/Batch: 300/375: Loss: 0.00 | Accuracy: 1.00
[Training] Itteration/Batch: 325/375: Loss: 0.00 | Accuracy: 1.00
[Training] Itteration/Batch: 350/375: Loss: 0.00 | Accuracy: 1.00

Epoch 5: Val Bin. F1 Majority 0.0 | Val Macro F1 Majority 1.0 |             Val Bin F1 Individual 0.0 | Val Macro F1 Individual 1.0 |             Val Accuracy Majority 1.0 | Val Accuracy Individual 1.0 | Training Loss:0.00019877226441167295 |             Val Loss 0.00015955895651131868 | Train Runtime Millis 25654.5488619995 | Val Runtime Millis 4071.270176998951

