Device cuda
Split type sit
Training Size: 3750, NTA labels 3602, YTA labels 148
Validation Size: 39418, NTA labels 37888, YTA labels 1530
Test Size: 39374, NTA labels 37827, YTA labels 1547
Training with SBERT, model name is sbert
Tokenizing the dataset
Number of training steps 1180
Epoch 0 **** Loss 0.029982373118400574 **** Metrics validation: {'accuracy': 0.8385255467045513, 'f1_weighted': 0.8811000043876495, 'macro': 0.5276124199066978, 'micro': 0.8385255467045513, 'binary': 0.14437424384997982, 'accuracy_majority': 0.8475541368302993, 'macro_majority': 0.5206597429321507, 'binary_majority': 0.12481426448736999, 'run_time_millis': 16521.91439969465, 'loss_mean': 0.05426875129342079}
Epoch 1 **** Loss 0.02345503307878971 **** Metrics validation: {'accuracy': 0.831802729717388, 'f1_weighted': 0.878741385914233, 'macro': 0.5554000327492283, 'micro': 0.831802729717388, 'binary': 0.2048452866394819, 'accuracy_majority': 0.8402208610128548, 'macro_majority': 0.5477896888661191, 'binary_majority': 0.1841409691629956, 'run_time_millis': 15325.622391421348, 'loss_mean': 0.04753999784588814}
Epoch 2 **** Loss 0.1145099475979805 **** Metrics validation: {'accuracy': 0.8372824597899436, 'f1_weighted': 0.8827617074688464, 'macro': 0.5712442833713438, 'micro': 0.8372824597899436, 'binary': 0.23350860420650096, 'accuracy_majority': 0.8452247433353464, 'macro_majority': 0.5643451832342531, 'binary_majority': 0.21453590192644484, 'run_time_millis': 14325.028052087873, 'loss_mean': 0.043540727347135544}
Epoch 3 **** Loss 0.010898906737565994 **** Metrics validation: {'accuracy': 0.8465421888477346, 'f1_weighted': 0.8884625182280435, 'macro': 0.5772231194922316, 'micro': 0.8465421888477346, 'binary': 0.23978886515018225, 'accuracy_majority': 0.8539384004831335, 'macro_majority': 0.5694433995140158, 'binary_majority': 0.21945597049331486, 'run_time_millis': 14328.026869799942, 'loss_mean': 0.04524688050150871}
Epoch 4 **** Loss 0.0023798204492777586 **** Metrics validation: {'accuracy': 0.8936526459992896, 'f1_weighted': 0.916258408782672, 'macro': 0.6020763280188306, 'micro': 0.8936526459992896, 'binary': 0.26145172656800564, 'accuracy_majority': 0.9037184022086101, 'macro_majority': 0.6032489797480729, 'binary_majority': 0.2579787234042553, 'run_time_millis': 14337.134905625135, 'loss_mean': 0.061541344970464706}
Epoch 5 **** Loss 0.00280743301846087 **** Metrics validation: {'accuracy': 0.8890608351514536, 'f1_weighted': 0.9137193514415818, 'macro': 0.6012291683546238, 'micro': 0.8890608351514536, 'binary': 0.26243885984145726, 'accuracy_majority': 0.8984556983866793, 'macro_majority': 0.6005231268576041, 'binary_majority': 0.25553447185325745, 'run_time_millis': 14326.877568848431, 'loss_mean': 0.06504878401756287}
Epoch 6 **** Loss 0.028742797672748566 **** Metrics validation: {'accuracy': 0.8859404333045816, 'f1_weighted': 0.911939465846402, 'macro': 0.5999682364221426, 'micro': 0.8859404333045816, 'binary': 0.2617405582922824, 'accuracy_majority': 0.8950047450608231, 'macro_majority': 0.5977686617202715, 'binary_majority': 0.2519975414874001, 'run_time_millis': 14330.129390582442, 'loss_mean': 0.06915722042322159}
Epoch 7 **** Loss 0.0013644779101014137 **** Metrics validation: {'accuracy': 0.8940331828098839, 'f1_weighted': 0.9166645562257997, 'macro': 0.6051039827097557, 'micro': 0.8940331828098839, 'binary': 0.26732152253990527, 'accuracy_majority': 0.9037184022086101, 'macro_majority': 0.606171482767767, 'binary_majority': 0.2638522427440633, 'run_time_millis': 15782.028225716203, 'loss_mean': 0.07644233852624893}
Epoch 8 **** Loss 0.015786806121468544 **** Metrics validation: {'accuracy': 0.9166878076005885, 'f1_weighted': 0.9293473745719821, 'macro': 0.6149508336253133, 'micro': 0.9166878076005885, 'binary': 0.2740937223695844, 'accuracy_majority': 0.9265809679924079, 'macro_majority': 0.6203720783840901, 'binary_majority': 0.27942421676545304, 'run_time_millis': 16244.220882188529, 'loss_mean': 0.09391902387142181}
Epoch 9 **** Loss 0.0004991035093553364 **** Metrics validation: {'accuracy': 0.9137196204779542, 'f1_weighted': 0.9277807360254512, 'macro': 0.6147164132600527, 'micro': 0.9137196204779542, 'binary': 0.27530364372469635, 'accuracy_majority': 0.9235613838322837, 'macro_majority': 0.6196570047879779, 'binary_majority': 0.27967479674796747, 'run_time_millis': 16172.252943739295, 'loss_mean': 0.09095367044210434}
Evaluating
{'accuracy': 0.9166878076005885, 'f1_weighted': 0.9293473745719821, 'macro': 0.6149508336253133, 'micro': 0.9166878076005885, 'binary': 0.2740937223695844, 'accuracy_majority': 0.9265809679924079, 'macro_majority': 0.6203720783840901, 'binary_majority': 0.27942421676545304, 'run_time_millis': 15495.677332859486, 'loss_mean': 0.09391902387142181}
Device cuda
Split type sit
Training Size: 4700, NTA labels 4532, YTA labels 168
Validation Size: 39418, NTA labels 37888, YTA labels 1530
Test Size: 39374, NTA labels 37827, YTA labels 1547
Training with SBERT, model name is sbert
Tokenizing the dataset
Number of training steps 1470
Epoch 0 **** Loss 0.029436971992254257 **** Metrics validation: {'accuracy': 0.7727434167131767, 'f1_weighted': 0.8410655247859612, 'macro': 0.5134402009518407, 'micro': 0.7727434167131767, 'binary': 0.15824093215560986, 'accuracy_majority': 0.7790527133120525, 'macro_majority': 0.5039334569265431, 'binary_majority': 0.13450490030415682, 'run_time_millis': 14459.800366777927, 'loss_mean': 0.05210331454873085}
Epoch 1 **** Loss 0.035787325352430344 **** Metrics validation: {'accuracy': 0.8232533360393729, 'f1_weighted': 0.8737320852177737, 'macro': 0.5560401408472893, 'micro': 0.823253336039373, 'binary': 0.21161027498019688, 'accuracy_majority': 0.8309032870330428, 'macro_majority': 0.5494834550133102, 'binary_majority': 0.19341563786008228, 'run_time_millis': 14315.553406253457, 'loss_mean': 0.04398356005549431}
Epoch 2 **** Loss 0.015241228975355625 **** Metrics validation: {'accuracy': 0.8847480846313867, 'f1_weighted': 0.9113548461220095, 'macro': 0.601002380842552, 'micro': 0.8847480846313867, 'binary': 0.26452970697749717, 'accuracy_majority': 0.8937106375636269, 'macro_majority': 0.5998488180164807, 'binary_majority': 0.2569360675512666, 'run_time_millis': 14332.243093755096, 'loss_mean': 0.04558846727013588}
Epoch 3 **** Loss 0.012104995548725128 **** Metrics validation: {'accuracy': 0.8680552032066569, 'f1_weighted': 0.9015477530494518, 'macro': 0.5919311430356348, 'micro': 0.8680552032066567, 'binary': 0.25625625625625625, 'accuracy_majority': 0.876542144767492, 'macro_majority': 0.588815376932395, 'binary_majority': 0.24485488126649077, 'run_time_millis': 14326.393072959036, 'loss_mean': 0.049735743552446365}
Epoch 4 **** Loss 0.00408903555944562 **** Metrics validation: {'accuracy': 0.8872342584606018, 'f1_weighted': 0.9129498999540876, 'macro': 0.6046843894298027, 'micro': 0.8872342584606018, 'binary': 0.27047431478746103, 'accuracy_majority': 0.8961263048917263, 'macro_majority': 0.6036413197463679, 'binary_majority': 0.2631578947368421, 'run_time_millis': 14321.7937159352, 'loss_mean': 0.058837562799453735}
Epoch 5 **** Loss 0.023622412234544754 **** Metrics validation: {'accuracy': 0.8850017758384494, 'f1_weighted': 0.9115044290233351, 'macro': 0.6011715902162267, 'micro': 0.8850017758384494, 'binary': 0.2647201946472019, 'accuracy_majority': 0.894142006729359, 'macro_majority': 0.6012508227160036, 'binary_majority': 0.2595051297525649, 'run_time_millis': 14290.007282048464, 'loss_mean': 0.06743339449167252}
Epoch 6 **** Loss 0.018422944471240044 **** Metrics validation: {'accuracy': 0.9085189507331676, 'f1_weighted': 0.9253292072473789, 'macro': 0.6188160144972799, 'micro': 0.9085189507331676, 'binary': 0.28650573802928375, 'accuracy_majority': 0.9182986800103529, 'macro_majority': 0.6241734748781661, 'binary_majority': 0.29169783096484664, 'run_time_millis': 14304.592448752373, 'loss_mean': 0.08047229051589966}
Epoch 7 **** Loss 0.010732576251029968 **** Metrics validation: {'accuracy': 0.9150641838753869, 'f1_weighted': 0.9287832584119389, 'macro': 0.618970766486499, 'micro': 0.915064183875387, 'binary': 0.28308351177730195, 'accuracy_majority': 0.9248554913294798, 'macro_majority': 0.6240760069581842, 'binary_majority': 0.2878168438266558, 'run_time_millis': 14327.093625906855, 'loss_mean': 0.09089235216379166}
Epoch 8 **** Loss 0.019565900787711143 **** Metrics validation: {'accuracy': 0.9217108935004312, 'f1_weighted': 0.9323716244694804, 'macro': 0.6207937654882202, 'micro': 0.9217108935004311, 'binary': 0.28299256505576204, 'accuracy_majority': 0.931498576481753, 'macro_majority': 0.6256367213597014, 'binary_majority': 0.28725314183123873, 'run_time_millis': 14356.353010982275, 'loss_mean': 0.09929380565881729}
Epoch 9 **** Loss 0.024523602798581123 **** Metrics validation: {'accuracy': 0.9141255264092547, 'f1_weighted': 0.9282274566533828, 'macro': 0.6180532401887701, 'micro': 0.9141255264092547, 'binary': 0.2817738171016338, 'accuracy_majority': 0.9237339314985765, 'macro_majority': 0.6222544775245623, 'binary_majority': 0.284789644012945, 'run_time_millis': 14365.76798511669, 'loss_mean': 0.09359157085418701}
Evaluating
{'accuracy': 0.9217108935004312, 'f1_weighted': 0.9323716244694804, 'macro': 0.6207937654882202, 'micro': 0.9217108935004311, 'binary': 0.28299256505576204, 'accuracy_majority': 0.931498576481753, 'macro_majority': 0.6256367213597014, 'binary_majority': 0.28725314183123873, 'run_time_millis': 14402.479607146233, 'loss_mean': 0.09929380565881729}
Device cuda
