______________________________	 Running Epoch 1 of 10 	______________________________
[Training] Itteration/Batch:   0/400: Loss: 2.41 | Accuracy: 0.43
[Training] Itteration/Batch:  25/400: Loss: 1.54 | Accuracy: 0.91
[Training] Itteration/Batch:  50/400: Loss: 1.18 | Accuracy: 1.00
[Training] Itteration/Batch:  75/400: Loss: 0.86 | Accuracy: 1.00
[Training] Itteration/Batch: 100/400: Loss: 0.84 | Accuracy: 1.00
[Training] Itteration/Batch: 125/400: Loss: 0.68 | Accuracy: 0.98
[Training] Itteration/Batch: 150/400: Loss: 0.49 | Accuracy: 1.00
[Training] Itteration/Batch: 175/400: Loss: 0.44 | Accuracy: 1.00
[Training] Itteration/Batch: 200/400: Loss: 0.41 | Accuracy: 1.00
[Training] Itteration/Batch: 225/400: Loss: 0.33 | Accuracy: 1.00
[Training] Itteration/Batch: 250/400: Loss: 0.26 | Accuracy: 1.00
[Training] Itteration/Batch: 275/400: Loss: 0.30 | Accuracy: 1.00
[Training] Itteration/Batch: 300/400: Loss: 0.22 | Accuracy: 1.00
[Training] Itteration/Batch: 325/400: Loss: 0.20 | Accuracy: 1.00
[Training] Itteration/Batch: 350/400: Loss: 0.19 | Accuracy: 1.00
[Training] Itteration/Batch: 375/400: Loss: 0.14 | Accuracy: 1.00

Epoch 1: Val Bin. F1 Majority 0.0 | Val Macro F1 Majority 1.0 |             Val Bin F1 Individual 0.0 | Val Macro F1 Individual 1.0 |             Val Accuracy Majority 1.0 | Val Accuracy Individual 1.0 | Training Loss:0.60390305519104 |             Val Loss 0.13036678731441498 | Train Runtime Millis 57153.284120955504 | Val Runtime Millis 11378.69520089589

______________________________	 Running Epoch 2 of 10 	______________________________
[Training] Itteration/Batch:   0/400: Loss: 0.12 | Accuracy: 1.00
[Training] Itteration/Batch:  25/400: Loss: 0.12 | Accuracy: 1.00
[Training] Itteration/Batch:  50/400: Loss: 0.10 | Accuracy: 1.00
[Training] Itteration/Batch:  75/400: Loss: 0.09 | Accuracy: 1.00
[Training] Itteration/Batch: 100/400: Loss: 0.10 | Accuracy: 1.00
[Training] Itteration/Batch: 125/400: Loss: 0.09 | Accuracy: 1.00
[Training] Itteration/Batch: 150/400: Loss: 0.07 | Accuracy: 1.00
[Training] Itteration/Batch: 175/400: Loss: 0.07 | Accuracy: 1.00
[Training] Itteration/Batch: 200/400: Loss: 0.08 | Accuracy: 1.00
[Training] Itteration/Batch: 225/400: Loss: 0.07 | Accuracy: 1.00
[Training] Itteration/Batch: 250/400: Loss: 0.08 | Accuracy: 1.00
[Training] Itteration/Batch: 275/400: Loss: 0.07 | Accuracy: 1.00
[Training] Itteration/Batch: 300/400: Loss: 0.06 | Accuracy: 1.00
[Training] Itteration/Batch: 325/400: Loss: 0.06 | Accuracy: 1.00
[Training] Itteration/Batch: 350/400: Loss: 0.05 | Accuracy: 1.00
[Training] Itteration/Batch: 375/400: Loss: 0.05 | Accuracy: 1.00

Epoch 2: Val Bin. F1 Majority 0.0 | Val Macro F1 Majority 1.0 |             Val Bin F1 Individual 0.0 | Val Macro F1 Individual 1.0 |             Val Accuracy Majority 1.0 | Val Accuracy Individual 1.0 | Training Loss:0.07971468567848206 |             Val Loss 0.0457833930850029 | Train Runtime Millis 56849.77952099871 | Val Runtime Millis 11381.388575071469

______________________________	 Running Epoch 3 of 10 	______________________________
[Training] Itteration/Batch:   0/400: Loss: 0.05 | Accuracy: 1.00
[Training] Itteration/Batch:  25/400: Loss: 0.04 | Accuracy: 1.00
[Training] Itteration/Batch:  50/400: Loss: 0.05 | Accuracy: 1.00
[Training] Itteration/Batch:  75/400: Loss: 0.04 | Accuracy: 1.00
[Training] Itteration/Batch: 100/400: Loss: 0.04 | Accuracy: 1.00
[Training] Itteration/Batch: 125/400: Loss: 0.04 | Accuracy: 1.00
[Training] Itteration/Batch: 150/400: Loss: 0.05 | Accuracy: 1.00
[Training] Itteration/Batch: 175/400: Loss: 0.04 | Accuracy: 1.00
[Training] Itteration/Batch: 200/400: Loss: 0.03 | Accuracy: 1.00
[Training] Itteration/Batch: 225/400: Loss: 0.04 | Accuracy: 1.00
[Training] Itteration/Batch: 250/400: Loss: 0.03 | Accuracy: 1.00
[Training] Itteration/Batch: 275/400: Loss: 0.03 | Accuracy: 1.00
[Training] Itteration/Batch: 300/400: Loss: 0.03 | Accuracy: 1.00
[Training] Itteration/Batch: 325/400: Loss: 0.03 | Accuracy: 1.00
[Training] Itteration/Batch: 350/400: Loss: 0.02 | Accuracy: 1.00
[Training] Itteration/Batch: 375/400: Loss: 0.02 | Accuracy: 1.00

Epoch 3: Val Bin. F1 Majority 0.0 | Val Macro F1 Majority 1.0 |             Val Bin F1 Individual 0.0 | Val Macro F1 Individual 1.0 |             Val Accuracy Majority 1.0 | Val Accuracy Individual 1.0 | Training Loss:0.03482230007648468 |             Val Loss 0.02480517514050007 | Train Runtime Millis 56815.16249803826 | Val Runtime Millis 11370.370013988577

______________________________	 Running Epoch 4 of 10 	______________________________
[Training] Itteration/Batch:   0/400: Loss: 0.02 | Accuracy: 1.00
[Training] Itteration/Batch:  25/400: Loss: 0.02 | Accuracy: 1.00
[Training] Itteration/Batch:  50/400: Loss: 0.02 | Accuracy: 1.00
[Training] Itteration/Batch:  75/400: Loss: 0.02 | Accuracy: 1.00
[Training] Itteration/Batch: 100/400: Loss: 0.02 | Accuracy: 1.00
[Training] Itteration/Batch: 125/400: Loss: 0.02 | Accuracy: 1.00
[Training] Itteration/Batch: 150/400: Loss: 0.02 | Accuracy: 1.00
[Training] Itteration/Batch: 175/400: Loss: 0.02 | Accuracy: 1.00
[Training] Itteration/Batch: 200/400: Loss: 0.02 | Accuracy: 1.00
[Training] Itteration/Batch: 225/400: Loss: 0.02 | Accuracy: 1.00
[Training] Itteration/Batch: 250/400: Loss: 0.02 | Accuracy: 1.00
[Training] Itteration/Batch: 275/400: Loss: 0.02 | Accuracy: 1.00
[Training] Itteration/Batch: 300/400: Loss: 0.02 | Accuracy: 1.00
[Training] Itteration/Batch: 325/400: Loss: 0.02 | Accuracy: 1.00
[Training] Itteration/Batch: 350/400: Loss: 0.02 | Accuracy: 1.00
[Training] Itteration/Batch: 375/400: Loss: 0.02 | Accuracy: 1.00

Epoch 4: Val Bin. F1 Majority 0.0 | Val Macro F1 Majority 1.0 |             Val Bin F1 Individual 0.0 | Val Macro F1 Individual 1.0 |             Val Accuracy Majority 1.0 | Val Accuracy Individual 1.0 | Training Loss:0.020530428737401962 |             Val Loss 0.015953050926327705 | Train Runtime Millis 56845.18091799691 | Val Runtime Millis 11372.854043962434

______________________________	 Running Epoch 5 of 10 	______________________________
[Training] Itteration/Batch:   0/400: Loss: 0.01 | Accuracy: 1.00
[Training] Itteration/Batch:  25/400: Loss: 0.02 | Accuracy: 1.00
[Training] Itteration/Batch:  50/400: Loss: 0.02 | Accuracy: 1.00
[Training] Itteration/Batch:  75/400: Loss: 0.02 | Accuracy: 1.00
[Training] Itteration/Batch: 100/400: Loss: 0.02 | Accuracy: 1.00
[Training] Itteration/Batch: 125/400: Loss: 0.02 | Accuracy: 1.00
[Training] Itteration/Batch: 150/400: Loss: 0.02 | Accuracy: 1.00
[Training] Itteration/Batch: 175/400: Loss: 0.01 | Accuracy: 1.00
[Training] Itteration/Batch: 200/400: Loss: 0.01 | Accuracy: 1.00
[Training] Itteration/Batch: 225/400: Loss: 0.01 | Accuracy: 1.00
[Training] Itteration/Batch: 250/400: Loss: 0.01 | Accuracy: 1.00
[Training] Itteration/Batch: 275/400: Loss: 0.01 | Accuracy: 1.00
[Training] Itteration/Batch: 300/400: Loss: 0.01 | Accuracy: 1.00
[Training] Itteration/Batch: 325/400: Loss: 0.01 | Accuracy: 1.00
[Training] Itteration/Batch: 350/400: Loss: 0.01 | Accuracy: 1.00
[Training] Itteration/Batch: 375/400: Loss: 0.01 | Accuracy: 1.00

Epoch 5: Val Bin. F1 Majority 0.0 | Val Macro F1 Majority 1.0 |             Val Bin F1 Individual 0.0 | Val Macro F1 Individual 1.0 |             Val Accuracy Majority 1.0 | Val Accuracy Individual 1.0 | Training Loss:0.013876991346478462 |             Val Loss 0.011278560385107994 | Train Runtime Millis 56768.18620809354 | Val Runtime Millis 11381.856533931568

______________________________	 Running Epoch 6 of 10 	______________________________
[Training] Itteration/Batch:   0/400: Loss: 0.01 | Accuracy: 1.00
[Training] Itteration/Batch:  25/400: Loss: 0.01 | Accuracy: 1.00
[Training] Itteration/Batch:  50/400: Loss: 0.01 | Accuracy: 1.00
[Training] Itteration/Batch:  75/400: Loss: 0.01 | Accuracy: 1.00
[Training] Itteration/Batch: 100/400: Loss: 0.01 | Accuracy: 1.00
[Training] Itteration/Batch: 125/400: Loss: 0.01 | Accuracy: 1.00
[Training] Itteration/Batch: 150/400: Loss: 0.01 | Accuracy: 1.00
[Training] Itteration/Batch: 175/400: Loss: 0.01 | Accuracy: 1.00
[Training] Itteration/Batch: 200/400: Loss: 0.01 | Accuracy: 1.00
[Training] Itteration/Batch: 225/400: Loss: 0.01 | Accuracy: 1.00
[Training] Itteration/Batch: 250/400: Loss: 0.01 | Accuracy: 1.00
[Training] Itteration/Batch: 275/400: Loss: 0.01 | Accuracy: 1.00
[Training] Itteration/Batch: 300/400: Loss: 0.01 | Accuracy: 1.00
[Training] Itteration/Batch: 325/400: Loss: 0.01 | Accuracy: 1.00
[Training] Itteration/Batch: 350/400: Loss: 0.01 | Accuracy: 1.00
[Training] Itteration/Batch: 375/400: Loss: 0.01 | Accuracy: 1.00

Epoch 6: Val Bin. F1 Majority 0.0 | Val Macro F1 Majority 1.0 |             Val Bin F1 Individual 0.0 | Val Macro F1 Individual 1.0 |             Val Accuracy Majority 1.0 | Val Accuracy Individual 1.0 | Training Loss:0.010092608630657196 |             Val Loss 0.008464793674647808 | Train Runtime Millis 57033.5623169085 | Val Runtime Millis 11399.3024029769

______________________________	 Running Epoch 7 of 10 	______________________________
[Training] Itteration/Batch:   0/400: Loss: 0.01 | Accuracy: 1.00
[Training] Itteration/Batch:  25/400: Loss: 0.01 | Accuracy: 1.00
[Training] Itteration/Batch:  50/400: Loss: 0.01 | Accuracy: 1.00
[Training] Itteration/Batch:  75/400: Loss: 0.01 | Accuracy: 1.00
[Training] Itteration/Batch: 100/400: Loss: 0.01 | Accuracy: 1.00
[Training] Itteration/Batch: 125/400: Loss: 0.01 | Accuracy: 1.00
[Training] Itteration/Batch: 150/400: Loss: 0.01 | Accuracy: 1.00
[Training] Itteration/Batch: 175/400: Loss: 0.01 | Accuracy: 1.00
[Training] Itteration/Batch: 200/400: Loss: 0.01 | Accuracy: 1.00
[Training] Itteration/Batch: 225/400: Loss: 0.01 | Accuracy: 1.00
[Training] Itteration/Batch: 250/400: Loss: 0.01 | Accuracy: 1.00
[Training] Itteration/Batch: 275/400: Loss: 0.01 | Accuracy: 1.00
[Training] Itteration/Batch: 300/400: Loss: 0.01 | Accuracy: 1.00
[Training] Itteration/Batch: 325/400: Loss: 0.01 | Accuracy: 1.00
[Training] Itteration/Batch: 350/400: Loss: 0.01 | Accuracy: 1.00
[Training] Itteration/Batch: 375/400: Loss: 0.01 | Accuracy: 1.00

Epoch 7: Val Bin. F1 Majority 0.0 | Val Macro F1 Majority 1.0 |             Val Bin F1 Individual 0.0 | Val Macro F1 Individual 1.0 |             Val Accuracy Majority 1.0 | Val Accuracy Individual 1.0 | Training Loss:0.007721525616943836 |             Val Loss 0.006603541783988476 | Train Runtime Millis 56771.92867198028 | Val Runtime Millis 11355.428214999847

______________________________	 Running Epoch 8 of 10 	______________________________
[Training] Itteration/Batch:   0/400: Loss: 0.01 | Accuracy: 1.00
[Training] Itteration/Batch:  25/400: Loss: 0.01 | Accuracy: 1.00
[Training] Itteration/Batch:  50/400: Loss: 0.01 | Accuracy: 1.00
[Training] Itteration/Batch:  75/400: Loss: 0.01 | Accuracy: 1.00
[Training] Itteration/Batch: 100/400: Loss: 0.01 | Accuracy: 1.00
[Training] Itteration/Batch: 125/400: Loss: 0.01 | Accuracy: 1.00
[Training] Itteration/Batch: 150/400: Loss: 0.01 | Accuracy: 1.00
[Training] Itteration/Batch: 175/400: Loss: 0.01 | Accuracy: 1.00
[Training] Itteration/Batch: 200/400: Loss: 0.01 | Accuracy: 1.00
[Training] Itteration/Batch: 225/400: Loss: 0.01 | Accuracy: 1.00
[Training] Itteration/Batch: 250/400: Loss: 0.01 | Accuracy: 1.00
[Training] Itteration/Batch: 275/400: Loss: 0.01 | Accuracy: 1.00
[Training] Itteration/Batch: 300/400: Loss: 0.01 | Accuracy: 1.00
[Training] Itteration/Batch: 325/400: Loss: 0.01 | Accuracy: 1.00
[Training] Itteration/Batch: 350/400: Loss: 0.01 | Accuracy: 1.00
[Training] Itteration/Batch: 375/400: Loss: 0.01 | Accuracy: 1.00

Epoch 8: Val Bin. F1 Majority 0.0 | Val Macro F1 Majority 1.0 |             Val Bin F1 Individual 0.0 | Val Macro F1 Individual 1.0 |             Val Accuracy Majority 1.0 | Val Accuracy Individual 1.0 | Training Loss:0.00612169224768877 |             Val Loss 0.005314658861607313 | Train Runtime Millis 56774.57381610293 | Val Runtime Millis 11330.213950946927

______________________________	 Running Epoch 9 of 10 	______________________________
[Training] Itteration/Batch:   0/400: Loss: 0.01 | Accuracy: 1.00
[Training] Itteration/Batch:  25/400: Loss: 0.01 | Accuracy: 1.00
[Training] Itteration/Batch:  50/400: Loss: 0.01 | Accuracy: 1.00
[Training] Itteration/Batch:  75/400: Loss: 0.01 | Accuracy: 1.00
[Training] Itteration/Batch: 100/400: Loss: 0.00 | Accuracy: 1.00
[Training] Itteration/Batch: 125/400: Loss: 0.01 | Accuracy: 1.00
[Training] Itteration/Batch: 150/400: Loss: 0.01 | Accuracy: 1.00
[Training] Itteration/Batch: 175/400: Loss: 0.00 | Accuracy: 1.00
[Training] Itteration/Batch: 200/400: Loss: 0.00 | Accuracy: 1.00
[Training] Itteration/Batch: 225/400: Loss: 0.00 | Accuracy: 1.00
[Training] Itteration/Batch: 250/400: Loss: 0.01 | Accuracy: 1.00
[Training] Itteration/Batch: 275/400: Loss: 0.01 | Accuracy: 1.00
[Training] Itteration/Batch: 300/400: Loss: 0.00 | Accuracy: 1.00
[Training] Itteration/Batch: 325/400: Loss: 0.01 | Accuracy: 1.00
[Training] Itteration/Batch: 350/400: Loss: 0.01 | Accuracy: 1.00
[Training] Itteration/Batch: 375/400: Loss: 0.00 | Accuracy: 1.00

Epoch 9: Val Bin. F1 Majority 0.0 | Val Macro F1 Majority 1.0 |             Val Bin F1 Individual 0.0 | Val Macro F1 Individual 1.0 |             Val Accuracy Majority 1.0 | Val Accuracy Individual 1.0 | Training Loss:0.0049586729146540165 |             Val Loss 0.0043553845025599 | Train Runtime Millis 56574.07870492898 | Val Runtime Millis 11321.35673391167

______________________________	 Running Epoch 10 of 10 	______________________________
[Training] Itteration/Batch:   0/400: Loss: 0.00 | Accuracy: 1.00
[Training] Itteration/Batch:  25/400: Loss: 0.00 | Accuracy: 1.00
[Training] Itteration/Batch:  50/400: Loss: 0.00 | Accuracy: 1.00
[Training] Itteration/Batch:  75/400: Loss: 0.00 | Accuracy: 1.00
[Training] Itteration/Batch: 100/400: Loss: 0.00 | Accuracy: 1.00
[Training] Itteration/Batch: 125/400: Loss: 0.00 | Accuracy: 1.00
[Training] Itteration/Batch: 150/400: Loss: 0.01 | Accuracy: 1.00
[Training] Itteration/Batch: 175/400: Loss: 0.00 | Accuracy: 1.00
[Training] Itteration/Batch: 200/400: Loss: 0.00 | Accuracy: 1.00
[Training] Itteration/Batch: 225/400: Loss: 0.00 | Accuracy: 1.00
[Training] Itteration/Batch: 250/400: Loss: 0.00 | Accuracy: 1.00
[Training] Itteration/Batch: 275/400: Loss: 0.00 | Accuracy: 1.00
[Training] Itteration/Batch: 300/400: Loss: 0.00 | Accuracy: 1.00
[Training] Itteration/Batch: 325/400: Loss: 0.00 | Accuracy: 1.00
[Training] Itteration/Batch: 350/400: Loss: 0.00 | Accuracy: 1.00
[Training] Itteration/Batch: 375/400: Loss: 0.00 | Accuracy: 1.00

Epoch 10: Val Bin. F1 Majority 0.0 | Val Macro F1 Majority 1.0 |             Val Bin F1 Individual 0.0 | Val Macro F1 Individual 1.0 |             Val Accuracy Majority 1.0 | Val Accuracy Individual 1.0 | Training Loss:0.0041000256314873695 |             Val Loss 0.00363240041770041 | Train Runtime Millis 56819.03437490109 | Val Runtime Millis 11336.251011001877

