Device cuda
Split type sit
Training Size: 46555, NTA labels 45311, YTA labels 1244
Validation Size: 15550, NTA labels 15147, YTA labels 403
Test Size: 15457, NTA labels 15048, YTA labels 409
Training with SBERT, model name is sbert
Tokenizing the dataset
Number of training steps 14550
Epoch 0 **** Loss 0.0285755954682827 **** Metrics validation: {'accuracy': 0.9027009646302251, 'f1_weighted': 0.9304429580638947, 'macro': 0.612133268424966, 'micro': 0.9027009646302251, 'binary': 0.2764227642276423, 'accuracy_majority': 0.8979702594160426, 'macro_majority': 0.6258586455562987, 'binary_majority': 0.30678466076696165, 'run_time_millis': 8377.37196099988, 'loss_mean': 0.03841514512896538}
Epoch 1 **** Loss 0.02686755731701851 **** Metrics validation: {'accuracy': 0.9141479099678457, 'f1_weighted': 0.937344052899247, 'macro': 0.6278382326453273, 'micro': 0.9141479099678457, 'binary': 0.30141287284144425, 'accuracy_majority': 0.9055682188212308, 'macro_majority': 0.6347859012306076, 'binary_majority': 0.3203125, 'run_time_millis': 8441.368306001095, 'loss_mean': 0.036152277141809464}
Epoch 2 **** Loss 0.02065921761095524 **** Metrics validation: {'accuracy': 0.9181993569131833, 'f1_weighted': 0.9396210975798118, 'macro': 0.6299719364143488, 'micro': 0.9181993569131833, 'binary': 0.30339539978094193, 'accuracy_majority': 0.9103440790187778, 'macro_majority': 0.6391205091240184, 'binary_majority': 0.3262642740619902, 'run_time_millis': 8450.062677999085, 'loss_mean': 0.03774402663111687}
Epoch 3 **** Loss 0.0053403438068926334 **** Metrics validation: {'accuracy': 0.9041800643086817, 'f1_weighted': 0.9313491772979495, 'macro': 0.6144335112269333, 'micro': 0.9041800643086817, 'binary': 0.28019323671497587, 'accuracy_majority': 0.8940627374362314, 'macro_majority': 0.6212763147165636, 'binary_majority': 0.2998565279770445, 'run_time_millis': 8360.61661200074, 'loss_mean': 0.03846651315689087}
Epoch 4 **** Loss 0.018055079504847527 **** Metrics validation: {'accuracy': 0.8718971061093248, 'f1_weighted': 0.9120921140462278, 'macro': 0.5828503379230624, 'micro': 0.8718971061093248, 'binary': 0.2356101304681504, 'accuracy_majority': 0.8601975469445349, 'macro_majority': 0.5900230265912768, 'binary_majority': 0.2572087658592849, 'run_time_millis': 8418.99784099951, 'loss_mean': 0.04489624872803688}
Epoch 5 **** Loss 0.028788762167096138 **** Metrics validation: {'accuracy': 0.8992926045016078, 'f1_weighted': 0.928319430366747, 'macro': 0.6060517191049896, 'micro': 0.8992926045016078, 'binary': 0.2661668228678538, 'accuracy_majority': 0.8887441658525996, 'macro_majority': 0.6126941153720037, 'binary_majority': 0.28571428571428575, 'run_time_millis': 8292.061287000251, 'loss_mean': 0.049014221876859665}
Epoch 6 **** Loss 0.008483498357236385 **** Metrics validation: {'accuracy': 0.924887459807074, 'f1_weighted': 0.9432342546280598, 'macro': 0.6308726578144175, 'micro': 0.924887459807074, 'binary': 0.3014354066985646, 'accuracy_majority': 0.9166395310973624, 'macro_majority': 0.6403539661794929, 'binary_majority': 0.32513181019332166, 'run_time_millis': 8368.113427000935, 'loss_mean': 0.056983109563589096}
Epoch 7 **** Loss 0.00901933666318655 **** Metrics validation: {'accuracy': 0.9338906752411575, 'f1_weighted': 0.9485362108544315, 'macro': 0.6426810025228302, 'micro': 0.9338906752411577, 'binary': 0.3201058201058201, 'accuracy_majority': 0.9260827092152394, 'macro_majority': 0.6514354001195021, 'binary_majority': 0.34202898550724636, 'run_time_millis': 8255.334825000318, 'loss_mean': 0.06377416849136353}
Epoch 8 **** Loss 0.01288554910570383 **** Metrics validation: {'accuracy': 0.9279742765273312, 'f1_weighted': 0.9450359134355186, 'macro': 0.6344719942079678, 'micro': 0.9279742765273312, 'binary': 0.3069306930693069, 'accuracy_majority': 0.9197872571366548, 'macro_majority': 0.6430684423054995, 'binary_majority': 0.3287920072661217, 'run_time_millis': 8421.640489999845, 'loss_mean': 0.06420271843671799}
Epoch 9 **** Loss 0.004794349428266287 **** Metrics validation: {'accuracy': 0.9315112540192926, 'f1_weighted': 0.9471376759741394, 'macro': 0.6395329158910137, 'micro': 0.9315112540192926, 'binary': 0.31511254019292606, 'accuracy_majority': 0.923369152284815, 'macro_majority': 0.6479013236928284, 'binary_majority': 0.3364661654135338, 'run_time_millis': 8269.459466999251, 'loss_mean': 0.06723649799823761}
Evaluating
{'accuracy': 0.9338906752411575, 'f1_weighted': 0.9485362108544315, 'macro': 0.6426810025228302, 'micro': 0.9338906752411577, 'binary': 0.3201058201058201, 'accuracy_majority': 0.9260827092152394, 'macro_majority': 0.6514354001195021, 'binary_majority': 0.34202898550724636, 'run_time_millis': 8308.66367300041, 'loss_mean': 0.06377416849136353}
