______________________________	 Running Epoch 1 of 10 	______________________________
[Training] Itteration/Batch:   0/723: Loss: 2.37 | Accuracy: 0.51
[Training] Itteration/Batch:  25/723: Loss: 2.33 | Accuracy: 0.37
[Training] Itteration/Batch:  50/723: Loss: 3.96 | Accuracy: 0.60
[Training] Itteration/Batch:  75/723: Loss: 2.25 | Accuracy: 0.66
[Training] Itteration/Batch: 100/723: Loss: 2.19 | Accuracy: 0.72
[Training] Itteration/Batch: 125/723: Loss: 4.13 | Accuracy: 0.70
[Training] Itteration/Batch: 150/723: Loss: 2.00 | Accuracy: 0.73
[Training] Itteration/Batch: 175/723: Loss: 5.07 | Accuracy: 0.73
[Training] Itteration/Batch: 200/723: Loss: 2.23 | Accuracy: 0.88
[Training] Itteration/Batch: 225/723: Loss: 1.69 | Accuracy: 0.85
[Training] Itteration/Batch: 250/723: Loss: 1.89 | Accuracy: 0.89
[Training] Itteration/Batch: 275/723: Loss: 2.14 | Accuracy: 0.84
[Training] Itteration/Batch: 300/723: Loss: 2.99 | Accuracy: 0.84
[Training] Itteration/Batch: 325/723: Loss: 1.98 | Accuracy: 0.92
[Training] Itteration/Batch: 350/723: Loss: 1.65 | Accuracy: 0.97
[Training] Itteration/Batch: 375/723: Loss: 1.40 | Accuracy: 0.98
[Training] Itteration/Batch: 400/723: Loss: 2.58 | Accuracy: 0.95
[Training] Itteration/Batch: 425/723: Loss: 1.65 | Accuracy: 0.94
[Training] Itteration/Batch: 450/723: Loss: 1.67 | Accuracy: 0.93
[Training] Itteration/Batch: 475/723: Loss: 1.75 | Accuracy: 0.93
[Training] Itteration/Batch: 500/723: Loss: 2.23 | Accuracy: 0.93
[Training] Itteration/Batch: 525/723: Loss: 1.63 | Accuracy: 0.97
[Training] Itteration/Batch: 550/723: Loss: 1.78 | Accuracy: 0.95
[Training] Itteration/Batch: 575/723: Loss: 1.51 | Accuracy: 0.98
[Training] Itteration/Batch: 600/723: Loss: 2.30 | Accuracy: 0.95
[Training] Itteration/Batch: 625/723: Loss: 2.98 | Accuracy: 0.90
[Training] Itteration/Batch: 650/723: Loss: 1.53 | Accuracy: 0.95
[Training] Itteration/Batch: 675/723: Loss: 2.54 | Accuracy: 0.94
[Training] Itteration/Batch: 700/723: Loss: 1.17 | Accuracy: 1.00

Epoch 1: Val Bin. F1 Majority 0.0 | Val Macro F1 Majority 0.49364379013586124 |             Val Bin F1 Individual 0.11634056270122528 | Val Macro F1 Individual 0.5473118749205128 |             Val Accuracy Majority 0.9748942852020264 | Val Accuracy Individual 0.9576082229614258 | Training Loss:2.326085090637207 |             Val Loss 1.8299813270568848 | Train Runtime Millis 79061.61239399808 | Val Runtime Millis 43781.725827997434

______________________________	 Running Epoch 2 of 10 	______________________________
[Training] Itteration/Batch:   0/723: Loss: 2.18 | Accuracy: 0.97
[Training] Itteration/Batch:  25/723: Loss: 1.60 | Accuracy: 1.00
[Training] Itteration/Batch:  50/723: Loss: 1.14 | Accuracy: 0.98
[Training] Itteration/Batch:  75/723: Loss: 1.20 | Accuracy: 0.98
[Training] Itteration/Batch: 100/723: Loss: 2.41 | Accuracy: 0.96
[Training] Itteration/Batch: 125/723: Loss: 1.58 | Accuracy: 0.89
[Training] Itteration/Batch: 150/723: Loss: 2.60 | Accuracy: 0.94
[Training] Itteration/Batch: 175/723: Loss: 1.09 | Accuracy: 1.00
[Training] Itteration/Batch: 200/723: Loss: 2.03 | Accuracy: 0.96
[Training] Itteration/Batch: 225/723: Loss: 3.08 | Accuracy: 0.90
[Training] Itteration/Batch: 250/723: Loss: 2.14 | Accuracy: 0.95
[Training] Itteration/Batch: 275/723: Loss: 1.93 | Accuracy: 0.91
[Training] Itteration/Batch: 300/723: Loss: 1.43 | Accuracy: 0.98
[Training] Itteration/Batch: 325/723: Loss: 1.02 | Accuracy: 1.00
[Training] Itteration/Batch: 350/723: Loss: 2.78 | Accuracy: 0.82
[Training] Itteration/Batch: 375/723: Loss: 0.99 | Accuracy: 1.00
[Training] Itteration/Batch: 400/723: Loss: 3.02 | Accuracy: 0.91
[Training] Itteration/Batch: 425/723: Loss: 3.07 | Accuracy: 0.85
[Training] Itteration/Batch: 450/723: Loss: 1.61 | Accuracy: 0.97
[Training] Itteration/Batch: 475/723: Loss: 1.57 | Accuracy: 0.92
[Training] Itteration/Batch: 500/723: Loss: 1.31 | Accuracy: 0.85
[Training] Itteration/Batch: 525/723: Loss: 2.11 | Accuracy: 0.82
[Training] Itteration/Batch: 550/723: Loss: 1.46 | Accuracy: 0.95
[Training] Itteration/Batch: 575/723: Loss: 2.48 | Accuracy: 0.86
[Training] Itteration/Batch: 600/723: Loss: 1.98 | Accuracy: 0.96
[Training] Itteration/Batch: 625/723: Loss: 1.60 | Accuracy: 0.86
[Training] Itteration/Batch: 650/723: Loss: 1.27 | Accuracy: 0.95
[Training] Itteration/Batch: 675/723: Loss: 1.53 | Accuracy: 0.91
[Training] Itteration/Batch: 700/723: Loss: 1.60 | Accuracy: 0.91

Epoch 2: Val Bin. F1 Majority 0.4089219272136688 | Val Macro F1 Majority 0.6900757317648625 |             Val Bin F1 Individual 0.3619047701358795 | Val Macro F1 Individual 0.6634720154234209 |             Val Accuracy Majority 0.9451298713684082 | Val Accuracy Individual 0.933710515499115 | Training Loss:1.767062783241272 |             Val Loss 1.4309134483337402 | Train Runtime Millis 79382.20866100164 | Val Runtime Millis 43922.62966900307

______________________________	 Running Epoch 3 of 10 	______________________________
[Training] Itteration/Batch:   0/723: Loss: 1.49 | Accuracy: 0.97
[Training] Itteration/Batch:  25/723: Loss: 1.12 | Accuracy: 0.95
[Training] Itteration/Batch:  50/723: Loss: 1.40 | Accuracy: 0.86
[Training] Itteration/Batch:  75/723: Loss: 2.98 | Accuracy: 0.88
[Training] Itteration/Batch: 100/723: Loss: 1.34 | Accuracy: 0.91
[Training] Itteration/Batch: 125/723: Loss: 1.21 | Accuracy: 1.00
[Training] Itteration/Batch: 150/723: Loss: 1.57 | Accuracy: 0.84
[Training] Itteration/Batch: 175/723: Loss: 0.79 | Accuracy: 0.95
[Training] Itteration/Batch: 200/723: Loss: 2.42 | Accuracy: 0.80
[Training] Itteration/Batch: 225/723: Loss: 2.82 | Accuracy: 0.92
[Training] Itteration/Batch: 250/723: Loss: 1.35 | Accuracy: 0.97
[Training] Itteration/Batch: 275/723: Loss: 0.92 | Accuracy: 1.00
[Training] Itteration/Batch: 300/723: Loss: 0.76 | Accuracy: 0.96
[Training] Itteration/Batch: 325/723: Loss: 0.94 | Accuracy: 0.98
[Training] Itteration/Batch: 350/723: Loss: 0.96 | Accuracy: 0.98
[Training] Itteration/Batch: 375/723: Loss: 1.64 | Accuracy: 0.96
[Training] Itteration/Batch: 400/723: Loss: 0.91 | Accuracy: 0.98
[Training] Itteration/Batch: 425/723: Loss: 1.43 | Accuracy: 0.97
[Training] Itteration/Batch: 450/723: Loss: 1.41 | Accuracy: 0.94
[Training] Itteration/Batch: 475/723: Loss: 0.93 | Accuracy: 0.96
[Training] Itteration/Batch: 500/723: Loss: 2.77 | Accuracy: 0.91
[Training] Itteration/Batch: 525/723: Loss: 0.53 | Accuracy: 1.00
[Training] Itteration/Batch: 550/723: Loss: 0.73 | Accuracy: 0.96
[Training] Itteration/Batch: 575/723: Loss: 1.12 | Accuracy: 0.91
[Training] Itteration/Batch: 600/723: Loss: 1.44 | Accuracy: 0.95
[Training] Itteration/Batch: 625/723: Loss: 1.01 | Accuracy: 0.93
[Training] Itteration/Batch: 650/723: Loss: 1.37 | Accuracy: 0.82
[Training] Itteration/Batch: 675/723: Loss: 1.49 | Accuracy: 0.96
[Training] Itteration/Batch: 700/723: Loss: 1.67 | Accuracy: 0.87

Epoch 3: Val Bin. F1 Majority 0.4409136176109314 | Val Macro F1 Majority 0.7077623266223246 |             Val Bin F1 Individual 0.3916046619415283 | Val Macro F1 Individual 0.6805503132154308 |             Val Accuracy Majority 0.9514278173446655 | Val Accuracy Individual 0.9419047236442566 | Training Loss:1.449663519859314 |             Val Loss 1.291973352432251 | Train Runtime Millis 79483.56589600007 | Val Runtime Millis 44004.734271002235

______________________________	 Running Epoch 4 of 10 	______________________________
[Training] Itteration/Batch:   0/723: Loss: 2.40 | Accuracy: 0.89
[Training] Itteration/Batch:  25/723: Loss: 1.64 | Accuracy: 0.90
[Training] Itteration/Batch:  50/723: Loss: 1.29 | Accuracy: 0.94
[Training] Itteration/Batch:  75/723: Loss: 1.86 | Accuracy: 0.89
[Training] Itteration/Batch: 100/723: Loss: 1.18 | Accuracy: 0.98
[Training] Itteration/Batch: 125/723: Loss: 0.78 | Accuracy: 0.93
[Training] Itteration/Batch: 150/723: Loss: 1.30 | Accuracy: 0.95
[Training] Itteration/Batch: 175/723: Loss: 1.75 | Accuracy: 0.97
[Training] Itteration/Batch: 200/723: Loss: 1.10 | Accuracy: 0.97
[Training] Itteration/Batch: 225/723: Loss: 0.78 | Accuracy: 0.97
[Training] Itteration/Batch: 250/723: Loss: 1.65 | Accuracy: 0.94
[Training] Itteration/Batch: 275/723: Loss: 0.51 | Accuracy: 0.98
[Training] Itteration/Batch: 300/723: Loss: 1.08 | Accuracy: 0.97
[Training] Itteration/Batch: 325/723: Loss: 0.61 | Accuracy: 0.98
[Training] Itteration/Batch: 350/723: Loss: 0.71 | Accuracy: 0.98
[Training] Itteration/Batch: 375/723: Loss: 0.52 | Accuracy: 1.00
[Training] Itteration/Batch: 400/723: Loss: 0.81 | Accuracy: 0.91
[Training] Itteration/Batch: 425/723: Loss: 1.41 | Accuracy: 0.93
[Training] Itteration/Batch: 450/723: Loss: 1.77 | Accuracy: 0.91
[Training] Itteration/Batch: 475/723: Loss: 0.90 | Accuracy: 0.93
[Training] Itteration/Batch: 500/723: Loss: 0.88 | Accuracy: 0.98
[Training] Itteration/Batch: 525/723: Loss: 0.79 | Accuracy: 0.85
[Training] Itteration/Batch: 550/723: Loss: 0.90 | Accuracy: 0.97
[Training] Itteration/Batch: 575/723: Loss: 0.81 | Accuracy: 0.96
[Training] Itteration/Batch: 600/723: Loss: 0.83 | Accuracy: 0.98
[Training] Itteration/Batch: 625/723: Loss: 1.47 | Accuracy: 0.89
[Training] Itteration/Batch: 650/723: Loss: 0.89 | Accuracy: 0.87
[Training] Itteration/Batch: 675/723: Loss: 1.96 | Accuracy: 0.92
[Training] Itteration/Batch: 700/723: Loss: 2.15 | Accuracy: 0.95

Epoch 4: Val Bin. F1 Majority 0.36335161328315735 | Val Macro F1 Majority 0.6631183956777835 |             Val Bin F1 Individual 0.3538135588169098 | Val Macro F1 Individual 0.6563309255944186 |             Val Accuracy Majority 0.9298593997955322 | Val Accuracy Individual 0.9226241707801819 | Training Loss:1.2654657363891602 |             Val Loss 1.233704686164856 | Train Runtime Millis 79705.27601199865 | Val Runtime Millis 43934.690939000575

______________________________	 Running Epoch 5 of 10 	______________________________
[Training] Itteration/Batch:   0/723: Loss: 0.55 | Accuracy: 0.96
[Training] Itteration/Batch:  25/723: Loss: 0.90 | Accuracy: 0.95
[Training] Itteration/Batch:  50/723: Loss: 0.79 | Accuracy: 0.95
[Training] Itteration/Batch:  75/723: Loss: 0.79 | Accuracy: 0.98
[Training] Itteration/Batch: 100/723: Loss: 2.32 | Accuracy: 0.88
[Training] Itteration/Batch: 125/723: Loss: 0.86 | Accuracy: 0.95
[Training] Itteration/Batch: 150/723: Loss: 1.16 | Accuracy: 0.91
[Training] Itteration/Batch: 175/723: Loss: 0.67 | Accuracy: 0.94
[Training] Itteration/Batch: 200/723: Loss: 1.04 | Accuracy: 0.96
[Training] Itteration/Batch: 225/723: Loss: 1.13 | Accuracy: 0.92
[Training] Itteration/Batch: 250/723: Loss: 1.40 | Accuracy: 0.98
[Training] Itteration/Batch: 275/723: Loss: 0.54 | Accuracy: 1.00
[Training] Itteration/Batch: 300/723: Loss: 0.77 | Accuracy: 0.98
[Training] Itteration/Batch: 325/723: Loss: 0.98 | Accuracy: 0.98
[Training] Itteration/Batch: 350/723: Loss: 0.75 | Accuracy: 0.98
[Training] Itteration/Batch: 375/723: Loss: 0.47 | Accuracy: 1.00
[Training] Itteration/Batch: 400/723: Loss: 1.07 | Accuracy: 0.96
[Training] Itteration/Batch: 425/723: Loss: 4.14 | Accuracy: 0.89
[Training] Itteration/Batch: 450/723: Loss: 1.00 | Accuracy: 0.92
[Training] Itteration/Batch: 475/723: Loss: 2.06 | Accuracy: 0.96
[Training] Itteration/Batch: 500/723: Loss: 1.39 | Accuracy: 0.99
[Training] Itteration/Batch: 525/723: Loss: 1.51 | Accuracy: 0.86
[Training] Itteration/Batch: 550/723: Loss: 0.96 | Accuracy: 0.98
[Training] Itteration/Batch: 575/723: Loss: 1.13 | Accuracy: 0.90
[Training] Itteration/Batch: 600/723: Loss: 0.84 | Accuracy: 0.93
[Training] Itteration/Batch: 625/723: Loss: 1.20 | Accuracy: 0.95
[Training] Itteration/Batch: 650/723: Loss: 1.51 | Accuracy: 0.97
[Training] Itteration/Batch: 675/723: Loss: 2.04 | Accuracy: 0.93
[Training] Itteration/Batch: 700/723: Loss: 1.85 | Accuracy: 0.86

Epoch 5: Val Bin. F1 Majority 0.3381088972091675 | Val Macro F1 Majority 0.6478481619988338 |             Val Bin F1 Individual 0.3419668972492218 | Val Macro F1 Individual 0.6480597416913655 |             Val Accuracy Majority 0.9202829599380493 | Val Accuracy Individual 0.9142777323722839 | Training Loss:1.1368134021759033 |             Val Loss 1.204423427581787 | Train Runtime Millis 79294.37157999928 | Val Runtime Millis 43965.77382199757

______________________________	 Running Epoch 6 of 10 	______________________________
[Training] Itteration/Batch:   0/723: Loss: 0.84 | Accuracy: 0.98
[Training] Itteration/Batch:  25/723: Loss: 1.08 | Accuracy: 0.88
[Training] Itteration/Batch:  50/723: Loss: 0.97 | Accuracy: 0.95
[Training] Itteration/Batch:  75/723: Loss: 0.96 | Accuracy: 0.95
[Training] Itteration/Batch: 100/723: Loss: 1.69 | Accuracy: 0.89
[Training] Itteration/Batch: 125/723: Loss: 0.92 | Accuracy: 0.98
[Training] Itteration/Batch: 150/723: Loss: 0.77 | Accuracy: 0.94
[Training] Itteration/Batch: 175/723: Loss: 0.43 | Accuracy: 1.00
[Training] Itteration/Batch: 200/723: Loss: 1.00 | Accuracy: 0.91
[Training] Itteration/Batch: 225/723: Loss: 0.41 | Accuracy: 1.00
[Training] Itteration/Batch: 250/723: Loss: 1.02 | Accuracy: 0.88
[Training] Itteration/Batch: 275/723: Loss: 0.47 | Accuracy: 1.00
[Training] Itteration/Batch: 300/723: Loss: 1.50 | Accuracy: 0.95
[Training] Itteration/Batch: 325/723: Loss: 1.34 | Accuracy: 0.85
[Training] Itteration/Batch: 350/723: Loss: 0.34 | Accuracy: 1.00
[Training] Itteration/Batch: 375/723: Loss: 0.31 | Accuracy: 1.00
[Training] Itteration/Batch: 400/723: Loss: 0.83 | Accuracy: 0.93
[Training] Itteration/Batch: 425/723: Loss: 0.65 | Accuracy: 0.91
[Training] Itteration/Batch: 450/723: Loss: 0.37 | Accuracy: 1.00
[Training] Itteration/Batch: 475/723: Loss: 1.61 | Accuracy: 0.87
[Training] Itteration/Batch: 500/723: Loss: 1.87 | Accuracy: 0.87
[Training] Itteration/Batch: 525/723: Loss: 2.48 | Accuracy: 0.96
[Training] Itteration/Batch: 550/723: Loss: 1.90 | Accuracy: 0.88
[Training] Itteration/Batch: 575/723: Loss: 3.02 | Accuracy: 0.89
[Training] Itteration/Batch: 600/723: Loss: 1.90 | Accuracy: 0.84
[Training] Itteration/Batch: 625/723: Loss: 0.33 | Accuracy: 1.00
[Training] Itteration/Batch: 650/723: Loss: 1.96 | Accuracy: 0.87
[Training] Itteration/Batch: 675/723: Loss: 1.15 | Accuracy: 0.93
[Training] Itteration/Batch: 700/723: Loss: 1.02 | Accuracy: 0.95

Epoch 6: Val Bin. F1 Majority 0.4224548041820526 | Val Macro F1 Majority 0.6975136073448299 |             Val Bin F1 Individual 0.3835547864437103 | Val Macro F1 Individual 0.6753505437212076 |             Val Accuracy Majority 0.9476317763328552 | Val Accuracy Individual 0.9376173615455627 | Training Loss:1.0333373546600342 |             Val Loss 1.2233918905258179 | Train Runtime Millis 79389.12047600024 | Val Runtime Millis 43996.99620700267

______________________________	 Running Epoch 7 of 10 	______________________________
[Training] Itteration/Batch:   0/723: Loss: 0.31 | Accuracy: 1.00
[Training] Itteration/Batch:  25/723: Loss: 1.24 | Accuracy: 0.90
[Training] Itteration/Batch:  50/723: Loss: 0.46 | Accuracy: 0.97
[Training] Itteration/Batch:  75/723: Loss: 1.56 | Accuracy: 0.86
[Training] Itteration/Batch: 100/723: Loss: 0.87 | Accuracy: 0.92
[Training] Itteration/Batch: 125/723: Loss: 0.66 | Accuracy: 0.95
[Training] Itteration/Batch: 150/723: Loss: 1.12 | Accuracy: 0.96
[Training] Itteration/Batch: 175/723: Loss: 0.37 | Accuracy: 1.00
[Training] Itteration/Batch: 200/723: Loss: 0.85 | Accuracy: 0.98
[Training] Itteration/Batch: 225/723: Loss: 1.88 | Accuracy: 0.84
[Training] Itteration/Batch: 250/723: Loss: 0.68 | Accuracy: 0.98
[Training] Itteration/Batch: 275/723: Loss: 2.47 | Accuracy: 0.88
[Training] Itteration/Batch: 300/723: Loss: 1.65 | Accuracy: 0.91
[Training] Itteration/Batch: 325/723: Loss: 0.53 | Accuracy: 0.96
[Training] Itteration/Batch: 350/723: Loss: 0.59 | Accuracy: 0.97
[Training] Itteration/Batch: 375/723: Loss: 0.89 | Accuracy: 0.97
[Training] Itteration/Batch: 400/723: Loss: 0.63 | Accuracy: 0.98
[Training] Itteration/Batch: 425/723: Loss: 0.72 | Accuracy: 0.97
[Training] Itteration/Batch: 450/723: Loss: 1.07 | Accuracy: 0.95
[Training] Itteration/Batch: 475/723: Loss: 0.70 | Accuracy: 0.95
[Training] Itteration/Batch: 500/723: Loss: 0.80 | Accuracy: 0.96
[Training] Itteration/Batch: 525/723: Loss: 0.64 | Accuracy: 0.95
[Training] Itteration/Batch: 550/723: Loss: 0.79 | Accuracy: 0.91
[Training] Itteration/Batch: 575/723: Loss: 0.41 | Accuracy: 1.00
[Training] Itteration/Batch: 600/723: Loss: 0.69 | Accuracy: 0.98
[Training] Itteration/Batch: 625/723: Loss: 0.25 | Accuracy: 1.00
[Training] Itteration/Batch: 650/723: Loss: 0.91 | Accuracy: 0.95
[Training] Itteration/Batch: 675/723: Loss: 0.26 | Accuracy: 1.00
[Training] Itteration/Batch: 700/723: Loss: 1.05 | Accuracy: 0.88

Epoch 7: Val Bin. F1 Majority 0.4125809371471405 | Val Macro F1 Majority 0.6919246059874562 |             Val Bin F1 Individual 0.3830833435058594 | Val Macro F1 Individual 0.6747633329456464 |             Val Accuracy Majority 0.9452161192893982 | Val Accuracy Individual 0.9363488554954529 | Training Loss:0.9611246585845947 |             Val Loss 1.2023429870605469 | Train Runtime Millis 79439.62596899655 | Val Runtime Millis 43761.839054997836

______________________________	 Running Epoch 8 of 10 	______________________________
[Training] Itteration/Batch:   0/723: Loss: 0.42 | Accuracy: 0.98
[Training] Itteration/Batch:  25/723: Loss: 1.02 | Accuracy: 0.96
[Training] Itteration/Batch:  50/723: Loss: 0.53 | Accuracy: 0.94
[Training] Itteration/Batch:  75/723: Loss: 2.19 | Accuracy: 0.98
[Training] Itteration/Batch: 100/723: Loss: 1.35 | Accuracy: 0.93
[Training] Itteration/Batch: 125/723: Loss: 0.79 | Accuracy: 0.94
[Training] Itteration/Batch: 150/723: Loss: 1.72 | Accuracy: 0.92
[Training] Itteration/Batch: 175/723: Loss: 1.03 | Accuracy: 0.94
[Training] Itteration/Batch: 200/723: Loss: 1.25 | Accuracy: 0.91
[Training] Itteration/Batch: 225/723: Loss: 0.29 | Accuracy: 1.00
[Training] Itteration/Batch: 250/723: Loss: 2.19 | Accuracy: 0.81
[Training] Itteration/Batch: 275/723: Loss: 0.98 | Accuracy: 0.95
[Training] Itteration/Batch: 300/723: Loss: 0.35 | Accuracy: 1.00
[Training] Itteration/Batch: 325/723: Loss: 0.80 | Accuracy: 0.95
[Training] Itteration/Batch: 350/723: Loss: 0.92 | Accuracy: 0.91
[Training] Itteration/Batch: 375/723: Loss: 2.32 | Accuracy: 0.73
[Training] Itteration/Batch: 400/723: Loss: 0.57 | Accuracy: 0.96
[Training] Itteration/Batch: 425/723: Loss: 1.69 | Accuracy: 0.91
[Training] Itteration/Batch: 450/723: Loss: 1.13 | Accuracy: 0.91
[Training] Itteration/Batch: 475/723: Loss: 0.49 | Accuracy: 0.98
[Training] Itteration/Batch: 500/723: Loss: 0.50 | Accuracy: 0.97
[Training] Itteration/Batch: 525/723: Loss: 0.36 | Accuracy: 1.00
[Training] Itteration/Batch: 550/723: Loss: 0.24 | Accuracy: 1.00
[Training] Itteration/Batch: 575/723: Loss: 1.14 | Accuracy: 0.96
[Training] Itteration/Batch: 600/723: Loss: 0.67 | Accuracy: 0.91
[Training] Itteration/Batch: 625/723: Loss: 1.31 | Accuracy: 0.94
[Training] Itteration/Batch: 650/723: Loss: 0.92 | Accuracy: 0.86
[Training] Itteration/Batch: 675/723: Loss: 0.22 | Accuracy: 1.00
[Training] Itteration/Batch: 700/723: Loss: 0.96 | Accuracy: 0.92

Epoch 8: Val Bin. F1 Majority 0.4216524362564087 | Val Macro F1 Majority 0.6970659866859424 |             Val Bin F1 Individual 0.3900352418422699 | Val Macro F1 Individual 0.6788278252820621 |             Val Accuracy Majority 0.9474592208862305 | Val Accuracy Individual 0.938505232334137 | Training Loss:0.9012777209281921 |             Val Loss 1.219217300415039 | Train Runtime Millis 79513.56196800043 | Val Runtime Millis 43865.85879699851

______________________________	 Running Epoch 9 of 10 	______________________________
[Training] Itteration/Batch:   0/723: Loss: 1.84 | Accuracy: 0.78
[Training] Itteration/Batch:  25/723: Loss: 0.84 | Accuracy: 0.98
[Training] Itteration/Batch:  50/723: Loss: 0.86 | Accuracy: 0.96
[Training] Itteration/Batch:  75/723: Loss: 1.56 | Accuracy: 0.78
[Training] Itteration/Batch: 100/723: Loss: 0.26 | Accuracy: 1.00
[Training] Itteration/Batch: 125/723: Loss: 0.28 | Accuracy: 1.00
[Training] Itteration/Batch: 150/723: Loss: 1.63 | Accuracy: 0.90
[Training] Itteration/Batch: 175/723: Loss: 0.77 | Accuracy: 0.98
[Training] Itteration/Batch: 200/723: Loss: 1.18 | Accuracy: 0.92
[Training] Itteration/Batch: 225/723: Loss: 1.10 | Accuracy: 0.93
[Training] Itteration/Batch: 250/723: Loss: 0.52 | Accuracy: 0.95
[Training] Itteration/Batch: 275/723: Loss: 0.43 | Accuracy: 1.00
[Training] Itteration/Batch: 300/723: Loss: 0.88 | Accuracy: 0.91
[Training] Itteration/Batch: 325/723: Loss: 0.55 | Accuracy: 1.00
[Training] Itteration/Batch: 350/723: Loss: 0.59 | Accuracy: 0.95
[Training] Itteration/Batch: 375/723: Loss: 2.13 | Accuracy: 0.89
[Training] Itteration/Batch: 400/723: Loss: 0.42 | Accuracy: 0.98
[Training] Itteration/Batch: 425/723: Loss: 0.26 | Accuracy: 1.00
[Training] Itteration/Batch: 450/723: Loss: 0.78 | Accuracy: 0.97
[Training] Itteration/Batch: 475/723: Loss: 0.57 | Accuracy: 0.96
[Training] Itteration/Batch: 500/723: Loss: 0.52 | Accuracy: 0.98
[Training] Itteration/Batch: 525/723: Loss: 1.01 | Accuracy: 0.87
[Training] Itteration/Batch: 550/723: Loss: 1.10 | Accuracy: 0.88
[Training] Itteration/Batch: 575/723: Loss: 0.94 | Accuracy: 0.88
[Training] Itteration/Batch: 600/723: Loss: 0.69 | Accuracy: 0.95
[Training] Itteration/Batch: 625/723: Loss: 0.81 | Accuracy: 0.96
[Training] Itteration/Batch: 650/723: Loss: 1.80 | Accuracy: 0.83
[Training] Itteration/Batch: 675/723: Loss: 2.27 | Accuracy: 0.90
[Training] Itteration/Batch: 700/723: Loss: 1.07 | Accuracy: 0.90

Epoch 9: Val Bin. F1 Majority 0.45629966259002686 | Val Macro F1 Majority 0.7174104010137637 |             Val Bin F1 Individual 0.4055083394050598 | Val Macro F1 Individual 0.6893033710810573 |             Val Accuracy Majority 0.9586748480796814 | Val Accuracy Individual 0.9485260248184204 | Training Loss:0.8541952967643738 |             Val Loss 1.2576879262924194 | Train Runtime Millis 79545.7484419967 | Val Runtime Millis 43863.297729003534

______________________________	 Running Epoch 1 of 10 	______________________________
[Training] Itteration/Batch:   0/1432: Loss: 1.43 | Accuracy: 0.29
[Training] Itteration/Batch:  25/1432: Loss: 1.02 | Accuracy: 0.69
[Training] Itteration/Batch:  50/1432: Loss: 2.09 | Accuracy: 0.61
[Training] Itteration/Batch:  75/1432: Loss: 1.10 | Accuracy: 0.74
[Training] Itteration/Batch: 100/1432: Loss: 1.12 | Accuracy: 0.77
[Training] Itteration/Batch: 125/1432: Loss: 1.52 | Accuracy: 0.82
[Training] Itteration/Batch: 150/1432: Loss: 1.60 | Accuracy: 0.94
[Training] Itteration/Batch: 175/1432: Loss: 0.60 | Accuracy: 0.91
[Training] Itteration/Batch: 200/1432: Loss: 1.02 | Accuracy: 0.93
[Training] Itteration/Batch: 225/1432: Loss: 1.35 | Accuracy: 0.94
[Training] Itteration/Batch: 250/1432: Loss: 1.07 | Accuracy: 0.89
[Training] Itteration/Batch: 275/1432: Loss: 0.59 | Accuracy: 1.00
[Training] Itteration/Batch: 300/1432: Loss: 0.85 | Accuracy: 0.97
[Training] Itteration/Batch: 325/1432: Loss: 0.61 | Accuracy: 1.00
[Training] Itteration/Batch: 350/1432: Loss: 0.61 | Accuracy: 1.00
[Training] Itteration/Batch: 375/1432: Loss: 0.58 | Accuracy: 1.00
[Training] Itteration/Batch: 400/1432: Loss: 0.60 | Accuracy: 1.00
[Training] Itteration/Batch: 425/1432: Loss: 0.86 | Accuracy: 0.96
[Training] Itteration/Batch: 450/1432: Loss: 0.57 | Accuracy: 1.00
[Training] Itteration/Batch: 475/1432: Loss: 0.62 | Accuracy: 1.00
[Training] Itteration/Batch: 500/1432: Loss: 0.55 | Accuracy: 1.00
[Training] Itteration/Batch: 525/1432: Loss: 0.51 | Accuracy: 1.00
[Training] Itteration/Batch: 550/1432: Loss: 0.56 | Accuracy: 1.00
[Training] Itteration/Batch: 575/1432: Loss: 2.73 | Accuracy: 0.90
[Training] Itteration/Batch: 600/1432: Loss: 0.51 | Accuracy: 1.00
[Training] Itteration/Batch: 625/1432: Loss: 1.13 | Accuracy: 0.96
[Training] Itteration/Batch: 650/1432: Loss: 0.48 | Accuracy: 1.00
[Training] Itteration/Batch: 675/1432: Loss: 1.40 | Accuracy: 0.93
[Training] Itteration/Batch: 700/1432: Loss: 0.69 | Accuracy: 0.96
[Training] Itteration/Batch: 725/1432: Loss: 0.55 | Accuracy: 1.00
[Training] Itteration/Batch: 750/1432: Loss: 0.98 | Accuracy: 0.93
[Training] Itteration/Batch: 775/1432: Loss: 0.52 | Accuracy: 1.00
[Training] Itteration/Batch: 800/1432: Loss: 0.68 | Accuracy: 0.97
[Training] Itteration/Batch: 825/1432: Loss: 0.44 | Accuracy: 0.96
[Training] Itteration/Batch: 850/1432: Loss: 0.49 | Accuracy: 1.00
[Training] Itteration/Batch: 875/1432: Loss: 0.38 | Accuracy: 1.00
[Training] Itteration/Batch: 900/1432: Loss: 0.55 | Accuracy: 0.97
[Training] Itteration/Batch: 925/1432: Loss: 0.71 | Accuracy: 0.97
[Training] Itteration/Batch: 950/1432: Loss: 1.24 | Accuracy: 0.82
[Training] Itteration/Batch: 975/1432: Loss: 0.85 | Accuracy: 0.97
[Training] Itteration/Batch: 1000/1432: Loss: 0.57 | Accuracy: 0.96
[Training] Itteration/Batch: 1025/1432: Loss: 1.37 | Accuracy: 0.94
[Training] Itteration/Batch: 1050/1432: Loss: 1.99 | Accuracy: 0.90
[Training] Itteration/Batch: 1075/1432: Loss: 0.59 | Accuracy: 0.92
[Training] Itteration/Batch: 1100/1432: Loss: 0.35 | Accuracy: 1.00
[Training] Itteration/Batch: 1125/1432: Loss: 1.01 | Accuracy: 0.96
[Training] Itteration/Batch: 1150/1432: Loss: 0.72 | Accuracy: 0.93
[Training] Itteration/Batch: 1175/1432: Loss: 0.32 | Accuracy: 0.96
[Training] Itteration/Batch: 1200/1432: Loss: 0.26 | Accuracy: 1.00
[Training] Itteration/Batch: 1225/1432: Loss: 0.25 | Accuracy: 1.00
[Training] Itteration/Batch: 1250/1432: Loss: 0.37 | Accuracy: 1.00
[Training] Itteration/Batch: 1275/1432: Loss: 0.32 | Accuracy: 0.96
[Training] Itteration/Batch: 1300/1432: Loss: 0.29 | Accuracy: 0.96
[Training] Itteration/Batch: 1325/1432: Loss: 0.94 | Accuracy: 0.96
[Training] Itteration/Batch: 1350/1432: Loss: 1.07 | Accuracy: 0.88
[Training] Itteration/Batch: 1375/1432: Loss: 0.74 | Accuracy: 0.97
[Training] Itteration/Batch: 1400/1432: Loss: 2.03 | Accuracy: 0.97
[Training] Itteration/Batch: 1425/1432: Loss: 1.42 | Accuracy: 0.93

Epoch 1: Val Bin. F1 Majority 0.4402116537094116 | Val Macro F1 Majority 0.7059531099554643 |             Val Bin F1 Individual 0.4018264710903168 | Val Macro F1 Individual 0.6870658801052334 |             Val Accuracy Majority 0.9461138844490051 | Val Accuracy Individual 0.9470615386962891 | Training Loss:0.9159498810768127 |             Val Loss 0.6292851567268372 | Train Runtime Millis 107545.25921000459 | Val Runtime Millis 22055.053251999198

______________________________	 Running Epoch 2 of 10 	______________________________
[Training] Itteration/Batch:   0/1432: Loss: 0.83 | Accuracy: 0.91
[Training] Itteration/Batch:  25/1432: Loss: 0.70 | Accuracy: 0.96
[Training] Itteration/Batch:  50/1432: Loss: 0.27 | Accuracy: 1.00
[Training] Itteration/Batch:  75/1432: Loss: 1.00 | Accuracy: 0.77
[Training] Itteration/Batch: 100/1432: Loss: 0.49 | Accuracy: 0.97
[Training] Itteration/Batch: 125/1432: Loss: 0.34 | Accuracy: 1.00
[Training] Itteration/Batch: 150/1432: Loss: 0.33 | Accuracy: 1.00
[Training] Itteration/Batch: 175/1432: Loss: 0.98 | Accuracy: 0.94
[Training] Itteration/Batch: 200/1432: Loss: 1.10 | Accuracy: 0.87
[Training] Itteration/Batch: 225/1432: Loss: 0.52 | Accuracy: 0.97
[Training] Itteration/Batch: 250/1432: Loss: 0.43 | Accuracy: 0.91
[Training] Itteration/Batch: 275/1432: Loss: 0.24 | Accuracy: 1.00
[Training] Itteration/Batch: 300/1432: Loss: 0.57 | Accuracy: 0.94
[Training] Itteration/Batch: 325/1432: Loss: 0.52 | Accuracy: 0.93
[Training] Itteration/Batch: 350/1432: Loss: 0.52 | Accuracy: 0.97
[Training] Itteration/Batch: 375/1432: Loss: 0.42 | Accuracy: 1.00
[Training] Itteration/Batch: 400/1432: Loss: 0.24 | Accuracy: 1.00
[Training] Itteration/Batch: 425/1432: Loss: 0.38 | Accuracy: 0.93
[Training] Itteration/Batch: 450/1432: Loss: 0.78 | Accuracy: 0.88
[Training] Itteration/Batch: 475/1432: Loss: 0.42 | Accuracy: 0.93
[Training] Itteration/Batch: 500/1432: Loss: 1.79 | Accuracy: 0.90
[Training] Itteration/Batch: 525/1432: Loss: 0.32 | Accuracy: 0.96
[Training] Itteration/Batch: 550/1432: Loss: 0.42 | Accuracy: 1.00
[Training] Itteration/Batch: 575/1432: Loss: 0.20 | Accuracy: 1.00
[Training] Itteration/Batch: 600/1432: Loss: 0.40 | Accuracy: 0.92
[Training] Itteration/Batch: 625/1432: Loss: 0.56 | Accuracy: 0.94
[Training] Itteration/Batch: 650/1432: Loss: 1.78 | Accuracy: 0.96
[Training] Itteration/Batch: 675/1432: Loss: 0.31 | Accuracy: 1.00
[Training] Itteration/Batch: 700/1432: Loss: 0.40 | Accuracy: 0.93
[Training] Itteration/Batch: 725/1432: Loss: 0.60 | Accuracy: 0.96
[Training] Itteration/Batch: 750/1432: Loss: 0.31 | Accuracy: 0.91
[Training] Itteration/Batch: 775/1432: Loss: 1.13 | Accuracy: 0.93
[Training] Itteration/Batch: 800/1432: Loss: 0.60 | Accuracy: 1.00
[Training] Itteration/Batch: 825/1432: Loss: 0.18 | Accuracy: 0.94
[Training] Itteration/Batch: 850/1432: Loss: 0.20 | Accuracy: 1.00
[Training] Itteration/Batch: 875/1432: Loss: 0.49 | Accuracy: 0.97
[Training] Itteration/Batch: 900/1432: Loss: 0.34 | Accuracy: 0.92
[Training] Itteration/Batch: 925/1432: Loss: 1.15 | Accuracy: 0.97
[Training] Itteration/Batch: 950/1432: Loss: 0.50 | Accuracy: 0.88
[Training] Itteration/Batch: 975/1432: Loss: 0.76 | Accuracy: 0.97
[Training] Itteration/Batch: 1000/1432: Loss: 0.46 | Accuracy: 0.89
[Training] Itteration/Batch: 1025/1432: Loss: 0.53 | Accuracy: 0.90
[Training] Itteration/Batch: 1050/1432: Loss: 0.44 | Accuracy: 1.00
[Training] Itteration/Batch: 1075/1432: Loss: 0.41 | Accuracy: 0.91
[Training] Itteration/Batch: 1100/1432: Loss: 0.23 | Accuracy: 1.00
[Training] Itteration/Batch: 1125/1432: Loss: 0.41 | Accuracy: 1.00
[Training] Itteration/Batch: 1150/1432: Loss: 0.19 | Accuracy: 1.00
[Training] Itteration/Batch: 1175/1432: Loss: 0.17 | Accuracy: 1.00
[Training] Itteration/Batch: 1200/1432: Loss: 0.78 | Accuracy: 0.83
[Training] Itteration/Batch: 1225/1432: Loss: 0.48 | Accuracy: 0.93
[Training] Itteration/Batch: 1250/1432: Loss: 0.17 | Accuracy: 1.00
[Training] Itteration/Batch: 1275/1432: Loss: 0.68 | Accuracy: 0.93
[Training] Itteration/Batch: 1300/1432: Loss: 0.96 | Accuracy: 0.96
[Training] Itteration/Batch: 1325/1432: Loss: 0.46 | Accuracy: 0.96
[Training] Itteration/Batch: 1350/1432: Loss: 0.26 | Accuracy: 1.00
[Training] Itteration/Batch: 1375/1432: Loss: 0.42 | Accuracy: 0.92
[Training] Itteration/Batch: 1400/1432: Loss: 0.37 | Accuracy: 0.93
[Training] Itteration/Batch: 1425/1432: Loss: 0.31 | Accuracy: 0.96

Epoch 2: Val Bin. F1 Majority 0.443113774061203 | Val Macro F1 Majority 0.7065826483572144 |             Val Bin F1 Individual 0.4115907847881317 | Val Macro F1 Individual 0.6906981276112064 |             Val Accuracy Majority 0.943159818649292 | Val Accuracy Individual 0.9425585865974426 | Training Loss:0.59593266248703 |             Val Loss 0.5418669581413269 | Train Runtime Millis 107879.09819000197 | Val Runtime Millis 22191.60645300144

______________________________	 Running Epoch 3 of 10 	______________________________
[Training] Itteration/Batch:   0/1432: Loss: 0.63 | Accuracy: 0.88
[Training] Itteration/Batch:  25/1432: Loss: 0.54 | Accuracy: 0.93
[Training] Itteration/Batch:  50/1432: Loss: 0.46 | Accuracy: 0.97
[Training] Itteration/Batch:  75/1432: Loss: 0.20 | Accuracy: 0.96
[Training] Itteration/Batch: 100/1432: Loss: 0.33 | Accuracy: 0.94
[Training] Itteration/Batch: 125/1432: Loss: 0.46 | Accuracy: 0.92
[Training] Itteration/Batch: 150/1432: Loss: 0.25 | Accuracy: 0.97
[Training] Itteration/Batch: 175/1432: Loss: 0.45 | Accuracy: 0.96
[Training] Itteration/Batch: 200/1432: Loss: 0.40 | Accuracy: 0.96
[Training] Itteration/Batch: 225/1432: Loss: 0.21 | Accuracy: 0.96
[Training] Itteration/Batch: 250/1432: Loss: 0.39 | Accuracy: 0.96
[Training] Itteration/Batch: 275/1432: Loss: 0.17 | Accuracy: 1.00
[Training] Itteration/Batch: 300/1432: Loss: 0.32 | Accuracy: 0.96
[Training] Itteration/Batch: 325/1432: Loss: 0.22 | Accuracy: 1.00
[Training] Itteration/Batch: 350/1432: Loss: 0.81 | Accuracy: 0.92
[Training] Itteration/Batch: 375/1432: Loss: 0.32 | Accuracy: 0.94
[Training] Itteration/Batch: 400/1432: Loss: 0.93 | Accuracy: 0.85
[Training] Itteration/Batch: 425/1432: Loss: 0.41 | Accuracy: 0.94
[Training] Itteration/Batch: 450/1432: Loss: 0.44 | Accuracy: 0.90
[Training] Itteration/Batch: 475/1432: Loss: 0.26 | Accuracy: 1.00
[Training] Itteration/Batch: 500/1432: Loss: 0.26 | Accuracy: 0.92
[Training] Itteration/Batch: 525/1432: Loss: 0.17 | Accuracy: 1.00
[Training] Itteration/Batch: 550/1432: Loss: 0.46 | Accuracy: 0.85
[Training] Itteration/Batch: 575/1432: Loss: 0.62 | Accuracy: 0.86
[Training] Itteration/Batch: 600/1432: Loss: 0.19 | Accuracy: 1.00
[Training] Itteration/Batch: 625/1432: Loss: 0.39 | Accuracy: 0.92
[Training] Itteration/Batch: 650/1432: Loss: 0.56 | Accuracy: 0.90
[Training] Itteration/Batch: 675/1432: Loss: 0.47 | Accuracy: 0.87
[Training] Itteration/Batch: 700/1432: Loss: 1.24 | Accuracy: 0.97
[Training] Itteration/Batch: 725/1432: Loss: 0.15 | Accuracy: 1.00
[Training] Itteration/Batch: 750/1432: Loss: 0.27 | Accuracy: 0.92
[Training] Itteration/Batch: 775/1432: Loss: 0.15 | Accuracy: 1.00
[Training] Itteration/Batch: 800/1432: Loss: 0.29 | Accuracy: 1.00
[Training] Itteration/Batch: 825/1432: Loss: 1.98 | Accuracy: 0.96
[Training] Itteration/Batch: 850/1432: Loss: 2.53 | Accuracy: 0.93
[Training] Itteration/Batch: 875/1432: Loss: 0.78 | Accuracy: 0.92
[Training] Itteration/Batch: 900/1432: Loss: 0.26 | Accuracy: 1.00
[Training] Itteration/Batch: 925/1432: Loss: 0.14 | Accuracy: 1.00
[Training] Itteration/Batch: 950/1432: Loss: 0.50 | Accuracy: 0.97
[Training] Itteration/Batch: 975/1432: Loss: 0.50 | Accuracy: 0.93
[Training] Itteration/Batch: 1000/1432: Loss: 1.22 | Accuracy: 0.88
[Training] Itteration/Batch: 1025/1432: Loss: 0.28 | Accuracy: 0.93
[Training] Itteration/Batch: 1050/1432: Loss: 0.33 | Accuracy: 0.96
[Training] Itteration/Batch: 1075/1432: Loss: 0.51 | Accuracy: 0.96
[Training] Itteration/Batch: 1100/1432: Loss: 0.12 | Accuracy: 1.00
[Training] Itteration/Batch: 1125/1432: Loss: 0.63 | Accuracy: 0.97
[Training] Itteration/Batch: 1150/1432: Loss: 0.57 | Accuracy: 0.97
[Training] Itteration/Batch: 1175/1432: Loss: 0.18 | Accuracy: 0.96
[Training] Itteration/Batch: 1200/1432: Loss: 0.15 | Accuracy: 1.00
[Training] Itteration/Batch: 1225/1432: Loss: 0.18 | Accuracy: 0.97
[Training] Itteration/Batch: 1250/1432: Loss: 0.46 | Accuracy: 0.86
[Training] Itteration/Batch: 1275/1432: Loss: 0.24 | Accuracy: 1.00
[Training] Itteration/Batch: 1300/1432: Loss: 0.48 | Accuracy: 0.89
[Training] Itteration/Batch: 1325/1432: Loss: 0.39 | Accuracy: 1.00
[Training] Itteration/Batch: 1350/1432: Loss: 0.70 | Accuracy: 0.88
[Training] Itteration/Batch: 1375/1432: Loss: 0.18 | Accuracy: 1.00
[Training] Itteration/Batch: 1400/1432: Loss: 0.11 | Accuracy: 1.00
[Training] Itteration/Batch: 1425/1432: Loss: 0.30 | Accuracy: 0.96

Epoch 3: Val Bin. F1 Majority 0.4310823380947113 | Val Macro F1 Majority 0.69896702663415 |             Val Bin F1 Individual 0.4094650149345398 | Val Macro F1 Individual 0.687178993468494 |             Val Accuracy Majority 0.9373535513877869 | Val Accuracy Individual 0.933725893497467 | Training Loss:0.4710540473461151 |             Val Loss 0.5243297815322876 | Train Runtime Millis 108324.06160400569 | Val Runtime Millis 22225.19690199988

______________________________	 Running Epoch 4 of 10 	______________________________
[Training] Itteration/Batch:   0/1432: Loss: 0.38 | Accuracy: 0.82
[Training] Itteration/Batch:  25/1432: Loss: 0.25 | Accuracy: 1.00
[Training] Itteration/Batch:  50/1432: Loss: 0.21 | Accuracy: 1.00
[Training] Itteration/Batch:  75/1432: Loss: 0.28 | Accuracy: 0.90
[Training] Itteration/Batch: 100/1432: Loss: 0.27 | Accuracy: 0.93
[Training] Itteration/Batch: 125/1432: Loss: 0.09 | Accuracy: 1.00
[Training] Itteration/Batch: 150/1432: Loss: 0.17 | Accuracy: 1.00
[Training] Itteration/Batch: 175/1432: Loss: 1.93 | Accuracy: 0.88
[Training] Itteration/Batch: 200/1432: Loss: 0.80 | Accuracy: 0.93
[Training] Itteration/Batch: 225/1432: Loss: 0.76 | Accuracy: 0.88
[Training] Itteration/Batch: 250/1432: Loss: 0.11 | Accuracy: 1.00
[Training] Itteration/Batch: 275/1432: Loss: 0.35 | Accuracy: 0.92
[Training] Itteration/Batch: 300/1432: Loss: 0.19 | Accuracy: 1.00
[Training] Itteration/Batch: 325/1432: Loss: 0.34 | Accuracy: 0.96
[Training] Itteration/Batch: 350/1432: Loss: 0.20 | Accuracy: 0.96
[Training] Itteration/Batch: 375/1432: Loss: 0.21 | Accuracy: 0.92
[Training] Itteration/Batch: 400/1432: Loss: 0.11 | Accuracy: 1.00
[Training] Itteration/Batch: 425/1432: Loss: 0.25 | Accuracy: 0.97
[Training] Itteration/Batch: 450/1432: Loss: 0.18 | Accuracy: 1.00
[Training] Itteration/Batch: 475/1432: Loss: 0.08 | Accuracy: 1.00
[Training] Itteration/Batch: 500/1432: Loss: 0.41 | Accuracy: 0.94
[Training] Itteration/Batch: 525/1432: Loss: 0.22 | Accuracy: 0.92
[Training] Itteration/Batch: 550/1432: Loss: 0.26 | Accuracy: 0.93
[Training] Itteration/Batch: 575/1432: Loss: 0.37 | Accuracy: 0.97
[Training] Itteration/Batch: 600/1432: Loss: 0.11 | Accuracy: 1.00
[Training] Itteration/Batch: 625/1432: Loss: 0.13 | Accuracy: 1.00
[Training] Itteration/Batch: 650/1432: Loss: 0.12 | Accuracy: 1.00
[Training] Itteration/Batch: 675/1432: Loss: 0.36 | Accuracy: 0.93
[Training] Itteration/Batch: 700/1432: Loss: 0.70 | Accuracy: 0.93
[Training] Itteration/Batch: 725/1432: Loss: 0.29 | Accuracy: 0.92
[Training] Itteration/Batch: 750/1432: Loss: 1.30 | Accuracy: 0.97
[Training] Itteration/Batch: 775/1432: Loss: 0.41 | Accuracy: 0.93
[Training] Itteration/Batch: 800/1432: Loss: 0.28 | Accuracy: 0.96
[Training] Itteration/Batch: 825/1432: Loss: 0.26 | Accuracy: 0.96
[Training] Itteration/Batch: 850/1432: Loss: 0.28 | Accuracy: 0.96
[Training] Itteration/Batch: 875/1432: Loss: 0.19 | Accuracy: 1.00
[Training] Itteration/Batch: 900/1432: Loss: 0.15 | Accuracy: 1.00
[Training] Itteration/Batch: 925/1432: Loss: 0.73 | Accuracy: 0.75
[Training] Itteration/Batch: 950/1432: Loss: 0.23 | Accuracy: 1.00
[Training] Itteration/Batch: 975/1432: Loss: 0.10 | Accuracy: 1.00
[Training] Itteration/Batch: 1000/1432: Loss: 0.12 | Accuracy: 1.00
[Training] Itteration/Batch: 1025/1432: Loss: 0.13 | Accuracy: 1.00
[Training] Itteration/Batch: 1050/1432: Loss: 0.63 | Accuracy: 0.81
[Training] Itteration/Batch: 1075/1432: Loss: 0.29 | Accuracy: 0.97
[Training] Itteration/Batch: 1100/1432: Loss: 0.66 | Accuracy: 0.91
[Training] Itteration/Batch: 1125/1432: Loss: 0.29 | Accuracy: 0.95
[Training] Itteration/Batch: 1150/1432: Loss: 0.27 | Accuracy: 1.00
[Training] Itteration/Batch: 1175/1432: Loss: 0.23 | Accuracy: 0.96
[Training] Itteration/Batch: 1200/1432: Loss: 0.23 | Accuracy: 0.97
[Training] Itteration/Batch: 1225/1432: Loss: 0.10 | Accuracy: 1.00
[Training] Itteration/Batch: 1250/1432: Loss: 0.48 | Accuracy: 0.88
[Training] Itteration/Batch: 1275/1432: Loss: 0.08 | Accuracy: 1.00
[Training] Itteration/Batch: 1300/1432: Loss: 0.88 | Accuracy: 0.71
[Training] Itteration/Batch: 1325/1432: Loss: 0.17 | Accuracy: 0.97
[Training] Itteration/Batch: 1350/1432: Loss: 0.28 | Accuracy: 0.97
[Training] Itteration/Batch: 1375/1432: Loss: 0.58 | Accuracy: 0.89
[Training] Itteration/Batch: 1400/1432: Loss: 0.10 | Accuracy: 1.00
[Training] Itteration/Batch: 1425/1432: Loss: 0.10 | Accuracy: 1.00

Epoch 4: Val Bin. F1 Majority 0.44170403480529785 | Val Macro F1 Majority 0.7075663493853043 |             Val Bin F1 Individual 0.4356435537338257 | Val Macro F1 Individual 0.7049176800320619 |             Val Accuracy Majority 0.9492716789245605 | Val Accuracy Individual 0.9506407976150513 | Training Loss:0.385355144739151 |             Val Loss 0.528377890586853 | Train Runtime Millis 108301.15333799768 | Val Runtime Millis 22374.59446599678

______________________________	 Running Epoch 5 of 10 	______________________________
[Training] Itteration/Batch:   0/1432: Loss: 0.23 | Accuracy: 1.00
[Training] Itteration/Batch:  25/1432: Loss: 0.77 | Accuracy: 0.96
[Training] Itteration/Batch:  50/1432: Loss: 0.60 | Accuracy: 0.95
[Training] Itteration/Batch:  75/1432: Loss: 0.08 | Accuracy: 1.00
[Training] Itteration/Batch: 100/1432: Loss: 0.09 | Accuracy: 1.00
[Training] Itteration/Batch: 125/1432: Loss: 0.29 | Accuracy: 0.97
[Training] Itteration/Batch: 150/1432: Loss: 0.12 | Accuracy: 1.00
[Training] Itteration/Batch: 175/1432: Loss: 0.47 | Accuracy: 0.85
[Training] Itteration/Batch: 200/1432: Loss: 0.37 | Accuracy: 0.96
[Training] Itteration/Batch: 225/1432: Loss: 0.14 | Accuracy: 1.00
[Training] Itteration/Batch: 250/1432: Loss: 0.12 | Accuracy: 1.00
[Training] Itteration/Batch: 275/1432: Loss: 0.76 | Accuracy: 0.96
[Training] Itteration/Batch: 300/1432: Loss: 0.09 | Accuracy: 1.00
[Training] Itteration/Batch: 325/1432: Loss: 0.48 | Accuracy: 0.94
[Training] Itteration/Batch: 350/1432: Loss: 0.15 | Accuracy: 1.00
[Training] Itteration/Batch: 375/1432: Loss: 0.11 | Accuracy: 1.00
[Training] Itteration/Batch: 400/1432: Loss: 0.28 | Accuracy: 0.93
[Training] Itteration/Batch: 425/1432: Loss: 0.27 | Accuracy: 0.96
[Training] Itteration/Batch: 450/1432: Loss: 0.41 | Accuracy: 0.97
[Training] Itteration/Batch: 475/1432: Loss: 0.12 | Accuracy: 0.96
[Training] Itteration/Batch: 500/1432: Loss: 0.26 | Accuracy: 0.97
[Training] Itteration/Batch: 525/1432: Loss: 0.29 | Accuracy: 0.94
[Training] Itteration/Batch: 550/1432: Loss: 0.08 | Accuracy: 1.00
[Training] Itteration/Batch: 575/1432: Loss: 0.51 | Accuracy: 0.91
[Training] Itteration/Batch: 600/1432: Loss: 0.42 | Accuracy: 0.97
[Training] Itteration/Batch: 625/1432: Loss: 0.07 | Accuracy: 1.00
[Training] Itteration/Batch: 650/1432: Loss: 0.65 | Accuracy: 0.90
[Training] Itteration/Batch: 675/1432: Loss: 0.16 | Accuracy: 0.97
[Training] Itteration/Batch: 700/1432: Loss: 0.35 | Accuracy: 0.92
[Training] Itteration/Batch: 725/1432: Loss: 0.39 | Accuracy: 0.92
[Training] Itteration/Batch: 750/1432: Loss: 0.61 | Accuracy: 0.96
[Training] Itteration/Batch: 775/1432: Loss: 0.14 | Accuracy: 1.00
[Training] Itteration/Batch: 800/1432: Loss: 0.72 | Accuracy: 0.79
[Training] Itteration/Batch: 825/1432: Loss: 0.34 | Accuracy: 0.97
[Training] Itteration/Batch: 850/1432: Loss: 0.46 | Accuracy: 0.93
[Training] Itteration/Batch: 875/1432: Loss: 0.32 | Accuracy: 0.91
[Training] Itteration/Batch: 900/1432: Loss: 0.34 | Accuracy: 0.96
[Training] Itteration/Batch: 925/1432: Loss: 0.22 | Accuracy: 1.00
[Training] Itteration/Batch: 950/1432: Loss: 0.25 | Accuracy: 0.94
[Training] Itteration/Batch: 975/1432: Loss: 0.08 | Accuracy: 1.00
[Training] Itteration/Batch: 1000/1432: Loss: 0.37 | Accuracy: 0.97
[Training] Itteration/Batch: 1025/1432: Loss: 0.24 | Accuracy: 1.00
[Training] Itteration/Batch: 1050/1432: Loss: 0.06 | Accuracy: 1.00
[Training] Itteration/Batch: 1075/1432: Loss: 0.10 | Accuracy: 1.00
[Training] Itteration/Batch: 1100/1432: Loss: 0.07 | Accuracy: 1.00
[Training] Itteration/Batch: 1125/1432: Loss: 0.07 | Accuracy: 1.00
[Training] Itteration/Batch: 1150/1432: Loss: 0.58 | Accuracy: 0.84
[Training] Itteration/Batch: 1175/1432: Loss: 0.12 | Accuracy: 1.00
[Training] Itteration/Batch: 1200/1432: Loss: 0.07 | Accuracy: 1.00
[Training] Itteration/Batch: 1225/1432: Loss: 0.54 | Accuracy: 0.93
[Training] Itteration/Batch: 1250/1432: Loss: 0.33 | Accuracy: 0.96
[Training] Itteration/Batch: 1275/1432: Loss: 0.07 | Accuracy: 1.00
[Training] Itteration/Batch: 1300/1432: Loss: 0.07 | Accuracy: 1.00
[Training] Itteration/Batch: 1325/1432: Loss: 0.19 | Accuracy: 0.96
[Training] Itteration/Batch: 1350/1432: Loss: 0.08 | Accuracy: 1.00
[Training] Itteration/Batch: 1375/1432: Loss: 0.05 | Accuracy: 1.00
[Training] Itteration/Batch: 1400/1432: Loss: 0.06 | Accuracy: 1.00
[Training] Itteration/Batch: 1425/1432: Loss: 3.00 | Accuracy: 0.92

Epoch 5: Val Bin. F1 Majority 0.4130232632160187 | Val Macro F1 Majority 0.6895117895536172 |             Val Bin F1 Individual 0.39659756422042847 | Val Macro F1 Individual 0.6809774086291082 |             Val Accuracy Majority 0.9357237219810486 | Val Accuracy Individual 0.934476375579834 | Training Loss:0.3115518391132355 |             Val Loss 0.5330796837806702 | Train Runtime Millis 108469.00615299819 | Val Runtime Millis 22253.10475400329

______________________________	 Running Epoch 1 of 10 	______________________________
[Training] Itteration/Batch:   0/807: Loss: 3.12 | Accuracy: 0.48
[Training] Itteration/Batch:  25/807: Loss: 2.05 | Accuracy: 0.53
[Training] Itteration/Batch:  50/807: Loss: 2.22 | Accuracy: 0.60
[Training] Itteration/Batch:  75/807: Loss: 2.10 | Accuracy: 0.76
[Training] Itteration/Batch: 100/807: Loss: 2.37 | Accuracy: 0.65
[Training] Itteration/Batch: 125/807: Loss: 3.27 | Accuracy: 0.75
[Training] Itteration/Batch: 150/807: Loss: 2.52 | Accuracy: 0.80
[Training] Itteration/Batch: 175/807: Loss: 3.18 | Accuracy: 0.78
[Training] Itteration/Batch: 200/807: Loss: 2.02 | Accuracy: 0.82
[Training] Itteration/Batch: 225/807: Loss: 4.03 | Accuracy: 0.80
[Training] Itteration/Batch: 250/807: Loss: 1.93 | Accuracy: 0.88
[Training] Itteration/Batch: 275/807: Loss: 1.55 | Accuracy: 0.86
[Training] Itteration/Batch: 300/807: Loss: 1.61 | Accuracy: 0.95
[Training] Itteration/Batch: 325/807: Loss: 2.21 | Accuracy: 0.92
[Training] Itteration/Batch: 350/807: Loss: 2.08 | Accuracy: 0.92
[Training] Itteration/Batch: 375/807: Loss: 3.54 | Accuracy: 0.89
[Training] Itteration/Batch: 400/807: Loss: 2.53 | Accuracy: 0.91
[Training] Itteration/Batch: 425/807: Loss: 3.35 | Accuracy: 0.89
[Training] Itteration/Batch: 450/807: Loss: 1.82 | Accuracy: 0.95
[Training] Itteration/Batch: 475/807: Loss: 1.66 | Accuracy: 0.98
[Training] Itteration/Batch: 500/807: Loss: 3.06 | Accuracy: 0.89
[Training] Itteration/Batch: 525/807: Loss: 1.84 | Accuracy: 0.97
[Training] Itteration/Batch: 550/807: Loss: 1.36 | Accuracy: 1.00
[Training] Itteration/Batch: 575/807: Loss: 3.27 | Accuracy: 0.88
[Training] Itteration/Batch: 600/807: Loss: 1.14 | Accuracy: 1.00
[Training] Itteration/Batch: 625/807: Loss: 1.86 | Accuracy: 0.98
[Training] Itteration/Batch: 650/807: Loss: 1.20 | Accuracy: 1.00
[Training] Itteration/Batch: 675/807: Loss: 1.56 | Accuracy: 0.98
[Training] Itteration/Batch: 700/807: Loss: 1.92 | Accuracy: 0.93
[Training] Itteration/Batch: 725/807: Loss: 1.93 | Accuracy: 0.95
[Training] Itteration/Batch: 750/807: Loss: 1.42 | Accuracy: 0.93
[Training] Itteration/Batch: 775/807: Loss: 2.87 | Accuracy: 0.92
[Training] Itteration/Batch: 800/807: Loss: 1.08 | Accuracy: 1.00

Epoch 1: Val Bin. F1 Majority 0.3985055983066559 | Val Macro F1 Majority 0.6884614350860532 |             Val Bin F1 Individual 0.27075693011283875 | Val Macro F1 Individual 0.6209593764531476 |             Val Accuracy Majority 0.9583297371864319 | Val Accuracy Individual 0.9445177316665649 | Training Loss:2.258054733276367 |             Val Loss 1.7319236993789673 | Train Runtime Millis 88206.55124099721 | Val Runtime Millis 43781.59566899558

______________________________	 Running Epoch 2 of 10 	______________________________
[Training] Itteration/Batch:   0/807: Loss: 1.15 | Accuracy: 1.00
[Training] Itteration/Batch:  25/807: Loss: 1.47 | Accuracy: 0.92
[Training] Itteration/Batch:  50/807: Loss: 1.92 | Accuracy: 0.97
[Training] Itteration/Batch:  75/807: Loss: 1.86 | Accuracy: 0.83
[Training] Itteration/Batch: 100/807: Loss: 1.46 | Accuracy: 0.93
[Training] Itteration/Batch: 125/807: Loss: 3.25 | Accuracy: 0.92
[Training] Itteration/Batch: 150/807: Loss: 1.31 | Accuracy: 0.98
[Training] Itteration/Batch: 175/807: Loss: 0.94 | Accuracy: 1.00
[Training] Itteration/Batch: 200/807: Loss: 2.31 | Accuracy: 0.97
[Training] Itteration/Batch: 225/807: Loss: 1.60 | Accuracy: 0.93
[Training] Itteration/Batch: 250/807: Loss: 0.96 | Accuracy: 1.00
[Training] Itteration/Batch: 275/807: Loss: 1.98 | Accuracy: 0.86
[Training] Itteration/Batch: 300/807: Loss: 1.36 | Accuracy: 0.93
[Training] Itteration/Batch: 325/807: Loss: 1.71 | Accuracy: 0.90
[Training] Itteration/Batch: 350/807: Loss: 1.40 | Accuracy: 0.96
[Training] Itteration/Batch: 375/807: Loss: 2.54 | Accuracy: 0.90
[Training] Itteration/Batch: 400/807: Loss: 1.26 | Accuracy: 0.96
[Training] Itteration/Batch: 425/807: Loss: 1.84 | Accuracy: 0.86
[Training] Itteration/Batch: 450/807: Loss: 1.43 | Accuracy: 0.81
[Training] Itteration/Batch: 475/807: Loss: 1.93 | Accuracy: 0.94
[Training] Itteration/Batch: 500/807: Loss: 2.32 | Accuracy: 0.95
[Training] Itteration/Batch: 525/807: Loss: 1.62 | Accuracy: 0.85
[Training] Itteration/Batch: 550/807: Loss: 3.60 | Accuracy: 0.84
[Training] Itteration/Batch: 575/807: Loss: 2.61 | Accuracy: 0.93
[Training] Itteration/Batch: 600/807: Loss: 1.63 | Accuracy: 0.93
[Training] Itteration/Batch: 625/807: Loss: 1.63 | Accuracy: 0.92
[Training] Itteration/Batch: 650/807: Loss: 1.01 | Accuracy: 0.98
[Training] Itteration/Batch: 675/807: Loss: 1.26 | Accuracy: 0.91
[Training] Itteration/Batch: 700/807: Loss: 1.85 | Accuracy: 0.92
[Training] Itteration/Batch: 725/807: Loss: 1.70 | Accuracy: 0.88
[Training] Itteration/Batch: 750/807: Loss: 1.02 | Accuracy: 0.97
[Training] Itteration/Batch: 775/807: Loss: 1.03 | Accuracy: 0.98
[Training] Itteration/Batch: 800/807: Loss: 1.71 | Accuracy: 0.97

Epoch 2: Val Bin. F1 Majority 0.3581640422344208 | Val Macro F1 Majority 0.6595652454010976 |             Val Bin F1 Individual 0.35277029871940613 | Val Macro F1 Individual 0.6553156581082225 |             Val Accuracy Majority 0.9264084100723267 | Val Accuracy Individual 0.9208737015724182 | Training Loss:1.6944663524627686 |             Val Loss 1.4005993604660034 | Train Runtime Millis 88561.86736399832 | Val Runtime Millis 44028.35777499422

______________________________	 Running Epoch 3 of 10 	______________________________
[Training] Itteration/Batch:   0/807: Loss: 1.54 | Accuracy: 0.93
[Training] Itteration/Batch:  25/807: Loss: 0.89 | Accuracy: 0.96
[Training] Itteration/Batch:  50/807: Loss: 1.06 | Accuracy: 0.93
[Training] Itteration/Batch:  75/807: Loss: 2.22 | Accuracy: 0.97
[Training] Itteration/Batch: 100/807: Loss: 1.45 | Accuracy: 0.91
[Training] Itteration/Batch: 125/807: Loss: 0.63 | Accuracy: 1.00
[Training] Itteration/Batch: 150/807: Loss: 1.10 | Accuracy: 0.93
[Training] Itteration/Batch: 175/807: Loss: 2.67 | Accuracy: 0.89
[Training] Itteration/Batch: 200/807: Loss: 1.33 | Accuracy: 0.97
[Training] Itteration/Batch: 225/807: Loss: 1.39 | Accuracy: 0.98
[Training] Itteration/Batch: 250/807: Loss: 1.57 | Accuracy: 0.90
[Training] Itteration/Batch: 275/807: Loss: 2.88 | Accuracy: 0.94
[Training] Itteration/Batch: 300/807: Loss: 1.71 | Accuracy: 0.87
[Training] Itteration/Batch: 325/807: Loss: 1.67 | Accuracy: 0.96
[Training] Itteration/Batch: 350/807: Loss: 1.41 | Accuracy: 0.92
[Training] Itteration/Batch: 375/807: Loss: 1.17 | Accuracy: 0.90
[Training] Itteration/Batch: 400/807: Loss: 1.49 | Accuracy: 0.91
[Training] Itteration/Batch: 425/807: Loss: 1.35 | Accuracy: 0.95
[Training] Itteration/Batch: 450/807: Loss: 1.97 | Accuracy: 0.98
[Training] Itteration/Batch: 475/807: Loss: 1.69 | Accuracy: 0.92
[Training] Itteration/Batch: 500/807: Loss: 0.84 | Accuracy: 0.93
[Training] Itteration/Batch: 525/807: Loss: 0.99 | Accuracy: 0.93
[Training] Itteration/Batch: 550/807: Loss: 0.84 | Accuracy: 0.91
[Training] Itteration/Batch: 575/807: Loss: 1.73 | Accuracy: 0.86
[Training] Itteration/Batch: 600/807: Loss: 0.98 | Accuracy: 0.93
[Training] Itteration/Batch: 625/807: Loss: 1.17 | Accuracy: 0.89
[Training] Itteration/Batch: 650/807: Loss: 0.73 | Accuracy: 0.93
[Training] Itteration/Batch: 675/807: Loss: 2.44 | Accuracy: 0.78
[Training] Itteration/Batch: 700/807: Loss: 1.66 | Accuracy: 0.94
[Training] Itteration/Batch: 725/807: Loss: 1.81 | Accuracy: 0.86
[Training] Itteration/Batch: 750/807: Loss: 0.65 | Accuracy: 0.97
[Training] Itteration/Batch: 775/807: Loss: 1.06 | Accuracy: 0.88
[Training] Itteration/Batch: 800/807: Loss: 1.11 | Accuracy: 0.98

Epoch 3: Val Bin. F1 Majority 0.34909090399742126 | Val Macro F1 Majority 0.6540245209002947 |             Val Bin F1 Individual 0.3459611237049103 | Val Macro F1 Individual 0.6508875812079138 |             Val Accuracy Majority 0.9227849245071411 | Val Accuracy Individual 0.9172205328941345 | Training Loss:1.3979151248931885 |             Val Loss 1.2971656322479248 | Train Runtime Millis 88976.6517570024 | Val Runtime Millis 43883.7699939977

______________________________	 Running Epoch 4 of 10 	______________________________
[Training] Itteration/Batch:   0/807: Loss: 1.15 | Accuracy: 0.88
[Training] Itteration/Batch:  25/807: Loss: 1.61 | Accuracy: 0.95
[Training] Itteration/Batch:  50/807: Loss: 0.94 | Accuracy: 0.95
[Training] Itteration/Batch:  75/807: Loss: 1.66 | Accuracy: 0.84
[Training] Itteration/Batch: 100/807: Loss: 1.03 | Accuracy: 0.98
[Training] Itteration/Batch: 125/807: Loss: 1.24 | Accuracy: 0.86
[Training] Itteration/Batch: 150/807: Loss: 0.98 | Accuracy: 0.96
[Training] Itteration/Batch: 175/807: Loss: 0.54 | Accuracy: 1.00
[Training] Itteration/Batch: 200/807: Loss: 1.00 | Accuracy: 0.94
[Training] Itteration/Batch: 225/807: Loss: 0.69 | Accuracy: 0.97
[Training] Itteration/Batch: 250/807: Loss: 0.59 | Accuracy: 1.00
[Training] Itteration/Batch: 275/807: Loss: 0.84 | Accuracy: 0.95
[Training] Itteration/Batch: 300/807: Loss: 0.70 | Accuracy: 1.00
[Training] Itteration/Batch: 325/807: Loss: 1.45 | Accuracy: 0.88
[Training] Itteration/Batch: 350/807: Loss: 1.60 | Accuracy: 0.90
[Training] Itteration/Batch: 375/807: Loss: 1.19 | Accuracy: 0.98
[Training] Itteration/Batch: 400/807: Loss: 0.88 | Accuracy: 0.95
[Training] Itteration/Batch: 425/807: Loss: 0.74 | Accuracy: 0.93
[Training] Itteration/Batch: 450/807: Loss: 0.45 | Accuracy: 1.00
[Training] Itteration/Batch: 475/807: Loss: 0.90 | Accuracy: 0.98
[Training] Itteration/Batch: 500/807: Loss: 2.43 | Accuracy: 0.83
[Training] Itteration/Batch: 525/807: Loss: 1.44 | Accuracy: 0.94
[Training] Itteration/Batch: 550/807: Loss: 0.87 | Accuracy: 1.00
[Training] Itteration/Batch: 575/807: Loss: 1.30 | Accuracy: 0.97
[Training] Itteration/Batch: 600/807: Loss: 1.17 | Accuracy: 0.98
[Training] Itteration/Batch: 625/807: Loss: 2.23 | Accuracy: 0.87
[Training] Itteration/Batch: 650/807: Loss: 2.29 | Accuracy: 0.80
[Training] Itteration/Batch: 675/807: Loss: 0.93 | Accuracy: 0.96
[Training] Itteration/Batch: 700/807: Loss: 0.37 | Accuracy: 1.00
[Training] Itteration/Batch: 725/807: Loss: 1.73 | Accuracy: 0.92
[Training] Itteration/Batch: 750/807: Loss: 1.15 | Accuracy: 0.91
[Training] Itteration/Batch: 775/807: Loss: 0.69 | Accuracy: 0.92
[Training] Itteration/Batch: 800/807: Loss: 1.57 | Accuracy: 0.95

Epoch 4: Val Bin. F1 Majority 0.4282982647418976 | Val Macro F1 Majority 0.7006417308334156 |             Val Bin F1 Individual 0.39355993270874023 | Val Macro F1 Individual 0.6809437056630376 |             Val Accuracy Majority 0.9484082460403442 | Val Accuracy Individual 0.9397990703582764 | Training Loss:1.2248491048812866 |             Val Loss 1.2269656658172607 | Train Runtime Millis 88667.722416998 | Val Runtime Millis 43807.64286500198

______________________________	 Running Epoch 5 of 10 	______________________________
[Training] Itteration/Batch:   0/807: Loss: 2.04 | Accuracy: 0.95
[Training] Itteration/Batch:  25/807: Loss: 0.90 | Accuracy: 0.91
[Training] Itteration/Batch:  50/807: Loss: 0.48 | Accuracy: 1.00
[Training] Itteration/Batch:  75/807: Loss: 0.63 | Accuracy: 0.97
[Training] Itteration/Batch: 100/807: Loss: 1.56 | Accuracy: 0.95
[Training] Itteration/Batch: 125/807: Loss: 1.57 | Accuracy: 0.88
[Training] Itteration/Batch: 150/807: Loss: 0.55 | Accuracy: 1.00
[Training] Itteration/Batch: 175/807: Loss: 0.89 | Accuracy: 0.93
[Training] Itteration/Batch: 200/807: Loss: 1.24 | Accuracy: 0.89
[Training] Itteration/Batch: 225/807: Loss: 1.01 | Accuracy: 0.95
[Training] Itteration/Batch: 250/807: Loss: 0.85 | Accuracy: 0.98
[Training] Itteration/Batch: 275/807: Loss: 0.42 | Accuracy: 1.00
[Training] Itteration/Batch: 300/807: Loss: 1.28 | Accuracy: 0.86
[Training] Itteration/Batch: 325/807: Loss: 2.72 | Accuracy: 0.92
[Training] Itteration/Batch: 350/807: Loss: 0.33 | Accuracy: 1.00
[Training] Itteration/Batch: 375/807: Loss: 1.10 | Accuracy: 0.91
[Training] Itteration/Batch: 400/807: Loss: 1.16 | Accuracy: 0.94
[Training] Itteration/Batch: 425/807: Loss: 1.77 | Accuracy: 0.89
[Training] Itteration/Batch: 450/807: Loss: 1.67 | Accuracy: 0.95
[Training] Itteration/Batch: 475/807: Loss: 1.95 | Accuracy: 0.95
[Training] Itteration/Batch: 500/807: Loss: 1.38 | Accuracy: 0.76
[Training] Itteration/Batch: 525/807: Loss: 0.62 | Accuracy: 0.97
[Training] Itteration/Batch: 550/807: Loss: 0.57 | Accuracy: 1.00
[Training] Itteration/Batch: 575/807: Loss: 1.30 | Accuracy: 0.91
[Training] Itteration/Batch: 600/807: Loss: 3.40 | Accuracy: 0.95
[Training] Itteration/Batch: 625/807: Loss: 1.53 | Accuracy: 0.81
[Training] Itteration/Batch: 650/807: Loss: 0.37 | Accuracy: 1.00
[Training] Itteration/Batch: 675/807: Loss: 1.45 | Accuracy: 0.98
[Training] Itteration/Batch: 700/807: Loss: 0.43 | Accuracy: 0.98
[Training] Itteration/Batch: 725/807: Loss: 1.45 | Accuracy: 0.89
[Training] Itteration/Batch: 750/807: Loss: 0.85 | Accuracy: 0.96
[Training] Itteration/Batch: 775/807: Loss: 1.80 | Accuracy: 0.88
[Training] Itteration/Batch: 800/807: Loss: 0.71 | Accuracy: 0.98

Epoch 5: Val Bin. F1 Majority 0.35606059432029724 | Val Macro F1 Majority 0.6585901786135068 |             Val Bin F1 Individual 0.3573641777038574 | Val Macro F1 Individual 0.6576603998224001 |             Val Accuracy Majority 0.9266672134399414 | Val Accuracy Individual 0.9210766553878784 | Training Loss:1.1054362058639526 |             Val Loss 1.1915873289108276 | Train Runtime Millis 88614.7478310013 | Val Runtime Millis 43843.32126399386

______________________________	 Running Epoch 6 of 10 	______________________________
[Training] Itteration/Batch:   0/807: Loss: 0.55 | Accuracy: 0.93
[Training] Itteration/Batch:  25/807: Loss: 0.67 | Accuracy: 0.89
[Training] Itteration/Batch:  50/807: Loss: 1.20 | Accuracy: 0.94
[Training] Itteration/Batch:  75/807: Loss: 0.43 | Accuracy: 0.98
[Training] Itteration/Batch: 100/807: Loss: 0.72 | Accuracy: 0.95
[Training] Itteration/Batch: 125/807: Loss: 0.57 | Accuracy: 0.97
[Training] Itteration/Batch: 150/807: Loss: 4.23 | Accuracy: 0.87
[Training] Itteration/Batch: 175/807: Loss: 1.24 | Accuracy: 0.92
[Training] Itteration/Batch: 200/807: Loss: 0.54 | Accuracy: 0.98
[Training] Itteration/Batch: 225/807: Loss: 0.95 | Accuracy: 0.89
[Training] Itteration/Batch: 250/807: Loss: 0.31 | Accuracy: 1.00
[Training] Itteration/Batch: 275/807: Loss: 1.09 | Accuracy: 0.93
[Training] Itteration/Batch: 300/807: Loss: 0.62 | Accuracy: 0.98
[Training] Itteration/Batch: 325/807: Loss: 0.99 | Accuracy: 0.93
[Training] Itteration/Batch: 350/807: Loss: 1.57 | Accuracy: 0.97
[Training] Itteration/Batch: 375/807: Loss: 1.21 | Accuracy: 0.89
[Training] Itteration/Batch: 400/807: Loss: 2.13 | Accuracy: 0.82
[Training] Itteration/Batch: 425/807: Loss: 0.38 | Accuracy: 1.00
[Training] Itteration/Batch: 450/807: Loss: 0.31 | Accuracy: 1.00
[Training] Itteration/Batch: 475/807: Loss: 0.32 | Accuracy: 1.00
[Training] Itteration/Batch: 500/807: Loss: 1.03 | Accuracy: 0.91
[Training] Itteration/Batch: 525/807: Loss: 0.28 | Accuracy: 1.00
[Training] Itteration/Batch: 550/807: Loss: 0.36 | Accuracy: 1.00
[Training] Itteration/Batch: 575/807: Loss: 0.34 | Accuracy: 1.00
[Training] Itteration/Batch: 600/807: Loss: 0.28 | Accuracy: 1.00
[Training] Itteration/Batch: 625/807: Loss: 1.16 | Accuracy: 0.89
[Training] Itteration/Batch: 650/807: Loss: 0.71 | Accuracy: 0.97
[Training] Itteration/Batch: 675/807: Loss: 1.24 | Accuracy: 0.98
[Training] Itteration/Batch: 700/807: Loss: 2.08 | Accuracy: 0.92
[Training] Itteration/Batch: 725/807: Loss: 1.42 | Accuracy: 0.91
[Training] Itteration/Batch: 750/807: Loss: 0.79 | Accuracy: 0.98
[Training] Itteration/Batch: 775/807: Loss: 0.90 | Accuracy: 0.98
[Training] Itteration/Batch: 800/807: Loss: 0.62 | Accuracy: 0.93

Epoch 6: Val Bin. F1 Majority 0.4373757541179657 | Val Macro F1 Majority 0.7059263287518756 |             Val Bin F1 Individual 0.39459747076034546 | Val Macro F1 Individual 0.6820709110677559 |             Val Accuracy Majority 0.9511690139770508 | Val Accuracy Individual 0.9420061707496643 | Training Loss:1.0046465396881104 |             Val Loss 1.2071757316589355 | Train Runtime Millis 88314.52215399622 | Val Runtime Millis 43833.14379899821

______________________________	 Running Epoch 7 of 10 	______________________________
[Training] Itteration/Batch:   0/807: Loss: 0.51 | Accuracy: 0.97
[Training] Itteration/Batch:  25/807: Loss: 2.69 | Accuracy: 0.91
[Training] Itteration/Batch:  50/807: Loss: 0.49 | Accuracy: 1.00
[Training] Itteration/Batch:  75/807: Loss: 1.08 | Accuracy: 0.95
[Training] Itteration/Batch: 100/807: Loss: 0.57 | Accuracy: 0.96
[Training] Itteration/Batch: 125/807: Loss: 1.85 | Accuracy: 0.97
[Training] Itteration/Batch: 150/807: Loss: 2.82 | Accuracy: 0.94
[Training] Itteration/Batch: 175/807: Loss: 1.26 | Accuracy: 0.86
[Training] Itteration/Batch: 200/807: Loss: 0.79 | Accuracy: 0.95
[Training] Itteration/Batch: 225/807: Loss: 1.31 | Accuracy: 0.89
[Training] Itteration/Batch: 250/807: Loss: 0.85 | Accuracy: 0.95
[Training] Itteration/Batch: 275/807: Loss: 1.11 | Accuracy: 0.89
[Training] Itteration/Batch: 300/807: Loss: 0.78 | Accuracy: 0.93
[Training] Itteration/Batch: 325/807: Loss: 0.87 | Accuracy: 0.91
[Training] Itteration/Batch: 350/807: Loss: 1.17 | Accuracy: 0.97
[Training] Itteration/Batch: 375/807: Loss: 0.67 | Accuracy: 0.98
[Training] Itteration/Batch: 400/807: Loss: 1.68 | Accuracy: 0.93
[Training] Itteration/Batch: 425/807: Loss: 1.62 | Accuracy: 0.89
[Training] Itteration/Batch: 450/807: Loss: 1.23 | Accuracy: 0.89
[Training] Itteration/Batch: 475/807: Loss: 0.79 | Accuracy: 0.85
[Training] Itteration/Batch: 500/807: Loss: 1.08 | Accuracy: 0.95
[Training] Itteration/Batch: 525/807: Loss: 1.03 | Accuracy: 0.88
[Training] Itteration/Batch: 550/807: Loss: 1.28 | Accuracy: 0.90
[Training] Itteration/Batch: 575/807: Loss: 0.36 | Accuracy: 1.00
[Training] Itteration/Batch: 600/807: Loss: 0.69 | Accuracy: 0.94
[Training] Itteration/Batch: 625/807: Loss: 0.72 | Accuracy: 0.98
[Training] Itteration/Batch: 650/807: Loss: 0.68 | Accuracy: 0.96
[Training] Itteration/Batch: 675/807: Loss: 0.78 | Accuracy: 0.96
[Training] Itteration/Batch: 700/807: Loss: 1.96 | Accuracy: 0.76
[Training] Itteration/Batch: 725/807: Loss: 1.31 | Accuracy: 0.83
[Training] Itteration/Batch: 750/807: Loss: 1.24 | Accuracy: 0.93
[Training] Itteration/Batch: 775/807: Loss: 0.58 | Accuracy: 0.98
[Training] Itteration/Batch: 800/807: Loss: 1.16 | Accuracy: 0.96

Epoch 7: Val Bin. F1 Majority 0.40717488527297974 | Val Macro F1 Majority 0.6886103287968703 |             Val Bin F1 Individual 0.380655974149704 | Val Macro F1 Individual 0.6730025469275688 |             Val Accuracy Majority 0.9429730176925659 | Val Accuracy Individual 0.9343701004981995 | Training Loss:0.9447134733200073 |             Val Loss 1.1943480968475342 | Train Runtime Millis 88467.06367300067 | Val Runtime Millis 43678.52439199487

