Device cuda
Split type sit
Training Size: 602, NTA labels 488, YTA labels 114
Validation Size: 2247, NTA labels 1892, YTA labels 355
Test Size: 2229, NTA labels 1889, YTA labels 340
Training with SBERT, model name is sbert
Tokenizing the dataset
Number of training steps 190
Epoch 0 **** Loss 0.10415185242891312 **** Metrics validation: {'accuracy': 0.8660436137071651, 'f1_weighted': 0.8391014388518621, 'macro': 0.6534058211271957, 'micro': 0.8660436137071651, 'binary': 0.3819301848049281, 'accuracy_majority': 0.8555555555555555, 'macro_majority': 0.6361423486997954, 'binary_majority': 0.3535911602209945, 'run_time_millis': 3883.7819140026113, 'loss_mean': 0.191624715924263}
Epoch 1 **** Loss 0.03377871960401535 **** Metrics validation: {'accuracy': 0.8931909212283045, 'f1_weighted': 0.8972601275075871, 'macro': 0.8149657847278836, 'micro': 0.8931909212283045, 'binary': 0.6946564885496184, 'accuracy_majority': 0.8975308641975308, 'macro_majority': 0.8270882253845699, 'binary_majority': 0.7167235494880545, 'run_time_millis': 4093.8124979984423, 'loss_mean': 0.11615214496850967}
Epoch 2 **** Loss 0.06535723805427551 **** Metrics validation: {'accuracy': 0.89942145082332, 'f1_weighted': 0.9028059223776168, 'macro': 0.8239887590601309, 'micro': 0.89942145082332, 'binary': 0.7087628865979381, 'accuracy_majority': 0.9061728395061729, 'macro_majority': 0.839527027027027, 'binary_majority': 0.736111111111111, 'run_time_millis': 4106.906220000383, 'loss_mean': 0.10652011632919312}
Epoch 3 **** Loss 0.06999410688877106 **** Metrics validation: {'accuracy': 0.8829550511793502, 'f1_weighted': 0.8919738323592322, 'macro': 0.8162259270396771, 'micro': 0.8829550511793502, 'binary': 0.7054871220604705, 'accuracy_majority': 0.8925925925925926, 'macro_majority': 0.833329785648907, 'binary_majority': 0.7339449541284403, 'run_time_millis': 4108.737601996836, 'loss_mean': 0.10907045006752014}
Epoch 4 **** Loss 0.010972668416798115 **** Metrics validation: {'accuracy': 0.9003115264797508, 'f1_weighted': 0.9044531214045561, 'macro': 0.8286717952209137, 'micro': 0.9003115264797508, 'binary': 0.7178841309823679, 'accuracy_majority': 0.9074074074074074, 'macro_majority': 0.8437544205282258, 'binary_majority': 0.7440273037542662, 'run_time_millis': 4112.500349001493, 'loss_mean': 0.12452653795480728}
Epoch 5 **** Loss 0.06511692702770233 **** Metrics validation: {'accuracy': 0.897196261682243, 'f1_weighted': 0.9026716272499389, 'macro': 0.8281969646167641, 'micro': 0.897196261682243, 'binary': 0.7193195625759417, 'accuracy_majority': 0.9037037037037037, 'macro_majority': 0.8412706388366882, 'binary_majority': 0.7417218543046358, 'run_time_millis': 4096.101917999476, 'loss_mean': 0.1300535649061203}
Epoch 6 **** Loss 0.03119366616010666 **** Metrics validation: {'accuracy': 0.8958611481975968, 'f1_weighted': 0.9009594441742687, 'macro': 0.8241351214669688, 'micro': 0.8958611481975968, 'binary': 0.7118226600985221, 'accuracy_majority': 0.9024691358024691, 'macro_majority': 0.8379913868838598, 'binary_majority': 0.7357859531772576, 'run_time_millis': 4111.543192000681, 'loss_mean': 0.1336846649646759}
Epoch 7 **** Loss 0.019977930933237076 **** Metrics validation: {'accuracy': 0.9012016021361816, 'f1_weighted': 0.9056373772069068, 'macro': 0.8315310045579443, 'micro': 0.9012016021361816, 'binary': 0.7231920199501247, 'accuracy_majority': 0.9074074074074074, 'macro_majority': 0.8445794691397506, 'binary_majority': 0.7457627118644068, 'run_time_millis': 4091.875833000813, 'loss_mean': 0.14512984454631805}
Epoch 8 **** Loss 0.036549054086208344 **** Metrics validation: {'accuracy': 0.9052069425901201, 'f1_weighted': 0.9085247823063459, 'macro': 0.8346187005115784, 'micro': 0.9052069425901201, 'binary': 0.7265725288831836, 'accuracy_majority': 0.9123456790123456, 'macro_majority': 0.8496749622945806, 'binary_majority': 0.7526132404181184, 'run_time_millis': 3968.7951220003015, 'loss_mean': 0.15353085100650787}
Epoch 9 **** Loss 0.06836093962192535 **** Metrics validation: {'accuracy': 0.9074321317311972, 'f1_weighted': 0.9102929588288513, 'macro': 0.8370081046772776, 'micro': 0.9074321317311972, 'binary': 0.7298701298701298, 'accuracy_majority': 0.9135802469135802, 'macro_majority': 0.8505629585898626, 'binary_majority': 0.7535211267605634, 'run_time_millis': 3473.346799000865, 'loss_mean': 0.1592899113893509}
Evaluating
{'accuracy': 0.9074321317311972, 'f1_weighted': 0.9102929588288513, 'macro': 0.8370081046772776, 'micro': 0.9074321317311972, 'binary': 0.7298701298701298, 'accuracy_majority': 0.9135802469135802, 'macro_majority': 0.8505629585898626, 'binary_majority': 0.7535211267605634, 'run_time_millis': 4107.232225000189, 'loss_mean': 0.1592899113893509}
Device cuda
Split type sit
Training Size: 1204, NTA labels 1015, YTA labels 189
Validation Size: 2247, NTA labels 1892, YTA labels 355
Test Size: 2229, NTA labels 1889, YTA labels 340
Training with SBERT, model name is sbert
Tokenizing the dataset
Number of training steps 380
Epoch 0 **** Loss 0.14360815286636353 **** Metrics validation: {'accuracy': 0.8785046728971962, 'f1_weighted': 0.8855233522044397, 'macro': 0.7992216714425754, 'micro': 0.8785046728971962, 'binary': 0.6730538922155689, 'accuracy_majority': 0.8901234567901235, 'macro_majority': 0.8220435004776611, 'binary_majority': 0.7119741100323626, 'run_time_millis': 4111.288518000947, 'loss_mean': 0.11352252960205078}
Epoch 1 **** Loss 0.02669832482933998 **** Metrics validation: {'accuracy': 0.8829550511793502, 'f1_weighted': 0.8908644441280797, 'macro': 0.8114086469895354, 'micro': 0.8829550511793502, 'binary': 0.6952491309385862, 'accuracy_majority': 0.8950617283950617, 'macro_majority': 0.8341039807816027, 'binary_majority': 0.7335423197492164, 'run_time_millis': 4118.283891999454, 'loss_mean': 0.10385961830615997}
Epoch 2 **** Loss 0.08129935711622238 **** Metrics validation: {'accuracy': 0.8166444147752558, 'f1_weighted': 0.8381167585406317, 'macro': 0.7489194818720302, 'micro': 0.8166444147752558, 'binary': 0.6185185185185186, 'accuracy_majority': 0.828395061728395, 'macro_majority': 0.7688939794202951, 'binary_majority': 0.6516290726817042, 'run_time_millis': 4083.1675789995643, 'loss_mean': 0.09317044168710709}
Epoch 3 **** Loss 0.011731090024113655 **** Metrics validation: {'accuracy': 0.8980863373386738, 'f1_weighted': 0.9020134980337927, 'macro': 0.8236232903922625, 'micro': 0.8980863373386738, 'binary': 0.7090216010165183, 'accuracy_majority': 0.9061728395061729, 'macro_majority': 0.8412485558673048, 'binary_majority': 0.7397260273972602, 'run_time_millis': 4101.016705000802, 'loss_mean': 0.14270399510860443}
Epoch 4 **** Loss 0.005817552097141743 **** Metrics validation: {'accuracy': 0.89942145082332, 'f1_weighted': 0.9044253974973195, 'macro': 0.8304728394402308, 'micro': 0.89942145082332, 'binary': 0.7223587223587223, 'accuracy_majority': 0.9123456790123456, 'macro_majority': 0.8543973223892916, 'binary_majority': 0.7625418060200668, 'run_time_millis': 4134.506140999292, 'loss_mean': 0.13068558275699615}
Epoch 5 **** Loss 0.02980075404047966 **** Metrics validation: {'accuracy': 0.8486871384067646, 'f1_weighted': 0.8635861472875004, 'macro': 0.7774967613864062, 'micro': 0.8486871384067646, 'binary': 0.6516393442622951, 'accuracy_majority': 0.8617283950617284, 'macro_majority': 0.7992014094856971, 'binary_majority': 0.6871508379888268, 'run_time_millis': 4090.308028000436, 'loss_mean': 0.11742381006479263}
Epoch 6 **** Loss 0.033035654574632645 **** Metrics validation: {'accuracy': 0.8891855807743658, 'f1_weighted': 0.895587233329324, 'macro': 0.8168725135135577, 'micro': 0.8891855807743658, 'binary': 0.7017964071856287, 'accuracy_majority': 0.9012345679012346, 'macro_majority': 0.8404333907904457, 'binary_majority': 0.7419354838709676, 'run_time_millis': 4071.158368999022, 'loss_mean': 0.15909653902053833}
Epoch 7 **** Loss 0.00790795125067234 **** Metrics validation: {'accuracy': 0.8954161103693814, 'f1_weighted': 0.9003257808394259, 'macro': 0.822530280710988, 'micro': 0.8954161103693814, 'binary': 0.7087980173482032, 'accuracy_majority': 0.908641975308642, 'macro_majority': 0.8478510290489294, 'binary_majority': 0.7516778523489934, 'run_time_millis': 4117.644423000456, 'loss_mean': 0.1688733845949173}
Epoch 8 **** Loss 0.031162410974502563 **** Metrics validation: {'accuracy': 0.890520694259012, 'f1_weighted': 0.8974335768756654, 'macro': 0.8215400012914056, 'micro': 0.890520694259012, 'binary': 0.7105882352941176, 'accuracy_majority': 0.9049382716049382, 'macro_majority': 0.8482758620689654, 'binary_majority': 0.7555555555555555, 'run_time_millis': 4074.1290819969436, 'loss_mean': 0.13058418035507202}
Epoch 9 **** Loss 0.013930149376392365 **** Metrics validation: {'accuracy': 0.8900756564307967, 'f1_weighted': 0.8968231905715739, 'macro': 0.820001264835466, 'micro': 0.8900756564307967, 'binary': 0.7076923076923077, 'accuracy_majority': 0.9037037037037037, 'macro_majority': 0.8459340037650822, 'binary_majority': 0.751592356687898, 'run_time_millis': 4104.169362999528, 'loss_mean': 0.13134172558784485}
Evaluating
{'accuracy': 0.89942145082332, 'f1_weighted': 0.9044253974973195, 'macro': 0.8304728394402308, 'micro': 0.89942145082332, 'binary': 0.7223587223587223, 'accuracy_majority': 0.9123456790123456, 'macro_majority': 0.8543973223892916, 'binary_majority': 0.7625418060200668, 'run_time_millis': 4112.361188999785, 'loss_mean': 0.13068558275699615}
Device cuda
Split type sit
Training Size: 1806, NTA labels 1504, YTA labels 302
Validation Size: 2247, NTA labels 1892, YTA labels 355
Test Size: 2229, NTA labels 1889, YTA labels 340
Training with SBERT, model name is sbert
Tokenizing the dataset
Number of training steps 570
Epoch 0 **** Loss 0.0400007963180542 **** Metrics validation: {'accuracy': 0.8967512238540276, 'f1_weighted': 0.9026777693606021, 'macro': 0.8292172819121751, 'micro': 0.8967512238540276, 'binary': 0.7218225419664267, 'accuracy_majority': 0.9074074074074074, 'macro_majority': 0.8477638196621484, 'binary_majority': 0.7524752475247525, 'run_time_millis': 3545.071029999235, 'loss_mean': 0.10014768689870834}
Epoch 1 **** Loss 0.029898984357714653 **** Metrics validation: {'accuracy': 0.9020916777926123, 'f1_weighted': 0.9061593156651893, 'macro': 0.8317312274491115, 'micro': 0.9020916777926123, 'binary': 0.7229219143576826, 'accuracy_majority': 0.9098765432098765, 'macro_majority': 0.8479209693141397, 'binary_majority': 0.7508532423208191, 'run_time_millis': 4090.8064169998397, 'loss_mean': 0.10407643765211105}
Epoch 2 **** Loss 0.043376922607421875 **** Metrics validation: {'accuracy': 0.8295505117935025, 'f1_weighted': 0.8485366725727247, 'macro': 0.7609038523995573, 'micro': 0.8295505117935026, 'binary': 0.6327900287631831, 'accuracy_majority': 0.8382716049382716, 'macro_majority': 0.7768336926231663, 'binary_majority': 0.6597402597402597, 'run_time_millis': 4113.027460000012, 'loss_mean': 0.09528506547212601}
Epoch 3 **** Loss 0.07923901081085205 **** Metrics validation: {'accuracy': 0.8914107699154428, 'f1_weighted': 0.8985662627746461, 'macro': 0.8242555024733242, 'micro': 0.8914107699154428, 'binary': 0.7156177156177155, 'accuracy_majority': 0.9012345679012346, 'macro_majority': 0.8419835936052125, 'binary_majority': 0.7452229299363057, 'run_time_millis': 4076.2048389988195, 'loss_mean': 0.10227439552545547}
Epoch 4 **** Loss 0.05749284476041794 **** Metrics validation: {'accuracy': 0.892745883400089, 'f1_weighted': 0.8999936541249705, 'macro': 0.8271843495227302, 'micro': 0.892745883400089, 'binary': 0.7207415990730012, 'accuracy_majority': 0.9061728395061729, 'macro_majority': 0.8506057311485595, 'binary_majority': 0.759493670886076, 'run_time_millis': 3272.9381950011884, 'loss_mean': 0.11986520141363144}
Epoch 5 **** Loss 0.09799698740243912 **** Metrics validation: {'accuracy': 0.8958611481975968, 'f1_weighted': 0.902216505081501, 'macro': 0.8293196130623904, 'micro': 0.8958611481975968, 'binary': 0.7227488151658767, 'accuracy_majority': 0.9074074074074074, 'macro_majority': 0.850036657705894, 'binary_majority': 0.7572815533980581, 'run_time_millis': 4088.677079002082, 'loss_mean': 0.13811656832695007}
Epoch 6 **** Loss 0.05195729061961174 **** Metrics validation: {'accuracy': 0.8976412995104583, 'f1_weighted': 0.9035920582607735, 'macro': 0.8310022471557391, 'micro': 0.8976412995104583, 'binary': 0.7248803827751196, 'accuracy_majority': 0.9098765432098765, 'macro_majority': 0.8525712148600635, 'binary_majority': 0.7606557377049179, 'run_time_millis': 4122.176692999346, 'loss_mean': 0.15404435992240906}
Epoch 7 **** Loss 0.030191805213689804 **** Metrics validation: {'accuracy': 0.9069870939029817, 'f1_weighted': 0.9111246231360661, 'macro': 0.841241299715729, 'micro': 0.9069870939029817, 'binary': 0.739076154806492, 'accuracy_majority': 0.917283950617284, 'macro_majority': 0.8596728025877918, 'binary_majority': 0.7697594501718212, 'run_time_millis': 4090.1466550021723, 'loss_mean': 0.1914917379617691}
Epoch 8 **** Loss 0.029887735843658447 **** Metrics validation: {'accuracy': 0.9074321317311972, 'f1_weighted': 0.911039400690275, 'macro': 0.839957703381264, 'micro': 0.9074321317311972, 'binary': 0.7360406091370558, 'accuracy_majority': 0.917283950617284, 'macro_majority': 0.8581439785033366, 'binary_majority': 0.7665505226480835, 'run_time_millis': 4105.195821997768, 'loss_mean': 0.19664253294467926}
Epoch 9 **** Loss 0.13199903070926666 **** Metrics validation: {'accuracy': 0.9127725856697819, 'f1_weighted': 0.9157864826622477, 'macro': 0.8476635462296026, 'micro': 0.9127725856697819, 'binary': 0.7480719794344474, 'accuracy_majority': 0.9234567901234568, 'macro_majority': 0.867641477608164, 'binary_majority': 0.7816901408450704, 'run_time_millis': 3503.480892999505, 'loss_mean': 0.20184573531150818}
Evaluating
{'accuracy': 0.9127725856697819, 'f1_weighted': 0.9157864826622477, 'macro': 0.8476635462296026, 'micro': 0.9127725856697819, 'binary': 0.7480719794344474, 'accuracy_majority': 0.9234567901234568, 'macro_majority': 0.867641477608164, 'binary_majority': 0.7816901408450704, 'run_time_millis': 4113.785893998283, 'loss_mean': 0.20184573531150818}
Device cuda
Split type sit
Training Size: 2408, NTA labels 2022, YTA labels 386
Validation Size: 2247, NTA labels 1892, YTA labels 355
Test Size: 2229, NTA labels 1889, YTA labels 340
Training with SBERT, model name is sbert
Tokenizing the dataset
Number of training steps 760
Epoch 0 **** Loss 0.041535913944244385 **** Metrics validation: {'accuracy': 0.8762794837561193, 'f1_weighted': 0.885700967157125, 'macro': 0.8052519672274252, 'micro': 0.8762794837561193, 'binary': 0.6876404494382022, 'accuracy_majority': 0.8888888888888888, 'macro_majority': 0.8271873014668929, 'binary_majority': 0.7239263803680982, 'run_time_millis': 3159.785764000844, 'loss_mean': 0.10488110780715942}
Epoch 1 **** Loss 0.026729648932814598 **** Metrics validation: {'accuracy': 0.8887405429461505, 'f1_weighted': 0.8958431853857495, 'macro': 0.8189645837683984, 'micro': 0.8887405429461505, 'binary': 0.7065727699530516, 'accuracy_majority': 0.8987654320987655, 'macro_majority': 0.8364442255602069, 'binary_majority': 0.735483870967742, 'run_time_millis': 3767.9075470005046, 'loss_mean': 0.1001405119895935}
Epoch 2 **** Loss 0.036463771015405655 **** Metrics validation: {'accuracy': 0.8255451713395638, 'f1_weighted': 0.8448892714920455, 'macro': 0.7547926595697296, 'micro': 0.8255451713395638, 'binary': 0.6230769230769231, 'accuracy_majority': 0.8395061728395061, 'macro_majority': 0.7765280135823429, 'binary_majority': 0.6578947368421053, 'run_time_millis': 3734.6631479995267, 'loss_mean': 0.10788323730230331}
Epoch 3 **** Loss 0.0613982267677784 **** Metrics validation: {'accuracy': 0.8691588785046729, 'f1_weighted': 0.8801048351570188, 'macro': 0.7984352459596613, 'micro': 0.8691588785046729, 'binary': 0.6790393013100436, 'accuracy_majority': 0.8765432098765432, 'macro_majority': 0.8122496662216288, 'binary_majority': 0.7023809523809523, 'run_time_millis': 4114.234761000262, 'loss_mean': 0.09945608675479889}
Epoch 4 **** Loss 0.033649031072854996 **** Metrics validation: {'accuracy': 0.8482421005785492, 'f1_weighted': 0.8632182221494363, 'macro': 0.7770073650166511, 'micro': 0.8482421005785492, 'binary': 0.6509723643807575, 'accuracy_majority': 0.8580246913580247, 'macro_majority': 0.79340905008084, 'binary_majority': 0.6778711484593839, 'run_time_millis': 4068.9076199996634, 'loss_mean': 0.10967694967985153}
Epoch 5 **** Loss 0.003573663765564561 **** Metrics validation: {'accuracy': 0.8963061860258122, 'f1_weighted': 0.9024479888755208, 'macro': 0.8292700743018608, 'micro': 0.8963061860258122, 'binary': 0.7222884386174016, 'accuracy_majority': 0.9037037037037037, 'macro_majority': 0.8428686543110395, 'binary_majority': 0.7450980392156863, 'run_time_millis': 2032.9657330003101, 'loss_mean': 0.16806189715862274}
Epoch 6 **** Loss 0.18309557437896729 **** Metrics validation: {'accuracy': 0.9065420560747663, 'f1_weighted': 0.9106605685400423, 'macro': 0.8403255278830536, 'micro': 0.9065420560747663, 'binary': 0.7374999999999999, 'accuracy_majority': 0.9111111111111111, 'macro_majority': 0.8519631633989582, 'binary_majority': 0.7583892617449663, 'run_time_millis': 1971.522964999167, 'loss_mean': 0.17652709782123566}
Epoch 7 **** Loss 0.003222445258870721 **** Metrics validation: {'accuracy': 0.9025367156208278, 'f1_weighted': 0.9074242065331865, 'macro': 0.8358806490827564, 'micro': 0.9025367156208278, 'binary': 0.7312883435582823, 'accuracy_majority': 0.8987654320987655, 'macro_majority': 0.8364442255602069, 'binary_majority': 0.735483870967742, 'run_time_millis': 3367.596186002629, 'loss_mean': 0.19637618958950043}
Epoch 8 **** Loss 0.038912203162908554 **** Metrics validation: {'accuracy': 0.9158878504672897, 'f1_weighted': 0.9182117573131057, 'macro': 0.8508184587844467, 'micro': 0.9158878504672897, 'binary': 0.7522935779816515, 'accuracy_majority': 0.9148148148148149, 'macro_majority': 0.8547024767391378, 'binary_majority': 0.7612456747404845, 'run_time_millis': 4065.867545999936, 'loss_mean': 0.23001821339130402}
Epoch 9 **** Loss 0.07983575761318207 **** Metrics validation: {'accuracy': 0.9127725856697819, 'f1_weighted': 0.9159422144342892, 'macro': 0.8482794448364055, 'micro': 0.9127725856697819, 'binary': 0.7493606138107418, 'accuracy_majority': 0.9135802469135802, 'macro_majority': 0.8553217114395363, 'binary_majority': 0.7635135135135136, 'run_time_millis': 4127.831632999005, 'loss_mean': 0.2182309627532959}
Evaluating
{'accuracy': 0.9158878504672897, 'f1_weighted': 0.9182117573131057, 'macro': 0.8508184587844467, 'micro': 0.9158878504672897, 'binary': 0.7522935779816515, 'accuracy_majority': 0.9148148148148149, 'macro_majority': 0.8547024767391378, 'binary_majority': 0.7612456747404845, 'run_time_millis': 4069.111922999582, 'loss_mean': 0.23001821339130402}
Device cuda
Split type sit
Training Size: 3010, NTA labels 2521, YTA labels 489
Validation Size: 2247, NTA labels 1892, YTA labels 355
Test Size: 2229, NTA labels 1889, YTA labels 340
Training with SBERT, model name is sbert
Tokenizing the dataset
Number of training steps 950
Epoch 0 **** Loss 0.013746951706707478 **** Metrics validation: {'accuracy': 0.8522474410324877, 'f1_weighted': 0.8664647828004355, 'macro': 0.7811051957014691, 'micro': 0.8522474410324877, 'binary': 0.6563146997929608, 'accuracy_majority': 0.8641975308641975, 'macro_majority': 0.8011888505100812, 'binary_majority': 0.6892655367231638, 'run_time_millis': 2889.765350999369, 'loss_mean': 0.10589982569217682}
Epoch 1 **** Loss 0.03893078491091728 **** Metrics validation: {'accuracy': 0.9163328882955051, 'f1_weighted': 0.918199799388079, 'macro': 0.8498797434526992, 'micro': 0.9163328882955052, 'binary': 0.7500000000000001, 'accuracy_majority': 0.9259259259259259, 'macro_majority': 0.8689829192546584, 'binary_majority': 0.782608695652174, 'run_time_millis': 4082.9599680000683, 'loss_mean': 0.0990072712302208}
Epoch 2 **** Loss 0.009917421266436577 **** Metrics validation: {'accuracy': 0.9216733422340899, 'f1_weighted': 0.9219393296318138, 'macro': 0.8538022245815972, 'micro': 0.9216733422340899, 'binary': 0.7541899441340782, 'accuracy_majority': 0.9296296296296296, 'macro_majority': 0.870632770229566, 'binary_majority': 0.7832699619771863, 'run_time_millis': 4117.294265997771, 'loss_mean': 0.12829852104187012}
Epoch 3 **** Loss 0.0020079724490642548 **** Metrics validation: {'accuracy': 0.8940809968847352, 'f1_weighted': 0.9009884414941626, 'macro': 0.8282710280373832, 'micro': 0.8940809968847352, 'binary': 0.7219626168224299, 'accuracy_majority': 0.9037037037037037, 'macro_majority': 0.8459340037650822, 'binary_majority': 0.751592356687898, 'run_time_millis': 4108.742164000432, 'loss_mean': 0.10035553574562073}
Epoch 4 **** Loss 0.025039317086338997 **** Metrics validation: {'accuracy': 0.9136626613262128, 'f1_weighted': 0.917027133336122, 'macro': 0.8507297810382943, 'micro': 0.9136626613262128, 'binary': 0.7538071065989848, 'accuracy_majority': 0.9209876543209876, 'macro_majority': 0.8655950220378532, 'binary_majority': 0.7793103448275862, 'run_time_millis': 2180.6739700004982, 'loss_mean': 0.13695403933525085}
Epoch 5 **** Loss 0.1857990026473999 **** Metrics validation: {'accuracy': 0.9047619047619048, 'f1_weighted': 0.9102286320826243, 'macro': 0.8424676652120926, 'micro': 0.9047619047619048, 'binary': 0.7434052757793767, 'accuracy_majority': 0.9111111111111111, 'macro_majority': 0.8570924488355681, 'binary_majority': 0.7692307692307693, 'run_time_millis': 4108.400709003035, 'loss_mean': 0.11753471940755844}
Epoch 6 **** Loss 0.081741563975811 **** Metrics validation: {'accuracy': 0.9101023587004895, 'f1_weighted': 0.9145749128073387, 'macro': 0.8484757237474629, 'micro': 0.9101023587004895, 'binary': 0.7518427518427517, 'accuracy_majority': 0.9185185185185185, 'macro_majority': 0.8656905405541208, 'binary_majority': 0.7814569536423841, 'run_time_millis': 4081.156786000065, 'loss_mean': 0.13938692212104797}
Epoch 7 **** Loss 0.005178193561732769 **** Metrics validation: {'accuracy': 0.910547396528705, 'f1_weighted': 0.9149623181510639, 'macro': 0.8490814003494559, 'micro': 0.910547396528705, 'binary': 0.7527675276752769, 'accuracy_majority': 0.9098765432098765, 'macro_majority': 0.8540356801670703, 'binary_majority': 0.7637540453074433, 'run_time_millis': 4089.7492180010886, 'loss_mean': 0.1415572315454483}
Epoch 8 **** Loss 0.6015399694442749 **** Metrics validation: {'accuracy': 0.9185580774365821, 'f1_weighted': 0.9219069470883202, 'macro': 0.8598923367904725, 'micro': 0.9185580774365821, 'binary': 0.7692307692307693, 'accuracy_majority': 0.917283950617284, 'macro_majority': 0.8640023455648526, 'binary_majority': 0.7788778877887788, 'run_time_millis': 3702.743992998876, 'loss_mean': 0.15711182355880737}
Epoch 9 **** Loss 0.00010210539767285809 **** Metrics validation: {'accuracy': 0.9279038718291055, 'f1_weighted': 0.9290772026022649, 'macro': 0.8689635559907269, 'micro': 0.9279038718291055, 'binary': 0.781081081081081, 'accuracy_majority': 0.9333333333333333, 'macro_majority': 0.8827584728044688, 'binary_majority': 0.8057553956834532, 'run_time_millis': 3105.11013499854, 'loss_mean': 0.1965777426958084}
Evaluating
{'accuracy': 0.9279038718291055, 'f1_weighted': 0.9290772026022649, 'macro': 0.8689635559907269, 'micro': 0.9279038718291055, 'binary': 0.781081081081081, 'accuracy_majority': 0.9333333333333333, 'macro_majority': 0.8827584728044688, 'binary_majority': 0.8057553956834532, 'run_time_millis': 3088.624093998078, 'loss_mean': 0.1965777426958084}
Device cuda
Split type sit
Training Size: 3612, NTA labels 3017, YTA labels 595
Validation Size: 2247, NTA labels 1892, YTA labels 355
Test Size: 2229, NTA labels 1889, YTA labels 340
Training with SBERT, model name is sbert
Tokenizing the dataset
Number of training steps 1130
Epoch 0 **** Loss 0.054427798837423325 **** Metrics validation: {'accuracy': 0.8482421005785492, 'f1_weighted': 0.8634152830366916, 'macro': 0.7779897100031206, 'micro': 0.8482421005785492, 'binary': 0.6531027466937945, 'accuracy_majority': 0.8604938271604938, 'macro_majority': 0.7986134182913494, 'binary_majority': 0.6869806094182825, 'run_time_millis': 4114.859933000844, 'loss_mean': 0.10238289833068848}
Epoch 1 **** Loss 0.032619960606098175 **** Metrics validation: {'accuracy': 0.8820649755229194, 'f1_weighted': 0.8915668194183727, 'macro': 0.8166727985603648, 'micro': 0.8820649755229194, 'binary': 0.7071823204419889, 'accuracy_majority': 0.8962962962962963, 'macro_majority': 0.8415920879857703, 'binary_majority': 0.7485029940119762, 'run_time_millis': 4089.436852998915, 'loss_mean': 0.09599709510803223}
Epoch 2 **** Loss 0.12111394852399826 **** Metrics validation: {'accuracy': 0.8967512238540276, 'f1_weighted': 0.9026777693606021, 'macro': 0.8292172819121751, 'micro': 0.8967512238540276, 'binary': 0.7218225419664267, 'accuracy_majority': 0.9111111111111111, 'macro_majority': 0.8549556809024981, 'binary_majority': 0.7647058823529411, 'run_time_millis': 4098.485783000797, 'loss_mean': 0.0988321378827095}
Epoch 3 **** Loss 0.08454276621341705 **** Metrics validation: {'accuracy': 0.8931909212283045, 'f1_weighted': 0.9004441387618957, 'macro': 0.8280532598714416, 'micro': 0.8931909212283045, 'binary': 0.7222222222222221, 'accuracy_majority': 0.9024691358024691, 'macro_majority': 0.8465390343398589, 'binary_majority': 0.7538940809968848, 'run_time_millis': 3289.447700997698, 'loss_mean': 0.12544068694114685}
Epoch 4 **** Loss 0.03830450028181076 **** Metrics validation: {'accuracy': 0.9158878504672897, 'f1_weighted': 0.9194889756169333, 'macro': 0.8558690979732286, 'micro': 0.9158878504672897, 'binary': 0.7628607277289836, 'accuracy_majority': 0.9296296296296296, 'macro_majority': 0.8812533596014516, 'binary_majority': 0.8054607508532422, 'run_time_millis': 3081.949415998679, 'loss_mean': 0.15061251819133759}
Epoch 5 **** Loss 0.05689983814954758 **** Metrics validation: {'accuracy': 0.9132176234979973, 'f1_weighted': 0.9170057884824977, 'macro': 0.8515854561097176, 'micro': 0.9132176234979973, 'binary': 0.7559449311639549, 'accuracy_majority': 0.9209876543209876, 'macro_majority': 0.8690909090909091, 'binary_majority': 0.7866666666666667, 'run_time_millis': 3078.3481819998997, 'loss_mean': 0.14459386467933655}
Epoch 6 **** Loss 0.060603655874729156 **** Metrics validation: {'accuracy': 0.9087672452158434, 'f1_weighted': 0.914236922923666, 'macro': 0.8500621547028764, 'micro': 0.9087672452158434, 'binary': 0.7562425683709869, 'accuracy_majority': 0.9185185185185185, 'macro_majority': 0.8683575474021177, 'binary_majority': 0.7870967741935483, 'run_time_millis': 3060.3593930027273, 'loss_mean': 0.14045962691307068}
Epoch 7 **** Loss 0.05023133009672165 **** Metrics validation: {'accuracy': 0.9127725856697819, 'f1_weighted': 0.917518235524337, 'macro': 0.8546383749514814, 'micro': 0.9127725856697819, 'binary': 0.7627118644067796, 'accuracy_majority': 0.9185185185185185, 'macro_majority': 0.869001411432604, 'binary_majority': 0.7884615384615384, 'run_time_millis': 3123.034533000464, 'loss_mean': 0.14942461252212524}
Epoch 8 **** Loss 0.028248723596334457 **** Metrics validation: {'accuracy': 0.9296840231419671, 'f1_weighted': 0.9313906100007919, 'macro': 0.8743683490874503, 'micro': 0.9296840231419671, 'binary': 0.791005291005291, 'accuracy_majority': 0.9345679012345679, 'macro_majority': 0.8871673565937315, 'binary_majority': 0.8140350877192982, 'run_time_millis': 3089.5520900012343, 'loss_mean': 0.19271588325500488}
Epoch 9 **** Loss 0.02962024323642254 **** Metrics validation: {'accuracy': 0.9292389853137517, 'f1_weighted': 0.9304268964267478, 'macro': 0.8715294970501332, 'micro': 0.9292389853137517, 'binary': 0.7854251012145749, 'accuracy_majority': 0.9333333333333333, 'macro_majority': 0.8840759469516268, 'binary_majority': 0.8085106382978724, 'run_time_millis': 4084.7497699978703, 'loss_mean': 0.19324980676174164}
Evaluating
{'accuracy': 0.9296840231419671, 'f1_weighted': 0.9313906100007919, 'macro': 0.8743683490874503, 'micro': 0.9296840231419671, 'binary': 0.791005291005291, 'accuracy_majority': 0.9345679012345679, 'macro_majority': 0.8871673565937315, 'binary_majority': 0.8140350877192982, 'run_time_millis': 4091.4447489994927, 'loss_mean': 0.19271588325500488}
Device cuda
Split type sit
Training Size: 4214, NTA labels 3522, YTA labels 692
Validation Size: 2247, NTA labels 1892, YTA labels 355
Test Size: 2229, NTA labels 1889, YTA labels 340
Training with SBERT, model name is sbert
Tokenizing the dataset
Number of training steps 1320
Epoch 0 **** Loss 0.13623285293579102 **** Metrics validation: {'accuracy': 0.9096573208722741, 'f1_weighted': 0.9132948724818133, 'macro': 0.844271207989695, 'micro': 0.9096573208722741, 'binary': 0.743362831858407, 'accuracy_majority': 0.9185185185185185, 'macro_majority': 0.8613948664765362, 'binary_majority': 0.7724137931034483, 'run_time_millis': 4112.239436999516, 'loss_mean': 0.09657362848520279}
Epoch 1 **** Loss 0.08465204387903214 **** Metrics validation: {'accuracy': 0.881619937694704, 'f1_weighted': 0.8915883659793644, 'macro': 0.8179274319720431, 'micro': 0.881619937694704, 'binary': 0.710239651416122, 'accuracy_majority': 0.8962962962962963, 'macro_majority': 0.8429783345179961, 'binary_majority': 0.7514792899408285, 'run_time_millis': 4126.565801001561, 'loss_mean': 0.08636868000030518}
Epoch 2 **** Loss 0.023253707215189934 **** Metrics validation: {'accuracy': 0.9336893635959056, 'f1_weighted': 0.9350704663033874, 'macro': 0.8806408544726301, 'micro': 0.9336893635959056, 'binary': 0.8010680907877169, 'accuracy_majority': 0.9432098765432099, 'macro_majority': 0.9001275879445475, 'binary_majority': 0.8345323741007195, 'run_time_millis': 3699.850722001429, 'loss_mean': 0.10691754519939423}
Epoch 3 **** Loss 0.22232994437217712 **** Metrics validation: {'accuracy': 0.8371161548731643, 'f1_weighted': 0.8550093206866579, 'macro': 0.7701272347133865, 'micro': 0.8371161548731644, 'binary': 0.6460348162475822, 'accuracy_majority': 0.8432098765432099, 'macro_majority': 0.7828697830808555, 'binary_majority': 0.668407310704961, 'run_time_millis': 4113.8207349977165, 'loss_mean': 0.09377378970384598}
Epoch 4 **** Loss 0.007871738635003567 **** Metrics validation: {'accuracy': 0.9385847797062751, 'f1_weighted': 0.9396471985310045, 'macro': 0.8886178943557147, 'micro': 0.9385847797062751, 'binary': 0.8140161725067385, 'accuracy_majority': 0.9444444444444444, 'macro_majority': 0.9031252408580259, 'binary_majority': 0.8398576512455516, 'run_time_millis': 4098.813848999271, 'loss_mean': 0.12720277905464172}
Epoch 5 **** Loss 0.03457173332571983 **** Metrics validation: {'accuracy': 0.9279038718291055, 'f1_weighted': 0.9306505860676214, 'macro': 0.8751019046913214, 'micro': 0.9279038718291055, 'binary': 0.7938931297709924, 'accuracy_majority': 0.9320987654320988, 'macro_majority': 0.8877887456267837, 'binary_majority': 0.8172757475083058, 'run_time_millis': 4114.451935998659, 'loss_mean': 0.1272529512643814}
Epoch 6 **** Loss 0.05585283041000366 **** Metrics validation: {'accuracy': 0.9265687583444593, 'f1_weighted': 0.9299561483504676, 'macro': 0.8751517437269438, 'micro': 0.9265687583444593, 'binary': 0.7950310559006212, 'accuracy_majority': 0.9296296296296296, 'macro_majority': 0.8848843732468991, 'binary_majority': 0.8131147540983608, 'run_time_millis': 3840.2645489986753, 'loss_mean': 0.13062001764774323}
Epoch 7 **** Loss 0.046234287321567535 **** Metrics validation: {'accuracy': 0.9372496662216289, 'f1_weighted': 0.9386188814678533, 'macro': 0.887290007481342, 'micro': 0.9372496662216289, 'binary': 0.8122503328894808, 'accuracy_majority': 0.9432098765432099, 'macro_majority': 0.903396422089707, 'binary_majority': 0.8413793103448276, 'run_time_millis': 3812.2973130011815, 'loss_mean': 0.16506172716617584}
Epoch 8 **** Loss 0.055010005831718445 **** Metrics validation: {'accuracy': 0.936359590565198, 'f1_weighted': 0.937362537429155, 'macro': 0.8842063536394416, 'micro': 0.936359590565198, 'binary': 0.8064952638700946, 'accuracy_majority': 0.9407407407407408, 'macro_majority': 0.8975288858901914, 'binary_majority': 0.8309859154929576, 'run_time_millis': 3708.0597460007994, 'loss_mean': 0.18307453393936157}
Epoch 9 **** Loss 0.026746612042188644 **** Metrics validation: {'accuracy': 0.9376947040498442, 'f1_weighted': 0.9384488065916626, 'macro': 0.8857644608291718, 'micro': 0.9376947040498442, 'binary': 0.8087431693989071, 'accuracy_majority': 0.9407407407407408, 'macro_majority': 0.8969563972903349, 'binary_majority': 0.8297872340425532, 'run_time_millis': 3982.3075239983154, 'loss_mean': 0.19653749465942383}
Evaluating
{'accuracy': 0.9385847797062751, 'f1_weighted': 0.9396471985310045, 'macro': 0.8886178943557147, 'micro': 0.9385847797062751, 'binary': 0.8140161725067385, 'accuracy_majority': 0.9444444444444444, 'macro_majority': 0.9031252408580259, 'binary_majority': 0.8398576512455516, 'run_time_millis': 2862.6354799998808, 'loss_mean': 0.12720277905464172}
Device cuda
Split type sit
Training Size: 4816, NTA labels 4041, YTA labels 775
Validation Size: 2247, NTA labels 1892, YTA labels 355
Test Size: 2229, NTA labels 1889, YTA labels 340
Training with SBERT, model name is sbert
Tokenizing the dataset
Number of training steps 1510
Epoch 0 **** Loss 0.08865927159786224 **** Metrics validation: {'accuracy': 0.9101023587004895, 'f1_weighted': 0.915128860425699, 'macro': 0.8507477508286421, 'micro': 0.9101023587004895, 'binary': 0.7566265060240964, 'accuracy_majority': 0.9246913580246914, 'macro_majority': 0.8755475178769783, 'binary_majority': 0.7973421926910299, 'run_time_millis': 3092.648334997648, 'loss_mean': 0.08496059477329254}
Epoch 1 **** Loss 0.036883074790239334 **** Metrics validation: {'accuracy': 0.8780596350689809, 'f1_weighted': 0.8883942745836297, 'macro': 0.8127545558502225, 'micro': 0.8780596350689809, 'binary': 0.7021739130434782, 'accuracy_majority': 0.8901234567901235, 'macro_majority': 0.8339930778636713, 'binary_majority': 0.7374631268436578, 'run_time_millis': 3545.2666220007814, 'loss_mean': 0.08595322072505951}
Epoch 2 **** Loss 0.06763976812362671 **** Metrics validation: {'accuracy': 0.9083222073876279, 'f1_weighted': 0.9142380757561654, 'macro': 0.8510943974058729, 'micro': 0.9083222073876278, 'binary': 0.7587822014051523, 'accuracy_majority': 0.9246913580246914, 'macro_majority': 0.8798029556650246, 'binary_majority': 0.8063492063492063, 'run_time_millis': 4104.777193999325, 'loss_mean': 0.07516767084598541}
Epoch 3 **** Loss 0.02652982622385025 **** Metrics validation: {'accuracy': 0.9198931909212283, 'f1_weighted': 0.9243120590177227, 'macro': 0.8667544296591476, 'micro': 0.9198931909212283, 'binary': 0.782608695652174, 'accuracy_majority': 0.9320987654320988, 'macro_majority': 0.8894790506362087, 'binary_majority': 0.8208469055374592, 'run_time_millis': 4013.960305997898, 'loss_mean': 0.08769701421260834}
Epoch 4 **** Loss 0.001764371758326888 **** Metrics validation: {'accuracy': 0.9274588340008901, 'f1_weighted': 0.9303796266725891, 'macro': 0.8749566842478833, 'micro': 0.9274588340008901, 'binary': 0.7939317319848294, 'accuracy_majority': 0.937037037037037, 'macro_majority': 0.8948670377241805, 'binary_majority': 0.8282828282828282, 'run_time_millis': 4089.7727589981514, 'loss_mean': 0.10963621735572815}
Epoch 5 **** Loss 0.029521344229578972 **** Metrics validation: {'accuracy': 0.9109924343569203, 'f1_weighted': 0.9169177469831643, 'macro': 0.8562030436062511, 'micro': 0.9109924343569203, 'binary': 0.7674418604651163, 'accuracy_majority': 0.9160493827160494, 'macro_majority': 0.8694304055527636, 'binary_majority': 0.7914110429447854, 'run_time_millis': 3154.8451769995154, 'loss_mean': 0.09117595106363297}
Epoch 6 **** Loss 0.007247978821396828 **** Metrics validation: {'accuracy': 0.9296840231419671, 'f1_weighted': 0.9323629172758282, 'macro': 0.8781858082791901, 'micro': 0.9296840231419671, 'binary': 0.7989821882951655, 'accuracy_majority': 0.9358024691358025, 'macro_majority': 0.8930845068992477, 'binary_majority': 0.825503355704698, 'run_time_millis': 4084.079878000921, 'loss_mean': 0.11215691268444061}
Epoch 7 **** Loss 0.01386997103691101 **** Metrics validation: {'accuracy': 0.9372496662216289, 'f1_weighted': 0.9385566157636083, 'macro': 0.8870493991989319, 'micro': 0.9372496662216289, 'binary': 0.8117489986648865, 'accuracy_majority': 0.9395061728395062, 'macro_majority': 0.8956830277942046, 'binary_majority': 0.8280701754385965, 'run_time_millis': 4115.337531999103, 'loss_mean': 0.15620936453342438}
Epoch 8 **** Loss 0.01647353172302246 **** Metrics validation: {'accuracy': 0.9381397418780596, 'f1_weighted': 0.9391146342842833, 'macro': 0.8874453367544222, 'micro': 0.9381397418780596, 'binary': 0.8119079837618403, 'accuracy_majority': 0.9432098765432099, 'macro_majority': 0.9023390402700748, 'binary_majority': 0.8391608391608392, 'run_time_millis': 2174.1202240009443, 'loss_mean': 0.17415311932563782}
Epoch 9 **** Loss 0.02562781795859337 **** Metrics validation: {'accuracy': 0.9372496662216289, 'f1_weighted': 0.9383030968312671, 'macro': 0.8860733275727597, 'micro': 0.9372496662216289, 'binary': 0.8097165991902835, 'accuracy_majority': 0.9419753086419753, 'macro_majority': 0.8999408633944412, 'binary_majority': 0.8350877192982457, 'run_time_millis': 4117.852896000841, 'loss_mean': 0.18475212156772614}
Evaluating
{'accuracy': 0.9381397418780596, 'f1_weighted': 0.9391146342842833, 'macro': 0.8874453367544222, 'micro': 0.9381397418780596, 'binary': 0.8119079837618403, 'accuracy_majority': 0.9432098765432099, 'macro_majority': 0.9023390402700748, 'binary_majority': 0.8391608391608392, 'run_time_millis': 3441.0869880011887, 'loss_mean': 0.17415311932563782}
Device cuda
Split type sit
Training Size: 5418, NTA labels 4556, YTA labels 862
Validation Size: 2247, NTA labels 1892, YTA labels 355
Test Size: 2229, NTA labels 1889, YTA labels 340
Training with SBERT, model name is sbert
Tokenizing the dataset
Number of training steps 1700
Epoch 0 **** Loss 0.04640353471040726 **** Metrics validation: {'accuracy': 0.8518024032042724, 'f1_weighted': 0.8666827691285764, 'macro': 0.7835150512171023, 'micro': 0.8518024032042724, 'binary': 0.6619289340101523, 'accuracy_majority': 0.8641975308641975, 'macro_majority': 0.8027870986020239, 'binary_majority': 0.6927374301675977, 'run_time_millis': 2838.500544003182, 'loss_mean': 0.09772741049528122}
Epoch 1 **** Loss 0.03899572044610977 **** Metrics validation: {'accuracy': 0.9314641744548287, 'f1_weighted': 0.9335822868252072, 'macro': 0.8793233082706766, 'micro': 0.9314641744548287, 'binary': 0.7999999999999999, 'accuracy_majority': 0.9432098765432099, 'macro_majority': 0.901249880736571, 'binary_majority': 0.8368794326241135, 'run_time_millis': 3987.848903001577, 'loss_mean': 0.08095008879899979}
Epoch 2 **** Loss 0.018850918859243393 **** Metrics validation: {'accuracy': 0.9163328882955051, 'f1_weighted': 0.9205615056926704, 'macro': 0.8592465534337714, 'micro': 0.9163328882955052, 'binary': 0.7696078431372548, 'accuracy_majority': 0.928395061728395, 'macro_majority': 0.8813636363636363, 'binary_majority': 0.8066666666666666, 'run_time_millis': 4107.871533000434, 'loss_mean': 0.08279861509799957}
Epoch 3 **** Loss 0.004108020104467869 **** Metrics validation: {'accuracy': 0.9332443257676902, 'f1_weighted': 0.9357875796922419, 'macro': 0.8843536154549273, 'micro': 0.9332443257676902, 'binary': 0.8091603053435115, 'accuracy_majority': 0.9493827160493827, 'macro_majority': 0.9127143701951508, 'binary_majority': 0.856140350877193, 'run_time_millis': 4112.697062002553, 'loss_mean': 0.09694923460483551}
Epoch 4 **** Loss 0.012930503115057945 **** Metrics validation: {'accuracy': 0.9167779261237206, 'f1_weighted': 0.9220037561859696, 'macro': 0.8642188583034023, 'micro': 0.9167779261237206, 'binary': 0.7797408716136631, 'accuracy_majority': 0.9259259259259259, 'macro_majority': 0.8814876952039095, 'binary_majority': 0.8089171974522293, 'run_time_millis': 3108.7713920023816, 'loss_mean': 0.07705631107091904}
Epoch 5 **** Loss 0.025150734931230545 **** Metrics validation: {'accuracy': 0.9359145527369827, 'f1_weighted': 0.9373445271908691, 'macro': 0.8850142715807908, 'micro': 0.9359145527369827, 'binary': 0.8085106382978723, 'accuracy_majority': 0.9444444444444444, 'macro_majority': 0.9036659786294404, 'binary_majority': 0.8409893992932863, 'run_time_millis': 3128.832242997305, 'loss_mean': 0.1624445915222168}
Epoch 6 **** Loss 0.02934281900525093 **** Metrics validation: {'accuracy': 0.9270137961726747, 'f1_weighted': 0.9299211122176322, 'macro': 0.874064302703885, 'micro': 0.9270137961726747, 'binary': 0.7924050632911392, 'accuracy_majority': 0.9320987654320988, 'macro_majority': 0.8860249440358171, 'binary_majority': 0.8135593220338984, 'run_time_millis': 3717.0620370015968, 'loss_mean': 0.14378996193408966}
Epoch 7 **** Loss 0.009400666691362858 **** Metrics validation: {'accuracy': 0.9350244770805518, 'f1_weighted': 0.9369115478850933, 'macro': 0.8851181938390166, 'micro': 0.9350244770805518, 'binary': 0.8093994778067884, 'accuracy_majority': 0.9407407407407408, 'macro_majority': 0.8986486486486487, 'binary_majority': 0.8333333333333334, 'run_time_millis': 3015.960361000907, 'loss_mean': 0.14908424019813538}
Epoch 8 **** Loss 0.03389979526400566 **** Metrics validation: {'accuracy': 0.936359590565198, 'f1_weighted': 0.9374929270325191, 'macro': 0.8847069224788149, 'micro': 0.936359590565198, 'binary': 0.8075370121130551, 'accuracy_majority': 0.9432098765432099, 'macro_majority': 0.901249880736571, 'binary_majority': 0.8368794326241135, 'run_time_millis': 3170.6293820025166, 'loss_mean': 0.1781809777021408}
Epoch 9 **** Loss 0.0015688298735767603 **** Metrics validation: {'accuracy': 0.936359590565198, 'f1_weighted': 0.937873193235265, 'macro': 0.8861752531487507, 'micro': 0.936359590565198, 'binary': 0.8105960264900663, 'accuracy_majority': 0.9407407407407408, 'macro_majority': 0.898092911586165, 'binary_majority': 0.8321678321678322, 'run_time_millis': 4110.885793998023, 'loss_mean': 0.1743786484003067}
Evaluating
{'accuracy': 0.936359590565198, 'f1_weighted': 0.937873193235265, 'macro': 0.8861752531487507, 'micro': 0.936359590565198, 'binary': 0.8105960264900663, 'accuracy_majority': 0.9407407407407408, 'macro_majority': 0.898092911586165, 'binary_majority': 0.8321678321678322, 'run_time_millis': 4100.345749000553, 'loss_mean': 0.1743786484003067}
Device cuda
Split type sit
Training Size: 6027, NTA labels 5094, YTA labels 933
Validation Size: 2247, NTA labels 1892, YTA labels 355
Test Size: 2229, NTA labels 1889, YTA labels 340
Training with SBERT, model name is sbert
Tokenizing the dataset
Number of training steps 1890
Epoch 0 **** Loss 0.123003289103508 **** Metrics validation: {'accuracy': 0.9123275478415666, 'f1_weighted': 0.9168614966669517, 'macro': 0.8529286586429443, 'micro': 0.9123275478415666, 'binary': 0.7594627594627594, 'accuracy_majority': 0.9259259259259259, 'macro_majority': 0.877900491412837, 'binary_majority': 0.8013245033112583, 'run_time_millis': 4060.6270540010883, 'loss_mean': 0.08675497770309448}
Epoch 1 **** Loss 0.08212617039680481 **** Metrics validation: {'accuracy': 0.9092122830440588, 'f1_weighted': 0.914881347297385, 'macro': 0.8517411171715707, 'micro': 0.9092122830440588, 'binary': 0.7594339622641509, 'accuracy_majority': 0.9259259259259259, 'macro_majority': 0.88091037402964, 'binary_majority': 0.8076923076923076, 'run_time_millis': 4073.3940550016996, 'loss_mean': 0.08810997009277344}
Epoch 2 **** Loss 0.03800436109304428 **** Metrics validation: {'accuracy': 0.9136626613262128, 'f1_weighted': 0.9184900936761664, 'macro': 0.8566587309938445, 'micro': 0.9136626613262128, 'binary': 0.7662650602409639, 'accuracy_majority': 0.917283950617284, 'macro_majority': 0.8673400294799933, 'binary_majority': 0.7859424920127794, 'run_time_millis': 4099.933425997733, 'loss_mean': 0.08960738778114319}
Epoch 3 **** Loss 0.046300146728754044 **** Metrics validation: {'accuracy': 0.9109924343569203, 'f1_weighted': 0.9167970096589603, 'macro': 0.8556899395272128, 'micro': 0.9109924343569203, 'binary': 0.7663551401869159, 'accuracy_majority': 0.9259259259259259, 'macro_majority': 0.8814876952039095, 'binary_majority': 0.8089171974522293, 'run_time_millis': 2106.5183790015, 'loss_mean': 0.08699927479028702}
Epoch 4 **** Loss 0.053932808339595795 **** Metrics validation: {'accuracy': 0.9292389853137517, 'f1_weighted': 0.9323866750173899, 'macro': 0.8792218500229708, 'micro': 0.9292389853137517, 'binary': 0.8014981273408239, 'accuracy_majority': 0.9320987654320988, 'macro_majority': 0.8877887456267837, 'binary_majority': 0.8172757475083058, 'run_time_millis': 4053.4656859999814, 'loss_mean': 0.12375640869140625}
Epoch 5 **** Loss 0.012141216546297073 **** Metrics validation: {'accuracy': 0.906097018246551, 'f1_weighted': 0.9124425768480031, 'macro': 0.8486966711589049, 'micro': 0.9060970182465509, 'binary': 0.7555040556199305, 'accuracy_majority': 0.9061728395061729, 'macro_majority': 0.8533950617283952, 'binary_majority': 0.7654320987654322, 'run_time_millis': 2740.6527690000075, 'loss_mean': 0.10421264171600342}
Epoch 6 **** Loss 0.046540819108486176 **** Metrics validation: {'accuracy': 0.9207832665776591, 'f1_weighted': 0.9253303575266687, 'macro': 0.8689684318119275, 'micro': 0.9207832665776591, 'binary': 0.7865707434052758, 'accuracy_majority': 0.9246913580246914, 'macro_majority': 0.8792200268399941, 'binary_majority': 0.8051118210862621, 'run_time_millis': 3826.926458001253, 'loss_mean': 0.1167059987783432}
Epoch 7 **** Loss 0.024790043011307716 **** Metrics validation: {'accuracy': 0.9354695149087673, 'f1_weighted': 0.9377857426869362, 'macro': 0.88764430472855, 'micro': 0.9354695149087673, 'binary': 0.8143405889884763, 'accuracy_majority': 0.937037037037037, 'macro_majority': 0.8937530059591936, 'binary_majority': 0.8259385665529011, 'run_time_millis': 3080.3809850003745, 'loss_mean': 0.1522369533777237}
Epoch 8 **** Loss 0.00031066665542311966 **** Metrics validation: {'accuracy': 0.9403649310191367, 'f1_weighted': 0.9415174458143194, 'macro': 0.8923114669199801, 'micro': 0.9403649310191367, 'binary': 0.8203753351206434, 'accuracy_majority': 0.9419753086419753, 'macro_majority': 0.8999408633944412, 'binary_majority': 0.8350877192982457, 'run_time_millis': 4065.7656469993526, 'loss_mean': 0.1830516755580902}
Epoch 9 **** Loss 0.017707746475934982 **** Metrics validation: {'accuracy': 0.9394748553627058, 'f1_weighted': 0.9407655411393729, 'macro': 0.8911709401709402, 'micro': 0.9394748553627058, 'binary': 0.8186666666666668, 'accuracy_majority': 0.9395061728395062, 'macro_majority': 0.8956830277942046, 'binary_majority': 0.8280701754385965, 'run_time_millis': 3361.6046629977063, 'loss_mean': 0.1829039603471756}
Evaluating
{'accuracy': 0.9403649310191367, 'f1_weighted': 0.9415174458143194, 'macro': 0.8923114669199801, 'micro': 0.9403649310191367, 'binary': 0.8203753351206434, 'accuracy_majority': 0.9419753086419753, 'macro_majority': 0.8999408633944412, 'binary_majority': 0.8350877192982457, 'run_time_millis': 3948.120476998156, 'loss_mean': 0.1830516755580902}
