Device cuda
Split type sit
Training Size: 5450, NTA labels 3583, YTA labels 1867
Validation Size: 5018, NTA labels 3300, YTA labels 1718
Test Size: 5063, NTA labels 3132, YTA labels 1931
Training with SBERT, model name is sbert
Tokenizing the dataset
Number of training steps 1710
Epoch 0 **** Loss 0.23370341956615448 **** Metrics validation: {'accuracy': 0.7413312076524512, 'f1_weighted': 0.7471011470054959, 'macro': 0.7284724856656659, 'micro': 0.7413312076524512, 'binary': 0.6693835965359144, 'accuracy_majority': 0.7655038759689923, 'macro_majority': 0.7600202942668696, 'binary_majority': 0.7237442922374429, 'run_time_millis': 5473.271983675659, 'loss_mean': 0.24152812361717224}
Epoch 1 **** Loss 0.2942200303077698 **** Metrics validation: {'accuracy': 0.7497010761259466, 'f1_weighted': 0.7542266551266514, 'macro': 0.7335345569211168, 'micro': 0.7497010761259466, 'binary': 0.6679005817028028, 'accuracy_majority': 0.7708333333333334, 'macro_majority': 0.7633513493335324, 'binary_majority': 0.7212728344136713, 'run_time_millis': 5463.249402120709, 'loss_mean': 0.23637016117572784}
Epoch 2 **** Loss 0.32918888330459595 **** Metrics validation: {'accuracy': 0.7684336388999602, 'f1_weighted': 0.7727660976845397, 'macro': 0.7539365652746363, 'micro': 0.7684336388999602, 'binary': 0.6942105263157895, 'accuracy_majority': 0.7853682170542635, 'macro_majority': 0.7802498563401749, 'binary_majority': 0.7467124070897655, 'run_time_millis': 4515.918726101518, 'loss_mean': 0.2266950160264969}
Epoch 3 **** Loss 0.5621212720870972 **** Metrics validation: {'accuracy': 0.7742128337983261, 'f1_weighted': 0.778920812611644, 'macro': 0.7617198369010924, 'micro': 0.7742128337983261, 'binary': 0.7071594727319722, 'accuracy_majority': 0.7819767441860465, 'macro_majority': 0.778570338724443, 'binary_majority': 0.7511061946902654, 'run_time_millis': 5443.259170278907, 'loss_mean': 0.23387908935546875}
Epoch 4 **** Loss 0.023089122027158737 **** Metrics validation: {'accuracy': 0.7885611797528896, 'f1_weighted': 0.7827974339992869, 'macro': 0.7534783157285487, 'micro': 0.7885611797528896, 'binary': 0.6604800000000001, 'accuracy_majority': 0.7873062015503876, 'macro_majority': 0.7694101826938028, 'binary_majority': 0.7051712558764273, 'run_time_millis': 5465.845135040581, 'loss_mean': 0.28165680170059204}
Epoch 5 **** Loss 0.1434175670146942 **** Metrics validation: {'accuracy': 0.7702271821442805, 'f1_weighted': 0.7752022655893656, 'macro': 0.758203168375274, 'micro': 0.7702271821442805, 'binary': 0.7042831495255195, 'accuracy_majority': 0.7805232558139535, 'macro_majority': 0.7779309974641164, 'binary_majority': 0.7539380771319933, 'run_time_millis': 5483.260974287987, 'loss_mean': 0.2603493332862854}
Epoch 6 **** Loss 0.17654798924922943 **** Metrics validation: {'accuracy': 0.7861697887604623, 'f1_weighted': 0.7885488850188564, 'macro': 0.7682043970146433, 'micro': 0.7861697887604624, 'binary': 0.7036730185031759, 'accuracy_majority': 0.7984496124031008, 'macro_majority': 0.7928956460577947, 'binary_majority': 0.7589803012746235, 'run_time_millis': 5425.99868401885, 'loss_mean': 0.3438515067100525}
Epoch 7 **** Loss 0.11595308780670166 **** Metrics validation: {'accuracy': 0.7883618971701873, 'f1_weighted': 0.7894452096520324, 'macro': 0.7674734103407633, 'micro': 0.7883618971701873, 'binary': 0.6977803073420603, 'accuracy_majority': 0.8028100775193798, 'macro_majority': 0.7953134826371182, 'binary_majority': 0.7561414020371481, 'run_time_millis': 5435.056252405047, 'loss_mean': 0.34419745206832886}
Epoch 8 **** Loss 0.012658576481044292 **** Metrics validation: {'accuracy': 0.7841769629334396, 'f1_weighted': 0.7867297865784876, 'macro': 0.7664354800133318, 'micro': 0.7841769629334396, 'binary': 0.7020632737276479, 'accuracy_majority': 0.7969961240310077, 'macro_majority': 0.7912995633251002, 'binary_majority': 0.7568195008705746, 'run_time_millis': 5430.813900195062, 'loss_mean': 0.3655894696712494}
Epoch 9 **** Loss 0.009093700908124447 **** Metrics validation: {'accuracy': 0.7933439617377441, 'f1_weighted': 0.7918720637542301, 'macro': 0.7673610889129758, 'micro': 0.7933439617377441, 'binary': 0.6896138880574677, 'accuracy_majority': 0.8052325581395349, 'macro_majority': 0.7948655063291139, 'binary_majority': 0.7487499999999999, 'run_time_millis': 4726.380744017661, 'loss_mean': 0.4474871754646301}
Evaluating
{'accuracy': 0.7933439617377441, 'f1_weighted': 0.7918720637542301, 'macro': 0.7673610889129758, 'micro': 0.7933439617377441, 'binary': 0.6896138880574677, 'accuracy_majority': 0.8052325581395349, 'macro_majority': 0.7948655063291139, 'binary_majority': 0.7487499999999999, 'run_time_millis': 5430.675116367638, 'loss_mean': 0.4474871754646301}
Device cuda
Split type sit
Training Size: 6200, NTA labels 4071, YTA labels 2129
Validation Size: 5018, NTA labels 3300, YTA labels 1718
Test Size: 5063, NTA labels 3132, YTA labels 1931
Training with SBERT, model name is sbert
Tokenizing the dataset
Number of training steps 1940
Epoch 0 **** Loss 0.20610745251178741 **** Metrics validation: {'accuracy': 0.7457154244719012, 'f1_weighted': 0.7504729265451573, 'macro': 0.7297960906113907, 'micro': 0.7457154244719012, 'binary': 0.6642105263157896, 'accuracy_majority': 0.7679263565891473, 'macro_majority': 0.7600912601338472, 'binary_majority': 0.716735659373152, 'run_time_millis': 5442.018499597907, 'loss_mean': 0.2392730712890625}
Epoch 1 **** Loss 0.26560965180397034 **** Metrics validation: {'accuracy': 0.7455161418891989, 'f1_weighted': 0.7518010099550582, 'macro': 0.7359939172997492, 'micro': 0.7455161418891989, 'binary': 0.6858548585485855, 'accuracy_majority': 0.7713178294573644, 'macro_majority': 0.7681834795321638, 'binary_majority': 0.7412280701754387, 'run_time_millis': 5427.331675775349, 'loss_mean': 0.23108121752738953}
Epoch 2 **** Loss 0.12292780727148056 **** Metrics validation: {'accuracy': 0.780789159027501, 'f1_weighted': 0.7837285096875877, 'macro': 0.7636851788933764, 'micro': 0.780789159027501, 'binary': 0.7001090512540894, 'accuracy_majority': 0.7979651162790697, 'macro_majority': 0.7915165150435031, 'binary_majority': 0.7548500881834215, 'run_time_millis': 5432.579853571951, 'loss_mean': 0.22753259539604187}
Epoch 3 **** Loss 0.20903871953487396 **** Metrics validation: {'accuracy': 0.7827819848545237, 'f1_weighted': 0.7861538645639498, 'macro': 0.7671027442056928, 'micro': 0.7827819848545237, 'binary': 0.7066738428417654, 'accuracy_majority': 0.8086240310077519, 'macro_majority': 0.8033824451161176, 'binary_majority': 0.7712796757382743, 'run_time_millis': 5427.329545840621, 'loss_mean': 0.24827313423156738}
Epoch 4 **** Loss 0.3555222749710083 **** Metrics validation: {'accuracy': 0.7495017935432443, 'f1_weighted': 0.7558890222114594, 'macro': 0.742749105757472, 'micro': 0.7495017935432443, 'binary': 0.7010701545778835, 'accuracy_majority': 0.7611434108527132, 'macro_majority': 0.7606574890854807, 'binary_majority': 0.7498731608320649, 'run_time_millis': 5427.817868068814, 'loss_mean': 0.2640318274497986}
Epoch 5 **** Loss 0.1564895212650299 **** Metrics validation: {'accuracy': 0.780789159027501, 'f1_weighted': 0.7840046375335107, 'macro': 0.764439687546943, 'micro': 0.780789159027501, 'binary': 0.7023809523809523, 'accuracy_majority': 0.8023255813953488, 'macro_majority': 0.7974570531371221, 'binary_majority': 0.7660550458715596, 'run_time_millis': 5426.911185495555, 'loss_mean': 0.30470117926597595}
Epoch 6 **** Loss 0.138363778591156 **** Metrics validation: {'accuracy': 0.792546831406935, 'f1_weighted': 0.7916219751050384, 'macro': 0.7676363575706018, 'micro': 0.792546831406935, 'binary': 0.6915555555555556, 'accuracy_majority': 0.810077519379845, 'macro_majority': 0.8002415604449216, 'binary_majority': 0.7559153175591532, 'run_time_millis': 5426.254900172353, 'loss_mean': 0.3863599896430969}
Epoch 7 **** Loss 0.13288868963718414 **** Metrics validation: {'accuracy': 0.79035472299721, 'f1_weighted': 0.7926337115917063, 'macro': 0.7726039340556337, 'micro': 0.79035472299721, 'binary': 0.709070796460177, 'accuracy_majority': 0.8158914728682171, 'macro_majority': 0.8097101398642118, 'binary_majority': 0.7754137115839244, 'run_time_millis': 5425.8776642382145, 'loss_mean': 0.3412625193595886}
Epoch 8 **** Loss 0.08191229403018951 **** Metrics validation: {'accuracy': 0.7935432443204464, 'f1_weighted': 0.794101701471324, 'macro': 0.7720147211541161, 'micro': 0.7935432443204464, 'binary': 0.7019562715765248, 'accuracy_majority': 0.813468992248062, 'macro_majority': 0.8058451212673918, 'binary_majority': 0.7673716012084593, 'run_time_millis': 5428.638000972569, 'loss_mean': 0.4287533462047577}
Epoch 9 **** Loss 0.05727669596672058 **** Metrics validation: {'accuracy': 0.7955360701474691, 'f1_weighted': 0.795392332362141, 'macro': 0.772653014723221, 'micro': 0.7955360701474691, 'binary': 0.7005253940455342, 'accuracy_majority': 0.811046511627907, 'macro_majority': 0.8019648035836066, 'binary_majority': 0.7595561035758323, 'run_time_millis': 5422.770960256457, 'loss_mean': 0.44880568981170654}
Evaluating
{'accuracy': 0.7955360701474691, 'f1_weighted': 0.795392332362141, 'macro': 0.772653014723221, 'micro': 0.7955360701474691, 'binary': 0.7005253940455342, 'accuracy_majority': 0.811046511627907, 'macro_majority': 0.8019648035836066, 'binary_majority': 0.7595561035758323, 'run_time_millis': 5427.094234153628, 'loss_mean': 0.44880568981170654}
Device cuda
Split type sit
Training Size: 7000, NTA labels 4599, YTA labels 2401
Validation Size: 5018, NTA labels 3300, YTA labels 1718
Test Size: 5063, NTA labels 3132, YTA labels 1931
Training with SBERT, model name is sbert
Tokenizing the dataset
Number of training steps 2190
Epoch 0 **** Loss 0.35360121726989746 **** Metrics validation: {'accuracy': 0.7461139896373057, 'f1_weighted': 0.7518570963787728, 'macro': 0.7338301224402788, 'micro': 0.7461139896373058, 'binary': 0.6766497461928934, 'accuracy_majority': 0.7684108527131783, 'macro_majority': 0.7629952492966192, 'binary_majority': 0.7271689497716894, 'run_time_millis': 5423.376085236669, 'loss_mean': 0.23643019795417786}
Epoch 1 **** Loss 0.15108801424503326 **** Metrics validation: {'accuracy': 0.7977281785571941, 'f1_weighted': 0.796057876953598, 'macro': 0.7718155178995704, 'micro': 0.7977281785571941, 'binary': 0.6949203486624587, 'accuracy_majority': 0.8003875968992248, 'macro_majority': 0.7881536989795919, 'binary_majority': 0.7372448979591836, 'run_time_millis': 5427.168735302985, 'loss_mean': 0.22116193175315857}
Epoch 2 **** Loss 0.33488479256629944 **** Metrics validation: {'accuracy': 0.7343563172578716, 'f1_weighted': 0.7405263222753996, 'macro': 0.7308715765407516, 'micro': 0.7343563172578718, 'binary': 0.7002473577692826, 'accuracy_majority': 0.7543604651162791, 'macro_majority': 0.7543350341753029, 'binary_majority': 0.7518355359765051, 'run_time_millis': 5425.606948323548, 'loss_mean': 0.2474117875099182}
Epoch 3 **** Loss 0.11350041627883911 **** Metrics validation: {'accuracy': 0.7989238740534077, 'f1_weighted': 0.7947636538295592, 'macro': 0.7681180328006996, 'micro': 0.7989238740534077, 'binary': 0.6835998745688303, 'accuracy_majority': 0.8008720930232558, 'macro_majority': 0.784369054321813, 'binary_majority': 0.7247153382451441, 'run_time_millis': 5423.679171130061, 'loss_mean': 0.26849818229675293}
Epoch 4 **** Loss 0.1373174637556076 **** Metrics validation: {'accuracy': 0.7845755280988441, 'f1_weighted': 0.7888110051233292, 'macro': 0.7717613240731123, 'micro': 0.7845755280988441, 'binary': 0.7176808566205275, 'accuracy_majority': 0.8062015503875969, 'macro_majority': 0.8029283849007243, 'binary_majority': 0.7775305895439378, 'run_time_millis': 5426.741644740105, 'loss_mean': 0.24407002329826355}
Epoch 5 **** Loss 0.05640800669789314 **** Metrics validation: {'accuracy': 0.7797927461139896, 'f1_weighted': 0.7846582742873977, 'macro': 0.7686556431640474, 'micro': 0.7797927461139896, 'binary': 0.7178963492468726, 'accuracy_majority': 0.7984496124031008, 'macro_majority': 0.7955929685565735, 'binary_majority': 0.7714285714285715, 'run_time_millis': 5425.0227538868785, 'loss_mean': 0.27037250995635986}
Epoch 6 **** Loss 0.05288998782634735 **** Metrics validation: {'accuracy': 0.7957353527301714, 'f1_weighted': 0.7964600110005006, 'macro': 0.7748296452710504, 'micro': 0.7957353527301714, 'binary': 0.7062195471481799, 'accuracy_majority': 0.8037790697674418, 'macro_majority': 0.7957591535410224, 'binary_majority': 0.7552870090634441, 'run_time_millis': 5423.775463365018, 'loss_mean': 0.3397985100746155}
Epoch 7 **** Loss 0.08212647587060928 **** Metrics validation: {'accuracy': 0.7935432443204464, 'f1_weighted': 0.795975055138044, 'macro': 0.7765451323428957, 'micro': 0.7935432443204464, 'binary': 0.7149146945514583, 'accuracy_majority': 0.8086240310077519, 'macro_majority': 0.8029246572610618, 'binary_majority': 0.7694103911266784, 'run_time_millis': 5426.873937249184, 'loss_mean': 0.34075188636779785}
Epoch 8 **** Loss 0.09587500244379044 **** Metrics validation: {'accuracy': 0.7955360701474691, 'f1_weighted': 0.7954788399117947, 'macro': 0.7728442817025494, 'micro': 0.7955360701474691, 'binary': 0.701048951048951, 'accuracy_majority': 0.8018410852713178, 'macro_majority': 0.7929808152353972, 'binary_majority': 0.7501527183872937, 'run_time_millis': 5423.810124397278, 'loss_mean': 0.3921182155609131}
Epoch 9 **** Loss 0.04330654814839363 **** Metrics validation: {'accuracy': 0.7967317656436828, 'f1_weighted': 0.7973874337770283, 'macro': 0.7757777048821825, 'micro': 0.7967317656436828, 'binary': 0.7072330654420206, 'accuracy_majority': 0.8052325581395349, 'macro_majority': 0.7974731991173771, 'binary_majority': 0.7578313253012049, 'run_time_millis': 5422.7967308834195, 'loss_mean': 0.43246743083000183}
Evaluating
{'accuracy': 0.7967317656436828, 'f1_weighted': 0.7973874337770283, 'macro': 0.7757777048821825, 'micro': 0.7967317656436828, 'binary': 0.7072330654420206, 'accuracy_majority': 0.8052325581395349, 'macro_majority': 0.7974731991173771, 'binary_majority': 0.7578313253012049, 'run_time_millis': 5424.008179455996, 'loss_mean': 0.43246743083000183}
Device cuda
Split type sit
Training Size: 7800, NTA labels 5133, YTA labels 2667
Validation Size: 5018, NTA labels 3300, YTA labels 1718
Test Size: 5063, NTA labels 3132, YTA labels 1931
Training with SBERT, model name is sbert
Tokenizing the dataset
Number of training steps 2440
Epoch 0 **** Loss 0.22457480430603027 **** Metrics validation: {'accuracy': 0.7672379434037465, 'f1_weighted': 0.762627390868662, 'macro': 0.7319807769589834, 'micro': 0.7672379434037465, 'binary': 0.634771732332708, 'accuracy_majority': 0.7669573643410853, 'macro_majority': 0.74408872283831, 'binary_majority': 0.6675881133379404, 'run_time_millis': 5430.783082731068, 'loss_mean': 0.24256065487861633}
Epoch 1 **** Loss 0.19909805059432983 **** Metrics validation: {'accuracy': 0.7971303308090872, 'f1_weighted': 0.7898023965600219, 'macro': 0.7600772889138128, 'micro': 0.7971303308090872, 'binary': 0.6657912015758372, 'accuracy_majority': 0.7969961240310077, 'macro_majority': 0.7774977970168069, 'binary_majority': 0.7116311080523054, 'run_time_millis': 4513.831640593708, 'loss_mean': 0.24616292119026184}
Epoch 2 **** Loss 0.26641854643821716 **** Metrics validation: {'accuracy': 0.7712235950577919, 'f1_weighted': 0.77667161865622, 'macro': 0.7614441039341118, 'micro': 0.7712235950577919, 'binary': 0.7131434282858571, 'accuracy_majority': 0.7882751937984496, 'macro_majority': 0.7865228666499255, 'binary_majority': 0.7671816728822589, 'run_time_millis': 5427.517573349178, 'loss_mean': 0.2221047282218933}
Epoch 3 **** Loss 0.15905176103115082 **** Metrics validation: {'accuracy': 0.7781984854523715, 'f1_weighted': 0.782810898147675, 'macro': 0.7658808821755869, 'micro': 0.7781984854523715, 'binary': 0.7121799844840963, 'accuracy_majority': 0.7897286821705426, 'macro_majority': 0.786895151889447, 'binary_majority': 0.7623220153340635, 'run_time_millis': 3398.2280027121305, 'loss_mean': 0.2240362912416458}
Epoch 4 **** Loss 0.14907364547252655 **** Metrics validation: {'accuracy': 0.783778397768035, 'f1_weighted': 0.7881361572163219, 'macro': 0.7712804715263716, 'micro': 0.783778397768035, 'binary': 0.7178153446033811, 'accuracy_majority': 0.8008720930232558, 'macro_majority': 0.798026271460649, 'binary_majority': 0.7740516767454645, 'run_time_millis': 5280.530302785337, 'loss_mean': 0.24826501309871674}
Epoch 5 **** Loss 0.08352529257535934 **** Metrics validation: {'accuracy': 0.7799920286966919, 'f1_weighted': 0.7845484613875373, 'macro': 0.7677066938246458, 'micro': 0.7799920286966918, 'binary': 0.7142857142857143, 'accuracy_majority': 0.7955426356589147, 'macro_majority': 0.7925964024973927, 'binary_majority': 0.767876787678768, 'run_time_millis': 4719.710500910878, 'loss_mean': 0.284717321395874}
Epoch 6 **** Loss 0.07470597326755524 **** Metrics validation: {'accuracy': 0.7819848545237146, 'f1_weighted': 0.7863456998907655, 'macro': 0.7692693202603831, 'micro': 0.7819848545237146, 'binary': 0.7151041666666668, 'accuracy_majority': 0.8028100775193798, 'macro_majority': 0.7998978107927524, 'binary_majority': 0.7757575757575758, 'run_time_millis': 5425.520955584943, 'loss_mean': 0.3335147500038147}
Epoch 7 **** Loss 0.13690213859081268 **** Metrics validation: {'accuracy': 0.7891590275009964, 'f1_weighted': 0.7917868238305233, 'macro': 0.7721775134847135, 'micro': 0.7891590275009964, 'binary': 0.7099780701754385, 'accuracy_majority': 0.8076550387596899, 'macro_majority': 0.8025145527808084, 'binary_majority': 0.7706528018486424, 'run_time_millis': 5236.7662992328405, 'loss_mean': 0.3437570631504059}
Epoch 8 **** Loss 0.026780271902680397 **** Metrics validation: {'accuracy': 0.79035472299721, 'f1_weighted': 0.7929473555308179, 'macro': 0.7734161904443053, 'micro': 0.79035472299721, 'binary': 0.7114646187602852, 'accuracy_majority': 0.8013565891472868, 'macro_majority': 0.795949074074074, 'binary_majority': 0.7627314814814814, 'run_time_millis': 4413.305468857288, 'loss_mean': 0.3859148919582367}
Epoch 9 **** Loss 0.03459345921874046 **** Metrics validation: {'accuracy': 0.7963332004782782, 'f1_weighted': 0.7975491574688738, 'macro': 0.7766399840001562, 'micro': 0.7963332004782782, 'binary': 0.7103174603174605, 'accuracy_majority': 0.809593023255814, 'macro_majority': 0.8029488965626979, 'binary_majority': 0.7667655786350149, 'run_time_millis': 5432.130086235702, 'loss_mean': 0.42554453015327454}
Evaluating
{'accuracy': 0.7963332004782782, 'f1_weighted': 0.7975491574688738, 'macro': 0.7766399840001562, 'micro': 0.7963332004782782, 'binary': 0.7103174603174605, 'accuracy_majority': 0.809593023255814, 'macro_majority': 0.8029488965626979, 'binary_majority': 0.7667655786350149, 'run_time_millis': 5431.972741149366, 'loss_mean': 0.42554453015327454}
