Device cuda
Split type sit
Training Size: 20903, NTA labels 20103, YTA labels 800
Validation Size: 6889, NTA labels 6608, YTA labels 281
Test Size: 6794, NTA labels 6542, YTA labels 252
Training with SBERT, model name is sbert
Tokenizing the dataset
Number of training steps 6540
Epoch 0 **** Loss 0.046569082885980606 **** Metrics validation: {'accuracy': 0.8696472637538104, 'f1_weighted': 0.9025964007384928, 'macro': 0.6154487565207445, 'micro': 0.8696472637538104, 'binary': 0.30279503105590055, 'accuracy_majority': 0.8777544596012592, 'macro_majority': 0.6081286536807042, 'binary_majority': 0.2830769230769231, 'run_time_millis': 4796.894232000341, 'loss_mean': 0.048389047384262085}
Epoch 1 **** Loss 0.046825069934129715 **** Metrics validation: {'accuracy': 0.8911307882130933, 'f1_weighted': 0.9157310683250479, 'macro': 0.6337637272592208, 'micro': 0.8911307882130932, 'binary': 0.3267504488330341, 'accuracy_majority': 0.8997901364113327, 'macro_majority': 0.6282190983409841, 'binary_majority': 0.31046931407942235, 'run_time_millis': 4800.144023998655, 'loss_mean': 0.04904215410351753}
Epoch 2 **** Loss 0.055514995008707047 **** Metrics validation: {'accuracy': 0.8724052837857454, 'f1_weighted': 0.904376706305289, 'macro': 0.6190689626083193, 'micro': 0.8724052837857454, 'binary': 0.3084185680566483, 'accuracy_majority': 0.878803777544596, 'macro_majority': 0.6093108194085436, 'binary_majority': 0.28482972136222906, 'run_time_millis': 4767.206071999681, 'loss_mean': 0.049718599766492844}
Epoch 3 **** Loss 0.026309089735150337 **** Metrics validation: {'accuracy': 0.858179706778923, 'f1_weighted': 0.8954588776373216, 'macro': 0.6053416402190086, 'micro': 0.858179706778923, 'binary': 0.2894545454545454, 'accuracy_majority': 0.8667366211962224, 'macro_majority': 0.6004588594536602, 'binary_majority': 0.27428571428571424, 'run_time_millis': 4781.835093001064, 'loss_mean': 0.051625367254018784}
Epoch 4 **** Loss 0.02749328501522541 **** Metrics validation: {'accuracy': 0.9191464653795907, 'f1_weighted': 0.9326798232891796, 'macro': 0.6608526629908654, 'micro': 0.9191464653795907, 'binary': 0.3648802736602053, 'accuracy_majority': 0.9302203567681008, 'macro_majority': 0.6750504733276504, 'binary_majority': 0.38709677419354843, 'run_time_millis': 4784.760746000757, 'loss_mean': 0.0697493925690651}
Epoch 5 **** Loss 0.033436935395002365 **** Metrics validation: {'accuracy': 0.9030338220351285, 'f1_weighted': 0.9228380311807071, 'macro': 0.6431477828233951, 'micro': 0.9030338220351285, 'binary': 0.3386138613861386, 'accuracy_majority': 0.9134312696747114, 'macro_majority': 0.6532768856769584, 'binary_majority': 0.3529411764705882, 'run_time_millis': 4110.334411001531, 'loss_mean': 0.06772492080926895}
Epoch 6 **** Loss 0.07334934175014496 **** Metrics validation: {'accuracy': 0.9095659747423429, 'f1_weighted': 0.9269321100535949, 'macro': 0.651554821546598, 'micro': 0.9095659747423429, 'binary': 0.3517169614984391, 'accuracy_majority': 0.9181532004197271, 'macro_majority': 0.6531634938409855, 'binary_majority': 0.35000000000000003, 'run_time_millis': 4711.2955170014175, 'loss_mean': 0.07510137557983398}
Epoch 7 **** Loss 0.05651203915476799 **** Metrics validation: {'accuracy': 0.9175497169400494, 'f1_weighted': 0.9314837280230585, 'macro': 0.6559822026411888, 'micro': 0.9175497169400494, 'binary': 0.3560090702947845, 'accuracy_majority': 0.9286463798530955, 'macro_majority': 0.6719781332253493, 'binary_majority': 0.3818181818181818, 'run_time_millis': 4797.477885000262, 'loss_mean': 0.0861719623208046}
Epoch 8 **** Loss 0.009790833108127117 **** Metrics validation: {'accuracy': 0.9211786906662796, 'f1_weighted': 0.9336814907615606, 'macro': 0.6599610194714477, 'micro': 0.9211786906662796, 'binary': 0.36192714453584024, 'accuracy_majority': 0.9323189926547744, 'macro_majority': 0.6764011050116411, 'binary_majority': 0.3886255924170616, 'run_time_millis': 4799.9495300009585, 'loss_mean': 0.09188142418861389}
Epoch 9 **** Loss 0.0032357056625187397 **** Metrics validation: {'accuracy': 0.9226302801567716, 'f1_weighted': 0.9346296222814858, 'macro': 0.6625155089371644, 'micro': 0.9226302801567716, 'binary': 0.366230677764566, 'accuracy_majority': 0.9338929695697796, 'macro_majority': 0.6796348074788696, 'binary_majority': 0.3942307692307693, 'run_time_millis': 4797.034655000971, 'loss_mean': 0.09383620321750641}
Evaluating
{'accuracy': 0.9226302801567716, 'f1_weighted': 0.9346296222814858, 'macro': 0.6625155089371644, 'micro': 0.9226302801567716, 'binary': 0.366230677764566, 'accuracy_majority': 0.9338929695697796, 'macro_majority': 0.6796348074788696, 'binary_majority': 0.3942307692307693, 'run_time_millis': 4784.177604000433, 'loss_mean': 0.09383620321750641}
