Device cuda
Split type sit
Training Size: 63399, NTA labels 62541, YTA labels 858
Validation Size: 21193, NTA labels 20937, YTA labels 256
Test Size: 21178, NTA labels 20924, YTA labels 254
Training with SBERT, model name is sbert
Tokenizing the dataset
Number of training steps 19820
Epoch 0 **** Loss 0.002478651935234666 **** Metrics validation: {'accuracy': 0.9702260180248196, 'f1_weighted': 0.9773080649328507, 'macro': 0.6765610174893284, 'micro': 0.9702260180248196, 'binary': 0.3683683683683684, 'accuracy_majority': 0.9717693096058884, 'macro_majority': 0.7127228880541145, 'binary_majority': 0.4399260628465804, 'run_time_millis': 10772.166478000145, 'loss_mean': 0.017315924167633057}
Epoch 1 **** Loss 0.017044225707650185 **** Metrics validation: {'accuracy': 0.9671589675836361, 'f1_weighted': 0.9755555071802289, 'macro': 0.6687554446411258, 'micro': 0.9671589675836362, 'binary': 0.35435992578849723, 'accuracy_majority': 0.9689741917450853, 'macro_majority': 0.7074108593384489, 'binary_majority': 0.43076923076923074, 'run_time_millis': 11104.96607800087, 'loss_mean': 0.017708122730255127}
Epoch 2 **** Loss 0.005878865253180265 **** Metrics validation: {'accuracy': 0.9567781814750154, 'f1_weighted': 0.9694632355099478, 'macro': 0.6365449582302039, 'micro': 0.9567781814750153, 'binary': 0.29538461538461536, 'accuracy_majority': 0.9590981086369141, 'macro_majority': 0.672694582385046, 'binary_majority': 0.3665223665223665, 'run_time_millis': 11088.820398999815, 'loss_mean': 0.0202014297246933}
Epoch 3 **** Loss 0.0016925999661907554 **** Metrics validation: {'accuracy': 0.9697069787193885, 'f1_weighted': 0.9769639073979767, 'macro': 0.6731571422119771, 'micro': 0.9697069787193885, 'binary': 0.36182902584493043, 'accuracy_majority': 0.9703717506754869, 'macro_majority': 0.7043539588625884, 'binary_majority': 0.42391304347826086, 'run_time_millis': 11022.731156999725, 'loss_mean': 0.02302980236709118}
Epoch 4 **** Loss 0.00010016293526859954 **** Metrics validation: {'accuracy': 0.9571556646062379, 'f1_weighted': 0.9696577011130159, 'macro': 0.6364687616843122, 'micro': 0.9571556646062379, 'binary': 0.2950310559006211, 'accuracy_majority': 0.9585390850647536, 'macro_majority': 0.6691440646529524, 'binary_majority': 0.3597122302158273, 'run_time_millis': 11001.946448000126, 'loss_mean': 0.024708988144993782}
Epoch 5 **** Loss 4.9904709157999605e-05 **** Metrics validation: {'accuracy': 0.9353560137781343, 'f1_weighted': 0.9573272586083037, 'macro': 0.5961290755139218, 'micro': 0.9353560137781343, 'binary': 0.2259887005649718, 'accuracy_majority': 0.9375757011087301, 'macro_majority': 0.6257764330706367, 'binary_majority': 0.2841880341880342, 'run_time_millis': 11038.263366999672, 'loss_mean': 0.026277096942067146}
Epoch 6 **** Loss 0.00015696896298322827 **** Metrics validation: {'accuracy': 0.9650828103619119, 'f1_weighted': 0.9742762150038623, 'macro': 0.6594934312287385, 'micro': 0.9650828103619119, 'binary': 0.33691756272401435, 'accuracy_majority': 0.9665517562657225, 'macro_majority': 0.6947012119970795, 'binary_majority': 0.4066115702479339, 'run_time_millis': 10963.466162999794, 'loss_mean': 0.029857661575078964}
Epoch 7 **** Loss 0.01729648746550083 **** Metrics validation: {'accuracy': 0.974331147076865, 'f1_weighted': 0.9797285393850323, 'macro': 0.6905485644492582, 'micro': 0.974331147076865, 'binary': 0.39420935412026725, 'accuracy_majority': 0.9757756452063728, 'macro_majority': 0.7295742076329889, 'binary_majority': 0.47154471544715443, 'run_time_millis': 11100.139977999788, 'loss_mean': 0.03308242931962013}
Epoch 8 **** Loss 0.0008177873096428812 **** Metrics validation: {'accuracy': 0.9720662482895296, 'f1_weighted': 0.9783580760394461, 'macro': 0.6812775059571895, 'micro': 0.9720662482895296, 'binary': 0.37684210526315787, 'accuracy_majority': 0.9736327215130904, 'macro_majority': 0.7195511102628996, 'binary_majority': 0.4526112185686653, 'run_time_millis': 10761.887366999872, 'loss_mean': 0.03325725719332695}
Epoch 9 **** Loss 7.137870125006884e-05 **** Metrics validation: {'accuracy': 0.9741895909026566, 'f1_weighted': 0.9795771197285791, 'macro': 0.6871375300989124, 'micro': 0.9741895909026566, 'binary': 0.38745800671892494, 'accuracy_majority': 0.9755893040156527, 'macro_majority': 0.725312739810168, 'binary_majority': 0.46311475409836067, 'run_time_millis': 11097.891812999478, 'loss_mean': 0.034380484372377396}
Evaluating
{'accuracy': 0.974331147076865, 'f1_weighted': 0.9797285393850323, 'macro': 0.6905485644492582, 'micro': 0.974331147076865, 'binary': 0.39420935412026725, 'accuracy_majority': 0.9757756452063728, 'macro_majority': 0.7295742076329889, 'binary_majority': 0.47154471544715443, 'run_time_millis': 11056.425974999911, 'loss_mean': 0.03308242931962013}
