Device cuda
DATASET: GE'surprise, MODEL: sbertbase, 
Split type sit
DATASET: GE'surprise, MODEL: sbertbase, PERCENTAGE: False, NUM_COMMENTS_PER_ANNO: 261
Training Size: 6266, NTA labels 6112, YTA labels 154
Validation Size: 2173, NTA labels 2124, YTA labels 49
Test Size: 1999, NTA labels 1942, YTA labels 57
Training with SBERT, model name is sbert
Tokenizing the dataset
Number of training steps 1960
Epoch 0 **** Loss 0.05224444344639778 **** Metrics validation: {'accuracy': 0.9171652093879429, 'f1_weighted': 0.9376260794893017, 'macro': 0.5370948959013833, 'micro': 0.9171652093879429, 'binary': 0.11764705882352941, 'accuracy_majority': 0.9144144144144144, 'macro_majority': 0.5571021164176723, 'binary_majority': 0.1592920353982301, 'run_time_millis': 2924.2407428100705, 'loss_mean': 0.03384823724627495}
Epoch 1 **** Loss 0.013984907418489456 **** Metrics validation: {'accuracy': 0.7850897376898297, 'f1_weighted': 0.8605600511681917, 'macro': 0.5054559684752188, 'micro': 0.7850897376898296, 'binary': 0.13358070500927646, 'accuracy_majority': 0.7882882882882883, 'macro_majority': 0.5269957840337277, 'binary_majority': 0.17543859649122806, 'run_time_millis': 2936.441957950592, 'loss_mean': 0.02759377658367157}
Epoch 2 **** Loss 0.0036211605183780193 **** Metrics validation: {'accuracy': 0.9190059825126553, 'f1_weighted': 0.9416824284700369, 'macro': 0.6149211412369306, 'micro': 0.9190059825126554, 'binary': 0.2727272727272727, 'accuracy_majority': 0.918918918918919, 'macro_majority': 0.6475245568476911, 'binary_majority': 0.3382352941176471, 'run_time_millis': 2949.739233125001, 'loss_mean': 0.027283763512969017}
Epoch 3 **** Loss 0.0016061665955930948 **** Metrics validation: {'accuracy': 0.9443166129774505, 'f1_weighted': 0.9566800763200962, 'macro': 0.6548661182496335, 'micro': 0.9443166129774505, 'binary': 0.33879781420765026, 'accuracy_majority': 0.9441441441441442, 'macro_majority': 0.6872727933692018, 'binary_majority': 0.4038461538461538, 'run_time_millis': 2946.4672007597983, 'loss_mean': 0.03294350951910019}
Epoch 4 **** Loss 0.0009292904287576675 **** Metrics validation: {'accuracy': 0.9567418315692591, 'f1_weighted': 0.9643180149542059, 'macro': 0.6835933627441261, 'micro': 0.9567418315692591, 'binary': 0.3896103896103896, 'accuracy_majority': 0.954954954954955, 'macro_majority': 0.7104851330203443, 'binary_majority': 0.4444444444444445, 'run_time_millis': 2943.1888442486525, 'loss_mean': 0.04018479958176613}
Epoch 5 **** Loss 0.004620052874088287 **** Metrics validation: {'accuracy': 0.9544408651633686, 'f1_weighted': 0.9626805005657773, 'macro': 0.672896713108186, 'micro': 0.9544408651633686, 'binary': 0.36942675159235666, 'accuracy_majority': 0.9522522522522523, 'macro_majority': 0.6963440505009316, 'binary_majority': 0.41758241758241754, 'run_time_millis': 2951.7513387836516, 'loss_mean': 0.044485028833150864}
Epoch 6 **** Loss 0.01691930741071701 **** Metrics validation: {'accuracy': 0.965945697192821, 'f1_weighted': 0.9698153323079903, 'macro': 0.7021655701754386, 'micro': 0.965945697192821, 'binary': 0.42187499999999994, 'accuracy_majority': 0.9621621621621622, 'macro_majority': 0.7138894344069128, 'binary_majority': 0.4473684210526316, 'run_time_millis': 2940.6645447015762, 'loss_mean': 0.05389963462948799}
Epoch 7 **** Loss 0.01605929248034954 **** Metrics validation: {'accuracy': 0.9627243442245743, 'f1_weighted': 0.9676687281562553, 'macro': 0.6903823319876514, 'micro': 0.9627243442245743, 'binary': 0.4, 'accuracy_majority': 0.9585585585585585, 'macro_majority': 0.7017523364485981, 'binary_majority': 0.425, 'run_time_millis': 2950.6302382797003, 'loss_mean': 0.05390644818544388}
Epoch 8 **** Loss 0.007062534336000681 **** Metrics validation: {'accuracy': 0.9539806718821905, 'f1_weighted': 0.9623888676456183, 'macro': 0.6716054308270768, 'micro': 0.9539806718821905, 'binary': 0.3670886075949367, 'accuracy_majority': 0.9522522522522523, 'macro_majority': 0.6963440505009316, 'binary_majority': 0.41758241758241754, 'run_time_millis': 2954.3383293785155, 'loss_mean': 0.05085090920329094}
Epoch 9 **** Loss 0.007189018186181784 **** Metrics validation: {'accuracy': 0.9650253106304648, 'f1_weighted': 0.9687953574519201, 'macro': 0.6894079590762056, 'micro': 0.9650253106304648, 'binary': 0.3968253968253968, 'accuracy_majority': 0.9594594594594594, 'macro_majority': 0.6895104895104895, 'binary_majority': 0.4000000000000001, 'run_time_millis': 2938.212607987225, 'loss_mean': 0.05648325756192207}
Evaluating
{'accuracy': 0.965945697192821, 'f1_weighted': 0.9698153323079903, 'macro': 0.7021655701754386, 'micro': 0.965945697192821, 'binary': 0.42187499999999994, 'accuracy_majority': 0.9621621621621622, 'macro_majority': 0.7138894344069128, 'binary_majority': 0.4473684210526316, 'run_time_millis': 2942.388589028269, 'loss_mean': 0.05389963462948799}
Device cuda
DATASET: GE'surprise, MODEL: sbertbase, 
Split type sit
DATASET: GE'surprise, MODEL: sbertbase, PERCENTAGE: False, NUM_COMMENTS_PER_ANNO: 261
Training Size: 6266, NTA labels 6112, YTA labels 154
Validation Size: 2173, NTA labels 2124, YTA labels 49
Test Size: 1999, NTA labels 1942, YTA labels 57
Training with SBERT, model name is sbert
Tokenizing the dataset
Number of training steps 1960
Epoch 0 **** Loss 0.039553578943014145 **** Metrics validation: {'accuracy': 0.9231477220432581, 'f1_weighted': 0.9409977519531685, 'macro': 0.5427309555761367, 'micro': 0.9231477220432581, 'binary': 0.1256544502617801, 'accuracy_majority': 0.9243243243243243, 'macro_majority': 0.5684052657890352, 'binary_majority': 0.1764705882352941, 'run_time_millis': 2926.46816233173, 'loss_mean': 0.03401782363653183}
Epoch 1 **** Loss 0.007955613546073437 **** Metrics validation: {'accuracy': 0.9005982512655315, 'f1_weighted': 0.9307769541310886, 'macro': 0.5904464734461384, 'micro': 0.9005982512655315, 'binary': 0.2340425531914894, 'accuracy_majority': 0.8981981981981982, 'macro_majority': 0.6172402112914596, 'binary_majority': 0.289308176100629, 'run_time_millis': 2932.6697569340467, 'loss_mean': 0.025863315910100937}
Epoch 2 **** Loss 0.005919048562645912 **** Metrics validation: {'accuracy': 0.922227335480902, 'f1_weighted': 0.943601344047237, 'macro': 0.6198709223308508, 'micro': 0.922227335480902, 'binary': 0.28085106382978725, 'accuracy_majority': 0.9225225225225225, 'macro_majority': 0.6486566065513434, 'binary_majority': 0.3384615384615384, 'run_time_millis': 2955.025519244373, 'loss_mean': 0.026030370965600014}
Epoch 3 **** Loss 0.0040689390152692795 **** Metrics validation: {'accuracy': 0.9341923607915325, 'f1_weighted': 0.9507847515261014, 'macro': 0.6406116814879839, 'micro': 0.9341923607915325, 'binary': 0.3157894736842105, 'accuracy_majority': 0.9351351351351351, 'macro_majority': 0.677788708090761, 'binary_majority': 0.38983050847457623, 'run_time_millis': 1282.617059070617, 'loss_mean': 0.030202114954590797}
Epoch 4 **** Loss 0.005600983276963234 **** Metrics validation: {'accuracy': 0.9544408651633686, 'f1_weighted': 0.9621485434052088, 'macro': 0.6603856688425989, 'micro': 0.9544408651633686, 'binary': 0.3443708609271523, 'accuracy_majority': 0.9504504504504504, 'macro_majority': 0.6710154065020935, 'binary_majority': 0.367816091954023, 'run_time_millis': 2944.916575215757, 'loss_mean': 0.04249998554587364}
Epoch 5 **** Loss 0.0042097424156963825 **** Metrics validation: {'accuracy': 0.9277496548550391, 'f1_weighted': 0.9470270108230974, 'macro': 0.6320623365418319, 'micro': 0.9277496548550391, 'binary': 0.3022222222222222, 'accuracy_majority': 0.9297297297297298, 'macro_majority': 0.6668770007387343, 'binary_majority': 0.3709677419354839, 'run_time_millis': 2950.040689203888, 'loss_mean': 0.038929976522922516}
Epoch 6 **** Loss 0.0037645818665623665 **** Metrics validation: {'accuracy': 0.9576622181316152, 'f1_weighted': 0.9645617398056653, 'macro': 0.6782315903325908, 'micro': 0.9576622181316152, 'binary': 0.37837837837837834, 'accuracy_majority': 0.9567567567567568, 'macro_majority': 0.7030497592295346, 'binary_majority': 0.4285714285714286, 'run_time_millis': 2942.743740975857, 'loss_mean': 0.05315018817782402}
Epoch 7 **** Loss 0.0013459136243909597 **** Metrics validation: {'accuracy': 0.9567418315692591, 'f1_weighted': 0.9639718701555958, 'macro': 0.6754655227200509, 'micro': 0.9567418315692591, 'binary': 0.37333333333333335, 'accuracy_majority': 0.9558558558558559, 'macro_majority': 0.7002892960462873, 'binary_majority': 0.4235294117647059, 'run_time_millis': 2940.4317140579224, 'loss_mean': 0.053272414952516556}
Epoch 8 **** Loss 0.0005747876712121069 **** Metrics validation: {'accuracy': 0.9613437643810401, 'f1_weighted': 0.9667623900136918, 'macro': 0.6856711853198876, 'micro': 0.9613437643810401, 'binary': 0.391304347826087, 'accuracy_majority': 0.9585585585585585, 'macro_majority': 0.7017523364485981, 'binary_majority': 0.425, 'run_time_millis': 2933.96347342059, 'loss_mean': 0.05863389000296593}
Epoch 9 **** Loss 0.0011491174809634686 **** Metrics validation: {'accuracy': 0.9650253106304648, 'f1_weighted': 0.9687953574519201, 'macro': 0.6894079590762056, 'micro': 0.9650253106304648, 'binary': 0.3968253968253968, 'accuracy_majority': 0.9621621621621622, 'macro_majority': 0.706430568499534, 'binary_majority': 0.4324324324324324, 'run_time_millis': 1830.4344867356122, 'loss_mean': 0.06077602505683899}
Evaluating
{'accuracy': 0.9650253106304648, 'f1_weighted': 0.9687953574519201, 'macro': 0.6894079590762056, 'micro': 0.9650253106304648, 'binary': 0.3968253968253968, 'accuracy_majority': 0.9621621621621622, 'macro_majority': 0.706430568499534, 'binary_majority': 0.4324324324324324, 'run_time_millis': 958.5348539985716, 'loss_mean': 0.06077602505683899}
Device cuda
DATASET: GE'surprise, MODEL: sbertbase, 
Split type sit
DATASET: GE'surprise, MODEL: sbertbase, PERCENTAGE: False, NUM_COMMENTS_PER_ANNO: 261
Training Size: 6266, NTA labels 6112, YTA labels 154
Validation Size: 2173, NTA labels 2124, YTA labels 49
Test Size: 1999, NTA labels 1942, YTA labels 57
Training with SBERT, model name is sbert
Tokenizing the dataset
Number of training steps 1960
Epoch 0 **** Loss 0.07675223052501678 **** Metrics validation: {'accuracy': 0.9360331339162449, 'f1_weighted': 0.9482902703153164, 'macro': 0.5570047621911065, 'micro': 0.9360331339162449, 'binary': 0.14723926380368096, 'accuracy_majority': 0.9351351351351351, 'macro_majority': 0.5830985915492958, 'binary_majority': 0.2, 'run_time_millis': 2935.460585169494, 'loss_mean': 0.03425417095422745}
Epoch 1 **** Loss 0.010998379439115524 **** Metrics validation: {'accuracy': 0.8665439484583525, 'f1_weighted': 0.9104506902071721, 'macro': 0.5517637251331543, 'micro': 0.8665439484583525, 'binary': 0.17613636363636365, 'accuracy_majority': 0.8639639639639639, 'macro_majority': 0.5715611268599298, 'binary_majority': 0.2176165803108808, 'run_time_millis': 2937.792451120913, 'loss_mean': 0.02602619118988514}
Epoch 2 **** Loss 0.015979204326868057 **** Metrics validation: {'accuracy': 0.8877128393925449, 'f1_weighted': 0.9230727533687885, 'macro': 0.5736831271749548, 'micro': 0.8877128393925449, 'binary': 0.20779220779220778, 'accuracy_majority': 0.8891891891891892, 'macro_majority': 0.6017803652315438, 'binary_majority': 0.2634730538922156, 'run_time_millis': 2918.1680348701775, 'loss_mean': 0.024851882830262184}
Epoch 3 **** Loss 0.013366892002522945 **** Metrics validation: {'accuracy': 0.9254486884491486, 'f1_weighted': 0.9454024856605252, 'macro': 0.621932726179225, 'micro': 0.9254486884491486, 'binary': 0.2831858407079646, 'accuracy_majority': 0.9252252252252252, 'macro_majority': 0.6534003483678252, 'binary_majority': 0.3464566929133858, 'run_time_millis': 2929.147447925061, 'loss_mean': 0.03097786009311676}
Epoch 4 **** Loss 0.010543101467192173 **** Metrics validation: {'accuracy': 0.9190059825126553, 'f1_weighted': 0.941566182914538, 'macro': 0.611901282675759, 'micro': 0.9190059825126554, 'binary': 0.26666666666666666, 'accuracy_majority': 0.918918918918919, 'macro_majority': 0.6426067171334126, 'binary_majority': 0.3283582089552239, 'run_time_millis': 2744.0446210093796, 'loss_mean': 0.03563589230179787}
Epoch 5 **** Loss 0.0045651625841856 **** Metrics validation: {'accuracy': 0.9383341003221353, 'f1_weighted': 0.9530224718478145, 'macro': 0.6420186869928695, 'micro': 0.9383341003221353, 'binary': 0.3163265306122449, 'accuracy_majority': 0.9396396396396396, 'macro_majority': 0.6767912941820694, 'binary_majority': 0.38532110091743116, 'run_time_millis': 2956.334596965462, 'loss_mean': 0.041593730449676514}
Epoch 6 **** Loss 0.010539760813117027 **** Metrics validation: {'accuracy': 0.9401748734468477, 'f1_weighted': 0.953996686916088, 'macro': 0.642254698343549, 'micro': 0.9401748734468477, 'binary': 0.31578947368421056, 'accuracy_majority': 0.9396396396396396, 'macro_majority': 0.6710616521666055, 'binary_majority': 0.37383177570093457, 'run_time_millis': 2948.3078843913972, 'loss_mean': 0.04415932670235634}
Epoch 7 **** Loss 0.0035836277529597282 **** Metrics validation: {'accuracy': 0.9493787390704096, 'f1_weighted': 0.9596621453221306, 'macro': 0.6633000901510029, 'micro': 0.9493787390704096, 'binary': 0.35294117647058826, 'accuracy_majority': 0.9495495495495495, 'macro_majority': 0.69515065913371, 'binary_majority': 0.4166666666666667, 'run_time_millis': 2951.4151168987155, 'loss_mean': 0.04982339218258858}
Epoch 8 **** Loss 0.008200529962778091 **** Metrics validation: {'accuracy': 0.9558214450069029, 'f1_weighted': 0.9632053142014592, 'macro': 0.668560533841754, 'micro': 0.9558214450069029, 'binary': 0.36, 'accuracy_majority': 0.9540540540540541, 'macro_majority': 0.6949415587564867, 'binary_majority': 0.41379310344827586, 'run_time_millis': 2964.799366891384, 'loss_mean': 0.05358625948429108}
Epoch 9 **** Loss 0.00030425371369346976 **** Metrics validation: {'accuracy': 0.9599631845375057, 'f1_weighted': 0.9654763676105935, 'macro': 0.6721467553886094, 'micro': 0.9599631845375057, 'binary': 0.3649635036496351, 'accuracy_majority': 0.9567567567567568, 'macro_majority': 0.688785046728972, 'binary_majority': 0.4, 'run_time_millis': 2952.0486099645495, 'loss_mean': 0.058305710554122925}
Evaluating
{'accuracy': 0.9599631845375057, 'f1_weighted': 0.9654763676105935, 'macro': 0.6721467553886094, 'micro': 0.9599631845375057, 'binary': 0.3649635036496351, 'accuracy_majority': 0.9567567567567568, 'macro_majority': 0.688785046728972, 'binary_majority': 0.4, 'run_time_millis': 2930.073016323149, 'loss_mean': 0.058305710554122925}
Device cuda
DATASET: GE'surprise, MODEL: sbertbase, 
Split type sit
DATASET: GE'surprise, MODEL: sbertbase, PERCENTAGE: False, NUM_COMMENTS_PER_ANNO: 261
Training Size: 6266, NTA labels 6112, YTA labels 154
Validation Size: 2173, NTA labels 2124, YTA labels 49
Test Size: 1999, NTA labels 1942, YTA labels 57
Training with SBERT, model name is sbert
Tokenizing the dataset
Number of training steps 1960
Epoch 0 **** Loss 0.0742538571357727 **** Metrics validation: {'accuracy': 0.926829268292683, 'f1_weighted': 0.9434586507570957, 'macro': 0.5557511382441017, 'micro': 0.926829268292683, 'binary': 0.14973262032085563, 'accuracy_majority': 0.9261261261261261, 'macro_majority': 0.5706603773584906, 'binary_majority': 0.18000000000000002, 'run_time_millis': 2939.88193012774, 'loss_mean': 0.03426672890782356}
Epoch 1 **** Loss 0.013579851016402245 **** Metrics validation: {'accuracy': 0.927289461573861, 'f1_weighted': 0.9463751368356624, 'macro': 0.6217622174238752, 'micro': 0.927289461573861, 'binary': 0.2818181818181818, 'accuracy_majority': 0.9288288288288288, 'macro_majority': 0.6547352340154107, 'binary_majority': 0.34710743801652894, 'run_time_millis': 2425.3852418623865, 'loss_mean': 0.025765899568796158}
Epoch 2 **** Loss 0.007076902315020561 **** Metrics validation: {'accuracy': 0.9065807639208467, 'f1_weighted': 0.9342107677959983, 'macro': 0.5949666373762388, 'micro': 0.9065807639208467, 'binary': 0.2397003745318352, 'accuracy_majority': 0.9081081081081082, 'macro_majority': 0.6260947675724231, 'binary_majority': 0.30136986301369867, 'run_time_millis': 2136.2540828995407, 'loss_mean': 0.02565058320760727}
Epoch 3 **** Loss 0.006515771150588989 **** Metrics validation: {'accuracy': 0.9167050161067648, 'f1_weighted': 0.9400845780277539, 'macro': 0.6055149850204958, 'micro': 0.9167050161067648, 'binary': 0.2551440329218107, 'accuracy_majority': 0.918918918918919, 'macro_majority': 0.6375391849529781, 'binary_majority': 0.31818181818181823, 'run_time_millis': 1629.5180227607489, 'loss_mean': 0.030975444242358208}
Epoch 4 **** Loss 0.010942424647510052 **** Metrics validation: {'accuracy': 0.931891394385642, 'f1_weighted': 0.9489956196518697, 'macro': 0.6263477339480239, 'micro': 0.931891394385642, 'binary': 0.2884615384615385, 'accuracy_majority': 0.9333333333333333, 'macro_majority': 0.6578697455890439, 'binary_majority': 0.3508771929824561, 'run_time_millis': 2948.407132178545, 'loss_mean': 0.036495644599199295}
Epoch 5 **** Loss 0.004816454369574785 **** Metrics validation: {'accuracy': 0.9613437643810401, 'f1_weighted': 0.9669491942678692, 'macro': 0.6900142653352355, 'micro': 0.9613437643810401, 'binary': 0.4, 'accuracy_majority': 0.9603603603603603, 'macro_majority': 0.7214173264277077, 'binary_majority': 0.46341463414634143, 'run_time_millis': 2931.532959919423, 'loss_mean': 0.04664573818445206}
Epoch 6 **** Loss 0.0007133835460990667 **** Metrics validation: {'accuracy': 0.9567418315692591, 'f1_weighted': 0.9639718701555958, 'macro': 0.6754655227200509, 'micro': 0.9567418315692591, 'binary': 0.37333333333333335, 'accuracy_majority': 0.9567567567567568, 'macro_majority': 0.7096837470848499, 'binary_majority': 0.4418604651162791, 'run_time_millis': 2923.01653791219, 'loss_mean': 0.04848872125148773}
Epoch 7 **** Loss 0.005363516975194216 **** Metrics validation: {'accuracy': 0.9604233778186838, 'f1_weighted': 0.9663478583010734, 'macro': 0.6869547446429289, 'micro': 0.9604233778186838, 'binary': 0.3943661971830986, 'accuracy_majority': 0.9594594594594594, 'macro_majority': 0.7183868839889271, 'binary_majority': 0.4578313253012048, 'run_time_millis': 2951.7514598555863, 'loss_mean': 0.05235510692000389}
Epoch 8 **** Loss 0.0032094381749629974 **** Metrics validation: {'accuracy': 0.9636447307869305, 'f1_weighted': 0.967879372185656, 'macro': 0.6844316011419265, 'micro': 0.9636447307869305, 'binary': 0.38759689922480617, 'accuracy_majority': 0.9603603603603603, 'macro_majority': 0.700265121759623, 'binary_majority': 0.4210526315789474, 'run_time_millis': 2937.5889473594725, 'loss_mean': 0.060634247958660126}
Epoch 9 **** Loss 0.0025270762853324413 **** Metrics validation: {'accuracy': 0.9627243442245743, 'f1_weighted': 0.967474199795793, 'macro': 0.685875619502114, 'micro': 0.9627243442245743, 'binary': 0.3909774436090226, 'accuracy_majority': 0.9603603603603603, 'macro_majority': 0.7076779429720605, 'binary_majority': 0.4358974358974359, 'run_time_millis': 2951.442767865956, 'loss_mean': 0.0575159452855587}
Evaluating
{'accuracy': 0.9636447307869305, 'f1_weighted': 0.967879372185656, 'macro': 0.6844316011419265, 'micro': 0.9636447307869305, 'binary': 0.38759689922480617, 'accuracy_majority': 0.9603603603603603, 'macro_majority': 0.700265121759623, 'binary_majority': 0.4210526315789474, 'run_time_millis': 2934.837370645255, 'loss_mean': 0.060634247958660126}
Device cuda
DATASET: GE'surprise, MODEL: sbertbase, 
Split type sit
DATASET: GE'surprise, MODEL: sbertbase, PERCENTAGE: False, NUM_COMMENTS_PER_ANNO: 261
Training Size: 6266, NTA labels 6112, YTA labels 154
Validation Size: 2173, NTA labels 2124, YTA labels 49
Test Size: 1999, NTA labels 1942, YTA labels 57
Training with SBERT, model name is sbert
Tokenizing the dataset
Number of training steps 1960
Epoch 0 **** Loss 0.01834055408835411 **** Metrics validation: {'accuracy': 0.9351127473538886, 'f1_weighted': 0.9475462454277671, 'macro': 0.5506307299924176, 'micro': 0.9351127473538886, 'binary': 0.13496932515337423, 'accuracy_majority': 0.9351351351351351, 'macro_majority': 0.5740235374381716, 'binary_majority': 0.18181818181818182, 'run_time_millis': 2934.29215811193, 'loss_mean': 0.03432842716574669}
Epoch 1 **** Loss 0.0260796956717968 **** Metrics validation: {'accuracy': 0.8444546709618039, 'f1_weighted': 0.8973749328297441, 'macro': 0.5408504413493036, 'micro': 0.8444546709618039, 'binary': 0.16748768472906403, 'accuracy_majority': 0.8486486486486486, 'macro_majority': 0.5656022586446268, 'binary_majority': 0.21495327102803738, 'run_time_millis': 1808.0060281790793, 'loss_mean': 0.027118302881717682}
Epoch 2 **** Loss 0.03618563339114189 **** Metrics validation: {'accuracy': 0.8849516797054763, 'f1_weighted': 0.9215243399055193, 'macro': 0.5734130100197883, 'micro': 0.8849516797054763, 'binary': 0.2088607594936709, 'accuracy_majority': 0.8864864864864865, 'macro_majority': 0.5986800573888091, 'binary_majority': 0.2588235294117647, 'run_time_millis': 2928.945299703628, 'loss_mean': 0.025918571278452873}
Epoch 3 **** Loss 0.02649049088358879 **** Metrics validation: {'accuracy': 0.9176254026691211, 'f1_weighted': 0.9409740101545367, 'macro': 0.6158172280589815, 'micro': 0.9176254026691211, 'binary': 0.27530364372469635, 'accuracy_majority': 0.9198198198198199, 'macro_majority': 0.649027444710898, 'binary_majority': 0.34074074074074073, 'run_time_millis': 2952.5503893382847, 'loss_mean': 0.029152406379580498}
Epoch 4 **** Loss 0.01399447862058878 **** Metrics validation: {'accuracy': 0.9167050161067648, 'f1_weighted': 0.9404261558775622, 'macro': 0.6144568510801811, 'micro': 0.9167050161067648, 'binary': 0.27309236947791166, 'accuracy_majority': 0.918018018018018, 'macro_majority': 0.6460397167196387, 'binary_majority': 0.3357664233576642, 'run_time_millis': 2942.0142346061766, 'loss_mean': 0.03272628039121628}
Epoch 5 **** Loss 0.003177671693265438 **** Metrics validation: {'accuracy': 0.9516797054763001, 'f1_weighted': 0.9611030261898318, 'macro': 0.6692613772259791, 'micro': 0.9516797054763001, 'binary': 0.3636363636363637, 'accuracy_majority': 0.9495495495495495, 'macro_majority': 0.69515065913371, 'binary_majority': 0.4166666666666667, 'run_time_millis': 2931.850559078157, 'loss_mean': 0.04120391607284546}
Epoch 6 **** Loss 0.002377391094341874 **** Metrics validation: {'accuracy': 0.9387942936033133, 'f1_weighted': 0.9533021280621177, 'macro': 0.6429541228866693, 'micro': 0.9387942936033133, 'binary': 0.31794871794871793, 'accuracy_majority': 0.9378378378378378, 'macro_majority': 0.6728307254623044, 'binary_majority': 0.37837837837837834, 'run_time_millis': 920.5258688889444, 'loss_mean': 0.04149923101067543}
Epoch 7 **** Loss 0.007960665971040726 **** Metrics validation: {'accuracy': 0.9627243442245743, 'f1_weighted': 0.9670661917346598, 'macro': 0.6764425277531144, 'micro': 0.9627243442245743, 'binary': 0.37209302325581395, 'accuracy_majority': 0.9585585585585585, 'macro_majority': 0.686640809112333, 'binary_majority': 0.39473684210526316, 'run_time_millis': 2934.7567367367446, 'loss_mean': 0.0553913451731205}
Epoch 8 **** Loss 0.0010759019060060382 **** Metrics validation: {'accuracy': 0.9604233778186838, 'f1_weighted': 0.9661622703218663, 'macro': 0.682633652605122, 'micro': 0.9604233778186838, 'binary': 0.3857142857142857, 'accuracy_majority': 0.9585585585585585, 'macro_majority': 0.7087544776289671, 'binary_majority': 0.43902439024390244, 'run_time_millis': 2689.275191165507, 'loss_mean': 0.05402794107794762}
Epoch 9 **** Loss 0.013254174962639809 **** Metrics validation: {'accuracy': 0.9608835710998619, 'f1_weighted': 0.9658679874400298, 'macro': 0.6703633044157986, 'micro': 0.9608835710998619, 'binary': 0.3609022556390977, 'accuracy_majority': 0.9567567567567568, 'macro_majority': 0.6811032105149752, 'binary_majority': 0.38461538461538464, 'run_time_millis': 1918.5777502134442, 'loss_mean': 0.056919097900390625}
Evaluating
{'accuracy': 0.9627243442245743, 'f1_weighted': 0.9670661917346598, 'macro': 0.6764425277531144, 'micro': 0.9627243442245743, 'binary': 0.37209302325581395, 'accuracy_majority': 0.9585585585585585, 'macro_majority': 0.686640809112333, 'binary_majority': 0.39473684210526316, 'run_time_millis': 2925.2229440025985, 'loss_mean': 0.0553913451731205}
