Device cuda
Split type sit
Training Size: 19040, NTA labels 12340, YTA labels 6700
Validation Size: 6379, NTA labels 4216, YTA labels 2163
Test Size: 6349, NTA labels 4148, YTA labels 2201
Training with SBERT, model name is sbert
Tokenizing the dataset
Number of training steps 5950
Epoch 0 **** Loss 0.3137032091617584 **** Metrics validation: {'accuracy': 0.8070230443643204, 'f1_weighted': 0.8077617182753541, 'macro': 0.7864025980027864, 'micro': 0.8070230443643204, 'binary': 0.7200363884466683, 'accuracy_majority': 0.8287058823529412, 'macro_majority': 0.816927583321026, 'binary_majority': 0.7704918032786886, 'run_time_millis': 6439.030449997517, 'loss_mean': 0.21422657370567322}
Epoch 1 **** Loss 0.1373569369316101 **** Metrics validation: {'accuracy': 0.8214453676124784, 'f1_weighted': 0.8198109150222138, 'macro': 0.7972905716140717, 'micro': 0.8214453676124784, 'binary': 0.727316255685899, 'accuracy_majority': 0.8381176470588235, 'macro_majority': 0.8230017355999442, 'binary_majority': 0.7712765957446809, 'run_time_millis': 6437.261391001812, 'loss_mean': 0.20886176824569702}
Epoch 2 **** Loss 0.17096690833568573 **** Metrics validation: {'accuracy': 0.8126665621570779, 'f1_weighted': 0.812442349913143, 'macro': 0.7905229338751281, 'micro': 0.8126665621570779, 'binary': 0.7224157955865272, 'accuracy_majority': 0.835764705882353, 'macro_majority': 0.8222472927540649, 'binary_majority': 0.7732293697205977, 'run_time_millis': 6448.206070002925, 'loss_mean': 0.241842120885849}
Epoch 3 **** Loss 0.13769498467445374 **** Metrics validation: {'accuracy': 0.8118827402414172, 'f1_weighted': 0.8107356448310706, 'macro': 0.7876475381894881, 'micro': 0.8118827402414172, 'binary': 0.7159090909090909, 'accuracy_majority': 0.8305882352941176, 'macro_majority': 0.8159652657894584, 'binary_majority': 0.7640891218872868, 'run_time_millis': 6432.473505003145, 'loss_mean': 0.2541716992855072}
Epoch 4 **** Loss 0.0990585908293724 **** Metrics validation: {'accuracy': 0.8115692114751528, 'f1_weighted': 0.8131759644963384, 'macro': 0.793541060017207, 'micro': 0.8115692114751527, 'binary': 0.7325322652425457, 'accuracy_majority': 0.827764705882353, 'macro_majority': 0.8182171325356624, 'binary_majority': 0.7765567765567766, 'run_time_millis': 6424.810937001894, 'loss_mean': 0.25165805220603943}
Epoch 5 **** Loss 0.16525132954120636 **** Metrics validation: {'accuracy': 0.798401003292052, 'f1_weighted': 0.8024377087653484, 'macro': 0.7855247366496803, 'micro': 0.798401003292052, 'binary': 0.7329734219269104, 'accuracy_majority': 0.8127058823529412, 'macro_majority': 0.8068174758062159, 'binary_majority': 0.7730900798175598, 'run_time_millis': 6427.059276000364, 'loss_mean': 0.2868543565273285}
Epoch 6 **** Loss 0.10924412310123444 **** Metrics validation: {'accuracy': 0.8082771594293776, 'f1_weighted': 0.8101088701787571, 'macro': 0.7904203771500871, 'micro': 0.8082771594293776, 'binary': 0.7292450741642684, 'accuracy_majority': 0.8235294117647058, 'macro_majority': 0.8133611297896365, 'binary_majority': 0.7697974217311234, 'run_time_millis': 6441.766358999303, 'loss_mean': 0.2903749942779541}
Epoch 7 **** Loss 0.13277803361415863 **** Metrics validation: {'accuracy': 0.8114124470920206, 'f1_weighted': 0.8125319801684837, 'macro': 0.7921921447173437, 'micro': 0.8114124470920206, 'binary': 0.7289930164451454, 'accuracy_majority': 0.827764705882353, 'macro_majority': 0.8168389906986471, 'binary_majority': 0.772104607721046, 'run_time_millis': 6423.978049002471, 'loss_mean': 0.32483819127082825}
Epoch 8 **** Loss 0.07308822870254517 **** Metrics validation: {'accuracy': 0.8109421539426243, 'f1_weighted': 0.8124504767591428, 'macro': 0.792600561744319, 'micro': 0.8109421539426241, 'binary': 0.7309236947791166, 'accuracy_majority': 0.827764705882353, 'macro_majority': 0.8174552879876074, 'binary_majority': 0.774074074074074, 'run_time_millis': 5666.243840998504, 'loss_mean': 0.37451115250587463}
Epoch 9 **** Loss 0.09801547229290009 **** Metrics validation: {'accuracy': 0.8139206772221351, 'f1_weighted': 0.8142191358238556, 'macro': 0.7930903251572309, 'micro': 0.8139206772221351, 'binary': 0.7274397244546498, 'accuracy_majority': 0.8305882352941176, 'macro_majority': 0.81866021903001, 'binary_majority': 0.7721518987341772, 'run_time_millis': 6396.600007996312, 'loss_mean': 0.4184996485710144}
Evaluating
{'accuracy': 0.8214453676124784, 'f1_weighted': 0.8198109150222138, 'macro': 0.7972905716140717, 'micro': 0.8214453676124784, 'binary': 0.727316255685899, 'accuracy_majority': 0.8381176470588235, 'macro_majority': 0.8230017355999442, 'binary_majority': 0.7712765957446809, 'run_time_millis': 5981.153936001647, 'loss_mean': 0.20886176824569702}
