Device cuda
Split type sit
Training Size: 6407, NTA labels 4558, YTA labels 1849
Validation Size: 2013, NTA labels 1407, YTA labels 606
Test Size: 2304, NTA labels 1674, YTA labels 630
Training with SBERT, model name is sbert
Tokenizing the dataset
Number of training steps 2010
Epoch 0 **** Loss 0.2673064172267914 **** Metrics validation: {'accuracy': 0.39841033283656235, 'f1_weighted': 0.35552495960006025, 'macro': 0.38771913388538193, 'micro': 0.39841033283656235, 'binary': 0.4686265906099166, 'accuracy_majority': 0.3874898456539399, 'macro_majority': 0.37364765647775244, 'binary_majority': 0.4667609618104668, 'run_time_millis': 9245.158599223942, 'loss_mean': 0.2934003472328186}
Epoch 1 **** Loss 0.348008394241333 **** Metrics validation: {'accuracy': 0.5573770491803278, 'f1_weighted': 0.5755514747390248, 'macro': 0.5343114892644747, 'micro': 0.5573770491803278, 'binary': 0.4306709265175719, 'accuracy_majority': 0.5548334687246141, 'macro_majority': 0.5303620161514898, 'binary_majority': 0.4231578947368421, 'run_time_millis': 7227.726742159575, 'loss_mean': 0.31381428241729736}
Epoch 2 **** Loss 0.22329100966453552 **** Metrics validation: {'accuracy': 0.5325384997516145, 'f1_weighted': 0.5517085834714099, 'macro': 0.5148854730168388, 'micro': 0.5325384997516145, 'binary': 0.4223449969306323, 'accuracy_majority': 0.5353371242891958, 'macro_majority': 0.5155143942312985, 'binary_majority': 0.41751527494908347, 'run_time_millis': 9297.30178322643, 'loss_mean': 0.34394019842147827}
Epoch 3 **** Loss 0.16247518360614777 **** Metrics validation: {'accuracy': 0.6338797814207651, 'f1_weighted': 0.6284800683896218, 'macro': 0.552599890530925, 'micro': 0.6338797814207651, 'binary': 0.3619047619047619, 'accuracy_majority': 0.6320064987814785, 'macro_majority': 0.5427000430530783, 'binary_majority': 0.34061135371179035, 'run_time_millis': 7233.409398701042, 'loss_mean': 0.35923412442207336}
Epoch 4 **** Loss 0.2437029331922531 **** Metrics validation: {'accuracy': 0.5623447590660705, 'f1_weighted': 0.5794732486339038, 'macro': 0.5323257567306923, 'micro': 0.5623447590660705, 'binary': 0.41383898868928803, 'accuracy_majority': 0.5670186839967506, 'macro_majority': 0.5330540723075401, 'binary_majority': 0.407119021134594, 'run_time_millis': 7283.863285090774, 'loss_mean': 0.5066367387771606}
Epoch 5 **** Loss 0.23386278748512268 **** Metrics validation: {'accuracy': 0.5931445603576752, 'f1_weighted': 0.5992833422457223, 'macro': 0.5319249272823545, 'micro': 0.5931445603576752, 'binary': 0.3626459143968872, 'accuracy_majority': 0.6068237205523964, 'macro_majority': 0.543333231137137, 'binary_majority': 0.3730569948186528, 'run_time_millis': 9263.860189821571, 'loss_mean': 0.6215905547142029}
Epoch 6 **** Loss 0.136575385928154 **** Metrics validation: {'accuracy': 0.6338797814207651, 'f1_weighted': 0.6269937803688501, 'macro': 0.5493080501916133, 'micro': 0.6338797814207651, 'binary': 0.3540753724802804, 'accuracy_majority': 0.6344435418359058, 'macro_majority': 0.5445059499141555, 'binary_majority': 0.34210526315789475, 'run_time_millis': 8141.688966192305, 'loss_mean': 0.9449073076248169}
Epoch 7 **** Loss 0.1965775340795517 **** Metrics validation: {'accuracy': 0.6140089418777943, 'f1_weighted': 0.6191254466087182, 'macro': 0.5540727436012572, 'micro': 0.6140089418777943, 'binary': 0.3905882352941176, 'accuracy_majority': 0.6116978066612511, 'macro_majority': 0.5489943894288254, 'binary_majority': 0.3808290155440414, 'run_time_millis': 9252.601468935609, 'loss_mean': 0.8463447093963623}
Epoch 8 **** Loss 0.0003399421402718872 **** Metrics validation: {'accuracy': 0.6358668653750621, 'f1_weighted': 0.6298709623368897, 'macro': 0.5536373379944114, 'micro': 0.6358668653750621, 'binary': 0.3620539599651871, 'accuracy_majority': 0.6385052802599512, 'macro_majority': 0.5507759804826045, 'binary_majority': 0.3522561863173217, 'run_time_millis': 7227.54168137908, 'loss_mean': 1.1147738695144653}
Epoch 9 **** Loss 0.08900735527276993 **** Metrics validation: {'accuracy': 0.6403378042722305, 'f1_weighted': 0.632380016617649, 'macro': 0.554646017699115, 'micro': 0.6403378042722305, 'binary': 0.3592920353982301, 'accuracy_majority': 0.6376929325751421, 'macro_majority': 0.5469185317224533, 'binary_majority': 0.34411764705882353, 'run_time_millis': 7230.031746905297, 'loss_mean': 1.2524646520614624}
Evaluating
{'accuracy': 0.6403378042722305, 'f1_weighted': 0.632380016617649, 'macro': 0.554646017699115, 'micro': 0.6403378042722305, 'binary': 0.3592920353982301, 'accuracy_majority': 0.6376929325751421, 'macro_majority': 0.5469185317224533, 'binary_majority': 0.34411764705882353, 'run_time_millis': 7222.784674260765, 'loss_mean': 1.2524646520614624}
