Device cuda
DATASET: GE'surprise, MODEL: uid, 
Split type sit
DATASET: GE'surprise, MODEL: uid, PERCENTAGE: False, NUM_COMMENTS_PER_ANNO: 267
Training Size: 2305, NTA labels 2250, YTA labels 55
Validation Size: 757, NTA labels 737, YTA labels 20
Test Size: 691, NTA labels 678, YTA labels 13
Training with SBERT, model name is sbert
Tokenizing the dataset
Number of training steps 730
Epoch 0 **** Loss 0.014058003202080727 **** Metrics validation: {'accuracy': 0.9379128137384413, 'f1_weighted': 0.9423881986710719, 'macro': 0.4839809134287662, 'micro': 0.9379128137384413, 'binary': 0.0, 'accuracy_majority': 0.9320695102685624, 'macro_majority': 0.48242027800490594, 'binary_majority': 0.0, 'run_time_millis': 2327.5447241030633, 'loss_mean': 0.03574090823531151}
Epoch 1 **** Loss 0.017913782969117165 **** Metrics validation: {'accuracy': 0.9247027741083224, 'f1_weighted': 0.9378507324915171, 'macro': 0.5279774211545405, 'micro': 0.9247027741083224, 'binary': 0.09523809523809525, 'accuracy_majority': 0.9225908372827805, 'macro_majority': 0.5343142406726221, 'binary_majority': 0.10909090909090909, 'run_time_millis': 2329.135589301586, 'loss_mean': 0.03491229936480522}
Epoch 2 **** Loss 0.019673118367791176 **** Metrics validation: {'accuracy': 0.38309114927344784, 'f1_weighted': 0.5257558626020695, 'macro': 0.3048258421774005, 'micro': 0.38309114927344784, 'binary': 0.07157057654075548, 'accuracy_majority': 0.3902053712480253, 'macro_majority': 0.31398104265402843, 'binary_majority': 0.08530805687203791, 'run_time_millis': 2326.1169409379363, 'loss_mean': 0.0332028865814209}
Epoch 3 **** Loss 0.007326060906052589 **** Metrics validation: {'accuracy': 0.8863936591809776, 'f1_weighted': 0.9197090643589984, 'macro': 0.5784641284641285, 'micro': 0.8863936591809775, 'binary': 0.2181818181818182, 'accuracy_majority': 0.8862559241706162, 'macro_majority': 0.5942307692307692, 'binary_majority': 0.25, 'run_time_millis': 2329.8646952025592, 'loss_mean': 0.029355647042393684}
Epoch 4 **** Loss 0.00984339788556099 **** Metrics validation: {'accuracy': 0.9458388375165125, 'f1_weighted': 0.9557872168865219, 'macro': 0.6704676965546531, 'micro': 0.9458388375165125, 'binary': 0.36923076923076925, 'accuracy_majority': 0.9478672985781991, 'macro_majority': 0.6968786731095729, 'binary_majority': 0.4210526315789474, 'run_time_millis': 2330.3837096318603, 'loss_mean': 0.028526535257697105}
Epoch 5 **** Loss 0.0012496859999373555 **** Metrics validation: {'accuracy': 0.9062087186261559, 'f1_weighted': 0.9325073173204286, 'macro': 0.6233910015205342, 'micro': 0.9062087186261559, 'binary': 0.29702970297029707, 'accuracy_majority': 0.9115323854660348, 'macro_majority': 0.6506897910918408, 'binary_majority': 0.34883720930232553, 'run_time_millis': 2326.8441380932927, 'loss_mean': 0.02690725587308407}
Epoch 6 **** Loss 0.0008301478228531778 **** Metrics validation: {'accuracy': 0.9247027741083224, 'f1_weighted': 0.9438016765830015, 'macro': 0.6524418239373657, 'micro': 0.9247027741083224, 'binary': 0.3448275862068966, 'accuracy_majority': 0.9289099526066351, 'macro_majority': 0.6811083123425692, 'binary_majority': 0.39999999999999997, 'run_time_millis': 2323.0386837385595, 'loss_mean': 0.03253714367747307}
Epoch 7 **** Loss 0.0003820644342340529 **** Metrics validation: {'accuracy': 0.9260237780713342, 'f1_weighted': 0.9446166227235572, 'macro': 0.6548107615139078, 'micro': 0.9260237780713342, 'binary': 0.34883720930232553, 'accuracy_majority': 0.9273301737756714, 'macro_majority': 0.6780406899601946, 'binary_majority': 0.3947368421052632, 'run_time_millis': 1110.3482223115861, 'loss_mean': 0.03557653725147247}
Epoch 8 **** Loss 0.0031456570141017437 **** Metrics validation: {'accuracy': 0.9431968295904888, 'f1_weighted': 0.955385484372494, 'macro': 0.6905592577452873, 'micro': 0.9431968295904888, 'binary': 0.4109589041095891, 'accuracy_majority': 0.9462875197472354, 'macro_majority': 0.7202319051580699, 'binary_majority': 0.46875, 'run_time_millis': 297.9329680092633, 'loss_mean': 0.03997461870312691}
Epoch 9 **** Loss 0.00039981940062716603 **** Metrics validation: {'accuracy': 0.9431968295904888, 'f1_weighted': 0.955385484372494, 'macro': 0.6905592577452873, 'micro': 0.9431968295904888, 'binary': 0.4109589041095891, 'accuracy_majority': 0.9462875197472354, 'macro_majority': 0.7202319051580699, 'binary_majority': 0.46875, 'run_time_millis': 297.7286269888282, 'loss_mean': 0.04095263406634331}
Evaluating
{'accuracy': 0.9458388375165125, 'f1_weighted': 0.9557872168865219, 'macro': 0.6704676965546531, 'micro': 0.9458388375165125, 'binary': 0.36923076923076925, 'accuracy_majority': 0.9478672985781991, 'macro_majority': 0.6968786731095729, 'binary_majority': 0.4210526315789474, 'run_time_millis': 297.6433960720897, 'loss_mean': 0.028526535257697105}
Device cuda
DATASET: GE'surprise, MODEL: uid, 
Split type sit
DATASET: GE'surprise, MODEL: uid, PERCENTAGE: False, NUM_COMMENTS_PER_ANNO: 267
Training Size: 2305, NTA labels 2250, YTA labels 55
Validation Size: 757, NTA labels 737, YTA labels 20
Test Size: 691, NTA labels 678, YTA labels 13
Training with SBERT, model name is sbert
Tokenizing the dataset
Number of training steps 730
Epoch 0 **** Loss 0.01584463194012642 **** Metrics validation: {'accuracy': 0.8243064729194187, 'f1_weighted': 0.8807700252216478, 'macro': 0.479934708383051, 'micro': 0.8243064729194187, 'binary': 0.056737588652482275, 'accuracy_majority': 0.8199052132701422, 'macro_majority': 0.4829617104207268, 'binary_majority': 0.06557377049180327, 'run_time_millis': 2330.070092342794, 'loss_mean': 0.03549687936902046}
Epoch 1 **** Loss 0.014051377773284912 **** Metrics validation: {'accuracy': 0.9365918097754293, 'f1_weighted': 0.9436479142858454, 'macro': 0.5220456697884879, 'micro': 0.9365918097754293, 'binary': 0.07692307692307693, 'accuracy_majority': 0.9320695102685624, 'macro_majority': 0.524915783778123, 'binary_majority': 0.0851063829787234, 'run_time_millis': 2329.9003108404577, 'loss_mean': 0.03546334430575371}
Epoch 2 **** Loss 0.01577237993478775 **** Metrics validation: {'accuracy': 0.8441215323645971, 'f1_weighted': 0.8939187791821884, 'macro': 0.5295858611391978, 'micro': 0.8441215323645971, 'binary': 0.14492753623188406, 'accuracy_majority': 0.8451816745655608, 'macro_majority': 0.5420628358825961, 'binary_majority': 0.1694915254237288, 'run_time_millis': 2329.350255895406, 'loss_mean': 0.03275737911462784}
Epoch 3 **** Loss 0.010334690101444721 **** Metrics validation: {'accuracy': 0.8652575957727873, 'f1_weighted': 0.9068247988220408, 'macro': 0.5520190299373404, 'micro': 0.8652575957727873, 'binary': 0.1774193548387097, 'accuracy_majority': 0.8657187993680885, 'macro_majority': 0.5661341956085248, 'binary_majority': 0.20560747663551404, 'run_time_millis': 2330.2514641545713, 'loss_mean': 0.028893688693642616}
Epoch 4 **** Loss 0.014169719070196152 **** Metrics validation: {'accuracy': 0.8031704095112285, 'f1_weighted': 0.869346138003053, 'macro': 0.5279936392358714, 'micro': 0.8031704095112285, 'binary': 0.16759776536312854, 'accuracy_majority': 0.8041074249605056, 'macro_majority': 0.5416472017191442, 'binary_majority': 0.19480519480519481, 'run_time_millis': 2344.5392921566963, 'loss_mean': 0.027796557173132896}
Epoch 5 **** Loss 0.0011933593777939677 **** Metrics validation: {'accuracy': 0.9233817701453104, 'f1_weighted': 0.9426386449636841, 'macro': 0.6424825744251188, 'micro': 0.9233817701453105, 'binary': 0.3255813953488372, 'accuracy_majority': 0.9289099526066351, 'macro_majority': 0.6729208051533488, 'binary_majority': 0.3835616438356165, 'run_time_millis': 2337.0382552966475, 'loss_mean': 0.03715414181351662}
Epoch 6 **** Loss 0.0005900324322283268 **** Metrics validation: {'accuracy': 0.9299867899603699, 'f1_weighted': 0.946704597973072, 'macro': 0.6543468334582547, 'micro': 0.9299867899603699, 'binary': 0.345679012345679, 'accuracy_majority': 0.9304897314375987, 'macro_majority': 0.6760189838079286, 'binary_majority': 0.3888888888888889, 'run_time_millis': 2332.3414428159595, 'loss_mean': 0.04062940180301666}
Epoch 7 **** Loss 0.006794244982302189 **** Metrics validation: {'accuracy': 0.9114927344782034, 'f1_weighted': 0.9353980016244414, 'macro': 0.623760246281666, 'micro': 0.9114927344782034, 'binary': 0.29473684210526313, 'accuracy_majority': 0.9131121642969984, 'macro_majority': 0.6454287140107344, 'binary_majority': 0.3373493975903614, 'run_time_millis': 2226.2750947847962, 'loss_mean': 0.041570886969566345}
Epoch 8 **** Loss 0.00035850267158821225 **** Metrics validation: {'accuracy': 0.9431968295904888, 'f1_weighted': 0.954987369857037, 'macro': 0.6822835836920345, 'micro': 0.9431968295904888, 'binary': 0.3943661971830986, 'accuracy_majority': 0.943127962085308, 'macro_majority': 0.7037749584026622, 'binary_majority': 0.4375, 'run_time_millis': 2326.594471000135, 'loss_mean': 0.0484367199242115}
Epoch 9 **** Loss 0.0002512392238713801 **** Metrics validation: {'accuracy': 0.9445178335535006, 'f1_weighted': 0.9558305309264958, 'macro': 0.6854570637119114, 'micro': 0.9445178335535006, 'binary': 0.4, 'accuracy_majority': 0.9447077409162717, 'macro_majority': 0.7076752563036852, 'binary_majority': 0.44444444444444453, 'run_time_millis': 1363.6228018440306, 'loss_mean': 0.04975393787026405}
Evaluating
{'accuracy': 0.9445178335535006, 'f1_weighted': 0.9558305309264958, 'macro': 0.6854570637119114, 'micro': 0.9445178335535006, 'binary': 0.4, 'accuracy_majority': 0.9447077409162717, 'macro_majority': 0.7076752563036852, 'binary_majority': 0.44444444444444453, 'run_time_millis': 2329.604058060795, 'loss_mean': 0.04975393787026405}
