Device cuda
Split type sit
Training Size: 82637, NTA labels 80744, YTA labels 1893
Validation Size: 27629, NTA labels 27030, YTA labels 599
Test Size: 27509, NTA labels 26866, YTA labels 643
Training with SBERT, model name is sbert
Tokenizing the dataset
Number of training steps 25830
Epoch 0 **** Loss 0.004145456477999687 **** Metrics validation: {'accuracy': 0.9618878714394296, 'f1_weighted': 0.9680930800565358, 'macro': 0.6987829504034422, 'micro': 0.9618878714394296, 'binary': 0.4172661870503597, 'accuracy_majority': 0.9621398453970484, 'macro_majority': 0.7211511285768739, 'binary_majority': 0.4619225967540574, 'run_time_millis': 12317.20871700054, 'loss_mean': 0.034154895693063736}
Epoch 1 **** Loss 0.010975544340908527 **** Metrics validation: {'accuracy': 0.9600781787252525, 'f1_weighted': 0.9672217344391169, 'macro': 0.7001618743639464, 'micro': 0.9600781787252525, 'binary': 0.420997375328084, 'accuracy_majority': 0.9588018271257905, 'macro_majority': 0.7188198313191579, 'binary_majority': 0.4590542099192619, 'run_time_millis': 12324.400323999726, 'loss_mean': 0.03247741237282753}
Epoch 2 **** Loss 0.0024458004627376795 **** Metrics validation: {'accuracy': 0.9577255781968221, 'f1_weighted': 0.9656161985323427, 'macro': 0.6904750559358531, 'micro': 0.9577255781968221, 'binary': 0.40286298568507156, 'accuracy_majority': 0.9553759662684469, 'macro_majority': 0.7074092782737373, 'binary_majority': 0.43805309734513276, 'run_time_millis': 12340.492830000585, 'loss_mean': 0.03471791371703148}
Epoch 3 **** Loss 0.035613421350717545 **** Metrics validation: {'accuracy': 0.9684389590647509, 'f1_weighted': 0.9720242766065965, 'macro': 0.7131075335778372, 'micro': 0.9684389590647509, 'binary': 0.4424552429667519, 'accuracy_majority': 0.966619817287421, 'macro_majority': 0.7282237617994911, 'binary_majority': 0.4736842105263158, 'run_time_millis': 12316.344781000225, 'loss_mean': 0.05537325516343117}
Epoch 4 **** Loss 0.000321839441312477 **** Metrics validation: {'accuracy': 0.9591733323681639, 'f1_weighted': 0.9663827297711385, 'macro': 0.6910191708722664, 'micro': 0.9591733323681639, 'binary': 0.4031746031746032, 'accuracy_majority': 0.9562543921293043, 'macro_majority': 0.7017637775392969, 'binary_majority': 0.4262672811059908, 'run_time_millis': 12340.783657999054, 'loss_mean': 0.0560230016708374}
Epoch 5 **** Loss 0.0003078714362345636 **** Metrics validation: {'accuracy': 0.9620326468565638, 'f1_weighted': 0.9679988737038921, 'macro': 0.6947001877390024, 'micro': 0.9620326468565638, 'binary': 0.4090140845070423, 'accuracy_majority': 0.9584504567814477, 'macro_majority': 0.7073320002124094, 'binary_majority': 0.4362336114421931, 'run_time_millis': 10285.446921001494, 'loss_mean': 0.06370461732149124}
Epoch 6 **** Loss 1.157186761702178e-05 **** Metrics validation: {'accuracy': 0.9649281551992471, 'f1_weighted': 0.9698511127254749, 'macro': 0.7037597213640779, 'micro': 0.9649281551992471, 'binary': 0.42560758743331356, 'accuracy_majority': 0.9630182712579058, 'macro_majority': 0.7215874866498724, 'binary_majority': 0.4623243933588761, 'run_time_millis': 10285.324280999703, 'loss_mean': 0.07457904517650604}
Epoch 7 **** Loss 0.00010220647527603433 **** Metrics validation: {'accuracy': 0.9659777769734699, 'f1_weighted': 0.9704512028320199, 'macro': 0.7053455551474236, 'micro': 0.9659777769734699, 'binary': 0.4282238442822384, 'accuracy_majority': 0.9638088545326774, 'macro_majority': 0.722407196969697, 'binary_majority': 0.46354166666666674, 'run_time_millis': 12309.25041699993, 'loss_mean': 0.0777093842625618}
Epoch 8 **** Loss 0.0002486669400241226 **** Metrics validation: {'accuracy': 0.9682217959390496, 'f1_weighted': 0.9719794939667641, 'macro': 0.7146745287581633, 'micro': 0.9682217959390496, 'binary': 0.4457070707070707, 'accuracy_majority': 0.9664441321152495, 'macro_majority': 0.7325224164633839, 'binary_majority': 0.4823848238482385, 'run_time_millis': 12320.420627000203, 'loss_mean': 0.08752335608005524}
Epoch 9 **** Loss 0.009873198345303535 **** Metrics validation: {'accuracy': 0.9688008976075863, 'f1_weighted': 0.9722112406883693, 'macro': 0.7131917637683187, 'micro': 0.9688008976075863, 'binary': 0.44243208279430796, 'accuracy_majority': 0.966619817287421, 'macro_majority': 0.7282237617994911, 'binary_majority': 0.4736842105263158, 'run_time_millis': 12317.627677999553, 'loss_mean': 0.08668621629476547}
Evaluating
{'accuracy': 0.9688008976075863, 'f1_weighted': 0.9722112406883693, 'macro': 0.7131917637683187, 'micro': 0.9688008976075863, 'binary': 0.44243208279430796, 'accuracy_majority': 0.966619817287421, 'macro_majority': 0.7282237617994911, 'binary_majority': 0.4736842105263158, 'run_time_millis': 11306.787411000187, 'loss_mean': 0.08668621629476547}
Device cuda
Split type sit
Training Size: 82637, NTA labels 80744, YTA labels 1893
Validation Size: 27629, NTA labels 27030, YTA labels 599
Test Size: 27509, NTA labels 26866, YTA labels 643
Training with SBERT, model name is sbert
Tokenizing the dataset
Number of training steps 25830
Epoch 0 **** Loss 0.23207932710647583 **** Metrics validation: {'accuracy': 0.9671359803105433, 'f1_weighted': 0.9711266343779237, 'macro': 0.7074341902405962, 'micro': 0.9671359803105433, 'binary': 0.43178973717146435, 'accuracy_majority': 0.9682888264230499, 'macro_majority': 0.7343310642527067, 'binary_majority': 0.485021398002853, 'run_time_millis': 12428.100110999367, 'loss_mean': 0.034261930733919144}
Epoch 1 **** Loss 0.007731923833489418 **** Metrics validation: {'accuracy': 0.9584856491367766, 'f1_weighted': 0.9661915041406246, 'macro': 0.6949885033327626, 'micro': 0.9584856491367766, 'binary': 0.41149307337095953, 'accuracy_majority': 0.9570449754040758, 'macro_majority': 0.7131776694961736, 'binary_majority': 0.4487034949267193, 'run_time_millis': 12487.422914004128, 'loss_mean': 0.03235948085784912}
Epoch 2 **** Loss 0.001466264366172254 **** Metrics validation: {'accuracy': 0.966050164682037, 'f1_weighted': 0.9707122787790375, 'macro': 0.71074532161064, 'micro': 0.966050164682037, 'binary': 0.43899521531100477, 'accuracy_majority': 0.9647751229796205, 'macro_majority': 0.7281099285489447, 'binary_majority': 0.4744429882044561, 'run_time_millis': 10302.372767000634, 'loss_mean': 0.041402120143175125}
Epoch 3 **** Loss 0.004008167888969183 **** Metrics validation: {'accuracy': 0.9572912519454196, 'f1_weighted': 0.9654117174858251, 'macro': 0.6909462127563407, 'micro': 0.9572912519454196, 'binary': 0.40404040404040403, 'accuracy_majority': 0.9538826423049894, 'macro_majority': 0.7011026733771782, 'binary_majority': 0.4262295081967213, 'run_time_millis': 12339.310370000021, 'loss_mean': 0.04884631559252739}
Epoch 4 **** Loss 0.003880246076732874 **** Metrics validation: {'accuracy': 0.9484599515002352, 'f1_weighted': 0.9600420823282912, 'macro': 0.6712427427845647, 'micro': 0.9484599515002352, 'binary': 0.36935341009743133, 'accuracy_majority': 0.9430780042164442, 'macro_majority': 0.6788378165872704, 'binary_majority': 0.387523629489603, 'run_time_millis': 12333.775723003782, 'loss_mean': 0.05127444863319397}
Epoch 5 **** Loss 0.0013911438873037696 **** Metrics validation: {'accuracy': 0.9678960512504977, 'f1_weighted': 0.9717871764689525, 'macro': 0.714026949278523, 'micro': 0.9678960512504977, 'binary': 0.4445835942391986, 'accuracy_majority': 0.9655657062543921, 'macro_majority': 0.7255203854807499, 'binary_majority': 0.4688346883468834, 'run_time_millis': 12334.123590000672, 'loss_mean': 0.07170988619327545}
Epoch 6 **** Loss 0.003303613979369402 **** Metrics validation: {'accuracy': 0.9687285098990192, 'f1_weighted': 0.9723395391172629, 'macro': 0.7171440490974804, 'micro': 0.9687285098990192, 'binary': 0.450381679389313, 'accuracy_majority': 0.9661806043569923, 'macro_majority': 0.7314766498997335, 'binary_majority': 0.4804318488529014, 'run_time_millis': 12352.811124001164, 'loss_mean': 0.07641223818063736}
Epoch 7 **** Loss 0.001033914741128683 **** Metrics validation: {'accuracy': 0.9682941836476167, 'f1_weighted': 0.9720287592078719, 'macro': 0.714975200267485, 'micro': 0.9682941836476167, 'binary': 0.44627054361567636, 'accuracy_majority': 0.965917076598735, 'macro_majority': 0.7297367017611873, 'binary_majority': 0.477088948787062, 'run_time_millis': 12344.644849996257, 'loss_mean': 0.08035734295845032}
Epoch 8 **** Loss 2.2044076104066335e-05 **** Metrics validation: {'accuracy': 0.9672807557276775, 'f1_weighted': 0.971527024439894, 'macro': 0.7152870054157059, 'micro': 0.9672807557276775, 'binary': 0.4474327628361858, 'accuracy_majority': 0.9645115952213633, 'macro_majority': 0.7284796846938859, 'binary_majority': 0.4753246753246753, 'run_time_millis': 12346.299944001657, 'loss_mean': 0.08177408576011658}
Epoch 9 **** Loss 3.443484729359625e-06 **** Metrics validation: {'accuracy': 0.9705743964674798, 'f1_weighted': 0.9734915831496892, 'macro': 0.7223379636139291, 'micro': 0.9705743964674798, 'binary': 0.4598006644518272, 'accuracy_majority': 0.969255094869993, 'macro_majority': 0.7427814975172902, 'binary_majority': 0.5014245014245015, 'run_time_millis': 12338.31140899565, 'loss_mean': 0.09014763683080673}
Evaluating
{'accuracy': 0.9705743964674798, 'f1_weighted': 0.9734915831496892, 'macro': 0.7223379636139291, 'micro': 0.9705743964674798, 'binary': 0.4598006644518272, 'accuracy_majority': 0.969255094869993, 'macro_majority': 0.7427814975172902, 'binary_majority': 0.5014245014245015, 'run_time_millis': 12341.341289000411, 'loss_mean': 0.09014763683080673}
Device cuda
Split type sit
Training Size: 82637, NTA labels 80744, YTA labels 1893
Validation Size: 27629, NTA labels 27030, YTA labels 599
Test Size: 27509, NTA labels 26866, YTA labels 643
Training with SBERT, model name is sbert
Tokenizing the dataset
Number of training steps 25830
Epoch 0 **** Loss 0.004316456615924835 **** Metrics validation: {'accuracy': 0.9652538998877991, 'f1_weighted': 0.9698811978844529, 'macro': 0.7004888777312431, 'micro': 0.9652538998877991, 'binary': 0.4188861985472155, 'accuracy_majority': 0.9667076598735067, 'macro_majority': 0.7278450052232255, 'binary_majority': 0.47287899860917937, 'run_time_millis': 12322.536685998784, 'loss_mean': 0.03815121948719025}
Epoch 1 **** Loss 0.010379484854638577 **** Metrics validation: {'accuracy': 0.9720221506388216, 'f1_weighted': 0.9740785381802427, 'macro': 0.7189030494135568, 'micro': 0.9720221506388216, 'binary': 0.4521615875265768, 'accuracy_majority': 0.9729444834855938, 'macro_majority': 0.74703850228398, 'binary_majority': 0.5079872204472844, 'run_time_millis': 10276.74793600454, 'loss_mean': 0.04016389325261116}
Epoch 2 **** Loss 0.002323481719940901 **** Metrics validation: {'accuracy': 0.9563864055883311, 'f1_weighted': 0.9648814997597756, 'macro': 0.6893798628941927, 'micro': 0.9563864055883311, 'binary': 0.4013909587680079, 'accuracy_majority': 0.9538826423049894, 'macro_majority': 0.7029683336690508, 'binary_majority': 0.42996742671009763, 'run_time_millis': 10277.098828999442, 'loss_mean': 0.03853701800107956}
Epoch 3 **** Loss 0.07498054951429367 **** Metrics validation: {'accuracy': 0.9632632379022043, 'f1_weighted': 0.9689961224141942, 'macro': 0.7036268220001722, 'micro': 0.9632632379022043, 'binary': 0.4262295081967213, 'accuracy_majority': 0.9614371047083626, 'macro_majority': 0.7226417512191784, 'binary_majority': 0.4652862362971985, 'run_time_millis': 12314.901045989245, 'loss_mean': 0.044678352773189545}
Epoch 4 **** Loss 0.010178333148360252 **** Metrics validation: {'accuracy': 0.9606210865395056, 'f1_weighted': 0.9672937872571311, 'macro': 0.69512379857262, 'micro': 0.9606210865395056, 'binary': 0.4106175514626219, 'accuracy_majority': 0.957659873506676, 'macro_majority': 0.7094160813244863, 'binary_majority': 0.44083526682134566, 'run_time_millis': 12315.785450991825, 'loss_mean': 0.05079064145684242}
Epoch 5 **** Loss 3.9649836253374815e-05 **** Metrics validation: {'accuracy': 0.9655796445763509, 'f1_weighted': 0.9703694763998829, 'macro': 0.7082575821394765, 'micro': 0.9655796445763509, 'binary': 0.43426531826293874, 'accuracy_majority': 0.9637210119465917, 'macro_majority': 0.7268779857159081, 'binary_majority': 0.4725415070242656, 'run_time_millis': 12316.902859005495, 'loss_mean': 0.07132149487733841}
Epoch 6 **** Loss 0.04499374330043793 **** Metrics validation: {'accuracy': 0.9674979188533787, 'f1_weighted': 0.9715173374632842, 'macro': 0.7124020855647206, 'micro': 0.9674979188533787, 'binary': 0.4415422885572139, 'accuracy_majority': 0.9655657062543921, 'macro_majority': 0.7311496253047555, 'binary_majority': 0.48010610079575594, 'run_time_millis': 12315.904249990126, 'loss_mean': 0.07910461723804474}
Epoch 7 **** Loss 0.003698568558320403 **** Metrics validation: {'accuracy': 0.9669550110391255, 'f1_weighted': 0.9710781750904421, 'macro': 0.7084773340293589, 'micro': 0.9669550110391255, 'binary': 0.4339739615623063, 'accuracy_majority': 0.9648629655657063, 'macro_majority': 0.727754500755706, 'binary_majority': 0.47368421052631576, 'run_time_millis': 10271.359841994126, 'loss_mean': 0.08275383710861206}
Epoch 8 **** Loss 0.0010506075341254473 **** Metrics validation: {'accuracy': 0.9683303775019002, 'f1_weighted': 0.9719354832295356, 'macro': 0.7122991086051935, 'micro': 0.9683303775019002, 'binary': 0.44089456869009586, 'accuracy_majority': 0.9660927617709065, 'macro_majority': 0.7297216040703303, 'binary_majority': 0.47696476964769646, 'run_time_millis': 10277.732301998185, 'loss_mean': 0.09175053238868713}
Epoch 9 **** Loss 0.00827545765787363 **** Metrics validation: {'accuracy': 0.9702848456332115, 'f1_weighted': 0.9730770114258603, 'macro': 0.7159350808840329, 'micro': 0.9702848456332115, 'binary': 0.4471380471380471, 'accuracy_majority': 0.9683766690091357, 'macro_majority': 0.734700536005593, 'binary_majority': 0.4857142857142857, 'run_time_millis': 10268.844184000045, 'loss_mean': 0.09582170844078064}
Evaluating
{'accuracy': 0.9720221506388216, 'f1_weighted': 0.9740785381802427, 'macro': 0.7189030494135568, 'micro': 0.9720221506388216, 'binary': 0.4521615875265768, 'accuracy_majority': 0.9729444834855938, 'macro_majority': 0.74703850228398, 'binary_majority': 0.5079872204472844, 'run_time_millis': 10270.534215000225, 'loss_mean': 0.04016389325261116}
