Device cuda
Split type sit
Training Size: 3353, NTA labels 3294, YTA labels 59
Validation Size: 1159, NTA labels 1132, YTA labels 27
Test Size: 1087, NTA labels 1065, YTA labels 22
Training with SBERT, model name is sbert
Tokenizing the dataset
Number of training steps 1050
Epoch 0 **** Loss 0.01228248979896307 **** Metrics validation: {'accuracy': 0.9663503019844694, 'f1_weighted': 0.9621276217612273, 'macro': 0.5379401993355482, 'micro': 0.9663503019844694, 'binary': 0.09302325581395349, 'accuracy_majority': 0.9654747225647349, 'macro_majority': 0.5536949685534591, 'binary_majority': 0.125, 'run_time_millis': 476.5849720006372, 'loss_mean': 0.029648374766111374}
Epoch 1 **** Loss 0.04506232589483261 **** Metrics validation: {'accuracy': 0.9473684210526315, 'f1_weighted': 0.952913728247388, 'macro': 0.5444094315670088, 'micro': 0.9473684210526315, 'binary': 0.11594202898550725, 'accuracy_majority': 0.9457459926017263, 'macro_majority': 0.5629103380695737, 'binary_majority': 0.15384615384615383, 'run_time_millis': 466.5551240013883, 'loss_mean': 0.029280733317136765}
Epoch 2 **** Loss 0.009882387705147266 **** Metrics validation: {'accuracy': 0.9404659188955996, 'f1_weighted': 0.9490518652342826, 'macro': 0.5365531389627776, 'micro': 0.9404659188955996, 'binary': 0.10389610389610389, 'accuracy_majority': 0.9432799013563502, 'macro_majority': 0.5745986133917168, 'binary_majority': 0.17857142857142855, 'run_time_millis': 465.32540999942285, 'loss_mean': 0.029018837958574295}
Epoch 3 **** Loss 0.029054922983050346 **** Metrics validation: {'accuracy': 0.8912855910267472, 'f1_weighted': 0.9242623466554907, 'macro': 0.5670141606774354, 'micro': 0.8912855910267472, 'binary': 0.19230769230769232, 'accuracy_majority': 0.8939580764488286, 'macro_majority': 0.5875946073793756, 'binary_majority': 0.23214285714285715, 'run_time_millis': 464.81460299946775, 'loss_mean': 0.02619979903101921}
Epoch 4 **** Loss 0.006932815536856651 **** Metrics validation: {'accuracy': 0.8852459016393442, 'f1_weighted': 0.9208868781162113, 'macro': 0.5660825627383919, 'micro': 0.8852459016393442, 'binary': 0.19393939393939397, 'accuracy_majority': 0.8914919852034525, 'macro_majority': 0.5914731877089343, 'binary_majority': 0.24137931034482757, 'run_time_millis': 464.7735629987437, 'loss_mean': 0.025327187031507492}
Epoch 5 **** Loss 0.006980289239436388 **** Metrics validation: {'accuracy': 0.8981880931837791, 'f1_weighted': 0.9285137652066769, 'macro': 0.5794526445264452, 'micro': 0.8981880931837791, 'binary': 0.21333333333333335, 'accuracy_majority': 0.903822441430333, 'macro_majority': 0.6063498780305671, 'binary_majority': 0.2641509433962264, 'run_time_millis': 1686.7224990000977, 'loss_mean': 0.026587119325995445}
Epoch 6 **** Loss 0.0040560816414654255 **** Metrics validation: {'accuracy': 0.9275237273511648, 'f1_weighted': 0.9458720574237852, 'macro': 0.6188574650004697, 'micro': 0.9275237273511647, 'binary': 0.27586206896551724, 'accuracy_majority': 0.9297163995067818, 'macro_majority': 0.6461632668682307, 'binary_majority': 0.32941176470588235, 'run_time_millis': 464.7354520002409, 'loss_mean': 0.032575082033872604}
Epoch 7 **** Loss 0.016027819365262985 **** Metrics validation: {'accuracy': 0.9128559102674719, 'f1_weighted': 0.9371616759947662, 'macro': 0.5971886237332462, 'micro': 0.9128559102674719, 'binary': 0.2406015037593985, 'accuracy_majority': 0.9161528976572133, 'macro_majority': 0.6235528615115771, 'binary_majority': 0.2916666666666667, 'run_time_millis': 464.9144350005372, 'loss_mean': 0.03416362404823303}
Epoch 8 **** Loss 0.003065104130655527 **** Metrics validation: {'accuracy': 0.9240724762726489, 'f1_weighted': 0.9438125961243299, 'macro': 0.613315134971186, 'micro': 0.9240724762726489, 'binary': 0.26666666666666666, 'accuracy_majority': 0.9284833538840938, 'macro_majority': 0.6439104893410852, 'binary_majority': 0.3255813953488372, 'run_time_millis': 464.2148870007077, 'loss_mean': 0.03713550418615341}
Epoch 9 **** Loss 0.002367730252444744 **** Metrics validation: {'accuracy': 0.9292493528904228, 'f1_weighted': 0.9469049136482574, 'macro': 0.6217483363581366, 'micro': 0.9292493528904228, 'binary': 0.2807017543859649, 'accuracy_majority': 0.9334155363748459, 'macro_majority': 0.6531992397846057, 'binary_majority': 0.34146341463414637, 'run_time_millis': 465.9118870004022, 'loss_mean': 0.03845122829079628}
Evaluating
{'accuracy': 0.9663503019844694, 'f1_weighted': 0.9621276217612273, 'macro': 0.5379401993355482, 'micro': 0.9663503019844694, 'binary': 0.09302325581395349, 'accuracy_majority': 0.9654747225647349, 'macro_majority': 0.5536949685534591, 'binary_majority': 0.125, 'run_time_millis': 466.0156179998012, 'loss_mean': 0.029648374766111374}
