Device cuda
Split type sit
Training Size: 1146, NTA labels 678, YTA labels 468
Validation Size: 480, NTA labels 278, YTA labels 202
Test Size: 480, NTA labels 285, YTA labels 195
Training with SBERT, model name is sbert
Tokenizing the dataset
Number of training steps 360
Epoch 0 **** Loss 0.3139354884624481 **** Metrics validation: {'accuracy': 0.54375, 'f1_weighted': 0.5463781888005016, 'macro': 0.5423018143344175, 'micro': 0.54375, 'binary': 0.5165562913907285, 'accuracy_majority': 0.54375, 'macro_majority': 0.541583264649319, 'binary_majority': 0.5100671140939598, 'run_time_millis': 2788.151212997036, 'loss_mean': 0.33263829350471497}
Epoch 1 **** Loss 0.32939642667770386 **** Metrics validation: {'accuracy': 0.55, 'f1_weighted': 0.5516967559208353, 'macro': 0.5496168615662629, 'micro': 0.55, 'binary': 0.5364806866952789, 'accuracy_majority': 0.5625, 'macro_majority': 0.5618838992332968, 'binary_majority': 0.5454545454545454, 'run_time_millis': 1890.1659110051696, 'loss_mean': 0.33256280422210693}
Epoch 2 **** Loss 0.3155576288700104 **** Metrics validation: {'accuracy': 0.5541666666666667, 'f1_weighted': 0.5541666666666667, 'macro': 0.5541666666666667, 'micro': 0.5541666666666667, 'binary': 0.5541666666666667, 'accuracy_majority': 0.55625, 'macro_majority': 0.5562326653384898, 'binary_majority': 0.5534591194968553, 'run_time_millis': 2556.090074001986, 'loss_mean': 0.33229389786720276}
Epoch 3 **** Loss 0.3234277069568634 **** Metrics validation: {'accuracy': 0.5541666666666667, 'f1_weighted': 0.5554443479519466, 'macro': 0.5539730785931394, 'micro': 0.5541666666666667, 'binary': 0.5446808510638298, 'accuracy_majority': 0.56875, 'macro_majority': 0.5683284457478006, 'binary_majority': 0.5548387096774193, 'run_time_millis': 2788.523928000359, 'loss_mean': 0.33300840854644775}
Epoch 4 **** Loss 0.352694034576416 **** Metrics validation: {'accuracy': 0.5208333333333334, 'f1_weighted': 0.5147565210322161, 'macro': 0.5191972684830326, 'micro': 0.5208333333333334, 'binary': 0.547244094488189, 'accuracy_majority': 0.5125, 'macro_majority': 0.5112781954887218, 'binary_majority': 0.5357142857142857, 'run_time_millis': 2786.3887270068517, 'loss_mean': 0.3314349353313446}
Epoch 5 **** Loss 0.30815839767456055 **** Metrics validation: {'accuracy': 0.525, 'f1_weighted': 0.5205457645400929, 'macro': 0.524000069590633, 'micro': 0.525, 'binary': 0.545816733067729, 'accuracy_majority': 0.5, 'macro_majority': 0.4987468671679197, 'binary_majority': 0.5238095238095237, 'run_time_millis': 2429.7709919992485, 'loss_mean': 0.3312544524669647}
Epoch 6 **** Loss 0.2925012707710266 **** Metrics validation: {'accuracy': 0.5958333333333333, 'f1_weighted': 0.5935425101214574, 'macro': 0.5811066126855601, 'micro': 0.5958333333333333, 'binary': 0.5025641025641026, 'accuracy_majority': 0.61875, 'macro_majority': 0.6057999111434227, 'binary_majority': 0.534351145038168, 'run_time_millis': 2792.1981619947474, 'loss_mean': 0.3431048095226288}
Epoch 7 **** Loss 0.3003294765949249 **** Metrics validation: {'accuracy': 0.5833333333333334, 'f1_weighted': 0.5813571907636295, 'macro': 0.5688416211555045, 'micro': 0.5833333333333334, 'binary': 0.4897959183673469, 'accuracy_majority': 0.6, 'macro_majority': 0.5854251012145749, 'binary_majority': 0.5076923076923077, 'run_time_millis': 2787.5469440041343, 'loss_mean': 0.3388034701347351}
Epoch 8 **** Loss 0.2991850972175598 **** Metrics validation: {'accuracy': 0.5791666666666667, 'f1_weighted': 0.5801806510287483, 'macro': 0.5705477995889732, 'micro': 0.5791666666666667, 'binary': 0.5097087378640777, 'accuracy_majority': 0.5875, 'macro_majority': 0.5809523809523809, 'binary_majority': 0.5285714285714286, 'run_time_millis': 2809.3846350020613, 'loss_mean': 0.34264570474624634}
Epoch 9 **** Loss 0.30068546533584595 **** Metrics validation: {'accuracy': 0.5708333333333333, 'f1_weighted': 0.5728068089054894, 'macro': 0.5644743564897197, 'micro': 0.5708333333333333, 'binary': 0.5118483412322276, 'accuracy_majority': 0.5625, 'macro_majority': 0.558080808080808, 'binary_majority': 0.5138888888888888, 'run_time_millis': 2783.3072720022756, 'loss_mean': 0.3428041338920593}
Evaluating
{'accuracy': 0.5958333333333333, 'f1_weighted': 0.5935425101214574, 'macro': 0.5811066126855601, 'micro': 0.5958333333333333, 'binary': 0.5025641025641026, 'accuracy_majority': 0.61875, 'macro_majority': 0.6057999111434227, 'binary_majority': 0.534351145038168, 'run_time_millis': 2787.0332859965856, 'loss_mean': 0.3431048095226288}
Device cuda
Split type sit
Training Size: 1290, NTA labels 775, YTA labels 515
Validation Size: 480, NTA labels 278, YTA labels 202
Test Size: 480, NTA labels 285, YTA labels 195
Training with SBERT, model name is sbert
Tokenizing the dataset
Number of training steps 410
Epoch 0 **** Loss 0.39523082971572876 **** Metrics validation: {'accuracy': 0.55, 'f1_weighted': 0.5528284098051538, 'macro': 0.5474544311753613, 'micro': 0.55, 'binary': 0.5135135135135134, 'accuracy_majority': 0.5625, 'macro_majority': 0.5591245473153834, 'binary_majority': 0.5205479452054794, 'run_time_millis': 2788.4633770008804, 'loss_mean': 0.3320809304714203}
Epoch 1 **** Loss 0.33334118127822876 **** Metrics validation: {'accuracy': 0.55, 'f1_weighted': 0.5512896222318715, 'macro': 0.5498046026921406, 'micro': 0.55, 'binary': 0.5404255319148935, 'accuracy_majority': 0.56875, 'macro_majority': 0.5683284457478006, 'binary_majority': 0.5548387096774193, 'run_time_millis': 2781.5645759983454, 'loss_mean': 0.3321223855018616}
Epoch 2 **** Loss 0.312065988779068 **** Metrics validation: {'accuracy': 0.5645833333333333, 'f1_weighted': 0.5647286175063952, 'macro': 0.553687020353687, 'micro': 0.5645833333333333, 'binary': 0.4839506172839506, 'accuracy_majority': 0.5875, 'macro_majority': 0.5763119884448724, 'binary_majority': 0.5074626865671642, 'run_time_millis': 2793.929887993727, 'loss_mean': 0.33221641182899475}
Epoch 3 **** Loss 0.28239309787750244 **** Metrics validation: {'accuracy': 0.5979166666666667, 'f1_weighted': 0.5812355010841123, 'macro': 0.561112190222618, 'micro': 0.5979166666666667, 'binary': 0.4340175953079179, 'accuracy_majority': 0.63125, 'macro_majority': 0.5930859088753825, 'binary_majority': 0.4684684684684684, 'run_time_millis': 2818.2927970046876, 'loss_mean': 0.3385324776172638}
Epoch 4 **** Loss 0.3980730175971985 **** Metrics validation: {'accuracy': 0.5708333333333333, 'f1_weighted': 0.5729483478832254, 'macro': 0.5649112925936355, 'micro': 0.5708333333333333, 'binary': 0.5141509433962264, 'accuracy_majority': 0.5875, 'macro_majority': 0.5809523809523809, 'binary_majority': 0.5285714285714286, 'run_time_millis': 2801.7862630003947, 'loss_mean': 0.33069732785224915}
Epoch 5 **** Loss 0.3454521596431732 **** Metrics validation: {'accuracy': 0.5729166666666666, 'f1_weighted': 0.5694344061735367, 'macro': 0.5555053642010164, 'micro': 0.5729166666666666, 'binary': 0.4675324675324675, 'accuracy_majority': 0.59375, 'macro_majority': 0.5757007058055568, 'binary_majority': 0.4881889763779528, 'run_time_millis': 2794.868288001453, 'loss_mean': 0.337551474571228}
Epoch 6 **** Loss 0.3193272352218628 **** Metrics validation: {'accuracy': 0.5833333333333334, 'f1_weighted': 0.5813571907636295, 'macro': 0.5688416211555045, 'micro': 0.5833333333333334, 'binary': 0.4897959183673469, 'accuracy_majority': 0.6125, 'macro_majority': 0.5983805668016194, 'binary_majority': 0.5230769230769231, 'run_time_millis': 2784.0481819948764, 'loss_mean': 0.3332762122154236}
Epoch 7 **** Loss 0.27110689878463745 **** Metrics validation: {'accuracy': 0.56875, 'f1_weighted': 0.5699010893670516, 'macro': 0.5601807791563934, 'micro': 0.56875, 'binary': 0.4987893462469733, 'accuracy_majority': 0.575, 'macro_majority': 0.5668100015926103, 'binary_majority': 0.5072463768115942, 'run_time_millis': 2788.276983999822, 'loss_mean': 0.33542221784591675}
Epoch 8 **** Loss 0.32049283385276794 **** Metrics validation: {'accuracy': 0.5854166666666667, 'f1_weighted': 0.5762396694214876, 'macro': 0.559228650137741, 'micro': 0.5854166666666667, 'binary': 0.45179063360881544, 'accuracy_majority': 0.60625, 'macro_majority': 0.5813779642011712, 'binary_majority': 0.4793388429752066, 'run_time_millis': 2789.6793850013637, 'loss_mean': 0.34391680359840393}
Epoch 9 **** Loss 0.29591941833496094 **** Metrics validation: {'accuracy': 0.5791666666666667, 'f1_weighted': 0.5767813765182185, 'macro': 0.5638326585695006, 'micro': 0.5791666666666667, 'binary': 0.4820512820512821, 'accuracy_majority': 0.5875, 'macro_majority': 0.5724696356275303, 'binary_majority': 0.49230769230769234, 'run_time_millis': 2382.866965002904, 'loss_mean': 0.33796045184135437}
Evaluating
{'accuracy': 0.5833333333333334, 'f1_weighted': 0.5813571907636295, 'macro': 0.5688416211555045, 'micro': 0.5833333333333334, 'binary': 0.4897959183673469, 'accuracy_majority': 0.6125, 'macro_majority': 0.5983805668016194, 'binary_majority': 0.5230769230769231, 'run_time_millis': 2788.9246640042984, 'loss_mean': 0.3332762122154236}
Device cuda
Split type sit
Training Size: 1434, NTA labels 855, YTA labels 579
Validation Size: 480, NTA labels 278, YTA labels 202
Test Size: 480, NTA labels 285, YTA labels 195
Training with SBERT, model name is sbert
Tokenizing the dataset
Number of training steps 450
Epoch 0 **** Loss 0.3196868598461151 **** Metrics validation: {'accuracy': 0.5333333333333333, 'f1_weighted': 0.528957242355179, 'macro': 0.5323509455627273, 'micro': 0.5333333333333333, 'binary': 0.5537848605577689, 'accuracy_majority': 0.54375, 'macro_majority': 0.5433040078201368, 'binary_majority': 0.5575757575757576, 'run_time_millis': 2736.8096630016225, 'loss_mean': 0.333353728055954}
Epoch 1 **** Loss 0.324310302734375 **** Metrics validation: {'accuracy': 0.5729166666666666, 'f1_weighted': 0.573589435818701, 'macro': 0.5633633447077774, 'micro': 0.5729166666666666, 'binary': 0.49877750611246946, 'accuracy_majority': 0.59375, 'macro_majority': 0.5835835835835835, 'binary_majority': 0.5185185185185185, 'run_time_millis': 2790.2313729937305, 'loss_mean': 0.33280429244041443}
Epoch 2 **** Loss 0.3069954514503479 **** Metrics validation: {'accuracy': 0.58125, 'f1_weighted': 0.5778356860530774, 'macro': 0.5641784302653868, 'micro': 0.58125, 'binary': 0.4779220779220779, 'accuracy_majority': 0.6, 'macro_majority': 0.5833333333333333, 'binary_majority': 0.5, 'run_time_millis': 2787.614514993038, 'loss_mean': 0.33190053701400757}
Epoch 3 **** Loss 0.32161855697631836 **** Metrics validation: {'accuracy': 0.54375, 'f1_weighted': 0.5392305902005906, 'macro': 0.5427000361072079, 'micro': 0.54375, 'binary': 0.5646123260437376, 'accuracy_majority': 0.5375, 'macro_majority': 0.5368486934751995, 'binary_majority': 0.5542168674698795, 'run_time_millis': 2124.5345209972584, 'loss_mean': 0.3297008275985718}
Epoch 4 **** Loss 0.3286570906639099 **** Metrics validation: {'accuracy': 0.5770833333333333, 'f1_weighted': 0.577221002116618, 'macro': 0.5770814977495562, 'micro': 0.5770833333333333, 'binary': 0.5762004175365344, 'accuracy_majority': 0.5875, 'macro_majority': 0.5874355368026254, 'binary_majority': 0.5822784810126582, 'run_time_millis': 2788.369605994376, 'loss_mean': 0.33156102895736694}
Epoch 5 **** Loss 0.3356051743030548 **** Metrics validation: {'accuracy': 0.5958333333333333, 'f1_weighted': 0.5576212121212121, 'macro': 0.5296969696969697, 'micro': 0.5958333333333333, 'binary': 0.3533333333333334, 'accuracy_majority': 0.625, 'macro_majority': 0.5682676740420939, 'binary_majority': 0.4117647058823529, 'run_time_millis': 2805.6688719952945, 'loss_mean': 0.3556295931339264}
Epoch 6 **** Loss 0.23989464342594147 **** Metrics validation: {'accuracy': 0.5875, 'f1_weighted': 0.5898530057042563, 'macro': 0.5829749890302764, 'micro': 0.5875, 'binary': 0.5395348837209303, 'accuracy_majority': 0.6125, 'macro_majority': 0.6085858585858586, 'binary_majority': 0.5694444444444445, 'run_time_millis': 1720.1580469991313, 'loss_mean': 0.3428654968738556}
Epoch 7 **** Loss 0.2175707072019577 **** Metrics validation: {'accuracy': 0.6083333333333333, 'f1_weighted': 0.6026503744532252, 'macro': 0.5882535452902848, 'micro': 0.6083333333333333, 'binary': 0.49732620320855614, 'accuracy_majority': 0.6125, 'macro_majority': 0.5963541666666666, 'binary_majority': 0.515625, 'run_time_millis': 2793.2366780005395, 'loss_mean': 0.3632616400718689}
Epoch 8 **** Loss 0.21228215098381042 **** Metrics validation: {'accuracy': 0.6125, 'f1_weighted': 0.6024095658790996, 'macro': 0.5857384138532638, 'micro': 0.6125, 'binary': 0.4804469273743017, 'accuracy_majority': 0.63125, 'macro_majority': 0.6053346711819056, 'binary_majority': 0.5042016806722689, 'run_time_millis': 2796.987032998004, 'loss_mean': 0.36940521001815796}
Epoch 9 **** Loss 0.32330700755119324 **** Metrics validation: {'accuracy': 0.6041666666666666, 'f1_weighted': 0.6003014849302826, 'macro': 0.5869490389318648, 'micro': 0.6041666666666666, 'binary': 0.5026178010471205, 'accuracy_majority': 0.60625, 'macro_majority': 0.5928753180661578, 'binary_majority': 0.5190839694656489, 'run_time_millis': 2689.390220999485, 'loss_mean': 0.36555492877960205}
Evaluating
{'accuracy': 0.6083333333333333, 'f1_weighted': 0.6026503744532252, 'macro': 0.5882535452902848, 'micro': 0.6083333333333333, 'binary': 0.49732620320855614, 'accuracy_majority': 0.6125, 'macro_majority': 0.5963541666666666, 'binary_majority': 0.515625, 'run_time_millis': 1927.852241002256, 'loss_mean': 0.3632616400718689}
