______________________________	 Running Epoch 1 of 10 	______________________________
[Training] Itteration/Batch:   0/302: Loss: 1.13 | Accuracy: 0.46
[Training] Itteration/Batch:  25/302: Loss: 0.63 | Accuracy: 1.00
[Training] Itteration/Batch:  50/302: Loss: 0.28 | Accuracy: 1.00
[Training] Itteration/Batch:  75/302: Loss: 0.21 | Accuracy: 1.00
[Training] Itteration/Batch: 100/302: Loss: 0.13 | Accuracy: 1.00
[Training] Itteration/Batch: 125/302: Loss: 0.12 | Accuracy: 1.00
[Training] Itteration/Batch: 150/302: Loss: 0.10 | Accuracy: 1.00
[Training] Itteration/Batch: 175/302: Loss: 0.07 | Accuracy: 1.00
[Training] Itteration/Batch: 200/302: Loss: 0.06 | Accuracy: 1.00
[Training] Itteration/Batch: 225/302: Loss: 0.05 | Accuracy: 1.00
[Training] Itteration/Batch: 250/302: Loss: 0.06 | Accuracy: 1.00
[Training] Itteration/Batch: 275/302: Loss: 0.05 | Accuracy: 1.00
[Training] Itteration/Batch: 300/302: Loss: 0.04 | Accuracy: 1.00

Epoch 1: Val Bin. F1 Majority 0.0 | Val Macro F1 Majority 1.0 |             Val Bin F1 Individual 0.0 | Val Macro F1 Individual 1.0 |             Val Accuracy Majority 1.0 | Val Accuracy Individual 1.0 | Training Loss:0.19083845615386963 |             Val Loss 0.035214778035879135 | Train Runtime Millis 23829.411487999947 | Val Runtime Millis 3751.441760999967

______________________________	 Running Epoch 2 of 10 	______________________________
[Training] Itteration/Batch:   0/302: Loss: 0.04 | Accuracy: 1.00
[Training] Itteration/Batch:  25/302: Loss: 0.03 | Accuracy: 1.00
[Training] Itteration/Batch:  50/302: Loss: 0.03 | Accuracy: 1.00
[Training] Itteration/Batch:  75/302: Loss: 0.03 | Accuracy: 1.00
[Training] Itteration/Batch: 100/302: Loss: 0.02 | Accuracy: 1.00
[Training] Itteration/Batch: 125/302: Loss: 0.02 | Accuracy: 1.00
[Training] Itteration/Batch: 150/302: Loss: 0.02 | Accuracy: 1.00
[Training] Itteration/Batch: 175/302: Loss: 0.02 | Accuracy: 1.00
[Training] Itteration/Batch: 200/302: Loss: 0.02 | Accuracy: 1.00
[Training] Itteration/Batch: 225/302: Loss: 0.02 | Accuracy: 1.00
[Training] Itteration/Batch: 250/302: Loss: 0.01 | Accuracy: 1.00
[Training] Itteration/Batch: 275/302: Loss: 0.01 | Accuracy: 1.00
[Training] Itteration/Batch: 300/302: Loss: 0.01 | Accuracy: 1.00

Epoch 2: Val Bin. F1 Majority 0.0 | Val Macro F1 Majority 1.0 |             Val Bin F1 Individual 0.0 | Val Macro F1 Individual 1.0 |             Val Accuracy Majority 1.0 | Val Accuracy Individual 1.0 | Training Loss:0.023553263396024704 |             Val Loss 0.013587044551968575 | Train Runtime Millis 23306.394055999986 | Val Runtime Millis 3753.6839219999933

______________________________	 Running Epoch 3 of 10 	______________________________
[Training] Itteration/Batch:   0/302: Loss: 0.01 | Accuracy: 1.00
[Training] Itteration/Batch:  25/302: Loss: 0.01 | Accuracy: 1.00
[Training] Itteration/Batch:  50/302: Loss: 0.01 | Accuracy: 1.00
[Training] Itteration/Batch:  75/302: Loss: 0.02 | Accuracy: 1.00
[Training] Itteration/Batch: 100/302: Loss: 0.01 | Accuracy: 1.00
[Training] Itteration/Batch: 125/302: Loss: 0.01 | Accuracy: 1.00
[Training] Itteration/Batch: 150/302: Loss: 0.01 | Accuracy: 1.00
[Training] Itteration/Batch: 175/302: Loss: 0.01 | Accuracy: 1.00
[Training] Itteration/Batch: 200/302: Loss: 0.01 | Accuracy: 1.00
[Training] Itteration/Batch: 225/302: Loss: 0.01 | Accuracy: 1.00
[Training] Itteration/Batch: 250/302: Loss: 0.01 | Accuracy: 1.00
[Training] Itteration/Batch: 275/302: Loss: 0.01 | Accuracy: 1.00
[Training] Itteration/Batch: 300/302: Loss: 0.01 | Accuracy: 1.00

Epoch 3: Val Bin. F1 Majority 0.0 | Val Macro F1 Majority 1.0 |             Val Bin F1 Individual 0.0 | Val Macro F1 Individual 1.0 |             Val Accuracy Majority 1.0 | Val Accuracy Individual 1.0 | Training Loss:0.010996367782354355 |             Val Loss 0.007599993143230677 | Train Runtime Millis 23320.490525000027 | Val Runtime Millis 3868.4853009999642

______________________________	 Running Epoch 4 of 10 	______________________________
[Training] Itteration/Batch:   0/302: Loss: 0.01 | Accuracy: 1.00
[Training] Itteration/Batch:  25/302: Loss: 0.01 | Accuracy: 1.00
[Training] Itteration/Batch:  50/302: Loss: 0.01 | Accuracy: 1.00
[Training] Itteration/Batch:  75/302: Loss: 0.01 | Accuracy: 1.00
[Training] Itteration/Batch: 100/302: Loss: 0.01 | Accuracy: 1.00
[Training] Itteration/Batch: 125/302: Loss: 0.01 | Accuracy: 1.00
[Training] Itteration/Batch: 150/302: Loss: 0.01 | Accuracy: 1.00
[Training] Itteration/Batch: 175/302: Loss: 0.01 | Accuracy: 1.00
[Training] Itteration/Batch: 200/302: Loss: 0.01 | Accuracy: 1.00
[Training] Itteration/Batch: 225/302: Loss: 0.01 | Accuracy: 1.00
[Training] Itteration/Batch: 250/302: Loss: 0.01 | Accuracy: 1.00
[Training] Itteration/Batch: 275/302: Loss: 0.01 | Accuracy: 1.00
[Training] Itteration/Batch: 300/302: Loss: 0.01 | Accuracy: 1.00

Epoch 4: Val Bin. F1 Majority 0.0 | Val Macro F1 Majority 1.0 |             Val Bin F1 Individual 0.0 | Val Macro F1 Individual 1.0 |             Val Accuracy Majority 1.0 | Val Accuracy Individual 1.0 | Training Loss:0.006616194732487202 |             Val Loss 0.005006877705454826 | Train Runtime Millis 23307.816919000004 | Val Runtime Millis 3761.016674000018

______________________________	 Running Epoch 5 of 10 	______________________________
[Training] Itteration/Batch:   0/302: Loss: 0.01 | Accuracy: 1.00
[Training] Itteration/Batch:  25/302: Loss: 0.01 | Accuracy: 1.00
[Training] Itteration/Batch:  50/302: Loss: 0.00 | Accuracy: 1.00
[Training] Itteration/Batch:  75/302: Loss: 0.00 | Accuracy: 1.00
[Training] Itteration/Batch: 100/302: Loss: 0.00 | Accuracy: 1.00
[Training] Itteration/Batch: 125/302: Loss: 0.00 | Accuracy: 1.00
[Training] Itteration/Batch: 150/302: Loss: 0.00 | Accuracy: 1.00
[Training] Itteration/Batch: 175/302: Loss: 0.00 | Accuracy: 1.00
[Training] Itteration/Batch: 200/302: Loss: 0.00 | Accuracy: 1.00
[Training] Itteration/Batch: 225/302: Loss: 0.01 | Accuracy: 1.00
[Training] Itteration/Batch: 250/302: Loss: 0.00 | Accuracy: 1.00
[Training] Itteration/Batch: 275/302: Loss: 0.00 | Accuracy: 1.00
[Training] Itteration/Batch: 300/302: Loss: 0.00 | Accuracy: 1.00

Epoch 5: Val Bin. F1 Majority 0.0 | Val Macro F1 Majority 1.0 |             Val Bin F1 Individual 0.0 | Val Macro F1 Individual 1.0 |             Val Accuracy Majority 1.0 | Val Accuracy Individual 1.0 | Training Loss:0.004564826842397451 |             Val Loss 0.0036150908563286066 | Train Runtime Millis 23333.209091000015 | Val Runtime Millis 3761.8106269999885

______________________________	 Running Epoch 6 of 10 	______________________________
[Training] Itteration/Batch:   0/302: Loss: 0.00 | Accuracy: 1.00
[Training] Itteration/Batch:  25/302: Loss: 0.00 | Accuracy: 1.00
[Training] Itteration/Batch:  50/302: Loss: 0.00 | Accuracy: 1.00
[Training] Itteration/Batch:  75/302: Loss: 0.00 | Accuracy: 1.00
[Training] Itteration/Batch: 100/302: Loss: 0.00 | Accuracy: 1.00
[Training] Itteration/Batch: 125/302: Loss: 0.00 | Accuracy: 1.00
[Training] Itteration/Batch: 150/302: Loss: 0.00 | Accuracy: 1.00
[Training] Itteration/Batch: 175/302: Loss: 0.00 | Accuracy: 1.00
[Training] Itteration/Batch: 200/302: Loss: 0.00 | Accuracy: 1.00
[Training] Itteration/Batch: 225/302: Loss: 0.00 | Accuracy: 1.00
[Training] Itteration/Batch: 250/302: Loss: 0.00 | Accuracy: 1.00
[Training] Itteration/Batch: 275/302: Loss: 0.00 | Accuracy: 1.00
[Training] Itteration/Batch: 300/302: Loss: 0.00 | Accuracy: 1.00

Epoch 6: Val Bin. F1 Majority 0.0 | Val Macro F1 Majority 1.0 |             Val Bin F1 Individual 0.0 | Val Macro F1 Individual 1.0 |             Val Accuracy Majority 1.0 | Val Accuracy Individual 1.0 | Training Loss:0.003400609130039811 |             Val Loss 0.0027774465270340443 | Train Runtime Millis 23408.95207600005 | Val Runtime Millis 3741.187220000029

______________________________	 Running Epoch 7 of 10 	______________________________
[Training] Itteration/Batch:   0/302: Loss: 0.00 | Accuracy: 1.00
[Training] Itteration/Batch:  25/302: Loss: 0.00 | Accuracy: 1.00
[Training] Itteration/Batch:  50/302: Loss: 0.00 | Accuracy: 1.00
[Training] Itteration/Batch:  75/302: Loss: 0.00 | Accuracy: 1.00
[Training] Itteration/Batch: 100/302: Loss: 0.00 | Accuracy: 1.00
[Training] Itteration/Batch: 125/302: Loss: 0.00 | Accuracy: 1.00
[Training] Itteration/Batch: 150/302: Loss: 0.00 | Accuracy: 1.00
[Training] Itteration/Batch: 175/302: Loss: 0.00 | Accuracy: 1.00
[Training] Itteration/Batch: 200/302: Loss: 0.00 | Accuracy: 1.00
[Training] Itteration/Batch: 225/302: Loss: 0.00 | Accuracy: 1.00
[Training] Itteration/Batch: 250/302: Loss: 0.00 | Accuracy: 1.00
[Training] Itteration/Batch: 275/302: Loss: 0.00 | Accuracy: 1.00
[Training] Itteration/Batch: 300/302: Loss: 0.00 | Accuracy: 1.00

Epoch 7: Val Bin. F1 Majority 0.0 | Val Macro F1 Majority 1.0 |             Val Bin F1 Individual 0.0 | Val Macro F1 Individual 1.0 |             Val Accuracy Majority 1.0 | Val Accuracy Individual 1.0 | Training Loss:0.002647549379616976 |             Val Loss 0.002207485493272543 | Train Runtime Millis 23267.238146999945 | Val Runtime Millis 3874.533700000029

______________________________	 Running Epoch 8 of 10 	______________________________
[Training] Itteration/Batch:   0/302: Loss: 0.00 | Accuracy: 1.00
[Training] Itteration/Batch:  25/302: Loss: 0.00 | Accuracy: 1.00
[Training] Itteration/Batch:  50/302: Loss: 0.00 | Accuracy: 1.00
[Training] Itteration/Batch:  75/302: Loss: 0.00 | Accuracy: 1.00
[Training] Itteration/Batch: 100/302: Loss: 0.00 | Accuracy: 1.00
[Training] Itteration/Batch: 125/302: Loss: 0.00 | Accuracy: 1.00
[Training] Itteration/Batch: 150/302: Loss: 0.00 | Accuracy: 1.00
[Training] Itteration/Batch: 175/302: Loss: 0.00 | Accuracy: 1.00
[Training] Itteration/Batch: 200/302: Loss: 0.00 | Accuracy: 1.00
[Training] Itteration/Batch: 225/302: Loss: 0.00 | Accuracy: 1.00
[Training] Itteration/Batch: 250/302: Loss: 0.00 | Accuracy: 1.00
[Training] Itteration/Batch: 275/302: Loss: 0.00 | Accuracy: 1.00
[Training] Itteration/Batch: 300/302: Loss: 0.00 | Accuracy: 1.00

Epoch 8: Val Bin. F1 Majority 0.0 | Val Macro F1 Majority 1.0 |             Val Bin F1 Individual 0.0 | Val Macro F1 Individual 1.0 |             Val Accuracy Majority 1.0 | Val Accuracy Individual 1.0 | Training Loss:0.0021550331730395555 |             Val Loss 0.0018122264882549644 | Train Runtime Millis 23252.35125200004 | Val Runtime Millis 3741.5816550000045

______________________________	 Running Epoch 9 of 10 	______________________________
[Training] Itteration/Batch:   0/302: Loss: 0.00 | Accuracy: 1.00
[Training] Itteration/Batch:  25/302: Loss: 0.00 | Accuracy: 1.00
[Training] Itteration/Batch:  50/302: Loss: 0.00 | Accuracy: 1.00
[Training] Itteration/Batch:  75/302: Loss: 0.00 | Accuracy: 1.00
[Training] Itteration/Batch: 100/302: Loss: 0.00 | Accuracy: 1.00
[Training] Itteration/Batch: 125/302: Loss: 0.00 | Accuracy: 1.00
[Training] Itteration/Batch: 150/302: Loss: 0.00 | Accuracy: 1.00
[Training] Itteration/Batch: 175/302: Loss: 0.00 | Accuracy: 1.00
[Training] Itteration/Batch: 200/302: Loss: 0.00 | Accuracy: 1.00
[Training] Itteration/Batch: 225/302: Loss: 0.00 | Accuracy: 1.00
[Training] Itteration/Batch: 250/302: Loss: 0.00 | Accuracy: 1.00
[Training] Itteration/Batch: 275/302: Loss: 0.00 | Accuracy: 1.00
[Training] Itteration/Batch: 300/302: Loss: 0.00 | Accuracy: 1.00

Epoch 9: Val Bin. F1 Majority 0.0 | Val Macro F1 Majority 1.0 |             Val Bin F1 Individual 0.0 | Val Macro F1 Individual 1.0 |             Val Accuracy Majority 1.0 | Val Accuracy Individual 1.0 | Training Loss:0.0017776883905753493 |             Val Loss 0.0015204694354906678 | Train Runtime Millis 23225.730486999964 | Val Runtime Millis 3736.2907060000907

______________________________	 Running Epoch 10 of 10 	______________________________
[Training] Itteration/Batch:   0/302: Loss: 0.00 | Accuracy: 1.00
[Training] Itteration/Batch:  25/302: Loss: 0.00 | Accuracy: 1.00
[Training] Itteration/Batch:  50/302: Loss: 0.00 | Accuracy: 1.00
[Training] Itteration/Batch:  75/302: Loss: 0.00 | Accuracy: 1.00
[Training] Itteration/Batch: 100/302: Loss: 0.00 | Accuracy: 1.00
[Training] Itteration/Batch: 125/302: Loss: 0.00 | Accuracy: 1.00
[Training] Itteration/Batch: 150/302: Loss: 0.00 | Accuracy: 1.00
[Training] Itteration/Batch: 175/302: Loss: 0.00 | Accuracy: 1.00
[Training] Itteration/Batch: 200/302: Loss: 0.00 | Accuracy: 1.00
[Training] Itteration/Batch: 225/302: Loss: 0.00 | Accuracy: 1.00
[Training] Itteration/Batch: 250/302: Loss: 0.00 | Accuracy: 1.00
[Training] Itteration/Batch: 275/302: Loss: 0.00 | Accuracy: 1.00
[Training] Itteration/Batch: 300/302: Loss: 0.00 | Accuracy: 1.00

Epoch 10: Val Bin. F1 Majority 0.0 | Val Macro F1 Majority 1.0 |             Val Bin F1 Individual 0.0 | Val Macro F1 Individual 1.0 |             Val Accuracy Majority 1.0 | Val Accuracy Individual 1.0 | Training Loss:0.0015115848509594798 |             Val Loss 0.001297005801461637 | Train Runtime Millis 23220.64155600003 | Val Runtime Millis 3729.8161260000597

