Device cuda
Split type sit
Training Size: 4746, NTA labels 4005, YTA labels 741
Validation Size: 1741, NTA labels 1494, YTA labels 247
Test Size: 1775, NTA labels 1478, YTA labels 297
Training with SBERT, model name is sbert
Tokenizing the dataset
Number of training steps 1490
Epoch 0 **** Loss 0.014386693015694618 **** Metrics validation: {'accuracy': 0.8977599080987938, 'f1_weighted': 0.904806909548657, 'macro': 0.8203106517796261, 'micro': 0.8977599080987938, 'binary': 0.7023411371237459, 'accuracy_majority': 0.9171875, 'macro_majority': 0.8609556837233706, 'binary_majority': 0.7725321888412017, 'run_time_millis': 3356.312396004796, 'loss_mean': 0.09740520268678665}
Epoch 1 **** Loss 0.04153363034129143 **** Metrics validation: {'accuracy': 0.9103963239517519, 'f1_weighted': 0.9146645894091542, 'macro': 0.8340202405397477, 'micro': 0.9103963239517519, 'binary': 0.7214285714285713, 'accuracy_majority': 0.925, 'macro_majority': 0.8682675814751286, 'binary_majority': 0.7818181818181817, 'run_time_millis': 3350.4896890081, 'loss_mean': 0.09204382449388504}
Epoch 2 **** Loss 0.023816393688321114 **** Metrics validation: {'accuracy': 0.8983342906375646, 'f1_weighted': 0.9052896183248714, 'macro': 0.8210828840911665, 'micro': 0.8983342906375646, 'binary': 0.7035175879396987, 'accuracy_majority': 0.9109375, 'macro_majority': 0.8514506769825918, 'binary_majority': 0.7574468085106383, 'run_time_millis': 2894.2581890005386, 'loss_mean': 0.0966269001364708}
Epoch 3 **** Loss 0.12017156183719635 **** Metrics validation: {'accuracy': 0.9017805858701895, 'f1_weighted': 0.908088847473701, 'macro': 0.8252846135833993, 'micro': 0.9017805858701895, 'binary': 0.7096774193548387, 'accuracy_majority': 0.9203125, 'macro_majority': 0.8643836811686936, 'binary_majority': 0.777292576419214, 'run_time_millis': 3364.0623340033926, 'loss_mean': 0.12206979840993881}
Epoch 4 **** Loss 0.03936178237199783 **** Metrics validation: {'accuracy': 0.8759333716255026, 'f1_weighted': 0.887001164415622, 'macro': 0.793747531920495, 'micro': 0.8759333716255026, 'binary': 0.6635514018691588, 'accuracy_majority': 0.8921875, 'macro_majority': 0.827983125518563, 'binary_majority': 0.7228915662650601, 'run_time_millis': 3353.632407000987, 'loss_mean': 0.1460224837064743}
Epoch 5 **** Loss 0.09822749346494675 **** Metrics validation: {'accuracy': 0.8834003446295232, 'f1_weighted': 0.8930510808454016, 'macro': 0.8025663585807378, 'micro': 0.8834003446295232, 'binary': 0.6762360446570972, 'accuracy_majority': 0.9015625, 'macro_majority': 0.8399942855101968, 'binary_majority': 0.7407407407407408, 'run_time_millis': 3353.8210990082007, 'loss_mean': 0.15084509551525116}
Epoch 6 **** Loss 0.052073657512664795 **** Metrics validation: {'accuracy': 0.887421022400919, 'f1_weighted': 0.8960670166872481, 'macro': 0.806220726061812, 'micro': 0.887421022400919, 'binary': 0.6807817589576547, 'accuracy_majority': 0.9046875, 'macro_majority': 0.8420654473666113, 'binary_majority': 0.7426160337552743, 'run_time_millis': 3386.670684994897, 'loss_mean': 0.15903303027153015}
Epoch 7 **** Loss 0.05273974686861038 **** Metrics validation: {'accuracy': 0.8793796668581275, 'f1_weighted': 0.890039653262521, 'macro': 0.7989916871921182, 'micro': 0.8793796668581275, 'binary': 0.671875, 'accuracy_majority': 0.89375, 'macro_majority': 0.830990291262136, 'binary_majority': 0.7280000000000001, 'run_time_millis': 3356.1051939905155, 'loss_mean': 0.15951783955097198}
Epoch 8 **** Loss 0.021519459784030914 **** Metrics validation: {'accuracy': 0.8983342906375646, 'f1_weighted': 0.9049718512093957, 'macro': 0.8196415622086398, 'micro': 0.8983342906375646, 'binary': 0.700507614213198, 'accuracy_majority': 0.915625, 'macro_majority': 0.8568944099378881, 'binary_majority': 0.7652173913043477, 'run_time_millis': 2746.049020992359, 'loss_mean': 0.18686766922473907}
Epoch 9 **** Loss 0.009121289476752281 **** Metrics validation: {'accuracy': 0.8983342906375646, 'f1_weighted': 0.9049718512093957, 'macro': 0.8196415622086398, 'micro': 0.8983342906375646, 'binary': 0.700507614213198, 'accuracy_majority': 0.915625, 'macro_majority': 0.8568944099378881, 'binary_majority': 0.7652173913043477, 'run_time_millis': 3355.064578994643, 'loss_mean': 0.1849292516708374}
Evaluating
{'accuracy': 0.9103963239517519, 'f1_weighted': 0.9146645894091542, 'macro': 0.8340202405397477, 'micro': 0.9103963239517519, 'binary': 0.7214285714285713, 'accuracy_majority': 0.925, 'macro_majority': 0.8682675814751286, 'binary_majority': 0.7818181818181817, 'run_time_millis': 3357.891660009045, 'loss_mean': 0.09204382449388504}
