Device cuda
Split type sit
Training Size: 19412, NTA labels 12911, YTA labels 6501
Validation Size: 6498, NTA labels 4368, YTA labels 2130
Test Size: 6403, NTA labels 4269, YTA labels 2134
Training with SBERT, model name is sbert
Tokenizing the dataset
Number of training steps 6070
Epoch 0 **** Loss 0.2974584400653839 **** Metrics validation: {'accuracy': 0.7830101569713758, 'f1_weighted': 0.7785707124078913, 'macro': 0.7443104471214141, 'micro': 0.7830101569713758, 'binary': 0.6448362720403022, 'accuracy_majority': 0.8096166341780376, 'macro_majority': 0.7786040962417975, 'binary_majority': 0.695742471443406, 'run_time_millis': 5877.86879500004, 'loss_mean': 0.23327504098415375}
Epoch 1 **** Loss 0.23776164650917053 **** Metrics validation: {'accuracy': 0.7917820867959372, 'f1_weighted': 0.7863105939704934, 'macro': 0.7522013991422394, 'micro': 0.7917820867959372, 'binary': 0.6531658549089977, 'accuracy_majority': 0.8076673164392463, 'macro_majority': 0.7711174619252614, 'binary_majority': 0.6796536796536797, 'run_time_millis': 6072.989809999854, 'loss_mean': 0.22981591522693634}
Epoch 2 **** Loss 0.28126102685928345 **** Metrics validation: {'accuracy': 0.7953216374269005, 'f1_weighted': 0.7965492758494372, 'macro': 0.7706298910415414, 'micro': 0.7953216374269005, 'binary': 0.695373339441136, 'accuracy_majority': 0.8193632228719948, 'macro_majority': 0.7992626276654442, 'binary_majority': 0.7357414448669202, 'run_time_millis': 6057.222783000043, 'loss_mean': 0.23052047193050385}
Epoch 3 **** Loss 0.0695832148194313 **** Metrics validation: {'accuracy': 0.7934749153585718, 'f1_weighted': 0.7946916738608435, 'macro': 0.7685079668600369, 'micro': 0.7934749153585718, 'binary': 0.6924839596700274, 'accuracy_majority': 0.8122157244964262, 'macro_majority': 0.7917930790090988, 'binary_majority': 0.726584673604541, 'run_time_millis': 5044.446075999986, 'loss_mean': 0.25430214405059814}
Epoch 4 **** Loss 0.07198216021060944 **** Metrics validation: {'accuracy': 0.7842413050169282, 'f1_weighted': 0.7883550863203753, 'macro': 0.7655663671195967, 'micro': 0.7842413050169281, 'binary': 0.6993996569468267, 'accuracy_majority': 0.801819363222872, 'macro_majority': 0.7879193145031029, 'binary_majority': 0.7336244541484717, 'run_time_millis': 6127.345367999851, 'loss_mean': 0.2865387797355652}
Epoch 5 **** Loss 0.157805398106575 **** Metrics validation: {'accuracy': 0.7870113881194214, 'f1_weighted': 0.7911755242566586, 'macro': 0.768880460440541, 'micro': 0.7870113881194214, 'binary': 0.7041470713980332, 'accuracy_majority': 0.8031189083820662, 'macro_majority': 0.7896081114553597, 'binary_majority': 0.7362924281984333, 'run_time_millis': 3934.78866800001, 'loss_mean': 0.3228355944156647}
Epoch 6 **** Loss 0.12280385196208954 **** Metrics validation: {'accuracy': 0.7840874115112342, 'f1_weighted': 0.788256721860979, 'macro': 0.76555376185434, 'micro': 0.7840874115112343, 'binary': 0.6996360522372084, 'accuracy_majority': 0.797270955165692, 'macro_majority': 0.7831290039348315, 'binary_majority': 0.7277486910994765, 'run_time_millis': 4288.727925000103, 'loss_mean': 0.3201468586921692}
Epoch 7 **** Loss 0.1150604858994484 **** Metrics validation: {'accuracy': 0.7870113881194214, 'f1_weighted': 0.7901067832084597, 'macro': 0.7658847754837467, 'micro': 0.7870113881194214, 'binary': 0.6955565332160141, 'accuracy_majority': 0.7953216374269005, 'macro_majority': 0.7781646492051341, 'binary_majority': 0.7164716471647165, 'run_time_millis': 5158.8999779999085, 'loss_mean': 0.41059157252311707}
Epoch 8 **** Loss 0.10858110338449478 **** Metrics validation: {'accuracy': 0.79378270236996, 'f1_weighted': 0.7956931834928943, 'macro': 0.770542261415676, 'micro': 0.79378270236996, 'binary': 0.6975169300225733, 'accuracy_majority': 0.8037686809616634, 'macro_majority': 0.7851544298741929, 'binary_majority': 0.7219152854511971, 'run_time_millis': 6038.895172999901, 'loss_mean': 0.5055626034736633}
Epoch 9 **** Loss 0.13298052549362183 **** Metrics validation: {'accuracy': 0.7908587257617729, 'f1_weighted': 0.7935469399649496, 'macro': 0.7691897602616712, 'micro': 0.7908587257617729, 'binary': 0.6984690481473264, 'accuracy_majority': 0.8083170890188434, 'macro_majority': 0.7920861724630786, 'binary_majority': 0.7339945897204688, 'run_time_millis': 4238.489585000025, 'loss_mean': 0.5501770377159119}
Evaluating
{'accuracy': 0.7953216374269005, 'f1_weighted': 0.7965492758494372, 'macro': 0.7706298910415414, 'micro': 0.7953216374269005, 'binary': 0.695373339441136, 'accuracy_majority': 0.8193632228719948, 'macro_majority': 0.7992626276654442, 'binary_majority': 0.7357414448669202, 'run_time_millis': 6094.395476000045, 'loss_mean': 0.23052047193050385}
