Device cuda
Split type sit
Training Size: 117912, NTA labels 115021, YTA labels 2891
Validation Size: 39354, NTA labels 38348, YTA labels 1006
Test Size: 39500, NTA labels 38458, YTA labels 1042
Training with SBERT, model name is sbert
Tokenizing the dataset
Number of training steps 36850
Epoch 0 **** Loss 0.04002531245350838 **** Metrics validation: {'accuracy': 0.965823042130406, 'f1_weighted': 0.9687190804120767, 'macro': 0.7154547677325886, 'micro': 0.965823042130406, 'binary': 0.4485444854448545, 'accuracy_majority': 0.9737727547234923, 'macro_majority': 0.7572309898699725, 'binary_majority': 0.5279503105590062, 'run_time_millis': 16736.377159002586, 'loss_mean': 0.041387949138879776}
Epoch 1 **** Loss 0.017174791544675827 **** Metrics validation: {'accuracy': 0.9610713015195406, 'f1_weighted': 0.9661449490167002, 'macro': 0.7121769264443947, 'micro': 0.9610713015195407, 'binary': 0.444525018129079, 'accuracy_majority': 0.9683375032352688, 'macro_majority': 0.7401126950935522, 'binary_majority': 0.4965706447187928, 'run_time_millis': 16748.688132996904, 'loss_mean': 0.03900596499443054}
Epoch 2 **** Loss 0.034053344279527664 **** Metrics validation: {'accuracy': 0.9581745184733446, 'f1_weighted': 0.9643708582209862, 'macro': 0.706130100568716, 'micro': 0.9581745184733446, 'binary': 0.4339752407152682, 'accuracy_majority': 0.9646277284099732, 'macro_majority': 0.7286998766898063, 'binary_majority': 0.4757033248081841, 'run_time_millis': 16718.017619998136, 'loss_mean': 0.039619941264390945}
Epoch 3 **** Loss 0.0061973449774086475 **** Metrics validation: {'accuracy': 0.960156527926005, 'f1_weighted': 0.9655852850143792, 'macro': 0.7102696084475362, 'micro': 0.960156527926005, 'binary': 0.44119743406985035, 'accuracy_majority': 0.9660081097403158, 'macro_majority': 0.7320034599477017, 'binary_majority': 0.481578947368421, 'run_time_millis': 16743.147003995546, 'loss_mean': 0.04116235673427582}
Epoch 4 **** Loss 0.006939785089343786 **** Metrics validation: {'accuracy': 0.9648828581592722, 'f1_weighted': 0.968390102589283, 'macro': 0.7184520844490909, 'micro': 0.9648828581592722, 'binary': 0.4550473186119874, 'accuracy_majority': 0.9719610042274178, 'macro_majority': 0.7527498402619867, 'binary_majority': 0.5199409158050221, 'run_time_millis': 16705.644725007005, 'loss_mean': 0.050239451229572296}
Epoch 5 **** Loss 0.014885704964399338 **** Metrics validation: {'accuracy': 0.9600802967932104, 'f1_weighted': 0.9654072699797823, 'macro': 0.7074048928942137, 'micro': 0.9600802967932104, 'binary': 0.435501257635645, 'accuracy_majority': 0.9656630144077302, 'macro_majority': 0.7278988579487999, 'binary_majority': 0.47354497354497355, 'run_time_millis': 16886.069646003307, 'loss_mean': 0.05220388248562813}
Epoch 6 **** Loss 0.021894941106438637 **** Metrics validation: {'accuracy': 0.9601311175484067, 'f1_weighted': 0.9653222912215468, 'macro': 0.705122549876059, 'micro': 0.9601311175484067, 'binary': 0.4309031556039173, 'accuracy_majority': 0.9656630144077302, 'macro_majority': 0.7257954113171661, 'binary_majority': 0.4693333333333334, 'run_time_millis': 16747.958450003352, 'loss_mean': 0.05659462511539459}
Epoch 7 **** Loss 0.011238743551075459 **** Metrics validation: {'accuracy': 0.9611729430299334, 'f1_weighted': 0.9659338641125648, 'macro': 0.7067759704279868, 'micro': 0.9611729430299334, 'binary': 0.4336545589325427, 'accuracy_majority': 0.9662669312397549, 'macro_majority': 0.728870606527509, 'binary_majority': 0.47516778523489933, 'run_time_millis': 16725.19762400043, 'loss_mean': 0.06310102343559265}
Epoch 8 **** Loss 0.02718610130250454 **** Metrics validation: {'accuracy': 0.9532703155968898, 'f1_weighted': 0.9610653687515287, 'macro': 0.6897858954052787, 'micro': 0.9532703155968897, 'binary': 0.40388978930307945, 'accuracy_majority': 0.959278750754896, 'macro_majority': 0.7071421750229214, 'binary_majority': 0.43540669856459335, 'run_time_millis': 16742.85915299697, 'loss_mean': 0.060136303305625916}
Epoch 9 **** Loss 0.0061806016601622105 **** Metrics validation: {'accuracy': 0.9579966458301571, 'f1_weighted': 0.9640035540119792, 'macro': 0.700419575956046, 'micro': 0.9579966458301571, 'binary': 0.42263360111770865, 'accuracy_majority': 0.964368906910534, 'macro_majority': 0.7250175415317125, 'binary_majority': 0.4684684684684685, 'run_time_millis': 16741.431826994813, 'loss_mean': 0.0657811164855957}
Evaluating
{'accuracy': 0.965823042130406, 'f1_weighted': 0.9687190804120767, 'macro': 0.7154547677325886, 'micro': 0.965823042130406, 'binary': 0.4485444854448545, 'accuracy_majority': 0.9737727547234923, 'macro_majority': 0.7572309898699725, 'binary_majority': 0.5279503105590062, 'run_time_millis': 16697.76836800156, 'loss_mean': 0.041387949138879776}
