Device cuda
Split type sit
Training Size: 120941, NTA labels 117985, YTA labels 2956
Validation Size: 40159, NTA labels 39070, YTA labels 1089
Test Size: 40310, NTA labels 39256, YTA labels 1054
Training with SBERT, model name is sbert
Tokenizing the dataset
Number of training steps 37800
Epoch 0 **** Loss 0.013362143188714981 **** Metrics validation: {'accuracy': 0.9572698523369606, 'f1_weighted': 0.9630035155264216, 'macro': 0.7049818785608771, 'micro': 0.9572698523369606, 'binary': 0.43216412971542023, 'accuracy_majority': 0.965948275862069, 'macro_majority': 0.7350336056843214, 'binary_majority': 0.4876783398184177, 'run_time_millis': 18859.44490700058, 'loss_mean': 0.04606328532099724}
Epoch 1 **** Loss 0.023468978703022003 **** Metrics validation: {'accuracy': 0.966682437311686, 'f1_weighted': 0.9688037306659054, 'macro': 0.7246557219186228, 'micro': 0.9666824373116861, 'binary': 0.46650717703349287, 'accuracy_majority': 0.9750862068965517, 'macro_majority': 0.7645958275937591, 'binary_majority': 0.5419968304278922, 'run_time_millis': 18924.056396004744, 'loss_mean': 0.046364326030015945}
Epoch 2 **** Loss 0.03180713206529617 **** Metrics validation: {'accuracy': 0.9624492641749047, 'f1_weighted': 0.9663185751695466, 'macro': 0.7180748236704078, 'micro': 0.9624492641749047, 'binary': 0.4555956678700361, 'accuracy_majority': 0.9705172413793104, 'macro_majority': 0.7467116956985425, 'binary_majority': 0.5086206896551724, 'run_time_millis': 18856.75579200324, 'loss_mean': 0.04503976181149483}
Epoch 3 **** Loss 0.10090871900320053 **** Metrics validation: {'accuracy': 0.9557010881745064, 'f1_weighted': 0.9620290236972324, 'macro': 0.7016375620627173, 'micro': 0.9557010881745064, 'binary': 0.42631409222831346, 'accuracy_majority': 0.9625862068965517, 'macro_majority': 0.7183835403167325, 'binary_majority': 0.45614035087719307, 'run_time_millis': 19053.493109000556, 'loss_mean': 0.04851584881544113}
Epoch 4 **** Loss 0.14444445073604584 **** Metrics validation: {'accuracy': 0.9667322393485893, 'f1_weighted': 0.9687046220296198, 'macro': 0.7222800608183847, 'micro': 0.9667322393485893, 'binary': 0.4617244157937147, 'accuracy_majority': 0.9744827586206897, 'macro_majority': 0.7524049229423779, 'binary_majority': 0.517915309446254, 'run_time_millis': 18868.34999700659, 'loss_mean': 0.058762166649103165}
Epoch 5 **** Loss 0.00022187277500052005 **** Metrics validation: {'accuracy': 0.9634702059314226, 'f1_weighted': 0.9667998252035714, 'macro': 0.7173673408337914, 'micro': 0.9634702059314226, 'binary': 0.45363128491620114, 'accuracy_majority': 0.9707758620689655, 'macro_majority': 0.743574344366666, 'binary_majority': 0.5022026431718062, 'run_time_millis': 18925.510941997345, 'loss_mean': 0.06294269859790802}
Epoch 6 **** Loss 0.03734075650572777 **** Metrics validation: {'accuracy': 0.9587888144625115, 'f1_weighted': 0.9638123507250136, 'macro': 0.7056270587275948, 'micro': 0.9587888144625115, 'binary': 0.4326362701405554, 'accuracy_majority': 0.9662931034482759, 'macro_majority': 0.7253111794461831, 'binary_majority': 0.46802721088435373, 'run_time_millis': 19046.32422800205, 'loss_mean': 0.06537549942731857}
Epoch 7 **** Loss 0.0004122700775042176 **** Metrics validation: {'accuracy': 0.9635200079683259, 'f1_weighted': 0.966619894447275, 'macro': 0.7134225001312136, 'micro': 0.9635200079683259, 'binary': 0.44570563753310627, 'accuracy_majority': 0.9713793103448276, 'macro_majority': 0.7395878412297253, 'binary_majority': 0.4939024390243903, 'run_time_millis': 18907.67539099761, 'loss_mean': 0.07444289326667786}
Epoch 8 **** Loss 0.2503175139427185 **** Metrics validation: {'accuracy': 0.9614034213999353, 'f1_weighted': 0.9653490637903678, 'macro': 0.7096162248295916, 'micro': 0.9614034213999353, 'binary': 0.439218523878437, 'accuracy_majority': 0.9688793103448275, 'macro_majority': 0.7330118458300889, 'binary_majority': 0.4820659971305596, 'run_time_millis': 18691.123596006946, 'loss_mean': 0.07761241495609283}
Epoch 9 **** Loss 0.01755974069237709 **** Metrics validation: {'accuracy': 0.9615528275106452, 'f1_weighted': 0.9654412233464087, 'macro': 0.7099305620347582, 'micro': 0.9615528275106452, 'binary': 0.4397677793904209, 'accuracy_majority': 0.9692241379310345, 'macro_majority': 0.7344933764714278, 'binary_majority': 0.4848484848484848, 'run_time_millis': 18755.80346499919, 'loss_mean': 0.0787147581577301}
Evaluating
{'accuracy': 0.966682437311686, 'f1_weighted': 0.9688037306659054, 'macro': 0.7246557219186228, 'micro': 0.9666824373116861, 'binary': 0.46650717703349287, 'accuracy_majority': 0.9750862068965517, 'macro_majority': 0.7645958275937591, 'binary_majority': 0.5419968304278922, 'run_time_millis': 18743.060697001056, 'loss_mean': 0.046364326030015945}
