Device cuda
Split type sit
Training Size: 11197, NTA labels 7926, YTA labels 3271
Validation Size: 3747, NTA labels 2587, YTA labels 1160
Test Size: 4113, NTA labels 2976, YTA labels 1137
Training with SBERT, model name is sbert
Tokenizing the dataset
Number of training steps 3500
Epoch 0 **** Loss 0.28258833289146423 **** Metrics validation: {'accuracy': 0.6904190018681612, 'f1_weighted': 0.563976620724008, 'macro': 0.4084306915061573, 'micro': 0.6904190018681612, 'binary': 0.0, 'accuracy_majority': 0.6927582534611288, 'macro_majority': 0.40924819125511164, 'binary_majority': 0.0, 'run_time_millis': 15605.654790997505, 'loss_mean': 0.3043716847896576}
Epoch 1 **** Loss 0.25316134095191956 **** Metrics validation: {'accuracy': 0.6904190018681612, 'f1_weighted': 0.563976620724008, 'macro': 0.4084306915061573, 'micro': 0.6904190018681612, 'binary': 0.0, 'accuracy_majority': 0.6927582534611288, 'macro_majority': 0.40924819125511164, 'binary_majority': 0.0, 'run_time_millis': 14591.399394907057, 'loss_mean': 0.3054507076740265}
Epoch 2 **** Loss 0.30944356322288513 **** Metrics validation: {'accuracy': 0.7045636509207366, 'f1_weighted': 0.6215788608729111, 'macro': 0.49962284089531406, 'micro': 0.7045636509207366, 'binary': 0.1793921423276501, 'accuracy_majority': 0.7129925452609158, 'macro_majority': 0.5166161670427277, 'binary_majority': 0.20851688693098389, 'run_time_millis': 13564.892909489572, 'loss_mean': 0.30068734288215637}
Epoch 3 **** Loss 0.26752692461013794 **** Metrics validation: {'accuracy': 0.7058980517747532, 'f1_weighted': 0.6583536444231097, 'macro': 0.5633314185256376, 'micro': 0.7058980517747532, 'binary': 0.3138231631382316, 'accuracy_majority': 0.722577209797657, 'macro_majority': 0.5946581801173971, 'binary_majority': 0.3669501822600243, 'run_time_millis': 15574.02185164392, 'loss_mean': 0.2975654602050781}
Epoch 4 **** Loss 0.3208547532558441 **** Metrics validation: {'accuracy': 0.6917534027221778, 'f1_weighted': 0.6670739460007575, 'macro': 0.588638345240253, 'micro': 0.6917534027221778, 'binary': 0.38268305718866913, 'accuracy_majority': 0.7018104366347178, 'macro_majority': 0.6144370534614437, 'binary_majority': 0.43089430894308944, 'run_time_millis': 13552.885792218149, 'loss_mean': 0.2949691712856293}
Epoch 5 **** Loss 0.3325998783111572 **** Metrics validation: {'accuracy': 0.6944222044302109, 'f1_weighted': 0.6671339561634556, 'macro': 0.5868446153868376, 'micro': 0.6944222044302109, 'binary': 0.3760217983651226, 'accuracy_majority': 0.7034078807241747, 'macro_majority': 0.6105554924711326, 'binary_majority': 0.4203954214360041, 'run_time_millis': 15581.783931702375, 'loss_mean': 0.2947867810726166}
Epoch 6 **** Loss 0.3152155578136444 **** Metrics validation: {'accuracy': 0.5887376567921003, 'f1_weighted': 0.6041882216558978, 'macro': 0.5737772477791545, 'micro': 0.5887376567921003, 'binary': 0.49392446633825937, 'accuracy_majority': 0.5686900958466453, 'macro_majority': 0.5599950017181594, 'binary_majority': 0.49814126394052044, 'run_time_millis': 15593.509173952043, 'loss_mean': 0.2927055060863495}
Epoch 7 **** Loss 0.2872776687145233 **** Metrics validation: {'accuracy': 0.6730717907659461, 'f1_weighted': 0.6767003196182464, 'macro': 0.62642934221793, 'micro': 0.6730717907659461, 'binary': 0.49442839455220794, 'accuracy_majority': 0.6879659211927582, 'macro_majority': 0.6460897462284151, 'binary_majority': 0.5243506493506495, 'run_time_millis': 15594.557510688901, 'loss_mean': 0.28560617566108704}
Epoch 8 **** Loss 0.23430690169334412 **** Metrics validation: {'accuracy': 0.6826794769148652, 'f1_weighted': 0.6752322914684193, 'macro': 0.6123498439413292, 'micro': 0.6826794769148652, 'binary': 0.4472338447233845, 'accuracy_majority': 0.7018104366347178, 'macro_majority': 0.6324118463713042, 'binary_majority': 0.4726930320150659, 'run_time_millis': 15602.850388735533, 'loss_mean': 0.3042210638523102}
Epoch 9 **** Loss 0.3385797441005707 **** Metrics validation: {'accuracy': 0.6626634641046171, 'f1_weighted': 0.6642822741983322, 'macro': 0.6092812741094875, 'micro': 0.6626634641046171, 'binary': 0.46486028789161726, 'accuracy_majority': 0.6687965921192758, 'macro_majority': 0.6128333015145729, 'binary_majority': 0.4656357388316151, 'run_time_millis': 15602.419232018292, 'loss_mean': 0.3158968985080719}
Evaluating
{'accuracy': 0.6730717907659461, 'f1_weighted': 0.6767003196182464, 'macro': 0.62642934221793, 'micro': 0.6730717907659461, 'binary': 0.49442839455220794, 'accuracy_majority': 0.6879659211927582, 'macro_majority': 0.6460897462284151, 'binary_majority': 0.5243506493506495, 'run_time_millis': 13565.191678702831, 'loss_mean': 0.28560617566108704}
