Device cuda
Split type sit
Training Size: 6200, NTA labels 4071, YTA labels 2129
Validation Size: 5018, NTA labels 3300, YTA labels 1718
Test Size: 5063, NTA labels 3132, YTA labels 1931
Training with SBERT, model name is sbert
Tokenizing the dataset
Number of training steps 1940
Epoch 0 **** Loss 0.2064882516860962 **** Metrics validation: {'accuracy': 0.7347548824232762, 'f1_weighted': 0.7413402641549073, 'macro': 0.7250874187579643, 'micro': 0.7347548824232762, 'binary': 0.6735344616139318, 'accuracy_majority': 0.7669573643410853, 'macro_majority': 0.7632290845608709, 'binary_majority': 0.7335180055401661, 'run_time_millis': 5377.215133979917, 'loss_mean': 0.24215710163116455}
Epoch 1 **** Loss 0.33377209305763245 **** Metrics validation: {'accuracy': 0.7600637704264648, 'f1_weighted': 0.7607441712822433, 'macro': 0.7351157390479186, 'micro': 0.7600637704264648, 'binary': 0.6538240368027602, 'accuracy_majority': 0.7766472868217055, 'macro_majority': 0.7626636435404999, 'binary_majority': 0.7050543825975688, 'run_time_millis': 5372.045707015786, 'loss_mean': 0.24326127767562866}
Epoch 2 **** Loss 0.3051636517047882 **** Metrics validation: {'accuracy': 0.7373455559984058, 'f1_weighted': 0.7429159372493747, 'macro': 0.7231573203457137, 'micro': 0.7373455559984058, 'binary': 0.6604842864502833, 'accuracy_majority': 0.7650193798449613, 'macro_majority': 0.7586617327298752, 'binary_majority': 0.7194910352805091, 'run_time_millis': 5368.785850005224, 'loss_mean': 0.25186887383461}
Epoch 3 **** Loss 0.19882138073444366 **** Metrics validation: {'accuracy': 0.7530888800318852, 'f1_weighted': 0.7542457406257882, 'macro': 0.7284689313362859, 'micro': 0.7530888800318852, 'binary': 0.6467065868263473, 'accuracy_majority': 0.7650193798449613, 'macro_majority': 0.7510454553932815, 'binary_majority': 0.6920634920634922, 'run_time_millis': 5369.60719601484, 'loss_mean': 0.2949860095977783}
Epoch 4 **** Loss 0.1558680683374405 **** Metrics validation: {'accuracy': 0.6877241929055401, 'f1_weighted': 0.6945382386404205, 'macro': 0.6845291203928987, 'micro': 0.6877241929055401, 'binary': 0.6527808553068911, 'accuracy_majority': 0.7340116279069767, 'macro_majority': 0.733659954433818, 'binary_majority': 0.7239819004524887, 'run_time_millis': 3330.4860640200786, 'loss_mean': 0.25961849093437195}
Epoch 5 **** Loss 0.08771459013223648 **** Metrics validation: {'accuracy': 0.7457154244719012, 'f1_weighted': 0.7494453795388727, 'macro': 0.726750037554454, 'micro': 0.7457154244719012, 'binary': 0.6547619047619049, 'accuracy_majority': 0.7606589147286822, 'macro_majority': 0.7507265878340055, 'binary_majority': 0.7009685230024213, 'run_time_millis': 5364.3146569957025, 'loss_mean': 0.31888166069984436}
Epoch 6 **** Loss 0.10655834525823593 **** Metrics validation: {'accuracy': 0.741929055400558, 'f1_weighted': 0.7468184597723738, 'macro': 0.7259693015076494, 'micro': 0.7419290554005581, 'binary': 0.6598371421066457, 'accuracy_majority': 0.7635658914728682, 'macro_majority': 0.7558031281032771, 'binary_majority': 0.7122641509433963, 'run_time_millis': 5370.314730971586, 'loss_mean': 0.3101712763309479}
Epoch 7 **** Loss 0.13435649871826172 **** Metrics validation: {'accuracy': 0.7473096851335194, 'f1_weighted': 0.7505797190966527, 'macro': 0.7272770446386491, 'micro': 0.7473096851335194, 'binary': 0.6533624931656643, 'accuracy_majority': 0.7621124031007752, 'macro_majority': 0.751371362751484, 'binary_majority': 0.6996941896024464, 'run_time_millis': 4361.18767701555, 'loss_mean': 0.3472927212715149}
Epoch 8 **** Loss 0.13107632100582123 **** Metrics validation: {'accuracy': 0.7510960542048625, 'f1_weighted': 0.7528618011772986, 'macro': 0.7276959299124892, 'micro': 0.7510960542048625, 'binary': 0.6478714406540739, 'accuracy_majority': 0.7596899224806202, 'macro_majority': 0.7464293074203827, 'binary_majority': 0.6884422110552764, 'run_time_millis': 5382.2689289809205, 'loss_mean': 0.4004971385002136}
Epoch 9 **** Loss 0.11342120170593262 **** Metrics validation: {'accuracy': 0.7530888800318852, 'f1_weighted': 0.7548977525092688, 'macro': 0.7300139589508272, 'micro': 0.7530888800318852, 'binary': 0.6510842016333428, 'accuracy_majority': 0.7625968992248062, 'macro_majority': 0.7496135369514132, 'binary_majority': 0.6925972396486826, 'run_time_millis': 5417.3820309806615, 'loss_mean': 0.404655396938324}
Evaluating
{'accuracy': 0.7600637704264648, 'f1_weighted': 0.7607441712822433, 'macro': 0.7351157390479186, 'micro': 0.7600637704264648, 'binary': 0.6538240368027602, 'accuracy_majority': 0.7766472868217055, 'macro_majority': 0.7626636435404999, 'binary_majority': 0.7050543825975688, 'run_time_millis': 5377.78277695179, 'loss_mean': 0.24326127767562866}
Device cuda
Split type sit
Training Size: 7000, NTA labels 4599, YTA labels 2401
Validation Size: 5018, NTA labels 3300, YTA labels 1718
Test Size: 5063, NTA labels 3132, YTA labels 1931
Training with SBERT, model name is sbert
Tokenizing the dataset
Number of training steps 2190
Epoch 0 **** Loss 0.22340244054794312 **** Metrics validation: {'accuracy': 0.7305699481865285, 'f1_weighted': 0.7373180099076106, 'macro': 0.7212405496022616, 'micro': 0.7305699481865285, 'binary': 0.6702439024390244, 'accuracy_majority': 0.7645348837209303, 'macro_majority': 0.761197554611766, 'binary_majority': 0.7329670329670328, 'run_time_millis': 5388.008499983698, 'loss_mean': 0.2446907013654709}
Epoch 1 **** Loss 0.14108362793922424 **** Metrics validation: {'accuracy': 0.7598644878437625, 'f1_weighted': 0.7595759561404136, 'macro': 0.7327255352758277, 'micro': 0.7598644878437624, 'binary': 0.647557765428488, 'accuracy_majority': 0.7630813953488372, 'macro_majority': 0.7464242868861417, 'binary_majority': 0.6814332247557003, 'run_time_millis': 5275.750586006325, 'loss_mean': 0.24267320334911346}
Epoch 2 **** Loss 0.20757806301116943 **** Metrics validation: {'accuracy': 0.7471104025508171, 'f1_weighted': 0.7519016412750136, 'macro': 0.7314710761491947, 'micro': 0.7471104025508171, 'binary': 0.6666666666666667, 'accuracy_majority': 0.7693798449612403, 'macro_majority': 0.7616369120404337, 'binary_majority': 0.7186761229314421, 'run_time_millis': 5370.234780013561, 'loss_mean': 0.24538834393024445}
Epoch 3 **** Loss 0.1782291680574417 **** Metrics validation: {'accuracy': 0.7491032283778398, 'f1_weighted': 0.7520709153299316, 'macro': 0.7284785497107893, 'micro': 0.7491032283778398, 'binary': 0.6536451169188445, 'accuracy_majority': 0.7572674418604651, 'macro_majority': 0.7454342870914861, 'binary_majority': 0.6905497220506485, 'run_time_millis': 3441.8593090376817, 'loss_mean': 0.2685185372829437}
Epoch 4 **** Loss 0.13866086304187775 **** Metrics validation: {'accuracy': 0.7395376644081307, 'f1_weighted': 0.7446089509404152, 'macro': 0.7238782654260121, 'micro': 0.7395376644081308, 'binary': 0.6581218938006802, 'accuracy_majority': 0.7587209302325582, 'macro_majority': 0.7509758697548212, 'binary_majority': 0.7070588235294119, 'run_time_millis': 5382.379453047179, 'loss_mean': 0.284670352935791}
Epoch 5 **** Loss 0.08704692870378494 **** Metrics validation: {'accuracy': 0.7479075328816261, 'f1_weighted': 0.7505305034927622, 'macro': 0.7262641905873989, 'micro': 0.7479075328816261, 'binary': 0.6492930413085666, 'accuracy_majority': 0.7596899224806202, 'macro_majority': 0.7472444234201048, 'binary_majority': 0.6911581569115816, 'run_time_millis': 5388.810705975629, 'loss_mean': 0.356951504945755}
Epoch 6 **** Loss 0.20909611880779266 **** Metrics validation: {'accuracy': 0.7229972100438422, 'f1_weighted': 0.7299049000647035, 'macro': 0.7131442166091777, 'micro': 0.7229972100438422, 'binary': 0.6599804305283757, 'accuracy_majority': 0.750484496124031, 'macro_majority': 0.7467994411751043, 'binary_majority': 0.7162534435261707, 'run_time_millis': 4425.249118998181, 'loss_mean': 0.29420584440231323}
Epoch 7 **** Loss 0.18610799312591553 **** Metrics validation: {'accuracy': 0.7461139896373057, 'f1_weighted': 0.7475068453550475, 'macro': 0.7212747293375745, 'micro': 0.7461139896373058, 'binary': 0.6380681818181817, 'accuracy_majority': 0.7548449612403101, 'macro_majority': 0.7403290740416594, 'binary_majority': 0.6789340101522843, 'run_time_millis': 5405.538004008122, 'loss_mean': 0.40201041102409363}
Epoch 8 **** Loss 0.16944092512130737 **** Metrics validation: {'accuracy': 0.7465125548027103, 'f1_weighted': 0.7503403168190761, 'macro': 0.7279124667824431, 'micro': 0.7465125548027103, 'binary': 0.6567728008634646, 'accuracy_majority': 0.7621124031007752, 'macro_majority': 0.7520900243672073, 'binary_majority': 0.7022437841115827, 'run_time_millis': 5382.175869017374, 'loss_mean': 0.38300666213035583}
Epoch 9 **** Loss 0.16358305513858795 **** Metrics validation: {'accuracy': 0.7445197289756875, 'f1_weighted': 0.7465810970254717, 'macro': 0.72110387628517, 'micro': 0.7445197289756875, 'binary': 0.6402918069584735, 'accuracy_majority': 0.7553294573643411, 'macro_majority': 0.7418885137268448, 'binary_majority': 0.6829880728185812, 'run_time_millis': 4772.074787004385, 'loss_mean': 0.4265013337135315}
Evaluating
{'accuracy': 0.7598644878437625, 'f1_weighted': 0.7595759561404136, 'macro': 0.7327255352758277, 'micro': 0.7598644878437624, 'binary': 0.647557765428488, 'accuracy_majority': 0.7630813953488372, 'macro_majority': 0.7464242868861417, 'binary_majority': 0.6814332247557003, 'run_time_millis': 4375.729790015612, 'loss_mean': 0.24267320334911346}
Device cuda
Split type sit
Training Size: 7800, NTA labels 5133, YTA labels 2667
Validation Size: 5018, NTA labels 3300, YTA labels 1718
Test Size: 5063, NTA labels 3132, YTA labels 1931
Training with SBERT, model name is sbert
Tokenizing the dataset
Number of training steps 2440
Epoch 0 **** Loss 0.22678212821483612 **** Metrics validation: {'accuracy': 0.7287764049422081, 'f1_weighted': 0.735645936748017, 'macro': 0.7202309022561165, 'micro': 0.7287764049422081, 'binary': 0.6713354262255494, 'accuracy_majority': 0.7606589147286822, 'macro_majority': 0.7577545366854992, 'binary_majority': 0.7312295973884658, 'run_time_millis': 5361.89005698543, 'loss_mean': 0.24907225370407104}
Epoch 1 **** Loss 0.2382662147283554 **** Metrics validation: {'accuracy': 0.7385412514946194, 'f1_weighted': 0.7447847827353968, 'macro': 0.7274562451513442, 'micro': 0.7385412514946195, 'binary': 0.6724912631053419, 'accuracy_majority': 0.7674418604651163, 'macro_majority': 0.763269948530712, 'binary_majority': 0.7318435754189945, 'run_time_millis': 5258.813605003525, 'loss_mean': 0.24086037278175354}
Epoch 2 **** Loss 0.244817316532135 **** Metrics validation: {'accuracy': 0.712634515743324, 'f1_weighted': 0.7198896357215953, 'macro': 0.7063865771267422, 'micro': 0.712634515743324, 'binary': 0.6635557629491367, 'accuracy_majority': 0.750484496124031, 'macro_majority': 0.7488796611094455, 'binary_majority': 0.7288046340179042, 'run_time_millis': 3696.584143966902, 'loss_mean': 0.24482619762420654}
Epoch 3 **** Loss 0.19348971545696259 **** Metrics validation: {'accuracy': 0.7403347947389398, 'f1_weighted': 0.7460219213226162, 'macro': 0.7270007072520537, 'micro': 0.7403347947389398, 'binary': 0.6666666666666666, 'accuracy_majority': 0.7659883720930233, 'macro_majority': 0.76018792149731, 'binary_majority': 0.7228915662650603, 'run_time_millis': 5095.012160018086, 'loss_mean': 0.2586270570755005}
Epoch 4 **** Loss 0.16839240491390228 **** Metrics validation: {'accuracy': 0.7146273415703468, 'f1_weighted': 0.7218550770475566, 'macro': 0.708177711587095, 'micro': 0.7146273415703468, 'binary': 0.6647940074906368, 'accuracy_majority': 0.749031007751938, 'macro_majority': 0.7473571979492764, 'binary_majority': 0.7267932489451476, 'run_time_millis': 4457.729624002241, 'loss_mean': 0.2734324336051941}
Epoch 5 **** Loss 0.11917802691459656 **** Metrics validation: {'accuracy': 0.7325627740135512, 'f1_weighted': 0.739105598313397, 'macro': 0.7221371588996985, 'micro': 0.7325627740135512, 'binary': 0.6683143845773603, 'accuracy_majority': 0.7621124031007752, 'macro_majority': 0.7581861960372968, 'binary_majority': 0.7273736812881733, 'run_time_millis': 5391.458281956147, 'loss_mean': 0.28803879022598267}
Epoch 6 **** Loss 0.11476186662912369 **** Metrics validation: {'accuracy': 0.7437225986448784, 'f1_weighted': 0.7478484227302828, 'macro': 0.725647559794536, 'micro': 0.7437225986448786, 'binary': 0.6552278820375336, 'accuracy_majority': 0.7606589147286822, 'macro_majority': 0.7514157572045878, 'binary_majority': 0.7034813925570228, 'run_time_millis': 4606.202039984055, 'loss_mean': 0.35041704773902893}
Epoch 7 **** Loss 0.11657226085662842 **** Metrics validation: {'accuracy': 0.7427261857313671, 'f1_weighted': 0.7470216584109581, 'macro': 0.7250299503879385, 'micro': 0.7427261857313671, 'binary': 0.6552736982643526, 'accuracy_majority': 0.7596899224806202, 'macro_majority': 0.7506974424512569, 'binary_majority': 0.7033492822966507, 'run_time_millis': 3631.5798120340332, 'loss_mean': 0.3611997961997986}
Epoch 8 **** Loss 0.1201072558760643 **** Metrics validation: {'accuracy': 0.7437225986448784, 'f1_weighted': 0.7478276187170826, 'macro': 0.7255874072300044, 'micro': 0.7437225986448786, 'binary': 0.6550429184549357, 'accuracy_majority': 0.7596899224806202, 'macro_majority': 0.7504093432661447, 'binary_majority': 0.7022809123649459, 'run_time_millis': 4863.49668801995, 'loss_mean': 0.39684778451919556}
Epoch 9 **** Loss 0.06772241741418839 **** Metrics validation: {'accuracy': 0.7487046632124352, 'f1_weighted': 0.7498507163178645, 'macro': 0.723574542219473, 'micro': 0.7487046632124352, 'binary': 0.6402282453637661, 'accuracy_majority': 0.752422480620155, 'macro_majority': 0.7373137361705435, 'binary_majority': 0.674314850223072, 'run_time_millis': 5361.913316999562, 'loss_mean': 0.4520108103752136}
Evaluating
{'accuracy': 0.7487046632124352, 'f1_weighted': 0.7498507163178645, 'macro': 0.723574542219473, 'micro': 0.7487046632124352, 'binary': 0.6402282453637661, 'accuracy_majority': 0.752422480620155, 'macro_majority': 0.7373137361705435, 'binary_majority': 0.674314850223072, 'run_time_millis': 4354.365715000313, 'loss_mean': 0.4520108103752136}
