Device cuda
Split type sit
Training Size: 120771, NTA labels 116281, YTA labels 4490
Validation Size: 40264, NTA labels 38777, YTA labels 1487
Test Size: 40375, NTA labels 38840, YTA labels 1535
Training with SBERT, model name is sbert
Tokenizing the dataset
Number of training steps 37750
Epoch 0 **** Loss 0.1856852024793625 **** Metrics validation: {'accuracy': 0.9604112855155971, 'f1_weighted': 0.9592833844974835, 'macro': 0.7059133304887294, 'micro': 0.9604112855155971, 'binary': 0.4323361823361824, 'accuracy_majority': 0.9737931034482759, 'macro_majority': 0.7754800019049564, 'binary_majority': 0.5644699140401146, 'run_time_millis': 16654.624054965097, 'loss_mean': 0.056873906403779984}
Epoch 1 **** Loss 0.0038282598834484816 **** Metrics validation: {'accuracy': 0.9568348897277965, 'f1_weighted': 0.9579171135193166, 'macro': 0.7118431794596347, 'micro': 0.9568348897277966, 'binary': 0.4461440407903123, 'accuracy_majority': 0.9718965517241379, 'macro_majority': 0.7826794561055717, 'binary_majority': 0.5798969072164948, 'run_time_millis': 15972.274294996168, 'loss_mean': 0.05756290256977081}
Epoch 2 **** Loss 0.0007391968392767012 **** Metrics validation: {'accuracy': 0.9504768527717067, 'f1_weighted': 0.954242753107335, 'macro': 0.7052526404910713, 'micro': 0.9504768527717067, 'binary': 0.4364047484454494, 'accuracy_majority': 0.9644827586206897, 'macro_majority': 0.7550751491678029, 'binary_majority': 0.5286041189931351, 'run_time_millis': 14611.68892896967, 'loss_mean': 0.059684328734874725}
Epoch 3 **** Loss 0.059513043612241745 **** Metrics validation: {'accuracy': 0.9470494734750646, 'f1_weighted': 0.9522078427417305, 'macro': 0.7010908845772749, 'micro': 0.9470494734750646, 'binary': 0.4299465240641711, 'accuracy_majority': 0.9607758620689655, 'macro_majority': 0.7448979468538034, 'binary_majority': 0.5102260495156082, 'run_time_millis': 14689.690254977904, 'loss_mean': 0.06942666321992874}
Epoch 4 **** Loss 2.1433652364066802e-05 **** Metrics validation: {'accuracy': 0.9494089012517385, 'f1_weighted': 0.9534192815255859, 'macro': 0.7012319621128213, 'micro': 0.9494089012517385, 'binary': 0.4289318755256518, 'accuracy_majority': 0.9649137931034483, 'macro_majority': 0.7539878105889563, 'binary_majority': 0.5261932479627475, 'run_time_millis': 14674.88519102335, 'loss_mean': 0.08124087750911713}
Epoch 5 **** Loss 0.01927707903087139 **** Metrics validation: {'accuracy': 0.9514702960460958, 'f1_weighted': 0.954124331082189, 'macro': 0.696392647499086, 'micro': 0.9514702960460958, 'binary': 0.41810601548540804, 'accuracy_majority': 0.9670689655172414, 'macro_majority': 0.7562469690395366, 'binary_majority': 0.5295566502463055, 'run_time_millis': 14615.082667965908, 'loss_mean': 0.09620827436447144}
Epoch 6 **** Loss 0.00010142621613340452 **** Metrics validation: {'accuracy': 0.9466272600834492, 'f1_weighted': 0.9515183311480968, 'macro': 0.694271448213393, 'micro': 0.9466272600834492, 'binary': 0.41650828129242473, 'accuracy_majority': 0.9618103448275862, 'macro_majority': 0.74258345762593, 'binary_majority': 0.5050279329608939, 'run_time_millis': 14615.385243028868, 'loss_mean': 0.1030116155743599}
Epoch 7 **** Loss 0.07472383230924606 **** Metrics validation: {'accuracy': 0.9472729982118021, 'f1_weighted': 0.9518738604858181, 'macro': 0.6946532394992345, 'micro': 0.9472729982118021, 'binary': 0.4169184290030212, 'accuracy_majority': 0.961551724137931, 'macro_majority': 0.7400035861574322, 'binary_majority': 0.4999999999999999, 'run_time_millis': 14697.90422002552, 'loss_mean': 0.11493059247732162}
Epoch 8 **** Loss 2.3317303202929907e-05 **** Metrics validation: {'accuracy': 0.9486886548778065, 'f1_weighted': 0.9526020482940942, 'macro': 0.694774414913587, 'micro': 0.9486886548778065, 'binary': 0.4163841807909605, 'accuracy_majority': 0.9622413793103448, 'macro_majority': 0.7390448985763545, 'binary_majority': 0.4977064220183485, 'run_time_millis': 14627.053866977803, 'loss_mean': 0.12682102620601654}
Epoch 9 **** Loss 0.0707780122756958 **** Metrics validation: {'accuracy': 0.9474220147029605, 'f1_weighted': 0.9520098740689951, 'macro': 0.6955162072632499, 'micro': 0.9474220147029605, 'binary': 0.41856632793188686, 'accuracy_majority': 0.9597413793103449, 'macro_majority': 0.7326492328026935, 'binary_majority': 0.4862486248624862, 'run_time_millis': 16643.570461019408, 'loss_mean': 0.12815237045288086}
Evaluating
{'accuracy': 0.9604112855155971, 'f1_weighted': 0.9592833844974835, 'macro': 0.7059133304887294, 'micro': 0.9604112855155971, 'binary': 0.4323361823361824, 'accuracy_majority': 0.9737931034482759, 'macro_majority': 0.7754800019049564, 'binary_majority': 0.5644699140401146, 'run_time_millis': 16623.077561031096, 'loss_mean': 0.056873906403779984}
