Device cuda
Split type sit
Training Size: 69577, NTA labels 49346, YTA labels 20231
Validation Size: 22759, NTA labels 15595, YTA labels 7164
Test Size: 24141, NTA labels 17081, YTA labels 7060
Training with SBERT, model name is sbert
Tokenizing the dataset
Number of training steps 21750
Epoch 0 **** Loss 0.13174375891685486 **** Metrics validation: {'accuracy': 0.6502921920998287, 'f1_weighted': 0.6298390974368395, 'macro': 0.5521983765437005, 'micro': 0.6502921920998287, 'binary': 0.3426117122325927, 'accuracy_majority': 0.6926720534967957, 'macro_majority': 0.5518207920340341, 'binary_majority': 0.300570703868104, 'run_time_millis': 79031.4676896669, 'loss_mean': 0.3421506881713867}
Epoch 1 **** Loss 0.4167805314064026 **** Metrics validation: {'accuracy': 0.5656663298035942, 'f1_weighted': 0.5811162493842432, 'macro': 0.5492604724254632, 'micro': 0.5656663298035942, 'binary': 0.46326763316501063, 'accuracy_majority': 0.5717470047366955, 'macro_majority': 0.5406367871598313, 'binary_majority': 0.4210922787193974, 'run_time_millis': 78945.05349593237, 'loss_mean': 0.3603172302246094}
Epoch 2 **** Loss 0.27579301595687866 **** Metrics validation: {'accuracy': 0.668175227382574, 'f1_weighted': 0.6497192331406536, 'macro': 0.5769397722175335, 'micro': 0.668175227382574, 'binary': 0.3804757998359311, 'accuracy_majority': 0.6965728615213151, 'macro_majority': 0.5738489409247943, 'binary_majority': 0.3451593505712568, 'run_time_millis': 81013.4517531842, 'loss_mean': 0.36835306882858276}
Epoch 3 **** Loss 0.040125325322151184 **** Metrics validation: {'accuracy': 0.6671206995034932, 'f1_weighted': 0.6455239220320095, 'macro': 0.5696562425061433, 'micro': 0.6671206995034932, 'binary': 0.36485580147551977, 'accuracy_majority': 0.7038172192811368, 'macro_majority': 0.5847202905635531, 'binary_majority': 0.3623275344931014, 'run_time_millis': 81020.16476122662, 'loss_mean': 0.4063026010990143}
Epoch 4 **** Loss 0.016920775175094604 **** Metrics validation: {'accuracy': 0.6609692868755218, 'f1_weighted': 0.653361981379319, 'macro': 0.5903588451922012, 'micro': 0.6609692868755218, 'binary': 0.42028549962434264, 'accuracy_majority': 0.6792978545555866, 'macro_majority': 0.5828111831683893, 'binary_majority': 0.3821792807300054, 'run_time_millis': 79135.51491498947, 'loss_mean': 0.48538723587989807}
Epoch 5 **** Loss 0.09825050830841064 **** Metrics validation: {'accuracy': 0.668307043367459, 'f1_weighted': 0.6560119197180381, 'macro': 0.5892635697577882, 'micro': 0.668307043367459, 'binary': 0.4090802348336595, 'accuracy_majority': 0.6829200334354973, 'macro_majority': 0.5716842427598241, 'binary_majority': 0.3534090909090909, 'run_time_millis': 79082.48227881268, 'loss_mean': 0.5034101009368896}
Epoch 6 **** Loss 0.14798900485038757 **** Metrics validation: {'accuracy': 0.6651434597302166, 'f1_weighted': 0.6564421155511083, 'macro': 0.5929260698592802, 'micro': 0.6651434597302166, 'binary': 0.4214681545585668, 'accuracy_majority': 0.6873780997492338, 'macro_majority': 0.5903048068799477, 'binary_majority': 0.39087947882736157, 'run_time_millis': 78751.38146616518, 'loss_mean': 0.6530214548110962}
Epoch 7 **** Loss 0.025118261575698853 **** Metrics validation: {'accuracy': 0.6747220879652006, 'f1_weighted': 0.6449310899684213, 'macro': 0.5631440811404022, 'micro': 0.6747220879652006, 'binary': 0.342364750821711, 'accuracy_majority': 0.7004736695458345, 'macro_majority': 0.5619989199188021, 'binary_majority': 0.3157224697644812, 'run_time_millis': 78922.98722593114, 'loss_mean': 0.836236834526062}
Epoch 8 **** Loss 0.06567569822072983 **** Metrics validation: {'accuracy': 0.6587723537941035, 'f1_weighted': 0.6460536284390669, 'macro': 0.5773154403183531, 'micro': 0.6587723537941035, 'binary': 0.39176065162907264, 'accuracy_majority': 0.6845918083031485, 'macro_majority': 0.5800013232381291, 'binary_majority': 0.3704115684093437, 'run_time_millis': 79031.54762228951, 'loss_mean': 0.820137619972229}
Epoch 9 **** Loss 0.054780252277851105 **** Metrics validation: {'accuracy': 0.663034403972055, 'f1_weighted': 0.6440963049805682, 'macro': 0.5700048374180513, 'micro': 0.663034403972055, 'binary': 0.3699991785098168, 'accuracy_majority': 0.6831986625801059, 'macro_majority': 0.5644494182704853, 'binary_majority': 0.3370262390670554, 'run_time_millis': 79988.71547123417, 'loss_mean': 1.0776594877243042}
Evaluating
{'accuracy': 0.6651434597302166, 'f1_weighted': 0.6564421155511083, 'macro': 0.5929260698592802, 'micro': 0.6651434597302166, 'binary': 0.4214681545585668, 'accuracy_majority': 0.6873780997492338, 'macro_majority': 0.5903048068799477, 'binary_majority': 0.39087947882736157, 'run_time_millis': 79685.79273344949, 'loss_mean': 0.6530214548110962}
