Device cuda
Split type sit
Training Size: 9153, NTA labels 8013, YTA labels 1140
Validation Size: 3170, NTA labels 2790, YTA labels 380
Test Size: 3132, NTA labels 2744, YTA labels 388
Training with SBERT, model name is sbert
Tokenizing the dataset
Number of training steps 2870
Epoch 0 **** Loss 0.028467850759625435 **** Metrics validation: {'accuracy': 0.8466876971608833, 'f1_weighted': 0.8534142957796577, 'macro': 0.6691972199700422, 'micro': 0.8466876971608833, 'binary': 0.4268867924528302, 'accuracy_majority': 0.872636815920398, 'macro_majority': 0.6904596904596905, 'binary_majority': 0.452991452991453, 'run_time_millis': 4337.191922999409, 'loss_mean': 0.13499918580055237}
Epoch 1 **** Loss 0.033726438879966736 **** Metrics validation: {'accuracy': 0.8277602523659306, 'f1_weighted': 0.8413806295724545, 'macro': 0.6590189125295508, 'micro': 0.8277602523659306, 'binary': 0.4191489361702127, 'accuracy_majority': 0.8497512437810946, 'macro_majority': 0.6675604450490592, 'binary_majority': 0.421455938697318, 'run_time_millis': 4325.118316999578, 'loss_mean': 0.13648584485054016}
Epoch 2 **** Loss 0.037333112210035324 **** Metrics validation: {'accuracy': 0.7340694006309149, 'f1_weighted': 0.7781296552432359, 'macro': 0.6184526422873053, 'micro': 0.7340694006309147, 'binary': 0.408421052631579, 'accuracy_majority': 0.7432835820895523, 'macro_majority': 0.6075787294322764, 'binary_majority': 0.3768115942028985, 'run_time_millis': 4298.810502001288, 'loss_mean': 0.13824903964996338}
Epoch 3 **** Loss 0.0014859095681458712 **** Metrics validation: {'accuracy': 0.8176656151419558, 'f1_weighted': 0.8372094058213931, 'macro': 0.6665552915552915, 'micro': 0.8176656151419558, 'binary': 0.44208494208494203, 'accuracy_majority': 0.8388059701492537, 'macro_majority': 0.6754548933930822, 'binary_majority': 0.4452054794520548, 'run_time_millis': 4129.551011999865, 'loss_mean': 0.1543647199869156}
Epoch 4 **** Loss 0.08821181952953339 **** Metrics validation: {'accuracy': 0.8069400630914827, 'f1_weighted': 0.8294061766715056, 'macro': 0.6569751775382076, 'micro': 0.8069400630914827, 'binary': 0.4301675977653632, 'accuracy_majority': 0.8278606965174129, 'macro_majority': 0.6638477556015707, 'binary_majority': 0.4290429042904291, 'run_time_millis': 4287.915024999165, 'loss_mean': 0.16319817304611206}
Epoch 5 **** Loss 0.21320673823356628 **** Metrics validation: {'accuracy': 0.8305993690851735, 'f1_weighted': 0.8431271779657356, 'macro': 0.6601452421951037, 'micro': 0.8305993690851736, 'binary': 0.4194594594594595, 'accuracy_majority': 0.8577114427860697, 'macro_majority': 0.6810026613631773, 'binary_majority': 0.443579766536965, 'run_time_millis': 4303.621110000677, 'loss_mean': 0.19991903007030487}
Epoch 6 **** Loss 0.0006473730318248272 **** Metrics validation: {'accuracy': 0.8233438485804416, 'f1_weighted': 0.8392280449967539, 'macro': 0.6603452722709953, 'micro': 0.8233438485804416, 'binary': 0.42505133470225875, 'accuracy_majority': 0.8487562189054726, 'macro_majority': 0.6768598118188587, 'binary_majority': 0.4411764705882353, 'run_time_millis': 4291.427243000726, 'loss_mean': 0.20160432159900665}
Epoch 7 **** Loss 0.884601891040802 **** Metrics validation: {'accuracy': 0.822397476340694, 'f1_weighted': 0.8387405750383298, 'macro': 0.6605194534939746, 'micro': 0.822397476340694, 'binary': 0.42609582059123347, 'accuracy_majority': 0.8497512437810946, 'macro_majority': 0.6819386953104533, 'binary_majority': 0.45090909090909087, 'run_time_millis': 4279.914173999714, 'loss_mean': 0.2082260251045227}
Epoch 8 **** Loss 0.0005281759658828378 **** Metrics validation: {'accuracy': 0.8220820189274448, 'f1_weighted': 0.83871712724814, 'macro': 0.6613250429433813, 'micro': 0.8220820189274447, 'binary': 0.42799188640973623, 'accuracy_majority': 0.8467661691542289, 'macro_majority': 0.6766084950604283, 'binary_majority': 0.4420289855072464, 'run_time_millis': 4295.229665000079, 'loss_mean': 0.2119673490524292}
Epoch 9 **** Loss 0.1314832717180252 **** Metrics validation: {'accuracy': 0.822397476340694, 'f1_weighted': 0.8389508830802573, 'macro': 0.6616455042253788, 'micro': 0.822397476340694, 'binary': 0.4284263959390863, 'accuracy_majority': 0.8497512437810946, 'macro_majority': 0.6819386953104533, 'binary_majority': 0.45090909090909087, 'run_time_millis': 4257.396064998829, 'loss_mean': 0.2143789678812027}
Evaluating
{'accuracy': 0.8466876971608833, 'f1_weighted': 0.8534142957796577, 'macro': 0.6691972199700422, 'micro': 0.8466876971608833, 'binary': 0.4268867924528302, 'accuracy_majority': 0.872636815920398, 'macro_majority': 0.6904596904596905, 'binary_majority': 0.452991452991453, 'run_time_millis': 4292.736033999972, 'loss_mean': 0.13499918580055237}
