Device cuda
Split type sit
Training Size: 40414, NTA labels 39062, YTA labels 1352
Validation Size: 13519, NTA labels 13124, YTA labels 395
Test Size: 13587, NTA labels 13140, YTA labels 447
Training with SBERT, model name is sbert
Tokenizing the dataset
Number of training steps 12630
Epoch 0 **** Loss 0.02232697792351246 **** Metrics validation: {'accuracy': 0.9387528663362674, 'f1_weighted': 0.9508364474130983, 'macro': 0.6781203064078195, 'micro': 0.9387528663362674, 'binary': 0.38847858197932056, 'accuracy_majority': 0.9394010294805802, 'macro_majority': 0.6903753565897393, 'binary_majority': 0.4126984126984127, 'run_time_millis': 8305.136535000202, 'loss_mean': 0.04114243760704994}
Epoch 1 **** Loss 0.01630515418946743 **** Metrics validation: {'accuracy': 0.9285450107256454, 'f1_weighted': 0.9447885027364454, 'macro': 0.6653784894858052, 'micro': 0.9285450107256454, 'binary': 0.3686274509803922, 'accuracy_majority': 0.9299251286850725, 'macro_majority': 0.681594248780681, 'binary_majority': 0.40040040040040037, 'run_time_millis': 8222.176766000302, 'loss_mean': 0.040824808180332184}
Epoch 2 **** Loss 0.12871278822422028 **** Metrics validation: {'accuracy': 0.9324654190398698, 'f1_weighted': 0.9467691325080992, 'macro': 0.6636089945032925, 'micro': 0.9324654190398698, 'binary': 0.3628750872295882, 'accuracy_majority': 0.9313289658399626, 'macro_majority': 0.6757640182475613, 'binary_majority': 0.3879040667361835, 'run_time_millis': 8265.532380999502, 'loss_mean': 0.04772374778985977}
Epoch 3 **** Loss 0.027577733621001244 **** Metrics validation: {'accuracy': 0.939196686145425, 'f1_weighted': 0.9510486029383789, 'macro': 0.6777459781965172, 'micro': 0.939196686145425, 'binary': 0.38748137108792846, 'accuracy_majority': 0.9381141787552644, 'macro_majority': 0.6901050906011946, 'binary_majority': 0.4128745837957825, 'run_time_millis': 8307.809840999653, 'loss_mean': 0.06300849467515945}
Epoch 4 **** Loss 0.011551414616405964 **** Metrics validation: {'accuracy': 0.9495524816924329, 'f1_weighted': 0.9563285031567295, 'macro': 0.6762896160819489, 'micro': 0.9495524816924329, 'binary': 0.37887067395264123, 'accuracy_majority': 0.9487599438465139, 'macro_majority': 0.6882502055836828, 'binary_majority': 0.4032697547683923, 'run_time_millis': 8343.911864000802, 'loss_mean': 0.08130712807178497}
Epoch 5 **** Loss 0.0011394976172596216 **** Metrics validation: {'accuracy': 0.9441526740143502, 'f1_weighted': 0.9534882763799323, 'macro': 0.6751911276410693, 'micro': 0.9441526740143502, 'binary': 0.37962202136400985, 'accuracy_majority': 0.9432615816565278, 'macro_majority': 0.6868291842041433, 'binary_majority': 0.40344403444034443, 'run_time_millis': 8311.847926000155, 'loss_mean': 0.08501417189836502}
Epoch 6 **** Loss 0.002896843710914254 **** Metrics validation: {'accuracy': 0.9478511724239959, 'f1_weighted': 0.955247895857926, 'macro': 0.6725064766672468, 'micro': 0.9478511724239959, 'binary': 0.37221727515583264, 'accuracy_majority': 0.9460692559663079, 'macro_majority': 0.6829982619971868, 'binary_majority': 0.39421813403416556, 'run_time_millis': 8310.819657000138, 'loss_mean': 0.09861196577548981}
Epoch 7 **** Loss 0.017152536660432816 **** Metrics validation: {'accuracy': 0.9442266439825431, 'f1_weighted': 0.9534248906219016, 'macro': 0.6733184756161658, 'micro': 0.9442266439825431, 'binary': 0.3758278145695364, 'accuracy_majority': 0.943378568086102, 'macro_majority': 0.6885665076841548, 'binary_majority': 0.40686274509803927, 'run_time_millis': 7301.207683999564, 'loss_mean': 0.09181496500968933}
Epoch 8 **** Loss 0.018918368965387344 **** Metrics validation: {'accuracy': 0.9491086618832754, 'f1_weighted': 0.9558496577269434, 'macro': 0.6717233792698218, 'micro': 0.9491086618832754, 'binary': 0.3699633699633699, 'accuracy_majority': 0.9475900795507721, 'macro_majority': 0.6844162526737443, 'binary_majority': 0.3962264150943396, 'run_time_millis': 8218.133041000328, 'loss_mean': 0.10577796399593353}
Epoch 9 **** Loss 0.0008791011059656739 **** Metrics validation: {'accuracy': 0.9531770101338857, 'f1_weighted': 0.9582995649633708, 'macro': 0.6784497777336896, 'micro': 0.9531770101338857, 'binary': 0.3812316715542522, 'accuracy_majority': 0.9518015910154423, 'macro_majority': 0.6897542260241053, 'binary_majority': 0.4046242774566475, 'run_time_millis': 8277.078517000518, 'loss_mean': 0.11468998342752457}
Evaluating
{'accuracy': 0.9531770101338857, 'f1_weighted': 0.9582995649633708, 'macro': 0.6784497777336896, 'micro': 0.9531770101338857, 'binary': 0.3812316715542522, 'accuracy_majority': 0.9518015910154423, 'macro_majority': 0.6897542260241053, 'binary_majority': 0.4046242774566475, 'run_time_millis': 8333.210200000394, 'loss_mean': 0.11468998342752457}
Device cuda
Split type sit
Training Size: 40414, NTA labels 39062, YTA labels 1352
Validation Size: 13519, NTA labels 13124, YTA labels 395
Test Size: 13587, NTA labels 13140, YTA labels 447
Training with SBERT, model name is sbert
Tokenizing the dataset
Number of training steps 12630
Epoch 0 **** Loss 0.014878427609801292 **** Metrics validation: {'accuracy': 0.9353502477993935, 'f1_weighted': 0.948594791740334, 'macro': 0.6694726066008767, 'micro': 0.9353502477993935, 'binary': 0.3730272596843615, 'accuracy_majority': 0.9363593823116518, 'macro_majority': 0.6842942551085391, 'binary_majority': 0.4021978021978022, 'run_time_millis': 8074.165359998005, 'loss_mean': 0.041312139481306076}
Epoch 1 **** Loss 0.02060503512620926 **** Metrics validation: {'accuracy': 0.92713958132998, 'f1_weighted': 0.9439473129681775, 'macro': 0.6635467677222855, 'micro': 0.92713958132998, 'binary': 0.36574372182871867, 'accuracy_majority': 0.9284043051006083, 'macro_majority': 0.6780069502660822, 'binary_majority': 0.394059405940594, 'run_time_millis': 8089.649574998475, 'loss_mean': 0.040613580495119095}
Epoch 2 **** Loss 0.014535006135702133 **** Metrics validation: {'accuracy': 0.9282491308528737, 'f1_weighted': 0.944538531988402, 'macro': 0.6635794709394325, 'micro': 0.9282491308528737, 'binary': 0.36518324607329844, 'accuracy_majority': 0.9287552643893309, 'macro_majority': 0.6768852768852769, 'binary_majority': 0.39160839160839156, 'run_time_millis': 7987.614445999498, 'loss_mean': 0.049164313822984695}
Epoch 3 **** Loss 0.03011217899620533 **** Metrics validation: {'accuracy': 0.9346845180856572, 'f1_weighted': 0.9483818736233589, 'macro': 0.6720686586639211, 'micro': 0.9346845180856571, 'binary': 0.378606615059817, 'accuracy_majority': 0.934370613008891, 'macro_majority': 0.6858072574994127, 'binary_majority': 0.4063492063492063, 'run_time_millis': 5968.400979007129, 'loss_mean': 0.06198341026902199}
Epoch 4 **** Loss 0.01243380643427372 **** Metrics validation: {'accuracy': 0.9417116650639841, 'f1_weighted': 0.9522881573474086, 'macro': 0.676410759241439, 'micro': 0.9417116650639841, 'binary': 0.3834115805946792, 'accuracy_majority': 0.9396350023397286, 'macro_majority': 0.6861820339547413, 'binary_majority': 0.40415704387990764, 'run_time_millis': 8099.617494997801, 'loss_mean': 0.07417945563793182}
Epoch 5 **** Loss 0.009288706816732883 **** Metrics validation: {'accuracy': 0.9391227161772321, 'f1_weighted': 0.9506537806129408, 'macro': 0.6710748868945828, 'micro': 0.9391227161772321, 'binary': 0.3741444866920152, 'accuracy_majority': 0.9362423958820777, 'macro_majority': 0.6787107768711429, 'binary_majority': 0.39106145251396646, 'run_time_millis': 7994.63933899824, 'loss_mean': 0.0769076719880104}
Epoch 6 **** Loss 7.696596730966121e-05 **** Metrics validation: {'accuracy': 0.9550262593387084, 'f1_weighted': 0.9598329624783111, 'macro': 0.6891049790092817, 'micro': 0.9550262593387084, 'binary': 0.4015748031496063, 'accuracy_majority': 0.9526204960224613, 'macro_majority': 0.697120839593484, 'binary_majority': 0.41893830703012913, 'run_time_millis': 7044.638289997238, 'loss_mean': 0.10313161462545395}
Epoch 7 **** Loss 0.01139814592897892 **** Metrics validation: {'accuracy': 0.951993490642799, 'f1_weighted': 0.9581245440890563, 'macro': 0.6862005743419787, 'micro': 0.9519934906427989, 'binary': 0.3974001857010214, 'accuracy_majority': 0.950280767430978, 'macro_majority': 0.6963172965560364, 'binary_majority': 0.41860465116279066, 'run_time_millis': 5975.384893004957, 'loss_mean': 0.10161726176738739}
Epoch 8 **** Loss 0.005413767881691456 **** Metrics validation: {'accuracy': 0.9491086618832754, 'f1_weighted': 0.9564309482271783, 'macro': 0.682297469193238, 'micro': 0.9491086618832754, 'binary': 0.3911504424778761, 'accuracy_majority': 0.9473561066916237, 'macro_majority': 0.6947658363730316, 'binary_majority': 0.41709844559585496, 'run_time_millis': 5874.449634000484, 'loss_mean': 0.09963681548833847}
Epoch 9 **** Loss 0.006953346077352762 **** Metrics validation: {'accuracy': 0.9544344995931652, 'f1_weighted': 0.9595328639612396, 'macro': 0.6891283637894836, 'micro': 0.9544344995931652, 'binary': 0.4019417475728155, 'accuracy_majority': 0.9520355638745905, 'macro_majority': 0.697942824362321, 'binary_majority': 0.4209039548022599, 'run_time_millis': 6862.407697997696, 'loss_mean': 0.11134105920791626}
Evaluating
{'accuracy': 0.9550262593387084, 'f1_weighted': 0.9598329624783111, 'macro': 0.6891049790092817, 'micro': 0.9550262593387084, 'binary': 0.4015748031496063, 'accuracy_majority': 0.9526204960224613, 'macro_majority': 0.697120839593484, 'binary_majority': 0.41893830703012913, 'run_time_millis': 6064.416223998705, 'loss_mean': 0.10313161462545395}
Device cuda
Split type sit
Training Size: 40414, NTA labels 39062, YTA labels 1352
Validation Size: 13519, NTA labels 13124, YTA labels 395
Test Size: 13587, NTA labels 13140, YTA labels 447
Training with SBERT, model name is sbert
Tokenizing the dataset
Number of training steps 12630
Epoch 0 **** Loss 0.024429282173514366 **** Metrics validation: {'accuracy': 0.9230712330793698, 'f1_weighted': 0.9414213924359401, 'macro': 0.6565687357898614, 'micro': 0.9230712330793698, 'binary': 0.3540372670807453, 'accuracy_majority': 0.9238418343472157, 'macro_majority': 0.670008263509593, 'binary_majority': 0.3805899143672693, 'run_time_millis': 7992.96561400115, 'loss_mean': 0.04036948084831238}
Epoch 1 **** Loss 0.03241651877760887 **** Metrics validation: {'accuracy': 0.925438272061543, 'f1_weighted': 0.9429012168814381, 'macro': 0.6608126069671654, 'micro': 0.925438272061543, 'binary': 0.3612167300380228, 'accuracy_majority': 0.9266495086569958, 'macro_majority': 0.676998102642674, 'binary_majority': 0.3930300096805421, 'run_time_millis': 7974.39660699456, 'loss_mean': 0.04170889034867287}
Epoch 2 **** Loss 0.024344880133867264 **** Metrics validation: {'accuracy': 0.9191508247651453, 'f1_weighted': 0.9390598954737813, 'macro': 0.6514065912169967, 'micro': 0.9191508247651453, 'binary': 0.34590065828845, 'accuracy_majority': 0.9195133364529715, 'macro_majority': 0.6663322248565535, 'binary_majority': 0.37568058076225047, 'run_time_millis': 5868.80858099903, 'loss_mean': 0.04616853967308998}
Epoch 3 **** Loss 0.002907596295699477 **** Metrics validation: {'accuracy': 0.9189289148605666, 'f1_weighted': 0.9389024389855712, 'macro': 0.6506450823107599, 'micro': 0.9189289148605666, 'binary': 0.34449760765550236, 'accuracy_majority': 0.9189284043051006, 'macro_majority': 0.6653207210038202, 'binary_majority': 0.3739837398373984, 'run_time_millis': 8005.095373999211, 'loss_mean': 0.051408346742391586}
Epoch 4 **** Loss 0.012676759622991085 **** Metrics validation: {'accuracy': 0.9131592573415194, 'f1_weighted': 0.9351969423218113, 'macro': 0.638666612391436, 'micro': 0.9131592573415194, 'binary': 0.32373271889400923, 'accuracy_majority': 0.9124941506785212, 'macro_majority': 0.6541173313945436, 'binary_majority': 0.35517241379310344, 'run_time_millis': 5871.143365002354, 'loss_mean': 0.0560791939496994}
Epoch 5 **** Loss 0.0062630572356283665 **** Metrics validation: {'accuracy': 0.947777202455803, 'f1_weighted': 0.9553813489383353, 'macro': 0.675632272128641, 'micro': 0.947777202455803, 'binary': 0.3785211267605634, 'accuracy_majority': 0.9465372016846045, 'macro_majority': 0.688865635620128, 'binary_majority': 0.40572171651495453, 'run_time_millis': 7969.334622001043, 'loss_mean': 0.08622817695140839}
Epoch 6 **** Loss 0.06352420151233673 **** Metrics validation: {'accuracy': 0.9508839411199054, 'f1_weighted': 0.956981331238277, 'macro': 0.6757723500181607, 'micro': 0.9508839411199054, 'binary': 0.37711069418386495, 'accuracy_majority': 0.9496958352831072, 'macro_majority': 0.6899064971457805, 'binary_majority': 0.40607734806629836, 'run_time_millis': 8005.631962005282, 'loss_mean': 0.1017366349697113}
Epoch 7 **** Loss 0.02118002064526081 **** Metrics validation: {'accuracy': 0.9527331903247281, 'f1_weighted': 0.9583648282973837, 'macro': 0.6837091970562607, 'micro': 0.9527331903247283, 'binary': 0.3920076117982873, 'accuracy_majority': 0.9514506317267197, 'macro_majority': 0.694671797271617, 'binary_majority': 0.4146685472496474, 'run_time_millis': 5867.683841992402, 'loss_mean': 0.11047416180372238}
Epoch 8 **** Loss 0.008757203817367554 **** Metrics validation: {'accuracy': 0.9473333826466455, 'f1_weighted': 0.9552692377556082, 'macro': 0.6777541287391526, 'micro': 0.9473333826466455, 'binary': 0.3830155979202773, 'accuracy_majority': 0.9466541881141788, 'macro_majority': 0.6944641713282207, 'binary_majority': 0.4168797953964194, 'run_time_millis': 6964.158764007152, 'loss_mean': 0.10314757376909256}
Epoch 9 **** Loss 0.0036513758823275566 **** Metrics validation: {'accuracy': 0.9516976107700273, 'f1_weighted': 0.957678123858078, 'macro': 0.6808564835024599, 'micro': 0.9516976107700273, 'binary': 0.3868544600938967, 'accuracy_majority': 0.9508656995788488, 'macro_majority': 0.6971179739563438, 'binary_majority': 0.4198895027624309, 'run_time_millis': 6952.401272996212, 'loss_mean': 0.10956097394227982}
Evaluating
{'accuracy': 0.9527331903247281, 'f1_weighted': 0.9583648282973837, 'macro': 0.6837091970562607, 'micro': 0.9527331903247283, 'binary': 0.3920076117982873, 'accuracy_majority': 0.9514506317267197, 'macro_majority': 0.694671797271617, 'binary_majority': 0.4146685472496474, 'run_time_millis': 5942.235503011034, 'loss_mean': 0.11047416180372238}
