Device cuda
Split type sit
Training Size: 21359, NTA labels 20835, YTA labels 524
Validation Size: 7133, NTA labels 6938, YTA labels 195
Test Size: 6883, NTA labels 6702, YTA labels 181
Training with SBERT, model name is sbert
Tokenizing the dataset
Number of training steps 6680
Epoch 0 **** Loss 0.018746133893728256 **** Metrics validation: {'accuracy': 0.9189681760829945, 'f1_weighted': 0.9380544573133346, 'macro': 0.6080575487590169, 'micro': 0.9189681760829945, 'binary': 0.258974358974359, 'accuracy_majority': 0.9309815950920245, 'macro_majority': 0.6048230563283533, 'binary_majority': 0.24581005586592175, 'run_time_millis': 3988.351692001743, 'loss_mean': 0.03691858425736427}
Epoch 1 **** Loss 0.013835561461746693 **** Metrics validation: {'accuracy': 0.9003224449740642, 'f1_weighted': 0.9275874795853567, 'macro': 0.5986999511704261, 'micro': 0.9003224449740642, 'binary': 0.2507903055848261, 'accuracy_majority': 0.9120654396728016, 'macro_majority': 0.589306379550282, 'binary_majority': 0.22522522522522526, 'run_time_millis': 3964.9568700006057, 'loss_mean': 0.034851666539907455}
Epoch 2 **** Loss 0.0693885087966919 **** Metrics validation: {'accuracy': 0.911117341931866, 'f1_weighted': 0.9337665247173494, 'macro': 0.606033821879334, 'micro': 0.911117341931866, 'binary': 0.25934579439252337, 'accuracy_majority': 0.9212678936605317, 'macro_majority': 0.5903787470831089, 'binary_majority': 0.22222222222222224, 'run_time_millis': 4787.727251998149, 'loss_mean': 0.03759227693080902}
Epoch 3 **** Loss 0.021544313058257103 **** Metrics validation: {'accuracy': 0.8965372213654844, 'f1_weighted': 0.9252127582869228, 'macro': 0.591834921284752, 'micro': 0.8965372213654844, 'binary': 0.2391752577319588, 'accuracy_majority': 0.9038854805725971, 'macro_majority': 0.5692841079460269, 'binary_majority': 0.18965517241379312, 'run_time_millis': 3771.979398003168, 'loss_mean': 0.043154243379831314}
Epoch 4 **** Loss 0.0177860539406538 **** Metrics validation: {'accuracy': 0.8596663395485771, 'f1_weighted': 0.9035234433923143, 'macro': 0.5670860699926327, 'micro': 0.8596663395485771, 'binary': 0.21118991331757286, 'accuracy_majority': 0.8680981595092024, 'macro_majority': 0.5426576620664905, 'binary_majority': 0.15686274509803924, 'run_time_millis': 2758.850050999172, 'loss_mean': 0.041031088680028915}
Epoch 5 **** Loss 0.0034032666590064764 **** Metrics validation: {'accuracy': 0.8833590354689471, 'f1_weighted': 0.9174475829166994, 'macro': 0.5804108154090847, 'micro': 0.8833590354689471, 'binary': 0.22388059701492538, 'accuracy_majority': 0.8921267893660532, 'macro_majority': 0.5574257266483296, 'binary_majority': 0.17254901960784313, 'run_time_millis': 3633.065567999438, 'loss_mean': 0.04764573648571968}
Epoch 6 **** Loss 0.017115045338869095 **** Metrics validation: {'accuracy': 0.8965372213654844, 'f1_weighted': 0.9251428701585305, 'macro': 0.5902680614579928, 'micro': 0.8965372213654844, 'binary': 0.2360248447204969, 'accuracy_majority': 0.9059304703476483, 'macro_majority': 0.5715183724784273, 'binary_majority': 0.1929824561403509, 'run_time_millis': 3515.152138999838, 'loss_mean': 0.058739159256219864}
Epoch 7 **** Loss 0.010510293766856194 **** Metrics validation: {'accuracy': 0.9217720454226833, 'f1_weighted': 0.9395531008149188, 'macro': 0.6083441049313714, 'micro': 0.9217720454226833, 'binary': 0.25797872340425526, 'accuracy_majority': 0.9340490797546013, 'macro_majority': 0.6055656382335148, 'binary_majority': 0.24561403508771928, 'run_time_millis': 4785.019302002183, 'loss_mean': 0.07031217217445374}
Epoch 8 **** Loss 0.04162149876356125 **** Metrics validation: {'accuracy': 0.919108369549979, 'f1_weighted': 0.9382750030037343, 'macro': 0.6110835868551965, 'micro': 0.919108369549979, 'binary': 0.26496815286624203, 'accuracy_majority': 0.9304703476482618, 'macro_majority': 0.5997664943459133, 'binary_majority': 0.2359550561797753, 'run_time_millis': 4793.930007002928, 'loss_mean': 0.07038673013448715}
Epoch 9 **** Loss 0.034594468772411346 **** Metrics validation: {'accuracy': 0.9227533996915743, 'f1_weighted': 0.9401437187412286, 'macro': 0.6098256304262472, 'micro': 0.9227533996915743, 'binary': 0.26040268456375837, 'accuracy_majority': 0.934560327198364, 'macro_majority': 0.6064262583707989, 'binary_majority': 0.24705882352941178, 'run_time_millis': 4746.329395999055, 'loss_mean': 0.072552889585495}
Evaluating
{'accuracy': 0.9227533996915743, 'f1_weighted': 0.9401437187412286, 'macro': 0.6098256304262472, 'micro': 0.9227533996915743, 'binary': 0.26040268456375837, 'accuracy_majority': 0.934560327198364, 'macro_majority': 0.6064262583707989, 'binary_majority': 0.24705882352941178, 'run_time_millis': 4710.336227999505, 'loss_mean': 0.072552889585495}
