Device cpu
Split type sit
Training Size: 17403, NTA labels 16754, YTA labels 649
Validation Size: 5739, NTA labels 5522, YTA labels 217
Test Size: 5644, NTA labels 5420, YTA labels 224
Training with SBERT, model name is sbert
Tokenizing the dataset
Number of training steps 5440
Epoch 0 **** Loss 0.029149271547794342 **** Metrics validation: {'accuracy': 0.8313294999128769, 'f1_weighted': 0.8803593091952777, 'macro': 0.5807013158276092, 'micro': 0.8313294999128769, 'binary': 0.25652841781874036, 'accuracy_majority': 0.8369047619047619, 'macro_majority': 0.5778987367772416, 'binary_majority': 0.2472527472527473, 'loss_mean': 0.04636566340923309}
Epoch 1 **** Loss 0.04984806105494499 **** Metrics validation: {'accuracy': 0.9306499390137655, 'f1_weighted': 0.9411518893216485, 'macro': 0.6707011787230117, 'micro': 0.9306499390137655, 'binary': 0.3781250000000001, 'accuracy_majority': 0.9380952380952381, 'macro_majority': 0.6848280191354417, 'binary_majority': 0.40229885057471265, 'loss_mean': 0.04946479946374893}
Epoch 2 **** Loss 0.06438147276639938 **** Metrics validation: {'accuracy': 0.8923157344485102, 'f1_weighted': 0.9184562482962282, 'macro': 0.6377367625428991, 'micro': 0.8923157344485102, 'binary': 0.33405172413793105, 'accuracy_majority': 0.9011904761904762, 'macro_majority': 0.6515376426311607, 'binary_majority': 0.3565891472868217, 'loss_mean': 0.04661630094051361}
Epoch 3 **** Loss 0.0390145480632782 **** Metrics validation: {'accuracy': 0.9081721554277749, 'f1_weighted': 0.9272503234782027, 'macro': 0.6405373447033612, 'micro': 0.9081721554277749, 'binary': 0.3303684879288437, 'accuracy_majority': 0.9154761904761904, 'macro_majority': 0.6517148546767968, 'binary_majority': 0.3486238532110092, 'loss_mean': 0.059459347277879715}
Epoch 4 **** Loss 0.032510217279195786 **** Metrics validation: {'accuracy': 0.8975431259801359, 'f1_weighted': 0.9212555380901215, 'macro': 0.6366529447790931, 'micro': 0.8975431259801359, 'binary': 0.32876712328767127, 'accuracy_majority': 0.9047619047619048, 'macro_majority': 0.6464572065910478, 'binary_majority': 0.3442622950819672, 'loss_mean': 0.06433823704719543}
Epoch 5 **** Loss 0.018695451319217682 **** Metrics validation: {'accuracy': 0.864959052099669, 'f1_weighted': 0.9012778508876582, 'macro': 0.6062223722195371, 'micro': 0.864959052099669, 'binary': 0.2870285188592456, 'accuracy_majority': 0.8720238095238095, 'macro_majority': 0.610049326816882, 'binary_majority': 0.29042904290429045, 'loss_mean': 0.06292246282100677}
Epoch 6 **** Loss 0.01874379627406597 **** Metrics validation: {'accuracy': 0.9071266771214497, 'f1_weighted': 0.9264779909436301, 'macro': 0.637298498474143, 'micro': 0.9071266771214497, 'binary': 0.32446134347275035, 'accuracy_majority': 0.9142857142857143, 'macro_majority': 0.6468094300947798, 'binary_majority': 0.3394495412844037, 'loss_mean': 0.08645356446504593}
Epoch 7 **** Loss 0.013184108771383762 **** Metrics validation: {'accuracy': 0.9092176337341, 'f1_weighted': 0.9280235887830816, 'macro': 0.6437911342678495, 'micro': 0.9092176337341, 'binary': 0.3363057324840764, 'accuracy_majority': 0.9142857142857143, 'macro_majority': 0.6497973364215403, 'binary_majority': 0.34545454545454546, 'loss_mean': 0.09346376359462738}
Epoch 8 **** Loss 0.0251441840082407 **** Metrics validation: {'accuracy': 0.9154905035720509, 'f1_weighted': 0.9319053581196359, 'macro': 0.6519027749204767, 'micro': 0.9154905035720509, 'binary': 0.348993288590604, 'accuracy_majority': 0.9226190476190477, 'macro_majority': 0.6638572686248314, 'binary_majority': 0.36893203883495146, 'loss_mean': 0.10222388058900833}
Epoch 9 **** Loss 0.011662018485367298 **** Metrics validation: {'accuracy': 0.9170587210315386, 'f1_weighted': 0.9325515620697162, 'macro': 0.6491394182506419, 'micro': 0.9170587210315386, 'binary': 0.34254143646408836, 'accuracy_majority': 0.9261904761904762, 'macro_majority': 0.6703797468354431, 'binary_majority': 0.38, 'loss_mean': 0.10539165139198303}
Evaluating
{'accuracy': 0.9306499390137655, 'f1_weighted': 0.9411518893216485, 'macro': 0.6707011787230117, 'micro': 0.9306499390137655, 'binary': 0.3781250000000001, 'accuracy_majority': 0.9380952380952381, 'macro_majority': 0.6848280191354417, 'binary_majority': 0.40229885057471265, 'loss_mean': 0.04946479946374893}
