Device cuda
Split type sit
Training Size: 3098, NTA labels 2038, YTA labels 1060
Validation Size: 3098, NTA labels 2038, YTA labels 1060
Test Size: 3129, NTA labels 2124, YTA labels 1005
Training with SBERT, model name is sbert
Tokenizing the dataset
Number of training steps 970
Epoch 0 **** Loss 0.21386414766311646 **** Metrics validation: {'accuracy': 0.7846998063266624, 'f1_weighted': 0.7715704371938611, 'macro': 0.735602585619968, 'micro': 0.7846998063266625, 'binary': 0.6216676120249575, 'accuracy_majority': 0.7702219040801718, 'macro_majority': 0.7280731595061332, 'binary_majority': 0.6210153482880755, 'run_time_millis': 4084.0712289991643, 'loss_mean': 0.2336287945508957}
Epoch 1 **** Loss 0.15104828774929047 **** Metrics validation: {'accuracy': 0.8376371852808263, 'f1_weighted': 0.8353514018476097, 'macro': 0.8148422624192984, 'micro': 0.8376371852808263, 'binary': 0.7498756837394331, 'accuracy_majority': 0.8611309949892627, 'macro_majority': 0.845605459848692, 'binary_majority': 0.7966457023060797, 'run_time_millis': 3127.134311998816, 'loss_mean': 0.18610110878944397}
Epoch 2 **** Loss 0.17739571630954742 **** Metrics validation: {'accuracy': 0.8489347966429954, 'f1_weighted': 0.8472178258866884, 'macro': 0.8285600770014829, 'micro': 0.8489347966429954, 'binary': 0.7694581280788179, 'accuracy_majority': 0.8797423049391553, 'macro_majority': 0.8668303842976333, 'binary_majority': 0.8253638253638255, 'run_time_millis': 3101.289670001279, 'loss_mean': 0.16876152157783508}
Epoch 3 **** Loss 0.19599243998527527 **** Metrics validation: {'accuracy': 0.8540994189799871, 'f1_weighted': 0.8536911364008155, 'macro': 0.8370536212995718, 'micro': 0.8540994189799871, 'binary': 0.7843511450381679, 'accuracy_majority': 0.8976377952755905, 'macro_majority': 0.8882958052284928, 'binary_majority': 0.8559919436052367, 'run_time_millis': 4115.332244999081, 'loss_mean': 0.1608419567346573}
Epoch 4 **** Loss 0.0907655879855156 **** Metrics validation: {'accuracy': 0.8573273079406069, 'f1_weighted': 0.8575181870186914, 'macro': 0.8419615421547916, 'micro': 0.8573273079406067, 'binary': 0.7926829268292682, 'accuracy_majority': 0.9119541875447388, 'macro_majority': 0.9044292233633398, 'binary_majority': 0.8776119402985074, 'run_time_millis': 4147.097789000327, 'loss_mean': 0.14823995530605316}
Epoch 5 **** Loss 0.14206460118293762 **** Metrics validation: {'accuracy': 0.856358941252421, 'f1_weighted': 0.8577254014885471, 'macro': 0.843658052952427, 'micro': 0.856358941252421, 'binary': 0.7990970654627539, 'accuracy_majority': 0.9226914817465999, 'macro_majority': 0.9172901499868432, 'binary_majority': 0.8961538461538462, 'run_time_millis': 3895.994898999561, 'loss_mean': 0.14125028252601624}
Epoch 6 **** Loss 0.1304662674665451 **** Metrics validation: {'accuracy': 0.8579728857327308, 'f1_weighted': 0.8587553559215195, 'macro': 0.8440388973708394, 'micro': 0.8579728857327309, 'binary': 0.7974217311233885, 'accuracy_majority': 0.9162491052254832, 'macro_majority': 0.9097083082674993, 'binary_majority': 0.8854064642507345, 'run_time_millis': 4136.958355000388, 'loss_mean': 0.14100103080272675}
Epoch 7 **** Loss 0.10494441539049149 **** Metrics validation: {'accuracy': 0.856036152356359, 'f1_weighted': 0.8579566824244846, 'macro': 0.8447293697017589, 'micro': 0.856036152356359, 'binary': 0.8028293545534926, 'accuracy_majority': 0.9312813171080888, 'macro_majority': 0.9269816103769393, 'binary_majority': 0.9092627599243855, 'run_time_millis': 4148.371870000119, 'loss_mean': 0.1300681233406067}
Epoch 8 **** Loss 0.0815674215555191 **** Metrics validation: {'accuracy': 0.8612007746933505, 'f1_weighted': 0.8618545203477094, 'macro': 0.8473235373940088, 'micro': 0.8612007746933505, 'binary': 0.8012939001848429, 'accuracy_majority': 0.9248389405869721, 'macro_majority': 0.9189689945990378, 'binary_majority': 0.8971596474045054, 'run_time_millis': 4134.785958000066, 'loss_mean': 0.136537566781044}
Epoch 9 **** Loss 0.15128834545612335 **** Metrics validation: {'accuracy': 0.8599096191091027, 'f1_weighted': 0.8606257357441071, 'macro': 0.846034859305892, 'micro': 0.8599096191091027, 'binary': 0.7998154981549815, 'accuracy_majority': 0.9248389405869721, 'macro_majority': 0.9189689945990378, 'binary_majority': 0.8971596474045054, 'run_time_millis': 4189.219799000057, 'loss_mean': 0.1384582817554474}
Evaluating
{'accuracy': 0.8612007746933505, 'f1_weighted': 0.8618545203477094, 'macro': 0.8473235373940088, 'micro': 0.8612007746933505, 'binary': 0.8012939001848429, 'accuracy_majority': 0.9248389405869721, 'macro_majority': 0.9189689945990378, 'binary_majority': 0.8971596474045054, 'run_time_millis': 4150.867682999888, 'loss_mean': 0.136537566781044}
