______________________________	 Running Epoch 1 of 10 	______________________________
[Training] Itteration/Batch:   0/221: Loss: 0.90 | Accuracy: 0.57
[Training] Itteration/Batch:  25/221: Loss: 1.07 | Accuracy: 0.78
[Training] Itteration/Batch:  50/221: Loss: 1.35 | Accuracy: 0.48
[Training] Itteration/Batch:  75/221: Loss: 1.02 | Accuracy: 0.79
[Training] Itteration/Batch: 100/221: Loss: 0.84 | Accuracy: 0.83
[Training] Itteration/Batch: 125/221: Loss: 1.25 | Accuracy: 0.75
[Training] Itteration/Batch: 150/221: Loss: 1.33 | Accuracy: 0.69
[Training] Itteration/Batch: 175/221: Loss: 1.62 | Accuracy: 0.50
[Training] Itteration/Batch: 200/221: Loss: 0.69 | Accuracy: 0.74

Epoch 1: Val Bin. F1 Majority 0.0 | Val Macro F1 Majority 0.4202674897119342 |             Val Bin F1 Individual 0.37197452783584595 | Val Macro F1 Individual 0.5953955669164344 |             Val Accuracy Majority 0.7249334454536438 | Val Accuracy Individual 0.7187678217887878 | Training Loss:1.0514299869537354 |             Val Loss 1.0017672777175903 | Train Runtime Millis 20166.978529000004 | Val Runtime Millis 2946.6831699999716

______________________________	 Running Epoch 2 of 10 	______________________________
[Training] Itteration/Batch:   0/221: Loss: 0.78 | Accuracy: 0.86
[Training] Itteration/Batch:  25/221: Loss: 0.77 | Accuracy: 0.87
[Training] Itteration/Batch:  50/221: Loss: 0.84 | Accuracy: 0.71
[Training] Itteration/Batch:  75/221: Loss: 1.01 | Accuracy: 0.77
[Training] Itteration/Batch: 100/221: Loss: 1.82 | Accuracy: 0.44
[Training] Itteration/Batch: 125/221: Loss: 1.12 | Accuracy: 0.76
[Training] Itteration/Batch: 150/221: Loss: 0.96 | Accuracy: 0.79
[Training] Itteration/Batch: 175/221: Loss: 1.21 | Accuracy: 0.57
[Training] Itteration/Batch: 200/221: Loss: 0.88 | Accuracy: 0.81

Epoch 2: Val Bin. F1 Majority 0.4025316536426544 | Val Macro F1 Majority 0.5400636369924603 |             Val Bin F1 Individual 0.4020942449569702 | Val Macro F1 Individual 0.5891302250836855 |             Val Accuracy Majority 0.581188976764679 | Val Accuracy Individual 0.6742726564407349 | Training Loss:1.0241259336471558 |             Val Loss 0.9995651245117188 | Train Runtime Millis 19574.950270999976 | Val Runtime Millis 2946.871783000006

______________________________	 Running Epoch 3 of 10 	______________________________
[Training] Itteration/Batch:   0/221: Loss: 1.02 | Accuracy: 0.68
[Training] Itteration/Batch:  25/221: Loss: 1.14 | Accuracy: 0.67
[Training] Itteration/Batch:  50/221: Loss: 1.74 | Accuracy: 0.60
[Training] Itteration/Batch:  75/221: Loss: 1.07 | Accuracy: 0.67
[Training] Itteration/Batch: 100/221: Loss: 0.81 | Accuracy: 0.73
[Training] Itteration/Batch: 125/221: Loss: 0.87 | Accuracy: 0.83
[Training] Itteration/Batch: 150/221: Loss: 1.22 | Accuracy: 0.74
[Training] Itteration/Batch: 175/221: Loss: 0.64 | Accuracy: 0.86
[Training] Itteration/Batch: 200/221: Loss: 0.90 | Accuracy: 0.84

Epoch 3: Val Bin. F1 Majority 0.4075471758842468 | Val Macro F1 Majority 0.5423616589289639 |             Val Bin F1 Individual 0.4234470725059509 | Val Macro F1 Individual 0.5722821464921625 |             Val Accuracy Majority 0.5820763111114502 | Val Accuracy Individual 0.6240730285644531 | Training Loss:0.978303849697113 |             Val Loss 1.0130138397216797 | Train Runtime Millis 19688.67696800004 | Val Runtime Millis 2944.502656999987

