Device cuda
Split type sit
Training Size: 17515, NTA labels 17243, YTA labels 272
Validation Size: 5755, NTA labels 5672, YTA labels 83
Test Size: 5626, NTA labels 5559, YTA labels 67
Training with SBERT, model name is sbert
Tokenizing the dataset
Number of training steps 5480
Epoch 0 **** Loss 0.00572575069963932 **** Metrics validation: {'accuracy': 0.8778453518679409, 'f1_weighted': 0.9229185190872179, 'macro': 0.5441005768488127, 'micro': 0.8778453518679409, 'binary': 0.15403128760529483, 'accuracy_majority': 0.8773301262778112, 'macro_majority': 0.5235760026963262, 'binary_majority': 0.11304347826086956, 'run_time_millis': 4179.980460001389, 'loss_mean': 0.018088489770889282}
Epoch 1 **** Loss 0.010984017513692379 **** Metrics validation: {'accuracy': 0.894005212858384, 'f1_weighted': 0.9322894426023834, 'macro': 0.5595184320811062, 'micro': 0.894005212858384, 'binary': 0.17567567567567566, 'accuracy_majority': 0.894167167769092, 'macro_majority': 0.5404403914031981, 'binary_majority': 0.13725490196078427, 'run_time_millis': 4214.977571000418, 'loss_mean': 0.016682013869285583}
Epoch 2 **** Loss 0.2927192151546478 **** Metrics validation: {'accuracy': 0.9416159860990443, 'f1_weighted': 0.9592040356420312, 'macro': 0.6081340038714824, 'micro': 0.9416159860990443, 'binary': 0.24663677130044848, 'accuracy_majority': 0.9428743235117258, 'macro_majority': 0.5860289859629539, 'binary_majority': 0.20168067226890757, 'run_time_millis': 4182.235895999838, 'loss_mean': 0.018211228772997856}
Epoch 3 **** Loss 0.00532844103872776 **** Metrics validation: {'accuracy': 0.9416159860990443, 'f1_weighted': 0.9590720966525675, 'macro': 0.6030056664203005, 'micro': 0.9416159860990443, 'binary': 0.2363636363636364, 'accuracy_majority': 0.9440769693325316, 'macro_majority': 0.5880736070826441, 'binary_majority': 0.20512820512820512, 'run_time_millis': 4176.8221109996375, 'loss_mean': 0.022131705656647682}
Epoch 4 **** Loss 0.05339537560939789 **** Metrics validation: {'accuracy': 0.9357080799304952, 'f1_weighted': 0.9556573056792417, 'macro': 0.5912905647977249, 'micro': 0.9357080799304952, 'binary': 0.21610169491525422, 'accuracy_majority': 0.9380637402285027, 'macro_majority': 0.5719112777257107, 'binary_majority': 0.17600000000000002, 'run_time_millis': 4175.154373000623, 'loss_mean': 0.02468780428171158}
Epoch 5 **** Loss 0.00038213899824768305 **** Metrics validation: {'accuracy': 0.9640312771503041, 'f1_weighted': 0.9716887607722556, 'macro': 0.6399238308258461, 'micro': 0.9640312771503041, 'binary': 0.2983050847457627, 'accuracy_majority': 0.9669272399278412, 'macro_majority': 0.6248743976212446, 'binary_majority': 0.26666666666666666, 'run_time_millis': 4182.497399000567, 'loss_mean': 0.035963717848062515}
Epoch 6 **** Loss 0.03670917823910713 **** Metrics validation: {'accuracy': 0.9577758470894874, 'f1_weighted': 0.9679278514128954, 'macro': 0.6198324393667177, 'micro': 0.9577758470894874, 'binary': 0.2613981762917933, 'accuracy_majority': 0.9609140108238123, 'macro_majority': 0.6076192896164945, 'binary_majority': 0.23529411764705882, 'run_time_millis': 4176.2558549999085, 'loss_mean': 0.03583945706486702}
Epoch 7 **** Loss 0.0008172586094588041 **** Metrics validation: {'accuracy': 0.9593397046046915, 'f1_weighted': 0.9688437988414317, 'macro': 0.6239192359249329, 'micro': 0.9593397046046915, 'binary': 0.26875, 'accuracy_majority': 0.963319302465424, 'macro_majority': 0.6140577146226864, 'binary_majority': 0.2469135802469136, 'run_time_millis': 4192.751639000562, 'loss_mean': 0.0398351289331913}
Epoch 8 **** Loss 0.010548642836511135 **** Metrics validation: {'accuracy': 0.9603822762814943, 'f1_weighted': 0.9694570838058358, 'macro': 0.6267604672278316, 'micro': 0.9603822762814943, 'binary': 0.27388535031847133, 'accuracy_majority': 0.9639206253758268, 'macro_majority': 0.6157578558225508, 'binary_majority': 0.25, 'run_time_millis': 4177.552580000338, 'loss_mean': 0.04201068356633186}
Epoch 9 **** Loss 0.015435557812452316 **** Metrics validation: {'accuracy': 0.9610773240660295, 'f1_weighted': 0.9698672122418093, 'macro': 0.6287096774193548, 'micro': 0.9610773240660295, 'binary': 0.27741935483870966, 'accuracy_majority': 0.9639206253758268, 'macro_majority': 0.6157578558225508, 'binary_majority': 0.25, 'run_time_millis': 4174.1166499996325, 'loss_mean': 0.042866405099630356}
Evaluating
{'accuracy': 0.9640312771503041, 'f1_weighted': 0.9716887607722556, 'macro': 0.6399238308258461, 'micro': 0.9640312771503041, 'binary': 0.2983050847457627, 'accuracy_majority': 0.9669272399278412, 'macro_majority': 0.6248743976212446, 'binary_majority': 0.26666666666666666, 'run_time_millis': 4168.41123300037, 'loss_mean': 0.035963717848062515}
