Device cuda
Split type sit
Training Size: 126397, NTA labels 122374, YTA labels 4023
Validation Size: 42093, NTA labels 40736, YTA labels 1357
Test Size: 42227, NTA labels 40860, YTA labels 1367
Training with SBERT, model name is sbert
Tokenizing the dataset
Number of training steps 39500
Epoch 0 **** Loss 0.09041804075241089 **** Metrics validation: {'accuracy': 0.9555745610909178, 'f1_weighted': 0.9587245632621424, 'macro': 0.694801296239475, 'micro': 0.9555745610909178, 'binary': 0.4126884422110553, 'accuracy_majority': 0.9671608343389071, 'macro_majority': 0.735813179033771, 'binary_majority': 0.4885906040268456, 'run_time_millis': 17375.069869987783, 'loss_mean': 0.054265327751636505}
Epoch 1 **** Loss 0.012474470771849155 **** Metrics validation: {'accuracy': 0.955218207302877, 'f1_weighted': 0.9583763111998482, 'macro': 0.692074441052449, 'micro': 0.955218207302877, 'binary': 0.4074190506130148, 'accuracy_majority': 0.9676779865540424, 'macro_majority': 0.7386165031439015, 'binary_majority': 0.493927125506073, 'run_time_millis': 17376.998912004638, 'loss_mean': 0.057427674531936646}
Epoch 2 **** Loss 0.266323059797287 **** Metrics validation: {'accuracy': 0.9575463853847433, 'f1_weighted': 0.9595746736960369, 'macro': 0.6924443545976092, 'micro': 0.9575463853847433, 'binary': 0.4069034185197477, 'accuracy_majority': 0.970263747629719, 'macro_majority': 0.7455539207786921, 'binary_majority': 0.5064377682403434, 'run_time_millis': 15335.468927994953, 'loss_mean': 0.06363430619239807}
Epoch 3 **** Loss 0.020880751311779022 **** Metrics validation: {'accuracy': 0.9604684864466776, 'f1_weighted': 0.9611857046618268, 'macro': 0.6947391377338331, 'micro': 0.9604684864466776, 'binary': 0.40992907801418443, 'accuracy_majority': 0.9737114290639545, 'macro_majority': 0.7568058400521491, 'binary_majority': 0.5271317829457364, 'run_time_millis': 17420.461023997632, 'loss_mean': 0.07634717971086502}
Epoch 4 **** Loss 0.04384467378258705 **** Metrics validation: {'accuracy': 0.9573088161927161, 'f1_weighted': 0.9594820210145346, 'macro': 0.692881919212698, 'micro': 0.9573088161927161, 'binary': 0.40790774299835253, 'accuracy_majority': 0.9694018272711602, 'macro_majority': 0.7389024623947746, 'binary_majority': 0.4935805991440798, 'run_time_millis': 17414.150982003775, 'loss_mean': 0.08558390289545059}
Epoch 5 **** Loss 0.03675597161054611 **** Metrics validation: {'accuracy': 0.9555270472525123, 'f1_weighted': 0.9582974179459401, 'macro': 0.6882617062219372, 'micro': 0.9555270472525123, 'binary': 0.399615137908916, 'accuracy_majority': 0.967247026374763, 'macro_majority': 0.7298393017035083, 'binary_majority': 0.4765840220385674, 'run_time_millis': 17405.599090998294, 'loss_mean': 0.10452378541231155}
Epoch 6 **** Loss 0.01814444363117218 **** Metrics validation: {'accuracy': 0.959423182001758, 'f1_weighted': 0.9606021218384428, 'macro': 0.6937890653509686, 'micro': 0.959423182001758, 'binary': 0.4085872576177285, 'accuracy_majority': 0.9720737803826927, 'macro_majority': 0.7488368736703692, 'binary_majority': 0.5120481927710844, 'run_time_millis': 17412.28682899964, 'loss_mean': 0.12064345180988312}
Epoch 7 **** Loss 0.018260814249515533 **** Metrics validation: {'accuracy': 0.9491601929061839, 'f1_weighted': 0.9545571524655336, 'macro': 0.6799746324556775, 'micro': 0.9491601929061839, 'binary': 0.38646788990825687, 'accuracy_majority': 0.9606964316497155, 'macro_majority': 0.7131133033134647, 'binary_majority': 0.44660194174757284, 'run_time_millis': 15379.81862599554, 'loss_mean': 0.11680389940738678}
Epoch 8 **** Loss 0.012538877315819263 **** Metrics validation: {'accuracy': 0.9583303637184329, 'f1_weighted': 0.9597601439772168, 'macro': 0.6890711208491057, 'micro': 0.9583303637184329, 'binary': 0.39972621492128674, 'accuracy_majority': 0.9711256679882779, 'macro_majority': 0.743680211309325, 'binary_majority': 0.5022288261515601, 'run_time_millis': 17418.948585007456, 'loss_mean': 0.13708215951919556}
Epoch 9 **** Loss 0.002795545617118478 **** Metrics validation: {'accuracy': 0.9573088161927161, 'f1_weighted': 0.9591879527320631, 'macro': 0.6881311110362831, 'micro': 0.9573088161927161, 'binary': 0.39839303649146296, 'accuracy_majority': 0.9699189794862955, 'macro_majority': 0.7397163613395136, 'binary_majority': 0.49493487698986977, 'run_time_millis': 15385.875642008614, 'loss_mean': 0.13609223067760468}
Evaluating
{'accuracy': 0.9604684864466776, 'f1_weighted': 0.9611857046618268, 'macro': 0.6947391377338331, 'micro': 0.9604684864466776, 'binary': 0.40992907801418443, 'accuracy_majority': 0.9737114290639545, 'macro_majority': 0.7568058400521491, 'binary_majority': 0.5271317829457364, 'run_time_millis': 15401.082954995218, 'loss_mean': 0.07634717971086502}
