Device cuda
Split type sit
Training Size: 864, NTA labels 739, YTA labels 125
Validation Size: 1481, NTA labels 1253, YTA labels 228
Test Size: 1528, NTA labels 1275, YTA labels 253
Training with SBERT, model name is sbert
Tokenizing the dataset
Number of training steps 270
Epoch 0 **** Loss 0.20212587714195251 **** Metrics validation: {'accuracy': 0.8264686022957461, 'f1_weighted': 0.8432802390384954, 'macro': 0.7375628914230474, 'micro': 0.8264686022957461, 'binary': 0.5848142164781905, 'accuracy_majority': 0.8356807511737089, 'macro_majority': 0.7592754044366947, 'binary_majority': 0.6236559139784946, 'run_time_millis': 2406.0669522732496, 'loss_mean': 0.11286155879497528}
Epoch 1 **** Loss 0.1593158096075058 **** Metrics validation: {'accuracy': 0.8359216745442268, 'f1_weighted': 0.8521724075343742, 'macro': 0.75361026957638, 'micro': 0.8359216745442268, 'binary': 0.6112000000000001, 'accuracy_majority': 0.8482003129890454, 'macro_majority': 0.7798781895342437, 'binary_majority': 0.657243816254417, 'run_time_millis': 3141.5712842717767, 'loss_mean': 0.12286914885044098}
Epoch 2 **** Loss 0.028409510850906372 **** Metrics validation: {'accuracy': 0.8035111411208643, 'f1_weighted': 0.8268481270023652, 'macro': 0.7259181247722455, 'micro': 0.8035111411208643, 'binary': 0.5800865800865801, 'accuracy_majority': 0.8200312989045383, 'macro_majority': 0.7556502857978898, 'binary_majority': 0.6302250803858521, 'run_time_millis': 3151.7841601744294, 'loss_mean': 0.14760607481002808}
Epoch 3 **** Loss 0.029566090553998947 **** Metrics validation: {'accuracy': 0.8663065496286293, 'f1_weighted': 0.8732816187419036, 'macro': 0.7711466781546761, 'micro': 0.8663065496286294, 'binary': 0.6235741444866921, 'accuracy_majority': 0.8732394366197183, 'macro_majority': 0.7902090249151862, 'binary_majority': 0.6582278481012658, 'run_time_millis': 3001.6714800149202, 'loss_mean': 0.13830628991127014}
Epoch 4 **** Loss 0.03657281771302223 **** Metrics validation: {'accuracy': 0.8669817690749494, 'f1_weighted': 0.8769196037026975, 'macro': 0.7851513109689867, 'micro': 0.8669817690749494, 'binary': 0.6525573192239859, 'accuracy_majority': 0.8748043818466353, 'macro_majority': 0.8057455540355677, 'binary_majority': 0.689922480620155, 'run_time_millis': 3164.9611946195364, 'loss_mean': 0.1530337929725647}
Epoch 5 **** Loss 0.05807490646839142 **** Metrics validation: {'accuracy': 0.8582039162727887, 'f1_weighted': 0.8703009820547412, 'macro': 0.7777674564838368, 'micro': 0.8582039162727888, 'binary': 0.6440677966101694, 'accuracy_majority': 0.8685446009389671, 'macro_majority': 0.8006032868733097, 'binary_majority': 0.6842105263157895, 'run_time_millis': 3096.403139643371, 'loss_mean': 0.14775319397449493}
Epoch 6 **** Loss 0.03307894617319107 **** Metrics validation: {'accuracy': 0.8703578663065497, 'f1_weighted': 0.8781930138855822, 'macro': 0.7825855583081016, 'micro': 0.8703578663065497, 'binary': 0.6444444444444444, 'accuracy_majority': 0.8763693270735524, 'macro_majority': 0.7992843084630524, 'binary_majority': 0.6748971193415638, 'run_time_millis': 3149.2148404940963, 'loss_mean': 0.1738010197877884}
Epoch 7 **** Loss 0.01069316454231739 **** Metrics validation: {'accuracy': 0.8669817690749494, 'f1_weighted': 0.8765214373410387, 'macro': 0.7833961042673099, 'micro': 0.8669817690749494, 'binary': 0.6488413547237077, 'accuracy_majority': 0.8748043818466353, 'macro_majority': 0.8034571850393701, 'binary_majority': 0.6850393700787402, 'run_time_millis': 3156.562970019877, 'loss_mean': 0.15517736971378326}
Epoch 8 **** Loss 0.06908202171325684 **** Metrics validation: {'accuracy': 0.8696826468602296, 'f1_weighted': 0.8779239322401309, 'macro': 0.7830102523030673, 'micro': 0.8696826468602296, 'binary': 0.6458715596330276, 'accuracy_majority': 0.8748043818466353, 'macro_majority': 0.7986386840612593, 'binary_majority': 0.6747967479674798, 'run_time_millis': 3165.317882783711, 'loss_mean': 0.1696312576532364}
Epoch 9 **** Loss 0.04759689420461655 **** Metrics validation: {'accuracy': 0.8710330857528696, 'f1_weighted': 0.877840394543954, 'macro': 0.7795658662219607, 'micro': 0.8710330857528696, 'binary': 0.6375711574952562, 'accuracy_majority': 0.8748043818466353, 'macro_majority': 0.7934712346477052, 'binary_majority': 0.6638655462184874, 'run_time_millis': 3154.0736434981227, 'loss_mean': 0.18061363697052002}
Evaluating
{'accuracy': 0.8703578663065497, 'f1_weighted': 0.8781930138855822, 'macro': 0.7825855583081016, 'micro': 0.8703578663065497, 'binary': 0.6444444444444444, 'accuracy_majority': 0.8763693270735524, 'macro_majority': 0.7992843084630524, 'binary_majority': 0.6748971193415638, 'run_time_millis': 3172.536819241941, 'loss_mean': 0.1738010197877884}
Device cuda
Split type sit
Training Size: 1302, NTA labels 1098, YTA labels 204
Validation Size: 1481, NTA labels 1253, YTA labels 228
Test Size: 1528, NTA labels 1275, YTA labels 253
Training with SBERT, model name is sbert
Tokenizing the dataset
Number of training steps 410
Epoch 0 **** Loss 0.05780445411801338 **** Metrics validation: {'accuracy': 0.8575286968264686, 'f1_weighted': 0.8680321689350837, 'macro': 0.7692609862623265, 'micro': 0.8575286968264686, 'binary': 0.6265486725663718, 'accuracy_majority': 0.8607198748043818, 'macro_majority': 0.7832635281653373, 'binary_majority': 0.6536964980544748, 'run_time_millis': 3165.5200561508536, 'loss_mean': 0.1140078455209732}
Epoch 1 **** Loss 0.1086653396487236 **** Metrics validation: {'accuracy': 0.8474004051316678, 'f1_weighted': 0.8615486046134067, 'macro': 0.7661413383714171, 'micro': 0.8474004051316678, 'binary': 0.6282894736842105, 'accuracy_majority': 0.8560250391236307, 'macro_majority': 0.7896221013455482, 'binary_majority': 0.6714285714285715, 'run_time_millis': 3182.338796555996, 'loss_mean': 0.1106790080666542}
Epoch 2 **** Loss 0.03684575483202934 **** Metrics validation: {'accuracy': 0.8980418636056718, 'f1_weighted': 0.9004932483549435, 'macro': 0.8138494770444793, 'micro': 0.8980418636056718, 'binary': 0.688659793814433, 'accuracy_majority': 0.9029733959311425, 'macro_majority': 0.8321953781512603, 'binary_majority': 0.7232142857142856, 'run_time_millis': 3173.8733295351267, 'loss_mean': 0.13709962368011475}
Epoch 3 **** Loss 0.04429226741194725 **** Metrics validation: {'accuracy': 0.8291694800810263, 'f1_weighted': 0.8469023315299548, 'macro': 0.7475789832504377, 'micro': 0.8291694800810263, 'binary': 0.6040688575899843, 'accuracy_majority': 0.837245696400626, 'macro_majority': 0.7702837232453957, 'binary_majority': 0.6462585034013606, 'run_time_millis': 3148.2755290344357, 'loss_mean': 0.11471246182918549}
Epoch 4 **** Loss 0.05421430990099907 **** Metrics validation: {'accuracy': 0.8737339635381499, 'f1_weighted': 0.8821313529394227, 'macro': 0.79152794097832, 'micro': 0.8737339635381499, 'binary': 0.6606170598911071, 'accuracy_majority': 0.8810641627543035, 'macro_majority': 0.8132843257874016, 'binary_majority': 0.7007874015748031, 'run_time_millis': 3155.5851185694337, 'loss_mean': 0.1262240707874298}
Epoch 5 **** Loss 0.017311306670308113 **** Metrics validation: {'accuracy': 0.9020931802835922, 'f1_weighted': 0.9045961572754752, 'macro': 0.8218364341567628, 'micro': 0.9020931802835922, 'binary': 0.702258726899384, 'accuracy_majority': 0.9107981220657277, 'macro_majority': 0.8451830914075616, 'binary_majority': 0.7443946188340808, 'run_time_millis': 3162.0273776352406, 'loss_mean': 0.1931971311569214}
Epoch 6 **** Loss 0.035261206328868866 **** Metrics validation: {'accuracy': 0.886563133018231, 'f1_weighted': 0.8919129784990977, 'macro': 0.8034679524041226, 'micro': 0.886563133018231, 'binary': 0.6756756756756757, 'accuracy_majority': 0.892018779342723, 'macro_majority': 0.8212891693721956, 'binary_majority': 0.7088607594936708, 'run_time_millis': 3144.897401332855, 'loss_mean': 0.17534935474395752}
Epoch 7 **** Loss 0.05088900402188301 **** Metrics validation: {'accuracy': 0.8973666441593517, 'f1_weighted': 0.9009653981573257, 'macro': 0.8171307879772542, 'micro': 0.8973666441593517, 'binary': 0.6960000000000001, 'accuracy_majority': 0.9061032863849765, 'macro_majority': 0.8398496240601504, 'binary_majority': 0.736842105263158, 'run_time_millis': 3150.358537212014, 'loss_mean': 0.1874498575925827}
Epoch 8 **** Loss 0.04718850925564766 **** Metrics validation: {'accuracy': 0.8953409858203917, 'f1_weighted': 0.8992304236915623, 'macro': 0.8144075765011396, 'micro': 0.8953409858203917, 'binary': 0.6918489065606361, 'accuracy_majority': 0.9014084507042254, 'macro_majority': 0.8335504037509769, 'binary_majority': 0.7272727272727273, 'run_time_millis': 3150.346016511321, 'loss_mean': 0.18822576105594635}
Epoch 9 **** Loss 0.03578253462910652 **** Metrics validation: {'accuracy': 0.8953409858203917, 'f1_weighted': 0.8992304236915623, 'macro': 0.8144075765011396, 'micro': 0.8953409858203917, 'binary': 0.6918489065606361, 'accuracy_majority': 0.9014084507042254, 'macro_majority': 0.8335504037509769, 'binary_majority': 0.7272727272727273, 'run_time_millis': 2718.828070908785, 'loss_mean': 0.19409291446208954}
Evaluating
{'accuracy': 0.9020931802835922, 'f1_weighted': 0.9045961572754752, 'macro': 0.8218364341567628, 'micro': 0.9020931802835922, 'binary': 0.702258726899384, 'accuracy_majority': 0.9107981220657277, 'macro_majority': 0.8451830914075616, 'binary_majority': 0.7443946188340808, 'run_time_millis': 3159.6045810729265, 'loss_mean': 0.1931971311569214}
Device cuda
Split type sit
Training Size: 1734, NTA labels 1474, YTA labels 260
Validation Size: 1481, NTA labels 1253, YTA labels 228
Test Size: 1528, NTA labels 1275, YTA labels 253
Training with SBERT, model name is sbert
Tokenizing the dataset
Number of training steps 550
Epoch 0 **** Loss 0.045632582157850266 **** Metrics validation: {'accuracy': 0.8318703578663066, 'f1_weighted': 0.8480346204197343, 'macro': 0.7451254954677873, 'micro': 0.8318703578663066, 'binary': 0.5964343598055105, 'accuracy_majority': 0.8435054773082942, 'macro_majority': 0.7713283710277699, 'binary_majority': 0.6428571428571429, 'run_time_millis': 3154.9918549135327, 'loss_mean': 0.1129884123802185}
Epoch 1 **** Loss 0.011173251084983349 **** Metrics validation: {'accuracy': 0.8419986495611074, 'f1_weighted': 0.8583480924687238, 'macro': 0.7662701859835221, 'micro': 0.8419986495611074, 'binary': 0.6332288401253918, 'accuracy_majority': 0.8560250391236307, 'macro_majority': 0.7927898714189037, 'binary_majority': 0.6783216783216783, 'run_time_millis': 3147.7076448500156, 'loss_mean': 0.09996406733989716}
Epoch 2 **** Loss 0.10027062147855759 **** Metrics validation: {'accuracy': 0.9101958136394328, 'f1_weighted': 0.9097874185072764, 'macro': 0.8260664164152232, 'micro': 0.9101958136394328, 'binary': 0.70509977827051, 'accuracy_majority': 0.9139280125195618, 'macro_majority': 0.8426960760179213, 'binary_majority': 0.7368421052631579, 'run_time_millis': 3165.1501785963774, 'loss_mean': 0.11518801748752594}
Epoch 3 **** Loss 0.07665131986141205 **** Metrics validation: {'accuracy': 0.8710330857528696, 'f1_weighted': 0.8814032909905036, 'macro': 0.7949849140102205, 'micro': 0.8710330857528696, 'binary': 0.6701208981001726, 'accuracy_majority': 0.8857589984350548, 'macro_majority': 0.8242633845319227, 'binary_majority': 0.7203065134099615, 'run_time_millis': 3177.143576554954, 'loss_mean': 0.1050330251455307}
Epoch 4 **** Loss 0.031905289739370346 **** Metrics validation: {'accuracy': 0.850101282916948, 'f1_weighted': 0.8632719636502887, 'macro': 0.7668437654240443, 'micro': 0.850101282916948, 'binary': 0.62751677852349, 'accuracy_majority': 0.8591549295774648, 'macro_majority': 0.7909457062261901, 'binary_majority': 0.6715328467153284, 'run_time_millis': 3157.376889139414, 'loss_mean': 0.120328389108181}
Epoch 5 **** Loss 0.047797828912734985 **** Metrics validation: {'accuracy': 0.8744091829844699, 'f1_weighted': 0.8834796929553707, 'macro': 0.7957695729537366, 'micro': 0.8744091829844699, 'binary': 0.6690391459074733, 'accuracy_majority': 0.8779342723004695, 'macro_majority': 0.809495780332681, 'binary_majority': 0.6953125, 'run_time_millis': 3166.2368336692452, 'loss_mean': 0.15396955609321594}
Epoch 6 **** Loss 0.05588102340698242 **** Metrics validation: {'accuracy': 0.8602295746117489, 'f1_weighted': 0.8724517520787156, 'macro': 0.7823241844266224, 'micro': 0.8602295746117489, 'binary': 0.6521008403361345, 'accuracy_majority': 0.8716744913928013, 'macro_majority': 0.807473544973545, 'binary_majority': 0.6962962962962963, 'run_time_millis': 1286.2465847283602, 'loss_mean': 0.14300180971622467}
Epoch 7 **** Loss 0.0002277044695802033 **** Metrics validation: {'accuracy': 0.887238352464551, 'f1_weighted': 0.892338107932618, 'macro': 0.8037406612416234, 'micro': 0.887238352464551, 'binary': 0.6757281553398059, 'accuracy_majority': 0.892018779342723, 'macro_majority': 0.8212891693721956, 'binary_majority': 0.7088607594936708, 'run_time_millis': 2595.6836147233844, 'loss_mean': 0.18330293893814087}
Epoch 8 **** Loss 0.00010808633669512346 **** Metrics validation: {'accuracy': 0.8845374746792708, 'f1_weighted': 0.8900565439949973, 'macro': 0.8002621622708742, 'micro': 0.8845374746792708, 'binary': 0.6705202312138728, 'accuracy_majority': 0.8904538341158059, 'macro_majority': 0.8192873303167422, 'binary_majority': 0.7058823529411766, 'run_time_millis': 1632.0159370079637, 'loss_mean': 0.18305793404579163}
Epoch 9 **** Loss 0.06055889651179314 **** Metrics validation: {'accuracy': 0.888588791357191, 'f1_weighted': 0.8934817658123537, 'macro': 0.8054940672765349, 'micro': 0.888588791357191, 'binary': 0.6783625730994152, 'accuracy_majority': 0.8935837245696401, 'macro_majority': 0.8233026448485637, 'binary_majority': 0.7118644067796611, 'run_time_millis': 3160.0330006331205, 'loss_mean': 0.18793164193630219}
Evaluating
{'accuracy': 0.9101958136394328, 'f1_weighted': 0.9097874185072764, 'macro': 0.8260664164152232, 'micro': 0.9101958136394328, 'binary': 0.70509977827051, 'accuracy_majority': 0.9139280125195618, 'macro_majority': 0.8426960760179213, 'binary_majority': 0.7368421052631579, 'run_time_millis': 3154.0387524291873, 'loss_mean': 0.11518801748752594}
Device cuda
Split type sit
Training Size: 2172, NTA labels 1849, YTA labels 323
Validation Size: 1481, NTA labels 1253, YTA labels 228
Test Size: 1528, NTA labels 1275, YTA labels 253
Training with SBERT, model name is sbert
Tokenizing the dataset
Number of training steps 680
Epoch 0 **** Loss 0.03954112529754639 **** Metrics validation: {'accuracy': 0.9081701553004726, 'f1_weighted': 0.9105870824453799, 'macro': 0.8331698848350717, 'micro': 0.9081701553004726, 'binary': 0.7213114754098361, 'accuracy_majority': 0.9076682316118936, 'macro_majority': 0.8397509191762482, 'binary_majority': 0.73542600896861, 'run_time_millis': 2858.7910970672965, 'loss_mean': 0.10052543878555298}
Epoch 1 **** Loss 0.1285688877105713 **** Metrics validation: {'accuracy': 0.8264686022957461, 'f1_weighted': 0.8462195665286354, 'macro': 0.7529258414654492, 'micro': 0.8264686022957461, 'binary': 0.6181277860326895, 'accuracy_majority': 0.838810641627543, 'macro_majority': 0.7782184556804206, 'binary_majority': 0.6622950819672131, 'run_time_millis': 3152.0066745579243, 'loss_mean': 0.09386959671974182}
Epoch 2 **** Loss 0.11758790910243988 **** Metrics validation: {'accuracy': 0.8446995273463875, 'f1_weighted': 0.8604582182152102, 'macro': 0.7686817515075787, 'micro': 0.8446995273463875, 'binary': 0.6360759493670886, 'accuracy_majority': 0.8528951486697965, 'macro_majority': 0.7903601842803295, 'binary_majority': 0.6758620689655173, 'run_time_millis': 2635.2172046899796, 'loss_mean': 0.09828615933656693}
Epoch 3 **** Loss 0.09038619697093964 **** Metrics validation: {'accuracy': 0.9216745442268738, 'f1_weighted': 0.9227504462740466, 'macro': 0.8538254713770336, 'micro': 0.9216745442268738, 'binary': 0.7542372881355933, 'accuracy_majority': 0.9295774647887324, 'macro_majority': 0.8751069550072317, 'binary_majority': 0.7926267281105989, 'run_time_millis': 3173.392429947853, 'loss_mean': 0.1321731060743332}
Epoch 4 **** Loss 0.04436761140823364 **** Metrics validation: {'accuracy': 0.9230249831195139, 'f1_weighted': 0.9252801907336583, 'macro': 0.8610694183864915, 'micro': 0.9230249831195139, 'binary': 0.7682926829268293, 'accuracy_majority': 0.9342723004694836, 'macro_majority': 0.8878947368421053, 'binary_majority': 0.8157894736842104, 'run_time_millis': 3161.8835609406233, 'loss_mean': 0.11063079535961151}
Epoch 5 **** Loss 0.04964575543999672 **** Metrics validation: {'accuracy': 0.912221471978393, 'f1_weighted': 0.9174262108794987, 'macro': 0.8523669746156772, 'micro': 0.912221471978393, 'binary': 0.7583643122676581, 'accuracy_majority': 0.9139280125195618, 'macro_majority': 0.8675957006747363, 'binary_majority': 0.7892720306513409, 'run_time_millis': 1685.2850914001465, 'loss_mean': 0.08819448202848434}
Epoch 6 **** Loss 0.010770703665912151 **** Metrics validation: {'accuracy': 0.9203241053342336, 'f1_weighted': 0.9220553843531473, 'macro': 0.8538030384152053, 'micro': 0.9203241053342336, 'binary': 0.7551867219917011, 'accuracy_majority': 0.9295774647887324, 'macro_majority': 0.8826829318047368, 'binary_majority': 0.8085106382978724, 'run_time_millis': 3154.8557076603174, 'loss_mean': 0.11780492961406708}
Epoch 7 **** Loss 0.023390011861920357 **** Metrics validation: {'accuracy': 0.9189736664415935, 'f1_weighted': 0.9225853203160793, 'macro': 0.8587586785687038, 'micro': 0.9189736664415935, 'binary': 0.7665369649805448, 'accuracy_majority': 0.9217527386541471, 'macro_majority': 0.8733630338966928, 'binary_majority': 0.7950819672131147, 'run_time_millis': 3165.107736364007, 'loss_mean': 0.10052692890167236}
Epoch 8 **** Loss 0.026667067781090736 **** Metrics validation: {'accuracy': 0.9223497636731938, 'f1_weighted': 0.9254486986160089, 'macro': 0.8631661826084511, 'micro': 0.9223497636731938, 'binary': 0.7731755424063116, 'accuracy_majority': 0.9280125195618153, 'macro_majority': 0.8834939911849574, 'binary_majority': 0.8114754098360656, 'run_time_millis': 2454.673619940877, 'loss_mean': 0.10914876312017441}
Epoch 9 **** Loss 0.01080965343862772 **** Metrics validation: {'accuracy': 0.9216745442268738, 'f1_weighted': 0.9233764795336025, 'macro': 0.8562809530183375, 'micro': 0.9216745442268738, 'binary': 0.7593360995850622, 'accuracy_majority': 0.9342723004694836, 'macro_majority': 0.8908633982888188, 'binary_majority': 0.8220338983050847, 'run_time_millis': 2681.043547578156, 'loss_mean': 0.1254148930311203}
Evaluating
{'accuracy': 0.9223497636731938, 'f1_weighted': 0.9254486986160089, 'macro': 0.8631661826084511, 'micro': 0.9223497636731938, 'binary': 0.7731755424063116, 'accuracy_majority': 0.9280125195618153, 'macro_majority': 0.8834939911849574, 'binary_majority': 0.8114754098360656, 'run_time_millis': 3163.333215750754, 'loss_mean': 0.10914876312017441}
Device cuda
Split type sit
Training Size: 2604, NTA labels 2221, YTA labels 383
Validation Size: 1481, NTA labels 1253, YTA labels 228
Test Size: 1528, NTA labels 1275, YTA labels 253
Training with SBERT, model name is sbert
Tokenizing the dataset
Number of training steps 820
Epoch 0 **** Loss 0.14321094751358032 **** Metrics validation: {'accuracy': 0.8210668467251857, 'f1_weighted': 0.841143399826127, 'macro': 0.7436151205443029, 'micro': 0.8210668467251857, 'binary': 0.6026986506746626, 'accuracy_majority': 0.8403755868544601, 'macro_majority': 0.776818244076154, 'binary_majority': 0.6577181208053692, 'run_time_millis': 3174.4149336591363, 'loss_mean': 0.10509861260652542}
Epoch 1 **** Loss 0.03525042533874512 **** Metrics validation: {'accuracy': 0.8507765023632681, 'f1_weighted': 0.8652332016634533, 'macro': 0.774324509745111, 'micro': 0.8507765023632681, 'binary': 0.64297253634895, 'accuracy_majority': 0.8560250391236307, 'macro_majority': 0.7906946936682901, 'binary_majority': 0.6737588652482269, 'run_time_millis': 3162.7612905576825, 'loss_mean': 0.09187731891870499}
Epoch 2 **** Loss 0.10826918482780457 **** Metrics validation: {'accuracy': 0.8899392302498312, 'f1_weighted': 0.8972588798348979, 'macro': 0.8182837132591774, 'micro': 0.8899392302498312, 'binary': 0.7041742286751361, 'accuracy_majority': 0.8982785602503912, 'macro_majority': 0.8388723586665994, 'binary_majority': 0.7410358565737051, 'run_time_millis': 3154.8077948391438, 'loss_mean': 0.08849985152482986}
Epoch 3 **** Loss 0.002159726805984974 **** Metrics validation: {'accuracy': 0.912221471978393, 'f1_weighted': 0.9149218025842191, 'macro': 0.8420839375586454, 'micro': 0.912221471978393, 'binary': 0.736842105263158, 'accuracy_majority': 0.9107981220657277, 'macro_majority': 0.8494027462508837, 'binary_majority': 0.7532467532467533, 'run_time_millis': 3156.940524466336, 'loss_mean': 0.13642938435077667}
Epoch 4 **** Loss 0.24860797822475433 **** Metrics validation: {'accuracy': 0.9196488858879136, 'f1_weighted': 0.9215807718823728, 'macro': 0.8532985944920068, 'micro': 0.9196488858879136, 'binary': 0.7546391752577319, 'accuracy_majority': 0.9280125195618153, 'macro_majority': 0.8804694362210872, 'binary_majority': 0.8050847457627119, 'run_time_millis': 3161.549554206431, 'loss_mean': 0.11714634299278259}
Epoch 5 **** Loss 0.07183047384023666 **** Metrics validation: {'accuracy': 0.9047940580688724, 'f1_weighted': 0.9094654159549078, 'macro': 0.8358016954443483, 'micro': 0.9047940580688724, 'binary': 0.72936660268714, 'accuracy_majority': 0.917057902973396, 'macro_majority': 0.8653426373233137, 'binary_majority': 0.7818930041152263, 'run_time_millis': 3168.2239389047027, 'loss_mean': 0.11659510433673859}
Epoch 6 **** Loss 0.034247249364852905 **** Metrics validation: {'accuracy': 0.9196488858879136, 'f1_weighted': 0.922745886320137, 'macro': 0.8579616936052579, 'micro': 0.9196488858879136, 'binary': 0.7643564356435643, 'accuracy_majority': 0.9217527386541471, 'macro_majority': 0.8725629407447588, 'binary_majority': 0.7933884297520661, 'run_time_millis': 3179.3815223500133, 'loss_mean': 0.1039978563785553}
Epoch 7 **** Loss 0.007643772289156914 **** Metrics validation: {'accuracy': 0.912221471978393, 'f1_weighted': 0.9165835206504297, 'macro': 0.84883958294077, 'micro': 0.912221471978393, 'binary': 0.7509578544061303, 'accuracy_majority': 0.9139280125195618, 'macro_majority': 0.8644750795334041, 'binary_majority': 0.7826086956521741, 'run_time_millis': 3151.874885894358, 'loss_mean': 0.11425691097974777}
Epoch 8 **** Loss 0.017812013626098633 **** Metrics validation: {'accuracy': 0.9155975692099932, 'f1_weighted': 0.9188507209245137, 'macro': 0.8508000983248507, 'micro': 0.9155975692099932, 'binary': 0.7524752475247524, 'accuracy_majority': 0.918622848200313, 'macro_majority': 0.8674654583745494, 'binary_majority': 0.7851239669421488, 'run_time_millis': 2501.830196008086, 'loss_mean': 0.11959026008844376}
Epoch 9 **** Loss 0.03526243194937706 **** Metrics validation: {'accuracy': 0.9223497636731938, 'f1_weighted': 0.9243348833564115, 'macro': 0.8586978615726049, 'micro': 0.9223497636731938, 'binary': 0.7638603696098563, 'accuracy_majority': 0.9264475743348983, 'macro_majority': 0.8766535926237756, 'binary_majority': 0.7982832618025751, 'run_time_millis': 3162.058244459331, 'loss_mean': 0.13291971385478973}
Evaluating
{'accuracy': 0.9223497636731938, 'f1_weighted': 0.9243348833564115, 'macro': 0.8586978615726049, 'micro': 0.9223497636731938, 'binary': 0.7638603696098563, 'accuracy_majority': 0.9264475743348983, 'macro_majority': 0.8766535926237756, 'binary_majority': 0.7982832618025751, 'run_time_millis': 3157.7796349301934, 'loss_mean': 0.13291971385478973}
Device cuda
Split type sit
Training Size: 3036, NTA labels 2594, YTA labels 442
Validation Size: 1481, NTA labels 1253, YTA labels 228
Test Size: 1528, NTA labels 1275, YTA labels 253
Training with SBERT, model name is sbert
Tokenizing the dataset
Number of training steps 950
Epoch 0 **** Loss 0.04569445922970772 **** Metrics validation: {'accuracy': 0.8683322079675895, 'f1_weighted': 0.8797345307665696, 'macro': 0.7944251813581413, 'micro': 0.8683322079675895, 'binary': 0.6711635750421585, 'accuracy_majority': 0.8779342723004695, 'macro_majority': 0.8168650793650793, 'binary_majority': 0.7111111111111111, 'run_time_millis': 3161.726426333189, 'loss_mean': 0.09500124305486679}
Epoch 1 **** Loss 0.05089195445179939 **** Metrics validation: {'accuracy': 0.8521269412559082, 'f1_weighted': 0.8665606666315282, 'macro': 0.7768966150557073, 'micro': 0.8521269412559082, 'binary': 0.6473429951690821, 'accuracy_majority': 0.8622848200312989, 'macro_majority': 0.7997949243783645, 'binary_majority': 0.6879432624113475, 'run_time_millis': 3156.8198520690203, 'loss_mean': 0.09278777241706848}
Epoch 2 **** Loss 0.04851215332746506 **** Metrics validation: {'accuracy': 0.849426063470628, 'f1_weighted': 0.8646537927113542, 'macro': 0.7754628071585281, 'micro': 0.849426063470628, 'binary': 0.6465927099841521, 'accuracy_majority': 0.8575899843505478, 'macro_majority': 0.7965544868991432, 'binary_majority': 0.685121107266436, 'run_time_millis': 3156.63973800838, 'loss_mean': 0.09141434729099274}
Epoch 3 **** Loss 0.021716276183724403 **** Metrics validation: {'accuracy': 0.9034436191762323, 'f1_weighted': 0.9090010702538547, 'macro': 0.8368949012087535, 'micro': 0.9034436191762323, 'binary': 0.7327102803738318, 'accuracy_majority': 0.9092331768388107, 'macro_majority': 0.8566555277081593, 'binary_majority': 0.7698412698412699, 'run_time_millis': 3163.6841725558043, 'loss_mean': 0.1184941753745079}
Epoch 4 **** Loss 0.030364464968442917 **** Metrics validation: {'accuracy': 0.8352464550979068, 'f1_weighted': 0.853866468077471, 'macro': 0.7646818264697456, 'micro': 0.8352464550979068, 'binary': 0.6358208955223881, 'accuracy_majority': 0.8325508607198748, 'macro_majority': 0.7755591080531912, 'binary_majority': 0.6624605678233438, 'run_time_millis': 3167.6194462925196, 'loss_mean': 0.10290197283029556}
Epoch 5 **** Loss 0.06456511467695236 **** Metrics validation: {'accuracy': 0.9331532748143146, 'f1_weighted': 0.9337931913692414, 'macro': 0.8741646032965289, 'micro': 0.9331532748143146, 'binary': 0.7880085653104925, 'accuracy_majority': 0.9342723004694836, 'macro_majority': 0.8863259013282732, 'binary_majority': 0.8125, 'run_time_millis': 3170.8323108032346, 'loss_mean': 0.15478193759918213}
Epoch 6 **** Loss 0.08056849986314774 **** Metrics validation: {'accuracy': 0.9324780553679946, 'f1_weighted': 0.9322330880478016, 'macro': 0.8694602122483517, 'micro': 0.9324780553679947, 'binary': 0.7787610619469025, 'accuracy_majority': 0.9374021909233177, 'macro_majority': 0.8893889562056431, 'binary_majority': 0.81651376146789, 'run_time_millis': 2950.526745058596, 'loss_mean': 0.174968883395195}
Epoch 7 **** Loss 0.009964242577552795 **** Metrics validation: {'accuracy': 0.9277515192437542, 'f1_weighted': 0.9291514676927971, 'macro': 0.8667624607245763, 'micro': 0.9277515192437542, 'binary': 0.7766179540709812, 'accuracy_majority': 0.9295774647887324, 'macro_majority': 0.8802977258441187, 'binary_majority': 0.8034934497816595, 'run_time_millis': 2484.112460166216, 'loss_mean': 0.15912964940071106}
Epoch 8 **** Loss 0.0346161350607872 **** Metrics validation: {'accuracy': 0.9311276164753545, 'f1_weighted': 0.931728625035639, 'macro': 0.8701252476064708, 'micro': 0.9311276164753545, 'binary': 0.7811158798283262, 'accuracy_majority': 0.9327073552425665, 'macro_majority': 0.8848296357150941, 'binary_majority': 0.8105726872246696, 'run_time_millis': 2392.616624943912, 'loss_mean': 0.16335949301719666}
Epoch 9 **** Loss 0.007885423488914967 **** Metrics validation: {'accuracy': 0.9331532748143146, 'f1_weighted': 0.9336797099386986, 'macro': 0.8737245985505186, 'micro': 0.9331532748143146, 'binary': 0.7870967741935484, 'accuracy_majority': 0.9327073552425665, 'macro_majority': 0.8848296357150941, 'binary_majority': 0.8105726872246696, 'run_time_millis': 2961.8442011997104, 'loss_mean': 0.17173123359680176}
Evaluating
{'accuracy': 0.9331532748143146, 'f1_weighted': 0.9337931913692414, 'macro': 0.8741646032965289, 'micro': 0.9331532748143146, 'binary': 0.7880085653104925, 'accuracy_majority': 0.9342723004694836, 'macro_majority': 0.8863259013282732, 'binary_majority': 0.8125, 'run_time_millis': 2303.330471739173, 'loss_mean': 0.15478193759918213}
Device cuda
Split type sit
Training Size: 3474, NTA labels 2947, YTA labels 527
Validation Size: 1481, NTA labels 1253, YTA labels 228
Test Size: 1528, NTA labels 1275, YTA labels 253
Training with SBERT, model name is sbert
Tokenizing the dataset
Number of training steps 1090
Epoch 0 **** Loss 0.10685019940137863 **** Metrics validation: {'accuracy': 0.8338960162052668, 'f1_weighted': 0.8514051256284174, 'macro': 0.7559432258479413, 'micro': 0.8338960162052668, 'binary': 0.6180124223602484, 'accuracy_majority': 0.8403755868544601, 'macro_majority': 0.7725184978361022, 'binary_majority': 0.6482758620689655, 'run_time_millis': 3168.4404648840427, 'loss_mean': 0.10404641926288605}
Epoch 1 **** Loss 0.06715632975101471 **** Metrics validation: {'accuracy': 0.8203916272788656, 'f1_weighted': 0.8410677596731964, 'macro': 0.7456036348795521, 'micro': 0.8203916272788656, 'binary': 0.6076696165191741, 'accuracy_majority': 0.8356807511737089, 'macro_majority': 0.7749222568492806, 'binary_majority': 0.6579804560260587, 'run_time_millis': 3161.745797842741, 'loss_mean': 0.10352274775505066}
Epoch 2 **** Loss 0.04972246661782265 **** Metrics validation: {'accuracy': 0.8987170830519919, 'f1_weighted': 0.9049527884858147, 'macro': 0.8306318806989723, 'micro': 0.8987170830519919, 'binary': 0.7232472324723247, 'accuracy_majority': 0.9029733959311425, 'macro_majority': 0.8449029126213592, 'binary_majority': 0.75, 'run_time_millis': 3155.6594744324684, 'loss_mean': 0.08176086843013763}
Epoch 3 **** Loss 0.054916076362133026 **** Metrics validation: {'accuracy': 0.825793382849426, 'f1_weighted': 0.846023604646352, 'macro': 0.7542714925142768, 'micro': 0.825793382849426, 'binary': 0.6217008797653959, 'accuracy_majority': 0.8356807511737089, 'macro_majority': 0.7759175208151734, 'binary_majority': 0.6601941747572816, 'run_time_millis': 3171.0737673565745, 'loss_mean': 0.10888040065765381}
Epoch 4 **** Loss 0.03128776326775551 **** Metrics validation: {'accuracy': 0.925050641458474, 'f1_weighted': 0.9277313967392017, 'macro': 0.866669748678182, 'micro': 0.925050641458474, 'binary': 0.778443113772455, 'accuracy_majority': 0.9217527386541471, 'macro_majority': 0.8709195216548158, 'binary_majority': 0.7899159663865547, 'run_time_millis': 3155.1736034452915, 'loss_mean': 0.10334811359643936}
Epoch 5 **** Loss 0.04153807461261749 **** Metrics validation: {'accuracy': 0.9162727886563133, 'f1_weighted': 0.9209439893362168, 'macro': 0.8579442433243603, 'micro': 0.9162727886563133, 'binary': 0.7669172932330827, 'accuracy_majority': 0.9107981220657277, 'macro_majority': 0.8619927932979945, 'binary_majority': 0.7799227799227799, 'run_time_millis': 3195.5159194767475, 'loss_mean': 0.09688197821378708}
Epoch 6 **** Loss 0.002753289183601737 **** Metrics validation: {'accuracy': 0.912221471978393, 'f1_weighted': 0.9165835206504297, 'macro': 0.84883958294077, 'micro': 0.912221471978393, 'binary': 0.7509578544061303, 'accuracy_majority': 0.9139280125195618, 'macro_majority': 0.8602612274109859, 'binary_majority': 0.7736625514403291, 'run_time_millis': 2453.1066240742803, 'loss_mean': 0.11927077174186707}
Epoch 7 **** Loss 0.03373425081372261 **** Metrics validation: {'accuracy': 0.925050641458474, 'f1_weighted': 0.9276256750935676, 'macro': 0.8662440593733143, 'micro': 0.925050641458474, 'binary': 0.7775551102204409, 'accuracy_majority': 0.9248826291079812, 'macro_majority': 0.8760827407886231, 'binary_majority': 0.7983193277310924, 'run_time_millis': 3159.9973868578672, 'loss_mean': 0.13775040209293365}
Epoch 8 **** Loss 0.004187667742371559 **** Metrics validation: {'accuracy': 0.9311276164753545, 'f1_weighted': 0.9328360675216214, 'macro': 0.8744639901075011, 'micro': 0.9311276164753545, 'binary': 0.7901234567901234, 'accuracy_majority': 0.9280125195618153, 'macro_majority': 0.8804694362210872, 'binary_majority': 0.8050847457627119, 'run_time_millis': 2601.2388560920954, 'loss_mean': 0.1449749916791916}
Epoch 9 **** Loss 0.07522039860486984 **** Metrics validation: {'accuracy': 0.9318028359216746, 'f1_weighted': 0.9333375835226443, 'macro': 0.8750740171895266, 'micro': 0.9318028359216746, 'binary': 0.7908902691511387, 'accuracy_majority': 0.9264475743348983, 'macro_majority': 0.8774688398849473, 'binary_majority': 0.8, 'run_time_millis': 3183.339834213257, 'loss_mean': 0.1563197672367096}
Evaluating
{'accuracy': 0.9318028359216746, 'f1_weighted': 0.9333375835226443, 'macro': 0.8750740171895266, 'micro': 0.9318028359216746, 'binary': 0.7908902691511387, 'accuracy_majority': 0.9264475743348983, 'macro_majority': 0.8774688398849473, 'binary_majority': 0.8, 'run_time_millis': 3165.969685651362, 'loss_mean': 0.1563197672367096}
Device cuda
Split type sit
Training Size: 3906, NTA labels 3311, YTA labels 595
Validation Size: 1481, NTA labels 1253, YTA labels 228
Test Size: 1528, NTA labels 1275, YTA labels 253
Training with SBERT, model name is sbert
Tokenizing the dataset
Number of training steps 1230
Epoch 0 **** Loss 0.020960509777069092 **** Metrics validation: {'accuracy': 0.9047940580688724, 'f1_weighted': 0.9092230156061176, 'macro': 0.8348020078081426, 'micro': 0.9047940580688724, 'binary': 0.7272727272727272, 'accuracy_majority': 0.9107981220657277, 'macro_majority': 0.8513983802859999, 'binary_majority': 0.7574468085106384, 'run_time_millis': 3168.251169845462, 'loss_mean': 0.0926460325717926}
Epoch 1 **** Loss 0.04331428185105324 **** Metrics validation: {'accuracy': 0.8784604996623903, 'f1_weighted': 0.8885088591036463, 'macro': 0.8080434807654644, 'micro': 0.8784604996623903, 'binary': 0.6917808219178083, 'accuracy_majority': 0.8857589984350548, 'macro_majority': 0.829067377069004, 'binary_majority': 0.7306273062730627, 'run_time_millis': 1228.6573452875018, 'loss_mean': 0.08210683614015579}
Epoch 2 **** Loss 0.037575460970401764 **** Metrics validation: {'accuracy': 0.9297771775827144, 'f1_weighted': 0.9311932340943924, 'macro': 0.8707158205748053, 'micro': 0.9297771775827143, 'binary': 0.7833333333333334, 'accuracy_majority': 0.9280125195618153, 'macro_majority': 0.8812459599224305, 'binary_majority': 0.8067226890756303, 'run_time_millis': 1387.1207823976874, 'loss_mean': 0.09930035471916199}
Epoch 3 **** Loss 0.013157859444618225 **** Metrics validation: {'accuracy': 0.9216745442268738, 'f1_weighted': 0.9259509186873519, 'macro': 0.8667173535253228, 'micro': 0.9216745442268738, 'binary': 0.781132075471698, 'accuracy_majority': 0.9248826291079812, 'macro_majority': 0.882074311023622, 'binary_majority': 0.811023622047244, 'run_time_millis': 3156.458804383874, 'loss_mean': 0.07993388921022415}
Epoch 4 **** Loss 0.0016526260878890753 **** Metrics validation: {'accuracy': 0.9189736664415935, 'f1_weighted': 0.923494183228597, 'macro': 0.8625266870880905, 'micro': 0.9189736664415935, 'binary': 0.7744360902255639, 'accuracy_majority': 0.918622848200313, 'macro_majority': 0.8729971868884541, 'binary_majority': 0.796875, 'run_time_millis': 2146.9361148774624, 'loss_mean': 0.09910953044891357}
Epoch 5 **** Loss 0.0009005998144857585 **** Metrics validation: {'accuracy': 0.9149223497636731, 'f1_weighted': 0.9201603423280842, 'macro': 0.8577307797871365, 'micro': 0.9149223497636731, 'binary': 0.7675276752767526, 'accuracy_majority': 0.9139280125195618, 'macro_majority': 0.8683436662983012, 'binary_majority': 0.7908745247148289, 'run_time_millis': 3154.753653332591, 'loss_mean': 0.1025506928563118}
Epoch 6 **** Loss 0.0007574072806164622 **** Metrics validation: {'accuracy': 0.9392302498311952, 'f1_weighted': 0.940065001419519, 'macro': 0.8865887277925261, 'micro': 0.9392302498311952, 'binary': 0.8093220338983051, 'accuracy_majority': 0.9374021909233177, 'macro_majority': 0.8924930179346546, 'binary_majority': 0.8230088495575222, 'run_time_millis': 3160.843037068844, 'loss_mean': 0.14414186775684357}
Epoch 7 **** Loss 4.3468149669934064e-05 **** Metrics validation: {'accuracy': 0.9385550303848751, 'f1_weighted': 0.9400323549688733, 'macro': 0.8878165722585936, 'micro': 0.9385550303848751, 'binary': 0.8123711340206186, 'accuracy_majority': 0.9389671361502347, 'macro_majority': 0.8969597737506046, 'binary_majority': 0.8311688311688311, 'run_time_millis': 3156.679019331932, 'loss_mean': 0.13453857600688934}
Epoch 8 **** Loss 0.04200020059943199 **** Metrics validation: {'accuracy': 0.9392302498311952, 'f1_weighted': 0.940262477345944, 'macro': 0.8873608172150598, 'micro': 0.9392302498311952, 'binary': 0.8109243697478992, 'accuracy_majority': 0.9358372456964006, 'macro_majority': 0.891675659583969, 'binary_majority': 0.8225108225108225, 'run_time_millis': 2280.70455044508, 'loss_mean': 0.14275911450386047}
Epoch 9 **** Loss 0.0005522803985513747 **** Metrics validation: {'accuracy': 0.9405806887238353, 'f1_weighted': 0.9415899778493675, 'macro': 0.8898639101658361, 'micro': 0.9405806887238353, 'binary': 0.815126050420168, 'accuracy_majority': 0.9358372456964006, 'macro_majority': 0.891675659583969, 'binary_majority': 0.8225108225108225, 'run_time_millis': 3145.8457745611668, 'loss_mean': 0.1469385027885437}
Evaluating
{'accuracy': 0.9405806887238353, 'f1_weighted': 0.9415899778493675, 'macro': 0.8898639101658361, 'micro': 0.9405806887238353, 'binary': 0.815126050420168, 'accuracy_majority': 0.9358372456964006, 'macro_majority': 0.891675659583969, 'binary_majority': 0.8225108225108225, 'run_time_millis': 3142.772253602743, 'loss_mean': 0.1469385027885437}
Device cuda
Split type sit
Training Size: 4344, NTA labels 3694, YTA labels 650
Validation Size: 1481, NTA labels 1253, YTA labels 228
Test Size: 1528, NTA labels 1275, YTA labels 253
Training with SBERT, model name is sbert
Tokenizing the dataset
Number of training steps 1360
Epoch 0 **** Loss 0.06783802062273026 **** Metrics validation: {'accuracy': 0.9128966914247131, 'f1_weighted': 0.9156395399570195, 'macro': 0.8435518541720406, 'micro': 0.9128966914247131, 'binary': 0.7393939393939394, 'accuracy_majority': 0.92018779342723, 'macro_majority': 0.8624501424501425, 'binary_majority': 0.7733333333333333, 'run_time_millis': 3142.2102693468332, 'loss_mean': 0.09360967576503754}
Epoch 1 **** Loss 0.04829499498009682 **** Metrics validation: {'accuracy': 0.9128966914247131, 'f1_weighted': 0.9170601998558752, 'macro': 0.8493205785552209, 'micro': 0.9128966914247131, 'binary': 0.7514450867052024, 'accuracy_majority': 0.917057902973396, 'macro_majority': 0.8644870096872161, 'binary_majority': 0.7800829875518672, 'run_time_millis': 3143.9893627539277, 'loss_mean': 0.09218849241733551}
Epoch 2 **** Loss 0.1197897270321846 **** Metrics validation: {'accuracy': 0.9041188386225524, 'f1_weighted': 0.9093537108069308, 'macro': 0.8368436569016882, 'micro': 0.9041188386225523, 'binary': 0.7320754716981132, 'accuracy_majority': 0.8998435054773083, 'macro_majority': 0.8398997807704354, 'binary_majority': 0.7419354838709676, 'run_time_millis': 3139.842583797872, 'loss_mean': 0.10426949709653854}
Epoch 3 **** Loss 0.06779751926660538 **** Metrics validation: {'accuracy': 0.8717083051991897, 'f1_weighted': 0.8839947409121136, 'macro': 0.8052847621261943, 'micro': 0.8717083051991897, 'binary': 0.6915584415584415, 'accuracy_majority': 0.8779342723004695, 'macro_majority': 0.825189393939394, 'binary_majority': 0.7291666666666666, 'run_time_millis': 2485.1097241044044, 'loss_mean': 0.08555959165096283}
Epoch 4 **** Loss 0.022630276158452034 **** Metrics validation: {'accuracy': 0.8825118163403106, 'f1_weighted': 0.8928347823204965, 'macro': 0.8172559242512779, 'micro': 0.8825118163403106, 'binary': 0.7080536912751679, 'accuracy_majority': 0.8857589984350548, 'macro_majority': 0.8334969320773709, 'binary_majority': 0.7402135231316725, 'run_time_millis': 3145.935076288879, 'loss_mean': 0.10019728541374207}
Epoch 5 **** Loss 0.034325942397117615 **** Metrics validation: {'accuracy': 0.9108710330857529, 'f1_weighted': 0.9150744831064338, 'macro': 0.8455819626032393, 'micro': 0.9108710330857529, 'binary': 0.7451737451737452, 'accuracy_majority': 0.918622848200313, 'macro_majority': 0.8674654583745494, 'binary_majority': 0.7851239669421488, 'run_time_millis': 3159.8012829199433, 'loss_mean': 0.13207155466079712}
Epoch 6 **** Loss 0.05794781446456909 **** Metrics validation: {'accuracy': 0.937879810938555, 'f1_weighted': 0.938526776491978, 'macro': 0.8832651354704282, 'micro': 0.937879810938555, 'binary': 0.8034188034188033, 'accuracy_majority': 0.9374021909233177, 'macro_majority': 0.8932330827067669, 'binary_majority': 0.8245614035087718, 'run_time_millis': 3142.5738586112857, 'loss_mean': 0.13385163247585297}
Epoch 7 **** Loss 0.00801306776702404 **** Metrics validation: {'accuracy': 0.9405806887238353, 'f1_weighted': 0.9407915361044107, 'macro': 0.8867618948319606, 'micro': 0.9405806887238353, 'binary': 0.808695652173913, 'accuracy_majority': 0.9327073552425665, 'macro_majority': 0.8823743455609447, 'binary_majority': 0.8054298642533937, 'run_time_millis': 3115.947243757546, 'loss_mean': 0.17431679368019104}
Epoch 8 **** Loss 0.0018328162841498852 **** Metrics validation: {'accuracy': 0.937879810938555, 'f1_weighted': 0.9390342656342391, 'macro': 0.8852471718580506, 'micro': 0.937879810938555, 'binary': 0.8075313807531381, 'accuracy_majority': 0.9295774647887324, 'macro_majority': 0.8811074312506977, 'binary_majority': 0.8051948051948051, 'run_time_millis': 3140.8778186887503, 'loss_mean': 0.1645125299692154}
Epoch 9 **** Loss 0.018985044211149216 **** Metrics validation: {'accuracy': 0.937204591492235, 'f1_weighted': 0.9381186022475406, 'macro': 0.8830091302364653, 'micro': 0.937204591492235, 'binary': 0.8033826638477801, 'accuracy_majority': 0.9327073552425665, 'macro_majority': 0.8856178269177133, 'binary_majority': 0.8122270742358078, 'run_time_millis': 3142.8294237703085, 'loss_mean': 0.16461943089962006}
Evaluating
{'accuracy': 0.9405806887238353, 'f1_weighted': 0.9407915361044107, 'macro': 0.8867618948319606, 'micro': 0.9405806887238353, 'binary': 0.808695652173913, 'accuracy_majority': 0.9327073552425665, 'macro_majority': 0.8823743455609447, 'binary_majority': 0.8054298642533937, 'run_time_millis': 2736.5568382665515, 'loss_mean': 0.17431679368019104}
