Device cuda
Split type sit
Training Size: 1434, NTA labels 855, YTA labels 579
Validation Size: 480, NTA labels 278, YTA labels 202
Test Size: 480, NTA labels 285, YTA labels 195
Training with SBERT, model name is sbert
Tokenizing the dataset
Number of training steps 450
Epoch 0 **** Loss 0.33714690804481506 **** Metrics validation: {'accuracy': 0.47291666666666665, 'f1_weighted': 0.37920516384691527, 'macro': 0.4097720059683792, 'micro': 0.47291666666666665, 'binary': 0.6028257456828885, 'accuracy_majority': 0.475, 'macro_majority': 0.41818181818181815, 'binary_majority': 0.6, 'run_time_millis': 2822.9504370028735, 'loss_mean': 0.3339172899723053}
Epoch 1 **** Loss 0.324217289686203 **** Metrics validation: {'accuracy': 0.55, 'f1_weighted': 0.5528284098051538, 'macro': 0.5474544311753613, 'micro': 0.55, 'binary': 0.5135135135135134, 'accuracy_majority': 0.55625, 'macro_majority': 0.553301089221816, 'binary_majority': 0.5170068027210885, 'run_time_millis': 2828.4710320003796, 'loss_mean': 0.3314332962036133}
Epoch 2 **** Loss 0.2936084568500519 **** Metrics validation: {'accuracy': 0.5895833333333333, 'f1_weighted': 0.5828275420749073, 'macro': 0.5672687500858049, 'micro': 0.5895833333333333, 'binary': 0.46900269541778977, 'accuracy_majority': 0.6, 'macro_majority': 0.5786701777485188, 'binary_majority': 0.4838709677419355, 'run_time_millis': 1708.449133002432, 'loss_mean': 0.3338855504989624}
Epoch 3 **** Loss 0.31903597712516785 **** Metrics validation: {'accuracy': 0.5166666666666667, 'f1_weighted': 0.5135752688172043, 'macro': 0.5161290322580645, 'micro': 0.5166666666666667, 'binary': 0.5322580645161291, 'accuracy_majority': 0.5125, 'macro_majority': 0.5118134877171021, 'binary_majority': 0.5301204819277109, 'run_time_millis': 2842.371827002353, 'loss_mean': 0.32880476117134094}
Epoch 4 **** Loss 0.3456953465938568 **** Metrics validation: {'accuracy': 0.5895833333333333, 'f1_weighted': 0.5862369659326182, 'macro': 0.5728514963297572, 'micro': 0.5895833333333333, 'binary': 0.4883116883116883, 'accuracy_majority': 0.60625, 'macro_majority': 0.5908924875197856, 'binary_majority': 0.5116279069767442, 'run_time_millis': 2852.771088000736, 'loss_mean': 0.33006760478019714}
Epoch 5 **** Loss 0.3038886785507202 **** Metrics validation: {'accuracy': 0.6291666666666667, 'f1_weighted': 0.6076146839297348, 'macro': 0.5866153161347758, 'micro': 0.6291666666666667, 'binary': 0.4539877300613497, 'accuracy_majority': 0.6375, 'macro_majority': 0.5982683982683983, 'binary_majority': 0.4727272727272727, 'run_time_millis': 2825.04985900232, 'loss_mean': 0.3340771496295929}
Epoch 6 **** Loss 0.3204582929611206 **** Metrics validation: {'accuracy': 0.5979166666666667, 'f1_weighted': 0.5538066509484845, 'macro': 0.5241397377220964, 'micro': 0.5979166666666667, 'binary': 0.3367697594501718, 'accuracy_majority': 0.63125, 'macro_majority': 0.5732175957321759, 'binary_majority': 0.41584158415841577, 'run_time_millis': 2314.856105000217, 'loss_mean': 0.3485325872898102}
Epoch 7 **** Loss 0.27673280239105225 **** Metrics validation: {'accuracy': 0.6, 'f1_weighted': 0.6020889381231207, 'macro': 0.5948726064250673, 'micro': 0.6, 'binary': 0.5492957746478874, 'accuracy_majority': 0.61875, 'macro_majority': 0.6143969025324958, 'binary_majority': 0.5734265734265734, 'run_time_millis': 1714.7670400008792, 'loss_mean': 0.3232559263706207}
Epoch 8 **** Loss 0.2763752341270447 **** Metrics validation: {'accuracy': 0.61875, 'f1_weighted': 0.6183469100058441, 'macro': 0.6081352968205604, 'micro': 0.61875, 'binary': 0.5436408977556111, 'accuracy_majority': 0.6125, 'macro_majority': 0.6035805626598466, 'binary_majority': 0.5441176470588236, 'run_time_millis': 2767.96199599994, 'loss_mean': 0.32984021306037903}
Epoch 9 **** Loss 0.28516724705696106 **** Metrics validation: {'accuracy': 0.6229166666666667, 'f1_weighted': 0.6239231747605619, 'macro': 0.6154237730787788, 'micro': 0.6229166666666667, 'binary': 0.5617433414043583, 'accuracy_majority': 0.6375, 'macro_majority': 0.6317460317460317, 'binary_majority': 0.5857142857142857, 'run_time_millis': 2464.4820600005914, 'loss_mean': 0.3294939398765564}
Evaluating
{'accuracy': 0.6229166666666667, 'f1_weighted': 0.6239231747605619, 'macro': 0.6154237730787788, 'micro': 0.6229166666666667, 'binary': 0.5617433414043583, 'accuracy_majority': 0.6375, 'macro_majority': 0.6317460317460317, 'binary_majority': 0.5857142857142857, 'run_time_millis': 2852.647006002371, 'loss_mean': 0.3294939398765564}
