Device cuda
Split type sit
Training Size: 4942, NTA labels 3154, YTA labels 1788
Validation Size: 2532, NTA labels 1555, YTA labels 977
Test Size: 2573, NTA labels 1561, YTA labels 1012
Training with SBERT, model name is sbert
Tokenizing the dataset
Number of training steps 1550
Epoch 0 **** Loss 0.3177761137485504 **** Metrics validation: {'accuracy': 0.6998420221169036, 'f1_weighted': 0.7003645551859426, 'macro': 0.699823293333067, 'micro': 0.6998420221169036, 'binary': 0.6974522292993631, 'accuracy_majority': 0.7143746110765401, 'macro_majority': 0.7133939718209382, 'binary_majority': 0.7301587301587303, 'run_time_millis': 3309.9568220204674, 'loss_mean': 0.2504662573337555}
Epoch 1 **** Loss 0.27078577876091003 **** Metrics validation: {'accuracy': 0.7760663507109005, 'f1_weighted': 0.7745058355240061, 'macro': 0.7606292543236224, 'micro': 0.7760663507109005, 'binary': 0.6998411858125992, 'accuracy_majority': 0.7697573117610454, 'macro_majority': 0.7605572433256123, 'binary_majority': 0.7136222910216719, 'run_time_millis': 2451.9935459829867, 'loss_mean': 0.2527446746826172}
Epoch 2 **** Loss 0.13392379879951477 **** Metrics validation: {'accuracy': 0.7638230647709321, 'f1_weighted': 0.765318092297839, 'macro': 0.7542395549830678, 'micro': 0.7638230647709321, 'binary': 0.7057086614173228, 'accuracy_majority': 0.7598008711885501, 'macro_majority': 0.7554230225721388, 'binary_majority': 0.7227011494252874, 'run_time_millis': 3663.239321031142, 'loss_mean': 0.27325910329818726}
Epoch 3 **** Loss 0.12464145570993423 **** Metrics validation: {'accuracy': 0.7567140600315956, 'f1_weighted': 0.7586810299856536, 'macro': 0.7479554768399417, 'micro': 0.7567140600315956, 'binary': 0.7009708737864079, 'accuracy_majority': 0.7573117610454263, 'macro_majority': 0.7536090012737651, 'binary_majority': 0.7234042553191489, 'run_time_millis': 3660.906193021219, 'loss_mean': 0.2800061106681824}
Epoch 4 **** Loss 0.2154703438282013 **** Metrics validation: {'accuracy': 0.7543443917851501, 'f1_weighted': 0.7548368392702046, 'macro': 0.741898900799228, 'micro': 0.75434439178515, 'binary': 0.6852226720647774, 'accuracy_majority': 0.7454884878655881, 'macro_majority': 0.7387547523038613, 'binary_majority': 0.6968124536693847, 'run_time_millis': 3658.3045010338537, 'loss_mean': 0.3246919512748718}
Epoch 5 **** Loss 0.0633782371878624 **** Metrics validation: {'accuracy': 0.7571090047393365, 'f1_weighted': 0.7567033843294501, 'macro': 0.7429122903933119, 'micro': 0.7571090047393365, 'binary': 0.682498709344347, 'accuracy_majority': 0.7479775980087119, 'macro_majority': 0.7397339814840365, 'binary_majority': 0.6934140802422407, 'run_time_millis': 3661.735702014994, 'loss_mean': 0.3880000114440918}
Epoch 6 **** Loss 0.13179804384708405 **** Metrics validation: {'accuracy': 0.7543443917851501, 'f1_weighted': 0.755286613225543, 'macro': 0.7429092497585649, 'micro': 0.75434439178515, 'binary': 0.6886886886886887, 'accuracy_majority': 0.7479775980087119, 'macro_majority': 0.7420303434957923, 'binary_majority': 0.7028613352898019, 'run_time_millis': 3654.830279003363, 'loss_mean': 0.4044967591762543}
Epoch 7 **** Loss 0.14336438477039337 **** Metrics validation: {'accuracy': 0.7496050552922591, 'f1_weighted': 0.7512898953836606, 'macro': 0.7396965909452069, 'micro': 0.7496050552922591, 'binary': 0.6889106967615308, 'accuracy_majority': 0.744866210329807, 'macro_majority': 0.7401276347343179, 'binary_majority': 0.7050359712230216, 'run_time_millis': 3662.783794978168, 'loss_mean': 0.4235282838344574}
Epoch 8 **** Loss 0.12941394746303558 **** Metrics validation: {'accuracy': 0.7555292259083728, 'f1_weighted': 0.7566379393415334, 'macro': 0.7445466871836698, 'micro': 0.7555292259083728, 'binary': 0.6915794718485302, 'accuracy_majority': 0.7504667081518357, 'macro_majority': 0.7446765601443806, 'binary_majority': 0.7062271062271063, 'run_time_millis': 3657.8095050062984, 'loss_mean': 0.4477878510951996}
Epoch 9 **** Loss 0.12726560235023499 **** Metrics validation: {'accuracy': 0.7598736176935229, 'f1_weighted': 0.7590974418412316, 'macro': 0.7450777655092198, 'micro': 0.7598736176935229, 'binary': 0.6836628511966701, 'accuracy_majority': 0.7510889856876167, 'macro_majority': 0.7424085045266857, 'binary_majority': 0.6951219512195121, 'run_time_millis': 3663.2981110014953, 'loss_mean': 0.5247367024421692}
Evaluating
{'accuracy': 0.7760663507109005, 'f1_weighted': 0.7745058355240061, 'macro': 0.7606292543236224, 'micro': 0.7760663507109005, 'binary': 0.6998411858125992, 'accuracy_majority': 0.7697573117610454, 'macro_majority': 0.7605572433256123, 'binary_majority': 0.7136222910216719, 'run_time_millis': 3653.969598002732, 'loss_mean': 0.2527446746826172}
