Device cuda
Split type sit
Training Size: 37764, NTA labels 26292, YTA labels 11472
Validation Size: 12853, NTA labels 9090, YTA labels 3763
Test Size: 14190, NTA labels 10214, YTA labels 3976
Training with SBERT, model name is sbert
Tokenizing the dataset
Number of training steps 11810
Epoch 0 **** Loss 0.10105741024017334 **** Metrics validation: {'accuracy': 0.6957130630981094, 'f1_weighted': 0.6656239864029889, 'macro': 0.568540696545383, 'micro': 0.6957130630981094, 'binary': 0.3342978723404256, 'accuracy_majority': 0.7059010152284264, 'macro_majority': 0.5595306631452082, 'binary_majority': 0.3056179775280899, 'run_time_millis': 47849.97495170683, 'loss_mean': 0.3529684245586395}
Epoch 1 **** Loss 0.029064394533634186 **** Metrics validation: {'accuracy': 0.6828755932467129, 'f1_weighted': 0.6523019337577673, 'macro': 0.5518914010218781, 'micro': 0.6828755932467129, 'binary': 0.30962059620596205, 'accuracy_majority': 0.6951142131979695, 'macro_majority': 0.5594783847769587, 'binary_majority': 0.3150392017106201, 'run_time_millis': 47839.119019918144, 'loss_mean': 0.3566858172416687}
Epoch 2 **** Loss 0.041853275150060654 **** Metrics validation: {'accuracy': 0.6708939547187427, 'f1_weighted': 0.6556603864147127, 'macro': 0.5685904096383523, 'micro': 0.6708939547187427, 'binary': 0.35850773430391264, 'accuracy_majority': 0.6871827411167513, 'macro_majority': 0.5726060552719592, 'binary_majority': 0.3513157894736842, 'run_time_millis': 47834.221351891756, 'loss_mean': 0.3904212713241577}
Epoch 3 **** Loss 0.05168142169713974 **** Metrics validation: {'accuracy': 0.6572006535439197, 'f1_weighted': 0.6483304797403225, 'macro': 0.5657231093701075, 'micro': 0.6572006535439197, 'binary': 0.36640782283577794, 'accuracy_majority': 0.679251269035533, 'macro_majority': 0.5710620839483042, 'binary_majority': 0.355640535372849, 'run_time_millis': 47840.71758762002, 'loss_mean': 0.39184290170669556}
Epoch 4 **** Loss 0.03514043614268303 **** Metrics validation: {'accuracy': 0.6760289426593014, 'f1_weighted': 0.6584830314676215, 'macro': 0.5699725495376231, 'micro': 0.6760289426593014, 'binary': 0.3564142194744977, 'accuracy_majority': 0.6906725888324873, 'macro_majority': 0.5748836055049336, 'binary_majority': 0.35301924353019243, 'run_time_millis': 47840.39217047393, 'loss_mean': 0.3878602683544159}
Epoch 5 **** Loss 0.09905020147562027 **** Metrics validation: {'accuracy': 0.6571228506963355, 'f1_weighted': 0.6543524722354086, 'macro': 0.5794397511117662, 'micro': 0.6571228506963355, 'binary': 0.39869013507981993, 'accuracy_majority': 0.6754441624365483, 'macro_majority': 0.5938172471369088, 'binary_majority': 0.41173087981598616, 'run_time_millis': 47823.851943947375, 'loss_mean': 0.43348217010498047}
Epoch 6 **** Loss 0.008296196348965168 **** Metrics validation: {'accuracy': 0.659379133276278, 'f1_weighted': 0.656108068206568, 'macro': 0.5810004663688714, 'micro': 0.659379133276278, 'binary': 0.39978064162325205, 'accuracy_majority': 0.675761421319797, 'macro_majority': 0.5946467373113188, 'binary_majority': 0.4133180252583238, 'run_time_millis': 47833.08389876038, 'loss_mean': 0.4155008792877197}
Epoch 7 **** Loss 0.13091695308685303 **** Metrics validation: {'accuracy': 0.6828755932467129, 'f1_weighted': 0.6696942345174727, 'macro': 0.587472808345737, 'micro': 0.6828755932467129, 'binary': 0.3890887290167866, 'accuracy_majority': 0.6951142131979695, 'macro_majority': 0.6000029051591004, 'binary_majority': 0.4049535603715171, 'run_time_millis': 47832.93253462762, 'loss_mean': 0.49922412633895874}
Epoch 8 **** Loss 0.031750306487083435 **** Metrics validation: {'accuracy': 0.6766513654399751, 'f1_weighted': 0.66760584832298, 'macro': 0.5888714207376325, 'micro': 0.6766513654399751, 'binary': 0.3989007810240093, 'accuracy_majority': 0.6906725888324873, 'macro_majority': 0.6042431949519502, 'binary_majority': 0.41929720071471116, 'run_time_millis': 47388.413914479315, 'loss_mean': 0.5137366056442261}
Epoch 9 **** Loss 0.07269638776779175 **** Metrics validation: {'accuracy': 0.6799190850385124, 'f1_weighted': 0.6712352520762828, 'macro': 0.5936198524289705, 'micro': 0.6799190850385124, 'binary': 0.40634920634920635, 'accuracy_majority': 0.690989847715736, 'macro_majority': 0.6050980910714461, 'binary_majority': 0.42092746730083236, 'run_time_millis': 47810.99159177393, 'loss_mean': 0.5311983227729797}
Evaluating
{'accuracy': 0.6799190850385124, 'f1_weighted': 0.6712352520762828, 'macro': 0.5936198524289705, 'micro': 0.6799190850385124, 'binary': 0.40634920634920635, 'accuracy_majority': 0.690989847715736, 'macro_majority': 0.6050980910714461, 'binary_majority': 0.42092746730083236, 'run_time_millis': 47767.75520481169, 'loss_mean': 0.5311983227729797}
