Device cuda
Split type sit
Training Size: 63991, NTA labels 44914, YTA labels 19077
Validation Size: 22662, NTA labels 15691, YTA labels 6971
Test Size: 23668, NTA labels 17055, YTA labels 6613
Training with SBERT, model name is sbert
Tokenizing the dataset
Number of training steps 20000
Epoch 0 **** Loss 0.17564131319522858 **** Metrics validation: {'accuracy': 0.6256288059306327, 'f1_weighted': 0.6260136833274298, 'macro': 0.5614727044799329, 'micro': 0.6256288059306327, 'binary': 0.39374017436044023, 'accuracy_majority': 0.66132658797077, 'macro_majority': 0.582124224034726, 'binary_majority': 0.4001991040318566, 'run_time_millis': 80352.89622799974, 'loss_mean': 0.3244943618774414}
Epoch 1 **** Loss 0.22661039233207703 **** Metrics validation: {'accuracy': 0.6716529873797547, 'f1_weighted': 0.655110699530177, 'macro': 0.5792302418508938, 'micro': 0.6716529873797547, 'binary': 0.3820280707582427, 'accuracy_majority': 0.6922428330522765, 'macro_majority': 0.5877972208759011, 'binary_majority': 0.3803056027164687, 'run_time_millis': 80655.58105199852, 'loss_mean': 0.33922719955444336}
Epoch 2 **** Loss 0.1416645050048828 **** Metrics validation: {'accuracy': 0.678051363516018, 'f1_weighted': 0.6376322066879613, 'macro': 0.5412276532030994, 'micro': 0.678051363516018, 'binary': 0.2906863698230605, 'accuracy_majority': 0.7074198988195616, 'macro_majority': 0.5668300658372156, 'binary_majority': 0.3200522534291313, 'run_time_millis': 80661.80053099924, 'loss_mean': 0.368817538022995}
Epoch 3 **** Loss 0.3605591356754303 **** Metrics validation: {'accuracy': 0.6434560056482217, 'f1_weighted': 0.6264860312434593, 'macro': 0.5450898943845326, 'micro': 0.6434560056482217, 'binary': 0.33355328274496865, 'accuracy_majority': 0.677627880831928, 'macro_majority': 0.576141872855212, 'binary_majority': 0.36873968079251507, 'run_time_millis': 80640.85784799863, 'loss_mean': 0.3580813705921173}
Epoch 4 **** Loss 0.0688939020037651 **** Metrics validation: {'accuracy': 0.6519724649192481, 'f1_weighted': 0.6342731090640125, 'macro': 0.5536786531592321, 'micro': 0.6519724649192481, 'binary': 0.3442254926415565, 'accuracy_majority': 0.6885890949971895, 'macro_majority': 0.5855609081642608, 'binary_majority': 0.3789237668161435, 'run_time_millis': 80605.12617000131, 'loss_mean': 0.3854442834854126}
Epoch 5 **** Loss 0.09085097163915634 **** Metrics validation: {'accuracy': 0.6564733915806196, 'f1_weighted': 0.6438207042200758, 'macro': 0.5692220336426979, 'micro': 0.6564733915806196, 'binary': 0.3753510390756639, 'accuracy_majority': 0.6854974704890388, 'macro_majority': 0.5837653731729631, 'binary_majority': 0.3779877709838799, 'run_time_millis': 78552.09570599982, 'loss_mean': 0.3512401580810547}
Epoch 6 **** Loss 0.0912514254450798 **** Metrics validation: {'accuracy': 0.6502073956402789, 'f1_weighted': 0.6403839182752311, 'macro': 0.567728513166482, 'micro': 0.6502073956402789, 'binary': 0.37890778030243677, 'accuracy_majority': 0.6779089376053963, 'macro_majority': 0.5766644614631339, 'binary_majority': 0.36963696369636967, 'run_time_millis': 80601.59215100066, 'loss_mean': 0.35319390892982483}
Epoch 7 **** Loss 0.1612391620874405 **** Metrics validation: {'accuracy': 0.6645485835319036, 'f1_weighted': 0.6412506002445129, 'macro': 0.5575084674060756, 'micro': 0.6645485835319036, 'binary': 0.33987495658214656, 'accuracy_majority': 0.695053400786959, 'macro_majority': 0.5746511508756968, 'binary_majority': 0.3483483483483484, 'run_time_millis': 80539.08093699647, 'loss_mean': 0.404671311378479}
Epoch 8 **** Loss 0.12743531167507172 **** Metrics validation: {'accuracy': 0.6626511340570117, 'f1_weighted': 0.6328709350949882, 'macro': 0.542796937540758, 'micro': 0.6626511340570117, 'binary': 0.30870783976851435, 'accuracy_majority': 0.698707138842046, 'macro_majority': 0.5704867037197693, 'binary_majority': 0.3358116480793061, 'run_time_millis': 80546.41024400189, 'loss_mean': 0.40605616569519043}
Epoch 9 **** Loss 0.02755066566169262 **** Metrics validation: {'accuracy': 0.6616362192216044, 'f1_weighted': 0.632222318471355, 'macro': 0.5422892137931732, 'micro': 0.6616362192216044, 'binary': 0.30856627592425606, 'accuracy_majority': 0.6981450252951096, 'macro_majority': 0.5711842579529648, 'binary_majority': 0.33785450061652283, 'run_time_millis': 78635.57542199851, 'loss_mean': 0.4208793640136719}
Evaluating
{'accuracy': 0.6716529873797547, 'f1_weighted': 0.655110699530177, 'macro': 0.5792302418508938, 'micro': 0.6716529873797547, 'binary': 0.3820280707582427, 'accuracy_majority': 0.6922428330522765, 'macro_majority': 0.5877972208759011, 'binary_majority': 0.3803056027164687, 'run_time_millis': 80512.70737699815, 'loss_mean': 0.33922719955444336}
