______________________________	 Running Epoch 1 of 10 	______________________________
[Training] Itteration/Batch:   0/77: Loss: 1.58 | Accuracy: 0.45
[Training] Itteration/Batch:  25/77: Loss: 1.20 | Accuracy: 0.56
[Training] Itteration/Batch:  50/77: Loss: 1.19 | Accuracy: 0.63
[Training] Itteration/Batch:  75/77: Loss: 1.13 | Accuracy: 0.67

Epoch 1: Val Bin. F1 Majority 0.0 | Val Macro F1 Majority 0.3617950754567117 |             Val Bin F1 Individual 0.48290830850601196 | Val Macro F1 Individual 0.5935187270595857 |             Val Accuracy Majority 0.5668948292732239 | Val Accuracy Individual 0.6236177086830139 | Training Loss:1.1220245361328125 |             Val Loss 1.0714901685714722 | Train Runtime Millis 5910.157200999947 | Val Runtime Millis 3845.955546999903

______________________________	 Running Epoch 2 of 10 	______________________________
[Training] Itteration/Batch:   0/77: Loss: 1.06 | Accuracy: 0.58
[Training] Itteration/Batch:  25/77: Loss: 1.34 | Accuracy: 0.71
[Training] Itteration/Batch:  50/77: Loss: 1.19 | Accuracy: 0.62
[Training] Itteration/Batch:  75/77: Loss: 1.12 | Accuracy: 0.62

Epoch 2: Val Bin. F1 Majority 0.6596404314041138 | Val Macro F1 Majority 0.6583648703751104 |             Val Bin F1 Individual 0.656515896320343 | Val Macro F1 Individual 0.6927934487709881 |             Val Accuracy Majority 0.6583696603775024 | Val Accuracy Individual 0.6970773935317993 | Training Loss:1.0630528926849365 |             Val Loss 0.996167778968811 | Train Runtime Millis 5923.598615999708 | Val Runtime Millis 3739.0007760000117

______________________________	 Running Epoch 3 of 10 	______________________________
[Training] Itteration/Batch:   0/77: Loss: 0.99 | Accuracy: 0.80
[Training] Itteration/Batch:  25/77: Loss: 0.86 | Accuracy: 0.86
[Training] Itteration/Batch:  50/77: Loss: 0.61 | Accuracy: 0.86
[Training] Itteration/Batch:  75/77: Loss: 0.79 | Accuracy: 0.86

Epoch 3: Val Bin. F1 Majority 0.657575786113739 | Val Macro F1 Majority 0.7094636971616908 |             Val Bin F1 Individual 0.6789178252220154 | Val Macro F1 Individual 0.7381706628394158 |             Val Accuracy Majority 0.7187305688858032 | Val Accuracy Individual 0.751579761505127 | Training Loss:0.8900552988052368 |             Val Loss 0.8774681687355042 | Train Runtime Millis 5937.419588000012 | Val Runtime Millis 3734.084100000018

______________________________	 Running Epoch 4 of 10 	______________________________
[Training] Itteration/Batch:   0/77: Loss: 0.71 | Accuracy: 0.94
[Training] Itteration/Batch:  25/77: Loss: 0.54 | Accuracy: 0.91
[Training] Itteration/Batch:  50/77: Loss: 0.86 | Accuracy: 0.79
[Training] Itteration/Batch:  75/77: Loss: 0.50 | Accuracy: 0.88

Epoch 4: Val Bin. F1 Majority 0.6544923186302185 | Val Macro F1 Majority 0.6990618832411845 |             Val Bin F1 Individual 0.6593734622001648 | Val Macro F1 Individual 0.7175019866984451 |             Val Accuracy Majority 0.705662727355957 | Val Accuracy Individual 0.7294628620147705 | Training Loss:0.6594515442848206 |             Val Loss 0.8871784210205078 | Train Runtime Millis 5934.632460000103 | Val Runtime Millis 3735.658007999973

______________________________	 Running Epoch 5 of 10 	______________________________
[Training] Itteration/Batch:   0/77: Loss: 0.71 | Accuracy: 0.81
[Training] Itteration/Batch:  25/77: Loss: 0.35 | Accuracy: 0.95
[Training] Itteration/Batch:  50/77: Loss: 0.37 | Accuracy: 0.92
[Training] Itteration/Batch:  75/77: Loss: 0.43 | Accuracy: 0.86

Epoch 5: Val Bin. F1 Majority 0.6842491030693054 | Val Macro F1 Majority 0.7255750559157808 |             Val Bin F1 Individual 0.6848484873771667 | Val Macro F1 Individual 0.7412569272491452 |             Val Accuracy Majority 0.7317984104156494 | Val Accuracy Individual 0.7535545229911804 | Training Loss:0.5031871795654297 |             Val Loss 0.8514904975891113 | Train Runtime Millis 5932.646384999771 | Val Runtime Millis 3742.829292999886

______________________________	 Running Epoch 6 of 10 	______________________________
[Training] Itteration/Batch:   0/77: Loss: 0.36 | Accuracy: 0.96
[Training] Itteration/Batch:  25/77: Loss: 0.55 | Accuracy: 0.84
[Training] Itteration/Batch:  50/77: Loss: 0.39 | Accuracy: 0.90
[Training] Itteration/Batch:  75/77: Loss: 0.37 | Accuracy: 0.93

Epoch 6: Val Bin. F1 Majority 0.6872985363006592 | Val Macro F1 Majority 0.6978284527701756 |             Val Bin F1 Individual 0.6890380382537842 | Val Macro F1 Individual 0.7216840916585414 |             Val Accuracy Majority 0.6981953978538513 | Val Accuracy Individual 0.7255133986473083 | Training Loss:0.39763712882995605 |             Val Loss 0.9099437594413757 | Train Runtime Millis 5937.034950999987 | Val Runtime Millis 3787.7367490000324

______________________________	 Running Epoch 1 of 10 	______________________________
[Training] Itteration/Batch:   0/101: Loss: 1.08 | Accuracy: 0.54
[Training] Itteration/Batch:  25/101: Loss: 1.01 | Accuracy: 0.68
[Training] Itteration/Batch:  50/101: Loss: 1.01 | Accuracy: 0.54
[Training] Itteration/Batch:  75/101: Loss: 0.78 | Accuracy: 0.47
[Training] Itteration/Batch: 100/101: Loss: 0.63 | Accuracy: 0.75

Epoch 1: Val Bin. F1 Majority 0.44465115666389465 | Val Macro F1 Majority 0.5827743892494863 |             Val Bin F1 Individual 0.5180912613868713 | Val Macro F1 Individual 0.6134960490160204 |             Val Accuracy Majority 0.6285002827644348 | Val Accuracy Individual 0.6370458006858826 | Training Loss:1.0624998807907104 |             Val Loss 1.0645220279693604 | Train Runtime Millis 7727.968314999998 | Val Runtime Millis 3731.884951000211

______________________________	 Running Epoch 2 of 10 	______________________________
[Training] Itteration/Batch:   0/101: Loss: 0.96 | Accuracy: 0.74
[Training] Itteration/Batch:  25/101: Loss: 0.92 | Accuracy: 0.67
[Training] Itteration/Batch:  50/101: Loss: 1.02 | Accuracy: 0.72
[Training] Itteration/Batch:  75/101: Loss: 0.74 | Accuracy: 0.80
[Training] Itteration/Batch: 100/101: Loss: 0.81 | Accuracy: 0.83

Epoch 2: Val Bin. F1 Majority 0.5357798337936401 | Val Macro F1 Majority 0.6487750306674269 |             Val Bin F1 Individual 0.6237401962280273 | Val Macro F1 Individual 0.7093685754635574 |             Val Accuracy Majority 0.6851275563240051 | Val Accuracy Individual 0.7345971465110779 | Training Loss:0.9834417104721069 |             Val Loss 0.9509548544883728 | Train Runtime Millis 7742.204474000118 | Val Runtime Millis 3839.369630999954

______________________________	 Running Epoch 3 of 10 	______________________________
[Training] Itteration/Batch:   0/101: Loss: 0.58 | Accuracy: 1.00
[Training] Itteration/Batch:  25/101: Loss: 0.69 | Accuracy: 0.83
[Training] Itteration/Batch:  50/101: Loss: 0.87 | Accuracy: 0.86
[Training] Itteration/Batch:  75/101: Loss: 0.87 | Accuracy: 0.81
[Training] Itteration/Batch: 100/101: Loss: 1.30 | Accuracy: 0.50

Epoch 3: Val Bin. F1 Majority 0.686274528503418 | Val Macro F1 Majority 0.7006194401751199 |             Val Bin F1 Individual 0.6881057024002075 | Val Macro F1 Individual 0.717352791854162 |             Val Accuracy Majority 0.7013067603111267 | Val Accuracy Individual 0.7203791737556458 | Training Loss:0.8026766777038574 |             Val Loss 0.8776536583900452 | Train Runtime Millis 7748.235329000181 | Val Runtime Millis 3738.5649580000972

______________________________	 Running Epoch 4 of 10 	______________________________
[Training] Itteration/Batch:   0/101: Loss: 0.58 | Accuracy: 0.86
[Training] Itteration/Batch:  25/101: Loss: 0.62 | Accuracy: 0.73
[Training] Itteration/Batch:  50/101: Loss: 0.58 | Accuracy: 0.88
[Training] Itteration/Batch:  75/101: Loss: 0.35 | Accuracy: 0.95
[Training] Itteration/Batch: 100/101: Loss: 0.70 | Accuracy: 0.80

Epoch 4: Val Bin. F1 Majority 0.6936026811599731 | Val Macro F1 Majority 0.7152223994329256 |             Val Bin F1 Individual 0.6917776465415955 | Val Macro F1 Individual 0.7296782386122893 |             Val Accuracy Majority 0.7168636918067932 | Val Accuracy Individual 0.7349920868873596 | Training Loss:0.6162906885147095 |             Val Loss 0.8603671193122864 | Train Runtime Millis 7759.074049999981 | Val Runtime Millis 3742.9549849998693

______________________________	 Running Epoch 5 of 10 	______________________________
[Training] Itteration/Batch:   0/101: Loss: 0.52 | Accuracy: 0.89
[Training] Itteration/Batch:  25/101: Loss: 0.65 | Accuracy: 0.85
[Training] Itteration/Batch:  50/101: Loss: 0.52 | Accuracy: 0.84
[Training] Itteration/Batch:  75/101: Loss: 0.37 | Accuracy: 0.96
[Training] Itteration/Batch: 100/101: Loss: 0.13 | Accuracy: 1.00

Epoch 5: Val Bin. F1 Majority 0.6977716088294983 | Val Macro F1 Majority 0.7268385497773782 |             Val Bin F1 Individual 0.6930884718894958 | Val Macro F1 Individual 0.7405342075684381 |             Val Accuracy Majority 0.7299315333366394 | Val Accuracy Individual 0.7492101192474365 | Training Loss:0.4628289043903351 |             Val Loss 0.8476830720901489 | Train Runtime Millis 7758.314246000282 | Val Runtime Millis 3739.732288999676

______________________________	 Running Epoch 6 of 10 	______________________________
[Training] Itteration/Batch:   0/101: Loss: 0.33 | Accuracy: 0.96
[Training] Itteration/Batch:  25/101: Loss: 0.33 | Accuracy: 0.95
[Training] Itteration/Batch:  50/101: Loss: 0.31 | Accuracy: 0.96
[Training] Itteration/Batch:  75/101: Loss: 0.36 | Accuracy: 0.92
[Training] Itteration/Batch: 100/101: Loss: 0.45 | Accuracy: 0.80

Epoch 6: Val Bin. F1 Majority 0.6605644822120667 | Val Macro F1 Majority 0.7133615757046665 |             Val Bin F1 Individual 0.682414710521698 | Val Macro F1 Individual 0.745449197767658 |             Val Accuracy Majority 0.7230864763259888 | Val Accuracy Individual 0.7610584497451782 | Training Loss:0.3685261905193329 |             Val Loss 0.85506272315979 | Train Runtime Millis 7755.440225999791 | Val Runtime Millis 3739.428212999883

______________________________	 Running Epoch 7 of 10 	______________________________
[Training] Itteration/Batch:   0/101: Loss: 0.37 | Accuracy: 0.96
[Training] Itteration/Batch:  25/101: Loss: 0.16 | Accuracy: 1.00
[Training] Itteration/Batch:  50/101: Loss: 0.23 | Accuracy: 0.95
[Training] Itteration/Batch:  75/101: Loss: 0.22 | Accuracy: 1.00
[Training] Itteration/Batch: 100/101: Loss: 0.70 | Accuracy: 0.60

Epoch 7: Val Bin. F1 Majority 0.7009900808334351 | Val Macro F1 Majority 0.7171813355555685 |             Val Bin F1 Individual 0.7078853249549866 | Val Macro F1 Individual 0.7388296579794666 |             Val Accuracy Majority 0.7181082963943481 | Val Accuracy Individual 0.7424960732460022 | Training Loss:0.31374600529670715 |             Val Loss 0.8767049908638 | Train Runtime Millis 7760.103746999903 | Val Runtime Millis 3743.388691999826

______________________________	 Running Epoch 1 of 10 	______________________________
[Training] Itteration/Batch:   0/117: Loss: 1.20 | Accuracy: 0.55
[Training] Itteration/Batch:  25/117: Loss: 1.03 | Accuracy: 0.56
[Training] Itteration/Batch:  50/117: Loss: 1.01 | Accuracy: 0.72
[Training] Itteration/Batch:  75/117: Loss: 1.13 | Accuracy: 0.60
[Training] Itteration/Batch: 100/117: Loss: 1.14 | Accuracy: 0.62

Epoch 1: Val Bin. F1 Majority 0.15544041991233826 | Val Macro F1 Majority 0.4442230737567525 |             Val Bin F1 Individual 0.4460526406764984 | Val Macro F1 Individual 0.6042339907330403 |             Val Accuracy Majority 0.5942750573158264 | Val Accuracy Individual 0.6674565672874451 | Training Loss:1.0803428888320923 |             Val Loss 1.045493245124817 | Train Runtime Millis 9125.707239000349 | Val Runtime Millis 3734.4641569998203

______________________________	 Running Epoch 2 of 10 	______________________________
[Training] Itteration/Batch:   0/117: Loss: 1.01 | Accuracy: 0.68
[Training] Itteration/Batch:  25/117: Loss: 1.05 | Accuracy: 0.81
[Training] Itteration/Batch:  50/117: Loss: 1.08 | Accuracy: 0.62
[Training] Itteration/Batch:  75/117: Loss: 1.29 | Accuracy: 0.70
[Training] Itteration/Batch: 100/117: Loss: 0.93 | Accuracy: 0.79

Epoch 2: Val Bin. F1 Majority 0.6909722089767456 | Val Macro F1 Majority 0.6658091259159562 |             Val Bin F1 Individual 0.6719681620597839 | Val Macro F1 Individual 0.6741559275184517 |             Val Accuracy Majority 0.6677038073539734 | Val Accuracy Individual 0.6741706132888794 | Training Loss:0.9920080304145813 |             Val Loss 0.9716349840164185 | Train Runtime Millis 9064.813043999948 | Val Runtime Millis 3739.9144420000994

______________________________	 Running Epoch 3 of 10 	______________________________
[Training] Itteration/Batch:   0/117: Loss: 1.32 | Accuracy: 0.65
[Training] Itteration/Batch:  25/117: Loss: 0.77 | Accuracy: 0.74
[Training] Itteration/Batch:  50/117: Loss: 1.35 | Accuracy: 0.66
[Training] Itteration/Batch:  75/117: Loss: 0.97 | Accuracy: 0.79
[Training] Itteration/Batch: 100/117: Loss: 1.03 | Accuracy: 0.67

Epoch 3: Val Bin. F1 Majority 0.6691957712173462 | Val Macro F1 Majority 0.7196189726154575 |             Val Bin F1 Individual 0.6775344014167786 | Val Macro F1 Individual 0.7367033427009808 |             Val Accuracy Majority 0.7286869883537292 | Val Accuracy Individual 0.75 | Training Loss:0.851303219795227 |             Val Loss 0.8433564305305481 | Train Runtime Millis 9096.189446000153 | Val Runtime Millis 3733.7696399999913

______________________________	 Running Epoch 4 of 10 	______________________________
[Training] Itteration/Batch:   0/117: Loss: 0.64 | Accuracy: 0.85
[Training] Itteration/Batch:  25/117: Loss: 0.71 | Accuracy: 0.89
[Training] Itteration/Batch:  50/117: Loss: 0.79 | Accuracy: 0.83
[Training] Itteration/Batch:  75/117: Loss: 0.58 | Accuracy: 0.83
[Training] Itteration/Batch: 100/117: Loss: 0.61 | Accuracy: 0.86

Epoch 4: Val Bin. F1 Majority 0.694307804107666 | Val Macro F1 Majority 0.7257133641974219 |             Val Bin F1 Individual 0.690891444683075 | Val Macro F1 Individual 0.7391124031007752 |             Val Accuracy Majority 0.7293092608451843 | Val Accuracy Individual 0.7480252981185913 | Training Loss:0.6545566916465759 |             Val Loss 0.8381503224372864 | Train Runtime Millis 9046.256427999651 | Val Runtime Millis 3738.3222489997934

______________________________	 Running Epoch 5 of 10 	______________________________
[Training] Itteration/Batch:   0/117: Loss: 0.64 | Accuracy: 0.82
[Training] Itteration/Batch:  25/117: Loss: 0.75 | Accuracy: 0.83
[Training] Itteration/Batch:  50/117: Loss: 0.43 | Accuracy: 0.86
[Training] Itteration/Batch:  75/117: Loss: 0.41 | Accuracy: 0.91
[Training] Itteration/Batch: 100/117: Loss: 0.67 | Accuracy: 0.81

Epoch 5: Val Bin. F1 Majority 0.6420966386795044 | Val Macro F1 Majority 0.7114146030352755 |             Val Bin F1 Individual 0.6815392971038818 | Val Macro F1 Individual 0.753487483083693 |             Val Accuracy Majority 0.7280647158622742 | Val Accuracy Individual 0.7744866013526917 | Training Loss:0.5145425796508789 |             Val Loss 0.8408467769622803 | Train Runtime Millis 9046.687114999713 | Val Runtime Millis 3736.2348430001475

______________________________	 Running Epoch 6 of 10 	______________________________
[Training] Itteration/Batch:   0/117: Loss: 0.33 | Accuracy: 0.91
[Training] Itteration/Batch:  25/117: Loss: 0.38 | Accuracy: 0.93
[Training] Itteration/Batch:  50/117: Loss: 0.41 | Accuracy: 0.96
[Training] Itteration/Batch:  75/117: Loss: 0.34 | Accuracy: 0.91
[Training] Itteration/Batch: 100/117: Loss: 0.56 | Accuracy: 0.93

Epoch 6: Val Bin. F1 Majority 0.6991327404975891 | Val Macro F1 Majority 0.7180794971185844 |             Val Bin F1 Individual 0.7033666968345642 | Val Macro F1 Individual 0.7379359653862835 |             Val Accuracy Majority 0.7193528413772583 | Val Accuracy Individual 0.7424960732460022 | Training Loss:0.40009641647338867 |             Val Loss 0.8682008385658264 | Train Runtime Millis 9037.101007999809 | Val Runtime Millis 3726.4464029999544

______________________________	 Running Epoch 1 of 10 	______________________________
[Training] Itteration/Batch:   0/136: Loss: 0.99 | Accuracy: 0.58
[Training] Itteration/Batch:  25/136: Loss: 1.02 | Accuracy: 0.54
[Training] Itteration/Batch:  50/136: Loss: 1.35 | Accuracy: 0.43
[Training] Itteration/Batch:  75/136: Loss: 0.77 | Accuracy: 0.76
[Training] Itteration/Batch: 100/136: Loss: 0.96 | Accuracy: 0.68
[Training] Itteration/Batch: 125/136: Loss: 0.88 | Accuracy: 0.86

Epoch 1: Val Bin. F1 Majority 0.052998606115579605 | Val Macro F1 Majority 0.3905361468629859 |             Val Bin F1 Individual 0.2343096286058426 | Val Macro F1 Individual 0.4989072025141372 |             Val Accuracy Majority 0.5774735808372498 | Val Accuracy Individual 0.6386256217956543 | Training Loss:1.089388132095337 |             Val Loss 1.0612480640411377 | Train Runtime Millis 10448.189516999719 | Val Runtime Millis 3728.695430999778

______________________________	 Running Epoch 2 of 10 	______________________________
[Training] Itteration/Batch:   0/136: Loss: 1.32 | Accuracy: 0.38
[Training] Itteration/Batch:  25/136: Loss: 1.11 | Accuracy: 0.64
[Training] Itteration/Batch:  50/136: Loss: 1.08 | Accuracy: 0.62
[Training] Itteration/Batch:  75/136: Loss: 1.02 | Accuracy: 0.50
[Training] Itteration/Batch: 100/136: Loss: 0.74 | Accuracy: 0.76
[Training] Itteration/Batch: 125/136: Loss: 0.83 | Accuracy: 0.67

Epoch 2: Val Bin. F1 Majority 0.6532818675041199 | Val Macro F1 Majority 0.7096529120499939 |             Val Bin F1 Individual 0.6777893900871277 | Val Macro F1 Individual 0.7406747201040499 |             Val Accuracy Majority 0.7205973863601685 | Val Accuracy Individual 0.7559241652488708 | Training Loss:0.9593973755836487 |             Val Loss 0.8652229905128479 | Train Runtime Millis 10487.604563999867 | Val Runtime Millis 3734.3124690000877

______________________________	 Running Epoch 3 of 10 	______________________________
[Training] Itteration/Batch:   0/136: Loss: 0.80 | Accuracy: 0.72
[Training] Itteration/Batch:  25/136: Loss: 0.62 | Accuracy: 0.82
[Training] Itteration/Batch:  50/136: Loss: 0.65 | Accuracy: 0.83
[Training] Itteration/Batch:  75/136: Loss: 0.64 | Accuracy: 0.89
[Training] Itteration/Batch: 100/136: Loss: 0.55 | Accuracy: 0.89
[Training] Itteration/Batch: 125/136: Loss: 0.69 | Accuracy: 0.74

Epoch 3: Val Bin. F1 Majority 0.6789510846138 | Val Macro F1 Majority 0.7138515891892913 |             Val Bin F1 Individual 0.7025986313819885 | Val Macro F1 Individual 0.7478164059805561 |             Val Accuracy Majority 0.7181082963943481 | Val Accuracy Individual 0.7559241652488708 | Training Loss:0.7475743293762207 |             Val Loss 0.8149807453155518 | Train Runtime Millis 10496.56103999996 | Val Runtime Millis 3737.6275980000173

______________________________	 Running Epoch 4 of 10 	______________________________
[Training] Itteration/Batch:   0/136: Loss: 0.44 | Accuracy: 0.87
[Training] Itteration/Batch:  25/136: Loss: 0.48 | Accuracy: 0.88
[Training] Itteration/Batch:  50/136: Loss: 0.56 | Accuracy: 0.88
[Training] Itteration/Batch:  75/136: Loss: 0.31 | Accuracy: 0.91
[Training] Itteration/Batch: 100/136: Loss: 0.75 | Accuracy: 0.76
[Training] Itteration/Batch: 125/136: Loss: 0.53 | Accuracy: 0.88

Epoch 4: Val Bin. F1 Majority 0.7024198770523071 | Val Macro F1 Majority 0.7161951043427464 |             Val Bin F1 Individual 0.7151898741722107 | Val Macro F1 Individual 0.7471461288547234 |             Val Accuracy Majority 0.7168636918067932 | Val Accuracy Individual 0.7511848211288452 | Training Loss:0.5676417350769043 |             Val Loss 0.836129903793335 | Train Runtime Millis 10498.104105999573 | Val Runtime Millis 3740.411996000148

______________________________	 Running Epoch 5 of 10 	______________________________
[Training] Itteration/Batch:   0/136: Loss: 0.39 | Accuracy: 0.92
[Training] Itteration/Batch:  25/136: Loss: 0.59 | Accuracy: 0.80
[Training] Itteration/Batch:  50/136: Loss: 0.25 | Accuracy: 0.95
[Training] Itteration/Batch:  75/136: Loss: 0.50 | Accuracy: 0.90
[Training] Itteration/Batch: 100/136: Loss: 0.48 | Accuracy: 0.88
[Training] Itteration/Batch: 125/136: Loss: 0.37 | Accuracy: 0.93

Epoch 5: Val Bin. F1 Majority 0.6631499528884888 | Val Macro F1 Majority 0.7131330097773645 |             Val Bin F1 Individual 0.6787376999855042 | Val Macro F1 Individual 0.7401992623206384 |             Val Accuracy Majority 0.7218419313430786 | Val Accuracy Individual 0.7547393441200256 | Training Loss:0.4487098455429077 |             Val Loss 0.8860320448875427 | Train Runtime Millis 10497.496855999998 | Val Runtime Millis 3737.2185200001695

______________________________	 Running Epoch 1 of 10 	______________________________
[Training] Itteration/Batch:   0/154: Loss: 1.10 | Accuracy: 0.29
[Training] Itteration/Batch:  25/154: Loss: 1.09 | Accuracy: 0.70
[Training] Itteration/Batch:  50/154: Loss: 0.87 | Accuracy: 0.70
[Training] Itteration/Batch:  75/154: Loss: 1.12 | Accuracy: 0.69
[Training] Itteration/Batch: 100/154: Loss: 1.36 | Accuracy: 0.57
[Training] Itteration/Batch: 125/154: Loss: 1.27 | Accuracy: 0.52
[Training] Itteration/Batch: 150/154: Loss: 0.92 | Accuracy: 0.67

Epoch 1: Val Bin. F1 Majority 0.6630061864852905 | Val Macro F1 Majority 0.6917762814806075 |             Val Bin F1 Individual 0.6379477381706238 | Val Macro F1 Individual 0.694224029314154 |             Val Accuracy Majority 0.6944617033004761 | Val Accuracy Individual 0.7045813798904419 | Training Loss:1.0804717540740967 |             Val Loss 0.9770570993423462 | Train Runtime Millis 11961.16067999992 | Val Runtime Millis 3741.0116159999234

______________________________	 Running Epoch 2 of 10 	______________________________
[Training] Itteration/Batch:   0/154: Loss: 0.82 | Accuracy: 0.74
[Training] Itteration/Batch:  25/154: Loss: 1.16 | Accuracy: 0.75
[Training] Itteration/Batch:  50/154: Loss: 1.07 | Accuracy: 0.76
[Training] Itteration/Batch:  75/154: Loss: 0.70 | Accuracy: 0.92
[Training] Itteration/Batch: 100/154: Loss: 0.65 | Accuracy: 0.83
[Training] Itteration/Batch: 125/154: Loss: 1.03 | Accuracy: 0.67
[Training] Itteration/Batch: 150/154: Loss: 1.19 | Accuracy: 0.68

Epoch 2: Val Bin. F1 Majority 0.6767676472663879 | Val Macro F1 Majority 0.7158455451672081 |             Val Bin F1 Individual 0.7041725516319275 | Val Macro F1 Individual 0.7444438206263997 |             Val Accuracy Majority 0.7212196588516235 | Val Accuracy Individual 0.7507898807525635 | Training Loss:0.9146277904510498 |             Val Loss 0.8450802564620972 | Train Runtime Millis 11935.427551999965 | Val Runtime Millis 3741.525664999699

______________________________	 Running Epoch 3 of 10 	______________________________
[Training] Itteration/Batch:   0/154: Loss: 0.88 | Accuracy: 0.86
[Training] Itteration/Batch:  25/154: Loss: 0.48 | Accuracy: 0.87
[Training] Itteration/Batch:  50/154: Loss: 0.71 | Accuracy: 0.83
[Training] Itteration/Batch:  75/154: Loss: 0.58 | Accuracy: 0.92
[Training] Itteration/Batch: 100/154: Loss: 0.67 | Accuracy: 0.74
[Training] Itteration/Batch: 125/154: Loss: 0.76 | Accuracy: 0.81
[Training] Itteration/Batch: 150/154: Loss: 0.78 | Accuracy: 0.84

Epoch 3: Val Bin. F1 Majority 0.6316652894020081 | Val Macro F1 Majority 0.7033013213920773 |             Val Bin F1 Individual 0.6738148927688599 | Val Macro F1 Individual 0.7491188708381218 |             Val Accuracy Majority 0.7205973863601685 | Val Accuracy Individual 0.7717219591140747 | Training Loss:0.6875845193862915 |             Val Loss 0.8145065307617188 | Train Runtime Millis 11950.150469000164 | Val Runtime Millis 3742.102786000032

______________________________	 Running Epoch 4 of 10 	______________________________
[Training] Itteration/Batch:   0/154: Loss: 0.54 | Accuracy: 0.92
[Training] Itteration/Batch:  25/154: Loss: 0.45 | Accuracy: 0.88
[Training] Itteration/Batch:  50/154: Loss: 0.50 | Accuracy: 0.90
[Training] Itteration/Batch:  75/154: Loss: 0.24 | Accuracy: 0.96
[Training] Itteration/Batch: 100/154: Loss: 0.40 | Accuracy: 0.93
[Training] Itteration/Batch: 125/154: Loss: 0.28 | Accuracy: 0.96
[Training] Itteration/Batch: 150/154: Loss: 0.31 | Accuracy: 0.96

Epoch 4: Val Bin. F1 Majority 0.668154776096344 | Val Macro F1 Majority 0.7148260440539853 |             Val Bin F1 Individual 0.6968325972557068 | Val Macro F1 Individual 0.7503675091049553 |             Val Accuracy Majority 0.7224642038345337 | Val Accuracy Individual 0.7618483304977417 | Training Loss:0.503173828125 |             Val Loss 0.8468519449234009 | Train Runtime Millis 11933.42470799962 | Val Runtime Millis 3736.8388740001137

______________________________	 Running Epoch 1 of 10 	______________________________
[Training] Itteration/Batch:   0/171: Loss: 1.24 | Accuracy: 0.52
[Training] Itteration/Batch:  25/171: Loss: 0.94 | Accuracy: 0.59
[Training] Itteration/Batch:  50/171: Loss: 1.21 | Accuracy: 0.50
[Training] Itteration/Batch:  75/171: Loss: 1.17 | Accuracy: 0.63
[Training] Itteration/Batch: 100/171: Loss: 1.35 | Accuracy: 0.55
[Training] Itteration/Batch: 125/171: Loss: 1.16 | Accuracy: 0.64
[Training] Itteration/Batch: 150/171: Loss: 1.26 | Accuracy: 0.58

Epoch 1: Val Bin. F1 Majority 0.657220721244812 | Val Macro F1 Majority 0.6005465398652026 |             Val Bin F1 Individual 0.6122449040412903 | Val Macro F1 Individual 0.5855652518500012 |             Val Accuracy Majority 0.6085874438285828 | Val Accuracy Individual 0.5872827768325806 | Training Loss:1.1036378145217896 |             Val Loss 1.0425293445587158 | Train Runtime Millis 13194.76653799984 | Val Runtime Millis 3840.274584999861

______________________________	 Running Epoch 2 of 10 	______________________________
[Training] Itteration/Batch:   0/171: Loss: 1.13 | Accuracy: 0.52
[Training] Itteration/Batch:  25/171: Loss: 0.63 | Accuracy: 0.91
[Training] Itteration/Batch:  50/171: Loss: 0.88 | Accuracy: 0.76
[Training] Itteration/Batch:  75/171: Loss: 0.88 | Accuracy: 0.67
[Training] Itteration/Batch: 100/171: Loss: 0.89 | Accuracy: 0.78
[Training] Itteration/Batch: 125/171: Loss: 0.89 | Accuracy: 0.81
[Training] Itteration/Batch: 150/171: Loss: 1.00 | Accuracy: 0.78

Epoch 2: Val Bin. F1 Majority 0.653030276298523 | Val Macro F1 Majority 0.7056070205753415 |             Val Bin F1 Individual 0.6921568512916565 | Val Macro F1 Individual 0.7422424525365702 |             Val Accuracy Majority 0.714996874332428 | Val Accuracy Individual 0.7519747018814087 | Training Loss:0.9196346998214722 |             Val Loss 0.8610205054283142 | Train Runtime Millis 13221.789529000034 | Val Runtime Millis 3720.5874300002506

______________________________	 Running Epoch 3 of 10 	______________________________
[Training] Itteration/Batch:   0/171: Loss: 0.61 | Accuracy: 0.96
[Training] Itteration/Batch:  25/171: Loss: 0.65 | Accuracy: 0.84
[Training] Itteration/Batch:  50/171: Loss: 1.09 | Accuracy: 0.62
[Training] Itteration/Batch:  75/171: Loss: 0.38 | Accuracy: 0.95
[Training] Itteration/Batch: 100/171: Loss: 0.70 | Accuracy: 0.79
[Training] Itteration/Batch: 125/171: Loss: 0.58 | Accuracy: 0.85
[Training] Itteration/Batch: 150/171: Loss: 0.91 | Accuracy: 0.75

Epoch 3: Val Bin. F1 Majority 0.6501597166061401 | Val Macro F1 Majority 0.7134590770974392 |             Val Bin F1 Individual 0.6842672228813171 | Val Macro F1 Individual 0.7507994561011264 |             Val Accuracy Majority 0.7274424433708191 | Val Accuracy Individual 0.768562376499176 | Training Loss:0.7097530961036682 |             Val Loss 0.8204027414321899 | Train Runtime Millis 13195.750626000063 | Val Runtime Millis 3720.6500120000783

______________________________	 Running Epoch 4 of 10 	______________________________
[Training] Itteration/Batch:   0/171: Loss: 0.50 | Accuracy: 0.93
[Training] Itteration/Batch:  25/171: Loss: 0.64 | Accuracy: 0.85
[Training] Itteration/Batch:  50/171: Loss: 0.42 | Accuracy: 0.86
[Training] Itteration/Batch:  75/171: Loss: 0.49 | Accuracy: 0.87
[Training] Itteration/Batch: 100/171: Loss: 0.46 | Accuracy: 0.89
[Training] Itteration/Batch: 125/171: Loss: 0.77 | Accuracy: 0.81
[Training] Itteration/Batch: 150/171: Loss: 0.44 | Accuracy: 0.88

Epoch 4: Val Bin. F1 Majority 0.6297520399093628 | Val Macro F1 Majority 0.7030995859520628 |             Val Bin F1 Individual 0.6640668511390686 | Val Macro F1 Individual 0.7398033864163309 |             Val Accuracy Majority 0.7212196588516235 | Val Accuracy Individual 0.7618483304977417 | Training Loss:0.5481387376785278 |             Val Loss 0.87703537940979 | Train Runtime Millis 13207.550411999819 | Val Runtime Millis 3725.132849000147

______________________________	 Running Epoch 1 of 10 	______________________________
[Training] Itteration/Batch:   0/188: Loss: 1.08 | Accuracy: 0.58
[Training] Itteration/Batch:  25/188: Loss: 1.14 | Accuracy: 0.50
[Training] Itteration/Batch:  50/188: Loss: 1.11 | Accuracy: 0.50
[Training] Itteration/Batch:  75/188: Loss: 1.45 | Accuracy: 0.53
[Training] Itteration/Batch: 100/188: Loss: 1.05 | Accuracy: 0.62
[Training] Itteration/Batch: 125/188: Loss: 0.84 | Accuracy: 0.83
[Training] Itteration/Batch: 150/188: Loss: 1.30 | Accuracy: 0.76
[Training] Itteration/Batch: 175/188: Loss: 0.98 | Accuracy: 0.64

Epoch 1: Val Bin. F1 Majority 0.578901469707489 | Val Macro F1 Majority 0.6726147468691595 |             Val Bin F1 Individual 0.6049528121948242 | Val Macro F1 Individual 0.7030108568995652 |             Val Accuracy Majority 0.6994399428367615 | Val Accuracy Individual 0.7353870272636414 | Training Loss:1.090216875076294 |             Val Loss 0.9217074513435364 | Train Runtime Millis 14482.528179999917 | Val Runtime Millis 3717.6814399999785

______________________________	 Running Epoch 2 of 10 	______________________________
[Training] Itteration/Batch:   0/188: Loss: 0.89 | Accuracy: 0.70
[Training] Itteration/Batch:  25/188: Loss: 0.89 | Accuracy: 0.76
[Training] Itteration/Batch:  50/188: Loss: 1.08 | Accuracy: 0.78
[Training] Itteration/Batch:  75/188: Loss: 1.21 | Accuracy: 0.69
[Training] Itteration/Batch: 100/188: Loss: 0.88 | Accuracy: 0.74
[Training] Itteration/Batch: 125/188: Loss: 1.42 | Accuracy: 0.69
[Training] Itteration/Batch: 150/188: Loss: 0.56 | Accuracy: 0.86
[Training] Itteration/Batch: 175/188: Loss: 0.39 | Accuracy: 0.85

Epoch 2: Val Bin. F1 Majority 0.6846208572387695 | Val Macro F1 Majority 0.7189049827576922 |             Val Bin F1 Individual 0.68499755859375 | Val Macro F1 Individual 0.7333379782376557 |             Val Accuracy Majority 0.7230864763259888 | Val Accuracy Individual 0.7421011328697205 | Training Loss:0.8956238031387329 |             Val Loss 0.8360180258750916 | Train Runtime Millis 14614.941455999997 | Val Runtime Millis 3726.1617670001215

______________________________	 Running Epoch 3 of 10 	______________________________
[Training] Itteration/Batch:   0/188: Loss: 0.69 | Accuracy: 0.74
[Training] Itteration/Batch:  25/188: Loss: 0.31 | Accuracy: 0.95
[Training] Itteration/Batch:  50/188: Loss: 0.83 | Accuracy: 0.78
[Training] Itteration/Batch:  75/188: Loss: 0.82 | Accuracy: 0.88
[Training] Itteration/Batch: 100/188: Loss: 0.57 | Accuracy: 0.85
[Training] Itteration/Batch: 125/188: Loss: 0.70 | Accuracy: 0.89
[Training] Itteration/Batch: 150/188: Loss: 0.45 | Accuracy: 0.86
[Training] Itteration/Batch: 175/188: Loss: 0.50 | Accuracy: 0.88

Epoch 3: Val Bin. F1 Majority 0.6874547004699707 | Val Macro F1 Majority 0.7262886465531039 |             Val Bin F1 Individual 0.7117506265640259 | Val Macro F1 Individual 0.7550025236608298 |             Val Accuracy Majority 0.7317984104156494 | Val Accuracy Individual 0.7626382112503052 | Training Loss:0.6932283639907837 |             Val Loss 0.8038173913955688 | Train Runtime Millis 14542.18285900015 | Val Runtime Millis 3732.8461940001034

______________________________	 Running Epoch 4 of 10 	______________________________
[Training] Itteration/Batch:   0/188: Loss: 0.42 | Accuracy: 0.93
[Training] Itteration/Batch:  25/188: Loss: 0.22 | Accuracy: 1.00
[Training] Itteration/Batch:  50/188: Loss: 0.34 | Accuracy: 0.96
[Training] Itteration/Batch:  75/188: Loss: 0.69 | Accuracy: 0.83
[Training] Itteration/Batch: 100/188: Loss: 0.59 | Accuracy: 0.75
[Training] Itteration/Batch: 125/188: Loss: 0.33 | Accuracy: 0.96
[Training] Itteration/Batch: 150/188: Loss: 0.42 | Accuracy: 0.83
[Training] Itteration/Batch: 175/188: Loss: 0.47 | Accuracy: 0.88

Epoch 4: Val Bin. F1 Majority 0.6711111068725586 | Val Macro F1 Majority 0.7164568431092035 |             Val Bin F1 Individual 0.702032744884491 | Val Macro F1 Individual 0.7523947659205906 |             Val Accuracy Majority 0.7237087488174438 | Val Accuracy Individual 0.7626382112503052 | Training Loss:0.5285148024559021 |             Val Loss 0.8204412460327148 | Train Runtime Millis 14603.440294999928 | Val Runtime Millis 3749.7660690000885

______________________________	 Running Epoch 5 of 10 	______________________________
[Training] Itteration/Batch:   0/188: Loss: 0.41 | Accuracy: 0.93
[Training] Itteration/Batch:  25/188: Loss: 0.26 | Accuracy: 1.00
[Training] Itteration/Batch:  50/188: Loss: 0.45 | Accuracy: 0.89
[Training] Itteration/Batch:  75/188: Loss: 0.33 | Accuracy: 0.88
[Training] Itteration/Batch: 100/188: Loss: 0.38 | Accuracy: 0.93
[Training] Itteration/Batch: 125/188: Loss: 0.47 | Accuracy: 0.93
[Training] Itteration/Batch: 150/188: Loss: 0.15 | Accuracy: 0.95
[Training] Itteration/Batch: 175/188: Loss: 0.29 | Accuracy: 0.96

Epoch 5: Val Bin. F1 Majority 0.6508313417434692 | Val Macro F1 Majority 0.7123967123260988 |             Val Bin F1 Individual 0.6881266236305237 | Val Macro F1 Individual 0.7508162434401202 |             Val Accuracy Majority 0.7255756258964539 | Val Accuracy Individual 0.7665876746177673 | Training Loss:0.40483930706977844 |             Val Loss 0.872266948223114 | Train Runtime Millis 14583.269583999936 | Val Runtime Millis 3754.3769789999715

