Device cuda
Split type sit
Training Size: 2366, NTA labels 1781, YTA labels 585
Validation Size: 738, NTA labels 553, YTA labels 185
Test Size: 1026, NTA labels 820, YTA labels 206
Training with SBERT, model name is sbert
Tokenizing the dataset
Number of training steps 740
Epoch 0 **** Loss 0.27225813269615173 **** Metrics validation: {'accuracy': 0.6747967479674797, 'f1_weighted': 0.6815581287126004, 'macro': 0.585858585858586, 'micro': 0.6747967479674797, 'binary': 0.393939393939394, 'accuracy_majority': 0.6672212978369384, 'macro_majority': 0.5838526519872593, 'binary_majority': 0.39759036144578314, 'run_time_millis': 2663.3106480003335, 'loss_mean': 0.2539820373058319}
Epoch 1 **** Loss 0.25050270557403564 **** Metrics validation: {'accuracy': 0.6612466124661247, 'f1_weighted': 0.6600058675228607, 'macro': 0.5458573327425786, 'micro': 0.6612466124661247, 'binary': 0.3169398907103826, 'accuracy_majority': 0.6455906821963394, 'macro_majority': 0.5399468836363506, 'binary_majority': 0.3194888178913738, 'run_time_millis': 2670.291898015421, 'loss_mean': 0.2623588740825653}
Epoch 2 **** Loss 0.26130613684654236 **** Metrics validation: {'accuracy': 0.47696476964769646, 'f1_weighted': 0.5021067895371978, 'macro': 0.46833940516005734, 'micro': 0.47696476964769646, 'binary': 0.4006211180124224, 'accuracy_majority': 0.47420965058236275, 'macro_majority': 0.4675929040794815, 'binary_majority': 0.40823970037453183, 'run_time_millis': 2694.2373960046098, 'loss_mean': 0.3009277880191803}
Epoch 3 **** Loss 0.13075639307498932 **** Metrics validation: {'accuracy': 0.7073170731707317, 'f1_weighted': 0.6712910631256336, 'macro': 0.5239847109412327, 'micro': 0.7073170731707317, 'binary': 0.2285714285714286, 'accuracy_majority': 0.7088186356073212, 'macro_majority': 0.5341642417075256, 'binary_majority': 0.24892703862660942, 'run_time_millis': 4711.5859129989985, 'loss_mean': 0.4758128821849823}
Epoch 4 **** Loss 0.121830053627491 **** Metrics validation: {'accuracy': 0.5555555555555556, 'f1_weighted': 0.5841263373311781, 'macro': 0.5068171631147875, 'micro': 0.5555555555555556, 'binary': 0.35177865612648224, 'accuracy_majority': 0.5557404326123128, 'macro_majority': 0.5108861639188361, 'binary_majority': 0.3627684964200477, 'run_time_millis': 2694.9271720077377, 'loss_mean': 0.49118271470069885}
Epoch 5 **** Loss 0.024526117369532585 **** Metrics validation: {'accuracy': 0.6382113821138211, 'f1_weighted': 0.6492927935344944, 'macro': 0.5498303690757684, 'micro': 0.6382113821138211, 'binary': 0.3503649635036496, 'accuracy_majority': 0.6356073211314476, 'macro_majority': 0.5517079301501017, 'binary_majority': 0.35777126099706746, 'run_time_millis': 2690.4159640253056, 'loss_mean': 0.7764651775360107}
Epoch 6 **** Loss 0.05397520959377289 **** Metrics validation: {'accuracy': 0.6639566395663956, 'f1_weighted': 0.667391790929309, 'macro': 0.5620471491333021, 'micro': 0.6639566395663956, 'binary': 0.3507853403141361, 'accuracy_majority': 0.653910149750416, 'macro_majority': 0.5553089160192379, 'binary_majority': 0.3459119496855346, 'run_time_millis': 4107.526488980511, 'loss_mean': 0.9029844403266907}
Epoch 7 **** Loss 0.08122815936803818 **** Metrics validation: {'accuracy': 0.6531165311653117, 'f1_weighted': 0.6555235636492022, 'macro': 0.5448000693902333, 'micro': 0.6531165311653117, 'binary': 0.3227513227513228, 'accuracy_majority': 0.653910149750416, 'macro_majority': 0.547924200781137, 'binary_majority': 0.32903225806451614, 'run_time_millis': 4713.43792398693, 'loss_mean': 1.0268096923828125}
Epoch 8 **** Loss 0.0598662830889225 **** Metrics validation: {'accuracy': 0.6558265582655827, 'f1_weighted': 0.6539184894378789, 'macro': 0.536890268005376, 'micro': 0.6558265582655827, 'binary': 0.30219780219780223, 'accuracy_majority': 0.653910149750416, 'macro_majority': 0.5359624636217853, 'binary_majority': 0.3020134228187919, 'run_time_millis': 2700.674905005144, 'loss_mean': 1.0597718954086304}
Epoch 9 **** Loss 0.05733707919716835 **** Metrics validation: {'accuracy': 0.6788617886178862, 'f1_weighted': 0.6654119361679376, 'macro': 0.5385005079222681, 'micro': 0.6788617886178862, 'binary': 0.283987915407855, 'accuracy_majority': 0.6738768718801996, 'macro_majority': 0.5390960027545623, 'binary_majority': 0.2898550724637681, 'run_time_millis': 2701.6426649934147, 'loss_mean': 1.1554843187332153}
Evaluating
{'accuracy': 0.6747967479674797, 'f1_weighted': 0.6815581287126004, 'macro': 0.585858585858586, 'micro': 0.6747967479674797, 'binary': 0.393939393939394, 'accuracy_majority': 0.6672212978369384, 'macro_majority': 0.5838526519872593, 'binary_majority': 0.39759036144578314, 'run_time_millis': 2696.8116530042607, 'loss_mean': 0.2539820373058319}
