______________________________	 Running Epoch 1 of 10 	______________________________
[Training] Itteration/Batch:   0/221: Loss: 1.08 | Accuracy: 0.58
[Training] Itteration/Batch:  25/221: Loss: 0.99 | Accuracy: 0.62
[Training] Itteration/Batch:  50/221: Loss: 0.81 | Accuracy: 0.50
[Training] Itteration/Batch:  75/221: Loss: 1.54 | Accuracy: 0.64
[Training] Itteration/Batch: 100/221: Loss: 0.78 | Accuracy: 0.71
[Training] Itteration/Batch: 125/221: Loss: 1.01 | Accuracy: 0.74
[Training] Itteration/Batch: 150/221: Loss: 1.44 | Accuracy: 0.57
[Training] Itteration/Batch: 175/221: Loss: 1.22 | Accuracy: 0.64
[Training] Itteration/Batch: 200/221: Loss: 0.88 | Accuracy: 0.73

Epoch 1: Val Bin. F1 Majority 0.0 | Val Macro F1 Majority 0.4202674897119342 |             Val Bin F1 Individual 0.28389155864715576 | Val Macro F1 Individual 0.5639673087800179 |             Val Accuracy Majority 0.7249334454536438 | Val Accuracy Individual 0.7438676357269287 | Training Loss:1.0755635499954224 |             Val Loss 1.0146759748458862 | Train Runtime Millis 20314.299204999996 | Val Runtime Millis 2731.162827999995

______________________________	 Running Epoch 2 of 10 	______________________________
[Training] Itteration/Batch:   0/221: Loss: 0.85 | Accuracy: 0.84
[Training] Itteration/Batch:  25/221: Loss: 1.12 | Accuracy: 0.68
[Training] Itteration/Batch:  50/221: Loss: 0.75 | Accuracy: 0.75
[Training] Itteration/Batch:  75/221: Loss: 1.04 | Accuracy: 0.81
[Training] Itteration/Batch: 100/221: Loss: 1.35 | Accuracy: 0.69
[Training] Itteration/Batch: 125/221: Loss: 1.23 | Accuracy: 0.64
[Training] Itteration/Batch: 150/221: Loss: 0.94 | Accuracy: 0.64
[Training] Itteration/Batch: 175/221: Loss: 0.72 | Accuracy: 0.76
[Training] Itteration/Batch: 200/221: Loss: 1.05 | Accuracy: 0.57

Epoch 2: Val Bin. F1 Majority 0.0 | Val Macro F1 Majority 0.4202674897119342 |             Val Bin F1 Individual 0.27892234921455383 | Val Macro F1 Individual 0.5603307379590712 |             Val Accuracy Majority 0.7249334454536438 | Val Accuracy Individual 0.7404449582099915 | Training Loss:1.0286608934402466 |             Val Loss 1.005537509918213 | Train Runtime Millis 19618.081601 | Val Runtime Millis 2742.2744769999954

______________________________	 Running Epoch 3 of 10 	______________________________
[Training] Itteration/Batch:   0/221: Loss: 1.25 | Accuracy: 0.62
[Training] Itteration/Batch:  25/221: Loss: 0.80 | Accuracy: 0.73
[Training] Itteration/Batch:  50/221: Loss: 1.90 | Accuracy: 0.57
[Training] Itteration/Batch:  75/221: Loss: 0.60 | Accuracy: 0.89
[Training] Itteration/Batch: 100/221: Loss: 1.06 | Accuracy: 0.84
[Training] Itteration/Batch: 125/221: Loss: 1.03 | Accuracy: 0.75
[Training] Itteration/Batch: 150/221: Loss: 1.02 | Accuracy: 0.60
[Training] Itteration/Batch: 175/221: Loss: 0.88 | Accuracy: 0.93
[Training] Itteration/Batch: 200/221: Loss: 1.44 | Accuracy: 0.56

Epoch 3: Val Bin. F1 Majority 0.048192769289016724 | Val Macro F1 Majority 0.44189035016235595 |             Val Bin F1 Individual 0.24873949587345123 | Val Macro F1 Individual 0.5475920082907777 |             Val Accuracy Majority 0.7196095585823059 | Val Accuracy Individual 0.7450085282325745 | Training Loss:0.9614108204841614 |             Val Loss 0.9892491102218628 | Train Runtime Millis 19778.372649999994 | Val Runtime Millis 2762.3170680000158

______________________________	 Running Epoch 4 of 10 	______________________________
[Training] Itteration/Batch:   0/221: Loss: 0.88 | Accuracy: 0.84
[Training] Itteration/Batch:  25/221: Loss: 0.66 | Accuracy: 0.87
[Training] Itteration/Batch:  50/221: Loss: 0.78 | Accuracy: 0.92
[Training] Itteration/Batch:  75/221: Loss: 0.88 | Accuracy: 0.86
[Training] Itteration/Batch: 100/221: Loss: 0.74 | Accuracy: 0.81
[Training] Itteration/Batch: 125/221: Loss: 0.76 | Accuracy: 0.68
[Training] Itteration/Batch: 150/221: Loss: 0.55 | Accuracy: 0.85
[Training] Itteration/Batch: 175/221: Loss: 1.14 | Accuracy: 0.82
[Training] Itteration/Batch: 200/221: Loss: 0.76 | Accuracy: 0.83

Epoch 4: Val Bin. F1 Majority 0.2295081913471222 | Val Macro F1 Majority 0.5247157841844106 |             Val Bin F1 Individual 0.3514644205570221 | Val Macro F1 Individual 0.5923690049522106 |             Val Accuracy Majority 0.7080745100975037 | Val Accuracy Individual 0.7347404360771179 | Training Loss:0.7914725542068481 |             Val Loss 1.0041043758392334 | Train Runtime Millis 19756.503260000016 | Val Runtime Millis 2738.088835000013

______________________________	 Running Epoch 5 of 10 	______________________________
[Training] Itteration/Batch:   0/221: Loss: 0.90 | Accuracy: 0.83
[Training] Itteration/Batch:  25/221: Loss: 0.56 | Accuracy: 0.83
[Training] Itteration/Batch:  50/221: Loss: 0.53 | Accuracy: 1.00
[Training] Itteration/Batch:  75/221: Loss: 0.91 | Accuracy: 0.73
[Training] Itteration/Batch: 100/221: Loss: 0.34 | Accuracy: 1.00
[Training] Itteration/Batch: 125/221: Loss: 0.54 | Accuracy: 0.96
[Training] Itteration/Batch: 150/221: Loss: 0.32 | Accuracy: 0.95
[Training] Itteration/Batch: 175/221: Loss: 0.55 | Accuracy: 0.92
[Training] Itteration/Batch: 200/221: Loss: 0.72 | Accuracy: 0.70

Epoch 5: Val Bin. F1 Majority 0.4017341136932373 | Val Macro F1 Majority 0.5683446448528269 |             Val Bin F1 Individual 0.4182509481906891 | Val Macro F1 Individual 0.5844310987570538 |             Val Accuracy Majority 0.6326530575752258 | Val Accuracy Individual 0.650884211063385 | Training Loss:0.5955809950828552 |             Val Loss 1.1107068061828613 | Train Runtime Millis 19695.906659 | Val Runtime Millis 2739.8802159999886

