Device cuda
DATASET: social_norms, MODEL: ae, 
Split type sit
DATASET: social_norms, MODEL: ae, PERCENTAGE: 0.1, NUM_COMMENTS_PER_ANNO: 10
Training Size: 500, NTA labels 325, YTA labels 175
Validation Size: 2561, NTA labels 1796, YTA labels 765
Test Size: 2951, NTA labels 2102, YTA labels 849
Training with SBERT, model name is sbert
Tokenizing the dataset
Number of training steps 160
Epoch 0 **** Loss 0.30660563707351685 **** Metrics validation: {'accuracy': 0.6185083951581414, 'f1_weighted': 0.6073589910094359, 'macro': 0.5196106270604632, 'micro': 0.6185083951581414, 'binary': 0.3016440314510364, 'accuracy_majority': 0.6301555104800541, 'macro_majority': 0.53175533364935, 'binary_majority': 0.317103620474407, 'run_time_millis': 844.4360839203, 'loss_mean': 0.30496805906295776}
Epoch 1 **** Loss 0.25941330194473267 **** Metrics validation: {'accuracy': 0.5825849277625927, 'f1_weighted': 0.5929472220548803, 'macro': 0.5289740159749494, 'micro': 0.5825849277625927, 'binary': 0.3700648202710666, 'accuracy_majority': 0.6004056795131846, 'macro_majority': 0.5459978382556042, 'binary_majority': 0.3888314374353671, 'run_time_millis': 839.987940969877, 'loss_mean': 0.32057854533195496}
Epoch 2 **** Loss 0.17905716598033905 **** Metrics validation: {'accuracy': 0.6153846153846154, 'f1_weighted': 0.6085179118822275, 'macro': 0.5252288376356158, 'micro': 0.6153846153846154, 'binary': 0.3183391003460208, 'accuracy_majority': 0.6220419202163624, 'macro_majority': 0.5342918316409213, 'binary_majority': 0.3321385902031063, 'run_time_millis': 824.5021629845724, 'loss_mean': 0.4051700532436371}
Epoch 3 **** Loss 0.15656475722789764 **** Metrics validation: {'accuracy': 0.5919562670831706, 'f1_weighted': 0.5993614509190603, 'macro': 0.5317973399916059, 'micro': 0.5919562670831706, 'binary': 0.3639683505782106, 'accuracy_majority': 0.5929682217714672, 'macro_majority': 0.53530375782881, 'binary_majority': 0.37160751565762007, 'run_time_millis': 2004.9829439958557, 'loss_mean': 0.4778057634830475}
Epoch 4 **** Loss 0.10992814600467682 **** Metrics validation: {'accuracy': 0.5985942991019133, 'f1_weighted': 0.6013123206753503, 'macro': 0.5275681037749934, 'micro': 0.5985942991019133, 'binary': 0.34438775510204084, 'accuracy_majority': 0.6078431372549019, 'macro_majority': 0.5380156138249562, 'binary_majority': 0.3584070796460177, 'run_time_millis': 2792.365277069621, 'loss_mean': 0.4779287278652191}
Epoch 5 **** Loss 0.2565675377845764 **** Metrics validation: {'accuracy': 0.6653650917610309, 'f1_weighted': 0.6107280758237923, 'macro': 0.49061983823041694, 'micro': 0.6653650917610309, 'binary': 0.19227144203581525, 'accuracy_majority': 0.6673427991886409, 'macro_majority': 0.4968135424446104, 'binary_majority': 0.2038834951456311, 'run_time_millis': 826.4056999469176, 'loss_mean': 0.6613413691520691}
Epoch 6 **** Loss 0.07744333893060684 **** Metrics validation: {'accuracy': 0.6388129636860601, 'f1_weighted': 0.6088257786261247, 'macro': 0.505425150543204, 'micro': 0.6388129636860601, 'binary': 0.24857839155158404, 'accuracy_majority': 0.6450304259634888, 'macro_majority': 0.5130416840959248, 'binary_majority': 0.25952045133991536, 'run_time_millis': 2141.2828860338777, 'loss_mean': 0.6203293800354004}
Epoch 7 **** Loss 0.08212903887033463 **** Metrics validation: {'accuracy': 0.6337368215540804, 'f1_weighted': 0.6149474242605748, 'macro': 0.5218134405605541, 'micro': 0.6337368215540804, 'binary': 0.29046898638426627, 'accuracy_majority': 0.6389452332657201, 'macro_majority': 0.530425941780822, 'binary_majority': 0.30468750000000006, 'run_time_millis': 2336.2334929406643, 'loss_mean': 0.7031756043434143}
Epoch 8 **** Loss 0.08641946315765381 **** Metrics validation: {'accuracy': 0.6470128855915658, 'f1_weighted': 0.6115474989330147, 'macro': 0.5046328391524121, 'micro': 0.6470128855915658, 'binary': 0.23905723905723902, 'accuracy_majority': 0.6511156186612576, 'macro_majority': 0.5123303427651253, 'binary_majority': 0.2521739130434783, 'run_time_millis': 825.133292004466, 'loss_mean': 0.7789676785469055}
Epoch 9 **** Loss 0.16693487763404846 **** Metrics validation: {'accuracy': 0.6505271378367825, 'f1_weighted': 0.6140611456835744, 'macro': 0.5069487869657463, 'micro': 0.6505271378367825, 'binary': 0.24088210347752337, 'accuracy_majority': 0.6551724137931034, 'macro_majority': 0.5150557792899134, 'binary_majority': 0.2543859649122807, 'run_time_millis': 1381.7133649718016, 'loss_mean': 0.8136470317840576}
Evaluating
{'accuracy': 0.6337368215540804, 'f1_weighted': 0.6149474242605748, 'macro': 0.5218134405605541, 'micro': 0.6337368215540804, 'binary': 0.29046898638426627, 'accuracy_majority': 0.6389452332657201, 'macro_majority': 0.530425941780822, 'binary_majority': 0.30468750000000006, 'run_time_millis': 823.6264310544357, 'loss_mean': 0.7031756043434143}
Device cuda
DATASET: social_norms, MODEL: ae, 
Split type sit
DATASET: social_norms, MODEL: ae, PERCENTAGE: 0.2, NUM_COMMENTS_PER_ANNO: 21
Training Size: 1050, NTA labels 699, YTA labels 351
Validation Size: 2561, NTA labels 1796, YTA labels 765
Test Size: 2951, NTA labels 2102, YTA labels 849
Training with SBERT, model name is sbert
Tokenizing the dataset
Number of training steps 330
Epoch 0 **** Loss 0.2732294797897339 **** Metrics validation: {'accuracy': 0.6552128074970714, 'f1_weighted': 0.6399446314352576, 'macro': 0.5548554988961756, 'micro': 0.6552128074970714, 'binary': 0.3434944237918216, 'accuracy_majority': 0.6538201487491548, 'macro_majority': 0.5482396063514486, 'binary_majority': 0.3298429319371728, 'run_time_millis': 824.6798460604623, 'loss_mean': 0.2987745702266693}
Epoch 1 **** Loss 0.21428915858268738 **** Metrics validation: {'accuracy': 0.608356110894182, 'f1_weighted': 0.6197929991647473, 'macro': 0.5633746651601885, 'micro': 0.608356110894182, 'binary': 0.42323174238067857, 'accuracy_majority': 0.6186612576064908, 'macro_majority': 0.5665082691012497, 'binary_majority': 0.4161490683229813, 'run_time_millis': 822.8643609909341, 'loss_mean': 0.3424922525882721}
Epoch 2 **** Loss 0.1941341608762741 **** Metrics validation: {'accuracy': 0.6196798125732136, 'f1_weighted': 0.6259004833877369, 'macro': 0.561765367290002, 'micro': 0.6196798125732136, 'binary': 0.40245398773006136, 'accuracy_majority': 0.6179851250845165, 'macro_majority': 0.5571943107469145, 'binary_majority': 0.39312567132116005, 'run_time_millis': 2641.0317309200764, 'loss_mean': 0.39325225353240967}
Epoch 3 **** Loss 0.054913394153118134 **** Metrics validation: {'accuracy': 0.5634517766497462, 'f1_weighted': 0.5819157190522103, 'macro': 0.5425844698436555, 'micro': 0.5634517766497462, 'binary': 0.4448857994041708, 'accuracy_majority': 0.5686274509803921, 'macro_majority': 0.5455919235347827, 'binary_majority': 0.44328097731239097, 'run_time_millis': 1432.6212899759412, 'loss_mean': 0.48735159635543823}
Epoch 4 **** Loss 0.18233038485050201 **** Metrics validation: {'accuracy': 0.5966419367434596, 'f1_weighted': 0.610291338810342, 'macro': 0.5567836067534755, 'micro': 0.5966419367434596, 'binary': 0.42387060791968767, 'accuracy_majority': 0.5983772819472617, 'macro_majority': 0.555158689972252, 'binary_majority': 0.4165029469548133, 'run_time_millis': 1384.5345040317625, 'loss_mean': 0.5956222414970398}
Epoch 5 **** Loss 0.12763313949108124 **** Metrics validation: {'accuracy': 0.62827020695041, 'f1_weighted': 0.6277062892179257, 'macro': 0.5550313914440064, 'micro': 0.62827020695041, 'binary': 0.3745072273324573, 'accuracy_majority': 0.6267748478701826, 'macro_majority': 0.5517729063541772, 'binary_majority': 0.368421052631579, 'run_time_millis': 1647.7648590225726, 'loss_mean': 0.5980871915817261}
Epoch 6 **** Loss 0.1344141662120819 **** Metrics validation: {'accuracy': 0.6641936743459587, 'f1_weighted': 0.6161588028113764, 'macro': 0.5015200237554636, 'micro': 0.6641936743459587, 'binary': 0.21675774134790532, 'accuracy_majority': 0.6592292089249493, 'macro_majority': 0.502020202020202, 'binary_majority': 0.22222222222222224, 'run_time_millis': 1439.164181938395, 'loss_mean': 0.8383572697639465}
Epoch 7 **** Loss 0.12524043023586273 **** Metrics validation: {'accuracy': 0.6224131198750488, 'f1_weighted': 0.6196592520216277, 'macro': 0.5429230964303519, 'micro': 0.6224131198750488, 'binary': 0.35231078365706636, 'accuracy_majority': 0.6260987153482083, 'macro_majority': 0.546384691196706, 'binary_majority': 0.35622817229336434, 'run_time_millis': 1179.49133599177, 'loss_mean': 0.732647716999054}
Epoch 8 **** Loss 0.0693969652056694 **** Metrics validation: {'accuracy': 0.655993752440453, 'f1_weighted': 0.6371451646238959, 'macro': 0.5484104886473196, 'micro': 0.655993752440453, 'binary': 0.3279938977879481, 'accuracy_majority': 0.6463826910074375, 'macro_majority': 0.5412599033197583, 'binary_majority': 0.3216601815823606, 'run_time_millis': 2090.899861068465, 'loss_mean': 0.7922290563583374}
Epoch 9 **** Loss 0.03933573514223099 **** Metrics validation: {'accuracy': 0.6606794221007419, 'f1_weighted': 0.6409841542633563, 'macro': 0.5523124462269174, 'micro': 0.6606794221007419, 'binary': 0.33205226748654887, 'accuracy_majority': 0.649763353617309, 'macro_majority': 0.5413761314113308, 'binary_majority': 0.31842105263157894, 'run_time_millis': 823.1847449205816, 'loss_mean': 0.8277052640914917}
Evaluating
{'accuracy': 0.6606794221007419, 'f1_weighted': 0.6409841542633563, 'macro': 0.5523124462269174, 'micro': 0.6606794221007419, 'binary': 0.33205226748654887, 'accuracy_majority': 0.649763353617309, 'macro_majority': 0.5413761314113308, 'binary_majority': 0.31842105263157894, 'run_time_millis': 824.5680640684441, 'loss_mean': 0.8277052640914917}
Device cuda
DATASET: social_norms, MODEL: ae, 
Split type sit
DATASET: social_norms, MODEL: ae, PERCENTAGE: 0.3, NUM_COMMENTS_PER_ANNO: 31
Training Size: 1550, NTA labels 1043, YTA labels 507
Validation Size: 2561, NTA labels 1796, YTA labels 765
Test Size: 2951, NTA labels 2102, YTA labels 849
Training with SBERT, model name is sbert
Tokenizing the dataset
Number of training steps 490
Epoch 0 **** Loss 0.31892117857933044 **** Metrics validation: {'accuracy': 0.5415853182350644, 'f1_weighted': 0.5582740086608804, 'macro': 0.5334097892547875, 'micro': 0.5415853182350644, 'binary': 0.4716471647164716, 'accuracy_majority': 0.5409060175794456, 'macro_majority': 0.5314599963328281, 'binary_majority': 0.46493301812450755, 'run_time_millis': 1178.3874910324812, 'loss_mean': 0.3129348158836365}
Epoch 1 **** Loss 0.16806258261203766 **** Metrics validation: {'accuracy': 0.6169465052713784, 'f1_weighted': 0.6228306419693833, 'macro': 0.5575989759947256, 'micro': 0.6169465052713784, 'binary': 0.39556377079482435, 'accuracy_majority': 0.6085192697768763, 'macro_majority': 0.5513384542115215, 'binary_majority': 0.39116719242902204, 'run_time_millis': 1377.2656619548798, 'loss_mean': 0.3896259367465973}
Epoch 2 **** Loss 0.11328782141208649 **** Metrics validation: {'accuracy': 0.6766887934400625, 'f1_weighted': 0.62697574028625, 'macro': 0.5135815858579742, 'micro': 0.6766887934400625, 'binary': 0.23191094619666047, 'accuracy_majority': 0.6741041244083841, 'macro_majority': 0.5205518699659419, 'binary_majority': 0.24922118380062308, 'run_time_millis': 824.1207479732111, 'loss_mean': 0.4724232256412506}
Epoch 3 **** Loss 0.043649815022945404 **** Metrics validation: {'accuracy': 0.6536509176103085, 'f1_weighted': 0.622715928613582, 'macro': 0.5214652185957251, 'micro': 0.6536509176103085, 'binary': 0.2699588477366255, 'accuracy_majority': 0.6544962812711291, 'macro_majority': 0.5260272391867001, 'binary_majority': 0.27926657263751764, 'run_time_millis': 824.2771999211982, 'loss_mean': 0.6559732556343079}
Epoch 4 **** Loss 0.04139309003949165 **** Metrics validation: {'accuracy': 0.6501366653650917, 'f1_weighted': 0.627594200214709, 'macro': 0.5338793551742069, 'micro': 0.6501366653650917, 'binary': 0.30109204368174725, 'accuracy_majority': 0.6484110885733604, 'macro_majority': 0.5396053828839615, 'binary_majority': 0.3157894736842105, 'run_time_millis': 2855.2676980616525, 'loss_mean': 0.7239136099815369}
Epoch 5 **** Loss 0.050349678844213486 **** Metrics validation: {'accuracy': 0.5743850058570871, 'f1_weighted': 0.587096060978495, 'macro': 0.5264243117647378, 'micro': 0.5743850058570871, 'binary': 0.3757159221076747, 'accuracy_majority': 0.5780933062880325, 'macro_majority': 0.5318138651471984, 'binary_majority': 0.3846153846153846, 'run_time_millis': 1685.2447660639882, 'loss_mean': 0.6167991161346436}
Epoch 6 **** Loss 0.04048385098576546 **** Metrics validation: {'accuracy': 0.6384224912143693, 'f1_weighted': 0.6303244660689076, 'macro': 0.5500450052518776, 'micro': 0.6384224912143693, 'binary': 0.3506311360448808, 'accuracy_majority': 0.6389452332657201, 'macro_majority': 0.5554408519836088, 'binary_majority': 0.36276849642004777, 'run_time_millis': 1735.549601027742, 'loss_mean': 0.8310486674308777}
Epoch 7 **** Loss 0.12161809951066971 **** Metrics validation: {'accuracy': 0.6513080827801639, 'f1_weighted': 0.6310688719875457, 'macro': 0.5399482330041856, 'micro': 0.6513080827801639, 'binary': 0.3136049192928516, 'accuracy_majority': 0.6436781609195402, 'macro_majority': 0.5377513748556647, 'binary_majority': 0.31647211413748383, 'run_time_millis': 1686.909138923511, 'loss_mean': 1.049212098121643}
Epoch 8 **** Loss 0.07553862780332565 **** Metrics validation: {'accuracy': 0.646622413119875, 'f1_weighted': 0.6322156384839193, 'macro': 0.5463579237459398, 'micro': 0.646622413119875, 'binary': 0.3330876934414149, 'accuracy_majority': 0.6389452332657201, 'macro_majority': 0.5453684089339167, 'binary_majority': 0.33910891089108913, 'run_time_millis': 925.6769339554012, 'loss_mean': 1.0482386350631714}
Epoch 9 **** Loss 0.06630650907754898 **** Metrics validation: {'accuracy': 0.649746192893401, 'f1_weighted': 0.631226131914481, 'macro': 0.5415820808850602, 'micro': 0.649746192893401, 'binary': 0.31890660592255127, 'accuracy_majority': 0.6430020283975659, 'macro_majority': 0.5395674630315324, 'binary_majority': 0.3213367609254499, 'run_time_millis': 1479.6317489817739, 'loss_mean': 1.105381965637207}
Evaluating
{'accuracy': 0.646622413119875, 'f1_weighted': 0.6322156384839193, 'macro': 0.5463579237459398, 'micro': 0.646622413119875, 'binary': 0.3330876934414149, 'accuracy_majority': 0.6389452332657201, 'macro_majority': 0.5453684089339167, 'binary_majority': 0.33910891089108913, 'run_time_millis': 1482.3522979859263, 'loss_mean': 1.0482386350631714}
Device cuda
DATASET: social_norms, MODEL: ae, 
Split type sit
DATASET: social_norms, MODEL: ae, PERCENTAGE: 0.4, NUM_COMMENTS_PER_ANNO: 42
Training Size: 2100, NTA labels 1372, YTA labels 728
Validation Size: 2561, NTA labels 1796, YTA labels 765
Test Size: 2951, NTA labels 2102, YTA labels 849
Training with SBERT, model name is sbert
Tokenizing the dataset
Number of training steps 660
Epoch 0 **** Loss 0.28715306520462036 **** Metrics validation: {'accuracy': 0.6493557204217103, 'f1_weighted': 0.6433402712560049, 'macro': 0.567707001867686, 'micro': 0.6493557204217103, 'binary': 0.37983425414364635, 'accuracy_majority': 0.6294793779580797, 'macro_majority': 0.5411201195760486, 'binary_majority': 0.3397590361445783, 'run_time_millis': 1868.2936050463468, 'loss_mean': 0.3035646975040436}
Epoch 1 **** Loss 0.27014288306236267 **** Metrics validation: {'accuracy': 0.646622413119875, 'f1_weighted': 0.6281607028558263, 'macro': 0.5379520617077973, 'micro': 0.646622413119875, 'binary': 0.31387414708112205, 'accuracy_majority': 0.6288032454361054, 'macro_majority': 0.5300432873372819, 'binary_majority': 0.3146067415730337, 'run_time_millis': 1432.2512040380388, 'loss_mean': 0.3635970652103424}
Epoch 2 **** Loss 0.11348658800125122 **** Metrics validation: {'accuracy': 0.6247559547051933, 'f1_weighted': 0.6195991080612364, 'macro': 0.5402452440325888, 'micro': 0.6247559547051933, 'binary': 0.34313055365686945, 'accuracy_majority': 0.6098715348208249, 'macro_majority': 0.5324023567741367, 'binary_majority': 0.34207525655644244, 'run_time_millis': 825.2302730688825, 'loss_mean': 0.40309932827949524}
Epoch 3 **** Loss 0.08392512798309326 **** Metrics validation: {'accuracy': 0.6310035142522452, 'f1_weighted': 0.629654324054365, 'macro': 0.5564430033167646, 'micro': 0.6310035142522452, 'binary': 0.37458636664460626, 'accuracy_majority': 0.6064908722109533, 'macro_majority': 0.5292796832618776, 'binary_majority': 0.3386363636363636, 'run_time_millis': 2089.4942900631577, 'loss_mean': 0.5345671772956848}
Epoch 4 **** Loss 0.05178840830922127 **** Metrics validation: {'accuracy': 0.649746192893401, 'f1_weighted': 0.6209366498952016, 'macro': 0.5209277649418567, 'micro': 0.649746192893401, 'binary': 0.2725060827250608, 'accuracy_majority': 0.6260987153482083, 'macro_majority': 0.5091176881890482, 'binary_majority': 0.26948480845442535, 'run_time_millis': 1689.183809910901, 'loss_mean': 0.7351782321929932}
Epoch 5 **** Loss 0.08885960280895233 **** Metrics validation: {'accuracy': 0.6095275283092542, 'f1_weighted': 0.6080226601811346, 'macro': 0.5304467081765711, 'micro': 0.6095275283092542, 'binary': 0.33774834437086093, 'accuracy_majority': 0.6017579445571332, 'macro_majority': 0.5226776224262851, 'binary_majority': 0.32839224629418473, 'run_time_millis': 1784.0311520267278, 'loss_mean': 0.6595664024353027}
Epoch 6 **** Loss 0.06294236332178116 **** Metrics validation: {'accuracy': 0.6423272159312768, 'f1_weighted': 0.6239785081265314, 'macro': 0.5330289035751254, 'micro': 0.6423272159312768, 'binary': 0.3071104387291982, 'accuracy_majority': 0.6227180527383367, 'macro_majority': 0.5181454061376056, 'binary_majority': 0.2936708860759493, 'run_time_millis': 1790.9127379534766, 'loss_mean': 0.9265872240066528}
Epoch 7 **** Loss 0.0764169916510582 **** Metrics validation: {'accuracy': 0.6399843811011323, 'f1_weighted': 0.623069377544198, 'macro': 0.5331757246204897, 'micro': 0.6399843811011323, 'binary': 0.3098802395209581, 'accuracy_majority': 0.6220419202163624, 'macro_majority': 0.5207296522227587, 'binary_majority': 0.3003754693366708, 'run_time_millis': 1737.1134829008952, 'loss_mean': 1.0634363889694214}
Epoch 8 **** Loss 0.05471048504114151 **** Metrics validation: {'accuracy': 0.6395939086294417, 'f1_weighted': 0.6209919186276883, 'macro': 0.5292280349348284, 'micro': 0.6395939086294417, 'binary': 0.30128690386071166, 'accuracy_majority': 0.6227180527383367, 'macro_majority': 0.5165851292648982, 'binary_majority': 0.29007633587786263, 'run_time_millis': 1788.2305110106245, 'loss_mean': 1.1244198083877563}
Epoch 9 **** Loss 0.04585208743810654 **** Metrics validation: {'accuracy': 0.6341272940257712, 'f1_weighted': 0.6189993310307854, 'macro': 0.5298740176146121, 'micro': 0.6341272940257712, 'binary': 0.3084870848708487, 'accuracy_majority': 0.6200135226504395, 'macro_majority': 0.5207885560895514, 'binary_majority': 0.3027295285359802, 'run_time_millis': 2233.758755028248, 'loss_mean': 1.1392329931259155}
Evaluating
{'accuracy': 0.6493557204217103, 'f1_weighted': 0.6433402712560049, 'macro': 0.567707001867686, 'micro': 0.6493557204217103, 'binary': 0.37983425414364635, 'accuracy_majority': 0.6294793779580797, 'macro_majority': 0.5411201195760486, 'binary_majority': 0.3397590361445783, 'run_time_millis': 1228.5555250709876, 'loss_mean': 0.3035646975040436}
Device cuda
DATASET: social_norms, MODEL: ae, 
Split type sit
DATASET: social_norms, MODEL: ae, PERCENTAGE: 0.5, NUM_COMMENTS_PER_ANNO: 52
Training Size: 2598, NTA labels 1750, YTA labels 848
Validation Size: 2561, NTA labels 1796, YTA labels 765
Test Size: 2951, NTA labels 2102, YTA labels 849
Training with SBERT, model name is sbert
Tokenizing the dataset
Number of training steps 820
Epoch 0 **** Loss 0.33410632610321045 **** Metrics validation: {'accuracy': 0.5985942991019133, 'f1_weighted': 0.5960791323892418, 'macro': 0.515043604865354, 'micro': 0.5985942991019133, 'binary': 0.31375166889185585, 'accuracy_majority': 0.5956727518593644, 'macro_majority': 0.5137735625005497, 'binary_majority': 0.31422018348623854, 'run_time_millis': 977.0515039563179, 'loss_mean': 0.3153867721557617}
Epoch 1 **** Loss 0.168628990650177 **** Metrics validation: {'accuracy': 0.659117532213979, 'f1_weighted': 0.6247229481112884, 'macro': 0.5213386442924139, 'micro': 0.659117532213979, 'binary': 0.2645324347093513, 'accuracy_majority': 0.6531440162271805, 'macro_majority': 0.5232500783872891, 'binary_majority': 0.27439886845827444, 'run_time_millis': 1428.5423320252448, 'loss_mean': 0.3696384131908417}
Epoch 2 **** Loss 0.3564748466014862 **** Metrics validation: {'accuracy': 0.6181179226864506, 'f1_weighted': 0.6024386625248253, 'macro': 0.5095345405326654, 'micro': 0.6181179226864506, 'binary': 0.2787610619469027, 'accuracy_majority': 0.6200135226504395, 'macro_majority': 0.5177770815928711, 'binary_majority': 0.29573934837092736, 'run_time_millis': 2844.05108098872, 'loss_mean': 0.4751514792442322}
Epoch 3 **** Loss 0.27331680059432983 **** Metrics validation: {'accuracy': 0.5540804373291683, 'f1_weighted': 0.5704234975015069, 'macro': 0.5149968690880821, 'micro': 0.5540804373291683, 'binary': 0.3773173391494002, 'accuracy_majority': 0.5429344151453684, 'macro_majority': 0.5082105586249233, 'binary_majority': 0.3775322283609576, 'run_time_millis': 2869.3356059957296, 'loss_mean': 0.5188701152801514}
Epoch 4 **** Loss 0.09478507190942764 **** Metrics validation: {'accuracy': 0.5657946114798906, 'f1_weighted': 0.5759236346239653, 'macro': 0.5081117978607128, 'micro': 0.5657946114798906, 'binary': 0.33966745843230406, 'accuracy_majority': 0.5882352941176471, 'macro_majority': 0.5341370883277086, 'binary_majority': 0.37538461538461537, 'run_time_millis': 1532.864450942725, 'loss_mean': 0.6529067754745483}
Epoch 5 **** Loss 0.08200705796480179 **** Metrics validation: {'accuracy': 0.5712612260835611, 'f1_weighted': 0.5811613536492752, 'macro': 0.514009830489727, 'micro': 0.5712612260835611, 'binary': 0.34720570749108204, 'accuracy_majority': 0.5780933062880325, 'macro_majority': 0.523897567115825, 'binary_majority': 0.36326530612244895, 'run_time_millis': 2849.431004957296, 'loss_mean': 0.7971561551094055}
Epoch 6 **** Loss 0.021010925993323326 **** Metrics validation: {'accuracy': 0.5728231159703241, 'f1_weighted': 0.5850904707551198, 'macro': 0.5230922218182363, 'micro': 0.5728231159703241, 'binary': 0.36908881199538646, 'accuracy_majority': 0.5787694388100068, 'macro_majority': 0.5291784893622565, 'binary_majority': 0.3763763763763764, 'run_time_millis': 2196.7277709627524, 'loss_mean': 0.827648401260376}
Epoch 7 **** Loss 0.08966471999883652 **** Metrics validation: {'accuracy': 0.562280359234674, 'f1_weighted': 0.5780184132704386, 'macro': 0.5226397999227479, 'micro': 0.562280359234674, 'binary': 0.38507953922106414, 'accuracy_majority': 0.5665990534144693, 'macro_majority': 0.5265819775974624, 'binary_majority': 0.3889418493803622, 'run_time_millis': 1282.8906710492447, 'loss_mean': 0.8656750917434692}
Epoch 8 **** Loss 0.022081876173615456 **** Metrics validation: {'accuracy': 0.5712612260835611, 'f1_weighted': 0.5804319776232938, 'macro': 0.5119171599605087, 'micro': 0.5712612260835611, 'binary': 0.341726618705036, 'accuracy_majority': 0.5835023664638269, 'macro_majority': 0.525525062599211, 'binary_majority': 0.3596673596673597, 'run_time_millis': 1787.8169200848788, 'loss_mean': 0.9943382143974304}
Epoch 9 **** Loss 0.0010865881340578198 **** Metrics validation: {'accuracy': 0.5755564232721593, 'f1_weighted': 0.580818480241373, 'macro': 0.5065009359227521, 'micro': 0.5755564232721593, 'binary': 0.3218964441671866, 'accuracy_majority': 0.5895875591615957, 'macro_majority': 0.5197499658971458, 'binary_majority': 0.33661202185792355, 'run_time_millis': 823.2506489148363, 'loss_mean': 1.0559537410736084}
Evaluating
{'accuracy': 0.659117532213979, 'f1_weighted': 0.6247229481112884, 'macro': 0.5213386442924139, 'micro': 0.659117532213979, 'binary': 0.2645324347093513, 'accuracy_majority': 0.6531440162271805, 'macro_majority': 0.5232500783872891, 'binary_majority': 0.27439886845827444, 'run_time_millis': 1432.5237210141495, 'loss_mean': 0.3696384131908417}
Device cuda
DATASET: social_norms, MODEL: ae, 
Split type sit
DATASET: social_norms, MODEL: ae, PERCENTAGE: 0.6, NUM_COMMENTS_PER_ANNO: 63
Training Size: 3148, NTA labels 2100, YTA labels 1048
Validation Size: 2561, NTA labels 1796, YTA labels 765
Test Size: 2951, NTA labels 2102, YTA labels 849
Training with SBERT, model name is sbert
Tokenizing the dataset
Number of training steps 990
Epoch 0 **** Loss 0.2391214519739151 **** Metrics validation: {'accuracy': 0.5857087075361187, 'f1_weighted': 0.6025683941524923, 'macro': 0.5581122895451236, 'micro': 0.5857087075361187, 'binary': 0.44768349817803227, 'accuracy_majority': 0.5780933062880325, 'macro_majority': 0.5519904931669637, 'binary_majority': 0.44385026737967914, 'run_time_millis': 1279.8853089334443, 'loss_mean': 0.304700642824173}
Epoch 1 **** Loss 0.11104921251535416 **** Metrics validation: {'accuracy': 0.6392034361577509, 'f1_weighted': 0.6287530206014619, 'macro': 0.545873186458893, 'micro': 0.6392034361577509, 'binary': 0.34, 'accuracy_majority': 0.632183908045977, 'macro_majority': 0.5444696077543256, 'binary_majority': 0.344578313253012, 'run_time_millis': 822.8193720569834, 'loss_mean': 0.40389901399612427}
Epoch 2 **** Loss 0.1279001086950302 **** Metrics validation: {'accuracy': 0.6106989457243265, 'f1_weighted': 0.6167906110631782, 'macro': 0.5506800114383757, 'micro': 0.6106989457243265, 'binary': 0.38646153846153847, 'accuracy_majority': 0.6085192697768763, 'macro_majority': 0.5488185703138624, 'binary_majority': 0.3846971307120085, 'run_time_millis': 1476.4919290319085, 'loss_mean': 0.39900311827659607}
Epoch 3 **** Loss 0.08973480015993118 **** Metrics validation: {'accuracy': 0.5927372120265522, 'f1_weighted': 0.6079295808151, 'macro': 0.558204716621472, 'micro': 0.5927372120265522, 'binary': 0.4346883468834688, 'accuracy_majority': 0.5740365111561866, 'macro_majority': 0.5372505900021454, 'binary_majority': 0.40677966101694907, 'run_time_millis': 823.9790389779955, 'loss_mean': 0.4166550934314728}
Epoch 4 **** Loss 0.12555469572544098 **** Metrics validation: {'accuracy': 0.6306130417805544, 'f1_weighted': 0.6228785427132966, 'macro': 0.5415084555873492, 'micro': 0.6306130417805544, 'binary': 0.33938547486033516, 'accuracy_majority': 0.6213657876943881, 'macro_majority': 0.534466477809254, 'binary_majority': 0.33333333333333337, 'run_time_millis': 823.9473169669509, 'loss_mean': 0.5926629304885864}
Epoch 5 **** Loss 0.07551396638154984 **** Metrics validation: {'accuracy': 0.6161655603279969, 'f1_weighted': 0.6209241638245351, 'macro': 0.5537170377295909, 'micro': 0.6161655603279969, 'binary': 0.38677479725514663, 'accuracy_majority': 0.6064908722109533, 'macro_majority': 0.5497589726207962, 'binary_majority': 0.389937106918239, 'run_time_millis': 1832.7520610764623, 'loss_mean': 0.6208098530769348}
Epoch 6 **** Loss 0.09160945564508438 **** Metrics validation: {'accuracy': 0.6595080046856696, 'f1_weighted': 0.6437163604619124, 'macro': 0.5589185209062152, 'micro': 0.6595080046856696, 'binary': 0.3482810164424514, 'accuracy_majority': 0.6369168356997972, 'macro_majority': 0.5359060526218913, 'binary_majority': 0.31939163498098855, 'run_time_millis': 825.1740359701216, 'loss_mean': 0.9505001902580261}
Epoch 7 **** Loss 0.015369155444204807 **** Metrics validation: {'accuracy': 0.626708317063647, 'f1_weighted': 0.6187115731417857, 'macro': 0.5362651433073967, 'micro': 0.626708317063647, 'binary': 0.33146853146853145, 'accuracy_majority': 0.6186612576064908, 'macro_majority': 0.5338035410891532, 'binary_majority': 0.33490566037735847, 'run_time_millis': 2202.6121240342036, 'loss_mean': 1.077610731124878}
Epoch 8 **** Loss 0.031367041170597076 **** Metrics validation: {'accuracy': 0.6130417805544709, 'f1_weighted': 0.6166220632784505, 'macro': 0.5469754314214126, 'micro': 0.6130417805544709, 'binary': 0.37397346809854703, 'accuracy_majority': 0.6051386071670047, 'macro_majority': 0.5382256457193693, 'binary_majority': 0.3624454148471616, 'run_time_millis': 1586.8578490335494, 'loss_mean': 1.0135401487350464}
Epoch 9 **** Loss 0.0346979983150959 **** Metrics validation: {'accuracy': 0.6306130417805544, 'f1_weighted': 0.6225204703585064, 'macro': 0.540722027847414, 'micro': 0.6306130417805544, 'binary': 0.3375350140056022, 'accuracy_majority': 0.6173089925625422, 'macro_majority': 0.5308225013115003, 'binary_majority': 0.32938388625592413, 'run_time_millis': 826.0931490221992, 'loss_mean': 1.142735481262207}
Evaluating
{'accuracy': 0.6595080046856696, 'f1_weighted': 0.6437163604619124, 'macro': 0.5589185209062152, 'micro': 0.6595080046856696, 'binary': 0.3482810164424514, 'accuracy_majority': 0.6369168356997972, 'macro_majority': 0.5359060526218913, 'binary_majority': 0.31939163498098855, 'run_time_millis': 1279.98948097229, 'loss_mean': 0.9505001902580261}
Device cuda
DATASET: social_norms, MODEL: ae, 
Split type sit
DATASET: social_norms, MODEL: ae, PERCENTAGE: 0.7, NUM_COMMENTS_PER_ANNO: 73
Training Size: 3640, NTA labels 2465, YTA labels 1175
Validation Size: 2561, NTA labels 1796, YTA labels 765
Test Size: 2951, NTA labels 2102, YTA labels 849
Training with SBERT, model name is sbert
Tokenizing the dataset
Number of training steps 1140
Epoch 0 **** Loss 0.25317052006721497 **** Metrics validation: {'accuracy': 0.5927372120265522, 'f1_weighted': 0.6044725057096452, 'macro': 0.5454525652839429, 'micro': 0.5927372120265522, 'binary': 0.3988472622478387, 'accuracy_majority': 0.6004056795131846, 'macro_majority': 0.5515875723401822, 'binary_majority': 0.4036326942482341, 'run_time_millis': 1685.9759900253266, 'loss_mean': 0.3224598169326782}
Epoch 1 **** Loss 0.2508089244365692 **** Metrics validation: {'accuracy': 0.6204607575165951, 'f1_weighted': 0.6291344437203148, 'macro': 0.5695173072134141, 'micro': 0.6204607575165951, 'binary': 0.4214285714285715, 'accuracy_majority': 0.6105476673427992, 'macro_majority': 0.5614204166357774, 'binary_majority': 0.4146341463414634, 'run_time_millis': 924.0340740652755, 'loss_mean': 0.3159983158111572}
Epoch 2 **** Loss 0.14878463745117188 **** Metrics validation: {'accuracy': 0.6231940648184303, 'f1_weighted': 0.6153949785695162, 'macro': 0.5324995360681697, 'micro': 0.6231940648184303, 'binary': 0.3265875785066294, 'accuracy_majority': 0.6091954022988506, 'macro_majority': 0.5242350914061318, 'binary_majority': 0.3231850117096019, 'run_time_millis': 821.7886469792575, 'loss_mean': 0.3987942934036255}
Epoch 3 **** Loss 0.10629850625991821 **** Metrics validation: {'accuracy': 0.6251464271768841, 'f1_weighted': 0.6220223423846503, 'macro': 0.5453334990324357, 'micro': 0.6251464271768841, 'binary': 0.3548387096774194, 'accuracy_majority': 0.6091954022988506, 'macro_majority': 0.5312824865448134, 'binary_majority': 0.3401826484018265, 'run_time_millis': 821.4213319588453, 'loss_mean': 0.5464730262756348}
Epoch 4 **** Loss 0.07624585926532745 **** Metrics validation: {'accuracy': 0.5626708317063647, 'f1_weighted': 0.580396247880316, 'macro': 0.5330519368042957, 'micro': 0.5626708317063647, 'binary': 0.41544885177453034, 'accuracy_majority': 0.5672751859364435, 'macro_majority': 0.5354698891676384, 'binary_majority': 0.4139194139194139, 'run_time_millis': 821.5251740766689, 'loss_mean': 0.6538849472999573}
Epoch 5 **** Loss 0.12046903371810913 **** Metrics validation: {'accuracy': 0.6126513080827801, 'f1_weighted': 0.614744643938874, 'macro': 0.5428036683511136, 'micro': 0.6126513080827801, 'binary': 0.3641025641025641, 'accuracy_majority': 0.6010818120351589, 'macro_majority': 0.5312076931342001, 'binary_majority': 0.3502202643171806, 'run_time_millis': 972.8537379996851, 'loss_mean': 0.7954427599906921}
Epoch 6 **** Loss 0.03407928720116615 **** Metrics validation: {'accuracy': 0.6403748535728231, 'f1_weighted': 0.6339543115162756, 'macro': 0.5560769131597991, 'micro': 0.6403748535728231, 'binary': 0.36262975778546713, 'accuracy_majority': 0.6240703177822853, 'macro_majority': 0.5397660111755856, 'binary_majority': 0.34278959810874704, 'run_time_millis': 821.5870240237564, 'loss_mean': 1.0452922582626343}
Epoch 7 **** Loss 0.09011515229940414 **** Metrics validation: {'accuracy': 0.6099180007809449, 'f1_weighted': 0.6130161589929549, 'macro': 0.5420339119577913, 'micro': 0.6099180007809449, 'binary': 0.3657142857142857, 'accuracy_majority': 0.5977011494252874, 'macro_majority': 0.530373708334912, 'binary_majority': 0.352557127312296, 'run_time_millis': 821.1666089482605, 'loss_mean': 1.0133670568466187}
Epoch 8 **** Loss 0.06211942061781883 **** Metrics validation: {'accuracy': 0.6056228035923468, 'f1_weighted': 0.6109292271946003, 'macro': 0.5425426930205577, 'micro': 0.6056228035923468, 'binary': 0.37267080745341613, 'accuracy_majority': 0.599053414469236, 'macro_majority': 0.5357881783176531, 'binary_majority': 0.36441586280814575, 'run_time_millis': 820.0648030033335, 'loss_mean': 1.1113828420639038}
Epoch 9 **** Loss 0.06563309580087662 **** Metrics validation: {'accuracy': 0.6286606794221007, 'f1_weighted': 0.6232241884503534, 'macro': 0.5442802139169515, 'micro': 0.6286606794221007, 'binary': 0.34818368745716244, 'accuracy_majority': 0.6152805949966194, 'macro_majority': 0.5306613230923501, 'binary_majority': 0.33137485311398357, 'run_time_millis': 821.4370220666751, 'loss_mean': 1.2256585359573364}
Evaluating
{'accuracy': 0.6403748535728231, 'f1_weighted': 0.6339543115162756, 'macro': 0.5560769131597991, 'micro': 0.6403748535728231, 'binary': 0.36262975778546713, 'accuracy_majority': 0.6240703177822853, 'macro_majority': 0.5397660111755856, 'binary_majority': 0.34278959810874704, 'run_time_millis': 1480.8542410610244, 'loss_mean': 1.0452922582626343}
Device cuda
DATASET: social_norms, MODEL: ae, 
Split type sit
DATASET: social_norms, MODEL: ae, PERCENTAGE: 0.8, NUM_COMMENTS_PER_ANNO: 84
Training Size: 4190, NTA labels 2851, YTA labels 1339
Validation Size: 2561, NTA labels 1796, YTA labels 765
Test Size: 2951, NTA labels 2102, YTA labels 849
Training with SBERT, model name is sbert
Tokenizing the dataset
Number of training steps 1310
Epoch 0 **** Loss 0.26186904311180115 **** Metrics validation: {'accuracy': 0.5181569699336197, 'f1_weighted': 0.5329193438614485, 'macro': 0.5132552514588755, 'micro': 0.5181569699336197, 'binary': 0.4644097222222222, 'accuracy_majority': 0.5165652467883706, 'macro_majority': 0.5116753950636724, 'binary_majority': 0.4628099173553719, 'run_time_millis': 1327.542778919451, 'loss_mean': 0.3118659257888794}
Epoch 1 **** Loss 0.13886837661266327 **** Metrics validation: {'accuracy': 0.6751269035532995, 'f1_weighted': 0.6636250823528255, 'macro': 0.5866226300301718, 'micro': 0.6751269035532995, 'binary': 0.39534883720930236, 'accuracy_majority': 0.6511156186612576, 'macro_majority': 0.5572472848788639, 'binary_majority': 0.3533834586466166, 'run_time_millis': 819.0597189823166, 'loss_mean': 0.3421267867088318}
Epoch 2 **** Loss 0.4003048241138458 **** Metrics validation: {'accuracy': 0.5224521671222179, 'f1_weighted': 0.5386418033347085, 'macro': 0.5158079935740002, 'micro': 0.5224521671222179, 'binary': 0.45908889871738173, 'accuracy_majority': 0.5327924273157539, 'macro_majority': 0.5235493623557987, 'binary_majority': 0.45718774548311075, 'run_time_millis': 823.0382660403848, 'loss_mean': 0.36798009276390076}
Epoch 3 **** Loss 0.0744086429476738 **** Metrics validation: {'accuracy': 0.582194455290902, 'f1_weighted': 0.5975580696099371, 'macro': 0.5457937350905737, 'micro': 0.582194455290902, 'binary': 0.41721132897603486, 'accuracy_majority': 0.5760649087221096, 'macro_majority': 0.5415155208258656, 'binary_majority': 0.4156570363466915, 'run_time_millis': 818.4625329449773, 'loss_mean': 0.5943083167076111}
Epoch 4 **** Loss 0.0700736790895462 **** Metrics validation: {'accuracy': 0.6134322530261617, 'f1_weighted': 0.6165664387919535, 'macro': 0.5463197969543148, 'micro': 0.6134322530261617, 'binary': 0.3718274111675127, 'accuracy_majority': 0.6179851250845165, 'macro_majority': 0.5518943681873343, 'binary_majority': 0.37980241492864986, 'run_time_millis': 817.9810240399092, 'loss_mean': 0.6198620796203613}
Epoch 5 **** Loss 0.049498606473207474 **** Metrics validation: {'accuracy': 0.629832096837173, 'f1_weighted': 0.6305172350628057, 'macro': 0.5598794840000871, 'micro': 0.629832096837173, 'binary': 0.38441558441558443, 'accuracy_majority': 0.6267748478701826, 'macro_majority': 0.5529568950411775, 'binary_majority': 0.3712984054669704, 'run_time_millis': 817.7852920489386, 'loss_mean': 0.7887293696403503}
Epoch 6 **** Loss 0.04993545264005661 **** Metrics validation: {'accuracy': 0.6345177664974619, 'f1_weighted': 0.6350604011877966, 'macro': 0.565128355470927, 'micro': 0.6345177664974619, 'binary': 0.3914174252275683, 'accuracy_majority': 0.6294793779580797, 'macro_majority': 0.5602016851957162, 'binary_majority': 0.3856502242152467, 'run_time_millis': 818.5341119533405, 'loss_mean': 0.7601379156112671}
Epoch 7 **** Loss 0.03557431697845459 **** Metrics validation: {'accuracy': 0.62827020695041, 'f1_weighted': 0.6254820756397539, 'macro': 0.549835670869061, 'micro': 0.62827020695041, 'binary': 0.3619302949061662, 'accuracy_majority': 0.6274509803921569, 'macro_majority': 0.5492611940917651, 'binary_majority': 0.36152954808806487, 'run_time_millis': 818.6224229866639, 'loss_mean': 1.003022313117981}
Epoch 8 **** Loss 0.03213558346033096 **** Metrics validation: {'accuracy': 0.6532604451386177, 'f1_weighted': 0.6396219359814729, 'macro': 0.5559237041897085, 'micro': 0.6532604451386177, 'binary': 0.34801762114537443, 'accuracy_majority': 0.6484110885733604, 'macro_majority': 0.5472910927456383, 'binary_majority': 0.33333333333333337, 'run_time_millis': 817.9527840111405, 'loss_mean': 1.2378095388412476}
Epoch 9 **** Loss 0.039984237402677536 **** Metrics validation: {'accuracy': 0.6372510737992971, 'f1_weighted': 0.6329073706327608, 'macro': 0.5570029983497253, 'micro': 0.6372510737992971, 'binary': 0.36845683208701563, 'accuracy_majority': 0.6348884381338742, 'macro_majority': 0.5523748245728095, 'binary_majority': 0.36018957345971564, 'run_time_millis': 1837.3644150560722, 'loss_mean': 1.1939915418624878}
Evaluating
{'accuracy': 0.6751269035532995, 'f1_weighted': 0.6636250823528255, 'macro': 0.5866226300301718, 'micro': 0.6751269035532995, 'binary': 0.39534883720930236, 'accuracy_majority': 0.6511156186612576, 'macro_majority': 0.5572472848788639, 'binary_majority': 0.3533834586466166, 'run_time_millis': 2445.6172649515793, 'loss_mean': 0.3421267867088318}
Device cuda
DATASET: social_norms, MODEL: ae, 
Split type sit
DATASET: social_norms, MODEL: ae, PERCENTAGE: 0.9, NUM_COMMENTS_PER_ANNO: 94
Training Size: 4688, NTA labels 3196, YTA labels 1492
Validation Size: 2561, NTA labels 1796, YTA labels 765
Test Size: 2951, NTA labels 2102, YTA labels 849
Training with SBERT, model name is sbert
Tokenizing the dataset
Number of training steps 1470
Epoch 0 **** Loss 0.2897643446922302 **** Metrics validation: {'accuracy': 0.6462319406481843, 'f1_weighted': 0.648746602859248, 'macro': 0.5839311843690824, 'micro': 0.6462319406481843, 'binary': 0.4229299363057325, 'accuracy_majority': 0.6288032454361054, 'macro_majority': 0.5618917456269892, 'binary_majority': 0.39067702552719197, 'run_time_millis': 2240.844881045632, 'loss_mean': 0.3102980852127075}
Epoch 1 **** Loss 0.1367322951555252 **** Metrics validation: {'accuracy': 0.6638032018742679, 'f1_weighted': 0.6415602779486701, 'macro': 0.5509181650344751, 'micro': 0.6638032018742679, 'binary': 0.32576350822239625, 'accuracy_majority': 0.6463826910074375, 'macro_majority': 0.5341283392507069, 'binary_majority': 0.3054448871181939, 'run_time_millis': 817.651140037924, 'loss_mean': 0.3566615581512451}
Epoch 2 **** Loss 0.12140275537967682 **** Metrics validation: {'accuracy': 0.6536509176103085, 'f1_weighted': 0.6353373233089683, 'macro': 0.5466926485452044, 'micro': 0.6536509176103085, 'binary': 0.3264996203492787, 'accuracy_majority': 0.6484110885733604, 'macro_majority': 0.5495058552289374, 'binary_majority': 0.33842239185750633, 'run_time_millis': 817.5732590025291, 'loss_mean': 0.47919049859046936}
Epoch 3 **** Loss 0.08075542002916336 **** Metrics validation: {'accuracy': 0.6501366653650917, 'f1_weighted': 0.6416092881373658, 'macro': 0.5631117352642818, 'micro': 0.6501366653650917, 'binary': 0.36812411847672777, 'accuracy_majority': 0.6396213657876944, 'macro_majority': 0.5500122442618937, 'binary_majority': 0.34920634920634924, 'run_time_millis': 818.2552179787308, 'loss_mean': 0.8016026616096497}
Epoch 4 **** Loss 0.12096229195594788 **** Metrics validation: {'accuracy': 0.60210855134713, 'f1_weighted': 0.6132582920129257, 'macro': 0.5549060959396503, 'micro': 0.60210855134713, 'binary': 0.40995946728430804, 'accuracy_majority': 0.5956727518593644, 'macro_majority': 0.5521631255949608, 'binary_majority': 0.41257367387033395, 'run_time_millis': 817.2987949801609, 'loss_mean': 0.6590563058853149}
Epoch 5 **** Loss 0.06196150183677673 **** Metrics validation: {'accuracy': 0.6220226474033581, 'f1_weighted': 0.6199613471004111, 'macro': 0.5440613252311834, 'micro': 0.6220226474033581, 'binary': 0.355525965379494, 'accuracy_majority': 0.6206896551724138, 'macro_majority': 0.5447670255812358, 'binary_majority': 0.3588571428571429, 'run_time_millis': 818.0015149991959, 'loss_mean': 1.0020262002944946}
Epoch 6 **** Loss 0.09770409762859344 **** Metrics validation: {'accuracy': 0.6153846153846154, 'f1_weighted': 0.6132093046743153, 'macro': 0.5358732583874397, 'micro': 0.6153846153846154, 'binary': 0.3437708194536976, 'accuracy_majority': 0.6125760649087221, 'macro_majority': 0.5344112338994784, 'binary_majority': 0.3436426116838488, 'run_time_millis': 819.1416700137779, 'loss_mean': 1.0742794275283813}
Epoch 7 **** Loss 0.004034795798361301 **** Metrics validation: {'accuracy': 0.6317844591956268, 'f1_weighted': 0.6225330999349771, 'macro': 0.5395926529981956, 'micro': 0.6317844591956268, 'binary': 0.3335689045936396, 'accuracy_majority': 0.6301555104800541, 'macro_majority': 0.5416203714458444, 'binary_majority': 0.3401688781664657, 'run_time_millis': 817.2850139671937, 'loss_mean': 1.1837608814239502}
Epoch 8 **** Loss 0.051260288804769516 **** Metrics validation: {'accuracy': 0.62827020695041, 'f1_weighted': 0.6229117279490538, 'macro': 0.5439889872290762, 'micro': 0.62827020695041, 'binary': 0.34794520547945207, 'accuracy_majority': 0.6267748478701826, 'macro_majority': 0.5430770470664088, 'binary_majority': 0.34751773049645396, 'run_time_millis': 818.7685849843547, 'loss_mean': 1.2190122604370117}
Epoch 9 **** Loss 0.03665347397327423 **** Metrics validation: {'accuracy': 0.6415462709878954, 'f1_weighted': 0.629639690991464, 'macro': 0.5455596637563904, 'micro': 0.6415462709878954, 'binary': 0.3367052023121387, 'accuracy_majority': 0.6355645706558486, 'macro_majority': 0.5400432157353743, 'binary_majority': 0.33043478260869563, 'run_time_millis': 819.4976960076019, 'loss_mean': 1.3392589092254639}
Evaluating
{'accuracy': 0.6462319406481843, 'f1_weighted': 0.648746602859248, 'macro': 0.5839311843690824, 'micro': 0.6462319406481843, 'binary': 0.4229299363057325, 'accuracy_majority': 0.6288032454361054, 'macro_majority': 0.5618917456269892, 'binary_majority': 0.39067702552719197, 'run_time_millis': 2853.3471589908004, 'loss_mean': 0.3102980852127075}
Device cuda
DATASET: social_norms, MODEL: ae, 
Split type sit
DATASET: social_norms, MODEL: ae, PERCENTAGE: 1.0, NUM_COMMENTS_PER_ANNO: 105
Training Size: 5215, NTA labels 3581, YTA labels 1634
Validation Size: 2561, NTA labels 1796, YTA labels 765
Test Size: 2951, NTA labels 2102, YTA labels 849
Training with SBERT, model name is sbert
Tokenizing the dataset
Number of training steps 1630
Epoch 0 **** Loss 0.2319028675556183 **** Metrics validation: {'accuracy': 0.6501366653650917, 'f1_weighted': 0.6355690384424322, 'macro': 0.5502325420943528, 'micro': 0.6501366653650917, 'binary': 0.3382570162481536, 'accuracy_majority': 0.6504394861392833, 'macro_majority': 0.5495319130385091, 'binary_majority': 0.33632862644415923, 'run_time_millis': 1528.9555160561576, 'loss_mean': 0.31988492608070374}
Epoch 1 **** Loss 0.25554805994033813 **** Metrics validation: {'accuracy': 0.659117532213979, 'f1_weighted': 0.6515663225540865, 'macro': 0.5759809132400173, 'micro': 0.659117532213979, 'binary': 0.38822704975473027, 'accuracy_majority': 0.6389452332657201, 'macro_majority': 0.5592220113851992, 'binary_majority': 0.37176470588235294, 'run_time_millis': 816.712366999127, 'loss_mean': 0.3421134352684021}
Epoch 2 **** Loss 0.1340496987104416 **** Metrics validation: {'accuracy': 0.6110894181960171, 'f1_weighted': 0.617559653341001, 'macro': 0.5521595314343503, 'micro': 0.6110894181960171, 'binary': 0.3897058823529412, 'accuracy_majority': 0.605814739688979, 'macro_majority': 0.5492326954594287, 'binary_majority': 0.3895287958115183, 'run_time_millis': 817.0489709591493, 'loss_mean': 0.39114996790885925}
Epoch 3 **** Loss 0.09716196358203888 **** Metrics validation: {'accuracy': 0.5989847715736041, 'f1_weighted': 0.6000906271397243, 'macro': 0.5240814878950649, 'micro': 0.5989847715736041, 'binary': 0.3352750809061489, 'accuracy_majority': 0.5909398242055443, 'macro_majority': 0.5159913604948729, 'binary_majority': 0.32552954292084724, 'run_time_millis': 817.4062561010942, 'loss_mean': 0.5516053438186646}
Epoch 4 **** Loss 0.07660884410142899 **** Metrics validation: {'accuracy': 0.6103084732526357, 'f1_weighted': 0.6142271979444137, 'macro': 0.5445684883371181, 'micro': 0.6103084732526357, 'binary': 0.3715365239294711, 'accuracy_majority': 0.6051386071670047, 'macro_majority': 0.539878712459887, 'binary_majority': 0.36659436008676793, 'run_time_millis': 817.8074619499967, 'loss_mean': 0.6013720035552979}
Epoch 5 **** Loss 0.12003237009048462 **** Metrics validation: {'accuracy': 0.6610698945724326, 'f1_weighted': 0.6163950677921484, 'macro': 0.5040542228885557, 'micro': 0.6610698945724326, 'binary': 0.225, 'accuracy_majority': 0.6524678837052063, 'macro_majority': 0.4998486794319821, 'binary_majority': 0.22356495468277945, 'run_time_millis': 817.2590339090675, 'loss_mean': 1.0874698162078857}
Epoch 6 **** Loss 0.06703248620033264 **** Metrics validation: {'accuracy': 0.57594689574385, 'f1_weighted': 0.5908805119471365, 'macro': 0.5362827874592344, 'micro': 0.57594689574385, 'binary': 0.4006622516556291, 'accuracy_majority': 0.5801217038539553, 'macro_majority': 0.5364420274311382, 'binary_majority': 0.39414634146341465, 'run_time_millis': 817.595268948935, 'loss_mean': 0.8092213273048401}
Epoch 7 **** Loss 0.13163673877716064 **** Metrics validation: {'accuracy': 0.6306130417805544, 'f1_weighted': 0.6201059140931933, 'macro': 0.535474284048901, 'micro': 0.6306130417805544, 'binary': 0.32524964336661916, 'accuracy_majority': 0.6166328600405679, 'macro_majority': 0.5241585462939268, 'binary_majority': 0.3143893591293833, 'run_time_millis': 820.3212369699031, 'loss_mean': 1.14689302444458}
Epoch 8 **** Loss 0.07910652458667755 **** Metrics validation: {'accuracy': 0.6149941429129246, 'f1_weighted': 0.6102995792398801, 'macro': 0.5296313267913957, 'micro': 0.6149941429129246, 'binary': 0.3292517006802721, 'accuracy_majority': 0.6098715348208249, 'macro_majority': 0.5240625367737891, 'binary_majority': 0.32197414806110464, 'run_time_millis': 817.7715910132974, 'loss_mean': 1.1601378917694092}
Epoch 9 **** Loss 0.0385206900537014 **** Metrics validation: {'accuracy': 0.632955876610699, 'f1_weighted': 0.6201631962095518, 'macro': 0.5333917916465085, 'micro': 0.632955876610699, 'binary': 0.3178519593613933, 'accuracy_majority': 0.6186612576064908, 'macro_majority': 0.5220328028163849, 'binary_majority': 0.3071253071253071, 'run_time_millis': 817.127451999113, 'loss_mean': 1.254468560218811}
Evaluating
{'accuracy': 0.659117532213979, 'f1_weighted': 0.6515663225540865, 'macro': 0.5759809132400173, 'micro': 0.659117532213979, 'binary': 0.38822704975473027, 'accuracy_majority': 0.6389452332657201, 'macro_majority': 0.5592220113851992, 'binary_majority': 0.37176470588235294, 'run_time_millis': 1428.124519996345, 'loss_mean': 0.3421134352684021}
