Device cuda
Split type sit
Training Size: 21316, NTA labels 20742, YTA labels 574
Validation Size: 7057, NTA labels 6872, YTA labels 185
Test Size: 7002, NTA labels 6783, YTA labels 219
Training with SBERT, model name is sbert
Tokenizing the dataset
Number of training steps 6670
Epoch 0 **** Loss 0.01903562992811203 **** Metrics validation: {'accuracy': 0.9138444098058666, 'f1_weighted': 0.9367596881548497, 'macro': 0.62275463422114, 'micro': 0.9138444098058665, 'binary': 0.29137529137529133, 'accuracy_majority': 0.9184089750127487, 'macro_majority': 0.6080430133317344, 'binary_majority': 0.2592592592592593, 'run_time_millis': 5003.23103700066, 'loss_mean': 0.03480518236756325}
Epoch 1 **** Loss 0.017227480188012123 **** Metrics validation: {'accuracy': 0.9414765481082613, 'f1_weighted': 0.9532107159239144, 'macro': 0.6615141353169521, 'micro': 0.9414765481082613, 'binary': 0.35367762128325503, 'accuracy_majority': 0.9500254971953085, 'macro_majority': 0.6646342314672624, 'binary_majority': 0.35526315789473684, 'run_time_millis': 4190.682664979249, 'loss_mean': 0.034556590020656586}
Epoch 2 **** Loss 0.009741358458995819 **** Metrics validation: {'accuracy': 0.9311322091540315, 'f1_weighted': 0.947144448536345, 'macro': 0.648055496722014, 'micro': 0.9311322091540315, 'binary': 0.3324175824175824, 'accuracy_majority': 0.9382967873533912, 'macro_majority': 0.6458476679746328, 'binary_majority': 0.3240223463687151, 'run_time_millis': 5023.896071012132, 'loss_mean': 0.03370608389377594}
Epoch 3 **** Loss 0.008253917098045349 **** Metrics validation: {'accuracy': 0.9179538047328893, 'f1_weighted': 0.9394363391443737, 'macro': 0.6331384551153849, 'micro': 0.9179538047328893, 'binary': 0.3098927294398093, 'accuracy_majority': 0.9229984701682815, 'macro_majority': 0.6218351742801278, 'binary_majority': 0.2843601895734597, 'run_time_millis': 4243.300066998927, 'loss_mean': 0.034011587500572205}
Epoch 4 **** Loss 0.007970009930431843 **** Metrics validation: {'accuracy': 0.9145529261725945, 'f1_weighted': 0.9375112566006414, 'macro': 0.6310794091508432, 'micro': 0.9145529261725945, 'binary': 0.30769230769230765, 'accuracy_majority': 0.9204487506374299, 'macro_majority': 0.617841937998441, 'binary_majority': 0.27777777777777773, 'run_time_millis': 5040.785484976368, 'loss_mean': 0.036890920251607895}
Epoch 5 **** Loss 0.0006368568865582347 **** Metrics validation: {'accuracy': 0.9166784752727788, 'f1_weighted': 0.9385875246647122, 'macro': 0.6295035303949685, 'micro': 0.9166784752727788, 'binary': 0.3033175355450237, 'accuracy_majority': 0.9229984701682815, 'macro_majority': 0.6149426856782465, 'binary_majority': 0.27053140096618356, 'run_time_millis': 5045.939702016767, 'loss_mean': 0.04015706852078438}
Epoch 6 **** Loss 0.03348527103662491 **** Metrics validation: {'accuracy': 0.9338245713475981, 'f1_weighted': 0.9485865757975288, 'macro': 0.6485454701541045, 'micro': 0.9338245713475981, 'binary': 0.33190271816881256, 'accuracy_majority': 0.9423763386027537, 'macro_majority': 0.6466300421792899, 'binary_majority': 0.32335329341317365, 'run_time_millis': 5013.074724003673, 'loss_mean': 0.04833794757723808}
Epoch 7 **** Loss 0.00032486909185536206 **** Metrics validation: {'accuracy': 0.9434603939351, 'f1_weighted': 0.9541064474298301, 'macro': 0.6587115938229402, 'micro': 0.9434603939351, 'binary': 0.3469721767594108, 'accuracy_majority': 0.9510453850076491, 'macro_majority': 0.658521012305549, 'binary_majority': 0.3424657534246575, 'run_time_millis': 4998.979828989832, 'loss_mean': 0.05832378566265106}
Epoch 8 **** Loss 0.00021458748960867524 **** Metrics validation: {'accuracy': 0.9379339662746209, 'f1_weighted': 0.9510433595438026, 'macro': 0.654886221736311, 'micro': 0.9379339662746209, 'binary': 0.34234234234234234, 'accuracy_majority': 0.9454360020397756, 'macro_majority': 0.653476923178552, 'binary_majority': 0.3354037267080745, 'run_time_millis': 4993.760118988575, 'loss_mean': 0.05618518218398094}
Epoch 9 **** Loss 0.037027180194854736 **** Metrics validation: {'accuracy': 0.9409097350148788, 'f1_weighted': 0.9526088066326766, 'macro': 0.6551499020387128, 'micro': 0.9409097350148788, 'binary': 0.34123222748815163, 'accuracy_majority': 0.9495155532891382, 'macro_majority': 0.659058938816798, 'binary_majority': 0.3443708609271523, 'run_time_millis': 5031.389946991112, 'loss_mean': 0.059183668345212936}
Evaluating
{'accuracy': 0.9434603939351, 'f1_weighted': 0.9541064474298301, 'macro': 0.6587115938229402, 'micro': 0.9434603939351, 'binary': 0.3469721767594108, 'accuracy_majority': 0.9510453850076491, 'macro_majority': 0.658521012305549, 'binary_majority': 0.3424657534246575, 'run_time_millis': 5027.8426820004825, 'loss_mean': 0.05832378566265106}
