Device cuda
Split type sit
Training Size: 40552, NTA labels 38692, YTA labels 1860
Validation Size: 13579, NTA labels 12987, YTA labels 592
Test Size: 13389, NTA labels 12756, YTA labels 633
Training with SBERT, model name is sbert
Tokenizing the dataset
Number of training steps 12680
Epoch 0 **** Loss 0.3900311291217804 **** Metrics validation: {'accuracy': 0.9418955740481626, 'f1_weighted': 0.9419656441071615, 'macro': 0.6524595170097216, 'micro': 0.9418955740481626, 'binary': 0.33529907329401853, 'accuracy_majority': 0.9389429274581038, 'macro_majority': 0.6666683161951077, 'binary_majority': 0.3654080389768575, 'run_time_millis': 7962.287312000058, 'loss_mean': 0.06613574922084808}
Epoch 1 **** Loss 0.022756081074476242 **** Metrics validation: {'accuracy': 0.9452831578172177, 'f1_weighted': 0.9441052797090387, 'macro': 0.6578347081231724, 'micro': 0.9452831578172177, 'binary': 0.3442188879082083, 'accuracy_majority': 0.9416383452478613, 'macro_majority': 0.6679112665753886, 'binary_majority': 0.36641221374045796, 'run_time_millis': 7988.988883000047, 'loss_mean': 0.06959538906812668}
Epoch 2 **** Loss 0.027856670320034027 **** Metrics validation: {'accuracy': 0.9435893659326902, 'f1_weighted': 0.9436799890379215, 'macro': 0.6628616417026121, 'micro': 0.9435893659326902, 'binary': 0.3552188552188552, 'accuracy_majority': 0.9408180007031525, 'macro_majority': 0.6746465436954706, 'binary_majority': 0.3803680981595092, 'run_time_millis': 7998.492891999831, 'loss_mean': 0.07290579378604889}
Epoch 3 **** Loss 0.010088495910167694 **** Metrics validation: {'accuracy': 0.9400544959128065, 'f1_weighted': 0.9417744184700614, 'macro': 0.6612686277177744, 'micro': 0.9400544959128065, 'binary': 0.35396825396825393, 'accuracy_majority': 0.9364818938239775, 'macro_majority': 0.6724855904270809, 'binary_majority': 0.3784403669724771, 'run_time_millis': 8014.596112999925, 'loss_mean': 0.07605262100696564}
Epoch 4 **** Loss 0.054377082735300064 **** Metrics validation: {'accuracy': 0.9410118565431916, 'f1_weighted': 0.9415019958367992, 'macro': 0.6522031127766392, 'micro': 0.9410118565431916, 'binary': 0.3352697095435685, 'accuracy_majority': 0.9367162779796085, 'macro_majority': 0.6596251830472537, 'binary_majority': 0.3525179856115108, 'run_time_millis': 7998.811554999975, 'loss_mean': 0.08978735655546188}
Epoch 5 **** Loss 0.002322128042578697 **** Metrics validation: {'accuracy': 0.9362986965166802, 'f1_weighted': 0.93955465757822, 'macro': 0.6573334173139843, 'micro': 0.9362986965166802, 'binary': 0.34815373021853807, 'accuracy_majority': 0.9326145552560647, 'macro_majority': 0.6679915943555915, 'binary_majority': 0.3715846994535519, 'run_time_millis': 7972.607112000105, 'loss_mean': 0.09531914442777634}
Epoch 6 **** Loss 0.05288691446185112 **** Metrics validation: {'accuracy': 0.9391707784078356, 'f1_weighted': 0.9408297473877096, 'macro': 0.6552336292551985, 'micro': 0.9391707784078356, 'binary': 0.3423566878980891, 'accuracy_majority': 0.9348412047345599, 'macro_majority': 0.6640258086299943, 'binary_majority': 0.36238532110091737, 'run_time_millis': 7935.122278000108, 'loss_mean': 0.10624167323112488}
Epoch 7 **** Loss 0.00027290626894682646 **** Metrics validation: {'accuracy': 0.940496354665292, 'f1_weighted': 0.9411971695631797, 'macro': 0.6516438142525709, 'micro': 0.940496354665292, 'binary': 0.3344316309719934, 'accuracy_majority': 0.9358959334348999, 'macro_majority': 0.6587046830763026, 'binary_majority': 0.3511269276393832, 'run_time_millis': 7955.107110999961, 'loss_mean': 0.11948314309120178}
Epoch 8 **** Loss 0.010515036061406136 **** Metrics validation: {'accuracy': 0.9422637896752338, 'f1_weighted': 0.9417899854830544, 'macro': 0.6481498373798659, 'micro': 0.9422637896752338, 'binary': 0.32646048109965636, 'accuracy_majority': 0.9370678542130552, 'macro_majority': 0.6540300870583519, 'binary_majority': 0.3411042944785276, 'run_time_millis': 7759.645722999949, 'loss_mean': 0.1248466819524765}
Epoch 9 **** Loss 0.07648930698633194 **** Metrics validation: {'accuracy': 0.9435893659326902, 'f1_weighted': 0.9425484387137748, 'macro': 0.649314509657956, 'micro': 0.9435893659326902, 'binary': 0.3280701754385965, 'accuracy_majority': 0.9388257353802882, 'macro_majority': 0.6560687580496212, 'binary_majority': 0.3442211055276382, 'run_time_millis': 7939.760236999973, 'loss_mean': 0.131513312458992}
Evaluating
{'accuracy': 0.9452831578172177, 'f1_weighted': 0.9441052797090387, 'macro': 0.6578347081231724, 'micro': 0.9452831578172177, 'binary': 0.3442188879082083, 'accuracy_majority': 0.9416383452478613, 'macro_majority': 0.6679112665753886, 'binary_majority': 0.36641221374045796, 'run_time_millis': 7884.451555999931, 'loss_mean': 0.06959538906812668}
