Device cuda
Split type sit
Training Size: 7800, NTA labels 5133, YTA labels 2667
Validation Size: 5018, NTA labels 3300, YTA labels 1718
Test Size: 5063, NTA labels 3132, YTA labels 1931
Training with SBERT, model name is sbert
Tokenizing the dataset
Number of training steps 2440
Epoch 0 **** Loss 0.09649708122015 **** Metrics validation: {'accuracy': 0.7626544440015942, 'f1_weighted': 0.759562656703541, 'macro': 0.7299189748519035, 'micro': 0.7626544440015942, 'binary': 0.6358911647814125, 'accuracy_majority': 0.7635658914728682, 'macro_majority': 0.7425273440974889, 'binary_majority': 0.6689280868385346, 'run_time_millis': 5492.715112995938, 'loss_mean': 0.2537696957588196}
Epoch 1 **** Loss 0.17679619789123535 **** Metrics validation: {'accuracy': 0.7893583100836987, 'f1_weighted': 0.7917233069549198, 'macro': 0.771715686365231, 'micro': 0.7893583100836987, 'binary': 0.7082528291471156, 'accuracy_majority': 0.7979651162790697, 'macro_majority': 0.7913689485667716, 'binary_majority': 0.7542722451384796, 'run_time_millis': 5468.612990996917, 'loss_mean': 0.22213268280029297}
Epoch 2 **** Loss 0.11974162608385086 **** Metrics validation: {'accuracy': 0.7421283379832603, 'f1_weighted': 0.7485529417489185, 'macro': 0.7371586332766413, 'micro': 0.7421283379832603, 'binary': 0.7010166358595195, 'accuracy_majority': 0.7577519379844961, 'macro_majority': 0.7575187969924813, 'binary_majority': 0.7500000000000001, 'run_time_millis': 5329.674157008412, 'loss_mean': 0.23464550077915192}
Epoch 3 **** Loss 0.2605020999908447 **** Metrics validation: {'accuracy': 0.7983260263053009, 'f1_weighted': 0.797894131504808, 'macro': 0.7751188790254799, 'micro': 0.7983260263053009, 'binary': 0.7028772753963594, 'accuracy_majority': 0.8008720930232558, 'macro_majority': 0.7905119628390767, 'binary_majority': 0.7439252336448597, 'run_time_millis': 5466.944234998664, 'loss_mean': 0.26053887605667114}
Epoch 4 **** Loss 0.14092521369457245 **** Metrics validation: {'accuracy': 0.7927461139896373, 'f1_weighted': 0.7954477141712124, 'macro': 0.7763676628888385, 'micro': 0.7927461139896373, 'binary': 0.715846994535519, 'accuracy_majority': 0.8028100775193798, 'macro_majority': 0.797604887080822, 'binary_majority': 0.7651471436814771, 'run_time_millis': 5475.891623995267, 'loss_mean': 0.2711147964000702}
Epoch 5 **** Loss 0.09715171903371811 **** Metrics validation: {'accuracy': 0.7859705061777601, 'f1_weighted': 0.7893813507226388, 'macro': 0.7707746056536796, 'micro': 0.7859705061777601, 'binary': 0.711755233494364, 'accuracy_majority': 0.7950581395348837, 'macro_majority': 0.790901742701025, 'binary_majority': 0.7614213197969544, 'run_time_millis': 5480.8707399934065, 'loss_mean': 0.32092100381851196}
Epoch 6 **** Loss 0.06969881057739258 **** Metrics validation: {'accuracy': 0.7865683539258669, 'f1_weighted': 0.7902948786030117, 'macro': 0.7723758450490814, 'micro': 0.7865683539258669, 'binary': 0.7155378486055778, 'accuracy_majority': 0.8023255813953488, 'macro_majority': 0.798510805275348, 'binary_majority': 0.7707865168539326, 'run_time_millis': 5450.783694992424, 'loss_mean': 0.34064188599586487}
Epoch 7 **** Loss 0.05175018310546875 **** Metrics validation: {'accuracy': 0.7855719410123555, 'f1_weighted': 0.7879685797533488, 'macro': 0.7675842653003843, 'micro': 0.7855719410123555, 'binary': 0.702926559911651, 'accuracy_majority': 0.7916666666666666, 'macro_majority': 0.785925787992432, 'binary_majority': 0.7508690614136732, 'run_time_millis': 5473.979973001406, 'loss_mean': 0.38646191358566284}
Epoch 8 **** Loss 0.11655715107917786 **** Metrics validation: {'accuracy': 0.7923475488242328, 'f1_weighted': 0.7919934173736531, 'macro': 0.76865025258961, 'micro': 0.7923475488242328, 'binary': 0.6946072684642439, 'accuracy_majority': 0.7999031007751938, 'macro_majority': 0.7906913188530099, 'binary_majority': 0.7467811158798284, 'run_time_millis': 5424.354842005414, 'loss_mean': 0.45607107877731323}
Epoch 9 **** Loss 0.048971276730298996 **** Metrics validation: {'accuracy': 0.7899561578318055, 'f1_weighted': 0.7907416375738496, 'macro': 0.7685518348611006, 'micro': 0.7899561578318055, 'binary': 0.6981672394043529, 'accuracy_majority': 0.7994186046511628, 'macro_majority': 0.7918330954039845, 'binary_majority': 0.7520958083832335, 'run_time_millis': 5221.031482011313, 'loss_mean': 0.45006847381591797}
Evaluating
{'accuracy': 0.7983260263053009, 'f1_weighted': 0.797894131504808, 'macro': 0.7751188790254799, 'micro': 0.7983260263053009, 'binary': 0.7028772753963594, 'accuracy_majority': 0.8008720930232558, 'macro_majority': 0.7905119628390767, 'binary_majority': 0.7439252336448597, 'run_time_millis': 5425.7643049932085, 'loss_mean': 0.26053887605667114}
