Device cuda
Split type sit
Training Size: 126707, NTA labels 122678, YTA labels 4029
Validation Size: 42204, NTA labels 40844, YTA labels 1360
Test Size: 42314, NTA labels 40945, YTA labels 1369
Training with SBERT, model name is sbert
Tokenizing the dataset
Number of training steps 39600
Epoch 0 **** Loss 0.014221051707863808 **** Metrics validation: {'accuracy': 0.9506444886740594, 'f1_weighted': 0.9560852945852893, 'macro': 0.6924966067337562, 'micro': 0.9506444886740594, 'binary': 0.4107496463932107, 'accuracy_majority': 0.9613859679365626, 'macro_majority': 0.7214014572874556, 'binary_majority': 0.46282973621103113, 'run_time_millis': 20036.933388997568, 'loss_mean': 0.05486129969358444}
Epoch 1 **** Loss 0.06501970440149307 **** Metrics validation: {'accuracy': 0.9665908444697185, 'f1_weighted': 0.9649799936678671, 'macro': 0.7064318917967355, 'micro': 0.9665908444697185, 'binary': 0.43007275666936134, 'accuracy_majority': 0.9802620237890018, 'macro_majority': 0.7825177312366496, 'binary_majority': 0.575139146567718, 'run_time_millis': 20179.99917099951, 'loss_mean': 0.05758027732372284}
Epoch 2 **** Loss 0.08149772882461548 **** Metrics validation: {'accuracy': 0.9641503175054498, 'f1_weighted': 0.9639504716490491, 'macro': 0.7094113169998228, 'micro': 0.9641503175054498, 'binary': 0.43733730011156563, 'accuracy_majority': 0.9774176866057577, 'macro_majority': 0.7721732300224999, 'binary_majority': 0.5559322033898305, 'run_time_millis': 20033.31071499997, 'loss_mean': 0.05411854013800621}
Epoch 3 **** Loss 0.015652373433113098 **** Metrics validation: {'accuracy': 0.9522320159226614, 'f1_weighted': 0.957394254568212, 'macro': 0.7006866592521795, 'micro': 0.9522320159226614, 'binary': 0.4262948207171315, 'accuracy_majority': 0.963454576797104, 'macro_majority': 0.7268541222459133, 'binary_majority': 0.472636815920398, 'run_time_millis': 20223.351917004038, 'loss_mean': 0.054434869438409805}
Epoch 4 **** Loss 0.028293892741203308 **** Metrics validation: {'accuracy': 0.9518765993744669, 'f1_weighted': 0.9572504074523975, 'macro': 0.7013041611930276, 'micro': 0.9518765993744669, 'binary': 0.42772612003381233, 'accuracy_majority': 0.9630236166178245, 'macro_majority': 0.724623567979846, 'binary_majority': 0.4684014869888476, 'run_time_millis': 20150.99122999527, 'loss_mean': 0.060606714338064194}
Epoch 5 **** Loss 0.034994274377822876 **** Metrics validation: {'accuracy': 0.9489384892427258, 'f1_weighted': 0.9554049259901607, 'macro': 0.6956686202569802, 'micro': 0.9489384892427258, 'binary': 0.41803942749122325, 'accuracy_majority': 0.9601792794345803, 'macro_majority': 0.7166184823494407, 'binary_majority': 0.4539007092198582, 'run_time_millis': 19575.147705996642, 'loss_mean': 0.06886928528547287}
Epoch 6 **** Loss 0.0013211255427449942 **** Metrics validation: {'accuracy': 0.9500284333238556, 'f1_weighted': 0.9560251326924618, 'macro': 0.6966892314109214, 'micro': 0.9500284333238556, 'binary': 0.4194880264244426, 'accuracy_majority': 0.9619893121875539, 'macro_majority': 0.7209188845552481, 'binary_majority': 0.4615384615384615, 'run_time_millis': 20034.40115400008, 'loss_mean': 0.07562489062547684}
Epoch 7 **** Loss 0.01994272693991661 **** Metrics validation: {'accuracy': 0.9464979622784571, 'f1_weighted': 0.9537800049596209, 'macro': 0.6895114633942907, 'micro': 0.9464979622784571, 'binary': 0.4070378151260504, 'accuracy_majority': 0.9593173590760213, 'macro_majority': 0.7156550323685729, 'binary_majority': 0.4524361948955916, 'run_time_millis': 20170.247220004967, 'loss_mean': 0.07538947463035583}
Epoch 8 **** Loss 0.03406815230846405 **** Metrics validation: {'accuracy': 0.9490095725523647, 'f1_weighted': 0.9552510093332951, 'macro': 0.6925251139620189, 'micro': 0.9490095725523647, 'binary': 0.4117003827227994, 'accuracy_majority': 0.9612135838648509, 'macro_majority': 0.719510093317196, 'binary_majority': 0.45913461538461536, 'run_time_millis': 19879.739017000247, 'loss_mean': 0.0814930871129036}
Epoch 9 **** Loss 0.03707225248217583 **** Metrics validation: {'accuracy': 0.9471377120652071, 'f1_weighted': 0.9541502796294387, 'macro': 0.6901996431126436, 'micro': 0.9471377120652071, 'binary': 0.40806579994693554, 'accuracy_majority': 0.9593173590760213, 'macro_majority': 0.7156550323685729, 'binary_majority': 0.4524361948955916, 'run_time_millis': 19939.02252200496, 'loss_mean': 0.08351319283246994}
Evaluating
{'accuracy': 0.9665908444697185, 'f1_weighted': 0.9649799936678671, 'macro': 0.7064318917967355, 'micro': 0.9665908444697185, 'binary': 0.43007275666936134, 'accuracy_majority': 0.9802620237890018, 'macro_majority': 0.7825177312366496, 'binary_majority': 0.575139146567718, 'run_time_millis': 20162.811568996403, 'loss_mean': 0.05758027732372284}
