Device cuda
Split type sit
Training Size: 63468, NTA labels 61802, YTA labels 1666
Validation Size: 21138, NTA labels 20600, YTA labels 538
Test Size: 21164, NTA labels 20656, YTA labels 508
Training with SBERT, model name is sbert
Tokenizing the dataset
Number of training steps 19840
Epoch 0 **** Loss 0.20577101409435272 **** Metrics validation: {'accuracy': 0.9362285930551614, 'f1_weighted': 0.9497462422060994, 'macro': 0.6358676805554987, 'micro': 0.9362285930551614, 'binary': 0.3051546391752577, 'accuracy_majority': 0.9349548038393439, 'macro_majority': 0.6536485509189813, 'binary_majority': 0.3415094339622642, 'run_time_millis': 9326.78225915879, 'loss_mean': 0.041592784225940704}
Epoch 1 **** Loss 0.01563505083322525 **** Metrics validation: {'accuracy': 0.9244488598732141, 'f1_weighted': 0.9432530038263561, 'macro': 0.6296630320990617, 'micro': 0.9244488598732141, 'binary': 0.2992540587977183, 'accuracy_majority': 0.9237722486254776, 'macro_majority': 0.6499357933390973, 'binary_majority': 0.3403225806451613, 'run_time_millis': 7260.261995717883, 'loss_mean': 0.042375512421131134}
Epoch 2 **** Loss 0.008619915693998337 **** Metrics validation: {'accuracy': 0.9138518308260005, 'f1_weighted': 0.9369756196520098, 'macro': 0.6159310165880656, 'micro': 0.9138518308260005, 'binary': 0.27766759222530746, 'accuracy_majority': 0.9129624452520735, 'macro_majority': 0.6343884905312941, 'binary_majority': 0.3152492668621701, 'run_time_millis': 9293.745853938162, 'loss_mean': 0.05010521039366722}
Epoch 3 **** Loss 0.009105519391596317 **** Metrics validation: {'accuracy': 0.9250638660232756, 'f1_weighted': 0.943373458580418, 'macro': 0.625065793171933, 'micro': 0.9250638660232756, 'binary': 0.2896860986547085, 'accuracy_majority': 0.9232131208647842, 'macro_majority': 0.6424920592820685, 'binary_majority': 0.32569558101472995, 'run_time_millis': 9287.011259235442, 'loss_mean': 0.07025887817144394}
Epoch 4 **** Loss 0.006794888526201248 **** Metrics validation: {'accuracy': 0.9268615763080708, 'f1_weighted': 0.9444034458549967, 'macro': 0.6267816165676088, 'micro': 0.9268615763080708, 'binary': 0.29212454212454214, 'accuracy_majority': 0.9254496319075576, 'macro_majority': 0.6452560810763904, 'binary_majority': 0.32998324958123953, 'run_time_millis': 9287.220341153443, 'loss_mean': 0.077605240046978}
Epoch 5 **** Loss 0.04820286110043526 **** Metrics validation: {'accuracy': 0.9439398240136248, 'f1_weighted': 0.9538266018116432, 'macro': 0.6374812490463424, 'micro': 0.9439398240136248, 'binary': 0.30416911332941865, 'accuracy_majority': 0.9418507128878949, 'macro_majority': 0.6570568159004215, 'binary_majority': 0.34453781512605036, 'run_time_millis': 9301.28959286958, 'loss_mean': 0.09547135978937149}
Epoch 6 **** Loss 0.050373565405607224 **** Metrics validation: {'accuracy': 0.9167849370801401, 'f1_weighted': 0.93825577725895, 'macro': 0.6091893176200744, 'micro': 0.9167849370801401, 'binary': 0.2624737945492662, 'accuracy_majority': 0.9163172118162334, 'macro_majority': 0.6280595689021911, 'binary_majority': 0.3006230529595016, 'run_time_millis': 9315.079973079264, 'loss_mean': 0.08392752707004547}
Epoch 7 **** Loss 0.00011544086009962484 **** Metrics validation: {'accuracy': 0.9314977765162267, 'f1_weighted': 0.9467498568686733, 'macro': 0.6246580294678497, 'micro': 0.9314977765162267, 'binary': 0.28529121421520237, 'accuracy_majority': 0.9300158419532196, 'macro_majority': 0.6423473853996707, 'binary_majority': 0.3215898825654923, 'run_time_millis': 9277.842261828482, 'loss_mean': 0.09871906787157059}
Epoch 8 **** Loss 0.0004312513628974557 **** Metrics validation: {'accuracy': 0.948339483394834, 'f1_weighted': 0.9561321993959422, 'macro': 0.6383731172531899, 'micro': 0.948339483394834, 'binary': 0.30357142857142855, 'accuracy_majority': 0.9461373590532103, 'macro_majority': 0.6582928409459022, 'binary_majority': 0.344671201814059, 'run_time_millis': 9283.843128941953, 'loss_mean': 0.11775920540094376}
Epoch 9 **** Loss 0.0022547875996679068 **** Metrics validation: {'accuracy': 0.949569495694957, 'f1_weighted': 0.956901204806504, 'macro': 0.6412601142574612, 'micro': 0.949569495694957, 'binary': 0.30869001297016857, 'accuracy_majority': 0.947441990494828, 'macro_majority': 0.6621674302708785, 'binary_majority': 0.35172413793103446, 'run_time_millis': 9284.931438975036, 'loss_mean': 0.12002413719892502}
Evaluating
{'accuracy': 0.949569495694957, 'f1_weighted': 0.956901204806504, 'macro': 0.6412601142574612, 'micro': 0.949569495694957, 'binary': 0.30869001297016857, 'accuracy_majority': 0.947441990494828, 'macro_majority': 0.6621674302708785, 'binary_majority': 0.35172413793103446, 'run_time_millis': 9296.508985571563, 'loss_mean': 0.12002413719892502}
