Device cuda
Split type sit
Training Size: 3197, NTA labels 2356, YTA labels 841
Validation Size: 1027, NTA labels 742, YTA labels 285
Test Size: 1263, NTA labels 1001, YTA labels 262
Training with SBERT, model name is sbert
Tokenizing the dataset
Number of training steps 1000
Epoch 0 **** Loss 0.33383265137672424 **** Metrics validation: {'accuracy': 0.557935735150925, 'f1_weighted': 0.5798600932288375, 'macro': 0.5187659978531913, 'micro': 0.557935735150925, 'binary': 0.3814713896457766, 'accuracy_majority': 0.5539473684210526, 'macro_majority': 0.5231988096626082, 'binary_majority': 0.40211640211640215, 'run_time_millis': 4500.5966409808025, 'loss_mean': 0.2808054983615875}
Epoch 1 **** Loss 0.25570791959762573 **** Metrics validation: {'accuracy': 0.5774099318403116, 'f1_weighted': 0.5976709186789273, 'macro': 0.5359424454439446, 'micro': 0.5774099318403116, 'binary': 0.3972222222222222, 'accuracy_majority': 0.5697368421052632, 'macro_majority': 0.5330598931666888, 'binary_majority': 0.40219378427787933, 'run_time_millis': 3752.585324982647, 'loss_mean': 0.2852465808391571}
Epoch 2 **** Loss 0.21080806851387024 **** Metrics validation: {'accuracy': 0.5988315481986368, 'f1_weighted': 0.6179571920756947, 'macro': 0.558900305239104, 'micro': 0.5988315481986368, 'binary': 0.42618384401114207, 'accuracy_majority': 0.5960526315789474, 'macro_majority': 0.5541465782297716, 'binary_majority': 0.4174573055028463, 'run_time_millis': 3760.6951099878643, 'loss_mean': 0.2941485345363617}
Epoch 3 **** Loss 0.19126543402671814 **** Metrics validation: {'accuracy': 0.6144109055501461, 'f1_weighted': 0.6282537904134984, 'macro': 0.5579626972740316, 'micro': 0.6144109055501461, 'binary': 0.4, 'accuracy_majority': 0.6210526315789474, 'macro_majority': 0.5625164895785864, 'binary_majority': 0.4024896265560166, 'run_time_millis': 3767.1797060174868, 'loss_mean': 0.3207632303237915}
Epoch 4 **** Loss 0.12999895215034485 **** Metrics validation: {'accuracy': 0.6874391431353457, 'f1_weighted': 0.6624769146916998, 'macro': 0.5538317870845937, 'micro': 0.6874391431353457, 'binary': 0.3096774193548387, 'accuracy_majority': 0.6881578947368421, 'macro_majority': 0.5574784230193769, 'binary_majority': 0.31700288184438036, 'run_time_millis': 3770.552214991767, 'loss_mean': 0.42681819200515747}
Epoch 5 **** Loss 0.047043390572071075 **** Metrics validation: {'accuracy': 0.667964946445959, 'f1_weighted': 0.6581421430837208, 'macro': 0.562631055072167, 'micro': 0.667964946445959, 'binary': 0.3479923518164436, 'accuracy_majority': 0.656578947368421, 'macro_majority': 0.5521447875532557, 'binary_majority': 0.33587786259541985, 'run_time_millis': 3777.0405110204592, 'loss_mean': 0.6720482110977173}
Epoch 6 **** Loss 0.06605615466833115 **** Metrics validation: {'accuracy': 0.6368062317429406, 'f1_weighted': 0.6468287618967903, 'macro': 0.574125646336325, 'micro': 0.6368062317429406, 'binary': 0.41074249605055296, 'accuracy_majority': 0.6276315789473684, 'macro_majority': 0.563660560862941, 'binary_majority': 0.39658848614072495, 'run_time_millis': 5494.091098982608, 'loss_mean': 0.6175544857978821}
Epoch 7 **** Loss 0.026128366589546204 **** Metrics validation: {'accuracy': 0.6465433300876339, 'f1_weighted': 0.6547675478387629, 'macro': 0.5810721064217833, 'micro': 0.6465433300876339, 'binary': 0.41545893719806765, 'accuracy_majority': 0.6473684210526316, 'macro_majority': 0.5791422502500186, 'binary_majority': 0.40969162995594716, 'run_time_millis': 3785.7770830160007, 'loss_mean': 0.7681390047073364}
Epoch 8 **** Loss 0.10008755326271057 **** Metrics validation: {'accuracy': 0.6640701071080818, 'f1_weighted': 0.6656560903382451, 'macro': 0.5851233863177308, 'micro': 0.6640701071080818, 'binary': 0.4041450777202072, 'accuracy_majority': 0.6684210526315789, 'macro_majority': 0.5854545454545454, 'binary_majority': 0.39999999999999997, 'run_time_millis': 3787.161220010603, 'loss_mean': 0.897064745426178}
Epoch 9 **** Loss 0.05261770263314247 **** Metrics validation: {'accuracy': 0.6796494644595911, 'f1_weighted': 0.6692314824034182, 'macro': 0.5758781922137912, 'micro': 0.6796494644595911, 'binary': 0.3660886319845857, 'accuracy_majority': 0.6815789473684211, 'macro_majority': 0.5769191840189917, 'binary_majority': 0.36649214659685864, 'run_time_millis': 3791.6513419768307, 'loss_mean': 1.0582797527313232}
Evaluating
{'accuracy': 0.6796494644595911, 'f1_weighted': 0.6692314824034182, 'macro': 0.5758781922137912, 'micro': 0.6796494644595911, 'binary': 0.3660886319845857, 'accuracy_majority': 0.6815789473684211, 'macro_majority': 0.5769191840189917, 'binary_majority': 0.36649214659685864, 'run_time_millis': 5791.618002025643, 'loss_mean': 1.0582797527313232}
