Device cuda
Split type sit
Training Size: 120789, NTA labels 116163, YTA labels 4626
Validation Size: 40243, NTA labels 38656, YTA labels 1587
Test Size: 40378, NTA labels 38851, YTA labels 1527
Training with SBERT, model name is sbert
Tokenizing the dataset
Number of training steps 37750
Epoch 0 **** Loss 0.10033189505338669 **** Metrics validation: {'accuracy': 0.9574832890192083, 'f1_weighted': 0.9533948198434453, 'macro': 0.6658132944613675, 'micro': 0.9574832890192083, 'binary': 0.3536078579523989, 'accuracy_majority': 0.9711206896551724, 'macro_majority': 0.7245802879291252, 'binary_majority': 0.4640000000000001, 'run_time_millis': 18782.426325000415, 'loss_mean': 0.06607070565223694}
Epoch 1 **** Loss 0.029514193534851074 **** Metrics validation: {'accuracy': 0.9612603434137614, 'f1_weighted': 0.9543082909762761, 'macro': 0.6536016027555758, 'micro': 0.9612603434137614, 'binary': 0.3271471730686232, 'accuracy_majority': 0.9756034482758621, 'macro_majority': 0.727279652750934, 'binary_majority': 0.46704331450094166, 'run_time_millis': 18235.494950999964, 'loss_mean': 0.06741724163293839}
Epoch 2 **** Loss 0.028087535873055458 **** Metrics validation: {'accuracy': 0.9581790621971523, 'f1_weighted': 0.9543944483844834, 'macro': 0.6743707968439054, 'micro': 0.9581790621971523, 'binary': 0.37037037037037035, 'accuracy_majority': 0.9721551724137931, 'macro_majority': 0.7369012190753779, 'binary_majority': 0.48811410459587956, 'run_time_millis': 18712.472954000077, 'loss_mean': 0.06721179187297821}
Epoch 3 **** Loss 0.052978385239839554 **** Metrics validation: {'accuracy': 0.9606391173620257, 'f1_weighted': 0.953632390092208, 'macro': 0.6487821868470547, 'micro': 0.9606391173620257, 'binary': 0.3178294573643411, 'accuracy_majority': 0.9745689655172414, 'macro_majority': 0.7157155390866626, 'binary_majority': 0.4444444444444444, 'run_time_millis': 17773.356759999842, 'loss_mean': 0.0741996094584465}
Epoch 4 **** Loss 0.022224590182304382 **** Metrics validation: {'accuracy': 0.958452401659916, 'f1_weighted': 0.9539431297815685, 'macro': 0.6667366018460669, 'micro': 0.958452401659916, 'binary': 0.35493827160493824, 'accuracy_majority': 0.9725, 'macro_majority': 0.7301725811912263, 'binary_majority': 0.4744645799011532, 'run_time_millis': 18600.78711299957, 'loss_mean': 0.07893739640712738}
Epoch 5 **** Loss 0.014452148228883743 **** Metrics validation: {'accuracy': 0.9568372139254032, 'f1_weighted': 0.9532255057633242, 'macro': 0.6677619452940066, 'micro': 0.9568372139254032, 'binary': 0.35785582255083176, 'accuracy_majority': 0.9706896551724138, 'macro_majority': 0.7260075267344126, 'binary_majority': 0.4670846394984326, 'run_time_millis': 18683.065881000402, 'loss_mean': 0.0870891809463501}
Epoch 6 **** Loss 0.005775110330432653 **** Metrics validation: {'accuracy': 0.9563153840419452, 'f1_weighted': 0.9532782352206001, 'macro': 0.6718180610744882, 'micro': 0.9563153840419452, 'binary': 0.3662581110310022, 'accuracy_majority': 0.9702586206896552, 'macro_majority': 0.7305870355007793, 'binary_majority': 0.4764795144157815, 'run_time_millis': 18633.596577999924, 'loss_mean': 0.09358957409858704}
Epoch 7 **** Loss 0.033766549080610275 **** Metrics validation: {'accuracy': 0.9570111572198892, 'f1_weighted': 0.9532408141837959, 'macro': 0.6668415395835208, 'micro': 0.9570111572198892, 'binary': 0.3559195830230827, 'accuracy_majority': 0.970948275862069, 'macro_majority': 0.7263406121326202, 'binary_majority': 0.4676145339652449, 'run_time_millis': 18672.481818999586, 'loss_mean': 0.10677876323461533}
Epoch 8 **** Loss 0.007203263230621815 **** Metrics validation: {'accuracy': 0.9563402330840146, 'f1_weighted': 0.9530311867549048, 'macro': 0.6684301696463837, 'micro': 0.9563402330840146, 'binary': 0.3594604447685016, 'accuracy_majority': 0.9704310344827586, 'macro_majority': 0.7289534809974169, 'binary_majority': 0.4731182795698925, 'run_time_millis': 18810.96888799948, 'loss_mean': 0.11266833543777466}
Epoch 9 **** Loss 0.04683346673846245 **** Metrics validation: {'accuracy': 0.9569863081778197, 'f1_weighted': 0.9532413152022338, 'macro': 0.6670080273424557, 'micro': 0.9569863081778197, 'binary': 0.35626626998884336, 'accuracy_majority': 0.9707758620689655, 'macro_majority': 0.7255592330816836, 'binary_majority': 0.46614173228346456, 'run_time_millis': 16280.241275999288, 'loss_mean': 0.1160959005355835}
Evaluating
{'accuracy': 0.9581790621971523, 'f1_weighted': 0.9543944483844834, 'macro': 0.6743707968439054, 'micro': 0.9581790621971523, 'binary': 0.37037037037037035, 'accuracy_majority': 0.9721551724137931, 'macro_majority': 0.7369012190753779, 'binary_majority': 0.48811410459587956, 'run_time_millis': 17495.346898000207, 'loss_mean': 0.06721179187297821}
