Device cuda
Split type sit
Training Size: 5418, NTA labels 4556, YTA labels 862
Validation Size: 2247, NTA labels 1892, YTA labels 355
Test Size: 2229, NTA labels 1889, YTA labels 340
Training with SBERT, model name is sbert
Tokenizing the dataset
Number of training steps 1700
Epoch 0 **** Loss 0.23126275837421417 **** Metrics validation: {'accuracy': 0.9167779261237206, 'f1_weighted': 0.920270717259795, 'macro': 0.8571128351874805, 'micro': 0.9167779261237206, 'binary': 0.7647798742138364, 'accuracy_majority': 0.9296296296296296, 'macro_majority': 0.8799716112192878, 'binary_majority': 0.8027681660899655, 'run_time_millis': 3958.8458749931306, 'loss_mean': 0.08768794685602188}
Epoch 1 **** Loss 0.012978741899132729 **** Metrics validation: {'accuracy': 0.9123275478415666, 'f1_weighted': 0.9175204026114918, 'macro': 0.8556489469419167, 'micro': 0.9123275478415666, 'binary': 0.7651966626936829, 'accuracy_majority': 0.9259259259259259, 'macro_majority': 0.879129734085415, 'binary_majority': 0.803921568627451, 'run_time_millis': 3650.0101030105725, 'loss_mean': 0.07315148413181305}
Epoch 2 **** Loss 0.0060637230053544044 **** Metrics validation: {'accuracy': 0.9194481530930129, 'f1_weighted': 0.9236138624198895, 'macro': 0.8648735391592535, 'micro': 0.919448153093013, 'binary': 0.7789987789987789, 'accuracy_majority': 0.9345679012345679, 'macro_majority': 0.8907441764584623, 'binary_majority': 0.8215488215488216, 'run_time_millis': 3942.8376629948616, 'loss_mean': 0.0851505920290947}
Epoch 3 **** Loss 0.01118258386850357 **** Metrics validation: {'accuracy': 0.9181130396083668, 'f1_weighted': 0.9223158706232502, 'macro': 0.8625033588651426, 'micro': 0.9181130396083668, 'binary': 0.7750611246943766, 'accuracy_majority': 0.9308641975308642, 'macro_majority': 0.884257369151629, 'binary_majority': 0.8108108108108109, 'run_time_millis': 3934.85513899941, 'loss_mean': 0.0949430763721466}
Epoch 4 **** Loss 0.002752978354692459 **** Metrics validation: {'accuracy': 0.9114374721851357, 'f1_weighted': 0.9174221459372164, 'macro': 0.8573015998133748, 'micro': 0.9114374721851357, 'binary': 0.7694090382387022, 'accuracy_majority': 0.9271604938271605, 'macro_majority': 0.8837438423645321, 'binary_majority': 0.8126984126984127, 'run_time_millis': 3942.8139730007388, 'loss_mean': 0.08344091475009918}
Epoch 5 **** Loss 0.000325641012750566 **** Metrics validation: {'accuracy': 0.9336893635959056, 'f1_weighted': 0.9363592906393604, 'macro': 0.885696600938249, 'micro': 0.9336893635959056, 'binary': 0.811630847029077, 'accuracy_majority': 0.9469135802469136, 'macro_majority': 0.9099392613623141, 'binary_majority': 0.852233676975945, 'run_time_millis': 3031.445631000679, 'loss_mean': 0.13331109285354614}
Epoch 6 **** Loss 0.00041130525642074645 **** Metrics validation: {'accuracy': 0.9296840231419671, 'f1_weighted': 0.9330701727493782, 'macro': 0.881025053283468, 'micro': 0.9296840231419671, 'binary': 0.8049382716049382, 'accuracy_majority': 0.9382716049382716, 'macro_majority': 0.8982504095106976, 'binary_majority': 0.8344370860927153, 'run_time_millis': 3514.104879985098, 'loss_mean': 0.13349205255508423}
Epoch 7 **** Loss 0.013093268498778343 **** Metrics validation: {'accuracy': 0.9283489096573209, 'f1_weighted': 0.9316541811177288, 'macro': 0.878178368121442, 'micro': 0.9283489096573209, 'binary': 0.7999999999999998, 'accuracy_majority': 0.937037037037037, 'macro_majority': 0.8959495641266539, 'binary_majority': 0.8305647840531561, 'run_time_millis': 3944.2141319741495, 'loss_mean': 0.12869104743003845}
Epoch 8 **** Loss 0.05014380067586899 **** Metrics validation: {'accuracy': 0.9421450823319982, 'f1_weighted': 0.9438253508565899, 'macro': 0.8977079808155627, 'micro': 0.9421450823319982, 'binary': 0.8302872062663186, 'accuracy_majority': 0.9506172839506173, 'macro_majority': 0.9150774263218042, 'binary_majority': 0.8601398601398602, 'run_time_millis': 2937.3491239966825, 'loss_mean': 0.14915266633033752}
Epoch 9 **** Loss 0.02662455476820469 **** Metrics validation: {'accuracy': 0.9417000445037829, 'f1_weighted': 0.9434205261246204, 'macro': 0.8970278901381756, 'micro': 0.9417000445037829, 'binary': 0.8292046936114732, 'accuracy_majority': 0.9481481481481482, 'macro_majority': 0.9113175675675675, 'binary_majority': 0.8541666666666667, 'run_time_millis': 4020.0221019913442, 'loss_mean': 0.15144623816013336}
Evaluating
{'accuracy': 0.9421450823319982, 'f1_weighted': 0.9438253508565899, 'macro': 0.8977079808155627, 'micro': 0.9421450823319982, 'binary': 0.8302872062663186, 'accuracy_majority': 0.9506172839506173, 'macro_majority': 0.9150774263218042, 'binary_majority': 0.8601398601398602, 'run_time_millis': 3790.7868669717573, 'loss_mean': 0.14915266633033752}
Device cuda
Split type sit
Training Size: 6027, NTA labels 5094, YTA labels 933
Validation Size: 2247, NTA labels 1892, YTA labels 355
Test Size: 2229, NTA labels 1889, YTA labels 340
Training with SBERT, model name is sbert
Tokenizing the dataset
Number of training steps 1890
Epoch 0 **** Loss 0.13851135969161987 **** Metrics validation: {'accuracy': 0.9069870939029817, 'f1_weighted': 0.9107321593531968, 'macro': 0.8396683865509669, 'micro': 0.9069870939029817, 'binary': 0.7357774968394438, 'accuracy_majority': 0.9160493827160494, 'macro_majority': 0.856418918918919, 'binary_majority': 0.763888888888889, 'run_time_millis': 2987.520611961372, 'loss_mean': 0.09890937805175781}
Epoch 1 **** Loss 0.09963925182819366 **** Metrics validation: {'accuracy': 0.8793947485536271, 'f1_weighted': 0.8897138588813739, 'macro': 0.8152515463285713, 'micro': 0.8793947485536271, 'binary': 0.7063921993499458, 'accuracy_majority': 0.8901234567901235, 'macro_majority': 0.8339930778636713, 'binary_majority': 0.7374631268436578, 'run_time_millis': 2635.7759220409207, 'loss_mean': 0.08624818921089172}
Epoch 2 **** Loss 0.08787988871335983 **** Metrics validation: {'accuracy': 0.8931909212283045, 'f1_weighted': 0.9016419345004368, 'macro': 0.8332776850306065, 'micro': 0.8931909212283045, 'binary': 0.7333333333333334, 'accuracy_majority': 0.9024691358024691, 'macro_majority': 0.8513502526279111, 'binary_majority': 0.764179104477612, 'run_time_millis': 3933.779596001841, 'loss_mean': 0.07655593007802963}
Epoch 3 **** Loss 0.0046994746662676334 **** Metrics validation: {'accuracy': 0.9225634178905207, 'f1_weighted': 0.9261671743640332, 'macro': 0.868469531657902, 'micro': 0.9225634178905207, 'binary': 0.7841191066997518, 'accuracy_majority': 0.9345679012345679, 'macro_majority': 0.8907441764584623, 'binary_majority': 0.8215488215488216, 'run_time_millis': 1905.9426269959658, 'loss_mean': 0.13108840584754944}
Epoch 4 **** Loss 0.0054397727362811565 **** Metrics validation: {'accuracy': 0.9301290609701824, 'f1_weighted': 0.9326369765644754, 'macro': 0.8783459023612576, 'micro': 0.9301290609701824, 'binary': 0.7989756722151089, 'accuracy_majority': 0.9308641975308642, 'macro_majority': 0.884257369151629, 'binary_majority': 0.8108108108108109, 'run_time_millis': 3975.922038021963, 'loss_mean': 0.10439570248126984}
Epoch 5 **** Loss 0.03955984488129616 **** Metrics validation: {'accuracy': 0.9332443257676902, 'f1_weighted': 0.9352454787184489, 'macro': 0.8822149255233495, 'micro': 0.9332443257676902, 'binary': 0.8046875, 'accuracy_majority': 0.9382716049382716, 'macro_majority': 0.8949961109670728, 'binary_majority': 0.8275862068965516, 'run_time_millis': 2691.596556978766, 'loss_mean': 0.14711570739746094}
Epoch 6 **** Loss 0.10154413431882858 **** Metrics validation: {'accuracy': 0.9354695149087673, 'f1_weighted': 0.9373738647944273, 'macro': 0.8860232371758433, 'micro': 0.9354695149087673, 'binary': 0.8109517601043026, 'accuracy_majority': 0.9419753086419753, 'macro_majority': 0.9026031339942437, 'binary_majority': 0.8406779661016949, 'run_time_millis': 1937.3857079772279, 'loss_mean': 0.12602268159389496}
Epoch 7 **** Loss 0.06658783555030823 **** Metrics validation: {'accuracy': 0.9336893635959056, 'f1_weighted': 0.934870252642275, 'macro': 0.8798694506947092, 'micro': 0.9336893635959056, 'binary': 0.7994616419919245, 'accuracy_majority': 0.9345679012345679, 'macro_majority': 0.8883946560460043, 'binary_majority': 0.8166089965397924, 'run_time_millis': 3546.4319700258784, 'loss_mean': 0.16072770953178406}
Epoch 8 **** Loss 0.001345535391010344 **** Metrics validation: {'accuracy': 0.9345794392523364, 'f1_weighted': 0.935744477439023, 'macro': 0.8814819412894113, 'micro': 0.9345794392523366, 'binary': 0.8021534320323015, 'accuracy_majority': 0.937037037037037, 'macro_majority': 0.8920200433383607, 'binary_majority': 0.8222996515679442, 'run_time_millis': 3953.9132429636084, 'loss_mean': 0.17878541350364685}
Epoch 9 **** Loss 0.002446115016937256 **** Metrics validation: {'accuracy': 0.9354695149087673, 'f1_weighted': 0.9364864890015906, 'macro': 0.8825868620819513, 'micro': 0.9354695149087673, 'binary': 0.803788903924222, 'accuracy_majority': 0.9407407407407408, 'macro_majority': 0.8975288858901914, 'binary_majority': 0.8309859154929576, 'run_time_millis': 3299.558339989744, 'loss_mean': 0.18047906458377838}
Evaluating
{'accuracy': 0.9354695149087673, 'f1_weighted': 0.9373738647944273, 'macro': 0.8860232371758433, 'micro': 0.9354695149087673, 'binary': 0.8109517601043026, 'accuracy_majority': 0.9419753086419753, 'macro_majority': 0.9026031339942437, 'binary_majority': 0.8406779661016949, 'run_time_millis': 2878.7114300066605, 'loss_mean': 0.12602268159389496}
