______________________________	 Running Epoch 1 of 10 	______________________________
[Training] Itteration/Batch:   0/631: Loss: 1.92 | Accuracy: 0.51
[Training] Itteration/Batch:  25/631: Loss: 5.32 | Accuracy: 0.58
[Training] Itteration/Batch:  50/631: Loss: 3.10 | Accuracy: 0.67
[Training] Itteration/Batch:  75/631: Loss: 3.64 | Accuracy: 0.46
[Training] Itteration/Batch: 100/631: Loss: 5.37 | Accuracy: 0.48
[Training] Itteration/Batch: 125/631: Loss: 1.90 | Accuracy: 0.72
[Training] Itteration/Batch: 150/631: Loss: 2.59 | Accuracy: 0.64
[Training] Itteration/Batch: 175/631: Loss: 6.44 | Accuracy: 0.62
[Training] Itteration/Batch: 200/631: Loss: 10.65 | Accuracy: 0.38
[Training] Itteration/Batch: 225/631: Loss: 2.00 | Accuracy: 0.70
[Training] Itteration/Batch: 250/631: Loss: 2.13 | Accuracy: 0.65
[Training] Itteration/Batch: 275/631: Loss: 4.78 | Accuracy: 0.55
[Training] Itteration/Batch: 300/631: Loss: 2.92 | Accuracy: 0.63
[Training] Itteration/Batch: 325/631: Loss: 1.89 | Accuracy: 0.76
[Training] Itteration/Batch: 350/631: Loss: 3.50 | Accuracy: 0.75
[Training] Itteration/Batch: 375/631: Loss: 3.32 | Accuracy: 0.70
[Training] Itteration/Batch: 400/631: Loss: 2.86 | Accuracy: 0.66
[Training] Itteration/Batch: 425/631: Loss: 5.78 | Accuracy: 0.66
[Training] Itteration/Batch: 450/631: Loss: 2.52 | Accuracy: 0.70
[Training] Itteration/Batch: 475/631: Loss: 1.92 | Accuracy: 0.52
[Training] Itteration/Batch: 500/631: Loss: 4.65 | Accuracy: 0.84
[Training] Itteration/Batch: 525/631: Loss: 3.00 | Accuracy: 0.83
[Training] Itteration/Batch: 550/631: Loss: 2.32 | Accuracy: 0.88
[Training] Itteration/Batch: 575/631: Loss: 2.89 | Accuracy: 0.66
[Training] Itteration/Batch: 600/631: Loss: 2.38 | Accuracy: 0.57
[Training] Itteration/Batch: 625/631: Loss: 3.03 | Accuracy: 0.70

Epoch 1: Val Bin. F1 Majority 0.0 | Val Macro F1 Majority 0.415935295129926 |             Val Bin F1 Individual 0.2930380702018738 | Val Macro F1 Individual 0.5482396105524218 |             Val Accuracy Majority 0.7121390700340271 | Val Accuracy Individual 0.6924041509628296 | Training Loss:3.1830196380615234 |             Val Loss 3.0121870040893555 | Train Runtime Millis 736269.1247920739 | Val Runtime Millis 137262.98130699433

______________________________	 Running Epoch 2 of 10 	______________________________
[Training] Itteration/Batch:   0/631: Loss: 2.89 | Accuracy: 0.74
[Training] Itteration/Batch:  25/631: Loss: 3.49 | Accuracy: 0.61
[Training] Itteration/Batch:  50/631: Loss: 1.99 | Accuracy: 0.67
[Training] Itteration/Batch:  75/631: Loss: 2.33 | Accuracy: 0.67
[Training] Itteration/Batch: 100/631: Loss: 4.40 | Accuracy: 0.85
[Training] Itteration/Batch: 125/631: Loss: 3.45 | Accuracy: 0.61
[Training] Itteration/Batch: 150/631: Loss: 2.62 | Accuracy: 0.59
[Training] Itteration/Batch: 175/631: Loss: 4.75 | Accuracy: 0.65
[Training] Itteration/Batch: 200/631: Loss: 3.42 | Accuracy: 0.43
[Training] Itteration/Batch: 225/631: Loss: 2.41 | Accuracy: 0.83
[Training] Itteration/Batch: 250/631: Loss: 1.17 | Accuracy: 0.88
[Training] Itteration/Batch: 275/631: Loss: 2.60 | Accuracy: 0.92
[Training] Itteration/Batch: 300/631: Loss: 3.14 | Accuracy: 0.76
[Training] Itteration/Batch: 325/631: Loss: 2.05 | Accuracy: 0.69
[Training] Itteration/Batch: 350/631: Loss: 2.63 | Accuracy: 0.69
[Training] Itteration/Batch: 375/631: Loss: 2.36 | Accuracy: 0.65
[Training] Itteration/Batch: 400/631: Loss: 2.95 | Accuracy: 0.69
[Training] Itteration/Batch: 425/631: Loss: 1.55 | Accuracy: 0.81
[Training] Itteration/Batch: 450/631: Loss: 1.75 | Accuracy: 0.71
[Training] Itteration/Batch: 475/631: Loss: 5.10 | Accuracy: 0.62
[Training] Itteration/Batch: 500/631: Loss: 1.96 | Accuracy: 0.73
[Training] Itteration/Batch: 525/631: Loss: 3.53 | Accuracy: 0.69
[Training] Itteration/Batch: 550/631: Loss: 1.69 | Accuracy: 0.60
[Training] Itteration/Batch: 575/631: Loss: 1.80 | Accuracy: 0.86
[Training] Itteration/Batch: 600/631: Loss: 4.16 | Accuracy: 0.74
[Training] Itteration/Batch: 625/631: Loss: 5.29 | Accuracy: 0.57

Epoch 2: Val Bin. F1 Majority 0.002044989727437496 | Val Macro F1 Majority 0.417029379569109 |             Val Bin F1 Individual 0.3022460341453552 | Val Macro F1 Individual 0.5516657744160811 |             Val Accuracy Majority 0.7124336957931519 | Val Accuracy Individual 0.6904243230819702 | Training Loss:3.060929536819458 |             Val Loss 2.9952309131622314 | Train Runtime Millis 741797.6644929731 | Val Runtime Millis 136840.4934600694

______________________________	 Running Epoch 3 of 10 	______________________________
[Training] Itteration/Batch:   0/631: Loss: 1.19 | Accuracy: 0.87
[Training] Itteration/Batch:  25/631: Loss: 4.46 | Accuracy: 0.59
[Training] Itteration/Batch:  50/631: Loss: 2.62 | Accuracy: 0.75
[Training] Itteration/Batch:  75/631: Loss: 1.92 | Accuracy: 0.80
[Training] Itteration/Batch: 100/631: Loss: 3.42 | Accuracy: 0.78
[Training] Itteration/Batch: 125/631: Loss: 1.73 | Accuracy: 0.56
[Training] Itteration/Batch: 150/631: Loss: 2.38 | Accuracy: 0.82
[Training] Itteration/Batch: 175/631: Loss: 3.11 | Accuracy: 0.48
[Training] Itteration/Batch: 200/631: Loss: 1.16 | Accuracy: 0.82
[Training] Itteration/Batch: 225/631: Loss: 1.80 | Accuracy: 0.77
[Training] Itteration/Batch: 250/631: Loss: 2.17 | Accuracy: 0.62
[Training] Itteration/Batch: 275/631: Loss: 3.71 | Accuracy: 0.71
[Training] Itteration/Batch: 300/631: Loss: 3.27 | Accuracy: 0.47
[Training] Itteration/Batch: 325/631: Loss: 4.14 | Accuracy: 0.49
[Training] Itteration/Batch: 350/631: Loss: 0.93 | Accuracy: 0.86
[Training] Itteration/Batch: 375/631: Loss: 3.71 | Accuracy: 0.63
[Training] Itteration/Batch: 400/631: Loss: 2.59 | Accuracy: 0.86
[Training] Itteration/Batch: 425/631: Loss: 2.78 | Accuracy: 0.72
[Training] Itteration/Batch: 450/631: Loss: 2.58 | Accuracy: 0.81
[Training] Itteration/Batch: 475/631: Loss: 3.58 | Accuracy: 0.63
[Training] Itteration/Batch: 500/631: Loss: 3.43 | Accuracy: 0.75
[Training] Itteration/Batch: 525/631: Loss: 1.84 | Accuracy: 0.78
[Training] Itteration/Batch: 550/631: Loss: 2.28 | Accuracy: 0.75
[Training] Itteration/Batch: 575/631: Loss: 2.08 | Accuracy: 0.74
[Training] Itteration/Batch: 600/631: Loss: 3.76 | Accuracy: 0.71
[Training] Itteration/Batch: 625/631: Loss: 2.84 | Accuracy: 0.55

Epoch 3: Val Bin. F1 Majority 0.3395196497440338 | Val Macro F1 Majority 0.5476855718973253 |             Val Bin F1 Individual 0.37053823471069336 | Val Macro F1 Individual 0.5559688099094885 |             Val Accuracy Majority 0.6434885263442993 | Val Accuracy Individual 0.6334059238433838 | Training Loss:2.8524346351623535 |             Val Loss 3.117274522781372 | Train Runtime Millis 749413.6339869583 | Val Runtime Millis 138143.46727204975

