Device cuda
Split type sit
Training Size: 90766, NTA labels 88579, YTA labels 2187
Validation Size: 30163, NTA labels 29468, YTA labels 695
Test Size: 30328, NTA labels 29587, YTA labels 741
Training with SBERT, model name is sbert
Tokenizing the dataset
Number of training steps 28370
Epoch 0 **** Loss 0.002878716913983226 **** Metrics validation: {'accuracy': 0.9701621191526042, 'f1_weighted': 0.9725634895027927, 'macro': 0.722220630495635, 'micro': 0.9701621191526042, 'binary': 0.4597839135654262, 'accuracy_majority': 0.9719512195121951, 'macro_majority': 0.7560090822684551, 'binary_majority': 0.5264705882352942, 'run_time_millis': 13290.301713976078, 'loss_mean': 0.036534570157527924}
Epoch 1 **** Loss 0.04255788400769234 **** Metrics validation: {'accuracy': 0.9627358021416967, 'f1_weighted': 0.9682970874965111, 'macro': 0.7110384644835313, 'micro': 0.9627358021416967, 'binary': 0.4413518886679921, 'accuracy_majority': 0.962630662020906, 'macro_majority': 0.7340318068563232, 'binary_majority': 0.4874551971326165, 'run_time_millis': 13280.101497948635, 'loss_mean': 0.0333072729408741}
Epoch 2 **** Loss 0.019119590520858765 **** Metrics validation: {'accuracy': 0.9556410171402049, 'f1_weighted': 0.9639918923564668, 'macro': 0.6958225479396054, 'micro': 0.9556410171402049, 'binary': 0.4146981627296588, 'accuracy_majority': 0.9553135888501743, 'macro_majority': 0.715189088312884, 'binary_majority': 0.45367412140575075, 'run_time_millis': 13289.432994963136, 'loss_mean': 0.03712807595729828}
Epoch 3 **** Loss 0.003775760531425476 **** Metrics validation: {'accuracy': 0.9569339919769254, 'f1_weighted': 0.9647731041088807, 'macro': 0.6984746703748175, 'micro': 0.9569339919769254, 'binary': 0.4193115780062584, 'accuracy_majority': 0.9547038327526133, 'macro_majority': 0.7104169189167373, 'binary_majority': 0.4444444444444445, 'run_time_millis': 13279.37046601437, 'loss_mean': 0.041704509407281876}
Epoch 4 **** Loss 0.005718671251088381 **** Metrics validation: {'accuracy': 0.9585253456221198, 'f1_weighted': 0.9657069397228208, 'macro': 0.7011281854853417, 'micro': 0.9585253456221198, 'binary': 0.42376784891754954, 'accuracy_majority': 0.9583623693379791, 'macro_majority': 0.7230198999822125, 'binary_majority': 0.46770601336302886, 'run_time_millis': 13261.642736964859, 'loss_mean': 0.05541505664587021}
Epoch 5 **** Loss 0.007581901270896196 **** Metrics validation: {'accuracy': 0.9565030003646852, 'f1_weighted': 0.9644375231957826, 'macro': 0.6958492579967634, 'micro': 0.9565030003646852, 'binary': 0.41428571428571426, 'accuracy_majority': 0.9549651567944251, 'macro_majority': 0.7129683404634719, 'binary_majority': 0.4494142705005325, 'run_time_millis': 13291.609856998548, 'loss_mean': 0.058399636298418045}
Epoch 6 **** Loss 0.0007469156989827752 **** Metrics validation: {'accuracy': 0.962271657328515, 'f1_weighted': 0.9680599693162355, 'macro': 0.711042838417043, 'micro': 0.962271657328515, 'binary': 0.44160942100098133, 'accuracy_majority': 0.9608885017421602, 'macro_majority': 0.7266560999202907, 'binary_majority': 0.4736225087924971, 'run_time_millis': 13282.507153984625, 'loss_mean': 0.06819429248571396}
Epoch 7 **** Loss 0.015962669625878334 **** Metrics validation: {'accuracy': 0.9652885986141962, 'f1_weighted': 0.9700149050503412, 'macro': 0.7204919415875787, 'micro': 0.9652885986141962, 'binary': 0.4589147286821706, 'accuracy_majority': 0.9647212543554007, 'macro_majority': 0.7411656364564645, 'binary_majority': 0.5006165228113441, 'run_time_millis': 11376.144772977568, 'loss_mean': 0.07739172875881195}
Epoch 8 **** Loss 0.026376405730843544 **** Metrics validation: {'accuracy': 0.9678745482876372, 'f1_weighted': 0.9715061022696705, 'macro': 0.7244831643854084, 'micro': 0.9678745482876372, 'binary': 0.465526751241037, 'accuracy_majority': 0.9662891986062718, 'macro_majority': 0.739654761103199, 'binary_majority': 0.49674902470741217, 'run_time_millis': 13281.81867301464, 'loss_mean': 0.08234458416700363}
Epoch 9 **** Loss 0.0069200461730360985 **** Metrics validation: {'accuracy': 0.9678745482876372, 'f1_weighted': 0.9714799775654981, 'macro': 0.7238928257471409, 'micro': 0.9678745482876372, 'binary': 0.46434494195688225, 'accuracy_majority': 0.9664634146341463, 'macro_majority': 0.7410002145341903, 'binary_majority': 0.49934980494148246, 'run_time_millis': 13282.719095994253, 'loss_mean': 0.0865497887134552}
Evaluating
{'accuracy': 0.9701621191526042, 'f1_weighted': 0.9725634895027927, 'macro': 0.722220630495635, 'micro': 0.9701621191526042, 'binary': 0.4597839135654262, 'accuracy_majority': 0.9719512195121951, 'macro_majority': 0.7560090822684551, 'binary_majority': 0.5264705882352942, 'run_time_millis': 11230.592053965665, 'loss_mean': 0.036534570157527924}
