Device cuda
Split type sit
Training Size: 34077, NTA labels 32436, YTA labels 1641
Validation Size: 11446, NTA labels 10876, YTA labels 570
Test Size: 11408, NTA labels 10878, YTA labels 530
Training with SBERT, model name is sbert
Tokenizing the dataset
Number of training steps 10650
Epoch 0 **** Loss 0.037409041076898575 **** Metrics validation: {'accuracy': 0.8472828935872794, 'f1_weighted': 0.8847376132276314, 'macro': 0.6217891523192749, 'micro': 0.8472828935872794, 'binary': 0.32975460122699385, 'accuracy_majority': 0.8516825396825397, 'macro_majority': 0.6469316913008389, 'binary_majority': 0.3780617678381256, 'run_time_millis': 7197.086493950337, 'loss_mean': 0.06491626799106598}
Epoch 1 **** Loss 0.034312281757593155 **** Metrics validation: {'accuracy': 0.9059933601258081, 'f1_weighted': 0.9213214004499592, 'macro': 0.6705741249250388, 'micro': 0.9059933601258081, 'binary': 0.392090395480226, 'accuracy_majority': 0.9069206349206349, 'macro_majority': 0.6937849870495697, 'binary_majority': 0.4383141762452107, 'run_time_millis': 7116.332303034142, 'loss_mean': 0.06225207820534706}
Epoch 2 **** Loss 0.13006959855556488 **** Metrics validation: {'accuracy': 0.9071291280796785, 'f1_weighted': 0.9218393714649855, 'macro': 0.6695868451272572, 'micro': 0.9071291280796785, 'binary': 0.38943136128661693, 'accuracy_majority': 0.9067936507936508, 'macro_majority': 0.691862909873906, 'binary_majority': 0.4345146379044684, 'run_time_millis': 7073.0683479923755, 'loss_mean': 0.06709419935941696}
Epoch 3 **** Loss 0.11945366114377975 **** Metrics validation: {'accuracy': 0.9063428271885374, 'f1_weighted': 0.9217020775192726, 'macro': 0.6728146028202857, 'micro': 0.9063428271885374, 'binary': 0.39639639639639646, 'accuracy_majority': 0.9060317460317461, 'macro_majority': 0.6948956713352821, 'binary_majority': 0.44108761329305135, 'run_time_millis': 7059.746021986939, 'loss_mean': 0.06995663791894913}
Epoch 4 **** Loss 0.02195294387638569 **** Metrics validation: {'accuracy': 0.9017997553730561, 'f1_weighted': 0.9190146972052607, 'macro': 0.6698332498419137, 'micro': 0.9017997553730561, 'binary': 0.3930885529157668, 'accuracy_majority': 0.901079365079365, 'macro_majority': 0.692460366696881, 'binary_majority': 0.4391648668106551, 'run_time_millis': 7350.336523959413, 'loss_mean': 0.07641198486089706}
Epoch 5 **** Loss 0.041235074400901794 **** Metrics validation: {'accuracy': 0.9091385636903722, 'f1_weighted': 0.923274708104293, 'macro': 0.6738104883613667, 'micro': 0.9091385636903722, 'binary': 0.3967517401392111, 'accuracy_majority': 0.9088253968253969, 'macro_majority': 0.6990018631887144, 'binary_majority': 0.44769230769230767, 'run_time_millis': 7076.704452978447, 'loss_mean': 0.09269528836011887}
Epoch 6 **** Loss 0.03949442505836487 **** Metrics validation: {'accuracy': 0.9065175607199022, 'f1_weighted': 0.921611858743192, 'macro': 0.6707056725689605, 'micro': 0.9065175607199022, 'binary': 0.39204545454545464, 'accuracy_majority': 0.9052698412698412, 'macro_majority': 0.6932632415670169, 'binary_majority': 0.4382530120481928, 'run_time_millis': 7053.595306002535, 'loss_mean': 0.09781399369239807}
Epoch 7 **** Loss 0.03647030517458916 **** Metrics validation: {'accuracy': 0.9170015726017823, 'f1_weighted': 0.9277354163196867, 'macro': 0.6774571508067353, 'micro': 0.9170015726017823, 'binary': 0.3994943109987357, 'accuracy_majority': 0.9149206349206349, 'macro_majority': 0.6987304109816811, 'binary_majority': 0.4435215946843853, 'run_time_millis': 7062.180993962102, 'loss_mean': 0.11099541187286377}
Epoch 8 **** Loss 0.03544330596923828 **** Metrics validation: {'accuracy': 0.9165647387733706, 'f1_weighted': 0.9275406686936691, 'macro': 0.6778322056504131, 'micro': 0.9165647387733706, 'binary': 0.4005021971123666, 'accuracy_majority': 0.9145396825396825, 'macro_majority': 0.6989858252489716, 'binary_majority': 0.444260941370768, 'run_time_millis': 7075.152050994802, 'loss_mean': 0.11544587463140488}
Epoch 9 **** Loss 0.04634172096848488 **** Metrics validation: {'accuracy': 0.9128079678490302, 'f1_weighted': 0.9252364016535558, 'macro': 0.6740845608899464, 'micro': 0.9128079678490303, 'binary': 0.3951515151515152, 'accuracy_majority': 0.9108571428571428, 'macro_majority': 0.6954383264057133, 'binary_majority': 0.43929712460063897, 'run_time_millis': 7046.111319970805, 'loss_mean': 0.11417374014854431}
Evaluating
{'accuracy': 0.9170015726017823, 'f1_weighted': 0.9277354163196867, 'macro': 0.6774571508067353, 'micro': 0.9170015726017823, 'binary': 0.3994943109987357, 'accuracy_majority': 0.9149206349206349, 'macro_majority': 0.6987304109816811, 'binary_majority': 0.4435215946843853, 'run_time_millis': 7081.141306029167, 'loss_mean': 0.11099541187286377}
