______________________________	 Running Epoch 1 of 10 	______________________________
[Training] Itteration/Batch:   0/347: Loss: 0.80 | Accuracy: 0.31
[Training] Itteration/Batch:  25/347: Loss: 0.62 | Accuracy: 0.75
[Training] Itteration/Batch:  50/347: Loss: 0.59 | Accuracy: 0.75
[Training] Itteration/Batch:  75/347: Loss: 0.80 | Accuracy: 0.50
[Training] Itteration/Batch: 100/347: Loss: 0.58 | Accuracy: 0.81
[Training] Itteration/Batch: 125/347: Loss: 0.56 | Accuracy: 0.81
[Training] Itteration/Batch: 150/347: Loss: 0.95 | Accuracy: 0.50
[Training] Itteration/Batch: 175/347: Loss: 0.61 | Accuracy: 0.81
[Training] Itteration/Batch: 200/347: Loss: 0.75 | Accuracy: 0.62
[Training] Itteration/Batch: 225/347: Loss: 0.71 | Accuracy: 0.69
[Training] Itteration/Batch: 250/347: Loss: 0.84 | Accuracy: 0.50
[Training] Itteration/Batch: 275/347: Loss: 0.75 | Accuracy: 0.56
[Training] Itteration/Batch: 300/347: Loss: 0.61 | Accuracy: 0.75
[Training] Itteration/Batch: 325/347: Loss: 0.55 | Accuracy: 0.81

Epoch 1: Val Bin. F1 Majority 0.2335958033800125 | Val Macro F1 Majority 0.513908541559155 |             Val Bin F1 Individual 0.28158843517303467 | Val Macro F1 Individual 0.5460864377996826 |             Val Accuracy Majority 0.6755555272102356 | Val Accuracy Individual 0.7002109289169312 | Training Loss:0.6716263890266418 |             Val Loss 0.648043155670166 | Train Runtime Millis 22485.929735936224 | Val Runtime Millis 3311.3032749388367

______________________________	 Running Epoch 2 of 10 	______________________________
[Training] Itteration/Batch:   0/347: Loss: 0.61 | Accuracy: 0.62
[Training] Itteration/Batch:  25/347: Loss: 0.53 | Accuracy: 0.88
[Training] Itteration/Batch:  50/347: Loss: 0.67 | Accuracy: 0.62
[Training] Itteration/Batch:  75/347: Loss: 0.74 | Accuracy: 0.44
[Training] Itteration/Batch: 100/347: Loss: 0.74 | Accuracy: 0.56
[Training] Itteration/Batch: 125/347: Loss: 0.49 | Accuracy: 0.56
[Training] Itteration/Batch: 150/347: Loss: 0.58 | Accuracy: 0.81
[Training] Itteration/Batch: 175/347: Loss: 0.67 | Accuracy: 0.75
[Training] Itteration/Batch: 200/347: Loss: 0.73 | Accuracy: 0.50
[Training] Itteration/Batch: 225/347: Loss: 0.54 | Accuracy: 0.75
[Training] Itteration/Batch: 250/347: Loss: 0.79 | Accuracy: 0.50
[Training] Itteration/Batch: 275/347: Loss: 0.78 | Accuracy: 0.44
[Training] Itteration/Batch: 300/347: Loss: 0.58 | Accuracy: 0.69
[Training] Itteration/Batch: 325/347: Loss: 0.71 | Accuracy: 0.56

Epoch 2: Val Bin. F1 Majority 0.39155471324920654 | Val Macro F1 Majority 0.5718524098871629 |             Val Bin F1 Individual 0.4163645803928375 | Val Macro F1 Individual 0.5884669713573787 |             Val Accuracy Majority 0.647777795791626 | Val Accuracy Individual 0.6604399085044861 | Training Loss:0.6381374001502991 |             Val Loss 0.6534944772720337 | Train Runtime Millis 22041.152375983074 | Val Runtime Millis 3310.078450012952

______________________________	 Running Epoch 3 of 10 	______________________________
[Training] Itteration/Batch:   0/347: Loss: 0.50 | Accuracy: 0.75
[Training] Itteration/Batch:  25/347: Loss: 0.39 | Accuracy: 0.81
[Training] Itteration/Batch:  50/347: Loss: 0.69 | Accuracy: 0.69
[Training] Itteration/Batch:  75/347: Loss: 0.53 | Accuracy: 0.69
[Training] Itteration/Batch: 100/347: Loss: 0.52 | Accuracy: 0.75
[Training] Itteration/Batch: 125/347: Loss: 0.66 | Accuracy: 0.56
[Training] Itteration/Batch: 150/347: Loss: 0.41 | Accuracy: 0.75
[Training] Itteration/Batch: 175/347: Loss: 0.42 | Accuracy: 0.81
[Training] Itteration/Batch: 200/347: Loss: 0.52 | Accuracy: 0.75
[Training] Itteration/Batch: 225/347: Loss: 0.49 | Accuracy: 0.75
[Training] Itteration/Batch: 250/347: Loss: 0.49 | Accuracy: 0.81
[Training] Itteration/Batch: 275/347: Loss: 0.42 | Accuracy: 0.88
[Training] Itteration/Batch: 300/347: Loss: 0.38 | Accuracy: 0.88
[Training] Itteration/Batch: 325/347: Loss: 0.43 | Accuracy: 0.88

Epoch 3: Val Bin. F1 Majority 0.403463214635849 | Val Macro F1 Majority 0.5608318062305793 |             Val Bin F1 Individual 0.41085633635520935 | Val Macro F1 Individual 0.5655703609565472 |             Val Accuracy Majority 0.617222249507904 | Val Accuracy Individual 0.620668888092041 | Training Loss:0.5349324941635132 |             Val Loss 0.7284411787986755 | Train Runtime Millis 22044.989841990173 | Val Runtime Millis 3303.24550694786

