Device cuda
Split type sit
Training Size: 125499, NTA labels 122246, YTA labels 3253
Validation Size: 41827, NTA labels 40751, YTA labels 1076
Test Size: 41816, NTA labels 40717, YTA labels 1099
Training with SBERT, model name is sbert
Tokenizing the dataset
Number of training steps 39220
Epoch 0 **** Loss 0.012256902642548084 **** Metrics validation: {'accuracy': 0.9665048891864106, 'f1_weighted': 0.9686465614401092, 'macro': 0.7087968774478021, 'micro': 0.9665048891864106, 'binary': 0.43485276321097216, 'accuracy_majority': 0.9762109981037752, 'macro_majority': 0.7584037842341884, 'binary_majority': 0.5290102389078498, 'run_time_millis': 14952.62429799186, 'loss_mean': 0.04514721781015396}
Epoch 1 **** Loss 0.01336861401796341 **** Metrics validation: {'accuracy': 0.9557941042867047, 'f1_weighted': 0.9623721733534618, 'macro': 0.6919215099093278, 'micro': 0.9557941042867047, 'binary': 0.4068014116137312, 'accuracy_majority': 0.9636269608688157, 'macro_majority': 0.7122355453146185, 'binary_majority': 0.4432717678100264, 'run_time_millis': 16979.478997003753, 'loss_mean': 0.04628337547183037}
Epoch 2 **** Loss 0.036589670926332474 **** Metrics validation: {'accuracy': 0.9572046764051928, 'f1_weighted': 0.9629892098302535, 'macro': 0.689773300735876, 'micro': 0.9572046764051928, 'binary': 0.4017379679144385, 'accuracy_majority': 0.9651784175142217, 'macro_majority': 0.7120087100135664, 'binary_majority': 0.4419889502762431, 'run_time_millis': 16959.47579399217, 'loss_mean': 0.049861859530210495}
Epoch 3 **** Loss 0.012954963371157646 **** Metrics validation: {'accuracy': 0.961962368804839, 'f1_weighted': 0.9657633016499064, 'macro': 0.6969540135428675, 'micro': 0.961962368804839, 'binary': 0.41356431994102466, 'accuracy_majority': 0.9704361317014308, 'macro_majority': 0.7297610188048829, 'binary_majority': 0.4747320061255743, 'run_time_millis': 16988.496853999095, 'loss_mean': 0.0598934069275856}
Epoch 4 **** Loss 0.016703512519598007 **** Metrics validation: {'accuracy': 0.9562483563248619, 'f1_weighted': 0.9623877808337122, 'macro': 0.6874649056772398, 'micro': 0.956248356324862, 'binary': 0.39763001974983536, 'accuracy_majority': 0.9643164971556628, 'macro_majority': 0.7118086946963557, 'binary_majority': 0.4420485175202156, 'run_time_millis': 14947.519150999142, 'loss_mean': 0.06655846536159515}
Epoch 5 **** Loss 0.02234252542257309 **** Metrics validation: {'accuracy': 0.9552442202405145, 'f1_weighted': 0.9617000824315772, 'macro': 0.6838949496437102, 'micro': 0.9552442202405145, 'binary': 0.391021470396877, 'accuracy_majority': 0.9632821927253922, 'macro_majority': 0.7072684137507533, 'binary_majority': 0.4335106382978723, 'run_time_millis': 16974.562081013573, 'loss_mean': 0.07403060048818588}
Epoch 6 **** Loss 0.028218373656272888 **** Metrics validation: {'accuracy': 0.9610060487245081, 'f1_weighted': 0.9653772572292697, 'macro': 0.6989752642547455, 'micro': 0.9610060487245081, 'binary': 0.41812343917231537, 'accuracy_majority': 0.9693156352353043, 'macro_majority': 0.7280044675019526, 'binary_majority': 0.47181008902077154, 'run_time_millis': 16981.34610199486, 'loss_mean': 0.08952891826629639}
Epoch 7 **** Loss 0.018107054755091667 **** Metrics validation: {'accuracy': 0.9594281205919621, 'f1_weighted': 0.9643076837316669, 'macro': 0.6935431137068061, 'micro': 0.9594281205919621, 'binary': 0.4080920823160098, 'accuracy_majority': 0.9678503706257542, 'macro_majority': 0.7218171999416577, 'binary_majority': 0.46020260492040516, 'run_time_millis': 16959.543961973395, 'loss_mean': 0.09437548369169235}
Epoch 8 **** Loss 0.008515991270542145 **** Metrics validation: {'accuracy': 0.9591651325698711, 'f1_weighted': 0.9640303586643206, 'macro': 0.6906198129174546, 'micro': 0.9591651325698711, 'binary': 0.40237928621413577, 'accuracy_majority': 0.9673332184106188, 'macro_majority': 0.7157471640867301, 'binary_majority': 0.4483260553129549, 'run_time_millis': 17288.389377004933, 'loss_mean': 0.09226521104574203}
Epoch 9 **** Loss 0.02046588994562626 **** Metrics validation: {'accuracy': 0.9627513328711119, 'f1_weighted': 0.9660486314336368, 'macro': 0.694637178180177, 'micro': 0.9627513328711119, 'binary': 0.40850417615793466, 'accuracy_majority': 0.9715566281675573, 'macro_majority': 0.7299525001467091, 'binary_majority': 0.4745222929936306, 'run_time_millis': 15261.929426982533, 'loss_mean': 0.10361078381538391}
Evaluating
{'accuracy': 0.9665048891864106, 'f1_weighted': 0.9686465614401092, 'macro': 0.7087968774478021, 'micro': 0.9665048891864106, 'binary': 0.43485276321097216, 'accuracy_majority': 0.9762109981037752, 'macro_majority': 0.7584037842341884, 'binary_majority': 0.5290102389078498, 'run_time_millis': 15255.125862982823, 'loss_mean': 0.04514721781015396}
