Device cuda
Split type sit
Training Size: 7358, NTA labels 5197, YTA labels 2161
Validation Size: 2324, NTA labels 1652, YTA labels 672
Test Size: 2632, NTA labels 1867, YTA labels 765
Training with SBERT, model name is sbert
Tokenizing the dataset
Number of training steps 2300
Epoch 0 **** Loss 0.2628641128540039 **** Metrics validation: {'accuracy': 0.580895008605852, 'f1_weighted': 0.5968231983050312, 'macro': 0.535848097112861, 'micro': 0.580895008605852, 'binary': 0.39125, 'accuracy_majority': 0.5652487382840663, 'macro_majority': 0.528750437379879, 'binary_majority': 0.3976023976023976, 'run_time_millis': 8430.85079593584, 'loss_mean': 0.2951512038707733}
Epoch 1 **** Loss 0.348441481590271 **** Metrics validation: {'accuracy': 0.6376936316695353, 'f1_weighted': 0.6357063305670234, 'macro': 0.5545582022144523, 'micro': 0.6376936316695353, 'binary': 0.3621212121212121, 'accuracy_majority': 0.6250901225666907, 'macro_majority': 0.5485839892647559, 'binary_majority': 0.3627450980392157, 'run_time_millis': 8435.49110100139, 'loss_mean': 0.30247023701667786}
Epoch 2 **** Loss 0.2575247585773468 **** Metrics validation: {'accuracy': 0.5787435456110155, 'f1_weighted': 0.5948596761905108, 'macro': 0.5338797226464747, 'micro': 0.5787435456110155, 'binary': 0.3892701185277605, 'accuracy_majority': 0.5753424657534246, 'macro_majority': 0.5392897122474587, 'binary_majority': 0.4104104104104104, 'run_time_millis': 10472.148598986678, 'loss_mean': 0.33078232407569885}
Epoch 3 **** Loss 0.44169601798057556 **** Metrics validation: {'accuracy': 0.6721170395869192, 'f1_weighted': 0.6520620990564032, 'macro': 0.5566551004160846, 'micro': 0.6721170395869192, 'binary': 0.33040421792618624, 'accuracy_majority': 0.6589762076423936, 'macro_majority': 0.5468225126047459, 'binary_majority': 0.32137733142037306, 'run_time_millis': 10464.489901904017, 'loss_mean': 0.4068445861339569}
Epoch 4 **** Loss 0.1342131644487381 **** Metrics validation: {'accuracy': 0.5972461273666093, 'f1_weighted': 0.6108758722856387, 'macro': 0.5478704476599368, 'micro': 0.5972461273666093, 'binary': 0.39845758354755784, 'accuracy_majority': 0.5868781542898341, 'macro_majority': 0.5438476765963015, 'binary_majority': 0.4037460978147763, 'run_time_millis': 8431.132485973649, 'loss_mean': 0.38741716742515564}
Epoch 5 **** Loss 0.18763819336891174 **** Metrics validation: {'accuracy': 0.6376936316695353, 'f1_weighted': 0.6316928486601164, 'macro': 0.5452109758773153, 'micro': 0.6376936316695353, 'binary': 0.3401253918495297, 'accuracy_majority': 0.6308579668348955, 'macro_majority': 0.5476052146082417, 'binary_majority': 0.3535353535353535, 'run_time_millis': 8429.95300097391, 'loss_mean': 0.5866612792015076}
Epoch 6 **** Loss 0.08496855199337006 **** Metrics validation: {'accuracy': 0.5770223752151463, 'f1_weighted': 0.592916299954471, 'macro': 0.5308603388208525, 'micro': 0.5770223752151463, 'binary': 0.38369905956112854, 'accuracy_majority': 0.5969718817591925, 'macro_majority': 0.5583831576453192, 'binary_majority': 0.4278403275332651, 'run_time_millis': 8430.176486028358, 'loss_mean': 0.5458850860595703}
Epoch 7 **** Loss 0.08875458687543869 **** Metrics validation: {'accuracy': 0.6080034423407917, 'f1_weighted': 0.6148814519767486, 'macro': 0.5408105789741371, 'micro': 0.6080034423407917, 'binary': 0.3651567944250871, 'accuracy_majority': 0.6171593366979091, 'macro_majority': 0.5605010249050433, 'binary_majority': 0.4026996625421822, 'run_time_millis': 8432.22335795872, 'loss_mean': 0.7509205341339111}
Epoch 8 **** Loss 0.05092722550034523 **** Metrics validation: {'accuracy': 0.628657487091222, 'f1_weighted': 0.6306325147749052, 'macro': 0.5532114295745265, 'micro': 0.628657487091222, 'binary': 0.36961285609934263, 'accuracy_majority': 0.6286950252343186, 'macro_majority': 0.5657680769125554, 'binary_majority': 0.4004656577415599, 'run_time_millis': 8426.732865045778, 'loss_mean': 0.9378858804702759}
Epoch 9 **** Loss 0.04124796390533447 **** Metrics validation: {'accuracy': 0.628657487091222, 'f1_weighted': 0.6285754148670794, 'macro': 0.5481446352071536, 'micro': 0.628657487091222, 'binary': 0.3574087862993299, 'accuracy_majority': 0.6279740447007931, 'macro_majority': 0.5600463256664847, 'binary_majority': 0.38717339667458434, 'run_time_millis': 10466.908121015877, 'loss_mean': 1.0608916282653809}
Evaluating
{'accuracy': 0.6721170395869192, 'f1_weighted': 0.6520620990564032, 'macro': 0.5566551004160846, 'micro': 0.6721170395869192, 'binary': 0.33040421792618624, 'accuracy_majority': 0.6589762076423936, 'macro_majority': 0.5468225126047459, 'binary_majority': 0.32137733142037306, 'run_time_millis': 8427.790567046031, 'loss_mean': 0.4068445861339569}
