Device cuda
Split type sit
Training Size: 3500, NTA labels 2993, YTA labels 507
Validation Size: 1259, NTA labels 1036, YTA labels 223
Test Size: 1310, NTA labels 1101, YTA labels 209
Training with SBERT, model name is sbert
Tokenizing the dataset
Number of training steps 1100
Epoch 0 **** Loss 0.17066378891468048 **** Metrics validation: {'accuracy': 0.8490865766481335, 'f1_weighted': 0.8613023418674254, 'macro': 0.7871872887085869, 'micro': 0.8490865766481335, 'binary': 0.6724137931034482, 'accuracy_majority': 0.8773885350318471, 'macro_majority': 0.8375478309363273, 'binary_majority': 0.7570977917981072, 'run_time_millis': 1833.364703999905, 'loss_mean': 0.1075068935751915}
Epoch 1 **** Loss 0.03240261599421501 **** Metrics validation: {'accuracy': 0.9015091342335186, 'f1_weighted': 0.9053835234141134, 'macro': 0.8448089387251978, 'micro': 0.9015091342335186, 'binary': 0.751004016064257, 'accuracy_majority': 0.9203821656050956, 'macro_majority': 0.8839100857734398, 'binary_majority': 0.8188405797101449, 'run_time_millis': 3092.009441999835, 'loss_mean': 0.0963229313492775}
Epoch 2 **** Loss 0.013403471559286118 **** Metrics validation: {'accuracy': 0.8657664813343924, 'f1_weighted': 0.8763679526163441, 'macro': 0.8095540289556715, 'micro': 0.8657664813343923, 'binary': 0.7060869565217391, 'accuracy_majority': 0.8726114649681529, 'macro_majority': 0.8342898608087606, 'binary_majority': 0.7546012269938651, 'run_time_millis': 2335.8488530002433, 'loss_mean': 0.09374147653579712}
Epoch 3 **** Loss 0.04408973827958107 **** Metrics validation: {'accuracy': 0.8530579825258141, 'f1_weighted': 0.8659665951297139, 'macro': 0.7973737712933053, 'micro': 0.8530579825258141, 'binary': 0.691151919866444, 'accuracy_majority': 0.8519108280254777, 'macro_majority': 0.8135004901663372, 'binary_majority': 0.7288629737609328, 'run_time_millis': 2980.191730000115, 'loss_mean': 0.08787126839160919}
Epoch 4 **** Loss 0.008153798058629036 **** Metrics validation: {'accuracy': 0.9293089753772835, 'f1_weighted': 0.9296153329522641, 'macro': 0.8798015912604039, 'micro': 0.9293089753772835, 'binary': 0.802660753880266, 'accuracy_majority': 0.9426751592356688, 'macro_majority': 0.9136730205278591, 'binary_majority': 0.8636363636363635, 'run_time_millis': 2112.181137999869, 'loss_mean': 0.14947985112667084}
Epoch 5 **** Loss 0.019762331619858742 **** Metrics validation: {'accuracy': 0.9197776012708498, 'f1_weighted': 0.9222335658227924, 'macro': 0.8710361509322975, 'micro': 0.9197776012708498, 'binary': 0.7917525773195876, 'accuracy_majority': 0.9363057324840764, 'macro_majority': 0.9071280686187518, 'binary_majority': 0.8550724637681159, 'run_time_millis': 3136.009543, 'loss_mean': 0.15951085090637207}
Epoch 6 **** Loss 0.0005582745070569217 **** Metrics validation: {'accuracy': 0.9158061953931692, 'f1_weighted': 0.9184422818356485, 'macro': 0.8648638248922589, 'micro': 0.9158061953931692, 'binary': 0.7818930041152263, 'accuracy_majority': 0.9331210191082803, 'macro_majority': 0.903483606557377, 'binary_majority': 0.8500000000000001, 'run_time_millis': 3102.0369910002046, 'loss_mean': 0.17267374694347382}
Epoch 7 **** Loss 0.024869540706276894 **** Metrics validation: {'accuracy': 0.9245432883240667, 'f1_weighted': 0.9261987904099944, 'macro': 0.8763497831559468, 'micro': 0.9245432883240667, 'binary': 0.7991543340380549, 'accuracy_majority': 0.9363057324840764, 'macro_majority': 0.9076076562063233, 'binary_majority': 0.8561151079136691, 'run_time_millis': 2449.1898610003773, 'loss_mean': 0.16892662644386292}
Epoch 8 **** Loss 0.005585376173257828 **** Metrics validation: {'accuracy': 0.9166004765687054, 'f1_weighted': 0.9196080639200922, 'macro': 0.8675832018631207, 'micro': 0.9166004765687054, 'binary': 0.7870182555780932, 'accuracy_majority': 0.9315286624203821, 'macro_majority': 0.9019316601236931, 'binary_majority': 0.8480565371024734, 'run_time_millis': 3129.5502940001825, 'loss_mean': 0.16945092380046844}
Epoch 9 **** Loss 0.003931150306016207 **** Metrics validation: {'accuracy': 0.9277204130262113, 'f1_weighted': 0.9286327905868568, 'macro': 0.8791819267998697, 'micro': 0.9277204130262113, 'binary': 0.8026030368763558, 'accuracy_majority': 0.9410828025477707, 'macro_majority': 0.9129525914548486, 'binary_majority': 0.8634686346863469, 'run_time_millis': 2855.2658870003143, 'loss_mean': 0.19403786957263947}
Evaluating
{'accuracy': 0.9293089753772835, 'f1_weighted': 0.9296153329522641, 'macro': 0.8798015912604039, 'micro': 0.9293089753772835, 'binary': 0.802660753880266, 'accuracy_majority': 0.9426751592356688, 'macro_majority': 0.9136730205278591, 'binary_majority': 0.8636363636363635, 'run_time_millis': 3031.4886670003034, 'loss_mean': 0.14947985112667084}
