Device cuda
DATASET: GE'surprise, MODEL: sbertbase, 
Split type sit
DATASET: GE'surprise, MODEL: sbertbase, PERCENTAGE: False, NUM_COMMENTS_PER_ANNO: 156
Training Size: 15645, NTA labels 15241, YTA labels 404
Validation Size: 5203, NTA labels 5073, YTA labels 130
Test Size: 4997, NTA labels 4886, YTA labels 111
Training with SBERT, model name is sbert
Tokenizing the dataset
Number of training steps 4890
Epoch 0 **** Loss 0.03053382970392704 **** Metrics validation: {'accuracy': 0.8564289832788776, 'f1_weighted': 0.9033671779744645, 'macro': 0.5685684818990157, 'micro': 0.8564289832788776, 'binary': 0.21615949632738723, 'accuracy_majority': 0.8528852251109702, 'macro_majority': 0.5394043770331651, 'binary_majority': 0.15942028985507245, 'run_time_millis': 4019.0233453176916, 'loss_mean': 0.03105708211660385}
Epoch 1 **** Loss 0.016684817150235176 **** Metrics validation: {'accuracy': 0.9365750528541226, 'f1_weighted': 0.950005750948339, 'macro': 0.6308329592189523, 'micro': 0.9365750528541226, 'binary': 0.2948717948717949, 'accuracy_majority': 0.9467343056436271, 'macro_majority': 0.6527961250550418, 'binary_majority': 0.3333333333333333, 'run_time_millis': 4001.832226291299, 'loss_mean': 0.03205839544534683}
Epoch 2 **** Loss 0.010613156482577324 **** Metrics validation: {'accuracy': 0.8958293292331347, 'f1_weighted': 0.9266733084466876, 'macro': 0.5966694356055795, 'micro': 0.8958293292331347, 'binary': 0.24930747922437674, 'accuracy_majority': 0.8998097653772986, 'macro_majority': 0.5821493734739328, 'binary_majority': 0.21782178217821782, 'run_time_millis': 4021.7179688625038, 'loss_mean': 0.033908661454916}
Epoch 3 **** Loss 0.015553168021142483 **** Metrics validation: {'accuracy': 0.9452239092831058, 'f1_weighted': 0.9548724174870907, 'macro': 0.6390275429685646, 'micro': 0.9452239092831058, 'binary': 0.30656934306569344, 'accuracy_majority': 0.9549778059606848, 'macro_majority': 0.6565734949958439, 'binary_majority': 0.33644859813084116, 'run_time_millis': 4019.205418881029, 'loss_mean': 0.06293616443872452}
Epoch 4 **** Loss 0.007502492982894182 **** Metrics validation: {'accuracy': 0.9198539304247549, 'f1_weighted': 0.9401871878121362, 'macro': 0.6084799559117218, 'micro': 0.9198539304247549, 'binary': 0.2593250444049734, 'accuracy_majority': 0.9270767279644896, 'macro_majority': 0.6145721092642537, 'binary_majority': 0.267515923566879, 'run_time_millis': 3998.2245028950274, 'loss_mean': 0.05182474106550217}
Epoch 5 **** Loss 0.010255377739667892 **** Metrics validation: {'accuracy': 0.9358062656159908, 'f1_weighted': 0.9496730509717951, 'macro': 0.6323419397970669, 'micro': 0.9358062656159908, 'binary': 0.29831932773109243, 'accuracy_majority': 0.9448319594166138, 'macro_majority': 0.6484105323851624, 'binary_majority': 0.3255813953488372, 'run_time_millis': 4016.5038742125034, 'loss_mean': 0.06944532692432404}
Epoch 6 **** Loss 0.013201743364334106 **** Metrics validation: {'accuracy': 0.9394580049971171, 'f1_weighted': 0.9515533128015546, 'macro': 0.6318361658639348, 'micro': 0.9394580049971171, 'binary': 0.29530201342281875, 'accuracy_majority': 0.948002536461636, 'macro_majority': 0.6448198198198198, 'binary_majority': 0.3166666666666667, 'run_time_millis': 4028.0531272292137, 'loss_mean': 0.07596946507692337}
Epoch 7 **** Loss 0.015807997435331345 **** Metrics validation: {'accuracy': 0.9529117816644244, 'f1_weighted': 0.959081656305924, 'macro': 0.644672477409712, 'micro': 0.9529117816644244, 'binary': 0.3137254901960784, 'accuracy_majority': 0.9625871908687381, 'macro_majority': 0.673158325517348, 'binary_majority': 0.3655913978494624, 'run_time_millis': 4000.0418117269874, 'loss_mean': 0.0948992520570755}
Epoch 8 **** Loss 0.00022064548102207482 **** Metrics validation: {'accuracy': 0.95002882952143, 'f1_weighted': 0.9575345557926256, 'macro': 0.6431209544492352, 'micro': 0.95002882952143, 'binary': 0.31216931216931215, 'accuracy_majority': 0.9600507292327204, 'macro_majority': 0.6715072161880673, 'binary_majority': 0.3636363636363637, 'run_time_millis': 4030.0782988779247, 'loss_mean': 0.094074547290802}
Epoch 9 **** Loss 0.005555483978241682 **** Metrics validation: {'accuracy': 0.9511820103786277, 'f1_weighted': 0.9579935775728697, 'macro': 0.640356062090436, 'micro': 0.9511820103786277, 'binary': 0.30601092896174864, 'accuracy_majority': 0.9613189600507293, 'macro_majority': 0.6689767898005885, 'binary_majority': 0.35789473684210527, 'run_time_millis': 4014.984422829002, 'loss_mean': 0.09870274364948273}
Evaluating
{'accuracy': 0.9529117816644244, 'f1_weighted': 0.959081656305924, 'macro': 0.644672477409712, 'micro': 0.9529117816644244, 'binary': 0.3137254901960784, 'accuracy_majority': 0.9625871908687381, 'macro_majority': 0.673158325517348, 'binary_majority': 0.3655913978494624, 'run_time_millis': 4011.7431380786, 'loss_mean': 0.0948992520570755}
Device cuda
DATASET: GE'surprise, MODEL: sbertbase, 
Split type sit
DATASET: GE'surprise, MODEL: sbertbase, PERCENTAGE: False, NUM_COMMENTS_PER_ANNO: 156
Training Size: 15645, NTA labels 15241, YTA labels 404
Validation Size: 5203, NTA labels 5073, YTA labels 130
Test Size: 4997, NTA labels 4886, YTA labels 111
Training with SBERT, model name is sbert
Tokenizing the dataset
Number of training steps 4890
Epoch 0 **** Loss 0.07006804645061493 **** Metrics validation: {'accuracy': 0.9277339996156064, 'f1_weighted': 0.9449119249912337, 'macro': 0.6208261038777791, 'micro': 0.9277339996156064, 'binary': 0.2796934865900383, 'accuracy_majority': 0.9365884590995561, 'macro_majority': 0.6312870583394123, 'binary_majority': 0.295774647887324, 'run_time_millis': 2997.2590529359877, 'loss_mean': 0.030915582552552223}
Epoch 1 **** Loss 0.02512921206653118 **** Metrics validation: {'accuracy': 0.9258120315202768, 'f1_weighted': 0.943815720917581, 'macro': 0.6190265359143858, 'micro': 0.9258120315202768, 'binary': 0.27715355805243447, 'accuracy_majority': 0.9302473050095117, 'macro_majority': 0.6050030967647917, 'binary_majority': 0.24657534246575347, 'run_time_millis': 4005.353215150535, 'loss_mean': 0.03185835853219032}
Epoch 2 **** Loss 0.006262750364840031 **** Metrics validation: {'accuracy': 0.9342686911397271, 'f1_weighted': 0.9481877782555515, 'macro': 0.6174087031905506, 'micro': 0.9342686911397271, 'binary': 0.2692307692307692, 'accuracy_majority': 0.9429296131896006, 'macro_majority': 0.6335663830138798, 'binary_majority': 0.296875, 'run_time_millis': 3986.868584062904, 'loss_mean': 0.04040743410587311}
Epoch 3 **** Loss 0.010176373645663261 **** Metrics validation: {'accuracy': 0.9085143186623102, 'f1_weighted': 0.9334439100628119, 'macro': 0.5930379147791656, 'micro': 0.9085143186623101, 'binary': 0.23472668810289385, 'accuracy_majority': 0.9124920735573875, 'macro_majority': 0.5847846327614629, 'binary_majority': 0.21590909090909094, 'run_time_millis': 4010.665607172996, 'loss_mean': 0.039366722106933594}
Epoch 4 **** Loss 0.009714831598103046 **** Metrics validation: {'accuracy': 0.9233134729963483, 'f1_weighted': 0.9420767167886307, 'macro': 0.6096512183468705, 'micro': 0.9233134729963483, 'binary': 0.2597402597402597, 'accuracy_majority': 0.9296131896005073, 'macro_majority': 0.6139688126443092, 'binary_majority': 0.2649006622516556, 'run_time_millis': 4009.8929810337722, 'loss_mean': 0.053731344640254974}
Epoch 5 **** Loss 0.00220265774987638 **** Metrics validation: {'accuracy': 0.9258120315202768, 'f1_weighted': 0.943383458608611, 'macro': 0.6093235966946264, 'micro': 0.9258120315202768, 'binary': 0.25769230769230766, 'accuracy_majority': 0.932149651236525, 'macro_majority': 0.6081059425463278, 'binary_majority': 0.2517482517482518, 'run_time_millis': 3997.630533762276, 'loss_mean': 0.05810054764151573}
Epoch 6 **** Loss 0.003511764807626605 **** Metrics validation: {'accuracy': 0.9477224678070344, 'f1_weighted': 0.9559261200735538, 'macro': 0.6340955394909662, 'micro': 0.9477224678070344, 'binary': 0.29533678756476683, 'accuracy_majority': 0.9562460367786937, 'macro_majority': 0.6537407757443843, 'binary_majority': 0.3300970873786408, 'run_time_millis': 4000.6490852683783, 'loss_mean': 0.08999180048704147}
Epoch 7 **** Loss 0.004084847401827574 **** Metrics validation: {'accuracy': 0.9465692869498367, 'f1_weighted': 0.9552976636779161, 'macro': 0.6333247818354016, 'micro': 0.9465692869498367, 'binary': 0.2944162436548224, 'accuracy_majority': 0.9556119213696893, 'macro_majority': 0.6519861286254729, 'binary_majority': 0.3269230769230769, 'run_time_millis': 3977.225192822516, 'loss_mean': 0.09366340935230255}
Epoch 8 **** Loss 0.004703671205788851 **** Metrics validation: {'accuracy': 0.9515664039976937, 'f1_weighted': 0.9580522332232331, 'macro': 0.6374576946048178, 'micro': 0.9515664039976937, 'binary': 0.3, 'accuracy_majority': 0.9606848446417248, 'macro_majority': 0.6600820470031985, 'binary_majority': 0.3404255319148936, 'run_time_millis': 3988.0026802420616, 'loss_mean': 0.10133601725101471}
Epoch 9 **** Loss 0.018237875774502754 **** Metrics validation: {'accuracy': 0.9490678454737651, 'f1_weighted': 0.9564959495183198, 'macro': 0.6315656991445655, 'micro': 0.9490678454737651, 'binary': 0.289544235924933, 'accuracy_majority': 0.958148383005707, 'macro_majority': 0.6524668768030772, 'binary_majority': 0.32653061224489793, 'run_time_millis': 3981.0733310878277, 'loss_mean': 0.10003573447465897}
Evaluating
{'accuracy': 0.9515664039976937, 'f1_weighted': 0.9580522332232331, 'macro': 0.6374576946048178, 'micro': 0.9515664039976937, 'binary': 0.3, 'accuracy_majority': 0.9606848446417248, 'macro_majority': 0.6600820470031985, 'binary_majority': 0.3404255319148936, 'run_time_millis': 3987.4402889981866, 'loss_mean': 0.10133601725101471}
Device cuda
DATASET: GE'surprise, MODEL: sbertbase, 
Split type sit
DATASET: GE'surprise, MODEL: sbertbase, PERCENTAGE: False, NUM_COMMENTS_PER_ANNO: 156
Training Size: 15645, NTA labels 15241, YTA labels 404
Validation Size: 5203, NTA labels 5073, YTA labels 130
Test Size: 4997, NTA labels 4886, YTA labels 111
Training with SBERT, model name is sbert
Tokenizing the dataset
Number of training steps 4890
Epoch 0 **** Loss 0.01686510629951954 **** Metrics validation: {'accuracy': 0.8908322121852777, 'f1_weighted': 0.9239504200076329, 'macro': 0.5978482262508559, 'micro': 0.8908322121852777, 'binary': 0.2545931758530184, 'accuracy_majority': 0.8934686112872543, 'macro_majority': 0.5789052069425902, 'binary_majority': 0.21495327102803735, 'run_time_millis': 3975.945742800832, 'loss_mean': 0.027719907462596893}
Epoch 1 **** Loss 0.0553838275372982 **** Metrics validation: {'accuracy': 0.9040937920430521, 'f1_weighted': 0.9315752932118587, 'macro': 0.6058173548967265, 'micro': 0.9040937920430521, 'binary': 0.26292466765140327, 'accuracy_majority': 0.9099556119213696, 'macro_majority': 0.5943577370083761, 'binary_majority': 0.23655913978494628, 'run_time_millis': 4002.1294308826327, 'loss_mean': 0.02849687449634075}
Epoch 2 **** Loss 0.007954311557114124 **** Metrics validation: {'accuracy': 0.9221602921391505, 'f1_weighted': 0.9418524925631755, 'macro': 0.6184686164968781, 'micro': 0.9221602921391505, 'binary': 0.27807486631016043, 'accuracy_majority': 0.9302473050095117, 'macro_majority': 0.6245238095238095, 'binary_majority': 0.2857142857142857, 'run_time_millis': 4009.9619408138096, 'loss_mean': 0.03533967211842537}
Epoch 3 **** Loss 0.0018973785918205976 **** Metrics validation: {'accuracy': 0.9334999039015952, 'f1_weighted': 0.9479340439328667, 'macro': 0.620649850471512, 'micro': 0.9334999039015952, 'binary': 0.27615062761506276, 'accuracy_majority': 0.9422954977805961, 'macro_majority': 0.6322454993913766, 'binary_majority': 0.2945736434108527, 'run_time_millis': 3972.694464959204, 'loss_mean': 0.05320156365633011}
Epoch 4 **** Loss 0.011736704967916012 **** Metrics validation: {'accuracy': 0.9333077070920622, 'f1_weighted': 0.9478863907897729, 'macro': 0.6218120309807967, 'micro': 0.9333077070920622, 'binary': 0.27858627858627855, 'accuracy_majority': 0.9422954977805961, 'macro_majority': 0.6322454993913766, 'binary_majority': 0.2945736434108527, 'run_time_millis': 4008.3770188502967, 'loss_mean': 0.059424299746751785}
Epoch 5 **** Loss 0.005597205832600594 **** Metrics validation: {'accuracy': 0.9394580049971171, 'f1_weighted': 0.9512572041974574, 'macro': 0.6254279212517481, 'micro': 0.9394580049971171, 'binary': 0.2824601366742597, 'accuracy_majority': 0.9486366518706405, 'macro_majority': 0.6405106253640992, 'binary_majority': 0.3076923076923077, 'run_time_millis': 3992.164900060743, 'loss_mean': 0.06830570101737976}
Epoch 6 **** Loss 0.0027008303441107273 **** Metrics validation: {'accuracy': 0.945031712473573, 'f1_weighted': 0.9546744598937908, 'macro': 0.6369137899062064, 'micro': 0.945031712473573, 'binary': 0.30243902439024395, 'accuracy_majority': 0.9549778059606848, 'macro_majority': 0.6565734949958439, 'binary_majority': 0.33644859813084116, 'run_time_millis': 3301.6450591385365, 'loss_mean': 0.0800529271364212}
Epoch 7 **** Loss 0.005253712181001902 **** Metrics validation: {'accuracy': 0.9440707284259081, 'f1_weighted': 0.954002350115208, 'macro': 0.6331395657347553, 'micro': 0.9440707284259081, 'binary': 0.2953995157384988, 'accuracy_majority': 0.953709575142676, 'macro_majority': 0.6531507509678975, 'binary_majority': 0.33027522935779813, 'run_time_millis': 3982.8788810409606, 'loss_mean': 0.08396261930465698}
Epoch 8 **** Loss 0.0006937272846698761 **** Metrics validation: {'accuracy': 0.9471458773784355, 'f1_weighted': 0.9558215376739346, 'macro': 0.6381638425579963, 'micro': 0.9471458773784355, 'binary': 0.30379746835443033, 'accuracy_majority': 0.9575142675967026, 'macro_majority': 0.6637772749981703, 'binary_majority': 0.3495145631067961, 'run_time_millis': 3977.8201789595187, 'loss_mean': 0.0927928015589714}
Epoch 9 **** Loss 0.0073612588457763195 **** Metrics validation: {'accuracy': 0.954641552950221, 'f1_weighted': 0.9600847073330532, 'macro': 0.6472299153058527, 'micro': 0.954641552950221, 'binary': 0.3179190751445087, 'accuracy_majority': 0.9644895370957515, 'macro_majority': 0.6797505076878445, 'binary_majority': 0.37777777777777777, 'run_time_millis': 2880.940502975136, 'loss_mean': 0.10082615911960602}
Evaluating
{'accuracy': 0.954641552950221, 'f1_weighted': 0.9600847073330532, 'macro': 0.6472299153058527, 'micro': 0.954641552950221, 'binary': 0.3179190751445087, 'accuracy_majority': 0.9644895370957515, 'macro_majority': 0.6797505076878445, 'binary_majority': 0.37777777777777777, 'run_time_millis': 2613.8255428522825, 'loss_mean': 0.10082615911960602}
Device cuda
DATASET: GE'surprise, MODEL: sbertbase, 
Split type sit
DATASET: GE'surprise, MODEL: sbertbase, PERCENTAGE: False, NUM_COMMENTS_PER_ANNO: 156
Training Size: 15645, NTA labels 15241, YTA labels 404
Validation Size: 5203, NTA labels 5073, YTA labels 130
Test Size: 4997, NTA labels 4886, YTA labels 111
Training with SBERT, model name is sbert
Tokenizing the dataset
Number of training steps 4890
Epoch 0 **** Loss 0.008825198747217655 **** Metrics validation: {'accuracy': 0.9290793772823371, 'f1_weighted': 0.9459072826086042, 'macro': 0.6272086771383384, 'micro': 0.9290793772823371, 'binary': 0.291746641074856, 'accuracy_majority': 0.9359543436905516, 'macro_majority': 0.6250832680135489, 'binary_majority': 0.28368794326241137, 'run_time_millis': 2971.7744500376284, 'loss_mean': 0.029729684814810753}
Epoch 1 **** Loss 0.01703023724257946 **** Metrics validation: {'accuracy': 0.9223524889486835, 'f1_weighted': 0.9417971442130226, 'macro': 0.6148756102959175, 'micro': 0.9223524889486835, 'binary': 0.27075812274368233, 'accuracy_majority': 0.927710843373494, 'macro_majority': 0.6010252996005326, 'binary_majority': 0.24, 'run_time_millis': 3304.5808584429324, 'loss_mean': 0.03101787157356739}
Epoch 2 **** Loss 0.016306601464748383 **** Metrics validation: {'accuracy': 0.8975591005189314, 'f1_weighted': 0.9277899771428756, 'macro': 0.6008069943153985, 'micro': 0.8975591005189314, 'binary': 0.25662482566248257, 'accuracy_majority': 0.9004438807863031, 'macro_majority': 0.5866993404590245, 'binary_majority': 0.22660098522167488, 'run_time_millis': 1879.4037457555532, 'loss_mean': 0.032607316970825195}
Epoch 3 **** Loss 0.012489828281104565 **** Metrics validation: {'accuracy': 0.9260042283298098, 'f1_weighted': 0.9440503537949734, 'macro': 0.6220214795195081, 'micro': 0.9260042283298098, 'binary': 0.28305400372439476, 'accuracy_majority': 0.932149651236525, 'macro_majority': 0.6231359367497125, 'binary_majority': 0.28187919463087246, 'run_time_millis': 3995.480688754469, 'loss_mean': 0.04409150406718254}
Epoch 4 **** Loss 0.02089829556643963 **** Metrics validation: {'accuracy': 0.8954449356140688, 'f1_weighted': 0.9265637548659371, 'macro': 0.5992864706915004, 'micro': 0.8954449356140688, 'binary': 0.2547945205479452, 'accuracy_majority': 0.8972733037412809, 'macro_majority': 0.5830820147266176, 'binary_majority': 0.22115384615384615, 'run_time_millis': 3974.3867213837802, 'loss_mean': 0.042225245386362076}
Epoch 5 **** Loss 0.012452047318220139 **** Metrics validation: {'accuracy': 0.9417643667115125, 'f1_weighted': 0.9528177485631266, 'macro': 0.6333039094255359, 'micro': 0.9417643667115125, 'binary': 0.29698375870069604, 'accuracy_majority': 0.9492707672796449, 'macro_majority': 0.6420058568477447, 'binary_majority': 0.3103448275862069, 'run_time_millis': 3290.3703399933875, 'loss_mean': 0.07390124350786209}
Epoch 6 **** Loss 0.0021045368630439043 **** Metrics validation: {'accuracy': 0.9290793772823371, 'f1_weighted': 0.9455342156253529, 'macro': 0.6188825452256475, 'micro': 0.9290793772823371, 'binary': 0.27504911591355596, 'accuracy_majority': 0.9346861128725428, 'macro_majority': 0.6176591743108468, 'binary_majority': 0.2695035460992908, 'run_time_millis': 4004.808889236301, 'loss_mean': 0.06196298077702522}
Epoch 7 **** Loss 0.005188030190765858 **** Metrics validation: {'accuracy': 0.9473380741879684, 'f1_weighted': 0.9558575401271795, 'macro': 0.6368293572671728, 'micro': 0.9473380741879684, 'binary': 0.3010204081632653, 'accuracy_majority': 0.9562460367786937, 'macro_majority': 0.6537407757443843, 'binary_majority': 0.3300970873786408, 'run_time_millis': 2978.485856205225, 'loss_mean': 0.08785327523946762}
Epoch 8 **** Loss 0.0023822346702218056 **** Metrics validation: {'accuracy': 0.9442629252354411, 'f1_weighted': 0.9537950385995251, 'macro': 0.626592008331007, 'micro': 0.9442629252354411, 'binary': 0.28217821782178215, 'accuracy_majority': 0.953709575142676, 'macro_majority': 0.6468995089393889, 'binary_majority': 0.31775700934579443, 'run_time_millis': 3995.528619736433, 'loss_mean': 0.0881047248840332}
Epoch 9 **** Loss 0.014355463907122612 **** Metrics validation: {'accuracy': 0.9486834518546993, 'f1_weighted': 0.9561676170618545, 'macro': 0.6287850629116943, 'micro': 0.9486834518546993, 'binary': 0.28418230563002683, 'accuracy_majority': 0.9568801521876982, 'macro_majority': 0.641935570039534, 'binary_majority': 0.3061224489795918, 'run_time_millis': 3988.846904132515, 'loss_mean': 0.09903700649738312}
Evaluating
{'accuracy': 0.9486834518546993, 'f1_weighted': 0.9561676170618545, 'macro': 0.6287850629116943, 'micro': 0.9486834518546993, 'binary': 0.28418230563002683, 'accuracy_majority': 0.9568801521876982, 'macro_majority': 0.641935570039534, 'binary_majority': 0.3061224489795918, 'run_time_millis': 2995.1394740492105, 'loss_mean': 0.09903700649738312}
