Device cuda
DATASET: GE'fear, MODEL: uid, 
Split type sit
DATASET: GE'fear, MODEL: uid, PERCENTAGE: False, NUM_COMMENTS_PER_ANNO: 219
Training Size: 13253, NTA labels 13077, YTA labels 176
Validation Size: 4401, NTA labels 4326, YTA labels 75
Test Size: 4212, NTA labels 4139, YTA labels 73
Training with SBERT, model name is sbert
Tokenizing the dataset
Number of training steps 4150
Epoch 0 **** Loss 0.004150658380240202 **** Metrics validation: {'accuracy': 0.8979777323335606, 'f1_weighted': 0.9329107797652576, 'macro': 0.5767947494723451, 'micro': 0.8979777323335607, 'binary': 0.20811287477954143, 'accuracy_majority': 0.9014844804318488, 'macro_majority': 0.5636851996741331, 'binary_majority': 0.1797752808988764, 'run_time_millis': 3881.193854031153, 'loss_mean': 0.016542060300707817}
Epoch 1 **** Loss 0.021458949893712997 **** Metrics validation: {'accuracy': 0.9256987048398091, 'f1_weighted': 0.9488716952032445, 'macro': 0.6080122417950637, 'micro': 0.9256987048398091, 'binary': 0.255125284738041, 'accuracy_majority': 0.9304993252361673, 'macro_majority': 0.600314206040611, 'binary_majority': 0.237037037037037, 'run_time_millis': 3879.570613033138, 'loss_mean': 0.01803603023290634}
Epoch 2 **** Loss 0.04490092396736145 **** Metrics validation: {'accuracy': 0.9452397182458532, 'f1_weighted': 0.9600213330485037, 'macro': 0.6344428640015275, 'micro': 0.9452397182458532, 'binary': 0.29737609329446063, 'accuracy_majority': 0.9493927125506073, 'macro_majority': 0.6297406685654325, 'binary_majority': 0.2857142857142857, 'run_time_millis': 3917.085353983566, 'loss_mean': 0.02258841134607792}
Epoch 3 **** Loss 0.00044472399167716503 **** Metrics validation: {'accuracy': 0.9541013406044081, 'f1_weighted': 0.9652416085978264, 'macro': 0.6536805609661083, 'micro': 0.9541013406044081, 'binary': 0.33112582781456945, 'accuracy_majority': 0.9574898785425101, 'macro_majority': 0.6428820048729551, 'binary_majority': 0.30769230769230765, 'run_time_millis': 2904.639294021763, 'loss_mean': 0.02972913533449173}
Epoch 4 **** Loss 0.0007117235800251365 **** Metrics validation: {'accuracy': 0.9525107930015906, 'f1_weighted': 0.9642843601048098, 'macro': 0.6495080471753437, 'micro': 0.9525107930015906, 'binary': 0.3236245954692556, 'accuracy_majority': 0.9568151147098516, 'macro_majority': 0.6484246423011343, 'binary_majority': 0.3191489361702128, 'run_time_millis': 3874.586448073387, 'loss_mean': 0.03148018941283226}
Epoch 5 **** Loss 3.987854870501906e-05 **** Metrics validation: {'accuracy': 0.9643262894796637, 'f1_weighted': 0.971128805029035, 'macro': 0.6730103143034947, 'micro': 0.9643262894796636, 'binary': 0.3643724696356275, 'accuracy_majority': 0.9676113360323887, 'macro_majority': 0.6673711774057794, 'binary_majority': 0.3513513513513513, 'run_time_millis': 3856.428939034231, 'loss_mean': 0.04194376617670059}
Epoch 6 **** Loss 9.25029962672852e-05 **** Metrics validation: {'accuracy': 0.9615996364462622, 'f1_weighted': 0.9695157028159995, 'macro': 0.6663517556290348, 'micro': 0.9615996364462622, 'binary': 0.35249042145593873, 'accuracy_majority': 0.9649122807017544, 'macro_majority': 0.6576576576576576, 'binary_majority': 0.3333333333333333, 'run_time_millis': 3904.376310063526, 'loss_mean': 0.04348541796207428}
Epoch 7 **** Loss 0.00018820082186721265 **** Metrics validation: {'accuracy': 0.9652351738241309, 'f1_weighted': 0.9714394957254413, 'macro': 0.6682834910993372, 'micro': 0.9652351738241309, 'binary': 0.35443037974683544, 'accuracy_majority': 0.9682860998650472, 'macro_majority': 0.6608910288554695, 'binary_majority': 0.3380281690140845, 'run_time_millis': 3942.750336951576, 'loss_mean': 0.04878046736121178}
Epoch 8 **** Loss 0.00025740257115103304 **** Metrics validation: {'accuracy': 0.9654623949102477, 'f1_weighted': 0.9715818901788394, 'macro': 0.6690938159139207, 'micro': 0.9654623949102477, 'binary': 0.3559322033898305, 'accuracy_majority': 0.9689608636977058, 'macro_majority': 0.663481093888834, 'binary_majority': 0.34285714285714286, 'run_time_millis': 1810.4546619579196, 'loss_mean': 0.050661198794841766}
Epoch 9 **** Loss 2.4650818886584602e-05 **** Metrics validation: {'accuracy': 0.9668257214269484, 'f1_weighted': 0.9724403581989746, 'macro': 0.6740925967254356, 'micro': 0.9668257214269484, 'binary': 0.3652173913043478, 'accuracy_majority': 0.970310391363023, 'macro_majority': 0.6688739031524212, 'binary_majority': 0.35294117647058826, 'run_time_millis': 3863.097036955878, 'loss_mean': 0.05063806101679802}
Evaluating
{'accuracy': 0.9668257214269484, 'f1_weighted': 0.9724403581989746, 'macro': 0.6740925967254356, 'micro': 0.9668257214269484, 'binary': 0.3652173913043478, 'accuracy_majority': 0.970310391363023, 'macro_majority': 0.6688739031524212, 'binary_majority': 0.35294117647058826, 'run_time_millis': 3832.319526001811, 'loss_mean': 0.05063806101679802}
