Device cuda
Split type sit
Training Size: 168, NTA labels 168, YTA labels 0
Validation Size: 567, NTA labels 567, YTA labels 0
Test Size: 567, NTA labels 567, YTA labels 0
Training with SBERT, model name is sbert
Tokenizing the dataset
Number of training steps 60
Epoch 0 **** Loss 0.11941950023174286 **** Metrics validation: {'accuracy': 1.0, 'f1_weighted': 1.0, 'macro': 1.0, 'micro': 1.0, 'binary': 0.0, 'accuracy_majority': 1.0, 'macro_majority': 1.0, 'binary_majority': 0.0, 'run_time_millis': 2699.2728628683835, 'loss_mean': 0.0741267204284668}
Epoch 1 **** Loss 0.027492079883813858 **** Metrics validation: {'accuracy': 1.0, 'f1_weighted': 1.0, 'macro': 1.0, 'micro': 1.0, 'binary': 0.0, 'accuracy_majority': 1.0, 'macro_majority': 1.0, 'binary_majority': 0.0, 'run_time_millis': 2800.668887095526, 'loss_mean': 0.01624840497970581}
Epoch 2 **** Loss 0.011156524531543255 **** Metrics validation: {'accuracy': 1.0, 'f1_weighted': 1.0, 'macro': 1.0, 'micro': 1.0, 'binary': 0.0, 'accuracy_majority': 1.0, 'macro_majority': 1.0, 'binary_majority': 0.0, 'run_time_millis': 3718.821468995884, 'loss_mean': 0.007122266571968794}
Epoch 3 **** Loss 0.006537756882607937 **** Metrics validation: {'accuracy': 1.0, 'f1_weighted': 1.0, 'macro': 1.0, 'micro': 1.0, 'binary': 0.0, 'accuracy_majority': 1.0, 'macro_majority': 1.0, 'binary_majority': 0.0, 'run_time_millis': 3747.121995082125, 'loss_mean': 0.0042382036335766315}
Epoch 4 **** Loss 0.004602546337991953 **** Metrics validation: {'accuracy': 1.0, 'f1_weighted': 1.0, 'macro': 1.0, 'micro': 1.0, 'binary': 0.0, 'accuracy_majority': 1.0, 'macro_majority': 1.0, 'binary_majority': 0.0, 'run_time_millis': 2515.491266036406, 'loss_mean': 0.002952474169433117}
Epoch 5 **** Loss 0.004809093661606312 **** Metrics validation: {'accuracy': 1.0, 'f1_weighted': 1.0, 'macro': 1.0, 'micro': 1.0, 'binary': 0.0, 'accuracy_majority': 1.0, 'macro_majority': 1.0, 'binary_majority': 0.0, 'run_time_millis': 3728.7074408959597, 'loss_mean': 0.00234055845066905}
Epoch 6 **** Loss 0.0029706975910812616 **** Metrics validation: {'accuracy': 1.0, 'f1_weighted': 1.0, 'macro': 1.0, 'micro': 1.0, 'binary': 0.0, 'accuracy_majority': 1.0, 'macro_majority': 1.0, 'binary_majority': 0.0, 'run_time_millis': 3739.6711208857596, 'loss_mean': 0.0020253725815564394}
Epoch 7 **** Loss 0.003227035515010357 **** Metrics validation: {'accuracy': 1.0, 'f1_weighted': 1.0, 'macro': 1.0, 'micro': 1.0, 'binary': 0.0, 'accuracy_majority': 1.0, 'macro_majority': 1.0, 'binary_majority': 0.0, 'run_time_millis': 3729.84341904521, 'loss_mean': 0.0018551676766946912}
Epoch 8 **** Loss 0.002872527576982975 **** Metrics validation: {'accuracy': 1.0, 'f1_weighted': 1.0, 'macro': 1.0, 'micro': 1.0, 'binary': 0.0, 'accuracy_majority': 1.0, 'macro_majority': 1.0, 'binary_majority': 0.0, 'run_time_millis': 2873.9872889127582, 'loss_mean': 0.0017683287151157856}
Epoch 9 **** Loss 0.004528009332716465 **** Metrics validation: {'accuracy': 1.0, 'f1_weighted': 1.0, 'macro': 1.0, 'micro': 1.0, 'binary': 0.0, 'accuracy_majority': 1.0, 'macro_majority': 1.0, 'binary_majority': 0.0, 'run_time_millis': 3717.303696088493, 'loss_mean': 0.0017401141813024879}
Evaluating
{'accuracy': 1.0, 'f1_weighted': 1.0, 'macro': 1.0, 'micro': 1.0, 'binary': 0.0, 'accuracy_majority': 1.0, 'macro_majority': 1.0, 'binary_majority': 0.0, 'run_time_millis': 3738.957819994539, 'loss_mean': 0.0741267204284668}
Device cuda
Split type sit
Training Size: 339, NTA labels 339, YTA labels 0
Validation Size: 567, NTA labels 567, YTA labels 0
Test Size: 567, NTA labels 567, YTA labels 0
Training with SBERT, model name is sbert
Tokenizing the dataset
Number of training steps 110
Epoch 0 **** Loss 0.04463241994380951 **** Metrics validation: {'accuracy': 1.0, 'f1_weighted': 1.0, 'macro': 1.0, 'micro': 1.0, 'binary': 0.0, 'accuracy_majority': 1.0, 'macro_majority': 1.0, 'binary_majority': 0.0, 'run_time_millis': 3720.508314901963, 'loss_mean': 0.023687314242124557}
Epoch 1 **** Loss 0.007937410846352577 **** Metrics validation: {'accuracy': 1.0, 'f1_weighted': 1.0, 'macro': 1.0, 'micro': 1.0, 'binary': 0.0, 'accuracy_majority': 1.0, 'macro_majority': 1.0, 'binary_majority': 0.0, 'run_time_millis': 3719.694942003116, 'loss_mean': 0.004666090942919254}
Epoch 2 **** Loss 0.0032692947424948215 **** Metrics validation: {'accuracy': 1.0, 'f1_weighted': 1.0, 'macro': 1.0, 'micro': 1.0, 'binary': 0.0, 'accuracy_majority': 1.0, 'macro_majority': 1.0, 'binary_majority': 0.0, 'run_time_millis': 3615.417483029887, 'loss_mean': 0.0021070106886327267}
Epoch 3 **** Loss 0.002643166808411479 **** Metrics validation: {'accuracy': 1.0, 'f1_weighted': 1.0, 'macro': 1.0, 'micro': 1.0, 'binary': 0.0, 'accuracy_majority': 1.0, 'macro_majority': 1.0, 'binary_majority': 0.0, 'run_time_millis': 2764.8451949935406, 'loss_mean': 0.001375972875393927}
Epoch 4 **** Loss 0.0022370878141373396 **** Metrics validation: {'accuracy': 1.0, 'f1_weighted': 1.0, 'macro': 1.0, 'micro': 1.0, 'binary': 0.0, 'accuracy_majority': 1.0, 'macro_majority': 1.0, 'binary_majority': 0.0, 'run_time_millis': 3721.1221451871097, 'loss_mean': 0.0010678789112716913}
Epoch 5 **** Loss 0.0018502293387427926 **** Metrics validation: {'accuracy': 1.0, 'f1_weighted': 1.0, 'macro': 1.0, 'micro': 1.0, 'binary': 0.0, 'accuracy_majority': 1.0, 'macro_majority': 1.0, 'binary_majority': 0.0, 'run_time_millis': 3689.399324823171, 'loss_mean': 0.0009060073643922806}
Epoch 6 **** Loss 0.001275479095056653 **** Metrics validation: {'accuracy': 1.0, 'f1_weighted': 1.0, 'macro': 1.0, 'micro': 1.0, 'binary': 0.0, 'accuracy_majority': 1.0, 'macro_majority': 1.0, 'binary_majority': 0.0, 'run_time_millis': 2528.0055589973927, 'loss_mean': 0.0008104948792606592}
Epoch 7 **** Loss 0.0014299300964921713 **** Metrics validation: {'accuracy': 1.0, 'f1_weighted': 1.0, 'macro': 1.0, 'micro': 1.0, 'binary': 0.0, 'accuracy_majority': 1.0, 'macro_majority': 1.0, 'binary_majority': 0.0, 'run_time_millis': 3710.657883202657, 'loss_mean': 0.0007517475169152021}
Epoch 8 **** Loss 0.001383872120641172 **** Metrics validation: {'accuracy': 1.0, 'f1_weighted': 1.0, 'macro': 1.0, 'micro': 1.0, 'binary': 0.0, 'accuracy_majority': 1.0, 'macro_majority': 1.0, 'binary_majority': 0.0, 'run_time_millis': 2919.401679886505, 'loss_mean': 0.0007195068756118417}
Epoch 9 **** Loss 0.001746067893691361 **** Metrics validation: {'accuracy': 1.0, 'f1_weighted': 1.0, 'macro': 1.0, 'micro': 1.0, 'binary': 0.0, 'accuracy_majority': 1.0, 'macro_majority': 1.0, 'binary_majority': 0.0, 'run_time_millis': 3720.5668659880757, 'loss_mean': 0.0007081102812662721}
Evaluating
{'accuracy': 1.0, 'f1_weighted': 1.0, 'macro': 1.0, 'micro': 1.0, 'binary': 0.0, 'accuracy_majority': 1.0, 'macro_majority': 1.0, 'binary_majority': 0.0, 'run_time_millis': 1897.514346987009, 'loss_mean': 0.023687314242124557}
Device cuda
Split type sit
Training Size: 507, NTA labels 507, YTA labels 0
Validation Size: 567, NTA labels 567, YTA labels 0
Test Size: 567, NTA labels 567, YTA labels 0
Training with SBERT, model name is sbert
Tokenizing the dataset
Number of training steps 160
Epoch 0 **** Loss 0.02173575572669506 **** Metrics validation: {'accuracy': 1.0, 'f1_weighted': 1.0, 'macro': 1.0, 'micro': 1.0, 'binary': 0.0, 'accuracy_majority': 1.0, 'macro_majority': 1.0, 'binary_majority': 0.0, 'run_time_millis': 3722.157440846786, 'loss_mean': 0.014285377226769924}
Epoch 1 **** Loss 0.005379575304687023 **** Metrics validation: {'accuracy': 1.0, 'f1_weighted': 1.0, 'macro': 1.0, 'micro': 1.0, 'binary': 0.0, 'accuracy_majority': 1.0, 'macro_majority': 1.0, 'binary_majority': 0.0, 'run_time_millis': 3723.9781089592725, 'loss_mean': 0.002919882070273161}
Epoch 2 **** Loss 0.0026444524992257357 **** Metrics validation: {'accuracy': 1.0, 'f1_weighted': 1.0, 'macro': 1.0, 'micro': 1.0, 'binary': 0.0, 'accuracy_majority': 1.0, 'macro_majority': 1.0, 'binary_majority': 0.0, 'run_time_millis': 2715.379621135071, 'loss_mean': 0.0014723201747983694}
Epoch 3 **** Loss 0.0018086328636854887 **** Metrics validation: {'accuracy': 1.0, 'f1_weighted': 1.0, 'macro': 1.0, 'micro': 1.0, 'binary': 0.0, 'accuracy_majority': 1.0, 'macro_majority': 1.0, 'binary_majority': 0.0, 'run_time_millis': 3724.9583539087325, 'loss_mean': 0.0010281436843797565}
Epoch 4 **** Loss 0.0015458631096407771 **** Metrics validation: {'accuracy': 1.0, 'f1_weighted': 1.0, 'macro': 1.0, 'micro': 1.0, 'binary': 0.0, 'accuracy_majority': 1.0, 'macro_majority': 1.0, 'binary_majority': 0.0, 'run_time_millis': 3722.893862053752, 'loss_mean': 0.0008142507285811007}
Epoch 5 **** Loss 0.0012895885156467557 **** Metrics validation: {'accuracy': 1.0, 'f1_weighted': 1.0, 'macro': 1.0, 'micro': 1.0, 'binary': 0.0, 'accuracy_majority': 1.0, 'macro_majority': 1.0, 'binary_majority': 0.0, 'run_time_millis': 3470.0766489841044, 'loss_mean': 0.0006906415801495314}
Epoch 6 **** Loss 0.0009721080423332751 **** Metrics validation: {'accuracy': 1.0, 'f1_weighted': 1.0, 'macro': 1.0, 'micro': 1.0, 'binary': 0.0, 'accuracy_majority': 1.0, 'macro_majority': 1.0, 'binary_majority': 0.0, 'run_time_millis': 3722.77839994058, 'loss_mean': 0.0006134023424237967}
Epoch 7 **** Loss 0.0010217525996267796 **** Metrics validation: {'accuracy': 1.0, 'f1_weighted': 1.0, 'macro': 1.0, 'micro': 1.0, 'binary': 0.0, 'accuracy_majority': 1.0, 'macro_majority': 1.0, 'binary_majority': 0.0, 'run_time_millis': 2771.9744939822704, 'loss_mean': 0.0005643663462251425}
Epoch 8 **** Loss 0.001011198852211237 **** Metrics validation: {'accuracy': 1.0, 'f1_weighted': 1.0, 'macro': 1.0, 'micro': 1.0, 'binary': 0.0, 'accuracy_majority': 1.0, 'macro_majority': 1.0, 'binary_majority': 0.0, 'run_time_millis': 3663.9962720219046, 'loss_mean': 0.0005377355264499784}
Epoch 9 **** Loss 0.0013239955296739936 **** Metrics validation: {'accuracy': 1.0, 'f1_weighted': 1.0, 'macro': 1.0, 'micro': 1.0, 'binary': 0.0, 'accuracy_majority': 1.0, 'macro_majority': 1.0, 'binary_majority': 0.0, 'run_time_millis': 3014.6164291072637, 'loss_mean': 0.0005288085085339844}
Evaluating
{'accuracy': 1.0, 'f1_weighted': 1.0, 'macro': 1.0, 'micro': 1.0, 'binary': 0.0, 'accuracy_majority': 1.0, 'macro_majority': 1.0, 'binary_majority': 0.0, 'run_time_millis': 3729.8252780456096, 'loss_mean': 0.014285377226769924}
Device cuda
Split type sit
Training Size: 678, NTA labels 678, YTA labels 0
Validation Size: 567, NTA labels 567, YTA labels 0
Test Size: 567, NTA labels 567, YTA labels 0
Training with SBERT, model name is sbert
Tokenizing the dataset
Number of training steps 220
Epoch 0 **** Loss 0.0061376518569886684 **** Metrics validation: {'accuracy': 1.0, 'f1_weighted': 1.0, 'macro': 1.0, 'micro': 1.0, 'binary': 0.0, 'accuracy_majority': 1.0, 'macro_majority': 1.0, 'binary_majority': 0.0, 'run_time_millis': 3721.0779830347747, 'loss_mean': 0.00334178633056581}
Epoch 1 **** Loss 0.0010425710352137685 **** Metrics validation: {'accuracy': 1.0, 'f1_weighted': 1.0, 'macro': 1.0, 'micro': 1.0, 'binary': 0.0, 'accuracy_majority': 1.0, 'macro_majority': 1.0, 'binary_majority': 0.0, 'run_time_millis': 3111.5070551168174, 'loss_mean': 0.0009097903966903687}
Epoch 2 **** Loss 0.0012960397871211171 **** Metrics validation: {'accuracy': 1.0, 'f1_weighted': 1.0, 'macro': 1.0, 'micro': 1.0, 'binary': 0.0, 'accuracy_majority': 1.0, 'macro_majority': 1.0, 'binary_majority': 0.0, 'run_time_millis': 2704.631265019998, 'loss_mean': 0.0005580420838668942}
Epoch 3 **** Loss 0.0006547416560351849 **** Metrics validation: {'accuracy': 1.0, 'f1_weighted': 1.0, 'macro': 1.0, 'micro': 1.0, 'binary': 0.0, 'accuracy_majority': 1.0, 'macro_majority': 1.0, 'binary_majority': 0.0, 'run_time_millis': 3719.759254017845, 'loss_mean': 0.0004185693396721035}
Epoch 4 **** Loss 0.0006625093519687653 **** Metrics validation: {'accuracy': 1.0, 'f1_weighted': 1.0, 'macro': 1.0, 'micro': 1.0, 'binary': 0.0, 'accuracy_majority': 1.0, 'macro_majority': 1.0, 'binary_majority': 0.0, 'run_time_millis': 2857.1982299908996, 'loss_mean': 0.0003412108635529876}
Epoch 5 **** Loss 0.0007520832004956901 **** Metrics validation: {'accuracy': 1.0, 'f1_weighted': 1.0, 'macro': 1.0, 'micro': 1.0, 'binary': 0.0, 'accuracy_majority': 1.0, 'macro_majority': 1.0, 'binary_majority': 0.0, 'run_time_millis': 3727.230498800054, 'loss_mean': 0.00029209384229034185}
Epoch 6 **** Loss 0.0005789828719571233 **** Metrics validation: {'accuracy': 1.0, 'f1_weighted': 1.0, 'macro': 1.0, 'micro': 1.0, 'binary': 0.0, 'accuracy_majority': 1.0, 'macro_majority': 1.0, 'binary_majority': 0.0, 'run_time_millis': 3716.4327420759946, 'loss_mean': 0.00026075413916260004}
Epoch 7 **** Loss 0.0006877313717268407 **** Metrics validation: {'accuracy': 1.0, 'f1_weighted': 1.0, 'macro': 1.0, 'micro': 1.0, 'binary': 0.0, 'accuracy_majority': 1.0, 'macro_majority': 1.0, 'binary_majority': 0.0, 'run_time_millis': 2198.72720586136, 'loss_mean': 0.00024157566076610237}
Epoch 8 **** Loss 0.00048502429854124784 **** Metrics validation: {'accuracy': 1.0, 'f1_weighted': 1.0, 'macro': 1.0, 'micro': 1.0, 'binary': 0.0, 'accuracy_majority': 1.0, 'macro_majority': 1.0, 'binary_majority': 0.0, 'run_time_millis': 3720.4946849960834, 'loss_mean': 0.00023042113753035665}
Epoch 9 **** Loss 0.0010260231792926788 **** Metrics validation: {'accuracy': 1.0, 'f1_weighted': 1.0, 'macro': 1.0, 'micro': 1.0, 'binary': 0.0, 'accuracy_majority': 1.0, 'macro_majority': 1.0, 'binary_majority': 0.0, 'run_time_millis': 3722.0139880664647, 'loss_mean': 0.00022667025041300803}
Evaluating
{'accuracy': 1.0, 'f1_weighted': 1.0, 'macro': 1.0, 'micro': 1.0, 'binary': 0.0, 'accuracy_majority': 1.0, 'macro_majority': 1.0, 'binary_majority': 0.0, 'run_time_millis': 2705.91908483766, 'loss_mean': 0.00334178633056581}
Device cuda
Split type sit
Training Size: 846, NTA labels 846, YTA labels 0
Validation Size: 567, NTA labels 567, YTA labels 0
Test Size: 567, NTA labels 567, YTA labels 0
Training with SBERT, model name is sbert
Tokenizing the dataset
Number of training steps 270
Epoch 0 **** Loss 0.0026410885620862246 **** Metrics validation: {'accuracy': 1.0, 'f1_weighted': 1.0, 'macro': 1.0, 'micro': 1.0, 'binary': 0.0, 'accuracy_majority': 1.0, 'macro_majority': 1.0, 'binary_majority': 0.0, 'run_time_millis': 3724.785340949893, 'loss_mean': 0.0017340449849143624}
Epoch 1 **** Loss 0.0013795631239190698 **** Metrics validation: {'accuracy': 1.0, 'f1_weighted': 1.0, 'macro': 1.0, 'micro': 1.0, 'binary': 0.0, 'accuracy_majority': 1.0, 'macro_majority': 1.0, 'binary_majority': 0.0, 'run_time_millis': 3836.271761916578, 'loss_mean': 0.0006669486174359918}
Epoch 2 **** Loss 0.0007900097407400608 **** Metrics validation: {'accuracy': 1.0, 'f1_weighted': 1.0, 'macro': 1.0, 'micro': 1.0, 'binary': 0.0, 'accuracy_majority': 1.0, 'macro_majority': 1.0, 'binary_majority': 0.0, 'run_time_millis': 3060.9447348397225, 'loss_mean': 0.0004315490077715367}
Epoch 3 **** Loss 0.0008716309093870223 **** Metrics validation: {'accuracy': 1.0, 'f1_weighted': 1.0, 'macro': 1.0, 'micro': 1.0, 'binary': 0.0, 'accuracy_majority': 1.0, 'macro_majority': 1.0, 'binary_majority': 0.0, 'run_time_millis': 3728.4401580691338, 'loss_mean': 0.0003233320312574506}
Epoch 4 **** Loss 0.0004012961289845407 **** Metrics validation: {'accuracy': 1.0, 'f1_weighted': 1.0, 'macro': 1.0, 'micro': 1.0, 'binary': 0.0, 'accuracy_majority': 1.0, 'macro_majority': 1.0, 'binary_majority': 0.0, 'run_time_millis': 3722.6130270864815, 'loss_mean': 0.00025945919333025813}
Epoch 5 **** Loss 0.0005144908209331334 **** Metrics validation: {'accuracy': 1.0, 'f1_weighted': 1.0, 'macro': 1.0, 'micro': 1.0, 'binary': 0.0, 'accuracy_majority': 1.0, 'macro_majority': 1.0, 'binary_majority': 0.0, 'run_time_millis': 3319.2671020515263, 'loss_mean': 0.00022089571575634181}
Epoch 6 **** Loss 0.00048295347369275987 **** Metrics validation: {'accuracy': 1.0, 'f1_weighted': 1.0, 'macro': 1.0, 'micro': 1.0, 'binary': 0.0, 'accuracy_majority': 1.0, 'macro_majority': 1.0, 'binary_majority': 0.0, 'run_time_millis': 3718.5314539819956, 'loss_mean': 0.00019514033920131624}
Epoch 7 **** Loss 0.00036159431328997016 **** Metrics validation: {'accuracy': 1.0, 'f1_weighted': 1.0, 'macro': 1.0, 'micro': 1.0, 'binary': 0.0, 'accuracy_majority': 1.0, 'macro_majority': 1.0, 'binary_majority': 0.0, 'run_time_millis': 3721.8905561603606, 'loss_mean': 0.00017888244474306703}
Epoch 8 **** Loss 0.00046553052379749715 **** Metrics validation: {'accuracy': 1.0, 'f1_weighted': 1.0, 'macro': 1.0, 'micro': 1.0, 'binary': 0.0, 'accuracy_majority': 1.0, 'macro_majority': 1.0, 'binary_majority': 0.0, 'run_time_millis': 2707.8397050499916, 'loss_mean': 0.00016966690600384027}
Epoch 9 **** Loss 0.00037126385723240674 **** Metrics validation: {'accuracy': 1.0, 'f1_weighted': 1.0, 'macro': 1.0, 'micro': 1.0, 'binary': 0.0, 'accuracy_majority': 1.0, 'macro_majority': 1.0, 'binary_majority': 0.0, 'run_time_millis': 1694.864829070866, 'loss_mean': 0.00016668761963956058}
Evaluating
{'accuracy': 1.0, 'f1_weighted': 1.0, 'macro': 1.0, 'micro': 1.0, 'binary': 0.0, 'accuracy_majority': 1.0, 'macro_majority': 1.0, 'binary_majority': 0.0, 'run_time_millis': 3723.4781209845096, 'loss_mean': 0.0017340449849143624}
Device cuda
Split type sit
Training Size: 1017, NTA labels 1017, YTA labels 0
Validation Size: 567, NTA labels 567, YTA labels 0
Test Size: 567, NTA labels 567, YTA labels 0
Training with SBERT, model name is sbert
Tokenizing the dataset
Number of training steps 320
Epoch 0 **** Loss 0.003787707071751356 **** Metrics validation: {'accuracy': 1.0, 'f1_weighted': 1.0, 'macro': 1.0, 'micro': 1.0, 'binary': 0.0, 'accuracy_majority': 1.0, 'macro_majority': 1.0, 'binary_majority': 0.0, 'run_time_millis': 3723.38697896339, 'loss_mean': 0.002007060218602419}
Epoch 1 **** Loss 0.0010902328649535775 **** Metrics validation: {'accuracy': 1.0, 'f1_weighted': 1.0, 'macro': 1.0, 'micro': 1.0, 'binary': 0.0, 'accuracy_majority': 1.0, 'macro_majority': 1.0, 'binary_majority': 0.0, 'run_time_millis': 3722.003657836467, 'loss_mean': 0.0006955437711440027}
Epoch 2 **** Loss 0.0007137461216188967 **** Metrics validation: {'accuracy': 1.0, 'f1_weighted': 1.0, 'macro': 1.0, 'micro': 1.0, 'binary': 0.0, 'accuracy_majority': 1.0, 'macro_majority': 1.0, 'binary_majority': 0.0, 'run_time_millis': 2401.953022927046, 'loss_mean': 0.00043452822137624025}
Epoch 3 **** Loss 0.000572357268538326 **** Metrics validation: {'accuracy': 1.0, 'f1_weighted': 1.0, 'macro': 1.0, 'micro': 1.0, 'binary': 0.0, 'accuracy_majority': 1.0, 'macro_majority': 1.0, 'binary_majority': 0.0, 'run_time_millis': 3719.856745097786, 'loss_mean': 0.00031569896964356303}
Epoch 4 **** Loss 0.0004979366203770041 **** Metrics validation: {'accuracy': 1.0, 'f1_weighted': 1.0, 'macro': 1.0, 'micro': 1.0, 'binary': 0.0, 'accuracy_majority': 1.0, 'macro_majority': 1.0, 'binary_majority': 0.0, 'run_time_millis': 3722.827601013705, 'loss_mean': 0.000251010904321447}
Epoch 5 **** Loss 0.00047561171231791377 **** Metrics validation: {'accuracy': 1.0, 'f1_weighted': 1.0, 'macro': 1.0, 'micro': 1.0, 'binary': 0.0, 'accuracy_majority': 1.0, 'macro_majority': 1.0, 'binary_majority': 0.0, 'run_time_millis': 3717.892753891647, 'loss_mean': 0.00020997034152969718}
Epoch 6 **** Loss 0.00043395269312895834 **** Metrics validation: {'accuracy': 1.0, 'f1_weighted': 1.0, 'macro': 1.0, 'micro': 1.0, 'binary': 0.0, 'accuracy_majority': 1.0, 'macro_majority': 1.0, 'binary_majority': 0.0, 'run_time_millis': 3723.9356481004506, 'loss_mean': 0.00018529682711232454}
Epoch 7 **** Loss 0.0003547306405380368 **** Metrics validation: {'accuracy': 1.0, 'f1_weighted': 1.0, 'macro': 1.0, 'micro': 1.0, 'binary': 0.0, 'accuracy_majority': 1.0, 'macro_majority': 1.0, 'binary_majority': 0.0, 'run_time_millis': 3713.5986080393195, 'loss_mean': 0.0001694773673079908}
Epoch 8 **** Loss 0.0003612821165006608 **** Metrics validation: {'accuracy': 1.0, 'f1_weighted': 1.0, 'macro': 1.0, 'micro': 1.0, 'binary': 0.0, 'accuracy_majority': 1.0, 'macro_majority': 1.0, 'binary_majority': 0.0, 'run_time_millis': 3718.1273279711604, 'loss_mean': 0.00016037966997828335}
Epoch 9 **** Loss 0.00035626403405331075 **** Metrics validation: {'accuracy': 1.0, 'f1_weighted': 1.0, 'macro': 1.0, 'micro': 1.0, 'binary': 0.0, 'accuracy_majority': 1.0, 'macro_majority': 1.0, 'binary_majority': 0.0, 'run_time_millis': 3010.432685026899, 'loss_mean': 0.00015747810539323837}
Evaluating
{'accuracy': 1.0, 'f1_weighted': 1.0, 'macro': 1.0, 'micro': 1.0, 'binary': 0.0, 'accuracy_majority': 1.0, 'macro_majority': 1.0, 'binary_majority': 0.0, 'run_time_millis': 3013.120766961947, 'loss_mean': 0.002007060218602419}
Device cuda
Split type sit
Training Size: 1185, NTA labels 1185, YTA labels 0
Validation Size: 567, NTA labels 567, YTA labels 0
Test Size: 567, NTA labels 567, YTA labels 0
Training with SBERT, model name is sbert
Tokenizing the dataset
Number of training steps 380
Epoch 0 **** Loss 0.002735964022576809 **** Metrics validation: {'accuracy': 1.0, 'f1_weighted': 1.0, 'macro': 1.0, 'micro': 1.0, 'binary': 0.0, 'accuracy_majority': 1.0, 'macro_majority': 1.0, 'binary_majority': 0.0, 'run_time_millis': 3725.9003478102386, 'loss_mean': 0.0010340097360312939}
Epoch 1 **** Loss 0.0008054157951846719 **** Metrics validation: {'accuracy': 1.0, 'f1_weighted': 1.0, 'macro': 1.0, 'micro': 1.0, 'binary': 0.0, 'accuracy_majority': 1.0, 'macro_majority': 1.0, 'binary_majority': 0.0, 'run_time_millis': 3721.920117037371, 'loss_mean': 0.0004573902697302401}
Epoch 2 **** Loss 0.0005324772209860384 **** Metrics validation: {'accuracy': 1.0, 'f1_weighted': 1.0, 'macro': 1.0, 'micro': 1.0, 'binary': 0.0, 'accuracy_majority': 1.0, 'macro_majority': 1.0, 'binary_majority': 0.0, 'run_time_millis': 3717.2839450649917, 'loss_mean': 0.0002949319896288216}
Epoch 3 **** Loss 0.00030835886718705297 **** Metrics validation: {'accuracy': 1.0, 'f1_weighted': 1.0, 'macro': 1.0, 'micro': 1.0, 'binary': 0.0, 'accuracy_majority': 1.0, 'macro_majority': 1.0, 'binary_majority': 0.0, 'run_time_millis': 3721.9782590400428, 'loss_mean': 0.00021297443890944123}
Epoch 4 **** Loss 9.831535862758756e-05 **** Metrics validation: {'accuracy': 1.0, 'f1_weighted': 1.0, 'macro': 1.0, 'micro': 1.0, 'binary': 0.0, 'accuracy_majority': 1.0, 'macro_majority': 1.0, 'binary_majority': 0.0, 'run_time_millis': 3329.0457990951836, 'loss_mean': 0.00016709539340808988}
Epoch 5 **** Loss 0.0001710040378384292 **** Metrics validation: {'accuracy': 1.0, 'f1_weighted': 1.0, 'macro': 1.0, 'micro': 1.0, 'binary': 0.0, 'accuracy_majority': 1.0, 'macro_majority': 1.0, 'binary_majority': 0.0, 'run_time_millis': 3736.066616140306, 'loss_mean': 0.00013907656830269843}
Epoch 6 **** Loss 7.169679884100333e-05 **** Metrics validation: {'accuracy': 1.0, 'f1_weighted': 1.0, 'macro': 1.0, 'micro': 1.0, 'binary': 0.0, 'accuracy_majority': 1.0, 'macro_majority': 1.0, 'binary_majority': 0.0, 'run_time_millis': 2725.591687951237, 'loss_mean': 0.00012062223686370999}
Epoch 7 **** Loss 0.00019946599786635488 **** Metrics validation: {'accuracy': 1.0, 'f1_weighted': 1.0, 'macro': 1.0, 'micro': 1.0, 'binary': 0.0, 'accuracy_majority': 1.0, 'macro_majority': 1.0, 'binary_majority': 0.0, 'run_time_millis': 3741.1985548678786, 'loss_mean': 0.00010957627091556787}
Epoch 8 **** Loss 0.00034864182816818357 **** Metrics validation: {'accuracy': 1.0, 'f1_weighted': 1.0, 'macro': 1.0, 'micro': 1.0, 'binary': 0.0, 'accuracy_majority': 1.0, 'macro_majority': 1.0, 'binary_majority': 0.0, 'run_time_millis': 3421.2507088668644, 'loss_mean': 0.00010328750067856163}
Epoch 9 **** Loss 4.033328877994791e-05 **** Metrics validation: {'accuracy': 1.0, 'f1_weighted': 1.0, 'macro': 1.0, 'micro': 1.0, 'binary': 0.0, 'accuracy_majority': 1.0, 'macro_majority': 1.0, 'binary_majority': 0.0, 'run_time_millis': 2817.343689966947, 'loss_mean': 0.00010119713260792196}
Evaluating
{'accuracy': 1.0, 'f1_weighted': 1.0, 'macro': 1.0, 'micro': 1.0, 'binary': 0.0, 'accuracy_majority': 1.0, 'macro_majority': 1.0, 'binary_majority': 0.0, 'run_time_millis': 3728.770724032074, 'loss_mean': 0.0010340097360312939}
Device cuda
Split type sit
Training Size: 1356, NTA labels 1356, YTA labels 0
Validation Size: 567, NTA labels 567, YTA labels 0
Test Size: 567, NTA labels 567, YTA labels 0
Training with SBERT, model name is sbert
Tokenizing the dataset
Number of training steps 430
Epoch 0 **** Loss 0.0014815772883594036 **** Metrics validation: {'accuracy': 1.0, 'f1_weighted': 1.0, 'macro': 1.0, 'micro': 1.0, 'binary': 0.0, 'accuracy_majority': 1.0, 'macro_majority': 1.0, 'binary_majority': 0.0, 'run_time_millis': 3732.146075926721, 'loss_mean': 0.0008050421020016074}
Epoch 1 **** Loss 0.0006000334396958351 **** Metrics validation: {'accuracy': 1.0, 'f1_weighted': 1.0, 'macro': 1.0, 'micro': 1.0, 'binary': 0.0, 'accuracy_majority': 1.0, 'macro_majority': 1.0, 'binary_majority': 0.0, 'run_time_millis': 3427.61581717059, 'loss_mean': 0.0003598093753680587}
Epoch 2 **** Loss 0.0004629066679626703 **** Metrics validation: {'accuracy': 1.0, 'f1_weighted': 1.0, 'macro': 1.0, 'micro': 1.0, 'binary': 0.0, 'accuracy_majority': 1.0, 'macro_majority': 1.0, 'binary_majority': 0.0, 'run_time_millis': 3019.5793339516968, 'loss_mean': 0.0002270907280035317}
Epoch 3 **** Loss 0.0003052162937819958 **** Metrics validation: {'accuracy': 1.0, 'f1_weighted': 1.0, 'macro': 1.0, 'micro': 1.0, 'binary': 0.0, 'accuracy_majority': 1.0, 'macro_majority': 1.0, 'binary_majority': 0.0, 'run_time_millis': 3731.644917977974, 'loss_mean': 0.00016280943236779422}
Epoch 4 **** Loss 0.00029735060525126755 **** Metrics validation: {'accuracy': 1.0, 'f1_weighted': 1.0, 'macro': 1.0, 'micro': 1.0, 'binary': 0.0, 'accuracy_majority': 1.0, 'macro_majority': 1.0, 'binary_majority': 0.0, 'run_time_millis': 3736.828458029777, 'loss_mean': 0.00012687953130807728}
Epoch 5 **** Loss 0.00016059349582064897 **** Metrics validation: {'accuracy': 1.0, 'f1_weighted': 1.0, 'macro': 1.0, 'micro': 1.0, 'binary': 0.0, 'accuracy_majority': 1.0, 'macro_majority': 1.0, 'binary_majority': 0.0, 'run_time_millis': 3725.9353608824313, 'loss_mean': 0.00010408006346551701}
Epoch 6 **** Loss 0.00035815322189591825 **** Metrics validation: {'accuracy': 1.0, 'f1_weighted': 1.0, 'macro': 1.0, 'micro': 1.0, 'binary': 0.0, 'accuracy_majority': 1.0, 'macro_majority': 1.0, 'binary_majority': 0.0, 'run_time_millis': 2871.3949520606548, 'loss_mean': 9.030313231050968e-05}
Epoch 7 **** Loss 0.00022852914116811007 **** Metrics validation: {'accuracy': 1.0, 'f1_weighted': 1.0, 'macro': 1.0, 'micro': 1.0, 'binary': 0.0, 'accuracy_majority': 1.0, 'macro_majority': 1.0, 'binary_majority': 0.0, 'run_time_millis': 3727.5776248425245, 'loss_mean': 8.135547977872193e-05}
Epoch 8 **** Loss 0.0002015188365476206 **** Metrics validation: {'accuracy': 1.0, 'f1_weighted': 1.0, 'macro': 1.0, 'micro': 1.0, 'binary': 0.0, 'accuracy_majority': 1.0, 'macro_majority': 1.0, 'binary_majority': 0.0, 'run_time_millis': 3745.2808879315853, 'loss_mean': 7.643225399078801e-05}
Epoch 9 **** Loss 0.00014660978922620416 **** Metrics validation: {'accuracy': 1.0, 'f1_weighted': 1.0, 'macro': 1.0, 'micro': 1.0, 'binary': 0.0, 'accuracy_majority': 1.0, 'macro_majority': 1.0, 'binary_majority': 0.0, 'run_time_millis': 3730.8948459103703, 'loss_mean': 7.487478433176875e-05}
Evaluating
{'accuracy': 1.0, 'f1_weighted': 1.0, 'macro': 1.0, 'micro': 1.0, 'binary': 0.0, 'accuracy_majority': 1.0, 'macro_majority': 1.0, 'binary_majority': 0.0, 'run_time_millis': 3630.572631023824, 'loss_mean': 0.0008050421020016074}
Device cuda
Split type sit
Training Size: 1524, NTA labels 1524, YTA labels 0
Validation Size: 567, NTA labels 567, YTA labels 0
Test Size: 567, NTA labels 567, YTA labels 0
Training with SBERT, model name is sbert
Tokenizing the dataset
Number of training steps 480
Epoch 0 **** Loss 0.0015736899804323912 **** Metrics validation: {'accuracy': 1.0, 'f1_weighted': 1.0, 'macro': 1.0, 'micro': 1.0, 'binary': 0.0, 'accuracy_majority': 1.0, 'macro_majority': 1.0, 'binary_majority': 0.0, 'run_time_millis': 2863.606981933117, 'loss_mean': 0.0006839185953140259}
Epoch 1 **** Loss 0.000576977152377367 **** Metrics validation: {'accuracy': 1.0, 'f1_weighted': 1.0, 'macro': 1.0, 'micro': 1.0, 'binary': 0.0, 'accuracy_majority': 1.0, 'macro_majority': 1.0, 'binary_majority': 0.0, 'run_time_millis': 3723.196948179975, 'loss_mean': 0.00028523465152829885}
Epoch 2 **** Loss 0.0005953066283836961 **** Metrics validation: {'accuracy': 1.0, 'f1_weighted': 1.0, 'macro': 1.0, 'micro': 1.0, 'binary': 0.0, 'accuracy_majority': 1.0, 'macro_majority': 1.0, 'binary_majority': 0.0, 'run_time_millis': 3724.3289260659367, 'loss_mean': 0.000181508221430704}
Epoch 3 **** Loss 0.0003426406183280051 **** Metrics validation: {'accuracy': 1.0, 'f1_weighted': 1.0, 'macro': 1.0, 'micro': 1.0, 'binary': 0.0, 'accuracy_majority': 1.0, 'macro_majority': 1.0, 'binary_majority': 0.0, 'run_time_millis': 3744.243602035567, 'loss_mean': 0.00013165803102310747}
Epoch 4 **** Loss 0.00021038824343122542 **** Metrics validation: {'accuracy': 1.0, 'f1_weighted': 1.0, 'macro': 1.0, 'micro': 1.0, 'binary': 0.0, 'accuracy_majority': 1.0, 'macro_majority': 1.0, 'binary_majority': 0.0, 'run_time_millis': 3735.3581050410867, 'loss_mean': 0.000104092265246436}
Epoch 5 **** Loss 0.00016940639761742204 **** Metrics validation: {'accuracy': 1.0, 'f1_weighted': 1.0, 'macro': 1.0, 'micro': 1.0, 'binary': 0.0, 'accuracy_majority': 1.0, 'macro_majority': 1.0, 'binary_majority': 0.0, 'run_time_millis': 3224.852084182203, 'loss_mean': 8.690221147844568e-05}
Epoch 6 **** Loss 0.00013955708709545434 **** Metrics validation: {'accuracy': 1.0, 'f1_weighted': 1.0, 'macro': 1.0, 'micro': 1.0, 'binary': 0.0, 'accuracy_majority': 1.0, 'macro_majority': 1.0, 'binary_majority': 0.0, 'run_time_millis': 2467.359181959182, 'loss_mean': 7.528583955718204e-05}
Epoch 7 **** Loss 0.00014065895811654627 **** Metrics validation: {'accuracy': 1.0, 'f1_weighted': 1.0, 'macro': 1.0, 'micro': 1.0, 'binary': 0.0, 'accuracy_majority': 1.0, 'macro_majority': 1.0, 'binary_majority': 0.0, 'run_time_millis': 2716.590128140524, 'loss_mean': 6.843604205641896e-05}
Epoch 8 **** Loss 0.0001567553699715063 **** Metrics validation: {'accuracy': 1.0, 'f1_weighted': 1.0, 'macro': 1.0, 'micro': 1.0, 'binary': 0.0, 'accuracy_majority': 1.0, 'macro_majority': 1.0, 'binary_majority': 0.0, 'run_time_millis': 3736.9010590482503, 'loss_mean': 6.459459837060422e-05}
Epoch 9 **** Loss 0.0001291912776650861 **** Metrics validation: {'accuracy': 1.0, 'f1_weighted': 1.0, 'macro': 1.0, 'micro': 1.0, 'binary': 0.0, 'accuracy_majority': 1.0, 'macro_majority': 1.0, 'binary_majority': 0.0, 'run_time_millis': 3727.7706989552826, 'loss_mean': 6.33781892247498e-05}
Evaluating
{'accuracy': 1.0, 'f1_weighted': 1.0, 'macro': 1.0, 'micro': 1.0, 'binary': 0.0, 'accuracy_majority': 1.0, 'macro_majority': 1.0, 'binary_majority': 0.0, 'run_time_millis': 3727.853330085054, 'loss_mean': 0.0006839185953140259}
Device cuda
Split type sit
Training Size: 1695, NTA labels 1695, YTA labels 0
Validation Size: 567, NTA labels 567, YTA labels 0
Test Size: 567, NTA labels 567, YTA labels 0
Training with SBERT, model name is sbert
Tokenizing the dataset
Number of training steps 530
Epoch 0 **** Loss 0.001677430933341384 **** Metrics validation: {'accuracy': 1.0, 'f1_weighted': 1.0, 'macro': 1.0, 'micro': 1.0, 'binary': 0.0, 'accuracy_majority': 1.0, 'macro_majority': 1.0, 'binary_majority': 0.0, 'run_time_millis': 3723.4121710062027, 'loss_mean': 0.0006853986997157335}
Epoch 1 **** Loss 0.0007464462541975081 **** Metrics validation: {'accuracy': 1.0, 'f1_weighted': 1.0, 'macro': 1.0, 'micro': 1.0, 'binary': 0.0, 'accuracy_majority': 1.0, 'macro_majority': 1.0, 'binary_majority': 0.0, 'run_time_millis': 3632.01298401691, 'loss_mean': 0.00029645487666130066}
Epoch 2 **** Loss 0.00035712806857191026 **** Metrics validation: {'accuracy': 1.0, 'f1_weighted': 1.0, 'macro': 1.0, 'micro': 1.0, 'binary': 0.0, 'accuracy_majority': 1.0, 'macro_majority': 1.0, 'binary_majority': 0.0, 'run_time_millis': 3748.708611121401, 'loss_mean': 0.00018440798157826066}
Epoch 3 **** Loss 0.00026407494442537427 **** Metrics validation: {'accuracy': 1.0, 'f1_weighted': 1.0, 'macro': 1.0, 'micro': 1.0, 'binary': 0.0, 'accuracy_majority': 1.0, 'macro_majority': 1.0, 'binary_majority': 0.0, 'run_time_millis': 3377.5285058654845, 'loss_mean': 0.00013256694364827126}
Epoch 4 **** Loss 0.000189020240213722 **** Metrics validation: {'accuracy': 1.0, 'f1_weighted': 1.0, 'macro': 1.0, 'micro': 1.0, 'binary': 0.0, 'accuracy_majority': 1.0, 'macro_majority': 1.0, 'binary_majority': 0.0, 'run_time_millis': 3119.39961113967, 'loss_mean': 0.00010385576752014458}
Epoch 5 **** Loss 0.0002540365094318986 **** Metrics validation: {'accuracy': 1.0, 'f1_weighted': 1.0, 'macro': 1.0, 'micro': 1.0, 'binary': 0.0, 'accuracy_majority': 1.0, 'macro_majority': 1.0, 'binary_majority': 0.0, 'run_time_millis': 3275.04372689873, 'loss_mean': 8.557968976674601e-05}
Epoch 6 **** Loss 0.0001805278443498537 **** Metrics validation: {'accuracy': 1.0, 'f1_weighted': 1.0, 'macro': 1.0, 'micro': 1.0, 'binary': 0.0, 'accuracy_majority': 1.0, 'macro_majority': 1.0, 'binary_majority': 0.0, 'run_time_millis': 3732.0419440511614, 'loss_mean': 7.387449295492843e-05}
Epoch 7 **** Loss 0.0001477123296353966 **** Metrics validation: {'accuracy': 1.0, 'f1_weighted': 1.0, 'macro': 1.0, 'micro': 1.0, 'binary': 0.0, 'accuracy_majority': 1.0, 'macro_majority': 1.0, 'binary_majority': 0.0, 'run_time_millis': 3725.5921049509197, 'loss_mean': 6.65419502183795e-05}
Epoch 8 **** Loss 0.0001498158526374027 **** Metrics validation: {'accuracy': 1.0, 'f1_weighted': 1.0, 'macro': 1.0, 'micro': 1.0, 'binary': 0.0, 'accuracy_majority': 1.0, 'macro_majority': 1.0, 'binary_majority': 0.0, 'run_time_millis': 3024.8479649890214, 'loss_mean': 6.257832865230739e-05}
Epoch 9 **** Loss 0.00010456368909217417 **** Metrics validation: {'accuracy': 1.0, 'f1_weighted': 1.0, 'macro': 1.0, 'micro': 1.0, 'binary': 0.0, 'accuracy_majority': 1.0, 'macro_majority': 1.0, 'binary_majority': 0.0, 'run_time_millis': 3737.1746238786727, 'loss_mean': 6.129443499958143e-05}
Evaluating
{'accuracy': 1.0, 'f1_weighted': 1.0, 'macro': 1.0, 'micro': 1.0, 'binary': 0.0, 'accuracy_majority': 1.0, 'macro_majority': 1.0, 'binary_majority': 0.0, 'run_time_millis': 2871.1423981003463, 'loss_mean': 0.0006853986997157335}
