Device cuda
Split type sit
Training Size: 82637, NTA labels 80744, YTA labels 1893
Validation Size: 27629, NTA labels 27030, YTA labels 599
Test Size: 27509, NTA labels 26866, YTA labels 643
Training with SBERT, model name is sbert
Tokenizing the dataset
Number of training steps 25830
Epoch 0 **** Loss 0.004316456615924835 **** Metrics validation: {'accuracy': 0.9652538998877991, 'f1_weighted': 0.9698811978844529, 'macro': 0.7004888777312431, 'micro': 0.9652538998877991, 'binary': 0.4188861985472155, 'accuracy_majority': 0.9667076598735067, 'macro_majority': 0.7278450052232255, 'binary_majority': 0.47287899860917937, 'run_time_millis': 12322.536685998784, 'loss_mean': 0.03815121948719025}
Epoch 1 **** Loss 0.010379484854638577 **** Metrics validation: {'accuracy': 0.9720221506388216, 'f1_weighted': 0.9740785381802427, 'macro': 0.7189030494135568, 'micro': 0.9720221506388216, 'binary': 0.4521615875265768, 'accuracy_majority': 0.9729444834855938, 'macro_majority': 0.74703850228398, 'binary_majority': 0.5079872204472844, 'run_time_millis': 10276.74793600454, 'loss_mean': 0.04016389325261116}
Epoch 2 **** Loss 0.002323481719940901 **** Metrics validation: {'accuracy': 0.9563864055883311, 'f1_weighted': 0.9648814997597756, 'macro': 0.6893798628941927, 'micro': 0.9563864055883311, 'binary': 0.4013909587680079, 'accuracy_majority': 0.9538826423049894, 'macro_majority': 0.7029683336690508, 'binary_majority': 0.42996742671009763, 'run_time_millis': 10277.098828999442, 'loss_mean': 0.03853701800107956}
Epoch 3 **** Loss 0.07498054951429367 **** Metrics validation: {'accuracy': 0.9632632379022043, 'f1_weighted': 0.9689961224141942, 'macro': 0.7036268220001722, 'micro': 0.9632632379022043, 'binary': 0.4262295081967213, 'accuracy_majority': 0.9614371047083626, 'macro_majority': 0.7226417512191784, 'binary_majority': 0.4652862362971985, 'run_time_millis': 12314.901045989245, 'loss_mean': 0.044678352773189545}
Epoch 4 **** Loss 0.010178333148360252 **** Metrics validation: {'accuracy': 0.9606210865395056, 'f1_weighted': 0.9672937872571311, 'macro': 0.69512379857262, 'micro': 0.9606210865395056, 'binary': 0.4106175514626219, 'accuracy_majority': 0.957659873506676, 'macro_majority': 0.7094160813244863, 'binary_majority': 0.44083526682134566, 'run_time_millis': 12315.785450991825, 'loss_mean': 0.05079064145684242}
Epoch 5 **** Loss 3.9649836253374815e-05 **** Metrics validation: {'accuracy': 0.9655796445763509, 'f1_weighted': 0.9703694763998829, 'macro': 0.7082575821394765, 'micro': 0.9655796445763509, 'binary': 0.43426531826293874, 'accuracy_majority': 0.9637210119465917, 'macro_majority': 0.7268779857159081, 'binary_majority': 0.4725415070242656, 'run_time_millis': 12316.902859005495, 'loss_mean': 0.07132149487733841}
Epoch 6 **** Loss 0.04499374330043793 **** Metrics validation: {'accuracy': 0.9674979188533787, 'f1_weighted': 0.9715173374632842, 'macro': 0.7124020855647206, 'micro': 0.9674979188533787, 'binary': 0.4415422885572139, 'accuracy_majority': 0.9655657062543921, 'macro_majority': 0.7311496253047555, 'binary_majority': 0.48010610079575594, 'run_time_millis': 12315.904249990126, 'loss_mean': 0.07910461723804474}
Epoch 7 **** Loss 0.003698568558320403 **** Metrics validation: {'accuracy': 0.9669550110391255, 'f1_weighted': 0.9710781750904421, 'macro': 0.7084773340293589, 'micro': 0.9669550110391255, 'binary': 0.4339739615623063, 'accuracy_majority': 0.9648629655657063, 'macro_majority': 0.727754500755706, 'binary_majority': 0.47368421052631576, 'run_time_millis': 10271.359841994126, 'loss_mean': 0.08275383710861206}
Epoch 8 **** Loss 0.0010506075341254473 **** Metrics validation: {'accuracy': 0.9683303775019002, 'f1_weighted': 0.9719354832295356, 'macro': 0.7122991086051935, 'micro': 0.9683303775019002, 'binary': 0.44089456869009586, 'accuracy_majority': 0.9660927617709065, 'macro_majority': 0.7297216040703303, 'binary_majority': 0.47696476964769646, 'run_time_millis': 10277.732301998185, 'loss_mean': 0.09175053238868713}
Epoch 9 **** Loss 0.00827545765787363 **** Metrics validation: {'accuracy': 0.9702848456332115, 'f1_weighted': 0.9730770114258603, 'macro': 0.7159350808840329, 'micro': 0.9702848456332115, 'binary': 0.4471380471380471, 'accuracy_majority': 0.9683766690091357, 'macro_majority': 0.734700536005593, 'binary_majority': 0.4857142857142857, 'run_time_millis': 10268.844184000045, 'loss_mean': 0.09582170844078064}
Evaluating
{'accuracy': 0.9720221506388216, 'f1_weighted': 0.9740785381802427, 'macro': 0.7189030494135568, 'micro': 0.9720221506388216, 'binary': 0.4521615875265768, 'accuracy_majority': 0.9729444834855938, 'macro_majority': 0.74703850228398, 'binary_majority': 0.5079872204472844, 'run_time_millis': 10270.534215000225, 'loss_mean': 0.04016389325261116}
