Device cuda
Split type sit
Training Size: 73658, NTA labels 72599, YTA labels 1059
Validation Size: 24489, NTA labels 24139, YTA labels 350
Test Size: 24492, NTA labels 24163, YTA labels 329
Training with SBERT, model name is sbert
Tokenizing the dataset
Number of training steps 23020
Epoch 0 **** Loss 0.010582095943391323 **** Metrics validation: {'accuracy': 0.9567560945730736, 'f1_weighted': 0.9681610978423553, 'macro': 0.6447837167065518, 'micro': 0.9567560945730736, 'binary': 0.31189083820662766, 'accuracy_majority': 0.9588783372155528, 'macro_majority': 0.6736926437704458, 'binary_majority': 0.3686382393397524, 'run_time_millis': 12649.522755000362, 'loss_mean': 0.021939661353826523}
Epoch 1 **** Loss 0.0026340149343013763 **** Metrics validation: {'accuracy': 0.9701498632038874, 'f1_weighted': 0.9761069769582515, 'macro': 0.6839136179838846, 'micro': 0.9701498632038874, 'binary': 0.3831223628691983, 'accuracy_majority': 0.9720480200680881, 'macro_majority': 0.7191446945026444, 'binary_majority': 0.4526315789473684, 'run_time_millis': 12513.682717999473, 'loss_mean': 0.023201238363981247}
Epoch 2 **** Loss 0.009506497532129288 **** Metrics validation: {'accuracy': 0.9710073910735432, 'f1_weighted': 0.9767165051946173, 'macro': 0.6901888346751507, 'micro': 0.9710073910735432, 'binary': 0.39522998296422485, 'accuracy_majority': 0.9736606342949292, 'macro_majority': 0.7316792698493995, 'binary_majority': 0.47686832740213514, 'run_time_millis': 11644.502721999743, 'loss_mean': 0.024347195401787758}
Epoch 3 **** Loss 0.009223217144608498 **** Metrics validation: {'accuracy': 0.9806035362815958, 'f1_weighted': 0.982542397188571, 'macro': 0.7248688658140878, 'micro': 0.9806035362815958, 'binary': 0.45961319681456203, 'accuracy_majority': 0.9816341157498656, 'macro_majority': 0.7596850987453416, 'binary_majority': 0.5287356321839081, 'run_time_millis': 12396.832046999407, 'loss_mean': 0.03742951527237892}
Epoch 4 **** Loss 0.0035876967012882233 **** Metrics validation: {'accuracy': 0.9718240842827391, 'f1_weighted': 0.977102693964802, 'macro': 0.6890915799129882, 'micro': 0.9718240842827391, 'binary': 0.3926056338028169, 'accuracy_majority': 0.9736606342949292, 'macro_majority': 0.72303010046994, 'binary_majority': 0.4595588235294118, 'run_time_millis': 12507.185495000158, 'loss_mean': 0.03578763082623482}
Epoch 5 **** Loss 0.0064883106388151646 **** Metrics validation: {'accuracy': 0.9723141002082568, 'f1_weighted': 0.9773688274083739, 'macro': 0.6896968050074495, 'micro': 0.9723141002082568, 'binary': 0.39355992844364934, 'accuracy_majority': 0.974198172370543, 'macro_majority': 0.7267229771085812, 'binary_majority': 0.4666666666666667, 'run_time_millis': 12646.950406000542, 'loss_mean': 0.039409294724464417}
Epoch 6 **** Loss 0.0005933523643761873 **** Metrics validation: {'accuracy': 0.9785209685981461, 'f1_weighted': 0.9811592895380014, 'macro': 0.7129412688618588, 'micro': 0.9785209685981461, 'binary': 0.43683083511777304, 'accuracy_majority': 0.9795735531266798, 'macro_majority': 0.7480322257561303, 'binary_majority': 0.5064935064935064, 'run_time_millis': 12521.383396000601, 'loss_mean': 0.04876943677663803}
Epoch 7 **** Loss 7.027633546385914e-05 **** Metrics validation: {'accuracy': 0.971864918943199, 'f1_weighted': 0.9770393884691325, 'macro': 0.6860335833806357, 'micro': 0.971864918943199, 'binary': 0.38646482635796975, 'accuracy_majority': 0.9735710446156602, 'macro_majority': 0.7205854113201777, 'binary_majority': 0.4547134935304991, 'run_time_millis': 11390.967586999977, 'loss_mean': 0.04585928097367287}
Epoch 8 **** Loss 5.563410377362743e-05 **** Metrics validation: {'accuracy': 0.9777859447098698, 'f1_weighted': 0.9806510313450473, 'macro': 0.7080208474880881, 'micro': 0.9777859447098697, 'binary': 0.42736842105263156, 'accuracy_majority': 0.9789464253717972, 'macro_majority': 0.7440906068734667, 'binary_majority': 0.4989339019189766, 'run_time_millis': 12515.230167000482, 'loss_mean': 0.051652584224939346}
Epoch 9 **** Loss 0.007415087893605232 **** Metrics validation: {'accuracy': 0.9770917554820532, 'f1_weighted': 0.9802073072396389, 'macro': 0.7046836612871928, 'micro': 0.9770917554820532, 'binary': 0.4210526315789473, 'accuracy_majority': 0.9784088872961835, 'macro_majority': 0.74080066292327, 'binary_majority': 0.4926315789473683, 'run_time_millis': 11652.85793700059, 'loss_mean': 0.05198223143815994}
Evaluating
{'accuracy': 0.9806035362815958, 'f1_weighted': 0.982542397188571, 'macro': 0.7248688658140878, 'micro': 0.9806035362815958, 'binary': 0.45961319681456203, 'accuracy_majority': 0.9816341157498656, 'macro_majority': 0.7596850987453416, 'binary_majority': 0.5287356321839081, 'run_time_millis': 11530.010206000952, 'loss_mean': 0.03742951527237892}
