Device cuda
Split type sit
Training Size: 3794, NTA labels 3198, YTA labels 596
Validation Size: 1741, NTA labels 1494, YTA labels 247
Test Size: 1775, NTA labels 1478, YTA labels 297
Training with SBERT, model name is sbert
Tokenizing the dataset
Number of training steps 1190
Epoch 0 **** Loss 0.08147919178009033 **** Metrics validation: {'accuracy': 0.8408960367604825, 'f1_weighted': 0.8588517661028079, 'macro': 0.7547085359173209, 'micro': 0.8408960367604825, 'binary': 0.609308885754584, 'accuracy_majority': 0.8546875, 'macro_majority': 0.7834935670089593, 'binary_majority': 0.6593406593406594, 'run_time_millis': 3039.8709630007943, 'loss_mean': 0.09637460857629776}
Epoch 1 **** Loss 0.03890436515212059 **** Metrics validation: {'accuracy': 0.8541068351522114, 'f1_weighted': 0.8700812429794773, 'macro': 0.7724337598392781, 'micro': 0.8541068351522114, 'binary': 0.6361031518624642, 'accuracy_majority': 0.865625, 'macro_majority': 0.7981664833149982, 'binary_majority': 0.6814814814814815, 'run_time_millis': 2421.319613000378, 'loss_mean': 0.09405868500471115}
Epoch 2 **** Loss 0.05961693823337555 **** Metrics validation: {'accuracy': 0.8793796668581275, 'f1_weighted': 0.889938313535282, 'macro': 0.7985033662685342, 'micro': 0.8793796668581275, 'binary': 0.670846394984326, 'accuracy_majority': 0.8921875, 'macro_majority': 0.8290221040038097, 'binary_majority': 0.7250996015936254, 'run_time_millis': 2739.7492179998153, 'loss_mean': 0.09241385757923126}
Epoch 3 **** Loss 0.0027075479738414288 **** Metrics validation: {'accuracy': 0.8943136128661688, 'f1_weighted': 0.9018121673685838, 'macro': 0.8152316352897748, 'micro': 0.8943136128661688, 'binary': 0.6943521594684385, 'accuracy_majority': 0.9109375, 'macro_majority': 0.8504617730609836, 'binary_majority': 0.7553648068669527, 'run_time_millis': 1909.519736999755, 'loss_mean': 0.11653927713632584}
Epoch 4 **** Loss 0.05229013413190842 **** Metrics validation: {'accuracy': 0.8650201033888569, 'f1_weighted': 0.8787655446172853, 'macro': 0.7840662893031971, 'micro': 0.8650201033888569, 'binary': 0.6518518518518518, 'accuracy_majority': 0.8796875, 'macro_majority': 0.8147082821036324, 'binary_majority': 0.7049808429118773, 'run_time_millis': 1960.7840990001932, 'loss_mean': 0.11000332236289978}
Epoch 5 **** Loss 0.027990825474262238 **** Metrics validation: {'accuracy': 0.8897185525560023, 'f1_weighted': 0.8980831508294328, 'macro': 0.8096877775500444, 'micro': 0.8897185525560023, 'binary': 0.6862745098039217, 'accuracy_majority': 0.9078125, 'macro_majority': 0.8482309012496031, 'binary_majority': 0.7531380753138075, 'run_time_millis': 3331.245119000414, 'loss_mean': 0.13061614334583282}
Epoch 6 **** Loss 0.047118883579969406 **** Metrics validation: {'accuracy': 0.8834003446295232, 'f1_weighted': 0.8925195899528544, 'macro': 0.80006675321957, 'micro': 0.8834003446295232, 'binary': 0.6709886547811993, 'accuracy_majority': 0.896875, 'macro_majority': 0.8318444561219128, 'binary_majority': 0.7272727272727274, 'run_time_millis': 3334.3357289995765, 'loss_mean': 0.1439199298620224}
Epoch 7 **** Loss 0.027954598888754845 **** Metrics validation: {'accuracy': 0.8994830557151062, 'f1_weighted': 0.9049310613839391, 'macro': 0.8167016708769985, 'micro': 0.8994830557151063, 'binary': 0.6935201401050789, 'accuracy_majority': 0.9140625, 'macro_majority': 0.8517114270668773, 'binary_majority': 0.7555555555555555, 'run_time_millis': 2867.4341699997967, 'loss_mean': 0.1691121757030487}
Epoch 8 **** Loss 0.08655285835266113 **** Metrics validation: {'accuracy': 0.9012062033314188, 'f1_weighted': 0.9063872979610517, 'macro': 0.8190788519725076, 'micro': 0.9012062033314189, 'binary': 0.6971830985915493, 'accuracy_majority': 0.915625, 'macro_majority': 0.8538961038961038, 'binary_majority': 0.7589285714285714, 'run_time_millis': 2275.601553999877, 'loss_mean': 0.18461719155311584}
Epoch 9 **** Loss 0.03605900704860687 **** Metrics validation: {'accuracy': 0.8994830557151062, 'f1_weighted': 0.9050473599613947, 'macro': 0.8172158739471953, 'micro': 0.8994830557151063, 'binary': 0.6945898778359512, 'accuracy_majority': 0.9125, 'macro_majority': 0.8495407297946298, 'binary_majority': 0.752212389380531, 'run_time_millis': 1562.857183000233, 'loss_mean': 0.18271902203559875}
Evaluating
{'accuracy': 0.9012062033314188, 'f1_weighted': 0.9063872979610517, 'macro': 0.8190788519725076, 'micro': 0.9012062033314189, 'binary': 0.6971830985915493, 'accuracy_majority': 0.915625, 'macro_majority': 0.8538961038961038, 'binary_majority': 0.7589285714285714, 'run_time_millis': 1402.919441999984, 'loss_mean': 0.18461719155311584}
Device cuda
Split type sit
Training Size: 4270, NTA labels 3599, YTA labels 671
Validation Size: 1741, NTA labels 1494, YTA labels 247
Test Size: 1775, NTA labels 1478, YTA labels 297
Training with SBERT, model name is sbert
Tokenizing the dataset
Number of training steps 1340
Epoch 0 **** Loss 0.18798457086086273 **** Metrics validation: {'accuracy': 0.9052268811028145, 'f1_weighted': 0.9111096263037198, 'macro': 0.8304966233858191, 'micro': 0.9052268811028144, 'binary': 0.7179487179487178, 'accuracy_majority': 0.91875, 'macro_majority': 0.8621946169772257, 'binary_majority': 0.7739130434782608, 'run_time_millis': 2524.573780000537, 'loss_mean': 0.0870143249630928}
Epoch 1 **** Loss 0.020690325647592545 **** Metrics validation: {'accuracy': 0.887421022400919, 'f1_weighted': 0.8963823455620064, 'macro': 0.8076936949121976, 'micro': 0.887421022400919, 'binary': 0.6838709677419355, 'accuracy_majority': 0.90625, 'macro_majority': 0.8461538461538463, 'binary_majority': 0.7500000000000001, 'run_time_millis': 2415.3294979996645, 'loss_mean': 0.09067767858505249}
Epoch 2 **** Loss 0.015104333870112896 **** Metrics validation: {'accuracy': 0.9103963239517519, 'f1_weighted': 0.9154079698234457, 'macro': 0.8372889397984176, 'micro': 0.9103963239517519, 'binary': 0.7282229965156796, 'accuracy_majority': 0.9296875, 'macro_majority': 0.8786729857819906, 'binary_majority': 0.8, 'run_time_millis': 1657.1704180005327, 'loss_mean': 0.10186020284891129}
Epoch 3 **** Loss 0.03487928584218025 **** Metrics validation: {'accuracy': 0.9052268811028145, 'f1_weighted': 0.9103635721619995, 'macro': 0.8271758611125983, 'micro': 0.9052268811028144, 'binary': 0.711033274956217, 'accuracy_majority': 0.925, 'macro_majority': 0.8692075818729883, 'binary_majority': 0.7837837837837839, 'run_time_millis': 1403.3936109999559, 'loss_mean': 0.13585782051086426}
Epoch 4 **** Loss 0.08250389993190765 **** Metrics validation: {'accuracy': 0.8897185525560023, 'f1_weighted': 0.8979771972309091, 'macro': 0.809196766975661, 'micro': 0.8897185525560023, 'binary': 0.6852459016393443, 'accuracy_majority': 0.90625, 'macro_majority': 0.8441457237482954, 'binary_majority': 0.7457627118644069, 'run_time_millis': 3031.38577000027, 'loss_mean': 0.13428425788879395}
Epoch 5 **** Loss 0.039111651480197906 **** Metrics validation: {'accuracy': 0.8483630097645032, 'f1_weighted': 0.8656101566247266, 'macro': 0.7669533119701456, 'micro': 0.8483630097645032, 'binary': 0.6292134831460674, 'accuracy_majority': 0.859375, 'macro_majority': 0.791034813019692, 'binary_majority': 0.6715328467153284, 'run_time_millis': 3427.8961489999347, 'loss_mean': 0.1268608421087265}
Epoch 6 **** Loss 0.033595118671655655 **** Metrics validation: {'accuracy': 0.8265364732912119, 'f1_weighted': 0.8480962213632969, 'macro': 0.7438907723482191, 'micro': 0.8265364732912118, 'binary': 0.598404255319149, 'accuracy_majority': 0.840625, 'macro_majority': 0.7726227795193312, 'binary_majority': 0.6482758620689655, 'run_time_millis': 2824.7757150002144, 'loss_mean': 0.12021230161190033}
Epoch 7 **** Loss 0.016333838924765587 **** Metrics validation: {'accuracy': 0.8931648477886273, 'f1_weighted': 0.9009571637052088, 'macro': 0.8141980748839835, 'micro': 0.8931648477886273, 'binary': 0.6930693069306931, 'accuracy_majority': 0.909375, 'macro_majority': 0.8483437106764067, 'binary_majority': 0.7521367521367522, 'run_time_millis': 1402.2567990004973, 'loss_mean': 0.14845731854438782}
Epoch 8 **** Loss 0.10058937221765518 **** Metrics validation: {'accuracy': 0.8931648477886273, 'f1_weighted': 0.9007449083182424, 'macro': 0.8132232834994462, 'micro': 0.8931648477886273, 'binary': 0.6910299003322258, 'accuracy_majority': 0.9109375, 'macro_majority': 0.8504617730609836, 'binary_majority': 0.7553648068669527, 'run_time_millis': 1402.0894059995044, 'loss_mean': 0.15283454954624176}
Epoch 9 **** Loss 0.018433602526783943 **** Metrics validation: {'accuracy': 0.897185525560023, 'f1_weighted': 0.9037889105134063, 'macro': 0.817110794335839, 'micro': 0.897185525560023, 'binary': 0.696095076400679, 'accuracy_majority': 0.9171875, 'macro_majority': 0.8590653941557012, 'binary_majority': 0.7685589519650655, 'run_time_millis': 1413.0350149998776, 'loss_mean': 0.1592111736536026}
Evaluating
{'accuracy': 0.9103963239517519, 'f1_weighted': 0.9154079698234457, 'macro': 0.8372889397984176, 'micro': 0.9103963239517519, 'binary': 0.7282229965156796, 'accuracy_majority': 0.9296875, 'macro_majority': 0.8786729857819906, 'binary_majority': 0.8, 'run_time_millis': 1401.9467919997624, 'loss_mean': 0.10186020284891129}
Device cuda
Split type sit
Training Size: 4746, NTA labels 4005, YTA labels 741
Validation Size: 1741, NTA labels 1494, YTA labels 247
Test Size: 1775, NTA labels 1478, YTA labels 297
Training with SBERT, model name is sbert
Tokenizing the dataset
Number of training steps 1490
Epoch 0 **** Loss 0.13812145590782166 **** Metrics validation: {'accuracy': 0.8977599080987938, 'f1_weighted': 0.9037104399138853, 'macro': 0.8153733783255646, 'micro': 0.8977599080987938, 'binary': 0.6920415224913495, 'accuracy_majority': 0.915625, 'macro_majority': 0.8549142751591072, 'binary_majority': 0.7610619469026548, 'run_time_millis': 2665.2899729997444, 'loss_mean': 0.09777398407459259}
Epoch 1 **** Loss 0.06331928819417953 **** Metrics validation: {'accuracy': 0.8885697874784606, 'f1_weighted': 0.8966972567677984, 'macro': 0.8062065942338323, 'micro': 0.8885697874784606, 'binary': 0.6798679867986799, 'accuracy_majority': 0.903125, 'macro_majority': 0.8399974193132147, 'binary_majority': 0.7394957983193277, 'run_time_millis': 3370.6961440002488, 'loss_mean': 0.0947735533118248}
Epoch 2 **** Loss 0.037929754704236984 **** Metrics validation: {'accuracy': 0.9126938541068351, 'f1_weighted': 0.9167451873555046, 'macro': 0.8378074910884583, 'micro': 0.9126938541068351, 'binary': 0.7275985663082437, 'accuracy_majority': 0.9265625, 'macro_majority': 0.8714744123842607, 'binary_majority': 0.7873303167420814, 'run_time_millis': 1814.5771800000148, 'loss_mean': 0.11884483695030212}
Epoch 3 **** Loss 0.06539493799209595 **** Metrics validation: {'accuracy': 0.8943136128661688, 'f1_weighted': 0.9021256350884176, 'macro': 0.8166730762187305, 'micro': 0.8943136128661688, 'binary': 0.6973684210526316, 'accuracy_majority': 0.9109375, 'macro_majority': 0.853375616461481, 'binary_majority': 0.7615062761506276, 'run_time_millis': 2417.324496999754, 'loss_mean': 0.12252691388130188}
Epoch 4 **** Loss 0.0031563222873955965 **** Metrics validation: {'accuracy': 0.8001148765077541, 'f1_weighted': 0.8267957564255168, 'macro': 0.7166266926591258, 'micro': 0.8001148765077543, 'binary': 0.5628140703517588, 'accuracy_majority': 0.809375, 'macro_majority': 0.7391908503019614, 'binary_majority': 0.6038961038961038, 'run_time_millis': 1909.566758999972, 'loss_mean': 0.11713451147079468}
Epoch 5 **** Loss 0.0249369777739048 **** Metrics validation: {'accuracy': 0.8856978747846066, 'f1_weighted': 0.8946374305449164, 'macro': 0.8040063245847017, 'micro': 0.8856978747846066, 'binary': 0.6774716369529984, 'accuracy_majority': 0.90625, 'macro_majority': 0.8461538461538463, 'binary_majority': 0.7500000000000001, 'run_time_millis': 2410.472235999805, 'loss_mean': 0.14590518176555634}
Epoch 6 **** Loss 0.03415951877832413 **** Metrics validation: {'accuracy': 0.8925904652498564, 'f1_weighted': 0.9002650099222783, 'macro': 0.8124654025231028, 'micro': 0.8925904652498564, 'binary': 0.6898839137645106, 'accuracy_majority': 0.9125, 'macro_majority': 0.8545360088317423, 'binary_majority': 0.7627118644067796, 'run_time_millis': 1959.7151980005947, 'loss_mean': 0.16028860211372375}
Epoch 7 **** Loss 0.016141783446073532 **** Metrics validation: {'accuracy': 0.8581275129236071, 'f1_weighted': 0.8725748490232741, 'macro': 0.7730398870548496, 'micro': 0.8581275129236071, 'binary': 0.634074074074074, 'accuracy_majority': 0.871875, 'macro_majority': 0.8043426389883083, 'binary_majority': 0.6893939393939393, 'run_time_millis': 2265.206285000204, 'loss_mean': 0.15309154987335205}
Epoch 8 **** Loss 0.0571541003882885 **** Metrics validation: {'accuracy': 0.8834003446295232, 'f1_weighted': 0.8928415311711032, 'macro': 0.8015767279358305, 'micro': 0.8834003446295232, 'binary': 0.6741573033707865, 'accuracy_majority': 0.90625, 'macro_majority': 0.8471313237471934, 'binary_majority': 0.7520661157024794, 'run_time_millis': 2876.6719179993743, 'loss_mean': 0.18043769896030426}
Epoch 9 **** Loss 0.09849852323532104 **** Metrics validation: {'accuracy': 0.8902929350947731, 'f1_weighted': 0.8982406205317321, 'macro': 0.8089544607129212, 'micro': 0.8902929350947731, 'binary': 0.684297520661157, 'accuracy_majority': 0.9109375, 'macro_majority': 0.8514506769825918, 'binary_majority': 0.7574468085106383, 'run_time_millis': 2113.5467019994394, 'loss_mean': 0.18538720905780792}
Evaluating
{'accuracy': 0.9126938541068351, 'f1_weighted': 0.9167451873555046, 'macro': 0.8378074910884583, 'micro': 0.9126938541068351, 'binary': 0.7275985663082437, 'accuracy_majority': 0.9265625, 'macro_majority': 0.8714744123842607, 'binary_majority': 0.7873303167420814, 'run_time_millis': 1399.666229000104, 'loss_mean': 0.11884483695030212}
