Device cuda
Split type sit
Training Size: 3901, NTA labels 2866, YTA labels 1035
Validation Size: 1218, NTA labels 909, YTA labels 309
Test Size: 1478, NTA labels 1106, YTA labels 372
Training with SBERT, model name is sbert
Tokenizing the dataset
Number of training steps 1220
Epoch 0 **** Loss 0.2509603500366211 **** Metrics validation: {'accuracy': 0.5788177339901478, 'f1_weighted': 0.6059731293786507, 'macro': 0.5420780814057027, 'micro': 0.5788177339901478, 'binary': 0.41237113402061853, 'accuracy_majority': 0.5877598152424942, 'macro_majority': 0.5531533875338753, 'binary_majority': 0.4288, 'run_time_millis': 6440.235501155257, 'loss_mean': 0.2733618915081024}
Epoch 1 **** Loss 0.3071025311946869 **** Metrics validation: {'accuracy': 0.5829228243021346, 'f1_weighted': 0.6099151327863502, 'macro': 0.5485689771404058, 'micro': 0.5829228243021346, 'binary': 0.42403628117913833, 'accuracy_majority': 0.5831408775981525, 'macro_majority': 0.5500042462478283, 'binary_majority': 0.42789223454833597, 'run_time_millis': 4423.388317693025, 'loss_mean': 0.27683767676353455}
Epoch 2 **** Loss 0.21063968539237976 **** Metrics validation: {'accuracy': 0.548440065681445, 'f1_weighted': 0.5774104704124335, 'macro': 0.5216981536220708, 'micro': 0.548440065681445, 'binary': 0.40860215053763443, 'accuracy_majority': 0.5612009237875288, 'macro_majority': 0.5326630311292888, 'binary_majority': 0.4171779141104294, 'run_time_millis': 4430.731803178787, 'loss_mean': 0.2829498052597046}
Epoch 3 **** Loss 0.17017970979213715 **** Metrics validation: {'accuracy': 0.5320197044334976, 'f1_weighted': 0.5617555408795926, 'macro': 0.5066891770905277, 'micro': 0.5320197044334976, 'binary': 0.39490445859872614, 'accuracy_majority': 0.5508083140877598, 'macro_majority': 0.5246907570684604, 'binary_majority': 0.41327300150829566, 'run_time_millis': 4439.112337771803, 'loss_mean': 0.3264659643173218}
Epoch 4 **** Loss 0.2928219139575958 **** Metrics validation: {'accuracy': 0.6699507389162561, 'f1_weighted': 0.671997556039256, 'macro': 0.5696566998892579, 'micro': 0.6699507389162561, 'binary': 0.36190476190476184, 'accuracy_majority': 0.6662817551963048, 'macro_majority': 0.5667983888695602, 'binary_majority': 0.3592017738359201, 'run_time_millis': 6475.475558079779, 'loss_mean': 0.5942938327789307}
Epoch 5 **** Loss 0.1095348373055458 **** Metrics validation: {'accuracy': 0.6116584564860427, 'f1_weighted': 0.6315682438515912, 'macro': 0.5480306744856531, 'micro': 0.6116584564860427, 'binary': 0.3784494086727989, 'accuracy_majority': 0.6062355658198614, 'macro_majority': 0.5461934347679762, 'binary_majority': 0.3811252268602541, 'run_time_millis': 4441.708416678011, 'loss_mean': 0.536392092704773}
Epoch 6 **** Loss 0.031720999628305435 **** Metrics validation: {'accuracy': 0.6642036124794746, 'f1_weighted': 0.6640237947007247, 'macro': 0.5561331274508319, 'micro': 0.6642036124794746, 'binary': 0.3371150729335494, 'accuracy_majority': 0.6662817551963048, 'macro_majority': 0.5550423402617397, 'binary_majority': 0.33256351039260973, 'run_time_millis': 4443.284333217889, 'loss_mean': 0.9689940214157104}
Epoch 7 **** Loss 0.05653604120016098 **** Metrics validation: {'accuracy': 0.6190476190476191, 'f1_weighted': 0.6347097347097348, 'macro': 0.5425796425796426, 'micro': 0.6190476190476191, 'binary': 0.35555555555555557, 'accuracy_majority': 0.6200923787528868, 'macro_majority': 0.5464272353161242, 'binary_majority': 0.3636363636363637, 'run_time_millis': 4445.4905851744115, 'loss_mean': 0.9311689734458923}
Epoch 8 **** Loss 0.05681662634015083 **** Metrics validation: {'accuracy': 0.6444991789819376, 'f1_weighted': 0.6553393884268695, 'macro': 0.5610766976013741, 'micro': 0.6444991789819376, 'binary': 0.3697234352256187, 'accuracy_majority': 0.6443418013856813, 'macro_majority': 0.563864925143728, 'binary_majority': 0.3765182186234818, 'run_time_millis': 4444.23474278301, 'loss_mean': 1.1172916889190674}
Epoch 9 **** Loss 0.06915747374296188 **** Metrics validation: {'accuracy': 0.6674876847290641, 'f1_weighted': 0.6687071291206176, 'macro': 0.5641833241303147, 'micro': 0.6674876847290641, 'binary': 0.352, 'accuracy_majority': 0.6662817551963048, 'macro_majority': 0.5630042865997922, 'binary_majority': 0.350561797752809, 'run_time_millis': 4442.306173034012, 'loss_mean': 1.2148140668869019}
Evaluating
{'accuracy': 0.6699507389162561, 'f1_weighted': 0.671997556039256, 'macro': 0.5696566998892579, 'micro': 0.6699507389162561, 'binary': 0.36190476190476184, 'accuracy_majority': 0.6662817551963048, 'macro_majority': 0.5667983888695602, 'binary_majority': 0.3592017738359201, 'run_time_millis': 4459.57461791113, 'loss_mean': 0.5942938327789307}
