Device cuda
Split type sit
Training Size: 1434, NTA labels 855, YTA labels 579
Validation Size: 480, NTA labels 278, YTA labels 202
Test Size: 480, NTA labels 285, YTA labels 195
Training with SBERT, model name is sbert
Tokenizing the dataset
Number of training steps 450
Epoch 0 **** Loss 0.6107917428016663 **** Metrics validation: {'accuracy': 0.58125, 'f1_weighted': 0.5436453576864536, 'macro': 0.5153487951534879, 'micro': 0.58125, 'binary': 0.3366336633663366, 'accuracy_majority': 0.64375, 'macro_majority': 0.587684795876848, 'binary_majority': 0.43564356435643564, 'run_time_millis': 698.5256020000179, 'loss_mean': 0.6711118221282959}
Epoch 1 **** Loss 0.6852666139602661 **** Metrics validation: {'accuracy': 0.5083333333333333, 'f1_weighted': 0.48507033248081843, 'macro': 0.49701619778346123, 'micro': 0.5083333333333333, 'binary': 0.572463768115942, 'accuracy_majority': 0.49375, 'macro_majority': 0.4830680866339595, 'binary_majority': 0.5573770491803278, 'run_time_millis': 698.9899889999833, 'loss_mean': 0.6652768850326538}
Epoch 2 **** Loss 0.7250690460205078 **** Metrics validation: {'accuracy': 0.5604166666666667, 'f1_weighted': 0.5630423271148585, 'macro': 0.5561612859402869, 'micro': 0.5604166666666667, 'binary': 0.5127020785219399, 'accuracy_majority': 0.55625, 'macro_majority': 0.5523152709359607, 'binary_majority': 0.5103448275862069, 'run_time_millis': 697.915228999932, 'loss_mean': 0.6599141359329224}
Epoch 3 **** Loss 0.66129070520401 **** Metrics validation: {'accuracy': 0.5291666666666667, 'f1_weighted': 0.5130488850520035, 'macro': 0.5221903134304692, 'micro': 0.5291666666666667, 'binary': 0.5799256505576209, 'accuracy_majority': 0.525, 'macro_majority': 0.5158464723682115, 'binary_majority': 0.5824175824175825, 'run_time_millis': 697.9705200000126, 'loss_mean': 0.6562224626541138}
Epoch 4 **** Loss 0.6253412961959839 **** Metrics validation: {'accuracy': 0.6, 'f1_weighted': 0.5931470453504352, 'macro': 0.5778286761337609, 'micro': 0.6, 'binary': 0.48108108108108105, 'accuracy_majority': 0.575, 'macro_majority': 0.5634729577916867, 'binary_majority': 0.4925373134328358, 'run_time_millis': 697.7934250000999, 'loss_mean': 0.665226936340332}
Epoch 5 **** Loss 0.6108485460281372 **** Metrics validation: {'accuracy': 0.5916666666666667, 'f1_weighted': 0.5907684925219215, 'macro': 0.5793916200218172, 'micro': 0.5916666666666667, 'binary': 0.507537688442211, 'accuracy_majority': 0.575, 'macro_majority': 0.5717209888206581, 'binary_majority': 0.5342465753424658, 'run_time_millis': 697.421888000008, 'loss_mean': 0.6581156253814697}
Epoch 6 **** Loss 0.6060345768928528 **** Metrics validation: {'accuracy': 0.5729166666666666, 'f1_weighted': 0.5750617501380682, 'macro': 0.572097634795768, 'micro': 0.5729166666666666, 'binary': 0.5533769063180828, 'accuracy_majority': 0.54375, 'macro_majority': 0.5428750342452351, 'binary_majority': 0.5628742514970061, 'run_time_millis': 698.9181530000224, 'loss_mean': 0.649519145488739}
Epoch 7 **** Loss 0.6200270056724548 **** Metrics validation: {'accuracy': 0.5854166666666667, 'f1_weighted': 0.588028731190683, 'macro': 0.5829385541695229, 'micro': 0.5854166666666667, 'binary': 0.5507900677200902, 'accuracy_majority': 0.5625, 'macro_majority': 0.5624316299421785, 'binary_majority': 0.5679012345679013, 'run_time_millis': 696.3041489999569, 'loss_mean': 0.6507826447486877}
Epoch 8 **** Loss 0.6597915887832642 **** Metrics validation: {'accuracy': 0.58125, 'f1_weighted': 0.5837960198571298, 'macro': 0.5794960752095328, 'micro': 0.58125, 'binary': 0.5523385300668151, 'accuracy_majority': 0.55625, 'macro_majority': 0.5560939392755266, 'binary_majority': 0.5644171779141105, 'run_time_millis': 698.0617589999838, 'loss_mean': 0.652948796749115}
Epoch 9 **** Loss 0.7121618390083313 **** Metrics validation: {'accuracy': 0.5958333333333333, 'f1_weighted': 0.5975440917107584, 'macro': 0.5894179894179894, 'micro': 0.5958333333333333, 'binary': 0.5380952380952382, 'accuracy_majority': 0.58125, 'macro_majority': 0.5804469492387773, 'binary_majority': 0.5620915032679737, 'run_time_millis': 696.8629599999758, 'loss_mean': 0.6574805378913879}
Evaluating
{'accuracy': 0.5958333333333333, 'f1_weighted': 0.5975440917107584, 'macro': 0.5894179894179894, 'micro': 0.5958333333333333, 'binary': 0.5380952380952382, 'accuracy_majority': 0.58125, 'macro_majority': 0.5804469492387773, 'binary_majority': 0.5620915032679737, 'run_time_millis': 704.6044469999515, 'loss_mean': 0.6574805378913879}
