Device cuda
Split type sit
Training Size: 1550, NTA labels 1043, YTA labels 507
Validation Size: 2561, NTA labels 1796, YTA labels 765
Test Size: 2951, NTA labels 2102, YTA labels 849
Training with SBERT, model name is sbert
Tokenizing the dataset
Number of training steps 490
Epoch 0 **** Loss 0.2891267240047455 **** Metrics validation: {'accuracy': 0.514642717688403, 'f1_weighted': 0.5294728641897919, 'macro': 0.5097439854247183, 'micro': 0.514642717688403, 'binary': 0.4607375271149674, 'accuracy_majority': 0.5300878972278567, 'macro_majority': 0.5260806521142768, 'binary_majority': 0.48250186150409535, 'run_time_millis': 11190.937879000558, 'loss_mean': 0.2962704300880432}
Epoch 1 **** Loss 0.2921399772167206 **** Metrics validation: {'accuracy': 0.5751659508004686, 'f1_weighted': 0.5922661061252656, 'macro': 0.5456252062843507, 'micro': 0.5751659508004686, 'binary': 0.4297693920335429, 'accuracy_majority': 0.5895875591615957, 'macro_majority': 0.5618701675941665, 'binary_majority': 0.4516711833785005, 'run_time_millis': 11191.667859995505, 'loss_mean': 0.297763854265213}
Epoch 2 **** Loss 0.22917890548706055 **** Metrics validation: {'accuracy': 0.6255368996485747, 'f1_weighted': 0.6332167295675137, 'macro': 0.5727747093657876, 'micro': 0.6255368996485747, 'binary': 0.4226369656833233, 'accuracy_majority': 0.6342123056118999, 'macro_majority': 0.5821634637226841, 'binary_majority': 0.43469174503657265, 'run_time_millis': 11223.188479998498, 'loss_mean': 0.31301456689834595}
Epoch 3 **** Loss 0.1920548528432846 **** Metrics validation: {'accuracy': 0.6567746973838344, 'f1_weighted': 0.6498353879501142, 'macro': 0.5745256192536353, 'micro': 0.6567746973838344, 'binary': 0.38745644599303136, 'accuracy_majority': 0.6578769438810007, 'macro_majority': 0.5811539598108747, 'binary_majority': 0.4018912529550827, 'run_time_millis': 11215.636102002463, 'loss_mean': 0.37583306431770325}
Epoch 4 **** Loss 0.08183250576257706 **** Metrics validation: {'accuracy': 0.6587270597422882, 'f1_weighted': 0.6392540959852279, 'macro': 0.5504194692881957, 'micro': 0.6587270597422882, 'binary': 0.32975460122699385, 'accuracy_majority': 0.6605814739688979, 'macro_majority': 0.5650998833171664, 'binary_majority': 0.36132315521628494, 'run_time_millis': 11218.484945988166, 'loss_mean': 0.4519942104816437}
Epoch 5 **** Loss 0.09059280902147293 **** Metrics validation: {'accuracy': 0.6762983209683717, 'f1_weighted': 0.6523429486589624, 'macro': 0.5625320801098682, 'micro': 0.6762983209683717, 'binary': 0.3394422310756972, 'accuracy_majority': 0.6686950642325896, 'macro_majority': 0.5623731884057971, 'binary_majority': 0.3466666666666667, 'run_time_millis': 11233.050422000815, 'loss_mean': 0.5020546913146973}
Epoch 6 **** Loss 0.12663540244102478 **** Metrics validation: {'accuracy': 0.6626317844591956, 'f1_weighted': 0.6404285048372351, 'macro': 0.5495888965426272, 'micro': 0.6626317844591956, 'binary': 0.32394366197183094, 'accuracy_majority': 0.6578769438810007, 'macro_majority': 0.5542930857044843, 'binary_majority': 0.3394255874673629, 'run_time_millis': 11228.319877991453, 'loss_mean': 0.5295577049255371}
Epoch 7 **** Loss 0.04917734116315842 **** Metrics validation: {'accuracy': 0.6606794221007419, 'f1_weighted': 0.6440104377222972, 'macro': 0.5585093287960456, 'micro': 0.6606794221007419, 'binary': 0.346124905944319, 'accuracy_majority': 0.6544962812711291, 'macro_majority': 0.5611905357724507, 'binary_majority': 0.35884567126725225, 'run_time_millis': 11245.721049010172, 'loss_mean': 0.5485333800315857}
Epoch 8 **** Loss 0.01742946356534958 **** Metrics validation: {'accuracy': 0.649746192893401, 'f1_weighted': 0.6407695981458016, 'macro': 0.5616681521220832, 'micro': 0.649746192893401, 'binary': 0.36518046709129515, 'accuracy_majority': 0.6490872210953347, 'macro_majority': 0.5706970347597367, 'binary_majority': 0.38724911452184174, 'run_time_millis': 11237.614312005462, 'loss_mean': 0.5561821460723877}
Epoch 9 **** Loss 0.05458926409482956 **** Metrics validation: {'accuracy': 0.669660288949629, 'f1_weighted': 0.6415926284025079, 'macro': 0.546402634902238, 'micro': 0.669660288949629, 'binary': 0.3099510603588907, 'accuracy_majority': 0.6626098715348209, 'macro_majority': 0.5491286150394928, 'binary_majority': 0.3229308005427408, 'run_time_millis': 10225.20978099783, 'loss_mean': 0.6126952171325684}
Evaluating
{'accuracy': 0.6762983209683717, 'f1_weighted': 0.6523429486589624, 'macro': 0.5625320801098682, 'micro': 0.6762983209683717, 'binary': 0.3394422310756972, 'accuracy_majority': 0.6686950642325896, 'macro_majority': 0.5623731884057971, 'binary_majority': 0.3466666666666667, 'run_time_millis': 11210.5509719986, 'loss_mean': 0.5020546913146973}
Device cuda
Split type sit
Training Size: 2100, NTA labels 1372, YTA labels 728
Validation Size: 2561, NTA labels 1796, YTA labels 765
Test Size: 2951, NTA labels 2102, YTA labels 849
Training with SBERT, model name is sbert
Tokenizing the dataset
Number of training steps 660
Epoch 0 **** Loss 0.3127503991127014 **** Metrics validation: {'accuracy': 0.557594689574385, 'f1_weighted': 0.5760178141012194, 'macro': 0.5420388491867896, 'micro': 0.557594689574385, 'binary': 0.4576352321685016, 'accuracy_majority': 0.563894523326572, 'macro_majority': 0.5483948086623287, 'binary_majority': 0.46473029045643155, 'run_time_millis': 11238.443676003953, 'loss_mean': 0.29917609691619873}
Epoch 1 **** Loss 0.19139504432678223 **** Metrics validation: {'accuracy': 0.6903553299492385, 'f1_weighted': 0.6544385654017787, 'macro': 0.5562152650080623, 'micro': 0.6903553299492385, 'binary': 0.31222896790980054, 'accuracy_majority': 0.6896551724137931, 'macro_majority': 0.548979015589653, 'binary_majority': 0.29709035222052066, 'run_time_millis': 10309.283327005687, 'loss_mean': 0.3113555312156677}
Epoch 2 **** Loss 0.24723725020885468 **** Metrics validation: {'accuracy': 0.6618508395158141, 'f1_weighted': 0.6544426293133898, 'macro': 0.579561602659472, 'micro': 0.6618508395158141, 'binary': 0.39355742296918766, 'accuracy_majority': 0.6720757268424611, 'macro_majority': 0.5892948650049097, 'binary_majority': 0.4049079754601227, 'run_time_millis': 11231.644550003693, 'loss_mean': 0.3312567174434662}
Epoch 3 **** Loss 0.20369990170001984 **** Metrics validation: {'accuracy': 0.603670441233893, 'f1_weighted': 0.6180727891186435, 'macro': 0.5684111815294202, 'micro': 0.603670441233893, 'binary': 0.4450519409513396, 'accuracy_majority': 0.6240703177822853, 'macro_majority': 0.5870192327008144, 'binary_majority': 0.4633204633204633, 'run_time_millis': 11224.667992006289, 'loss_mean': 0.3522903025150299}
Epoch 4 **** Loss 0.07419376075267792 **** Metrics validation: {'accuracy': 0.6501366653650917, 'f1_weighted': 0.6461760406875867, 'macro': 0.5732581113570901, 'micro': 0.6501366653650917, 'binary': 0.39213025780189953, 'accuracy_majority': 0.6693711967545639, 'macro_majority': 0.5896182171741273, 'binary_majority': 0.40870616686819833, 'run_time_millis': 10244.368239000323, 'loss_mean': 0.4079630374908447}
Epoch 5 **** Loss 0.328697144985199 **** Metrics validation: {'accuracy': 0.6192893401015228, 'f1_weighted': 0.6290783211670066, 'macro': 0.5714072384326427, 'micro': 0.6192893401015228, 'binary': 0.4281524926686217, 'accuracy_majority': 0.6369168356997972, 'macro_majority': 0.5838838513153489, 'binary_majority': 0.43533123028391163, 'run_time_millis': 11235.597721999511, 'loss_mean': 0.44410932064056396}
Epoch 6 **** Loss 0.08363061398267746 **** Metrics validation: {'accuracy': 0.6411557985162046, 'f1_weighted': 0.6427828841840076, 'macro': 0.575681871243815, 'micro': 0.6411557985162046, 'binary': 0.40900321543408363, 'accuracy_majority': 0.6531440162271805, 'macro_majority': 0.58696978786343, 'binary_majority': 0.42164599774520856, 'run_time_millis': 11226.949126998079, 'loss_mean': 0.4785439372062683}
Epoch 7 **** Loss 0.04342262074351311 **** Metrics validation: {'accuracy': 0.6622413119875049, 'f1_weighted': 0.6565251171772494, 'macro': 0.583767131382515, 'micro': 0.6622413119875049, 'binary': 0.4030365769496205, 'accuracy_majority': 0.6768086544962812, 'macro_majority': 0.5973543563246672, 'binary_majority': 0.41849148418491483, 'run_time_millis': 10418.627145001665, 'loss_mean': 0.5064989328384399}
Epoch 8 **** Loss 0.09397123008966446 **** Metrics validation: {'accuracy': 0.6903553299492385, 'f1_weighted': 0.6683376561314833, 'macro': 0.5833180991797768, 'micro': 0.6903553299492385, 'binary': 0.3721298495645289, 'accuracy_majority': 0.6883029073698445, 'macro_majority': 0.5788446036721899, 'binary_majority': 0.3641379310344827, 'run_time_millis': 11214.215282001533, 'loss_mean': 0.5985326766967773}
Epoch 9 **** Loss 0.07136659324169159 **** Metrics validation: {'accuracy': 0.6887934400624756, 'f1_weighted': 0.6684197563078231, 'macro': 0.5847334298096292, 'micro': 0.6887934400624756, 'binary': 0.37685691946833466, 'accuracy_majority': 0.6903313049357674, 'macro_majority': 0.5857983896215708, 'binary_majority': 0.37771739130434784, 'run_time_millis': 11284.909280991997, 'loss_mean': 0.6018821001052856}
Evaluating
{'accuracy': 0.6887934400624756, 'f1_weighted': 0.6684197563078231, 'macro': 0.5847334298096292, 'micro': 0.6887934400624756, 'binary': 0.37685691946833466, 'accuracy_majority': 0.6903313049357674, 'macro_majority': 0.5857983896215708, 'binary_majority': 0.37771739130434784, 'run_time_millis': 10382.690799990087, 'loss_mean': 0.6018821001052856}
Device cuda
Split type sit
Training Size: 2598, NTA labels 1750, YTA labels 848
Validation Size: 2561, NTA labels 1796, YTA labels 765
Test Size: 2951, NTA labels 2102, YTA labels 849
Training with SBERT, model name is sbert
Tokenizing the dataset
Number of training steps 820
Epoch 0 **** Loss 0.25285646319389343 **** Metrics validation: {'accuracy': 0.6181179226864506, 'f1_weighted': 0.6340419996140184, 'macro': 0.5958612477248963, 'micro': 0.6181179226864506, 'binary': 0.5010204081632653, 'accuracy_majority': 0.6125760649087221, 'macro_majority': 0.5893133973367087, 'binary_majority': 0.4915705412599822, 'run_time_millis': 11193.904096013284, 'loss_mean': 0.2895476818084717}
Epoch 1 **** Loss 0.2844107449054718 **** Metrics validation: {'accuracy': 0.6782506833268255, 'f1_weighted': 0.6787283873704534, 'macro': 0.61716427874791, 'micro': 0.6782506833268255, 'binary': 0.4642392717815344, 'accuracy_majority': 0.6727518593644354, 'macro_majority': 0.6115649920341728, 'binary_majority': 0.45739910313901344, 'run_time_millis': 10668.14756700478, 'loss_mean': 0.30101457238197327}
Epoch 2 **** Loss 0.06834225356578827 **** Metrics validation: {'accuracy': 0.7016790316282702, 'f1_weighted': 0.6765644146878311, 'macro': 0.5908254409607029, 'micro': 0.7016790316282702, 'binary': 0.3778501628664495, 'accuracy_majority': 0.6923597025016903, 'macro_majority': 0.5787820234762149, 'binary_majority': 0.360056258790436, 'run_time_millis': 11199.425680999411, 'loss_mean': 0.35360220074653625}
Epoch 3 **** Loss 0.05175851657986641 **** Metrics validation: {'accuracy': 0.7087075361187036, 'f1_weighted': 0.6809096047267679, 'macro': 0.5940621281659018, 'micro': 0.7087075361187036, 'binary': 0.3783333333333333, 'accuracy_majority': 0.7018255578093306, 'macro_majority': 0.5827915982501578, 'binary_majority': 0.3599419448476052, 'run_time_millis': 10892.291172000114, 'loss_mean': 0.3808255195617676}
Epoch 4 **** Loss 0.17182660102844238 **** Metrics validation: {'accuracy': 0.6844982428738774, 'f1_weighted': 0.6740183772561035, 'macro': 0.6000132988182609, 'micro': 0.6844982428738774, 'binary': 0.4161849710982659, 'accuracy_majority': 0.6795131845841785, 'macro_majority': 0.5932852965747702, 'binary_majority': 0.40601503759398494, 'run_time_millis': 11205.836489010835, 'loss_mean': 0.40793392062187195}
Epoch 5 **** Loss 0.03750338777899742 **** Metrics validation: {'accuracy': 0.668098399062866, 'f1_weighted': 0.6636112021057045, 'macro': 0.5935157466082275, 'micro': 0.668098399062866, 'binary': 0.4193989071038251, 'accuracy_majority': 0.6646382691007438, 'macro_majority': 0.5922975003779223, 'binary_majority': 0.4205607476635514, 'run_time_millis': 11193.77739499032, 'loss_mean': 0.5267911553382874}
Epoch 6 **** Loss 0.23632174730300903 **** Metrics validation: {'accuracy': 0.6821554080437329, 'f1_weighted': 0.6734426135653602, 'macro': 0.600999943345986, 'micro': 0.6821554080437329, 'binary': 0.42105263157894735, 'accuracy_majority': 0.6713995943204868, 'macro_majority': 0.5862341699286208, 'binary_majority': 0.3985148514851485, 'run_time_millis': 11195.939028009889, 'loss_mean': 0.5550968050956726}
Epoch 7 **** Loss 0.4627685844898224 **** Metrics validation: {'accuracy': 0.6911362748926201, 'f1_weighted': 0.6700530369472047, 'macro': 0.586127097481092, 'micro': 0.6911362748926201, 'binary': 0.3776553894571204, 'accuracy_majority': 0.68289384719405, 'macro_majority': 0.5746885969618468, 'binary_majority': 0.36016371077762616, 'run_time_millis': 11200.70017100079, 'loss_mean': 0.6226324439048767}
Epoch 8 **** Loss 0.031584009528160095 **** Metrics validation: {'accuracy': 0.694260054666146, 'f1_weighted': 0.6750829088713521, 'macro': 0.5937181462605191, 'micro': 0.694260054666146, 'binary': 0.3916083916083916, 'accuracy_majority': 0.684922244759973, 'macro_majority': 0.5800855409060999, 'binary_majority': 0.37027027027027026, 'run_time_millis': 11192.895440995926, 'loss_mean': 0.6324633955955505}
Epoch 9 **** Loss 0.018737206235527992 **** Metrics validation: {'accuracy': 0.6993361967981258, 'f1_weighted': 0.6801699464337901, 'macro': 0.5998431003946436, 'micro': 0.6993361967981258, 'binary': 0.4003115264797508, 'accuracy_majority': 0.6883029073698445, 'macro_majority': 0.5849645452237859, 'binary_majority': 0.37786774628879893, 'run_time_millis': 9296.44547701173, 'loss_mean': 0.6463614702224731}
Evaluating
{'accuracy': 0.7087075361187036, 'f1_weighted': 0.6809096047267679, 'macro': 0.5940621281659018, 'micro': 0.7087075361187036, 'binary': 0.3783333333333333, 'accuracy_majority': 0.7018255578093306, 'macro_majority': 0.5827915982501578, 'binary_majority': 0.3599419448476052, 'run_time_millis': 11193.598101992393, 'loss_mean': 0.3808255195617676}
Device cuda
Split type sit
Training Size: 3148, NTA labels 2100, YTA labels 1048
Validation Size: 2561, NTA labels 1796, YTA labels 765
Test Size: 2951, NTA labels 2102, YTA labels 849
Training with SBERT, model name is sbert
Tokenizing the dataset
Number of training steps 990
Epoch 0 **** Loss 0.2027239203453064 **** Metrics validation: {'accuracy': 0.7094884810620852, 'f1_weighted': 0.6667044515738224, 'macro': 0.5664536915683704, 'micro': 0.7094884810620852, 'binary': 0.3174311926605505, 'accuracy_majority': 0.6910074374577417, 'macro_majority': 0.5407409672323295, 'binary_majority': 0.27804107424960506, 'run_time_millis': 11161.556991006364, 'loss_mean': 0.2976532578468323}
Epoch 1 **** Loss 0.43017125129699707 **** Metrics validation: {'accuracy': 0.6872315501757126, 'f1_weighted': 0.6829332836181586, 'macro': 0.6167913012175896, 'micro': 0.6872315501757126, 'binary': 0.4524948735475051, 'accuracy_majority': 0.676132521974307, 'macro_majority': 0.6065434196195955, 'binary_majority': 0.441073512252042, 'run_time_millis': 11179.628407000564, 'loss_mean': 0.30493107438087463}
Epoch 2 **** Loss 0.1293323040008545 **** Metrics validation: {'accuracy': 0.643498633346349, 'f1_weighted': 0.6484546173184425, 'macro': 0.5868929368940058, 'micro': 0.643498633346349, 'binary': 0.4339739615623063, 'accuracy_majority': 0.6490872210953347, 'macro_majority': 0.5913331434458194, 'binary_majority': 0.437703141928494, 'run_time_millis': 9872.082442001556, 'loss_mean': 0.35285910964012146}
Epoch 3 **** Loss 0.07531732320785522 **** Metrics validation: {'accuracy': 0.6614603670441234, 'f1_weighted': 0.6546157922101811, 'macro': 0.580334143222869, 'micro': 0.6614603670441234, 'binary': 0.39581881533101043, 'accuracy_majority': 0.6659905341446923, 'macro_majority': 0.5838766778752836, 'binary_majority': 0.39902676399026765, 'run_time_millis': 11192.254790992592, 'loss_mean': 0.4127953052520752}
Epoch 4 **** Loss 0.07163187861442566 **** Metrics validation: {'accuracy': 0.6513080827801639, 'f1_weighted': 0.6517616867529508, 'macro': 0.5849523016181969, 'micro': 0.6513080827801639, 'binary': 0.41899804814573843, 'accuracy_majority': 0.6544962812711291, 'macro_majority': 0.5864331598119994, 'binary_majority': 0.41865756541524457, 'run_time_millis': 11189.249375005602, 'loss_mean': 0.4620227515697479}
Epoch 5 **** Loss 0.13681472837924957 **** Metrics validation: {'accuracy': 0.6641936743459587, 'f1_weighted': 0.6478007304799596, 'macro': 0.5632951048507344, 'micro': 0.6641936743459587, 'binary': 0.3533834586466165, 'accuracy_majority': 0.6707234617985125, 'macro_majority': 0.5699310657785924, 'binary_majority': 0.3617300131061599, 'run_time_millis': 11213.64296899992, 'loss_mean': 0.5881722569465637}
Epoch 6 **** Loss 0.026087448000907898 **** Metrics validation: {'accuracy': 0.643498633346349, 'f1_weighted': 0.6446098064372175, 'macro': 0.5772204266321913, 'micro': 0.643498633346349, 'binary': 0.40982546864899805, 'accuracy_majority': 0.6524678837052063, 'macro_majority': 0.5853608782731251, 'binary_majority': 0.41855203619909503, 'run_time_millis': 11188.910458993632, 'loss_mean': 0.5773159861564636}
Epoch 7 **** Loss 0.03243067115545273 **** Metrics validation: {'accuracy': 0.6411557985162046, 'f1_weighted': 0.644359443535874, 'macro': 0.5795955608833435, 'micro': 0.6411557985162046, 'binary': 0.41872232764073375, 'accuracy_majority': 0.6490872210953347, 'macro_majority': 0.5873683044869608, 'binary_majority': 0.4277839029768468, 'run_time_millis': 11205.94694200554, 'loss_mean': 0.624038815498352}
Epoch 8 **** Loss 0.11747396737337112 **** Metrics validation: {'accuracy': 0.6684888715345568, 'f1_weighted': 0.6572068999716606, 'macro': 0.579141714190814, 'micro': 0.6684888715345568, 'binary': 0.38522809558291093, 'accuracy_majority': 0.6788370520622042, 'macro_majority': 0.5894885940323992, 'binary_majority': 0.39797211660329534, 'run_time_millis': 11184.800376999192, 'loss_mean': 0.7144779562950134}
Epoch 9 **** Loss 0.06734631210565567 **** Metrics validation: {'accuracy': 0.6809839906286607, 'f1_weighted': 0.6632990897988682, 'macro': 0.5807962266517365, 'micro': 0.6809839906286607, 'binary': 0.3758594346829641, 'accuracy_majority': 0.6862745098039216, 'macro_majority': 0.5877629283623834, 'binary_majority': 0.3862433862433862, 'run_time_millis': 11124.608564001392, 'loss_mean': 0.7503477334976196}
Evaluating
{'accuracy': 0.6872315501757126, 'f1_weighted': 0.6829332836181586, 'macro': 0.6167913012175896, 'micro': 0.6872315501757126, 'binary': 0.4524948735475051, 'accuracy_majority': 0.676132521974307, 'macro_majority': 0.6065434196195955, 'binary_majority': 0.441073512252042, 'run_time_millis': 10219.570348999696, 'loss_mean': 0.30493107438087463}
Device cuda
Split type sit
Training Size: 3640, NTA labels 2465, YTA labels 1175
Validation Size: 2561, NTA labels 1796, YTA labels 765
Test Size: 2951, NTA labels 2102, YTA labels 849
Training with SBERT, model name is sbert
Tokenizing the dataset
Number of training steps 1140
Epoch 0 **** Loss 0.28359588980674744 **** Metrics validation: {'accuracy': 0.6926981647793831, 'f1_weighted': 0.6813917550241059, 'macro': 0.6080778653530952, 'micro': 0.6926981647793831, 'binary': 0.42596644784828586, 'accuracy_majority': 0.6774847870182555, 'macro_majority': 0.5923159382015817, 'binary_majority': 0.4059775840597759, 'run_time_millis': 11186.908304007375, 'loss_mean': 0.28486695885658264}
Epoch 1 **** Loss 0.26482582092285156 **** Metrics validation: {'accuracy': 0.6677079265911753, 'f1_weighted': 0.6650080834788231, 'macro': 0.5971169066779654, 'micro': 0.6677079265911753, 'binary': 0.4284754869039624, 'accuracy_majority': 0.6639621365787695, 'macro_majority': 0.595082686944216, 'binary_majority': 0.428078250863061, 'run_time_millis': 10487.702512007672, 'loss_mean': 0.2986520230770111}
Epoch 2 **** Loss 0.33268308639526367 **** Metrics validation: {'accuracy': 0.6645841468176493, 'f1_weighted': 0.6651436358308295, 'macro': 0.6010510610987522, 'micro': 0.6645841468176493, 'binary': 0.4418453541260558, 'accuracy_majority': 0.6659905341446923, 'macro_majority': 0.6045437422059028, 'binary_majority': 0.4486607142857143, 'run_time_millis': 11185.12094700418, 'loss_mean': 0.34007033705711365}
Epoch 3 **** Loss 0.1519092321395874 **** Metrics validation: {'accuracy': 0.6200702850449044, 'f1_weighted': 0.6300041336412808, 'macro': 0.5727873855805865, 'micro': 0.6200702850449044, 'binary': 0.4306612053832651, 'accuracy_majority': 0.6382691007437458, 'macro_majority': 0.5907444043601381, 'binary_majority': 0.45128205128205134, 'run_time_millis': 11182.524556003045, 'loss_mean': 0.385580837726593}
Epoch 4 **** Loss 0.21388287842273712 **** Metrics validation: {'accuracy': 0.6809839906286607, 'f1_weighted': 0.6643174521913926, 'macro': 0.5828804800168735, 'micro': 0.6809839906286607, 'binary': 0.3805913570887036, 'accuracy_majority': 0.6781609195402298, 'macro_majority': 0.5828351876519917, 'binary_majority': 0.383419689119171, 'run_time_millis': 11225.76412500348, 'loss_mean': 0.49062755703926086}
Epoch 5 **** Loss 0.15895037353038788 **** Metrics validation: {'accuracy': 0.6911362748926201, 'f1_weighted': 0.6610177564399833, 'macro': 0.5683246444260474, 'micro': 0.6911362748926201, 'binary': 0.33807531380753136, 'accuracy_majority': 0.6889790398918187, 'macro_majority': 0.5729190207156308, 'binary_majority': 0.35028248587570626, 'run_time_millis': 11210.185238000122, 'loss_mean': 0.5919784903526306}
Epoch 6 **** Loss 0.09580883383750916 **** Metrics validation: {'accuracy': 0.6368606013276064, 'f1_weighted': 0.6418549778565397, 'macro': 0.579059829059829, 'micro': 0.6368606013276064, 'binary': 0.42307692307692313, 'accuracy_majority': 0.6463826910074375, 'macro_majority': 0.5910573855210534, 'binary_majority': 0.4406417112299465, 'run_time_millis': 11201.852210986544, 'loss_mean': 0.5107026100158691}
Epoch 7 **** Loss 0.06092783436179161 **** Metrics validation: {'accuracy': 0.6876220226474034, 'f1_weighted': 0.6641608585534546, 'macro': 0.5771520089820112, 'micro': 0.6876220226474034, 'binary': 0.3610223642172524, 'accuracy_majority': 0.6842461122379987, 'macro_majority': 0.5757249819864036, 'binary_majority': 0.36114911080711354, 'run_time_millis': 11192.756752992864, 'loss_mean': 0.6626294851303101}
Epoch 8 **** Loss 0.02120872773230076 **** Metrics validation: {'accuracy': 0.6798125732135885, 'f1_weighted': 0.6637863321468291, 'macro': 0.5827909667555115, 'micro': 0.6798125732135885, 'binary': 0.3815987933634992, 'accuracy_majority': 0.6774847870182555, 'macro_majority': 0.586422246388069, 'binary_majority': 0.39235668789808914, 'run_time_millis': 11198.59729098971, 'loss_mean': 0.6574403047561646}
Epoch 9 **** Loss 0.07428277283906937 **** Metrics validation: {'accuracy': 0.6833268254588052, 'f1_weighted': 0.662595260182741, 'macro': 0.5774389103834495, 'micro': 0.6833268254588052, 'binary': 0.36591086786551996, 'accuracy_majority': 0.6808654496281271, 'macro_majority': 0.5806553926444935, 'binary_majority': 0.3756613756613757, 'run_time_millis': 11179.965597999399, 'loss_mean': 0.701514482498169}
Evaluating
{'accuracy': 0.6926981647793831, 'f1_weighted': 0.6813917550241059, 'macro': 0.6080778653530952, 'micro': 0.6926981647793831, 'binary': 0.42596644784828586, 'accuracy_majority': 0.6774847870182555, 'macro_majority': 0.5923159382015817, 'binary_majority': 0.4059775840597759, 'run_time_millis': 11168.635474998155, 'loss_mean': 0.28486695885658264}
Device cuda
