______________________________	 Running Epoch 1 of 10 	______________________________
[Training] Itteration/Batch:   0/151: Loss: 0.59 | Accuracy: 0.88
[Training] Itteration/Batch:  25/151: Loss: 0.76 | Accuracy: 0.75
[Training] Itteration/Batch:  50/151: Loss: 0.33 | Accuracy: 1.00
[Training] Itteration/Batch:  75/151: Loss: 0.43 | Accuracy: 0.94
[Training] Itteration/Batch: 100/151: Loss: 0.52 | Accuracy: 0.88
[Training] Itteration/Batch: 125/151: Loss: 0.52 | Accuracy: 0.88
[Training] Itteration/Batch: 150/151: Loss: 0.50 | Accuracy: 0.89

Epoch 1: Val Bin. F1 Majority 0.0 | Val Macro F1 Majority 0.4462696783025325 |             Val Bin F1 Individual 0.0 | Val Macro F1 Individual 0.45631067961165045 |             Val Accuracy Majority 0.8059332370758057 | Val Accuracy Individual 0.8392857313156128 | Training Loss:0.6474793553352356 |             Val Loss 0.6543554663658142 | Train Runtime Millis 10813.535113935359 | Val Runtime Millis 1560.7777350815013

______________________________	 Running Epoch 2 of 10 	______________________________
[Training] Itteration/Batch:   0/151: Loss: 0.55 | Accuracy: 0.88
[Training] Itteration/Batch:  25/151: Loss: 0.62 | Accuracy: 0.81
[Training] Itteration/Batch:  50/151: Loss: 0.64 | Accuracy: 0.62
[Training] Itteration/Batch:  75/151: Loss: 0.43 | Accuracy: 0.88
[Training] Itteration/Batch: 100/151: Loss: 0.43 | Accuracy: 0.81
[Training] Itteration/Batch: 125/151: Loss: 0.36 | Accuracy: 0.88
[Training] Itteration/Batch: 150/151: Loss: 0.22 | Accuracy: 1.00

Epoch 2: Val Bin. F1 Majority 0.6764705777168274 | Val Macro F1 Majority 0.795199300377428 |             Val Bin F1 Individual 0.6269841194152832 | Val Macro F1 Individual 0.768928220255654 |             Val Accuracy Majority 0.8640296459197998 | Val Accuracy Individual 0.8561224341392517 | Training Loss:0.4995587468147278 |             Val Loss 0.43067666888237 | Train Runtime Millis 10182.927800924517 | Val Runtime Millis 1556.3945460598916

______________________________	 Running Epoch 3 of 10 	______________________________
[Training] Itteration/Batch:   0/151: Loss: 0.66 | Accuracy: 0.81
[Training] Itteration/Batch:  25/151: Loss: 0.10 | Accuracy: 1.00
[Training] Itteration/Batch:  50/151: Loss: 0.09 | Accuracy: 1.00
[Training] Itteration/Batch:  75/151: Loss: 0.43 | Accuracy: 0.94
[Training] Itteration/Batch: 100/151: Loss: 0.27 | Accuracy: 0.94
[Training] Itteration/Batch: 125/151: Loss: 0.12 | Accuracy: 1.00
[Training] Itteration/Batch: 150/151: Loss: 0.19 | Accuracy: 0.89

Epoch 3: Val Bin. F1 Majority 0.6805970072746277 | Val Macro F1 Majority 0.7985993648282361 |             Val Bin F1 Individual 0.6305818557739258 | Val Macro F1 Individual 0.7723798994282272 |             Val Accuracy Majority 0.8677379488945007 | Val Accuracy Individual 0.8607142567634583 | Training Loss:0.32908403873443604 |             Val Loss 0.4212963283061981 | Train Runtime Millis 10147.68966799602 | Val Runtime Millis 1537.6105789327994

______________________________	 Running Epoch 4 of 10 	______________________________
[Training] Itteration/Batch:   0/151: Loss: 0.15 | Accuracy: 0.94
[Training] Itteration/Batch:  25/151: Loss: 0.33 | Accuracy: 0.88
[Training] Itteration/Batch:  50/151: Loss: 0.07 | Accuracy: 1.00
[Training] Itteration/Batch:  75/151: Loss: 0.49 | Accuracy: 0.88
[Training] Itteration/Batch: 100/151: Loss: 0.41 | Accuracy: 0.94
[Training] Itteration/Batch: 125/151: Loss: 0.40 | Accuracy: 0.88
[Training] Itteration/Batch: 150/151: Loss: 0.19 | Accuracy: 1.00

Epoch 4: Val Bin. F1 Majority 0.7075812220573425 | Val Macro F1 Majority 0.8235892714365323 |             Val Bin F1 Individual 0.6878130435943604 | Val Macro F1 Individual 0.8157523404208258 |             Val Accuracy Majority 0.8998764157295227 | Val Accuracy Individual 0.9045918583869934 | Training Loss:0.2523992955684662 |             Val Loss 0.48129725456237793 | Train Runtime Millis 10187.786819995381 | Val Runtime Millis 1531.5585989737883

