Device cuda
Split type sit
Training Size: 3136, NTA labels 2622, YTA labels 514
Validation Size: 1035, NTA labels 876, YTA labels 159
Test Size: 1042, NTA labels 866, YTA labels 176
Training with SBERT, model name is sbert
Tokenizing the dataset
Number of training steps 980
Epoch 0 **** Loss 0.16466233134269714 **** Metrics validation: {'accuracy': 0.8270531400966183, 'f1_weighted': 0.8467384331750414, 'macro': 0.7532658825973638, 'micro': 0.8270531400966183, 'binary': 0.6183368869936033, 'accuracy_majority': 0.8347245409015025, 'macro_majority': 0.7803642262691808, 'binary_majority': 0.6710963455149501, 'run_time_millis': 962.0955689997572, 'loss_mean': 0.10116007179021835}
Epoch 1 **** Loss 0.040086209774017334 **** Metrics validation: {'accuracy': 0.8946859903381642, 'f1_weighted': 0.9029664184118165, 'macro': 0.8314354915587006, 'micro': 0.8946859903381642, 'binary': 0.7281795511221945, 'accuracy_majority': 0.8948247078464107, 'macro_majority': 0.8481878854439469, 'binary_majority': 0.7640449438202247, 'run_time_millis': 2709.29452900009, 'loss_mean': 0.07931159436702728}
Epoch 2 **** Loss 0.03767334669828415 **** Metrics validation: {'accuracy': 0.9033816425120773, 'f1_weighted': 0.9093366746774085, 'macro': 0.8381740403016998, 'micro': 0.9033816425120773, 'binary': 0.7354497354497354, 'accuracy_majority': 0.8931552587646077, 'macro_majority': 0.8436745612318131, 'binary_majority': 0.7557251908396947, 'run_time_millis': 2076.3318809999873, 'loss_mean': 0.0940718948841095}
Epoch 3 **** Loss 0.07588212192058563 **** Metrics validation: {'accuracy': 0.927536231884058, 'f1_weighted': 0.9285187116858495, 'macro': 0.8644788918781611, 'micro': 0.927536231884058, 'binary': 0.7720364741641337, 'accuracy_majority': 0.9248747913188647, 'macro_majority': 0.8793295639210841, 'binary_majority': 0.8051948051948052, 'run_time_millis': 2537.938246000067, 'loss_mean': 0.12592272460460663}
Epoch 4 **** Loss 0.04319937527179718 **** Metrics validation: {'accuracy': 0.9246376811594202, 'f1_weighted': 0.9269180569110741, 'macro': 0.8640323102212402, 'micro': 0.9246376811594202, 'binary': 0.7732558139534884, 'accuracy_majority': 0.9265442404006677, 'macro_majority': 0.8839106381479263, 'binary_majority': 0.8135593220338982, 'run_time_millis': 1720.5521539999609, 'loss_mean': 0.12964209914207458}
Epoch 5 **** Loss 0.014342593029141426 **** Metrics validation: {'accuracy': 0.9159420289855073, 'f1_weighted': 0.9203442387535657, 'macro': 0.8559282305148311, 'micro': 0.9159420289855073, 'binary': 0.7629427792915532, 'accuracy_majority': 0.9098497495826378, 'macro_majority': 0.8643159166414981, 'binary_majority': 0.7857142857142858, 'run_time_millis': 2939.7589119998884, 'loss_mean': 0.11488384753465652}
Epoch 6 **** Loss 0.02211117558181286 **** Metrics validation: {'accuracy': 0.9323671497584541, 'f1_weighted': 0.9336754261463048, 'macro': 0.8750482905157427, 'micro': 0.9323671497584541, 'binary': 0.7904191616766467, 'accuracy_majority': 0.9332220367278798, 'macro_majority': 0.8916621450533551, 'binary_majority': 0.8245614035087718, 'run_time_millis': 1624.1552809997302, 'loss_mean': 0.14725062251091003}
Epoch 7 **** Loss 0.008895071223378181 **** Metrics validation: {'accuracy': 0.9391304347826087, 'f1_weighted': 0.9387308662281005, 'macro': 0.8814327355116276, 'micro': 0.9391304347826087, 'binary': 0.7987220447284346, 'accuracy_majority': 0.9348914858096828, 'macro_majority': 0.8902605730069476, 'binary_majority': 0.8202764976958524, 'run_time_millis': 2950.1740010000503, 'loss_mean': 0.19063806533813477}
Epoch 8 **** Loss 0.004651807714253664 **** Metrics validation: {'accuracy': 0.9429951690821256, 'f1_weighted': 0.9424670619416468, 'macro': 0.8883738019811753, 'micro': 0.9429951690821256, 'binary': 0.8102893890675241, 'accuracy_majority': 0.9465776293823038, 'macro_majority': 0.9083011213594091, 'binary_majority': 0.8490566037735849, 'run_time_millis': 2987.6956879998033, 'loss_mean': 0.18645896017551422}
Epoch 9 **** Loss 0.00313844857737422 **** Metrics validation: {'accuracy': 0.9391304347826087, 'f1_weighted': 0.9392084602525071, 'macro': 0.8832641983353893, 'micro': 0.9391304347826087, 'binary': 0.8025078369905957, 'accuracy_majority': 0.9398998330550918, 'macro_majority': 0.8990638457217749, 'binary_majority': 0.8348623853211008, 'run_time_millis': 2933.122060000187, 'loss_mean': 0.17749932408332825}
Evaluating
{'accuracy': 0.9429951690821256, 'f1_weighted': 0.9424670619416468, 'macro': 0.8883738019811753, 'micro': 0.9429951690821256, 'binary': 0.8102893890675241, 'accuracy_majority': 0.9465776293823038, 'macro_majority': 0.9083011213594091, 'binary_majority': 0.8490566037735849, 'run_time_millis': 2957.898400999966, 'loss_mean': 0.18645896017551422}
