Device cuda
Split type sit
Training Size: 27631, NTA labels 26600, YTA labels 1031
Validation Size: 9266, NTA labels 8907, YTA labels 359
Test Size: 9271, NTA labels 8984, YTA labels 287
Training with SBERT, model name is sbert
Tokenizing the dataset
Number of training steps 8640
Epoch 0 **** Loss 0.021232081577181816 **** Metrics validation: {'accuracy': 0.8957478955320527, 'f1_weighted': 0.9208456476239131, 'macro': 0.6546724653891453, 'micro': 0.8957478955320527, 'binary': 0.3661417322834646, 'accuracy_majority': 0.8982440342188204, 'macro_majority': 0.667931622132276, 'binary_majority': 0.39138240574506283, 'run_time_millis': 5185.8534189996135, 'loss_mean': 0.04404829069972038}
Epoch 1 **** Loss 0.044823773205280304 **** Metrics validation: {'accuracy': 0.9017914957910641, 'f1_weighted': 0.9249053673336982, 'macro': 0.6662962391315532, 'micro': 0.9017914957910641, 'binary': 0.3859649122807018, 'accuracy_majority': 0.904997748761819, 'macro_majority': 0.6813682565596259, 'binary_majority': 0.4144310823311748, 'run_time_millis': 6204.260566999437, 'loss_mean': 0.04291827976703644}
Epoch 2 **** Loss 0.017569806426763535 **** Metrics validation: {'accuracy': 0.9197064537017051, 'f1_weighted': 0.9358101563539386, 'macro': 0.684615904034063, 'micro': 0.9197064537017051, 'binary': 0.41232227488151657, 'accuracy_majority': 0.9216569113012156, 'macro_majority': 0.6988985048143883, 'binary_majority': 0.43991416309012876, 'run_time_millis': 6143.881586998759, 'loss_mean': 0.04530663788318634}
Epoch 3 **** Loss 0.023503562435507774 **** Metrics validation: {'accuracy': 0.9254262896611267, 'f1_weighted': 0.9391506205190452, 'macro': 0.6890107907248288, 'micro': 0.9254262896611267, 'binary': 0.417860151642797, 'accuracy_majority': 0.9267597178448147, 'macro_majority': 0.7024941295653243, 'binary_majority': 0.44419134396355353, 'run_time_millis': 6129.093884999747, 'loss_mean': 0.05212797597050667}
Epoch 4 **** Loss 0.015896128490567207 **** Metrics validation: {'accuracy': 0.9085905460824519, 'f1_weighted': 0.928794822702293, 'macro': 0.6690863166174806, 'micro': 0.9085905460824519, 'binary': 0.38756326825741144, 'accuracy_majority': 0.910100555305418, 'macro_majority': 0.684022331277794, 'binary_majority': 0.4167478091528724, 'run_time_millis': 6226.002390998474, 'loss_mean': 0.05252735689282417}
Epoch 5 **** Loss 0.027544884011149406 **** Metrics validation: {'accuracy': 0.9262896611266997, 'f1_weighted': 0.9396195530916245, 'macro': 0.6891933629461824, 'micro': 0.9262896611266997, 'binary': 0.41773231031543057, 'accuracy_majority': 0.9273600480264145, 'macro_majority': 0.7024106925342724, 'binary_majority': 0.4436781609195402, 'run_time_millis': 6166.0181890001695, 'loss_mean': 0.06505250930786133}
Epoch 6 **** Loss 0.0006023125606589019 **** Metrics validation: {'accuracy': 0.9295273041225988, 'f1_weighted': 0.9416285664752758, 'macro': 0.6935671981522967, 'micro': 0.9295273041225988, 'binary': 0.42466960352422906, 'accuracy_majority': 0.930061533843614, 'macro_majority': 0.705916416621204, 'binary_majority': 0.4491725768321514, 'run_time_millis': 6313.494600002741, 'loss_mean': 0.07055153697729111}
Epoch 7 **** Loss 0.005803046748042107 **** Metrics validation: {'accuracy': 0.9380530973451328, 'f1_weighted': 0.9468447932655509, 'macro': 0.7044208683373762, 'micro': 0.9380530973451328, 'binary': 0.44163424124513617, 'accuracy_majority': 0.9374155785682126, 'macro_majority': 0.7143555198017894, 'binary_majority': 0.4619354838709678, 'run_time_millis': 6220.900741001969, 'loss_mean': 0.0826714038848877}
Epoch 8 **** Loss 0.007864631712436676 **** Metrics validation: {'accuracy': 0.9352471400820203, 'f1_weighted': 0.9450968995939889, 'macro': 0.700341828930305, 'micro': 0.9352471400820203, 'binary': 0.4350282485875706, 'accuracy_majority': 0.9348641752964131, 'macro_majority': 0.7100684989191768, 'binary_majority': 0.4547738693467337, 'run_time_millis': 6168.284919000143, 'loss_mean': 0.08440231531858444}
Epoch 9 **** Loss 0.00020543657592497766 **** Metrics validation: {'accuracy': 0.9367580401467731, 'f1_weighted': 0.945889364085917, 'macro': 0.7004347822249056, 'micro': 0.9367580401467731, 'binary': 0.4343629343629343, 'accuracy_majority': 0.9368152483866127, 'macro_majority': 0.7123119841264713, 'binary_majority': 0.4581724581724582, 'run_time_millis': 6232.939413999702, 'loss_mean': 0.08725398033857346}
Evaluating
{'accuracy': 0.9380530973451328, 'f1_weighted': 0.9468447932655509, 'macro': 0.7044208683373762, 'micro': 0.9380530973451328, 'binary': 0.44163424124513617, 'accuracy_majority': 0.9374155785682126, 'macro_majority': 0.7143555198017894, 'binary_majority': 0.4619354838709678, 'run_time_millis': 6206.206880000536, 'loss_mean': 0.0826714038848877}
