Device cuda
Split type sit
Training Size: 28411, NTA labels 18706, YTA labels 9705
Validation Size: 9479, NTA labels 6242, YTA labels 3237
Test Size: 9477, NTA labels 6309, YTA labels 3168
Training with SBERT, model name is sbert
Tokenizing the dataset
Number of training steps 8880
Epoch 0 **** Loss 0.18652459979057312 **** Metrics validation: {'accuracy': 0.7911172064563773, 'f1_weighted': 0.789140878255789, 'macro': 0.7635423168645485, 'micro': 0.7911172064563773, 'binary': 0.6827939762896507, 'accuracy_majority': 0.8256624825662483, 'macro_majority': 0.8040748068073758, 'binary_majority': 0.7390396659707724, 'run_time_millis': 8047.978435002733, 'loss_mean': 0.2323664128780365}
Epoch 1 **** Loss 0.21764546632766724 **** Metrics validation: {'accuracy': 0.7782466504905581, 'f1_weighted': 0.7833128585461869, 'macro': 0.7673548342200184, 'micro': 0.7782466504905581, 'binary': 0.7170166935918147, 'accuracy_majority': 0.803347280334728, 'macro_majority': 0.7949214563510533, 'binary_majority': 0.7533527696793002, 'run_time_millis': 8045.386518992018, 'loss_mean': 0.22462467849254608}
Epoch 2 **** Loss 0.10267142951488495 **** Metrics validation: {'accuracy': 0.7629496782361008, 'f1_weighted': 0.768939335056642, 'macro': 0.7545055589975191, 'micro': 0.7629496782361008, 'binary': 0.7089755213055304, 'accuracy_majority': 0.7698744769874477, 'macro_majority': 0.7640484098040203, 'binary_majority': 0.7269718698290129, 'run_time_millis': 8048.445378022734, 'loss_mean': 0.23573295772075653}
Epoch 3 **** Loss 0.1458478569984436 **** Metrics validation: {'accuracy': 0.8051482223863277, 'f1_weighted': 0.8017862791873305, 'macro': 0.7763388249984475, 'micro': 0.8051482223863277, 'binary': 0.6960671383906533, 'accuracy_majority': 0.8368200836820083, 'macro_majority': 0.8125490196078432, 'binary_majority': 0.7450980392156864, 'run_time_millis': 8036.528424010612, 'loss_mean': 0.2436351776123047}
Epoch 4 **** Loss 0.06692758947610855 **** Metrics validation: {'accuracy': 0.8014558497731828, 'f1_weighted': 0.8021778738820733, 'macro': 0.7809064773407439, 'micro': 0.8014558497731827, 'binary': 0.713807785888078, 'accuracy_majority': 0.8340306834030683, 'macro_majority': 0.8171251594097286, 'binary_majority': 0.7615230460921845, 'run_time_millis': 8035.48157896148, 'loss_mean': 0.2668256163597107}
Epoch 5 **** Loss 0.14762966334819794 **** Metrics validation: {'accuracy': 0.793860111826142, 'f1_weighted': 0.7965197917902765, 'macro': 0.7772146268332135, 'micro': 0.7938601118261421, 'binary': 0.7163182346109176, 'accuracy_majority': 0.8177591817759182, 'macro_majority': 0.8036289856800576, 'binary_majority': 0.7509529860228716, 'run_time_millis': 8038.157015980687, 'loss_mean': 0.2464418262243271}
Epoch 6 **** Loss 0.15623721480369568 **** Metrics validation: {'accuracy': 0.797025002637409, 'f1_weighted': 0.7992029123981238, 'macro': 0.7794902050759922, 'micro': 0.797025002637409, 'binary': 0.7173082574199237, 'accuracy_majority': 0.8233379823337982, 'macro_majority': 0.8081617057550079, 'binary_majority': 0.7542043984476067, 'run_time_millis': 8049.338590994012, 'loss_mean': 0.2985479533672333}
Epoch 7 **** Loss 0.11488060653209686 **** Metrics validation: {'accuracy': 0.7937546154657664, 'f1_weighted': 0.7962072667741869, 'macro': 0.7765533542893787, 'micro': 0.7937546154657664, 'binary': 0.7145568696160023, 'accuracy_majority': 0.8200836820083682, 'macro_majority': 0.805122220440422, 'binary_majority': 0.7511254019292604, 'run_time_millis': 8047.360023017973, 'loss_mean': 0.3109460473060608}
Epoch 8 **** Loss 0.12513473629951477 **** Metrics validation: {'accuracy': 0.7969195062770335, 'f1_weighted': 0.7980830758900008, 'macro': 0.7768920050598978, 'micro': 0.7969195062770336, 'binary': 0.7100466937791836, 'accuracy_majority': 0.8265922826592282, 'macro_majority': 0.8100940981266769, 'binary_majority': 0.7541199736321688, 'run_time_millis': 8041.395830980036, 'loss_mean': 0.3396070599555969}
Epoch 9 **** Loss 0.11687709391117096 **** Metrics validation: {'accuracy': 0.7976579807996624, 'f1_weighted': 0.7987714134507887, 'macro': 0.7775950519531027, 'micro': 0.7976579807996624, 'binary': 0.7107961399276236, 'accuracy_majority': 0.8233379823337982, 'macro_majority': 0.8064720511718033, 'binary_majority': 0.7493403693931399, 'run_time_millis': 7074.378764024004, 'loss_mean': 0.38062387704849243}
Evaluating
{'accuracy': 0.8014558497731828, 'f1_weighted': 0.8021778738820733, 'macro': 0.7809064773407439, 'micro': 0.8014558497731827, 'binary': 0.713807785888078, 'accuracy_majority': 0.8340306834030683, 'macro_majority': 0.8171251594097286, 'binary_majority': 0.7615230460921845, 'run_time_millis': 5991.80078797508, 'loss_mean': 0.2668256163597107}
