______________________________	 Running Epoch 1 of 10 	______________________________
[Training] Itteration/Batch:   0/347: Loss: 0.79 | Accuracy: 0.56
[Training] Itteration/Batch:  25/347: Loss: 0.54 | Accuracy: 0.81
[Training] Itteration/Batch:  50/347: Loss: 0.73 | Accuracy: 0.62
[Training] Itteration/Batch:  75/347: Loss: 0.70 | Accuracy: 0.69
[Training] Itteration/Batch: 100/347: Loss: 0.70 | Accuracy: 0.69
[Training] Itteration/Batch: 125/347: Loss: 0.67 | Accuracy: 0.75
[Training] Itteration/Batch: 150/347: Loss: 0.72 | Accuracy: 0.62
[Training] Itteration/Batch: 175/347: Loss: 0.65 | Accuracy: 0.75
[Training] Itteration/Batch: 200/347: Loss: 0.75 | Accuracy: 0.56
[Training] Itteration/Batch: 225/347: Loss: 0.72 | Accuracy: 0.69
[Training] Itteration/Batch: 250/347: Loss: 0.52 | Accuracy: 0.88
[Training] Itteration/Batch: 275/347: Loss: 0.70 | Accuracy: 0.56
[Training] Itteration/Batch: 300/347: Loss: 0.67 | Accuracy: 0.69
[Training] Itteration/Batch: 325/347: Loss: 0.57 | Accuracy: 0.81

Epoch 1: Val Bin. F1 Majority 0.3800564408302307 | Val Macro F1 Majority 0.5601504135780107 |             Val Bin F1 Individual 0.40818363428115845 | Val Macro F1 Individual 0.5761246174030876 |             Val Accuracy Majority 0.6338889002799988 | Val Accuracy Individual 0.6426634788513184 | Training Loss:0.6746116280555725 |             Val Loss 0.6567608714103699 | Train Runtime Millis 24309.792523272336 | Val Runtime Millis 3648.3933138661087

______________________________	 Running Epoch 2 of 10 	______________________________
[Training] Itteration/Batch:   0/347: Loss: 0.52 | Accuracy: 0.81
[Training] Itteration/Batch:  25/347: Loss: 0.60 | Accuracy: 0.81
[Training] Itteration/Batch:  50/347: Loss: 0.71 | Accuracy: 0.62
[Training] Itteration/Batch:  75/347: Loss: 0.81 | Accuracy: 0.75
[Training] Itteration/Batch: 100/347: Loss: 0.70 | Accuracy: 0.62
[Training] Itteration/Batch: 125/347: Loss: 0.63 | Accuracy: 0.75
[Training] Itteration/Batch: 150/347: Loss: 0.60 | Accuracy: 0.81
[Training] Itteration/Batch: 175/347: Loss: 0.51 | Accuracy: 0.81
[Training] Itteration/Batch: 200/347: Loss: 0.83 | Accuracy: 0.62
[Training] Itteration/Batch: 225/347: Loss: 0.65 | Accuracy: 0.75
[Training] Itteration/Batch: 250/347: Loss: 0.67 | Accuracy: 0.56
[Training] Itteration/Batch: 275/347: Loss: 0.53 | Accuracy: 0.69
[Training] Itteration/Batch: 300/347: Loss: 0.92 | Accuracy: 0.56
[Training] Itteration/Batch: 325/347: Loss: 0.61 | Accuracy: 0.81

Epoch 2: Val Bin. F1 Majority 0.2292993664741516 | Val Macro F1 Majority 0.5071896460046837 |             Val Bin F1 Individual 0.2806052267551422 | Val Macro F1 Individual 0.5394152678010427 |             Val Accuracy Majority 0.6638888716697693 | Val Accuracy Individual 0.6848448514938354 | Training Loss:0.6337317228317261 |             Val Loss 0.6630498766899109 | Train Runtime Millis 23566.027799621224 | Val Runtime Millis 3658.1110460683703

______________________________	 Running Epoch 3 of 10 	______________________________
[Training] Itteration/Batch:   0/347: Loss: 0.46 | Accuracy: 0.75
[Training] Itteration/Batch:  25/347: Loss: 0.34 | Accuracy: 1.00
[Training] Itteration/Batch:  50/347: Loss: 0.59 | Accuracy: 0.75
[Training] Itteration/Batch:  75/347: Loss: 0.65 | Accuracy: 0.81
[Training] Itteration/Batch: 100/347: Loss: 0.35 | Accuracy: 0.88
[Training] Itteration/Batch: 125/347: Loss: 0.34 | Accuracy: 0.81
[Training] Itteration/Batch: 150/347: Loss: 0.42 | Accuracy: 0.88
[Training] Itteration/Batch: 175/347: Loss: 0.26 | Accuracy: 0.94
[Training] Itteration/Batch: 200/347: Loss: 0.51 | Accuracy: 0.75
[Training] Itteration/Batch: 225/347: Loss: 0.60 | Accuracy: 0.69
[Training] Itteration/Batch: 250/347: Loss: 0.52 | Accuracy: 0.88
[Training] Itteration/Batch: 275/347: Loss: 0.43 | Accuracy: 0.81
[Training] Itteration/Batch: 300/347: Loss: 0.49 | Accuracy: 0.81
[Training] Itteration/Batch: 325/347: Loss: 0.30 | Accuracy: 0.81

Epoch 3: Val Bin. F1 Majority 0.38324421644210815 | Val Macro F1 Majority 0.5519933705377374 |             Val Bin F1 Individual 0.38851022720336914 | Val Macro F1 Individual 0.557256857177329 |             Val Accuracy Majority 0.6155555844306946 | Val Accuracy Individual 0.6215727925300598 | Training Loss:0.4856129288673401 |             Val Loss 0.8021091818809509 | Train Runtime Millis 23624.37549699098 | Val Runtime Millis 3651.4922720380127

