Device cuda
Split type sit
Training Size: 124490, NTA labels 122612, YTA labels 1878
Validation Size: 41538, NTA labels 40829, YTA labels 709
Test Size: 41487, NTA labels 40910, YTA labels 577
Training with SBERT, model name is sbert
Tokenizing the dataset
Number of training steps 38910
Epoch 0 **** Loss 0.03755689039826393 **** Metrics validation: {'accuracy': 0.9758293610669748, 'f1_weighted': 0.9790385093144927, 'macro': 0.7361120419740792, 'micro': 0.9758293610669748, 'binary': 0.48459958932238195, 'accuracy_majority': 0.98, 'macro_majority': 0.7542300163030832, 'binary_majority': 0.5186721991701244, 'run_time_millis': 13888.494279992301, 'loss_mean': 0.024517983198165894}
Epoch 1 **** Loss 0.032852478325366974 **** Metrics validation: {'accuracy': 0.9711589388030237, 'f1_weighted': 0.9760719130720619, 'macro': 0.7180764580016301, 'micro': 0.9711589388030237, 'binary': 0.45096241979835017, 'accuracy_majority': 0.9755172413793104, 'macro_majority': 0.7317402779465167, 'binary_majority': 0.4760147601476014, 'run_time_millis': 15908.966376970056, 'loss_mean': 0.02493896707892418}
Epoch 2 **** Loss 0.01627611741423607 **** Metrics validation: {'accuracy': 0.9737108190091001, 'f1_weighted': 0.9776435510832481, 'macro': 0.726399584817614, 'micro': 0.9737108190091001, 'binary': 0.466275659824047, 'accuracy_majority': 0.9779310344827586, 'macro_majority': 0.7433783561904268, 'binary_majority': 0.49803921568627446, 'run_time_millis': 15891.542131023016, 'loss_mean': 0.03013043850660324}
Epoch 3 **** Loss 4.401882688398473e-05 **** Metrics validation: {'accuracy': 0.9692811401608166, 'f1_weighted': 0.9748921165126552, 'macro': 0.7112944921148096, 'micro': 0.9692811401608166, 'binary': 0.43838028169014087, 'accuracy_majority': 0.973103448275862, 'macro_majority': 0.7194222852757169, 'binary_majority': 0.45263157894736844, 'run_time_millis': 15912.979376036674, 'loss_mean': 0.040124017745256424}
Epoch 4 **** Loss 6.828576260886621e-06 **** Metrics validation: {'accuracy': 0.9664403678559391, 'f1_weighted': 0.9731253230579133, 'macro': 0.7016674255850396, 'micro': 0.9664403678559391, 'binary': 0.42061512884455526, 'accuracy_majority': 0.9706034482758621, 'macro_majority': 0.7097018484747275, 'binary_majority': 0.4344941956882255, 'run_time_millis': 15931.335155037232, 'loss_mean': 0.04130282998085022}
Epoch 5 **** Loss 0.015133777633309364 **** Metrics validation: {'accuracy': 0.9685829842553806, 'f1_weighted': 0.9743909548258175, 'macro': 0.7068642277466979, 'micro': 0.9685829842553806, 'binary': 0.4298820445609436, 'accuracy_majority': 0.9728448275862069, 'macro_majority': 0.7172080306418334, 'binary_majority': 0.4483362521891419, 'run_time_millis': 15903.168932010885, 'loss_mean': 0.05103651434183121}
Epoch 6 **** Loss 0.028683984652161598 **** Metrics validation: {'accuracy': 0.9595310318262795, 'f1_weighted': 0.9688196025620223, 'macro': 0.6783617242159605, 'micro': 0.9595310318262795, 'binary': 0.3776379118844872, 'accuracy_majority': 0.964051724137931, 'macro_majority': 0.6854694656927829, 'binary_majority': 0.38945827232796487, 'run_time_millis': 15939.20220003929, 'loss_mean': 0.0445721261203289}
Epoch 7 **** Loss 7.626359092682833e-06 **** Metrics validation: {'accuracy': 0.9732774808608985, 'f1_weighted': 0.9771958379205435, 'macro': 0.7194835670468345, 'micro': 0.9732774808608985, 'binary': 0.45266272189349116, 'accuracy_majority': 0.9780172413793103, 'macro_majority': 0.7409033922648187, 'binary_majority': 0.4930417495029821, 'run_time_millis': 15942.388096998911, 'loss_mean': 0.06258267164230347}
Epoch 8 **** Loss 2.1365246993809706e-06 **** Metrics validation: {'accuracy': 0.9724108045644951, 'f1_weighted': 0.9767144731447146, 'macro': 0.7182366536261415, 'micro': 0.9724108045644951, 'binary': 0.45062320230105457, 'accuracy_majority': 0.9768103448275862, 'macro_majority': 0.7349177105704748, 'binary_majority': 0.48169556840077077, 'run_time_millis': 15937.532595999073, 'loss_mean': 0.0655607059597969}
Epoch 9 **** Loss 1.511315872448904e-06 **** Metrics validation: {'accuracy': 0.9728682170542635, 'f1_weighted': 0.9770362745942147, 'macro': 0.7209528618793047, 'micro': 0.9728682170542635, 'binary': 0.4558184451955577, 'accuracy_majority': 0.9775862068965517, 'macro_majority': 0.7413513056442016, 'binary_majority': 0.49416342412451353, 'run_time_millis': 15934.328128001653, 'loss_mean': 0.06570786982774734}
Evaluating
{'accuracy': 0.9758293610669748, 'f1_weighted': 0.9790385093144927, 'macro': 0.7361120419740792, 'micro': 0.9758293610669748, 'binary': 0.48459958932238195, 'accuracy_majority': 0.98, 'macro_majority': 0.7542300163030832, 'binary_majority': 0.5186721991701244, 'run_time_millis': 15924.51483401237, 'loss_mean': 0.024517983198165894}
