Device cuda
Split type sit
Training Size: 28599, NTA labels 20352, YTA labels 8247
Validation Size: 9496, NTA labels 6632, YTA labels 2864
Test Size: 10211, NTA labels 7033, YTA labels 3178
Training with SBERT, model name is sbert
Tokenizing the dataset
Number of training steps 8940
Epoch 0 **** Loss 0.23779985308647156 **** Metrics validation: {'accuracy': 0.6753369839932604, 'f1_weighted': 0.6298467498451024, 'macro': 0.5227841625432543, 'micro': 0.6753369839932604, 'binary': 0.252968257814393, 'accuracy_majority': 0.6945315221177291, 'macro_majority': 0.5518406917752371, 'binary_majority': 0.298960831334932, 'run_time_millis': 33782.8549859114, 'loss_mean': 0.33883199095726013}
Epoch 1 **** Loss 0.2180216759443283 **** Metrics validation: {'accuracy': 0.6384793597304128, 'f1_weighted': 0.6096147665008691, 'macro': 0.5101071843518105, 'micro': 0.6384793597304128, 'binary': 0.2593311758360302, 'accuracy_majority': 0.6680599094392198, 'macro_majority': 0.5447940764698396, 'binary_majority': 0.3079157588961511, 'run_time_millis': 33768.39395193383, 'loss_mean': 0.3401159644126892}
Epoch 2 **** Loss 0.2377157360315323 **** Metrics validation: {'accuracy': 0.6680707666385847, 'f1_weighted': 0.6358884742750832, 'macro': 0.5391876149244663, 'micro': 0.6680707666385847, 'binary': 0.29548502458649983, 'accuracy_majority': 0.6698014629049112, 'macro_majority': 0.5446833654085508, 'binary_majority': 0.3060029282576867, 'run_time_millis': 35795.354048023, 'loss_mean': 0.44018319249153137}
Epoch 3 **** Loss 0.13780172169208527 **** Metrics validation: {'accuracy': 0.6311078348778433, 'f1_weighted': 0.6197279204898544, 'macro': 0.5367888152404493, 'micro': 0.6311078348778433, 'binary': 0.3277681826904625, 'accuracy_majority': 0.6523859282479972, 'macro_majority': 0.5600990325199556, 'binary_majority': 0.35861182519280205, 'run_time_millis': 35778.47295696847, 'loss_mean': 0.3714790344238281}
Epoch 4 **** Loss 0.15111327171325684 **** Metrics validation: {'accuracy': 0.683972198820556, 'f1_weighted': 0.6378342721439496, 'macro': 0.5320231292848792, 'micro': 0.683972198820556, 'binary': 0.26536107711138307, 'accuracy_majority': 0.690700104493208, 'macro_majority': 0.5422414127441728, 'binary_majority': 0.2815533980582524, 'run_time_millis': 33777.73674193304, 'loss_mean': 0.5097864270210266}
Epoch 5 **** Loss 0.07625723630189896 **** Metrics validation: {'accuracy': 0.6346882898062342, 'f1_weighted': 0.6286552894464653, 'macro': 0.5526273785581397, 'micro': 0.6346882898062342, 'binary': 0.3610241296739731, 'accuracy_majority': 0.643329850226402, 'macro_majority': 0.5661375536442684, 'binary_majority': 0.38313253012048193, 'run_time_millis': 35807.63307691086, 'loss_mean': 0.48884207010269165}
Epoch 6 **** Loss 0.10399322211742401 **** Metrics validation: {'accuracy': 0.6492207245155855, 'f1_weighted': 0.6197771170806556, 'macro': 0.5218569822043841, 'micro': 0.6492207245155855, 'binary': 0.2750816104461371, 'accuracy_majority': 0.6624869383490073, 'macro_majority': 0.5438856139470714, 'binary_majority': 0.31130063965884863, 'run_time_millis': 35802.11736005731, 'loss_mean': 0.6152509450912476}
Epoch 7 **** Loss 0.057456452399492264 **** Metrics validation: {'accuracy': 0.6327927548441449, 'f1_weighted': 0.6209433347092025, 'macro': 0.5377988001310591, 'micro': 0.6327927548441449, 'binary': 0.3282604507801965, 'accuracy_majority': 0.6495994427028909, 'macro_majority': 0.5587012775881794, 'binary_majority': 0.3584183673469387, 'run_time_millis': 35779.86886899453, 'loss_mean': 0.5984299778938293}
Epoch 8 **** Loss 0.07412882894277573 **** Metrics validation: {'accuracy': 0.6519587194608256, 'f1_weighted': 0.6251475435164191, 'macro': 0.5302888477807162, 'micro': 0.6519587194608256, 'binary': 0.291228822646365, 'accuracy_majority': 0.6715430163706025, 'macro_majority': 0.5552688350794736, 'binary_majority': 0.3278688524590164, 'run_time_millis': 35767.748950980604, 'loss_mean': 0.8765092492103577}
Epoch 9 **** Loss 0.04585622251033783 **** Metrics validation: {'accuracy': 0.6470092670598147, 'f1_weighted': 0.6231213948419495, 'macro': 0.5301363715806727, 'micro': 0.6470092670598147, 'binary': 0.2957983193277311, 'accuracy_majority': 0.6631835597352839, 'macro_majority': 0.5512238766885134, 'binary_majority': 0.32707028531663185, 'run_time_millis': 35774.8613669537, 'loss_mean': 1.0333943367004395}
Evaluating
{'accuracy': 0.683972198820556, 'f1_weighted': 0.6378342721439496, 'macro': 0.5320231292848792, 'micro': 0.683972198820556, 'binary': 0.26536107711138307, 'accuracy_majority': 0.690700104493208, 'macro_majority': 0.5422414127441728, 'binary_majority': 0.2815533980582524, 'run_time_millis': 33723.8449259894, 'loss_mean': 0.5097864270210266}
