______________________________	 Running Epoch 1 of 10 	______________________________
[Training] Itteration/Batch:   0/228: Loss: 1.39 | Accuracy: 0.34
[Training] Itteration/Batch:  25/228: Loss: 1.10 | Accuracy: 0.69
[Training] Itteration/Batch:  50/228: Loss: 1.45 | Accuracy: 0.62
[Training] Itteration/Batch:  75/228: Loss: 1.27 | Accuracy: 0.56
[Training] Itteration/Batch: 100/228: Loss: 1.36 | Accuracy: 0.60
[Training] Itteration/Batch: 125/228: Loss: 1.01 | Accuracy: 0.71
[Training] Itteration/Batch: 150/228: Loss: 1.03 | Accuracy: 0.79
[Training] Itteration/Batch: 175/228: Loss: 1.17 | Accuracy: 0.76
[Training] Itteration/Batch: 200/228: Loss: 0.76 | Accuracy: 0.89
[Training] Itteration/Batch: 225/228: Loss: 1.19 | Accuracy: 0.71

Epoch 1: Val Bin. F1 Majority 0.6254071593284607 | Val Macro F1 Majority 0.7011974421439837 |             Val Bin F1 Individual 0.6218708753585815 | Val Macro F1 Individual 0.7141068313837193 |             Val Accuracy Majority 0.7204213738441467 | Val Accuracy Individual 0.7438643574714661 | Training Loss:1.1681405305862427 |             Val Loss 1.0132100582122803 | Train Runtime Millis 16463.69330699963 | Val Runtime Millis 2599.9519930001043

______________________________	 Running Epoch 2 of 10 	______________________________
[Training] Itteration/Batch:   0/228: Loss: 0.97 | Accuracy: 0.84
[Training] Itteration/Batch:  25/228: Loss: 1.10 | Accuracy: 0.75
[Training] Itteration/Batch:  50/228: Loss: 0.82 | Accuracy: 0.87
[Training] Itteration/Batch:  75/228: Loss: 0.60 | Accuracy: 0.87
[Training] Itteration/Batch: 100/228: Loss: 0.89 | Accuracy: 0.72
[Training] Itteration/Batch: 125/228: Loss: 0.99 | Accuracy: 0.73
[Training] Itteration/Batch: 150/228: Loss: 0.90 | Accuracy: 0.79
[Training] Itteration/Batch: 175/228: Loss: 0.84 | Accuracy: 0.71
[Training] Itteration/Batch: 200/228: Loss: 0.77 | Accuracy: 0.88
[Training] Itteration/Batch: 225/228: Loss: 0.88 | Accuracy: 0.79

Epoch 2: Val Bin. F1 Majority 0.6901017427444458 | Val Macro F1 Majority 0.7242866394503742 |             Val Bin F1 Individual 0.7113289833068848 | Val Macro F1 Individual 0.7555133164376863 |             Val Accuracy Majority 0.7285251021385193 | Val Accuracy Individual 0.7634984254837036 | Training Loss:0.9102241396903992 |             Val Loss 0.9336099028587341 | Train Runtime Millis 16216.575768999974 | Val Runtime Millis 2604.131865999989

______________________________	 Running Epoch 3 of 10 	______________________________
[Training] Itteration/Batch:   0/228: Loss: 1.07 | Accuracy: 0.81
[Training] Itteration/Batch:  25/228: Loss: 0.73 | Accuracy: 0.78
[Training] Itteration/Batch:  50/228: Loss: 0.75 | Accuracy: 0.76
[Training] Itteration/Batch:  75/228: Loss: 0.78 | Accuracy: 0.86
[Training] Itteration/Batch: 100/228: Loss: 0.60 | Accuracy: 0.85
[Training] Itteration/Batch: 125/228: Loss: 0.38 | Accuracy: 0.96
[Training] Itteration/Batch: 150/228: Loss: 0.35 | Accuracy: 0.96
[Training] Itteration/Batch: 175/228: Loss: 0.36 | Accuracy: 0.97
[Training] Itteration/Batch: 200/228: Loss: 1.08 | Accuracy: 0.77
[Training] Itteration/Batch: 225/228: Loss: 0.44 | Accuracy: 0.92

Epoch 3: Val Bin. F1 Majority 0.6602358222007751 | Val Macro F1 Majority 0.726860570259504 |             Val Bin F1 Individual 0.7011564373970032 | Val Macro F1 Individual 0.7641040999880586 |             Val Accuracy Majority 0.7431118488311768 | Val Accuracy Individual 0.7809013724327087 | Training Loss:0.7140205502510071 |             Val Loss 0.9303021430969238 | Train Runtime Millis 16140.735438000775 | Val Runtime Millis 2584.4877280005676

______________________________	 Running Epoch 4 of 10 	______________________________
[Training] Itteration/Batch:   0/228: Loss: 0.64 | Accuracy: 0.87
[Training] Itteration/Batch:  25/228: Loss: 0.40 | Accuracy: 0.93
[Training] Itteration/Batch:  50/228: Loss: 0.38 | Accuracy: 0.94
[Training] Itteration/Batch:  75/228: Loss: 0.76 | Accuracy: 0.87
[Training] Itteration/Batch: 100/228: Loss: 0.62 | Accuracy: 0.90
[Training] Itteration/Batch: 125/228: Loss: 0.55 | Accuracy: 0.87
[Training] Itteration/Batch: 150/228: Loss: 0.30 | Accuracy: 0.93
[Training] Itteration/Batch: 175/228: Loss: 0.68 | Accuracy: 0.87
[Training] Itteration/Batch: 200/228: Loss: 0.18 | Accuracy: 1.00
[Training] Itteration/Batch: 225/228: Loss: 0.47 | Accuracy: 0.93

Epoch 4: Val Bin. F1 Majority 0.6084848642349243 | Val Macro F1 Majority 0.7059466238772386 |             Val Bin F1 Individual 0.6973428130149841 | Val Macro F1 Individual 0.7692226272068681 |             Val Accuracy Majority 0.7382495999336243 | Val Accuracy Individual 0.7916108965873718 | Training Loss:0.5622907876968384 |             Val Loss 0.9445160031318665 | Train Runtime Millis 16029.097184999955 | Val Runtime Millis 2588.084763000552

