______________________________	 Running Epoch 1 of 10 	______________________________
[Training] Itteration/Batch:   0/312: Loss: 1.40 | Accuracy: 0.53
[Training] Itteration/Batch:  25/312: Loss: 1.36 | Accuracy: 0.45
[Training] Itteration/Batch:  50/312: Loss: 1.05 | Accuracy: 0.50
[Training] Itteration/Batch:  75/312: Loss: 1.17 | Accuracy: 0.55
[Training] Itteration/Batch: 100/312: Loss: 0.91 | Accuracy: 0.73
[Training] Itteration/Batch: 125/312: Loss: 0.95 | Accuracy: 0.68
[Training] Itteration/Batch: 150/312: Loss: 1.05 | Accuracy: 0.74
[Training] Itteration/Batch: 175/312: Loss: 1.16 | Accuracy: 0.71
[Training] Itteration/Batch: 200/312: Loss: 0.98 | Accuracy: 0.75
[Training] Itteration/Batch: 225/312: Loss: 1.09 | Accuracy: 0.69
[Training] Itteration/Batch: 250/312: Loss: 0.85 | Accuracy: 0.81
[Training] Itteration/Batch: 275/312: Loss: 0.79 | Accuracy: 0.79
[Training] Itteration/Batch: 300/312: Loss: 1.30 | Accuracy: 0.48

Epoch 1: Val Bin. F1 Majority 0.5328031778335571 | Val Macro F1 Majority 0.6635119232068187 |             Val Bin F1 Individual 0.5919395685195923 | Val Macro F1 Individual 0.7133588605001561 |             Val Accuracy Majority 0.7142857313156128 | Val Accuracy Individual 0.7647913098335266 | Training Loss:1.0523011684417725 |             Val Loss 0.905730664730072 | Train Runtime Millis 24133.704972000032 | Val Runtime Millis 3515.5950220000705

______________________________	 Running Epoch 2 of 10 	______________________________
[Training] Itteration/Batch:   0/312: Loss: 0.98 | Accuracy: 0.73
[Training] Itteration/Batch:  25/312: Loss: 0.66 | Accuracy: 0.90
[Training] Itteration/Batch:  50/312: Loss: 0.70 | Accuracy: 0.76
[Training] Itteration/Batch:  75/312: Loss: 0.91 | Accuracy: 0.74
[Training] Itteration/Batch: 100/312: Loss: 0.71 | Accuracy: 0.78
[Training] Itteration/Batch: 125/312: Loss: 0.50 | Accuracy: 0.83
[Training] Itteration/Batch: 150/312: Loss: 1.11 | Accuracy: 0.75
[Training] Itteration/Batch: 175/312: Loss: 0.72 | Accuracy: 0.75
[Training] Itteration/Batch: 200/312: Loss: 1.00 | Accuracy: 0.74
[Training] Itteration/Batch: 225/312: Loss: 0.77 | Accuracy: 0.83
[Training] Itteration/Batch: 250/312: Loss: 0.91 | Accuracy: 0.71
[Training] Itteration/Batch: 275/312: Loss: 1.16 | Accuracy: 0.62
[Training] Itteration/Batch: 300/312: Loss: 0.60 | Accuracy: 0.84

Epoch 2: Val Bin. F1 Majority 0.6676899194717407 | Val Macro F1 Majority 0.7248867446537567 |             Val Bin F1 Individual 0.6951102614402771 | Val Macro F1 Individual 0.7546812976586231 |             Val Accuracy Majority 0.7367781400680542 | Val Accuracy Individual 0.7691469788551331 | Training Loss:0.8105655312538147 |             Val Loss 0.8138688206672668 | Train Runtime Millis 21963.88836999995 | Val Runtime Millis 3431.5806750000775

______________________________	 Running Epoch 3 of 10 	______________________________
[Training] Itteration/Batch:   0/312: Loss: 0.80 | Accuracy: 0.79
[Training] Itteration/Batch:  25/312: Loss: 0.61 | Accuracy: 0.85
[Training] Itteration/Batch:  50/312: Loss: 0.35 | Accuracy: 0.92
[Training] Itteration/Batch:  75/312: Loss: 0.48 | Accuracy: 0.90
[Training] Itteration/Batch: 100/312: Loss: 0.53 | Accuracy: 0.83
[Training] Itteration/Batch: 125/312: Loss: 1.06 | Accuracy: 0.65
[Training] Itteration/Batch: 150/312: Loss: 0.54 | Accuracy: 0.81
[Training] Itteration/Batch: 175/312: Loss: 0.59 | Accuracy: 0.86
[Training] Itteration/Batch: 200/312: Loss: 0.49 | Accuracy: 0.90
[Training] Itteration/Batch: 225/312: Loss: 1.13 | Accuracy: 0.70
[Training] Itteration/Batch: 250/312: Loss: 0.55 | Accuracy: 0.88
[Training] Itteration/Batch: 275/312: Loss: 0.31 | Accuracy: 0.97
[Training] Itteration/Batch: 300/312: Loss: 0.70 | Accuracy: 0.83

Epoch 3: Val Bin. F1 Majority 0.6672064661979675 | Val Macro F1 Majority 0.7336032388663967 |             Val Bin F1 Individual 0.7026486992835999 | Val Macro F1 Individual 0.7665423486603804 |             Val Accuracy Majority 0.7501519918441772 | Val Accuracy Individual 0.7840290665626526 | Training Loss:0.6099231839179993 |             Val Loss 0.8052987456321716 | Train Runtime Millis 22172.463998000014 | Val Runtime Millis 3438.2467320001524

______________________________	 Running Epoch 4 of 10 	______________________________
[Training] Itteration/Batch:   0/312: Loss: 0.70 | Accuracy: 0.81
[Training] Itteration/Batch:  25/312: Loss: 0.57 | Accuracy: 0.87
[Training] Itteration/Batch:  50/312: Loss: 0.50 | Accuracy: 0.90
[Training] Itteration/Batch:  75/312: Loss: 0.61 | Accuracy: 0.86
[Training] Itteration/Batch: 100/312: Loss: 0.28 | Accuracy: 0.97
[Training] Itteration/Batch: 125/312: Loss: 0.17 | Accuracy: 1.00
[Training] Itteration/Batch: 150/312: Loss: 0.42 | Accuracy: 0.87
[Training] Itteration/Batch: 175/312: Loss: 0.49 | Accuracy: 0.94
[Training] Itteration/Batch: 200/312: Loss: 0.31 | Accuracy: 0.89
[Training] Itteration/Batch: 225/312: Loss: 0.17 | Accuracy: 0.96
[Training] Itteration/Batch: 250/312: Loss: 0.42 | Accuracy: 0.86
[Training] Itteration/Batch: 275/312: Loss: 0.31 | Accuracy: 0.85
[Training] Itteration/Batch: 300/312: Loss: 0.20 | Accuracy: 0.97

Epoch 4: Val Bin. F1 Majority 0.6699107885360718 | Val Macro F1 Majority 0.7360249120661315 |             Val Bin F1 Individual 0.6984127163887024 | Val Macro F1 Individual 0.7622000526980492 |             Val Accuracy Majority 0.7525835633277893 | Val Accuracy Individual 0.7793103456497192 | Training Loss:0.44725456833839417 |             Val Loss 0.9037905931472778 | Train Runtime Millis 21855.219439000168 | Val Runtime Millis 3434.6577169999364

