Device cuda
Split type sit
Training Size: 5686, NTA labels 4766, YTA labels 920
Validation Size: 1904, NTA labels 1623, YTA labels 281
Test Size: 1938, NTA labels 1612, YTA labels 326
Training with SBERT, model name is sbert
Tokenizing the dataset
Number of training steps 1780
Epoch 0 **** Loss 0.026882613077759743 **** Metrics validation: {'accuracy': 0.9122899159663865, 'f1_weighted': 0.9160369992091955, 'macro': 0.8409834811218895, 'micro': 0.9122899159663865, 'binary': 0.7344992050874405, 'accuracy_majority': 0.9296875, 'macro_majority': 0.8778164786539449, 'binary_majority': 0.7982062780269058, 'run_time_millis': 2239.9116550000144, 'loss_mean': 0.08579137921333313}
Epoch 1 **** Loss 0.03086983598768711 **** Metrics validation: {'accuracy': 0.9222689075630253, 'f1_weighted': 0.9260487291507512, 'macro': 0.861016414141414, 'micro': 0.9222689075630253, 'binary': 0.7687499999999999, 'accuracy_majority': 0.9390625, 'macro_majority': 0.8948499210110585, 'binary_majority': 0.8266666666666668, 'run_time_millis': 3651.4603670002543, 'loss_mean': 0.07928559929132462}
Epoch 2 **** Loss 0.027440667152404785 **** Metrics validation: {'accuracy': 0.9327731092436975, 'f1_weighted': 0.9349934383432138, 'macro': 0.8753998053121957, 'micro': 0.9327731092436976, 'binary': 0.7908496732026143, 'accuracy_majority': 0.95, 'macro_majority': 0.9115395912161579, 'binary_majority': 0.8532110091743119, 'run_time_millis': 2199.4587869999123, 'loss_mean': 0.08670292049646378}
Epoch 3 **** Loss 0.015026295557618141 **** Metrics validation: {'accuracy': 0.9259453781512605, 'f1_weighted': 0.9288616879027201, 'macro': 0.8647028733706101, 'micro': 0.9259453781512604, 'binary': 0.7736757624398074, 'accuracy_majority': 0.93125, 'macro_majority': 0.8809523809523809, 'binary_majority': 0.8035714285714285, 'run_time_millis': 3689.588355000069, 'loss_mean': 0.08058372139930725}
Epoch 4 **** Loss 0.03370499238371849 **** Metrics validation: {'accuracy': 0.9164915966386554, 'f1_weighted': 0.9206828662490328, 'macro': 0.8512423252968533, 'micro': 0.9164915966386554, 'binary': 0.7527216174183514, 'accuracy_majority': 0.9234375, 'macro_majority': 0.8731345396879338, 'binary_majority': 0.7932489451476794, 'run_time_millis': 3664.523684999949, 'loss_mean': 0.0944553092122078}
Epoch 5 **** Loss 0.015252936631441116 **** Metrics validation: {'accuracy': 0.9196428571428571, 'f1_weighted': 0.9240030931190872, 'macro': 0.8582566135673925, 'micro': 0.9196428571428571, 'binary': 0.7649769585253456, 'accuracy_majority': 0.9328125, 'macro_majority': 0.8871904603793384, 'binary_majority': 0.815450643776824, 'run_time_millis': 3322.92874399991, 'loss_mean': 0.10130137950181961}
Epoch 6 **** Loss 0.010681375861167908 **** Metrics validation: {'accuracy': 0.9385504201680672, 'f1_weighted': 0.9400168048420923, 'macro': 0.8837914267694749, 'micro': 0.9385504201680672, 'binary': 0.8040201005025126, 'accuracy_majority': 0.9484375, 'macro_majority': 0.9077628562070095, 'binary_majority': 0.8465116279069768, 'run_time_millis': 1630.469488000017, 'loss_mean': 0.13077720999717712}
Epoch 7 **** Loss 0.02044651471078396 **** Metrics validation: {'accuracy': 0.9264705882352942, 'f1_weighted': 0.9297323232133782, 'macro': 0.8672002040621114, 'micro': 0.9264705882352942, 'binary': 0.7784810126582278, 'accuracy_majority': 0.9328125, 'macro_majority': 0.8856568292206632, 'binary_majority': 0.8122270742358079, 'run_time_millis': 2298.845502000404, 'loss_mean': 0.12449980527162552}
Epoch 8 **** Loss 0.00015278940554708242 **** Metrics validation: {'accuracy': 0.9327731092436975, 'f1_weighted': 0.9349135846630965, 'macro': 0.8750694593957289, 'micro': 0.9327731092436976, 'binary': 0.7901639344262295, 'accuracy_majority': 0.940625, 'macro_majority': 0.895711835334477, 'binary_majority': 0.8272727272727274, 'run_time_millis': 3329.130988000088, 'loss_mean': 0.14252012968063354}
Epoch 9 **** Loss 0.005313628353178501 **** Metrics validation: {'accuracy': 0.9375, 'f1_weighted': 0.9390699857610404, 'macro': 0.8821261778876293, 'micro': 0.9375, 'binary': 0.8013355592654424, 'accuracy_majority': 0.946875, 'macro_majority': 0.904613280496572, 'binary_majority': 0.8411214953271028, 'run_time_millis': 3675.2508750000743, 'loss_mean': 0.14806200563907623}
Evaluating
{'accuracy': 0.9385504201680672, 'f1_weighted': 0.9400168048420923, 'macro': 0.8837914267694749, 'micro': 0.9385504201680672, 'binary': 0.8040201005025126, 'accuracy_majority': 0.9484375, 'macro_majority': 0.9077628562070095, 'binary_majority': 0.8465116279069768, 'run_time_millis': 3008.0040190000545, 'loss_mean': 0.13077720999717712}
