Device cuda
Split type sit
Training Size: 109415, NTA labels 105426, YTA labels 3989
Validation Size: 36455, NTA labels 35168, YTA labels 1287
Test Size: 36506, NTA labels 35199, YTA labels 1307
Training with SBERT, model name is sbert
Tokenizing the dataset
Number of training steps 34200
Epoch 0 **** Loss 0.0488835908472538 **** Metrics validation: {'accuracy': 0.9597311754217528, 'f1_weighted': 0.9595331622555878, 'macro': 0.7014991590696009, 'micro': 0.9597311754217528, 'binary': 0.423861852433281, 'accuracy_majority': 0.9719917012448133, 'macro_majority': 0.763315773719687, 'binary_majority': 0.5410764872521245, 'run_time_millis': 16077.72121403832, 'loss_mean': 0.05798665061593056}
Epoch 1 **** Loss 0.006533002946525812 **** Metrics validation: {'accuracy': 0.9574269647510629, 'f1_weighted': 0.9581484532388161, 'macro': 0.6980979058604293, 'micro': 0.9574269647510629, 'binary': 0.41829085457271364, 'accuracy_majority': 0.9700034578146611, 'macro_majority': 0.7581096850529642, 'binary_majority': 0.5317139001349527, 'run_time_millis': 15995.561484945938, 'loss_mean': 0.0590311735868454}
Epoch 2 **** Loss 0.11878503859043121 **** Metrics validation: {'accuracy': 0.9555890824303936, 'f1_weighted': 0.9570338435085082, 'macro': 0.6952694045373662, 'micro': 0.9555890824303936, 'binary': 0.4136182542557045, 'accuracy_majority': 0.9679287690179806, 'macro_majority': 0.7523494678955728, 'binary_majority': 0.5212903225806452, 'run_time_millis': 15909.568609087728, 'loss_mean': 0.06502384692430496}
Epoch 3 **** Loss 0.009151906706392765 **** Metrics validation: {'accuracy': 0.9419832670415581, 'f1_weighted': 0.9490355344148206, 'macro': 0.6790492396424976, 'micro': 0.9419832670415581, 'binary': 0.38855160450997395, 'accuracy_majority': 0.9512448132780082, 'macro_majority': 0.7035618098437977, 'binary_majority': 0.43259557344064387, 'run_time_millis': 15930.414016940631, 'loss_mean': 0.07747875154018402}
Epoch 4 **** Loss 0.017794745042920113 **** Metrics validation: {'accuracy': 0.9536689068714854, 'f1_weighted': 0.9556155891272458, 'macro': 0.688589105291556, 'micro': 0.9536689068714854, 'binary': 0.4012761432116271, 'accuracy_majority': 0.9652489626556017, 'macro_majority': 0.7372164176675455, 'binary_majority': 0.49242424242424243, 'run_time_millis': 15701.708388049155, 'loss_mean': 0.09134078770875931}
Epoch 5 **** Loss 0.0005459926906041801 **** Metrics validation: {'accuracy': 0.9395419009738033, 'f1_weighted': 0.9474502931920175, 'macro': 0.6740378067172079, 'micro': 0.9395419009738033, 'binary': 0.3798536859876196, 'accuracy_majority': 0.9484785615491009, 'macro_majority': 0.6960735926957451, 'binary_majority': 0.419103313840156, 'run_time_millis': 15893.71876406949, 'loss_mean': 0.09243457764387131}
Epoch 6 **** Loss 6.814733933424577e-05 **** Metrics validation: {'accuracy': 0.945274996571115, 'f1_weighted': 0.9508068862198322, 'macro': 0.6803509653133644, 'micro': 0.945274996571115, 'binary': 0.38934802571166205, 'accuracy_majority': 0.9548755186721992, 'macro_majority': 0.7093970893970895, 'binary_majority': 0.4423076923076923, 'run_time_millis': 16018.454535980709, 'loss_mean': 0.11553366482257843}
Epoch 7 **** Loss 0.11872036755084991 **** Metrics validation: {'accuracy': 0.940940886023865, 'f1_weighted': 0.948143520087783, 'macro': 0.673641332551662, 'micro': 0.940940886023865, 'binary': 0.3782847242275484, 'accuracy_majority': 0.950207468879668, 'macro_majority': 0.6984135404244209, 'binary_majority': 0.4228456913827655, 'run_time_millis': 15298.957193037495, 'loss_mean': 0.11950825154781342}
Epoch 8 **** Loss 0.012594238854944706 **** Metrics validation: {'accuracy': 0.9468385680976547, 'f1_weighted': 0.9516984369411533, 'macro': 0.6817685741762768, 'micro': 0.9468385680976547, 'binary': 0.3913316582914573, 'accuracy_majority': 0.9572959889349931, 'macro_majority': 0.7162619573215601, 'binary_majority': 0.45474613686534215, 'run_time_millis': 15925.537076895125, 'loss_mean': 0.13357555866241455}
Epoch 9 **** Loss 0.0880933627486229 **** Metrics validation: {'accuracy': 0.9488958990536278, 'f1_weighted': 0.9527830341429417, 'macro': 0.682351773442641, 'micro': 0.9488958990536278, 'binary': 0.39137536752695196, 'accuracy_majority': 0.959457123098202, 'macro_majority': 0.7196183177663407, 'binary_majority': 0.46029919447640966, 'run_time_millis': 15929.781294078566, 'loss_mean': 0.13774839043617249}
Evaluating
{'accuracy': 0.9597311754217528, 'f1_weighted': 0.9595331622555878, 'macro': 0.7014991590696009, 'micro': 0.9597311754217528, 'binary': 0.423861852433281, 'accuracy_majority': 0.9719917012448133, 'macro_majority': 0.763315773719687, 'binary_majority': 0.5410764872521245, 'run_time_millis': 14984.925091033801, 'loss_mean': 0.05798665061593056}
