Device cuda
Split type sit
Training Size: 15872, NTA labels 10455, YTA labels 5417
Validation Size: 5337, NTA labels 3555, YTA labels 1782
Test Size: 5275, NTA labels 3500, YTA labels 1775
Training with SBERT, model name is sbert
Tokenizing the dataset
Number of training steps 4960
Epoch 0 **** Loss 0.37694400548934937 **** Metrics validation: {'accuracy': 0.7462994191493348, 'f1_weighted': 0.7465106359978648, 'macro': 0.7153033466275593, 'micro': 0.7462994191493348, 'binary': 0.6213646532438478, 'accuracy_majority': 0.7800261096605744, 'macro_majority': 0.755298823852824, 'binary_majority': 0.677511961722488, 'run_time_millis': 5258.516040999893, 'loss_mean': 0.2569335103034973}
Epoch 1 **** Loss 0.22964678704738617 **** Metrics validation: {'accuracy': 0.7279370432827431, 'f1_weighted': 0.7351636283812976, 'macro': 0.7149542665836051, 'micro': 0.7279370432827431, 'binary': 0.6541210100047642, 'accuracy_majority': 0.7767624020887729, 'macro_majority': 0.7672315902269469, 'binary_majority': 0.7201309328968903, 'run_time_millis': 5261.332476000007, 'loss_mean': 0.2500673830509186}
Epoch 2 **** Loss 0.18958154320716858 **** Metrics validation: {'accuracy': 0.7543563799887577, 'f1_weighted': 0.7536311976692784, 'macro': 0.7222714841952158, 'micro': 0.7543563799887578, 'binary': 0.6278739710474027, 'accuracy_majority': 0.7943864229765013, 'macro_majority': 0.7695431981146267, 'binary_majority': 0.6938775510204082, 'run_time_millis': 5266.05816700021, 'loss_mean': 0.255286306142807}
Epoch 3 **** Loss 0.14910539984703064 **** Metrics validation: {'accuracy': 0.7193179688963838, 'f1_weighted': 0.7270972139068644, 'macro': 0.7079938878631219, 'micro': 0.7193179688963838, 'binary': 0.650489967335511, 'accuracy_majority': 0.7637075718015666, 'macro_majority': 0.7556618819776714, 'binary_majority': 0.7113237639553428, 'run_time_millis': 3883.645620999687, 'loss_mean': 0.2849904000759125}
Epoch 4 **** Loss 0.2171347737312317 **** Metrics validation: {'accuracy': 0.746486790331647, 'f1_weighted': 0.7479057556143195, 'macro': 0.7183078091886921, 'micro': 0.7464867903316469, 'binary': 0.6292134831460673, 'accuracy_majority': 0.7872062663185379, 'macro_majority': 0.7655103508762044, 'binary_majority': 0.6941838649155723, 'run_time_millis': 5264.644279999629, 'loss_mean': 0.2990514934062958}
Epoch 5 **** Loss 0.20508185029029846 **** Metrics validation: {'accuracy': 0.7403035413153457, 'f1_weighted': 0.7452713569623115, 'macro': 0.720668180587813, 'micro': 0.7403035413153458, 'binary': 0.6466088730239673, 'accuracy_majority': 0.7898172323759791, 'macro_majority': 0.7757268700035643, 'binary_majority': 0.7195121951219512, 'run_time_millis': 5317.74118400017, 'loss_mean': 0.2699100077152252}
Epoch 6 **** Loss 0.11817970871925354 **** Metrics validation: {'accuracy': 0.7483605021547686, 'f1_weighted': 0.7502545705541538, 'macro': 0.7215521494250101, 'micro': 0.7483605021547686, 'binary': 0.6351534908992122, 'accuracy_majority': 0.7956919060052219, 'macro_majority': 0.776305814968397, 'binary_majority': 0.7104532839962997, 'run_time_millis': 4838.088988999971, 'loss_mean': 0.2766333222389221}
Epoch 7 **** Loss 0.16052141785621643 **** Metrics validation: {'accuracy': 0.7401161701330335, 'f1_weighted': 0.7448761659725985, 'macro': 0.7198332205021272, 'micro': 0.7401161701330335, 'binary': 0.6444501409894898, 'accuracy_majority': 0.7911227154046997, 'macro_majority': 0.776806526806527, 'binary_majority': 0.7202797202797204, 'run_time_millis': 5340.476268000202, 'loss_mean': 0.30090463161468506}
Epoch 8 **** Loss 0.1347680687904358 **** Metrics validation: {'accuracy': 0.7361813753044781, 'f1_weighted': 0.7416828039918614, 'macro': 0.7176580920146926, 'micro': 0.7361813753044781, 'binary': 0.6453400503778338, 'accuracy_majority': 0.7839425587467362, 'macro_majority': 0.7707887819882613, 'binary_majority': 0.7158798283261801, 'run_time_millis': 5251.484381999944, 'loss_mean': 0.32779958844184875}
Epoch 9 **** Loss 0.11855018138885498 **** Metrics validation: {'accuracy': 0.7395540565860971, 'f1_weighted': 0.7440597068577215, 'macro': 0.7184554827180094, 'micro': 0.7395540565860971, 'binary': 0.6413828689370484, 'accuracy_majority': 0.7885117493472585, 'macro_majority': 0.7733694699316229, 'binary_majority': 0.7147887323943662, 'run_time_millis': 5231.930925000142, 'loss_mean': 0.3388422429561615}
Evaluating
{'accuracy': 0.7543563799887577, 'f1_weighted': 0.7536311976692784, 'macro': 0.7222714841952158, 'micro': 0.7543563799887578, 'binary': 0.6278739710474027, 'accuracy_majority': 0.7943864229765013, 'macro_majority': 0.7695431981146267, 'binary_majority': 0.6938775510204082, 'run_time_millis': 5251.629614000194, 'loss_mean': 0.255286306142807}
