Device cuda
Split type sit
Training Size: 2366, NTA labels 1781, YTA labels 585
Validation Size: 738, NTA labels 553, YTA labels 185
Test Size: 1026, NTA labels 820, YTA labels 206
Training with SBERT, model name is sbert
Tokenizing the dataset
Number of training steps 740
Epoch 0 **** Loss 0.24598142504692078 **** Metrics validation: {'accuracy': 0.7344173441734417, 'f1_weighted': 0.6764554336481876, 'macro': 0.512378640776699, 'micro': 0.7344173441734417, 'binary': 0.18333333333333335, 'accuracy_majority': 0.7271214642262895, 'macro_majority': 0.5158748870289599, 'binary_majority': 0.19607843137254902, 'run_time_millis': 3154.490406042896, 'loss_mean': 0.27990099787712097}
Epoch 1 **** Loss 0.24752084910869598 **** Metrics validation: {'accuracy': 0.6422764227642277, 'f1_weighted': 0.6481548665890399, 'macro': 0.5399915002124946, 'micro': 0.6422764227642277, 'binary': 0.3230769230769231, 'accuracy_majority': 0.6455906821963394, 'macro_majority': 0.5491182282145838, 'binary_majority': 0.34055727554179566, 'run_time_millis': 3161.4632359705865, 'loss_mean': 0.26448962092399597}
Epoch 2 **** Loss 0.18307717144489288 **** Metrics validation: {'accuracy': 0.5799457994579946, 'f1_weighted': 0.6061444189233485, 'macro': 0.5283936772842336, 'micro': 0.5799457994579946, 'binary': 0.3724696356275304, 'accuracy_majority': 0.5823627287853578, 'macro_majority': 0.5348942612159574, 'binary_majority': 0.38630806845965765, 'run_time_millis': 3159.8128890036605, 'loss_mean': 0.2877004146575928}
Epoch 3 **** Loss 0.19404007494449615 **** Metrics validation: {'accuracy': 0.7113821138211383, 'f1_weighted': 0.6775423742792575, 'macro': 0.5344041656423365, 'micro': 0.7113821138211383, 'binary': 0.24734982332155478, 'accuracy_majority': 0.7054908485856906, 'macro_majority': 0.5406885117076351, 'binary_majority': 0.26556016597510373, 'run_time_millis': 3157.8271540347487, 'loss_mean': 0.43738290667533875}
Epoch 4 **** Loss 0.03205522149801254 **** Metrics validation: {'accuracy': 0.6680216802168022, 'f1_weighted': 0.6727219946938403, 'macro': 0.570974010720311, 'micro': 0.6680216802168022, 'binary': 0.36692506459948326, 'accuracy_majority': 0.6605657237936772, 'macro_majority': 0.5656037414965985, 'binary_majority': 0.3625, 'run_time_millis': 3158.7036740384065, 'loss_mean': 0.609464168548584}
Epoch 5 **** Loss 0.02370116114616394 **** Metrics validation: {'accuracy': 0.6626016260162602, 'f1_weighted': 0.6683970506069222, 'macro': 0.5668391339705587, 'micro': 0.6626016260162602, 'binary': 0.3631713554987212, 'accuracy_majority': 0.6555740432612313, 'macro_majority': 0.5618191231944547, 'binary_majority': 0.35913312693498456, 'run_time_millis': 3156.7622409784235, 'loss_mean': 0.6833007335662842}
Epoch 6 **** Loss 0.05685986578464508 **** Metrics validation: {'accuracy': 0.6504065040650406, 'f1_weighted': 0.6556237735853707, 'macro': 0.5489595967252879, 'micro': 0.6504065040650406, 'binary': 0.33505154639175255, 'accuracy_majority': 0.6439267886855241, 'macro_majority': 0.5461109542631282, 'binary_majority': 0.33540372670807456, 'run_time_millis': 3156.5158150042407, 'loss_mean': 0.770222008228302}
Epoch 7 **** Loss 0.006602148525416851 **** Metrics validation: {'accuracy': 0.5880758807588076, 'f1_weighted': 0.6114242298042455, 'macro': 0.525502305317034, 'micro': 0.5880758807588076, 'binary': 0.35319148936170214, 'accuracy_majority': 0.5873544093178037, 'macro_majority': 0.5280782187998683, 'binary_majority': 0.36082474226804123, 'run_time_millis': 3158.1504530040547, 'loss_mean': 0.8151764869689941}
Epoch 8 **** Loss 0.005995905492454767 **** Metrics validation: {'accuracy': 0.6707317073170732, 'f1_weighted': 0.6652953862133678, 'macro': 0.5476150234978646, 'micro': 0.6707317073170732, 'binary': 0.311614730878187, 'accuracy_majority': 0.670549084858569, 'macro_majority': 0.5500680580762249, 'binary_majority': 0.3172413793103448, 'run_time_millis': 3158.341206028126, 'loss_mean': 1.1013462543487549}
Epoch 9 **** Loss 0.00140932179056108 **** Metrics validation: {'accuracy': 0.6558265582655827, 'f1_weighted': 0.6564400043836811, 'macro': 0.5435659186535765, 'micro': 0.6558265582655827, 'binary': 0.3172043010752688, 'accuracy_majority': 0.6589018302828619, 'macro_majority': 0.5477005987584298, 'binary_majority': 0.3234323432343234, 'run_time_millis': 3157.1325120166875, 'loss_mean': 1.0892740488052368}
Evaluating
{'accuracy': 0.7113821138211383, 'f1_weighted': 0.6775423742792575, 'macro': 0.5344041656423365, 'micro': 0.7113821138211383, 'binary': 0.24734982332155478, 'accuracy_majority': 0.7054908485856906, 'macro_majority': 0.5406885117076351, 'binary_majority': 0.26556016597510373, 'run_time_millis': 3155.72176000569, 'loss_mean': 0.43738290667533875}
