Device cuda
Split type sit
Training Size: 82710, NTA labels 79558, YTA labels 3152
Validation Size: 27605, NTA labels 26608, YTA labels 997
Test Size: 27460, NTA labels 26461, YTA labels 999
Training with SBERT, model name is sbert
Tokenizing the dataset
Number of training steps 25850
Epoch 0 **** Loss 0.2167942374944687 **** Metrics validation: {'accuracy': 0.9536678138018475, 'f1_weighted': 0.9554979257738052, 'macro': 0.6936487765346391, 'micro': 0.9536678138018475, 'binary': 0.4114127933732168, 'accuracy_majority': 0.9558112975489765, 'macro_majority': 0.7189201828220642, 'binary_majority': 0.4608788853161843, 'run_time_millis': 12745.994060998783, 'loss_mean': 0.05952400714159012}
Epoch 1 **** Loss 0.0169526319950819 **** Metrics validation: {'accuracy': 0.9483789168628871, 'f1_weighted': 0.9524192861708785, 'macro': 0.6877699297847706, 'micro': 0.9483789168628871, 'binary': 0.4025157232704403, 'accuracy_majority': 0.949925327242379, 'macro_majority': 0.7080279653365474, 'binary_majority': 0.44227005870841485, 'run_time_millis': 13614.743213998736, 'loss_mean': 0.06058463826775551}
Epoch 2 **** Loss 0.045956727117300034 **** Metrics validation: {'accuracy': 0.9567831914508241, 'f1_weighted': 0.9571618109592388, 'macro': 0.6950854804184142, 'micro': 0.9567831914508241, 'binary': 0.41260462826193994, 'accuracy_majority': 0.9581832557322323, 'macro_majority': 0.7174379577422187, 'binary_majority': 0.45662100456621, 'run_time_millis': 12944.898748999549, 'loss_mean': 0.06340410560369492}
Epoch 3 **** Loss 0.015765352174639702 **** Metrics validation: {'accuracy': 0.956131135663829, 'f1_weighted': 0.9568165402569402, 'macro': 0.6948180770603537, 'micro': 0.956131135663829, 'binary': 0.4124211547792334, 'accuracy_majority': 0.9569533514890627, 'macro_majority': 0.7135196131001909, 'binary_majority': 0.44943820224719094, 'run_time_millis': 13827.970695001568, 'loss_mean': 0.07104367762804031}
Epoch 4 **** Loss 0.03517841920256615 **** Metrics validation: {'accuracy': 0.9464227495019019, 'f1_weighted': 0.9510165060035305, 'macro': 0.6817929413279836, 'micro': 0.9464227495019019, 'binary': 0.3916083916083916, 'accuracy_majority': 0.9475533690591232, 'macro_majority': 0.7006116057729946, 'binary_majority': 0.42870813397129187, 'run_time_millis': 13686.680255999818, 'loss_mean': 0.0719289779663086}
Epoch 5 **** Loss 0.012284905649721622 **** Metrics validation: {'accuracy': 0.9467487773953994, 'f1_weighted': 0.9511349559936134, 'macro': 0.6811002923425122, 'micro': 0.9467487773953994, 'binary': 0.39004149377593367, 'accuracy_majority': 0.9486954229992094, 'macro_majority': 0.7041651402472391, 'binary_majority': 0.4352030947775629, 'run_time_millis': 13708.340647001023, 'loss_mean': 0.0770612359046936}
Epoch 6 **** Loss 0.007879993878304958 **** Metrics validation: {'accuracy': 0.9525086035138561, 'f1_weighted': 0.9539138577509846, 'macro': 0.6791812908265877, 'micro': 0.9525086035138561, 'binary': 0.38305882352941173, 'accuracy_majority': 0.9530879381533867, 'macro_majority': 0.6975606916398983, 'binary_majority': 0.41956521739130437, 'run_time_millis': 13364.877451000211, 'loss_mean': 0.09247162193059921}
Epoch 7 **** Loss 0.0007612187182530761 **** Metrics validation: {'accuracy': 0.9497917044013766, 'f1_weighted': 0.9522982064701108, 'macro': 0.6755998250806937, 'micro': 0.9497917044013766, 'binary': 0.3773584905660377, 'accuracy_majority': 0.9504524290608802, 'macro_majority': 0.6939273001463425, 'binary_majority': 0.41372141372141374, 'run_time_millis': 13424.894070998562, 'loss_mean': 0.0981878936290741}
Epoch 8 **** Loss 0.013205533847212791 **** Metrics validation: {'accuracy': 0.947328382539395, 'f1_weighted': 0.9508851849841573, 'macro': 0.6731618087255977, 'micro': 0.947328382539395, 'binary': 0.37381567614125755, 'accuracy_majority': 0.9480804708776245, 'macro_majority': 0.6906286081183862, 'binary_majority': 0.4084084084084084, 'run_time_millis': 13793.108117999509, 'loss_mean': 0.100761279463768}
Epoch 9 **** Loss 0.029901700094342232 **** Metrics validation: {'accuracy': 0.9481977902553885, 'f1_weighted': 0.951325704264151, 'macro': 0.6731694345474334, 'micro': 0.9481977902553885, 'binary': 0.37335670464504817, 'accuracy_majority': 0.9488711236053764, 'macro_majority': 0.6909086379221151, 'binary_majority': 0.40853658536585363, 'run_time_millis': 13786.641464997956, 'loss_mean': 0.10419128090143204}
Evaluating
{'accuracy': 0.9567831914508241, 'f1_weighted': 0.9571618109592388, 'macro': 0.6950854804184142, 'micro': 0.9567831914508241, 'binary': 0.41260462826193994, 'accuracy_majority': 0.9581832557322323, 'macro_majority': 0.7174379577422187, 'binary_majority': 0.45662100456621, 'run_time_millis': 13609.930798000278, 'loss_mean': 0.06340410560369492}
