Device cuda
Split type sit
Training Size: 4004, NTA labels 4004, YTA labels 0
Validation Size: 2506, NTA labels 2506, YTA labels 0
Test Size: 2558, NTA labels 2558, YTA labels 0
Training with SBERT, model name is sbert
Tokenizing the dataset
Number of training steps 1260
Epoch 0 **** Loss 0.00026968063320964575 **** Metrics validation: {'accuracy': 1.0, 'f1_weighted': 1.0, 'macro': 1.0, 'micro': 1.0, 'binary': 0.0, 'accuracy_majority': 1.0, 'macro_majority': 1.0, 'binary_majority': 0.0, 'run_time_millis': 3727.1223279531114, 'loss_mean': 0.00015071526286192238}
Epoch 1 **** Loss 0.00022015204012859613 **** Metrics validation: {'accuracy': 1.0, 'f1_weighted': 1.0, 'macro': 1.0, 'micro': 1.0, 'binary': 0.0, 'accuracy_majority': 1.0, 'macro_majority': 1.0, 'binary_majority': 0.0, 'run_time_millis': 2789.6644399734214, 'loss_mean': 6.762822158634663e-05}
Epoch 2 **** Loss 0.00015447258192580193 **** Metrics validation: {'accuracy': 1.0, 'f1_weighted': 1.0, 'macro': 1.0, 'micro': 1.0, 'binary': 0.0, 'accuracy_majority': 1.0, 'macro_majority': 1.0, 'binary_majority': 0.0, 'run_time_millis': 3813.5322610032745, 'loss_mean': 4.017606988782063e-05}
Epoch 3 **** Loss 0.0001253894588444382 **** Metrics validation: {'accuracy': 1.0, 'f1_weighted': 1.0, 'macro': 1.0, 'micro': 1.0, 'binary': 0.0, 'accuracy_majority': 1.0, 'macro_majority': 1.0, 'binary_majority': 0.0, 'run_time_millis': 1769.4155410281383, 'loss_mean': 2.7549249352887273e-05}
Epoch 4 **** Loss 7.855393050704151e-05 **** Metrics validation: {'accuracy': 1.0, 'f1_weighted': 1.0, 'macro': 1.0, 'micro': 1.0, 'binary': 0.0, 'accuracy_majority': 1.0, 'macro_majority': 1.0, 'binary_majority': 0.0, 'run_time_millis': 2782.655582006555, 'loss_mean': 2.076358941849321e-05}
Epoch 5 **** Loss 8.606413030065596e-05 **** Metrics validation: {'accuracy': 1.0, 'f1_weighted': 1.0, 'macro': 1.0, 'micro': 1.0, 'binary': 0.0, 'accuracy_majority': 1.0, 'macro_majority': 1.0, 'binary_majority': 0.0, 'run_time_millis': 1866.8946800171398, 'loss_mean': 1.6761869119363837e-05}
Epoch 6 **** Loss 2.692212183319498e-05 **** Metrics validation: {'accuracy': 1.0, 'f1_weighted': 1.0, 'macro': 1.0, 'micro': 1.0, 'binary': 0.0, 'accuracy_majority': 1.0, 'macro_majority': 1.0, 'binary_majority': 0.0, 'run_time_millis': 3823.525211017113, 'loss_mean': 1.4286393707152456e-05}
Epoch 7 **** Loss 5.037638402427547e-05 **** Metrics validation: {'accuracy': 1.0, 'f1_weighted': 1.0, 'macro': 1.0, 'micro': 1.0, 'binary': 0.0, 'accuracy_majority': 1.0, 'macro_majority': 1.0, 'binary_majority': 0.0, 'run_time_millis': 3461.9151129736565, 'loss_mean': 1.2786469596903771e-05}
Epoch 8 **** Loss 4.155039641773328e-05 **** Metrics validation: {'accuracy': 1.0, 'f1_weighted': 1.0, 'macro': 1.0, 'micro': 1.0, 'binary': 0.0, 'accuracy_majority': 1.0, 'macro_majority': 1.0, 'binary_majority': 0.0, 'run_time_millis': 3881.4707849523984, 'loss_mean': 1.1960190022364259e-05}
Epoch 9 **** Loss 3.73634829884395e-05 **** Metrics validation: {'accuracy': 1.0, 'f1_weighted': 1.0, 'macro': 1.0, 'micro': 1.0, 'binary': 0.0, 'accuracy_majority': 1.0, 'macro_majority': 1.0, 'binary_majority': 0.0, 'run_time_millis': 3889.6244000061415, 'loss_mean': 1.167988739325665e-05}
Evaluating
{'accuracy': 1.0, 'f1_weighted': 1.0, 'macro': 1.0, 'micro': 1.0, 'binary': 0.0, 'accuracy_majority': 1.0, 'macro_majority': 1.0, 'binary_majority': 0.0, 'run_time_millis': 2882.1409099618904, 'loss_mean': 0.00015071526286192238}
Device cuda
Split type sit
Training Size: 4508, NTA labels 4508, YTA labels 0
Validation Size: 2506, NTA labels 2506, YTA labels 0
Test Size: 2558, NTA labels 2558, YTA labels 0
Training with SBERT, model name is sbert
Tokenizing the dataset
Number of training steps 1410
Epoch 0 **** Loss 0.00029220571741461754 **** Metrics validation: {'accuracy': 1.0, 'f1_weighted': 1.0, 'macro': 1.0, 'micro': 1.0, 'binary': 0.0, 'accuracy_majority': 1.0, 'macro_majority': 1.0, 'binary_majority': 0.0, 'run_time_millis': 2895.7513800123706, 'loss_mean': 0.00013276093523018062}
Epoch 1 **** Loss 0.00016007674275897443 **** Metrics validation: {'accuracy': 1.0, 'f1_weighted': 1.0, 'macro': 1.0, 'micro': 1.0, 'binary': 0.0, 'accuracy_majority': 1.0, 'macro_majority': 1.0, 'binary_majority': 0.0, 'run_time_millis': 3876.122989982832, 'loss_mean': 5.709661127184518e-05}
Epoch 2 **** Loss 0.00010830326937139034 **** Metrics validation: {'accuracy': 1.0, 'f1_weighted': 1.0, 'macro': 1.0, 'micro': 1.0, 'binary': 0.0, 'accuracy_majority': 1.0, 'macro_majority': 1.0, 'binary_majority': 0.0, 'run_time_millis': 3919.706981978379, 'loss_mean': 3.319141615065746e-05}
Epoch 3 **** Loss 7.149099837988615e-05 **** Metrics validation: {'accuracy': 1.0, 'f1_weighted': 1.0, 'macro': 1.0, 'micro': 1.0, 'binary': 0.0, 'accuracy_majority': 1.0, 'macro_majority': 1.0, 'binary_majority': 0.0, 'run_time_millis': 3914.5702900132164, 'loss_mean': 2.254116589028854e-05}
Epoch 4 **** Loss 5.414004408521578e-05 **** Metrics validation: {'accuracy': 1.0, 'f1_weighted': 1.0, 'macro': 1.0, 'micro': 1.0, 'binary': 0.0, 'accuracy_majority': 1.0, 'macro_majority': 1.0, 'binary_majority': 0.0, 'run_time_millis': 2906.6089930129237, 'loss_mean': 1.6890242477529682e-05}
Epoch 5 **** Loss 4.003244248451665e-05 **** Metrics validation: {'accuracy': 1.0, 'f1_weighted': 1.0, 'macro': 1.0, 'micro': 1.0, 'binary': 0.0, 'accuracy_majority': 1.0, 'macro_majority': 1.0, 'binary_majority': 0.0, 'run_time_millis': 3313.94027400529, 'loss_mean': 1.3558562386606354e-05}
Epoch 6 **** Loss 3.733253834070638e-05 **** Metrics validation: {'accuracy': 1.0, 'f1_weighted': 1.0, 'macro': 1.0, 'micro': 1.0, 'binary': 0.0, 'accuracy_majority': 1.0, 'macro_majority': 1.0, 'binary_majority': 0.0, 'run_time_millis': 2935.2829859708436, 'loss_mean': 1.1527397873578593e-05}
Epoch 7 **** Loss 2.952612703666091e-05 **** Metrics validation: {'accuracy': 1.0, 'f1_weighted': 1.0, 'macro': 1.0, 'micro': 1.0, 'binary': 0.0, 'accuracy_majority': 1.0, 'macro_majority': 1.0, 'binary_majority': 0.0, 'run_time_millis': 3871.554652985651, 'loss_mean': 1.0278570698574185e-05}
Epoch 8 **** Loss 3.29638241964858e-05 **** Metrics validation: {'accuracy': 1.0, 'f1_weighted': 1.0, 'macro': 1.0, 'micro': 1.0, 'binary': 0.0, 'accuracy_majority': 1.0, 'macro_majority': 1.0, 'binary_majority': 0.0, 'run_time_millis': 3865.2487859944813, 'loss_mean': 9.577052878739778e-06}
Epoch 9 **** Loss 3.643741729320027e-05 **** Metrics validation: {'accuracy': 1.0, 'f1_weighted': 1.0, 'macro': 1.0, 'micro': 1.0, 'binary': 0.0, 'accuracy_majority': 1.0, 'macro_majority': 1.0, 'binary_majority': 0.0, 'run_time_millis': 2814.418437948916, 'loss_mean': 9.34545914788032e-06}
Evaluating
{'accuracy': 1.0, 'f1_weighted': 1.0, 'macro': 1.0, 'micro': 1.0, 'binary': 0.0, 'accuracy_majority': 1.0, 'macro_majority': 1.0, 'binary_majority': 0.0, 'run_time_millis': 3863.5039410437457, 'loss_mean': 0.00013276093523018062}
Device cuda
Split type sit
Training Size: 5012, NTA labels 5012, YTA labels 0
Validation Size: 2506, NTA labels 2506, YTA labels 0
Test Size: 2558, NTA labels 2558, YTA labels 0
Training with SBERT, model name is sbert
Tokenizing the dataset
Number of training steps 1570
Epoch 0 **** Loss 0.0003011299704667181 **** Metrics validation: {'accuracy': 1.0, 'f1_weighted': 1.0, 'macro': 1.0, 'micro': 1.0, 'binary': 0.0, 'accuracy_majority': 1.0, 'macro_majority': 1.0, 'binary_majority': 0.0, 'run_time_millis': 2867.976430046838, 'loss_mean': 0.00011846861889353022}
Epoch 1 **** Loss 0.00011502609413582832 **** Metrics validation: {'accuracy': 1.0, 'f1_weighted': 1.0, 'macro': 1.0, 'micro': 1.0, 'binary': 0.0, 'accuracy_majority': 1.0, 'macro_majority': 1.0, 'binary_majority': 0.0, 'run_time_millis': 3789.005029015243, 'loss_mean': 4.8399047955172136e-05}
Epoch 2 **** Loss 6.554431456606835e-05 **** Metrics validation: {'accuracy': 1.0, 'f1_weighted': 1.0, 'macro': 1.0, 'micro': 1.0, 'binary': 0.0, 'accuracy_majority': 1.0, 'macro_majority': 1.0, 'binary_majority': 0.0, 'run_time_millis': 2196.506511012558, 'loss_mean': 2.7674683224176988e-05}
Epoch 3 **** Loss 6.990159454289824e-05 **** Metrics validation: {'accuracy': 1.0, 'f1_weighted': 1.0, 'macro': 1.0, 'micro': 1.0, 'binary': 0.0, 'accuracy_majority': 1.0, 'macro_majority': 1.0, 'binary_majority': 0.0, 'run_time_millis': 2918.906695966143, 'loss_mean': 1.8878070477512665e-05}
Epoch 4 **** Loss 7.412109698634595e-05 **** Metrics validation: {'accuracy': 1.0, 'f1_weighted': 1.0, 'macro': 1.0, 'micro': 1.0, 'binary': 0.0, 'accuracy_majority': 1.0, 'macro_majority': 1.0, 'binary_majority': 0.0, 'run_time_millis': 2769.418473006226, 'loss_mean': 1.4072666999709327e-05}
Epoch 5 **** Loss 5.4976797400740907e-05 **** Metrics validation: {'accuracy': 1.0, 'f1_weighted': 1.0, 'macro': 1.0, 'micro': 1.0, 'binary': 0.0, 'accuracy_majority': 1.0, 'macro_majority': 1.0, 'binary_majority': 0.0, 'run_time_millis': 3842.315287969541, 'loss_mean': 1.1252345757384319e-05}
Epoch 6 **** Loss 3.076771827181801e-05 **** Metrics validation: {'accuracy': 1.0, 'f1_weighted': 1.0, 'macro': 1.0, 'micro': 1.0, 'binary': 0.0, 'accuracy_majority': 1.0, 'macro_majority': 1.0, 'binary_majority': 0.0, 'run_time_millis': 2810.406132019125, 'loss_mean': 9.535484423395246e-06}
Epoch 7 **** Loss 2.5181821911246516e-05 **** Metrics validation: {'accuracy': 1.0, 'f1_weighted': 1.0, 'macro': 1.0, 'micro': 1.0, 'binary': 0.0, 'accuracy_majority': 1.0, 'macro_majority': 1.0, 'binary_majority': 0.0, 'run_time_millis': 3867.740401008632, 'loss_mean': 8.48546187626198e-06}
Epoch 8 **** Loss 2.9061338864266872e-05 **** Metrics validation: {'accuracy': 1.0, 'f1_weighted': 1.0, 'macro': 1.0, 'micro': 1.0, 'binary': 0.0, 'accuracy_majority': 1.0, 'macro_majority': 1.0, 'binary_majority': 0.0, 'run_time_millis': 3959.7756360308267, 'loss_mean': 7.896391252870671e-06}
Epoch 9 **** Loss 2.1823090719408356e-05 **** Metrics validation: {'accuracy': 1.0, 'f1_weighted': 1.0, 'macro': 1.0, 'micro': 1.0, 'binary': 0.0, 'accuracy_majority': 1.0, 'macro_majority': 1.0, 'binary_majority': 0.0, 'run_time_millis': 3814.6997750154696, 'loss_mean': 7.69872985983966e-06}
Evaluating
{'accuracy': 1.0, 'f1_weighted': 1.0, 'macro': 1.0, 'micro': 1.0, 'binary': 0.0, 'accuracy_majority': 1.0, 'macro_majority': 1.0, 'binary_majority': 0.0, 'run_time_millis': 2796.4826590032317, 'loss_mean': 0.00011846861889353022}
