Device cuda
Split type sit
Training Size: 3469, NTA labels 3343, YTA labels 126
Validation Size: 1109, NTA labels 1061, YTA labels 48
Test Size: 1021, NTA labels 996, YTA labels 25
Training with SBERT, model name is sbert
Tokenizing the dataset
Number of training steps 1090
Epoch 0 **** Loss 0.07521729171276093 **** Metrics validation: {'accuracy': 0.8331830477908025, 'f1_weighted': 0.8738633838058489, 'macro': 0.5155226848211355, 'micro': 0.8331830477908025, 'binary': 0.12322274881516587, 'accuracy_majority': 0.823019801980198, 'macro_majority': 0.5121411591840871, 'binary_majority': 0.12269938650306748, 'run_time_millis': 1939.847792033106, 'loss_mean': 0.05587688833475113}
Epoch 1 **** Loss 0.1271507889032364 **** Metrics validation: {'accuracy': 0.7430117222723174, 'f1_weighted': 0.8184390914628812, 'macro': 0.501393759553997, 'micro': 0.7430117222723174, 'binary': 0.1543026706231454, 'accuracy_majority': 0.7376237623762376, 'macro_majority': 0.5079963235294118, 'binary_majority': 0.171875, 'run_time_millis': 1484.5843729563057, 'loss_mean': 0.05337345600128174}
Epoch 2 **** Loss 0.08429492264986038 **** Metrics validation: {'accuracy': 0.8403967538322813, 'f1_weighted': 0.8816122144306289, 'macro': 0.5723436100889548, 'micro': 0.8403967538322813, 'binary': 0.23376623376623376, 'accuracy_majority': 0.8378712871287128, 'macro_majority': 0.5844257821855259, 'binary_majority': 0.2598870056497175, 'run_time_millis': 2497.7961911354214, 'loss_mean': 0.04779450222849846}
Epoch 3 **** Loss 0.0191350094974041 **** Metrics validation: {'accuracy': 0.8187556357078449, 'f1_weighted': 0.8692638253422768, 'macro': 0.5801971807113195, 'micro': 0.818755635707845, 'binary': 0.26373626373626374, 'accuracy_majority': 0.818069306930693, 'macro_majority': 0.5960865528815253, 'binary_majority': 0.29665071770334933, 'run_time_millis': 977.2771468851715, 'loss_mean': 0.04141855612397194}
Epoch 4 **** Loss 0.010620664805173874 **** Metrics validation: {'accuracy': 0.8331830477908025, 'f1_weighted': 0.8787355787854285, 'macro': 0.5956391745059433, 'micro': 0.8331830477908025, 'binary': 0.2857142857142857, 'accuracy_majority': 0.8304455445544554, 'macro_majority': 0.6140831616342268, 'binary_majority': 0.3251231527093596, 'run_time_millis': 2497.948284028098, 'loss_mean': 0.04009950906038284}
Epoch 5 **** Loss 0.020508140325546265 **** Metrics validation: {'accuracy': 0.8250676284941388, 'f1_weighted': 0.8734876771031435, 'macro': 0.5883161117489475, 'micro': 0.8250676284941388, 'binary': 0.2761194029850746, 'accuracy_majority': 0.823019801980198, 'macro_majority': 0.6070773949799873, 'binary_majority': 0.3157894736842105, 'run_time_millis': 2094.028679886833, 'loss_mean': 0.03992088511586189}
Epoch 6 **** Loss 0.02319193258881569 **** Metrics validation: {'accuracy': 0.8476104598737602, 'f1_weighted': 0.8880323867105588, 'macro': 0.6094785643590144, 'micro': 0.8476104598737602, 'binary': 0.3045267489711934, 'accuracy_majority': 0.8465346534653465, 'macro_majority': 0.6302059496567506, 'binary_majority': 0.3473684210526316, 'run_time_millis': 2497.3903950303793, 'loss_mean': 0.042211130261421204}
Epoch 7 **** Loss 0.019008245319128036 **** Metrics validation: {'accuracy': 0.872858431018936, 'f1_weighted': 0.903863443873647, 'macro': 0.6307497219447573, 'micro': 0.872858431018936, 'binary': 0.3317535545023697, 'accuracy_majority': 0.875, 'macro_majority': 0.6554283711719776, 'binary_majority': 0.3803680981595092, 'run_time_millis': 1840.0957179255784, 'loss_mean': 0.04570037126541138}
Epoch 8 **** Loss 0.006901969201862812 **** Metrics validation: {'accuracy': 0.8719567177637512, 'f1_weighted': 0.9032852783161649, 'macro': 0.6297005210782747, 'micro': 0.8719567177637512, 'binary': 0.33018867924528306, 'accuracy_majority': 0.8725247524752475, 'macro_majority': 0.6523860242674853, 'binary_majority': 0.37575757575757573, 'run_time_millis': 2498.480432899669, 'loss_mean': 0.047613006085157394}
Epoch 9 **** Loss 0.006733110174536705 **** Metrics validation: {'accuracy': 0.8782687105500451, 'f1_weighted': 0.90711853064773, 'macro': 0.6339889254238531, 'micro': 0.8782687105500451, 'binary': 0.3349753694581281, 'accuracy_majority': 0.879950495049505, 'macro_majority': 0.6578408560090456, 'binary_majority': 0.3821656050955414, 'run_time_millis': 2496.5700120665133, 'loss_mean': 0.048682987689971924}
Evaluating
{'accuracy': 0.8782687105500451, 'f1_weighted': 0.90711853064773, 'macro': 0.6339889254238531, 'micro': 0.8782687105500451, 'binary': 0.3349753694581281, 'accuracy_majority': 0.879950495049505, 'macro_majority': 0.6578408560090456, 'binary_majority': 0.3821656050955414, 'run_time_millis': 2497.7299999445677, 'loss_mean': 0.048682987689971924}
