Device cuda
Split type sit
Training Size: 4596, NTA labels 3894, YTA labels 702
Validation Size: 1481, NTA labels 1253, YTA labels 228
Test Size: 1528, NTA labels 1275, YTA labels 253
Training with SBERT, model name is sbert
Tokenizing the dataset
Number of training steps 1440
Epoch 0 **** Loss 0.1239035502076149 **** Metrics validation: {'accuracy': 0.8906144496961512, 'f1_weighted': 0.8982914784377543, 'macro': 0.8211448660834093, 'micro': 0.8906144496961512, 'binary': 0.7096774193548387, 'accuracy_majority': 0.9045383411580594, 'macro_majority': 0.8496905427552299, 'binary_majority': 0.758893280632411, 'run_time_millis': 3288.3198449999327, 'loss_mean': 0.09976235032081604}
Epoch 1 **** Loss 0.17545190453529358 **** Metrics validation: {'accuracy': 0.8696826468602296, 'f1_weighted': 0.8805148032775387, 'macro': 0.7944453433725626, 'micro': 0.8696826468602296, 'binary': 0.6700854700854701, 'accuracy_majority': 0.8857589984350548, 'macro_majority': 0.8252561389050179, 'binary_majority': 0.7224334600760457, 'run_time_millis': 2360.420320999765, 'loss_mean': 0.09891105443239212}
Epoch 2 **** Loss 0.0830208882689476 **** Metrics validation: {'accuracy': 0.8710330857528696, 'f1_weighted': 0.881752991844611, 'macro': 0.7965754434412406, 'micro': 0.8710330857528696, 'binary': 0.6735042735042736, 'accuracy_majority': 0.8826291079812206, 'macro_majority': 0.8214718098679432, 'binary_majority': 0.7169811320754718, 'run_time_millis': 3262.6497260007454, 'loss_mean': 0.1017303466796875}
Epoch 3 **** Loss 0.0613422766327858 **** Metrics validation: {'accuracy': 0.9074949358541526, 'f1_weighted': 0.9106731305208896, 'macro': 0.8349138390463428, 'micro': 0.9074949358541526, 'binary': 0.7254509018036073, 'accuracy_majority': 0.917057902973396, 'macro_majority': 0.8580458300674414, 'binary_majority': 0.7665198237885462, 'run_time_millis': 1851.9494760003, 'loss_mean': 0.1279531866312027}
Epoch 4 **** Loss 0.0013252036878839135 **** Metrics validation: {'accuracy': 0.8960162052667117, 'f1_weighted': 0.9020617003401671, 'macro': 0.8246037947115208, 'micro': 0.8960162052667117, 'binary': 0.7126865671641792, 'accuracy_majority': 0.9061032863849765, 'macro_majority': 0.8470755288937107, 'binary_majority': 0.7520661157024793, 'run_time_millis': 3291.315966000184, 'loss_mean': 0.15994402766227722}
Epoch 5 **** Loss 0.044554971158504486 **** Metrics validation: {'accuracy': 0.8852126941255908, 'f1_weighted': 0.8936180996530828, 'macro': 0.8138445749708682, 'micro': 0.8852126941255908, 'binary': 0.6985815602836879, 'accuracy_majority': 0.9045383411580594, 'macro_majority': 0.8505778851129895, 'binary_majority': 0.7607843137254903, 'run_time_millis': 2384.4475360001525, 'loss_mean': 0.15838061273097992}
Epoch 6 **** Loss 0.02035060152411461 **** Metrics validation: {'accuracy': 0.8912896691424713, 'f1_weighted': 0.8987498254216669, 'macro': 0.8215108336421174, 'micro': 0.8912896691424713, 'binary': 0.7099099099099099, 'accuracy_majority': 0.9107981220657277, 'macro_majority': 0.8587034529845565, 'binary_majority': 0.7729083665338645, 'run_time_millis': 1453.55068400022, 'loss_mean': 0.1642160564661026}
Epoch 7 **** Loss 0.02992490492761135 **** Metrics validation: {'accuracy': 0.900067521944632, 'f1_weighted': 0.905523585911449, 'macro': 0.8299497269116187, 'micro': 0.900067521944632, 'binary': 0.720754716981132, 'accuracy_majority': 0.9123630672926447, 'macro_majority': 0.8563583815028903, 'binary_majority': 0.7666666666666668, 'run_time_millis': 3171.446169999399, 'loss_mean': 0.18189065158367157}
Epoch 8 **** Loss 0.03767035901546478 **** Metrics validation: {'accuracy': 0.8892640108035111, 'f1_weighted': 0.8966876971800971, 'macro': 0.8174243790967587, 'micro': 0.8892640108035111, 'binary': 0.7028985507246377, 'accuracy_majority': 0.9029733959311425, 'macro_majority': 0.8458443579766537, 'binary_majority': 0.752, 'run_time_millis': 3250.503404999108, 'loss_mean': 0.17908157408237457}
Epoch 9 **** Loss 0.0491659976541996 **** Metrics validation: {'accuracy': 0.8906144496961512, 'f1_weighted': 0.897712051048271, 'macro': 0.8186355142447644, 'micro': 0.8906144496961512, 'binary': 0.7043795620437956, 'accuracy_majority': 0.9029733959311425, 'macro_majority': 0.8449029126213592, 'binary_majority': 0.75, 'run_time_millis': 3282.8639809995366, 'loss_mean': 0.18312837183475494}
Evaluating
{'accuracy': 0.9074949358541526, 'f1_weighted': 0.9106731305208896, 'macro': 0.8349138390463428, 'micro': 0.9074949358541526, 'binary': 0.7254509018036073, 'accuracy_majority': 0.917057902973396, 'macro_majority': 0.8580458300674414, 'binary_majority': 0.7665198237885462, 'run_time_millis': 3305.1299119997566, 'loss_mean': 0.1279531866312027}
