Device cuda
Split type sit
Training Size: 1344, NTA labels 1088, YTA labels 256
Validation Size: 448, NTA labels 345, YTA labels 103
Test Size: 448, NTA labels 348, YTA labels 100
Training with SBERT, model name is sbert
Tokenizing the dataset
Number of training steps 420
Epoch 0 **** Loss 0.2188245803117752 **** Metrics validation: {'accuracy': 0.8058035714285714, 'f1_weighted': 0.8175942748646831, 'macro': 0.7637574780431924, 'micro': 0.8058035714285714, 'binary': 0.6640926640926641, 'accuracy_majority': 0.8482142857142857, 'macro_majority': 0.8296196868008949, 'binary_majority': 0.7733333333333333, 'run_time_millis': 2211.293294967618, 'loss_mean': 0.16249635815620422}
Epoch 1 **** Loss 0.2159828096628189 **** Metrics validation: {'accuracy': 0.7924107142857143, 'f1_weighted': 0.8037778288838003, 'macro': 0.7426480126007597, 'micro': 0.7924107142857143, 'binary': 0.6294820717131474, 'accuracy_majority': 0.8258928571428571, 'macro_majority': 0.8011608057357461, 'binary_majority': 0.7310344827586208, 'run_time_millis': 2231.457409041468, 'loss_mean': 0.1590728461742401}
Epoch 2 **** Loss 0.15587368607521057 **** Metrics validation: {'accuracy': 0.7879464285714286, 'f1_weighted': 0.8013781821902891, 'macro': 0.7443521405102145, 'micro': 0.7879464285714285, 'binary': 0.6387832699619772, 'accuracy_majority': 0.8303571428571429, 'macro_majority': 0.8108108108108107, 'binary_majority': 0.75, 'run_time_millis': 1556.3419890240766, 'loss_mean': 0.16631574928760529}
Epoch 3 **** Loss 0.078743577003479 **** Metrics validation: {'accuracy': 0.7544642857142857, 'f1_weighted': 0.7728615157685883, 'macro': 0.7185672514619883, 'micro': 0.7544642857142858, 'binary': 0.6180555555555556, 'accuracy_majority': 0.8125, 'macro_majority': 0.7980075575403641, 'binary_majority': 0.7439024390243902, 'run_time_millis': 2209.6367140184157, 'loss_mean': 0.1599111109972}
Epoch 4 **** Loss 0.07536884397268295 **** Metrics validation: {'accuracy': 0.796875, 'f1_weighted': 0.808318644385569, 'macro': 0.7493960498896599, 'micro': 0.796875, 'binary': 0.6403162055335968, 'accuracy_majority': 0.8392857142857143, 'macro_majority': 0.8183783783783783, 'binary_majority': 0.7567567567567568, 'run_time_millis': 2210.5252650217153, 'loss_mean': 0.1674083173274994}
Epoch 5 **** Loss 0.04271548241376877 **** Metrics validation: {'accuracy': 0.8169642857142857, 'f1_weighted': 0.8244380090248734, 'macro': 0.7641499743194657, 'micro': 0.8169642857142857, 'binary': 0.6525423728813559, 'accuracy_majority': 0.84375, 'macro_majority': 0.8174664152173408, 'binary_majority': 0.7482014388489209, 'run_time_millis': 2227.2489180322737, 'loss_mean': 0.20905233919620514}
Epoch 6 **** Loss 0.06530962884426117 **** Metrics validation: {'accuracy': 0.8035714285714286, 'f1_weighted': 0.815888716119289, 'macro': 0.7626604377874635, 'micro': 0.8035714285714286, 'binary': 0.6641221374045801, 'accuracy_majority': 0.8571428571428571, 'macro_majority': 0.8406827880512091, 'binary_majority': 0.7894736842105262, 'run_time_millis': 2210.6617169920355, 'loss_mean': 0.1904887706041336}
Epoch 7 **** Loss 0.03451676294207573 **** Metrics validation: {'accuracy': 0.8325892857142857, 'f1_weighted': 0.8344822780018324, 'macro': 0.769038830346648, 'micro': 0.8325892857142857, 'binary': 0.647887323943662, 'accuracy_majority': 0.84375, 'macro_majority': 0.8076875904530625, 'binary_majority': 0.7244094488188976, 'run_time_millis': 1959.4066919526085, 'loss_mean': 0.2843792140483856}
Epoch 8 **** Loss 0.08317224681377411 **** Metrics validation: {'accuracy': 0.8370535714285714, 'f1_weighted': 0.8398636599634867, 'macro': 0.7780417121953538, 'micro': 0.8370535714285714, 'binary': 0.6635944700460831, 'accuracy_majority': 0.8526785714285714, 'macro_majority': 0.8203688853247795, 'binary_majority': 0.7441860465116279, 'run_time_millis': 2207.769812026527, 'loss_mean': 0.27721673250198364}
Epoch 9 **** Loss 0.052816517651081085 **** Metrics validation: {'accuracy': 0.8325892857142857, 'f1_weighted': 0.8334252724407287, 'macro': 0.765989009840998, 'micro': 0.8325892857142857, 'binary': 0.6411483253588518, 'accuracy_majority': 0.84375, 'macro_majority': 0.8058204334365325, 'binary_majority': 0.72, 'run_time_millis': 1202.1400469820946, 'loss_mean': 0.3025159537792206}
Evaluating
{'accuracy': 0.8370535714285714, 'f1_weighted': 0.8398636599634867, 'macro': 0.7780417121953538, 'micro': 0.8370535714285714, 'binary': 0.6635944700460831, 'accuracy_majority': 0.8526785714285714, 'macro_majority': 0.8203688853247795, 'binary_majority': 0.7441860465116279, 'run_time_millis': 2211.4847670309246, 'loss_mean': 0.27721673250198364}
