Device cuda
Split type sit
Training Size: 3969, NTA labels 3779, YTA labels 190
Validation Size: 1293, NTA labels 1232, YTA labels 61
Test Size: 1255, NTA labels 1218, YTA labels 37
Training with SBERT, model name is sbert
Tokenizing the dataset
Number of training steps 1250
Epoch 0 **** Loss 0.034770362079143524 **** Metrics validation: {'accuracy': 0.8832173240525909, 'f1_weighted': 0.9011988430290959, 'macro': 0.556012634480124, 'micro': 0.8832173240525909, 'binary': 0.1748633879781421, 'accuracy_majority': 0.8814729574223246, 'macro_majority': 0.5748229359149142, 'binary_majority': 0.21374045801526717, 'run_time_millis': 672.672478000095, 'loss_mean': 0.06461077183485031}
Epoch 1 **** Loss 0.01842590793967247 **** Metrics validation: {'accuracy': 0.777262180974478, 'f1_weighted': 0.8395313464398769, 'macro': 0.5478625753999475, 'micro': 0.777262180974478, 'binary': 0.22580645161290325, 'accuracy_majority': 0.7756041426927502, 'macro_majority': 0.5604245947439279, 'binary_majority': 0.2528735632183908, 'run_time_millis': 1686.6526229987358, 'loss_mean': 0.05649922043085098}
Epoch 2 **** Loss 0.05198466032743454 **** Metrics validation: {'accuracy': 0.8832173240525909, 'f1_weighted': 0.9061846332920083, 'macro': 0.6169941051268722, 'micro': 0.8832173240525909, 'binary': 0.2976744186046512, 'accuracy_majority': 0.8791714614499425, 'macro_majority': 0.6323982644218566, 'binary_majority': 0.33121019108280253, 'run_time_millis': 1930.8465479989536, 'loss_mean': 0.053315337747335434}
Epoch 3 **** Loss 0.0029589184559881687 **** Metrics validation: {'accuracy': 0.8329466357308585, 'f1_weighted': 0.8755444403925003, 'macro': 0.5855326423763223, 'micro': 0.8329466357308585, 'binary': 0.26530612244897955, 'accuracy_majority': 0.8262370540851554, 'macro_majority': 0.5960317093819749, 'binary_majority': 0.2910798122065728, 'run_time_millis': 1141.6650760002085, 'loss_mean': 0.050664301961660385}
Epoch 4 **** Loss 0.14484310150146484 **** Metrics validation: {'accuracy': 0.8708430007733952, 'f1_weighted': 0.8992374486497485, 'macro': 0.6150502822975292, 'micro': 0.8708430007733952, 'binary': 0.30125523012552297, 'accuracy_majority': 0.8665132336018412, 'macro_majority': 0.6333226632522407, 'binary_majority': 0.3409090909090909, 'run_time_millis': 1433.9054410011158, 'loss_mean': 0.05432695150375366}
Epoch 5 **** Loss 0.0024239798076450825 **** Metrics validation: {'accuracy': 0.8035576179427688, 'f1_weighted': 0.8568885663871002, 'macro': 0.5677656931078776, 'micro': 0.8035576179427689, 'binary': 0.2485207100591716, 'accuracy_majority': 0.7974683544303798, 'macro_majority': 0.5745883400089008, 'binary_majority': 0.26666666666666666, 'run_time_millis': 2576.746508000724, 'loss_mean': 0.053803857415914536}
Epoch 6 **** Loss 0.0010596069041639566 **** Metrics validation: {'accuracy': 0.8723897911832946, 'f1_weighted': 0.899776283761254, 'macro': 0.6108611233217024, 'micro': 0.8723897911832946, 'binary': 0.2918454935622317, 'accuracy_majority': 0.8665132336018412, 'macro_majority': 0.6257536606373816, 'binary_majority': 0.3255813953488372, 'run_time_millis': 2419.5288459995936, 'loss_mean': 0.061633557081222534}
Epoch 7 **** Loss 0.005417633801698685 **** Metrics validation: {'accuracy': 0.8824439288476411, 'f1_weighted': 0.9056919784087494, 'macro': 0.616080637599625, 'micro': 0.8824439288476411, 'binary': 0.2962962962962963, 'accuracy_majority': 0.8780207134637514, 'macro_majority': 0.6310126582278481, 'binary_majority': 0.32911392405063294, 'run_time_millis': 999.9216920004983, 'loss_mean': 0.06624845415353775}
Epoch 8 **** Loss 0.035566966980695724 **** Metrics validation: {'accuracy': 0.8894044856921887, 'f1_weighted': 0.9101355441399066, 'macro': 0.6245347271719331, 'micro': 0.8894044856921887, 'binary': 0.30917874396135264, 'accuracy_majority': 0.8826237054085155, 'macro_majority': 0.6323173159885843, 'binary_majority': 0.32894736842105265, 'run_time_millis': 1698.9609399988694, 'loss_mean': 0.06944034993648529}
Epoch 9 **** Loss 0.0007450290722772479 **** Metrics validation: {'accuracy': 0.8948182521268369, 'f1_weighted': 0.9136094607043277, 'macro': 0.6315004191114837, 'micro': 0.8948182521268369, 'binary': 0.32, 'accuracy_majority': 0.8872266973532796, 'macro_majority': 0.6381013088560259, 'binary_majority': 0.33783783783783783, 'run_time_millis': 2623.8928510010737, 'loss_mean': 0.0719277635216713}
Evaluating
{'accuracy': 0.8948182521268369, 'f1_weighted': 0.9136094607043277, 'macro': 0.6315004191114837, 'micro': 0.8948182521268369, 'binary': 0.32, 'accuracy_majority': 0.8872266973532796, 'macro_majority': 0.6381013088560259, 'binary_majority': 0.33783783783783783, 'run_time_millis': 643.150947000322, 'loss_mean': 0.0719277635216713}
