Device cuda
Split type sit
Training Size: 20432, NTA labels 19878, YTA labels 554
Validation Size: 6741, NTA labels 6566, YTA labels 175
Test Size: 6529, NTA labels 6338, YTA labels 191
Training with SBERT, model name is sbert
Tokenizing the dataset
Number of training steps 6390
Epoch 0 **** Loss 0.008572429418563843 **** Metrics validation: {'accuracy': 0.9219700341195668, 'f1_weighted': 0.941509933517021, 'macro': 0.62774235299157, 'micro': 0.9219700341195668, 'binary': 0.2967914438502674, 'accuracy_majority': 0.9286854709952103, 'macro_majority': 0.6210279473563799, 'binary_majority': 0.27956989247311825, 'run_time_millis': 4538.4199539985275, 'loss_mean': 0.03419574350118637}
Epoch 1 **** Loss 0.020566657185554504 **** Metrics validation: {'accuracy': 0.8839934727785195, 'f1_weighted': 0.9194232648323347, 'macro': 0.5968708417327145, 'micro': 0.8839934727785195, 'binary': 0.25665399239543724, 'accuracy_majority': 0.8855774348057477, 'macro_majority': 0.569560626546949, 'binary_majority': 0.20074349442379183, 'run_time_millis': 4752.692431997275, 'loss_mean': 0.032305020838975906}
Epoch 2 **** Loss 0.12963710725307465 **** Metrics validation: {'accuracy': 0.9106957424714434, 'f1_weighted': 0.9351582641287731, 'macro': 0.6212225695263753, 'micro': 0.9106957424714434, 'binary': 0.2900943396226415, 'accuracy_majority': 0.9143161255987228, 'macro_majority': 0.6028605373189191, 'binary_majority': 0.2511627906976744, 'run_time_millis': 4330.998269997508, 'loss_mean': 0.031964823603630066}
Epoch 3 **** Loss 0.08398300409317017 **** Metrics validation: {'accuracy': 0.9095089749295356, 'f1_weighted': 0.934512442150307, 'macro': 0.6211846793896224, 'micro': 0.9095089749295355, 'binary': 0.29069767441860467, 'accuracy_majority': 0.9143161255987228, 'macro_majority': 0.6028605373189191, 'binary_majority': 0.2511627906976744, 'run_time_millis': 3576.635746998363, 'loss_mean': 0.03227923437952995}
Epoch 4 **** Loss 0.058804214000701904 **** Metrics validation: {'accuracy': 0.9356178608515057, 'f1_weighted': 0.9499596189011431, 'macro': 0.6542880844003913, 'micro': 0.9356178608515057, 'binary': 0.3424242424242424, 'accuracy_majority': 0.9419904204364024, 'macro_majority': 0.6463391680782986, 'binary_majority': 0.3229813664596274, 'run_time_millis': 4533.130173000245, 'loss_mean': 0.0380481481552124}
Epoch 5 **** Loss 0.0026296013966202736 **** Metrics validation: {'accuracy': 0.9155911585818128, 'f1_weighted': 0.9378922330243941, 'macro': 0.6232649333278462, 'micro': 0.9155911585818128, 'binary': 0.29140722291407223, 'accuracy_majority': 0.9217668972857903, 'macro_majority': 0.61000139782927, 'binary_majority': 0.26130653266331655, 'run_time_millis': 3516.7425370018464, 'loss_mean': 0.037944238632917404}
Epoch 6 **** Loss 0.015354566276073456 **** Metrics validation: {'accuracy': 0.9130692775552589, 'f1_weighted': 0.9364823536749285, 'macro': 0.6221273757740684, 'micro': 0.9130692775552589, 'binary': 0.2905569007263923, 'accuracy_majority': 0.9180415114422565, 'macro_majority': 0.6045356643050819, 'binary_majority': 0.2524271844660194, 'run_time_millis': 4535.559341999033, 'loss_mean': 0.040190890431404114}
Epoch 7 **** Loss 0.018803918734192848 **** Metrics validation: {'accuracy': 0.9267171042871978, 'f1_weighted': 0.9445278471229588, 'macro': 0.6385373700709454, 'micro': 0.9267171042871978, 'binary': 0.31578947368421056, 'accuracy_majority': 0.932410856838744, 'macro_majority': 0.6275090105066644, 'binary_majority': 0.2905027932960894, 'run_time_millis': 4327.962554001715, 'loss_mean': 0.045818157494068146}
Epoch 8 **** Loss 0.030490003526210785 **** Metrics validation: {'accuracy': 0.9282005637145824, 'f1_weighted': 0.9453026346214538, 'macro': 0.6382820302230989, 'micro': 0.9282005637145823, 'binary': 0.3144475920679886, 'accuracy_majority': 0.9345396487493347, 'macro_majority': 0.6314070411865556, 'binary_majority': 0.29714285714285715, 'run_time_millis': 4074.462429001869, 'loss_mean': 0.04873934015631676}
Epoch 9 **** Loss 0.013796918094158173 **** Metrics validation: {'accuracy': 0.9279038718291055, 'f1_weighted': 0.9451212938446594, 'macro': 0.6377566455167144, 'micro': 0.9279038718291055, 'binary': 0.3135593220338983, 'accuracy_majority': 0.9361362426822778, 'macro_majority': 0.6344310561745289, 'binary_majority': 0.3023255813953489, 'run_time_millis': 3518.7854719988536, 'loss_mean': 0.04924433305859566}
Evaluating
{'accuracy': 0.9356178608515057, 'f1_weighted': 0.9499596189011431, 'macro': 0.6542880844003913, 'micro': 0.9356178608515057, 'binary': 0.3424242424242424, 'accuracy_majority': 0.9419904204364024, 'macro_majority': 0.6463391680782986, 'binary_majority': 0.3229813664596274, 'run_time_millis': 4073.8908020030067, 'loss_mean': 0.0380481481552124}
