Device cuda
Split type sit
Training Size: 1831, NTA labels 1217, YTA labels 614
Validation Size: 1831, NTA labels 1217, YTA labels 614
Test Size: 1729, NTA labels 1175, YTA labels 554
Training with SBERT, model name is sbert
Tokenizing the dataset
Number of training steps 580
Epoch 0 **** Loss 0.13771675527095795 **** Metrics validation: {'accuracy': 0.7820862916439104, 'f1_weighted': 0.7873595909584757, 'macro': 0.7699836374793343, 'micro': 0.7820862916439105, 'binary': 0.7172218284904324, 'accuracy_majority': 0.7998281786941581, 'macro_majority': 0.7923425889415072, 'binary_majority': 0.7529162248144222, 'run_time_millis': 2606.871505995514, 'loss_mean': 0.21503475308418274}
Epoch 1 **** Loss 0.1649560034275055 **** Metrics validation: {'accuracy': 0.8427089022392136, 'f1_weighted': 0.8462671371814019, 'macro': 0.8330225960077009, 'micro': 0.8427089022392136, 'binary': 0.7928057553956835, 'accuracy_majority': 0.884020618556701, 'macro_majority': 0.8790045944990748, 'binary_majority': 0.8543689320388349, 'run_time_millis': 3110.228426012327, 'loss_mean': 0.16610150039196014}
Epoch 2 **** Loss 0.4194376766681671 **** Metrics validation: {'accuracy': 0.8667394866193336, 'f1_weighted': 0.866295015640509, 'macro': 0.8495440156260525, 'micro': 0.8667394866193336, 'binary': 0.7986798679867988, 'accuracy_majority': 0.884020618556701, 'macro_majority': 0.871677929077435, 'binary_majority': 0.8318804483188045, 'run_time_millis': 3199.4772479956737, 'loss_mean': 0.1533980518579483}
Epoch 3 **** Loss 0.3444775938987732 **** Metrics validation: {'accuracy': 0.8732932823593664, 'f1_weighted': 0.8694085730117793, 'macro': 0.8498879085401536, 'micro': 0.8732932823593665, 'binary': 0.7906137184115524, 'accuracy_majority': 0.872852233676976, 'macro_majority': 0.8542340756786029, 'binary_majority': 0.8021390374331551, 'run_time_millis': 2306.8760790047236, 'loss_mean': 0.1542666107416153}
Epoch 4 **** Loss 0.03347951918840408 **** Metrics validation: {'accuracy': 0.888585472419443, 'f1_weighted': 0.8904754875091915, 'macro': 0.879723797894867, 'micro': 0.888585472419443, 'binary': 0.8470764617691156, 'accuracy_majority': 0.947594501718213, 'macro_majority': 0.944351397210673, 'binary_majority': 0.9309173272933182, 'run_time_millis': 2434.0556859970093, 'loss_mean': 0.11347708106040955}
Epoch 5 **** Loss 0.081961989402771 **** Metrics validation: {'accuracy': 0.888585472419443, 'f1_weighted': 0.8868339005512665, 'macro': 0.8713015794261143, 'micro': 0.888585472419443, 'binary': 0.8241379310344829, 'accuracy_majority': 0.9063573883161512, 'macro_majority': 0.895120832248385, 'binary_majority': 0.8607918263090677, 'run_time_millis': 3220.416408003075, 'loss_mean': 0.1299665868282318}
Epoch 6 **** Loss 0.013673891313374043 **** Metrics validation: {'accuracy': 0.8967777170944838, 'f1_weighted': 0.8979249457146607, 'macro': 0.886944328921538, 'micro': 0.8967777170944838, 'binary': 0.8536018590240123, 'accuracy_majority': 0.9544673539518901, 'macro_majority': 0.9510153523659796, 'binary_majority': 0.9380116959064329, 'run_time_millis': 3194.9302059947513, 'loss_mean': 0.10277389734983444}
Epoch 7 **** Loss 0.07711149007081985 **** Metrics validation: {'accuracy': 0.8935008192244676, 'f1_weighted': 0.8926438929516544, 'macro': 0.8786783107217527, 'micro': 0.8935008192244676, 'binary': 0.836272040302267, 'accuracy_majority': 0.9192439862542955, 'macro_majority': 0.9104908376963352, 'binary_majority': 0.8825000000000001, 'run_time_millis': 2702.6932040025713, 'loss_mean': 0.12079360336065292}
Epoch 8 **** Loss 0.2673238217830658 **** Metrics validation: {'accuracy': 0.8935008192244676, 'f1_weighted': 0.8924418763915981, 'macro': 0.8782520424311469, 'micro': 0.8935008192244676, 'binary': 0.8351648351648351, 'accuracy_majority': 0.9175257731958762, 'macro_majority': 0.9084770750405426, 'binary_majority': 0.8796992481203008, 'run_time_millis': 3213.2633660075953, 'loss_mean': 0.12525855004787445}
Epoch 9 **** Loss 0.017214680090546608 **** Metrics validation: {'accuracy': 0.8951392681594756, 'f1_weighted': 0.8940713296297943, 'macro': 0.88007204846897, 'micro': 0.8951392681594756, 'binary': 0.8375634517766498, 'accuracy_majority': 0.9209621993127147, 'macro_majority': 0.9122905302471865, 'binary_majority': 0.8847117794486216, 'run_time_millis': 3197.863448993303, 'loss_mean': 0.1246609091758728}
Evaluating
{'accuracy': 0.8967777170944838, 'f1_weighted': 0.8979249457146607, 'macro': 0.886944328921538, 'micro': 0.8967777170944838, 'binary': 0.8536018590240123, 'accuracy_majority': 0.9544673539518901, 'macro_majority': 0.9510153523659796, 'binary_majority': 0.9380116959064329, 'run_time_millis': 3192.315296008019, 'loss_mean': 0.10277389734983444}
