Device cuda
Split type sit
Training Size: 125342, NTA labels 120603, YTA labels 4739
Validation Size: 41909, NTA labels 40262, YTA labels 1647
Test Size: 41891, NTA labels 40274, YTA labels 1617
Training with SBERT, model name is sbert
Tokenizing the dataset
Number of training steps 39170
Epoch 0 **** Loss 0.01951870135962963 **** Metrics validation: {'accuracy': 0.9519673578467632, 'f1_weighted': 0.952277599166325, 'macro': 0.6860560757245865, 'micro': 0.9519673578467632, 'binary': 0.3971248876909254, 'accuracy_majority': 0.9656093776935011, 'macro_majority': 0.728955754929571, 'binary_majority': 0.4756898817345597, 'run_time_millis': 15783.030054008123, 'loss_mean': 0.06382995843887329}
Epoch 1 **** Loss 0.1819951832294464 **** Metrics validation: {'accuracy': 0.9493903457491231, 'f1_weighted': 0.9507953304311512, 'macro': 0.6835367910394514, 'micro': 0.9493903457491231, 'binary': 0.3934801258221332, 'accuracy_majority': 0.9631098086536805, 'macro_majority': 0.7262463380292562, 'binary_majority': 0.47160493827160505, 'run_time_millis': 15787.276046001352, 'loss_mean': 0.06512881815433502}
Epoch 2 **** Loss 0.02947448380291462 **** Metrics validation: {'accuracy': 0.9515855782767425, 'f1_weighted': 0.951732612434587, 'macro': 0.6813648026644838, 'micro': 0.9515855782767425, 'binary': 0.3879336349924585, 'accuracy_majority': 0.9652646095500775, 'macro_majority': 0.7255416035274046, 'binary_majority': 0.469038208168643, 'run_time_millis': 15799.116598034743, 'loss_mean': 0.06895162165164948}
Epoch 3 **** Loss 0.05473630130290985 **** Metrics validation: {'accuracy': 0.9460259132883152, 'f1_weighted': 0.9489240430383278, 'macro': 0.6811937074001947, 'micro': 0.9460259132883152, 'binary': 0.39062500000000006, 'accuracy_majority': 0.9596621272194449, 'macro_majority': 0.7180647354840934, 'binary_majority': 0.45707656612529, 'run_time_millis': 15792.107924993616, 'loss_mean': 0.07780355215072632}
Epoch 4 **** Loss 0.02832036092877388 **** Metrics validation: {'accuracy': 0.9388436851272997, 'f1_weighted': 0.9446516968503937, 'macro': 0.6728015481385397, 'micro': 0.9388436851272997, 'binary': 0.3777615926195679, 'accuracy_majority': 0.9518186519565592, 'macro_majority': 0.6989880354399935, 'binary_majority': 0.4231166150670795, 'run_time_millis': 15831.839607970323, 'loss_mean': 0.08638634532690048}
Epoch 5 **** Loss 0.07335386425256729 **** Metrics validation: {'accuracy': 0.9445942399007373, 'f1_weighted': 0.9477682282916866, 'macro': 0.6754047578105637, 'micro': 0.9445942399007373, 'binary': 0.3798076923076923, 'accuracy_majority': 0.9586278227891742, 'macro_majority': 0.7152785617174577, 'binary_majority': 0.452054794520548, 'run_time_millis': 13761.530971969478, 'loss_mean': 0.1094009280204773}
Epoch 6 **** Loss 0.04196947067975998 **** Metrics validation: {'accuracy': 0.9400844687298671, 'f1_weighted': 0.9453304719273854, 'macro': 0.6734185075352116, 'micro': 0.9400844687298671, 'binary': 0.3783114632334736, 'accuracy_majority': 0.9531115324943975, 'macro_majority': 0.701461688732481, 'binary_majority': 0.42736842105263156, 'run_time_millis': 15794.197685958352, 'loss_mean': 0.11249785870313644}
Epoch 7 **** Loss 0.0037494099233299494 **** Metrics validation: {'accuracy': 0.9390822973585626, 'f1_weighted': 0.9448455150528268, 'macro': 0.6737777303219978, 'micro': 0.9390822973585626, 'binary': 0.37958687727825025, 'accuracy_majority': 0.9518186519565592, 'macro_majority': 0.6983925958110658, 'binary_majority': 0.421923474663909, 'run_time_millis': 15804.38269500155, 'loss_mean': 0.12885813415050507}
Epoch 8 **** Loss 0.028915653005242348 **** Metrics validation: {'accuracy': 0.9422558400343601, 'f1_weighted': 0.9463928513740584, 'macro': 0.6728471443835584, 'micro': 0.9422558400343601, 'binary': 0.37596699329551314, 'accuracy_majority': 0.9552663333907947, 'macro_majority': 0.702253614492415, 'binary_majority': 0.42778390297684676, 'run_time_millis': 15796.854562999215, 'loss_mean': 0.13795556128025055}
Epoch 9 **** Loss 0.018748410046100616 **** Metrics validation: {'accuracy': 0.9438068195375695, 'f1_weighted': 0.9472179689181082, 'macro': 0.6733686272767461, 'micro': 0.9438068195375695, 'binary': 0.376158940397351, 'accuracy_majority': 0.9570763661437683, 'macro_majority': 0.7052479952789039, 'binary_majority': 0.4328018223234624, 'run_time_millis': 15798.331035010051, 'loss_mean': 0.14218896627426147}
Evaluating
{'accuracy': 0.9519673578467632, 'f1_weighted': 0.952277599166325, 'macro': 0.6860560757245865, 'micro': 0.9519673578467632, 'binary': 0.3971248876909254, 'accuracy_majority': 0.9656093776935011, 'macro_majority': 0.728955754929571, 'binary_majority': 0.4756898817345597, 'run_time_millis': 15775.297617015895, 'loss_mean': 0.06382995843887329}
