Device cuda
Split type sit
Training Size: 20883, NTA labels 20090, YTA labels 793
Validation Size: 6896, NTA labels 6664, YTA labels 232
Test Size: 6807, NTA labels 6557, YTA labels 250
Training with SBERT, model name is sbert
Tokenizing the dataset
Number of training steps 6530
Epoch 0 **** Loss 0.0385354645550251 **** Metrics validation: {'accuracy': 0.8751450116009281, 'f1_weighted': 0.9094337737743539, 'macro': 0.6001135517554556, 'micro': 0.8751450116009281, 'binary': 0.26847918436703483, 'accuracy_majority': 0.8745406824146982, 'macro_majority': 0.5888171114649307, 'binary_majority': 0.24605678233438485, 'run_time_millis': 4760.869256999285, 'loss_mean': 0.043624136596918106}
Epoch 1 **** Loss 0.027807148173451424 **** Metrics validation: {'accuracy': 0.9167633410672854, 'f1_weighted': 0.933940368982937, 'macro': 0.6320752226619796, 'micro': 0.9167633410672854, 'binary': 0.30843373493975906, 'accuracy_majority': 0.9196850393700787, 'macro_majority': 0.629381673361486, 'binary_majority': 0.30136986301369867, 'run_time_millis': 4760.6425329977355, 'loss_mean': 0.04599454626441002}
Epoch 2 **** Loss 0.030681399628520012 **** Metrics validation: {'accuracy': 0.9113979118329466, 'f1_weighted': 0.9307971508462446, 'macro': 0.6272061403023701, 'micro': 0.9113979118329466, 'binary': 0.3017142857142857, 'accuracy_majority': 0.9144356955380577, 'macro_majority': 0.6274301360264255, 'binary_majority': 0.30042918454935624, 'run_time_millis': 4764.764993000426, 'loss_mean': 0.05508427321910858}
Epoch 3 **** Loss 0.010961094871163368 **** Metrics validation: {'accuracy': 0.8861658932714617, 'f1_weighted': 0.9160314124906109, 'macro': 0.6086793811025023, 'micro': 0.8861658932714617, 'binary': 0.2791551882460973, 'accuracy_majority': 0.8871391076115486, 'macro_majority': 0.594921773393558, 'binary_majority': 0.2508710801393728, 'run_time_millis': 4765.003136999439, 'loss_mean': 0.05508407950401306}
Epoch 4 **** Loss 0.011018858291208744 **** Metrics validation: {'accuracy': 0.8761600928074246, 'f1_weighted': 0.9099648083701986, 'macro': 0.5993477647991101, 'micro': 0.8761600928074246, 'binary': 0.26632302405498287, 'accuracy_majority': 0.8776902887139107, 'macro_majority': 0.5897011394802594, 'binary_majority': 0.2459546925566343, 'run_time_millis': 4765.917595002975, 'loss_mean': 0.057918813079595566}
Epoch 5 **** Loss 0.01195907685905695 **** Metrics validation: {'accuracy': 0.9377900232018561, 'f1_weighted': 0.9461548467209007, 'macro': 0.652151869264646, 'micro': 0.9377900232018561, 'binary': 0.3369397217928903, 'accuracy_majority': 0.9454068241469816, 'macro_majority': 0.6647579597141, 'binary_majority': 0.35802469135802467, 'run_time_millis': 4762.941586999659, 'loss_mean': 0.09794653207063675}
Epoch 6 **** Loss 0.048087965697050095 **** Metrics validation: {'accuracy': 0.9270591647331786, 'f1_weighted': 0.9398059074310415, 'macro': 0.6394870465055732, 'micro': 0.9270591647331786, 'binary': 0.31750339213025786, 'accuracy_majority': 0.9349081364829396, 'macro_majority': 0.6495584988962472, 'binary_majority': 0.3333333333333333, 'run_time_millis': 4764.785336999921, 'loss_mean': 0.09318934381008148}
Epoch 7 **** Loss 0.01169413048774004 **** Metrics validation: {'accuracy': 0.94127030162413, 'f1_weighted': 0.9479389479993153, 'macro': 0.6521269929290185, 'micro': 0.94127030162413, 'binary': 0.33497536945812806, 'accuracy_majority': 0.9501312335958005, 'macro_majority': 0.6639032353318067, 'binary_majority': 0.3537414965986394, 'run_time_millis': 2738.0768559996795, 'loss_mean': 0.11284083873033524}
Epoch 8 **** Loss 0.015324730426073074 **** Metrics validation: {'accuracy': 0.9376450116009281, 'f1_weighted': 0.945867216609718, 'macro': 0.6487592243819812, 'micro': 0.9376450116009281, 'binary': 0.3302180685358256, 'accuracy_majority': 0.946981627296588, 'macro_majority': 0.6603768589206125, 'binary_majority': 0.34838709677419355, 'run_time_millis': 4767.312046002189, 'loss_mean': 0.11131296306848526}
Epoch 9 **** Loss 0.031442541629076004 **** Metrics validation: {'accuracy': 0.9404002320185615, 'f1_weighted': 0.9474437673108688, 'macro': 0.6513390679636731, 'micro': 0.9404002320185615, 'binary': 0.33387358184764987, 'accuracy_majority': 0.9517060367454068, 'macro_majority': 0.6723769216964767, 'binary_majority': 0.3698630136986301, 'run_time_millis': 4769.111920999421, 'loss_mean': 0.11964613199234009}
Evaluating
{'accuracy': 0.94127030162413, 'f1_weighted': 0.9479389479993153, 'macro': 0.6521269929290185, 'micro': 0.94127030162413, 'binary': 0.33497536945812806, 'accuracy_majority': 0.9501312335958005, 'macro_majority': 0.6639032353318067, 'binary_majority': 0.3537414965986394, 'run_time_millis': 4770.582558001479, 'loss_mean': 0.11284083873033524}
