Device cuda
Split type sit
Training Size: 1695, NTA labels 989, YTA labels 706
Validation Size: 567, NTA labels 336, YTA labels 231
Test Size: 567, NTA labels 341, YTA labels 226
Training with SBERT, model name is sbert
Tokenizing the dataset
Number of training steps 530
Epoch 0 **** Loss 0.34728166460990906 **** Metrics validation: {'accuracy': 0.5220458553791887, 'f1_weighted': 0.5004155151489531, 'macro': 0.5128263661007277, 'micro': 0.5220458553791887, 'binary': 0.5798449612403102, 'accuracy_majority': 0.5238095238095238, 'macro_majority': 0.5138888888888888, 'binary_majority': 0.5833333333333333, 'run_time_millis': 3870.4606650280766, 'loss_mean': 0.3309403657913208}
Epoch 1 **** Loss 0.33536526560783386 **** Metrics validation: {'accuracy': 0.6525573192239859, 'f1_weighted': 0.6194040847482187, 'macro': 0.5896511820135559, 'micro': 0.6525573192239859, 'binary': 0.42898550724637674, 'accuracy_majority': 0.6613756613756614, 'macro_majority': 0.6020005264543301, 'binary_majority': 0.44827586206896547, 'run_time_millis': 3864.2544460017234, 'loss_mean': 0.3257855474948883}
Epoch 2 **** Loss 0.37004944682121277 **** Metrics validation: {'accuracy': 0.5167548500881834, 'f1_weighted': 0.4792791549506345, 'macro': 0.4974965067536097, 'micro': 0.5167548500881834, 'binary': 0.5958702064896755, 'accuracy_majority': 0.5291005291005291, 'macro_majority': 0.5092627709542843, 'binary_majority': 0.6079295154185023, 'run_time_millis': 3902.8845289722085, 'loss_mean': 0.3361318111419678}
Epoch 3 **** Loss 0.29046544432640076 **** Metrics validation: {'accuracy': 0.5767195767195767, 'f1_weighted': 0.5692902623595693, 'macro': 0.5747074707470747, 'micro': 0.5767195767195767, 'binary': 0.603960396039604, 'accuracy_majority': 0.582010582010582, 'macro_majority': 0.579704433497537, 'binary_majority': 0.6108374384236454, 'run_time_millis': 3867.59726901073, 'loss_mean': 0.32806670665740967}
Epoch 4 **** Loss 0.2644827961921692 **** Metrics validation: {'accuracy': 0.6596119929453262, 'f1_weighted': 0.6473273129914734, 'macro': 0.6268528464017186, 'micro': 0.6596119929453262, 'binary': 0.5162907268170426, 'accuracy_majority': 0.671957671957672, 'macro_majority': 0.6416075360900416, 'binary_majority': 0.537313432835821, 'run_time_millis': 3864.9239849764854, 'loss_mean': 0.3501967489719391}
Epoch 5 **** Loss 0.2944449782371521 **** Metrics validation: {'accuracy': 0.5132275132275133, 'f1_weighted': 0.48168681502014826, 'macro': 0.49792099792099787, 'micro': 0.5132275132275133, 'binary': 0.5855855855855856, 'accuracy_majority': 0.5185185185185185, 'macro_majority': 0.502415738463764, 'binary_majority': 0.5919282511210763, 'run_time_millis': 3881.5234059584327, 'loss_mean': 0.4047505557537079}
Epoch 6 **** Loss 0.19907622039318085 **** Metrics validation: {'accuracy': 0.6402116402116402, 'f1_weighted': 0.6432098765432099, 'macro': 0.6357142857142857, 'micro': 0.6402116402116402, 'binary': 0.5952380952380952, 'accuracy_majority': 0.656084656084656, 'macro_majority': 0.6521899153478101, 'binary_majority': 0.6153846153846153, 'run_time_millis': 3719.3457479588687, 'loss_mean': 0.3612917363643646}
Epoch 7 **** Loss 0.21391382813453674 **** Metrics validation: {'accuracy': 0.6049382716049383, 'f1_weighted': 0.6081163671922748, 'macro': 0.603060306030603, 'micro': 0.6049382716049383, 'binary': 0.5757575757575758, 'accuracy_majority': 0.6031746031746031, 'macro_majority': 0.6015684290412344, 'binary_majority': 0.576271186440678, 'run_time_millis': 3871.4567979914136, 'loss_mean': 0.3883582055568695}
Epoch 8 **** Loss 0.18248216807842255 **** Metrics validation: {'accuracy': 0.6331569664902998, 'f1_weighted': 0.636310820624546, 'macro': 0.6294117647058823, 'micro': 0.6331569664902998, 'binary': 0.592156862745098, 'accuracy_majority': 0.6455026455026455, 'macro_majority': 0.6422578184591914, 'binary_majority': 0.608187134502924, 'run_time_millis': 3871.630390000064, 'loss_mean': 0.39318951964378357}
Epoch 9 **** Loss 0.15459010004997253 **** Metrics validation: {'accuracy': 0.6102292768959435, 'f1_weighted': 0.6132530484218373, 'macro': 0.6086516569693904, 'micro': 0.6102292768959435, 'binary': 0.5838041431261771, 'accuracy_majority': 0.6084656084656085, 'macro_majority': 0.6071348314606742, 'binary_majority': 0.5842696629213484, 'run_time_millis': 3871.103703044355, 'loss_mean': 0.4040422737598419}
Evaluating
{'accuracy': 0.6596119929453262, 'f1_weighted': 0.6473273129914734, 'macro': 0.6268528464017186, 'micro': 0.6596119929453262, 'binary': 0.5162907268170426, 'accuracy_majority': 0.671957671957672, 'macro_majority': 0.6416075360900416, 'binary_majority': 0.537313432835821, 'run_time_millis': 3882.0916630211286, 'loss_mean': 0.3501967489719391}
