______________________________	 Running Epoch 1 of 10 	______________________________
[Training] Itteration/Batch:   0/354: Loss: 1.17 | Accuracy: 0.71
[Training] Itteration/Batch:  25/354: Loss: 1.00 | Accuracy: 0.85
[Training] Itteration/Batch:  50/354: Loss: 0.64 | Accuracy: 1.00
[Training] Itteration/Batch:  75/354: Loss: 0.34 | Accuracy: 1.00
[Training] Itteration/Batch: 100/354: Loss: 0.34 | Accuracy: 1.00
[Training] Itteration/Batch: 125/354: Loss: 0.27 | Accuracy: 1.00
[Training] Itteration/Batch: 150/354: Loss: 0.17 | Accuracy: 1.00
[Training] Itteration/Batch: 175/354: Loss: 0.17 | Accuracy: 1.00
[Training] Itteration/Batch: 200/354: Loss: 0.12 | Accuracy: 1.00
[Training] Itteration/Batch: 225/354: Loss: 0.13 | Accuracy: 1.00
[Training] Itteration/Batch: 250/354: Loss: 0.10 | Accuracy: 1.00
[Training] Itteration/Batch: 275/354: Loss: 0.08 | Accuracy: 1.00
[Training] Itteration/Batch: 300/354: Loss: 0.08 | Accuracy: 1.00
[Training] Itteration/Batch: 325/354: Loss: 0.07 | Accuracy: 1.00
[Training] Itteration/Batch: 350/354: Loss: 0.07 | Accuracy: 1.00

Epoch 1: Val Bin. F1 Majority 0.0 | Val Macro F1 Majority 1.0 |             Val Bin F1 Individual 0.0 | Val Macro F1 Individual 1.0 |             Val Accuracy Majority 1.0 | Val Accuracy Individual 1.0 | Training Loss:0.29515230655670166 |             Val Loss 0.053695060312747955 | Train Runtime Millis 31906.646368999645 | Val Runtime Millis 5488.361350999185

______________________________	 Running Epoch 2 of 10 	______________________________
[Training] Itteration/Batch:   0/354: Loss: 0.06 | Accuracy: 1.00
[Training] Itteration/Batch:  25/354: Loss: 0.05 | Accuracy: 1.00
[Training] Itteration/Batch:  50/354: Loss: 0.05 | Accuracy: 1.00
[Training] Itteration/Batch:  75/354: Loss: 0.04 | Accuracy: 1.00
[Training] Itteration/Batch: 100/354: Loss: 0.04 | Accuracy: 1.00
[Training] Itteration/Batch: 125/354: Loss: 0.04 | Accuracy: 1.00
[Training] Itteration/Batch: 150/354: Loss: 0.03 | Accuracy: 1.00
[Training] Itteration/Batch: 175/354: Loss: 0.03 | Accuracy: 1.00
[Training] Itteration/Batch: 200/354: Loss: 0.03 | Accuracy: 1.00
[Training] Itteration/Batch: 225/354: Loss: 0.04 | Accuracy: 1.00
[Training] Itteration/Batch: 250/354: Loss: 0.02 | Accuracy: 1.00
[Training] Itteration/Batch: 275/354: Loss: 0.03 | Accuracy: 1.00
[Training] Itteration/Batch: 300/354: Loss: 0.03 | Accuracy: 1.00
[Training] Itteration/Batch: 325/354: Loss: 0.02 | Accuracy: 1.00
[Training] Itteration/Batch: 350/354: Loss: 0.02 | Accuracy: 1.00

Epoch 2: Val Bin. F1 Majority 0.0 | Val Macro F1 Majority 1.0 |             Val Bin F1 Individual 0.0 | Val Macro F1 Individual 1.0 |             Val Accuracy Majority 1.0 | Val Accuracy Individual 1.0 | Training Loss:0.03340823948383331 |             Val Loss 0.018879016861319542 | Train Runtime Millis 31569.664262002334 | Val Runtime Millis 5501.90334799845

______________________________	 Running Epoch 3 of 10 	______________________________
[Training] Itteration/Batch:   0/354: Loss: 0.02 | Accuracy: 1.00
[Training] Itteration/Batch:  25/354: Loss: 0.02 | Accuracy: 1.00
[Training] Itteration/Batch:  50/354: Loss: 0.02 | Accuracy: 1.00
[Training] Itteration/Batch:  75/354: Loss: 0.02 | Accuracy: 1.00
[Training] Itteration/Batch: 100/354: Loss: 0.01 | Accuracy: 1.00
[Training] Itteration/Batch: 125/354: Loss: 0.01 | Accuracy: 1.00
[Training] Itteration/Batch: 150/354: Loss: 0.01 | Accuracy: 1.00
[Training] Itteration/Batch: 175/354: Loss: 0.01 | Accuracy: 1.00
[Training] Itteration/Batch: 200/354: Loss: 0.01 | Accuracy: 1.00
[Training] Itteration/Batch: 225/354: Loss: 0.02 | Accuracy: 1.00
[Training] Itteration/Batch: 250/354: Loss: 0.01 | Accuracy: 1.00
[Training] Itteration/Batch: 275/354: Loss: 0.01 | Accuracy: 1.00
[Training] Itteration/Batch: 300/354: Loss: 0.01 | Accuracy: 1.00
[Training] Itteration/Batch: 325/354: Loss: 0.01 | Accuracy: 1.00
[Training] Itteration/Batch: 350/354: Loss: 0.01 | Accuracy: 1.00

Epoch 3: Val Bin. F1 Majority 0.0 | Val Macro F1 Majority 1.0 |             Val Bin F1 Individual 0.0 | Val Macro F1 Individual 1.0 |             Val Accuracy Majority 1.0 | Val Accuracy Individual 1.0 | Training Loss:0.01462599914520979 |             Val Loss 0.010193434543907642 | Train Runtime Millis 31553.53881300107 | Val Runtime Millis 5497.594618998846

______________________________	 Running Epoch 4 of 10 	______________________________
[Training] Itteration/Batch:   0/354: Loss: 0.01 | Accuracy: 1.00
[Training] Itteration/Batch:  25/354: Loss: 0.01 | Accuracy: 1.00
[Training] Itteration/Batch:  50/354: Loss: 0.01 | Accuracy: 1.00
[Training] Itteration/Batch:  75/354: Loss: 0.01 | Accuracy: 1.00
[Training] Itteration/Batch: 100/354: Loss: 0.01 | Accuracy: 1.00
[Training] Itteration/Batch: 125/354: Loss: 0.01 | Accuracy: 1.00
[Training] Itteration/Batch: 150/354: Loss: 0.01 | Accuracy: 1.00
[Training] Itteration/Batch: 175/354: Loss: 0.01 | Accuracy: 1.00
[Training] Itteration/Batch: 200/354: Loss: 0.01 | Accuracy: 1.00
[Training] Itteration/Batch: 225/354: Loss: 0.01 | Accuracy: 1.00
[Training] Itteration/Batch: 250/354: Loss: 0.01 | Accuracy: 1.00
[Training] Itteration/Batch: 275/354: Loss: 0.01 | Accuracy: 1.00
[Training] Itteration/Batch: 300/354: Loss: 0.01 | Accuracy: 1.00
[Training] Itteration/Batch: 325/354: Loss: 0.01 | Accuracy: 1.00
[Training] Itteration/Batch: 350/354: Loss: 0.01 | Accuracy: 1.00

Epoch 4: Val Bin. F1 Majority 0.0 | Val Macro F1 Majority 1.0 |             Val Bin F1 Individual 0.0 | Val Macro F1 Individual 1.0 |             Val Accuracy Majority 1.0 | Val Accuracy Individual 1.0 | Training Loss:0.0086287846788764 |             Val Loss 0.006579467095434666 | Train Runtime Millis 31482.6509049999 | Val Runtime Millis 5493.216298000334

______________________________	 Running Epoch 5 of 10 	______________________________
[Training] Itteration/Batch:   0/354: Loss: 0.01 | Accuracy: 1.00
[Training] Itteration/Batch:  25/354: Loss: 0.01 | Accuracy: 1.00
[Training] Itteration/Batch:  50/354: Loss: 0.00 | Accuracy: 1.00
[Training] Itteration/Batch:  75/354: Loss: 0.01 | Accuracy: 1.00
[Training] Itteration/Batch: 100/354: Loss: 0.01 | Accuracy: 1.00
[Training] Itteration/Batch: 125/354: Loss: 0.01 | Accuracy: 1.00
[Training] Itteration/Batch: 150/354: Loss: 0.01 | Accuracy: 1.00
[Training] Itteration/Batch: 175/354: Loss: 0.01 | Accuracy: 1.00
[Training] Itteration/Batch: 200/354: Loss: 0.01 | Accuracy: 1.00
[Training] Itteration/Batch: 225/354: Loss: 0.00 | Accuracy: 1.00
[Training] Itteration/Batch: 250/354: Loss: 0.00 | Accuracy: 1.00
[Training] Itteration/Batch: 275/354: Loss: 0.00 | Accuracy: 1.00
[Training] Itteration/Batch: 300/354: Loss: 0.00 | Accuracy: 1.00
[Training] Itteration/Batch: 325/354: Loss: 0.01 | Accuracy: 1.00
[Training] Itteration/Batch: 350/354: Loss: 0.01 | Accuracy: 1.00

Epoch 5: Val Bin. F1 Majority 0.0 | Val Macro F1 Majority 1.0 |             Val Bin F1 Individual 0.0 | Val Macro F1 Individual 1.0 |             Val Accuracy Majority 1.0 | Val Accuracy Individual 1.0 | Training Loss:0.005833719857037067 |             Val Loss 0.004683641716837883 | Train Runtime Millis 31668.426505999378 | Val Runtime Millis 5508.974870997918

______________________________	 Running Epoch 6 of 10 	______________________________
[Training] Itteration/Batch:   0/354: Loss: 0.00 | Accuracy: 1.00
[Training] Itteration/Batch:  25/354: Loss: 0.01 | Accuracy: 1.00
[Training] Itteration/Batch:  50/354: Loss: 0.00 | Accuracy: 1.00
[Training] Itteration/Batch:  75/354: Loss: 0.00 | Accuracy: 1.00
[Training] Itteration/Batch: 100/354: Loss: 0.00 | Accuracy: 1.00
[Training] Itteration/Batch: 125/354: Loss: 0.00 | Accuracy: 1.00
[Training] Itteration/Batch: 150/354: Loss: 0.00 | Accuracy: 1.00
[Training] Itteration/Batch: 175/354: Loss: 0.01 | Accuracy: 1.00
[Training] Itteration/Batch: 200/354: Loss: 0.00 | Accuracy: 1.00
[Training] Itteration/Batch: 225/354: Loss: 0.00 | Accuracy: 1.00
[Training] Itteration/Batch: 250/354: Loss: 0.00 | Accuracy: 1.00
[Training] Itteration/Batch: 275/354: Loss: 0.00 | Accuracy: 1.00
[Training] Itteration/Batch: 300/354: Loss: 0.00 | Accuracy: 1.00
[Training] Itteration/Batch: 325/354: Loss: 0.00 | Accuracy: 1.00
[Training] Itteration/Batch: 350/354: Loss: 0.00 | Accuracy: 1.00

Epoch 6: Val Bin. F1 Majority 0.0 | Val Macro F1 Majority 1.0 |             Val Bin F1 Individual 0.0 | Val Macro F1 Individual 1.0 |             Val Accuracy Majority 1.0 | Val Accuracy Individual 1.0 | Training Loss:0.004279443062841892 |             Val Loss 0.0035406460519880056 | Train Runtime Millis 31482.430582000234 | Val Runtime Millis 5491.569882000476

______________________________	 Running Epoch 7 of 10 	______________________________
[Training] Itteration/Batch:   0/354: Loss: 0.00 | Accuracy: 1.00
[Training] Itteration/Batch:  25/354: Loss: 0.00 | Accuracy: 1.00
[Training] Itteration/Batch:  50/354: Loss: 0.00 | Accuracy: 1.00
[Training] Itteration/Batch:  75/354: Loss: 0.00 | Accuracy: 1.00
[Training] Itteration/Batch: 100/354: Loss: 0.00 | Accuracy: 1.00
[Training] Itteration/Batch: 125/354: Loss: 0.00 | Accuracy: 1.00
[Training] Itteration/Batch: 150/354: Loss: 0.00 | Accuracy: 1.00
[Training] Itteration/Batch: 175/354: Loss: 0.00 | Accuracy: 1.00
[Training] Itteration/Batch: 200/354: Loss: 0.00 | Accuracy: 1.00
[Training] Itteration/Batch: 225/354: Loss: 0.00 | Accuracy: 1.00
[Training] Itteration/Batch: 250/354: Loss: 0.00 | Accuracy: 1.00
[Training] Itteration/Batch: 275/354: Loss: 0.00 | Accuracy: 1.00
[Training] Itteration/Batch: 300/354: Loss: 0.00 | Accuracy: 1.00
[Training] Itteration/Batch: 325/354: Loss: 0.00 | Accuracy: 1.00
[Training] Itteration/Batch: 350/354: Loss: 0.00 | Accuracy: 1.00

Epoch 7: Val Bin. F1 Majority 0.0 | Val Macro F1 Majority 1.0 |             Val Bin F1 Individual 0.0 | Val Macro F1 Individual 1.0 |             Val Accuracy Majority 1.0 | Val Accuracy Individual 1.0 | Training Loss:0.0033000893890857697 |             Val Loss 0.002790454775094986 | Train Runtime Millis 31554.24864499946 | Val Runtime Millis 5486.092794002616

______________________________	 Running Epoch 8 of 10 	______________________________
[Training] Itteration/Batch:   0/354: Loss: 0.00 | Accuracy: 1.00
[Training] Itteration/Batch:  25/354: Loss: 0.00 | Accuracy: 1.00
[Training] Itteration/Batch:  50/354: Loss: 0.00 | Accuracy: 1.00
[Training] Itteration/Batch:  75/354: Loss: 0.00 | Accuracy: 1.00
[Training] Itteration/Batch: 100/354: Loss: 0.00 | Accuracy: 1.00
[Training] Itteration/Batch: 125/354: Loss: 0.00 | Accuracy: 1.00
[Training] Itteration/Batch: 150/354: Loss: 0.00 | Accuracy: 1.00
[Training] Itteration/Batch: 175/354: Loss: 0.00 | Accuracy: 1.00
[Training] Itteration/Batch: 200/354: Loss: 0.00 | Accuracy: 1.00
[Training] Itteration/Batch: 225/354: Loss: 0.00 | Accuracy: 1.00
[Training] Itteration/Batch: 250/354: Loss: 0.00 | Accuracy: 1.00
[Training] Itteration/Batch: 275/354: Loss: 0.00 | Accuracy: 1.00
[Training] Itteration/Batch: 300/354: Loss: 0.00 | Accuracy: 1.00
[Training] Itteration/Batch: 325/354: Loss: 0.00 | Accuracy: 1.00
[Training] Itteration/Batch: 350/354: Loss: 0.00 | Accuracy: 1.00

Epoch 8: Val Bin. F1 Majority 0.0 | Val Macro F1 Majority 1.0 |             Val Bin F1 Individual 0.0 | Val Macro F1 Individual 1.0 |             Val Accuracy Majority 1.0 | Val Accuracy Individual 1.0 | Training Loss:0.0026392624713480473 |             Val Loss 0.0022622777614742517 | Train Runtime Millis 31447.289158000785 | Val Runtime Millis 5492.417895002291

______________________________	 Running Epoch 9 of 10 	______________________________
[Training] Itteration/Batch:   0/354: Loss: 0.00 | Accuracy: 1.00
[Training] Itteration/Batch:  25/354: Loss: 0.00 | Accuracy: 1.00
[Training] Itteration/Batch:  50/354: Loss: 0.00 | Accuracy: 1.00
[Training] Itteration/Batch:  75/354: Loss: 0.00 | Accuracy: 1.00
[Training] Itteration/Batch: 100/354: Loss: 0.00 | Accuracy: 1.00
[Training] Itteration/Batch: 125/354: Loss: 0.00 | Accuracy: 1.00
[Training] Itteration/Batch: 150/354: Loss: 0.00 | Accuracy: 1.00
[Training] Itteration/Batch: 175/354: Loss: 0.00 | Accuracy: 1.00
[Training] Itteration/Batch: 200/354: Loss: 0.00 | Accuracy: 1.00
[Training] Itteration/Batch: 225/354: Loss: 0.00 | Accuracy: 1.00
[Training] Itteration/Batch: 250/354: Loss: 0.00 | Accuracy: 1.00
[Training] Itteration/Batch: 275/354: Loss: 0.00 | Accuracy: 1.00
[Training] Itteration/Batch: 300/354: Loss: 0.00 | Accuracy: 1.00
[Training] Itteration/Batch: 325/354: Loss: 0.00 | Accuracy: 1.00
[Training] Itteration/Batch: 350/354: Loss: 0.00 | Accuracy: 1.00

Epoch 9: Val Bin. F1 Majority 0.0 | Val Macro F1 Majority 1.0 |             Val Bin F1 Individual 0.0 | Val Macro F1 Individual 1.0 |             Val Accuracy Majority 1.0 | Val Accuracy Individual 1.0 | Training Loss:0.002169782994315028 |             Val Loss 0.001875714398920536 | Train Runtime Millis 31613.37553300109 | Val Runtime Millis 5478.688586001226

______________________________	 Running Epoch 10 of 10 	______________________________
[Training] Itteration/Batch:   0/354: Loss: 0.00 | Accuracy: 1.00
[Training] Itteration/Batch:  25/354: Loss: 0.00 | Accuracy: 1.00
[Training] Itteration/Batch:  50/354: Loss: 0.00 | Accuracy: 1.00
[Training] Itteration/Batch:  75/354: Loss: 0.00 | Accuracy: 1.00
[Training] Itteration/Batch: 100/354: Loss: 0.00 | Accuracy: 1.00
[Training] Itteration/Batch: 125/354: Loss: 0.00 | Accuracy: 1.00
[Training] Itteration/Batch: 150/354: Loss: 0.00 | Accuracy: 1.00
[Training] Itteration/Batch: 175/354: Loss: 0.00 | Accuracy: 1.00
[Training] Itteration/Batch: 200/354: Loss: 0.00 | Accuracy: 1.00
[Training] Itteration/Batch: 225/354: Loss: 0.00 | Accuracy: 1.00
[Training] Itteration/Batch: 250/354: Loss: 0.00 | Accuracy: 1.00
[Training] Itteration/Batch: 275/354: Loss: 0.00 | Accuracy: 1.00
[Training] Itteration/Batch: 300/354: Loss: 0.00 | Accuracy: 1.00
[Training] Itteration/Batch: 325/354: Loss: 0.00 | Accuracy: 1.00
[Training] Itteration/Batch: 350/354: Loss: 0.00 | Accuracy: 1.00

Epoch 10: Val Bin. F1 Majority 0.0 | Val Macro F1 Majority 1.0 |             Val Bin F1 Individual 0.0 | Val Macro F1 Individual 1.0 |             Val Accuracy Majority 1.0 | Val Accuracy Individual 1.0 | Training Loss:0.001807142631150782 |             Val Loss 0.0015821680426597595 | Train Runtime Millis 31383.04707700081 | Val Runtime Millis 5473.152106998896

