Device cuda
Split type sit
Training Size: 2818, NTA labels 2753, YTA labels 65
Validation Size: 963, NTA labels 940, YTA labels 23
Test Size: 897, NTA labels 876, YTA labels 21
Training with SBERT, model name is sbert
Tokenizing the dataset
Number of training steps 890
Epoch 0 **** Loss 0.015129093080759048 **** Metrics validation: {'accuracy': 0.9252336448598131, 'f1_weighted': 0.9388134425376305, 'macro': 0.49407506858910744, 'micro': 0.9252336448598131, 'binary': 0.02702702702702703, 'accuracy_majority': 0.9221311475409836, 'macro_majority': 0.4966644550334761, 'binary_majority': 0.03389830508474577, 'run_time_millis': 1190.7820039996295, 'loss_mean': 0.03378846496343613}
Epoch 1 **** Loss 0.015896495431661606 **** Metrics validation: {'accuracy': 0.8795430944963655, 'f1_weighted': 0.9142161411885384, 'macro': 0.48455149501661127, 'micro': 0.8795430944963655, 'binary': 0.03333333333333333, 'accuracy_majority': 0.8756830601092896, 'macro_majority': 0.4878166929376034, 'binary_majority': 0.042105263157894736, 'run_time_millis': 2000.7096720000845, 'loss_mean': 0.0334770642220974}
Epoch 2 **** Loss 0.014424879103899002 **** Metrics validation: {'accuracy': 0.9231568016614745, 'f1_weighted': 0.937700169426682, 'macro': 0.49315789473684213, 'micro': 0.9231568016614745, 'binary': 0.026315789473684213, 'accuracy_majority': 0.9139344262295082, 'macro_majority': 0.4928685324682465, 'binary_majority': 0.03076923076923077, 'run_time_millis': 2380.7521809994796, 'loss_mean': 0.03322086110711098}
Epoch 3 **** Loss 0.013633633963763714 **** Metrics validation: {'accuracy': 0.9138110072689511, 'f1_weighted': 0.9340646592422803, 'macro': 0.5213402401413301, 'micro': 0.913811007268951, 'binary': 0.0879120879120879, 'accuracy_majority': 0.9016393442622951, 'macro_majority': 0.5239884393063584, 'binary_majority': 0.1, 'run_time_millis': 2476.6993889988953, 'loss_mean': 0.0322314128279686}
Epoch 4 **** Loss 0.009344715625047684 **** Metrics validation: {'accuracy': 0.8598130841121495, 'f1_weighted': 0.9042041338108315, 'macro': 0.50899449717305, 'micro': 0.8598130841121495, 'binary': 0.09395973154362414, 'accuracy_majority': 0.8483606557377049, 'macro_majority': 0.5145511575802838, 'binary_majority': 0.11199999999999999, 'run_time_millis': 2075.2991660010593, 'loss_mean': 0.030663035809993744}
Epoch 5 **** Loss 0.007073805667459965 **** Metrics validation: {'accuracy': 0.8712357217030114, 'f1_weighted': 0.911075195777606, 'macro': 0.5224284114541674, 'micro': 0.8712357217030114, 'binary': 0.1142857142857143, 'accuracy_majority': 0.8592896174863388, 'macro_majority': 0.5289369279310238, 'binary_majority': 0.13445378151260504, 'run_time_millis': 1035.4956049995963, 'loss_mean': 0.029462099075317383}
Epoch 6 **** Loss 0.009026461280882359 **** Metrics validation: {'accuracy': 0.9210799584631361, 'f1_weighted': 0.9398202409545778, 'macro': 0.5662367834621402, 'micro': 0.9210799584631361, 'binary': 0.17391304347826086, 'accuracy_majority': 0.912568306010929, 'macro_majority': 0.576878612716763, 'binary_majority': 0.2, 'run_time_millis': 533.7990460011497, 'loss_mean': 0.031384699046611786}
Epoch 7 **** Loss 0.010079293511807919 **** Metrics validation: {'accuracy': 0.897196261682243, 'f1_weighted': 0.9269211126461235, 'macro': 0.5634852681944095, 'micro': 0.897196261682243, 'binary': 0.18181818181818182, 'accuracy_majority': 0.8879781420765027, 'macro_majority': 0.5756221719457013, 'binary_majority': 0.21153846153846154, 'run_time_millis': 2486.3451609999174, 'loss_mean': 0.027821045368909836}
Epoch 8 **** Loss 0.0043020606972277164 **** Metrics validation: {'accuracy': 0.9003115264797508, 'f1_weighted': 0.9287400115975509, 'macro': 0.5666716664166792, 'micro': 0.9003115264797508, 'binary': 0.1864406779661017, 'accuracy_majority': 0.894808743169399, 'macro_majority': 0.5905653661477667, 'binary_majority': 0.2376237623762376, 'run_time_millis': 1560.7467620011448, 'loss_mean': 0.027875563129782677}
Epoch 9 **** Loss 0.002508903155103326 **** Metrics validation: {'accuracy': 0.9044652128764278, 'f1_weighted': 0.9311654487804307, 'macro': 0.5711049146043918, 'micro': 0.9044652128764278, 'binary': 0.19298245614035087, 'accuracy_majority': 0.9002732240437158, 'macro_majority': 0.5970105355244006, 'binary_majority': 0.24742268041237112, 'run_time_millis': 1464.684271000806, 'loss_mean': 0.028029609471559525}
Evaluating
{'accuracy': 0.9210799584631361, 'f1_weighted': 0.9398202409545778, 'macro': 0.5662367834621402, 'micro': 0.9210799584631361, 'binary': 0.17391304347826086, 'accuracy_majority': 0.912568306010929, 'macro_majority': 0.576878612716763, 'binary_majority': 0.2, 'run_time_millis': 2455.251381999915, 'loss_mean': 0.031384699046611786}
