Device cuda
Split type sit
Training Size: 126441, NTA labels 123145, YTA labels 3296
Validation Size: 42145, NTA labels 41055, YTA labels 1090
Test Size: 42131, NTA labels 41013, YTA labels 1118
Training with SBERT, model name is sbert
Tokenizing the dataset
Number of training steps 39520
Epoch 0 **** Loss 0.016516894102096558 **** Metrics validation: {'accuracy': 0.9627002016846601, 'f1_weighted': 0.9660762510635325, 'macro': 0.6973037143570825, 'micro': 0.9627002016846601, 'binary': 0.41387024608501116, 'accuracy_majority': 0.9719013963109808, 'macro_majority': 0.7315632736026891, 'binary_majority': 0.47756410256410264, 'run_time_millis': 19229.228414944373, 'loss_mean': 0.04490863159298897}
Epoch 1 **** Loss 0.003940536640584469 **** Metrics validation: {'accuracy': 0.9643136789654764, 'f1_weighted': 0.9672899452189094, 'macro': 0.70529329143376, 'micro': 0.9643136789654764, 'binary': 0.4290053151100987, 'accuracy_majority': 0.9727633166695397, 'macro_majority': 0.7365116289766547, 'binary_majority': 0.48701298701298706, 'run_time_millis': 19487.62217897456, 'loss_mean': 0.043192505836486816}
Epoch 2 **** Loss 0.019003884866833687 **** Metrics validation: {'accuracy': 0.9616087317594021, 'f1_weighted': 0.9658244353366148, 'macro': 0.7033936043968793, 'micro': 0.9616087317594021, 'binary': 0.42664776754075123, 'accuracy_majority': 0.9701775555938631, 'macro_majority': 0.7294088654144973, 'binary_majority': 0.4741641337386017, 'run_time_millis': 19464.772606035694, 'loss_mean': 0.04389655962586403}
Epoch 3 **** Loss 0.0013590690214186907 **** Metrics validation: {'accuracy': 0.9643136789654764, 'f1_weighted': 0.967491611061185, 'macro': 0.7093492204006308, 'micro': 0.9643136789654764, 'binary': 0.43712574850299396, 'accuracy_majority': 0.9725909325978279, 'macro_majority': 0.738964136255231, 'binary_majority': 0.4920127795527156, 'run_time_millis': 18973.210347932763, 'loss_mean': 0.0464717261493206}
Epoch 4 **** Loss 0.07978527247905731 **** Metrics validation: {'accuracy': 0.9638628544311306, 'f1_weighted': 0.9672637352755266, 'macro': 0.7093582268385562, 'micro': 0.9638628544311306, 'binary': 0.43738455855190256, 'accuracy_majority': 0.9725047405619721, 'macro_majority': 0.7377359139022986, 'binary_majority': 0.4896, 'run_time_millis': 18653.569680987857, 'loss_mean': 0.05151519924402237}
Epoch 5 **** Loss 0.03781699016690254 **** Metrics validation: {'accuracy': 0.960256258156365, 'f1_weighted': 0.9650679096456523, 'macro': 0.702006826513815, 'micro': 0.960256258156365, 'binary': 0.4245963586396428, 'accuracy_majority': 0.9683675228408894, 'macro_majority': 0.7216031279269148, 'binary_majority': 0.459499263622975, 'run_time_millis': 19022.134721977636, 'loss_mean': 0.052080828696489334}
Epoch 6 **** Loss 0.007903366349637508 **** Metrics validation: {'accuracy': 0.9638628544311306, 'f1_weighted': 0.9672430937793458, 'macro': 0.7089423948282403, 'micro': 0.9638628544311306, 'binary': 0.4365519792822789, 'accuracy_majority': 0.9717290122392691, 'macro_majority': 0.7315891516609714, 'binary_majority': 0.47770700636942676, 'run_time_millis': 19138.848026981577, 'loss_mean': 0.06089425086975098}
Epoch 7 **** Loss 0.0015787123702466488 **** Metrics validation: {'accuracy': 0.9585715980543362, 'f1_weighted': 0.9640150016234321, 'macro': 0.698066806465837, 'micro': 0.9585715980543362, 'binary': 0.4176117411607739, 'accuracy_majority': 0.9666436821237717, 'macro_majority': 0.7153669097092332, 'binary_majority': 0.44793152639087014, 'run_time_millis': 17959.593713050708, 'loss_mean': 0.05971549078822136}
Epoch 8 **** Loss 0.1024499163031578 **** Metrics validation: {'accuracy': 0.9614426385099063, 'f1_weighted': 0.9657617036923127, 'macro': 0.7038323561735411, 'micro': 0.9614426385099063, 'binary': 0.4276153575202536, 'accuracy_majority': 0.9689708670918807, 'macro_majority': 0.7241542187618879, 'binary_majority': 0.4642857142857143, 'run_time_millis': 19255.285776103847, 'loss_mean': 0.06680049747228622}
Epoch 9 **** Loss 0.004225622396916151 **** Metrics validation: {'accuracy': 0.9618222802230395, 'f1_weighted': 0.9660493685680792, 'macro': 0.7057480038384718, 'micro': 0.9618222802230395, 'binary': 0.4312477907387769, 'accuracy_majority': 0.9698327874504395, 'macro_majority': 0.7262806442054164, 'binary_majority': 0.4680851063829786, 'run_time_millis': 19055.77970005106, 'loss_mean': 0.06968473643064499}
Evaluating
{'accuracy': 0.9643136789654764, 'f1_weighted': 0.967491611061185, 'macro': 0.7093492204006308, 'micro': 0.9643136789654764, 'binary': 0.43712574850299396, 'accuracy_majority': 0.9725909325978279, 'macro_majority': 0.738964136255231, 'binary_majority': 0.4920127795527156, 'run_time_millis': 18594.945720979013, 'loss_mean': 0.0464717261493206}
