Device cuda
Split type sit
Training Size: 27718, NTA labels 27062, YTA labels 656
Validation Size: 9248, NTA labels 9024, YTA labels 224
Test Size: 9202, NTA labels 8997, YTA labels 205
Training with SBERT, model name is sbert
Tokenizing the dataset
Number of training steps 8670
Epoch 0 **** Loss 0.02130889892578125 **** Metrics validation: {'accuracy': 0.9292820069204152, 'f1_weighted': 0.9476570180925261, 'macro': 0.653656839338753, 'micro': 0.9292820069204152, 'binary': 0.34468937875751504, 'accuracy_majority': 0.9283137962128043, 'macro_majority': 0.6547714233536192, 'binary_majority': 0.34746922024623805, 'run_time_millis': 3828.1861180148553, 'loss_mean': 0.02798737771809101}
Epoch 1 **** Loss 0.011360722593963146 **** Metrics validation: {'accuracy': 0.9405276816608996, 'f1_weighted': 0.954271152478238, 'macro': 0.6690293053259316, 'micro': 0.9405276816608996, 'binary': 0.36926605504587157, 'accuracy_majority': 0.937180643222122, 'macro_majority': 0.6629339463132013, 'binary_majority': 0.3588957055214724, 'run_time_millis': 4844.821412989404, 'loss_mean': 0.0288445595651865}
Epoch 2 **** Loss 0.0011636760318651795 **** Metrics validation: {'accuracy': 0.9443122837370242, 'f1_weighted': 0.956574381870002, 'macro': 0.6762978531162224, 'micro': 0.9443122837370242, 'binary': 0.3817527010804322, 'accuracy_majority': 0.9388337841899609, 'macro_majority': 0.664473456800142, 'binary_majority': 0.36106750392464676, 'run_time_millis': 5862.812345003476, 'loss_mean': 0.04052981361746788}
Epoch 3 **** Loss 0.0007324560428969562 **** Metrics validation: {'accuracy': 0.957288062283737, 'f1_weighted': 0.9645067300592362, 'macro': 0.7030899546502124, 'micro': 0.957288062283737, 'binary': 0.42836468885672935, 'accuracy_majority': 0.9534114818154493, 'macro_majority': 0.6920739426191136, 'binary_majority': 0.4083969465648855, 'run_time_millis': 5863.926509016892, 'loss_mean': 0.05261000245809555}
Epoch 4 **** Loss 5.99042687099427e-05 **** Metrics validation: {'accuracy': 0.9632352941176471, 'f1_weighted': 0.9679083336564077, 'macro': 0.7108911590245739, 'micro': 0.9632352941176471, 'binary': 0.44078947368421045, 'accuracy_majority': 0.9594229035166817, 'macro_majority': 0.7010244428468728, 'binary_majority': 0.4230769230769231, 'run_time_millis': 5862.123176979367, 'loss_mean': 0.06561626493930817}
Epoch 5 **** Loss 2.7155585485161282e-05 **** Metrics validation: {'accuracy': 0.94344723183391, 'f1_weighted': 0.9560638391275947, 'macro': 0.6749849930910765, 'micro': 0.94344723183391, 'binary': 0.37959667852906287, 'accuracy_majority': 0.9397354974451457, 'macro_majority': 0.6694197940463316, 'binary_majority': 0.3704866562009419, 'run_time_millis': 5861.750172014581, 'loss_mean': 0.0577673614025116}
Epoch 6 **** Loss 0.020085565745830536 **** Metrics validation: {'accuracy': 0.9622621107266436, 'f1_weighted': 0.9675411198039626, 'macro': 0.7136871313864371, 'micro': 0.9622621107266436, 'binary': 0.4469096671949287, 'accuracy_majority': 0.9589720468890893, 'macro_majority': 0.7043913588911865, 'binary_majority': 0.430062630480167, 'run_time_millis': 5865.462168003432, 'loss_mean': 0.07380258291959763}
Epoch 7 **** Loss 9.940878044290002e-06 **** Metrics validation: {'accuracy': 0.9689662629757786, 'f1_weighted': 0.9713199974666389, 'macro': 0.7217674249416761, 'micro': 0.9689662629757786, 'binary': 0.4595103578154425, 'accuracy_majority': 0.9652840396753832, 'macro_majority': 0.7086497294856731, 'binary_majority': 0.4352078239608802, 'run_time_millis': 5865.134412975749, 'loss_mean': 0.08432810753583908}
Epoch 8 **** Loss 0.0012187183601781726 **** Metrics validation: {'accuracy': 0.9688581314878892, 'f1_weighted': 0.9713382594199877, 'macro': 0.7233254662101519, 'micro': 0.9688581314878892, 'binary': 0.4626865671641791, 'accuracy_majority': 0.9648331830477908, 'macro_majority': 0.7083173164464767, 'binary_majority': 0.43478260869565216, 'run_time_millis': 5863.802377978573, 'loss_mean': 0.08735159039497375}
Epoch 9 **** Loss 9.109839083976112e-06 **** Metrics validation: {'accuracy': 0.9696150519031141, 'f1_weighted': 0.9717303078985264, 'macro': 0.7235402711034897, 'micro': 0.9696150519031141, 'binary': 0.46271510516252395, 'accuracy_majority': 0.9654343252179141, 'macro_majority': 0.7078354217049634, 'binary_majority': 0.4334975369458128, 'run_time_millis': 4851.409544004127, 'loss_mean': 0.08969714492559433}
Evaluating
{'accuracy': 0.9696150519031141, 'f1_weighted': 0.9717303078985264, 'macro': 0.7235402711034897, 'micro': 0.9696150519031141, 'binary': 0.46271510516252395, 'accuracy_majority': 0.9654343252179141, 'macro_majority': 0.7078354217049634, 'binary_majority': 0.4334975369458128, 'run_time_millis': 5866.8353940011, 'loss_mean': 0.08969714492559433}
