Device cuda
Split type sit
Training Size: 16278, NTA labels 10495, YTA labels 5783
Validation Size: 5420, NTA labels 3525, YTA labels 1895
Test Size: 5404, NTA labels 3394, YTA labels 2010
Training with SBERT, model name is sbert
Tokenizing the dataset
Number of training steps 5090
Epoch 0 **** Loss 0.1914691925048828 **** Metrics validation: {'accuracy': 0.805719557195572, 'f1_weighted': 0.8052690254359749, 'macro': 0.7854212749456142, 'micro': 0.805719557195572, 'binary': 0.7194244604316546, 'accuracy_majority': 0.8105263157894737, 'macro_majority': 0.8003433272638323, 'binary_majority': 0.7552533992583437, 'run_time_millis': 5455.459840013646, 'loss_mean': 0.21776984632015228}
Epoch 1 **** Loss 0.23184524476528168 **** Metrics validation: {'accuracy': 0.8055350553505535, 'f1_weighted': 0.808289214937513, 'macro': 0.7929149679281158, 'micro': 0.8055350553505535, 'binary': 0.7417932386085252, 'accuracy_majority': 0.816267942583732, 'macro_majority': 0.8111518663154001, 'binary_majority': 0.7800687285223368, 'run_time_millis': 4435.732553014532, 'loss_mean': 0.20742616057395935}
Epoch 2 **** Loss 0.11843618750572205 **** Metrics validation: {'accuracy': 0.8114391143911439, 'f1_weighted': 0.8110381740900843, 'macro': 0.7918166243628114, 'micro': 0.8114391143911439, 'binary': 0.7279020234291801, 'accuracy_majority': 0.8129186602870814, 'macro_majority': 0.8029984048268393, 'binary_majority': 0.7587908698334362, 'run_time_millis': 4694.349199009594, 'loss_mean': 0.23926261067390442}
Epoch 3 **** Loss 0.10495422035455704 **** Metrics validation: {'accuracy': 0.7974169741697417, 'f1_weighted': 0.8006232369169389, 'macro': 0.7852520360994937, 'micro': 0.7974169741697417, 'binary': 0.734140435835351, 'accuracy_majority': 0.8004784688995216, 'macro_majority': 0.7950873922776351, 'binary_majority': 0.7618503712164477, 'run_time_millis': 4437.952321022749, 'loss_mean': 0.24173270165920258}
Epoch 4 **** Loss 0.12095041573047638 **** Metrics validation: {'accuracy': 0.8038745387453875, 'f1_weighted': 0.806070906760053, 'macro': 0.78957284287109, 'micro': 0.8038745387453875, 'binary': 0.7347142500623908, 'accuracy_majority': 0.8076555023923445, 'macro_majority': 0.8013625501097473, 'binary_majority': 0.7660069848661234, 'run_time_millis': 4580.285524949431, 'loss_mean': 0.26111674308776855}
Epoch 5 **** Loss 0.026569079607725143 **** Metrics validation: {'accuracy': 0.8053505535055351, 'f1_weighted': 0.8051461568444452, 'macro': 0.7855481240458269, 'micro': 0.8053505535055351, 'binary': 0.7203816591571695, 'accuracy_majority': 0.8100478468899521, 'macro_majority': 0.8000655901875923, 'binary_majority': 0.7553912507701787, 'run_time_millis': 5145.1681749895215, 'loss_mean': 0.3209502398967743}
Epoch 6 **** Loss 0.16552560031414032 **** Metrics validation: {'accuracy': 0.8047970479704797, 'f1_weighted': 0.806873830964032, 'macro': 0.7902799276331968, 'micro': 0.8047970479704797, 'binary': 0.7351026539809714, 'accuracy_majority': 0.8019138755980861, 'macro_majority': 0.7953608891108892, 'binary_majority': 0.7587412587412588, 'run_time_millis': 5447.796060994733, 'loss_mean': 0.33270883560180664}
Epoch 7 **** Loss 0.05993150547146797 **** Metrics validation: {'accuracy': 0.8023985239852398, 'f1_weighted': 0.8042260886077638, 'macro': 0.7870068381180859, 'micro': 0.8023985239852398, 'binary': 0.7297501892505676, 'accuracy_majority': 0.7990430622009569, 'macro_majority': 0.7913227541402631, 'binary_majority': 0.7511848341232228, 'run_time_millis': 5447.925523039885, 'loss_mean': 0.4013252258300781}
Epoch 8 **** Loss 0.11392533034086227 **** Metrics validation: {'accuracy': 0.8, 'f1_weighted': 0.8026984423951139, 'macro': 0.7866456646431592, 'micro': 0.8000000000000002, 'binary': 0.7332677165354331, 'accuracy_majority': 0.8038277511961722, 'macro_majority': 0.797965937372977, 'binary_majority': 0.7635524798154555, 'run_time_millis': 5443.043211009353, 'loss_mean': 0.3789774775505066}
Epoch 9 **** Loss 0.04670535400509834 **** Metrics validation: {'accuracy': 0.8051660516605166, 'f1_weighted': 0.806019516129857, 'macro': 0.7877149492216379, 'micro': 0.8051660516605166, 'binary': 0.7268494568028971, 'accuracy_majority': 0.8038277511961722, 'macro_majority': 0.7953243472544942, 'binary_majority': 0.753605769230769, 'run_time_millis': 5455.56586002931, 'loss_mean': 0.45494547486305237}
Evaluating
{'accuracy': 0.8114391143911439, 'f1_weighted': 0.8110381740900843, 'macro': 0.7918166243628114, 'micro': 0.8114391143911439, 'binary': 0.7279020234291801, 'accuracy_majority': 0.8129186602870814, 'macro_majority': 0.8029984048268393, 'binary_majority': 0.7587908698334362, 'run_time_millis': 5441.3061090162955, 'loss_mean': 0.23926261067390442}
