Device cuda
Split type sit
Training Size: 490, NTA labels 282, YTA labels 208
Validation Size: 2532, NTA labels 1555, YTA labels 977
Test Size: 2573, NTA labels 1561, YTA labels 1012
Training with SBERT, model name is sbert
Tokenizing the dataset
Number of training steps 160
Epoch 0 **** Loss 0.31001049280166626 **** Metrics validation: {'accuracy': 0.6042654028436019, 'f1_weighted': 0.5959176406503119, 'macro': 0.6022999244435945, 'micro': 0.6042654028436019, 'binary': 0.6302583025830258, 'accuracy_majority': 0.6216552582451773, 'macro_majority': 0.6140900789312369, 'binary_majority': 0.6681222707423581, 'run_time_millis': 3625.551061995793, 'loss_mean': 0.32082903385162354}
Epoch 1 **** Loss 0.30976349115371704 **** Metrics validation: {'accuracy': 0.6927330173775671, 'f1_weighted': 0.6870276396718604, 'macro': 0.6650429175792036, 'micro': 0.6927330173775671, 'binary': 0.5687361419068736, 'accuracy_majority': 0.6925948973242066, 'macro_majority': 0.676257519998956, 'binary_majority': 0.6035313001605136, 'run_time_millis': 3724.1133479983546, 'loss_mean': 0.2959337830543518}
Epoch 2 **** Loss 0.37223514914512634 **** Metrics validation: {'accuracy': 0.7140600315955766, 'f1_weighted': 0.7133770227996021, 'macro': 0.6969278942965502, 'micro': 0.7140600315955766, 'binary': 0.6248704663212434, 'accuracy_majority': 0.7131300560049783, 'macro_majority': 0.7037465813929402, 'binary_majority': 0.6510219530658592, 'run_time_millis': 3738.7236260110512, 'loss_mean': 0.2757488191127777}
Epoch 3 **** Loss 0.10134641081094742 **** Metrics validation: {'accuracy': 0.7247235387045814, 'f1_weighted': 0.7250054812977514, 'macro': 0.7101906795839092, 'micro': 0.7247235387045814, 'binary': 0.6452926208651399, 'accuracy_majority': 0.7237087741132545, 'macro_majority': 0.7159855172150256, 'binary_majority': 0.669150521609538, 'run_time_millis': 3725.2991939894855, 'loss_mean': 0.28301578760147095}
Epoch 4 **** Loss 0.20818547904491425 **** Metrics validation: {'accuracy': 0.7251184834123223, 'f1_weighted': 0.7265496211670224, 'macro': 0.7132077240344956, 'micro': 0.7251184834123223, 'binary': 0.6547619047619048, 'accuracy_majority': 0.7193528313627878, 'macro_majority': 0.713273328683507, 'binary_majority': 0.6715222141296431, 'run_time_millis': 3724.4813229772262, 'loss_mean': 0.2837926745414734}
Epoch 5 **** Loss 0.1610001027584076 **** Metrics validation: {'accuracy': 0.7290679304897314, 'f1_weighted': 0.7213247147029789, 'macro': 0.7000124350613461, 'micro': 0.7290679304897314, 'binary': 0.6066513761467889, 'accuracy_majority': 0.7181082762912259, 'macro_majority': 0.6980692668307167, 'binary_majority': 0.6202849958088851, 'run_time_millis': 3723.9560069865547, 'loss_mean': 0.3161500096321106}
Epoch 6 **** Loss 0.11975611746311188 **** Metrics validation: {'accuracy': 0.7235387045813586, 'f1_weighted': 0.7256091105019585, 'macro': 0.7131435415216794, 'micro': 0.7235387045813586, 'binary': 0.6585365853658537, 'accuracy_majority': 0.7187305538270068, 'macro_majority': 0.7137964512783657, 'binary_majority': 0.6762177650429798, 'run_time_millis': 3729.279834020417, 'loss_mean': 0.293399840593338}
Epoch 7 **** Loss 0.18333297967910767 **** Metrics validation: {'accuracy': 0.716824644549763, 'f1_weighted': 0.7188214475851559, 'macro': 0.7058534458496837, 'micro': 0.7168246445497631, 'binary': 0.6490455212922174, 'accuracy_majority': 0.7125077784691972, 'macro_majority': 0.7072679700215754, 'binary_majority': 0.6681034482758621, 'run_time_millis': 3723.539811966475, 'loss_mean': 0.3057088553905487}
Epoch 8 **** Loss 0.1068805679678917 **** Metrics validation: {'accuracy': 0.7211690363349131, 'f1_weighted': 0.7228580514573318, 'macro': 0.7096654738795207, 'micro': 0.7211690363349131, 'binary': 0.6518737672583826, 'accuracy_majority': 0.7137523335407592, 'macro_majority': 0.708335569156374, 'binary_majority': 0.6685878962536023, 'run_time_millis': 3725.4927160101943, 'loss_mean': 0.3156898021697998}
Epoch 9 **** Loss 0.0772080346941948 **** Metrics validation: {'accuracy': 0.7180094786729858, 'f1_weighted': 0.7205679273056852, 'macro': 0.7086422554532639, 'micro': 0.7180094786729859, 'binary': 0.6564003849855631, 'accuracy_majority': 0.7174859987554449, 'macro_majority': 0.71360795766797, 'binary_majority': 0.6802816901408452, 'run_time_millis': 3726.2270860373974, 'loss_mean': 0.3168969750404358}
Evaluating
{'accuracy': 0.7251184834123223, 'f1_weighted': 0.7265496211670224, 'macro': 0.7132077240344956, 'micro': 0.7251184834123223, 'binary': 0.6547619047619048, 'accuracy_majority': 0.7193528313627878, 'macro_majority': 0.713273328683507, 'binary_majority': 0.6715222141296431, 'run_time_millis': 3729.548557952512, 'loss_mean': 0.2837926745414734}
Device cuda
Split type sit
Training Size: 980, NTA labels 586, YTA labels 394
Validation Size: 2532, NTA labels 1555, YTA labels 977
Test Size: 2573, NTA labels 1561, YTA labels 1012
Training with SBERT, model name is sbert
Tokenizing the dataset
Number of training steps 310
Epoch 0 **** Loss 0.2621036469936371 **** Metrics validation: {'accuracy': 0.6690363349131122, 'f1_weighted': 0.6722116354319212, 'macro': 0.6680213986742235, 'micro': 0.6690363349131122, 'binary': 0.6496655518394648, 'accuracy_majority': 0.6801493466085874, 'macro_majority': 0.6800947169799629, 'binary_majority': 0.6842751842751843, 'run_time_millis': 3721.1211409885436, 'loss_mean': 0.2935064733028412}
Epoch 1 **** Loss 0.2057250440120697 **** Metrics validation: {'accuracy': 0.7413112164296999, 'f1_weighted': 0.7273743132433135, 'macro': 0.7030373644767538, 'micro': 0.7413112164296999, 'binary': 0.596426370918053, 'accuracy_majority': 0.7199751088985687, 'macro_majority': 0.6908822775070531, 'binary_majority': 0.5960502692998205, 'run_time_millis': 2304.6044440125115, 'loss_mean': 0.2810632884502411}
Epoch 2 **** Loss 0.1295485943555832 **** Metrics validation: {'accuracy': 0.740916271721959, 'f1_weighted': 0.7428565378418355, 'macro': 0.7311745189117451, 'micro': 0.7409162717219591, 'binary': 0.6799999999999999, 'accuracy_majority': 0.7392657125077785, 'macro_majority': 0.7348231814538917, 'binary_majority': 0.7005003573981415, 'run_time_millis': 3729.388417035807, 'loss_mean': 0.2594096064567566}
Epoch 3 **** Loss 0.2009468525648117 **** Metrics validation: {'accuracy': 0.7527646129541864, 'f1_weighted': 0.746735582592285, 'macro': 0.7280002086719677, 'micro': 0.7527646129541864, 'binary': 0.6459276018099547, 'accuracy_majority': 0.7373988799004356, 'macro_majority': 0.7210537659884629, 'binary_majority': 0.6535303776683087, 'run_time_millis': 3725.190992001444, 'loss_mean': 0.314383864402771}
Epoch 4 **** Loss 0.18963512778282166 **** Metrics validation: {'accuracy': 0.7519747235387045, 'f1_weighted': 0.7478934973184167, 'macro': 0.7305482858821927, 'micro': 0.7519747235387045, 'binary': 0.6545654565456546, 'accuracy_majority': 0.7405102675793404, 'macro_majority': 0.7267997336974269, 'binary_majority': 0.6655974338412189, 'run_time_millis': 3727.4636719957925, 'loss_mean': 0.294687420129776}
Epoch 5 **** Loss 0.08077200502157211 **** Metrics validation: {'accuracy': 0.7523696682464455, 'f1_weighted': 0.752393176056281, 'macro': 0.7388056619713907, 'micro': 0.7523696682464455, 'binary': 0.6792838874680307, 'accuracy_majority': 0.7405102675793404, 'macro_majority': 0.7343867981178899, 'binary_majority': 0.694057226705796, 'run_time_millis': 2708.2389420247637, 'loss_mean': 0.32597678899765015}
Epoch 6 **** Loss 0.12465721368789673 **** Metrics validation: {'accuracy': 0.7559241706161137, 'f1_weighted': 0.7561518742346179, 'macro': 0.7429906050850799, 'micro': 0.7559241706161137, 'binary': 0.6853360488798371, 'accuracy_majority': 0.7398879900435594, 'macro_majority': 0.7339032977759186, 'binary_majority': 0.6939970717423133, 'run_time_millis': 3568.772936996538, 'loss_mean': 0.31484705209732056}
Epoch 7 **** Loss 0.059968702495098114 **** Metrics validation: {'accuracy': 0.7567140600315956, 'f1_weighted': 0.7573274002551117, 'macro': 0.7446663056411009, 'micro': 0.7567140600315956, 'binary': 0.6892028254288598, 'accuracy_majority': 0.7405102675793404, 'macro_majority': 0.7356454332968432, 'binary_majority': 0.6997840172786177, 'run_time_millis': 3723.9299270440824, 'loss_mean': 0.3566930890083313}
Epoch 8 **** Loss 0.07579442113637924 **** Metrics validation: {'accuracy': 0.7606635071090048, 'f1_weighted': 0.7593047879943955, 'macro': 0.7447614611750615, 'micro': 0.7606635071090048, 'binary': 0.6810526315789474, 'accuracy_majority': 0.7417548226509023, 'macro_majority': 0.7341382080276185, 'binary_majority': 0.6891385767790262, 'run_time_millis': 3726.1910859961063, 'loss_mean': 0.38084396719932556}
Epoch 9 **** Loss 0.045447979122400284 **** Metrics validation: {'accuracy': 0.764612954186414, 'f1_weighted': 0.7624214448986784, 'macro': 0.7473417738473542, 'micro': 0.764612954186414, 'binary': 0.6812834224598932, 'accuracy_majority': 0.7454884878655881, 'macro_majority': 0.7367984350378527, 'binary_majority': 0.6889733840304182, 'run_time_millis': 3721.5728770243004, 'loss_mean': 0.4048343598842621}
Evaluating
{'accuracy': 0.764612954186414, 'f1_weighted': 0.7624214448986784, 'macro': 0.7473417738473542, 'micro': 0.764612954186414, 'binary': 0.6812834224598932, 'accuracy_majority': 0.7454884878655881, 'macro_majority': 0.7367984350378527, 'binary_majority': 0.6889733840304182, 'run_time_millis': 3736.5229270071723, 'loss_mean': 0.4048343598842621}
Device cuda
Split type sit
Training Size: 1470, NTA labels 897, YTA labels 573
Validation Size: 2532, NTA labels 1555, YTA labels 977
Test Size: 2573, NTA labels 1561, YTA labels 1012
Training with SBERT, model name is sbert
Tokenizing the dataset
Number of training steps 460
Epoch 0 **** Loss 0.32295963168144226 **** Metrics validation: {'accuracy': 0.6196682464454977, 'f1_weighted': 0.6055860519238822, 'macro': 0.6151282657966767, 'micro': 0.6196682464454977, 'binary': 0.6569291058069113, 'accuracy_majority': 0.6403235843186061, 'macro_majority': 0.629309739316444, 'binary_majority': 0.6932059447983014, 'run_time_millis': 3216.8868090375327, 'loss_mean': 0.3077537417411804}
Epoch 1 **** Loss 0.1980627328157425 **** Metrics validation: {'accuracy': 0.7424960505529226, 'f1_weighted': 0.7445176265696593, 'macro': 0.7330620291414852, 'micro': 0.7424960505529226, 'binary': 0.6828793774319065, 'accuracy_majority': 0.7349097697573118, 'macro_majority': 0.7309481438628154, 'binary_majority': 0.698300283286119, 'run_time_millis': 3721.881090023089, 'loss_mean': 0.2509946823120117}
Epoch 2 **** Loss 0.117843396961689 **** Metrics validation: {'accuracy': 0.7444707740916272, 'f1_weighted': 0.7463370339447405, 'macro': 0.7347381286210901, 'micro': 0.7444707740916272, 'binary': 0.6839276990718123, 'accuracy_majority': 0.7367766023646546, 'macro_majority': 0.7324652977980056, 'binary_majority': 0.6985032074126871, 'run_time_millis': 3725.7459799875505, 'loss_mean': 0.25172343850135803}
Epoch 3 **** Loss 0.09837792813777924 **** Metrics validation: {'accuracy': 0.7484202211690363, 'f1_weighted': 0.7493248992850696, 'macro': 0.7365711443809916, 'micro': 0.7484202211690363, 'binary': 0.6807017543859649, 'accuracy_majority': 0.744866210329807, 'macro_majority': 0.7389960576270973, 'binary_majority': 0.6998535871156663, 'run_time_millis': 3723.429710022174, 'loss_mean': 0.27169203758239746}
Epoch 4 **** Loss 0.12114976346492767 **** Metrics validation: {'accuracy': 0.7428909952606635, 'f1_weighted': 0.7433387669233928, 'macro': 0.7297170816045735, 'micro': 0.7428909952606635, 'binary': 0.670045615813482, 'accuracy_majority': 0.7355320472930927, 'macro_majority': 0.7288646635793954, 'binary_majority': 0.6863468634686348, 'run_time_millis': 3743.6780579737388, 'loss_mean': 0.30305835604667664}
Epoch 5 **** Loss 0.08316033333539963 **** Metrics validation: {'accuracy': 0.7480252764612955, 'f1_weighted': 0.7433465734070012, 'macro': 0.7253179709711207, 'micro': 0.7480252764612955, 'binary': 0.6463414634146342, 'accuracy_majority': 0.7349097697573118, 'macro_majority': 0.719985373084512, 'binary_majority': 0.6553398058252426, 'run_time_millis': 2974.362695997115, 'loss_mean': 0.3474201560020447}
Epoch 6 **** Loss 0.20310579240322113 **** Metrics validation: {'accuracy': 0.7468404423380727, 'f1_weighted': 0.7482857120397985, 'macro': 0.736178960045631, 'micro': 0.7468404423380726, 'binary': 0.6831438457736035, 'accuracy_majority': 0.7423771001866832, 'macro_majority': 0.7375020122407365, 'binary_majority': 0.7017291066282421, 'run_time_millis': 3723.3927590423264, 'loss_mean': 0.3409499228000641}
Epoch 7 **** Loss 0.058542363345623016 **** Metrics validation: {'accuracy': 0.7476303317535545, 'f1_weighted': 0.7461098880532608, 'macro': 0.7306920554432663, 'micro': 0.7476303317535545, 'binary': 0.6631523458091724, 'accuracy_majority': 0.7361543248288737, 'macro_majority': 0.7262949180211968, 'binary_majority': 0.674347158218126, 'run_time_millis': 3030.488971970044, 'loss_mean': 0.39109426736831665}
Epoch 8 **** Loss 0.07054074108600616 **** Metrics validation: {'accuracy': 0.7488151658767772, 'f1_weighted': 0.7476178176626882, 'macro': 0.7325728770595691, 'micro': 0.7488151658767771, 'binary': 0.6666666666666666, 'accuracy_majority': 0.7386434349719975, 'macro_majority': 0.7294005388414908, 'binary_majority': 0.6793893129770993, 'run_time_millis': 3722.8990930016153, 'loss_mean': 0.41812220215797424}
Epoch 9 **** Loss 0.14184941351413727 **** Metrics validation: {'accuracy': 0.7492101105845181, 'f1_weighted': 0.7492812592968381, 'macro': 0.7355732740565215, 'micro': 0.7492101105845181, 'binary': 0.6755237608584568, 'accuracy_majority': 0.7442439327940261, 'macro_majority': 0.7374772694300415, 'binary_majority': 0.6953298739807264, 'run_time_millis': 3722.3780669737607, 'loss_mean': 0.40921860933303833}
Evaluating
{'accuracy': 0.7484202211690363, 'f1_weighted': 0.7493248992850696, 'macro': 0.7365711443809916, 'micro': 0.7484202211690363, 'binary': 0.6807017543859649, 'accuracy_majority': 0.744866210329807, 'macro_majority': 0.7389960576270973, 'binary_majority': 0.6998535871156663, 'run_time_millis': 3722.037932020612, 'loss_mean': 0.27169203758239746}
Device cuda
Split type sit
Training Size: 1974, NTA labels 1240, YTA labels 734
Validation Size: 2532, NTA labels 1555, YTA labels 977
Test Size: 2573, NTA labels 1561, YTA labels 1012
Training with SBERT, model name is sbert
Tokenizing the dataset
Number of training steps 620
Epoch 0 **** Loss 0.27997106313705444 **** Metrics validation: {'accuracy': 0.7519747235387045, 'f1_weighted': 0.7471384513767522, 'macro': 0.7292194429818257, 'micro': 0.7519747235387045, 'binary': 0.6507230255839822, 'accuracy_majority': 0.7442439327940261, 'macro_majority': 0.7300898029239586, 'binary_majority': 0.6682808716707022, 'run_time_millis': 3277.777296025306, 'loss_mean': 0.2655566334724426}
Epoch 1 **** Loss 0.27265703678131104 **** Metrics validation: {'accuracy': 0.7575039494470774, 'f1_weighted': 0.7592293072282564, 'macro': 0.7481486761446845, 'micro': 0.7575039494470774, 'binary': 0.6996086105675147, 'accuracy_majority': 0.7485998755444928, 'macro_majority': 0.74444108542511, 'binary_majority': 0.7118402282453636, 'run_time_millis': 2819.638932996895, 'loss_mean': 0.24606671929359436}
Epoch 2 **** Loss 0.20998220145702362 **** Metrics validation: {'accuracy': 0.7488151658767772, 'f1_weighted': 0.7508459984916812, 'macro': 0.7397722131009786, 'micro': 0.7488151658767771, 'binary': 0.6912621359223301, 'accuracy_majority': 0.7479775980087119, 'macro_majority': 0.7438497532108564, 'binary_majority': 0.7113328581610834, 'run_time_millis': 3725.7274789735675, 'loss_mean': 0.2534835934638977}
Epoch 3 **** Loss 0.11156874150037766 **** Metrics validation: {'accuracy': 0.7413112164296999, 'f1_weighted': 0.7446161594004946, 'macro': 0.736417631344188, 'micro': 0.7413112164296999, 'binary': 0.7005029721079103, 'accuracy_majority': 0.7361543248288737, 'macro_majority': 0.7348432489648516, 'binary_majority': 0.7161981258366801, 'run_time_millis': 3728.23824203806, 'loss_mean': 0.28621119260787964}
Epoch 4 **** Loss 0.12808045744895935 **** Metrics validation: {'accuracy': 0.7456556082148499, 'f1_weighted': 0.748383275729657, 'macro': 0.7385295768324167, 'micro': 0.7456556082148498, 'binary': 0.695364238410596, 'accuracy_majority': 0.7417548226509023, 'macro_majority': 0.7392980685372381, 'binary_majority': 0.7139903514817367, 'run_time_millis': 3728.7453179596923, 'loss_mean': 0.2814759612083435}
Epoch 5 **** Loss 0.05851052701473236 **** Metrics validation: {'accuracy': 0.7472353870458136, 'f1_weighted': 0.7479154133335452, 'macro': 0.734813573523251, 'micro': 0.7472353870458136, 'binary': 0.6774193548387096, 'accuracy_majority': 0.7423771001866832, 'macro_majority': 0.7367475142686205, 'binary_majority': 0.6982507288629738, 'run_time_millis': 3726.945884991437, 'loss_mean': 0.31345295906066895}
Epoch 6 **** Loss 0.1132250726222992 **** Metrics validation: {'accuracy': 0.7432859399684044, 'f1_weighted': 0.7465856862186581, 'macro': 0.7385720167537564, 'micro': 0.7432859399684044, 'binary': 0.7034671532846715, 'accuracy_majority': 0.7442439327940261, 'macro_majority': 0.743474689333341, 'binary_majority': 0.7294272547728767, 'run_time_millis': 3728.592965984717, 'loss_mean': 0.31400781869888306}
Epoch 7 **** Loss 0.06840533763170242 **** Metrics validation: {'accuracy': 0.7578988941548184, 'f1_weighted': 0.7595120510712643, 'macro': 0.7482782595326403, 'micro': 0.7578988941548183, 'binary': 0.6990672557682867, 'accuracy_majority': 0.7554449284380834, 'macro_majority': 0.7528072604214735, 'binary_majority': 0.7272727272727272, 'run_time_millis': 2757.3578280280344, 'loss_mean': 0.36620235443115234}
Epoch 8 **** Loss 0.09645648300647736 **** Metrics validation: {'accuracy': 0.7697472353870458, 'f1_weighted': 0.7701482352017481, 'macro': 0.7579493987334351, 'micro': 0.7697472353870457, 'binary': 0.7045108971109985, 'accuracy_majority': 0.761667703795893, 'macro_majority': 0.7576068699208605, 'binary_majority': 0.7262330235882773, 'run_time_millis': 3753.9266590029, 'loss_mean': 0.41725125908851624}
Epoch 9 **** Loss 0.08198969811201096 **** Metrics validation: {'accuracy': 0.7657977883096366, 'f1_weighted': 0.7667146154095477, 'macro': 0.7549384806595794, 'micro': 0.7657977883096366, 'binary': 0.703351675837919, 'accuracy_majority': 0.7598008711885501, 'macro_majority': 0.7564317822712123, 'binary_majority': 0.7277856135401973, 'run_time_millis': 3730.090544966515, 'loss_mean': 0.41231781244277954}
Evaluating
{'accuracy': 0.7697472353870458, 'f1_weighted': 0.7701482352017481, 'macro': 0.7579493987334351, 'micro': 0.7697472353870457, 'binary': 0.7045108971109985, 'accuracy_majority': 0.761667703795893, 'macro_majority': 0.7576068699208605, 'binary_majority': 0.7262330235882773, 'run_time_millis': 3728.234891023021, 'loss_mean': 0.41725125908851624}
Device cuda
Split type sit
Training Size: 2464, NTA labels 1536, YTA labels 928
Validation Size: 2532, NTA labels 1555, YTA labels 977
Test Size: 2573, NTA labels 1561, YTA labels 1012
Training with SBERT, model name is sbert
Tokenizing the dataset
Number of training steps 770
Epoch 0 **** Loss 0.3021703064441681 **** Metrics validation: {'accuracy': 0.6749605055292259, 'f1_weighted': 0.6723264545580194, 'macro': 0.6746437779390808, 'micro': 0.6749605055292259, 'binary': 0.6847950976637305, 'accuracy_majority': 0.6838830118232732, 'macro_majority': 0.6804318551922837, 'binary_majority': 0.713641488162345, 'run_time_millis': 3728.6570260184817, 'loss_mean': 0.2729268968105316}
Epoch 1 **** Loss 0.19805119931697845 **** Metrics validation: {'accuracy': 0.7472353870458136, 'f1_weighted': 0.7504518476082458, 'macro': 0.7423687423687424, 'micro': 0.7472353870458136, 'binary': 0.7069597069597071, 'accuracy_majority': 0.7467330429371499, 'macro_majority': 0.7455407806488535, 'binary_majority': 0.7281229124916501, 'run_time_millis': 3725.3005339880474, 'loss_mean': 0.24467197060585022}
Epoch 2 **** Loss 0.17037902772426605 **** Metrics validation: {'accuracy': 0.7539494470774092, 'f1_weighted': 0.7440006163961026, 'macro': 0.7227813391496256, 'micro': 0.7539494470774092, 'binary': 0.629827688651218, 'accuracy_majority': 0.7380211574362165, 'macro_majority': 0.7167895501138832, 'binary_majority': 0.6392459297343617, 'run_time_millis': 3736.1667130026035, 'loss_mean': 0.3056018352508545}
Epoch 3 **** Loss 0.12617501616477966 **** Metrics validation: {'accuracy': 0.7638230647709321, 'f1_weighted': 0.7605502417098332, 'macro': 0.7445189558681795, 'micro': 0.7638230647709321, 'binary': 0.6742919389978212, 'accuracy_majority': 0.7560672059738643, 'macro_majority': 0.7459296735349729, 'binary_majority': 0.6951788491446346, 'run_time_millis': 3727.9201169731095, 'loss_mean': 0.27373406291007996}
Epoch 4 **** Loss 0.2508401870727539 **** Metrics validation: {'accuracy': 0.7503949447077409, 'f1_weighted': 0.7525533410694213, 'macro': 0.7417985729913934, 'micro': 0.7503949447077409, 'binary': 0.6946859903381642, 'accuracy_majority': 0.7467330429371499, 'macro_majority': 0.7443856002169824, 'binary_majority': 0.7198898830006882, 'run_time_millis': 3729.6749490196817, 'loss_mean': 0.2710459530353546}
Epoch 5 **** Loss 0.12228377163410187 **** Metrics validation: {'accuracy': 0.7665876777251185, 'f1_weighted': 0.755530126628486, 'macro': 0.7344368443385402, 'micro': 0.7665876777251185, 'binary': 0.6420351302241065, 'accuracy_majority': 0.7554449284380834, 'macro_majority': 0.7365847371628276, 'binary_majority': 0.6661002548853017, 'run_time_millis': 3724.1172090289183, 'loss_mean': 0.4335499405860901}
Epoch 6 **** Loss 0.08341337740421295 **** Metrics validation: {'accuracy': 0.7701421800947867, 'f1_weighted': 0.7709871815778222, 'macro': 0.7593583516446192, 'micro': 0.7701421800947867, 'binary': 0.7084168336673347, 'accuracy_majority': 0.7641568139390168, 'macro_majority': 0.7609544192698716, 'binary_majority': 0.7332864180154821, 'run_time_millis': 3732.0913610165007, 'loss_mean': 0.3323788046836853}
Epoch 7 **** Loss 0.1092282235622406 **** Metrics validation: {'accuracy': 0.7784360189573459, 'f1_weighted': 0.7758822912818343, 'macro': 0.7612678893368267, 'micro': 0.7784360189573459, 'binary': 0.6972477064220183, 'accuracy_majority': 0.7685127566894835, 'macro_majority': 0.761103917901501, 'binary_majority': 0.7190332326283988, 'run_time_millis': 3729.1783840046264, 'loss_mean': 0.40253037214279175}
Epoch 8 **** Loss 0.05214504525065422 **** Metrics validation: {'accuracy': 0.7756714060031595, 'f1_weighted': 0.7763125851595142, 'macro': 0.7647312866478606, 'micro': 0.7756714060031596, 'binary': 0.713997985901309, 'accuracy_majority': 0.7697573117610454, 'macro_majority': 0.7663164629794406, 'binary_majority': 0.7379603399433429, 'run_time_millis': 3753.031768021174, 'loss_mean': 0.38906410336494446}
Epoch 9 **** Loss 0.09884090721607208 **** Metrics validation: {'accuracy': 0.7760663507109005, 'f1_weighted': 0.7754139957085322, 'macro': 0.7624118856613282, 'micro': 0.7760663507109005, 'binary': 0.7054545454545454, 'accuracy_majority': 0.7666459240821406, 'macro_majority': 0.76176583256541, 'binary_majority': 0.7276688453159043, 'run_time_millis': 3728.512565023266, 'loss_mean': 0.4167183041572571}
Evaluating
{'accuracy': 0.7756714060031595, 'f1_weighted': 0.7763125851595142, 'macro': 0.7647312866478606, 'micro': 0.7756714060031596, 'binary': 0.713997985901309, 'accuracy_majority': 0.7697573117610454, 'macro_majority': 0.7663164629794406, 'binary_majority': 0.7379603399433429, 'run_time_millis': 3743.796309980098, 'loss_mean': 0.38906410336494446}
Device cuda
Split type sit
Training Size: 2954, NTA labels 1858, YTA labels 1096
Validation Size: 2532, NTA labels 1555, YTA labels 977
Test Size: 2573, NTA labels 1561, YTA labels 1012
Training with SBERT, model name is sbert
Tokenizing the dataset
Number of training steps 930
Epoch 0 **** Loss 0.19063957035541534 **** Metrics validation: {'accuracy': 0.75, 'f1_weighted': 0.7511716913822333, 'macro': 0.738858280128945, 'micro': 0.75, 'binary': 0.6849178695868591, 'accuracy_majority': 0.7442439327940261, 'macro_majority': 0.7389898694508716, 'binary_majority': 0.7019579405366208, 'run_time_millis': 3739.108550013043, 'loss_mean': 0.24569956958293915}
Epoch 1 **** Loss 0.2926444113254547 **** Metrics validation: {'accuracy': 0.717219589257504, 'f1_weighted': 0.7199058346056254, 'macro': 0.7163770850346842, 'micro': 0.7172195892575041, 'binary': 0.7009189640768589, 'accuracy_majority': 0.7237087741132545, 'macro_majority': 0.7236059203064279, 'binary_majority': 0.728937728937729, 'run_time_millis': 3760.6586249894463, 'loss_mean': 0.24645709991455078}
Epoch 2 **** Loss 0.2930137515068054 **** Metrics validation: {'accuracy': 0.7677725118483413, 'f1_weighted': 0.7671693403276238, 'macro': 0.7537603734439834, 'micro': 0.7677725118483414, 'binary': 0.6950207468879668, 'accuracy_majority': 0.7591785936527692, 'macro_majority': 0.7524989523443013, 'binary_majority': 0.7118391660461654, 'run_time_millis': 3733.7748010177165, 'loss_mean': 0.2686450481414795}
Epoch 3 **** Loss 0.24842727184295654 **** Metrics validation: {'accuracy': 0.7618483412322274, 'f1_weighted': 0.7647518124459002, 'macro': 0.7565654399507644, 'micro': 0.7618483412322276, 'binary': 0.7207040296433533, 'accuracy_majority': 0.7529558182949595, 'macro_majority': 0.7521434662595159, 'binary_majority': 0.7379537953795379, 'run_time_millis': 3728.1459500081837, 'loss_mean': 0.26732271909713745}
Epoch 4 **** Loss 0.15780028700828552 **** Metrics validation: {'accuracy': 0.7657977883096366, 'f1_weighted': 0.7662876444004254, 'macro': 0.7539773478579956, 'micro': 0.7657977883096366, 'binary': 0.7000505816894284, 'accuracy_majority': 0.7585563161169881, 'macro_majority': 0.754641041381373, 'binary_majority': 0.7236467236467238, 'run_time_millis': 3713.6613950133324, 'loss_mean': 0.3081497550010681}
Epoch 5 **** Loss 0.030136311426758766 **** Metrics validation: {'accuracy': 0.768562401263823, 'f1_weighted': 0.7698009866363151, 'macro': 0.7586150124909953, 'micro': 0.768562401263823, 'binary': 0.7096134786917739, 'accuracy_majority': 0.761667703795893, 'macro_majority': 0.7589057784097475, 'binary_majority': 0.7331010452961673, 'run_time_millis': 3732.7967399614863, 'loss_mean': 0.3617282807826996}
Epoch 6 **** Loss 0.04103545472025871 **** Metrics validation: {'accuracy': 0.7776461295418642, 'f1_weighted': 0.7767588652050016, 'macro': 0.7636091527253461, 'micro': 0.7776461295418642, 'binary': 0.706005221932115, 'accuracy_majority': 0.7728686994399502, 'macro_majority': 0.7679484810853217, 'binary_majority': 0.7341587764020393, 'run_time_millis': 3730.0962139852345, 'loss_mean': 0.3790974020957947}
Epoch 7 **** Loss 0.11573581397533417 **** Metrics validation: {'accuracy': 0.7602685624012638, 'f1_weighted': 0.7625522429771469, 'macro': 0.7526276762639106, 'micro': 0.7602685624012638, 'binary': 0.7091518926689027, 'accuracy_majority': 0.7510889856876167, 'macro_majority': 0.7495246111163066, 'binary_majority': 0.7297297297297297, 'run_time_millis': 3723.6170819960535, 'loss_mean': 0.3781469762325287}
Epoch 8 **** Loss 0.022424686700105667 **** Metrics validation: {'accuracy': 0.7721169036334913, 'f1_weighted': 0.7725137765204265, 'macro': 0.7604404855389231, 'micro': 0.7721169036334913, 'binary': 0.7075519513431323, 'accuracy_majority': 0.7647790914747977, 'macro_majority': 0.7608103638368247, 'binary_majority': 0.73, 'run_time_millis': 3726.140335027594, 'loss_mean': 0.4439661502838135}
Epoch 9 **** Loss 0.06714244931936264 **** Metrics validation: {'accuracy': 0.7733017377567141, 'f1_weighted': 0.7737165072039678, 'macro': 0.7617296701783378, 'micro': 0.773301737756714, 'binary': 0.7092198581560284, 'accuracy_majority': 0.7635345364032359, 'macro_majority': 0.7599267191898225, 'binary_majority': 0.7304964539007093, 'run_time_millis': 3761.191112047527, 'loss_mean': 0.47922033071517944}
Evaluating
{'accuracy': 0.7776461295418642, 'f1_weighted': 0.7767588652050016, 'macro': 0.7636091527253461, 'micro': 0.7776461295418642, 'binary': 0.706005221932115, 'accuracy_majority': 0.7728686994399502, 'macro_majority': 0.7679484810853217, 'binary_majority': 0.7341587764020393, 'run_time_millis': 3795.4142580274493, 'loss_mean': 0.3790974020957947}
Device cuda
Split type sit
Training Size: 3458, NTA labels 2191, YTA labels 1267
Validation Size: 2532, NTA labels 1555, YTA labels 977
Test Size: 2573, NTA labels 1561, YTA labels 1012
Training with SBERT, model name is sbert
Tokenizing the dataset
Number of training steps 1090
Epoch 0 **** Loss 0.21233923733234406 **** Metrics validation: {'accuracy': 0.7665876777251185, 'f1_weighted': 0.7680494169355724, 'macro': 0.757076881044113, 'micro': 0.7665876777251185, 'binary': 0.7090103397341212, 'accuracy_majority': 0.7635345364032359, 'macro_majority': 0.7592247372471832, 'binary_majority': 0.7270114942528737, 'run_time_millis': 3741.6138920234516, 'loss_mean': 0.24465994536876678}
Epoch 1 **** Loss 0.13784512877464294 **** Metrics validation: {'accuracy': 0.7559241706161137, 'f1_weighted': 0.7578403270246155, 'macro': 0.7469821073764384, 'micro': 0.7559241706161137, 'binary': 0.6994163424124514, 'accuracy_majority': 0.7554449284380834, 'macro_majority': 0.7517520409522989, 'binary_majority': 0.7214741318214032, 'run_time_millis': 3742.065177997574, 'loss_mean': 0.24133078753948212}
Epoch 2 **** Loss 0.11505632847547531 **** Metrics validation: {'accuracy': 0.7496050552922591, 'f1_weighted': 0.7529107214168063, 'macro': 0.7461829924731855, 'micro': 0.7496050552922591, 'binary': 0.7167113494191242, 'accuracy_majority': 0.7517112632233977, 'macro_majority': 0.7512392586911054, 'binary_majority': 0.7404033832140534, 'run_time_millis': 3722.53346798243, 'loss_mean': 0.23477280139923096}
Epoch 3 **** Loss 0.008298244327306747 **** Metrics validation: {'accuracy': 0.7681674565560821, 'f1_weighted': 0.7688106671963222, 'macro': 0.7568179010653955, 'micro': 0.7681674565560821, 'binary': 0.7042821158690177, 'accuracy_majority': 0.761667703795893, 'macro_majority': 0.756945242475831, 'binary_majority': 0.7230657989877078, 'run_time_millis': 3622.463122010231, 'loss_mean': 0.2594376504421234}
Epoch 4 **** Loss 0.10792511701583862 **** Metrics validation: {'accuracy': 0.7717219589257504, 'f1_weighted': 0.7733749228257184, 'macro': 0.7629899974541801, 'micro': 0.7717219589257504, 'binary': 0.7174975562072335, 'accuracy_majority': 0.7654013690105788, 'macro_majority': 0.7626827113850517, 'binary_majority': 0.7372822299651569, 'run_time_millis': 3716.6176029713824, 'loss_mean': 0.3069162964820862}
Epoch 5 **** Loss 0.20742163062095642 **** Metrics validation: {'accuracy': 0.7760663507109005, 'f1_weighted': 0.7716647652606549, 'macro': 0.7554602022654837, 'micro': 0.7760663507109005, 'binary': 0.684474123539232, 'accuracy_majority': 0.7629122588674548, 'macro_majority': 0.751801995176843, 'binary_majority': 0.6992896606156274, 'run_time_millis': 3726.2594859930687, 'loss_mean': 0.389886736869812}
Epoch 6 **** Loss 0.0033207107335329056 **** Metrics validation: {'accuracy': 0.7752764612954186, 'f1_weighted': 0.775547414816995, 'macro': 0.7635004043961398, 'micro': 0.7752764612954186, 'binary': 0.7107269954245043, 'accuracy_majority': 0.7685127566894835, 'macro_majority': 0.7643732164535607, 'binary_majority': 0.7331420373027259, 'run_time_millis': 2807.2653640410863, 'loss_mean': 0.36947101354599}
Epoch 7 **** Loss 0.00047948420979082584 **** Metrics validation: {'accuracy': 0.7748815165876777, 'f1_weighted': 0.7757090953597229, 'macro': 0.7643200351158641, 'micro': 0.7748815165876777, 'binary': 0.7144288577154309, 'accuracy_majority': 0.7641568139390168, 'macro_majority': 0.7605954796970007, 'binary_majority': 0.7313961729270021, 'run_time_millis': 3716.8409659643658, 'loss_mean': 0.39625829458236694}
Epoch 8 **** Loss 0.011484963819384575 **** Metrics validation: {'accuracy': 0.7721169036334913, 'f1_weighted': 0.7730448233556445, 'macro': 0.7616333850704422, 'micro': 0.7721169036334913, 'binary': 0.7116441779110445, 'accuracy_majority': 0.7660236465463597, 'macro_majority': 0.7629495951289939, 'binary_majority': 0.7359550561797753, 'run_time_millis': 3727.0135559956543, 'loss_mean': 0.4259163737297058}
Epoch 9 **** Loss 0.0011793868616223335 **** Metrics validation: {'accuracy': 0.7717219589257504, 'f1_weighted': 0.7717652169575526, 'macro': 0.7592636457667132, 'micro': 0.7717219589257504, 'binary': 0.7044989775051125, 'accuracy_majority': 0.7641568139390168, 'macro_majority': 0.7598175403118471, 'binary_majority': 0.7275341480948957, 'run_time_millis': 3731.720056035556, 'loss_mean': 0.45105108618736267}
Evaluating
{'accuracy': 0.7748815165876777, 'f1_weighted': 0.7757090953597229, 'macro': 0.7643200351158641, 'micro': 0.7748815165876777, 'binary': 0.7144288577154309, 'accuracy_majority': 0.7641568139390168, 'macro_majority': 0.7605954796970007, 'binary_majority': 0.7313961729270021, 'run_time_millis': 3727.9299680376425, 'loss_mean': 0.39625829458236694}
Device cuda
Split type sit
Training Size: 3948, NTA labels 2515, YTA labels 1433
Validation Size: 2532, NTA labels 1555, YTA labels 977
Test Size: 2573, NTA labels 1561, YTA labels 1012
Training with SBERT, model name is sbert
Tokenizing the dataset
Number of training steps 1240
Epoch 0 **** Loss 0.1754477173089981 **** Metrics validation: {'accuracy': 0.7567140600315956, 'f1_weighted': 0.7587367280208678, 'macro': 0.7481085271317829, 'micro': 0.7567140600315956, 'binary': 0.7015503875968992, 'accuracy_majority': 0.7591785936527692, 'macro_majority': 0.7555420861285997, 'binary_majority': 0.7257264351523742, 'run_time_millis': 3725.9510820149444, 'loss_mean': 0.2425040304660797}
Epoch 1 **** Loss 0.13201291859149933 **** Metrics validation: {'accuracy': 0.7496050552922591, 'f1_weighted': 0.7528932891281924, 'macro': 0.7456940498964899, 'micro': 0.7496050552922591, 'binary': 0.7141568981064021, 'accuracy_majority': 0.744866210329807, 'macro_majority': 0.7444481162226401, 'binary_majority': 0.7341115434500648, 'run_time_millis': 3756.208098027855, 'loss_mean': 0.23460085690021515}
Epoch 2 **** Loss 0.2386443167924881 **** Metrics validation: {'accuracy': 0.792259083728278, 'f1_weighted': 0.7905333570061422, 'macro': 0.7774087511456874, 'micro': 0.792259083728278, 'binary': 0.7199148029818957, 'accuracy_majority': 0.7784691972619788, 'macro_majority': 0.7711705225432786, 'binary_majority': 0.7303030303030302, 'run_time_millis': 3747.3290350171737, 'loss_mean': 0.27006837725639343}
Epoch 3 **** Loss 0.2951906621456146 **** Metrics validation: {'accuracy': 0.7760663507109005, 'f1_weighted': 0.7777296132978567, 'macro': 0.7676099735582701, 'micro': 0.7760663507109005, 'binary': 0.7232796486090776, 'accuracy_majority': 0.7685127566894835, 'macro_majority': 0.7657985050068168, 'binary_majority': 0.7405857740585775, 'run_time_millis': 3734.5996119547635, 'loss_mean': 0.26332783699035645}
Epoch 4 **** Loss 0.03677399083971977 **** Metrics validation: {'accuracy': 0.7800157977883097, 'f1_weighted': 0.7783769335341924, 'macro': 0.7646484764489776, 'micro': 0.7800157977883098, 'binary': 0.7045092838196287, 'accuracy_majority': 0.7703795892968264, 'macro_majority': 0.7639110353056684, 'binary_majority': 0.7248322147651007, 'run_time_millis': 3720.0895370333456, 'loss_mean': 0.3524552881717682}
Epoch 5 **** Loss 0.11197987198829651 **** Metrics validation: {'accuracy': 0.7764612954186414, 'f1_weighted': 0.7786231508949374, 'macro': 0.7694352651206791, 'micro': 0.7764612954186414, 'binary': 0.7291866028708134, 'accuracy_majority': 0.7678904791537026, 'macro_majority': 0.7663137786181421, 'binary_majority': 0.7471186440677966, 'run_time_millis': 3723.40646997327, 'loss_mean': 0.31645843386650085}
Epoch 6 **** Loss 0.07291369140148163 **** Metrics validation: {'accuracy': 0.7788309636650869, 'f1_weighted': 0.7794631121290984, 'macro': 0.7680449304978907, 'micro': 0.7788309636650869, 'binary': 0.7180261832829808, 'accuracy_majority': 0.7685127566894835, 'macro_majority': 0.7646833756884679, 'binary_majority': 0.7346647646219687, 'run_time_millis': 3467.585666978266, 'loss_mean': 0.377065509557724}
Epoch 7 **** Loss 0.0241925660520792 **** Metrics validation: {'accuracy': 0.7760663507109005, 'f1_weighted': 0.7742337933159915, 'macro': 0.7601108843258924, 'micro': 0.7760663507109005, 'binary': 0.6982437466737628, 'accuracy_majority': 0.7660236465463597, 'macro_majority': 0.758643939974947, 'binary_majority': 0.7164404223227753, 'run_time_millis': 3724.878788983915, 'loss_mean': 0.47410306334495544}
Epoch 8 **** Loss 0.03414228931069374 **** Metrics validation: {'accuracy': 0.778041074249605, 'f1_weighted': 0.7786754803867022, 'macro': 0.7672165195353832, 'micro': 0.778041074249605, 'binary': 0.717019133937563, 'accuracy_majority': 0.7678904791537026, 'macro_majority': 0.7641641535304892, 'binary_majority': 0.7345195729537367, 'run_time_millis': 3731.2228090013377, 'loss_mean': 0.4528212547302246}
Epoch 9 **** Loss 0.019163528457283974 **** Metrics validation: {'accuracy': 0.7756714060031595, 'f1_weighted': 0.775041601055842, 'macro': 0.7620406275005013, 'micro': 0.7756714060031596, 'binary': 0.7050882658359293, 'accuracy_majority': 0.7660236465463597, 'macro_majority': 0.7604558155171375, 'binary_majority': 0.723935389133627, 'run_time_millis': 2708.3255930338055, 'loss_mean': 0.5111152529716492}
Evaluating
{'accuracy': 0.792259083728278, 'f1_weighted': 0.7905333570061422, 'macro': 0.7774087511456874, 'micro': 0.792259083728278, 'binary': 0.7199148029818957, 'accuracy_majority': 0.7784691972619788, 'macro_majority': 0.7711705225432786, 'binary_majority': 0.7303030303030302, 'run_time_millis': 3725.008230016101, 'loss_mean': 0.27006837725639343}
Device cuda
Split type sit
Training Size: 4438, NTA labels 2823, YTA labels 1615
Validation Size: 2532, NTA labels 1555, YTA labels 977
Test Size: 2573, NTA labels 1561, YTA labels 1012
Training with SBERT, model name is sbert
Tokenizing the dataset
Number of training steps 1390
Epoch 0 **** Loss 0.23122839629650116 **** Metrics validation: {'accuracy': 0.7681674565560821, 'f1_weighted': 0.7677803034168896, 'macro': 0.7546170966843482, 'micro': 0.7681674565560821, 'binary': 0.6969540526587507, 'accuracy_majority': 0.7560672059738643, 'macro_majority': 0.7484859906220853, 'binary_majority': 0.7048192771084337, 'run_time_millis': 3720.772215980105, 'loss_mean': 0.24084003269672394}
Epoch 1 **** Loss 0.2287599891424179 **** Metrics validation: {'accuracy': 0.768562401263823, 'f1_weighted': 0.7700892492445227, 'macro': 0.7593268329903221, 'micro': 0.768562401263823, 'binary': 0.7121807465618861, 'accuracy_majority': 0.7591785936527692, 'macro_majority': 0.7550753489800861, 'binary_majority': 0.72337383845604, 'run_time_millis': 3728.7265679915436, 'loss_mean': 0.23073630034923553}
Epoch 2 **** Loss 0.09063564985990524 **** Metrics validation: {'accuracy': 0.7575039494470774, 'f1_weighted': 0.7606059564249076, 'macro': 0.7529437340608656, 'micro': 0.7575039494470774, 'binary': 0.7193784277879343, 'accuracy_majority': 0.7560672059738643, 'macro_majority': 0.7552117334726032, 'binary_majority': 0.7407407407407408, 'run_time_millis': 3721.9794419943355, 'loss_mean': 0.2396506369113922}
Epoch 3 **** Loss 0.20212458074092865 **** Metrics validation: {'accuracy': 0.7867298578199052, 'f1_weighted': 0.7867702718980595, 'macro': 0.7750906033114622, 'micro': 0.7867298578199052, 'binary': 0.7239263803680982, 'accuracy_majority': 0.7797137523335408, 'macro_majority': 0.774731044838532, 'binary_majority': 0.7412280701754387, 'run_time_millis': 3730.1092150155455, 'loss_mean': 0.2786361873149872}
Epoch 4 **** Loss 0.13680993020534515 **** Metrics validation: {'accuracy': 0.7843601895734598, 'f1_weighted': 0.7841935809034358, 'macro': 0.7721561044942109, 'micro': 0.7843601895734598, 'binary': 0.7194244604316546, 'accuracy_majority': 0.7734909769757312, 'macro_majority': 0.7687118834931801, 'binary_majority': 0.7354651162790697, 'run_time_millis': 3114.063596993219, 'loss_mean': 0.30452975630760193}
Epoch 5 **** Loss 0.12242353707551956 **** Metrics validation: {'accuracy': 0.7713270142180095, 'f1_weighted': 0.7737702045610173, 'macro': 0.764888669854989, 'micro': 0.7713270142180095, 'binary': 0.725982016090866, 'accuracy_majority': 0.7635345364032359, 'macro_majority': 0.7619036479046772, 'binary_majority': 0.7421981004070557, 'run_time_millis': 3720.654534001369, 'loss_mean': 0.2886797785758972}
Epoch 6 **** Loss 0.07101467996835709 **** Metrics validation: {'accuracy': 0.7784360189573459, 'f1_weighted': 0.7802905858283544, 'macro': 0.770633471851392, 'micro': 0.7784360189573459, 'binary': 0.7283292978208232, 'accuracy_majority': 0.7678904791537026, 'macro_majority': 0.7657391372995932, 'binary_majority': 0.743289745354439, 'run_time_millis': 3723.7273739883676, 'loss_mean': 0.34763288497924805}
Epoch 7 **** Loss 0.10492565482854843 **** Metrics validation: {'accuracy': 0.7823854660347551, 'f1_weighted': 0.7827259001979565, 'macro': 0.7711511386491124, 'micro': 0.7823854660347551, 'binary': 0.7204464738711315, 'accuracy_majority': 0.7722464219041693, 'macro_majority': 0.768095404822287, 'binary_majority': 0.7370689655172413, 'run_time_millis': 3720.408131950535, 'loss_mean': 0.4165896475315094}
Epoch 8 **** Loss 0.0438799113035202 **** Metrics validation: {'accuracy': 0.782780410742496, 'f1_weighted': 0.7825267518327121, 'macro': 0.770308847678117, 'micro': 0.7827804107424962, 'binary': 0.7167868177136972, 'accuracy_majority': 0.7716241443683883, 'macro_majority': 0.766848161470681, 'binary_majority': 0.7334785766158315, 'run_time_millis': 3724.204819998704, 'loss_mean': 0.48954352736473083}
Epoch 9 **** Loss 0.054622113704681396 **** Metrics validation: {'accuracy': 0.7819905213270142, 'f1_weighted': 0.7825029202903694, 'macro': 0.7711118971819362, 'micro': 0.7819905213270143, 'binary': 0.7212121212121213, 'accuracy_majority': 0.7728686994399502, 'macro_majority': 0.7689987141543448, 'binary_majority': 0.7390993566833453, 'run_time_millis': 2969.930930004921, 'loss_mean': 0.4773689806461334}
Evaluating
{'accuracy': 0.7867298578199052, 'f1_weighted': 0.7867702718980595, 'macro': 0.7750906033114622, 'micro': 0.7867298578199052, 'binary': 0.7239263803680982, 'accuracy_majority': 0.7797137523335408, 'macro_majority': 0.774731044838532, 'binary_majority': 0.7412280701754387, 'run_time_millis': 3726.5239389962517, 'loss_mean': 0.2786361873149872}
Device cuda
Split type sit
Training Size: 4942, NTA labels 3154, YTA labels 1788
Validation Size: 2532, NTA labels 1555, YTA labels 977
Test Size: 2573, NTA labels 1561, YTA labels 1012
Training with SBERT, model name is sbert
Tokenizing the dataset
Number of training steps 1550
Epoch 0 **** Loss 0.1766110509634018 **** Metrics validation: {'accuracy': 0.7673775671406003, 'f1_weighted': 0.7684325464816852, 'macro': 0.7569273000826842, 'micro': 0.7673775671406003, 'binary': 0.7065271549576483, 'accuracy_majority': 0.7666459240821406, 'macro_majority': 0.7615022125233453, 'binary_majority': 0.7264770240700219, 'run_time_millis': 3723.234618024435, 'loss_mean': 0.2373233139514923}
Epoch 1 **** Loss 0.3105485737323761 **** Metrics validation: {'accuracy': 0.7847551342812006, 'f1_weighted': 0.7853523230357675, 'macro': 0.7742176423860997, 'micro': 0.7847551342812006, 'binary': 0.7254408060453401, 'accuracy_majority': 0.777224642190417, 'macro_majority': 0.7733916608370675, 'binary_majority': 0.7439198855507868, 'run_time_millis': 3731.4834230346605, 'loss_mean': 0.22875738143920898}
Epoch 2 **** Loss 0.11049629747867584 **** Metrics validation: {'accuracy': 0.7776461295418642, 'f1_weighted': 0.779947849325146, 'macro': 0.7711372928037092, 'micro': 0.7776461295418642, 'binary': 0.7325415676959619, 'accuracy_majority': 0.7691350342252644, 'macro_majority': 0.7676142611191601, 'binary_majority': 0.7488151658767773, 'run_time_millis': 3720.477462047711, 'loss_mean': 0.24017667770385742}
Epoch 3 **** Loss 0.07657516002655029 **** Metrics validation: {'accuracy': 0.7657977883096366, 'f1_weighted': 0.7688895616706017, 'macro': 0.7625749150181713, 'micro': 0.7657977883096366, 'binary': 0.7349128296826107, 'accuracy_majority': 0.760423148724331, 'macro_majority': 0.7602593884956901, 'binary_majority': 0.7539936102236421, 'run_time_millis': 3716.7917249607854, 'loss_mean': 0.24609556794166565}
Epoch 4 **** Loss 0.13164912164211273 **** Metrics validation: {'accuracy': 0.7898894154818326, 'f1_weighted': 0.7883495110092232, 'macro': 0.7752603229920443, 'micro': 0.7898894154818326, 'binary': 0.7179215270413575, 'accuracy_majority': 0.7809583074051026, 'macro_majority': 0.7746437575096969, 'binary_majority': 0.7369207772795219, 'run_time_millis': 3721.4266340015456, 'loss_mean': 0.36310094594955444}
Epoch 5 **** Loss 0.12765100598335266 **** Metrics validation: {'accuracy': 0.7725118483412322, 'f1_weighted': 0.7749872419937103, 'macro': 0.7662629887550989, 'micro': 0.7725118483412322, 'binary': 0.7280453257790368, 'accuracy_majority': 0.7654013690105788, 'macro_majority': 0.7642562662822165, 'binary_majority': 0.7478260869565216, 'run_time_millis': 2753.3784979605116, 'loss_mean': 0.3388262391090393}
Epoch 6 **** Loss 0.04557320475578308 **** Metrics validation: {'accuracy': 0.7772511848341233, 'f1_weighted': 0.7791281551152365, 'macro': 0.7694416477716348, 'micro': 0.7772511848341231, 'binary': 0.7270087124878994, 'accuracy_majority': 0.7672682016179216, 'macro_majority': 0.7653578634384623, 'binary_majority': 0.744186046511628, 'run_time_millis': 3721.969640988391, 'loss_mean': 0.37301135063171387}
Epoch 7 **** Loss 0.09400080144405365 **** Metrics validation: {'accuracy': 0.7898894154818326, 'f1_weighted': 0.7900079425183861, 'macro': 0.7785898379970546, 'micro': 0.7898894154818326, 'binary': 0.7285714285714286, 'accuracy_majority': 0.7797137523335408, 'macro_majority': 0.7753885151141855, 'binary_majority': 0.7442196531791908, 'run_time_millis': 3728.745438042097, 'loss_mean': 0.43402624130249023}
Epoch 8 **** Loss 0.03462858125567436 **** Metrics validation: {'accuracy': 0.7887045813586098, 'f1_weighted': 0.7885620070635414, 'macro': 0.7767894438421836, 'micro': 0.7887045813586099, 'binary': 0.7252182845403184, 'accuracy_majority': 0.7784691972619788, 'macro_majority': 0.7739588766140376, 'binary_majority': 0.7420289855072464, 'run_time_millis': 3717.516274016816, 'loss_mean': 0.49391523003578186}
Epoch 9 **** Loss 0.005941956304013729 **** Metrics validation: {'accuracy': 0.7883096366508688, 'f1_weighted': 0.7882284787426832, 'macro': 0.7765011610098316, 'micro': 0.7883096366508687, 'binary': 0.7251282051282052, 'accuracy_majority': 0.7778469197261979, 'macro_majority': 0.7735248197413118, 'binary_majority': 0.7422382671480146, 'run_time_millis': 3750.3723929985426, 'loss_mean': 0.5038759112358093}
Evaluating
{'accuracy': 0.7898894154818326, 'f1_weighted': 0.7900079425183861, 'macro': 0.7785898379970546, 'micro': 0.7898894154818326, 'binary': 0.7285714285714286, 'accuracy_majority': 0.7797137523335408, 'macro_majority': 0.7753885151141855, 'binary_majority': 0.7442196531791908, 'run_time_millis': 3731.9410080090165, 'loss_mean': 0.43402624130249023}
