Device cuda
Split type sit
Training Size: 1995, NTA labels 1681, YTA labels 314
Validation Size: 950, NTA labels 827, YTA labels 123
Test Size: 955, NTA labels 797, YTA labels 158
Training with SBERT, model name is sbert
Tokenizing the dataset
Number of training steps 630
Epoch 0 **** Loss 0.157997727394104 **** Metrics validation: {'accuracy': 0.7684210526315789, 'f1_weighted': 0.8033422710066512, 'macro': 0.6682623933360423, 'micro': 0.7684210526315788, 'binary': 0.485981308411215, 'accuracy_majority': 0.7947368421052632, 'macro_majority': 0.6994036753072899, 'binary_majority': 0.5301204819277109, 'run_time_millis': 1680.3721520118415, 'loss_mean': 0.11604443937540054}
Epoch 1 **** Loss 0.0729636698961258 **** Metrics validation: {'accuracy': 0.771578947368421, 'f1_weighted': 0.8063445905127753, 'macro': 0.6754621692634415, 'micro': 0.771578947368421, 'binary': 0.4988452655889145, 'accuracy_majority': 0.7894736842105263, 'macro_majority': 0.6943371943371943, 'binary_majority': 0.5238095238095238, 'run_time_millis': 2393.937063985504, 'loss_mean': 0.11255279928445816}
Epoch 2 **** Loss 0.11214213818311691 **** Metrics validation: {'accuracy': 0.7578947368421053, 'f1_weighted': 0.7956358484019967, 'macro': 0.6641024695001968, 'micro': 0.7578947368421053, 'binary': 0.4866071428571429, 'accuracy_majority': 0.7736842105263158, 'macro_majority': 0.6794947236279472, 'binary_majority': 0.5057471264367815, 'run_time_millis': 572.2513009677641, 'loss_mean': 0.11945479363203049}
Epoch 3 **** Loss 0.12841105461120605 **** Metrics validation: {'accuracy': 0.7536842105263157, 'f1_weighted': 0.7920816892437705, 'macro': 0.6582607733175915, 'micro': 0.7536842105263157, 'binary': 0.4776785714285714, 'accuracy_majority': 0.7736842105263158, 'macro_majority': 0.6794947236279472, 'binary_majority': 0.5057471264367815, 'run_time_millis': 2399.6623989660293, 'loss_mean': 0.1339663416147232}
Epoch 4 **** Loss 0.0670078694820404 **** Metrics validation: {'accuracy': 0.7863157894736842, 'f1_weighted': 0.8167339232031606, 'macro': 0.6803366866072923, 'micro': 0.7863157894736842, 'binary': 0.4962779156327543, 'accuracy_majority': 0.8, 'macro_majority': 0.6934963491254882, 'binary_majority': 0.5128205128205129, 'run_time_millis': 2402.2769919829443, 'loss_mean': 0.11474671214818954}
Epoch 5 **** Loss 0.0657217800617218 **** Metrics validation: {'accuracy': 0.7421052631578947, 'f1_weighted': 0.7830684196841001, 'macro': 0.6501741238571478, 'micro': 0.7421052631578947, 'binary': 0.470842332613391, 'accuracy_majority': 0.7578947368421053, 'macro_majority': 0.6651340996168582, 'binary_majority': 0.48888888888888893, 'run_time_millis': 2391.6375540429726, 'loss_mean': 0.11952434480190277}
Epoch 6 **** Loss 0.056711770594120026 **** Metrics validation: {'accuracy': 0.7736842105263158, 'f1_weighted': 0.8074734077302764, 'macro': 0.673080216591359, 'micro': 0.7736842105263158, 'binary': 0.49172576832151293, 'accuracy_majority': 0.7894736842105263, 'macro_majority': 0.6889834670158783, 'binary_majority': 0.5121951219512195, 'run_time_millis': 2403.57646899065, 'loss_mean': 0.1348579227924347}
Epoch 7 **** Loss 0.05562013015151024 **** Metrics validation: {'accuracy': 0.78, 'f1_weighted': 0.8128462428633851, 'macro': 0.6822035593841584, 'micro': 0.78, 'binary': 0.5059101654846336, 'accuracy_majority': 0.8, 'macro_majority': 0.7045342936650842, 'binary_majority': 0.5365853658536585, 'run_time_millis': 2401.04288602015, 'loss_mean': 0.13348427414894104}
Epoch 8 **** Loss 0.15093417465686798 **** Metrics validation: {'accuracy': 0.7842105263157895, 'f1_weighted': 0.8149283460918617, 'macro': 0.6771872943571179, 'micro': 0.7842105263157895, 'binary': 0.49131513647642683, 'accuracy_majority': 0.8, 'macro_majority': 0.6934963491254882, 'binary_majority': 0.5128205128205129, 'run_time_millis': 2392.55685597891, 'loss_mean': 0.14380206167697906}
Epoch 9 **** Loss 0.01098387036472559 **** Metrics validation: {'accuracy': 0.7842105263157895, 'f1_weighted': 0.8149283460918617, 'macro': 0.6771872943571179, 'micro': 0.7842105263157895, 'binary': 0.49131513647642683, 'accuracy_majority': 0.8, 'macro_majority': 0.6934963491254882, 'binary_majority': 0.5128205128205129, 'run_time_millis': 2392.9640320129693, 'loss_mean': 0.14302486181259155}
Evaluating
{'accuracy': 0.7863157894736842, 'f1_weighted': 0.8167339232031606, 'macro': 0.6803366866072923, 'micro': 0.7863157894736842, 'binary': 0.4962779156327543, 'accuracy_majority': 0.8, 'macro_majority': 0.6934963491254882, 'binary_majority': 0.5128205128205129, 'run_time_millis': 2402.4181939894333, 'loss_mean': 0.11474671214818954}
Device cuda
Split type sit
Training Size: 2280, NTA labels 1931, YTA labels 349
Validation Size: 950, NTA labels 827, YTA labels 123
Test Size: 955, NTA labels 797, YTA labels 158
Training with SBERT, model name is sbert
Tokenizing the dataset
Number of training steps 720
Epoch 0 **** Loss 0.12168577313423157 **** Metrics validation: {'accuracy': 0.751578947368421, 'f1_weighted': 0.78971520775779, 'macro': 0.6498822529967705, 'micro': 0.751578947368421, 'binary': 0.4611872146118722, 'accuracy_majority': 0.7736842105263158, 'macro_majority': 0.6741774675972083, 'binary_majority': 0.49411764705882355, 'run_time_millis': 2408.562554977834, 'loss_mean': 0.1138036698102951}
Epoch 1 **** Loss 0.09798146784305573 **** Metrics validation: {'accuracy': 0.6810526315789474, 'f1_weighted': 0.7334417694114302, 'macro': 0.6049332222543992, 'micro': 0.6810526315789474, 'binary': 0.43151969981238286, 'accuracy_majority': 0.6842105263157895, 'macro_majority': 0.6028428093645485, 'binary_majority': 0.4230769230769231, 'run_time_millis': 2394.502811017446, 'loss_mean': 0.12363473325967789}
Epoch 2 **** Loss 0.028564853593707085 **** Metrics validation: {'accuracy': 0.8147368421052632, 'f1_weighted': 0.8369884496472579, 'macro': 0.6971212022404336, 'micro': 0.8147368421052632, 'binary': 0.5083798882681565, 'accuracy_majority': 0.8263157894736842, 'macro_majority': 0.7078149028379701, 'binary_majority': 0.5217391304347826, 'run_time_millis': 2199.2056380258873, 'loss_mean': 0.12017273902893066}
Epoch 3 **** Loss 0.035803839564323425 **** Metrics validation: {'accuracy': 0.7589473684210526, 'f1_weighted': 0.7962485667916086, 'macro': 0.6629488528176423, 'micro': 0.7589473684210525, 'binary': 0.48306997742663654, 'accuracy_majority': 0.7789473684210526, 'macro_majority': 0.6843853820598007, 'binary_majority': 0.5116279069767442, 'run_time_millis': 2397.1958460169844, 'loss_mean': 0.11857274174690247}
Epoch 4 **** Loss 0.07816458493471146 **** Metrics validation: {'accuracy': 0.7221052631578947, 'f1_weighted': 0.7671955651912487, 'macro': 0.6360237774578553, 'micro': 0.7221052631578947, 'binary': 0.45901639344262296, 'accuracy_majority': 0.7315789473684211, 'macro_majority': 0.6421052631578947, 'binary_majority': 0.4631578947368421, 'run_time_millis': 1792.5398620427586, 'loss_mean': 0.11218324303627014}
Epoch 5 **** Loss 0.040933284908533096 **** Metrics validation: {'accuracy': 0.7768421052631579, 'f1_weighted': 0.8098051901930018, 'macro': 0.6748865169917801, 'micro': 0.7768421052631579, 'binary': 0.492822966507177, 'accuracy_majority': 0.7947368421052632, 'macro_majority': 0.6940418679549114, 'binary_majority': 0.5185185185185185, 'run_time_millis': 2404.725624015555, 'loss_mean': 0.12123031914234161}
Epoch 6 **** Loss 0.1003103256225586 **** Metrics validation: {'accuracy': 0.8042105263157895, 'f1_weighted': 0.829905776267212, 'macro': 0.6928644431929583, 'micro': 0.8042105263157895, 'binary': 0.5079365079365079, 'accuracy_majority': 0.8157894736842105, 'macro_majority': 0.7032707152737495, 'binary_majority': 0.5205479452054794, 'run_time_millis': 2395.3761819866486, 'loss_mean': 0.14586593210697174}
Epoch 7 **** Loss 0.08471614867448807 **** Metrics validation: {'accuracy': 0.8094736842105263, 'f1_weighted': 0.8339861293573767, 'macro': 0.6981061184645987, 'micro': 0.8094736842105265, 'binary': 0.514745308310992, 'accuracy_majority': 0.8210526315789474, 'macro_majority': 0.7086940836940837, 'binary_majority': 0.5277777777777778, 'run_time_millis': 2405.6731070159003, 'loss_mean': 0.1454586535692215}
Epoch 8 **** Loss 0.02565796487033367 **** Metrics validation: {'accuracy': 0.8263157894736842, 'f1_weighted': 0.8466325016777133, 'macro': 0.7129599279241006, 'micro': 0.8263157894736841, 'binary': 0.5325779036827196, 'accuracy_majority': 0.8421052631578947, 'macro_majority': 0.7313348416289593, 'binary_majority': 0.5588235294117647, 'run_time_millis': 2393.2783950003795, 'loss_mean': 0.15721569955348969}
Epoch 9 **** Loss 0.02402835339307785 **** Metrics validation: {'accuracy': 0.8178947368421052, 'f1_weighted': 0.8403111420399184, 'macro': 0.705429524439402, 'micro': 0.8178947368421052, 'binary': 0.5234159779614325, 'accuracy_majority': 0.8315789473684211, 'macro_majority': 0.719815668202765, 'binary_majority': 0.5428571428571428, 'run_time_millis': 2040.8091549761593, 'loss_mean': 0.15407061576843262}
Evaluating
{'accuracy': 0.8263157894736842, 'f1_weighted': 0.8466325016777133, 'macro': 0.7129599279241006, 'micro': 0.8263157894736841, 'binary': 0.5325779036827196, 'accuracy_majority': 0.8421052631578947, 'macro_majority': 0.7313348416289593, 'binary_majority': 0.5588235294117647, 'run_time_millis': 2398.7625460140407, 'loss_mean': 0.15721569955348969}
Device cuda
Split type sit
Training Size: 2565, NTA labels 2174, YTA labels 391
Validation Size: 950, NTA labels 827, YTA labels 123
Test Size: 955, NTA labels 797, YTA labels 158
Training with SBERT, model name is sbert
Tokenizing the dataset
Number of training steps 810
Epoch 0 **** Loss 0.0468098446726799 **** Metrics validation: {'accuracy': 0.8831578947368421, 'f1_weighted': 0.8879663060066127, 'macro': 0.7625914343800023, 'micro': 0.8831578947368421, 'binary': 0.5934065934065934, 'accuracy_majority': 0.9052631578947369, 'macro_majority': 0.7994840525328331, 'binary_majority': 0.6538461538461539, 'run_time_millis': 1787.1463220217265, 'loss_mean': 0.11363305896520615}
Epoch 1 **** Loss 0.051787346601486206 **** Metrics validation: {'accuracy': 0.8705263157894737, 'f1_weighted': 0.8790173626275112, 'macro': 0.7518323206279693, 'micro': 0.8705263157894737, 'binary': 0.5802047781569967, 'accuracy_majority': 0.8842105263157894, 'macro_majority': 0.769620811287478, 'binary_majority': 0.6071428571428571, 'run_time_millis': 1480.5446499958634, 'loss_mean': 0.12340047955513}
Epoch 2 **** Loss 0.09470324218273163 **** Metrics validation: {'accuracy': 0.7905263157894736, 'f1_weighted': 0.8211148881401868, 'macro': 0.692166654997061, 'micro': 0.7905263157894736, 'binary': 0.5181598062953996, 'accuracy_majority': 0.8105263157894737, 'macro_majority': 0.715, 'binary_majority': 0.5499999999999999, 'run_time_millis': 2391.772146045696, 'loss_mean': 0.10858338326215744}
Epoch 3 **** Loss 0.0634462982416153 **** Metrics validation: {'accuracy': 0.7947368421052632, 'f1_weighted': 0.8247105687805849, 'macro': 0.6983542599217429, 'micro': 0.7947368421052632, 'binary': 0.5278450363196125, 'accuracy_majority': 0.8105263157894737, 'macro_majority': 0.715, 'binary_majority': 0.5499999999999999, 'run_time_millis': 2419.2824839847162, 'loss_mean': 0.10093173384666443}
Epoch 4 **** Loss 0.0008979123085737228 **** Metrics validation: {'accuracy': 0.7210526315789474, 'f1_weighted': 0.7664462084641532, 'macro': 0.6370653253581412, 'micro': 0.7210526315789474, 'binary': 0.46247464503042596, 'accuracy_majority': 0.7263157894736842, 'macro_majority': 0.6376173708920188, 'binary_majority': 0.4583333333333333, 'run_time_millis': 2401.1862879851833, 'loss_mean': 0.10794582217931747}
Epoch 5 **** Loss 0.00018829014152288437 **** Metrics validation: {'accuracy': 0.7978947368421052, 'f1_weighted': 0.8262613368193552, 'macro': 0.6948791895563036, 'micro': 0.7978947368421052, 'binary': 0.5175879396984925, 'accuracy_majority': 0.8157894736842105, 'macro_majority': 0.714971497149715, 'binary_majority': 0.5454545454545455, 'run_time_millis': 2394.840445020236, 'loss_mean': 0.12093395739793777}
Epoch 6 **** Loss 0.18052169680595398 **** Metrics validation: {'accuracy': 0.8368421052631579, 'f1_weighted': 0.8559275015760338, 'macro': 0.7303562959287004, 'micro': 0.8368421052631579, 'binary': 0.5609065155807366, 'accuracy_majority': 0.8526315789473684, 'macro_majority': 0.7492458521870287, 'binary_majority': 0.5882352941176471, 'run_time_millis': 2152.9424860491417, 'loss_mean': 0.13692791759967804}
Epoch 7 **** Loss 0.028003469109535217 **** Metrics validation: {'accuracy': 0.8189473684210526, 'f1_weighted': 0.8427085673008626, 'macro': 0.7159821732752087, 'micro': 0.8189473684210526, 'binary': 0.544973544973545, 'accuracy_majority': 0.8368421052631579, 'macro_majority': 0.7371826335281781, 'binary_majority': 0.5753424657534247, 'run_time_millis': 1939.295974036213, 'loss_mean': 0.12723678350448608}
Epoch 8 **** Loss 0.11031098663806915 **** Metrics validation: {'accuracy': 0.8084210526315789, 'f1_weighted': 0.8344819235947831, 'macro': 0.705278732340588, 'micro': 0.8084210526315789, 'binary': 0.5309278350515464, 'accuracy_majority': 0.8263157894736842, 'macro_majority': 0.7259016393442623, 'binary_majority': 0.5599999999999999, 'run_time_millis': 2400.7183919893578, 'loss_mean': 0.1287647932767868}
Epoch 9 **** Loss 0.07626127451658249 **** Metrics validation: {'accuracy': 0.8221052631578948, 'f1_weighted': 0.8449925738198714, 'macro': 0.7181211824337966, 'micro': 0.8221052631578948, 'binary': 0.5469168900804289, 'accuracy_majority': 0.8421052631578947, 'macro_majority': 0.7429653679653679, 'binary_majority': 0.5833333333333334, 'run_time_millis': 2195.0113640050404, 'loss_mean': 0.13148945569992065}
Evaluating
{'accuracy': 0.8831578947368421, 'f1_weighted': 0.8879663060066127, 'macro': 0.7625914343800023, 'micro': 0.8831578947368421, 'binary': 0.5934065934065934, 'accuracy_majority': 0.9052631578947369, 'macro_majority': 0.7994840525328331, 'binary_majority': 0.6538461538461539, 'run_time_millis': 2395.0156070059165, 'loss_mean': 0.11363305896520615}
Device cuda
Split type sit
Training Size: 2850, NTA labels 2437, YTA labels 413
Validation Size: 950, NTA labels 827, YTA labels 123
Test Size: 955, NTA labels 797, YTA labels 158
Training with SBERT, model name is sbert
Tokenizing the dataset
Number of training steps 900
Epoch 0 **** Loss 0.2073281854391098 **** Metrics validation: {'accuracy': 0.8536842105263158, 'f1_weighted': 0.8675522556250749, 'macro': 0.7407587004364207, 'micro': 0.8536842105263158, 'binary': 0.5696594427244581, 'accuracy_majority': 0.8736842105263158, 'macro_majority': 0.768715763846622, 'binary_majority': 0.6129032258064516, 'run_time_millis': 1992.5352570135146, 'loss_mean': 0.09910223633050919}
Epoch 1 **** Loss 0.0005424461560323834 **** Metrics validation: {'accuracy': 0.7178947368421053, 'f1_weighted': 0.7639175125307898, 'macro': 0.6353459487020836, 'micro': 0.7178947368421053, 'binary': 0.4618473895582329, 'accuracy_majority': 0.7210526315789474, 'macro_majority': 0.6331645477396087, 'binary_majority': 0.45360824742268036, 'run_time_millis': 2401.909528009128, 'loss_mean': 0.10674630850553513}
Epoch 2 **** Loss 0.07496801763772964 **** Metrics validation: {'accuracy': 0.8073684210526316, 'f1_weighted': 0.8339998341741485, 'macro': 0.7064589169119173, 'micro': 0.8073684210526317, 'binary': 0.5343511450381678, 'accuracy_majority': 0.8210526315789474, 'macro_majority': 0.7203947368421053, 'binary_majority': 0.5526315789473685, 'run_time_millis': 2395.911240018904, 'loss_mean': 0.10079118609428406}
Epoch 3 **** Loss 0.0017769485712051392 **** Metrics validation: {'accuracy': 0.8305263157894737, 'f1_weighted': 0.8503505016370414, 'macro': 0.7199184751259404, 'micro': 0.8305263157894737, 'binary': 0.5439093484419263, 'accuracy_majority': 0.8526315789473684, 'macro_majority': 0.7492458521870287, 'binary_majority': 0.5882352941176471, 'run_time_millis': 1380.0742509774864, 'loss_mean': 0.13037195801734924}
Epoch 4 **** Loss 0.21283431351184845 **** Metrics validation: {'accuracy': 0.6905263157894737, 'f1_weighted': 0.7413233753213949, 'macro': 0.609848633003481, 'micro': 0.6905263157894737, 'binary': 0.43243243243243246, 'accuracy_majority': 0.7, 'macro_majority': 0.6156712445438093, 'binary_majority': 0.43564356435643564, 'run_time_millis': 2043.077283015009, 'loss_mean': 0.10992726683616638}
Epoch 5 **** Loss 0.009528500027954578 **** Metrics validation: {'accuracy': 0.783157894736842, 'f1_weighted': 0.8151880621686716, 'macro': 0.6840878419825789, 'micro': 0.783157894736842, 'binary': 0.507177033492823, 'accuracy_majority': 0.7947368421052632, 'macro_majority': 0.6940418679549114, 'binary_majority': 0.5185185185185185, 'run_time_millis': 2396.1467929766513, 'loss_mean': 0.11238231509923935}
Epoch 6 **** Loss 0.12130790203809738 **** Metrics validation: {'accuracy': 0.8294736842105264, 'f1_weighted': 0.849955277516226, 'macro': 0.7212138338803991, 'micro': 0.8294736842105264, 'binary': 0.547486033519553, 'accuracy_majority': 0.8473684210526315, 'macro_majority': 0.7432312782515494, 'binary_majority': 0.5797101449275361, 'run_time_millis': 1382.9273579758592, 'loss_mean': 0.12465853989124298}
Epoch 7 **** Loss 6.293334445217624e-05 **** Metrics validation: {'accuracy': 0.8210526315789474, 'f1_weighted': 0.8435899140233375, 'macro': 0.7135387104098082, 'micro': 0.8210526315789475, 'binary': 0.5380434782608696, 'accuracy_majority': 0.8368421052631579, 'macro_majority': 0.7315283285473357, 'binary_majority': 0.5633802816901408, 'run_time_millis': 2401.32691396866, 'loss_mean': 0.12351375073194504}
Epoch 8 **** Loss 0.016964836046099663 **** Metrics validation: {'accuracy': 0.8326315789473684, 'f1_weighted': 0.8522095016167057, 'macro': 0.7233977487268606, 'micro': 0.8326315789473684, 'binary': 0.5495750708215297, 'accuracy_majority': 0.8526315789473684, 'macro_majority': 0.7492458521870287, 'binary_majority': 0.5882352941176471, 'run_time_millis': 1498.2990169664845, 'loss_mean': 0.1319379061460495}
Epoch 9 **** Loss 0.12041716277599335 **** Metrics validation: {'accuracy': 0.8410526315789474, 'f1_weighted': 0.8585765424137987, 'macro': 0.7313926947051873, 'micro': 0.8410526315789474, 'binary': 0.5597667638483965, 'accuracy_majority': 0.8631578947368421, 'macro_majority': 0.7616290291449527, 'binary_majority': 0.6060606060606061, 'run_time_millis': 1905.2351909922436, 'loss_mean': 0.1367502063512802}
Evaluating
{'accuracy': 0.8536842105263158, 'f1_weighted': 0.8675522556250749, 'macro': 0.7407587004364207, 'micro': 0.8536842105263158, 'binary': 0.5696594427244581, 'accuracy_majority': 0.8736842105263158, 'macro_majority': 0.768715763846622, 'binary_majority': 0.6129032258064516, 'run_time_millis': 2408.0288460245356, 'loss_mean': 0.09910223633050919}
