Device cuda
Split type sit
Training Size: 19440, NTA labels 13796, YTA labels 5644
Validation Size: 6427, NTA labels 4627, YTA labels 1800
Test Size: 6831, NTA labels 4681, YTA labels 2150
Training with SBERT, model name is sbert
Tokenizing the dataset
Number of training steps 6080
Epoch 0 **** Loss 0.2086210548877716 **** Metrics validation: {'accuracy': 0.6458689901976039, 'f1_weighted': 0.6583900725942784, 'macro': 0.5958510267720183, 'micro': 0.6458689901976039, 'binary': 0.45367258761401824, 'accuracy_majority': 0.6555915721231766, 'macro_majority': 0.6011241082429534, 'binary_majority': 0.4537275064267352, 'run_time_millis': 29649.78650100005, 'loss_mean': 0.2966914474964142}
Epoch 1 **** Loss 0.12857100367546082 **** Metrics validation: {'accuracy': 0.6665629376069706, 'f1_weighted': 0.6683931990447862, 'macro': 0.5911670933029263, 'micro': 0.6665629376069706, 'binary': 0.41559858194709576, 'accuracy_majority': 0.6746353322528363, 'macro_majority': 0.5973958565051682, 'binary_majority': 0.4210526315789474, 'run_time_millis': 29658.904337999957, 'loss_mean': 0.3210374414920807}
Epoch 2 **** Loss 0.3394947350025177 **** Metrics validation: {'accuracy': 0.6914579119340283, 'f1_weighted': 0.6772613707190334, 'macro': 0.5845740219550817, 'micro': 0.6914579119340283, 'binary': 0.373855383643827, 'accuracy_majority': 0.6932739059967585, 'macro_majority': 0.5862984026347215, 'binary_majority': 0.3759274525968673, 'run_time_millis': 29668.480457999976, 'loss_mean': 0.40622639656066895}
Epoch 3 **** Loss 0.4161553382873535 **** Metrics validation: {'accuracy': 0.6846117939940874, 'f1_weighted': 0.6756945505743925, 'macro': 0.5878581493636705, 'micro': 0.6846117939940874, 'binary': 0.3881678237247208, 'accuracy_majority': 0.6855753646677472, 'macro_majority': 0.5886507639900168, 'binary_majority': 0.3889763779527559, 'run_time_millis': 29668.992766999963, 'loss_mean': 0.43912142515182495}
Epoch 4 **** Loss 0.08772867172956467 **** Metrics validation: {'accuracy': 0.6505367978839272, 'f1_weighted': 0.6634120398562563, 'macro': 0.6029497324546377, 'micro': 0.6505367978839272, 'binary': 0.4654926225606854, 'accuracy_majority': 0.656807131280389, 'macro_majority': 0.6074667832400915, 'binary_majority': 0.4682988072818581, 'run_time_millis': 27670.79516600006, 'loss_mean': 0.38730111718177795}
Epoch 5 **** Loss 0.07328633964061737 **** Metrics validation: {'accuracy': 0.6270421658627664, 'f1_weighted': 0.6448633731650708, 'macro': 0.5935070499809584, 'micro': 0.6270421658627664, 'binary': 0.4767518009168304, 'accuracy_majority': 0.6324959481361426, 'macro_majority': 0.5960846223066532, 'binary_majority': 0.4748118123914302, 'run_time_millis': 29678.13811500014, 'loss_mean': 0.40366849303245544}
Epoch 6 **** Loss 0.0971427634358406 **** Metrics validation: {'accuracy': 0.6768321145168819, 'f1_weighted': 0.6793600146523391, 'macro': 0.6056860591581432, 'micro': 0.6768321145168819, 'binary': 0.43819312956451173, 'accuracy_majority': 0.6839546191247974, 'macro_majority': 0.6101222712164013, 'binary_majority': 0.4404591104734576, 'run_time_millis': 29675.7042549998, 'loss_mean': 0.4974372386932373}
Epoch 7 **** Loss 0.056424565613269806 **** Metrics validation: {'accuracy': 0.6514703594211918, 'f1_weighted': 0.6643112062680383, 'macro': 0.6040104188327642, 'micro': 0.6514703594211918, 'binary': 0.4669205140409329, 'accuracy_majority': 0.6543760129659644, 'macro_majority': 0.6054613845970183, 'binary_majority': 0.46654158849280797, 'run_time_millis': 27797.338321999632, 'loss_mean': 0.4701787829399109}
Epoch 8 **** Loss 0.11257179081439972 **** Metrics validation: {'accuracy': 0.6919246927026607, 'f1_weighted': 0.6779496419002521, 'macro': 0.5856424722310717, 'micro': 0.6919246927026607, 'binary': 0.3757881462799496, 'accuracy_majority': 0.6973257698541329, 'macro_majority': 0.5871374540102687, 'binary_majority': 0.3738474434199497, 'run_time_millis': 29606.279838999853, 'loss_mean': 0.6440299153327942}
Epoch 9 **** Loss 0.11293701082468033 **** Metrics validation: {'accuracy': 0.6726310875991909, 'f1_weighted': 0.6726865893330797, 'macro': 0.5942348884812756, 'micro': 0.6726310875991909, 'binary': 0.4158800666296502, 'accuracy_majority': 0.6782820097244733, 'macro_majority': 0.5959627449573488, 'binary_majority': 0.41358936484490405, 'run_time_millis': 29663.70668599984, 'loss_mean': 0.5863860249519348}
Evaluating
{'accuracy': 0.6768321145168819, 'f1_weighted': 0.6793600146523391, 'macro': 0.6056860591581432, 'micro': 0.6768321145168819, 'binary': 0.43819312956451173, 'accuracy_majority': 0.6839546191247974, 'macro_majority': 0.6101222712164013, 'binary_majority': 0.4404591104734576, 'run_time_millis': 29603.426173000116, 'loss_mean': 0.4974372386932373}
