Device cuda
Split type sit
Training Size: 5014, NTA labels 4398, YTA labels 616
Validation Size: 1772, NTA labels 1547, YTA labels 225
Test Size: 1759, NTA labels 1526, YTA labels 233
Training with SBERT, model name is sbert
Tokenizing the dataset
Number of training steps 1570
Epoch 0 **** Loss 0.14366135001182556 **** Metrics validation: {'accuracy': 0.7516930022573364, 'f1_weighted': 0.7884150856667539, 'macro': 0.6307962731107479, 'micro': 0.7516930022573364, 'binary': 0.4195250659630606, 'accuracy_majority': 0.7672176308539945, 'macro_majority': 0.6574276500397873, 'binary_majority': 0.4634920634920635, 'run_time_millis': 2902.4381449999055, 'loss_mean': 0.1283586472272873}
Epoch 1 **** Loss 0.10138583183288574 **** Metrics validation: {'accuracy': 0.8205417607223476, 'f1_weighted': 0.8372407895390512, 'macro': 0.6749164064825648, 'micro': 0.8205417607223476, 'binary': 0.45733788395904434, 'accuracy_majority': 0.8250688705234159, 'macro_majority': 0.6921952147743092, 'binary_majority': 0.4899598393574297, 'run_time_millis': 1326.2883989955299, 'loss_mean': 0.12959113717079163}
Epoch 2 **** Loss 0.07091684639453888 **** Metrics validation: {'accuracy': 0.8036117381489842, 'f1_weighted': 0.8259008808449569, 'macro': 0.6657582360401963, 'micro': 0.8036117381489842, 'binary': 0.4511041009463722, 'accuracy_majority': 0.8057851239669421, 'macro_majority': 0.6783239637114387, 'binary_majority': 0.4758364312267658, 'run_time_millis': 3309.3821599977673, 'loss_mean': 0.13073590397834778}
Epoch 3 **** Loss 0.07188516110181808 **** Metrics validation: {'accuracy': 0.7934537246049661, 'f1_weighted': 0.819458917329637, 'macro': 0.6631913501386595, 'micro': 0.7934537246049661, 'binary': 0.4537313432835821, 'accuracy_majority': 0.7988980716253443, 'macro_majority': 0.6804577464788731, 'binary_majority': 0.48591549295774644, 'run_time_millis': 1290.623777997098, 'loss_mean': 0.13838279247283936}
Epoch 4 **** Loss 0.04080521687865257 **** Metrics validation: {'accuracy': 0.8448081264108352, 'f1_weighted': 0.8522940925907622, 'macro': 0.684557697847315, 'micro': 0.8448081264108352, 'binary': 0.45972495088408644, 'accuracy_majority': 0.8415977961432507, 'macro_majority': 0.6860747118873494, 'binary_majority': 0.4651162790697675, 'run_time_millis': 2304.4244530028664, 'loss_mean': 0.19510754942893982}
Epoch 5 **** Loss 0.0974159985780716 **** Metrics validation: {'accuracy': 0.8560948081264108, 'f1_weighted': 0.8583165393530606, 'macro': 0.6855442639629941, 'micro': 0.8560948081264108, 'binary': 0.45396145610278366, 'accuracy_majority': 0.8526170798898072, 'macro_majority': 0.6857969138673732, 'binary_majority': 0.4568527918781726, 'run_time_millis': 3307.0067949956865, 'loss_mean': 0.24184341728687286}
Epoch 6 **** Loss 0.070014588534832 **** Metrics validation: {'accuracy': 0.8431151241534989, 'f1_weighted': 0.8522707735482313, 'macro': 0.6887063343612557, 'micro': 0.8431151241534989, 'binary': 0.46946564885496184, 'accuracy_majority': 0.8402203856749312, 'macro_majority': 0.6892857142857143, 'binary_majority': 0.4727272727272727, 'run_time_millis': 3312.22237500333, 'loss_mean': 0.2216290533542633}
Epoch 7 **** Loss 0.03730461373925209 **** Metrics validation: {'accuracy': 0.8442437923250564, 'f1_weighted': 0.8512045138240635, 'macro': 0.680795739348371, 'micro': 0.8442437923250563, 'binary': 0.45238095238095244, 'accuracy_majority': 0.8402203856749312, 'macro_majority': 0.6796409007912356, 'binary_majority': 0.4528301886792453, 'run_time_millis': 3307.082375999016, 'loss_mean': 0.26441490650177}
Epoch 8 **** Loss 0.05207083374261856 **** Metrics validation: {'accuracy': 0.8431151241534989, 'f1_weighted': 0.8510099790999094, 'macro': 0.682671297823219, 'micro': 0.8431151241534989, 'binary': 0.45703125, 'accuracy_majority': 0.8388429752066116, 'macro_majority': 0.6806151416593033, 'binary_majority': 0.45581395348837206, 'run_time_millis': 1284.8188869975274, 'loss_mean': 0.2600374221801758}
Epoch 9 **** Loss 0.04151398688554764 **** Metrics validation: {'accuracy': 0.850451467268623, 'f1_weighted': 0.852235457475086, 'macro': 0.6708173764794045, 'micro': 0.850451467268623, 'binary': 0.42764578833693306, 'accuracy_majority': 0.8471074380165289, 'macro_majority': 0.6712318707545437, 'binary_majority': 0.4307692307692308, 'run_time_millis': 3316.5357769976254, 'loss_mean': 0.2924920618534088}
Evaluating
{'accuracy': 0.8560948081264108, 'f1_weighted': 0.8583165393530606, 'macro': 0.6855442639629941, 'micro': 0.8560948081264108, 'binary': 0.45396145610278366, 'accuracy_majority': 0.8526170798898072, 'macro_majority': 0.6857969138673732, 'binary_majority': 0.4568527918781726, 'run_time_millis': 1293.2218679998186, 'loss_mean': 0.24184341728687286}
