Device cuda
Split type sit
Training Size: 126341, NTA labels 124409, YTA labels 1932
Validation Size: 42128, NTA labels 41510, YTA labels 618
Test Size: 42248, NTA labels 41611, YTA labels 637
Training with SBERT, model name is sbert
Tokenizing the dataset
Number of training steps 39490
Epoch 0 **** Loss 0.004057189449667931 **** Metrics validation: {'accuracy': 0.9700911507785795, 'f1_weighted': 0.9760785362183731, 'macro': 0.692045861735732, 'micro': 0.9700911507785795, 'binary': 0.39942802669208766, 'accuracy_majority': 0.9738838131356663, 'macro_majority': 0.7025340411105478, 'binary_majority': 0.418426103646833, 'run_time_millis': 17546.873874031007, 'loss_mean': 0.024982212111353874}
Epoch 1 **** Loss 0.4657019078731537 **** Metrics validation: {'accuracy': 0.9639194834789214, 'f1_weighted': 0.9723015736226042, 'macro': 0.6700436987059606, 'micro': 0.9639194834789214, 'binary': 0.35864978902953587, 'accuracy_majority': 0.9673332184106188, 'macro_majority': 0.6720575720021065, 'binary_majority': 0.3608768971332209, 'run_time_millis': 17413.05554297287, 'loss_mean': 0.02678820863366127}
Epoch 2 **** Loss 0.0011687912046909332 **** Metrics validation: {'accuracy': 0.9742688947968097, 'f1_weighted': 0.9784787588791704, 'macro': 0.7017106526799968, 'micro': 0.9742688947968097, 'binary': 0.41657696447793324, 'accuracy_majority': 0.9783657990001724, 'macro_majority': 0.7198657211055027, 'binary_majority': 0.45076586433260396, 'run_time_millis': 17462.014410004485, 'loss_mean': 0.025224875658750534}
Epoch 3 **** Loss 0.00010053020378109068 **** Metrics validation: {'accuracy': 0.9739128370679833, 'f1_weighted': 0.9782657578772932, 'macro': 0.7005752153900889, 'micro': 0.9739128370679833, 'binary': 0.4144912093766649, 'accuracy_majority': 0.9782796069643165, 'macro_majority': 0.7193513941891794, 'binary_majority': 0.4497816593886462, 'run_time_millis': 17442.639690998476, 'loss_mean': 0.028079954907298088}
Epoch 4 **** Loss 5.6105898693203926e-05 **** Metrics validation: {'accuracy': 0.973746676794531, 'f1_weighted': 0.9781759181081997, 'macro': 0.7003836852883463, 'micro': 0.973746676794531, 'binary': 0.41419491525423724, 'accuracy_majority': 0.9780210308567489, 'macro_majority': 0.7178212113226324, 'binary_majority': 0.44685466377440347, 'run_time_millis': 17459.99258500524, 'loss_mean': 0.03105342946946621}
Epoch 5 **** Loss 2.060313636320643e-05 **** Metrics validation: {'accuracy': 0.9689280288644132, 'f1_weighted': 0.9752267713004704, 'macro': 0.6828678885589881, 'micro': 0.9689280288644132, 'binary': 0.38167217760982525, 'accuracy_majority': 0.9729357007412515, 'macro_majority': 0.6923119282729971, 'binary_majority': 0.39846743295019155, 'run_time_millis': 17458.941153017804, 'loss_mean': 0.03251419961452484}
Epoch 6 **** Loss 0.0031537364702671766 **** Metrics validation: {'accuracy': 0.9740315229775921, 'f1_weighted': 0.9782350710962333, 'macro': 0.6973666239271521, 'micro': 0.9740315229775921, 'binary': 0.40800865800865804, 'accuracy_majority': 0.9787105671435959, 'macro_majority': 0.7195169421145845, 'binary_majority': 0.4498886414253897, 'run_time_millis': 17544.687464018352, 'loss_mean': 0.036437198519706726}
Epoch 7 **** Loss 0.05042126029729843 **** Metrics validation: {'accuracy': 0.9690941891378656, 'f1_weighted': 0.9753059750749206, 'macro': 0.6826650182338443, 'micro': 0.9690941891378656, 'binary': 0.38117870722433467, 'accuracy_majority': 0.9734528529563868, 'macro_majority': 0.6959143750997757, 'binary_majority': 0.4054054054054054, 'run_time_millis': 17405.829338007607, 'loss_mean': 0.03560268506407738}
Epoch 8 **** Loss 0.00012531367246992886 **** Metrics validation: {'accuracy': 0.9755507026205849, 'f1_weighted': 0.9790937057100919, 'macro': 0.7004773935252295, 'micro': 0.9755507026205847, 'binary': 0.4134396355353075, 'accuracy_majority': 0.980175831753146, 'macro_majority': 0.7249982171249171, 'binary_majority': 0.460093896713615, 'run_time_millis': 17402.518293994945, 'loss_mean': 0.04154326766729355}
Epoch 9 **** Loss 9.640220378059894e-05 **** Metrics validation: {'accuracy': 0.9738653627041398, 'f1_weighted': 0.978026682435666, 'macro': 0.692993706788142, 'micro': 0.9738653627041398, 'binary': 0.3993453355155483, 'accuracy_majority': 0.9782796069643165, 'macro_majority': 0.7132129987695552, 'binary_majority': 0.43749999999999994, 'run_time_millis': 17416.085903998464, 'loss_mean': 0.040416814386844635}
Evaluating
{'accuracy': 0.9755507026205849, 'f1_weighted': 0.9790937057100919, 'macro': 0.7004773935252295, 'micro': 0.9755507026205847, 'binary': 0.4134396355353075, 'accuracy_majority': 0.980175831753146, 'macro_majority': 0.7249982171249171, 'binary_majority': 0.460093896713615, 'run_time_millis': 16381.80030300282, 'loss_mean': 0.04154326766729355}
