Device cuda
Split type sit
Training Size: 117897, NTA labels 115049, YTA labels 2848
Validation Size: 39419, NTA labels 38427, YTA labels 992
Test Size: 39450, NTA labels 38483, YTA labels 967
Training with SBERT, model name is sbert
Tokenizing the dataset
Number of training steps 36850
Epoch 0 **** Loss 0.011334980838000774 **** Metrics validation: {'accuracy': 0.967680560135975, 'f1_weighted': 0.9664275667428786, 'macro': 0.6451549114650311, 'micro': 0.967680560135975, 'binary': 0.30685527747551683, 'accuracy_majority': 0.9798119230437409, 'macro_majority': 0.7052595043506458, 'binary_majority': 0.42079207920792083, 'run_time_millis': 15309.363279026002, 'loss_mean': 0.05178552865982056}
Epoch 1 **** Loss 0.08310479670763016 **** Metrics validation: {'accuracy': 0.9491869403079733, 'f1_weighted': 0.9566933252748991, 'macro': 0.637010138429776, 'micro': 0.9491869403079733, 'binary': 0.30038421236465246, 'accuracy_majority': 0.9606591320852386, 'macro_majority': 0.6535852819872339, 'binary_majority': 0.32743362831858414, 'run_time_millis': 14251.900126226246, 'loss_mean': 0.05094489827752113}
Epoch 2 **** Loss 0.001551496097818017 **** Metrics validation: {'accuracy': 0.9588015931403638, 'f1_weighted': 0.9619112409908959, 'macro': 0.6438520407595573, 'micro': 0.9588015931403638, 'binary': 0.3089361702127659, 'accuracy_majority': 0.9706668967302218, 'macro_majority': 0.6776770145288828, 'binary_majority': 0.37037037037037035, 'run_time_millis': 15273.691782262176, 'loss_mean': 0.06299185752868652}
Epoch 3 **** Loss 0.0003772039490286261 **** Metrics validation: {'accuracy': 0.9484258859940637, 'f1_weighted': 0.9561501645781867, 'macro': 0.6337885494202846, 'micro': 0.9484258859940637, 'binary': 0.2943422422769872, 'accuracy_majority': 0.9591062030886033, 'macro_majority': 0.6439837441784273, 'binary_majority': 0.3090379008746355, 'run_time_millis': 13250.202245078981, 'loss_mean': 0.07947377860546112}
Epoch 4 **** Loss 0.1772565394639969 **** Metrics validation: {'accuracy': 0.9445952459473858, 'f1_weighted': 0.954008698255687, 'macro': 0.6301184527030594, 'micro': 0.9445952459473858, 'binary': 0.2890625, 'accuracy_majority': 0.9552238805970149, 'macro_majority': 0.6401121350071026, 'binary_majority': 0.30335570469798656, 'run_time_millis': 15281.786167994142, 'loss_mean': 0.07831821590662003}
Epoch 5 **** Loss 0.0019924715161323547 **** Metrics validation: {'accuracy': 0.9389380755473249, 'f1_weighted': 0.9507497143122472, 'macro': 0.6229745496236929, 'micro': 0.9389380755473249, 'binary': 0.27782778277827785, 'accuracy_majority': 0.9495298076093521, 'macro_majority': 0.6289043933121372, 'binary_majority': 0.2839657282741738, 'run_time_millis': 15224.476392846555, 'loss_mean': 0.09223639219999313}
Epoch 6 **** Loss 0.02177240699529648 **** Metrics validation: {'accuracy': 0.9487303077196276, 'f1_weighted': 0.9561978976681843, 'macro': 0.6315181883485385, 'micro': 0.9487303077196276, 'binary': 0.2896309314586995, 'accuracy_majority': 0.9597963937537745, 'macro_majority': 0.6480022157054415, 'binary_majority': 0.31671554252199413, 'run_time_millis': 14786.807514727116, 'loss_mean': 0.11053253710269928}
Epoch 7 **** Loss 0.01995110884308815 **** Metrics validation: {'accuracy': 0.945407037215556, 'f1_weighted': 0.9541947960928785, 'macro': 0.6252250425203038, 'micro': 0.945407037215556, 'binary': 0.27882037533512066, 'accuracy_majority': 0.956086618928479, 'macro_majority': 0.6347064190923886, 'binary_majority': 0.29207232267037553, 'run_time_millis': 15270.410023164004, 'loss_mean': 0.11861571669578552}
Epoch 8 **** Loss 0.024478532373905182 **** Metrics validation: {'accuracy': 0.9468023034577234, 'f1_weighted': 0.9549713438804074, 'macro': 0.6264987034688413, 'micro': 0.9468023034577234, 'binary': 0.2806174957118353, 'accuracy_majority': 0.9578120955914071, 'macro_majority': 0.6393397090295596, 'binary_majority': 0.30042918454935624, 'run_time_millis': 15313.472328241915, 'loss_mean': 0.12904329597949982}
Epoch 9 **** Loss 2.0591101929312572e-05 **** Metrics validation: {'accuracy': 0.9506329435044014, 'f1_weighted': 0.9572353021353097, 'macro': 0.6328792714948237, 'micro': 0.9506329435044014, 'binary': 0.29133284777858703, 'accuracy_majority': 0.9613493227504099, 'macro_majority': 0.6485925207294335, 'binary_majority': 0.31707317073170727, 'run_time_millis': 15225.68886494264, 'loss_mean': 0.13327881693840027}
Evaluating
{'accuracy': 0.967680560135975, 'f1_weighted': 0.9664275667428786, 'macro': 0.6451549114650311, 'micro': 0.967680560135975, 'binary': 0.30685527747551683, 'accuracy_majority': 0.9798119230437409, 'macro_majority': 0.7052595043506458, 'binary_majority': 0.42079207920792083, 'run_time_millis': 15231.432566884905, 'loss_mean': 0.05178552865982056}
