Device cuda
Split type sit
Training Size: 570, NTA labels 478, YTA labels 92
Validation Size: 190, NTA labels 156, YTA labels 34
Test Size: 191, NTA labels 158, YTA labels 33
Training with SBERT, model name is sbert
Tokenizing the dataset
Number of training steps 180
Epoch 0 **** Loss 0.09087131917476654 **** Metrics validation: {'accuracy': 0.7473684210526316, 'f1_weighted': 0.7697940503432493, 'macro': 0.6557971014492754, 'micro': 0.7473684210526316, 'binary': 0.4782608695652174, 'accuracy_majority': 0.7473684210526316, 'macro_majority': 0.6557971014492754, 'binary_majority': 0.4782608695652174, 'run_time_millis': 1198.0044679999082, 'loss_mean': 0.15334327518939972}
Epoch 1 **** Loss 0.06149568408727646 **** Metrics validation: {'accuracy': 0.8263157894736842, 'f1_weighted': 0.8338866969403707, 'macro': 0.7312588401697313, 'micro': 0.8263157894736841, 'binary': 0.5714285714285715, 'accuracy_majority': 0.8263157894736842, 'macro_majority': 0.7312588401697313, 'binary_majority': 0.5714285714285715, 'run_time_millis': 336.70310299976336, 'loss_mean': 0.15283331274986267}
Epoch 2 **** Loss 0.01749446615576744 **** Metrics validation: {'accuracy': 0.8157894736842105, 'f1_weighted': 0.8222720736266896, 'macro': 0.7092896174863388, 'micro': 0.8157894736842104, 'binary': 0.5333333333333332, 'accuracy_majority': 0.8157894736842105, 'macro_majority': 0.7092896174863388, 'binary_majority': 0.5333333333333332, 'run_time_millis': 538.8812899996083, 'loss_mean': 0.22171038389205933}
Epoch 3 **** Loss 0.013933738693594933 **** Metrics validation: {'accuracy': 0.8631578947368421, 'f1_weighted': 0.8557456140350879, 'macro': 0.7427083333333334, 'micro': 0.8631578947368422, 'binary': 0.5666666666666668, 'accuracy_majority': 0.8631578947368421, 'macro_majority': 0.7427083333333334, 'binary_majority': 0.5666666666666668, 'run_time_millis': 1090.6456310003705, 'loss_mean': 0.47460249066352844}
Epoch 4 **** Loss 0.01300378330051899 **** Metrics validation: {'accuracy': 0.8421052631578947, 'f1_weighted': 0.8402157681406759, 'macro': 0.7249565720903302, 'micro': 0.8421052631578947, 'binary': 0.5454545454545455, 'accuracy_majority': 0.8421052631578947, 'macro_majority': 0.7249565720903302, 'binary_majority': 0.5454545454545455, 'run_time_millis': 736.9599200001176, 'loss_mean': 0.3497748374938965}
Epoch 5 **** Loss 0.013057013042271137 **** Metrics validation: {'accuracy': 0.8578947368421053, 'f1_weighted': 0.8513003048244486, 'macro': 0.736368775373863, 'micro': 0.8578947368421053, 'binary': 0.5573770491803278, 'accuracy_majority': 0.8578947368421053, 'macro_majority': 0.736368775373863, 'binary_majority': 0.5573770491803278, 'run_time_millis': 84.85325400033616, 'loss_mean': 0.4829188585281372}
Epoch 6 **** Loss 0.018923155963420868 **** Metrics validation: {'accuracy': 0.8736842105263158, 'f1_weighted': 0.8668421052631579, 'macro': 0.7625, 'micro': 0.8736842105263158, 'binary': 0.5999999999999999, 'accuracy_majority': 0.8736842105263158, 'macro_majority': 0.7625, 'binary_majority': 0.5999999999999999, 'run_time_millis': 1246.9849220001379, 'loss_mean': 0.5894239544868469}
Epoch 7 **** Loss 0.0018467375775799155 **** Metrics validation: {'accuracy': 0.868421052631579, 'f1_weighted': 0.8642373546906171, 'macro': 0.7621551249311502, 'micro': 0.868421052631579, 'binary': 0.6031746031746031, 'accuracy_majority': 0.868421052631579, 'macro_majority': 0.7621551249311502, 'binary_majority': 0.6031746031746031, 'run_time_millis': 1656.2803560000248, 'loss_mean': 0.5479070544242859}
Epoch 8 **** Loss 0.000600227212999016 **** Metrics validation: {'accuracy': 0.868421052631579, 'f1_weighted': 0.8642373546906171, 'macro': 0.7621551249311502, 'micro': 0.868421052631579, 'binary': 0.6031746031746031, 'accuracy_majority': 0.868421052631579, 'macro_majority': 0.7621551249311502, 'binary_majority': 0.6031746031746031, 'run_time_millis': 1555.6168070002059, 'loss_mean': 0.5716908574104309}
Epoch 9 **** Loss 0.0017547407187521458 **** Metrics validation: {'accuracy': 0.868421052631579, 'f1_weighted': 0.8623150970596747, 'macro': 0.7558970142350583, 'micro': 0.868421052631579, 'binary': 0.5901639344262295, 'accuracy_majority': 0.868421052631579, 'macro_majority': 0.7558970142350583, 'binary_majority': 0.5901639344262295, 'run_time_millis': 2100.052352000148, 'loss_mean': 0.5875489115715027}
Evaluating
{'accuracy': 0.8736842105263158, 'f1_weighted': 0.8668421052631579, 'macro': 0.7625, 'micro': 0.8736842105263158, 'binary': 0.5999999999999999, 'accuracy_majority': 0.8736842105263158, 'macro_majority': 0.7625, 'binary_majority': 0.5999999999999999, 'run_time_millis': 737.3072939999474, 'loss_mean': 0.5894239544868469}
