Device cuda
Split type sit
Training Size: 1050, NTA labels 699, YTA labels 351
Validation Size: 2561, NTA labels 1796, YTA labels 765
Test Size: 2951, NTA labels 2102, YTA labels 849
Training with SBERT, model name is sbert
Tokenizing the dataset
Number of training steps 330
Epoch 0 **** Loss 0.31409725546836853 **** Metrics validation: {'accuracy': 0.4927762592737212, 'f1_weighted': 0.5077629322925975, 'macro': 0.48812981935427285, 'micro': 0.4927762592737212, 'binary': 0.4393612429866206, 'accuracy_majority': 0.504394861392833, 'macro_majority': 0.4991043446561233, 'binary_majority': 0.44762622456669177, 'run_time_millis': 11200.748103001388, 'loss_mean': 0.30091598629951477}
Epoch 1 **** Loss 0.31862786412239075 **** Metrics validation: {'accuracy': 0.6138227254978524, 'f1_weighted': 0.6199754942201109, 'macro': 0.5545785400690951, 'micro': 0.6138227254978524, 'binary': 0.3921327596803934, 'accuracy_majority': 0.6240703177822853, 'macro_majority': 0.5576791500458284, 'binary_majority': 0.3863134657836645, 'run_time_millis': 11296.801528980723, 'loss_mean': 0.3055053949356079}
Epoch 2 **** Loss 0.21868474781513214 **** Metrics validation: {'accuracy': 0.6185083951581414, 'f1_weighted': 0.6268102033559759, 'macro': 0.5661069107888311, 'micro': 0.6185083951581414, 'binary': 0.4153201675643327, 'accuracy_majority': 0.6267748478701826, 'macro_majority': 0.568133151644929, 'binary_majority': 0.4089935760171306, 'run_time_millis': 10276.125202013645, 'loss_mean': 0.3113396167755127}
Epoch 3 **** Loss 0.11748143285512924 **** Metrics validation: {'accuracy': 0.5747754783287778, 'f1_weighted': 0.5923672787645952, 'macro': 0.5486633118987453, 'micro': 0.5747754783287778, 'binary': 0.44010282776349613, 'accuracy_majority': 0.5895875591615957, 'macro_majority': 0.5615509153555565, 'binary_majority': 0.4506787330316742, 'run_time_millis': 9367.896382987965, 'loss_mean': 0.35050058364868164}
Epoch 4 **** Loss 0.0923001766204834 **** Metrics validation: {'accuracy': 0.6196798125732136, 'f1_weighted': 0.6286411185111362, 'macro': 0.5694160773444803, 'micro': 0.6196798125732136, 'binary': 0.4223013048635824, 'accuracy_majority': 0.6247464503042597, 'macro_majority': 0.5722798557878441, 'binary_majority': 0.42247658688865763, 'run_time_millis': 11390.545939997537, 'loss_mean': 0.3775733709335327}
Epoch 5 **** Loss 0.10009059309959412 **** Metrics validation: {'accuracy': 0.6009371339320578, 'f1_weighted': 0.6135013739295354, 'macro': 0.5581435472739821, 'micro': 0.6009371339320578, 'binary': 0.42063492063492064, 'accuracy_majority': 0.6146044624746451, 'macro_majority': 0.5681676617751314, 'binary_majority': 0.4265593561368209, 'run_time_millis': 11399.769156996626, 'loss_mean': 0.4065711796283722}
Epoch 6 **** Loss 0.05339101701974869 **** Metrics validation: {'accuracy': 0.5857087075361187, 'f1_weighted': 0.6015260918686464, 'macro': 0.5522580458056978, 'micro': 0.5857087075361187, 'binary': 0.4298764105319721, 'accuracy_majority': 0.599053414469236, 'macro_majority': 0.5638840779476898, 'binary_majority': 0.4400377714825307, 'run_time_millis': 11035.067465010798, 'loss_mean': 0.42583951354026794}
Epoch 7 **** Loss 0.05469707399606705 **** Metrics validation: {'accuracy': 0.6290511518937915, 'f1_weighted': 0.6334793406026403, 'macro': 0.5682584469051676, 'micro': 0.6290511518937915, 'binary': 0.40624999999999994, 'accuracy_majority': 0.6382691007437458, 'macro_majority': 0.575169083526215, 'binary_majority': 0.4114411441144114, 'run_time_millis': 10541.876306000631, 'loss_mean': 0.4713987708091736}
Epoch 8 **** Loss 0.06641403585672379 **** Metrics validation: {'accuracy': 0.632955876610699, 'f1_weighted': 0.6361728809228313, 'macro': 0.5698382520066615, 'micro': 0.632955876610699, 'binary': 0.4050632911392405, 'accuracy_majority': 0.6402974983096686, 'macro_majority': 0.5762488044049598, 'binary_majority': 0.41150442477876104, 'run_time_millis': 11391.23131998349, 'loss_mean': 0.4830228090286255}
Epoch 9 **** Loss 0.06777234375476837 **** Metrics validation: {'accuracy': 0.6411557985162046, 'f1_weighted': 0.6392712479232603, 'macro': 0.5673093345408291, 'micro': 0.6411557985162046, 'binary': 0.3885562208915503, 'accuracy_majority': 0.6477349560513861, 'macro_majority': 0.573802326899836, 'binary_majority': 0.3962920046349942, 'run_time_millis': 11380.87276602164, 'loss_mean': 0.5030494928359985}
Evaluating
{'accuracy': 0.6411557985162046, 'f1_weighted': 0.6392712479232603, 'macro': 0.5673093345408291, 'micro': 0.6411557985162046, 'binary': 0.3885562208915503, 'accuracy_majority': 0.6477349560513861, 'macro_majority': 0.573802326899836, 'binary_majority': 0.3962920046349942, 'run_time_millis': 11230.626356991706, 'loss_mean': 0.5030494928359985}
Device cuda
Split type sit
Training Size: 1550, NTA labels 1043, YTA labels 507
Validation Size: 2561, NTA labels 1796, YTA labels 765
Test Size: 2951, NTA labels 2102, YTA labels 849
Training with SBERT, model name is sbert
Tokenizing the dataset
Number of training steps 490
Epoch 0 **** Loss 0.30017563700675964 **** Metrics validation: {'accuracy': 0.6212417024599766, 'f1_weighted': 0.631266672760921, 'macro': 0.5744768684737029, 'micro': 0.6212417024599766, 'binary': 0.433411214953271, 'accuracy_majority': 0.6078431372549019, 'macro_majority': 0.5635836385836386, 'binary_majority': 0.4246031746031746, 'run_time_millis': 11229.234007012565, 'loss_mean': 0.29153043031692505}
Epoch 1 **** Loss 0.24428971111774445 **** Metrics validation: {'accuracy': 0.582194455290902, 'f1_weighted': 0.5998232804528846, 'macro': 0.5648707444105691, 'micro': 0.582194455290902, 'binary': 0.47804878048780486, 'accuracy_majority': 0.5713319810682894, 'macro_majority': 0.5575533661740557, 'binary_majority': 0.47947454844006565, 'run_time_millis': 9967.268398002489, 'loss_mean': 0.3095076382160187}
Epoch 2 **** Loss 0.163453608751297 **** Metrics validation: {'accuracy': 0.6009371339320578, 'f1_weighted': 0.6165062813739958, 'macro': 0.5703804451307829, 'micro': 0.6009371339320578, 'binary': 0.4558040468583599, 'accuracy_majority': 0.5929682217714672, 'macro_majority': 0.56532110342565, 'binary_majority': 0.45569620253164556, 'run_time_millis': 11359.928385994863, 'loss_mean': 0.3490576148033142}
Epoch 3 **** Loss 0.07174640148878098 **** Metrics validation: {'accuracy': 0.603670441233893, 'f1_weighted': 0.6184549611959027, 'macro': 0.5700649926853251, 'micro': 0.603670441233893, 'binary': 0.4498644986449864, 'accuracy_majority': 0.5882352941176471, 'macro_majority': 0.5597837800851879, 'binary_majority': 0.44786944696282865, 'run_time_millis': 11403.539032995468, 'loss_mean': 0.3567988872528076}
Epoch 4 **** Loss 0.21036802232265472 **** Metrics validation: {'accuracy': 0.6470128855915658, 'f1_weighted': 0.6494030524226817, 'macro': 0.5845540523468814, 'micro': 0.6470128855915658, 'binary': 0.423469387755102, 'accuracy_majority': 0.6396213657876944, 'macro_majority': 0.5855999495343758, 'binary_majority': 0.43597883597883597, 'run_time_millis': 11377.780791022815, 'loss_mean': 0.41445913910865784}
Epoch 5 **** Loss 0.10188663750886917 **** Metrics validation: {'accuracy': 0.6552128074970714, 'f1_weighted': 0.6500091401250496, 'macro': 0.5765162488845774, 'micro': 0.6552128074970714, 'binary': 0.39396019217570344, 'accuracy_majority': 0.656524678837052, 'macro_majority': 0.5875011529491341, 'binary_majority': 0.41876430205949655, 'run_time_millis': 9755.908502003876, 'loss_mean': 0.46163493394851685}
Epoch 6 **** Loss 0.06681539863348007 **** Metrics validation: {'accuracy': 0.5966419367434596, 'f1_weighted': 0.6122052898524596, 'macro': 0.5648724961787752, 'micro': 0.5966419367434596, 'binary': 0.44729802033172816, 'accuracy_majority': 0.5909398242055443, 'macro_majority': 0.5626751838284707, 'binary_majority': 0.45149592021758833, 'run_time_millis': 11526.649170002202, 'loss_mean': 0.4764413833618164}
Epoch 7 **** Loss 0.055550698190927505 **** Metrics validation: {'accuracy': 0.6567746973838344, 'f1_weighted': 0.644906367008267, 'macro': 0.5638716079538949, 'micro': 0.6567746973838344, 'binary': 0.36258158085569253, 'accuracy_majority': 0.6524678837052063, 'macro_majority': 0.5695907690914033, 'binary_majority': 0.38072289156626504, 'run_time_millis': 11427.040412992937, 'loss_mean': 0.5284097194671631}
Epoch 8 **** Loss 0.047843001782894135 **** Metrics validation: {'accuracy': 0.6614603670441234, 'f1_weighted': 0.6448297462660892, 'macro': 0.5595254177976657, 'micro': 0.6614603670441234, 'binary': 0.3476297968397291, 'accuracy_majority': 0.6578769438810007, 'macro_majority': 0.5658277638540796, 'binary_majority': 0.3659147869674186, 'run_time_millis': 11405.781297013164, 'loss_mean': 0.5714868307113647}
Epoch 9 **** Loss 0.11619208008050919 **** Metrics validation: {'accuracy': 0.6595080046856696, 'f1_weighted': 0.6457247558734865, 'macro': 0.5631053981679003, 'micro': 0.6595080046856696, 'binary': 0.35787923416789397, 'accuracy_majority': 0.6524678837052063, 'macro_majority': 0.5663795660407493, 'binary_majority': 0.37317073170731707, 'run_time_millis': 11295.98253799486, 'loss_mean': 0.5802498459815979}
Evaluating
{'accuracy': 0.6552128074970714, 'f1_weighted': 0.6500091401250496, 'macro': 0.5765162488845774, 'micro': 0.6552128074970714, 'binary': 0.39396019217570344, 'accuracy_majority': 0.656524678837052, 'macro_majority': 0.5875011529491341, 'binary_majority': 0.41876430205949655, 'run_time_millis': 11441.504557995358, 'loss_mean': 0.46163493394851685}
Device cuda
Split type sit
Training Size: 2100, NTA labels 1372, YTA labels 728
Validation Size: 2561, NTA labels 1796, YTA labels 765
Test Size: 2951, NTA labels 2102, YTA labels 849
Training with SBERT, model name is sbert
Tokenizing the dataset
Number of training steps 660
Epoch 0 **** Loss 0.29753825068473816 **** Metrics validation: {'accuracy': 0.6130417805544709, 'f1_weighted': 0.6242672145782909, 'macro': 0.5683569610586854, 'micro': 0.6130417805544709, 'binary': 0.42947610823258486, 'accuracy_majority': 0.6105476673427992, 'macro_majority': 0.5631870836478194, 'binary_majority': 0.41935483870967744, 'run_time_millis': 11225.878047000151, 'loss_mean': 0.2992004156112671}
Epoch 1 **** Loss 0.3085417151451111 **** Metrics validation: {'accuracy': 0.6099180007809449, 'f1_weighted': 0.6252938048856737, 'macro': 0.5808891717428857, 'micro': 0.6099180007809449, 'binary': 0.47058823529411764, 'accuracy_majority': 0.6105476673427992, 'macro_majority': 0.580635379459451, 'binary_majority': 0.46863468634686345, 'run_time_millis': 11249.378215987235, 'loss_mean': 0.30342790484428406}
Epoch 2 **** Loss 0.21222476661205292 **** Metrics validation: {'accuracy': 0.5970324092151503, 'f1_weighted': 0.6140800852743566, 'macro': 0.5786442908851596, 'micro': 0.5970324092151503, 'binary': 0.49062191510365244, 'accuracy_majority': 0.6031102096010819, 'macro_majority': 0.5831031974126816, 'binary_majority': 0.49177489177489175, 'run_time_millis': 10797.512357996311, 'loss_mean': 0.3222132623195648}
Epoch 3 **** Loss 0.18224826455116272 **** Metrics validation: {'accuracy': 0.57594689574385, 'f1_weighted': 0.5932072893149347, 'macro': 0.56334912526831, 'micro': 0.57594689574385, 'binary': 0.4891815616180621, 'accuracy_majority': 0.5767410412440839, 'macro_majority': 0.5629201537857271, 'binary_majority': 0.48519736842105254, 'run_time_millis': 11269.87277000444, 'loss_mean': 0.3812617063522339}
Epoch 4 **** Loss 0.14428898692131042 **** Metrics validation: {'accuracy': 0.6376415462709879, 'f1_weighted': 0.6485308203856349, 'macro': 0.5970315469351712, 'micro': 0.6376415462709879, 'binary': 0.4691075514874141, 'accuracy_majority': 0.6490872210953347, 'macro_majority': 0.6042145220494402, 'binary_majority': 0.4709480122324159, 'run_time_millis': 10344.546534994151, 'loss_mean': 0.3990008533000946}
Epoch 5 **** Loss 0.12190669775009155 **** Metrics validation: {'accuracy': 0.6489652479500195, 'f1_weighted': 0.6552407476775985, 'macro': 0.5969520970547698, 'micro': 0.6489652479500195, 'binary': 0.4521633150517977, 'accuracy_majority': 0.6599053414469236, 'macro_majority': 0.6020333325309132, 'binary_majority': 0.45027322404371584, 'run_time_millis': 11232.007546990644, 'loss_mean': 0.4509386122226715}
Epoch 6 **** Loss 0.04351412132382393 **** Metrics validation: {'accuracy': 0.6278797344787193, 'f1_weighted': 0.6406937019418024, 'macro': 0.591943884766752, 'micro': 0.6278797344787193, 'binary': 0.4708495280399778, 'accuracy_majority': 0.6362407031778229, 'macro_majority': 0.5970965912543293, 'binary_majority': 0.4715127701375246, 'run_time_millis': 11239.675941003952, 'loss_mean': 0.49595439434051514}
Epoch 7 **** Loss 0.041876498609781265 **** Metrics validation: {'accuracy': 0.669660288949629, 'f1_weighted': 0.6644492026652449, 'macro': 0.5937567032020868, 'micro': 0.669660288949629, 'binary': 0.41815680880330125, 'accuracy_majority': 0.6693711967545639, 'macro_majority': 0.584001182600813, 'binary_majority': 0.3955500618046972, 'run_time_millis': 10280.086517974269, 'loss_mean': 0.5454009175300598}
Epoch 8 **** Loss 0.15222814679145813 **** Metrics validation: {'accuracy': 0.6485747754783288, 'f1_weighted': 0.656605966407699, 'macro': 0.6014049140864945, 'micro': 0.6485747754783288, 'binary': 0.4642857142857142, 'accuracy_majority': 0.6572008113590264, 'macro_majority': 0.6049240330727604, 'binary_majority': 0.46121147715196603, 'run_time_millis': 10851.719083002536, 'loss_mean': 0.5392710566520691}
Epoch 9 **** Loss 0.047108881175518036 **** Metrics validation: {'accuracy': 0.6520890277235455, 'f1_weighted': 0.6542677270606861, 'macro': 0.5900894694437733, 'micro': 0.6520890277235455, 'binary': 0.4306709265175719, 'accuracy_majority': 0.6544962812711291, 'macro_majority': 0.5836765654496869, 'binary_majority': 0.41196777905638665, 'run_time_millis': 10362.543420982547, 'loss_mean': 0.5610009431838989}
Evaluating
{'accuracy': 0.669660288949629, 'f1_weighted': 0.6644492026652449, 'macro': 0.5937567032020868, 'micro': 0.669660288949629, 'binary': 0.41815680880330125, 'accuracy_majority': 0.6693711967545639, 'macro_majority': 0.584001182600813, 'binary_majority': 0.3955500618046972, 'run_time_millis': 10525.662733009085, 'loss_mean': 0.5454009175300598}
Device cuda
Split type sit
Training Size: 2598, NTA labels 1750, YTA labels 848
Validation Size: 2561, NTA labels 1796, YTA labels 765
Test Size: 2951, NTA labels 2102, YTA labels 849
Training with SBERT, model name is sbert
Tokenizing the dataset
Number of training steps 820
Epoch 0 **** Loss 0.24651473760604858 **** Metrics validation: {'accuracy': 0.5181569699336197, 'f1_weighted': 0.5302032378107636, 'macro': 0.5153471347230418, 'micro': 0.5181569699336197, 'binary': 0.4784446322907861, 'accuracy_majority': 0.5165652467883706, 'macro_majority': 0.5134682636482715, 'binary_majority': 0.47465099191770754, 'run_time_millis': 11256.744874990545, 'loss_mean': 0.29742899537086487}
Epoch 1 **** Loss 0.21294043958187103 **** Metrics validation: {'accuracy': 0.6255368996485747, 'f1_weighted': 0.6374232575578066, 'macro': 0.585715092982203, 'micro': 0.6255368996485747, 'binary': 0.4572722127900396, 'accuracy_majority': 0.6166328600405679, 'macro_majority': 0.575970696933827, 'binary_majority': 0.44466209598432904, 'run_time_millis': 11343.708244996378, 'loss_mean': 0.304907888174057}
Epoch 2 **** Loss 0.23189841210842133 **** Metrics validation: {'accuracy': 0.5568137446310035, 'f1_weighted': 0.5723170106906085, 'macro': 0.5499619515193459, 'micro': 0.5568137446310035, 'binary': 0.4944320712694877, 'accuracy_majority': 0.5503718728870859, 'macro_majority': 0.5433033755342835, 'binary_majority': 0.4864864864864865, 'run_time_millis': 11300.751187984133, 'loss_mean': 0.3325572907924652}
Epoch 3 **** Loss 0.12698516249656677 **** Metrics validation: {'accuracy': 0.6399843811011323, 'f1_weighted': 0.6487173447988187, 'macro': 0.5931390387968764, 'micro': 0.6399843811011323, 'binary': 0.45508274231678486, 'accuracy_majority': 0.6443542934415145, 'macro_majority': 0.5912716092451633, 'binary_majority': 0.4439746300211416, 'run_time_millis': 11183.944074000465, 'loss_mean': 0.3764587342739105}
Epoch 4 **** Loss 0.02667996846139431 **** Metrics validation: {'accuracy': 0.6669269816477938, 'f1_weighted': 0.6649078915615718, 'macro': 0.5977568632101224, 'micro': 0.6669269816477938, 'binary': 0.4309539693128752, 'accuracy_majority': 0.6693711967545639, 'macro_majority': 0.5972125765427595, 'binary_majority': 0.42672919109026963, 'run_time_millis': 11177.140354004223, 'loss_mean': 0.4453478157520294}
Epoch 5 **** Loss 0.029667166993021965 **** Metrics validation: {'accuracy': 0.6673174541194846, 'f1_weighted': 0.6632608940287807, 'macro': 0.5935556698035184, 'micro': 0.6673174541194846, 'binary': 0.42040816326530617, 'accuracy_majority': 0.6680189317106153, 'macro_majority': 0.5909432725146555, 'binary_majority': 0.4133811230585424, 'run_time_millis': 11181.715501996223, 'loss_mean': 0.5204673409461975}
Epoch 6 **** Loss 0.2217535823583603 **** Metrics validation: {'accuracy': 0.6587270597422882, 'f1_weighted': 0.663622354487143, 'macro': 0.6049357395808035, 'micro': 0.6587270597422882, 'binary': 0.4591584158415841, 'accuracy_majority': 0.6632860040567952, 'macro_majority': 0.6038205336741412, 'binary_majority': 0.4503311258278146, 'run_time_millis': 10588.999782979954, 'loss_mean': 0.5312699675559998}
Epoch 7 **** Loss 0.023383082821965218 **** Metrics validation: {'accuracy': 0.6700507614213198, 'f1_weighted': 0.6669530529555053, 'macro': 0.5990011927798737, 'micro': 0.6700507614213198, 'binary': 0.43020903573836816, 'accuracy_majority': 0.6700473292765382, 'macro_majority': 0.5949018674593303, 'binary_majority': 0.4204275534441805, 'run_time_millis': 10993.072651006514, 'loss_mean': 0.6091169714927673}
Epoch 8 **** Loss 0.009383703581988811 **** Metrics validation: {'accuracy': 0.675907848496681, 'f1_weighted': 0.6637111129770558, 'macro': 0.5860886788984536, 'micro': 0.675907848496681, 'binary': 0.3932748538011696, 'accuracy_majority': 0.6768086544962812, 'macro_majority': 0.5803782141076474, 'binary_majority': 0.3792207792207792, 'run_time_millis': 11083.868238987634, 'loss_mean': 0.6595245599746704}
Epoch 9 **** Loss 0.029516438022255898 **** Metrics validation: {'accuracy': 0.6700507614213198, 'f1_weighted': 0.6668126541748144, 'macro': 0.5986802343554845, 'micro': 0.6700507614213198, 'binary': 0.4294395678595544, 'accuracy_majority': 0.6720757268424611, 'macro_majority': 0.5976796816503034, 'binary_majority': 0.4246737841043891, 'run_time_millis': 11185.274703981122, 'loss_mean': 0.6316962838172913}
Evaluating
{'accuracy': 0.6700507614213198, 'f1_weighted': 0.6669530529555053, 'macro': 0.5990011927798737, 'micro': 0.6700507614213198, 'binary': 0.43020903573836816, 'accuracy_majority': 0.6700473292765382, 'macro_majority': 0.5949018674593303, 'binary_majority': 0.4204275534441805, 'run_time_millis': 10377.286720002303, 'loss_mean': 0.6091169714927673}
Device cuda
Split type sit
Training Size: 3148, NTA labels 2100, YTA labels 1048
Validation Size: 2561, NTA labels 1796, YTA labels 765
Test Size: 2951, NTA labels 2102, YTA labels 849
Training with SBERT, model name is sbert
Tokenizing the dataset
Number of training steps 990
Epoch 0 **** Loss 0.3124332129955292 **** Metrics validation: {'accuracy': 0.62827020695041, 'f1_weighted': 0.6320083090612043, 'macro': 0.5655603215400165, 'micro': 0.62827020695041, 'binary': 0.4005037783375315, 'accuracy_majority': 0.6260987153482083, 'macro_majority': 0.5640440131188645, 'binary_majority': 0.3995656894679696, 'run_time_millis': 11162.687598989578, 'loss_mean': 0.2938738465309143}
Epoch 1 **** Loss 0.28613314032554626 **** Metrics validation: {'accuracy': 0.6228035923467395, 'f1_weighted': 0.6365814169568668, 'macro': 0.5895452011520952, 'micro': 0.6228035923467395, 'binary': 0.472707423580786, 'accuracy_majority': 0.6281271129141311, 'macro_majority': 0.5956766805177247, 'binary_majority': 0.4811320754716981, 'run_time_millis': 11165.37775498, 'loss_mean': 0.3017127513885498}
Epoch 2 **** Loss 0.16283106803894043 **** Metrics validation: {'accuracy': 0.6501366653650917, 'f1_weighted': 0.6535429084235319, 'macro': 0.5908315406868927, 'micro': 0.6501366653650917, 'binary': 0.4350567465321564, 'accuracy_majority': 0.656524678837052, 'macro_majority': 0.5948626916407119, 'binary_majority': 0.43680709534368073, 'run_time_millis': 10690.444667008705, 'loss_mean': 0.34010252356529236}
Epoch 3 **** Loss 0.06351501494646072 **** Metrics validation: {'accuracy': 0.6610698945724326, 'f1_weighted': 0.6646932241939606, 'macro': 0.6044407590359732, 'micro': 0.6610698945724326, 'binary': 0.45477386934673364, 'accuracy_majority': 0.6544962812711291, 'macro_majority': 0.5947221630862438, 'binary_majority': 0.4390779363336993, 'run_time_millis': 10191.064576007193, 'loss_mean': 0.361378014087677}
Epoch 4 **** Loss 0.12919650971889496 **** Metrics validation: {'accuracy': 0.6567746973838344, 'f1_weighted': 0.660061150774611, 'macro': 0.5984550881220517, 'micro': 0.6567746973838344, 'binary': 0.44542586750788643, 'accuracy_majority': 0.6490872210953347, 'macro_majority': 0.5873683044869608, 'binary_majority': 0.4277839029768468, 'run_time_millis': 11207.220456009964, 'loss_mean': 0.40217190980911255}
Epoch 5 **** Loss 0.013590770773589611 **** Metrics validation: {'accuracy': 0.6118703631393987, 'f1_weighted': 0.626709026718861, 'macro': 0.580628719036856, 'micro': 0.6118703631393987, 'binary': 0.4661654135338346, 'accuracy_majority': 0.6146044624746451, 'macro_majority': 0.5820111539056518, 'binary_majority': 0.4652908067542214, 'run_time_millis': 11204.20866200584, 'loss_mean': 0.47222018241882324}
Epoch 6 **** Loss 0.16088305413722992 **** Metrics validation: {'accuracy': 0.6345177664974619, 'f1_weighted': 0.6435496277892742, 'macro': 0.5874541519347057, 'micro': 0.6345177664974619, 'binary': 0.4481132075471698, 'accuracy_majority': 0.6281271129141311, 'macro_majority': 0.5781648654815491, 'binary_majority': 0.43298969072164945, 'run_time_millis': 11196.339554997394, 'loss_mean': 0.4925368130207062}
Epoch 7 **** Loss 0.05970962718129158 **** Metrics validation: {'accuracy': 0.6841077704021866, 'f1_weighted': 0.6614185440755281, 'macro': 0.5744572342510488, 'micro': 0.6841077704021866, 'binary': 0.3584456780333069, 'accuracy_majority': 0.6673427991886409, 'macro_majority': 0.5542386254484152, 'binary_majority': 0.32970027247956407, 'run_time_millis': 11196.369325974956, 'loss_mean': 0.6492503881454468}
Epoch 8 **** Loss 0.03232598304748535 **** Metrics validation: {'accuracy': 0.6770792659117533, 'f1_weighted': 0.6703954894062071, 'macro': 0.599354524692618, 'micro': 0.6770792659117533, 'binary': 0.4228890439637125, 'accuracy_majority': 0.6666666666666666, 'macro_majority': 0.5850293522584024, 'binary_majority': 0.40097205346294046, 'run_time_millis': 9180.014222016325, 'loss_mean': 0.6052718162536621}
Epoch 9 **** Loss 0.031247353181242943 **** Metrics validation: {'accuracy': 0.6825458805154236, 'f1_weighted': 0.6679184305252375, 'macro': 0.5889608339813525, 'micro': 0.6825458805154236, 'binary': 0.39283047050037345, 'accuracy_majority': 0.6693711967545639, 'macro_majority': 0.5718005571327497, 'binary_majority': 0.3673997412677878, 'run_time_millis': 11202.822821011068, 'loss_mean': 0.6546726226806641}
Evaluating
{'accuracy': 0.6770792659117533, 'f1_weighted': 0.6703954894062071, 'macro': 0.599354524692618, 'micro': 0.6770792659117533, 'binary': 0.4228890439637125, 'accuracy_majority': 0.6666666666666666, 'macro_majority': 0.5850293522584024, 'binary_majority': 0.40097205346294046, 'run_time_millis': 11183.51626500953, 'loss_mean': 0.6052718162536621}
Device cuda
Split type sit
Training Size: 3640, NTA labels 2465, YTA labels 1175
Validation Size: 2561, NTA labels 1796, YTA labels 765
Test Size: 2951, NTA labels 2102, YTA labels 849
Training with SBERT, model name is sbert
Tokenizing the dataset
Number of training steps 1140
Epoch 0 **** Loss 0.2617097795009613 **** Metrics validation: {'accuracy': 0.7048028114017961, 'f1_weighted': 0.6610130635982281, 'macro': 0.558870009332439, 'micro': 0.7048028114017961, 'binary': 0.30514705882352944, 'accuracy_majority': 0.6923597025016903, 'macro_majority': 0.5519247172001063, 'binary_majority': 0.30107526881720426, 'run_time_millis': 11165.493617008906, 'loss_mean': 0.29375171661376953}
Epoch 1 **** Loss 0.2397627830505371 **** Metrics validation: {'accuracy': 0.5540804373291683, 'f1_weighted': 0.5725645489089524, 'macro': 0.5390132829956471, 'micro': 0.5540804373291683, 'binary': 0.45567206863679693, 'accuracy_majority': 0.5544286680189318, 'macro_majority': 0.5408876903329134, 'binary_majority': 0.4620408163265306, 'run_time_millis': 11192.717700992944, 'loss_mean': 0.30634933710098267}
Epoch 2 **** Loss 0.18999938666820526 **** Metrics validation: {'accuracy': 0.6751269035532995, 'f1_weighted': 0.6539708062372337, 'macro': 0.5667230609057783, 'micro': 0.6751269035532995, 'binary': 0.35000000000000003, 'accuracy_majority': 0.6720757268424611, 'macro_majority': 0.5656892608879661, 'binary_majority': 0.3507362784471218, 'run_time_millis': 11195.669474982424, 'loss_mean': 0.38908082246780396}
Epoch 3 **** Loss 0.13751623034477234 **** Metrics validation: {'accuracy': 0.6345177664974619, 'f1_weighted': 0.6379584251464032, 'macro': 0.5722673313119893, 'micro': 0.6345177664974619, 'binary': 0.40909090909090906, 'accuracy_majority': 0.6348884381338742, 'macro_majority': 0.5760467980295566, 'binary_majority': 0.41810344827586204, 'run_time_millis': 11201.572181977099, 'loss_mean': 0.4111473262310028}
Epoch 4 **** Loss 0.11680015176534653 **** Metrics validation: {'accuracy': 0.626708317063647, 'f1_weighted': 0.6329187034076275, 'macro': 0.5701450924209225, 'micro': 0.626708317063647, 'binary': 0.4142156862745098, 'accuracy_majority': 0.6328600405679513, 'macro_majority': 0.5778250893004991, 'binary_majority': 0.4253968253968254, 'run_time_millis': 11198.020949988859, 'loss_mean': 0.47799307107925415}
Epoch 5 **** Loss 0.057493314146995544 **** Metrics validation: {'accuracy': 0.626708317063647, 'f1_weighted': 0.634599852783319, 'macro': 0.5747750489084522, 'micro': 0.626708317063647, 'binary': 0.42617046818727494, 'accuracy_majority': 0.6281271129141311, 'macro_majority': 0.5777181361352216, 'binary_majority': 0.4318181818181818, 'run_time_millis': 11193.13286698889, 'loss_mean': 0.5136547088623047}
Epoch 6 **** Loss 0.16079482436180115 **** Metrics validation: {'accuracy': 0.6333463490823897, 'f1_weighted': 0.6344891656566782, 'macro': 0.5651807016512899, 'micro': 0.6333463490823897, 'binary': 0.3930187459599224, 'accuracy_majority': 0.6355645706558486, 'macro_majority': 0.5654754020620243, 'binary_majority': 0.39096045197740115, 'run_time_millis': 10798.257436981658, 'loss_mean': 0.567794919013977}
Epoch 7 **** Loss 0.07580585032701492 **** Metrics validation: {'accuracy': 0.6684888715345568, 'f1_weighted': 0.6545888850371774, 'macro': 0.573623426964871, 'micro': 0.6684888715345568, 'binary': 0.37250554323725055, 'accuracy_majority': 0.6639621365787695, 'macro_majority': 0.5683780332056194, 'binary_majority': 0.3652618135376756, 'run_time_millis': 11199.433459987631, 'loss_mean': 0.6546712517738342}
Epoch 8 **** Loss 0.07662168145179749 **** Metrics validation: {'accuracy': 0.6602889496290512, 'f1_weighted': 0.6523464750541792, 'macro': 0.5765252594366519, 'micro': 0.6602889496290512, 'binary': 0.38818565400843874, 'accuracy_majority': 0.6558485463150777, 'macro_majority': 0.572833686179204, 'binary_majority': 0.3845223700120919, 'run_time_millis': 11192.524878017139, 'loss_mean': 0.658520519733429}
Epoch 9 **** Loss 0.09006756544113159 **** Metrics validation: {'accuracy': 0.6673174541194846, 'f1_weighted': 0.651888003570584, 'macro': 0.5690350685918524, 'micro': 0.6673174541194846, 'binary': 0.3632286995515695, 'accuracy_majority': 0.6619337390128465, 'macro_majority': 0.5661270487955992, 'binary_majority': 0.3622448979591837, 'run_time_millis': 11190.576809021877, 'loss_mean': 0.7160372138023376}
Evaluating
{'accuracy': 0.7048028114017961, 'f1_weighted': 0.6610130635982281, 'macro': 0.558870009332439, 'micro': 0.7048028114017961, 'binary': 0.30514705882352944, 'accuracy_majority': 0.6923597025016903, 'macro_majority': 0.5519247172001063, 'binary_majority': 0.30107526881720426, 'run_time_millis': 11181.970960984472, 'loss_mean': 0.29375171661376953}
Device cuda
Split type sit
Training Size: 4190, NTA labels 2851, YTA labels 1339
Validation Size: 2561, NTA labels 1796, YTA labels 765
Test Size: 2951, NTA labels 2102, YTA labels 849
Training with SBERT, model name is sbert
Tokenizing the dataset
Number of training steps 1310
Epoch 0 **** Loss 0.3203316926956177 **** Metrics validation: {'accuracy': 0.6345177664974619, 'f1_weighted': 0.643299301245416, 'macro': 0.5867132867132867, 'micro': 0.6345177664974619, 'binary': 0.4461538461538462, 'accuracy_majority': 0.6206896551724138, 'macro_majority': 0.5768607221812823, 'binary_majority': 0.44067796610169496, 'run_time_millis': 9159.312054980546, 'loss_mean': 0.29207512736320496}
Epoch 1 **** Loss 0.35102367401123047 **** Metrics validation: {'accuracy': 0.6395939086294417, 'f1_weighted': 0.6455394668341053, 'macro': 0.5848476796162014, 'micro': 0.6395939086294417, 'binary': 0.43408951563458004, 'accuracy_majority': 0.6389452332657201, 'macro_majority': 0.5812464210727238, 'binary_majority': 0.4258064516129032, 'run_time_millis': 10137.172478018329, 'loss_mean': 0.3088856339454651}
Epoch 2 **** Loss 0.18392127752304077 **** Metrics validation: {'accuracy': 0.6317844591956268, 'f1_weighted': 0.6419531958399359, 'macro': 0.5876321208125636, 'micro': 0.6317844591956268, 'binary': 0.45269878119558904, 'accuracy_majority': 0.625422582826234, 'macro_majority': 0.5798709103140485, 'binary_majority': 0.4415322580645162, 'run_time_millis': 10742.629204003606, 'loss_mean': 0.35446420311927795}
Epoch 3 **** Loss 0.0816834419965744 **** Metrics validation: {'accuracy': 0.6911362748926201, 'f1_weighted': 0.6662040068242238, 'macro': 0.5784730567268968, 'micro': 0.6911362748926201, 'binary': 0.36054971705739697, 'accuracy_majority': 0.6883029073698445, 'macro_majority': 0.5699021930087398, 'binary_majority': 0.3442389758179232, 'run_time_millis': 11191.852101997938, 'loss_mean': 0.4409830868244171}
Epoch 4 **** Loss 0.18499311804771423 **** Metrics validation: {'accuracy': 0.6688793440062476, 'f1_weighted': 0.6535223321923183, 'macro': 0.5710583781289797, 'micro': 0.6688793440062476, 'binary': 0.3662182361733931, 'accuracy_majority': 0.6700473292765382, 'macro_majority': 0.5701482723790284, 'binary_majority': 0.36292428198433424, 'run_time_millis': 11193.598137993831, 'loss_mean': 0.48770806193351746}
Epoch 5 **** Loss 0.11272750049829483 **** Metrics validation: {'accuracy': 0.6692698164779383, 'f1_weighted': 0.6476179844325298, 'macro': 0.5586815747161304, 'micro': 0.6692698164779383, 'binary': 0.3377638780297107, 'accuracy_majority': 0.6659905341446923, 'macro_majority': 0.5540503918552699, 'binary_majority': 0.33062330623306235, 'run_time_millis': 9181.481884996174, 'loss_mean': 0.6033219695091248}
Epoch 6 **** Loss 0.10321008414030075 **** Metrics validation: {'accuracy': 0.6489652479500195, 'f1_weighted': 0.6381516548563995, 'macro': 0.5567734469766755, 'micro': 0.6489652479500195, 'binary': 0.3546302943287868, 'accuracy_majority': 0.6504394861392833, 'macro_majority': 0.5588169620318896, 'binary_majority': 0.35776397515527947, 'run_time_millis': 11197.650087997317, 'loss_mean': 0.6160663366317749}
Epoch 7 **** Loss 0.100895956158638 **** Metrics validation: {'accuracy': 0.6739554861382272, 'f1_weighted': 0.6435130552281961, 'macro': 0.5469402974797589, 'micro': 0.6739554861382272, 'binary': 0.3070539419087137, 'accuracy_majority': 0.6720757268424611, 'macro_majority': 0.54751098396798, 'binary_majority': 0.310099573257468, 'run_time_millis': 11193.744290008908, 'loss_mean': 0.7472302913665771}
Epoch 8 **** Loss 0.06108462065458298 **** Metrics validation: {'accuracy': 0.6708317063647012, 'f1_weighted': 0.6481299015153393, 'macro': 0.5584534233555996, 'micro': 0.6708317063647012, 'binary': 0.3356973995271868, 'accuracy_majority': 0.6693711967545639, 'macro_majority': 0.5605449203856004, 'binary_majority': 0.34185733512786004, 'run_time_millis': 10992.72493601893, 'loss_mean': 0.7181220054626465}
Epoch 9 **** Loss 0.047101106494665146 **** Metrics validation: {'accuracy': 0.6766887934400625, 'f1_weighted': 0.6408073851876672, 'macro': 0.5397316149466302, 'micro': 0.6766887934400625, 'binary': 0.28865979381443296, 'accuracy_majority': 0.6747802569303584, 'macro_majority': 0.5412214464120229, 'binary_majority': 0.29368575624082227, 'run_time_millis': 11190.490282024257, 'loss_mean': 0.7985585331916809}
Evaluating
{'accuracy': 0.6911362748926201, 'f1_weighted': 0.6662040068242238, 'macro': 0.5784730567268968, 'micro': 0.6911362748926201, 'binary': 0.36054971705739697, 'accuracy_majority': 0.6883029073698445, 'macro_majority': 0.5699021930087398, 'binary_majority': 0.3442389758179232, 'run_time_millis': 11149.724086979404, 'loss_mean': 0.4409830868244171}
Device cuda
Split type sit
Training Size: 4688, NTA labels 3196, YTA labels 1492
Validation Size: 2561, NTA labels 1796, YTA labels 765
Test Size: 2951, NTA labels 2102, YTA labels 849
Training with SBERT, model name is sbert
Tokenizing the dataset
Number of training steps 1470
Epoch 0 **** Loss 0.23931047320365906 **** Metrics validation: {'accuracy': 0.5614994142912925, 'f1_weighted': 0.578492097251388, 'macro': 0.5514141125035387, 'micro': 0.5614994142912925, 'binary': 0.48415250344510796, 'accuracy_majority': 0.5544286680189318, 'macro_majority': 0.5445332692810049, 'binary_majority': 0.4773988897700238, 'run_time_millis': 11160.306883015437, 'loss_mean': 0.29605430364608765}
Epoch 1 **** Loss 0.25216251611709595 **** Metrics validation: {'accuracy': 0.5876610698945725, 'f1_weighted': 0.6049422915027676, 'macro': 0.5646324736791268, 'micro': 0.5876610698945725, 'binary': 0.4645030425963489, 'accuracy_majority': 0.5936443542934415, 'macro_majority': 0.569828638794156, 'binary_majority': 0.46861184792219274, 'run_time_millis': 11176.41659200308, 'loss_mean': 0.30526837706565857}
Epoch 2 **** Loss 0.13230949640274048 **** Metrics validation: {'accuracy': 0.5833658727059742, 'f1_weighted': 0.6005607526477628, 'macro': 0.5574271243752957, 'micro': 0.5833658727059742, 'binary': 0.4502833590932509, 'accuracy_majority': 0.5963488843813387, 'macro_majority': 0.5715238231576087, 'binary_majority': 0.4683882457702583, 'run_time_millis': 10180.945449013961, 'loss_mean': 0.33513572812080383}
Epoch 3 **** Loss 0.18914014101028442 **** Metrics validation: {'accuracy': 0.671222178836392, 'f1_weighted': 0.6567604714982385, 'macro': 0.5757277526632585, 'micro': 0.671222178836392, 'binary': 0.37444279346210996, 'accuracy_majority': 0.6808654496281271, 'macro_majority': 0.5863407743103783, 'binary_majority': 0.38860103626943004, 'run_time_millis': 11190.739394980483, 'loss_mean': 0.45739907026290894}
Epoch 4 **** Loss 0.19654221832752228 **** Metrics validation: {'accuracy': 0.6028894962905115, 'f1_weighted': 0.6173700278197564, 'macro': 0.5677705992262299, 'micro': 0.6028894962905115, 'binary': 0.4445658110322228, 'accuracy_majority': 0.6193373901284652, 'macro_majority': 0.583470937954114, 'binary_majority': 0.461244019138756, 'run_time_millis': 11184.945048997179, 'loss_mean': 0.46428877115249634}
Epoch 5 **** Loss 0.08052380383014679 **** Metrics validation: {'accuracy': 0.6649746192893401, 'f1_weighted': 0.6584408050141934, 'macro': 0.5852194733003221, 'micro': 0.6649746192893401, 'binary': 0.40333796940194716, 'accuracy_majority': 0.6713995943204868, 'macro_majority': 0.5924372320881812, 'binary_majority': 0.41304347826086957, 'run_time_millis': 11188.5915529856, 'loss_mean': 0.5482897162437439}
Epoch 6 **** Loss 0.05094103887677193 **** Metrics validation: {'accuracy': 0.6614603670441234, 'f1_weighted': 0.6512107358776601, 'macro': 0.5729339230434118, 'micro': 0.6614603670441234, 'binary': 0.378494623655914, 'accuracy_majority': 0.6741041244083841, 'macro_majority': 0.5890037082476223, 'binary_majority': 0.401985111662531, 'run_time_millis': 11190.043064008933, 'loss_mean': 0.6977280378341675}
Epoch 7 **** Loss 0.08550851792097092 **** Metrics validation: {'accuracy': 0.652869972666927, 'f1_weighted': 0.6526738191748402, 'macro': 0.5852624023943609, 'micro': 0.652869972666927, 'binary': 0.4178127046496398, 'accuracy_majority': 0.6659905341446923, 'macro_majority': 0.5977969348659004, 'binary_majority': 0.43218390804597695, 'run_time_millis': 11193.917967990274, 'loss_mean': 0.6595340371131897}
Epoch 8 **** Loss 0.03412565588951111 **** Metrics validation: {'accuracy': 0.6423272159312768, 'f1_weighted': 0.6416471526473271, 'macro': 0.5715326280721236, 'micro': 0.6423272159312768, 'binary': 0.39736842105263154, 'accuracy_majority': 0.6551724137931034, 'macro_majority': 0.58194404416166, 'binary_majority': 0.4069767441860465, 'run_time_millis': 11194.829528976697, 'loss_mean': 0.7079955339431763}
Epoch 9 **** Loss 0.12528610229492188 **** Metrics validation: {'accuracy': 0.6661460367044123, 'f1_weighted': 0.6556842751040102, 'macro': 0.5780866045283644, 'micro': 0.6661460367044123, 'binary': 0.385334291876348, 'accuracy_majority': 0.6754563894523327, 'macro_majority': 0.5848323937402045, 'binary_majority': 0.3908629441624366, 'run_time_millis': 11190.430524002295, 'loss_mean': 0.7821256518363953}
Evaluating
{'accuracy': 0.6649746192893401, 'f1_weighted': 0.6584408050141934, 'macro': 0.5852194733003221, 'micro': 0.6649746192893401, 'binary': 0.40333796940194716, 'accuracy_majority': 0.6713995943204868, 'macro_majority': 0.5924372320881812, 'binary_majority': 0.41304347826086957, 'run_time_millis': 11145.680518995505, 'loss_mean': 0.5482897162437439}
Device cuda
Split type sit
Training Size: 5215, NTA labels 3581, YTA labels 1634
Validation Size: 2561, NTA labels 1796, YTA labels 765
Test Size: 2951, NTA labels 2102, YTA labels 849
Training with SBERT, model name is sbert
Tokenizing the dataset
Number of training steps 1630
Epoch 0 **** Loss 0.27399325370788574 **** Metrics validation: {'accuracy': 0.6841077704021866, 'f1_weighted': 0.6558931073826245, 'macro': 0.5635460674678034, 'micro': 0.6841077704021866, 'binary': 0.33415637860082303, 'accuracy_majority': 0.6808654496281271, 'macro_majority': 0.5574663387174481, 'binary_majority': 0.32378223495702, 'run_time_millis': 10168.717436987208, 'loss_mean': 0.2981945872306824}
Epoch 1 **** Loss 0.2642253339290619 **** Metrics validation: {'accuracy': 0.646622413119875, 'f1_weighted': 0.65056665315269, 'macro': 0.5880049381706548, 'micro': 0.646622413119875, 'binary': 0.43260188087774293, 'accuracy_majority': 0.6477349560513861, 'macro_majority': 0.5907240363364612, 'binary_majority': 0.4379719525350593, 'run_time_millis': 11197.077992022969, 'loss_mean': 0.3222806453704834}
Epoch 2 **** Loss 0.2418542355298996 **** Metrics validation: {'accuracy': 0.6548223350253807, 'f1_weighted': 0.6572759347986482, 'macro': 0.594034400642681, 'micro': 0.6548223350253807, 'binary': 0.43694267515923574, 'accuracy_majority': 0.6511156186612576, 'macro_majority': 0.587452159058966, 'binary_majority': 0.42538975501113585, 'run_time_millis': 11201.919893006561, 'loss_mean': 0.34542009234428406}
Epoch 3 **** Loss 0.2018595188856125 **** Metrics validation: {'accuracy': 0.5892229597813354, 'f1_weighted': 0.604969618617957, 'macro': 0.5563624172390444, 'micro': 0.5892229597813354, 'binary': 0.4356223175965665, 'accuracy_majority': 0.5936443542934415, 'macro_majority': 0.5601736189971485, 'binary_majority': 0.4388422035480859, 'run_time_millis': 11191.233564983122, 'loss_mean': 0.4066125452518463}
Epoch 4 **** Loss 0.11269089579582214 **** Metrics validation: {'accuracy': 0.6638032018742679, 'f1_weighted': 0.661211780328231, 'macro': 0.5927052261240259, 'micro': 0.6638032018742679, 'binary': 0.4225352112676056, 'accuracy_majority': 0.6544962812711291, 'macro_majority': 0.5808364868020195, 'binary_majority': 0.40512223515715945, 'run_time_millis': 11198.563643993111, 'loss_mean': 0.4998587965965271}
Epoch 5 **** Loss 0.044222138822078705 **** Metrics validation: {'accuracy': 0.6704412338930106, 'f1_weighted': 0.6610670100366333, 'macro': 0.5855605663184698, 'micro': 0.6704412338930106, 'binary': 0.39800285306704714, 'accuracy_majority': 0.6707234617985125, 'macro_majority': 0.5857026092568425, 'binary_majority': 0.39802224969097644, 'run_time_millis': 11201.58458899823, 'loss_mean': 0.5486700534820557}
Epoch 6 **** Loss 0.04850323870778084 **** Metrics validation: {'accuracy': 0.6731745411948458, 'f1_weighted': 0.6664099451426787, 'macro': 0.5945099602995421, 'micro': 0.6731745411948458, 'binary': 0.415910676901605, 'accuracy_majority': 0.6700473292765382, 'macro_majority': 0.5913624422502038, 'binary_majority': 0.41204819277108434, 'run_time_millis': 11177.173686010065, 'loss_mean': 0.6086361408233643}
Epoch 7 **** Loss 0.11818506568670273 **** Metrics validation: {'accuracy': 0.6751269035532995, 'f1_weighted': 0.66159982141083, 'macro': 0.5823587890876134, 'micro': 0.6751269035532995, 'binary': 0.3855243722304284, 'accuracy_majority': 0.6768086544962812, 'macro_majority': 0.583856042946952, 'binary_majority': 0.3871794871794872, 'run_time_millis': 11186.386714020045, 'loss_mean': 0.7111142873764038}
Epoch 8 **** Loss 0.142811119556427 **** Metrics validation: {'accuracy': 0.6692698164779383, 'f1_weighted': 0.6627410846306407, 'macro': 0.5903634229686641, 'micro': 0.6692698164779383, 'binary': 0.4105775922059847, 'accuracy_majority': 0.6666666666666666, 'macro_majority': 0.5886811398399621, 'binary_majority': 0.40958083832335324, 'run_time_millis': 11183.93214698881, 'loss_mean': 0.6894939541816711}
Epoch 9 **** Loss 0.060456592589616776 **** Metrics validation: {'accuracy': 0.6747364310816087, 'f1_weighted': 0.6634891964936135, 'macro': 0.5866951643067058, 'micro': 0.6747364310816087, 'binary': 0.3959390862944162, 'accuracy_majority': 0.6741041244083841, 'macro_majority': 0.5883638908521459, 'binary_majority': 0.40049751243781095, 'run_time_millis': 11192.640276014572, 'loss_mean': 0.7339058518409729}
Evaluating
{'accuracy': 0.6731745411948458, 'f1_weighted': 0.6664099451426787, 'macro': 0.5945099602995421, 'micro': 0.6731745411948458, 'binary': 0.415910676901605, 'accuracy_majority': 0.6700473292765382, 'macro_majority': 0.5913624422502038, 'binary_majority': 0.41204819277108434, 'run_time_millis': 11167.93132998282, 'loss_mean': 0.6086361408233643}
