Device cuda
Split type sit
Training Size: 109518, NTA labels 106880, YTA labels 2638
Validation Size: 36386, NTA labels 35533, YTA labels 853
Test Size: 36472, NTA labels 35552, YTA labels 920
Training with SBERT, model name is sbert
Tokenizing the dataset
Number of training steps 34230
Epoch 0 **** Loss 0.019944528117775917 **** Metrics validation: {'accuracy': 0.9639146924641345, 'f1_weighted': 0.9662576358549252, 'macro': 0.657309815350652, 'micro': 0.9639146924641345, 'binary': 0.3331640426612493, 'accuracy_majority': 0.9700899031811895, 'macro_majority': 0.6777949333054265, 'binary_majority': 0.3709090909090909, 'run_time_millis': 13472.155089955777, 'loss_mean': 0.04180033504962921}
Epoch 1 **** Loss 0.017009034752845764 **** Metrics validation: {'accuracy': 0.944704007035673, 'f1_weighted': 0.9560779361773722, 'macro': 0.6493533151555002, 'micro': 0.944704007035673, 'binary': 0.32754010695187163, 'accuracy_majority': 0.9436376210235131, 'macro_majority': 0.6270907352343509, 'binary_majority': 0.2835164835164835, 'run_time_millis': 13539.385168929584, 'loss_mean': 0.042622197419404984}
Epoch 2 **** Loss 0.014852353371679783 **** Metrics validation: {'accuracy': 0.9469301379651515, 'f1_weighted': 0.9575157117096044, 'macro': 0.6558660013910953, 'micro': 0.9469301379651515, 'binary': 0.3393773520355799, 'accuracy_majority': 0.947527662517289, 'macro_majority': 0.6346934508414206, 'binary_majority': 0.2966396292004635, 'run_time_millis': 13461.759938974865, 'loss_mean': 0.04483439400792122}
Epoch 3 **** Loss 0.002000731648877263 **** Metrics validation: {'accuracy': 0.951272467432529, 'f1_weighted': 0.9599123607280886, 'macro': 0.659379261941721, 'micro': 0.951272467432529, 'binary': 0.3440621531631521, 'accuracy_majority': 0.9533195020746889, 'macro_majority': 0.6381860929343329, 'binary_majority': 0.300518134715026, 'run_time_millis': 15557.887588976882, 'loss_mean': 0.05469946563243866}
Epoch 4 **** Loss 0.004233649931848049 **** Metrics validation: {'accuracy': 0.9564667729346452, 'f1_weighted': 0.9626799606660257, 'macro': 0.6617395269728976, 'micro': 0.9564667729346452, 'binary': 0.34599504541701076, 'accuracy_majority': 0.959457123098202, 'macro_majority': 0.6472192645329471, 'binary_majority': 0.31532846715328466, 'run_time_millis': 13451.229415950365, 'loss_mean': 0.06794124096632004}
Epoch 5 **** Loss 0.07632986456155777 **** Metrics validation: {'accuracy': 0.9588303193535975, 'f1_weighted': 0.9638579359431213, 'macro': 0.6611535204488823, 'micro': 0.9588303193535975, 'binary': 0.3435582822085889, 'accuracy_majority': 0.9632607192254495, 'macro_majority': 0.6537906174046197, 'binary_majority': 0.3264659270998415, 'run_time_millis': 13768.481135950424, 'loss_mean': 0.07981356978416443}
Epoch 6 **** Loss 0.01648865081369877 **** Metrics validation: {'accuracy': 0.9565767053262244, 'f1_weighted': 0.9627861977745421, 'macro': 0.6628625235298875, 'micro': 0.9565767053262244, 'binary': 0.3481848184818482, 'accuracy_majority': 0.9602351313969572, 'macro_majority': 0.6534986138069206, 'binary_majority': 0.32748538011695905, 'run_time_millis': 15429.845958016813, 'loss_mean': 0.08328232914209366}
Epoch 7 **** Loss 0.000199468107894063 **** Metrics validation: {'accuracy': 0.9567965701093827, 'f1_weighted': 0.9630221506640486, 'macro': 0.6656349142510812, 'micro': 0.9567965701093827, 'binary': 0.35361842105263164, 'accuracy_majority': 0.9610131396957123, 'macro_majority': 0.6568723325346572, 'binary_majority': 0.3338257016248154, 'run_time_millis': 15439.61204891093, 'loss_mean': 0.08447545021772385}
Epoch 8 **** Loss 0.00037094796425662935 **** Metrics validation: {'accuracy': 0.9632825812125543, 'f1_weighted': 0.9663739406944326, 'macro': 0.6669092847404305, 'micro': 0.9632825812125543, 'binary': 0.3527131782945737, 'accuracy_majority': 0.9700034578146611, 'macro_majority': 0.6739713265695236, 'binary_majority': 0.36330275229357795, 'run_time_millis': 15438.690247945487, 'loss_mean': 0.09694495052099228}
Epoch 9 **** Loss 0.007845310494303703 **** Metrics validation: {'accuracy': 0.9627329192546584, 'f1_weighted': 0.9661941335829685, 'macro': 0.66907801252904, 'micro': 0.9627329192546584, 'binary': 0.3573459715639811, 'accuracy_majority': 0.9693118948824343, 'macro_majority': 0.6746067106621324, 'binary_majority': 0.3649373881932022, 'run_time_millis': 15553.99781896267, 'loss_mean': 0.10105898231267929}
Evaluating
{'accuracy': 0.9632825812125543, 'f1_weighted': 0.9663739406944326, 'macro': 0.6669092847404305, 'micro': 0.9632825812125543, 'binary': 0.3527131782945737, 'accuracy_majority': 0.9700034578146611, 'macro_majority': 0.6739713265695236, 'binary_majority': 0.36330275229357795, 'run_time_millis': 15448.845327016897, 'loss_mean': 0.09694495052099228}
