Device cuda
Split type sit
Training Size: 2350, NTA labels 2271, YTA labels 79
Validation Size: 5158, NTA labels 4959, YTA labels 199
Test Size: 4949, NTA labels 4783, YTA labels 166
Training with SBERT, model name is sbert
Tokenizing the dataset
Number of training steps 740
Epoch 0 **** Loss 0.024637311697006226 **** Metrics validation: {'accuracy': 0.6432725862737495, 'f1_weighted': 0.7520200873891756, 'macro': 0.42231428782903074, 'micro': 0.6432725862737495, 'binary': 0.06504065040650406, 'accuracy_majority': 0.6438529784537389, 'macro_majority': 0.4187578649328859, 'binary_majority': 0.05704697986577181, 'run_time_millis': 4129.78598405607, 'loss_mean': 0.05053357034921646}
Epoch 1 **** Loss 0.023069467395544052 **** Metrics validation: {'accuracy': 0.8259015122140364, 'f1_weighted': 0.8717976215278942, 'macro': 0.4871752969962688, 'micro': 0.8259015122140363, 'binary': 0.07039337474120083, 'accuracy_majority': 0.8314321926489227, 'macro_majority': 0.49182066480706643, 'binary_majority': 0.0763888888888889, 'run_time_millis': 4172.646829974838, 'loss_mean': 0.05021672323346138}
Epoch 2 **** Loss 0.02180584706366062 **** Metrics validation: {'accuracy': 0.8487785963551764, 'f1_weighted': 0.8855732100685806, 'macro': 0.5031663077196658, 'micro': 0.8487785963551764, 'binary': 0.08878504672897196, 'accuracy_majority': 0.8523447401774398, 'macro_majority': 0.5099790356952939, 'binary_majority': 0.10038610038610037, 'run_time_millis': 4126.052513020113, 'loss_mean': 0.04976029321551323}
Epoch 3 **** Loss 0.020973553881049156 **** Metrics validation: {'accuracy': 0.8689414501744862, 'f1_weighted': 0.8978977701486207, 'macro': 0.5233540661353602, 'micro': 0.8689414501744861, 'binary': 0.11749347258485639, 'accuracy_majority': 0.8713561470215463, 'macro_majority': 0.5259052059052058, 'binary_majority': 0.12121212121212122, 'run_time_millis': 4130.586180021055, 'loss_mean': 0.04926195368170738}
Epoch 4 **** Loss 0.019014155492186546 **** Metrics validation: {'accuracy': 0.8732066692516479, 'f1_weighted': 0.90143524125409, 'macro': 0.5421625066775534, 'micro': 0.8732066692516479, 'binary': 0.15284974093264247, 'accuracy_majority': 0.876425855513308, 'macro_majority': 0.5445887445887446, 'binary_majority': 0.15584415584415584, 'run_time_millis': 3455.056402948685, 'loss_mean': 0.04866468161344528}
Epoch 5 **** Loss 0.01790461875498295 **** Metrics validation: {'accuracy': 0.866227219852656, 'f1_weighted': 0.8980566692444145, 'macro': 0.5489594823670635, 'micro': 0.866227219852656, 'binary': 0.17067307692307693, 'accuracy_majority': 0.8719898605830165, 'macro_majority': 0.5580101610684651, 'binary_majority': 0.18548387096774194, 'run_time_millis': 4152.750157052651, 'loss_mean': 0.048102568835020065}
Epoch 6 **** Loss 0.02175440825521946 **** Metrics validation: {'accuracy': 0.8633191159364094, 'f1_weighted': 0.89654619525006, 'macro': 0.5504610802982511, 'micro': 0.8633191159364094, 'binary': 0.17543859649122806, 'accuracy_majority': 0.8694550063371356, 'macro_majority': 0.5589954253650755, 'binary_majority': 0.18897637795275593, 'run_time_millis': 4130.609099986032, 'loss_mean': 0.04749033972620964}
Epoch 7 **** Loss 0.02120130881667137 **** Metrics validation: {'accuracy': 0.869716944552152, 'f1_weighted': 0.9004087205913758, 'macro': 0.5558501027925435, 'micro': 0.869716944552152, 'binary': 0.18248175182481752, 'accuracy_majority': 0.8757921419518377, 'macro_majority': 0.5647068095838588, 'binary_majority': 0.19672131147540983, 'run_time_millis': 4122.760659083724, 'loss_mean': 0.04758170247077942}
Epoch 8 **** Loss 0.01717306114733219 **** Metrics validation: {'accuracy': 0.8679720822024041, 'f1_weighted': 0.8993556422264732, 'macro': 0.5543539200219232, 'micro': 0.8679720822024041, 'binary': 0.18050541516245486, 'accuracy_majority': 0.8745247148288974, 'macro_majority': 0.563540357053055, 'binary_majority': 0.1951219512195122, 'run_time_millis': 4118.761160993017, 'loss_mean': 0.047561921179294586}
Epoch 9 **** Loss 0.012330432422459126 **** Metrics validation: {'accuracy': 0.8757270259790616, 'f1_weighted': 0.903969473172039, 'macro': 0.5601483769097049, 'micro': 0.8757270259790616, 'binary': 0.18757921419518378, 'accuracy_majority': 0.8821292775665399, 'macro_majority': 0.5673321854804472, 'binary_majority': 0.1982758620689655, 'run_time_millis': 4139.78813693393, 'loss_mean': 0.04781767725944519}
Evaluating
{'accuracy': 0.8757270259790616, 'f1_weighted': 0.903969473172039, 'macro': 0.5601483769097049, 'micro': 0.8757270259790616, 'binary': 0.18757921419518378, 'accuracy_majority': 0.8821292775665399, 'macro_majority': 0.5673321854804472, 'binary_majority': 0.1982758620689655, 'run_time_millis': 4111.3093179883435, 'loss_mean': 0.04781767725944519}
Device cuda
Split type sit
Training Size: 3150, NTA labels 3049, YTA labels 101
Validation Size: 5158, NTA labels 4959, YTA labels 199
Test Size: 4949, NTA labels 4783, YTA labels 166
Training with SBERT, model name is sbert
Tokenizing the dataset
Number of training steps 990
Epoch 0 **** Loss 0.06940190494060516 **** Metrics validation: {'accuracy': 0.8464521132221792, 'f1_weighted': 0.8836118430167333, 'macro': 0.49228371509178365, 'micro': 0.8464521132221792, 'binary': 0.06823529411764706, 'accuracy_majority': 0.8491761723700887, 'macro_majority': 0.4904898603732425, 'binary_majority': 0.06299212598425197, 'run_time_millis': 4132.06783903297, 'loss_mean': 0.0501980185508728}
Epoch 1 **** Loss 0.07366963475942612 **** Metrics validation: {'accuracy': 0.8875533152384645, 'f1_weighted': 0.9078848871297982, 'macro': 0.5238440847379395, 'micro': 0.8875533152384645, 'binary': 0.1076923076923077, 'accuracy_majority': 0.894169835234474, 'macro_majority': 0.5346653364293723, 'binary_majority': 0.12565445026178013, 'run_time_millis': 4157.681072014384, 'loss_mean': 0.04966135323047638}
Epoch 2 **** Loss 0.022069765254855156 **** Metrics validation: {'accuracy': 0.8840635905389685, 'f1_weighted': 0.9071701755325515, 'macro': 0.5405456936343687, 'micro': 0.8840635905389685, 'binary': 0.14326647564469913, 'accuracy_majority': 0.8897338403041825, 'macro_majority': 0.5481783774888925, 'binary_majority': 0.1553398058252427, 'run_time_millis': 4142.553610960022, 'loss_mean': 0.048800770193338394}
Epoch 3 **** Loss 0.022037377581000328 **** Metrics validation: {'accuracy': 0.8854207056998836, 'f1_weighted': 0.9094548996471739, 'macro': 0.5638272162964165, 'micro': 0.8854207056998835, 'binary': 0.18930041152263372, 'accuracy_majority': 0.8897338403041825, 'macro_majority': 0.571305450253246, 'binary_majority': 0.2018348623853211, 'run_time_millis': 4136.87560101971, 'loss_mean': 0.0476067028939724}
Epoch 4 **** Loss 0.09446529299020767 **** Metrics validation: {'accuracy': 0.8654517254749903, 'f1_weighted': 0.8984760541911345, 'macro': 0.5625875826337721, 'micro': 0.8654517254749903, 'binary': 0.19861431870669746, 'accuracy_majority': 0.8700887198986058, 'macro_majority': 0.5688656751825547, 'binary_majority': 0.20849420849420847, 'run_time_millis': 3987.6319230534136, 'loss_mean': 0.04623885825276375}
Epoch 5 **** Loss 0.015528246760368347 **** Metrics validation: {'accuracy': 0.8912369135323769, 'f1_weighted': 0.9136967875406341, 'macro': 0.5806469424337665, 'micro': 0.8912369135323769, 'binary': 0.21974965229485396, 'accuracy_majority': 0.8986058301647655, 'macro_majority': 0.595467596390484, 'binary_majority': 0.2452830188679245, 'run_time_millis': 4137.283158954233, 'loss_mean': 0.047171980142593384}
Epoch 6 **** Loss 0.012235230766236782 **** Metrics validation: {'accuracy': 0.8861962000775494, 'f1_weighted': 0.9113725814941099, 'macro': 0.5866040840880694, 'micro': 0.8861962000775494, 'binary': 0.23468057366362452, 'accuracy_majority': 0.8910012674271229, 'macro_majority': 0.5966952955511308, 'binary_majority': 0.25217391304347825, 'run_time_millis': 4128.118421998806, 'loss_mean': 0.04673945903778076}
Epoch 7 **** Loss 0.021799111738801003 **** Metrics validation: {'accuracy': 0.8848390849166343, 'f1_weighted': 0.9105420439884787, 'macro': 0.5851535195683222, 'micro': 0.8848390849166343, 'binary': 0.23255813953488375, 'accuracy_majority': 0.8897338403041825, 'macro_majority': 0.5952462380300958, 'binary_majority': 0.25, 'run_time_millis': 4135.937521932647, 'loss_mean': 0.046954620629549026}
Epoch 8 **** Loss 0.013540600426495075 **** Metrics validation: {'accuracy': 0.8889104303993796, 'f1_weighted': 0.9129687964643743, 'macro': 0.5885557016502827, 'micro': 0.8889104303993796, 'binary': 0.237017310252996, 'accuracy_majority': 0.8948035487959443, 'macro_majority': 0.6011559637497563, 'binary_majority': 0.2589285714285714, 'run_time_millis': 4113.041770993732, 'loss_mean': 0.04789034649729729}
Epoch 9 **** Loss 0.00568477064371109 **** Metrics validation: {'accuracy': 0.8906552927491276, 'f1_weighted': 0.9140376313384828, 'macro': 0.5904913182997302, 'micro': 0.8906552927491276, 'binary': 0.23989218328840972, 'accuracy_majority': 0.8973384030418251, 'macro_majority': 0.6042296259598712, 'binary_majority': 0.2636363636363636, 'run_time_millis': 4133.140009013005, 'loss_mean': 0.048487868160009384}
Evaluating
{'accuracy': 0.8906552927491276, 'f1_weighted': 0.9140376313384828, 'macro': 0.5904913182997302, 'micro': 0.8906552927491276, 'binary': 0.23989218328840972, 'accuracy_majority': 0.8973384030418251, 'macro_majority': 0.6042296259598712, 'binary_majority': 0.2636363636363636, 'run_time_millis': 4083.352259011008, 'loss_mean': 0.048487868160009384}
Device cuda
Split type sit
Training Size: 3950, NTA labels 3821, YTA labels 129
Validation Size: 5158, NTA labels 4959, YTA labels 199
Test Size: 4949, NTA labels 4783, YTA labels 166
Training with SBERT, model name is sbert
Tokenizing the dataset
Number of training steps 1240
Epoch 0 **** Loss 0.024541864171624184 **** Metrics validation: {'accuracy': 0.8807677394338891, 'f1_weighted': 0.903242458820714, 'macro': 0.5084835500336776, 'micro': 0.8807677394338891, 'binary': 0.08071748878923767, 'accuracy_majority': 0.8821292775665399, 'macro_majority': 0.5035385656292287, 'binary_majority': 0.06999999999999999, 'run_time_millis': 4102.005538996309, 'loss_mean': 0.05115899443626404}
Epoch 1 **** Loss 0.02151128649711609 **** Metrics validation: {'accuracy': 0.8768902675455603, 'f1_weighted': 0.9031782294163201, 'macro': 0.5383656973323044, 'micro': 0.8768902675455603, 'binary': 0.14304993252361672, 'accuracy_majority': 0.8802281368821293, 'macro_majority': 0.5440136134507743, 'binary_majority': 0.15246636771300448, 'run_time_millis': 4145.277753006667, 'loss_mean': 0.049950774759054184}
Epoch 2 **** Loss 0.02280936762690544 **** Metrics validation: {'accuracy': 0.8350135711516091, 'f1_weighted': 0.8797764731114113, 'macro': 0.5366663067206564, 'micro': 0.8350135711516091, 'binary': 0.16486751717369968, 'accuracy_majority': 0.8371356147021546, 'macro_majority': 0.5390071647552696, 'binary_majority': 0.16828478964401294, 'run_time_millis': 4146.341794054024, 'loss_mean': 0.04776750132441521}
Epoch 3 **** Loss 0.03279556706547737 **** Metrics validation: {'accuracy': 0.8018611865063978, 'f1_weighted': 0.8598864133131853, 'macro': 0.5302920462483783, 'micro': 0.8018611865063978, 'binary': 0.1731391585760518, 'accuracy_majority': 0.8054499366286438, 'macro_majority': 0.5354706939949658, 'binary_majority': 0.18133333333333335, 'run_time_millis': 4124.801607918926, 'loss_mean': 0.04534148424863815}
Epoch 4 **** Loss 0.03785010054707527 **** Metrics validation: {'accuracy': 0.8633191159364094, 'f1_weighted': 0.8974507400502676, 'macro': 0.5652083458131221, 'micro': 0.8633191159364094, 'binary': 0.2051860202931229, 'accuracy_majority': 0.8688212927756654, 'macro_majority': 0.5736332012817918, 'binary_majority': 0.2188679245283019, 'run_time_millis': 4151.08733496163, 'loss_mean': 0.04634549096226692}
Epoch 5 **** Loss 0.08410558849573135 **** Metrics validation: {'accuracy': 0.8772780147343932, 'f1_weighted': 0.9058597826648526, 'macro': 0.5764427963476942, 'micro': 0.8772780147343932, 'binary': 0.21948212083847105, 'accuracy_majority': 0.8827629911280102, 'macro_majority': 0.5875873584993622, 'binary_majority': 0.23868312757201646, 'run_time_millis': 4168.324408004992, 'loss_mean': 0.048294998705387115}
Epoch 6 **** Loss 0.028996994718909264 **** Metrics validation: {'accuracy': 0.8929817758821249, 'f1_weighted': 0.9152570620711802, 'macro': 0.5900105520714776, 'micro': 0.8929817758821249, 'binary': 0.23756906077348067, 'accuracy_majority': 0.9011406844106464, 'macro_majority': 0.6020948501600233, 'binary_majority': 0.2571428571428572, 'run_time_millis': 4125.280086998828, 'loss_mean': 0.051291629672050476}
Epoch 7 **** Loss 0.011922387406229973 **** Metrics validation: {'accuracy': 0.9050019387359441, 'f1_weighted': 0.9222577399560474, 'macro': 0.5988813076423029, 'micro': 0.9050019387359441, 'binary': 0.24846625766871167, 'accuracy_majority': 0.9131812420785805, 'macro_majority': 0.6144788440036165, 'binary_majority': 0.2751322751322752, 'run_time_millis': 4139.255175949074, 'loss_mean': 0.05488412082195282}
Epoch 8 **** Loss 0.01467063371092081 **** Metrics validation: {'accuracy': 0.9084916634354401, 'f1_weighted': 0.9244079197310447, 'macro': 0.6033851232603739, 'micro': 0.9084916634354401, 'binary': 0.25552050473186116, 'accuracy_majority': 0.9169835234474017, 'macro_majority': 0.6200448848378577, 'binary_majority': 0.28415300546448086, 'run_time_millis': 4162.596267065965, 'loss_mean': 0.0563233345746994}
Epoch 9 **** Loss 0.008118241094052792 **** Metrics validation: {'accuracy': 0.911981388134936, 'f1_weighted': 0.9262299771372693, 'macro': 0.6032619597510462, 'micro': 0.911981388134936, 'binary': 0.2532894736842105, 'accuracy_majority': 0.9207858048162231, 'macro_majority': 0.6218910241050463, 'binary_majority': 0.28571428571428575, 'run_time_millis': 4140.669594053179, 'loss_mean': 0.05774252489209175}
Evaluating
{'accuracy': 0.911981388134936, 'f1_weighted': 0.9262299771372693, 'macro': 0.6032619597510462, 'micro': 0.911981388134936, 'binary': 0.2532894736842105, 'accuracy_majority': 0.9207858048162231, 'macro_majority': 0.6218910241050463, 'binary_majority': 0.28571428571428575, 'run_time_millis': 4118.263671989553, 'loss_mean': 0.05774252489209175}
Device cuda
Split type sit
Training Size: 4700, NTA labels 4559, YTA labels 141
Validation Size: 5158, NTA labels 4959, YTA labels 199
Test Size: 4949, NTA labels 4783, YTA labels 166
Training with SBERT, model name is sbert
Tokenizing the dataset
Number of training steps 1470
Epoch 0 **** Loss 0.022576937451958656 **** Metrics validation: {'accuracy': 0.9259402869329197, 'f1_weighted': 0.927311558354358, 'macro': 0.519358310476486, 'micro': 0.9259402869329197, 'binary': 0.07729468599033815, 'accuracy_majority': 0.9321926489226869, 'macro_majority': 0.5328040995785869, 'binary_majority': 0.10084033613445378, 'run_time_millis': 3533.876613015309, 'loss_mean': 0.050207626074552536}
Epoch 1 **** Loss 0.043466437608003616 **** Metrics validation: {'accuracy': 0.941450174486235, 'f1_weighted': 0.9372031642244215, 'macro': 0.5484383787199749, 'micro': 0.941450174486235, 'binary': 0.1271676300578035, 'accuracy_majority': 0.9493029150823827, 'macro_majority': 0.5702614379084967, 'binary_majority': 0.16666666666666666, 'run_time_millis': 4139.115234022029, 'loss_mean': 0.04989035427570343}
Epoch 2 **** Loss 0.059717364609241486 **** Metrics validation: {'accuracy': 0.8823187281892206, 'f1_weighted': 0.9075917496722993, 'macro': 0.5609070745730076, 'micro': 0.8823187281892206, 'binary': 0.18523489932885906, 'accuracy_majority': 0.8859315589353612, 'macro_majority': 0.5675185149093743, 'binary_majority': 0.19642857142857145, 'run_time_millis': 4139.302997966297, 'loss_mean': 0.04727067053318024}
Epoch 3 **** Loss 0.017423659563064575 **** Metrics validation: {'accuracy': 0.8561457929430012, 'f1_weighted': 0.8933137732075354, 'macro': 0.5632399186195078, 'micro': 0.8561457929430012, 'binary': 0.2055674518201285, 'accuracy_majority': 0.8612167300380228, 'macro_majority': 0.569466402054111, 'binary_majority': 0.2150537634408602, 'run_time_millis': 4165.110845002346, 'loss_mean': 0.045251037925481796}
Epoch 4 **** Loss 0.04421013593673706 **** Metrics validation: {'accuracy': 0.8832880961613029, 'f1_weighted': 0.9094660649449597, 'macro': 0.58155256123389, 'micro': 0.8832880961613028, 'binary': 0.22622107969151667, 'accuracy_majority': 0.8884664131812421, 'macro_majority': 0.5905938959384877, 'binary_majority': 0.2413793103448276, 'run_time_millis': 4157.544240006246, 'loss_mean': 0.04659572243690491}
Epoch 5 **** Loss 0.011942767538130283 **** Metrics validation: {'accuracy': 0.8912369135323769, 'f1_weighted': 0.9143941098900303, 'macro': 0.5911440962172141, 'micro': 0.8912369135323769, 'binary': 0.2408660351826793, 'accuracy_majority': 0.8979721166032953, 'macro_majority': 0.6050111706568533, 'binary_majority': 0.26484018264840176, 'run_time_millis': 4152.443480910733, 'loss_mean': 0.04825129732489586}
Epoch 6 **** Loss 0.04096738249063492 **** Metrics validation: {'accuracy': 0.884257464133385, 'f1_weighted': 0.9107436254150614, 'macro': 0.5931765531209066, 'micro': 0.8842574641333849, 'binary': 0.2490566037735849, 'accuracy_majority': 0.8903675538656527, 'macro_majority': 0.6023017474342072, 'binary_majority': 0.26382978723404255, 'run_time_millis': 3203.0970249325037, 'loss_mean': 0.048793405294418335}
Epoch 7 **** Loss 0.012395583093166351 **** Metrics validation: {'accuracy': 0.8976347421481194, 'f1_weighted': 0.9186712672834518, 'macro': 0.6037849162011173, 'micro': 0.8976347421481194, 'binary': 0.26256983240223464, 'accuracy_majority': 0.9049429657794676, 'macro_majority': 0.6173988943846377, 'binary_majority': 0.2857142857142857, 'run_time_millis': 4114.534180029295, 'loss_mean': 0.05220314487814903}
Epoch 8 **** Loss 0.049129050225019455 **** Metrics validation: {'accuracy': 0.892594028693292, 'f1_weighted': 0.915627597317834, 'macro': 0.5987496012114186, 'micro': 0.892594028693292, 'binary': 0.2553763440860215, 'accuracy_majority': 0.9005069708491762, 'macro_majority': 0.6115390826999998, 'binary_majority': 0.27649769585253453, 'run_time_millis': 3464.8750229971483, 'loss_mean': 0.05202292278409004}
Epoch 9 **** Loss 0.018775301054120064 **** Metrics validation: {'accuracy': 0.8945327646374563, 'f1_weighted': 0.916823260575564, 'macro': 0.6010412347857045, 'micro': 0.8945327646374563, 'binary': 0.25885558583106266, 'accuracy_majority': 0.9017743979721166, 'macro_majority': 0.6131833026260645, 'binary_majority': 0.27906976744186046, 'run_time_millis': 4133.651018957607, 'loss_mean': 0.052866071462631226}
Evaluating
{'accuracy': 0.941450174486235, 'f1_weighted': 0.9372031642244215, 'macro': 0.5484383787199749, 'micro': 0.941450174486235, 'binary': 0.1271676300578035, 'accuracy_majority': 0.9493029150823827, 'macro_majority': 0.5702614379084967, 'binary_majority': 0.16666666666666666, 'run_time_millis': 4125.442071002908, 'loss_mean': 0.04989035427570343}
Device cuda
Split type sit
Training Size: 5500, NTA labels 5333, YTA labels 167
Validation Size: 5158, NTA labels 4959, YTA labels 199
Test Size: 4949, NTA labels 4783, YTA labels 166
Training with SBERT, model name is sbert
Tokenizing the dataset
Number of training steps 1720
Epoch 0 **** Loss 0.021104753017425537 **** Metrics validation: {'accuracy': 0.9439705312136487, 'f1_weighted': 0.9370391341843644, 'macro': 0.5297125927103751, 'micro': 0.9439705312136487, 'binary': 0.08832807570977917, 'accuracy_majority': 0.9512040557667935, 'macro_majority': 0.5449264615004326, 'binary_majority': 0.11494252873563217, 'run_time_millis': 3694.3028669338673, 'loss_mean': 0.0510706901550293}
Epoch 1 **** Loss 0.021883295848965645 **** Metrics validation: {'accuracy': 0.9001550988755331, 'f1_weighted': 0.9173881954758076, 'macro': 0.5653300846719199, 'micro': 0.9001550988755331, 'binary': 0.18383518225039622, 'accuracy_majority': 0.9062103929024081, 'macro_majority': 0.5772347127185837, 'binary_majority': 0.20430107526881722, 'run_time_millis': 4088.117750012316, 'loss_mean': 0.04904179647564888}
Epoch 2 **** Loss 0.04994192346930504 **** Metrics validation: {'accuracy': 0.9034509499806126, 'f1_weighted': 0.9204135095169672, 'macro': 0.5839894120459356, 'micro': 0.9034509499806126, 'binary': 0.219435736677116, 'accuracy_majority': 0.908745247148289, 'macro_majority': 0.592762516487928, 'binary_majority': 0.23404255319148934, 'run_time_millis': 4144.352135015652, 'loss_mean': 0.048157937824726105}
Epoch 3 **** Loss 0.013790382072329521 **** Metrics validation: {'accuracy': 0.8900736719658783, 'f1_weighted': 0.9132020928770502, 'macro': 0.5825976378104468, 'micro': 0.8900736719658782, 'binary': 0.22435020519835838, 'accuracy_majority': 0.8973384030418251, 'macro_majority': 0.5939630361442721, 'binary_majority': 0.24299065420560748, 'run_time_millis': 4139.556403039023, 'loss_mean': 0.04741258546710014}
Epoch 4 **** Loss 0.010062756016850471 **** Metrics validation: {'accuracy': 0.9096549050019387, 'f1_weighted': 0.9250446426652056, 'macro': 0.6037501195198106, 'micro': 0.9096549050019387, 'binary': 0.25559105431309903, 'accuracy_majority': 0.9163498098859315, 'macro_majority': 0.6111559139784947, 'binary_majority': 0.26666666666666666, 'run_time_millis': 4110.83055799827, 'loss_mean': 0.052124328911304474}
Epoch 5 **** Loss 0.026331493631005287 **** Metrics validation: {'accuracy': 0.9150833656455991, 'f1_weighted': 0.928150000437766, 'macro': 0.6075459715165598, 'micro': 0.9150833656455991, 'binary': 0.2601351351351351, 'accuracy_majority': 0.9220532319391636, 'macro_majority': 0.6155054546030829, 'binary_majority': 0.2721893491124261, 'run_time_millis': 4116.209932952188, 'loss_mean': 0.057350557297468185}
Epoch 6 **** Loss 0.007639632560312748 **** Metrics validation: {'accuracy': 0.9197363319115937, 'f1_weighted': 0.9312276275488761, 'macro': 0.6168680457473561, 'micro': 0.9197363319115937, 'binary': 0.27622377622377625, 'accuracy_majority': 0.926489226869455, 'macro_majority': 0.6226032311536653, 'binary_majority': 0.2839506172839506, 'run_time_millis': 4138.018653029576, 'loss_mean': 0.06158621609210968}
Epoch 7 **** Loss 0.010427779518067837 **** Metrics validation: {'accuracy': 0.9156649864288484, 'f1_weighted': 0.9289424324244894, 'macro': 0.6145113730252283, 'micro': 0.9156649864288484, 'binary': 0.27378964941569284, 'accuracy_majority': 0.9226869455006337, 'macro_majority': 0.6207478034750404, 'binary_majority': 0.2823529411764706, 'run_time_millis': 4108.716916991398, 'loss_mean': 0.06323224306106567}
Epoch 8 **** Loss 0.023613054305315018 **** Metrics validation: {'accuracy': 0.9226444358278403, 'f1_weighted': 0.933055147106132, 'macro': 0.6213885704729952, 'micro': 0.9226444358278403, 'binary': 0.2836624775583483, 'accuracy_majority': 0.9315589353612167, 'macro_majority': 0.6358461538461538, 'binary_majority': 0.30769230769230765, 'run_time_millis': 3891.6528220288455, 'loss_mean': 0.06716698408126831}
Epoch 9 **** Loss 0.017627308145165443 **** Metrics validation: {'accuracy': 0.9263280341217526, 'f1_weighted': 0.9351017710684616, 'macro': 0.623437682513725, 'micro': 0.9263280341217526, 'binary': 0.28571428571428575, 'accuracy_majority': 0.9359949302915083, 'macro_majority': 0.6442796785129998, 'binary_majority': 0.3221476510067114, 'run_time_millis': 3966.5933770593256, 'loss_mean': 0.06962741911411285}
Evaluating
{'accuracy': 0.9439705312136487, 'f1_weighted': 0.9370391341843644, 'macro': 0.5297125927103751, 'micro': 0.9439705312136487, 'binary': 0.08832807570977917, 'accuracy_majority': 0.9512040557667935, 'macro_majority': 0.5449264615004326, 'binary_majority': 0.11494252873563217, 'run_time_millis': 4137.896311003715, 'loss_mean': 0.0510706901550293}
Device cuda
Split type sit
Training Size: 6300, NTA labels 6115, YTA labels 185
Validation Size: 5158, NTA labels 4959, YTA labels 199
Test Size: 4949, NTA labels 4783, YTA labels 166
Training with SBERT, model name is sbert
Tokenizing the dataset
Number of training steps 1970
Epoch 0 **** Loss 0.02214021049439907 **** Metrics validation: {'accuracy': 0.9422256688639007, 'f1_weighted': 0.9351896009534955, 'macro': 0.516543560284384, 'micro': 0.9422256688639007, 'binary': 0.0628930817610063, 'accuracy_majority': 0.9512040557667935, 'macro_majority': 0.5449264615004326, 'binary_majority': 0.11494252873563217, 'run_time_millis': 4119.420574046671, 'loss_mean': 0.05098152905702591}
Epoch 1 **** Loss 0.0210840106010437 **** Metrics validation: {'accuracy': 0.8735944164404809, 'f1_weighted': 0.9024215621178311, 'macro': 0.5541545229701467, 'micro': 0.8735944164404809, 'binary': 0.17676767676767677, 'accuracy_majority': 0.8776932826362485, 'macro_majority': 0.5597677373471928, 'binary_majority': 0.18565400843881855, 'run_time_millis': 3992.3876048997045, 'loss_mean': 0.048437852412462234}
Epoch 2 **** Loss 0.030456969514489174 **** Metrics validation: {'accuracy': 0.8489724699495929, 'f1_weighted': 0.8894441537345844, 'macro': 0.5667553516967954, 'micro': 0.8489724699495929, 'binary': 0.2170854271356784, 'accuracy_majority': 0.8536121673003803, 'macro_majority': 0.5707123702926431, 'binary_majority': 0.22222222222222224, 'run_time_millis': 3943.3429130585864, 'loss_mean': 0.04512584209442139}
Epoch 3 **** Loss 0.02597569115459919 **** Metrics validation: {'accuracy': 0.8559519193485847, 'f1_weighted': 0.8938125340209808, 'macro': 0.5737121328831372, 'micro': 0.8559519193485847, 'binary': 0.22684703433922995, 'accuracy_majority': 0.8605830164765526, 'macro_majority': 0.5770570892522112, 'binary_majority': 0.2307692307692308, 'run_time_millis': 3797.9790369281545, 'loss_mean': 0.04487033933401108}
Epoch 4 **** Loss 0.030367854982614517 **** Metrics validation: {'accuracy': 0.8966653741760372, 'f1_weighted': 0.9187307028014153, 'macro': 0.6125179790206587, 'micro': 0.8966653741760373, 'binary': 0.2807017543859649, 'accuracy_majority': 0.9049429657794676, 'macro_majority': 0.6240398482817334, 'binary_majority': 0.29906542056074764, 'run_time_millis': 3622.406523907557, 'loss_mean': 0.050425935536623}
Epoch 5 **** Loss 0.011911959387362003 **** Metrics validation: {'accuracy': 0.8830942225668864, 'f1_weighted': 0.9105502297973478, 'macro': 0.6001212644363113, 'micro': 0.8830942225668864, 'binary': 0.26373626373626374, 'accuracy_majority': 0.8910012674271229, 'macro_majority': 0.6091832209237362, 'binary_majority': 0.2773109243697479, 'run_time_millis': 4125.887754955329, 'loss_mean': 0.05140984058380127}
Epoch 6 **** Loss 0.02150556445121765 **** Metrics validation: {'accuracy': 0.8885226832105467, 'f1_weighted': 0.9137382551318666, 'macro': 0.6035932361512918, 'micro': 0.8885226832105467, 'binary': 0.267515923566879, 'accuracy_majority': 0.8967046894803549, 'macro_majority': 0.61314396668286, 'binary_majority': 0.28193832599118945, 'run_time_millis': 4124.977555940859, 'loss_mean': 0.056179776787757874}
Epoch 7 **** Loss 0.006971914321184158 **** Metrics validation: {'accuracy': 0.9015122140364482, 'f1_weighted': 0.9215523570300225, 'macro': 0.6158117139229295, 'micro': 0.9015122140364482, 'binary': 0.2845070422535211, 'accuracy_majority': 0.9112801013941698, 'macro_majority': 0.6331500079706679, 'binary_majority': 0.31372549019607837, 'run_time_millis': 4120.4969469690695, 'loss_mean': 0.06197231635451317}
Epoch 8 **** Loss 0.01191545370966196 **** Metrics validation: {'accuracy': 0.9086855370298565, 'f1_weighted': 0.9258978830968395, 'macro': 0.6235703285623775, 'micro': 0.9086855370298565, 'binary': 0.29596412556053814, 'accuracy_majority': 0.9182509505703422, 'macro_majority': 0.6440346309142638, 'binary_majority': 0.3316062176165803, 'run_time_millis': 4118.01002593711, 'loss_mean': 0.06551089137792587}
Epoch 9 **** Loss 0.010625360533595085 **** Metrics validation: {'accuracy': 0.9036448235750291, 'f1_weighted': 0.9228829257548037, 'macro': 0.6186524726792966, 'micro': 0.9036448235750291, 'binary': 0.28898426323319026, 'accuracy_majority': 0.9131812420785805, 'macro_majority': 0.6360229310301285, 'binary_majority': 0.31840796019900497, 'run_time_millis': 4128.15894105006, 'loss_mean': 0.06509670615196228}
Evaluating
{'accuracy': 0.9422256688639007, 'f1_weighted': 0.9351896009534955, 'macro': 0.516543560284384, 'micro': 0.9422256688639007, 'binary': 0.0628930817610063, 'accuracy_majority': 0.9512040557667935, 'macro_majority': 0.5449264615004326, 'binary_majority': 0.11494252873563217, 'run_time_millis': 4149.187474977225, 'loss_mean': 0.05098152905702591}
Device cuda
Split type sit
Training Size: 7100, NTA labels 6873, YTA labels 227
Validation Size: 5158, NTA labels 4959, YTA labels 199
Test Size: 4949, NTA labels 4783, YTA labels 166
Training with SBERT, model name is sbert
Tokenizing the dataset
Number of training steps 2220
Epoch 0 **** Loss 0.05338399484753609 **** Metrics validation: {'accuracy': 0.9385420705699884, 'f1_weighted': 0.9349526225092414, 'macro': 0.5376090697381761, 'micro': 0.9385420705699884, 'binary': 0.10704225352112676, 'accuracy_majority': 0.9448669201520913, 'macro_majority': 0.5550679781562444, 'binary_majority': 0.13861386138613863, 'run_time_millis': 4165.946981986053, 'loss_mean': 0.053069084882736206}
Epoch 1 **** Loss 0.07509414106607437 **** Metrics validation: {'accuracy': 0.9032570763861962, 'f1_weighted': 0.9198679916659038, 'macro': 0.5775824646901104, 'micro': 0.9032570763861962, 'binary': 0.2066772655007949, 'accuracy_majority': 0.9093789607097592, 'macro_majority': 0.5894475424599962, 'binary_majority': 0.22702702702702704, 'run_time_millis': 3681.788139976561, 'loss_mean': 0.05031735077500343}
Epoch 2 **** Loss 0.02867848053574562 **** Metrics validation: {'accuracy': 0.8887165568049632, 'f1_weighted': 0.9129817599588327, 'macro': 0.5903494498682783, 'micro': 0.8887165568049632, 'binary': 0.24074074074074076, 'accuracy_majority': 0.8948035487959443, 'macro_majority': 0.5978371009045855, 'binary_majority': 0.25225225225225223, 'run_time_millis': 3172.023174003698, 'loss_mean': 0.0486842580139637}
Epoch 3 **** Loss 0.06986181437969208 **** Metrics validation: {'accuracy': 0.8825126017836371, 'f1_weighted': 0.9098460994663526, 'macro': 0.5940513204136179, 'micro': 0.8825126017836371, 'binary': 0.2518518518518519, 'accuracy_majority': 0.8891001267427123, 'macro_majority': 0.597704079774487, 'binary_majority': 0.2553191489361702, 'run_time_millis': 4155.481280991808, 'loss_mean': 0.04934659227728844}
Epoch 4 **** Loss 0.022877836599946022 **** Metrics validation: {'accuracy': 0.8840635905389685, 'f1_weighted': 0.9108029849375829, 'macro': 0.5957546746964835, 'micro': 0.8840635905389685, 'binary': 0.25436408977556113, 'accuracy_majority': 0.8916349809885932, 'macro_majority': 0.6006393606393606, 'binary_majority': 0.2597402597402597, 'run_time_millis': 4129.314474062994, 'loss_mean': 0.052938055247068405}
Epoch 5 **** Loss 0.01164120901376009 **** Metrics validation: {'accuracy': 0.8489724699495929, 'f1_weighted': 0.8896584098885727, 'macro': 0.5706055695104116, 'micro': 0.8489724699495929, 'binary': 0.22487562189054727, 'accuracy_majority': 0.8536121673003803, 'macro_majority': 0.5707123702926431, 'binary_majority': 0.22222222222222224, 'run_time_millis': 4191.765471012332, 'loss_mean': 0.05332066863775253}
Epoch 6 **** Loss 0.0077078514732420444 **** Metrics validation: {'accuracy': 0.9050019387359441, 'f1_weighted': 0.9230195867948736, 'macro': 0.6100122701506981, 'micro': 0.9050019387359441, 'binary': 0.2708333333333333, 'accuracy_majority': 0.9119138149556401, 'macro_majority': 0.6126855195430105, 'binary_majority': 0.27225130890052357, 'run_time_millis': 4137.135041994043, 'loss_mean': 0.06674717366695404}
Epoch 7 **** Loss 0.008615145459771156 **** Metrics validation: {'accuracy': 0.9162466072120977, 'f1_weighted': 0.9297230770393777, 'macro': 0.6213192482997012, 'micro': 0.9162466072120977, 'binary': 0.2871287128712871, 'accuracy_majority': 0.9252217997465145, 'macro_majority': 0.6331823017217604, 'binary_majority': 0.30588235294117644, 'run_time_millis': 4124.473686912097, 'loss_mean': 0.07384772598743439}
Epoch 8 **** Loss 0.012874769046902657 **** Metrics validation: {'accuracy': 0.9096549050019387, 'f1_weighted': 0.9258381779344951, 'macro': 0.6152237458418843, 'micro': 0.9096549050019387, 'binary': 0.2786377708978328, 'accuracy_majority': 0.917617237008872, 'macro_majority': 0.6210010567777884, 'binary_majority': 0.2857142857142857, 'run_time_millis': 4127.5028879754245, 'loss_mean': 0.07425069808959961}
Epoch 9 **** Loss 0.013747398741543293 **** Metrics validation: {'accuracy': 0.9170221015897635, 'f1_weighted': 0.9301274739502478, 'macro': 0.621307808425964, 'micro': 0.9170221015897635, 'binary': 0.2866666666666667, 'accuracy_majority': 0.9258555133079848, 'macro_majority': 0.6342612860858592, 'binary_majority': 0.30769230769230765, 'run_time_millis': 4126.147229922935, 'loss_mean': 0.0772864818572998}
Evaluating
{'accuracy': 0.9385420705699884, 'f1_weighted': 0.9349526225092414, 'macro': 0.5376090697381761, 'micro': 0.9385420705699884, 'binary': 0.10704225352112676, 'accuracy_majority': 0.9448669201520913, 'macro_majority': 0.5550679781562444, 'binary_majority': 0.13861386138613863, 'run_time_millis': 4149.154654005542, 'loss_mean': 0.053069084882736206}
Device cuda
Split type sit
Training Size: 7900, NTA labels 7653, YTA labels 247
Validation Size: 5158, NTA labels 4959, YTA labels 199
Test Size: 4949, NTA labels 4783, YTA labels 166
Training with SBERT, model name is sbert
Tokenizing the dataset
Number of training steps 2470
Epoch 0 **** Loss 0.0898016020655632 **** Metrics validation: {'accuracy': 0.9592865451725475, 'f1_weighted': 0.9462042432534067, 'macro': 0.5520791980944819, 'micro': 0.9592865451725475, 'binary': 0.12499999999999999, 'accuracy_majority': 0.9695817490494296, 'macro_majority': 0.605146276873032, 'binary_majority': 0.22580645161290322, 'run_time_millis': 4142.0690309023485, 'loss_mean': 0.05357484519481659}
Epoch 1 **** Loss 0.043187327682971954 **** Metrics validation: {'accuracy': 0.8567274137262505, 'f1_weighted': 0.8932121163312444, 'macro': 0.5559942825452808, 'micro': 0.8567274137262504, 'binary': 0.19058050383351588, 'accuracy_majority': 0.8605830164765526, 'macro_majority': 0.5632548309178743, 'binary_majority': 0.20289855072463764, 'run_time_millis': 4145.435538957827, 'loss_mean': 0.04770311713218689}
Epoch 2 **** Loss 0.012017996981739998 **** Metrics validation: {'accuracy': 0.8704924389298178, 'f1_weighted': 0.9023875931302383, 'macro': 0.5807330719565054, 'micro': 0.8704924389298178, 'binary': 0.23218390804597702, 'accuracy_majority': 0.8757921419518377, 'macro_majority': 0.5892371440713982, 'binary_majority': 0.24615384615384617, 'run_time_millis': 4129.4945779955015, 'loss_mean': 0.04709027707576752}
Epoch 3 **** Loss 0.027852248400449753 **** Metrics validation: {'accuracy': 0.8749515316013959, 'f1_weighted': 0.9050755436442401, 'macro': 0.5842918807271528, 'micro': 0.8749515316013959, 'binary': 0.2366863905325444, 'accuracy_majority': 0.8821292775665399, 'macro_majority': 0.5899924566255972, 'binary_majority': 0.24390243902439024, 'run_time_millis': 4140.25108399801, 'loss_mean': 0.0492534376680851}
Epoch 4 **** Loss 0.0156268123537302 **** Metrics validation: {'accuracy': 0.8945327646374563, 'f1_weighted': 0.9172147749918089, 'macro': 0.606966587386297, 'micro': 0.8945327646374563, 'binary': 0.2707774798927614, 'accuracy_majority': 0.9024081115335868, 'macro_majority': 0.6173280423280423, 'binary_majority': 0.28703703703703703, 'run_time_millis': 4159.765676944517, 'loss_mean': 0.056426435708999634}
Epoch 5 **** Loss 0.016698334366083145 **** Metrics validation: {'accuracy': 0.8955021326095386, 'f1_weighted': 0.9176861388825276, 'macro': 0.6061938974092892, 'micro': 0.8955021326095387, 'binary': 0.26865671641791045, 'accuracy_majority': 0.9024081115335868, 'macro_majority': 0.614014244235913, 'binary_majority': 0.2803738317757009, 'run_time_millis': 3387.5246590469033, 'loss_mean': 0.06047675013542175}
Epoch 6 **** Loss 0.021038169041275978 **** Metrics validation: {'accuracy': 0.9092671578131059, 'f1_weighted': 0.9258232593397685, 'macro': 0.6179832465783861, 'micro': 0.9092671578131057, 'binary': 0.28440366972477066, 'accuracy_majority': 0.917617237008872, 'macro_majority': 0.6323550496071572, 'binary_majority': 0.30851063829787234, 'run_time_millis': 4156.487941043451, 'loss_mean': 0.0681188702583313}
Epoch 7 **** Loss 0.013921068049967289 **** Metrics validation: {'accuracy': 0.9139201240791004, 'f1_weighted': 0.9285046928316354, 'macro': 0.6213252801676243, 'micro': 0.9139201240791004, 'binary': 0.28846153846153844, 'accuracy_majority': 0.9233206590621039, 'macro_majority': 0.6416887008968197, 'binary_majority': 0.3240223463687151, 'run_time_millis': 4026.092877960764, 'loss_mean': 0.07420948147773743}
Epoch 8 **** Loss 0.016810428351163864 **** Metrics validation: {'accuracy': 0.9141139976735169, 'f1_weighted': 0.9285469978570239, 'macro': 0.6204704020117613, 'micro': 0.9141139976735169, 'binary': 0.286634460547504, 'accuracy_majority': 0.9245880861850444, 'macro_majority': 0.6438686625588157, 'binary_majority': 0.3276836158192091, 'run_time_millis': 4153.2213049940765, 'loss_mean': 0.07692944258451462}
Epoch 9 **** Loss 0.0212840735912323 **** Metrics validation: {'accuracy': 0.9166343544009306, 'f1_weighted': 0.9300484331641953, 'macro': 0.6230723999279434, 'micro': 0.9166343544009306, 'binary': 0.29042904290429045, 'accuracy_majority': 0.9258555133079848, 'macro_majority': 0.642238581247493, 'binary_majority': 0.3236994219653179, 'run_time_millis': 4154.402029002085, 'loss_mean': 0.07846719771623611}
Evaluating
{'accuracy': 0.9592865451725475, 'f1_weighted': 0.9462042432534067, 'macro': 0.5520791980944819, 'micro': 0.9592865451725475, 'binary': 0.12499999999999999, 'accuracy_majority': 0.9695817490494296, 'macro_majority': 0.605146276873032, 'binary_majority': 0.22580645161290322, 'run_time_millis': 4100.869151996449, 'loss_mean': 0.05357484519481659}
