Device cuda
Split type sit
Training Size: 18548, NTA labels 18073, YTA labels 475
Validation Size: 6071, NTA labels 5928, YTA labels 143
Test Size: 5878, NTA labels 5728, YTA labels 150
Training with SBERT, model name is sbert
Tokenizing the dataset
Number of training steps 5800
Epoch 0 **** Loss 0.012002924457192421 **** Metrics validation: {'accuracy': 0.935266018777796, 'f1_weighted': 0.9493348101969632, 'macro': 0.6087994195698423, 'micro': 0.935266018777796, 'binary': 0.25142857142857145, 'accuracy_majority': 0.9435158501440922, 'macro_majority': 0.6025256208856972, 'binary_majority': 0.23437499999999997, 'run_time_millis': 3862.9550189980364, 'loss_mean': 0.03398618474602699}
Epoch 1 **** Loss 0.09188529849052429 **** Metrics validation: {'accuracy': 0.8912864437489705, 'f1_weighted': 0.9246388141031261, 'macro': 0.5825404763393136, 'micro': 0.8912864437489705, 'binary': 0.22352941176470592, 'accuracy_majority': 0.8985590778097983, 'macro_majority': 0.5655489539939448, 'binary_majority': 0.18518518518518515, 'run_time_millis': 4355.5700260003505, 'loss_mean': 0.03003210946917534}
Epoch 2 **** Loss 0.008539573289453983 **** Metrics validation: {'accuracy': 0.8240816998846977, 'f1_weighted': 0.8844513648040089, 'macro': 0.539354021367038, 'micro': 0.8240816998846977, 'binary': 0.17719568567026195, 'accuracy_majority': 0.8276657060518732, 'macro_majority': 0.5138047346317534, 'binary_majority': 0.12316715542521994, 'run_time_millis': 4370.5170749999525, 'loss_mean': 0.03213796764612198}
Epoch 3 **** Loss 0.026769110932946205 **** Metrics validation: {'accuracy': 0.8779443254817987, 'f1_weighted': 0.9169924490255292, 'macro': 0.57730313368646, 'micro': 0.8779443254817988, 'binary': 0.22082018927444796, 'accuracy_majority': 0.8835734870317002, 'macro_majority': 0.5513559044312678, 'binary_majority': 0.16528925619834714, 'run_time_millis': 3446.262689001742, 'loss_mean': 0.032789088785648346}
Epoch 4 **** Loss 0.04551016539335251 **** Metrics validation: {'accuracy': 0.904463844506671, 'f1_weighted': 0.9323433750767202, 'macro': 0.5949310647258096, 'micro': 0.904463844506671, 'binary': 0.24083769633507854, 'accuracy_majority': 0.9112391930835735, 'macro_majority': 0.5712612323491656, 'binary_majority': 0.18947368421052632, 'run_time_millis': 4382.461076998879, 'loss_mean': 0.03731576353311539}
Epoch 5 **** Loss 0.02566470578312874 **** Metrics validation: {'accuracy': 0.9194531378685554, 'f1_weighted': 0.9407542345733213, 'macro': 0.6031464415950452, 'micro': 0.9194531378685554, 'binary': 0.2488479262672811, 'accuracy_majority': 0.9262247838616715, 'macro_majority': 0.5806646525679758, 'binary_majority': 0.20000000000000004, 'run_time_millis': 4453.403376999631, 'loss_mean': 0.04345162957906723}
Epoch 6 **** Loss 0.016475239768624306 **** Metrics validation: {'accuracy': 0.9118761324328776, 'f1_weighted': 0.9364061989728324, 'macro': 0.5961029976931256, 'micro': 0.9118761324328776, 'binary': 0.23897581792318634, 'accuracy_majority': 0.9187319884726225, 'macro_majority': 0.5711024736097451, 'binary_majority': 0.18497109826589594, 'run_time_millis': 3293.3352170002763, 'loss_mean': 0.04531469941139221}
Epoch 7 **** Loss 0.003728226525709033 **** Metrics validation: {'accuracy': 0.9237357931148081, 'f1_weighted': 0.9434894786628393, 'macro': 0.6141665077828369, 'micro': 0.9237357931148081, 'binary': 0.2685624012638231, 'accuracy_majority': 0.9296829971181556, 'macro_majority': 0.5905675997709794, 'binary_majority': 0.21794871794871795, 'run_time_millis': 3307.850007997331, 'loss_mean': 0.04888317734003067}
Epoch 8 **** Loss 0.02214096114039421 **** Metrics validation: {'accuracy': 0.9199472903969692, 'f1_weighted': 0.9412337566258928, 'macro': 0.6084169805871835, 'micro': 0.9199472903969692, 'binary': 0.2591463414634146, 'accuracy_majority': 0.9268011527377522, 'macro_majority': 0.586399974472031, 'binary_majority': 0.2111801242236025, 'run_time_millis': 4328.005120001762, 'loss_mean': 0.05000210180878639}
Epoch 9 **** Loss 0.010093195363879204 **** Metrics validation: {'accuracy': 0.9306539285126009, 'f1_weighted': 0.9472682288427768, 'macro': 0.6169805057841258, 'micro': 0.9306539285126009, 'binary': 0.2703639514731369, 'accuracy_majority': 0.9377521613832853, 'macro_majority': 0.598069498069498, 'binary_majority': 0.22857142857142856, 'run_time_millis': 3308.4663810004713, 'loss_mean': 0.053403738886117935}
Evaluating
{'accuracy': 0.935266018777796, 'f1_weighted': 0.9493348101969632, 'macro': 0.6087994195698423, 'micro': 0.935266018777796, 'binary': 0.25142857142857145, 'accuracy_majority': 0.9435158501440922, 'macro_majority': 0.6025256208856972, 'binary_majority': 0.23437499999999997, 'run_time_millis': 4324.091824997595, 'loss_mean': 0.03398618474602699}
