Device cuda
Split type sit
Training Size: 1146, NTA labels 678, YTA labels 468
Validation Size: 480, NTA labels 278, YTA labels 202
Test Size: 480, NTA labels 285, YTA labels 195
Training with SBERT, model name is sbert
Tokenizing the dataset
Number of training steps 360
Epoch 0 **** Loss 0.3354310989379883 **** Metrics validation: {'accuracy': 0.5354166666666667, 'f1_weighted': 0.5338735623200865, 'macro': 0.535253279147617, 'micro': 0.5354166666666667, 'binary': 0.5439672801635992, 'accuracy_majority': 0.5375, 'macro_majority': 0.5374277230817315, 'binary_majority': 0.5432098765432098, 'run_time_millis': 2782.443638003315, 'loss_mean': 0.33320939540863037}
Epoch 1 **** Loss 0.340290367603302 **** Metrics validation: {'accuracy': 0.6083333333333333, 'f1_weighted': 0.596152312599681, 'macro': 0.5783492822966507, 'micro': 0.6083333333333333, 'binary': 0.46590909090909094, 'accuracy_majority': 0.65, 'macro_majority': 0.6213657876943881, 'binary_majority': 0.5172413793103449, 'run_time_millis': 2788.1491919979453, 'loss_mean': 0.33262667059898376}
Epoch 2 **** Loss 0.30307307839393616 **** Metrics validation: {'accuracy': 0.5791666666666667, 'f1_weighted': 0.5794435750149681, 'macro': 0.5689210577795167, 'micro': 0.5791666666666667, 'binary': 0.5024630541871922, 'accuracy_majority': 0.6, 'macro_majority': 0.589151019098058, 'binary_majority': 0.5223880597014925, 'run_time_millis': 2534.384841004794, 'loss_mean': 0.3313325345516205}
Epoch 3 **** Loss 0.29090964794158936 **** Metrics validation: {'accuracy': 0.60625, 'f1_weighted': 0.6002848810921165, 'macro': 0.5856607186082731, 'micro': 0.60625, 'binary': 0.4932975871313673, 'accuracy_majority': 0.61875, 'macro_majority': 0.5972101852998226, 'binary_majority': 0.5040650406504066, 'run_time_millis': 2436.7858870027703, 'loss_mean': 0.3352435231208801}
Epoch 4 **** Loss 0.29682043194770813 **** Metrics validation: {'accuracy': 0.5958333333333333, 'f1_weighted': 0.5904735014087242, 'macro': 0.5759253861847857, 'micro': 0.5958333333333333, 'binary': 0.48404255319148937, 'accuracy_majority': 0.6125, 'macro_majority': 0.5918367346938775, 'binary_majority': 0.5, 'run_time_millis': 1730.1254909980344, 'loss_mean': 0.3327966034412384}
Epoch 5 **** Loss 0.2787925601005554 **** Metrics validation: {'accuracy': 0.6041666666666666, 'f1_weighted': 0.5692327235772358, 'macro': 0.5426829268292683, 'micro': 0.6041666666666666, 'binary': 0.37499999999999994, 'accuracy_majority': 0.6375, 'macro_majority': 0.5781818181818181, 'binary_majority': 0.42000000000000004, 'run_time_millis': 2787.4424619949423, 'loss_mean': 0.33399030566215515}
Epoch 6 **** Loss 0.307722270488739 **** Metrics validation: {'accuracy': 0.5895833333333333, 'f1_weighted': 0.5430958716440025, 'macro': 0.5123737230493144, 'micro': 0.5895833333333333, 'binary': 0.3183391003460208, 'accuracy_majority': 0.61875, 'macro_majority': 0.5433918128654971, 'binary_majority': 0.35789473684210527, 'run_time_millis': 2789.255037998373, 'loss_mean': 0.3411003351211548}
Epoch 7 **** Loss 0.315261572599411 **** Metrics validation: {'accuracy': 0.5791666666666667, 'f1_weighted': 0.5137416242486987, 'macro': 0.47718057113277546, 'micro': 0.5791666666666667, 'binary': 0.2462686567164179, 'accuracy_majority': 0.6, 'macro_majority': 0.49843260188087773, 'binary_majority': 0.2727272727272727, 'run_time_millis': 2803.947385000356, 'loss_mean': 0.352360337972641}
Epoch 8 **** Loss 0.22465936839580536 **** Metrics validation: {'accuracy': 0.5958333333333333, 'f1_weighted': 0.5431897759103641, 'macro': 0.5109243697478991, 'micro': 0.5958333333333333, 'binary': 0.30714285714285716, 'accuracy_majority': 0.625, 'macro_majority': 0.5423340961098397, 'binary_majority': 0.34782608695652173, 'run_time_millis': 1990.758222003933, 'loss_mean': 0.34841588139533997}
Epoch 9 **** Loss 0.19580218195915222 **** Metrics validation: {'accuracy': 0.5875, 'f1_weighted': 0.5251932367149758, 'macro': 0.4898550724637681, 'micro': 0.5875, 'binary': 0.2666666666666666, 'accuracy_majority': 0.60625, 'macro_majority': 0.5097037793667007, 'binary_majority': 0.29213483146067415, 'run_time_millis': 2793.1654610001715, 'loss_mean': 0.35612136125564575}
Evaluating
{'accuracy': 0.60625, 'f1_weighted': 0.6002848810921165, 'macro': 0.5856607186082731, 'micro': 0.60625, 'binary': 0.4932975871313673, 'accuracy_majority': 0.61875, 'macro_majority': 0.5972101852998226, 'binary_majority': 0.5040650406504066, 'run_time_millis': 2787.2821700002532, 'loss_mean': 0.3352435231208801}
Device cuda
Split type sit
Training Size: 1290, NTA labels 775, YTA labels 515
Validation Size: 480, NTA labels 278, YTA labels 202
Test Size: 480, NTA labels 285, YTA labels 195
Training with SBERT, model name is sbert
Tokenizing the dataset
Number of training steps 410
Epoch 0 **** Loss 0.3088127672672272 **** Metrics validation: {'accuracy': 0.5958333333333333, 'f1_weighted': 0.5522041533371612, 'macro': 0.5225986383397588, 'micro': 0.5958333333333333, 'binary': 0.33561643835616434, 'accuracy_majority': 0.6375, 'macro_majority': 0.5684523809523809, 'binary_majority': 0.39583333333333337, 'run_time_millis': 2492.7745790046174, 'loss_mean': 0.33491313457489014}
Epoch 1 **** Loss 0.32528647780418396 **** Metrics validation: {'accuracy': 0.5583333333333333, 'f1_weighted': 0.5598064762698909, 'macro': 0.5580571190327288, 'micro': 0.5583333333333333, 'binary': 0.547008547008547, 'accuracy_majority': 0.56875, 'macro_majority': 0.5683284457478006, 'binary_majority': 0.5548387096774193, 'run_time_millis': 2231.003483000677, 'loss_mean': 0.32987987995147705}
Epoch 2 **** Loss 0.32440561056137085 **** Metrics validation: {'accuracy': 0.625, 'f1_weighted': 0.6013502988765358, 'macro': 0.5794310636889347, 'micro': 0.625, 'binary': 0.4409937888198757, 'accuracy_majority': 0.6625, 'macro_majority': 0.6191147945688591, 'binary_majority': 0.490566037735849, 'run_time_millis': 2793.305508996127, 'loss_mean': 0.33237308263778687}
Epoch 3 **** Loss 0.34146779775619507 **** Metrics validation: {'accuracy': 0.6145833333333334, 'f1_weighted': 0.5666313048803615, 'macro': 0.5365126754388254, 'micro': 0.6145833333333334, 'binary': 0.3462897526501767, 'accuracy_majority': 0.65625, 'macro_majority': 0.583155700819478, 'binary_majority': 0.40860215053763443, 'run_time_millis': 2584.9487089944887, 'loss_mean': 0.3367433249950409}
Epoch 4 **** Loss 0.21207985281944275 **** Metrics validation: {'accuracy': 0.5729166666666666, 'f1_weighted': 0.5147181507929377, 'macro': 0.47989069247480065, 'micro': 0.5729166666666666, 'binary': 0.25992779783393505, 'accuracy_majority': 0.59375, 'macro_majority': 0.5009357454772302, 'binary_majority': 0.28571428571428564, 'run_time_millis': 2799.6620619960595, 'loss_mean': 0.3565777540206909}
Epoch 5 **** Loss 0.35102301836013794 **** Metrics validation: {'accuracy': 0.5916666666666667, 'f1_weighted': 0.5384803921568628, 'macro': 0.5058823529411764, 'micro': 0.5916666666666667, 'binary': 0.3, 'accuracy_majority': 0.6125, 'macro_majority': 0.5270785659801678, 'binary_majority': 0.3260869565217391, 'run_time_millis': 2791.905827994924, 'loss_mean': 0.3568130135536194}
Epoch 6 **** Loss 0.22302822768688202 **** Metrics validation: {'accuracy': 0.5729166666666666, 'f1_weighted': 0.5420481112341577, 'macro': 0.515688445921004, 'micro': 0.5729166666666666, 'binary': 0.34920634920634924, 'accuracy_majority': 0.575, 'macro_majority': 0.5156695156695157, 'binary_majority': 0.34615384615384615, 'run_time_millis': 2800.761018996127, 'loss_mean': 0.3639591634273529}
Epoch 7 **** Loss 0.27571049332618713 **** Metrics validation: {'accuracy': 0.5166666666666667, 'f1_weighted': 0.5148027240169085, 'macro': 0.5006367598787466, 'micro': 0.5166666666666667, 'binary': 0.41116751269035534, 'accuracy_majority': 0.525, 'macro_majority': 0.5076923076923078, 'binary_majority': 0.4153846153846154, 'run_time_millis': 2787.779867001518, 'loss_mean': 0.36575284600257874}
Epoch 8 **** Loss 0.2513207197189331 **** Metrics validation: {'accuracy': 0.5520833333333334, 'f1_weighted': 0.536948955553784, 'macro': 0.5160359971674975, 'micro': 0.5520833333333334, 'binary': 0.3839541547277937, 'accuracy_majority': 0.54375, 'macro_majority': 0.5045599151643692, 'binary_majority': 0.3652173913043478, 'run_time_millis': 2822.3647470003925, 'loss_mean': 0.37004929780960083}
Epoch 9 **** Loss 0.2284141331911087 **** Metrics validation: {'accuracy': 0.5520833333333334, 'f1_weighted': 0.5343957564502996, 'macro': 0.5123587754157, 'micro': 0.5520833333333334, 'binary': 0.37317784256559766, 'accuracy_majority': 0.54375, 'macro_majority': 0.500662648027019, 'binary_majority': 0.35398230088495575, 'run_time_millis': 2805.6672399980016, 'loss_mean': 0.374480664730072}
Evaluating
{'accuracy': 0.625, 'f1_weighted': 0.6013502988765358, 'macro': 0.5794310636889347, 'micro': 0.625, 'binary': 0.4409937888198757, 'accuracy_majority': 0.6625, 'macro_majority': 0.6191147945688591, 'binary_majority': 0.490566037735849, 'run_time_millis': 2788.1932930031326, 'loss_mean': 0.33237308263778687}
Device cuda
Split type sit
Training Size: 1434, NTA labels 855, YTA labels 579
Validation Size: 480, NTA labels 278, YTA labels 202
Test Size: 480, NTA labels 285, YTA labels 195
Training with SBERT, model name is sbert
Tokenizing the dataset
Number of training steps 450
Epoch 0 **** Loss 0.3348681628704071 **** Metrics validation: {'accuracy': 0.5854166666666667, 'f1_weighted': 0.5820363259928477, 'macro': 0.568514963297572, 'micro': 0.5854166666666667, 'binary': 0.4831168831168831, 'accuracy_majority': 0.61875, 'macro_majority': 0.6018114316021379, 'binary_majority': 0.5196850393700788, 'run_time_millis': 2794.503466000606, 'loss_mean': 0.33472850918769836}
Epoch 1 **** Loss 0.3157126307487488 **** Metrics validation: {'accuracy': 0.5895833333333333, 'f1_weighted': 0.5910678087364363, 'macro': 0.5823893371490653, 'micro': 0.5895833333333333, 'binary': 0.5275779376498801, 'accuracy_majority': 0.6125, 'macro_majority': 0.6050326485109094, 'binary_majority': 0.5507246376811594, 'run_time_millis': 2791.1435269998037, 'loss_mean': 0.33243808150291443}
Epoch 2 **** Loss 0.3378691077232361 **** Metrics validation: {'accuracy': 0.5916666666666667, 'f1_weighted': 0.5351873040088143, 'macro': 0.5016526824307145, 'micro': 0.5916666666666667, 'binary': 0.2898550724637681, 'accuracy_majority': 0.63125, 'macro_majority': 0.5470032151254858, 'binary_majority': 0.3516483516483516, 'run_time_millis': 2807.346344998223, 'loss_mean': 0.33481743931770325}
Epoch 3 **** Loss 0.3202395737171173 **** Metrics validation: {'accuracy': 0.6104166666666667, 'f1_weighted': 0.5729542667860763, 'macro': 0.5458386249677443, 'micro': 0.6104166666666667, 'binary': 0.3745819397993311, 'accuracy_majority': 0.65, 'macro_majority': 0.5881595881595882, 'binary_majority': 0.4285714285714286, 'run_time_millis': 2187.3595399956685, 'loss_mean': 0.3316490352153778}
Epoch 4 **** Loss 0.2617573142051697 **** Metrics validation: {'accuracy': 0.6083333333333333, 'f1_weighted': 0.523679671520591, 'macro': 0.48346918215953844, 'micro': 0.6083333333333333, 'binary': 0.2295081967213115, 'accuracy_majority': 0.6375, 'macro_majority': 0.5166666666666666, 'binary_majority': 0.27499999999999997, 'run_time_millis': 2800.6598060019314, 'loss_mean': 0.3602701425552368}
Epoch 5 **** Loss 0.33602267503738403 **** Metrics validation: {'accuracy': 0.6208333333333333, 'f1_weighted': 0.5566505901995523, 'macro': 0.5222992628885146, 'micro': 0.6208333333333333, 'binary': 0.30534351145038163, 'accuracy_majority': 0.65, 'macro_majority': 0.5547604849930431, 'binary_majority': 0.34883720930232553, 'run_time_millis': 2800.417632999597, 'loss_mean': 0.34952351450920105}
Epoch 6 **** Loss 0.21725548803806305 **** Metrics validation: {'accuracy': 0.60625, 'f1_weighted': 0.5476321370615739, 'macro': 0.5141362153824731, 'micro': 0.60625, 'binary': 0.3025830258302583, 'accuracy_majority': 0.63125, 'macro_majority': 0.5408336981370689, 'binary_majority': 0.33707865168539325, 'run_time_millis': 2129.164922997006, 'loss_mean': 0.374738484621048}
Epoch 7 **** Loss 0.21173003315925598 **** Metrics validation: {'accuracy': 0.5625, 'f1_weighted': 0.4602207919178751, 'macro': 0.4133941665308783, 'micro': 0.5625, 'binary': 0.11764705882352942, 'accuracy_majority': 0.575, 'macro_majority': 0.423606696333969, 'binary_majority': 0.12820512820512822, 'run_time_millis': 2688.666886999272, 'loss_mean': 0.40678274631500244}
Epoch 8 **** Loss 0.2224861979484558 **** Metrics validation: {'accuracy': 0.5875, 'f1_weighted': 0.5287294375518716, 'macro': 0.4943712625821966, 'micro': 0.5875, 'binary': 0.2773722627737226, 'accuracy_majority': 0.6, 'macro_majority': 0.5053140096618358, 'binary_majority': 0.2888888888888889, 'run_time_millis': 2793.5219810024137, 'loss_mean': 0.38548243045806885}
Epoch 9 **** Loss 0.25734028220176697 **** Metrics validation: {'accuracy': 0.5833333333333334, 'f1_weighted': 0.5239691288402744, 'macro': 0.48926390159817834, 'micro': 0.5833333333333334, 'binary': 0.27007299270072993, 'accuracy_majority': 0.5875, 'macro_majority': 0.48985507246376814, 'binary_majority': 0.26666666666666666, 'run_time_millis': 2538.47342300287, 'loss_mean': 0.38790103793144226}
Evaluating
{'accuracy': 0.5895833333333333, 'f1_weighted': 0.5910678087364363, 'macro': 0.5823893371490653, 'micro': 0.5895833333333333, 'binary': 0.5275779376498801, 'accuracy_majority': 0.6125, 'macro_majority': 0.6050326485109094, 'binary_majority': 0.5507246376811594, 'run_time_millis': 2792.9697740037227, 'loss_mean': 0.33243808150291443}
