Device cuda
Split type sit
Training Size: 46555, NTA labels 45311, YTA labels 1244
Validation Size: 15550, NTA labels 15147, YTA labels 403
Test Size: 15457, NTA labels 15048, YTA labels 409
Training with SBERT, model name is sbert
Tokenizing the dataset
Number of training steps 14550
Epoch 0 **** Loss 0.04909057915210724 **** Metrics validation: {'accuracy': 0.9353697749196141, 'f1_weighted': 0.9493831778052726, 'macro': 0.644193204177286, 'micro': 0.9353697749196141, 'binary': 0.32231962238705325, 'accuracy_majority': 0.9335721263432106, 'macro_majority': 0.6603850092156461, 'binary_majority': 0.35578947368421054, 'run_time_millis': 8797.541248997732, 'loss_mean': 0.03795471414923668}
Epoch 1 **** Loss 0.036461737006902695 **** Metrics validation: {'accuracy': 0.9486816720257235, 'f1_weighted': 0.9576332969819301, 'macro': 0.6719563308470654, 'micro': 0.9486816720257235, 'binary': 0.3706624605678233, 'accuracy_majority': 0.9441007272332573, 'macro_majority': 0.6862693172497176, 'binary_majority': 0.4018583042973287, 'run_time_millis': 8723.578705001273, 'loss_mean': 0.03568985313177109}
Epoch 2 **** Loss 0.11404698342084885 **** Metrics validation: {'accuracy': 0.9496463022508038, 'f1_weighted': 0.9581781414641757, 'macro': 0.6729322517545274, 'micro': 0.9496463022508038, 'binary': 0.3720930232558139, 'accuracy_majority': 0.9442092695104743, 'macro_majority': 0.685139149676328, 'binary_majority': 0.39953271028037385, 'run_time_millis': 8625.666337997245, 'loss_mean': 0.03874018043279648}
Epoch 3 **** Loss 0.006762686651200056 **** Metrics validation: {'accuracy': 0.9263665594855306, 'f1_weighted': 0.9445087999805563, 'macro': 0.6415765306049526, 'micro': 0.9263665594855306, 'binary': 0.3220840734162226, 'accuracy_majority': 0.9180505807011831, 'macro_majority': 0.6501719388287539, 'binary_majority': 0.34404865334491747, 'run_time_millis': 8767.184331001772, 'loss_mean': 0.04075640067458153}
Epoch 4 **** Loss 0.010144071653485298 **** Metrics validation: {'accuracy': 0.942508038585209, 'f1_weighted': 0.9537968179217198, 'macro': 0.6586873098764796, 'micro': 0.942508038585209, 'binary': 0.3474452554744526, 'accuracy_majority': 0.9338977531748616, 'macro_majority': 0.6657076900940279, 'binary_majority': 0.36628511966701355, 'run_time_millis': 8626.618571994186, 'loss_mean': 0.0521186925470829}
Epoch 5 **** Loss 0.03652236983180046 **** Metrics validation: {'accuracy': 0.9447588424437299, 'f1_weighted': 0.955049223367128, 'macro': 0.6604446091252241, 'micro': 0.9447588424437299, 'binary': 0.3497350492051476, 'accuracy_majority': 0.936719852382503, 'macro_majority': 0.6688866733207686, 'binary_majority': 0.3710895361380798, 'run_time_millis': 8747.261591001006, 'loss_mean': 0.055894844233989716}
Epoch 6 **** Loss 0.007376504130661488 **** Metrics validation: {'accuracy': 0.9304180064308681, 'f1_weighted': 0.9467466300615837, 'macro': 0.6435360169491525, 'micro': 0.9304180064308681, 'binary': 0.32375, 'accuracy_majority': 0.9202214262455226, 'macro_majority': 0.6497620040557247, 'binary_majority': 0.34198746642793193, 'run_time_millis': 8654.369203002716, 'loss_mean': 0.05388704314827919}
Epoch 7 **** Loss 0.03203682601451874 **** Metrics validation: {'accuracy': 0.9503536977491961, 'f1_weighted': 0.9583318448989636, 'macro': 0.6686032695882009, 'micro': 0.9503536977491961, 'binary': 0.3630363036303631, 'accuracy_majority': 0.9425811353522197, 'macro_majority': 0.6755900621738171, 'binary_majority': 0.38128654970760234, 'run_time_millis': 8792.680825004936, 'loss_mean': 0.07048928737640381}
Epoch 8 **** Loss 0.0008316501043736935 **** Metrics validation: {'accuracy': 0.9383922829581993, 'f1_weighted': 0.9513828557507157, 'macro': 0.6530448413381599, 'micro': 0.9383922829581993, 'binary': 0.33839779005524867, 'accuracy_majority': 0.9287962661456637, 'macro_majority': 0.6570539082860504, 'binary_majority': 0.3517786561264822, 'run_time_millis': 8752.789407000819, 'loss_mean': 0.06446904689073563}
Epoch 9 **** Loss 0.019959831610322 **** Metrics validation: {'accuracy': 0.9466881028938907, 'f1_weighted': 0.956024743437405, 'macro': 0.6599829624189641, 'micro': 0.9466881028938907, 'binary': 0.34775767112509837, 'accuracy_majority': 0.9391077824812765, 'macro_majority': 0.6684821864336582, 'binary_majority': 0.36895388076490443, 'run_time_millis': 8518.787341999996, 'loss_mean': 0.07379278540611267}
Evaluating
{'accuracy': 0.9503536977491961, 'f1_weighted': 0.9583318448989636, 'macro': 0.6686032695882009, 'micro': 0.9503536977491961, 'binary': 0.3630363036303631, 'accuracy_majority': 0.9425811353522197, 'macro_majority': 0.6755900621738171, 'binary_majority': 0.38128654970760234, 'run_time_millis': 8636.506115995871, 'loss_mean': 0.07048928737640381}
