Device cuda
Split type sit
Training Size: 5450, NTA labels 3670, YTA labels 1780
Validation Size: 4097, NTA labels 2728, YTA labels 1369
Test Size: 4069, NTA labels 2656, YTA labels 1413
Training with SBERT, model name is sbert
Tokenizing the dataset
Number of training steps 1710
Epoch 0 **** Loss 0.18268124759197235 **** Metrics validation: {'accuracy': 0.7158896753722236, 'f1_weighted': 0.723905646795229, 'macro': 0.7063351545954477, 'micro': 0.7158896753722235, 'binary': 0.6533650982727814, 'accuracy_majority': 0.7631935047361299, 'macro_majority': 0.7579271488469602, 'binary_majority': 0.7222222222222223, 'run_time_millis': 4596.069395999621, 'loss_mean': 0.24426104128360748}
Epoch 1 **** Loss 0.3094750940799713 **** Metrics validation: {'accuracy': 0.7561630461313156, 'f1_weighted': 0.7587305968209734, 'macro': 0.7320947083687204, 'micro': 0.7561630461313156, 'binary': 0.6517950505402579, 'accuracy_majority': 0.7916102841677943, 'macro_majority': 0.7753178551686014, 'binary_majority': 0.7148148148148147, 'run_time_millis': 4188.70492699989, 'loss_mean': 0.24814927577972412}
Epoch 2 **** Loss 0.15960246324539185 **** Metrics validation: {'accuracy': 0.7349279960947035, 'f1_weighted': 0.7402554973265306, 'macro': 0.7157957872790545, 'micro': 0.7349279960947035, 'binary': 0.6420566908371785, 'accuracy_majority': 0.7713125845737483, 'macro_majority': 0.7590056191049568, 'binary_majority': 0.7045454545454545, 'run_time_millis': 2526.2365990001854, 'loss_mean': 0.27345114946365356}
Epoch 3 **** Loss 0.12207440286874771 **** Metrics validation: {'accuracy': 0.7190627288259702, 'f1_weighted': 0.7267521027937729, 'macro': 0.7072196556493917, 'micro': 0.7190627288259703, 'binary': 0.648334860983807, 'accuracy_majority': 0.7611637347767253, 'macro_majority': 0.7539541847935015, 'binary_majority': 0.7118367346938776, 'run_time_millis': 2494.552563999605, 'loss_mean': 0.2877480983734131}
Epoch 4 **** Loss 0.2103964388370514 **** Metrics validation: {'accuracy': 0.6648767390773737, 'f1_weighted': 0.6717857904141705, 'macro': 0.6626074905444668, 'micro': 0.6648767390773737, 'binary': 0.6349375166179207, 'accuracy_majority': 0.7138024357239513, 'macro_majority': 0.7130235408332588, 'binary_majority': 0.6980728051391863, 'run_time_millis': 4614.231759999711, 'loss_mean': 0.29615518450737}
Epoch 5 **** Loss 0.09395274519920349 **** Metrics validation: {'accuracy': 0.6900170856724432, 'f1_weighted': 0.6985928716923562, 'macro': 0.6833382994396576, 'micro': 0.6900170856724432, 'binary': 0.6373500856653341, 'accuracy_majority': 0.7313937753721245, 'macro_majority': 0.7275745533946281, 'binary_majority': 0.6953184957789716, 'run_time_millis': 4621.3681319995885, 'loss_mean': 0.32140684127807617}
Epoch 6 **** Loss 0.12072856724262238 **** Metrics validation: {'accuracy': 0.7334635098852819, 'f1_weighted': 0.7394332824100884, 'macro': 0.7162535085209111, 'micro': 0.7334635098852819, 'binary': 0.6463730569948186, 'accuracy_majority': 0.7692828146143437, 'macro_majority': 0.7578612529865099, 'binary_majority': 0.7052722558340536, 'run_time_millis': 3736.4190569996936, 'loss_mean': 0.40142184495925903}
Epoch 7 **** Loss 0.11369077861309052 **** Metrics validation: {'accuracy': 0.733951671955089, 'f1_weighted': 0.7401677946238611, 'macro': 0.7177004789141241, 'micro': 0.7339516719550889, 'binary': 0.6499678869621066, 'accuracy_majority': 0.7726657645466847, 'macro_majority': 0.76206291863507, 'binary_majority': 0.7118353344768439, 'run_time_millis': 4610.567357000036, 'loss_mean': 0.4060449004173279}
Epoch 8 **** Loss 0.08933831006288528 **** Metrics validation: {'accuracy': 0.7371247254088358, 'f1_weighted': 0.7429189666025957, 'macro': 0.7198269613758514, 'micro': 0.7371247254088358, 'binary': 0.6502111075024358, 'accuracy_majority': 0.7753721244925575, 'macro_majority': 0.7643245901702334, 'binary_majority': 0.7132987910189983, 'run_time_millis': 3135.3944490001595, 'loss_mean': 0.3993530869483948}
Epoch 9 **** Loss 0.06752833724021912 **** Metrics validation: {'accuracy': 0.7312667805711496, 'f1_weighted': 0.7374975334945275, 'macro': 0.7146738320851729, 'micro': 0.7312667805711495, 'binary': 0.6458668382116436, 'accuracy_majority': 0.7679296346414073, 'macro_majority': 0.7573225122223377, 'binary_majority': 0.7065868263473054, 'run_time_millis': 4367.853974999889, 'loss_mean': 0.4402366578578949}
Evaluating
{'accuracy': 0.7561630461313156, 'f1_weighted': 0.7587305968209734, 'macro': 0.7320947083687204, 'micro': 0.7561630461313156, 'binary': 0.6517950505402579, 'accuracy_majority': 0.7916102841677943, 'macro_majority': 0.7753178551686014, 'binary_majority': 0.7148148148148147, 'run_time_millis': 4125.002019999556, 'loss_mean': 0.24814927577972412}
