Device cuda
Split type sit
Training Size: 2052, NTA labels 1778, YTA labels 274
Validation Size: 1140, NTA labels 1011, YTA labels 129
Test Size: 1146, NTA labels 979, YTA labels 167
Training with SBERT, model name is sbert
Tokenizing the dataset
Number of training steps 650
Epoch 0 **** Loss 0.29354408383369446 **** Metrics validation: {'accuracy': 0.7885964912280702, 'f1_weighted': 0.8223903077589845, 'macro': 0.6646858306147183, 'micro': 0.7885964912280703, 'binary': 0.4608501118568233, 'accuracy_majority': 0.8210526315789474, 'macro_majority': 0.7203947368421053, 'binary_majority': 0.5526315789473684, 'run_time_millis': 2482.0253239999774, 'loss_mean': 0.10575173050165176}
Epoch 1 **** Loss 0.07971197366714478 **** Metrics validation: {'accuracy': 0.6798245614035088, 'f1_weighted': 0.738482810273653, 'macro': 0.5858675433017733, 'micro': 0.6798245614035088, 'binary': 0.38860971524288107, 'accuracy_majority': 0.7, 'macro_majority': 0.6156712445438092, 'binary_majority': 0.43564356435643564, 'run_time_millis': 703.6429990000101, 'loss_mean': 0.10749562084674835}
Epoch 2 **** Loss 0.041134998202323914 **** Metrics validation: {'accuracy': 0.8096491228070175, 'f1_weighted': 0.838793641173578, 'macro': 0.6884692832828976, 'micro': 0.8096491228070175, 'binary': 0.49417249417249415, 'accuracy_majority': 0.8473684210526315, 'macro_majority': 0.7541385926553925, 'binary_majority': 0.6027397260273973, 'run_time_millis': 2488.4286490000136, 'loss_mean': 0.11835625767707825}
Epoch 3 **** Loss 0.09793318063020706 **** Metrics validation: {'accuracy': 0.793859649122807, 'f1_weighted': 0.8272266835925925, 'macro': 0.676305019990793, 'micro': 0.793859649122807, 'binary': 0.48123620309050774, 'accuracy_majority': 0.8263157894736842, 'macro_majority': 0.7312588401697313, 'binary_majority': 0.5714285714285714, 'run_time_millis': 1818.3492850000107, 'loss_mean': 0.10102101415395737}
Epoch 4 **** Loss 0.0717180073261261 **** Metrics validation: {'accuracy': 0.8096491228070175, 'f1_weighted': 0.8383176717214387, 'macro': 0.6850712466152606, 'micro': 0.8096491228070175, 'binary': 0.4869976359338062, 'accuracy_majority': 0.8315789473684211, 'macro_majority': 0.7258297258297258, 'binary_majority': 0.5555555555555556, 'run_time_millis': 2489.732181000022, 'loss_mean': 0.12085780501365662}
Epoch 5 **** Loss 0.0033471661154180765 **** Metrics validation: {'accuracy': 0.8236842105263158, 'f1_weighted': 0.8487706822612086, 'macro': 0.6982518518518519, 'micro': 0.8236842105263158, 'binary': 0.5037037037037037, 'accuracy_majority': 0.8473684210526315, 'macro_majority': 0.7432312782515494, 'binary_majority': 0.5797101449275363, 'run_time_millis': 2076.784783999983, 'loss_mean': 0.12519587576389313}
Epoch 6 **** Loss 0.1337919682264328 **** Metrics validation: {'accuracy': 0.8289473684210527, 'f1_weighted': 0.852759890156012, 'macro': 0.7038049669628617, 'micro': 0.8289473684210527, 'binary': 0.5112781954887218, 'accuracy_majority': 0.8526315789473684, 'macro_majority': 0.7492458521870287, 'binary_majority': 0.5882352941176471, 'run_time_millis': 2496.5616750000095, 'loss_mean': 0.13474269211292267}
Epoch 7 **** Loss 0.07206158339977264 **** Metrics validation: {'accuracy': 0.8008771929824562, 'f1_weighted': 0.8318369655565885, 'macro': 0.6775628445939632, 'micro': 0.8008771929824562, 'binary': 0.4781609195402299, 'accuracy_majority': 0.8210526315789474, 'macro_majority': 0.7147147147147148, 'binary_majority': 0.5405405405405406, 'run_time_millis': 2480.5320879999613, 'loss_mean': 0.1246572881937027}
Epoch 8 **** Loss 0.01989102177321911 **** Metrics validation: {'accuracy': 0.8254385964912281, 'f1_weighted': 0.8491762695978895, 'macro': 0.6940901386343685, 'micro': 0.8254385964912282, 'binary': 0.49363867684478374, 'accuracy_majority': 0.8473684210526315, 'macro_majority': 0.7372562109579897, 'binary_majority': 0.5671641791044776, 'run_time_millis': 924.6305380000308, 'loss_mean': 0.1355239599943161}
Epoch 9 **** Loss 0.19232462346553802 **** Metrics validation: {'accuracy': 0.8236842105263158, 'f1_weighted': 0.8482294252377356, 'macro': 0.6946912736386421, 'micro': 0.8236842105263158, 'binary': 0.49624060150375937, 'accuracy_majority': 0.8421052631578947, 'macro_majority': 0.7313348416289593, 'binary_majority': 0.5588235294117647, 'run_time_millis': 2488.6461080000117, 'loss_mean': 0.13603775203227997}
Evaluating
{'accuracy': 0.8289473684210527, 'f1_weighted': 0.852759890156012, 'macro': 0.7038049669628617, 'micro': 0.8289473684210527, 'binary': 0.5112781954887218, 'accuracy_majority': 0.8526315789473684, 'macro_majority': 0.7492458521870287, 'binary_majority': 0.5882352941176471, 'run_time_millis': 2504.0021350000075, 'loss_mean': 0.13474269211292267}
Device cuda
Split type sit
Training Size: 2394, NTA labels 2062, YTA labels 332
Validation Size: 1140, NTA labels 1011, YTA labels 129
Test Size: 1146, NTA labels 979, YTA labels 167
Training with SBERT, model name is sbert
Tokenizing the dataset
Number of training steps 750
Epoch 0 **** Loss 0.08932748436927795 **** Metrics validation: {'accuracy': 0.7236842105263158, 'f1_weighted': 0.7736895937602338, 'macro': 0.6221268858141319, 'micro': 0.7236842105263158, 'binary': 0.4262295081967213, 'accuracy_majority': 0.7526315789473684, 'macro_majority': 0.665430294855944, 'binary_majority': 0.4946236559139785, 'run_time_millis': 1668.5459550000132, 'loss_mean': 0.10456615686416626}
Epoch 1 **** Loss 0.1538160890340805 **** Metrics validation: {'accuracy': 0.6815789473684211, 'f1_weighted': 0.7399157811762631, 'macro': 0.5881367622425855, 'micro': 0.6815789473684211, 'binary': 0.3919597989949749, 'accuracy_majority': 0.7105263157894737, 'macro_majority': 0.6291564640335001, 'binary_majority': 0.45544554455445546, 'run_time_millis': 2518.518849999964, 'loss_mean': 0.10862619429826736}
Epoch 2 **** Loss 0.03863399848341942 **** Metrics validation: {'accuracy': 0.8096491228070175, 'f1_weighted': 0.8383176717214387, 'macro': 0.6850712466152606, 'micro': 0.8096491228070175, 'binary': 0.4869976359338062, 'accuracy_majority': 0.8315789473684211, 'macro_majority': 0.7258297258297258, 'binary_majority': 0.5555555555555556, 'run_time_millis': 1872.9199830000312, 'loss_mean': 0.11435502022504807}
Epoch 3 **** Loss 0.03293550759553909 **** Metrics validation: {'accuracy': 0.7587719298245614, 'f1_weighted': 0.8005061673792324, 'macro': 0.6451914098972922, 'micro': 0.7587719298245615, 'binary': 0.4444444444444445, 'accuracy_majority': 0.8, 'macro_majority': 0.7096203346203346, 'binary_majority': 0.5476190476190476, 'run_time_millis': 2095.8044650000147, 'loss_mean': 0.11864003539085388}
Epoch 4 **** Loss 0.08900468796491623 **** Metrics validation: {'accuracy': 0.7850877192982456, 'f1_weighted': 0.8206677049862726, 'macro': 0.6690660268372878, 'micro': 0.7850877192982457, 'binary': 0.47311827956989244, 'accuracy_majority': 0.8263157894736842, 'macro_majority': 0.7363219647588208, 'binary_majority': 0.5822784810126582, 'run_time_millis': 2483.23800899999, 'loss_mean': 0.12338323146104813}
Epoch 5 **** Loss 0.0730387270450592 **** Metrics validation: {'accuracy': 0.7745614035087719, 'f1_weighted': 0.812621668655885, 'macro': 0.6593378610771007, 'micro': 0.7745614035087719, 'binary': 0.4612159329140461, 'accuracy_majority': 0.8157894736842105, 'macro_majority': 0.7254221891903051, 'binary_majority': 0.5679012345679012, 'run_time_millis': 1921.6900739999687, 'loss_mean': 0.1189858540892601}
Epoch 6 **** Loss 0.02618468925356865 **** Metrics validation: {'accuracy': 0.7973684210526316, 'f1_weighted': 0.8283932309267121, 'macro': 0.6683705273656652, 'micro': 0.7973684210526316, 'binary': 0.46153846153846156, 'accuracy_majority': 0.8263157894736842, 'macro_majority': 0.7202266744009638, 'binary_majority': 0.547945205479452, 'run_time_millis': 2130.479102000038, 'loss_mean': 0.1358516961336136}
Epoch 7 **** Loss 0.05905061587691307 **** Metrics validation: {'accuracy': 0.7798245614035088, 'f1_weighted': 0.8166472179646336, 'macro': 0.6641703020636378, 'micro': 0.7798245614035088, 'binary': 0.4670912951167727, 'accuracy_majority': 0.8210526315789474, 'macro_majority': 0.7308333333333332, 'binary_majority': 0.575, 'run_time_millis': 2502.9611840000143, 'loss_mean': 0.12916365265846252}
Epoch 8 **** Loss 0.09138190001249313 **** Metrics validation: {'accuracy': 0.8008771929824562, 'f1_weighted': 0.8318369655565885, 'macro': 0.6775628445939632, 'micro': 0.8008771929824562, 'binary': 0.4781609195402299, 'accuracy_majority': 0.8315789473684211, 'macro_majority': 0.7314962020844373, 'binary_majority': 0.5675675675675675, 'run_time_millis': 2493.3502819999944, 'loss_mean': 0.1370227038860321}
Epoch 9 **** Loss 0.05625079199671745 **** Metrics validation: {'accuracy': 0.8008771929824562, 'f1_weighted': 0.8318369655565885, 'macro': 0.6775628445939632, 'micro': 0.8008771929824562, 'binary': 0.4781609195402299, 'accuracy_majority': 0.8315789473684211, 'macro_majority': 0.7314962020844373, 'binary_majority': 0.5675675675675675, 'run_time_millis': 2484.760254999969, 'loss_mean': 0.13710977137088776}
Evaluating
{'accuracy': 0.8096491228070175, 'f1_weighted': 0.8383176717214387, 'macro': 0.6850712466152606, 'micro': 0.8096491228070175, 'binary': 0.4869976359338062, 'accuracy_majority': 0.8315789473684211, 'macro_majority': 0.7258297258297258, 'binary_majority': 0.5555555555555556, 'run_time_millis': 2490.719636999984, 'loss_mean': 0.11435502022504807}
Device cuda
Split type sit
Training Size: 2736, NTA labels 2366, YTA labels 370
Validation Size: 1140, NTA labels 1011, YTA labels 129
Test Size: 1146, NTA labels 979, YTA labels 167
Training with SBERT, model name is sbert
Tokenizing the dataset
Number of training steps 860
Epoch 0 **** Loss 0.11401231586933136 **** Metrics validation: {'accuracy': 0.7552631578947369, 'f1_weighted': 0.7979007636630527, 'macro': 0.6431420464299058, 'micro': 0.7552631578947367, 'binary': 0.44311377245508987, 'accuracy_majority': 0.7947368421052632, 'macro_majority': 0.7044865403788634, 'binary_majority': 0.5411764705882353, 'run_time_millis': 2499.006129999998, 'loss_mean': 0.10376343131065369}
Epoch 1 **** Loss 0.08298683166503906 **** Metrics validation: {'accuracy': 0.8078947368421052, 'f1_weighted': 0.8377634161096602, 'macro': 0.6889262685730306, 'micro': 0.8078947368421052, 'binary': 0.49655172413793114, 'accuracy_majority': 0.8421052631578947, 'macro_majority': 0.7482776894541601, 'binary_majority': 0.5945945945945946, 'run_time_millis': 2505.515387999992, 'loss_mean': 0.09973966330289841}
Epoch 2 **** Loss 0.17043885588645935 **** Metrics validation: {'accuracy': 0.7131578947368421, 'f1_weighted': 0.7654475261904519, 'macro': 0.6161936267015076, 'micro': 0.7131578947368421, 'binary': 0.4232804232804232, 'accuracy_majority': 0.7368421052631579, 'macro_majority': 0.6515551643192488, 'binary_majority': 0.4791666666666667, 'run_time_millis': 2484.9662269999726, 'loss_mean': 0.10007604211568832}
Epoch 3 **** Loss 0.22762277722358704 **** Metrics validation: {'accuracy': 0.8166666666666667, 'f1_weighted': 0.843286741416816, 'macro': 0.6898298399159549, 'micro': 0.8166666666666667, 'binary': 0.49148418491484186, 'accuracy_majority': 0.8526315789473684, 'macro_majority': 0.7548387096774193, 'binary_majority': 0.6, 'run_time_millis': 1593.1699380000168, 'loss_mean': 0.12385865300893784}
Epoch 4 **** Loss 0.05348055809736252 **** Metrics validation: {'accuracy': 0.7535087719298246, 'f1_weighted': 0.7967290772712174, 'macro': 0.6436354655800185, 'micro': 0.7535087719298246, 'binary': 0.445759368836292, 'accuracy_majority': 0.7894736842105263, 'macro_majority': 0.6994146495807625, 'binary_majority': 0.5348837209302325, 'run_time_millis': 2489.5478210000306, 'loss_mean': 0.10207635164260864}
Epoch 5 **** Loss 0.043004728853702545 **** Metrics validation: {'accuracy': 0.7956140350877193, 'f1_weighted': 0.8278513614884722, 'macro': 0.6724780178520564, 'micro': 0.7956140350877193, 'binary': 0.47165532879818584, 'accuracy_majority': 0.8263157894736842, 'macro_majority': 0.7259016393442622, 'binary_majority': 0.5599999999999999, 'run_time_millis': 2484.0779840000096, 'loss_mean': 0.1119878813624382}
Epoch 6 **** Loss 0.08882836997509003 **** Metrics validation: {'accuracy': 0.7973684210526316, 'f1_weighted': 0.8288737402800526, 'macro': 0.6718811326044295, 'micro': 0.7973684210526316, 'binary': 0.46896551724137925, 'accuracy_majority': 0.8315789473684211, 'macro_majority': 0.7314962020844373, 'binary_majority': 0.5675675675675675, 'run_time_millis': 2480.5982940000035, 'loss_mean': 0.12006720900535583}
Epoch 7 **** Loss 0.05630163848400116 **** Metrics validation: {'accuracy': 0.7798245614035088, 'f1_weighted': 0.816275893679814, 'macro': 0.6609615213720785, 'micro': 0.7798245614035088, 'binary': 0.4602150537634408, 'accuracy_majority': 0.8052631578947368, 'macro_majority': 0.704360990790193, 'binary_majority': 0.5316455696202531, 'run_time_millis': 2481.563155999993, 'loss_mean': 0.11337379366159439}
Epoch 8 **** Loss 0.09023375809192657 **** Metrics validation: {'accuracy': 0.8114035087719298, 'f1_weighted': 0.839807831429075, 'macro': 0.6879738157708803, 'micro': 0.8114035087719298, 'binary': 0.491725768321513, 'accuracy_majority': 0.8421052631578947, 'macro_majority': 0.742965367965368, 'binary_majority': 0.5833333333333334, 'run_time_millis': 2487.3845299999857, 'loss_mean': 0.12262271344661713}
Epoch 9 **** Loss 0.09098268300294876 **** Metrics validation: {'accuracy': 0.7885964912280702, 'f1_weighted': 0.8228154499821908, 'macro': 0.6680404673097069, 'micro': 0.7885964912280703, 'binary': 0.46799116997792495, 'accuracy_majority': 0.8157894736842105, 'macro_majority': 0.714971497149715, 'binary_majority': 0.5454545454545454, 'run_time_millis': 2499.6236849999605, 'loss_mean': 0.1199045181274414}
Evaluating
{'accuracy': 0.8166666666666667, 'f1_weighted': 0.843286741416816, 'macro': 0.6898298399159549, 'micro': 0.8166666666666667, 'binary': 0.49148418491484186, 'accuracy_majority': 0.8526315789473684, 'macro_majority': 0.7548387096774193, 'binary_majority': 0.6, 'run_time_millis': 868.7949719999892, 'loss_mean': 0.12385865300893784}
Device cuda
Split type sit
Training Size: 3078, NTA labels 2663, YTA labels 415
Validation Size: 1140, NTA labels 1011, YTA labels 129
Test Size: 1146, NTA labels 979, YTA labels 167
Training with SBERT, model name is sbert
Tokenizing the dataset
Number of training steps 970
Epoch 0 **** Loss 0.06478925794363022 **** Metrics validation: {'accuracy': 0.8394736842105263, 'f1_weighted': 0.8582940395259285, 'macro': 0.7002030548765504, 'micro': 0.8394736842105263, 'binary': 0.49586776859504134, 'accuracy_majority': 0.8526315789473684, 'macro_majority': 0.7301683911543924, 'binary_majority': 0.5483870967741935, 'run_time_millis': 2512.5613090000343, 'loss_mean': 0.09958261996507645}
Epoch 1 **** Loss 0.29735463857650757 **** Metrics validation: {'accuracy': 0.7464912280701754, 'f1_weighted': 0.791670886618255, 'macro': 0.6424257224257224, 'micro': 0.7464912280701754, 'binary': 0.4495238095238095, 'accuracy_majority': 0.7631578947368421, 'macro_majority': 0.6698714236070891, 'binary_majority': 0.4943820224719101, 'run_time_millis': 2485.0011230000177, 'loss_mean': 0.10140054672956467}
Epoch 2 **** Loss 0.07138882577419281 **** Metrics validation: {'accuracy': 0.7482456140350877, 'f1_weighted': 0.7928916021281849, 'macro': 0.6420189527101325, 'micro': 0.7482456140350877, 'binary': 0.4470134874759152, 'accuracy_majority': 0.7789473684210526, 'macro_majority': 0.6894458281444582, 'binary_majority': 0.5227272727272727, 'run_time_millis': 2504.940673999954, 'loss_mean': 0.09917855262756348}
Epoch 3 **** Loss 0.1214231625199318 **** Metrics validation: {'accuracy': 0.7271929824561404, 'f1_weighted': 0.7765633766966118, 'macro': 0.6269252745656985, 'micro': 0.7271929824561403, 'binary': 0.4335154826958106, 'accuracy_majority': 0.7526315789473684, 'macro_majority': 0.665430294855944, 'binary_majority': 0.4946236559139785, 'run_time_millis': 1622.0430150000311, 'loss_mean': 0.10080508142709732}
Epoch 4 **** Loss 0.04457816109061241 **** Metrics validation: {'accuracy': 0.7342105263157894, 'f1_weighted': 0.7819840879036793, 'macro': 0.6309579899806729, 'micro': 0.7342105263157894, 'binary': 0.435754189944134, 'accuracy_majority': 0.7631578947368421, 'macro_majority': 0.674892581466976, 'binary_majority': 0.5054945054945055, 'run_time_millis': 858.9063200000169, 'loss_mean': 0.10612675547599792}
Epoch 5 **** Loss 0.14561548829078674 **** Metrics validation: {'accuracy': 0.7833333333333333, 'f1_weighted': 0.8199126543112981, 'macro': 0.6725931972219606, 'micro': 0.7833333333333333, 'binary': 0.48218029350104824, 'accuracy_majority': 0.8157894736842105, 'macro_majority': 0.7254221891903051, 'binary_majority': 0.5679012345679012, 'run_time_millis': 1897.2998419999954, 'loss_mean': 0.10879465192556381}
Epoch 6 **** Loss 0.07458975166082382 **** Metrics validation: {'accuracy': 0.7973684210526316, 'f1_weighted': 0.8305523394363092, 'macro': 0.684939324439276, 'micro': 0.7973684210526316, 'binary': 0.4967320261437908, 'accuracy_majority': 0.8315789473684211, 'macro_majority': 0.7418916624214638, 'binary_majority': 0.5897435897435896, 'run_time_millis': 1604.7167659999673, 'loss_mean': 0.11273758858442307}
Epoch 7 **** Loss 0.03530365973711014 **** Metrics validation: {'accuracy': 0.7956140350877193, 'f1_weighted': 0.8290852601240695, 'macro': 0.6822115263824731, 'micro': 0.7956140350877193, 'binary': 0.49237472766884527, 'accuracy_majority': 0.8315789473684211, 'macro_majority': 0.7418916624214638, 'binary_majority': 0.5897435897435896, 'run_time_millis': 2407.4020430000473, 'loss_mean': 0.11229456961154938}
Epoch 8 **** Loss 0.07338269799947739 **** Metrics validation: {'accuracy': 0.8271929824561404, 'f1_weighted': 0.8522846318617835, 'macro': 0.7076386529351345, 'micro': 0.8271929824561404, 'binary': 0.5206812652068126, 'accuracy_majority': 0.8631578947368421, 'macro_majority': 0.7723502304147465, 'binary_majority': 0.6285714285714286, 'run_time_millis': 1680.5050459999507, 'loss_mean': 0.12211688607931137}
Epoch 9 **** Loss 0.026440871879458427 **** Metrics validation: {'accuracy': 0.8184210526315789, 'f1_weighted': 0.8457684702596211, 'macro': 0.6995840923933592, 'micro': 0.8184210526315789, 'binary': 0.5106382978723404, 'accuracy_majority': 0.8526315789473684, 'macro_majority': 0.76010101010101, 'binary_majority': 0.6111111111111112, 'run_time_millis': 2502.006301999984, 'loss_mean': 0.1208944171667099}
Evaluating
{'accuracy': 0.8394736842105263, 'f1_weighted': 0.8582940395259285, 'macro': 0.7002030548765504, 'micro': 0.8394736842105263, 'binary': 0.49586776859504134, 'accuracy_majority': 0.8526315789473684, 'macro_majority': 0.7301683911543924, 'binary_majority': 0.5483870967741935, 'run_time_millis': 2509.8010600000293, 'loss_mean': 0.09958261996507645}
Device cuda
Split type sit
Training Size: 3420, NTA labels 2981, YTA labels 439
Validation Size: 1140, NTA labels 1011, YTA labels 129
Test Size: 1146, NTA labels 979, YTA labels 167
Training with SBERT, model name is sbert
Tokenizing the dataset
Number of training steps 1070
Epoch 0 **** Loss 0.13557758927345276 **** Metrics validation: {'accuracy': 0.881578947368421, 'f1_weighted': 0.8881895634423702, 'macro': 0.7386879383853665, 'micro': 0.881578947368421, 'binary': 0.5454545454545454, 'accuracy_majority': 0.9105263157894737, 'macro_majority': 0.807497467071935, 'binary_majority': 0.6666666666666666, 'run_time_millis': 1834.9395559999948, 'loss_mean': 0.10935945063829422}
Epoch 1 **** Loss 0.03556493669748306 **** Metrics validation: {'accuracy': 0.762280701754386, 'f1_weighted': 0.8034078958537163, 'macro': 0.650352262116968, 'micro': 0.762280701754386, 'binary': 0.4525252525252525, 'accuracy_majority': 0.8, 'macro_majority': 0.7096203346203346, 'binary_majority': 0.5476190476190476, 'run_time_millis': 2528.4939950000194, 'loss_mean': 0.09906990826129913}
Epoch 2 **** Loss 0.053889576345682144 **** Metrics validation: {'accuracy': 0.769298245614035, 'f1_weighted': 0.8089113994613399, 'macro': 0.6576611756807212, 'micro': 0.769298245614035, 'binary': 0.46216768916155415, 'accuracy_majority': 0.8052631578947368, 'macro_majority': 0.7148188714453775, 'binary_majority': 0.5542168674698795, 'run_time_millis': 2520.755619000056, 'loss_mean': 0.09542468935251236}
Epoch 3 **** Loss 0.10387921333312988 **** Metrics validation: {'accuracy': 0.7745614035087719, 'f1_weighted': 0.8122642829358997, 'macro': 0.6561425005193424, 'micro': 0.7745614035087719, 'binary': 0.45435244161358807, 'accuracy_majority': 0.8105263157894737, 'macro_majority': 0.7149999999999999, 'binary_majority': 0.5499999999999999, 'run_time_millis': 2071.1174939999637, 'loss_mean': 0.1031135618686676}
Epoch 4 **** Loss 0.09260206669569016 **** Metrics validation: {'accuracy': 0.7798245614035088, 'f1_weighted': 0.816275893679814, 'macro': 0.6609615213720785, 'micro': 0.7798245614035088, 'binary': 0.4602150537634408, 'accuracy_majority': 0.8157894736842105, 'macro_majority': 0.720341477774507, 'binary_majority': 0.5569620253164557, 'run_time_millis': 2220.7994810000855, 'loss_mean': 0.1175268366932869}
Epoch 5 **** Loss 0.057498496025800705 **** Metrics validation: {'accuracy': 0.7745614035087719, 'f1_weighted': 0.8118840823733554, 'macro': 0.6528570159068693, 'micro': 0.7745614035087719, 'binary': 0.44731182795698926, 'accuracy_majority': 0.8052631578947368, 'macro_majority': 0.704360990790193, 'binary_majority': 0.5316455696202531, 'run_time_millis': 2516.461583000023, 'loss_mean': 0.11956235766410828}
Epoch 6 **** Loss 0.07297497987747192 **** Metrics validation: {'accuracy': 0.7745614035087719, 'f1_weighted': 0.8118840823733554, 'macro': 0.6528570159068693, 'micro': 0.7745614035087719, 'binary': 0.44731182795698926, 'accuracy_majority': 0.8052631578947368, 'macro_majority': 0.704360990790193, 'binary_majority': 0.5316455696202531, 'run_time_millis': 2439.927592999993, 'loss_mean': 0.12500648200511932}
Epoch 7 **** Loss 0.0480722151696682 **** Metrics validation: {'accuracy': 0.7903508771929825, 'f1_weighted': 0.8238642471136816, 'macro': 0.6674685208170856, 'micro': 0.7903508771929825, 'binary': 0.46532438478747196, 'accuracy_majority': 0.8210526315789474, 'macro_majority': 0.7203947368421053, 'binary_majority': 0.5526315789473684, 'run_time_millis': 2521.9013380000206, 'loss_mean': 0.1316932588815689}
Epoch 8 **** Loss 0.03240256384015083 **** Metrics validation: {'accuracy': 0.7850877192982456, 'f1_weighted': 0.8198746275752561, 'macro': 0.662530765522316, 'micro': 0.7850877192982457, 'binary': 0.4591611479028697, 'accuracy_majority': 0.8157894736842105, 'macro_majority': 0.714971497149715, 'binary_majority': 0.5454545454545454, 'run_time_millis': 2288.845926000022, 'loss_mean': 0.1312829852104187}
Epoch 9 **** Loss 0.09221635013818741 **** Metrics validation: {'accuracy': 0.8043859649122806, 'f1_weighted': 0.8343363224963498, 'macro': 0.6798555307469408, 'micro': 0.8043859649122808, 'binary': 0.4801864801864802, 'accuracy_majority': 0.8368421052631579, 'macro_majority': 0.737182633528178, 'binary_majority': 0.5753424657534246, 'run_time_millis': 2516.8753589999824, 'loss_mean': 0.13512533903121948}
Evaluating
{'accuracy': 0.881578947368421, 'f1_weighted': 0.8881895634423702, 'macro': 0.7386879383853665, 'micro': 0.881578947368421, 'binary': 0.5454545454545454, 'accuracy_majority': 0.9105263157894737, 'macro_majority': 0.807497467071935, 'binary_majority': 0.6666666666666666, 'run_time_millis': 2512.275647000024, 'loss_mean': 0.10935945063829422}
