Device cuda
Split type sit
Training Size: 4439, NTA labels 4332, YTA labels 107
Validation Size: 1524, NTA labels 1494, YTA labels 30
Test Size: 1465, NTA labels 1438, YTA labels 27
Training with SBERT, model name is sbert
Tokenizing the dataset
Number of training steps 1390
Epoch 0 **** Loss 0.0490645132958889 **** Metrics validation: {'accuracy': 0.8648293963254593, 'f1_weighted': 0.9097929523199286, 'macro': 0.4823471992296479, 'micro': 0.8648293963254594, 'binary': 0.037383177570093455, 'accuracy_majority': 0.8588235294117647, 'macro_majority': 0.49042113955408756, 'binary_majority': 0.05714285714285715, 'run_time_millis': 2669.866967946291, 'loss_mean': 0.03263171389698982}
Epoch 1 **** Loss 0.049392685294151306 **** Metrics validation: {'accuracy': 0.9002624671916011, 'f1_weighted': 0.929703688354745, 'macro': 0.4986842105263158, 'micro': 0.9002624671916011, 'binary': 0.05, 'accuracy_majority': 0.893048128342246, 'macro_majority': 0.4999572155906387, 'binary_majority': 0.056603773584905655, 'run_time_millis': 1817.423761356622, 'loss_mean': 0.03202906996011734}
Epoch 2 **** Loss 0.014951374381780624 **** Metrics validation: {'accuracy': 0.9330708661417323, 'f1_weighted': 0.9483065908333949, 'macro': 0.5352491658594338, 'micro': 0.9330708661417323, 'binary': 0.10526315789473682, 'accuracy_majority': 0.9262032085561497, 'macro_majority': 0.5440281576659669, 'binary_majority': 0.12658227848101267, 'run_time_millis': 1846.4606697671115, 'loss_mean': 0.030629664659500122}
Epoch 3 **** Loss 0.013208466582000256 **** Metrics validation: {'accuracy': 0.8871391076115486, 'f1_weighted': 0.9243507989182825, 'macro': 0.5562567713976164, 'micro': 0.8871391076115486, 'binary': 0.17307692307692304, 'accuracy_majority': 0.8834224598930481, 'macro_majority': 0.5648841925498986, 'binary_majority': 0.19259259259259257, 'run_time_millis': 1172.5112991407514, 'loss_mean': 0.028307482600212097}
Epoch 4 **** Loss 0.006796394940465689 **** Metrics validation: {'accuracy': 0.9488188976377953, 'f1_weighted': 0.9597746710232649, 'macro': 0.6256235827664399, 'micro': 0.9488188976377953, 'binary': 0.2777777777777778, 'accuracy_majority': 0.9433155080213904, 'macro_majority': 0.631903435468895, 'binary_majority': 0.29333333333333333, 'run_time_millis': 1156.7044430412352, 'loss_mean': 0.025194451212882996}
Epoch 5 **** Loss 0.019810480996966362 **** Metrics validation: {'accuracy': 0.9127296587926509, 'f1_weighted': 0.9392210092258416, 'macro': 0.5834105777194991, 'micro': 0.9127296587926509, 'binary': 0.21301775147928995, 'accuracy_majority': 0.9133689839572192, 'macro_majority': 0.6054420705499899, 'binary_majority': 0.25688073394495414, 'run_time_millis': 1461.3185138441622, 'loss_mean': 0.022781623527407646}
Epoch 6 **** Loss 0.017614398151636124 **** Metrics validation: {'accuracy': 0.9402887139107612, 'f1_weighted': 0.9553545194046911, 'macro': 0.626155426223896, 'micro': 0.9402887139107612, 'binary': 0.28346456692913385, 'accuracy_majority': 0.9379679144385027, 'macro_majority': 0.6465350922932527, 'binary_majority': 0.3255813953488372, 'run_time_millis': 2223.431337159127, 'loss_mean': 0.022388720884919167}
Epoch 7 **** Loss 0.008132897317409515 **** Metrics validation: {'accuracy': 0.949475065616798, 'f1_weighted': 0.9608676457617649, 'macro': 0.6461744885498485, 'micro': 0.949475065616798, 'binary': 0.3185840707964602, 'accuracy_majority': 0.946524064171123, 'macro_majority': 0.6655362866300366, 'binary_majority': 0.358974358974359, 'run_time_millis': 896.0957597009838, 'loss_mean': 0.022577235475182533}
Epoch 8 **** Loss 0.009911438450217247 **** Metrics validation: {'accuracy': 0.9337270341207349, 'f1_weighted': 0.9514746826899417, 'macro': 0.6140388709325564, 'micro': 0.9337270341207349, 'binary': 0.2627737226277372, 'accuracy_majority': 0.932620320855615, 'macro_majority': 0.6361395771176547, 'binary_majority': 0.3076923076923077, 'run_time_millis': 854.4807201251388, 'loss_mean': 0.021975213661789894}
Epoch 9 **** Loss 0.005917666479945183 **** Metrics validation: {'accuracy': 0.9501312335958005, 'f1_weighted': 0.9612662943698794, 'macro': 0.6477715064227326, 'micro': 0.9501312335958005, 'binary': 0.32142857142857145, 'accuracy_majority': 0.9475935828877006, 'macro_majority': 0.668153931957613, 'binary_majority': 0.36363636363636365, 'run_time_millis': 2023.1168889440596, 'loss_mean': 0.022661685943603516}
Evaluating
{'accuracy': 0.9501312335958005, 'f1_weighted': 0.9612662943698794, 'macro': 0.6477715064227326, 'micro': 0.9501312335958005, 'binary': 0.32142857142857145, 'accuracy_majority': 0.9475935828877006, 'macro_majority': 0.668153931957613, 'binary_majority': 0.36363636363636365, 'run_time_millis': 2011.1642219126225, 'loss_mean': 0.022661685943603516}
