Device cuda
Split type sit
Training Size: 1050, NTA labels 682, YTA labels 368
Validation Size: 2078, NTA labels 1342, YTA labels 736
Test Size: 2089, NTA labels 1337, YTA labels 752
Training with SBERT, model name is sbert
Tokenizing the dataset
Number of training steps 330
Epoch 0 **** Loss 0.3045411705970764 **** Metrics validation: {'accuracy': 0.7324350336862367, 'f1_weighted': 0.7336672012246992, 'macro': 0.7103330284650686, 'micro': 0.7324350336862366, 'binary': 0.6303191489361702, 'accuracy_majority': 0.7458609271523179, 'macro_majority': 0.7287983882467797, 'binary_majority': 0.6607734806629835, 'run_time_millis': 3358.042520005256, 'loss_mean': 0.278414785861969}
Epoch 1 **** Loss 0.2551233172416687 **** Metrics validation: {'accuracy': 0.7598652550529356, 'f1_weighted': 0.7650503997890437, 'macro': 0.7552616218760171, 'micro': 0.7598652550529356, 'binary': 0.7216954824316787, 'accuracy_majority': 0.7971854304635762, 'macro_majority': 0.7943841215298499, 'binary_majority': 0.7703842549203375, 'run_time_millis': 3329.351444263011, 'loss_mean': 0.22162415087223053}
Epoch 2 **** Loss 0.2386595457792282 **** Metrics validation: {'accuracy': 0.8214629451395573, 'f1_weighted': 0.8178876723298174, 'macro': 0.7976389309961507, 'micro': 0.8214629451395573, 'binary': 0.7282051282051283, 'accuracy_majority': 0.8302980132450332, 'macro_majority': 0.8104384395694066, 'binary_majority': 0.7490820073439414, 'run_time_millis': 3363.196302205324, 'loss_mean': 0.21066251397132874}
Epoch 3 **** Loss 0.16323606669902802 **** Metrics validation: {'accuracy': 0.8253128007699712, 'f1_weighted': 0.8272609832232617, 'macro': 0.8136908847555144, 'micro': 0.8253128007699712, 'binary': 0.767158434894163, 'accuracy_majority': 0.8617549668874173, 'macro_majority': 0.8537270469664835, 'binary_majority': 0.8194594594594594, 'run_time_millis': 3086.5310560911894, 'loss_mean': 0.1852964460849762}
Epoch 4 **** Loss 0.1973625123500824 **** Metrics validation: {'accuracy': 0.8315688161693936, 'f1_weighted': 0.8300854536513895, 'macro': 0.8127985750761881, 'micro': 0.8315688161693936, 'binary': 0.7535211267605634, 'accuracy_majority': 0.8526490066225165, 'macro_majority': 0.8382869657296881, 'binary_majority': 0.7900943396226415, 'run_time_millis': 3340.537494048476, 'loss_mean': 0.20311370491981506}
Epoch 5 **** Loss 0.20788298547267914 **** Metrics validation: {'accuracy': 0.8310875842155919, 'f1_weighted': 0.8318881258202937, 'macro': 0.8171872708975865, 'micro': 0.8310875842155919, 'binary': 0.7667774086378737, 'accuracy_majority': 0.8650662251655629, 'macro_majority': 0.855355378518249, 'binary_majority': 0.817877094972067, 'run_time_millis': 3342.3159504309297, 'loss_mean': 0.1994604617357254}
Epoch 6 **** Loss 0.11096470057964325 **** Metrics validation: {'accuracy': 0.8349374398460058, 'f1_weighted': 0.8374735952591851, 'macro': 0.8259178796171802, 'micro': 0.8349374398460059, 'binary': 0.7862928348909657, 'accuracy_majority': 0.8625827814569537, 'macro_majority': 0.8559077478471815, 'binary_majority': 0.8248945147679325, 'run_time_millis': 2846.8649913556874, 'loss_mean': 0.19229674339294434}
Epoch 7 **** Loss 0.13546954095363617 **** Metrics validation: {'accuracy': 0.8397497593840231, 'f1_weighted': 0.8403345153934587, 'macro': 0.8261600297247371, 'micro': 0.8397497593840231, 'binary': 0.7775551102204408, 'accuracy_majority': 0.8725165562913907, 'macro_majority': 0.8637754937655057, 'binary_majority': 0.8292682926829268, 'run_time_millis': 3333.4049647673965, 'loss_mean': 0.2062424123287201}
Epoch 8 **** Loss 0.09855277836322784 **** Metrics validation: {'accuracy': 0.8469682386910491, 'f1_weighted': 0.8475478223447339, 'macro': 0.8340390648780767, 'micro': 0.8469682386910491, 'binary': 0.787716955941255, 'accuracy_majority': 0.8774834437086093, 'macro_majority': 0.8690829420603561, 'binary_majority': 0.835920177383592, 'run_time_millis': 3292.984636966139, 'loss_mean': 0.21046024560928345}
Epoch 9 **** Loss 0.07324660569429398 **** Metrics validation: {'accuracy': 0.8407122232916265, 'f1_weighted': 0.8417969588882023, 'macro': 0.8283816574285119, 'micro': 0.8407122232916265, 'binary': 0.7823800131492439, 'accuracy_majority': 0.8758278145695364, 'macro_majority': 0.8677816207696685, 'binary_majority': 0.8351648351648352, 'run_time_millis': 3335.4323050007224, 'loss_mean': 0.20885902643203735}
Evaluating
{'accuracy': 0.8469682386910491, 'f1_weighted': 0.8475478223447339, 'macro': 0.8340390648780767, 'micro': 0.8469682386910491, 'binary': 0.787716955941255, 'accuracy_majority': 0.8774834437086093, 'macro_majority': 0.8690829420603561, 'binary_majority': 0.835920177383592, 'run_time_millis': 3341.0048740915954, 'loss_mean': 0.21046024560928345}
