Device cuda
Split type sit
Training Size: 684, NTA labels 527, YTA labels 157
Validation Size: 570, NTA labels 472, YTA labels 98
Test Size: 573, NTA labels 436, YTA labels 137
Training with SBERT, model name is sbert
Tokenizing the dataset
Number of training steps 220
Epoch 0 **** Loss 0.160982146859169 **** Metrics validation: {'accuracy': 0.7649122807017544, 'f1_weighted': 0.7913010806267752, 'macro': 0.6981934280611357, 'micro': 0.7649122807017544, 'binary': 0.5562913907284768, 'accuracy_majority': 0.7789473684210526, 'macro_majority': 0.7112462006079026, 'binary_majority': 0.5714285714285713, 'run_time_millis': 286.21298000052775, 'loss_mean': 0.14309759438037872}
Epoch 1 **** Loss 0.10957580804824829 **** Metrics validation: {'accuracy': 0.7666666666666667, 'f1_weighted': 0.7925676419084887, 'macro': 0.6985194405449795, 'micro': 0.7666666666666667, 'binary': 0.5551839464882944, 'accuracy_majority': 0.7736842105263158, 'macro_majority': 0.7023787840151543, 'binary_majority': 0.5567010309278351, 'run_time_millis': 236.77729399969394, 'loss_mean': 0.1367863565683365}
Epoch 2 **** Loss 0.08168602734804153 **** Metrics validation: {'accuracy': 0.7894736842105263, 'f1_weighted': 0.8099581314507422, 'macro': 0.7117378331450921, 'micro': 0.7894736842105263, 'binary': 0.562043795620438, 'accuracy_majority': 0.8052631578947368, 'macro_majority': 0.7285609482991622, 'binary_majority': 0.5842696629213483, 'run_time_millis': 490.58149900065473, 'loss_mean': 0.14610505104064941}
Epoch 3 **** Loss 0.020328115671873093 **** Metrics validation: {'accuracy': 0.7771929824561403, 'f1_weighted': 0.8006312639173778, 'macro': 0.7043025027470171, 'micro': 0.7771929824561403, 'binary': 0.5574912891986062, 'accuracy_majority': 0.7947368421052632, 'macro_majority': 0.7263157894736842, 'binary_majority': 0.5894736842105264, 'run_time_millis': 490.9254529993632, 'loss_mean': 0.15529383718967438}
Epoch 4 **** Loss 0.07086164504289627 **** Metrics validation: {'accuracy': 0.8719298245614036, 'f1_weighted': 0.8711373171700719, 'macro': 0.7723380623840762, 'micro': 0.8719298245614036, 'binary': 0.6217616580310881, 'accuracy_majority': 0.9105263157894737, 'macro_majority': 0.8340099696798396, 'binary_majority': 0.7213114754098361, 'run_time_millis': 541.858267999487, 'loss_mean': 0.245112344622612}
Epoch 5 **** Loss 0.021216243505477905 **** Metrics validation: {'accuracy': 0.7982456140350878, 'f1_weighted': 0.8171665190445287, 'macro': 0.7202292796810912, 'micro': 0.7982456140350878, 'binary': 0.5724907063197026, 'accuracy_majority': 0.8105263157894737, 'macro_majority': 0.7338107098381071, 'binary_majority': 0.5909090909090909, 'run_time_millis': 589.8247680006534, 'loss_mean': 0.16669513285160065}
Epoch 6 **** Loss 0.040893640369176865 **** Metrics validation: {'accuracy': 0.8421052631578947, 'f1_weighted': 0.8499937320305468, 'macro': 0.7516508200848163, 'micro': 0.8421052631578947, 'binary': 0.6017699115044248, 'accuracy_majority': 0.8578947368421053, 'macro_majority': 0.7757377049180327, 'binary_majority': 0.64, 'run_time_millis': 639.5065090000571, 'loss_mean': 0.19372384250164032}
Epoch 7 **** Loss 0.06825455278158188 **** Metrics validation: {'accuracy': 0.7964912280701755, 'f1_weighted': 0.8160132304195022, 'macro': 0.7199444293846571, 'micro': 0.7964912280701755, 'binary': 0.5735294117647058, 'accuracy_majority': 0.8, 'macro_majority': 0.7233716475095786, 'binary_majority': 0.5777777777777778, 'run_time_millis': 243.2543099994291, 'loss_mean': 0.17024919390678406}
Epoch 8 **** Loss 0.008315695449709892 **** Metrics validation: {'accuracy': 0.8403508771929824, 'f1_weighted': 0.8481094174416003, 'macro': 0.7480510018214936, 'micro': 0.8403508771929823, 'binary': 0.5955555555555555, 'accuracy_majority': 0.8631578947368421, 'macro_majority': 0.7818406641936053, 'binary_majority': 0.6486486486486486, 'run_time_millis': 745.4545480004526, 'loss_mean': 0.19558699429035187}
Epoch 9 **** Loss 0.02159244567155838 **** Metrics validation: {'accuracy': 0.8456140350877193, 'f1_weighted': 0.8529035470773001, 'macro': 0.755536494073612, 'micro': 0.8456140350877194, 'binary': 0.6071428571428572, 'accuracy_majority': 0.868421052631579, 'macro_majority': 0.788050510909821, 'binary_majority': 0.6575342465753425, 'run_time_millis': 289.0785640001923, 'loss_mean': 0.20084838569164276}
Evaluating
{'accuracy': 0.8719298245614036, 'f1_weighted': 0.8711373171700719, 'macro': 0.7723380623840762, 'micro': 0.8719298245614036, 'binary': 0.6217616580310881, 'accuracy_majority': 0.9105263157894737, 'macro_majority': 0.8340099696798396, 'binary_majority': 0.7213114754098361, 'run_time_millis': 1505.6644500000402, 'loss_mean': 0.245112344622612}
Device cuda
Split type sit
Training Size: 855, NTA labels 666, YTA labels 189
Validation Size: 570, NTA labels 472, YTA labels 98
Test Size: 573, NTA labels 436, YTA labels 137
Training with SBERT, model name is sbert
Tokenizing the dataset
Number of training steps 270
Epoch 0 **** Loss 0.21239247918128967 **** Metrics validation: {'accuracy': 0.8456140350877193, 'f1_weighted': 0.8549119728624782, 'macro': 0.7634006905530084, 'micro': 0.8456140350877194, 'binary': 0.6239316239316238, 'accuracy_majority': 0.8842105263157894, 'macro_majority': 0.819078947368421, 'binary_majority': 0.7105263157894737, 'run_time_millis': 391.6887140003382, 'loss_mean': 0.14228487014770508}
Epoch 1 **** Loss 0.16786642372608185 **** Metrics validation: {'accuracy': 0.7298245614035088, 'f1_weighted': 0.7623305176521551, 'macro': 0.671604938271605, 'micro': 0.7298245614035088, 'binary': 0.5333333333333333, 'accuracy_majority': 0.7421052631578947, 'macro_majority': 0.6812844476395878, 'binary_majority': 0.5420560747663552, 'run_time_millis': 237.00511700008065, 'loss_mean': 0.1447785496711731}
Epoch 2 **** Loss 0.11368004977703094 **** Metrics validation: {'accuracy': 0.7824561403508772, 'f1_weighted': 0.8052219853772916, 'macro': 0.7106172516008582, 'micro': 0.7824561403508773, 'binary': 0.5664335664335665, 'accuracy_majority': 0.8052631578947368, 'macro_majority': 0.7366153385036155, 'binary_majority': 0.6021505376344086, 'run_time_millis': 235.87034299998777, 'loss_mean': 0.15247288346290588}
Epoch 3 **** Loss 0.03242399916052818 **** Metrics validation: {'accuracy': 0.8105263157894737, 'f1_weighted': 0.82843315184513, 'macro': 0.7379310344827585, 'micro': 0.8105263157894737, 'binary': 0.6, 'accuracy_majority': 0.8368421052631579, 'macro_majority': 0.7689380565689852, 'binary_majority': 0.6436781609195402, 'run_time_millis': 236.1376469998504, 'loss_mean': 0.16898341476917267}
Epoch 4 **** Loss 0.0347692146897316 **** Metrics validation: {'accuracy': 0.787719298245614, 'f1_weighted': 0.810050259322856, 'macro': 0.718272463247158, 'micro': 0.787719298245614, 'binary': 0.5783972125435539, 'accuracy_majority': 0.8052631578947368, 'macro_majority': 0.7366153385036155, 'binary_majority': 0.6021505376344086, 'run_time_millis': 388.42989600016153, 'loss_mean': 0.18138687312602997}
Epoch 5 **** Loss 0.07945355027914047 **** Metrics validation: {'accuracy': 0.8263157894736842, 'f1_weighted': 0.840300398071302, 'macro': 0.7485417381500907, 'micro': 0.8263157894736841, 'binary': 0.6086956521739131, 'accuracy_majority': 0.8526315789473684, 'macro_majority': 0.7822884269111148, 'binary_majority': 0.6585365853658537, 'run_time_millis': 236.20409599971026, 'loss_mean': 0.18299312889575958}
Epoch 6 **** Loss 0.021065521985292435 **** Metrics validation: {'accuracy': 0.8473684210526315, 'f1_weighted': 0.8563740243852931, 'macro': 0.7653444123200097, 'micro': 0.8473684210526315, 'binary': 0.6266094420600858, 'accuracy_majority': 0.8789473684210526, 'macro_majority': 0.8089617486338797, 'binary_majority': 0.6933333333333332, 'run_time_millis': 338.5027430003902, 'loss_mean': 0.20624348521232605}
Epoch 7 **** Loss 0.09498511254787445 **** Metrics validation: {'accuracy': 0.843859649122807, 'f1_weighted': 0.8534516260087153, 'macro': 0.7614670271541084, 'micro': 0.843859649122807, 'binary': 0.621276595744681, 'accuracy_majority': 0.8736842105263158, 'macro_majority': 0.8026315789473684, 'binary_majority': 0.6842105263157895, 'run_time_millis': 295.04448500028957, 'loss_mean': 0.21247246861457825}
Epoch 8 **** Loss 0.03469735011458397 **** Metrics validation: {'accuracy': 0.8385964912280702, 'f1_weighted': 0.8501489379185668, 'macro': 0.7601361241217799, 'micro': 0.8385964912280702, 'binary': 0.6229508196721312, 'accuracy_majority': 0.868421052631579, 'macro_majority': 0.8002439126960763, 'binary_majority': 0.6835443037974683, 'run_time_millis': 441.0938810005973, 'loss_mean': 0.2055322825908661}
Epoch 9 **** Loss 0.06324535608291626 **** Metrics validation: {'accuracy': 0.8473684210526315, 'f1_weighted': 0.857456724904502, 'macro': 0.769711942564979, 'micro': 0.8473684210526315, 'binary': 0.6359832635983265, 'accuracy_majority': 0.8789473684210526, 'macro_majority': 0.8126955552698126, 'binary_majority': 0.7012987012987012, 'run_time_millis': 238.6668560002363, 'loss_mean': 0.21141721308231354}
Evaluating
{'accuracy': 0.8473684210526315, 'f1_weighted': 0.857456724904502, 'macro': 0.769711942564979, 'micro': 0.8473684210526315, 'binary': 0.6359832635983265, 'accuracy_majority': 0.8789473684210526, 'macro_majority': 0.8126955552698126, 'binary_majority': 0.7012987012987012, 'run_time_millis': 236.07474500022363, 'loss_mean': 0.21141721308231354}
Device cuda
Split type sit
Training Size: 1026, NTA labels 807, YTA labels 219
Validation Size: 570, NTA labels 472, YTA labels 98
Test Size: 573, NTA labels 436, YTA labels 137
Training with SBERT, model name is sbert
Tokenizing the dataset
Number of training steps 330
Epoch 0 **** Loss 0.031061355024576187 **** Metrics validation: {'accuracy': 0.8035087719298246, 'f1_weighted': 0.8205471721261195, 'macro': 0.720979020979021, 'micro': 0.8035087719298245, 'binary': 0.5692307692307692, 'accuracy_majority': 0.8315789473684211, 'macro_majority': 0.7554697554697555, 'binary_majority': 0.6190476190476191, 'run_time_millis': 237.05243700078427, 'loss_mean': 0.1459445208311081}
Epoch 1 **** Loss 0.014870458282530308 **** Metrics validation: {'accuracy': 0.8385964912280702, 'f1_weighted': 0.8448150665824545, 'macro': 0.7390992855579216, 'micro': 0.8385964912280702, 'binary': 0.5779816513761468, 'accuracy_majority': 0.8736842105263158, 'macro_majority': 0.7898617511520738, 'binary_majority': 0.6571428571428571, 'run_time_millis': 235.26279499947123, 'loss_mean': 0.1637822985649109}
Epoch 2 **** Loss 0.0021951738744974136 **** Metrics validation: {'accuracy': 0.7947368421052632, 'f1_weighted': 0.8130418045582195, 'macro': 0.7108618648954481, 'micro': 0.7947368421052632, 'binary': 0.5551330798479088, 'accuracy_majority': 0.8157894736842105, 'macro_majority': 0.7347956131605184, 'binary_majority': 0.5882352941176471, 'run_time_millis': 441.3221840004553, 'loss_mean': 0.16727839410305023}
Epoch 3 **** Loss 0.17924921214580536 **** Metrics validation: {'accuracy': 0.7824561403508772, 'f1_weighted': 0.8056843528700045, 'macro': 0.7132657200811359, 'micro': 0.7824561403508773, 'binary': 0.5724137931034483, 'accuracy_majority': 0.8, 'macro_majority': 0.7314387739919654, 'binary_majority': 0.5957446808510638, 'run_time_millis': 237.27995899935195, 'loss_mean': 0.17679670453071594}
Epoch 4 **** Loss 0.0027497257106006145 **** Metrics validation: {'accuracy': 0.775438596491228, 'f1_weighted': 0.8004611528822054, 'macro': 0.7104761904761905, 'micro': 0.7754385964912279, 'binary': 0.5733333333333334, 'accuracy_majority': 0.7947368421052632, 'macro_majority': 0.7300644785253725, 'binary_majority': 0.5979381443298969, 'run_time_millis': 388.873730999876, 'loss_mean': 0.17377117276191711}
Epoch 5 **** Loss 0.1019308865070343 **** Metrics validation: {'accuracy': 0.7964912280701755, 'f1_weighted': 0.8170787433700532, 'macro': 0.7254152823920266, 'micro': 0.7964912280701755, 'binary': 0.5857142857142857, 'accuracy_majority': 0.8157894736842105, 'macro_majority': 0.7471386744743146, 'binary_majority': 0.6153846153846154, 'run_time_millis': 235.29164499996114, 'loss_mean': 0.1900586038827896}
Epoch 6 **** Loss 0.4068763256072998 **** Metrics validation: {'accuracy': 0.7947368421052632, 'f1_weighted': 0.8133665484465882, 'macro': 0.7123881401617251, 'micro': 0.7947368421052632, 'binary': 0.5584905660377358, 'accuracy_majority': 0.8105263157894737, 'macro_majority': 0.7294731846226862, 'binary_majority': 0.5813953488372092, 'run_time_millis': 235.9172229998876, 'loss_mean': 0.20581617951393127}
Epoch 7 **** Loss 0.30883118510246277 **** Metrics validation: {'accuracy': 0.8052631578947368, 'f1_weighted': 0.8216474796767578, 'macro': 0.7211927854722361, 'micro': 0.8052631578947368, 'binary': 0.5680933852140079, 'accuracy_majority': 0.8263157894736842, 'macro_majority': 0.7456492637215528, 'binary_majority': 0.6024096385542169, 'run_time_millis': 286.68660600033036, 'loss_mean': 0.20823150873184204}
Epoch 8 **** Loss 0.14188431203365326 **** Metrics validation: {'accuracy': 0.8210526315789474, 'f1_weighted': 0.8342342187109614, 'macro': 0.7356359469634964, 'micro': 0.8210526315789475, 'binary': 0.5853658536585366, 'accuracy_majority': 0.8473684210526315, 'macro_majority': 0.7682829387274486, 'binary_majority': 0.6329113924050633, 'run_time_millis': 842.6225019993581, 'loss_mean': 0.21375487744808197}
Epoch 9 **** Loss 0.006790307816118002 **** Metrics validation: {'accuracy': 0.8210526315789474, 'f1_weighted': 0.8342342187109614, 'macro': 0.7356359469634964, 'micro': 0.8210526315789475, 'binary': 0.5853658536585366, 'accuracy_majority': 0.8421052631578947, 'macro_majority': 0.7625, 'binary_majority': 0.625, 'run_time_millis': 387.8448980003668, 'loss_mean': 0.2137615978717804}
Evaluating
{'accuracy': 0.8385964912280702, 'f1_weighted': 0.8448150665824545, 'macro': 0.7390992855579216, 'micro': 0.8385964912280702, 'binary': 0.5779816513761468, 'accuracy_majority': 0.8736842105263158, 'macro_majority': 0.7898617511520738, 'binary_majority': 0.6571428571428571, 'run_time_millis': 590.9547219998785, 'loss_mean': 0.1637822985649109}
Device cuda
Split type sit
Training Size: 1197, NTA labels 931, YTA labels 266
Validation Size: 570, NTA labels 472, YTA labels 98
Test Size: 573, NTA labels 436, YTA labels 137
Training with SBERT, model name is sbert
Tokenizing the dataset
Number of training steps 380
Epoch 0 **** Loss 0.2016053944826126 **** Metrics validation: {'accuracy': 0.6947368421052632, 'f1_weighted': 0.732185433650852, 'macro': 0.6457300432925175, 'micro': 0.6947368421052632, 'binary': 0.5139664804469274, 'accuracy_majority': 0.7, 'macro_majority': 0.6480452373988497, 'binary_majority': 0.5128205128205129, 'run_time_millis': 439.28748899998027, 'loss_mean': 0.1604863703250885}
Epoch 1 **** Loss 0.08868332952260971 **** Metrics validation: {'accuracy': 0.8543859649122807, 'f1_weighted': 0.864010438701996, 'macro': 0.7802998992286581, 'micro': 0.8543859649122808, 'binary': 0.6527196652719666, 'accuracy_majority': 0.8789473684210526, 'macro_majority': 0.8126955552698126, 'binary_majority': 0.7012987012987012, 'run_time_millis': 1110.790148999513, 'loss_mean': 0.13092201948165894}
Epoch 2 **** Loss 0.01681387610733509 **** Metrics validation: {'accuracy': 0.7719298245614035, 'f1_weighted': 0.797882230851026, 'macro': 0.7096440494663093, 'micro': 0.7719298245614035, 'binary': 0.5751633986928105, 'accuracy_majority': 0.7947368421052632, 'macro_majority': 0.7336352852367087, 'binary_majority': 0.6060606060606061, 'run_time_millis': 439.22813999961363, 'loss_mean': 0.16232986748218536}
Epoch 3 **** Loss 0.14718522131443024 **** Metrics validation: {'accuracy': 0.843859649122807, 'f1_weighted': 0.8561366713203626, 'macro': 0.7726529203769847, 'micro': 0.843859649122807, 'binary': 0.6454183266932271, 'accuracy_majority': 0.8631578947368421, 'macro_majority': 0.7978392535603208, 'binary_majority': 0.6829268292682926, 'run_time_millis': 592.0929250005429, 'loss_mean': 0.13649292290210724}
Epoch 4 **** Loss 0.13195791840553284 **** Metrics validation: {'accuracy': 0.7947368421052632, 'f1_weighted': 0.8165477062027148, 'macro': 0.7288351989721029, 'micro': 0.7947368421052632, 'binary': 0.5951557093425606, 'accuracy_majority': 0.8105263157894737, 'macro_majority': 0.7455735753608095, 'binary_majority': 0.6170212765957447, 'run_time_millis': 238.31815099947562, 'loss_mean': 0.15891624987125397}
Epoch 5 **** Loss 0.11184193193912506 **** Metrics validation: {'accuracy': 0.8105263157894737, 'f1_weighted': 0.829214340198322, 'macro': 0.7418478260869565, 'micro': 0.8105263157894737, 'binary': 0.6086956521739131, 'accuracy_majority': 0.8368421052631579, 'macro_majority': 0.7725780918182169, 'binary_majority': 0.651685393258427, 'run_time_millis': 947.5874390000172, 'loss_mean': 0.16097062826156616}
Epoch 6 **** Loss 0.11013715714216232 **** Metrics validation: {'accuracy': 0.8052631578947368, 'f1_weighted': 0.8248431201265688, 'macro': 0.7366153385036155, 'micro': 0.8052631578947368, 'binary': 0.6021505376344086, 'accuracy_majority': 0.8263157894736842, 'macro_majority': 0.7615878930757823, 'binary_majority': 0.6373626373626373, 'run_time_millis': 237.81425499964826, 'loss_mean': 0.16111546754837036}
Epoch 7 **** Loss 0.022186078131198883 **** Metrics validation: {'accuracy': 0.8245614035087719, 'f1_weighted': 0.8406198562768477, 'macro': 0.7548218372016998, 'micro': 0.8245614035087719, 'binary': 0.6240601503759398, 'accuracy_majority': 0.8421052631578947, 'macro_majority': 0.7745609871855719, 'binary_majority': 0.6511627906976745, 'run_time_millis': 593.696383999486, 'loss_mean': 0.16929417848587036}
Epoch 8 **** Loss 0.02025812864303589 **** Metrics validation: {'accuracy': 0.8263157894736842, 'f1_weighted': 0.8420793871471131, 'macro': 0.7566361185983828, 'micro': 0.8263157894736841, 'binary': 0.6264150943396226, 'accuracy_majority': 0.8473684210526315, 'macro_majority': 0.780259222333001, 'binary_majority': 0.6588235294117647, 'run_time_millis': 642.4927739999475, 'loss_mean': 0.1732214391231537}
Epoch 9 **** Loss 0.09505386650562286 **** Metrics validation: {'accuracy': 0.8368421052631579, 'f1_weighted': 0.8499791618245565, 'macro': 0.763781632807661, 'micro': 0.8368421052631579, 'binary': 0.6324110671936759, 'accuracy_majority': 0.8631578947368421, 'macro_majority': 0.7978392535603208, 'binary_majority': 0.6829268292682926, 'run_time_millis': 288.9373230000274, 'loss_mean': 0.17825175821781158}
Evaluating
{'accuracy': 0.8543859649122807, 'f1_weighted': 0.864010438701996, 'macro': 0.7802998992286581, 'micro': 0.8543859649122808, 'binary': 0.6527196652719666, 'accuracy_majority': 0.8789473684210526, 'macro_majority': 0.8126955552698126, 'binary_majority': 0.7012987012987012, 'run_time_millis': 235.12716300047032, 'loss_mean': 0.13092201948165894}
Device cuda
Split type sit
Training Size: 1368, NTA labels 1071, YTA labels 297
Validation Size: 570, NTA labels 472, YTA labels 98
Test Size: 573, NTA labels 436, YTA labels 137
Training with SBERT, model name is sbert
Tokenizing the dataset
Number of training steps 430
Epoch 0 **** Loss 0.2339206337928772 **** Metrics validation: {'accuracy': 0.787719298245614, 'f1_weighted': 0.8107025242286604, 'macro': 0.7220867869332033, 'micro': 0.787719298245614, 'binary': 0.5870307167235495, 'accuracy_majority': 0.8052631578947368, 'macro_majority': 0.7403508771929825, 'binary_majority': 0.6105263157894737, 'run_time_millis': 1857.4529400002575, 'loss_mean': 0.1312175989151001}
Epoch 1 **** Loss 0.2735220193862915 **** Metrics validation: {'accuracy': 0.7649122807017544, 'f1_weighted': 0.7922928339958175, 'macro': 0.7055104023688716, 'micro': 0.7649122807017544, 'binary': 0.5732484076433122, 'accuracy_majority': 0.7789473684210526, 'macro_majority': 0.7185780787134999, 'binary_majority': 0.5882352941176471, 'run_time_millis': 817.0559079999293, 'loss_mean': 0.135985866189003}
Epoch 2 **** Loss 0.08661621809005737 **** Metrics validation: {'accuracy': 0.8175438596491228, 'f1_weighted': 0.836001631986944, 'macro': 0.7538205980066446, 'micro': 0.8175438596491228, 'binary': 0.6285714285714287, 'accuracy_majority': 0.8368421052631579, 'macro_majority': 0.7760371116772501, 'binary_majority': 0.6593406593406593, 'run_time_millis': 237.45971199969063, 'loss_mean': 0.12789878249168396}
Epoch 3 **** Loss 0.09629138559103012 **** Metrics validation: {'accuracy': 0.7947368421052632, 'f1_weighted': 0.8169602920227543, 'macro': 0.731274000588304, 'micro': 0.7947368421052632, 'binary': 0.6006825938566553, 'accuracy_majority': 0.8157894736842105, 'macro_majority': 0.7543859649122806, 'binary_majority': 0.631578947368421, 'run_time_millis': 237.99262800002907, 'loss_mean': 0.13155800104141235}
Epoch 4 **** Loss 0.08400005847215652 **** Metrics validation: {'accuracy': 0.7701754385964912, 'f1_weighted': 0.7958799624001099, 'macro': 0.7043228966615056, 'micro': 0.7701754385964912, 'binary': 0.5647840531561461, 'accuracy_majority': 0.7894736842105263, 'macro_majority': 0.7249963815313359, 'binary_majority': 0.5918367346938775, 'run_time_millis': 388.9822119999735, 'loss_mean': 0.13469406962394714}
Epoch 5 **** Loss 0.04466298595070839 **** Metrics validation: {'accuracy': 0.8508771929824561, 'f1_weighted': 0.860390599696179, 'macro': 0.7736097677222199, 'micro': 0.850877192982456, 'binary': 0.6413502109704641, 'accuracy_majority': 0.8789473684210526, 'macro_majority': 0.8126955552698126, 'binary_majority': 0.7012987012987012, 'run_time_millis': 286.90221899978496, 'loss_mean': 0.1463918387889862}
Epoch 6 **** Loss 0.10047459602355957 **** Metrics validation: {'accuracy': 0.8614035087719298, 'f1_weighted': 0.866950831632649, 'macro': 0.7767465381583448, 'micro': 0.8614035087719298, 'binary': 0.639269406392694, 'accuracy_majority': 0.9, 'macro_majority': 0.8354528465290123, 'binary_majority': 0.7323943661971831, 'run_time_millis': 236.04888499994559, 'loss_mean': 0.17299407720565796}
Epoch 7 **** Loss 0.04204976186156273 **** Metrics validation: {'accuracy': 0.8508771929824561, 'f1_weighted': 0.860390599696179, 'macro': 0.7736097677222199, 'micro': 0.850877192982456, 'binary': 0.6413502109704641, 'accuracy_majority': 0.8842105263157894, 'macro_majority': 0.819078947368421, 'binary_majority': 0.7105263157894737, 'run_time_millis': 235.59167999974306, 'loss_mean': 0.15260151028633118}
Epoch 8 **** Loss 0.08816784620285034 **** Metrics validation: {'accuracy': 0.8649122807017544, 'f1_weighted': 0.8707155606335965, 'macro': 0.7838984928532391, 'micro': 0.8649122807017544, 'binary': 0.6515837104072398, 'accuracy_majority': 0.9, 'macro_majority': 0.8354528465290123, 'binary_majority': 0.7323943661971831, 'run_time_millis': 488.6672160000671, 'loss_mean': 0.17033617198467255}
Epoch 9 **** Loss 0.056125789880752563 **** Metrics validation: {'accuracy': 0.8649122807017544, 'f1_weighted': 0.8707155606335965, 'macro': 0.7838984928532391, 'micro': 0.8649122807017544, 'binary': 0.6515837104072398, 'accuracy_majority': 0.9, 'macro_majority': 0.8354528465290123, 'binary_majority': 0.7323943661971831, 'run_time_millis': 236.2609669999074, 'loss_mean': 0.17207056283950806}
Evaluating
{'accuracy': 0.8649122807017544, 'f1_weighted': 0.8707155606335965, 'macro': 0.7838984928532391, 'micro': 0.8649122807017544, 'binary': 0.6515837104072398, 'accuracy_majority': 0.9, 'macro_majority': 0.8354528465290123, 'binary_majority': 0.7323943661971831, 'run_time_millis': 559.4913480008472, 'loss_mean': 0.17033617198467255}
Device cuda
Split type sit
Training Size: 1539, NTA labels 1208, YTA labels 331
Validation Size: 570, NTA labels 472, YTA labels 98
Test Size: 573, NTA labels 436, YTA labels 137
Training with SBERT, model name is sbert
Tokenizing the dataset
Number of training steps 490
Epoch 0 **** Loss 0.12270794063806534 **** Metrics validation: {'accuracy': 0.8157894736842105, 'f1_weighted': 0.83221700409071, 'macro': 0.7405170582395048, 'micro': 0.8157894736842104, 'binary': 0.6007604562737643, 'accuracy_majority': 0.8473684210526315, 'macro_majority': 0.780259222333001, 'binary_majority': 0.6588235294117647, 'run_time_millis': 237.05059599978995, 'loss_mean': 0.13017584383487701}
Epoch 1 **** Loss 0.048953283578157425 **** Metrics validation: {'accuracy': 0.8333333333333334, 'f1_weighted': 0.8454376163873372, 'macro': 0.7530498232812679, 'micro': 0.8333333333333334, 'binary': 0.6122448979591837, 'accuracy_majority': 0.8526315789473684, 'macro_majority': 0.7783333333333333, 'binary_majority': 0.65, 'run_time_millis': 240.06738199932443, 'loss_mean': 0.1413964033126831}
Epoch 2 **** Loss 0.15298710763454437 **** Metrics validation: {'accuracy': 0.7912280701754386, 'f1_weighted': 0.812959885092849, 'macro': 0.7216374269005847, 'micro': 0.7912280701754386, 'binary': 0.5824561403508771, 'accuracy_majority': 0.8105263157894737, 'macro_majority': 0.7418478260869564, 'binary_majority': 0.608695652173913, 'run_time_millis': 604.0110859994456, 'loss_mean': 0.13690826296806335}
Epoch 3 **** Loss 0.0007796132122166455 **** Metrics validation: {'accuracy': 0.8631578947368421, 'f1_weighted': 0.8631578947368421, 'macro': 0.7597068488412314, 'micro': 0.8631578947368422, 'binary': 0.6020408163265306, 'accuracy_majority': 0.9052631578947369, 'macro_majority': 0.8265368228849665, 'binary_majority': 0.7096774193548386, 'run_time_millis': 743.8915890006683, 'loss_mean': 0.2193566858768463}
Epoch 4 **** Loss 0.0323004424571991 **** Metrics validation: {'accuracy': 0.7912280701754386, 'f1_weighted': 0.8131899244580155, 'macro': 0.7229291167472051, 'micro': 0.7912280701754386, 'binary': 0.5853658536585367, 'accuracy_majority': 0.8263157894736842, 'macro_majority': 0.7615878930757823, 'binary_majority': 0.6373626373626373, 'run_time_millis': 386.91004700012854, 'loss_mean': 0.16155140101909637}
Epoch 5 **** Loss 0.0010722358711063862 **** Metrics validation: {'accuracy': 0.8508771929824561, 'f1_weighted': 0.8610672296663452, 'macro': 0.7763767025602444, 'micro': 0.850877192982456, 'binary': 0.6473029045643153, 'accuracy_majority': 0.8947368421052632, 'macro_majority': 0.8355263157894737, 'binary_majority': 0.7368421052631579, 'run_time_millis': 237.84189599973615, 'loss_mean': 0.16743721067905426}
Epoch 6 **** Loss 0.006580639164894819 **** Metrics validation: {'accuracy': 0.8578947368421053, 'f1_weighted': 0.8644054596148742, 'macro': 0.7742198923179993, 'micro': 0.8578947368421053, 'binary': 0.6367713004484304, 'accuracy_majority': 0.9, 'macro_majority': 0.831772216785498, 'binary_majority': 0.7246376811594204, 'run_time_millis': 389.64711999960855, 'loss_mean': 0.2138664722442627}
Epoch 7 **** Loss 0.0006224752287380397 **** Metrics validation: {'accuracy': 0.8245614035087719, 'f1_weighted': 0.8363547758284601, 'macro': 0.7361111111111112, 'micro': 0.8245614035087719, 'binary': 0.5833333333333334, 'accuracy_majority': 0.868421052631579, 'macro_majority': 0.7923497267759563, 'binary_majority': 0.6666666666666667, 'run_time_millis': 387.81687799928477, 'loss_mean': 0.21210342645645142}
Epoch 8 **** Loss 0.0003324814315419644 **** Metrics validation: {'accuracy': 0.843859649122807, 'f1_weighted': 0.8510134062435039, 'macro': 0.7519206224234807, 'micro': 0.843859649122807, 'binary': 0.6008968609865472, 'accuracy_majority': 0.9, 'macro_majority': 0.8354528465290123, 'binary_majority': 0.7323943661971831, 'run_time_millis': 389.21572399976867, 'loss_mean': 0.2449864000082016}
Epoch 9 **** Loss 0.00011341233766870573 **** Metrics validation: {'accuracy': 0.8403508771929824, 'f1_weighted': 0.8481094174416003, 'macro': 0.7480510018214936, 'micro': 0.8403508771929823, 'binary': 0.5955555555555555, 'accuracy_majority': 0.9, 'macro_majority': 0.831772216785498, 'binary_majority': 0.7246376811594204, 'run_time_millis': 236.11891600012314, 'loss_mean': 0.25430169701576233}
Evaluating
{'accuracy': 0.8578947368421053, 'f1_weighted': 0.8644054596148742, 'macro': 0.7742198923179993, 'micro': 0.8578947368421053, 'binary': 0.6367713004484304, 'accuracy_majority': 0.9, 'macro_majority': 0.831772216785498, 'binary_majority': 0.7246376811594204, 'run_time_millis': 239.40094400040834, 'loss_mean': 0.2138664722442627}
Device cuda
Split type sit
Training Size: 1710, NTA labels 1362, YTA labels 348
Validation Size: 570, NTA labels 472, YTA labels 98
Test Size: 573, NTA labels 436, YTA labels 137
Training with SBERT, model name is sbert
Tokenizing the dataset
Number of training steps 540
Epoch 0 **** Loss 0.18723748624324799 **** Metrics validation: {'accuracy': 0.7736842105263158, 'f1_weighted': 0.7995193139830937, 'macro': 0.7124713077413376, 'micro': 0.7736842105263158, 'binary': 0.5798045602605862, 'accuracy_majority': 0.7894736842105263, 'macro_majority': 0.7285714285714285, 'binary_majority': 0.6, 'run_time_millis': 1167.999749000046, 'loss_mean': 0.13243457674980164}
Epoch 1 **** Loss 0.047197528183460236 **** Metrics validation: {'accuracy': 0.8649122807017544, 'f1_weighted': 0.87184294795691, 'macro': 0.78822780107213, 'micro': 0.8649122807017544, 'binary': 0.6607929515418502, 'accuracy_majority': 0.8894736842105263, 'macro_majority': 0.8219624291642498, 'binary_majority': 0.7123287671232877, 'run_time_millis': 692.9812440002934, 'loss_mean': 0.12501922249794006}
Epoch 2 **** Loss 0.18519721925258636 **** Metrics validation: {'accuracy': 0.8105263157894737, 'f1_weighted': 0.829214340198322, 'macro': 0.7418478260869565, 'micro': 0.8105263157894737, 'binary': 0.6086956521739131, 'accuracy_majority': 0.8368421052631579, 'macro_majority': 0.7725780918182169, 'binary_majority': 0.651685393258427, 'run_time_millis': 908.0835889999435, 'loss_mean': 0.12447534501552582}
Epoch 3 **** Loss 0.10836202651262283 **** Metrics validation: {'accuracy': 0.8385964912280702, 'f1_weighted': 0.8514409145988093, 'macro': 0.7656585156585156, 'micro': 0.8385964912280702, 'binary': 0.6349206349206349, 'accuracy_majority': 0.868421052631579, 'macro_majority': 0.8038729922787895, 'binary_majority': 0.6913580246913581, 'run_time_millis': 236.57969199939544, 'loss_mean': 0.12475761026144028}
Epoch 4 **** Loss 0.06304723024368286 **** Metrics validation: {'accuracy': 0.8456140350877193, 'f1_weighted': 0.8569863847702411, 'macro': 0.7719212091449773, 'micro': 0.8456140350877194, 'binary': 0.6422764227642276, 'accuracy_majority': 0.8789473684210526, 'macro_majority': 0.8162243996803902, 'binary_majority': 0.7088607594936709, 'run_time_millis': 692.8897230000075, 'loss_mean': 0.14681458473205566}
Epoch 5 **** Loss 0.0735679492354393 **** Metrics validation: {'accuracy': 0.7719298245614035, 'f1_weighted': 0.7977104843448334, 'macro': 0.7084330143540669, 'micro': 0.7719298245614035, 'binary': 0.5723684210526315, 'accuracy_majority': 0.7894736842105263, 'macro_majority': 0.7249963815313359, 'binary_majority': 0.5918367346938775, 'run_time_millis': 389.7398010003599, 'loss_mean': 0.13241975009441376}
Epoch 6 **** Loss 0.04467543587088585 **** Metrics validation: {'accuracy': 0.8543859649122807, 'f1_weighted': 0.8626139806963153, 'macro': 0.7746917548897747, 'micro': 0.8543859649122808, 'binary': 0.6406926406926408, 'accuracy_majority': 0.8894736842105263, 'macro_majority': 0.8219624291642498, 'binary_majority': 0.7123287671232877, 'run_time_millis': 236.67088199999853, 'loss_mean': 0.17704838514328003}
Epoch 7 **** Loss 0.11684133112430573 **** Metrics validation: {'accuracy': 0.8385964912280702, 'f1_weighted': 0.851741491800278, 'macro': 0.7669789019036278, 'micro': 0.8385964912280702, 'binary': 0.6377952755905513, 'accuracy_majority': 0.8736842105263158, 'macro_majority': 0.8133900802095269, 'binary_majority': 0.7073170731707317, 'run_time_millis': 236.50616000031732, 'loss_mean': 0.1600474864244461}
Epoch 8 **** Loss 0.06508605927228928 **** Metrics validation: {'accuracy': 0.8631578947368421, 'f1_weighted': 0.8688371125442064, 'macro': 0.7803359683794466, 'micro': 0.8631578947368422, 'binary': 0.6454545454545455, 'accuracy_majority': 0.9, 'macro_majority': 0.8354528465290123, 'binary_majority': 0.7323943661971831, 'run_time_millis': 700.3518809997331, 'loss_mean': 0.20924973487854004}
Epoch 9 **** Loss 0.03125770017504692 **** Metrics validation: {'accuracy': 0.8614035087719298, 'f1_weighted': 0.8677534729577169, 'macro': 0.7797947097916289, 'micro': 0.8614035087719298, 'binary': 0.6457399103139013, 'accuracy_majority': 0.9, 'macro_majority': 0.8354528465290123, 'binary_majority': 0.7323943661971831, 'run_time_millis': 287.4132560000362, 'loss_mean': 0.20889268815517426}
Evaluating
{'accuracy': 0.8649122807017544, 'f1_weighted': 0.87184294795691, 'macro': 0.78822780107213, 'micro': 0.8649122807017544, 'binary': 0.6607929515418502, 'accuracy_majority': 0.8894736842105263, 'macro_majority': 0.8219624291642498, 'binary_majority': 0.7123287671232877, 'run_time_millis': 236.5881209998406, 'loss_mean': 0.12501922249794006}
