Device cuda
Split type sit
Training Size: 19440, NTA labels 13796, YTA labels 5644
Validation Size: 6427, NTA labels 4627, YTA labels 1800
Test Size: 6831, NTA labels 4681, YTA labels 2150
Training with SBERT, model name is sbert
Tokenizing the dataset
Number of training steps 6080
Epoch 0 **** Loss 0.2249978482723236 **** Metrics validation: {'accuracy': 0.66578496965925, 'f1_weighted': 0.6735591174412572, 'macro': 0.606143424865386, 'micro': 0.66578496965925, 'binary': 0.45287824758023437, 'accuracy_majority': 0.6730145867098866, 'macro_majority': 0.6083244592198843, 'binary_majority': 0.4491467576791809, 'run_time_millis': 24950.107979999986, 'loss_mean': 0.28522929549217224}
Epoch 1 **** Loss 0.1551620364189148 **** Metrics validation: {'accuracy': 0.639022872257663, 'f1_weighted': 0.6530452358135502, 'macro': 0.592431746864784, 'micro': 0.639022872257663, 'binary': 0.4546309355900329, 'accuracy_majority': 0.6470826580226904, 'macro_majority': 0.5986935681848943, 'binary_majority': 0.4593420235878336, 'run_time_millis': 24966.04442600005, 'loss_mean': 0.3145177960395813}
Epoch 2 **** Loss 0.1467653512954712 **** Metrics validation: {'accuracy': 0.575851874902754, 'f1_weighted': 0.597138765448036, 'macro': 0.5574957881281993, 'micro': 0.575851874902754, 'binary': 0.46737006643219997, 'accuracy_majority': 0.5858995137763371, 'macro_majority': 0.5665070619090011, 'binary_majority': 0.474820143884892, 'run_time_millis': 24973.873262000096, 'loss_mean': 0.35941144824028015}
Epoch 3 **** Loss 0.13932040333747864 **** Metrics validation: {'accuracy': 0.6426015248171776, 'f1_weighted': 0.6533052204098568, 'macro': 0.5859124644176414, 'micro': 0.6426015248171776, 'binary': 0.43269943195850824, 'accuracy_majority': 0.6588330632090762, 'macro_majority': 0.6018033720481931, 'binary_majority': 0.4511082138200782, 'run_time_millis': 24957.047734000073, 'loss_mean': 0.3545528054237366}
Epoch 4 **** Loss 0.056760869920253754 **** Metrics validation: {'accuracy': 0.6536486696748094, 'f1_weighted': 0.6598161389432248, 'macro': 0.5865580060784765, 'micro': 0.6536486696748094, 'binary': 0.42001042209484113, 'accuracy_majority': 0.660453808752026, 'macro_majority': 0.5861072487226101, 'binary_majority': 0.41068917018284107, 'run_time_millis': 24966.77911400002, 'loss_mean': 0.4217931032180786}
Epoch 5 **** Loss 0.11423709988594055 **** Metrics validation: {'accuracy': 0.6631398786370002, 'f1_weighted': 0.6622392514286886, 'macro': 0.580107860528789, 'micro': 0.6631398786370002, 'binary': 0.3933875035023816, 'accuracy_majority': 0.6738249594813615, 'macro_majority': 0.5859453072002216, 'binary_majority': 0.39519158527422993, 'run_time_millis': 24952.810368999963, 'loss_mean': 0.46901392936706543}
Epoch 6 **** Loss 0.062057796865701675 **** Metrics validation: {'accuracy': 0.6480473004512214, 'f1_weighted': 0.6525897344862192, 'macro': 0.5752315355889988, 'micro': 0.6480473004512214, 'binary': 0.39936271906532134, 'accuracy_majority': 0.6657212317666127, 'macro_majority': 0.586728297146434, 'binary_majority': 0.40604751619870416, 'run_time_millis': 24942.86404500008, 'loss_mean': 0.47385290265083313}
Epoch 7 **** Loss 0.09649236500263214 **** Metrics validation: {'accuracy': 0.6667185311965147, 'f1_weighted': 0.6623285047555381, 'macro': 0.5761437495566433, 'micro': 0.6667185311965147, 'binary': 0.3802083333333333, 'accuracy_majority': 0.6758508914100486, 'macro_majority': 0.5797918709818023, 'binary_majority': 0.37888198757763975, 'run_time_millis': 24950.251926999954, 'loss_mean': 0.5393239259719849}
Epoch 8 **** Loss 0.04166387766599655 **** Metrics validation: {'accuracy': 0.6511591722421036, 'f1_weighted': 0.6536464898682448, 'macro': 0.5737414111284607, 'micro': 0.6511591722421036, 'binary': 0.3920824295010846, 'accuracy_majority': 0.6661264181523501, 'macro_majority': 0.5826056687235028, 'binary_majority': 0.3958944281524927, 'run_time_millis': 24954.49424699973, 'loss_mean': 0.530242919921875}
Epoch 9 **** Loss 0.09367500245571136 **** Metrics validation: {'accuracy': 0.6542710440329859, 'f1_weighted': 0.6561414360909525, 'macro': 0.5760263096080397, 'micro': 0.6542710440329859, 'binary': 0.39388979814511726, 'accuracy_majority': 0.666936790923825, 'macro_majority': 0.5824804010105941, 'binary_majority': 0.3946980854197349, 'run_time_millis': 23401.138132000142, 'loss_mean': 0.5740668177604675}
Evaluating
{'accuracy': 0.66578496965925, 'f1_weighted': 0.6735591174412572, 'macro': 0.606143424865386, 'micro': 0.66578496965925, 'binary': 0.45287824758023437, 'accuracy_majority': 0.6730145867098866, 'macro_majority': 0.6083244592198843, 'binary_majority': 0.4491467576791809, 'run_time_millis': 25010.005701999944, 'loss_mean': 0.28522929549217224}
