______________________________	 Running Epoch 1 of 10 	______________________________
[Training] Itteration/Batch:   0/221: Loss: 0.66 | Accuracy: 0.75
[Training] Itteration/Batch:  25/221: Loss: 0.84 | Accuracy: 0.50
[Training] Itteration/Batch:  50/221: Loss: 0.63 | Accuracy: 0.75
[Training] Itteration/Batch:  75/221: Loss: 0.83 | Accuracy: 0.62
[Training] Itteration/Batch: 100/221: Loss: 0.56 | Accuracy: 0.81
[Training] Itteration/Batch: 125/221: Loss: 0.58 | Accuracy: 0.81
[Training] Itteration/Batch: 150/221: Loss: 0.61 | Accuracy: 0.81
[Training] Itteration/Batch: 175/221: Loss: 0.61 | Accuracy: 0.75
[Training] Itteration/Batch: 200/221: Loss: 0.68 | Accuracy: 0.69

Epoch 1: Val Bin. F1 Majority 0.4562569260597229 | Val Macro F1 Majority 0.5464112142025144 |             Val Bin F1 Individual 0.4369873106479645 | Val Macro F1 Individual 0.5441287653727787 |             Val Accuracy Majority 0.5643301010131836 | Val Accuracy Individual 0.5693097710609436 | Training Loss:0.671812117099762 |             Val Loss 0.6749105453491211 | Train Runtime Millis 14760.036093000963 | Val Runtime Millis 2033.5794860002352

______________________________	 Running Epoch 2 of 10 	______________________________
[Training] Itteration/Batch:   0/221: Loss: 0.59 | Accuracy: 0.75
[Training] Itteration/Batch:  25/221: Loss: 0.62 | Accuracy: 0.75
[Training] Itteration/Batch:  50/221: Loss: 0.47 | Accuracy: 0.88
[Training] Itteration/Batch:  75/221: Loss: 0.60 | Accuracy: 0.81
[Training] Itteration/Batch: 100/221: Loss: 0.71 | Accuracy: 0.75
[Training] Itteration/Batch: 125/221: Loss: 0.65 | Accuracy: 0.75
[Training] Itteration/Batch: 150/221: Loss: 0.92 | Accuracy: 0.50
[Training] Itteration/Batch: 175/221: Loss: 0.37 | Accuracy: 0.88
[Training] Itteration/Batch: 200/221: Loss: 0.69 | Accuracy: 0.56

Epoch 2: Val Bin. F1 Majority 0.25053995847702026 | Val Macro F1 Majority 0.5283967232370154 |             Val Bin F1 Individual 0.2611275911331177 | Val Macro F1 Individual 0.5426400694060253 |             Val Accuracy Majority 0.6921029090881348 | Val Accuracy Individual 0.7159155607223511 | Training Loss:0.6215218901634216 |             Val Loss 0.6607133150100708 | Train Runtime Millis 14393.221747001007 | Val Runtime Millis 2065.855709999596

______________________________	 Running Epoch 3 of 10 	______________________________
[Training] Itteration/Batch:   0/221: Loss: 0.55 | Accuracy: 0.81
[Training] Itteration/Batch:  25/221: Loss: 0.37 | Accuracy: 0.88
[Training] Itteration/Batch:  50/221: Loss: 0.77 | Accuracy: 0.69
[Training] Itteration/Batch:  75/221: Loss: 0.86 | Accuracy: 0.56
[Training] Itteration/Batch: 100/221: Loss: 0.85 | Accuracy: 0.62
[Training] Itteration/Batch: 125/221: Loss: 0.61 | Accuracy: 0.88
[Training] Itteration/Batch: 150/221: Loss: 0.63 | Accuracy: 0.69
[Training] Itteration/Batch: 175/221: Loss: 0.39 | Accuracy: 0.88
[Training] Itteration/Batch: 200/221: Loss: 0.51 | Accuracy: 0.88

Epoch 3: Val Bin. F1 Majority 0.3095652163028717 | Val Macro F1 Majority 0.5365574746873139 |             Val Bin F1 Individual 0.2884160876274109 | Val Macro F1 Individual 0.531050143088217 |             Val Accuracy Majority 0.6477373838424683 | Val Accuracy Individual 0.6565887331962585 | Training Loss:0.44892624020576477 |             Val Loss 0.7753768563270569 | Train Runtime Millis 14341.373618000944 | Val Runtime Millis 2066.98544199935

