Device cuda
Split type sit
Training Size: 10516, NTA labels 10070, YTA labels 446
Validation Size: 3455, NTA labels 3325, YTA labels 130
Test Size: 3403, NTA labels 3265, YTA labels 138
Training with SBERT, model name is sbert
Tokenizing the dataset
Number of training steps 3290
Epoch 0 **** Loss 0.019941160455346107 **** Metrics validation: {'accuracy': 0.9134587554269175, 'f1_weighted': 0.929697000758431, 'macro': 0.6332330359916567, 'micro': 0.9134587554269175, 'binary': 0.31264367816091954, 'accuracy_majority': 0.9140684410646388, 'macro_majority': 0.6427223262781041, 'binary_majority': 0.3313609467455621, 'run_time_millis': 3336.424713999804, 'loss_mean': 0.048818085342645645}
Epoch 1 **** Loss 0.04319274425506592 **** Metrics validation: {'accuracy': 0.820260492040521, 'f1_weighted': 0.8732767584284843, 'macro': 0.5680750086815604, 'micro': 0.820260492040521, 'binary': 0.23803680981595093, 'accuracy_majority': 0.823574144486692, 'macro_majority': 0.5781619875666467, 'binary_majority': 0.2564102564102564, 'run_time_millis': 3350.047980000454, 'loss_mean': 0.047159045934677124}
Epoch 2 **** Loss 0.03506474941968918 **** Metrics validation: {'accuracy': 0.8332850940665701, 'f1_weighted': 0.8816155487515465, 'macro': 0.5800221840669776, 'micro': 0.8332850940665701, 'binary': 0.25388601036269426, 'accuracy_majority': 0.8365019011406845, 'macro_majority': 0.5895546764417667, 'binary_majority': 0.2711864406779661, 'run_time_millis': 2319.970253000065, 'loss_mean': 0.047772008925676346}
Epoch 3 **** Loss 0.011456814594566822 **** Metrics validation: {'accuracy': 0.8885672937771346, 'f1_weighted': 0.9155959312757804, 'macro': 0.6228620437904466, 'micro': 0.8885672937771346, 'binary': 0.3063063063063063, 'accuracy_majority': 0.8920152091254753, 'macro_majority': 0.6357312296143702, 'binary_majority': 0.330188679245283, 'run_time_millis': 3338.007522001135, 'loss_mean': 0.05323244631290436}
Epoch 4 **** Loss 0.020460326224565506 **** Metrics validation: {'accuracy': 0.8955137481910275, 'f1_weighted': 0.9198773411595584, 'macro': 0.630503067797268, 'micro': 0.8955137481910275, 'binary': 0.31758034026465026, 'accuracy_majority': 0.8988593155893536, 'macro_majority': 0.6450137106971854, 'binary_majority': 0.3448275862068965, 'run_time_millis': 3327.042765000442, 'loss_mean': 0.05675409361720085}
Epoch 5 **** Loss 0.0031549304258078337 **** Metrics validation: {'accuracy': 0.8874095513748191, 'f1_weighted': 0.9148706162941911, 'macro': 0.6214321466708016, 'micro': 0.8874095513748191, 'binary': 0.30411449016100184, 'accuracy_majority': 0.8897338403041825, 'macro_majority': 0.6327699937406712, 'binary_majority': 0.32558139534883723, 'run_time_millis': 3331.3980359998823, 'loss_mean': 0.059528131037950516}
Epoch 6 **** Loss 0.011653279885649681 **** Metrics validation: {'accuracy': 0.9224312590448626, 'f1_weighted': 0.9357256389440216, 'macro': 0.6525553470919324, 'micro': 0.9224312590448626, 'binary': 0.3463414634146342, 'accuracy_majority': 0.9247148288973384, 'macro_majority': 0.668646869726564, 'binary_majority': 0.3773584905660377, 'run_time_millis': 3326.193606000743, 'loss_mean': 0.07174444198608398}
Epoch 7 **** Loss 0.008088775910437107 **** Metrics validation: {'accuracy': 0.8934876989869754, 'f1_weighted': 0.9183644038207828, 'macro': 0.6239900632873958, 'micro': 0.8934876989869754, 'binary': 0.3056603773584906, 'accuracy_majority': 0.8980988593155893, 'macro_majority': 0.6407221035118339, 'binary_majority': 0.33663366336633666, 'run_time_millis': 3334.924595999837, 'loss_mean': 0.06740205734968185}
Epoch 8 **** Loss 0.020201468840241432 **** Metrics validation: {'accuracy': 0.8958031837916064, 'f1_weighted': 0.919479362867262, 'macro': 0.6216628583526183, 'micro': 0.8958031837916064, 'binary': 0.29961089494163423, 'accuracy_majority': 0.8996197718631179, 'macro_majority': 0.6428395061728396, 'binary_majority': 0.3400000000000001, 'run_time_millis': 3334.9285860003874, 'loss_mean': 0.07069175690412521}
Epoch 9 **** Loss 0.011268786154687405 **** Metrics validation: {'accuracy': 0.9157742402315485, 'f1_weighted': 0.9314751098431908, 'macro': 0.6415081826223971, 'micro': 0.9157742402315485, 'binary': 0.3279445727482679, 'accuracy_majority': 0.9171102661596958, 'macro_majority': 0.6553693235779942, 'binary_majority': 0.35502958579881655, 'run_time_millis': 3335.6055240001297, 'loss_mean': 0.07688754796981812}
Evaluating
{'accuracy': 0.9224312590448626, 'f1_weighted': 0.9357256389440216, 'macro': 0.6525553470919324, 'micro': 0.9224312590448626, 'binary': 0.3463414634146342, 'accuracy_majority': 0.9247148288973384, 'macro_majority': 0.668646869726564, 'binary_majority': 0.3773584905660377, 'run_time_millis': 3330.911860000924, 'loss_mean': 0.07174444198608398}
