Device cuda
Split type sit
Training Size: 104023, NTA labels 100865, YTA labels 3158
Validation Size: 34560, NTA labels 33490, YTA labels 1070
Test Size: 34672, NTA labels 33627, YTA labels 1045
Training with SBERT, model name is sbert
Tokenizing the dataset
Number of training steps 32510
Epoch 0 **** Loss 0.020699769258499146 **** Metrics validation: {'accuracy': 0.9533275462962963, 'f1_weighted': 0.9591698359794328, 'macro': 0.7096217048499401, 'micro': 0.9533275462962963, 'binary': 0.44360124180751986, 'accuracy_majority': 0.9580122933079387, 'macro_majority': 0.7324416209193029, 'binary_majority': 0.4867724867724868, 'run_time_millis': 16443.433065000136, 'loss_mean': 0.045944906771183014}
Epoch 1 **** Loss 0.019931454211473465 **** Metrics validation: {'accuracy': 0.9523726851851851, 'f1_weighted': 0.9588576775807555, 'macro': 0.7126709639222187, 'micro': 0.9523726851851851, 'binary': 0.4502338009352037, 'accuracy_majority': 0.9535105185698208, 'macro_majority': 0.7217417748030367, 'binary_majority': 0.4677898909811696, 'run_time_millis': 15457.43182500155, 'loss_mean': 0.045553021132946014}
Epoch 2 **** Loss 0.09128596633672714 **** Metrics validation: {'accuracy': 0.9499131944444444, 'f1_weighted': 0.9572156260941489, 'macro': 0.7061606588794904, 'micro': 0.9499131944444444, 'binary': 0.43853389555627637, 'accuracy_majority': 0.9512596312007618, 'macro_majority': 0.7173442337613105, 'binary_majority': 0.46021093000958774, 'run_time_millis': 15489.955489003478, 'loss_mean': 0.05119313672184944}
Epoch 3 **** Loss 0.021758709102869034 **** Metrics validation: {'accuracy': 0.9598090277777778, 'f1_weighted': 0.9634462334552225, 'macro': 0.7261862574738114, 'micro': 0.9598090277777778, 'binary': 0.4732650739476678, 'accuracy_majority': 0.9632066487749978, 'macro_majority': 0.7492337958269883, 'binary_majority': 0.5175936435868331, 'run_time_millis': 16383.613025998784, 'loss_mean': 0.06587088108062744}
Epoch 4 **** Loss 0.01585659757256508 **** Metrics validation: {'accuracy': 0.9546585648148148, 'f1_weighted': 0.9601585280049866, 'macro': 0.714891943926083, 'micro': 0.9546585648148148, 'binary': 0.4534356470177886, 'accuracy_majority': 0.9573197125789975, 'macro_majority': 0.7318292318999402, 'binary_majority': 0.4859228362877998, 'run_time_millis': 16277.822492000269, 'loss_mean': 0.07233729213476181}
Epoch 5 **** Loss 0.011456099338829517 **** Metrics validation: {'accuracy': 0.953587962962963, 'f1_weighted': 0.9593698304220214, 'macro': 0.710764866200972, 'micro': 0.953587962962963, 'binary': 0.4457498272287492, 'accuracy_majority': 0.9558479785299974, 'macro_majority': 0.7255916236414689, 'binary_majority': 0.4742268041237113, 'run_time_millis': 15899.702774000616, 'loss_mean': 0.08183594793081284}
Epoch 6 **** Loss 0.019922461360692978 **** Metrics validation: {'accuracy': 0.9545138888888889, 'f1_weighted': 0.9600146603964967, 'macro': 0.7136955826663195, 'micro': 0.9545138888888889, 'binary': 0.45111731843575426, 'accuracy_majority': 0.9569734222145269, 'macro_majority': 0.7307276967195417, 'binary_majority': 0.4839044652128764, 'run_time_millis': 16449.426060000405, 'loss_mean': 0.08868592232465744}
Epoch 7 **** Loss 0.0499955378472805 **** Metrics validation: {'accuracy': 0.9576388888888889, 'f1_weighted': 0.961888608917969, 'macro': 0.7184682496551064, 'micro': 0.9576388888888889, 'binary': 0.458980044345898, 'accuracy_majority': 0.9615617695437625, 'macro_majority': 0.7444238777789915, 'binary_majority': 0.5088495575221239, 'run_time_millis': 16444.258120001905, 'loss_mean': 0.10264021158218384}
Epoch 8 **** Loss 0.011264601722359657 **** Metrics validation: {'accuracy': 0.9618344907407408, 'f1_weighted': 0.9645723920116221, 'macro': 0.7278717008063472, 'micro': 0.9618344907407408, 'binary': 0.4755467196819086, 'accuracy_majority': 0.965890399099645, 'macro_majority': 0.7538054156280294, 'binary_majority': 0.5253012048192771, 'run_time_millis': 16489.124126997922, 'loss_mean': 0.11383368074893951}
Epoch 9 **** Loss 0.04669564589858055 **** Metrics validation: {'accuracy': 0.961574074074074, 'f1_weighted': 0.9644109542631487, 'macro': 0.727370604444066, 'micro': 0.961574074074074, 'binary': 0.47468354430379744, 'accuracy_majority': 0.9651112457795862, 'macro_majority': 0.7513525758431441, 'binary_majority': 0.520808561236623, 'run_time_millis': 16462.418982999225, 'loss_mean': 0.11485012620687485}
Evaluating
{'accuracy': 0.9618344907407408, 'f1_weighted': 0.9645723920116221, 'macro': 0.7278717008063472, 'micro': 0.9618344907407408, 'binary': 0.4755467196819086, 'accuracy_majority': 0.965890399099645, 'macro_majority': 0.7538054156280294, 'binary_majority': 0.5253012048192771, 'run_time_millis': 14318.97599399963, 'loss_mean': 0.11383368074893951}
