Device cuda
CUDA IS AVAILABLE: True
Split type sit
Training Size: 4508, NTA labels 4308, YTA labels 200
Validation Size: 1461, NTA labels 1412, YTA labels 49
Test Size: 1459, NTA labels 1397, YTA labels 62
Training with SBERT, model name is sbert
Tokenizing the dataset
Number of training steps 1410
Epoch 0 **** Loss 0.07954107969999313 **** Metrics validation: {'accuracy': 0.8172484599589322, 'f1_weighted': 0.8734388081681915, 'macro': 0.5475347885544872, 'micro': 0.8172484599589322, 'binary': 0.19819819819819823, 'accuracy_majority': 0.8078175895765473, 'macro_majority': 0.5519356833642548, 'binary_majority': 0.21333333333333335, 'run_time_millis': 2572.2898228559643, 'loss_mean': 0.05057677626609802}
Epoch 1 **** Loss 0.06280700117349625 **** Metrics validation: {'accuracy': 0.7084188911704312, 'f1_weighted': 0.801381974909828, 'macro': 0.48929162235613843, 'micro': 0.7084188911704311, 'binary': 0.15476190476190477, 'accuracy_majority': 0.7024972855591748, 'macro_majority': 0.4966209207691694, 'binary_majority': 0.1746987951807229, 'run_time_millis': 1811.6380160208791, 'loss_mean': 0.04443727806210518}
Epoch 2 **** Loss 0.01933521218597889 **** Metrics validation: {'accuracy': 0.8514715947980835, 'f1_weighted': 0.8950505589124016, 'macro': 0.5807747489239599, 'micro': 0.8514715947980834, 'binary': 0.24390243902439024, 'accuracy_majority': 0.8458197611292074, 'macro_majority': 0.5871780303030304, 'binary_majority': 0.2604166666666667, 'run_time_millis': 2572.3070739768445, 'loss_mean': 0.04229247570037842}
Epoch 3 **** Loss 0.012430129572749138 **** Metrics validation: {'accuracy': 0.864476386036961, 'f1_weighted': 0.9029871783687219, 'macro': 0.5905454524866383, 'micro': 0.864476386036961, 'binary': 0.2556390977443609, 'accuracy_majority': 0.8621064060803475, 'macro_majority': 0.5990504756191619, 'binary_majority': 0.2742857142857143, 'run_time_millis': 1559.7348581068218, 'loss_mean': 0.048872485756874084}
Epoch 4 **** Loss 0.015122492797672749 **** Metrics validation: {'accuracy': 0.867214236824093, 'f1_weighted': 0.9045416708745913, 'macro': 0.5904843090793503, 'micro': 0.867214236824093, 'binary': 0.25384615384615383, 'accuracy_majority': 0.8675352877307275, 'macro_majority': 0.6046932169997186, 'binary_majority': 0.2823529411764706, 'run_time_millis': 2575.4527810495347, 'loss_mean': 0.05426977574825287}
Epoch 5 **** Loss 0.006455298513174057 **** Metrics validation: {'accuracy': 0.91854893908282, 'f1_weighted': 0.933829717905018, 'macro': 0.6134035404487711, 'micro': 0.91854893908282, 'binary': 0.26993865030674846, 'accuracy_majority': 0.9131378935939196, 'macro_majority': 0.6132689481419273, 'binary_majority': 0.2727272727272727, 'run_time_millis': 2067.8266678005457, 'loss_mean': 0.07393475621938705}
Epoch 6 **** Loss 0.021084969863295555 **** Metrics validation: {'accuracy': 0.9082819986310746, 'f1_weighted': 0.928275675280045, 'macro': 0.611399148855083, 'micro': 0.9082819986310746, 'binary': 0.27173913043478254, 'accuracy_majority': 0.9033659066232356, 'macro_majority': 0.6180827023878859, 'binary_majority': 0.288, 'run_time_millis': 2576.3453249819577, 'loss_mean': 0.07422564923763275}
Epoch 7 **** Loss 0.010304172523319721 **** Metrics validation: {'accuracy': 0.91854893908282, 'f1_weighted': 0.9335557484104267, 'macro': 0.6088846196242697, 'micro': 0.91854893908282, 'binary': 0.26086956521739124, 'accuracy_majority': 0.9109663409337676, 'macro_majority': 0.6036006718454756, 'binary_majority': 0.2545454545454545, 'run_time_millis': 1558.7423238903284, 'loss_mean': 0.08213066309690475}
Epoch 8 **** Loss 0.0025568667333573103 **** Metrics validation: {'accuracy': 0.917864476386037, 'f1_weighted': 0.9334089790576496, 'macro': 0.6123914466120731, 'micro': 0.917864476386037, 'binary': 0.26829268292682923, 'accuracy_majority': 0.9109663409337676, 'macro_majority': 0.6102291494632536, 'binary_majority': 0.26785714285714285, 'run_time_millis': 2575.901617994532, 'loss_mean': 0.08450717478990555}
Epoch 9 **** Loss 0.003652749117463827 **** Metrics validation: {'accuracy': 0.919233401779603, 'f1_weighted': 0.9342508733971797, 'macro': 0.6144256575415996, 'micro': 0.919233401779603, 'binary': 0.2716049382716049, 'accuracy_majority': 0.9120521172638436, 'macro_majority': 0.6117382547191906, 'binary_majority': 0.27027027027027023, 'run_time_millis': 543.1701131165028, 'loss_mean': 0.08583883941173553}
Evaluating
{'accuracy': 0.919233401779603, 'f1_weighted': 0.9342508733971797, 'macro': 0.6144256575415996, 'micro': 0.919233401779603, 'binary': 0.2716049382716049, 'accuracy_majority': 0.9120521172638436, 'macro_majority': 0.6117382547191906, 'binary_majority': 0.27027027027027023, 'run_time_millis': 2574.3328440003097, 'loss_mean': 0.08583883941173553}
Device cuda
CUDA IS AVAILABLE: True
Split type sit
Training Size: 4508, NTA labels 4308, YTA labels 200
Validation Size: 1461, NTA labels 1412, YTA labels 49
Test Size: 1459, NTA labels 1397, YTA labels 62
Training with SBERT, model name is sbert
Tokenizing the dataset
Number of training steps 1410
Epoch 0 **** Loss 0.06382431089878082 **** Metrics validation: {'accuracy': 0.8001368925393566, 'f1_weighted': 0.8625115206777992, 'macro': 0.5329897448921506, 'micro': 0.8001368925393566, 'binary': 0.1797752808988764, 'accuracy_majority': 0.7947882736156352, 'macro_majority': 0.5390671132942313, 'binary_majority': 0.19574468085106383, 'run_time_millis': 2577.913057990372, 'loss_mean': 0.05076584964990616}
Epoch 1 **** Loss 0.05647602677345276 **** Metrics validation: {'accuracy': 0.8076659822039699, 'f1_weighted': 0.8675196006566201, 'macro': 0.5450671028267294, 'micro': 0.8076659822039699, 'binary': 0.1994301994301994, 'accuracy_majority': 0.8023887079261672, 'macro_majority': 0.5512368815592203, 'binary_majority': 0.21551724137931033, 'run_time_millis': 1562.6153589691967, 'loss_mean': 0.041268885135650635}
Epoch 2 **** Loss 0.011858846060931683 **** Metrics validation: {'accuracy': 0.8555783709787816, 'f1_weighted': 0.8976017156501249, 'macro': 0.584608170365749, 'micro': 0.8555783709787816, 'binary': 0.24911032028469748, 'accuracy_majority': 0.8523344191096635, 'macro_majority': 0.5933458002181705, 'binary_majority': 0.2688172043010753, 'run_time_millis': 546.0436521098018, 'loss_mean': 0.04396146908402443}
Epoch 3 **** Loss 0.02974434196949005 **** Metrics validation: {'accuracy': 0.9117043121149897, 'f1_weighted': 0.9306120662332461, 'macro': 0.6201148510141679, 'micro': 0.9117043121149897, 'binary': 0.28729281767955805, 'accuracy_majority': 0.9033659066232356, 'macro_majority': 0.6123242384256303, 'binary_majority': 0.2764227642276423, 'run_time_millis': 545.621994882822, 'loss_mean': 0.05164877697825432}
Epoch 4 **** Loss 0.028243664652109146 **** Metrics validation: {'accuracy': 0.891854893908282, 'f1_weighted': 0.9197454486274975, 'macro': 0.6180404797204279, 'micro': 0.891854893908282, 'binary': 0.29464285714285715, 'accuracy_majority': 0.8870792616720955, 'macro_majority': 0.6226004728132388, 'binary_majority': 0.30666666666666664, 'run_time_millis': 2578.884822083637, 'loss_mean': 0.05418694019317627}
Epoch 5 **** Loss 0.017936425283551216 **** Metrics validation: {'accuracy': 0.894592744695414, 'f1_weighted': 0.920716321688032, 'macro': 0.6083791686973474, 'micro': 0.894592744695414, 'binary': 0.27358490566037735, 'accuracy_majority': 0.8870792616720955, 'macro_majority': 0.6082646250490773, 'binary_majority': 0.27777777777777773, 'run_time_millis': 2576.7644001170993, 'loss_mean': 0.05789251998066902}
Epoch 6 **** Loss 0.005534827709197998 **** Metrics validation: {'accuracy': 0.9219712525667351, 'f1_weighted': 0.9356585078210684, 'macro': 0.6140080093442349, 'micro': 0.9219712525667351, 'binary': 0.2692307692307692, 'accuracy_majority': 0.9153094462540716, 'macro_majority': 0.6096100339100947, 'binary_majority': 0.2641509433962264, 'run_time_millis': 2577.876666095108, 'loss_mean': 0.07201559841632843}
Epoch 7 **** Loss 0.02438429184257984 **** Metrics validation: {'accuracy': 0.919233401779603, 'f1_weighted': 0.9339754260049236, 'macro': 0.6098886676321507, 'micro': 0.919233401779603, 'binary': 0.2625, 'accuracy_majority': 0.9131378935939196, 'macro_majority': 0.606561578879918, 'binary_majority': 0.25925925925925924, 'run_time_millis': 2575.9234381839633, 'loss_mean': 0.07409170269966125}
Epoch 8 **** Loss 0.009879261255264282 **** Metrics validation: {'accuracy': 0.917864476386037, 'f1_weighted': 0.9341834341300628, 'macro': 0.6252564979480164, 'micro': 0.917864476386037, 'binary': 0.29411764705882354, 'accuracy_majority': 0.9120521172638436, 'macro_majority': 0.6243750157347498, 'binary_majority': 0.29565217391304344, 'run_time_millis': 2577.429479919374, 'loss_mean': 0.07300186157226562}
Epoch 9 **** Loss 0.00569096440449357 **** Metrics validation: {'accuracy': 0.9267624914442163, 'f1_weighted': 0.9386229487602931, 'macro': 0.6216464130384799, 'micro': 0.9267624914442163, 'binary': 0.28187919463087246, 'accuracy_majority': 0.9207383279044516, 'macro_majority': 0.6176488987210036, 'binary_majority': 0.27722772277227725, 'run_time_millis': 2575.168415904045, 'loss_mean': 0.07945019006729126}
Evaluating
{'accuracy': 0.9267624914442163, 'f1_weighted': 0.9386229487602931, 'macro': 0.6216464130384799, 'micro': 0.9267624914442163, 'binary': 0.28187919463087246, 'accuracy_majority': 0.9207383279044516, 'macro_majority': 0.6176488987210036, 'binary_majority': 0.27722772277227725, 'run_time_millis': 2324.1453629452735, 'loss_mean': 0.07945019006729126}
Device cuda
CUDA IS AVAILABLE: True
Split type sit
Training Size: 4508, NTA labels 4308, YTA labels 200
Validation Size: 1461, NTA labels 1412, YTA labels 49
Test Size: 1459, NTA labels 1397, YTA labels 62
Training with SBERT, model name is sbert
Tokenizing the dataset
Number of training steps 1410
Epoch 0 **** Loss 0.030292917042970657 **** Metrics validation: {'accuracy': 0.8617385352498289, 'f1_weighted': 0.9010273233862718, 'macro': 0.5822736434459642, 'micro': 0.8617385352498289, 'binary': 0.24060150375939846, 'accuracy_majority': 0.8523344191096635, 'macro_majority': 0.577112143474503, 'binary_majority': 0.23595505617977527, 'run_time_millis': 1053.998338058591, 'loss_mean': 0.04943874478340149}
Epoch 1 **** Loss 0.020921723917126656 **** Metrics validation: {'accuracy': 0.8521560574948666, 'f1_weighted': 0.8954759940635497, 'macro': 0.5814064539405965, 'micro': 0.8521560574948664, 'binary': 0.24475524475524477, 'accuracy_majority': 0.8469055374592834, 'macro_majority': 0.588188659260927, 'binary_majority': 0.2617801047120419, 'run_time_millis': 544.081814121455, 'loss_mean': 0.03908762335777283}
Epoch 2 **** Loss 0.020093580707907677 **** Metrics validation: {'accuracy': 0.8316221765913757, 'f1_weighted': 0.8828453215580498, 'macro': 0.5683536702536511, 'micro': 0.8316221765913756, 'binary': 0.23125, 'accuracy_majority': 0.8295331161780674, 'macro_majority': 0.5798321037016805, 'binary_majority': 0.2559241706161138, 'run_time_millis': 2575.2033770550042, 'loss_mean': 0.04022140055894852}
Epoch 3 **** Loss 0.016649235039949417 **** Metrics validation: {'accuracy': 0.9007529089664613, 'f1_weighted': 0.9245039407581047, 'macro': 0.6161929280722954, 'micro': 0.9007529089664613, 'binary': 0.28571428571428575, 'accuracy_majority': 0.8957654723127035, 'macro_majority': 0.6136880002796322, 'binary_majority': 0.2835820895522388, 'run_time_millis': 1557.5966001488268, 'loss_mean': 0.050280358642339706}
Epoch 4 **** Loss 0.03948720172047615 **** Metrics validation: {'accuracy': 0.8966461327857632, 'f1_weighted': 0.9221674576042769, 'macro': 0.6143305927579582, 'micro': 0.8966461327857632, 'binary': 0.2843601895734597, 'accuracy_majority': 0.8935939196525515, 'macro_majority': 0.616171667687283, 'binary_majority': 0.28985507246376807, 'run_time_millis': 543.4466251172125, 'loss_mean': 0.05473528057336807}
Epoch 5 **** Loss 0.006637629587203264 **** Metrics validation: {'accuracy': 0.8809034907597536, 'f1_weighted': 0.9126646390980672, 'macro': 0.598965760945013, 'micro': 0.8809034907597536, 'binary': 0.2627118644067796, 'accuracy_majority': 0.8773072747014115, 'macro_majority': 0.6019924661070425, 'binary_majority': 0.27096774193548384, 'run_time_millis': 899.4582069572061, 'loss_mean': 0.05365275219082832}
Epoch 6 **** Loss 0.00904071144759655 **** Metrics validation: {'accuracy': 0.9082819986310746, 'f1_weighted': 0.9293613058961401, 'macro': 0.6300790579556792, 'micro': 0.9082819986310746, 'binary': 0.30927835051546393, 'accuracy_majority': 0.9044516829533116, 'macro_majority': 0.6305790548424737, 'binary_majority': 0.3125, 'run_time_millis': 2574.611066840589, 'loss_mean': 0.06563401967287064}
Epoch 7 **** Loss 0.004868765361607075 **** Metrics validation: {'accuracy': 0.9219712525667351, 'f1_weighted': 0.936990425409718, 'macro': 0.6359443579834578, 'micro': 0.9219712525667351, 'binary': 0.3132530120481928, 'accuracy_majority': 0.9174809989142236, 'macro_majority': 0.632605500734831, 'binary_majority': 0.3090909090909091, 'run_time_millis': 2574.488145997748, 'loss_mean': 0.07514482736587524}
Epoch 8 **** Loss 0.010861718095839024 **** Metrics validation: {'accuracy': 0.9055441478439425, 'f1_weighted': 0.9274602617429544, 'macro': 0.6226473714944525, 'micro': 0.9055441478439427, 'binary': 0.29591836734693877, 'accuracy_majority': 0.9011943539630836, 'macro_majority': 0.6260791198397437, 'binary_majority': 0.3053435114503817, 'run_time_millis': 2574.7937001287937, 'loss_mean': 0.07037355750799179}
Epoch 9 **** Loss 0.011248170398175716 **** Metrics validation: {'accuracy': 0.9089664613278576, 'f1_weighted': 0.9295790732674972, 'macro': 0.6274824058080484, 'micro': 0.9089664613278576, 'binary': 0.30366492146596863, 'accuracy_majority': 0.9066232356134636, 'macro_majority': 0.6336718836718837, 'binary_majority': 0.31746031746031744, 'run_time_millis': 2575.36131888628, 'loss_mean': 0.0722079947590828}
Evaluating
{'accuracy': 0.9219712525667351, 'f1_weighted': 0.936990425409718, 'macro': 0.6359443579834578, 'micro': 0.9219712525667351, 'binary': 0.3132530120481928, 'accuracy_majority': 0.9174809989142236, 'macro_majority': 0.632605500734831, 'binary_majority': 0.3090909090909091, 'run_time_millis': 2576.205040793866, 'loss_mean': 0.07514482736587524}
