Device cuda
Split type sit
Training Size: 109415, NTA labels 105426, YTA labels 3989
Validation Size: 36455, NTA labels 35168, YTA labels 1287
Test Size: 36506, NTA labels 35199, YTA labels 1307
Training with SBERT, model name is sbert
Tokenizing the dataset
Number of training steps 34200
Epoch 0 **** Loss 0.018070252612233162 **** Metrics validation: {'accuracy': 0.9564120148127829, 'f1_weighted': 0.9579002123586383, 'macro': 0.7019528973783044, 'micro': 0.9564120148127829, 'binary': 0.4265608083724287, 'accuracy_majority': 0.9681016597510373, 'macro_majority': 0.7542965518277472, 'binary_majority': 0.525096525096525, 'run_time_millis': 15538.2133719977, 'loss_mean': 0.055601365864276886}
Epoch 1 **** Loss 0.04532492905855179 **** Metrics validation: {'accuracy': 0.9645316143190235, 'f1_weighted': 0.9616746650643544, 'macro': 0.697924535098578, 'micro': 0.9645316143190235, 'binary': 0.41413683733574985, 'accuracy_majority': 0.9756224066390041, 'macro_majority': 0.7602985246589692, 'binary_majority': 0.5331125827814569, 'run_time_millis': 15514.714538003318, 'loss_mean': 0.06031391769647598}
Epoch 2 **** Loss 0.017950238659977913 **** Metrics validation: {'accuracy': 0.9494993828007132, 'f1_weighted': 0.9541822671976626, 'macro': 0.6986898255663541, 'micro': 0.9494993828007132, 'binary': 0.42378716744913925, 'accuracy_majority': 0.9614453665283541, 'macro_majority': 0.737715985466353, 'binary_majority': 0.495475113122172, 'run_time_millis': 15607.739860017318, 'loss_mean': 0.0609472431242466}
Epoch 3 **** Loss 0.0046006315387785435 **** Metrics validation: {'accuracy': 0.9544095460156358, 'f1_weighted': 0.9564162750838506, 'macro': 0.6949163229292378, 'micro': 0.9544095460156358, 'binary': 0.41354975299929425, 'accuracy_majority': 0.9657676348547718, 'macro_majority': 0.7379455938814798, 'binary_majority': 0.4936061381074169, 'run_time_millis': 13585.284901957493, 'loss_mean': 0.07500016689300537}
Epoch 4 **** Loss 0.04602011665701866 **** Metrics validation: {'accuracy': 0.9513921272802085, 'f1_weighted': 0.954981209601307, 'macro': 0.6962541923222803, 'micro': 0.9513921272802085, 'binary': 0.4178712220762155, 'accuracy_majority': 0.962396265560166, 'macro_majority': 0.7322364567783992, 'binary_majority': 0.48398576512455516, 'run_time_millis': 13508.453791029751, 'loss_mean': 0.087827168405056}
Epoch 5 **** Loss 0.0009354601497761905 **** Metrics validation: {'accuracy': 0.9494445206418872, 'f1_weighted': 0.9534981735997681, 'macro': 0.6888703973647683, 'micro': 0.9494445206418872, 'binary': 0.404138376980278, 'accuracy_majority': 0.9598893499308437, 'macro_majority': 0.716005905538474, 'binary_majority': 0.4528301886792453, 'run_time_millis': 15604.874825978186, 'loss_mean': 0.09480633586645126}
Epoch 6 **** Loss 0.09030576050281525 **** Metrics validation: {'accuracy': 0.9426141818680565, 'f1_weighted': 0.949811486046455, 'macro': 0.6859025435482772, 'micro': 0.9426141818680565, 'binary': 0.40194396798170384, 'accuracy_majority': 0.9507261410788381, 'macro_majority': 0.7021250451752801, 'binary_majority': 0.43000000000000005, 'run_time_millis': 13579.842298990116, 'loss_mean': 0.09862876683473587}
Epoch 7 **** Loss 9.799895451578777e-06 **** Metrics validation: {'accuracy': 0.945274996571115, 'f1_weighted': 0.9513607952222317, 'macro': 0.6886946243961325, 'micro': 0.945274996571115, 'binary': 0.4060732360821673, 'accuracy_majority': 0.953838174273859, 'macro_majority': 0.7104120932027489, 'binary_majority': 0.4449064449064449, 'run_time_millis': 13579.798017977737, 'loss_mean': 0.11155278980731964}
Epoch 8 **** Loss 8.85290137375705e-05 **** Metrics validation: {'accuracy': 0.9462899465093951, 'f1_weighted': 0.9516397715872625, 'macro': 0.6850847370825204, 'micro': 0.9462899465093951, 'binary': 0.39827904118008606, 'accuracy_majority': 0.9547890733056709, 'macro_majority': 0.7055238517072744, 'binary_majority': 0.43459459459459465, 'run_time_millis': 13579.558152006939, 'loss_mean': 0.11853894591331482}
Epoch 9 **** Loss 1.8111816189048113e-06 **** Metrics validation: {'accuracy': 0.948621588259498, 'f1_weighted': 0.9529482753001367, 'macro': 0.6869002106469871, 'micro': 0.948621588259498, 'binary': 0.40064, 'accuracy_majority': 0.9576417704011065, 'macro_majority': 0.710582641657408, 'binary_majority': 0.4431818181818181, 'run_time_millis': 15609.788300993387, 'loss_mean': 0.12788937985897064}
Evaluating
{'accuracy': 0.9645316143190235, 'f1_weighted': 0.9616746650643544, 'macro': 0.697924535098578, 'micro': 0.9645316143190235, 'binary': 0.41413683733574985, 'accuracy_majority': 0.9756224066390041, 'macro_majority': 0.7602985246589692, 'binary_majority': 0.5331125827814569, 'run_time_millis': 13483.198503032327, 'loss_mean': 0.06031391769647598}
Device cuda
Split type sit
Training Size: 109415, NTA labels 105426, YTA labels 3989
Validation Size: 36455, NTA labels 35168, YTA labels 1287
Test Size: 36506, NTA labels 35199, YTA labels 1307
Training with SBERT, model name is sbert
Tokenizing the dataset
Number of training steps 34200
Epoch 0 **** Loss 0.015619250014424324 **** Metrics validation: {'accuracy': 0.9571800850363462, 'f1_weighted': 0.9585453533230425, 'macro': 0.7057767477407701, 'micro': 0.9571800850363462, 'binary': 0.4338048603554588, 'accuracy_majority': 0.9664591977869986, 'macro_majority': 0.7494184302832066, 'binary_majority': 0.516209476309227, 'run_time_millis': 15494.935570983216, 'loss_mean': 0.05493979528546333}
Epoch 1 **** Loss 0.023433925583958626 **** Metrics validation: {'accuracy': 0.9491427787683445, 'f1_weighted': 0.9539847719517535, 'macro': 0.6984527298223492, 'micro': 0.9491427787683445, 'binary': 0.42350746268656714, 'accuracy_majority': 0.9580739972337483, 'macro_majority': 0.7269198242409715, 'binary_majority': 0.4756756756756757, 'run_time_millis': 15502.600081032142, 'loss_mean': 0.056062206625938416}
Epoch 2 **** Loss 0.04461555927991867 **** Metrics validation: {'accuracy': 0.9579755863393224, 'f1_weighted': 0.9585997812727199, 'macro': 0.700693091779536, 'micro': 0.9579755863393224, 'binary': 0.42319277108433734, 'accuracy_majority': 0.970695020746888, 'macro_majority': 0.756694685132105, 'binary_majority': 0.5285118219749652, 'run_time_millis': 13471.656604902819, 'loss_mean': 0.062225062400102615}
Epoch 3 **** Loss 0.012942600063979626 **** Metrics validation: {'accuracy': 0.9372651213825264, 'f1_weighted': 0.9466474357954924, 'macro': 0.6797438298965058, 'micro': 0.9372651213825264, 'binary': 0.39256308100929616, 'accuracy_majority': 0.9459716459197787, 'macro_majority': 0.6978098739265302, 'binary_majority': 0.423963133640553, 'run_time_millis': 15506.087557063438, 'loss_mean': 0.06669523566961288}
Epoch 4 **** Loss 0.000182167932507582 **** Metrics validation: {'accuracy': 0.9412700589768207, 'f1_weighted': 0.9491989803011575, 'macro': 0.6871113867500871, 'micro': 0.9412700589768207, 'binary': 0.40511253125868296, 'accuracy_majority': 0.9492565698478561, 'macro_majority': 0.7020473882367705, 'binary_majority': 0.43064985451018434, 'run_time_millis': 13479.35913701076, 'loss_mean': 0.0779627338051796}
Epoch 5 **** Loss 0.024344732984900475 **** Metrics validation: {'accuracy': 0.9500205733095597, 'f1_weighted': 0.9542853103897277, 'macro': 0.6962611014376281, 'micro': 0.9500205733095597, 'binary': 0.4186343331206126, 'accuracy_majority': 0.9598893499308437, 'macro_majority': 0.727130531964995, 'binary_majority': 0.4751131221719457, 'run_time_millis': 15569.686672068201, 'loss_mean': 0.0884300172328949}
Epoch 6 **** Loss 0.002182116499170661 **** Metrics validation: {'accuracy': 0.9397613496091071, 'f1_weighted': 0.9483111820107691, 'macro': 0.6854465072369891, 'micro': 0.9397613496091071, 'binary': 0.40261153427638735, 'accuracy_majority': 0.9474412171507607, 'macro_majority': 0.6988960432602677, 'binary_majority': 0.42533081285444235, 'run_time_millis': 15504.254075000063, 'loss_mean': 0.0936930775642395}
Epoch 7 **** Loss 9.282671817345545e-05 **** Metrics validation: {'accuracy': 0.9470854478123714, 'f1_weighted': 0.952577131619905, 'macro': 0.6930740087704607, 'micro': 0.9470854478123714, 'binary': 0.41385597082953507, 'accuracy_majority': 0.9552213001383126, 'macro_majority': 0.7145437205300751, 'binary_majority': 0.452431289640592, 'run_time_millis': 13462.44613896124, 'loss_mean': 0.10262452811002731}
Epoch 8 **** Loss 0.0013329711509868503 **** Metrics validation: {'accuracy': 0.9523247839802497, 'f1_weighted': 0.955603233879673, 'macro': 0.698480175911243, 'micro': 0.9523247839802497, 'binary': 0.4218230206254158, 'accuracy_majority': 0.9617911479944675, 'macro_majority': 0.7257356191130087, 'binary_majority': 0.47129186602870804, 'run_time_millis': 13774.007158936001, 'loss_mean': 0.11752643436193466}
Epoch 9 **** Loss 0.005029671359807253 **** Metrics validation: {'accuracy': 0.9494993828007132, 'f1_weighted': 0.9538895187859153, 'macro': 0.6943045321984218, 'micro': 0.9494993828007132, 'binary': 0.41499841118525577, 'accuracy_majority': 0.958246887966805, 'macro_majority': 0.7174910604597134, 'binary_majority': 0.4566929133858268, 'run_time_millis': 15601.586746051908, 'loss_mean': 0.11804128438234329}
Evaluating
{'accuracy': 0.9579755863393224, 'f1_weighted': 0.9585997812727199, 'macro': 0.700693091779536, 'micro': 0.9579755863393224, 'binary': 0.42319277108433734, 'accuracy_majority': 0.970695020746888, 'macro_majority': 0.756694685132105, 'binary_majority': 0.5285118219749652, 'run_time_millis': 15487.905643996783, 'loss_mean': 0.062225062400102615}
