Device cuda
Split type sit
Training Size: 6200, NTA labels 4071, YTA labels 2129
Validation Size: 5018, NTA labels 3300, YTA labels 1718
Test Size: 5063, NTA labels 3132, YTA labels 1931
Training with SBERT, model name is sbert
Tokenizing the dataset
Number of training steps 1940
Epoch 0 **** Loss 0.3217315971851349 **** Metrics validation: {'accuracy': 0.7465125548027103, 'f1_weighted': 0.7234223605235596, 'macro': 0.6756099425266794, 'micro': 0.7465125548027103, 'binary': 0.5239520958083832, 'accuracy_majority': 0.7194767441860465, 'macro_majority': 0.6642655049392798, 'binary_majority': 0.5281173594132029, 'run_time_millis': 5453.433857001073, 'loss_mean': 0.2829068899154663}
Epoch 1 **** Loss 0.34753546118736267 **** Metrics validation: {'accuracy': 0.7821841371064169, 'f1_weighted': 0.7761532466998214, 'macro': 0.7458647748800316, 'micro': 0.7821841371064169, 'binary': 0.6497917334187762, 'accuracy_majority': 0.7790697674418605, 'macro_majority': 0.7574668095984167, 'binary_majority': 0.6850828729281768, 'run_time_millis': 5457.15588999883, 'loss_mean': 0.24356220662593842}
Epoch 2 **** Loss 0.26090529561042786 **** Metrics validation: {'accuracy': 0.7937425269031486, 'f1_weighted': 0.7934056885601694, 'macro': 0.7702370686213273, 'micro': 0.7937425269031486, 'binary': 0.6967477292704366, 'accuracy_majority': 0.8008720930232558, 'macro_majority': 0.7899330280034322, 'binary_majority': 0.7419962335216574, 'run_time_millis': 5414.143435998994, 'loss_mean': 0.23417451977729797}
Epoch 3 **** Loss 0.1516888588666916 **** Metrics validation: {'accuracy': 0.7933439617377441, 'f1_weighted': 0.7919382434957329, 'macro': 0.7675003725192286, 'micro': 0.7933439617377441, 'binary': 0.689985052316891, 'accuracy_majority': 0.7989341085271318, 'macro_majority': 0.786345796245786, 'binary_majority': 0.7344849648112604, 'run_time_millis': 5457.594645995414, 'loss_mean': 0.2561691701412201}
Epoch 4 **** Loss 0.12532579898834229 **** Metrics validation: {'accuracy': 0.7985253088880032, 'f1_weighted': 0.7949410685340621, 'macro': 0.7688108001472663, 'micro': 0.7985253088880032, 'binary': 0.6859273066169619, 'accuracy_majority': 0.8003875968992248, 'macro_majority': 0.7848901390779068, 'binary_majority': 0.7271523178807947, 'run_time_millis': 5457.728699999279, 'loss_mean': 0.3351770341396332}
Epoch 5 **** Loss 0.06318558007478714 **** Metrics validation: {'accuracy': 0.7957353527301714, 'f1_weighted': 0.7919457741426589, 'macro': 0.765300826029571, 'micro': 0.7957353527301714, 'binary': 0.6807848022422921, 'accuracy_majority': 0.7960271317829457, 'macro_majority': 0.7804973608727119, 'binary_majority': 0.7221122112211221, 'run_time_millis': 5404.5993170002475, 'loss_mean': 0.3380112648010254}
Epoch 6 **** Loss 0.07638321071863174 **** Metrics validation: {'accuracy': 0.7887604623355918, 'f1_weighted': 0.7877051029149309, 'macro': 0.7631524763930824, 'micro': 0.7887604623355918, 'binary': 0.6852731591448931, 'accuracy_majority': 0.7936046511627907, 'macro_majority': 0.7814895996421383, 'binary_majority': 0.7300380228136882, 'run_time_millis': 5457.70063999953, 'loss_mean': 0.34808066487312317}
Epoch 7 **** Loss 0.07892286777496338 **** Metrics validation: {'accuracy': 0.7943403746512555, 'f1_weighted': 0.7889308022884902, 'macro': 0.7605932411034084, 'micro': 0.7943403746512555, 'binary': 0.6707083599234206, 'accuracy_majority': 0.7931201550387597, 'macro_majority': 0.7755817361472022, 'binary_majority': 0.7128446536650974, 'run_time_millis': 5449.267623997002, 'loss_mean': 0.46668174862861633}
Epoch 8 **** Loss 0.12045187503099442 **** Metrics validation: {'accuracy': 0.7943403746512555, 'f1_weighted': 0.788756124750579, 'macro': 0.7602584365477721, 'micro': 0.7943403746512555, 'binary': 0.6698656429942419, 'accuracy_majority': 0.7965116279069767, 'macro_majority': 0.7778650154824148, 'binary_majority': 0.7135061391541611, 'run_time_millis': 5457.374951001839, 'loss_mean': 0.5064517259597778}
Epoch 9 **** Loss 0.14750324189662933 **** Metrics validation: {'accuracy': 0.7943403746512555, 'f1_weighted': 0.7879941627635341, 'macro': 0.7588089673961642, 'micro': 0.7943403746512555, 'binary': 0.6662354463130659, 'accuracy_majority': 0.7945736434108527, 'macro_majority': 0.7753342506828778, 'binary_majority': 0.7095890410958905, 'run_time_millis': 4438.318366002932, 'loss_mean': 0.5463896989822388}
Evaluating
{'accuracy': 0.7985253088880032, 'f1_weighted': 0.7949410685340621, 'macro': 0.7688108001472663, 'micro': 0.7985253088880032, 'binary': 0.6859273066169619, 'accuracy_majority': 0.8003875968992248, 'macro_majority': 0.7848901390779068, 'binary_majority': 0.7271523178807947, 'run_time_millis': 5200.620161005645, 'loss_mean': 0.3351770341396332}
Device cuda
Split type sit
Training Size: 7000, NTA labels 4599, YTA labels 2401
Validation Size: 5018, NTA labels 3300, YTA labels 1718
Test Size: 5063, NTA labels 3132, YTA labels 1931
Training with SBERT, model name is sbert
Tokenizing the dataset
Number of training steps 2190
Epoch 0 **** Loss 0.15231244266033173 **** Metrics validation: {'accuracy': 0.7636508569151056, 'f1_weighted': 0.7581210346429426, 'macro': 0.7261933746627882, 'micro': 0.7636508569151056, 'binary': 0.6249209361163821, 'accuracy_majority': 0.7616279069767442, 'macro_majority': 0.7369659997016063, 'binary_majority': 0.6564245810055865, 'run_time_millis': 5455.091903997527, 'loss_mean': 0.24978213012218475}
Epoch 1 **** Loss 0.17544542253017426 **** Metrics validation: {'accuracy': 0.7805898764447987, 'f1_weighted': 0.7849853182066866, 'macro': 0.7678159629787693, 'micro': 0.7805898764447987, 'binary': 0.7133558969018485, 'accuracy_majority': 0.7999031007751938, 'macro_majority': 0.7956139204616977, 'binary_majority': 0.7660056657223796, 'run_time_millis': 5458.536689999164, 'loss_mean': 0.21214744448661804}
Epoch 2 **** Loss 0.13977698981761932 **** Metrics validation: {'accuracy': 0.7843762455161419, 'f1_weighted': 0.7764348890172142, 'macro': 0.7447095708826097, 'micro': 0.7843762455161419, 'binary': 0.6440789473684212, 'accuracy_majority': 0.7756782945736435, 'macro_majority': 0.7514010537266351, 'binary_majority': 0.6737138830162086, 'run_time_millis': 5455.607199000951, 'loss_mean': 0.2464464008808136}
Epoch 3 **** Loss 0.059595417231321335 **** Metrics validation: {'accuracy': 0.7867676365085692, 'f1_weighted': 0.7799970214764322, 'macro': 0.7495677232354079, 'micro': 0.7867676365085692, 'binary': 0.653047989623865, 'accuracy_majority': 0.7771317829457365, 'macro_majority': 0.7551836277503937, 'binary_majority': 0.681881051175657, 'run_time_millis': 4435.003953003616, 'loss_mean': 0.2964330315589905}
Epoch 4 **** Loss 0.09593281149864197 **** Metrics validation: {'accuracy': 0.788162614587485, 'f1_weighted': 0.7857363377516962, 'macro': 0.7596249775189208, 'micro': 0.788162614587485, 'binary': 0.6768014594101551, 'accuracy_majority': 0.7955426356589147, 'macro_majority': 0.7814568738834582, 'binary_majority': 0.7259740259740259, 'run_time_millis': 5450.078984002175, 'loss_mean': 0.3069188892841339}
Epoch 5 **** Loss 0.17322885990142822 **** Metrics validation: {'accuracy': 0.7895575926664009, 'f1_weighted': 0.7912792931853972, 'macro': 0.7703275222542283, 'micro': 0.7895575926664009, 'binary': 0.7038698822209759, 'accuracy_majority': 0.8008720930232558, 'macro_majority': 0.7933018215328146, 'binary_majority': 0.7537447573397243, 'run_time_millis': 5457.19436500076, 'loss_mean': 0.27190011739730835}
Epoch 6 **** Loss 0.05730266496539116 **** Metrics validation: {'accuracy': 0.7897568752491032, 'f1_weighted': 0.7861357466513773, 'macro': 0.7589858630418873, 'micro': 0.7897568752491032, 'binary': 0.6728682170542636, 'accuracy_majority': 0.7926356589147286, 'macro_majority': 0.7772773433993927, 'binary_majority': 0.7187910643889619, 'run_time_millis': 5457.030499004759, 'loss_mean': 0.3834698796272278}
Epoch 7 **** Loss 0.10556937009096146 **** Metrics validation: {'accuracy': 0.7931446791550418, 'f1_weighted': 0.7891276767099273, 'macro': 0.7619699935126147, 'micro': 0.7931446791550418, 'binary': 0.6758276077451593, 'accuracy_majority': 0.7945736434108527, 'macro_majority': 0.7782498702646601, 'binary_majority': 0.7180851063829787, 'run_time_millis': 5458.406516998366, 'loss_mean': 0.457239031791687}
Epoch 8 **** Loss 0.10711202770471573 **** Metrics validation: {'accuracy': 0.7879633320047827, 'f1_weighted': 0.7806505335364852, 'macro': 0.7498823229597651, 'micro': 0.7879633320047827, 'binary': 0.6522875816993465, 'accuracy_majority': 0.7810077519379846, 'macro_majority': 0.759287622145803, 'binary_majority': 0.6869806094182827, 'run_time_millis': 5457.492574001662, 'loss_mean': 0.5395628213882446}
Epoch 9 **** Loss 0.04658890888094902 **** Metrics validation: {'accuracy': 0.791749701076126, 'f1_weighted': 0.7845433864449841, 'macro': 0.754303625844278, 'micro': 0.7917497010761261, 'binary': 0.6583850931677018, 'accuracy_majority': 0.7868217054263565, 'macro_majority': 0.7661250032190774, 'binary_majority': 0.696551724137931, 'run_time_millis': 5042.885930000921, 'loss_mean': 0.557529866695404}
Evaluating
{'accuracy': 0.7895575926664009, 'f1_weighted': 0.7912792931853972, 'macro': 0.7703275222542283, 'micro': 0.7895575926664009, 'binary': 0.7038698822209759, 'accuracy_majority': 0.8008720930232558, 'macro_majority': 0.7933018215328146, 'binary_majority': 0.7537447573397243, 'run_time_millis': 4437.70487200527, 'loss_mean': 0.27190011739730835}
Device cuda
Split type sit
Training Size: 7800, NTA labels 5133, YTA labels 2667
Validation Size: 5018, NTA labels 3300, YTA labels 1718
Test Size: 5063, NTA labels 3132, YTA labels 1931
Training with SBERT, model name is sbert
Tokenizing the dataset
Number of training steps 2440
Epoch 0 **** Loss 0.29627707600593567 **** Metrics validation: {'accuracy': 0.753686727779992, 'f1_weighted': 0.7562366958159721, 'macro': 0.7325069932693826, 'micro': 0.753686727779992, 'binary': 0.6572379367720467, 'accuracy_majority': 0.7635658914728682, 'macro_majority': 0.75165590345856, 'binary_majority': 0.6972704714640198, 'run_time_millis': 5459.555707006075, 'loss_mean': 0.2434312403202057}
Epoch 1 **** Loss 0.17417533695697784 **** Metrics validation: {'accuracy': 0.7568752491032283, 'f1_weighted': 0.7620051479907942, 'macro': 0.7436442881714977, 'micro': 0.7568752491032282, 'binary': 0.6854048478597216, 'accuracy_majority': 0.7766472868217055, 'macro_majority': 0.7712514667852035, 'binary_majority': 0.7361190612478534, 'run_time_millis': 5454.355558998941, 'loss_mean': 0.23462653160095215}
Epoch 2 **** Loss 0.09905821084976196 **** Metrics validation: {'accuracy': 0.7857712235950578, 'f1_weighted': 0.7813388779650904, 'macro': 0.7529503322703193, 'micro': 0.7857712235950578, 'binary': 0.662903731577297, 'accuracy_majority': 0.7785852713178295, 'macro_majority': 0.7591006268121763, 'binary_majority': 0.6905890318212593, 'run_time_millis': 4895.957275002729, 'loss_mean': 0.270020991563797}
Epoch 3 **** Loss 0.10730379074811935 **** Metrics validation: {'accuracy': 0.785173375846951, 'f1_weighted': 0.7883619061468803, 'macro': 0.76925487987988, 'micro': 0.7851733758469511, 'binary': 0.7086486486486487, 'accuracy_majority': 0.7926356589147286, 'macro_majority': 0.7865683238817567, 'binary_majority': 0.7505827505827507, 'run_time_millis': 3416.429541997786, 'loss_mean': 0.2256421595811844}
Epoch 4 **** Loss 0.1233416199684143 **** Metrics validation: {'accuracy': 0.7987245914707055, 'f1_weighted': 0.7992161264377012, 'macro': 0.7776158953880544, 'micro': 0.7987245914707055, 'binary': 0.7091013824884793, 'accuracy_majority': 0.8076550387596899, 'macro_majority': 0.798800129744903, 'binary_majority': 0.756591048436542, 'run_time_millis': 4439.23360700137, 'loss_mean': 0.26830846071243286}
Epoch 5 **** Loss 0.12115123122930527 **** Metrics validation: {'accuracy': 0.8009166998804305, 'f1_weighted': 0.7996258850400473, 'macro': 0.7761538266781389, 'micro': 0.8009166998804305, 'binary': 0.7017020005971931, 'accuracy_majority': 0.8042635658914729, 'macro_majority': 0.7928740337420266, 'binary_majority': 0.7443037974683544, 'run_time_millis': 4794.819167000242, 'loss_mean': 0.34329167008399963}
Epoch 6 **** Loss 0.07860981673002243 **** Metrics validation: {'accuracy': 0.8009166998804305, 'f1_weighted': 0.7983233367311818, 'macro': 0.773458485203234, 'micro': 0.8009166998804305, 'binary': 0.6945888107612351, 'accuracy_majority': 0.8028100775193798, 'macro_majority': 0.7895004303718489, 'binary_majority': 0.736569579288026, 'run_time_millis': 4336.247570994601, 'loss_mean': 0.4296223819255829}
Epoch 7 **** Loss 0.013043596409261227 **** Metrics validation: {'accuracy': 0.792546831406935, 'f1_weighted': 0.7928458395420863, 'macro': 0.7703205600273625, 'micro': 0.792546831406935, 'binary': 0.6988718542088517, 'accuracy_majority': 0.7999031007751938, 'macro_majority': 0.790331352083264, 'binary_majority': 0.7455329636475662, 'run_time_millis': 3419.5991449960275, 'loss_mean': 0.3947790563106537}
Epoch 8 **** Loss 0.08523450046777725 **** Metrics validation: {'accuracy': 0.7937425269031486, 'f1_weighted': 0.7933758378236813, 'macro': 0.7701717528749937, 'micro': 0.7937425269031486, 'binary': 0.6965699208443271, 'accuracy_majority': 0.8003875968992248, 'macro_majority': 0.7908843387525771, 'binary_majority': 0.7463054187192117, 'run_time_millis': 3414.9865939980373, 'loss_mean': 0.4432423710823059}
Epoch 9 **** Loss 0.12076356261968613 **** Metrics validation: {'accuracy': 0.796133917895576, 'f1_weighted': 0.7938691420567721, 'macro': 0.7688140694904263, 'micro': 0.796133917895576, 'binary': 0.6893410264196781, 'accuracy_majority': 0.7999031007751938, 'macro_majority': 0.787268906315236, 'binary_majority': 0.73542600896861, 'run_time_millis': 3622.5011569986236, 'loss_mean': 0.5054150223731995}
Evaluating
{'accuracy': 0.8009166998804305, 'f1_weighted': 0.7996258850400473, 'macro': 0.7761538266781389, 'micro': 0.8009166998804305, 'binary': 0.7017020005971931, 'accuracy_majority': 0.8042635658914729, 'macro_majority': 0.7928740337420266, 'binary_majority': 0.7443037974683544, 'run_time_millis': 3416.8222500011325, 'loss_mean': 0.34329167008399963}
