Device cuda
Split type sit
Training Size: 48542, NTA labels 42388, YTA labels 6154
Validation Size: 16201, NTA labels 14128, YTA labels 2073
Test Size: 16229, NTA labels 14131, YTA labels 2098
Training with SBERT, model name is sbert
Tokenizing the dataset
Number of training steps 15170
Epoch 0 **** Loss 0.06436846405267715 **** Metrics validation: {'accuracy': 0.8935250910437628, 'f1_weighted': 0.8925704574124904, 'macro': 0.75718094653027, 'micro': 0.8935250910437628, 'binary': 0.5752277764097513, 'accuracy_majority': 0.9221037411892282, 'macro_majority': 0.7347829176800674, 'binary_majority': 0.5118912797281994, 'run_time_millis': 13768.902482001067, 'loss_mean': 0.12675420939922333}
Epoch 1 **** Loss 0.08910490572452545 **** Metrics validation: {'accuracy': 0.8995123757792729, 'f1_weighted': 0.8975270753757217, 'macro': 0.7660281942503986, 'micro': 0.8995123757792729, 'binary': 0.5893037336024218, 'accuracy_majority': 0.9237303452015182, 'macro_majority': 0.7483625263608038, 'binary_majority': 0.538293216630197, 'run_time_millis': 13696.185259999766, 'loss_mean': 0.12562251091003418}
Epoch 2 **** Loss 0.10162544995546341 **** Metrics validation: {'accuracy': 0.8924757731004259, 'f1_weighted': 0.8939028055281304, 'macro': 0.765523134513372, 'micro': 0.8924757731004259, 'binary': 0.5929906542056075, 'accuracy_majority': 0.9154165913609253, 'macro_majority': 0.7587041700399426, 'binary_majority': 0.5642458100558659, 'run_time_millis': 13694.535213999188, 'loss_mean': 0.12809431552886963}
Epoch 3 **** Loss 0.14009414613246918 **** Metrics validation: {'accuracy': 0.8926609468551324, 'f1_weighted': 0.8946394594156201, 'macro': 0.7684438566818754, 'micro': 0.8926609468551325, 'binary': 0.5988465974625145, 'accuracy_majority': 0.9116211819989156, 'macro_majority': 0.7537910213392454, 'binary_majority': 0.5566636446056211, 'run_time_millis': 13661.133903000518, 'loss_mean': 0.1399611234664917}
Epoch 4 **** Loss 0.03518379479646683 **** Metrics validation: {'accuracy': 0.8852539966668724, 'f1_weighted': 0.8898970738234688, 'macro': 0.7641166353453381, 'micro': 0.8852539966668724, 'binary': 0.5950773252014813, 'accuracy_majority': 0.9015000903668896, 'macro_majority': 0.7498607450296448, 'binary_majority': 0.5551020408163265, 'run_time_millis': 13658.559531999344, 'loss_mean': 0.14924173057079315}
Epoch 5 **** Loss 0.03222305327653885 **** Metrics validation: {'accuracy': 0.8705018208752546, 'f1_weighted': 0.8793760942994715, 'macro': 0.751103473041755, 'micro': 0.8705018208752546, 'binary': 0.578714859437751, 'accuracy_majority': 0.8874028555937105, 'macro_majority': 0.7396847800517525, 'binary_majority': 0.5435897435897435, 'run_time_millis': 13705.961555000613, 'loss_mean': 0.16968649625778198}
Epoch 6 **** Loss 0.09017365425825119 **** Metrics validation: {'accuracy': 0.8651935065736683, 'f1_weighted': 0.8758506422401326, 'macro': 0.7478907115038498, 'micro': 0.8651935065736683, 'binary': 0.5759223300970874, 'accuracy_majority': 0.8789083679739743, 'macro_majority': 0.7331894936062382, 'binary_majority': 0.53601108033241, 'run_time_millis': 13669.59546200087, 'loss_mean': 0.18080703914165497}
Epoch 7 **** Loss 0.08841357380151749 **** Metrics validation: {'accuracy': 0.8867353867045245, 'f1_weighted': 0.889480826064634, 'macro': 0.7586655237479549, 'micro': 0.8867353867045243, 'binary': 0.5828597408501933, 'accuracy_majority': 0.9031266943791795, 'macro_majority': 0.7453921956472767, 'binary_majority': 0.5449915110356537, 'run_time_millis': 13700.894524999967, 'loss_mean': 0.22958287596702576}
Epoch 8 **** Loss 0.04823435842990875 **** Metrics validation: {'accuracy': 0.8856860687611876, 'f1_weighted': 0.8891855608503823, 'macro': 0.7597794960183489, 'micro': 0.8856860687611876, 'binary': 0.5858676207513417, 'accuracy_majority': 0.9007771552503163, 'macro_majority': 0.7443622367505842, 'binary_majority': 0.5443983402489626, 'run_time_millis': 12740.086507999877, 'loss_mean': 0.23015280067920685}
Epoch 9 **** Loss 0.054053790867328644 **** Metrics validation: {'accuracy': 0.8808098265539164, 'f1_weighted': 0.8861591226365778, 'macro': 0.7574450222843158, 'micro': 0.8808098265539164, 'binary': 0.5844630944695502, 'accuracy_majority': 0.8962588107717332, 'macro_majority': 0.7450674138832272, 'binary_majority': 0.5487421383647798, 'run_time_millis': 11668.094110000311, 'loss_mean': 0.22783298790454865}
Evaluating
{'accuracy': 0.8995123757792729, 'f1_weighted': 0.8975270753757217, 'macro': 0.7660281942503986, 'micro': 0.8995123757792729, 'binary': 0.5893037336024218, 'accuracy_majority': 0.9237303452015182, 'macro_majority': 0.7483625263608038, 'binary_majority': 0.538293216630197, 'run_time_millis': 11767.301460999079, 'loss_mean': 0.12562251091003418}
