______________________________	 Running Epoch 1 of 10 	______________________________
[Training] Itteration/Batch:   0/486: Loss: 2.61 | Accuracy: 0.46
[Training] Itteration/Batch:  25/486: Loss: 3.92 | Accuracy: 0.46
[Training] Itteration/Batch:  50/486: Loss: 1.95 | Accuracy: 0.54
[Training] Itteration/Batch:  75/486: Loss: 1.92 | Accuracy: 0.49
[Training] Itteration/Batch: 100/486: Loss: 2.28 | Accuracy: 0.56
[Training] Itteration/Batch: 125/486: Loss: 1.64 | Accuracy: 0.66
[Training] Itteration/Batch: 150/486: Loss: 2.65 | Accuracy: 0.65
[Training] Itteration/Batch: 175/486: Loss: 1.78 | Accuracy: 0.85
[Training] Itteration/Batch: 200/486: Loss: 4.67 | Accuracy: 0.82
[Training] Itteration/Batch: 225/486: Loss: 4.98 | Accuracy: 0.76
[Training] Itteration/Batch: 250/486: Loss: 1.72 | Accuracy: 0.88
[Training] Itteration/Batch: 275/486: Loss: 2.54 | Accuracy: 0.85
[Training] Itteration/Batch: 300/486: Loss: 3.49 | Accuracy: 0.78
[Training] Itteration/Batch: 325/486: Loss: 3.47 | Accuracy: 0.90
[Training] Itteration/Batch: 350/486: Loss: 2.01 | Accuracy: 0.90
[Training] Itteration/Batch: 375/486: Loss: 1.83 | Accuracy: 0.95
[Training] Itteration/Batch: 400/486: Loss: 2.97 | Accuracy: 0.91
[Training] Itteration/Batch: 425/486: Loss: 3.49 | Accuracy: 0.90
[Training] Itteration/Batch: 450/486: Loss: 1.53 | Accuracy: 1.00
[Training] Itteration/Batch: 475/486: Loss: 1.33 | Accuracy: 1.00

Epoch 1: Val Bin. F1 Majority 0.0 | Val Macro F1 Majority 0.49311234530108894 |             Val Bin F1 Individual 0.0 | Val Macro F1 Individual 0.4900580861330677 |             Val Accuracy Majority 0.9728237390518188 | Val Accuracy Individual 0.9610076546669006 | Training Loss:2.36196231842041 |             Val Loss 2.070439100265503 | Train Runtime Millis 59834.61396500934 | Val Runtime Millis 44226.98280902114

______________________________	 Running Epoch 2 of 10 	______________________________
[Training] Itteration/Batch:   0/486: Loss: 4.05 | Accuracy: 0.91
[Training] Itteration/Batch:  25/486: Loss: 1.71 | Accuracy: 0.98
[Training] Itteration/Batch:  50/486: Loss: 1.95 | Accuracy: 0.98
[Training] Itteration/Batch:  75/486: Loss: 1.68 | Accuracy: 0.97
[Training] Itteration/Batch: 100/486: Loss: 2.06 | Accuracy: 0.97
[Training] Itteration/Batch: 125/486: Loss: 1.16 | Accuracy: 1.00
[Training] Itteration/Batch: 150/486: Loss: 2.59 | Accuracy: 0.93
[Training] Itteration/Batch: 175/486: Loss: 2.61 | Accuracy: 0.95
[Training] Itteration/Batch: 200/486: Loss: 2.21 | Accuracy: 0.93
[Training] Itteration/Batch: 225/486: Loss: 1.21 | Accuracy: 1.00
[Training] Itteration/Batch: 250/486: Loss: 2.02 | Accuracy: 0.93
[Training] Itteration/Batch: 275/486: Loss: 1.94 | Accuracy: 0.95
[Training] Itteration/Batch: 300/486: Loss: 2.06 | Accuracy: 0.95
[Training] Itteration/Batch: 325/486: Loss: 3.35 | Accuracy: 0.92
[Training] Itteration/Batch: 350/486: Loss: 1.94 | Accuracy: 0.97
[Training] Itteration/Batch: 375/486: Loss: 1.88 | Accuracy: 0.97
[Training] Itteration/Batch: 400/486: Loss: 3.92 | Accuracy: 0.85
[Training] Itteration/Batch: 425/486: Loss: 1.27 | Accuracy: 0.98
[Training] Itteration/Batch: 450/486: Loss: 1.37 | Accuracy: 0.96
[Training] Itteration/Batch: 475/486: Loss: 0.96 | Accuracy: 1.00

Epoch 2: Val Bin. F1 Majority 0.006329114083200693 | Val Macro F1 Majority 0.4962984675716641 |             Val Bin F1 Individual 0.010362694039940834 | Val Macro F1 Individual 0.49529675366063525 |             Val Accuracy Majority 0.9729099869728088 | Val Accuracy Individual 0.9612360000610352 | Training Loss:2.0572330951690674 |             Val Loss 1.8923777341842651 | Train Runtime Millis 60654.48310307693 | Val Runtime Millis 44405.58516292367

______________________________	 Running Epoch 3 of 10 	______________________________
[Training] Itteration/Batch:   0/486: Loss: 2.17 | Accuracy: 0.91
[Training] Itteration/Batch:  25/486: Loss: 1.09 | Accuracy: 1.00
[Training] Itteration/Batch:  50/486: Loss: 2.80 | Accuracy: 0.93
[Training] Itteration/Batch:  75/486: Loss: 1.00 | Accuracy: 1.00
[Training] Itteration/Batch: 100/486: Loss: 1.45 | Accuracy: 0.98
[Training] Itteration/Batch: 125/486: Loss: 1.50 | Accuracy: 0.98
[Training] Itteration/Batch: 150/486: Loss: 1.68 | Accuracy: 0.97
[Training] Itteration/Batch: 175/486: Loss: 1.61 | Accuracy: 0.94
[Training] Itteration/Batch: 200/486: Loss: 3.81 | Accuracy: 0.84
[Training] Itteration/Batch: 225/486: Loss: 1.12 | Accuracy: 0.98
[Training] Itteration/Batch: 250/486: Loss: 1.19 | Accuracy: 0.98
[Training] Itteration/Batch: 275/486: Loss: 2.01 | Accuracy: 0.94
[Training] Itteration/Batch: 300/486: Loss: 1.30 | Accuracy: 0.93
[Training] Itteration/Batch: 325/486: Loss: 2.34 | Accuracy: 0.96
[Training] Itteration/Batch: 350/486: Loss: 1.17 | Accuracy: 0.98
[Training] Itteration/Batch: 375/486: Loss: 2.66 | Accuracy: 0.93
[Training] Itteration/Batch: 400/486: Loss: 1.31 | Accuracy: 0.95
[Training] Itteration/Batch: 425/486: Loss: 2.82 | Accuracy: 0.87
[Training] Itteration/Batch: 450/486: Loss: 1.00 | Accuracy: 1.00
[Training] Itteration/Batch: 475/486: Loss: 1.72 | Accuracy: 0.93

Epoch 3: Val Bin. F1 Majority 0.35978835821151733 | Val Macro F1 Majority 0.6662907261908926 |             Val Bin F1 Individual 0.330951064825058 | Val Macro F1 Individual 0.6492915949465338 |             Val Accuracy Majority 0.94780433177948 | Val Accuracy Individual 0.9382515549659729 | Training Loss:1.8249573707580566 |             Val Loss 1.6355385780334473 | Train Runtime Millis 59839.28906300571 | Val Runtime Millis 44247.35776602756

______________________________	 Running Epoch 4 of 10 	______________________________
[Training] Itteration/Batch:   0/486: Loss: 1.20 | Accuracy: 0.98
[Training] Itteration/Batch:  25/486: Loss: 1.71 | Accuracy: 0.90
[Training] Itteration/Batch:  50/486: Loss: 3.15 | Accuracy: 0.93
[Training] Itteration/Batch:  75/486: Loss: 2.46 | Accuracy: 0.78
[Training] Itteration/Batch: 100/486: Loss: 1.81 | Accuracy: 0.95
[Training] Itteration/Batch: 125/486: Loss: 1.93 | Accuracy: 0.93
[Training] Itteration/Batch: 150/486: Loss: 1.86 | Accuracy: 0.91
[Training] Itteration/Batch: 175/486: Loss: 1.12 | Accuracy: 0.96
[Training] Itteration/Batch: 200/486: Loss: 0.85 | Accuracy: 0.98
[Training] Itteration/Batch: 225/486: Loss: 1.42 | Accuracy: 0.98
[Training] Itteration/Batch: 250/486: Loss: 1.40 | Accuracy: 0.88
[Training] Itteration/Batch: 275/486: Loss: 2.18 | Accuracy: 0.93
[Training] Itteration/Batch: 300/486: Loss: 1.13 | Accuracy: 0.98
[Training] Itteration/Batch: 325/486: Loss: 1.24 | Accuracy: 0.93
[Training] Itteration/Batch: 350/486: Loss: 1.92 | Accuracy: 0.90
[Training] Itteration/Batch: 375/486: Loss: 0.97 | Accuracy: 0.95
[Training] Itteration/Batch: 400/486: Loss: 1.94 | Accuracy: 0.72
[Training] Itteration/Batch: 425/486: Loss: 1.49 | Accuracy: 1.00
[Training] Itteration/Batch: 450/486: Loss: 1.06 | Accuracy: 0.95
[Training] Itteration/Batch: 475/486: Loss: 0.67 | Accuracy: 1.00

Epoch 4: Val Bin. F1 Majority 0.3674321472644806 | Val Macro F1 Majority 0.6700821658693192 |             Val Bin F1 Individual 0.343327134847641 | Val Macro F1 Individual 0.6551782980830748 |             Val Accuracy Majority 0.94771808385849 | Val Accuracy Individual 0.9372114539146423 | Training Loss:1.5949348211288452 |             Val Loss 1.5431010723114014 | Train Runtime Millis 60227.07777004689 | Val Runtime Millis 44465.41572501883

______________________________	 Running Epoch 5 of 10 	______________________________
[Training] Itteration/Batch:   0/486: Loss: 2.63 | Accuracy: 0.89
[Training] Itteration/Batch:  25/486: Loss: 0.63 | Accuracy: 1.00
[Training] Itteration/Batch:  50/486: Loss: 1.17 | Accuracy: 0.93
[Training] Itteration/Batch:  75/486: Loss: 1.41 | Accuracy: 0.95
[Training] Itteration/Batch: 100/486: Loss: 4.00 | Accuracy: 0.88
[Training] Itteration/Batch: 125/486: Loss: 0.88 | Accuracy: 0.98
[Training] Itteration/Batch: 150/486: Loss: 0.69 | Accuracy: 1.00
[Training] Itteration/Batch: 175/486: Loss: 0.76 | Accuracy: 0.98
[Training] Itteration/Batch: 200/486: Loss: 0.91 | Accuracy: 0.98
[Training] Itteration/Batch: 225/486: Loss: 0.84 | Accuracy: 0.98
[Training] Itteration/Batch: 250/486: Loss: 0.66 | Accuracy: 1.00
[Training] Itteration/Batch: 275/486: Loss: 2.40 | Accuracy: 0.98
[Training] Itteration/Batch: 300/486: Loss: 2.94 | Accuracy: 0.89
[Training] Itteration/Batch: 325/486: Loss: 1.41 | Accuracy: 0.95
[Training] Itteration/Batch: 350/486: Loss: 3.96 | Accuracy: 0.85
[Training] Itteration/Batch: 375/486: Loss: 2.07 | Accuracy: 0.94
[Training] Itteration/Batch: 400/486: Loss: 0.65 | Accuracy: 1.00
[Training] Itteration/Batch: 425/486: Loss: 1.44 | Accuracy: 0.97
[Training] Itteration/Batch: 450/486: Loss: 1.76 | Accuracy: 0.97
[Training] Itteration/Batch: 475/486: Loss: 0.92 | Accuracy: 0.98

Epoch 5: Val Bin. F1 Majority 0.34625789523124695 | Val Macro F1 Majority 0.6567061660347702 |             Val Bin F1 Individual 0.3372255861759186 | Val Macro F1 Individual 0.6495796137571986 |             Val Accuracy Majority 0.9374514818191528 | Val Accuracy Individual 0.9280024170875549 | Training Loss:1.4267725944519043 |             Val Loss 1.4869143962860107 | Train Runtime Millis 60519.281656015664 | Val Runtime Millis 44317.84856203012

______________________________	 Running Epoch 6 of 10 	______________________________
[Training] Itteration/Batch:   0/486: Loss: 1.81 | Accuracy: 0.98
[Training] Itteration/Batch:  25/486: Loss: 1.17 | Accuracy: 0.95
[Training] Itteration/Batch:  50/486: Loss: 1.41 | Accuracy: 0.95
[Training] Itteration/Batch:  75/486: Loss: 1.93 | Accuracy: 0.93
[Training] Itteration/Batch: 100/486: Loss: 1.26 | Accuracy: 0.93
[Training] Itteration/Batch: 125/486: Loss: 1.47 | Accuracy: 0.91
[Training] Itteration/Batch: 150/486: Loss: 0.87 | Accuracy: 0.98
[Training] Itteration/Batch: 175/486: Loss: 1.61 | Accuracy: 0.96
[Training] Itteration/Batch: 200/486: Loss: 1.91 | Accuracy: 0.92
[Training] Itteration/Batch: 225/486: Loss: 1.48 | Accuracy: 0.88
[Training] Itteration/Batch: 250/486: Loss: 1.00 | Accuracy: 0.88
[Training] Itteration/Batch: 275/486: Loss: 1.38 | Accuracy: 0.88
[Training] Itteration/Batch: 300/486: Loss: 0.64 | Accuracy: 1.00
[Training] Itteration/Batch: 325/486: Loss: 2.99 | Accuracy: 0.89
[Training] Itteration/Batch: 350/486: Loss: 3.24 | Accuracy: 0.80
[Training] Itteration/Batch: 375/486: Loss: 1.80 | Accuracy: 0.89
[Training] Itteration/Batch: 400/486: Loss: 1.37 | Accuracy: 0.97
[Training] Itteration/Batch: 425/486: Loss: 0.53 | Accuracy: 1.00
[Training] Itteration/Batch: 450/486: Loss: 2.22 | Accuracy: 0.90
[Training] Itteration/Batch: 475/486: Loss: 1.07 | Accuracy: 0.90

Epoch 6: Val Bin. F1 Majority 0.3507588505744934 | Val Macro F1 Majority 0.6578762442473827 |             Val Bin F1 Individual 0.3369397222995758 | Val Macro F1 Individual 0.6482631508960414 |             Val Accuracy Majority 0.9335691332817078 | Val Accuracy Individual 0.9238165020942688 | Training Loss:1.2880351543426514 |             Val Loss 1.4505419731140137 | Train Runtime Millis 59832.37449696753 | Val Runtime Millis 44367.7772579249

______________________________	 Running Epoch 7 of 10 	______________________________
[Training] Itteration/Batch:   0/486: Loss: 0.65 | Accuracy: 1.00
[Training] Itteration/Batch:  25/486: Loss: 1.69 | Accuracy: 0.90
[Training] Itteration/Batch:  50/486: Loss: 1.31 | Accuracy: 0.95
[Training] Itteration/Batch:  75/486: Loss: 1.12 | Accuracy: 0.90
[Training] Itteration/Batch: 100/486: Loss: 0.91 | Accuracy: 0.98
[Training] Itteration/Batch: 125/486: Loss: 1.21 | Accuracy: 0.86
[Training] Itteration/Batch: 150/486: Loss: 1.14 | Accuracy: 0.91
[Training] Itteration/Batch: 175/486: Loss: 0.76 | Accuracy: 0.97
[Training] Itteration/Batch: 200/486: Loss: 2.09 | Accuracy: 0.82
[Training] Itteration/Batch: 225/486: Loss: 0.50 | Accuracy: 1.00
[Training] Itteration/Batch: 250/486: Loss: 0.63 | Accuracy: 1.00
[Training] Itteration/Batch: 275/486: Loss: 0.90 | Accuracy: 0.96
[Training] Itteration/Batch: 300/486: Loss: 2.02 | Accuracy: 0.95
[Training] Itteration/Batch: 325/486: Loss: 1.12 | Accuracy: 0.98
[Training] Itteration/Batch: 350/486: Loss: 1.23 | Accuracy: 0.97
[Training] Itteration/Batch: 375/486: Loss: 0.50 | Accuracy: 1.00
[Training] Itteration/Batch: 400/486: Loss: 0.52 | Accuracy: 1.00
[Training] Itteration/Batch: 425/486: Loss: 1.56 | Accuracy: 0.94
[Training] Itteration/Batch: 450/486: Loss: 1.14 | Accuracy: 0.95
[Training] Itteration/Batch: 475/486: Loss: 1.26 | Accuracy: 0.92

Epoch 7: Val Bin. F1 Majority 0.35874438285827637 | Val Macro F1 Majority 0.6631715356879914 |             Val Bin F1 Individual 0.3388564884662628 | Val Macro F1 Individual 0.6504278222169478 |             Val Accuracy Majority 0.9383141994476318 | Val Accuracy Individual 0.928129255771637 | Training Loss:1.1985806226730347 |             Val Loss 1.4410544633865356 | Train Runtime Millis 59852.92129195295 | Val Runtime Millis 44463.68877904024

______________________________	 Running Epoch 8 of 10 	______________________________
[Training] Itteration/Batch:   0/486: Loss: 0.46 | Accuracy: 1.00
[Training] Itteration/Batch:  25/486: Loss: 0.75 | Accuracy: 0.96
[Training] Itteration/Batch:  50/486: Loss: 1.31 | Accuracy: 0.93
[Training] Itteration/Batch:  75/486: Loss: 2.20 | Accuracy: 0.89
[Training] Itteration/Batch: 100/486: Loss: 1.55 | Accuracy: 0.92
[Training] Itteration/Batch: 125/486: Loss: 0.86 | Accuracy: 0.93
[Training] Itteration/Batch: 150/486: Loss: 1.03 | Accuracy: 0.98
[Training] Itteration/Batch: 175/486: Loss: 0.76 | Accuracy: 0.98
[Training] Itteration/Batch: 200/486: Loss: 1.70 | Accuracy: 0.95
[Training] Itteration/Batch: 225/486: Loss: 0.47 | Accuracy: 1.00
[Training] Itteration/Batch: 250/486: Loss: 1.25 | Accuracy: 0.85
[Training] Itteration/Batch: 275/486: Loss: 0.55 | Accuracy: 0.98
[Training] Itteration/Batch: 300/486: Loss: 1.42 | Accuracy: 0.87
[Training] Itteration/Batch: 325/486: Loss: 1.45 | Accuracy: 0.87
[Training] Itteration/Batch: 350/486: Loss: 1.64 | Accuracy: 0.90
[Training] Itteration/Batch: 375/486: Loss: 2.68 | Accuracy: 0.87
[Training] Itteration/Batch: 400/486: Loss: 2.60 | Accuracy: 0.90
[Training] Itteration/Batch: 425/486: Loss: 1.63 | Accuracy: 0.87
[Training] Itteration/Batch: 450/486: Loss: 1.50 | Accuracy: 0.90
[Training] Itteration/Batch: 475/486: Loss: 1.81 | Accuracy: 0.95

Epoch 8: Val Bin. F1 Majority 0.3606557250022888 | Val Macro F1 Majority 0.6644340090444533 |             Val Bin F1 Individual 0.3418198823928833 | Val Macro F1 Individual 0.6521953062093656 |             Val Accuracy Majority 0.9394357800483704 | Val Accuracy Individual 0.9291694164276123 | Training Loss:1.1103073358535767 |             Val Loss 1.4268386363983154 | Train Runtime Millis 60683.21440205909 | Val Runtime Millis 44250.88223104831

______________________________	 Running Epoch 9 of 10 	______________________________
[Training] Itteration/Batch:   0/486: Loss: 1.02 | Accuracy: 0.98
[Training] Itteration/Batch:  25/486: Loss: 1.00 | Accuracy: 0.95
[Training] Itteration/Batch:  50/486: Loss: 0.48 | Accuracy: 1.00
[Training] Itteration/Batch:  75/486: Loss: 0.70 | Accuracy: 0.93
[Training] Itteration/Batch: 100/486: Loss: 1.02 | Accuracy: 0.90
[Training] Itteration/Batch: 125/486: Loss: 1.05 | Accuracy: 0.97
[Training] Itteration/Batch: 150/486: Loss: 1.25 | Accuracy: 0.97
[Training] Itteration/Batch: 175/486: Loss: 0.85 | Accuracy: 0.94
[Training] Itteration/Batch: 200/486: Loss: 0.41 | Accuracy: 1.00
[Training] Itteration/Batch: 225/486: Loss: 0.59 | Accuracy: 0.96
[Training] Itteration/Batch: 250/486: Loss: 0.95 | Accuracy: 1.00
[Training] Itteration/Batch: 275/486: Loss: 0.62 | Accuracy: 0.96
[Training] Itteration/Batch: 300/486: Loss: 1.14 | Accuracy: 0.85
[Training] Itteration/Batch: 325/486: Loss: 0.88 | Accuracy: 0.97
[Training] Itteration/Batch: 350/486: Loss: 1.56 | Accuracy: 0.92
[Training] Itteration/Batch: 375/486: Loss: 0.40 | Accuracy: 1.00
[Training] Itteration/Batch: 400/486: Loss: 1.17 | Accuracy: 0.96
[Training] Itteration/Batch: 425/486: Loss: 2.86 | Accuracy: 0.90
[Training] Itteration/Batch: 450/486: Loss: 1.18 | Accuracy: 0.88
[Training] Itteration/Batch: 475/486: Loss: 0.94 | Accuracy: 0.92

Epoch 9: Val Bin. F1 Majority 0.3648519515991211 | Val Macro F1 Majority 0.6674045197601158 |             Val Bin F1 Individual 0.3444034457206726 | Val Macro F1 Individual 0.6543806416518378 |             Val Accuracy Majority 0.9426279067993164 | Val Accuracy Individual 0.9323912858963013 | Training Loss:1.0453202724456787 |             Val Loss 1.4335830211639404 | Train Runtime Millis 60080.61818196438 | Val Runtime Millis 44302.21804010216

______________________________	 Running Epoch 10 of 10 	______________________________
[Training] Itteration/Batch:   0/486: Loss: 1.35 | Accuracy: 0.91
[Training] Itteration/Batch:  25/486: Loss: 0.55 | Accuracy: 0.96
[Training] Itteration/Batch:  50/486: Loss: 1.15 | Accuracy: 0.95
[Training] Itteration/Batch:  75/486: Loss: 0.75 | Accuracy: 0.98
[Training] Itteration/Batch: 100/486: Loss: 1.11 | Accuracy: 0.93
[Training] Itteration/Batch: 125/486: Loss: 1.49 | Accuracy: 0.98
[Training] Itteration/Batch: 150/486: Loss: 1.14 | Accuracy: 0.92
[Training] Itteration/Batch: 175/486: Loss: 0.63 | Accuracy: 0.94
[Training] Itteration/Batch: 200/486: Loss: 0.96 | Accuracy: 0.97
[Training] Itteration/Batch: 225/486: Loss: 0.58 | Accuracy: 0.98
[Training] Itteration/Batch: 250/486: Loss: 1.27 | Accuracy: 0.93
[Training] Itteration/Batch: 275/486: Loss: 0.70 | Accuracy: 0.96
[Training] Itteration/Batch: 300/486: Loss: 0.60 | Accuracy: 0.96
[Training] Itteration/Batch: 325/486: Loss: 0.86 | Accuracy: 0.95
[Training] Itteration/Batch: 350/486: Loss: 0.41 | Accuracy: 1.00
[Training] Itteration/Batch: 375/486: Loss: 0.60 | Accuracy: 0.98
[Training] Itteration/Batch: 400/486: Loss: 0.69 | Accuracy: 0.98
[Training] Itteration/Batch: 425/486: Loss: 1.82 | Accuracy: 0.87
[Training] Itteration/Batch: 450/486: Loss: 1.75 | Accuracy: 0.92
[Training] Itteration/Batch: 475/486: Loss: 0.73 | Accuracy: 0.94

Epoch 10: Val Bin. F1 Majority 0.32082414627075195 | Val Macro F1 Majority 0.6392646544172684 |             Val Bin F1 Individual 0.32668232917785645 | Val Macro F1 Individual 0.6399973351524091 |             Val Accuracy Majority 0.9203692674636841 | Val Accuracy Individual 0.9126794934272766 | Training Loss:0.9774606823921204 |             Val Loss 1.4037286043167114 | Train Runtime Millis 60001.660921028815 | Val Runtime Millis 44615.77360203955

