Device cuda
Split type sit
Training Size: 1710, NTA labels 1473, YTA labels 237
Validation Size: 1140, NTA labels 1011, YTA labels 129
Test Size: 1146, NTA labels 979, YTA labels 167
Training with SBERT, model name is sbert
Tokenizing the dataset
Number of training steps 540
Epoch 0 **** Loss 0.10650433599948883 **** Metrics validation: {'accuracy': 0.65, 'f1_weighted': 0.7136693448213828, 'macro': 0.5670469893841513, 'micro': 0.65, 'binary': 0.3775351014040562, 'accuracy_majority': 0.6736842105263158, 'macro_majority': 0.5989923747276689, 'binary_majority': 0.42592592592592593, 'run_time_millis': 2518.7029279986746, 'loss_mean': 0.11130699515342712}
Epoch 1 **** Loss 0.06413505971431732 **** Metrics validation: {'accuracy': 0.7921052631578948, 'f1_weighted': 0.8253381864683789, 'macro': 0.6702512110194533, 'micro': 0.7921052631578948, 'binary': 0.46979865771812085, 'accuracy_majority': 0.8210526315789474, 'macro_majority': 0.7203947368421053, 'binary_majority': 0.5526315789473684, 'run_time_millis': 1636.5265469939914, 'loss_mean': 0.10021261870861053}
Epoch 2 **** Loss 0.07552074640989304 **** Metrics validation: {'accuracy': 0.8456140350877193, 'f1_weighted': 0.8648582446177786, 'macro': 0.7185358928461206, 'micro': 0.8456140350877194, 'binary': 0.5294117647058824, 'accuracy_majority': 0.8578947368421053, 'macro_majority': 0.7553764722712317, 'binary_majority': 0.5970149253731344, 'run_time_millis': 2522.4743879953166, 'loss_mean': 0.10479997098445892}
Epoch 3 **** Loss 0.07105027884244919 **** Metrics validation: {'accuracy': 0.8517543859649123, 'f1_weighted': 0.8678201898386886, 'macro': 0.715454178906745, 'micro': 0.8517543859649124, 'binary': 0.5185185185185186, 'accuracy_majority': 0.8736842105263158, 'macro_majority': 0.768715763846622, 'binary_majority': 0.6129032258064516, 'run_time_millis': 2520.7166139953188, 'loss_mean': 0.12000434845685959}
Epoch 4 **** Loss 0.09460625797510147 **** Metrics validation: {'accuracy': 0.8377192982456141, 'f1_weighted': 0.8599644445701097, 'macro': 0.7167511667729913, 'micro': 0.8377192982456141, 'binary': 0.5316455696202532, 'accuracy_majority': 0.7526315789473684, 'macro_majority': 0.6551990424340708, 'binary_majority': 0.47191011235955055, 'run_time_millis': 1759.1230379985063, 'loss_mean': 0.10853319615125656}
Epoch 5 **** Loss 0.012969322502613068 **** Metrics validation: {'accuracy': 0.8675438596491228, 'f1_weighted': 0.8806044977991888, 'macro': 0.738388660165137, 'micro': 0.8675438596491228, 'binary': 0.5545722713864307, 'accuracy_majority': 0.8578947368421053, 'macro_majority': 0.7494505494505495, 'binary_majority': 0.5846153846153845, 'run_time_millis': 2526.1107869955595, 'loss_mean': 0.12960906326770782}
Epoch 6 **** Loss 0.06839724630117416 **** Metrics validation: {'accuracy': 0.8421052631578947, 'f1_weighted': 0.8627633660892738, 'macro': 0.7181566455696202, 'micro': 0.8421052631578947, 'binary': 0.53125, 'accuracy_majority': 0.7631578947368421, 'macro_majority': 0.6645875014711073, 'binary_majority': 0.4827586206896551, 'run_time_millis': 1609.2405160015915, 'loss_mean': 0.13065510988235474}
Epoch 7 **** Loss 0.11239714175462723 **** Metrics validation: {'accuracy': 0.8719298245614036, 'f1_weighted': 0.8798349992123184, 'macro': 0.721372180073524, 'micro': 0.8719298245614036, 'binary': 0.5165562913907285, 'accuracy_majority': 0.8578947368421053, 'macro_majority': 0.7363687753738629, 'binary_majority': 0.5573770491803278, 'run_time_millis': 1560.8177719986998, 'loss_mean': 0.17588943243026733}
Epoch 8 **** Loss 0.025565672665834427 **** Metrics validation: {'accuracy': 0.8578947368421053, 'f1_weighted': 0.8740450335810518, 'macro': 0.7315994163435434, 'micro': 0.8578947368421053, 'binary': 0.547486033519553, 'accuracy_majority': 0.7947368421052632, 'macro_majority': 0.6940418679549114, 'binary_majority': 0.5185185185185185, 'run_time_millis': 2519.537672000297, 'loss_mean': 0.1471555382013321}
Epoch 9 **** Loss 0.0037614144384860992 **** Metrics validation: {'accuracy': 0.8605263157894737, 'f1_weighted': 0.8747478280267589, 'macro': 0.7271787245763414, 'micro': 0.8605263157894736, 'binary': 0.5364431486880467, 'accuracy_majority': 0.8052631578947368, 'macro_majority': 0.704360990790193, 'binary_majority': 0.5316455696202531, 'run_time_millis': 2519.863098001224, 'loss_mean': 0.15462946891784668}
Evaluating
{'accuracy': 0.8675438596491228, 'f1_weighted': 0.8806044977991888, 'macro': 0.738388660165137, 'micro': 0.8675438596491228, 'binary': 0.5545722713864307, 'accuracy_majority': 0.8578947368421053, 'macro_majority': 0.7494505494505495, 'binary_majority': 0.5846153846153845, 'run_time_millis': 2523.434095994162, 'loss_mean': 0.12960906326770782}
Device cuda
Split type sit
Training Size: 2052, NTA labels 1778, YTA labels 274
Validation Size: 1140, NTA labels 1011, YTA labels 129
Test Size: 1146, NTA labels 979, YTA labels 167
Training with SBERT, model name is sbert
Tokenizing the dataset
Number of training steps 650
Epoch 0 **** Loss 0.0629093274474144 **** Metrics validation: {'accuracy': 0.7552631578947369, 'f1_weighted': 0.7979007636630527, 'macro': 0.6431420464299058, 'micro': 0.7552631578947367, 'binary': 0.44311377245508987, 'accuracy_majority': 0.7947368421052632, 'macro_majority': 0.7044865403788634, 'binary_majority': 0.5411764705882353, 'run_time_millis': 2524.6368090010947, 'loss_mean': 0.1020946353673935}
Epoch 1 **** Loss 0.14676712453365326 **** Metrics validation: {'accuracy': 0.8017543859649123, 'f1_weighted': 0.8318630684921428, 'macro': 0.6737924852241821, 'micro': 0.8017543859649123, 'binary': 0.4694835680751174, 'accuracy_majority': 0.8263157894736842, 'macro_majority': 0.7202266744009638, 'binary_majority': 0.547945205479452, 'run_time_millis': 2538.72143800254, 'loss_mean': 0.10547084361314774}
Epoch 2 **** Loss 0.0011316608870401978 **** Metrics validation: {'accuracy': 0.7543859649122807, 'f1_weighted': 0.797223868719073, 'macro': 0.6423753803682906, 'micro': 0.7543859649122807, 'binary': 0.44223107569721115, 'accuracy_majority': 0.7842105263157895, 'macro_majority': 0.689332003988036, 'binary_majority': 0.5176470588235295, 'run_time_millis': 2014.6555149985943, 'loss_mean': 0.11763790249824524}
Epoch 3 **** Loss 0.000187116747838445 **** Metrics validation: {'accuracy': 0.8219298245614035, 'f1_weighted': 0.8469045377648565, 'macro': 0.6928646982862163, 'micro': 0.8219298245614036, 'binary': 0.49376558603491266, 'accuracy_majority': 0.8368421052631579, 'macro_majority': 0.7255230905447597, 'binary_majority': 0.5507246376811594, 'run_time_millis': 2519.398928998271, 'loss_mean': 0.12703236937522888}
Epoch 4 **** Loss 0.1817983090877533 **** Metrics validation: {'accuracy': 0.7605263157894737, 'f1_weighted': 0.8018556554941806, 'macro': 0.6467387294535358, 'micro': 0.7605263157894737, 'binary': 0.4462474645030426, 'accuracy_majority': 0.7578947368421053, 'macro_majority': 0.6543268470178768, 'binary_majority': 0.46511627906976744, 'run_time_millis': 1558.662411000114, 'loss_mean': 0.11898675560951233}
Epoch 5 **** Loss 0.0569244921207428 **** Metrics validation: {'accuracy': 0.8807017543859649, 'f1_weighted': 0.8893889272900827, 'macro': 0.7474984365228268, 'micro': 0.8807017543859649, 'binary': 0.5641025641025641, 'accuracy_majority': 0.8947368421052632, 'macro_majority': 0.784139968189048, 'binary_majority': 0.6296296296296297, 'run_time_millis': 2521.002008994401, 'loss_mean': 0.14466194808483124}
Epoch 6 **** Loss 0.03583071380853653 **** Metrics validation: {'accuracy': 0.8429824561403508, 'f1_weighted': 0.8645061382597278, 'macro': 0.7259376154181916, 'micro': 0.8429824561403508, 'binary': 0.5468354430379746, 'accuracy_majority': 0.7578947368421053, 'macro_majority': 0.6701388888888888, 'binary_majority': 0.5, 'run_time_millis': 1616.3768120022723, 'loss_mean': 0.10739991813898087}
Epoch 7 **** Loss 0.14931726455688477 **** Metrics validation: {'accuracy': 0.8508771929824561, 'f1_weighted': 0.8688749485365223, 'macro': 0.724565672184828, 'micro': 0.850877192982456, 'binary': 0.5380434782608696, 'accuracy_majority': 0.7789473684210526, 'macro_majority': 0.6790540540540542, 'binary_majority': 0.5, 'run_time_millis': 1915.6540050025797, 'loss_mean': 0.1182556003332138}
Epoch 8 **** Loss 0.027661247178912163 **** Metrics validation: {'accuracy': 0.8482456140350877, 'f1_weighted': 0.8666631512221096, 'macro': 0.7203183962765844, 'micro': 0.8482456140350877, 'binary': 0.5311653116531166, 'accuracy_majority': 0.7894736842105263, 'macro_majority': 0.6833333333333332, 'binary_majority': 0.4999999999999999, 'run_time_millis': 2524.9939960049232, 'loss_mean': 0.12733818590641022}
Epoch 9 **** Loss 0.05115623027086258 **** Metrics validation: {'accuracy': 0.8578947368421053, 'f1_weighted': 0.8734048348190355, 'macro': 0.7278739155035836, 'micro': 0.8578947368421053, 'binary': 0.5397727272727272, 'accuracy_majority': 0.8105263157894737, 'macro_majority': 0.6979332273449921, 'binary_majority': 0.5135135135135135, 'run_time_millis': 1813.6653480032692, 'loss_mean': 0.1344607025384903}
Evaluating
{'accuracy': 0.8807017543859649, 'f1_weighted': 0.8893889272900827, 'macro': 0.7474984365228268, 'micro': 0.8807017543859649, 'binary': 0.5641025641025641, 'accuracy_majority': 0.8947368421052632, 'macro_majority': 0.784139968189048, 'binary_majority': 0.6296296296296297, 'run_time_millis': 1861.1017939983867, 'loss_mean': 0.14466194808483124}
Device cuda
Split type sit
Training Size: 2394, NTA labels 2062, YTA labels 332
Validation Size: 1140, NTA labels 1011, YTA labels 129
Test Size: 1146, NTA labels 979, YTA labels 167
Training with SBERT, model name is sbert
Tokenizing the dataset
Number of training steps 750
Epoch 0 **** Loss 0.10423804819583893 **** Metrics validation: {'accuracy': 0.7964912280701755, 'f1_weighted': 0.8288096145681285, 'macro': 0.6755579108520285, 'micro': 0.7964912280701755, 'binary': 0.47747747747747754, 'accuracy_majority': 0.8263157894736842, 'macro_majority': 0.7259016393442622, 'binary_majority': 0.5599999999999999, 'run_time_millis': 2522.2219729985227, 'loss_mean': 0.10126454383134842}
Epoch 1 **** Loss 0.0560968741774559 **** Metrics validation: {'accuracy': 0.7280701754385965, 'f1_weighted': 0.7772055237908453, 'macro': 0.6267285194620835, 'micro': 0.7280701754385965, 'binary': 0.43223443223443225, 'accuracy_majority': 0.7368421052631579, 'macro_majority': 0.646629965778902, 'binary_majority': 0.46808510638297873, 'run_time_millis': 2174.947394996707, 'loss_mean': 0.09959479421377182}
Epoch 2 **** Loss 0.06734134256839752 **** Metrics validation: {'accuracy': 0.8368421052631579, 'f1_weighted': 0.8581888116255828, 'macro': 0.7087618670886076, 'micro': 0.8368421052631579, 'binary': 0.5156250000000001, 'accuracy_majority': 0.8052631578947368, 'macro_majority': 0.6926775956284152, 'binary_majority': 0.5066666666666666, 'run_time_millis': 2524.867683001503, 'loss_mean': 0.10324516892433167}
Epoch 3 **** Loss 0.08741966634988785 **** Metrics validation: {'accuracy': 0.85, 'f1_weighted': 0.8675862336553758, 'macro': 0.7198618709502191, 'micro': 0.85, 'binary': 0.5289256198347108, 'accuracy_majority': 0.7684210526315789, 'macro_majority': 0.6693561145388388, 'binary_majority': 0.48837209302325574, 'run_time_millis': 920.1584239999647, 'loss_mean': 0.11177235096693039}
Epoch 4 **** Loss 0.08672885596752167 **** Metrics validation: {'accuracy': 0.7745614035087719, 'f1_weighted': 0.8133708150012873, 'macro': 0.6664613689223234, 'micro': 0.7745614035087719, 'binary': 0.47657841140529533, 'accuracy_majority': 0.6736842105263158, 'macro_majority': 0.5944084836799339, 'binary_majority': 0.41509433962264153, 'run_time_millis': 2531.0499709958094, 'loss_mean': 0.10617531836032867}
Epoch 5 **** Loss 0.03148799389600754 **** Metrics validation: {'accuracy': 0.8385964912280702, 'f1_weighted': 0.85971366311348, 'macro': 0.7118934599156119, 'micro': 0.8385964912280702, 'binary': 0.5208333333333334, 'accuracy_majority': 0.7263157894736842, 'macro_majority': 0.6376173708920188, 'binary_majority': 0.45833333333333326, 'run_time_millis': 2365.1783160021296, 'loss_mean': 0.10774997621774673}
Epoch 6 **** Loss 0.05799541994929314 **** Metrics validation: {'accuracy': 0.8342105263157895, 'f1_weighted': 0.8571149695894714, 'macro': 0.7117788619104248, 'micro': 0.8342105263157894, 'binary': 0.5239294710327456, 'accuracy_majority': 0.7368421052631579, 'macro_majority': 0.646629965778902, 'binary_majority': 0.46808510638297873, 'run_time_millis': 1764.3996679980773, 'loss_mean': 0.10959571599960327}
Epoch 7 **** Loss 0.024040034040808678 **** Metrics validation: {'accuracy': 0.8491228070175438, 'f1_weighted': 0.867733749061231, 'macro': 0.7237438290390208, 'micro': 0.8491228070175438, 'binary': 0.5376344086021506, 'accuracy_majority': 0.7631578947368421, 'macro_majority': 0.6698714236070891, 'binary_majority': 0.4943820224719101, 'run_time_millis': 1886.4993180031888, 'loss_mean': 0.1369270384311676}
Epoch 8 **** Loss 0.02912234142422676 **** Metrics validation: {'accuracy': 0.8517543859649123, 'f1_weighted': 0.8695456502412524, 'macro': 0.7255833099501332, 'micro': 0.8517543859649124, 'binary': 0.5395095367847411, 'accuracy_majority': 0.7736842105263158, 'macro_majority': 0.6794947236279472, 'binary_majority': 0.5057471264367817, 'run_time_millis': 2521.4358279990847, 'loss_mean': 0.14358440041542053}
Epoch 9 **** Loss 0.06213397532701492 **** Metrics validation: {'accuracy': 0.8631578947368421, 'f1_weighted': 0.8774465169265405, 'macro': 0.7342355536161539, 'micro': 0.8631578947368422, 'binary': 0.5491329479768786, 'accuracy_majority': 0.7894736842105263, 'macro_majority': 0.6943371943371943, 'binary_majority': 0.5238095238095238, 'run_time_millis': 2519.2857369984267, 'loss_mean': 0.1567104309797287}
Evaluating
{'accuracy': 0.8631578947368421, 'f1_weighted': 0.8774465169265405, 'macro': 0.7342355536161539, 'micro': 0.8631578947368422, 'binary': 0.5491329479768786, 'accuracy_majority': 0.7894736842105263, 'macro_majority': 0.6943371943371943, 'binary_majority': 0.5238095238095238, 'run_time_millis': 2471.7838799988385, 'loss_mean': 0.1567104309797287}
Device cuda
Split type sit
Training Size: 2736, NTA labels 2366, YTA labels 370
Validation Size: 1140, NTA labels 1011, YTA labels 129
Test Size: 1146, NTA labels 979, YTA labels 167
Training with SBERT, model name is sbert
Tokenizing the dataset
Number of training steps 860
Epoch 0 **** Loss 0.06749701499938965 **** Metrics validation: {'accuracy': 0.8184210526315789, 'f1_weighted': 0.8435068714551354, 'macro': 0.6843292297114177, 'micro': 0.8184210526315789, 'binary': 0.4785894206549119, 'accuracy_majority': 0.8421052631578947, 'macro_majority': 0.7313348416289593, 'binary_majority': 0.5588235294117647, 'run_time_millis': 1561.3106219971087, 'loss_mean': 0.11018448323011398}
Epoch 1 **** Loss 0.1019202247262001 **** Metrics validation: {'accuracy': 0.7008771929824561, 'f1_weighted': 0.7555240274599543, 'macro': 0.6034782608695652, 'micro': 0.7008771929824561, 'binary': 0.40695652173913044, 'accuracy_majority': 0.7315789473684211, 'macro_majority': 0.6470073949947178, 'binary_majority': 0.4742268041237113, 'run_time_millis': 2517.1310149962665, 'loss_mean': 0.10995598137378693}
Epoch 2 **** Loss 0.1286422163248062 **** Metrics validation: {'accuracy': 0.6850877192982456, 'f1_weighted': 0.7427838522107643, 'macro': 0.5935522122434873, 'micro': 0.6850877192982456, 'binary': 0.40066777963272115, 'accuracy_majority': 0.7052631578947368, 'macro_majority': 0.6247707716179998, 'binary_majority': 0.45098039215686275, 'run_time_millis': 2540.1541249957518, 'loss_mean': 0.10829266905784607}
Epoch 3 **** Loss 0.04704350233078003 **** Metrics validation: {'accuracy': 0.7640350877192983, 'f1_weighted': 0.8045519637076064, 'macro': 0.6498511644795211, 'micro': 0.7640350877192983, 'binary': 0.4498977505112475, 'accuracy_majority': 0.7947368421052632, 'macro_majority': 0.6994036753072898, 'binary_majority': 0.5301204819277108, 'run_time_millis': 2522.8886459954083, 'loss_mean': 0.12040209770202637}
Epoch 4 **** Loss 0.047627903521060944 **** Metrics validation: {'accuracy': 0.769298245614035, 'f1_weighted': 0.8091136900914634, 'macro': 0.659678702733626, 'micro': 0.769298245614035, 'binary': 0.4665314401622718, 'accuracy_majority': 0.8105263157894737, 'macro_majority': 0.7200851203142904, 'binary_majority': 0.5609756097560975, 'run_time_millis': 2521.957338001812, 'loss_mean': 0.10264413803815842}
Epoch 5 **** Loss 0.07812810689210892 **** Metrics validation: {'accuracy': 0.8377192982456141, 'f1_weighted': 0.8601389913971016, 'macro': 0.7178787801768709, 'micro': 0.8377192982456141, 'binary': 0.5340050377833753, 'accuracy_majority': 0.7842105263157895, 'macro_majority': 0.689332003988036, 'binary_majority': 0.5176470588235295, 'run_time_millis': 1935.5802650024998, 'loss_mean': 0.11598411947488785}
Epoch 6 **** Loss 0.05892280116677284 **** Metrics validation: {'accuracy': 0.8842105263157894, 'f1_weighted': 0.8935962674543502, 'macro': 0.760076530612245, 'micro': 0.8842105263157894, 'binary': 0.5875, 'accuracy_majority': 0.8473684210526315, 'macro_majority': 0.7372562109579897, 'binary_majority': 0.5671641791044776, 'run_time_millis': 2518.6679850012297, 'loss_mean': 0.15552935004234314}
Epoch 7 **** Loss 0.023879166692495346 **** Metrics validation: {'accuracy': 0.8552631578947368, 'f1_weighted': 0.8732110219906031, 'macro': 0.7355587077944808, 'micro': 0.8552631578947367, 'binary': 0.5576407506702412, 'accuracy_majority': 0.8105263157894737, 'macro_majority': 0.7149999999999999, 'binary_majority': 0.5499999999999999, 'run_time_millis': 2521.132531997864, 'loss_mean': 0.13000540435314178}
Epoch 8 **** Loss 0.021993985399603844 **** Metrics validation: {'accuracy': 0.875438596491228, 'f1_weighted': 0.8867275180959392, 'macro': 0.7484382284382285, 'micro': 0.875438596491228, 'binary': 0.5696969696969697, 'accuracy_majority': 0.8263157894736842, 'macro_majority': 0.7259016393442622, 'binary_majority': 0.5599999999999999, 'run_time_millis': 2528.7035060027847, 'loss_mean': 0.16594284772872925}
Epoch 9 **** Loss 0.02190854214131832 **** Metrics validation: {'accuracy': 0.8710526315789474, 'f1_weighted': 0.8837672925594752, 'macro': 0.7453187618826169, 'micro': 0.8710526315789474, 'binary': 0.5663716814159292, 'accuracy_majority': 0.8263157894736842, 'macro_majority': 0.7259016393442622, 'binary_majority': 0.5599999999999999, 'run_time_millis': 2170.1711830028216, 'loss_mean': 0.16922107338905334}
Evaluating
{'accuracy': 0.8842105263157894, 'f1_weighted': 0.8935962674543502, 'macro': 0.760076530612245, 'micro': 0.8842105263157894, 'binary': 0.5875, 'accuracy_majority': 0.8473684210526315, 'macro_majority': 0.7372562109579897, 'binary_majority': 0.5671641791044776, 'run_time_millis': 2117.6939020006103, 'loss_mean': 0.15552935004234314}
Device cuda
Split type sit
Training Size: 3078, NTA labels 2663, YTA labels 415
Validation Size: 1140, NTA labels 1011, YTA labels 129
Test Size: 1146, NTA labels 979, YTA labels 167
Training with SBERT, model name is sbert
Tokenizing the dataset
Number of training steps 970
Epoch 0 **** Loss 0.04343564435839653 **** Metrics validation: {'accuracy': 0.7596491228070176, 'f1_weighted': 0.8013797525740033, 'macro': 0.6480196881803307, 'micro': 0.7596491228070176, 'binary': 0.4497991967871485, 'accuracy_majority': 0.7947368421052632, 'macro_majority': 0.7044865403788634, 'binary_majority': 0.5411764705882353, 'run_time_millis': 2522.44393699948, 'loss_mean': 0.09673041105270386}
Epoch 1 **** Loss 0.14350108802318573 **** Metrics validation: {'accuracy': 0.7508771929824561, 'f1_weighted': 0.7947761929923792, 'macro': 0.642339507918552, 'micro': 0.750877192982456, 'binary': 0.44531249999999994, 'accuracy_majority': 0.7789473684210526, 'macro_majority': 0.6894458281444582, 'binary_majority': 0.5227272727272727, 'run_time_millis': 2517.813049002143, 'loss_mean': 0.097771555185318}
Epoch 2 **** Loss 0.029972076416015625 **** Metrics validation: {'accuracy': 0.8701754385964913, 'f1_weighted': 0.8826398558123704, 'macro': 0.7416960611405056, 'micro': 0.8701754385964913, 'binary': 0.5595238095238095, 'accuracy_majority': 0.8421052631578947, 'macro_majority': 0.7373271889400921, 'binary_majority': 0.5714285714285714, 'run_time_millis': 2274.5131740011857, 'loss_mean': 0.10733363032341003}
Epoch 3 **** Loss 0.04819281026721001 **** Metrics validation: {'accuracy': 0.8456140350877193, 'f1_weighted': 0.8656282766068095, 'macro': 0.7232689135436033, 'micro': 0.8456140350877194, 'binary': 0.5392670157068062, 'accuracy_majority': 0.7736842105263158, 'macro_majority': 0.6794947236279472, 'binary_majority': 0.5057471264367817, 'run_time_millis': 2532.93545699853, 'loss_mean': 0.10014331340789795}
Epoch 4 **** Loss 0.020289946347475052 **** Metrics validation: {'accuracy': 0.7219298245614035, 'f1_weighted': 0.7724778692361799, 'macro': 0.6243603429798583, 'micro': 0.7219298245614035, 'binary': 0.43291592128801426, 'accuracy_majority': 0.631578947368421, 'macro_majority': 0.565700104493208, 'binary_majority': 0.39655172413793105, 'run_time_millis': 1865.9013149954262, 'loss_mean': 0.11297289282083511}
Epoch 5 **** Loss 0.00637849560007453 **** Metrics validation: {'accuracy': 0.856140350877193, 'f1_weighted': 0.874256236649195, 'macro': 0.7388476667262651, 'micro': 0.856140350877193, 'binary': 0.5638297872340426, 'accuracy_majority': 0.8, 'macro_majority': 0.7045342936650842, 'binary_majority': 0.5365853658536585, 'run_time_millis': 2013.5587539989501, 'loss_mean': 0.11365155130624771}
Epoch 6 **** Loss 0.013070069253444672 **** Metrics validation: {'accuracy': 0.8263157894736842, 'f1_weighted': 0.851452087895492, 'macro': 0.7055954088952654, 'micro': 0.8263157894736841, 'binary': 0.5170731707317073, 'accuracy_majority': 0.7315789473684211, 'macro_majority': 0.6470073949947178, 'binary_majority': 0.4742268041237113, 'run_time_millis': 1680.0558579998324, 'loss_mean': 0.12105084955692291}
Epoch 7 **** Loss 0.10454744100570679 **** Metrics validation: {'accuracy': 0.8736842105263158, 'f1_weighted': 0.8858117516012253, 'macro': 0.7486772486772486, 'micro': 0.8736842105263158, 'binary': 0.5714285714285714, 'accuracy_majority': 0.8157894736842105, 'macro_majority': 0.7092896174863388, 'binary_majority': 0.5333333333333333, 'run_time_millis': 1511.1655140062794, 'loss_mean': 0.14335089921951294}
Epoch 8 **** Loss 0.004709719214588404 **** Metrics validation: {'accuracy': 0.8342105263157895, 'f1_weighted': 0.8576324803410253, 'macro': 0.7151623875806253, 'micro': 0.8342105263157894, 'binary': 0.5310173697270472, 'accuracy_majority': 0.7631578947368421, 'macro_majority': 0.674892581466976, 'binary_majority': 0.5054945054945055, 'run_time_millis': 2519.129533000523, 'loss_mean': 0.12883715331554413}
Epoch 9 **** Loss 0.047874804586172104 **** Metrics validation: {'accuracy': 0.8692982456140351, 'f1_weighted': 0.8826253231194154, 'macro': 0.7443372953577035, 'micro': 0.8692982456140351, 'binary': 0.565597667638484, 'accuracy_majority': 0.8263157894736842, 'macro_majority': 0.7259016393442622, 'binary_majority': 0.5599999999999999, 'run_time_millis': 2520.867626997642, 'loss_mean': 0.15016810595989227}
Evaluating
{'accuracy': 0.8736842105263158, 'f1_weighted': 0.8858117516012253, 'macro': 0.7486772486772486, 'micro': 0.8736842105263158, 'binary': 0.5714285714285714, 'accuracy_majority': 0.8157894736842105, 'macro_majority': 0.7092896174863388, 'binary_majority': 0.5333333333333333, 'run_time_millis': 2216.493936997722, 'loss_mean': 0.14335089921951294}
Device cuda
Split type sit
Training Size: 3420, NTA labels 2981, YTA labels 439
Validation Size: 1140, NTA labels 1011, YTA labels 129
Test Size: 1146, NTA labels 979, YTA labels 167
Training with SBERT, model name is sbert
Tokenizing the dataset
Number of training steps 1070
Epoch 0 **** Loss 0.13038016855716705 **** Metrics validation: {'accuracy': 0.6964912280701754, 'f1_weighted': 0.7520336667301493, 'macro': 0.6017624063065392, 'micro': 0.6964912280701754, 'binary': 0.40753424657534243, 'accuracy_majority': 0.7210526315789474, 'macro_majority': 0.6380171825011682, 'binary_majority': 0.46464646464646464, 'run_time_millis': 2114.0828920033528, 'loss_mean': 0.10502707958221436}
Epoch 1 **** Loss 0.03719458356499672 **** Metrics validation: {'accuracy': 0.8894736842105263, 'f1_weighted': 0.8982106903054764, 'macro': 0.7697767007097109, 'micro': 0.8894736842105263, 'binary': 0.6037735849056604, 'accuracy_majority': 0.8736842105263158, 'macro_majority': 0.768715763846622, 'binary_majority': 0.6129032258064516, 'run_time_millis': 1967.4631939997198, 'loss_mean': 0.10011813044548035}
Epoch 2 **** Loss 0.04474879056215286 **** Metrics validation: {'accuracy': 0.9017543859649123, 'f1_weighted': 0.9033431773850221, 'macro': 0.7632117741313313, 'micro': 0.9017543859649123, 'binary': 0.582089552238806, 'accuracy_majority': 0.8736842105263158, 'macro_majority': 0.7236363636363636, 'binary_majority': 0.52, 'run_time_millis': 2268.4936099976767, 'loss_mean': 0.12360095977783203}
Epoch 3 **** Loss 0.04526776820421219 **** Metrics validation: {'accuracy': 0.862280701754386, 'f1_weighted': 0.8789948829009898, 'macro': 0.7461849029793282, 'micro': 0.862280701754386, 'binary': 0.5745257452574526, 'accuracy_majority': 0.8473684210526315, 'macro_majority': 0.7372562109579897, 'binary_majority': 0.5671641791044776, 'run_time_millis': 2523.328194001806, 'loss_mean': 0.09689327329397202}
Epoch 4 **** Loss 0.03014734946191311 **** Metrics validation: {'accuracy': 0.875438596491228, 'f1_weighted': 0.888644399604709, 'macro': 0.7592275290925966, 'micro': 0.875438596491228, 'binary': 0.5919540229885057, 'accuracy_majority': 0.8526315789473684, 'macro_majority': 0.7432928006176414, 'binary_majority': 0.5757575757575758, 'run_time_millis': 2520.312225999078, 'loss_mean': 0.11153437197208405}
Epoch 5 **** Loss 0.06073286756873131 **** Metrics validation: {'accuracy': 0.7578947368421053, 'f1_weighted': 0.8005571453024528, 'macro': 0.652414451357466, 'micro': 0.7578947368421053, 'binary': 0.4609375, 'accuracy_majority': 0.7157894736842105, 'macro_majority': 0.6335714285714286, 'binary_majority': 0.45999999999999996, 'run_time_millis': 2525.5877370000235, 'loss_mean': 0.09827225655317307}
Epoch 6 **** Loss 0.031533993780612946 **** Metrics validation: {'accuracy': 0.8692982456140351, 'f1_weighted': 0.8848044410894902, 'macro': 0.7569870167030295, 'micro': 0.8692982456140351, 'binary': 0.5917808219178082, 'accuracy_majority': 0.8421052631578947, 'macro_majority': 0.7482776894541601, 'binary_majority': 0.5945945945945946, 'run_time_millis': 2524.8671529989224, 'loss_mean': 0.12288032472133636}
Epoch 7 **** Loss 0.054554764181375504 **** Metrics validation: {'accuracy': 0.856140350877193, 'f1_weighted': 0.8746149584487535, 'macro': 0.7410526315789474, 'micro': 0.856140350877193, 'binary': 0.568421052631579, 'accuracy_majority': 0.8473684210526315, 'macro_majority': 0.7488490815442819, 'binary_majority': 0.5915492957746479, 'run_time_millis': 2521.1311120001483, 'loss_mean': 0.13162636756896973}
Epoch 8 **** Loss 0.017973080277442932 **** Metrics validation: {'accuracy': 0.8692982456140351, 'f1_weighted': 0.8838616772404764, 'macro': 0.7514395463691239, 'micro': 0.8692982456140351, 'binary': 0.5802816901408451, 'accuracy_majority': 0.8368421052631579, 'macro_majority': 0.7123321123321122, 'binary_majority': 0.523076923076923, 'run_time_millis': 2526.153587998124, 'loss_mean': 0.1492365300655365}
Epoch 9 **** Loss 0.02368980087339878 **** Metrics validation: {'accuracy': 0.8666666666666667, 'f1_weighted': 0.8818200315081475, 'macro': 0.7481673536062877, 'micro': 0.8666666666666667, 'binary': 0.5754189944134078, 'accuracy_majority': 0.8368421052631579, 'macro_majority': 0.7123321123321122, 'binary_majority': 0.523076923076923, 'run_time_millis': 2440.3641099997913, 'loss_mean': 0.14657972753047943}
Evaluating
{'accuracy': 0.9017543859649123, 'f1_weighted': 0.9033431773850221, 'macro': 0.7632117741313313, 'micro': 0.9017543859649123, 'binary': 0.582089552238806, 'accuracy_majority': 0.8736842105263158, 'macro_majority': 0.7236363636363636, 'binary_majority': 0.52, 'run_time_millis': 2523.9032250028686, 'loss_mean': 0.12360095977783203}
