Device cuda
Split type sit
Training Size: 4864, NTA labels 4057, YTA labels 807
Validation Size: 1655, NTA labels 1421, YTA labels 234
Test Size: 1644, NTA labels 1415, YTA labels 229
Training with SBERT, model name is sbert
Tokenizing the dataset
Number of training steps 1520
Epoch 0 **** Loss 0.08484841883182526 **** Metrics validation: {'accuracy': 0.9148036253776435, 'f1_weighted': 0.9169802285170184, 'macro': 0.8336373921803051, 'micro': 0.9148036253776435, 'binary': 0.7174348697394788, 'accuracy_majority': 0.9182389937106918, 'macro_majority': 0.8610606977213148, 'binary_majority': 0.7719298245614036, 'run_time_millis': 3383.767269002419, 'loss_mean': 0.11587080359458923}
Epoch 1 **** Loss 0.13232773542404175 **** Metrics validation: {'accuracy': 0.854380664652568, 'f1_weighted': 0.8694191333801533, 'macro': 0.7674153483536176, 'micro': 0.854380664652568, 'binary': 0.6251944012441679, 'accuracy_majority': 0.869182389937107, 'macro_majority': 0.8110361472217651, 'binary_majority': 0.7062146892655367, 'run_time_millis': 3393.3413380000275, 'loss_mean': 0.10133450478315353}
Epoch 2 **** Loss 0.05782505124807358 **** Metrics validation: {'accuracy': 0.827190332326284, 'f1_weighted': 0.8478632917267499, 'macro': 0.7392845182384615, 'micro': 0.827190332326284, 'binary': 0.5878962536023054, 'accuracy_majority': 0.8440251572327044, 'macro_majority': 0.7848237204672848, 'binary_majority': 0.671957671957672, 'run_time_millis': 3411.330741997517, 'loss_mean': 0.10902939736843109}
Epoch 3 **** Loss 0.0846264660358429 **** Metrics validation: {'accuracy': 0.8900302114803625, 'f1_weighted': 0.8973461216033407, 'macro': 0.8049632990929669, 'micro': 0.8900302114803625, 'binary': 0.6761565836298932, 'accuracy_majority': 0.9018867924528302, 'macro_majority': 0.845231915021065, 'binary_majority': 0.751592356687898, 'run_time_millis': 3382.572815000458, 'loss_mean': 0.15071000158786774}
Epoch 4 **** Loss 0.06273595988750458 **** Metrics validation: {'accuracy': 0.888821752265861, 'f1_weighted': 0.8964613983904495, 'macro': 0.8039281335956897, 'micro': 0.888821752265861, 'binary': 0.6749116607773852, 'accuracy_majority': 0.9018867924528302, 'macro_majority': 0.845231915021065, 'binary_majority': 0.751592356687898, 'run_time_millis': 3392.9535140014195, 'loss_mean': 0.17273616790771484}
Epoch 5 **** Loss 0.08079027384519577 **** Metrics validation: {'accuracy': 0.888821752265861, 'f1_weighted': 0.8957164720010463, 'macro': 0.8005533054235459, 'micro': 0.888821752265861, 'binary': 0.6678700361010831, 'accuracy_majority': 0.8943396226415095, 'macro_majority': 0.8325207656193571, 'binary_majority': 0.7307692307692306, 'run_time_millis': 3397.7796780018252, 'loss_mean': 0.18071192502975464}
Epoch 6 **** Loss 0.021597104147076607 **** Metrics validation: {'accuracy': 0.8870090634441088, 'f1_weighted': 0.8943371933018078, 'macro': 0.7987493895535791, 'micro': 0.8870090634441088, 'binary': 0.6654740608228981, 'accuracy_majority': 0.8955974842767296, 'macro_majority': 0.8349140982884706, 'binary_majority': 0.7348242811501597, 'run_time_millis': 3387.2792689980997, 'loss_mean': 0.1952456533908844}
Epoch 7 **** Loss 0.01836329698562622 **** Metrics validation: {'accuracy': 0.8755287009063444, 'f1_weighted': 0.8854861808605297, 'macro': 0.786990108313715, 'micro': 0.8755287009063444, 'binary': 0.6496598639455782, 'accuracy_majority': 0.8880503144654088, 'macro_majority': 0.8278990574642748, 'binary_majority': 0.7261538461538461, 'run_time_millis': 3416.021124998224, 'loss_mean': 0.17684394121170044}
Epoch 8 **** Loss 0.022346116602420807 **** Metrics validation: {'accuracy': 0.9027190332326284, 'f1_weighted': 0.9066099253657058, 'macro': 0.816051318268395, 'micro': 0.9027190332326283, 'binary': 0.6897880539499036, 'accuracy_majority': 0.9081761006289308, 'macro_majority': 0.8464719093989825, 'binary_majority': 0.7491408934707903, 'run_time_millis': 3387.3354289971758, 'loss_mean': 0.22401879727840424}
Epoch 9 **** Loss 0.02758568897843361 **** Metrics validation: {'accuracy': 0.8966767371601209, 'f1_weighted': 0.9016349127752011, 'macro': 0.8082165880910704, 'micro': 0.8966767371601209, 'binary': 0.6779661016949152, 'accuracy_majority': 0.9031446540880503, 'macro_majority': 0.8405946549798058, 'binary_majority': 0.7407407407407406, 'run_time_millis': 3389.0644590028387, 'loss_mean': 0.21915188431739807}
Evaluating
{'accuracy': 0.9148036253776435, 'f1_weighted': 0.9169802285170184, 'macro': 0.8336373921803051, 'micro': 0.9148036253776435, 'binary': 0.7174348697394788, 'accuracy_majority': 0.9182389937106918, 'macro_majority': 0.8610606977213148, 'binary_majority': 0.7719298245614036, 'run_time_millis': 2376.8162350024795, 'loss_mean': 0.11587080359458923}
