Device cuda
Split type sit
Training Size: 73581, NTA labels 72079, YTA labels 1502
Validation Size: 24409, NTA labels 23840, YTA labels 569
Test Size: 24649, NTA labels 24098, YTA labels 551
Training with SBERT, model name is sbert
Tokenizing the dataset
Number of training steps 23000
Epoch 0 **** Loss 0.006977478042244911 **** Metrics validation: {'accuracy': 0.9603834651153264, 'f1_weighted': 0.9666882030379921, 'macro': 0.70515958236357, 'micro': 0.9603834651153264, 'binary': 0.43084167157151265, 'accuracy_majority': 0.9632715219922959, 'macro_majority': 0.7416795953955062, 'binary_majority': 0.5024271844660194, 'run_time_millis': 11875.074689043686, 'loss_mean': 0.03281711786985397}
Epoch 1 **** Loss 0.003708244999870658 **** Metrics validation: {'accuracy': 0.9651767790569052, 'f1_weighted': 0.9694119676621819, 'macro': 0.7114091560564484, 'micro': 0.9651767790569052, 'binary': 0.44078947368421056, 'accuracy_majority': 0.9670339514467438, 'macro_majority': 0.7434967301325331, 'binary_majority': 0.5040431266846362, 'run_time_millis': 11851.692210067995, 'loss_mean': 0.03508470207452774}
Epoch 2 **** Loss 0.002045650267973542 **** Metrics validation: {'accuracy': 0.9553033717071572, 'f1_weighted': 0.9636141075103303, 'macro': 0.6946306125511611, 'micro': 0.9553033717071572, 'binary': 0.4124932687129779, 'accuracy_majority': 0.9570008062348832, 'macro_majority': 0.7227222221302259, 'binary_majority': 0.46784922394678485, 'run_time_millis': 11853.190553956665, 'loss_mean': 0.035786230117082596}
Epoch 3 **** Loss 0.0030006805900484324 **** Metrics validation: {'accuracy': 0.9558359621451105, 'f1_weighted': 0.9639446316881851, 'macro': 0.6959093349028275, 'micro': 0.9558359621451105, 'binary': 0.4147665580890337, 'accuracy_majority': 0.958344531040043, 'macro_majority': 0.7270357738189361, 'binary_majority': 0.47576099210823003, 'run_time_millis': 11838.040044996887, 'loss_mean': 0.04040263220667839}
Epoch 4 **** Loss 0.0006015216349624097 **** Metrics validation: {'accuracy': 0.960793150067598, 'f1_weighted': 0.9669443396626126, 'macro': 0.7062078495613576, 'micro': 0.960793150067598, 'binary': 0.4327208061647896, 'accuracy_majority': 0.9629131953775867, 'macro_majority': 0.7367000984494216, 'binary_majority': 0.4926470588235295, 'run_time_millis': 11830.821643932723, 'loss_mean': 0.044984541833400726}
Epoch 5 **** Loss 0.12289691716432571 **** Metrics validation: {'accuracy': 0.9614486459912327, 'f1_weighted': 0.9673342837763033, 'macro': 0.7074392612025425, 'micro': 0.9614486459912327, 'binary': 0.4348348348348348, 'accuracy_majority': 0.9632715219922959, 'macro_majority': 0.7367602210076942, 'binary_majority': 0.49257425742574257, 'run_time_millis': 11827.987166005187, 'loss_mean': 0.05307626351714134}
Epoch 6 **** Loss 0.00038996522198431194 **** Metrics validation: {'accuracy': 0.9541152853455692, 'f1_weighted': 0.9627660347855669, 'macro': 0.6892448524239058, 'micro': 0.9541152853455692, 'binary': 0.40234791889007465, 'accuracy_majority': 0.9568216429275285, 'macro_majority': 0.720378868603534, 'binary_majority': 0.46325167037861914, 'run_time_millis': 11854.398855939507, 'loss_mean': 0.051629871129989624}
Epoch 7 **** Loss 0.03573223575949669 **** Metrics validation: {'accuracy': 0.9584579458396493, 'f1_weighted': 0.9653045816528941, 'macro': 0.6961693417711077, 'micro': 0.9584579458396493, 'binary': 0.4138728323699422, 'accuracy_majority': 0.9604049090746215, 'macro_majority': 0.7253620800594913, 'binary_majority': 0.47129186602870815, 'run_time_millis': 11793.486775946803, 'loss_mean': 0.060387738049030304}
Epoch 8 **** Loss 4.156525756116025e-05 **** Metrics validation: {'accuracy': 0.9646032201237249, 'f1_weighted': 0.9690564498249339, 'macro': 0.7099786788828527, 'micro': 0.9646032201237249, 'binary': 0.43823146944083224, 'accuracy_majority': 0.9664068798710024, 'macro_majority': 0.7423045961059116, 'binary_majority': 0.50199203187251, 'run_time_millis': 11823.753913980909, 'loss_mean': 0.06857404112815857}
Epoch 9 **** Loss 7.51678308006376e-05 **** Metrics validation: {'accuracy': 0.9639886926953173, 'f1_weighted': 0.9687066976658453, 'macro': 0.7091495022304808, 'micro': 0.9639886926953173, 'binary': 0.4368994234465087, 'accuracy_majority': 0.9655110633342292, 'macro_majority': 0.7381168627195293, 'binary_majority': 0.4940867279894875, 'run_time_millis': 11787.195133976638, 'loss_mean': 0.06822194904088974}
Evaluating
{'accuracy': 0.9651767790569052, 'f1_weighted': 0.9694119676621819, 'macro': 0.7114091560564484, 'micro': 0.9651767790569052, 'binary': 0.44078947368421056, 'accuracy_majority': 0.9670339514467438, 'macro_majority': 0.7434967301325331, 'binary_majority': 0.5040431266846362, 'run_time_millis': 11836.505850078538, 'loss_mean': 0.03508470207452774}
