______________________________	 Running Epoch 1 of 10 	______________________________
[Training] Itteration/Batch:   0/396: Loss: 0.64 | Accuracy: 0.88
[Training] Itteration/Batch:  25/396: Loss: 0.04 | Accuracy: 1.00
[Training] Itteration/Batch:  50/396: Loss: 0.01 | Accuracy: 1.00
[Training] Itteration/Batch:  75/396: Loss: 0.00 | Accuracy: 1.00
[Training] Itteration/Batch: 100/396: Loss: 0.00 | Accuracy: 1.00
[Training] Itteration/Batch: 125/396: Loss: 0.00 | Accuracy: 1.00
[Training] Itteration/Batch: 150/396: Loss: 0.00 | Accuracy: 1.00
[Training] Itteration/Batch: 175/396: Loss: 0.00 | Accuracy: 1.00
[Training] Itteration/Batch: 200/396: Loss: 0.00 | Accuracy: 1.00
[Training] Itteration/Batch: 225/396: Loss: 0.00 | Accuracy: 1.00
[Training] Itteration/Batch: 250/396: Loss: 0.00 | Accuracy: 1.00
[Training] Itteration/Batch: 275/396: Loss: 0.00 | Accuracy: 1.00
[Training] Itteration/Batch: 300/396: Loss: 0.00 | Accuracy: 1.00
[Training] Itteration/Batch: 325/396: Loss: 0.00 | Accuracy: 1.00
[Training] Itteration/Batch: 350/396: Loss: 0.00 | Accuracy: 1.00
[Training] Itteration/Batch: 375/396: Loss: 0.00 | Accuracy: 1.00

Epoch 1: Val Bin. F1 Majority 0.0 | Val Macro F1 Majority 1.0 |             Val Bin F1 Individual 0.0 | Val Macro F1 Individual 1.0 |             Val Accuracy Majority 1.0 | Val Accuracy Individual 1.0 | Training Loss:0.017002088949084282 |             Val Loss 0.000627026311121881 | Train Runtime Millis 28701.563010999962 | Val Runtime Millis 4705.661787000281

______________________________	 Running Epoch 2 of 10 	______________________________
[Training] Itteration/Batch:   0/396: Loss: 0.00 | Accuracy: 1.00
[Training] Itteration/Batch:  25/396: Loss: 0.00 | Accuracy: 1.00
[Training] Itteration/Batch:  50/396: Loss: 0.00 | Accuracy: 1.00
[Training] Itteration/Batch:  75/396: Loss: 0.00 | Accuracy: 1.00
[Training] Itteration/Batch: 100/396: Loss: 0.00 | Accuracy: 1.00
[Training] Itteration/Batch: 125/396: Loss: 0.00 | Accuracy: 1.00
[Training] Itteration/Batch: 150/396: Loss: 0.00 | Accuracy: 1.00
[Training] Itteration/Batch: 175/396: Loss: 0.00 | Accuracy: 1.00
[Training] Itteration/Batch: 200/396: Loss: 0.00 | Accuracy: 1.00
[Training] Itteration/Batch: 225/396: Loss: 0.00 | Accuracy: 1.00
[Training] Itteration/Batch: 250/396: Loss: 0.00 | Accuracy: 1.00
[Training] Itteration/Batch: 275/396: Loss: 0.00 | Accuracy: 1.00
[Training] Itteration/Batch: 300/396: Loss: 0.00 | Accuracy: 1.00
[Training] Itteration/Batch: 325/396: Loss: 0.00 | Accuracy: 1.00
[Training] Itteration/Batch: 350/396: Loss: 0.00 | Accuracy: 1.00
[Training] Itteration/Batch: 375/396: Loss: 0.00 | Accuracy: 1.00

Epoch 2: Val Bin. F1 Majority 0.0 | Val Macro F1 Majority 1.0 |             Val Bin F1 Individual 0.0 | Val Macro F1 Individual 1.0 |             Val Accuracy Majority 1.0 | Val Accuracy Individual 1.0 | Training Loss:0.0005359775386750698 |             Val Loss 0.0003401565772946924 | Train Runtime Millis 28140.385360002256 | Val Runtime Millis 4673.159125002712

______________________________	 Running Epoch 3 of 10 	______________________________
[Training] Itteration/Batch:   0/396: Loss: 0.00 | Accuracy: 1.00
[Training] Itteration/Batch:  25/396: Loss: 0.00 | Accuracy: 1.00
[Training] Itteration/Batch:  50/396: Loss: 0.00 | Accuracy: 1.00
[Training] Itteration/Batch:  75/396: Loss: 0.00 | Accuracy: 1.00
[Training] Itteration/Batch: 100/396: Loss: 0.00 | Accuracy: 1.00
[Training] Itteration/Batch: 125/396: Loss: 0.00 | Accuracy: 1.00
[Training] Itteration/Batch: 150/396: Loss: 0.00 | Accuracy: 1.00
[Training] Itteration/Batch: 175/396: Loss: 0.00 | Accuracy: 1.00
[Training] Itteration/Batch: 200/396: Loss: 0.00 | Accuracy: 1.00
[Training] Itteration/Batch: 225/396: Loss: 0.00 | Accuracy: 1.00
[Training] Itteration/Batch: 250/396: Loss: 0.00 | Accuracy: 1.00
[Training] Itteration/Batch: 275/396: Loss: 0.00 | Accuracy: 1.00
[Training] Itteration/Batch: 300/396: Loss: 0.00 | Accuracy: 1.00
[Training] Itteration/Batch: 325/396: Loss: 0.00 | Accuracy: 1.00
[Training] Itteration/Batch: 350/396: Loss: 0.00 | Accuracy: 1.00
[Training] Itteration/Batch: 375/396: Loss: 0.00 | Accuracy: 1.00

Epoch 3: Val Bin. F1 Majority 0.0 | Val Macro F1 Majority 1.0 |             Val Bin F1 Individual 0.0 | Val Macro F1 Individual 1.0 |             Val Accuracy Majority 1.0 | Val Accuracy Individual 1.0 | Training Loss:0.00032483250834047794 |             Val Loss 0.00023653665266465396 | Train Runtime Millis 28157.08670299864 | Val Runtime Millis 4671.780583001237

______________________________	 Running Epoch 4 of 10 	______________________________
[Training] Itteration/Batch:   0/396: Loss: 0.00 | Accuracy: 1.00
[Training] Itteration/Batch:  25/396: Loss: 0.00 | Accuracy: 1.00
[Training] Itteration/Batch:  50/396: Loss: 0.00 | Accuracy: 1.00
[Training] Itteration/Batch:  75/396: Loss: 0.00 | Accuracy: 1.00
[Training] Itteration/Batch: 100/396: Loss: 0.00 | Accuracy: 1.00
[Training] Itteration/Batch: 125/396: Loss: 0.00 | Accuracy: 1.00
[Training] Itteration/Batch: 150/396: Loss: 0.00 | Accuracy: 1.00
[Training] Itteration/Batch: 175/396: Loss: 0.00 | Accuracy: 1.00
[Training] Itteration/Batch: 200/396: Loss: 0.00 | Accuracy: 1.00
[Training] Itteration/Batch: 225/396: Loss: 0.00 | Accuracy: 1.00
[Training] Itteration/Batch: 250/396: Loss: 0.00 | Accuracy: 1.00
[Training] Itteration/Batch: 275/396: Loss: 0.00 | Accuracy: 1.00
[Training] Itteration/Batch: 300/396: Loss: 0.00 | Accuracy: 1.00
[Training] Itteration/Batch: 325/396: Loss: 0.00 | Accuracy: 1.00
[Training] Itteration/Batch: 350/396: Loss: 0.00 | Accuracy: 1.00
[Training] Itteration/Batch: 375/396: Loss: 0.00 | Accuracy: 1.00

Epoch 4: Val Bin. F1 Majority 0.0 | Val Macro F1 Majority 1.0 |             Val Bin F1 Individual 0.0 | Val Macro F1 Individual 1.0 |             Val Accuracy Majority 1.0 | Val Accuracy Individual 1.0 | Training Loss:0.0002350815775571391 |             Val Loss 0.0001802249753382057 | Train Runtime Millis 28283.192746999703 | Val Runtime Millis 4676.847766000719

______________________________	 Running Epoch 5 of 10 	______________________________
[Training] Itteration/Batch:   0/396: Loss: 0.00 | Accuracy: 1.00
[Training] Itteration/Batch:  25/396: Loss: 0.00 | Accuracy: 1.00
[Training] Itteration/Batch:  50/396: Loss: 0.00 | Accuracy: 1.00
[Training] Itteration/Batch:  75/396: Loss: 0.00 | Accuracy: 1.00
[Training] Itteration/Batch: 100/396: Loss: 0.00 | Accuracy: 1.00
[Training] Itteration/Batch: 125/396: Loss: 0.00 | Accuracy: 1.00
[Training] Itteration/Batch: 150/396: Loss: 0.00 | Accuracy: 1.00
[Training] Itteration/Batch: 175/396: Loss: 0.00 | Accuracy: 1.00
[Training] Itteration/Batch: 200/396: Loss: 0.00 | Accuracy: 1.00
[Training] Itteration/Batch: 225/396: Loss: 0.00 | Accuracy: 1.00
[Training] Itteration/Batch: 250/396: Loss: 0.00 | Accuracy: 1.00
[Training] Itteration/Batch: 275/396: Loss: 0.00 | Accuracy: 1.00
[Training] Itteration/Batch: 300/396: Loss: 0.00 | Accuracy: 1.00
[Training] Itteration/Batch: 325/396: Loss: 0.00 | Accuracy: 1.00
[Training] Itteration/Batch: 350/396: Loss: 0.00 | Accuracy: 1.00
[Training] Itteration/Batch: 375/396: Loss: 0.00 | Accuracy: 1.00

Epoch 5: Val Bin. F1 Majority 0.0 | Val Macro F1 Majority 1.0 |             Val Bin F1 Individual 0.0 | Val Macro F1 Individual 1.0 |             Val Accuracy Majority 1.0 | Val Accuracy Individual 1.0 | Training Loss:0.00018218102923128754 |             Val Loss 0.00014629843644797802 | Train Runtime Millis 28177.88596399987 | Val Runtime Millis 4684.037813000032

