Device cuda
DATASET: GE'sadness, MODEL: sbertbase, 
Split type sit
DATASET: GE'sadness, MODEL: sbertbase, PERCENTAGE: 0.8, NUM_COMMENTS_PER_ANNO: 2348
Training Size: 32872, NTA labels 31962, YTA labels 910
Validation Size: 17384, NTA labels 16949, YTA labels 435
Test Size: 17386, NTA labels 16837, YTA labels 549
Training with SBERT, model name is sbert
Tokenizing the dataset
Number of training steps 10280
Epoch 0 **** Loss 0.04724179208278656 **** Metrics validation: {'accuracy': 0.9327542567878508, 'f1_weighted': 0.9486367983093942, 'macro': 0.6454179651454999, 'micro': 0.9327542567878508, 'binary': 0.3262247838616714, 'accuracy_majority': 0.9319430315361139, 'macro_majority': 0.6600922334109105, 'binary_majority': 0.35611164581328203, 'run_time_millis': 8105.382615001872, 'loss_mean': 0.03382660076022148}
Epoch 1 **** Loss 0.025249173864722252 **** Metrics validation: {'accuracy': 0.9386792452830188, 'f1_weighted': 0.952161687307103, 'macro': 0.6545025327807266, 'micro': 0.9386792452830188, 'binary': 0.3411619283065513, 'accuracy_majority': 0.9381485249237029, 'macro_majority': 0.6716161458764878, 'binary_majority': 0.3757700205338809, 'run_time_millis': 8097.5583370018285, 'loss_mean': 0.038232479244470596}
Epoch 2 **** Loss 0.0095583600923419 **** Metrics validation: {'accuracy': 0.921134376438104, 'f1_weighted': 0.9416997033463328, 'macro': 0.6281116991335076, 'micro': 0.921134376438104, 'binary': 0.2980030721966206, 'accuracy_majority': 0.9199389623601221, 'macro_majority': 0.6409557391105588, 'binary_majority': 0.3244635193133047, 'run_time_millis': 8093.103940002038, 'loss_mean': 0.04434997960925102}
Epoch 3 **** Loss 0.008989350870251656 **** Metrics validation: {'accuracy': 0.9344224574321215, 'f1_weighted': 0.9495189720269852, 'macro': 0.6454898963933554, 'micro': 0.9344224574321215, 'binary': 0.3254437869822485, 'accuracy_majority': 0.9335707019328586, 'macro_majority': 0.6589065256294231, 'binary_majority': 0.352824578790882, 'run_time_millis': 6076.054695993662, 'loss_mean': 0.055151671171188354}
Epoch 4 **** Loss 7.08963125362061e-05 **** Metrics validation: {'accuracy': 0.9524275195582145, 'f1_weighted': 0.9597909762737128, 'macro': 0.6653596828118731, 'micro': 0.9524275195582145, 'binary': 0.35541699142634453, 'accuracy_majority': 0.9514750762970499, 'macro_majority': 0.6843133441068774, 'binary_majority': 0.39390088945362134, 'run_time_millis': 7083.816058002412, 'loss_mean': 0.07609177380800247}
Epoch 5 **** Loss 0.05348465219140053 **** Metrics validation: {'accuracy': 0.9432811780947998, 'f1_weighted': 0.9545328557564198, 'macro': 0.6538690937758478, 'micro': 0.9432811780947999, 'binary': 0.33736559139784944, 'accuracy_majority': 0.9429298067141404, 'macro_majority': 0.6716441372042031, 'binary_majority': 0.3731843575418995, 'run_time_millis': 8119.881690989132, 'loss_mean': 0.07751654833555222}
Epoch 6 **** Loss 0.00045431189937517047 **** Metrics validation: {'accuracy': 0.9508168430740911, 'f1_weighted': 0.9587414786499802, 'macro': 0.6606379891278178, 'micro': 0.9508168430740911, 'binary': 0.346829640947288, 'accuracy_majority': 0.9501525940996948, 'macro_majority': 0.678449443656855, 'binary_majority': 0.38287153652392947, 'run_time_millis': 8094.958089001011, 'loss_mean': 0.09147472679615021}
Epoch 7 **** Loss 0.009489168412983418 **** Metrics validation: {'accuracy': 0.9562241141279337, 'f1_weighted': 0.9615476057342685, 'macro': 0.6615061709662979, 'micro': 0.9562241141279337, 'binary': 0.34565778159931215, 'accuracy_majority': 0.9555442522889115, 'macro_majority': 0.6811554057419208, 'binary_majority': 0.3853727144866385, 'run_time_millis': 7079.052626999328, 'loss_mean': 0.10501600801944733}
Epoch 8 **** Loss 0.0005326411337591708 **** Metrics validation: {'accuracy': 0.9568568798895536, 'f1_weighted': 0.9619833969311624, 'macro': 0.6638872616314136, 'micro': 0.9568568798895536, 'binary': 0.3500866551126517, 'accuracy_majority': 0.9559511698880977, 'macro_majority': 0.6814860129721194, 'binary_majority': 0.38581560283687943, 'run_time_millis': 8094.868237996707, 'loss_mean': 0.10891127586364746}
Epoch 9 **** Loss 2.066713568638079e-05 **** Metrics validation: {'accuracy': 0.9570869765301426, 'f1_weighted': 0.9619690153420992, 'macro': 0.6611406983993598, 'micro': 0.9570869765301426, 'binary': 0.3444639718804921, 'accuracy_majority': 0.9561546286876907, 'macro_majority': 0.6803369977332435, 'binary_majority': 0.38340486409155944, 'run_time_millis': 8097.171526998864, 'loss_mean': 0.1109432578086853}
Evaluating
{'accuracy': 0.9568568798895536, 'f1_weighted': 0.9619833969311624, 'macro': 0.6638872616314136, 'micro': 0.9568568798895536, 'binary': 0.3500866551126517, 'accuracy_majority': 0.9559511698880977, 'macro_majority': 0.6814860129721194, 'binary_majority': 0.38581560283687943, 'run_time_millis': 8089.872675991501, 'loss_mean': 0.10891127586364746}
Device cuda
DATASET: GE'sadness, MODEL: sbertbase, 
Split type sit
DATASET: GE'sadness, MODEL: sbertbase, PERCENTAGE: 0.9, NUM_COMMENTS_PER_ANNO: 2642
Training Size: 36988, NTA labels 35959, YTA labels 1029
Validation Size: 17384, NTA labels 16949, YTA labels 435
Test Size: 17386, NTA labels 16837, YTA labels 549
Training with SBERT, model name is sbert
Tokenizing the dataset
Number of training steps 11560
Epoch 0 **** Loss 0.03223758563399315 **** Metrics validation: {'accuracy': 0.8941555453290382, 'f1_weighted': 0.9259762010979494, 'macro': 0.6031959127884892, 'micro': 0.8941555453290382, 'binary': 0.2634107285828663, 'accuracy_majority': 0.8945066124109867, 'macro_majority': 0.6190124547302795, 'binary_majority': 0.29503738953093134, 'run_time_millis': 8082.605353993131, 'loss_mean': 0.038033172488212585}
Epoch 1 **** Loss 0.016425689682364464 **** Metrics validation: {'accuracy': 0.9342498849516797, 'f1_weighted': 0.9495020711434637, 'macro': 0.6471315996295132, 'micro': 0.9342498849516796, 'binary': 0.32883147386964184, 'accuracy_majority': 0.9335707019328586, 'macro_majority': 0.6633217507233296, 'binary_majority': 0.3616813294232649, 'run_time_millis': 8089.104468992446, 'loss_mean': 0.03651483356952667}
Epoch 2 **** Loss 0.012856123968958855 **** Metrics validation: {'accuracy': 0.9271744132535665, 'f1_weighted': 0.9453140490109104, 'macro': 0.6371268629031125, 'micro': 0.9271744132535665, 'binary': 0.3127035830618892, 'accuracy_majority': 0.9279755849440489, 'macro_majority': 0.6579381331420834, 'binary_majority': 0.354014598540146, 'run_time_millis': 8095.3609730058815, 'loss_mean': 0.046101536601781845}
Epoch 3 **** Loss 0.02075413428246975 **** Metrics validation: {'accuracy': 0.9445467096180395, 'f1_weighted': 0.9551759231854718, 'macro': 0.6535765540229679, 'micro': 0.9445467096180395, 'binary': 0.3360881542699724, 'accuracy_majority': 0.9446592065106816, 'macro_majority': 0.6735960685426771, 'binary_majority': 0.37614678899082565, 'run_time_millis': 6077.120295012719, 'loss_mean': 0.06087220460176468}
Epoch 4 **** Loss 0.04004785791039467 **** Metrics validation: {'accuracy': 0.9398872526461114, 'f1_weighted': 0.952266165012306, 'macro': 0.6429993589376629, 'micro': 0.9398872526461114, 'binary': 0.31743958197256694, 'accuracy_majority': 0.9406917599186165, 'macro_majority': 0.6665631214061101, 'binary_majority': 0.36423118865866955, 'run_time_millis': 8094.203501997981, 'loss_mean': 0.06720677763223648}
Epoch 5 **** Loss 0.00142049347050488 **** Metrics validation: {'accuracy': 0.9461573861021629, 'f1_weighted': 0.9561406466762241, 'macro': 0.6563887100943191, 'micro': 0.9461573861021629, 'binary': 0.34084507042253526, 'accuracy_majority': 0.9463886063072228, 'macro_majority': 0.680651562270082, 'binary_majority': 0.3893395133256084, 'run_time_millis': 8091.497729008552, 'loss_mean': 0.08490382134914398}
Epoch 6 **** Loss 0.01533624529838562 **** Metrics validation: {'accuracy': 0.9530027611596871, 'f1_weighted': 0.9599904646820775, 'macro': 0.663345385070875, 'micro': 0.9530027611596871, 'binary': 0.35107227958697373, 'accuracy_majority': 0.9524923702950152, 'macro_majority': 0.6832080699300825, 'binary_majority': 0.39113428943937417, 'run_time_millis': 8097.651522009983, 'loss_mean': 0.1006830707192421}
Epoch 7 **** Loss 0.007129903882741928 **** Metrics validation: {'accuracy': 0.9511044638748274, 'f1_weighted': 0.9589241539993735, 'macro': 0.6613795394446408, 'micro': 0.9511044638748274, 'binary': 0.34815950920245403, 'accuracy_majority': 0.9504577822990844, 'macro_majority': 0.6808031911612966, 'binary_majority': 0.3874213836477987, 'run_time_millis': 8223.801465006545, 'loss_mean': 0.10177872329950333}
Epoch 8 **** Loss 0.00041480016079731286 **** Metrics validation: {'accuracy': 0.9556488725264611, 'f1_weighted': 0.9612831648263884, 'macro': 0.6621040553697959, 'micro': 0.9556488725264611, 'binary': 0.3471634208298052, 'accuracy_majority': 0.9550356052899288, 'macro_majority': 0.6822361582876212, 'binary_majority': 0.38781163434903043, 'run_time_millis': 8091.571919998387, 'loss_mean': 0.11317487061023712}
Epoch 9 **** Loss 0.013624489307403564 **** Metrics validation: {'accuracy': 0.9548435342843995, 'f1_weighted': 0.9608951118700771, 'macro': 0.6625794335122294, 'micro': 0.9548435342843995, 'binary': 0.34854771784232363, 'accuracy_majority': 0.954323499491353, 'macro_majority': 0.6835228334840668, 'binary_majority': 0.39077340569877883, 'run_time_millis': 8097.241049006698, 'loss_mean': 0.11447934806346893}
Evaluating
{'accuracy': 0.9556488725264611, 'f1_weighted': 0.9612831648263884, 'macro': 0.6621040553697959, 'micro': 0.9556488725264611, 'binary': 0.3471634208298052, 'accuracy_majority': 0.9550356052899288, 'macro_majority': 0.6822361582876212, 'binary_majority': 0.38781163434903043, 'run_time_millis': 8093.5623069963185, 'loss_mean': 0.11317487061023712}
Device cuda
DATASET: GE'sadness, MODEL: sbertbase, 
Split type sit
DATASET: GE'sadness, MODEL: sbertbase, PERCENTAGE: 1.0, NUM_COMMENTS_PER_ANNO: 2936
Training Size: 41104, NTA labels 39933, YTA labels 1171
Validation Size: 17384, NTA labels 16949, YTA labels 435
Test Size: 17386, NTA labels 16837, YTA labels 549
Training with SBERT, model name is sbert
Tokenizing the dataset
Number of training steps 12850
Epoch 0 **** Loss 0.01412062719464302 **** Metrics validation: {'accuracy': 0.9394270593649333, 'f1_weighted': 0.9525128474028577, 'macro': 0.6536211410981825, 'micro': 0.9394270593649333, 'binary': 0.3389830508474576, 'accuracy_majority': 0.9388606307222788, 'macro_majority': 0.670584103865122, 'binary_majority': 0.37330552659019806, 'run_time_millis': 8088.127911003539, 'loss_mean': 0.0365530326962471}
Epoch 1 **** Loss 0.012919001281261444 **** Metrics validation: {'accuracy': 0.935860561435803, 'f1_weighted': 0.9504391375681112, 'macro': 0.6491242361301447, 'micro': 0.935860561435803, 'binary': 0.3319352905931695, 'accuracy_majority': 0.9351983723296032, 'macro_majority': 0.6678867170757573, 'binary_majority': 0.3699307616221563, 'run_time_millis': 6063.969497001381, 'loss_mean': 0.03749474138021469}
Epoch 2 **** Loss 0.009367481805384159 **** Metrics validation: {'accuracy': 0.9362057063966867, 'f1_weighted': 0.95061547611058, 'macro': 0.64901479543221, 'micro': 0.9362057063966867, 'binary': 0.33152501506931886, 'accuracy_majority': 0.9362156663275687, 'macro_majority': 0.6687587275570482, 'binary_majority': 0.3711133400200602, 'run_time_millis': 8094.813403004082, 'loss_mean': 0.04511234164237976}
Epoch 3 **** Loss 0.027220532298088074 **** Metrics validation: {'accuracy': 0.9394845835250806, 'f1_weighted': 0.952453290858701, 'macro': 0.6516594244157152, 'micro': 0.9394845835250806, 'binary': 0.3350189633375473, 'accuracy_majority': 0.939471007121058, 'macro_majority': 0.6725768371141351, 'binary_majority': 0.3769633507853403, 'run_time_millis': 8087.989364998066, 'loss_mean': 0.061079010367393494}
Epoch 4 **** Loss 0.037785112857818604 **** Metrics validation: {'accuracy': 0.9413828808099401, 'f1_weighted': 0.9535528826219339, 'macro': 0.6540366234218371, 'micro': 0.9413828808099401, 'binary': 0.33874107722258273, 'accuracy_majority': 0.9400813835198373, 'macro_majority': 0.6713023910477792, 'binary_majority': 0.3740701381509033, 'run_time_millis': 6072.037545003695, 'loss_mean': 0.06800161302089691}
Epoch 5 **** Loss 0.010625963099300861 **** Metrics validation: {'accuracy': 0.9494937873907041, 'f1_weighted': 0.9584191463347314, 'macro': 0.6682747022369664, 'micro': 0.9494937873907042, 'binary': 0.36284470246734396, 'accuracy_majority': 0.9488301119023398, 'macro_majority': 0.6889998694859791, 'binary_majority': 0.40473372781065087, 'run_time_millis': 8093.37894100463, 'loss_mean': 0.08341211825609207}
Epoch 6 **** Loss 0.0409240648150444 **** Metrics validation: {'accuracy': 0.9486884491486425, 'f1_weighted': 0.9577780407078507, 'macro': 0.6634535014749723, 'micro': 0.9486884491486425, 'binary': 0.3536231884057971, 'accuracy_majority': 0.9480162767039675, 'macro_majority': 0.6847660730469041, 'binary_majority': 0.39669421487603307, 'run_time_millis': 8096.406445998582, 'loss_mean': 0.0925283133983612}
Epoch 7 **** Loss 0.0005815252661705017 **** Metrics validation: {'accuracy': 0.9546709618039576, 'f1_weighted': 0.9608098739744283, 'macro': 0.6626392987298665, 'micro': 0.9546709618039576, 'binary': 0.3487603305785124, 'accuracy_majority': 0.9537131230925737, 'macro_majority': 0.6826033810742868, 'binary_majority': 0.38926174496644295, 'run_time_millis': 8090.659116991446, 'loss_mean': 0.10072051733732224}
Epoch 8 **** Loss 2.194790431531146e-05 **** Metrics validation: {'accuracy': 0.9546134376438103, 'f1_weighted': 0.9607473273896787, 'macro': 0.6619418546366657, 'micro': 0.9546134376438103, 'binary': 0.34739454094292804, 'accuracy_majority': 0.9538148524923703, 'macro_majority': 0.6837087638956179, 'binary_majority': 0.3914209115281502, 'run_time_millis': 7129.817137989448, 'loss_mean': 0.10453258454799652}
Epoch 9 **** Loss 0.024515684694051743 **** Metrics validation: {'accuracy': 0.9578347906120571, 'f1_weighted': 0.9626182099778912, 'macro': 0.6667628264296404, 'micro': 0.9578347906120571, 'binary': 0.35532102022867196, 'accuracy_majority': 0.9570701932858596, 'macro_majority': 0.6874427365883062, 'binary_majority': 0.39714285714285713, 'run_time_millis': 8076.823039998999, 'loss_mean': 0.11311348527669907}
Evaluating
{'accuracy': 0.9578347906120571, 'f1_weighted': 0.9626182099778912, 'macro': 0.6667628264296404, 'micro': 0.9578347906120571, 'binary': 0.35532102022867196, 'accuracy_majority': 0.9570701932858596, 'macro_majority': 0.6874427365883062, 'binary_majority': 0.39714285714285713, 'run_time_millis': 6073.626447992865, 'loss_mean': 0.11311348527669907}
Device cuda
DATASET: GE'sadness, MODEL: sbertbase, 
Split type sit
DATASET: GE'sadness, MODEL: sbertbase, PERCENTAGE: 0.02, NUM_COMMENTS_PER_ANNO: 58
Training Size: 812, NTA labels 801, YTA labels 11
Validation Size: 17384, NTA labels 16949, YTA labels 435
Test Size: 17386, NTA labels 16837, YTA labels 549
Training with SBERT, model name is sbert
Tokenizing the dataset
Number of training steps 260
Epoch 0 **** Loss 0.007949795573949814 **** Metrics validation: {'accuracy': 0.9558214450069029, 'f1_weighted': 0.9534542856898778, 'macro': 0.4989046466044045, 'micro': 0.9558214450069029, 'binary': 0.020408163265306124, 'accuracy_majority': 0.9509664292980672, 'macro_majority': 0.5015372405249089, 'binary_majority': 0.028225806451612902, 'run_time_millis': 8109.998906002147, 'loss_mean': 0.02812778763473034}
Epoch 1 **** Loss 0.007937170565128326 **** Metrics validation: {'accuracy': 0.9473078693051081, 'f1_weighted': 0.9493652653809065, 'macro': 0.5023147549107672, 'micro': 0.9473078693051081, 'binary': 0.03171247357293869, 'accuracy_majority': 0.9425228891149542, 'macro_majority': 0.5039278389824945, 'binary_majority': 0.03747870528109029, 'run_time_millis': 8124.71639199066, 'loss_mean': 0.02795148827135563}
Epoch 2 **** Loss 0.007781997788697481 **** Metrics validation: {'accuracy': 0.9449493787390704, 'f1_weighted': 0.9487633195926671, 'macro': 0.5143949109285524, 'micro': 0.9449493787390704, 'binary': 0.05714285714285715, 'accuracy_majority': 0.9403865717192269, 'macro_majority': 0.5180443664441785, 'binary_majority': 0.06687898089171974, 'run_time_millis': 6122.914166975534, 'loss_mean': 0.028009582310914993}
Epoch 3 **** Loss 0.008160226047039032 **** Metrics validation: {'accuracy': 0.9494362632305569, 'f1_weighted': 0.9509482283230029, 'macro': 0.512902762767708, 'micro': 0.9494362632305569, 'binary': 0.0517799352750809, 'accuracy_majority': 0.9450661241098678, 'macro_majority': 0.5154702299257241, 'binary_majority': 0.059233449477351915, 'run_time_millis': 6122.506882995367, 'loss_mean': 0.028322851285338402}
Epoch 4 **** Loss 0.006832269486039877 **** Metrics validation: {'accuracy': 0.9490911182696733, 'f1_weighted': 0.9510066755753604, 'macro': 0.5176708763135063, 'micro': 0.9490911182696733, 'binary': 0.061505832449628844, 'accuracy_majority': 0.9451678535096643, 'macro_majority': 0.5220191000387103, 'binary_majority': 0.07228915662650603, 'run_time_millis': 6114.866847987287, 'loss_mean': 0.02856646291911602}
Epoch 5 **** Loss 0.007360713090747595 **** Metrics validation: {'accuracy': 0.9502416014726185, 'f1_weighted': 0.9515817895092662, 'macro': 0.51762364760346, 'micro': 0.9502416014726185, 'binary': 0.06080347448425624, 'accuracy_majority': 0.9460834181078331, 'macro_majority': 0.5212061058880832, 'binary_majority': 0.07017543859649122, 'run_time_millis': 6080.120361992158, 'loss_mean': 0.02892221510410309}
Epoch 6 **** Loss 0.006946209818124771 **** Metrics validation: {'accuracy': 0.956281638288081, 'f1_weighted': 0.9547010624416357, 'macro': 0.5196739036384087, 'micro': 0.956281638288081, 'binary': 0.06172839506172839, 'accuracy_majority': 0.9519837232960325, 'macro_majority': 0.5231105980173532, 'binary_majority': 0.07086614173228346, 'run_time_millis': 7116.06695401133, 'loss_mean': 0.029482392594218254}
Epoch 7 **** Loss 0.006215834524482489 **** Metrics validation: {'accuracy': 0.9596755637367694, 'f1_weighted': 0.9564285751958427, 'macro': 0.5204873657254062, 'micro': 0.9596755637367694, 'binary': 0.06157965194109773, 'accuracy_majority': 0.9555442522889115, 'macro_majority': 0.5227295932850542, 'binary_majority': 0.06823027718550106, 'run_time_millis': 8142.072019021725, 'loss_mean': 0.03004160337150097}
Epoch 8 **** Loss 0.007041334640234709 **** Metrics validation: {'accuracy': 0.958927749654855, 'f1_weighted': 0.9560218405239096, 'macro': 0.519765627901794, 'micro': 0.958927749654855, 'binary': 0.06052631578947368, 'accuracy_majority': 0.9546286876907426, 'macro_majority': 0.521847321124363, 'binary_majority': 0.06694560669456065, 'run_time_millis': 8134.937229013303, 'loss_mean': 0.030212661251425743}
Epoch 9 **** Loss 0.0059195696376264095 **** Metrics validation: {'accuracy': 0.9595029912563277, 'f1_weighted': 0.9563346580518254, 'macro': 0.5203192035589002, 'micro': 0.9595029912563277, 'binary': 0.06133333333333334, 'accuracy_majority': 0.9551373346897253, 'macro_majority': 0.5223344823304098, 'binary_majority': 0.06765327695560254, 'run_time_millis': 8123.593172000255, 'loss_mean': 0.03036193549633026}
Evaluating
{'accuracy': 0.9596755637367694, 'f1_weighted': 0.9564285751958427, 'macro': 0.5204873657254062, 'micro': 0.9596755637367694, 'binary': 0.06157965194109773, 'accuracy_majority': 0.9555442522889115, 'macro_majority': 0.5227295932850542, 'binary_majority': 0.06823027718550106, 'run_time_millis': 8137.724862986943, 'loss_mean': 0.03004160337150097}
Device cuda
DATASET: GE'sadness, MODEL: sbertbase, 
Split type sit
DATASET: GE'sadness, MODEL: sbertbase, PERCENTAGE: 0.04, NUM_COMMENTS_PER_ANNO: 117
Training Size: 1638, NTA labels 1609, YTA labels 29
Validation Size: 17384, NTA labels 16949, YTA labels 435
Test Size: 17386, NTA labels 16837, YTA labels 549
Training with SBERT, model name is sbert
Tokenizing the dataset
Number of training steps 520
Epoch 0 **** Loss 0.011352834291756153 **** Metrics validation: {'accuracy': 0.9016912103083295, 'f1_weighted': 0.9255481309106944, 'macro': 0.4959154298992958, 'micro': 0.9016912103083295, 'binary': 0.04364857302742026, 'accuracy_majority': 0.8979654120040692, 'macro_majority': 0.4976894301715255, 'binary_majority': 0.049289099526066346, 'run_time_millis': 8103.211977984756, 'loss_mean': 0.030355198308825493}
Epoch 1 **** Loss 0.01221362967044115 **** Metrics validation: {'accuracy': 0.8773584905660378, 'f1_weighted': 0.912927836499175, 'macro': 0.5072702544965307, 'micro': 0.8773584905660378, 'binary': 0.08024158757549611, 'accuracy_majority': 0.8752797558494405, 'macro_majority': 0.5137810673337442, 'binary_majority': 0.09453471196454948, 'run_time_millis': 7167.440710007213, 'loss_mean': 0.029868798330426216}
Epoch 2 **** Loss 0.010389325208961964 **** Metrics validation: {'accuracy': 0.8946732627703635, 'f1_weighted': 0.9228532025024565, 'macro': 0.5199410598740736, 'micro': 0.8946732627703635, 'binary': 0.09580246913580247, 'accuracy_majority': 0.8929806714140387, 'macro_majority': 0.5272738775796797, 'binary_majority': 0.11148648648648649, 'run_time_millis': 8138.649861008162, 'loss_mean': 0.029659772291779518}
Epoch 3 **** Loss 0.009916413575410843 **** Metrics validation: {'accuracy': 0.8907616198803497, 'f1_weighted': 0.9208485630394163, 'macro': 0.5224076814605653, 'micro': 0.8907616198803497, 'binary': 0.10297590930562116, 'accuracy_majority': 0.8884028484231943, 'macro_majority': 0.5296522500537038, 'binary_majority': 0.11887550200803212, 'run_time_millis': 7182.892842014553, 'loss_mean': 0.029336996376514435}
Epoch 4 **** Loss 0.007457361090928316 **** Metrics validation: {'accuracy': 0.9137712839392544, 'f1_weighted': 0.9337507085499707, 'macro': 0.5367107349983866, 'micro': 0.9137712839392544, 'binary': 0.11875367430922987, 'accuracy_majority': 0.9118006103763988, 'macro_majority': 0.5437003106224393, 'binary_majority': 0.13386613386613386, 'run_time_millis': 8134.281912993174, 'loss_mean': 0.029501862823963165}
Epoch 5 **** Loss 0.10556366294622421 **** Metrics validation: {'accuracy': 0.9285549930971008, 'f1_weighted': 0.9419723457193238, 'macro': 0.5477122724036826, 'micro': 0.9285549930971008, 'binary': 0.13268156424581004, 'accuracy_majority': 0.9263479145473041, 'macro_majority': 0.5558702420106917, 'binary_majority': 0.15023474178403756, 'run_time_millis': 8099.836579000112, 'loss_mean': 0.02998831681907177}
Epoch 6 **** Loss 0.005505949258804321 **** Metrics validation: {'accuracy': 0.9270018407731248, 'f1_weighted': 0.941173597062254, 'macro': 0.5478418603249777, 'micro': 0.9270018407731248, 'binary': 0.13378839590443686, 'accuracy_majority': 0.9243133265513733, 'macro_majority': 0.5545687291841312, 'binary_majority': 0.14874141876430205, 'run_time_millis': 8127.065260981908, 'loss_mean': 0.030415281653404236}
Epoch 7 **** Loss 0.00656175846233964 **** Metrics validation: {'accuracy': 0.9337896916705016, 'f1_weighted': 0.9448602602400688, 'macro': 0.5517003261372093, 'micro': 0.9337896916705015, 'binary': 0.13782771535580526, 'accuracy_majority': 0.9307222787385554, 'macro_majority': 0.5568513270072625, 'binary_majority': 0.14981273408239698, 'run_time_millis': 8125.9759630193, 'loss_mean': 0.03126026317477226}
Epoch 8 **** Loss 0.005505377892404795 **** Metrics validation: {'accuracy': 0.9382190520018407, 'f1_weighted': 0.9472595448642042, 'macro': 0.5543787576824393, 'micro': 0.9382190520018407, 'binary': 0.1408, 'accuracy_majority': 0.9356052899287894, 'macro_majority': 0.5607002910619409, 'binary_majority': 0.1548731642189586, 'run_time_millis': 8106.77818901604, 'loss_mean': 0.032162364572286606}
Epoch 9 **** Loss 0.006012907717376947 **** Metrics validation: {'accuracy': 0.9411527841693511, 'f1_weighted': 0.9489381125380862, 'macro': 0.5581572229293027, 'micro': 0.9411527841693511, 'binary': 0.14678899082568805, 'accuracy_majority': 0.9380467955239065, 'macro_majority': 0.5639186691312384, 'binary_majority': 0.16, 'run_time_millis': 8096.300179982791, 'loss_mean': 0.03263581544160843}
Evaluating
{'accuracy': 0.9411527841693511, 'f1_weighted': 0.9489381125380862, 'macro': 0.5581572229293027, 'micro': 0.9411527841693511, 'binary': 0.14678899082568805, 'accuracy_majority': 0.9380467955239065, 'macro_majority': 0.5639186691312384, 'binary_majority': 0.16, 'run_time_millis': 7116.286144999322, 'loss_mean': 0.03263581544160843}
Device cuda
DATASET: GE'sadness, MODEL: sbertbase, 
Split type sit
DATASET: GE'sadness, MODEL: sbertbase, PERCENTAGE: 0.06, NUM_COMMENTS_PER_ANNO: 176
Training Size: 2464, NTA labels 2413, YTA labels 51
Validation Size: 17384, NTA labels 16949, YTA labels 435
Test Size: 17386, NTA labels 16837, YTA labels 549
Training with SBERT, model name is sbert
Tokenizing the dataset
Number of training steps 770
Epoch 0 **** Loss 0.06665781140327454 **** Metrics validation: {'accuracy': 0.9284974689369535, 'f1_weighted': 0.9406152917808736, 'macro': 0.5193232361082517, 'micro': 0.9284974689369535, 'binary': 0.0758364312267658, 'accuracy_majority': 0.9243133265513733, 'macro_majority': 0.5221350790770029, 'binary_majority': 0.08374384236453201, 'run_time_millis': 8123.042157996679, 'loss_mean': 0.03227666765451431}
Epoch 1 **** Loss 0.01413167268037796 **** Metrics validation: {'accuracy': 0.922457432121491, 'f1_weighted': 0.939075129351263, 'macro': 0.5536472472551178, 'micro': 0.922457432121491, 'binary': 0.14791403286978508, 'accuracy_majority': 0.9192268565615462, 'macro_majority': 0.5626343053866056, 'binary_majority': 0.16771488469601678, 'run_time_millis': 7096.810999995796, 'loss_mean': 0.03130634129047394}
Epoch 2 **** Loss 0.033166225999593735 **** Metrics validation: {'accuracy': 0.9055453290381961, 'f1_weighted': 0.9310760695964629, 'macro': 0.5755831104234289, 'micro': 0.9055453290381961, 'binary': 0.20136186770428016, 'accuracy_majority': 0.9036622583926754, 'macro_majority': 0.5852548153984933, 'binary_majority': 0.22185702547247327, 'run_time_millis': 7129.386117012473, 'loss_mean': 0.029332762584090233}
Epoch 3 **** Loss 0.020485013723373413 **** Metrics validation: {'accuracy': 0.8865048320294524, 'f1_weighted': 0.9204469490935034, 'macro': 0.5699027832425083, 'micro': 0.8865048320294524, 'binary': 0.20089104900769542, 'accuracy_majority': 0.8858596134282808, 'macro_majority': 0.5806987434260709, 'binary_majority': 0.22299168975069253, 'run_time_millis': 6366.124206979293, 'loss_mean': 0.02654828317463398}
Epoch 4 **** Loss 0.012252315878868103 **** Metrics validation: {'accuracy': 0.9058904739990796, 'f1_weighted': 0.9319091223576238, 'macro': 0.5908996310933394, 'micro': 0.9058904739990796, 'binary': 0.23192488262910801, 'accuracy_majority': 0.9054933875890132, 'macro_majority': 0.6034648189971028, 'binary_majority': 0.25739408473221426, 'run_time_millis': 6095.439592987532, 'loss_mean': 0.026051606982946396}
Epoch 5 **** Loss 0.003600963158532977 **** Metrics validation: {'accuracy': 0.9229176254026691, 'f1_weighted': 0.9415580770484709, 'macro': 0.6032850897091622, 'micro': 0.9229176254026691, 'binary': 0.24719101123595505, 'accuracy_majority': 0.9220752797558495, 'macro_majority': 0.614657762083877, 'binary_majority': 0.2704761904761905, 'run_time_millis': 6382.99144100165, 'loss_mean': 0.03020291030406952}
Epoch 6 **** Loss 0.002682765480130911 **** Metrics validation: {'accuracy': 0.9267142199723885, 'f1_weighted': 0.9435248377089163, 'macro': 0.6024799466757187, 'micro': 0.9267142199723885, 'binary': 0.24346793349168647, 'accuracy_majority': 0.9256358087487284, 'macro_majority': 0.6145478311492995, 'binary_majority': 0.2682682682682683, 'run_time_millis': 7106.9003750162665, 'loss_mean': 0.03417453542351723}
Epoch 7 **** Loss 0.004171859472990036 **** Metrics validation: {'accuracy': 0.9360331339162449, 'f1_weighted': 0.9487688707455784, 'macro': 0.6106371054728879, 'micro': 0.9360331339162449, 'binary': 0.2546916890080429, 'accuracy_majority': 0.9349949135300102, 'macro_majority': 0.6227779455622748, 'binary_majority': 0.2795941375422773, 'run_time_millis': 7118.273247993784, 'loss_mean': 0.04002172127366066}
Epoch 8 **** Loss 0.012800514698028564 **** Metrics validation: {'accuracy': 0.9427634606534745, 'f1_weighted': 0.9527174195448209, 'macro': 0.620637263723214, 'micro': 0.9427634606534745, 'binary': 0.27106227106227104, 'accuracy_majority': 0.940793489318413, 'macro_majority': 0.6296760913469007, 'binary_majority': 0.29024390243902437, 'run_time_millis': 8116.859763977118, 'loss_mean': 0.04410654678940773}
Epoch 9 **** Loss 0.0009660798241384327 **** Metrics validation: {'accuracy': 0.9474804417855499, 'f1_weighted': 0.9552070845719676, 'macro': 0.6220536146636109, 'micro': 0.94748044178555, 'binary': 0.27134876296887467, 'accuracy_majority': 0.9457782299084435, 'macro_majority': 0.6329230677612532, 'binary_majority': 0.29403973509933773, 'run_time_millis': 8098.45230600331, 'loss_mean': 0.047042448073625565}
Evaluating
{'accuracy': 0.9474804417855499, 'f1_weighted': 0.9552070845719676, 'macro': 0.6220536146636109, 'micro': 0.94748044178555, 'binary': 0.27134876296887467, 'accuracy_majority': 0.9457782299084435, 'macro_majority': 0.6329230677612532, 'binary_majority': 0.29403973509933773, 'run_time_millis': 8130.607800994767, 'loss_mean': 0.047042448073625565}
Device cuda
DATASET: GE'sadness, MODEL: sbertbase, 
Split type sit
DATASET: GE'sadness, MODEL: sbertbase, PERCENTAGE: 0.08, NUM_COMMENTS_PER_ANNO: 234
Training Size: 3276, NTA labels 3200, YTA labels 76
Validation Size: 17384, NTA labels 16949, YTA labels 435
Test Size: 17386, NTA labels 16837, YTA labels 549
Training with SBERT, model name is sbert
Tokenizing the dataset
Number of training steps 1030
Epoch 0 **** Loss 0.016709966585040092 **** Metrics validation: {'accuracy': 0.9221698113207547, 'f1_weighted': 0.9384842232338145, 'macro': 0.5440241963930097, 'micro': 0.9221698113207547, 'binary': 0.128783000643915, 'accuracy_majority': 0.9187182095625636, 'macro_majority': 0.5523018817677321, 'binary_majority': 0.14727854855923161, 'run_time_millis': 8074.064738000743, 'loss_mean': 0.03397907316684723}
Epoch 1 **** Loss 0.016345566138625145 **** Metrics validation: {'accuracy': 0.8384146341463414, 'f1_weighted': 0.8918514012289797, 'macro': 0.5361662857099597, 'micro': 0.8384146341463414, 'binary': 0.16174276335422264, 'accuracy_majority': 0.8372329603255341, 'macro_majority': 0.5458145167475699, 'binary_majority': 0.18200408997955012, 'run_time_millis': 8121.9761070096865, 'loss_mean': 0.031038424000144005}
Epoch 2 **** Loss 0.012009589932858944 **** Metrics validation: {'accuracy': 0.9062931431201104, 'f1_weighted': 0.9322971664106134, 'macro': 0.5949598210694, 'micro': 0.9062931431201104, 'binary': 0.23985067662155857, 'accuracy_majority': 0.9055951169888098, 'macro_majority': 0.6094145654305447, 'binary_majority': 0.2692913385826772, 'run_time_millis': 8112.599776999559, 'loss_mean': 0.026764795184135437}
Epoch 3 **** Loss 0.06494827568531036 **** Metrics validation: {'accuracy': 0.918718361711919, 'f1_weighted': 0.9396696073874198, 'macro': 0.6110951809057291, 'micro': 0.918718361711919, 'binary': 0.26521060842433697, 'accuracy_majority': 0.9184130213631739, 'macro_majority': 0.6265933462165132, 'binary_majority': 0.2964912280701754, 'run_time_millis': 8123.031016992172, 'loss_mean': 0.02820851281285286}
Epoch 4 **** Loss 0.002834599232301116 **** Metrics validation: {'accuracy': 0.9213069489185458, 'f1_weighted': 0.9411175445145497, 'macro': 0.6126515046828143, 'micro': 0.9213069489185458, 'binary': 0.26688102893890675, 'accuracy_majority': 0.9211597151576806, 'macro_majority': 0.6278037954266121, 'binary_majority': 0.2973708068902992, 'run_time_millis': 8121.442461997503, 'loss_mean': 0.03268130496144295}
Epoch 5 **** Loss 0.007093191612511873 **** Metrics validation: {'accuracy': 0.9228601012425218, 'f1_weighted': 0.941960550022455, 'macro': 0.6130504236910514, 'micro': 0.9228601012425218, 'binary': 0.2668124658283215, 'accuracy_majority': 0.9225839267548321, 'macro_majority': 0.6288242335531009, 'binary_majority': 0.29861751152073734, 'run_time_millis': 8105.780039011734, 'loss_mean': 0.03859883174300194}
Epoch 6 **** Loss 0.0008601908921264112 **** Metrics validation: {'accuracy': 0.943971468016567, 'f1_weighted': 0.9538487162929293, 'macro': 0.6314912498189234, 'micro': 0.943971468016567, 'binary': 0.29215116279069764, 'accuracy_majority': 0.9438453713123093, 'macro_majority': 0.6487649526176791, 'binary_majority': 0.32682926829268294, 'run_time_millis': 8130.10503698024, 'loss_mean': 0.053276728838682175}
Epoch 7 **** Loss 0.008390909992158413 **** Metrics validation: {'accuracy': 0.9354578923147722, 'f1_weighted': 0.9491658054929878, 'macro': 0.6257765508857681, 'micro': 0.9354578923147722, 'binary': 0.28535031847133757, 'accuracy_majority': 0.9348931841302136, 'macro_majority': 0.6410292928130996, 'binary_majority': 0.31623931623931617, 'run_time_millis': 8132.225754001411, 'loss_mean': 0.05094338580965996}
Epoch 8 **** Loss 0.0027020371053367853 **** Metrics validation: {'accuracy': 0.9448343304187758, 'f1_weighted': 0.9543798289772485, 'macro': 0.6333322460961569, 'micro': 0.9448343304187758, 'binary': 0.29537105069801617, 'accuracy_majority': 0.9447609359104782, 'macro_majority': 0.6499980754677613, 'binary_majority': 0.3288009888751545, 'run_time_millis': 8405.70013000979, 'loss_mean': 0.05757926031947136}
Epoch 9 **** Loss 0.0006866713520139456 **** Metrics validation: {'accuracy': 0.9473078693051081, 'f1_weighted': 0.9557852988242285, 'macro': 0.6361591091467104, 'micro': 0.9473078693051081, 'binary': 0.2996941896024465, 'accuracy_majority': 0.946998982706002, 'macro_majority': 0.6526548647058132, 'binary_majority': 0.33290653008962867, 'run_time_millis': 8099.214593006764, 'loss_mean': 0.060279298573732376}
Evaluating
{'accuracy': 0.9473078693051081, 'f1_weighted': 0.9557852988242285, 'macro': 0.6361591091467104, 'micro': 0.9473078693051081, 'binary': 0.2996941896024465, 'accuracy_majority': 0.946998982706002, 'macro_majority': 0.6526548647058132, 'binary_majority': 0.33290653008962867, 'run_time_millis': 8126.492766023148, 'loss_mean': 0.060279298573732376}
Device cuda
DATASET: GE'sadness, MODEL: sbertbase, 
Split type sit
DATASET: GE'sadness, MODEL: sbertbase, PERCENTAGE: 0.1, NUM_COMMENTS_PER_ANNO: 293
Training Size: 4102, NTA labels 4007, YTA labels 95
Validation Size: 17384, NTA labels 16949, YTA labels 435
Test Size: 17386, NTA labels 16837, YTA labels 549
Training with SBERT, model name is sbert
Tokenizing the dataset
Number of training steps 1290
Epoch 0 **** Loss 0.01786760240793228 **** Metrics validation: {'accuracy': 0.8920846755637367, 'f1_weighted': 0.9226274909920185, 'macro': 0.5478993676765329, 'micro': 0.8920846755637367, 'binary': 0.15342960288808663, 'accuracy_majority': 0.8898270600203458, 'macro_majority': 0.5561877122757637, 'binary_majority': 0.1713848508033665, 'run_time_millis': 8125.214625993976, 'loss_mean': 0.03381059691309929}
Epoch 1 **** Loss 0.009771499782800674 **** Metrics validation: {'accuracy': 0.8571675103543488, 'f1_weighted': 0.903333874604753, 'macro': 0.5547324391995517, 'micro': 0.8571675103543488, 'binary': 0.18776578344782463, 'accuracy_majority': 0.8596134282807731, 'macro_majority': 0.5694070594210259, 'binary_majority': 0.2159090909090909, 'run_time_millis': 8100.447113974951, 'loss_mean': 0.02747136913239956}
Epoch 2 **** Loss 0.00342291290871799 **** Metrics validation: {'accuracy': 0.8085595950299126, 'f1_weighted': 0.873744250788438, 'macro': 0.5311410027947112, 'micro': 0.8085595950299127, 'binary': 0.17048853439680955, 'accuracy_majority': 0.8104781281790437, 'macro_majority': 0.5439199525323647, 'binary_majority': 0.19524838012958964, 'run_time_millis': 8127.15747099719, 'loss_mean': 0.02392391860485077}
Epoch 3 **** Loss 0.0037445398047566414 **** Metrics validation: {'accuracy': 0.889265991716521, 'f1_weighted': 0.9226096236897559, 'macro': 0.5862402049933599, 'micro': 0.889265991716521, 'binary': 0.23214998005584364, 'accuracy_majority': 0.8899287894201424, 'macro_majority': 0.6027279393484476, 'binary_majority': 0.264945652173913, 'run_time_millis': 8126.034802990034, 'loss_mean': 0.029562635347247124}
Epoch 4 **** Loss 0.013150576502084732 **** Metrics validation: {'accuracy': 0.9402899217671422, 'f1_weighted': 0.9516432588053126, 'macro': 0.6250073566304937, 'micro': 0.9402899217671422, 'binary': 0.28116343490304707, 'accuracy_majority': 0.9395727365208545, 'macro_majority': 0.6372428713715713, 'binary_majority': 0.30607476635514014, 'run_time_millis': 8123.077216994716, 'loss_mean': 0.05210117623209953}
Epoch 5 **** Loss 0.00025441095931455493 **** Metrics validation: {'accuracy': 0.932121491026231, 'f1_weighted': 0.9470457701898516, 'macro': 0.6175543983876711, 'micro': 0.932121491026231, 'binary': 0.2707045735475896, 'accuracy_majority': 0.9316378433367243, 'macro_majority': 0.6313033181227868, 'binary_majority': 0.2985386221294363, 'run_time_millis': 8102.882363979006, 'loss_mean': 0.05144970864057541}
Epoch 6 **** Loss 0.0010108574060723186 **** Metrics validation: {'accuracy': 0.9255637367694431, 'f1_weighted': 0.9433993173696114, 'macro': 0.6132011357203103, 'micro': 0.9255637367694431, 'binary': 0.2656072644721907, 'accuracy_majority': 0.9255340793489318, 'macro_majority': 0.629094004130731, 'binary_majority': 0.29750479846449135, 'run_time_millis': 8109.907923993887, 'loss_mean': 0.052193768322467804}
Epoch 7 **** Loss 0.013410228304564953 **** Metrics validation: {'accuracy': 0.9545559134836631, 'f1_weighted': 0.9600403581072724, 'macro': 0.6477296046097398, 'micro': 0.9545559134836631, 'binary': 0.31896551724137934, 'accuracy_majority': 0.953204476093591, 'macro_majority': 0.6592977697408078, 'binary_majority': 0.3428571428571429, 'run_time_millis': 8095.171408000169, 'loss_mean': 0.07338899374008179}
Epoch 8 **** Loss 0.0004211525956634432 **** Metrics validation: {'accuracy': 0.9496088357109986, 'f1_weighted': 0.9569826455316972, 'macro': 0.63653239453428, 'micro': 0.9496088357109986, 'binary': 0.2992, 'accuracy_majority': 0.9484231943031536, 'macro_majority': 0.6481438350211753, 'binary_majority': 0.3230974632843792, 'run_time_millis': 8168.888928019442, 'loss_mean': 0.07231014966964722}
Epoch 9 **** Loss 0.0002452441258355975 **** Metrics validation: {'accuracy': 0.9492636907501151, 'f1_weighted': 0.9567677577763649, 'macro': 0.6357258850522981, 'micro': 0.9492636907501151, 'binary': 0.2977707006369427, 'accuracy_majority': 0.948118006103764, 'macro_majority': 0.6474179003371308, 'binary_majority': 0.3218085106382979, 'run_time_millis': 8124.103865993675, 'loss_mean': 0.07254403829574585}
Evaluating
{'accuracy': 0.9545559134836631, 'f1_weighted': 0.9600403581072724, 'macro': 0.6477296046097398, 'micro': 0.9545559134836631, 'binary': 0.31896551724137934, 'accuracy_majority': 0.953204476093591, 'macro_majority': 0.6592977697408078, 'binary_majority': 0.3428571428571429, 'run_time_millis': 8127.074721007375, 'loss_mean': 0.07338899374008179}
Device cuda
DATASET: GE'sadness, MODEL: sbertbase, 
Split type sit
DATASET: GE'sadness, MODEL: sbertbase, PERCENTAGE: 0.2, NUM_COMMENTS_PER_ANNO: 587
Training Size: 8218, NTA labels 7990, YTA labels 228
Validation Size: 17384, NTA labels 16949, YTA labels 435
Test Size: 17386, NTA labels 16837, YTA labels 549
Training with SBERT, model name is sbert
Tokenizing the dataset
Number of training steps 2570
Epoch 0 **** Loss 0.018614839762449265 **** Metrics validation: {'accuracy': 0.8056258628624022, 'f1_weighted': 0.8718629616384578, 'macro': 0.5271294447182615, 'micro': 0.8056258628624021, 'binary': 0.1642344793470195, 'accuracy_majority': 0.8081383519837233, 'macro_majority': 0.5408646595127653, 'binary_majority': 0.19055793991416312, 'run_time_millis': 7667.151414992986, 'loss_mean': 0.03066893108189106}
Epoch 1 **** Loss 0.015869097784161568 **** Metrics validation: {'accuracy': 0.858950759318914, 'f1_weighted': 0.9047802466508287, 'macro': 0.5678131256360286, 'micro': 0.858950759318914, 'binary': 0.21309370988446727, 'accuracy_majority': 0.8592065106815869, 'macro_majority': 0.5809909821120584, 'binary_majority': 0.23956043956043954, 'run_time_millis': 6100.271066010464, 'loss_mean': 0.026528852060437202}
Epoch 2 **** Loss 0.0052958643063902855 **** Metrics validation: {'accuracy': 0.9070984813621721, 'f1_weighted': 0.9332899990173547, 'macro': 0.6083262705743154, 'micro': 0.9070984813621721, 'binary': 0.26624261699227625, 'accuracy_majority': 0.9078331637843337, 'macro_majority': 0.6247183485075674, 'binary_majority': 0.29876160990712075, 'run_time_millis': 8137.849041988375, 'loss_mean': 0.03237472102046013}
Epoch 3 **** Loss 0.003347764490172267 **** Metrics validation: {'accuracy': 0.916532443626323, 'f1_weighted': 0.9388186388338094, 'macro': 0.6185103467046266, 'micro': 0.916532443626323, 'binary': 0.2813273897969292, 'accuracy_majority': 0.9157680569684639, 'macro_majority': 0.6319996006777626, 'binary_majority': 0.30884808013355597, 'run_time_millis': 8114.019400003599, 'loss_mean': 0.03853385150432587}
Epoch 4 **** Loss 0.0038671980146318674 **** Metrics validation: {'accuracy': 0.9410952600092038, 'f1_weighted': 0.9527591985457381, 'macro': 0.6400671839478018, 'micro': 0.9410952600092038, 'binary': 0.31090174966352624, 'accuracy_majority': 0.94059003051882, 'macro_majority': 0.6556160891340947, 'binary_majority': 0.3423423423423424, 'run_time_millis': 8146.591488010017, 'loss_mean': 0.057506512850522995}
Epoch 5 **** Loss 0.0067630428820848465 **** Metrics validation: {'accuracy': 0.9360331339162449, 'f1_weighted': 0.9500780588548575, 'macro': 0.6391693585381705, 'micro': 0.9360331339162449, 'binary': 0.3118811881188119, 'accuracy_majority': 0.9354018311291964, 'macro_majority': 0.652635466769996, 'binary_majority': 0.33922996878251815, 'run_time_millis': 8129.304839996621, 'loss_mean': 0.05786702781915665}
Epoch 6 **** Loss 0.0043039764277637005 **** Metrics validation: {'accuracy': 0.9459848136217212, 'f1_weighted': 0.9556335216109774, 'macro': 0.6474347522984454, 'micro': 0.9459848136217212, 'binary': 0.32299927901946646, 'accuracy_majority': 0.9452695829094608, 'macro_majority': 0.6623954605252407, 'binary_majority': 0.35336538461538464, 'run_time_millis': 8132.626228994923, 'loss_mean': 0.07084226608276367}
Epoch 7 **** Loss 0.0002349098795093596 **** Metrics validation: {'accuracy': 0.9518522779567419, 'f1_weighted': 0.9590110390928994, 'macro': 0.6551041460273225, 'micro': 0.9518522779567419, 'binary': 0.33518665607625103, 'accuracy_majority': 0.9515768056968464, 'macro_majority': 0.6725952571276312, 'binary_majority': 0.37037037037037035, 'run_time_millis': 8110.052005999023, 'loss_mean': 0.08010905981063843}
Epoch 8 **** Loss 0.0014786010142415762 **** Metrics validation: {'accuracy': 0.9526000920386563, 'f1_weighted': 0.9594356574686368, 'macro': 0.6559880028699816, 'micro': 0.9526000920386563, 'binary': 0.3365539452495974, 'accuracy_majority': 0.9522889114954222, 'macro_majority': 0.6736787648310864, 'binary_majority': 0.37215528781793844, 'run_time_millis': 7017.32121600071, 'loss_mean': 0.08314133435487747}
Epoch 9 **** Loss 0.0025982458610087633 **** Metrics validation: {'accuracy': 0.9524275195582145, 'f1_weighted': 0.9594263515235676, 'macro': 0.6576542599417373, 'micro': 0.9524275195582145, 'binary': 0.3399840383080606, 'accuracy_majority': 0.9520854526958291, 'macro_majority': 0.6747952917794101, 'binary_majority': 0.3745019920318725, 'run_time_millis': 8112.671037990367, 'loss_mean': 0.08352004736661911}
Evaluating
{'accuracy': 0.9526000920386563, 'f1_weighted': 0.9594356574686368, 'macro': 0.6559880028699816, 'micro': 0.9526000920386563, 'binary': 0.3365539452495974, 'accuracy_majority': 0.9522889114954222, 'macro_majority': 0.6736787648310864, 'binary_majority': 0.37215528781793844, 'run_time_millis': 8103.368598007364, 'loss_mean': 0.08314133435487747}
Device cuda
DATASET: GE'sadness, MODEL: sbertbase, 
Split type sit
DATASET: GE'sadness, MODEL: sbertbase, PERCENTAGE: 0.3, NUM_COMMENTS_PER_ANNO: 880
Training Size: 12320, NTA labels 11967, YTA labels 353
Validation Size: 17384, NTA labels 16949, YTA labels 435
Test Size: 17386, NTA labels 16837, YTA labels 549
Training with SBERT, model name is sbert
Tokenizing the dataset
Number of training steps 3850
Epoch 0 **** Loss 0.02194807305932045 **** Metrics validation: {'accuracy': 0.8434192360791533, 'f1_weighted': 0.8953873885219311, 'macro': 0.5572463052122257, 'micro': 0.8434192360791531, 'binary': 0.2012910798122066, 'accuracy_majority': 0.844354018311292, 'macro_majority': 0.5719023284113919, 'binary_majority': 0.23038229376257544, 'run_time_millis': 8454.11487299134, 'loss_mean': 0.029177503660321236}
Epoch 1 **** Loss 0.015643097460269928 **** Metrics validation: {'accuracy': 0.9009433962264151, 'f1_weighted': 0.9298745407583532, 'macro': 0.6070577023796866, 'micro': 0.9009433962264151, 'binary': 0.26723404255319144, 'accuracy_majority': 0.9018311291963378, 'macro_majority': 0.6232099448630823, 'binary_majority': 0.29920116194625995, 'run_time_millis': 7124.986184993759, 'loss_mean': 0.027840014547109604}
Epoch 2 **** Loss 0.02323935553431511 **** Metrics validation: {'accuracy': 0.9263115508513575, 'f1_weighted': 0.9448056525485771, 'macro': 0.6359971637438405, 'micro': 0.9263115508513575, 'binary': 0.3109198493813879, 'accuracy_majority': 0.9265513733468973, 'macro_majority': 0.6529612658914643, 'binary_majority': 0.3448275862068966, 'run_time_millis': 8123.112127999775, 'loss_mean': 0.03539898246526718}
Epoch 3 **** Loss 0.02522486075758934 **** Metrics validation: {'accuracy': 0.9218246663598711, 'f1_weighted': 0.9421014888042709, 'macro': 0.6288634664966765, 'micro': 0.9218246663598711, 'binary': 0.2991232594120681, 'accuracy_majority': 0.9225839267548321, 'macro_majority': 0.6465554269938324, 'binary_majority': 0.33420822397200356, 'run_time_millis': 8132.995610998478, 'loss_mean': 0.046729013323783875}
Epoch 4 **** Loss 0.005532564129680395 **** Metrics validation: {'accuracy': 0.9386792452830188, 'f1_weighted': 0.9518592899235466, 'macro': 0.6478715005469092, 'micro': 0.9386792452830188, 'binary': 0.3278688524590164, 'accuracy_majority': 0.9386571719226856, 'macro_majority': 0.6655143940219436, 'binary_majority': 0.3632523759239704, 'run_time_millis': 8104.9783139897045, 'loss_mean': 0.05851799622178078}
Epoch 5 **** Loss 0.008584454655647278 **** Metrics validation: {'accuracy': 0.9504141739530603, 'f1_weighted': 0.9586480951913003, 'macro': 0.6630503227384809, 'micro': 0.9504141739530603, 'binary': 0.3518796992481203, 'accuracy_majority': 0.9506612410986776, 'macro_majority': 0.6821140610127903, 'binary_majority': 0.38993710691823896, 'run_time_millis': 6116.684272012208, 'loss_mean': 0.07405907660722733}
Epoch 6 **** Loss 0.01105052512139082 **** Metrics validation: {'accuracy': 0.9440865163368615, 'f1_weighted': 0.9550558062453035, 'macro': 0.6561336056710321, 'micro': 0.9440865163368615, 'binary': 0.3414634146341463, 'accuracy_majority': 0.9439471007121057, 'macro_majority': 0.6733232646310566, 'binary_majority': 0.37599093997734995, 'run_time_millis': 8136.081897013355, 'loss_mean': 0.07076115906238556}
Epoch 7 **** Loss 0.0025942521169781685 **** Metrics validation: {'accuracy': 0.9479981592268752, 'f1_weighted': 0.9572981833252753, 'macro': 0.6608105424739659, 'micro': 0.9479981592268752, 'binary': 0.34870317002881845, 'accuracy_majority': 0.948118006103764, 'macro_majority': 0.6799659570034808, 'binary_majority': 0.3870192307692307, 'run_time_millis': 8095.713832997717, 'loss_mean': 0.07556692510843277}
Epoch 8 **** Loss 0.000178675792994909 **** Metrics validation: {'accuracy': 0.9502416014726185, 'f1_weighted': 0.9585613597807641, 'macro': 0.6630936421448185, 'micro': 0.9502416014726185, 'binary': 0.352059925093633, 'accuracy_majority': 0.9501525940996948, 'macro_majority': 0.6815218820061946, 'binary_majority': 0.38902743142144636, 'run_time_millis': 8141.233750997344, 'loss_mean': 0.07922619581222534}
Epoch 9 **** Loss 0.007520689629018307 **** Metrics validation: {'accuracy': 0.9535204786010124, 'f1_weighted': 0.9603949527021576, 'macro': 0.6662885658982505, 'micro': 0.9535204786010125, 'binary': 0.356687898089172, 'accuracy_majority': 0.9531027466937945, 'macro_majority': 0.6841158134901507, 'binary_majority': 0.3926218708827405, 'run_time_millis': 8150.222106982255, 'loss_mean': 0.08320945501327515}
Evaluating
{'accuracy': 0.9535204786010124, 'f1_weighted': 0.9603949527021576, 'macro': 0.6662885658982505, 'micro': 0.9535204786010125, 'binary': 0.356687898089172, 'accuracy_majority': 0.9531027466937945, 'macro_majority': 0.6841158134901507, 'binary_majority': 0.3926218708827405, 'run_time_millis': 7016.04645801126, 'loss_mean': 0.08320945501327515}
Device cuda
DATASET: GE'sadness, MODEL: sbertbase, 
Split type sit
DATASET: GE'sadness, MODEL: sbertbase, PERCENTAGE: 0.4, NUM_COMMENTS_PER_ANNO: 1174
Training Size: 16436, NTA labels 15982, YTA labels 454
Validation Size: 17384, NTA labels 16949, YTA labels 435
Test Size: 17386, NTA labels 16837, YTA labels 549
Training with SBERT, model name is sbert
Tokenizing the dataset
Number of training steps 5140
Epoch 0 **** Loss 0.07338886708021164 **** Metrics validation: {'accuracy': 0.8904739990796134, 'f1_weighted': 0.9236194310290058, 'macro': 0.5950698132545355, 'micro': 0.8904739990796133, 'binary': 0.24921135646687695, 'accuracy_majority': 0.8908443540183113, 'macro_majority': 0.6096846378698108, 'binary_majority': 0.2784129119031607, 'run_time_millis': 8127.668464992894, 'loss_mean': 0.028987983241677284}
Epoch 1 **** Loss 0.00568506121635437 **** Metrics validation: {'accuracy': 0.9248159226875288, 'f1_weighted': 0.9438974356972017, 'macro': 0.6334421590058346, 'micro': 0.9248159226875288, 'binary': 0.306631299734748, 'accuracy_majority': 0.9245167853509664, 'macro_majority': 0.6493275170777026, 'binary_majority': 0.33868092691622104, 'run_time_millis': 8120.907046977663, 'loss_mean': 0.031536899507045746}
Epoch 2 **** Loss 0.0031526759266853333 **** Metrics validation: {'accuracy': 0.9310860561435803, 'f1_weighted': 0.9476667577891983, 'macro': 0.643429305593936, 'micro': 0.9310860561435803, 'binary': 0.3231638418079096, 'accuracy_majority': 0.931027466937945, 'macro_majority': 0.6595386832271332, 'binary_majority': 0.3555133079847908, 'run_time_millis': 8115.2204980026, 'loss_mean': 0.03634412959218025}
Epoch 3 **** Loss 0.0131522910669446 **** Metrics validation: {'accuracy': 0.9408076392084675, 'f1_weighted': 0.9533122553332815, 'macro': 0.6553306814729992, 'micro': 0.9408076392084675, 'binary': 0.3416506717850288, 'accuracy_majority': 0.9402848423194303, 'macro_majority': 0.6710903687079584, 'binary_majority': 0.37353255069370334, 'run_time_millis': 8126.66359700961, 'loss_mean': 0.05540350079536438}
Epoch 4 **** Loss 0.003717321204021573 **** Metrics validation: {'accuracy': 0.9356879889553612, 'f1_weighted': 0.9500193759673804, 'macro': 0.6418572338886254, 'micro': 0.9356879889553612, 'binary': 0.3174603174603175, 'accuracy_majority': 0.9360122075279755, 'macro_majority': 0.6599429856843833, 'binary_majority': 0.35354573484069884, 'run_time_millis': 8102.90429298766, 'loss_mean': 0.06213553622364998}
Epoch 5 **** Loss 0.016690196469426155 **** Metrics validation: {'accuracy': 0.9351127473538886, 'f1_weighted': 0.9499067912812694, 'macro': 0.6460400731012108, 'micro': 0.9351127473538886, 'binary': 0.32616487455197135, 'accuracy_majority': 0.9348931841302136, 'macro_majority': 0.6628510182207932, 'binary_majority': 0.36, 'run_time_millis': 8136.0213159932755, 'loss_mean': 0.06382712721824646}
Epoch 6 **** Loss 0.01619058847427368 **** Metrics validation: {'accuracy': 0.9362632305568339, 'f1_weighted': 0.9503912271817272, 'macro': 0.6434047320981936, 'micro': 0.9362632305568339, 'binary': 0.3202453987730061, 'accuracy_majority': 0.9359104781281791, 'macro_majority': 0.6584037993744932, 'binary_majority': 0.35051546391752575, 'run_time_millis': 7761.223716981476, 'loss_mean': 0.07175777852535248}
Epoch 7 **** Loss 0.02020106092095375 **** Metrics validation: {'accuracy': 0.9462724344224575, 'f1_weighted': 0.9562773200450021, 'macro': 0.6580450435635877, 'micro': 0.9462724344224575, 'binary': 0.34410112359550565, 'accuracy_majority': 0.9459816887080367, 'macro_majority': 0.675355098727942, 'binary_majority': 0.3789473684210526, 'run_time_millis': 8145.032883010572, 'loss_mean': 0.08114780485630035}
Epoch 8 **** Loss 2.7582524126046337e-05 **** Metrics validation: {'accuracy': 0.9548435342843995, 'f1_weighted': 0.9611227965969501, 'macro': 0.6673671653520179, 'micro': 0.9548435342843995, 'binary': 0.3581357318070319, 'accuracy_majority': 0.9548321464903357, 'macro_majority': 0.6866384301508092, 'binary_majority': 0.39673913043478254, 'run_time_millis': 8128.538402001141, 'loss_mean': 0.09442893415689468}
Epoch 9 **** Loss 0.00010130864393431693 **** Metrics validation: {'accuracy': 0.952772664519098, 'f1_weighted': 0.9597207189853072, 'macro': 0.660138025891374, 'micro': 0.952772664519098, 'binary': 0.34477254588986433, 'accuracy_majority': 0.9527975584944048, 'macro_majority': 0.6808491582084472, 'binary_majority': 0.3862433862433862, 'run_time_millis': 8114.3467310175765, 'loss_mean': 0.09396053105592728}
Evaluating
{'accuracy': 0.9548435342843995, 'f1_weighted': 0.9611227965969501, 'macro': 0.6673671653520179, 'micro': 0.9548435342843995, 'binary': 0.3581357318070319, 'accuracy_majority': 0.9548321464903357, 'macro_majority': 0.6866384301508092, 'binary_majority': 0.39673913043478254, 'run_time_millis': 6115.8013949752785, 'loss_mean': 0.09442893415689468}
Device cuda
DATASET: GE'sadness, MODEL: sbertbase, 
Split type sit
DATASET: GE'sadness, MODEL: sbertbase, PERCENTAGE: 0.5, NUM_COMMENTS_PER_ANNO: 1468
Training Size: 20552, NTA labels 19984, YTA labels 568
Validation Size: 17384, NTA labels 16949, YTA labels 435
Test Size: 17386, NTA labels 16837, YTA labels 549
Training with SBERT, model name is sbert
Tokenizing the dataset
Number of training steps 6430
Epoch 0 **** Loss 0.013622031547129154 **** Metrics validation: {'accuracy': 0.8894385641969628, 'f1_weighted': 0.923031816991078, 'macro': 0.594772067498758, 'micro': 0.8894385641969628, 'binary': 0.24921874999999996, 'accuracy_majority': 0.890233977619532, 'macro_majority': 0.6108631655846007, 'binary_majority': 0.28114590273151235, 'run_time_millis': 8116.986893990543, 'loss_mean': 0.031198835000395775}
Epoch 1 **** Loss 0.017196988686919212 **** Metrics validation: {'accuracy': 0.8978946157386102, 'f1_weighted': 0.9280577169053431, 'macro': 0.6035538389461079, 'micro': 0.8978946157386102, 'binary': 0.26195426195426197, 'accuracy_majority': 0.8983723296032553, 'macro_majority': 0.6196191027698184, 'binary_majority': 0.2939929328621908, 'run_time_millis': 7823.456307989545, 'loss_mean': 0.03131813555955887}
Epoch 2 **** Loss 0.01923237182199955 **** Metrics validation: {'accuracy': 0.9305108145421077, 'f1_weighted': 0.9471436993368882, 'macro': 0.6385195875380074, 'micro': 0.9305108145421077, 'binary': 0.31363636363636366, 'accuracy_majority': 0.9306205493387589, 'macro_majority': 0.6569146132391699, 'binary_majority': 0.3504761904761905, 'run_time_millis': 8143.244038015837, 'loss_mean': 0.03878210112452507}
Epoch 3 **** Loss 0.0009410066995769739 **** Metrics validation: {'accuracy': 0.9242406810860562, 'f1_weighted': 0.9435325709473978, 'macro': 0.632109042921791, 'micro': 0.9242406810860562, 'binary': 0.3042789223454833, 'accuracy_majority': 0.9236012207527976, 'macro_majority': 0.6477273969034323, 'binary_majority': 0.3359858532272325, 'run_time_millis': 8103.404728026362, 'loss_mean': 0.04270014539361}
Epoch 4 **** Loss 0.0004980180528946221 **** Metrics validation: {'accuracy': 0.9513920846755637, 'f1_weighted': 0.9593162665017906, 'macro': 0.6665647258344332, 'micro': 0.9513920846755636, 'binary': 0.35839028094153386, 'accuracy_majority': 0.9498474059003051, 'macro_majority': 0.6814728653586796, 'binary_majority': 0.3890954151177199, 'run_time_millis': 8140.016220015241, 'loss_mean': 0.06519955396652222}
Epoch 5 **** Loss 0.008164034225046635 **** Metrics validation: {'accuracy': 0.9459848136217212, 'f1_weighted': 0.956160682013105, 'macro': 0.6587371588001595, 'micro': 0.9459848136217212, 'binary': 0.3456445993031359, 'accuracy_majority': 0.9448626653102746, 'macro_majority': 0.6755057140024181, 'binary_majority': 0.3798627002288329, 'run_time_millis': 8132.48061601189, 'loss_mean': 0.06946611404418945}
Epoch 6 **** Loss 0.00011531889322213829 **** Metrics validation: {'accuracy': 0.9496663598711459, 'f1_weighted': 0.9583757563661026, 'macro': 0.6654491296497782, 'micro': 0.9496663598711459, 'binary': 0.35709037472446736, 'accuracy_majority': 0.948118006103764, 'macro_majority': 0.6792288644754269, 'binary_majority': 0.38554216867469876, 'run_time_millis': 8152.800218987977, 'loss_mean': 0.07815340906381607}
Epoch 7 **** Loss 0.04228184372186661 **** Metrics validation: {'accuracy': 0.9473078693051081, 'f1_weighted': 0.9567755918535642, 'macro': 0.6572545762114149, 'micro': 0.9473078693051081, 'binary': 0.34195402298850575, 'accuracy_majority': 0.946795523906409, 'macro_majority': 0.675901331239873, 'binary_majority': 0.37959667852906287, 'run_time_millis': 8144.327026995597, 'loss_mean': 0.0811244547367096}
Epoch 8 **** Loss 0.021907813847064972 **** Metrics validation: {'accuracy': 0.954325816843074, 'f1_weighted': 0.9608143149122416, 'macro': 0.6664432788841321, 'micro': 0.954325816843074, 'binary': 0.3565640194489465, 'accuracy_majority': 0.9534079348931841, 'macro_majority': 0.6825566719548739, 'binary_majority': 0.3893333333333333, 'run_time_millis': 8110.626079986105, 'loss_mean': 0.09516763687133789}
Epoch 9 **** Loss 2.7845893782796338e-05 **** Metrics validation: {'accuracy': 0.9558789691670502, 'f1_weighted': 0.9616906444593687, 'macro': 0.668192155843622, 'micro': 0.9558789691670502, 'binary': 0.35923141186299085, 'accuracy_majority': 0.9548321464903357, 'macro_majority': 0.6833287671550929, 'binary_majority': 0.3901098901098901, 'run_time_millis': 6121.569834009279, 'loss_mean': 0.09902755916118622}
Evaluating
{'accuracy': 0.9558789691670502, 'f1_weighted': 0.9616906444593687, 'macro': 0.668192155843622, 'micro': 0.9558789691670502, 'binary': 0.35923141186299085, 'accuracy_majority': 0.9548321464903357, 'macro_majority': 0.6833287671550929, 'binary_majority': 0.3901098901098901, 'run_time_millis': 8141.542493016459, 'loss_mean': 0.09902755916118622}
Device cuda
DATASET: GE'sadness, MODEL: sbertbase, 
Split type sit
DATASET: GE'sadness, MODEL: sbertbase, PERCENTAGE: 0.6, NUM_COMMENTS_PER_ANNO: 1761
Training Size: 24654, NTA labels 23985, YTA labels 669
Validation Size: 17384, NTA labels 16949, YTA labels 435
Test Size: 17386, NTA labels 16837, YTA labels 549
Training with SBERT, model name is sbert
Tokenizing the dataset
Number of training steps 7710
Epoch 0 **** Loss 0.015307411551475525 **** Metrics validation: {'accuracy': 0.9001955821445007, 'f1_weighted': 0.929438156973284, 'macro': 0.606420176556878, 'micro': 0.9001955821445007, 'binary': 0.26638477801268495, 'accuracy_majority': 0.8985757884028485, 'macro_majority': 0.6188894089783972, 'binary_majority': 0.2924059616749467, 'run_time_millis': 8102.546091016848, 'loss_mean': 0.03269714489579201}
Epoch 1 **** Loss 0.026568910107016563 **** Metrics validation: {'accuracy': 0.9360906580763921, 'f1_weighted': 0.9504715169973813, 'macro': 0.6471694681835716, 'micro': 0.9360906580763922, 'binary': 0.3278886872353297, 'accuracy_majority': 0.9358087487283825, 'macro_majority': 0.6647350391565765, 'binary_majority': 0.36326942482341074, 'run_time_millis': 8103.361081011826, 'loss_mean': 0.03273754194378853}
Epoch 2 **** Loss 0.016716014593839645 **** Metrics validation: {'accuracy': 0.9275195582144501, 'f1_weighted': 0.9454745762010689, 'macro': 0.6366108605437538, 'micro': 0.9275195582144501, 'binary': 0.31147540983606553, 'accuracy_majority': 0.92706002034588, 'macro_majority': 0.6544796664114032, 'binary_majority': 0.34758871701546856, 'run_time_millis': 6075.147239986109, 'loss_mean': 0.04056515544652939}
Epoch 3 **** Loss 0.0071798996068537235 **** Metrics validation: {'accuracy': 0.9305108145421077, 'f1_weighted': 0.9468962874746091, 'macro': 0.6329871227329302, 'micro': 0.9305108145421077, 'binary': 0.302540415704388, 'accuracy_majority': 0.9292980671414038, 'macro_majority': 0.648160726510492, 'binary_majority': 0.3336529242569511, 'run_time_millis': 8098.894741997356, 'loss_mean': 0.053759749978780746}
Epoch 4 **** Loss 6.095862408983521e-05 **** Metrics validation: {'accuracy': 0.9502416014726185, 'f1_weighted': 0.9584926877313434, 'macro': 0.6616333446451048, 'micro': 0.9502416014726185, 'binary': 0.34913468773513917, 'accuracy_majority': 0.9495422177009155, 'macro_majority': 0.6791539848716045, 'binary_majority': 0.38461538461538464, 'run_time_millis': 8088.166860979982, 'loss_mean': 0.07724232971668243}
Epoch 5 **** Loss 0.029602063819766045 **** Metrics validation: {'accuracy': 0.946617579383341, 'f1_weighted': 0.9564293681312783, 'macro': 0.6574775611507687, 'micro': 0.946617579383341, 'binary': 0.34277620396600567, 'accuracy_majority': 0.9458799593082401, 'macro_majority': 0.6772648716887244, 'binary_majority': 0.382830626450116, 'run_time_millis': 6087.026112014428, 'loss_mean': 0.08099725097417831}
Epoch 6 **** Loss 0.00019443697237875313 **** Metrics validation: {'accuracy': 0.9539231477220432, 'f1_weighted': 0.9606047168130174, 'macro': 0.6663662315640871, 'micro': 0.9539231477220432, 'binary': 0.35662650602409646, 'accuracy_majority': 0.9541200406917599, 'macro_majority': 0.6909679650413405, 'binary_majority': 0.40579710144927533, 'run_time_millis': 8095.419202989433, 'loss_mean': 0.098676398396492}
Epoch 7 **** Loss 0.0018926485208794475 **** Metrics validation: {'accuracy': 0.954958582604694, 'f1_weighted': 0.9608914923229279, 'macro': 0.6612704798247144, 'micro': 0.954958582604694, 'binary': 0.3458646616541354, 'accuracy_majority': 0.9550356052899288, 'macro_majority': 0.6839201622803992, 'binary_majority': 0.3911845730027548, 'run_time_millis': 8099.706209002761, 'loss_mean': 0.10232871770858765}
Epoch 8 **** Loss 3.469662624411285e-05 **** Metrics validation: {'accuracy': 0.9471928209848136, 'f1_weighted': 0.9565922529281925, 'macro': 0.6546034997901455, 'micro': 0.9471928209848135, 'binary': 0.3367052023121387, 'accuracy_majority': 0.9464903357070193, 'macro_majority': 0.6736724756127517, 'binary_majority': 0.3752969121140143, 'run_time_millis': 8094.246791995829, 'loss_mean': 0.09468871355056763}
Epoch 9 **** Loss 0.010710851289331913 **** Metrics validation: {'accuracy': 0.9536930510814542, 'f1_weighted': 0.960208518622981, 'macro': 0.6604970117127527, 'micro': 0.9536930510814542, 'binary': 0.34499593165174935, 'accuracy_majority': 0.9536113936927773, 'macro_majority': 0.6814950988751629, 'binary_majority': 0.3870967741935484, 'run_time_millis': 8094.953997991979, 'loss_mean': 0.10470175743103027}
Evaluating
{'accuracy': 0.954958582604694, 'f1_weighted': 0.9608914923229279, 'macro': 0.6612704798247144, 'micro': 0.954958582604694, 'binary': 0.3458646616541354, 'accuracy_majority': 0.9550356052899288, 'macro_majority': 0.6839201622803992, 'binary_majority': 0.3911845730027548, 'run_time_millis': 8108.413502981421, 'loss_mean': 0.10232871770858765}
Device cuda
DATASET: GE'sadness, MODEL: sbertbase, 
Split type sit
DATASET: GE'sadness, MODEL: sbertbase, PERCENTAGE: 0.7, NUM_COMMENTS_PER_ANNO: 2055
Training Size: 28770, NTA labels 27973, YTA labels 797
Validation Size: 17384, NTA labels 16949, YTA labels 435
Test Size: 17386, NTA labels 16837, YTA labels 549
Training with SBERT, model name is sbert
Tokenizing the dataset
Number of training steps 9000
Epoch 0 **** Loss 0.0028113587759435177 **** Metrics validation: {'accuracy': 0.9226300046019328, 'f1_weighted': 0.9425571902840518, 'macro': 0.6294482042188662, 'micro': 0.9226300046019328, 'binary': 0.29984383133784487, 'accuracy_majority': 0.9222787385554425, 'macro_majority': 0.6454531102943287, 'binary_majority': 0.33216783216783213, 'run_time_millis': 8098.056095011998, 'loss_mean': 0.03275885805487633}
Epoch 1 **** Loss 0.0028151189908385277 **** Metrics validation: {'accuracy': 0.9168775885872066, 'f1_weighted': 0.9392943948815138, 'macro': 0.6253069995090037, 'micro': 0.9168775885872066, 'binary': 0.2947779404587604, 'accuracy_majority': 0.917497456765005, 'macro_majority': 0.6420683353678804, 'binary_majority': 0.328086164043082, 'run_time_millis': 8092.936740984442, 'loss_mean': 0.033231642097234726}
Epoch 2 **** Loss 0.00034209323348477483 **** Metrics validation: {'accuracy': 0.9349401748734468, 'f1_weighted': 0.9500147107204914, 'macro': 0.650446858761291, 'micro': 0.9349401748734468, 'binary': 0.3350970017636684, 'accuracy_majority': 0.9343845371312309, 'macro_majority': 0.6680597093065108, 'binary_majority': 0.3707317073170731, 'run_time_millis': 6071.36330800131, 'loss_mean': 0.04151546582579613}
Epoch 3 **** Loss 0.00023299378517549485 **** Metrics validation: {'accuracy': 0.904452369995398, 'f1_weighted': 0.9320826177992824, 'macro': 0.6141133409816202, 'micro': 0.904452369995398, 'binary': 0.2793926247288503, 'accuracy_majority': 0.9045778229908443, 'macro_majority': 0.6305243394065911, 'binary_majority': 0.312316715542522, 'run_time_millis': 6073.337963985978, 'loss_mean': 0.045110706239938736}
Epoch 4 **** Loss 6.818133988417685e-05 **** Metrics validation: {'accuracy': 0.9399447768062587, 'f1_weighted': 0.9528148627913343, 'macro': 0.6543084021768124, 'micro': 0.9399447768062587, 'binary': 0.34007585335018964, 'accuracy_majority': 0.9392675483214649, 'macro_majority': 0.6708220001255345, 'binary_majority': 0.37355718782791186, 'run_time_millis': 8138.280739018228, 'loss_mean': 0.05764901265501976}
Epoch 5 **** Loss 3.060414019273594e-05 **** Metrics validation: {'accuracy': 0.9519098021168891, 'f1_weighted': 0.959828463243819, 'macro': 0.6717915252479593, 'micro': 0.9519098021168891, 'binary': 0.3685800604229607, 'accuracy_majority': 0.9509664292980672, 'macro_majority': 0.6889488837489732, 'binary_majority': 0.40346534653465344, 'run_time_millis': 8092.196174984565, 'loss_mean': 0.08177633583545685}
Epoch 6 **** Loss 0.1426377296447754 **** Metrics validation: {'accuracy': 0.9513920846755637, 'f1_weighted': 0.959497188910976, 'macro': 0.6704093026397022, 'micro': 0.9513920846755636, 'binary': 0.3660915228807202, 'accuracy_majority': 0.950762970498474, 'macro_majority': 0.6891308847758997, 'binary_majority': 0.40394088669950745, 'run_time_millis': 8095.346932008397, 'loss_mean': 0.08198578655719757}
Epoch 7 **** Loss 0.0018752793548628688 **** Metrics validation: {'accuracy': 0.9524275195582145, 'f1_weighted': 0.9598851718155433, 'macro': 0.6673538906337697, 'micro': 0.9524275195582145, 'binary': 0.35941130906274205, 'accuracy_majority': 0.9523906408952187, 'macro_majority': 0.6876059322033898, 'binary_majority': 0.39999999999999997, 'run_time_millis': 8101.039890025277, 'loss_mean': 0.09206288307905197}
Epoch 8 **** Loss 0.06367748975753784 **** Metrics validation: {'accuracy': 0.954958582604694, 'f1_weighted': 0.9612218467967031, 'macro': 0.6682146375422039, 'micro': 0.954958582604694, 'binary': 0.3597710547833197, 'accuracy_majority': 0.9546286876907426, 'macro_majority': 0.6892821777476774, 'binary_majority': 0.40214477211796246, 'run_time_millis': 8100.905038998462, 'loss_mean': 0.09624918550252914}
Epoch 9 **** Loss 0.007445455528795719 **** Metrics validation: {'accuracy': 0.9562241141279337, 'f1_weighted': 0.9618628849547081, 'macro': 0.6681131643447734, 'micro': 0.9562241141279337, 'binary': 0.3588879528222409, 'accuracy_majority': 0.9555442522889115, 'macro_majority': 0.6879090975336106, 'binary_majority': 0.3988995873452545, 'run_time_millis': 8112.762870994629, 'loss_mean': 0.10069876909255981}
Evaluating
{'accuracy': 0.9562241141279337, 'f1_weighted': 0.9618628849547081, 'macro': 0.6681131643447734, 'micro': 0.9562241141279337, 'binary': 0.3588879528222409, 'accuracy_majority': 0.9555442522889115, 'macro_majority': 0.6879090975336106, 'binary_majority': 0.3988995873452545, 'run_time_millis': 8097.241148003377, 'loss_mean': 0.10069876909255981}
Device cuda
DATASET: GE'sadness, MODEL: sbertbase, 
Split type sit
DATASET: GE'sadness, MODEL: sbertbase, PERCENTAGE: 0.8, NUM_COMMENTS_PER_ANNO: 2348
Training Size: 32872, NTA labels 31962, YTA labels 910
Validation Size: 17384, NTA labels 16949, YTA labels 435
Test Size: 17386, NTA labels 16837, YTA labels 549
Training with SBERT, model name is sbert
Tokenizing the dataset
Number of training steps 10280
Epoch 0 **** Loss 0.009041257202625275 **** Metrics validation: {'accuracy': 0.9052577082374598, 'f1_weighted': 0.932529029174181, 'macro': 0.6142544044752309, 'micro': 0.9052577082374599, 'binary': 0.2792122538293216, 'accuracy_majority': 0.9056968463886063, 'macro_majority': 0.6316053807612788, 'binary_majority': 0.31384159881569207, 'run_time_millis': 8098.716659995262, 'loss_mean': 0.034905195236206055}
Epoch 1 **** Loss 0.02143937163054943 **** Metrics validation: {'accuracy': 0.9211919005982513, 'f1_weighted': 0.9418268906045587, 'macro': 0.6303403961217784, 'micro': 0.9211919005982513, 'binary': 0.3024439918533605, 'accuracy_majority': 0.9215666327568668, 'macro_majority': 0.6482552412379172, 'binary_majority': 0.3381974248927038, 'run_time_millis': 8093.540725996718, 'loss_mean': 0.03715209662914276}
Epoch 2 **** Loss 0.01645800471305847 **** Metrics validation: {'accuracy': 0.9301656695812242, 'f1_weighted': 0.9471210178737951, 'macro': 0.6421094473906632, 'micro': 0.9301656695812242, 'binary': 0.3210290827740492, 'accuracy_majority': 0.9292980671414038, 'macro_majority': 0.6574457962005432, 'binary_majority': 0.3522833178005592, 'run_time_millis': 8098.965173005126, 'loss_mean': 0.0446448028087616}
Epoch 3 **** Loss 0.002007960807532072 **** Metrics validation: {'accuracy': 0.9372986654394846, 'f1_weighted': 0.9510277092177727, 'macro': 0.6454732227559798, 'micro': 0.9372986654394846, 'binary': 0.32382133995037216, 'accuracy_majority': 0.936826042726348, 'macro_majority': 0.6629542901808837, 'binary_majority': 0.3591331269349845, 'run_time_millis': 8128.710464021424, 'loss_mean': 0.05780351161956787}
Epoch 4 **** Loss 0.00011536561942193657 **** Metrics validation: {'accuracy': 0.9526576161988035, 'f1_weighted': 0.9598904667637658, 'macro': 0.6649687526161451, 'micro': 0.9526576161988035, 'binary': 0.35450980392156856, 'accuracy_majority': 0.9520854526958291, 'macro_majority': 0.6820849554627249, 'binary_majority': 0.38910505836575876, 'run_time_millis': 8092.047301994171, 'loss_mean': 0.08258029073476791}
Epoch 5 **** Loss 1.7043417756212875e-05 **** Metrics validation: {'accuracy': 0.942878508973769, 'f1_weighted': 0.954424087525599, 'macro': 0.6560458649826888, 'micro': 0.942878508973769, 'binary': 0.341948310139165, 'accuracy_majority': 0.9421159715157681, 'macro_majority': 0.6738936576165302, 'binary_majority': 0.3781420765027322, 'run_time_millis': 8092.271762987366, 'loss_mean': 0.07361222803592682}
Epoch 6 **** Loss 0.00961480662226677 **** Metrics validation: {'accuracy': 0.9508168430740911, 'f1_weighted': 0.9586469312590652, 'macro': 0.6586328331461553, 'micro': 0.9508168430740911, 'binary': 0.3428132205995388, 'accuracy_majority': 0.9500508646998983, 'macro_majority': 0.6750479076655698, 'binary_majority': 0.37611181702668356, 'run_time_millis': 8097.8603810071945, 'loss_mean': 0.09037948399782181}
Epoch 7 **** Loss 0.0005548937479034066 **** Metrics validation: {'accuracy': 0.9571445006902899, 'f1_weighted': 0.9624862848531751, 'macro': 0.6713502331505863, 'micro': 0.9571445006902899, 'binary': 0.36487638533674344, 'accuracy_majority': 0.9563580874872838, 'macro_majority': 0.6886777513855898, 'binary_majority': 0.39999999999999997, 'run_time_millis': 7086.13131698803, 'loss_mean': 0.10167616605758667}
Epoch 8 **** Loss 3.667845157906413e-05 **** Metrics validation: {'accuracy': 0.9554187758858721, 'f1_weighted': 0.9613167519227926, 'macro': 0.66527062343129, 'micro': 0.9554187758858721, 'binary': 0.3536280233527941, 'accuracy_majority': 0.9546286876907426, 'macro_majority': 0.6827403049446772, 'binary_majority': 0.389041095890411, 'run_time_millis': 8130.683730007149, 'loss_mean': 0.10372976958751678}
Epoch 9 **** Loss 2.5668474336271174e-05 **** Metrics validation: {'accuracy': 0.9569719282098481, 'f1_weighted': 0.9622962466293323, 'macro': 0.6692102653647984, 'micro': 0.9569719282098481, 'binary': 0.36068376068376073, 'accuracy_majority': 0.956561546286877, 'macro_majority': 0.6884516207135015, 'binary_majority': 0.39943741209563993, 'run_time_millis': 8094.19835000881, 'loss_mean': 0.10805270075798035}
Evaluating
{'accuracy': 0.9571445006902899, 'f1_weighted': 0.9624862848531751, 'macro': 0.6713502331505863, 'micro': 0.9571445006902899, 'binary': 0.36487638533674344, 'accuracy_majority': 0.9563580874872838, 'macro_majority': 0.6886777513855898, 'binary_majority': 0.39999999999999997, 'run_time_millis': 8099.241643009009, 'loss_mean': 0.10167616605758667}
Device cuda
DATASET: GE'sadness, MODEL: sbertbase, 
Split type sit
DATASET: GE'sadness, MODEL: sbertbase, PERCENTAGE: 0.9, NUM_COMMENTS_PER_ANNO: 2642
Training Size: 36988, NTA labels 35959, YTA labels 1029
Validation Size: 17384, NTA labels 16949, YTA labels 435
Test Size: 17386, NTA labels 16837, YTA labels 549
Training with SBERT, model name is sbert
Tokenizing the dataset
Number of training steps 11560
Epoch 0 **** Loss 0.027286017313599586 **** Metrics validation: {'accuracy': 0.9120455591348366, 'f1_weighted': 0.9364532642368495, 'macro': 0.6198241660006829, 'micro': 0.9120455591348366, 'binary': 0.2865142323845077, 'accuracy_majority': 0.9121057985757884, 'macro_majority': 0.635817520441613, 'binary_majority': 0.3186119873817035, 'run_time_millis': 7792.95371499029, 'loss_mean': 0.03642689064145088}
Epoch 1 **** Loss 0.019481811672449112 **** Metrics validation: {'accuracy': 0.9443741371375978, 'f1_weighted': 0.9556174145390274, 'macro': 0.665051713432286, 'micro': 0.9443741371375978, 'binary': 0.35917826375082834, 'accuracy_majority': 0.9441505595116989, 'macro_majority': 0.684041985349354, 'binary_majority': 0.3973655323819978, 'run_time_millis': 8105.667468014872, 'loss_mean': 0.03908918425440788}
Epoch 2 **** Loss 0.01734774187207222 **** Metrics validation: {'accuracy': 0.9355154164749194, 'f1_weighted': 0.9502446356121212, 'macro': 0.6488340720040058, 'micro': 0.9355154164749194, 'binary': 0.33154442456768035, 'accuracy_majority': 0.9354018311291964, 'macro_majority': 0.667685659984462, 'binary_majority': 0.36941410129096325, 'run_time_millis': 6082.399111997802, 'loss_mean': 0.04955294728279114}
Epoch 3 **** Loss 0.0159638412296772 **** Metrics validation: {'accuracy': 0.9526000920386563, 'f1_weighted': 0.9601577374524997, 'macro': 0.6712527458686777, 'micro': 0.9526000920386563, 'binary': 0.36712749615975426, 'accuracy_majority': 0.9519837232960325, 'macro_majority': 0.6895122520520018, 'binary_majority': 0.40404040404040403, 'run_time_millis': 8098.986709985184, 'loss_mean': 0.07205291837453842}
Epoch 4 **** Loss 0.0009549103560857475 **** Metrics validation: {'accuracy': 0.9436263230556834, 'f1_weighted': 0.9550108383510806, 'macro': 0.6603339016924767, 'micro': 0.9436263230556834, 'binary': 0.350132625994695, 'accuracy_majority': 0.9437436419125127, 'macro_majority': 0.6810737017384741, 'binary_majority': 0.39163916391639164, 'run_time_millis': 8116.562281007646, 'loss_mean': 0.06941065937280655}
Epoch 5 **** Loss 0.013560195453464985 **** Metrics validation: {'accuracy': 0.9486884491486425, 'f1_weighted': 0.9578216662439516, 'macro': 0.6643859714736491, 'micro': 0.9486884491486425, 'binary': 0.3554913294797688, 'accuracy_majority': 0.9488301119023398, 'macro_majority': 0.6875870952642986, 'binary_majority': 0.4019024970273484, 'run_time_millis': 8116.275148000568, 'loss_mean': 0.08096013218164444}
Epoch 6 **** Loss 0.008645803667604923 **** Metrics validation: {'accuracy': 0.9477680625862862, 'f1_weighted': 0.9572400096707262, 'macro': 0.6621084357981984, 'micro': 0.9477680625862862, 'binary': 0.35142857142857137, 'accuracy_majority': 0.9483214649033571, 'macro_majority': 0.686263008709625, 'binary_majority': 0.39952718676122934, 'run_time_millis': 8097.168954991503, 'loss_mean': 0.09132933616638184}
Epoch 7 **** Loss 0.0006235915934666991 **** Metrics validation: {'accuracy': 0.9499539806718822, 'f1_weighted': 0.9584241980001891, 'macro': 0.663324685427067, 'micro': 0.9499539806718822, 'binary': 0.35267857142857145, 'accuracy_majority': 0.9502543234994913, 'macro_majority': 0.6862891056883191, 'binary_majority': 0.39852398523985244, 'run_time_millis': 8094.610353000462, 'loss_mean': 0.09213589876890182}
Epoch 8 **** Loss 0.0031848796643316746 **** Metrics validation: {'accuracy': 0.9564542107685228, 'f1_weighted': 0.9616691770683099, 'macro': 0.6615996527662685, 'micro': 0.9564542107685228, 'binary': 0.34572169403630076, 'accuracy_majority': 0.9552390640895219, 'macro_majority': 0.6802648009483536, 'binary_majority': 0.3837535014005602, 'run_time_millis': 8097.98611298902, 'loss_mean': 0.10963898152112961}
Epoch 9 **** Loss 0.004098121076822281 **** Metrics validation: {'accuracy': 0.9554187758858721, 'f1_weighted': 0.9613167519227926, 'macro': 0.66527062343129, 'micro': 0.9554187758858721, 'binary': 0.3536280233527941, 'accuracy_majority': 0.9553407934893184, 'macro_majority': 0.6881304383238134, 'binary_majority': 0.399452804377565, 'run_time_millis': 8093.999258009717, 'loss_mean': 0.10825265198945999}
Evaluating
{'accuracy': 0.9564542107685228, 'f1_weighted': 0.9616691770683099, 'macro': 0.6615996527662685, 'micro': 0.9564542107685228, 'binary': 0.34572169403630076, 'accuracy_majority': 0.9552390640895219, 'macro_majority': 0.6802648009483536, 'binary_majority': 0.3837535014005602, 'run_time_millis': 8095.149557979312, 'loss_mean': 0.10963898152112961}
Device cuda
DATASET: GE'sadness, MODEL: sbertbase, 
Split type sit
DATASET: GE'sadness, MODEL: sbertbase, PERCENTAGE: 1.0, NUM_COMMENTS_PER_ANNO: 2936
Training Size: 41104, NTA labels 39933, YTA labels 1171
Validation Size: 17384, NTA labels 16949, YTA labels 435
Test Size: 17386, NTA labels 16837, YTA labels 549
Training with SBERT, model name is sbert
Tokenizing the dataset
Number of training steps 12850
Epoch 0 **** Loss 0.00559928547590971 **** Metrics validation: {'accuracy': 0.935630464795214, 'f1_weighted': 0.9503154611346708, 'macro': 0.6490632505138166, 'micro': 0.935630464795214, 'binary': 0.3319402985074627, 'accuracy_majority': 0.9346897253306206, 'macro_majority': 0.6630726237417397, 'binary_majority': 0.3605577689243028, 'run_time_millis': 8096.385529002873, 'loss_mean': 0.03643930330872536}
Epoch 1 **** Loss 0.019083932042121887 **** Metrics validation: {'accuracy': 0.9332719742291763, 'f1_weighted': 0.9490751296603069, 'macro': 0.6491058092123855, 'micro': 0.9332719742291763, 'binary': 0.3333333333333333, 'accuracy_majority': 0.9337741607324517, 'macro_majority': 0.6686354028373269, 'binary_majority': 0.3722275795564127, 'run_time_millis': 7374.932567006908, 'loss_mean': 0.03763923794031143}
Epoch 2 **** Loss 0.0032378702890127897 **** Metrics validation: {'accuracy': 0.9404049700874367, 'f1_weighted': 0.9533626591442285, 'macro': 0.6610357778821218, 'micro': 0.9404049700874367, 'binary': 0.35330836454431963, 'accuracy_majority': 0.94059003051882, 'macro_majority': 0.6814771216067697, 'binary_majority': 0.3941908713692946, 'run_time_millis': 7084.628444019472, 'loss_mean': 0.047781385481357574}
Epoch 3 **** Loss 0.002382563427090645 **** Metrics validation: {'accuracy': 0.9358030372756557, 'f1_weighted': 0.9503856503515082, 'macro': 0.6486096198569845, 'micro': 0.9358030372756557, 'binary': 0.33093525179856115, 'accuracy_majority': 0.9358087487283825, 'macro_majority': 0.6672772660125964, 'binary_majority': 0.36836836836836834, 'run_time_millis': 8102.800027991179, 'loss_mean': 0.059860363602638245}
Epoch 4 **** Loss 0.010931321419775486 **** Metrics validation: {'accuracy': 0.9495513115508514, 'f1_weighted': 0.9583905611643138, 'macro': 0.6670305449632776, 'micro': 0.9495513115508514, 'binary': 0.3603209336250912, 'accuracy_majority': 0.9492370295015259, 'macro_majority': 0.68722794795934, 'binary_majority': 0.4009603841536615, 'run_time_millis': 8098.66129301372, 'loss_mean': 0.07643472403287888}
Epoch 5 **** Loss 0.01644768938422203 **** Metrics validation: {'accuracy': 0.9377588587206627, 'f1_weighted': 0.9516651911055435, 'macro': 0.6541921690797393, 'micro': 0.9377588587206627, 'binary': 0.341047503045067, 'accuracy_majority': 0.9365208545269583, 'macro_majority': 0.6700303141412629, 'binary_majority': 0.3734939759036145, 'run_time_millis': 8100.076014990918, 'loss_mean': 0.07411516457796097}
Epoch 6 **** Loss 1.289346346311504e-05 **** Metrics validation: {'accuracy': 0.9515071329958582, 'f1_weighted': 0.9594807909342803, 'macro': 0.6688031150069038, 'micro': 0.9515071329958582, 'binary': 0.36281179138322, 'accuracy_majority': 0.9506612410986776, 'macro_majority': 0.6873831797456064, 'binary_majority': 0.40049443757725595, 'run_time_millis': 8095.034601981752, 'loss_mean': 0.09677177667617798}
Epoch 7 **** Loss 0.02976519986987114 **** Metrics validation: {'accuracy': 0.9540381960423377, 'f1_weighted': 0.9607517387168965, 'macro': 0.6682255019684473, 'micro': 0.9540381960423377, 'binary': 0.3602882305844676, 'accuracy_majority': 0.953204476093591, 'macro_majority': 0.6867809913508385, 'binary_majority': 0.39790575916230364, 'run_time_millis': 6076.447272993391, 'loss_mean': 0.10512567311525345}
Epoch 8 **** Loss 0.016773216426372528 **** Metrics validation: {'accuracy': 0.9566843074091118, 'f1_weighted': 0.962057318620154, 'macro': 0.667273573971813, 'micro': 0.9566843074091118, 'binary': 0.35695986336464564, 'accuracy_majority': 0.9557477110885045, 'macro_majority': 0.6860134967091648, 'binary_majority': 0.3949930458970793, 'run_time_millis': 8093.262227019295, 'loss_mean': 0.11046754568815231}
Epoch 9 **** Loss 0.007580495439469814 **** Metrics validation: {'accuracy': 0.9573170731707317, 'f1_weighted': 0.9624419222387707, 'macro': 0.6685816531082174, 'micro': 0.9573170731707317, 'binary': 0.3592400690846287, 'accuracy_majority': 0.9561546286876907, 'macro_majority': 0.6872263656111637, 'binary_majority': 0.3972027972027972, 'run_time_millis': 8096.135321015026, 'loss_mean': 0.11390034109354019}
Evaluating
{'accuracy': 0.9573170731707317, 'f1_weighted': 0.9624419222387707, 'macro': 0.6685816531082174, 'micro': 0.9573170731707317, 'binary': 0.3592400690846287, 'accuracy_majority': 0.9561546286876907, 'macro_majority': 0.6872263656111637, 'binary_majority': 0.3972027972027972, 'run_time_millis': 8090.033629006939, 'loss_mean': 0.11390034109354019}
