Device cuda
Split type sit
Training Size: 40210, NTA labels 34626, YTA labels 5584
Validation Size: 13457, NTA labels 11569, YTA labels 1888
Test Size: 13371, NTA labels 11486, YTA labels 1885
Training with SBERT, model name is sbert
Tokenizing the dataset
Number of training steps 12570
Epoch 0 **** Loss 0.11306779831647873 **** Metrics validation: {'accuracy': 0.8382254588689901, 'f1_weighted': 0.8433079133703724, 'macro': 0.6861090570512558, 'micro': 0.8382254588689901, 'binary': 0.46759598923942286, 'accuracy_majority': 0.8713114754098361, 'macro_majority': 0.7099197334544904, 'binary_majority': 0.4935483870967742, 'run_time_millis': 11152.999109999655, 'loss_mean': 0.16637402772903442}
Epoch 1 **** Loss 0.19069747626781464 **** Metrics validation: {'accuracy': 0.8095415025637215, 'f1_weighted': 0.8248721928206835, 'macro': 0.672337339400694, 'micro': 0.8095415025637216, 'binary': 0.4603074331438198, 'accuracy_majority': 0.8366803278688525, 'macro_majority': 0.6820857559891944, 'binary_majority': 0.46039268788083954, 'run_time_millis': 11131.601445000342, 'loss_mean': 0.1702195107936859}
Epoch 2 **** Loss 0.2138272374868393 **** Metrics validation: {'accuracy': 0.851452775507171, 'f1_weighted': 0.850359903729157, 'macro': 0.6875892624529719, 'micro': 0.8514527755071711, 'binary': 0.46133117758016706, 'accuracy_majority': 0.8870901639344262, 'macro_majority': 0.7188474216509693, 'binary_majority': 0.5013574660633483, 'run_time_millis': 11175.03200200008, 'loss_mean': 0.17884127795696259}
Epoch 3 **** Loss 0.10312504321336746 **** Metrics validation: {'accuracy': 0.8351044066285205, 'f1_weighted': 0.8400745734876129, 'macro': 0.6791508766218155, 'micro': 0.8351044066285206, 'binary': 0.45546012269938646, 'accuracy_majority': 0.8672131147540983, 'macro_majority': 0.7002683162727354, 'binary_majority': 0.47657512116316636, 'run_time_millis': 11123.692034998385, 'loss_mean': 0.19430893659591675}
Epoch 4 **** Loss 0.17896828055381775 **** Metrics validation: {'accuracy': 0.8105818533105447, 'f1_weighted': 0.8249657924725832, 'macro': 0.6700704476141903, 'micro': 0.8105818533105448, 'binary': 0.45475935828877007, 'accuracy_majority': 0.8391393442622951, 'macro_majority': 0.6804385569550202, 'binary_majority': 0.45523941707147814, 'run_time_millis': 11178.441365000253, 'loss_mean': 0.21789610385894775}
Epoch 5 **** Loss 0.1130698025226593 **** Metrics validation: {'accuracy': 0.8226945084342722, 'f1_weighted': 0.8325166028174958, 'macro': 0.674563619887283, 'micro': 0.8226945084342723, 'binary': 0.4550022841480128, 'accuracy_majority': 0.8530737704918033, 'macro_majority': 0.6896907416724379, 'binary_majority': 0.4645257654966393, 'run_time_millis': 9873.27300799916, 'loss_mean': 0.24561676383018494}
Epoch 6 **** Loss 0.08727238327264786 **** Metrics validation: {'accuracy': 0.8198706992643234, 'f1_weighted': 0.830705078744099, 'macro': 0.6732161481979917, 'micro': 0.8198706992643234, 'binary': 0.4542998649257091, 'accuracy_majority': 0.85, 'macro_majority': 0.6873109243697479, 'binary_majority': 0.46176470588235297, 'run_time_millis': 11142.230731999007, 'loss_mean': 0.2650772035121918}
Epoch 7 **** Loss 0.06206342205405235 **** Metrics validation: {'accuracy': 0.8192019023556514, 'f1_weighted': 0.8301684131282543, 'macro': 0.6724168666355801, 'micro': 0.8192019023556514, 'binary': 0.4531355360755226, 'accuracy_majority': 0.8497950819672131, 'macro_majority': 0.6878448928478709, 'binary_majority': 0.4630036630036631, 'run_time_millis': 11141.211879001276, 'loss_mean': 0.2753322422504425}
Epoch 8 **** Loss 0.08565349131822586 **** Metrics validation: {'accuracy': 0.8192762131232816, 'f1_weighted': 0.8300408695599812, 'macro': 0.6716629987944981, 'micro': 0.8192762131232815, 'binary': 0.4515110509697789, 'accuracy_majority': 0.8502049180327869, 'macro_majority': 0.6871594881674974, 'binary_majority': 0.46131171702284446, 'run_time_millis': 11146.005710999816, 'loss_mean': 0.2925638258457184}
Epoch 9 **** Loss 0.11183598637580872 **** Metrics validation: {'accuracy': 0.8160065393475514, 'f1_weighted': 0.8279906183486447, 'macro': 0.6703576444225787, 'micro': 0.8160065393475514, 'binary': 0.451241134751773, 'accuracy_majority': 0.8452868852459017, 'macro_majority': 0.6827444550672757, 'binary_majority': 0.455659697188176, 'run_time_millis': 11140.51528500022, 'loss_mean': 0.29225781559944153}
Evaluating
{'accuracy': 0.851452775507171, 'f1_weighted': 0.850359903729157, 'macro': 0.6875892624529719, 'micro': 0.8514527755071711, 'binary': 0.46133117758016706, 'accuracy_majority': 0.8870901639344262, 'macro_majority': 0.7188474216509693, 'binary_majority': 0.5013574660633483, 'run_time_millis': 10196.723810999174, 'loss_mean': 0.17884127795696259}
