Device cuda
Split type sit
Training Size: 70, NTA labels 63, YTA labels 7
Validation Size: 2637, NTA labels 2319, YTA labels 318
Test Size: 2578, NTA labels 2315, YTA labels 263
Training with SBERT, model name is sbert
Tokenizing the dataset
Number of training steps 30
Epoch 0 **** Loss 0.06874556094408035 **** Metrics validation: {'accuracy': 0.4012135001896094, 'f1_weighted': 0.4823605421826521, 'macro': 0.3614556791684462, 'micro': 0.4012135001896094, 'binary': 0.202122283981809, 'accuracy_majority': 0.399108138238573, 'macro_majority': 0.35109311436597485, 'binary_majority': 0.17457886676875958, 'run_time_millis': 2182.8464958816767, 'loss_mean': 0.13595958054065704}
Epoch 1 **** Loss 0.0693751648068428 **** Metrics validation: {'accuracy': 0.45051194539249145, 'f1_weighted': 0.5354422197114983, 'macro': 0.39105353754299155, 'micro': 0.45051194539249145, 'binary': 0.20077220077220082, 'accuracy_majority': 0.45484949832775917, 'macro_majority': 0.38619160967745997, 'binary_majority': 0.18090452261306533, 'run_time_millis': 3146.689074113965, 'loss_mean': 0.13595643639564514}
Epoch 2 **** Loss 0.06668583303689957 **** Metrics validation: {'accuracy': 0.5108077360637088, 'f1_weighted': 0.5939987152595213, 'macro': 0.4213170250408274, 'micro': 0.5108077360637088, 'binary': 0.19375, 'accuracy_majority': 0.5161649944258639, 'macro_majority': 0.4163168247951925, 'binary_majority': 0.17490494296577946, 'run_time_millis': 3446.230028057471, 'loss_mean': 0.1360219568014145}
Epoch 3 **** Loss 0.1669486165046692 **** Metrics validation: {'accuracy': 0.5460750853242321, 'f1_weighted': 0.6250084584776963, 'macro': 0.43809049435925623, 'micro': 0.5460750853242321, 'binary': 0.19176232275489535, 'accuracy_majority': 0.5562987736900781, 'macro_majority': 0.4398394547234705, 'binary_majority': 0.1844262295081967, 'run_time_millis': 3807.9346490558237, 'loss_mean': 0.13605046272277832}
Epoch 4 **** Loss 0.16365836560726166 **** Metrics validation: {'accuracy': 0.5616230565036026, 'f1_weighted': 0.6380301257162065, 'macro': 0.4488091535696462, 'micro': 0.5616230565036026, 'binary': 0.19944598337950137, 'accuracy_majority': 0.5741360089186176, 'macro_majority': 0.45234944380514, 'binary_majority': 0.1940928270042194, 'run_time_millis': 3803.083813050762, 'loss_mean': 0.13601306080818176}
Epoch 5 **** Loss 0.06424397975206375 **** Metrics validation: {'accuracy': 0.5646568069776261, 'f1_weighted': 0.6405299922103753, 'macro': 0.45309512350576875, 'micro': 0.5646568069776261, 'binary': 0.20608575380359614, 'accuracy_majority': 0.5752508361204013, 'macro_majority': 0.45451977175691316, 'binary_majority': 0.19789473684210523, 'run_time_millis': 3813.3438958320767, 'loss_mean': 0.13594813644886017}
Epoch 6 **** Loss 0.057026296854019165 **** Metrics validation: {'accuracy': 0.5673113386423967, 'f1_weighted': 0.6427407484158073, 'macro': 0.45430847755863546, 'micro': 0.5673113386423967, 'binary': 0.20598469032707026, 'accuracy_majority': 0.5774804905239688, 'macro_majority': 0.4559138201727502, 'binary_majority': 0.19873150105708245, 'run_time_millis': 3812.270517926663, 'loss_mean': 0.1359221339225769}
Epoch 7 **** Loss 0.06131767854094505 **** Metrics validation: {'accuracy': 0.5752749336367083, 'f1_weighted': 0.6493136254601675, 'macro': 0.45839684409580966, 'micro': 0.5752749336367083, 'binary': 0.2067988668555241, 'accuracy_majority': 0.5886287625418061, 'macro_majority': 0.46289429828333495, 'binary_majority': 0.20302375809935205, 'run_time_millis': 3803.925664862618, 'loss_mean': 0.13591985404491425}
Epoch 8 **** Loss 0.058007270097732544 **** Metrics validation: {'accuracy': 0.5805839969662495, 'f1_weighted': 0.653609420374052, 'macro': 0.4587775907220352, 'micro': 0.5805839969662495, 'binary': 0.20202020202020202, 'accuracy_majority': 0.5942028985507246, 'macro_majority': 0.46329804720888945, 'binary_majority': 0.19823788546255505, 'run_time_millis': 3813.4364360012114, 'loss_mean': 0.13592445850372314}
Epoch 9 **** Loss 0.2241983860731125 **** Metrics validation: {'accuracy': 0.5832385286310201, 'f1_weighted': 0.6557631198018574, 'macro': 0.4604445371196966, 'micro': 0.5832385286310201, 'binary': 0.20304568527918782, 'accuracy_majority': 0.5964325529542921, 'macro_majority': 0.4646841987259803, 'binary_majority': 0.19911504424778764, 'run_time_millis': 3508.259942056611, 'loss_mean': 0.13592597842216492}
Evaluating
{'accuracy': 0.5832385286310201, 'f1_weighted': 0.6557631198018574, 'macro': 0.4604445371196966, 'micro': 0.5832385286310201, 'binary': 0.20304568527918782, 'accuracy_majority': 0.5964325529542921, 'macro_majority': 0.4646841987259803, 'binary_majority': 0.19911504424778764, 'run_time_millis': 3806.994173908606, 'loss_mean': 0.13592597842216492}
Device cuda
Split type sit
Training Size: 154, NTA labels 135, YTA labels 19
Validation Size: 2637, NTA labels 2319, YTA labels 318
Test Size: 2578, NTA labels 2315, YTA labels 263
Training with SBERT, model name is sbert
Tokenizing the dataset
Number of training steps 50
Epoch 0 **** Loss 0.1605866551399231 **** Metrics validation: {'accuracy': 0.45809632157755026, 'f1_weighted': 0.5437627752913071, 'macro': 0.3932635883894392, 'micro': 0.45809632157755026, 'binary': 0.19492957746478873, 'accuracy_majority': 0.45819397993311034, 'macro_majority': 0.38416529168456026, 'binary_majority': 0.17064846416382257, 'run_time_millis': 3806.929433019832, 'loss_mean': 0.1488596349954605}
Epoch 1 **** Loss 0.16202524304389954 **** Metrics validation: {'accuracy': 0.4630261660978385, 'f1_weighted': 0.5483360671267637, 'macro': 0.3972695963666933, 'micro': 0.4630261660978385, 'binary': 0.19818799546998866, 'accuracy_majority': 0.46265328874024525, 'macro_majority': 0.38923389010690956, 'binary_majority': 0.17747440273037543, 'run_time_millis': 3801.427426049486, 'loss_mean': 0.1487688273191452}
Epoch 2 **** Loss 0.1402127593755722 **** Metrics validation: {'accuracy': 0.4539249146757679, 'f1_weighted': 0.5392094794166123, 'macro': 0.3920936052386557, 'micro': 0.4539249146757679, 'binary': 0.19821826280623608, 'accuracy_majority': 0.45484949832775917, 'macro_majority': 0.38515569697436947, 'binary_majority': 0.1781512605042017, 'run_time_millis': 3810.179204912856, 'loss_mean': 0.14874689280986786}
Epoch 3 **** Loss 0.17009632289409637 **** Metrics validation: {'accuracy': 0.4634053849070914, 'f1_weighted': 0.5491582410948466, 'macro': 0.3958146617993165, 'micro': 0.4634053849070914, 'binary': 0.19373219373219372, 'accuracy_majority': 0.4659977703455964, 'macro_majority': 0.39033533734514075, 'binary_majority': 0.17555938037865745, 'run_time_millis': 3803.091601934284, 'loss_mean': 0.14872297644615173}
Epoch 4 **** Loss 0.15324600040912628 **** Metrics validation: {'accuracy': 0.47857413727720893, 'f1_weighted': 0.5637165959889872, 'macro': 0.4052328193543191, 'micro': 0.47857413727720893, 'binary': 0.19637638807714786, 'accuracy_majority': 0.48049052396878483, 'macro_majority': 0.3985998089340593, 'binary_majority': 0.176678445229682, 'run_time_millis': 3346.034958027303, 'loss_mean': 0.1486912965774536}
Epoch 5 **** Loss 0.09967692196369171 **** Metrics validation: {'accuracy': 0.49108835798255596, 'f1_weighted': 0.5755011125110946, 'macro': 0.41277479091995223, 'micro': 0.49108835798255596, 'binary': 0.1983273596176822, 'accuracy_majority': 0.49498327759197325, 'macro_majority': 0.4079018116697, 'binary_majority': 0.18083182640144665, 'run_time_millis': 3803.743202937767, 'loss_mean': 0.14869271218776703}
Epoch 6 **** Loss 0.17305319011211395 **** Metrics validation: {'accuracy': 0.5070155479711794, 'f1_weighted': 0.5905611375433856, 'macro': 0.41927555892249957, 'micro': 0.5070155479711794, 'binary': 0.1935483870967742, 'accuracy_majority': 0.5105908584169454, 'macro_majority': 0.4141119127289607, 'binary_majority': 0.17636022514071292, 'run_time_millis': 3801.5372280497104, 'loss_mean': 0.14869025349617004}
Epoch 7 **** Loss 0.13080917298793793 **** Metrics validation: {'accuracy': 0.5168752370117558, 'f1_weighted': 0.5993443881124957, 'macro': 0.4256383130045162, 'micro': 0.5168752370117558, 'binary': 0.19672131147540983, 'accuracy_majority': 0.5195094760312151, 'macro_majority': 0.4197050545986716, 'binary_majority': 0.17904761904761904, 'run_time_millis': 3801.509717013687, 'loss_mean': 0.14869587123394012}
Epoch 8 **** Loss 0.1313304603099823 **** Metrics validation: {'accuracy': 0.5252180508153205, 'f1_weighted': 0.6068017524163818, 'macro': 0.4297421136921698, 'micro': 0.5252180508153205, 'binary': 0.196405648267009, 'accuracy_majority': 0.5273132664437012, 'macro_majority': 0.4232630927684973, 'binary_majority': 0.17829457364341086, 'run_time_millis': 3800.541801843792, 'loss_mean': 0.1487027108669281}
Epoch 9 **** Loss 0.12510408461093903 **** Metrics validation: {'accuracy': 0.5301478953356087, 'f1_weighted': 0.6111618217739251, 'macro': 0.43203600210202325, 'micro': 0.5301478953356087, 'binary': 0.19597663854639844, 'accuracy_majority': 0.5328874024526199, 'macro_majority': 0.4253736249455329, 'binary_majority': 0.17681728880157171, 'run_time_millis': 3799.0630278363824, 'loss_mean': 0.14870451390743256}
Evaluating
{'accuracy': 0.5301478953356087, 'f1_weighted': 0.6111618217739251, 'macro': 0.43203600210202325, 'micro': 0.5301478953356087, 'binary': 0.19597663854639844, 'accuracy_majority': 0.5328874024526199, 'macro_majority': 0.4253736249455329, 'binary_majority': 0.17681728880157171, 'run_time_millis': 3797.286591026932, 'loss_mean': 0.14870451390743256}
Device cuda
Split type sit
Training Size: 238, NTA labels 201, YTA labels 37
Validation Size: 2637, NTA labels 2319, YTA labels 318
Test Size: 2578, NTA labels 2315, YTA labels 263
Training with SBERT, model name is sbert
Tokenizing the dataset
Number of training steps 80
Epoch 0 **** Loss 0.14184464514255524 **** Metrics validation: {'accuracy': 0.4838832006067501, 'f1_weighted': 0.5682349505281763, 'macro': 0.41093033580984095, 'micro': 0.4838832006067501, 'binary': 0.20362785254534815, 'accuracy_majority': 0.48272017837235226, 'macro_majority': 0.39887692378795586, 'binary_majority': 0.17437722419928825, 'run_time_millis': 3804.808349814266, 'loss_mean': 0.16559109091758728}
Epoch 1 **** Loss 0.17218421399593353 **** Metrics validation: {'accuracy': 0.4800910125142207, 'f1_weighted': 0.5620023601657381, 'macro': 0.4188542320865361, 'micro': 0.4800910125142207, 'binary': 0.23020774845592362, 'accuracy_majority': 0.48049052396878483, 'macro_majority': 0.40950828379630677, 'binary_majority': 0.20477815699658702, 'run_time_millis': 3802.17218818143, 'loss_mean': 0.16505254805088043}
Epoch 2 **** Loss 0.17063799500465393 **** Metrics validation: {'accuracy': 0.5574516496018203, 'f1_weighted': 0.6333793156763704, 'macro': 0.4698365171670326, 'micro': 0.5574516496018203, 'binary': 0.25431309904153354, 'accuracy_majority': 0.5574136008918618, 'macro_majority': 0.45936373228477956, 'binary_majority': 0.229126213592233, 'run_time_millis': 3801.469465950504, 'loss_mean': 0.16439731419086456}
Epoch 3 **** Loss 0.16637949645519257 **** Metrics validation: {'accuracy': 0.5813424345847554, 'f1_weighted': 0.6538346297979981, 'macro': 0.48899726318243164, 'micro': 0.5813424345847554, 'binary': 0.2717678100263852, 'accuracy_majority': 0.5819397993311036, 'macro_majority': 0.47946085220634327, 'binary_majority': 0.24849699398797592, 'run_time_millis': 3803.6520208697766, 'loss_mean': 0.16391147673130035}
Epoch 4 **** Loss 0.1354215443134308 **** Metrics validation: {'accuracy': 0.5968904057641259, 'f1_weighted': 0.6670471073491371, 'macro': 0.49892308355080517, 'micro': 0.5968904057641259, 'binary': 0.2773623385452073, 'accuracy_majority': 0.5953177257525084, 'macro_majority': 0.4871177336914147, 'binary_majority': 0.2515463917525773, 'run_time_millis': 2537.8914210014045, 'loss_mean': 0.163412407040596}
Epoch 5 **** Loss 0.15189966559410095 **** Metrics validation: {'accuracy': 0.6344330678801668, 'f1_weighted': 0.6979967727830436, 'macro': 0.5247120677276536, 'micro': 0.6344330678801668, 'binary': 0.29635036496350364, 'accuracy_majority': 0.6321070234113713, 'macro_majority': 0.5105654761904762, 'binary_majority': 0.26666666666666666, 'run_time_millis': 3803.3487470820546, 'loss_mean': 0.1628410518169403}
Epoch 6 **** Loss 0.095652274787426 **** Metrics validation: {'accuracy': 0.6465680697762609, 'f1_weighted': 0.7076393321144653, 'macro': 0.5305326713336725, 'micro': 0.6465680697762609, 'binary': 0.2971342383107089, 'accuracy_majority': 0.6454849498327759, 'macro_majority': 0.5182371539365771, 'binary_majority': 0.27064220183486243, 'run_time_millis': 3800.382449058816, 'loss_mean': 0.16233006119728088}
Epoch 7 **** Loss 0.1311878114938736 **** Metrics validation: {'accuracy': 0.6674251042851725, 'f1_weighted': 0.7237526031328977, 'macro': 0.5404821556624946, 'micro': 0.6674251042851725, 'binary': 0.298960831334932, 'accuracy_majority': 0.6666666666666666, 'macro_majority': 0.5281547044138681, 'binary_majority': 0.2725060827250608, 'run_time_millis': 3798.515920061618, 'loss_mean': 0.16185994446277618}
Epoch 8 **** Loss 0.16398604214191437 **** Metrics validation: {'accuracy': 0.6738718240424725, 'f1_weighted': 0.7285320431631972, 'macro': 0.5425199709513435, 'micro': 0.6738718240424725, 'binary': 0.2973856209150326, 'accuracy_majority': 0.6755852842809364, 'macro_majority': 0.532706281675567, 'binary_majority': 0.2743142144638404, 'run_time_millis': 3804.372353013605, 'loss_mean': 0.16157886385917664}
Epoch 9 **** Loss 0.15291425585746765 **** Metrics validation: {'accuracy': 0.6818354190367842, 'f1_weighted': 0.7346577195371524, 'macro': 0.5482425108929959, 'micro': 0.6818354190367842, 'binary': 0.30257689110556935, 'accuracy_majority': 0.6833890746934225, 'macro_majority': 0.5398404647331686, 'binary_majority': 0.2828282828282828, 'run_time_millis': 3807.2635990101844, 'loss_mean': 0.16147278249263763}
Evaluating
{'accuracy': 0.6818354190367842, 'f1_weighted': 0.7346577195371524, 'macro': 0.5482425108929959, 'micro': 0.6818354190367842, 'binary': 0.30257689110556935, 'accuracy_majority': 0.6833890746934225, 'macro_majority': 0.5398404647331686, 'binary_majority': 0.2828282828282828, 'run_time_millis': 3294.7380740661174, 'loss_mean': 0.16147278249263763}
Device cuda
Split type sit
Training Size: 308, NTA labels 263, YTA labels 45
Validation Size: 2637, NTA labels 2319, YTA labels 318
Test Size: 2578, NTA labels 2315, YTA labels 263
Training with SBERT, model name is sbert
Tokenizing the dataset
Number of training steps 100
Epoch 0 **** Loss 0.13136708736419678 **** Metrics validation: {'accuracy': 0.33636708380735686, 'f1_weighted': 0.40077668567808655, 'macro': 0.3195133733556842, 'micro': 0.33636708380735686, 'binary': 0.21242124212421243, 'accuracy_majority': 0.33221850613154963, 'macro_majority': 0.31027369388543646, 'binary_majority': 0.18724559023066487, 'run_time_millis': 3803.120033117011, 'loss_mean': 0.16129755973815918}
Epoch 1 **** Loss 0.15202519297599792 **** Metrics validation: {'accuracy': 0.3640500568828214, 'f1_weighted': 0.43113463465248236, 'macro': 0.3439116066361785, 'micro': 0.36405005688282144, 'binary': 0.2289655172413793, 'accuracy_majority': 0.3612040133779264, 'macro_majority': 0.3362274370329044, 'binary_majority': 0.20746887966804978, 'run_time_millis': 3833.036038093269, 'loss_mean': 0.16070502996444702}
Epoch 2 **** Loss 0.2220412790775299 **** Metrics validation: {'accuracy': 0.42927569207432686, 'f1_weighted': 0.5070709718837996, 'macro': 0.3906398911816644, 'micro': 0.42927569207432686, 'binary': 0.23720223010643693, 'accuracy_majority': 0.42920847268673357, 'macro_majority': 0.3831938370956131, 'binary_majority': 0.21472392638036808, 'run_time_millis': 3801.840973086655, 'loss_mean': 0.16004067659378052}
Epoch 3 **** Loss 0.2723732590675354 **** Metrics validation: {'accuracy': 0.41827834660599167, 'f1_weighted': 0.4926904797683472, 'macro': 0.38618212607888125, 'micro': 0.4182783466059917, 'binary': 0.2458210422812193, 'accuracy_majority': 0.4158305462653289, 'macro_majority': 0.37734739296312, 'binary_majority': 0.22255192878338279, 'run_time_millis': 3804.400852881372, 'loss_mean': 0.1596032977104187}
Epoch 4 **** Loss 0.11327183246612549 **** Metrics validation: {'accuracy': 0.41069397042093286, 'f1_weighted': 0.48258081735183866, 'macro': 0.38254912005785924, 'micro': 0.41069397042093286, 'binary': 0.2507232401157184, 'accuracy_majority': 0.40914158305462656, 'macro_majority': 0.3759057971014493, 'binary_majority': 0.2318840579710145, 'run_time_millis': 3799.7065589297563, 'loss_mean': 0.15918941795825958}
Epoch 5 **** Loss 0.1602133810520172 **** Metrics validation: {'accuracy': 0.4854000758437618, 'f1_weighted': 0.562854791737822, 'macro': 0.43550320052663527, 'micro': 0.4854000758437618, 'binary': 0.26767404209390183, 'accuracy_majority': 0.483835005574136, 'macro_majority': 0.42722439438134846, 'binary_majority': 0.24715447154471545, 'run_time_millis': 1772.2317890729755, 'loss_mean': 0.15839679539203644}
Epoch 6 **** Loss 0.1319284737110138 **** Metrics validation: {'accuracy': 0.5301478953356087, 'f1_weighted': 0.60686899085844, 'macro': 0.4640607004945465, 'micro': 0.5301478953356087, 'binary': 0.2758620689655173, 'accuracy_majority': 0.5340022296544036, 'macro_majority': 0.46054660973055095, 'binary_majority': 0.26148409893992935, 'run_time_millis': 3798.067431896925, 'loss_mean': 0.15775221586227417}
Epoch 7 **** Loss 0.15046513080596924 **** Metrics validation: {'accuracy': 0.5582100872203262, 'f1_weighted': 0.6328743956687558, 'macro': 0.4811959375923011, 'micro': 0.5582100872203262, 'binary': 0.2813078346699568, 'accuracy_majority': 0.5607580824972129, 'macro_majority': 0.4758649123223311, 'binary_majority': 0.26492537313432835, 'run_time_millis': 2886.209108866751, 'loss_mean': 0.15725217759609222}
Epoch 8 **** Loss 0.2138320952653885 **** Metrics validation: {'accuracy': 0.5790671217292378, 'f1_weighted': 0.6514590312619597, 'macro': 0.49366359447004604, 'micro': 0.5790671217292378, 'binary': 0.28571428571428575, 'accuracy_majority': 0.5819397993311036, 'macro_majority': 0.4881329005574044, 'binary_majority': 0.26900584795321636, 'run_time_millis': 3801.8913730047643, 'loss_mean': 0.15691392123699188}
Epoch 9 **** Loss 0.12769059836864471 **** Metrics validation: {'accuracy': 0.5847554038680318, 'f1_weighted': 0.6563804399616843, 'macro': 0.49766316728903914, 'micro': 0.5847554038680318, 'binary': 0.28849902534113064, 'accuracy_majority': 0.5875139353400223, 'macro_majority': 0.49196985096925083, 'binary_majority': 0.27165354330708663, 'run_time_millis': 3293.33234205842, 'loss_mean': 0.15679199993610382}
Evaluating
{'accuracy': 0.5847554038680318, 'f1_weighted': 0.6563804399616843, 'macro': 0.49766316728903914, 'micro': 0.5847554038680318, 'binary': 0.28849902534113064, 'accuracy_majority': 0.5875139353400223, 'macro_majority': 0.49196985096925083, 'binary_majority': 0.27165354330708663, 'run_time_millis': 3799.5987669564784, 'loss_mean': 0.15679199993610382}
Device cuda
Split type sit
Training Size: 392, NTA labels 332, YTA labels 60
Validation Size: 2637, NTA labels 2319, YTA labels 318
Test Size: 2578, NTA labels 2315, YTA labels 263
Training with SBERT, model name is sbert
Tokenizing the dataset
Number of training steps 130
Epoch 0 **** Loss 0.10916288942098618 **** Metrics validation: {'accuracy': 0.3359878649981039, 'f1_weighted': 0.3957991025613359, 'macro': 0.32205770615712936, 'micro': 0.3359878649981039, 'binary': 0.22487826471890218, 'accuracy_majority': 0.3355629877369008, 'macro_majority': 0.31773492057009844, 'binary_majority': 0.2074468085106383, 'run_time_millis': 2789.7913800552487, 'loss_mean': 0.1649230271577835}
Epoch 1 **** Loss 0.16675978899002075 **** Metrics validation: {'accuracy': 0.42207053469852107, 'f1_weighted': 0.496823927519283, 'macro': 0.3890562480997264, 'micro': 0.42207053469852107, 'binary': 0.24703557312252966, 'accuracy_majority': 0.42474916387959866, 'macro_majority': 0.38612490450725745, 'binary_majority': 0.23214285714285715, 'run_time_millis': 3802.3002399131656, 'loss_mean': 0.16372497379779816}
Epoch 2 **** Loss 0.20848718285560608 **** Metrics validation: {'accuracy': 0.553280242700038, 'f1_weighted': 0.6284119476081025, 'macro': 0.47807340608706517, 'micro': 0.553280242700038, 'binary': 0.27995110024449876, 'accuracy_majority': 0.5562987736900781, 'macro_majority': 0.47389564151232566, 'binary_majority': 0.2656826568265683, 'run_time_millis': 3797.755087958649, 'loss_mean': 0.16235332190990448}
Epoch 3 **** Loss 0.19587282836437225 **** Metrics validation: {'accuracy': 0.533940083428138, 'f1_weighted': 0.6099030656728833, 'macro': 0.46903010230704895, 'micro': 0.533940083428138, 'binary': 0.2833819241982507, 'accuracy_majority': 0.5384615384615384, 'macro_majority': 0.46672161845461024, 'binary_majority': 0.27112676056338036, 'run_time_millis': 3801.8258928786963, 'loss_mean': 0.1614730954170227}
Epoch 4 **** Loss 0.19060176610946655 **** Metrics validation: {'accuracy': 0.5411452408039439, 'f1_weighted': 0.6163721208196656, 'macro': 0.4751629398520678, 'micro': 0.5411452408039439, 'binary': 0.2890716803760282, 'accuracy_majority': 0.5440356744704571, 'macro_majority': 0.47165765389517345, 'binary_majority': 0.2761061946902655, 'run_time_millis': 3802.8948390856385, 'loss_mean': 0.16040001809597015}
Epoch 5 **** Loss 0.19228877127170563 **** Metrics validation: {'accuracy': 0.5616230565036026, 'f1_weighted': 0.6352518704015736, 'macro': 0.4885075909097011, 'micro': 0.5616230565036026, 'binary': 0.29512195121951224, 'accuracy_majority': 0.5641025641025641, 'macro_majority': 0.4847591834935838, 'binary_majority': 0.2825688073394495, 'run_time_millis': 2889.123076107353, 'loss_mean': 0.159014031291008}
Epoch 6 **** Loss 0.12338989973068237 **** Metrics validation: {'accuracy': 0.5813424345847554, 'f1_weighted': 0.6528800349335082, 'macro': 0.5015621297560722, 'micro': 0.5813424345847554, 'binary': 0.30214917825537296, 'accuracy_majority': 0.5841694537346711, 'macro_majority': 0.49891195116435455, 'binary_majority': 0.2922201138519924, 'run_time_millis': 2844.5801201742142, 'loss_mean': 0.15786197781562805}
Epoch 7 **** Loss 0.10619090497493744 **** Metrics validation: {'accuracy': 0.6131968145620023, 'f1_weighted': 0.6804118024308194, 'macro': 0.5225512499360973, 'micro': 0.6131968145620023, 'binary': 0.31451612903225806, 'accuracy_majority': 0.6142697881828316, 'macro_majority': 0.5179277051543317, 'binary_majority': 0.3024193548387097, 'run_time_millis': 3806.0863299760967, 'loss_mean': 0.15664629638195038}
Epoch 8 **** Loss 0.13250276446342468 **** Metrics validation: {'accuracy': 0.6340538490709139, 'f1_weighted': 0.6978555392668996, 'macro': 0.5356354857952768, 'micro': 0.6340538490709139, 'binary': 0.3218552354181307, 'accuracy_majority': 0.6387959866220736, 'macro_majority': 0.5342380573860868, 'binary_majority': 0.3135593220338983, 'run_time_millis': 3804.1612189263105, 'loss_mean': 0.15583331882953644}
Epoch 9 **** Loss 0.19534827768802643 **** Metrics validation: {'accuracy': 0.6355707243079257, 'f1_weighted': 0.6991044953058075, 'macro': 0.5363246287670604, 'micro': 0.6355707243079257, 'binary': 0.32180663373323926, 'accuracy_majority': 0.6410256410256411, 'macro_majority': 0.5358456000514238, 'binary_majority': 0.3148936170212766, 'run_time_millis': 2080.5604718625546, 'loss_mean': 0.15555556118488312}
Evaluating
{'accuracy': 0.6355707243079257, 'f1_weighted': 0.6991044953058075, 'macro': 0.5363246287670604, 'micro': 0.6355707243079257, 'binary': 0.32180663373323926, 'accuracy_majority': 0.6410256410256411, 'macro_majority': 0.5358456000514238, 'binary_majority': 0.3148936170212766, 'run_time_millis': 3807.0726559963077, 'loss_mean': 0.15555556118488312}
Device cuda
Split type sit
Training Size: 784, NTA labels 675, YTA labels 109
Validation Size: 2637, NTA labels 2319, YTA labels 318
Test Size: 2578, NTA labels 2315, YTA labels 263
Training with SBERT, model name is sbert
Tokenizing the dataset
Number of training steps 250
Epoch 0 **** Loss 0.15168249607086182 **** Metrics validation: {'accuracy': 0.4482366325369738, 'f1_weighted': 0.5257027456705928, 'macro': 0.40692137219904373, 'micro': 0.4482366325369738, 'binary': 0.250386398763524, 'accuracy_majority': 0.4492753623188406, 'macro_majority': 0.40167701863354033, 'binary_majority': 0.2329192546583851, 'run_time_millis': 3814.0722471289337, 'loss_mean': 0.1566391885280609}
Epoch 1 **** Loss 0.15300846099853516 **** Metrics validation: {'accuracy': 0.5237011755783086, 'f1_weighted': 0.5998581644213667, 'macro': 0.46355214056183275, 'micro': 0.5237011755783086, 'binary': 0.2839224629418472, 'accuracy_majority': 0.5261984392419174, 'macro_majority': 0.4600311892273939, 'binary_majority': 0.2710120068610635, 'run_time_millis': 3800.88252783753, 'loss_mean': 0.15422774851322174}
Epoch 2 **** Loss 0.16846486926078796 **** Metrics validation: {'accuracy': 0.6427758816837316, 'f1_weighted': 0.705047709985248, 'macro': 0.5444730599448685, 'micro': 0.6427758816837316, 'binary': 0.3328611898016997, 'accuracy_majority': 0.6465997770345596, 'macro_majority': 0.5424242668061311, 'binary_majority': 0.3240938166311301, 'run_time_millis': 3249.924812000245, 'loss_mean': 0.14936311542987823}
Epoch 3 **** Loss 0.13295485079288483 **** Metrics validation: {'accuracy': 0.6723549488054608, 'f1_weighted': 0.7285458460726457, 'macro': 0.5571464780366138, 'micro': 0.6723549488054608, 'binary': 0.3312693498452013, 'accuracy_majority': 0.6755852842809364, 'macro_majority': 0.5542457542457542, 'binary_majority': 0.32167832167832167, 'run_time_millis': 3809.423733036965, 'loss_mean': 0.1437670737504959}
Epoch 4 **** Loss 0.09807444363832474 **** Metrics validation: {'accuracy': 0.7353052711414486, 'f1_weighted': 0.776068941935618, 'macro': 0.596403511849422, 'micro': 0.7353052711414486, 'binary': 0.3596330275229358, 'accuracy_majority': 0.7469342251950948, 'macro_majority': 0.6047499344870091, 'binary_majority': 0.36768802228412256, 'run_time_millis': 3801.4951669611037, 'loss_mean': 0.13904227316379547}
Epoch 5 **** Loss 0.045498669147491455 **** Metrics validation: {'accuracy': 0.7766401213500189, 'f1_weighted': 0.8048714153856488, 'macro': 0.6184330676454005, 'micro': 0.7766401213500189, 'binary': 0.37273695420660274, 'accuracy_majority': 0.79041248606466, 'macro_majority': 0.6315481288563387, 'binary_majority': 0.38961038961038963, 'run_time_millis': 3802.667804993689, 'loss_mean': 0.13799425959587097}
Epoch 6 **** Loss 0.10039425641298294 **** Metrics validation: {'accuracy': 0.7770193401592719, 'f1_weighted': 0.8056714486824955, 'macro': 0.6219122526729752, 'micro': 0.7770193401592719, 'binary': 0.37974683544303794, 'accuracy_majority': 0.7915273132664437, 'macro_majority': 0.6363090372561051, 'binary_majority': 0.3987138263665595, 'run_time_millis': 2941.386206075549, 'loss_mean': 0.13678331673145294}
Epoch 7 **** Loss 0.07261433452367783 **** Metrics validation: {'accuracy': 0.7914296549108836, 'f1_weighted': 0.8156120762088759, 'macro': 0.6309211410284077, 'micro': 0.7914296549108836, 'binary': 0.38752783964365256, 'accuracy_majority': 0.8071348940914158, 'macro_majority': 0.6471499091618103, 'binary_majority': 0.4095563139931741, 'run_time_millis': 3801.8341921269894, 'loss_mean': 0.13814677298069}
Epoch 8 **** Loss 0.11350196599960327 **** Metrics validation: {'accuracy': 0.80128934395146, 'f1_weighted': 0.822613544436233, 'macro': 0.638692315255067, 'micro': 0.8012893439514599, 'binary': 0.39631336405529954, 'accuracy_majority': 0.8160535117056856, 'macro_majority': 0.6538809624590458, 'binary_majority': 0.41696113074204944, 'run_time_millis': 2785.587643040344, 'loss_mean': 0.13905248045921326}
Epoch 9 **** Loss 0.042852092534303665 **** Metrics validation: {'accuracy': 0.8043230944254836, 'f1_weighted': 0.8242226718310774, 'macro': 0.6381523242208276, 'micro': 0.8043230944254836, 'binary': 0.3929411764705883, 'accuracy_majority': 0.8182831661092531, 'macro_majority': 0.652051717121718, 'binary_majority': 0.41155234657039713, 'run_time_millis': 3801.2789729982615, 'loss_mean': 0.1393159031867981}
Evaluating
{'accuracy': 0.8043230944254836, 'f1_weighted': 0.8242226718310774, 'macro': 0.6381523242208276, 'micro': 0.8043230944254836, 'binary': 0.3929411764705883, 'accuracy_majority': 0.8182831661092531, 'macro_majority': 0.652051717121718, 'binary_majority': 0.41155234657039713, 'run_time_millis': 3805.0527030136436, 'loss_mean': 0.1393159031867981}
Device cuda
Split type sit
Training Size: 1190, NTA labels 1028, YTA labels 162
Validation Size: 2637, NTA labels 2319, YTA labels 318
Test Size: 2578, NTA labels 2315, YTA labels 263
Training with SBERT, model name is sbert
Tokenizing the dataset
Number of training steps 380
Epoch 0 **** Loss 0.09677556157112122 **** Metrics validation: {'accuracy': 0.48047023132347366, 'f1_weighted': 0.5565617789191483, 'macro': 0.4351429697174378, 'micro': 0.48047023132347366, 'binary': 0.2751322751322752, 'accuracy_majority': 0.4816053511705686, 'macro_majority': 0.4291120615911035, 'binary_majority': 0.256, 'run_time_millis': 3804.5399950351566, 'loss_mean': 0.15430693328380585}
Epoch 1 **** Loss 0.13882263004779816 **** Metrics validation: {'accuracy': 0.6962457337883959, 'f1_weighted': 0.7474648433934727, 'macro': 0.5774989423656804, 'micro': 0.6962457337883959, 'binary': 0.3535108958837772, 'accuracy_majority': 0.7034559643255296, 'macro_majority': 0.5780600118835413, 'binary_majority': 0.3480392156862745, 'run_time_millis': 3799.881650833413, 'loss_mean': 0.1456746906042099}
Epoch 2 **** Loss 0.11762235313653946 **** Metrics validation: {'accuracy': 0.7231702692453545, 'f1_weighted': 0.7674892479112767, 'macro': 0.5915323504697885, 'micro': 0.7231702692453545, 'binary': 0.35964912280701755, 'accuracy_majority': 0.7346711259754738, 'macro_majority': 0.5980153649167734, 'binary_majority': 0.36363636363636365, 'run_time_millis': 3801.548737799749, 'loss_mean': 0.1348089873790741}
Epoch 3 **** Loss 0.12409529834985733 **** Metrics validation: {'accuracy': 0.782707622298066, 'f1_weighted': 0.8107779099930184, 'macro': 0.6324647491117499, 'micro': 0.782707622298066, 'binary': 0.3974763406940063, 'accuracy_majority': 0.7971014492753623, 'macro_majority': 0.6469298245614035, 'binary_majority': 0.41666666666666663, 'run_time_millis': 3799.681887961924, 'loss_mean': 0.1319398581981659}
Epoch 4 **** Loss 0.07397111505270004 **** Metrics validation: {'accuracy': 0.7762609025407661, 'f1_weighted': 0.806658886232796, 'macro': 0.6308601423953626, 'micro': 0.7762609025407661, 'binary': 0.39918533604887985, 'accuracy_majority': 0.7881828316610925, 'macro_majority': 0.640430900621118, 'binary_majority': 0.40993788819875776, 'run_time_millis': 3802.694207057357, 'loss_mean': 0.129914790391922}
Epoch 5 **** Loss 0.03281288966536522 **** Metrics validation: {'accuracy': 0.8119074706105422, 'f1_weighted': 0.8302947943823803, 'macro': 0.6481510574148162, 'micro': 0.8119074706105421, 'binary': 0.40811455847255373, 'accuracy_majority': 0.8260869565217391, 'macro_majority': 0.6619869366932055, 'binary_majority': 0.4264705882352941, 'run_time_millis': 3798.7059610895813, 'loss_mean': 0.13672812283039093}
Epoch 6 **** Loss 0.0676196813583374 **** Metrics validation: {'accuracy': 0.8225255972696246, 'f1_weighted': 0.8371916194496007, 'macro': 0.6537746795612721, 'micro': 0.8225255972696246, 'binary': 0.41206030150753764, 'accuracy_majority': 0.8394648829431438, 'macro_majority': 0.6740552325581396, 'binary_majority': 0.4418604651162791, 'run_time_millis': 3798.2595728244632, 'loss_mean': 0.14403611421585083}
Epoch 7 **** Loss 0.03940771892666817 **** Metrics validation: {'accuracy': 0.838832006067501, 'f1_weighted': 0.8473061179720527, 'macro': 0.6609687781807555, 'micro': 0.838832006067501, 'binary': 0.4154057771664374, 'accuracy_majority': 0.855072463768116, 'macro_majority': 0.6805555555555556, 'binary_majority': 0.4444444444444445, 'run_time_millis': 3442.9549230262637, 'loss_mean': 0.15435151755809784}
Epoch 8 **** Loss 0.041770558804273605 **** Metrics validation: {'accuracy': 0.8395904436860068, 'f1_weighted': 0.8472256064723196, 'macro': 0.6586088072697023, 'micro': 0.8395904436860068, 'binary': 0.41004184100418406, 'accuracy_majority': 0.8561872909698997, 'macro_majority': 0.679512426153501, 'binary_majority': 0.4415584415584416, 'run_time_millis': 3802.729374030605, 'loss_mean': 0.15946301817893982}
Epoch 9 **** Loss 0.021364813670516014 **** Metrics validation: {'accuracy': 0.838832006067501, 'f1_weighted': 0.8468277764841796, 'macro': 0.6585979340868361, 'micro': 0.838832006067501, 'binary': 0.4105409153952843, 'accuracy_majority': 0.855072463768116, 'macro_majority': 0.6782142699456929, 'binary_majority': 0.4396551724137931, 'run_time_millis': 3805.2201438695192, 'loss_mean': 0.1599024087190628}
Evaluating
{'accuracy': 0.838832006067501, 'f1_weighted': 0.8473061179720527, 'macro': 0.6609687781807555, 'micro': 0.838832006067501, 'binary': 0.4154057771664374, 'accuracy_majority': 0.855072463768116, 'macro_majority': 0.6805555555555556, 'binary_majority': 0.4444444444444445, 'run_time_millis': 3800.591849954799, 'loss_mean': 0.15435151755809784}
Device cuda
Split type sit
Training Size: 1582, NTA labels 1383, YTA labels 199
Validation Size: 2637, NTA labels 2319, YTA labels 318
Test Size: 2578, NTA labels 2315, YTA labels 263
Training with SBERT, model name is sbert
Tokenizing the dataset
Number of training steps 500
Epoch 0 **** Loss 0.16046173870563507 **** Metrics validation: {'accuracy': 0.5836177474402731, 'f1_weighted': 0.6548722525109104, 'macro': 0.5031911199084154, 'micro': 0.5836177474402731, 'binary': 0.3032994923857868, 'accuracy_majority': 0.5919732441471572, 'macro_majority': 0.5055573628280199, 'binary_majority': 0.29885057471264365, 'run_time_millis': 3803.952164016664, 'loss_mean': 0.1483960598707199}
Epoch 1 **** Loss 0.1353483498096466 **** Metrics validation: {'accuracy': 0.7409935532802427, 'f1_weighted': 0.7799600959315128, 'macro': 0.5982070613273368, 'micro': 0.7409935532802427, 'binary': 0.3586854460093897, 'accuracy_majority': 0.7547380156075808, 'macro_majority': 0.6078361234320598, 'binary_majority': 0.367816091954023, 'run_time_millis': 3802.7459839358926, 'loss_mean': 0.13695953786373138}
Epoch 2 **** Loss 0.19036564230918884 **** Metrics validation: {'accuracy': 0.7952218430034129, 'f1_weighted': 0.8185107817975343, 'macro': 0.6350416222422701, 'micro': 0.7952218430034129, 'binary': 0.39325842696629215, 'accuracy_majority': 0.8082497212931996, 'macro_majority': 0.6462674247982392, 'binary_majority': 0.4068965517241379, 'run_time_millis': 3802.147086011246, 'loss_mean': 0.13080593943595886}
Epoch 3 **** Loss 0.07634525746107101 **** Metrics validation: {'accuracy': 0.8092529389457717, 'f1_weighted': 0.8284661701641997, 'macro': 0.6462591764766437, 'micro': 0.8092529389457717, 'binary': 0.40613931523022434, 'accuracy_majority': 0.8283166109253066, 'macro_majority': 0.6702898550724637, 'binary_majority': 0.4420289855072464, 'run_time_millis': 3701.4088940341026, 'loss_mean': 0.13044779002666473}
Epoch 4 **** Loss 0.04279971122741699 **** Metrics validation: {'accuracy': 0.8653773227152066, 'f1_weighted': 0.860462191576355, 'macro': 0.6597442852734501, 'micro': 0.8653773227152066, 'binary': 0.39522998296422485, 'accuracy_majority': 0.882943143812709, 'macro_majority': 0.6865817662698954, 'binary_majority': 0.4385026737967914, 'run_time_millis': 3800.3996568731964, 'loss_mean': 0.15889643132686615}
Epoch 5 **** Loss 0.07440339028835297 **** Metrics validation: {'accuracy': 0.8540007584376185, 'f1_weighted': 0.8558180248029816, 'macro': 0.6644311828507872, 'micro': 0.8540007584376185, 'binary': 0.41221374045801534, 'accuracy_majority': 0.8717948717948718, 'macro_majority': 0.6886027802514603, 'binary_majority': 0.44976076555023925, 'run_time_millis': 3808.738329913467, 'loss_mean': 0.1590030938386917}
Epoch 6 **** Loss 0.03477644920349121 **** Metrics validation: {'accuracy': 0.838073568448995, 'f1_weighted': 0.8472129315225213, 'macro': 0.6624870172788215, 'micro': 0.838073568448995, 'binary': 0.419047619047619, 'accuracy_majority': 0.8528428093645485, 'macro_majority': 0.6779769804834533, 'binary_majority': 0.4406779661016949, 'run_time_millis': 3801.0523580014706, 'loss_mean': 0.1551579236984253}
Epoch 7 **** Loss 0.06857109814882278 **** Metrics validation: {'accuracy': 0.8464163822525598, 'f1_weighted': 0.8507383617297664, 'macro': 0.6585543409766442, 'micro': 0.8464163822525598, 'binary': 0.40528634361233484, 'accuracy_majority': 0.8639910813823858, 'macro_majority': 0.681477902482187, 'binary_majority': 0.44036697247706424, 'run_time_millis': 3801.0345180518925, 'loss_mean': 0.17185506224632263}
Epoch 8 **** Loss 0.09130801260471344 **** Metrics validation: {'accuracy': 0.8593098217671596, 'f1_weighted': 0.856598215968707, 'macro': 0.6556380973500389, 'micro': 0.8593098217671596, 'binary': 0.39080459770114945, 'accuracy_majority': 0.875139353400223, 'macro_majority': 0.676340206185567, 'binary_majority': 0.4226804123711341, 'run_time_millis': 3800.538779934868, 'loss_mean': 0.18849194049835205}
Epoch 9 **** Loss 0.030490685254335403 **** Metrics validation: {'accuracy': 0.8585513841486537, 'f1_weighted': 0.8576731768228558, 'macro': 0.6624184147204093, 'micro': 0.8585513841486537, 'binary': 0.405103668261563, 'accuracy_majority': 0.875139353400223, 'macro_majority': 0.6848682559598495, 'binary_majority': 0.44, 'run_time_millis': 3801.150009036064, 'loss_mean': 0.18463046848773956}
Evaluating
{'accuracy': 0.8653773227152066, 'f1_weighted': 0.860462191576355, 'macro': 0.6597442852734501, 'micro': 0.8653773227152066, 'binary': 0.39522998296422485, 'accuracy_majority': 0.882943143812709, 'macro_majority': 0.6865817662698954, 'binary_majority': 0.4385026737967914, 'run_time_millis': 3807.524241041392, 'loss_mean': 0.15889643132686615}
Device cuda
Split type sit
Training Size: 1988, NTA labels 1739, YTA labels 249
Validation Size: 2637, NTA labels 2319, YTA labels 318
Test Size: 2578, NTA labels 2315, YTA labels 263
Training with SBERT, model name is sbert
Tokenizing the dataset
Number of training steps 630
Epoch 0 **** Loss 0.3140140175819397 **** Metrics validation: {'accuracy': 0.6928327645051194, 'f1_weighted': 0.7448385590891511, 'macro': 0.5753538767395627, 'micro': 0.6928327645051194, 'binary': 0.352, 'accuracy_majority': 0.7023411371237458, 'macro_majority': 0.5786531975869658, 'binary_majority': 0.35036496350364965, 'run_time_millis': 3797.997229034081, 'loss_mean': 0.14605304598808289}
Epoch 1 **** Loss 0.04011277109384537 **** Metrics validation: {'accuracy': 0.7747440273037542, 'f1_weighted': 0.8045919343763226, 'macro': 0.6236050796726587, 'micro': 0.7747440273037542, 'binary': 0.3850931677018633, 'accuracy_majority': 0.7892976588628763, 'macro_majority': 0.636105476673428, 'binary_majority': 0.4, 'run_time_millis': 3801.467863842845, 'loss_mean': 0.12944580614566803}
Epoch 2 **** Loss 0.09223183244466782 **** Metrics validation: {'accuracy': 0.7804323094425484, 'f1_weighted': 0.8109172305415089, 'macro': 0.6419412551425612, 'micro': 0.7804323094425484, 'binary': 0.4192577733199599, 'accuracy_majority': 0.7959866220735786, 'macro_majority': 0.6561742682096665, 'binary_majority': 0.43692307692307697, 'run_time_millis': 3801.400593947619, 'loss_mean': 0.12212721258401871}
Epoch 3 **** Loss 0.05646862834692001 **** Metrics validation: {'accuracy': 0.838452787258248, 'f1_weighted': 0.8486949662475142, 'macro': 0.668917771883289, 'micro': 0.838452787258248, 'binary': 0.432, 'accuracy_majority': 0.8539576365663322, 'macro_majority': 0.6860393349239726, 'binary_majority': 0.4564315352697096, 'run_time_millis': 3799.2095991503447, 'loss_mean': 0.13583266735076904}
Epoch 4 **** Loss 0.012904617004096508 **** Metrics validation: {'accuracy': 0.8517254455821008, 'f1_weighted': 0.8558980232996016, 'macro': 0.6703574007947356, 'micro': 0.8517254455821008, 'binary': 0.4258443465491924, 'accuracy_majority': 0.8706800445930881, 'macro_majority': 0.6971429236715876, 'binary_majority': 0.4678899082568807, 'run_time_millis': 3800.805393839255, 'loss_mean': 0.15501296520233154}
Epoch 5 **** Loss 0.0628243088722229 **** Metrics validation: {'accuracy': 0.8430034129692833, 'f1_weighted': 0.8510264332616453, 'macro': 0.6685938922955498, 'micro': 0.8430034129692833, 'binary': 0.4281767955801105, 'accuracy_majority': 0.8584169453734671, 'macro_majority': 0.6867887592689841, 'binary_majority': 0.4549356223175966, 'run_time_millis': 3798.209172906354, 'loss_mean': 0.1566888391971588}
Epoch 6 **** Loss 0.0030466625466942787 **** Metrics validation: {'accuracy': 0.8521046643913538, 'f1_weighted': 0.8556629486980212, 'macro': 0.6682911882337763, 'micro': 0.8521046643913539, 'binary': 0.42136498516320475, 'accuracy_majority': 0.8706800445930881, 'macro_majority': 0.694726094916209, 'binary_majority': 0.4629629629629629, 'run_time_millis': 3807.365288026631, 'loss_mean': 0.17600615322589874}
Epoch 7 **** Loss 0.05727638304233551 **** Metrics validation: {'accuracy': 0.8376943496397421, 'f1_weighted': 0.8473895081138529, 'macro': 0.6643705259752155, 'micro': 0.8376943496397421, 'binary': 0.42318059299191374, 'accuracy_majority': 0.8517279821627648, 'macro_majority': 0.6789920488638351, 'binary_majority': 0.4435146443514644, 'run_time_millis': 3799.4557530619204, 'loss_mean': 0.17002178728580475}
Epoch 8 **** Loss 0.007215628866106272 **** Metrics validation: {'accuracy': 0.8540007584376185, 'f1_weighted': 0.8550683191458333, 'macro': 0.6608693212242236, 'micro': 0.8540007584376185, 'binary': 0.40494590417310666, 'accuracy_majority': 0.8717948717948718, 'macro_majority': 0.6859903381642513, 'binary_majority': 0.4444444444444444, 'run_time_millis': 3802.33939900063, 'loss_mean': 0.20058287680149078}
Epoch 9 **** Loss 0.019006652757525444 **** Metrics validation: {'accuracy': 0.856655290102389, 'f1_weighted': 0.8556645647239098, 'macro': 0.6574204164902421, 'micro': 0.856655290102389, 'binary': 0.39616613418530355, 'accuracy_majority': 0.875139353400223, 'macro_majority': 0.6848682559598495, 'binary_majority': 0.44, 'run_time_millis': 3795.5497598741204, 'loss_mean': 0.20862621068954468}
Evaluating
{'accuracy': 0.8517254455821008, 'f1_weighted': 0.8558980232996016, 'macro': 0.6703574007947356, 'micro': 0.8517254455821008, 'binary': 0.4258443465491924, 'accuracy_majority': 0.8706800445930881, 'macro_majority': 0.6971429236715876, 'binary_majority': 0.4678899082568807, 'run_time_millis': 2837.488804012537, 'loss_mean': 0.15501296520233154}
Device cuda
Split type sit
Training Size: 2380, NTA labels 2085, YTA labels 295
Validation Size: 2637, NTA labels 2319, YTA labels 318
Test Size: 2578, NTA labels 2315, YTA labels 263
Training with SBERT, model name is sbert
Tokenizing the dataset
Number of training steps 750
Epoch 0 **** Loss 0.08828528970479965 **** Metrics validation: {'accuracy': 0.6636329161926432, 'f1_weighted': 0.7219395441636424, 'macro': 0.5573816279859702, 'micro': 0.6636329161926432, 'binary': 0.3405204460966543, 'accuracy_majority': 0.6711259754738016, 'macro_majority': 0.5578645030100602, 'binary_majority': 0.33408577878103835, 'run_time_millis': 3800.7483838591725, 'loss_mean': 0.14282073080539703}
Epoch 1 **** Loss 0.17844907939434052 **** Metrics validation: {'accuracy': 0.7387182404247251, 'f1_weighted': 0.78034553408264, 'macro': 0.6127475167597272, 'micro': 0.7387182404247251, 'binary': 0.3918799646954987, 'accuracy_majority': 0.750278706800446, 'macro_majority': 0.6201624245723878, 'binary_majority': 0.39784946236559143, 'run_time_millis': 3808.226662920788, 'loss_mean': 0.12343540787696838}
Epoch 2 **** Loss 0.06324896216392517 **** Metrics validation: {'accuracy': 0.7717102768297307, 'f1_weighted': 0.8047765965096081, 'macro': 0.6368433333638353, 'micro': 0.7717102768297307, 'binary': 0.4155339805825243, 'accuracy_majority': 0.7848383500557413, 'macro_majority': 0.6474178681042506, 'binary_majority': 0.42729970326409494, 'run_time_millis': 3801.133119035512, 'loss_mean': 0.122627854347229}
Epoch 3 **** Loss 0.08520280569791794 **** Metrics validation: {'accuracy': 0.8369359120212363, 'f1_weighted': 0.8479988158376908, 'macro': 0.6694756663479701, 'micro': 0.8369359120212363, 'binary': 0.4342105263157895, 'accuracy_majority': 0.8528428093645485, 'macro_majority': 0.6869275515600212, 'binary_majority': 0.45901639344262296, 'run_time_millis': 3804.132017074153, 'loss_mean': 0.1404051035642624}
Epoch 4 **** Loss 0.049616605043411255 **** Metrics validation: {'accuracy': 0.8266970041714069, 'f1_weighted': 0.8421240014103641, 'macro': 0.6677204902513046, 'micro': 0.8266970041714069, 'binary': 0.43788437884378845, 'accuracy_majority': 0.8416945373467113, 'macro_majority': 0.682662986068204, 'binary_majority': 0.45801526717557256, 'run_time_millis': 3810.383867006749, 'loss_mean': 0.14673620462417603}
Epoch 5 **** Loss 0.04600019380450249 **** Metrics validation: {'accuracy': 0.8467956010618126, 'f1_weighted': 0.8523952782725172, 'macro': 0.6656460432955214, 'micro': 0.8467956010618126, 'binary': 0.41954022988505746, 'accuracy_majority': 0.862876254180602, 'macro_majority': 0.6850682065349253, 'binary_majority': 0.44843049327354256, 'run_time_millis': 2787.1049938257784, 'loss_mean': 0.17440368235111237}
Epoch 6 **** Loss 0.053679972887039185 **** Metrics validation: {'accuracy': 0.857034508911642, 'f1_weighted': 0.8582654422066698, 'macro': 0.6687964019489444, 'micro': 0.857034508911642, 'binary': 0.4191063174114022, 'accuracy_majority': 0.8762541806020067, 'macro_majority': 0.696912413358538, 'binary_majority': 0.46376811594202894, 'run_time_millis': 3801.0993388015777, 'loss_mean': 0.20638985931873322}
Epoch 7 **** Loss 0.04009335860610008 **** Metrics validation: {'accuracy': 0.856655290102389, 'f1_weighted': 0.8577966354290706, 'macro': 0.6674773022049286, 'micro': 0.856655290102389, 'binary': 0.4166666666666667, 'accuracy_majority': 0.8784838350055741, 'macro_majority': 0.7023734509556816, 'binary_majority': 0.47342995169082125, 'run_time_millis': 3801.8275110516697, 'loss_mean': 0.2186553180217743}
Epoch 8 **** Loss 0.12968365848064423 **** Metrics validation: {'accuracy': 0.8585513841486537, 'f1_weighted': 0.8570710633667974, 'macro': 0.6595962710671315, 'micro': 0.8585513841486537, 'binary': 0.39935587761674723, 'accuracy_majority': 0.8795986622073578, 'macro_majority': 0.6934381408065617, 'binary_majority': 0.4545454545454545, 'run_time_millis': 3801.633808063343, 'loss_mean': 0.2369523048400879}
Epoch 9 **** Loss 0.02965494990348816 **** Metrics validation: {'accuracy': 0.8585513841486537, 'f1_weighted': 0.856662034790331, 'macro': 0.657683715526965, 'micro': 0.8585513841486537, 'binary': 0.39546191247974066, 'accuracy_majority': 0.8784838350055741, 'macro_majority': 0.6892237666436751, 'binary_majority': 0.4467005076142132, 'run_time_millis': 3802.76303505525, 'loss_mean': 0.24580176174640656}
Evaluating
{'accuracy': 0.857034508911642, 'f1_weighted': 0.8582654422066698, 'macro': 0.6687964019489444, 'micro': 0.857034508911642, 'binary': 0.4191063174114022, 'accuracy_majority': 0.8762541806020067, 'macro_majority': 0.696912413358538, 'binary_majority': 0.46376811594202894, 'run_time_millis': 3800.975735997781, 'loss_mean': 0.20638985931873322}
Device cuda
Split type sit
Training Size: 2772, NTA labels 2429, YTA labels 343
Validation Size: 2637, NTA labels 2319, YTA labels 318
Test Size: 2578, NTA labels 2315, YTA labels 263
Training with SBERT, model name is sbert
Tokenizing the dataset
Number of training steps 870
Epoch 0 **** Loss 0.14968442916870117 **** Metrics validation: {'accuracy': 0.7125521425862723, 'f1_weighted': 0.7601111391061788, 'macro': 0.5901726533270129, 'micro': 0.7125521425862724, 'binary': 0.36622073578595316, 'accuracy_majority': 0.7246376811594203, 'macro_majority': 0.5975993156469479, 'binary_majority': 0.3715012722646311, 'run_time_millis': 3804.8594291321933, 'loss_mean': 0.13886362314224243}
Epoch 1 **** Loss 0.08594805002212524 **** Metrics validation: {'accuracy': 0.7838452787258248, 'f1_weighted': 0.8125801835808107, 'macro': 0.6393917961867546, 'micro': 0.7838452787258248, 'binary': 0.4111570247933884, 'accuracy_majority': 0.7971014492753623, 'macro_majority': 0.65045562768709, 'binary_majority': 0.42405063291139233, 'run_time_millis': 3799.0035759285092, 'loss_mean': 0.12598687410354614}
Epoch 2 **** Loss 0.16204741597175598 **** Metrics validation: {'accuracy': 0.7633674630261661, 'f1_weighted': 0.799003234455449, 'macro': 0.6331725864787165, 'micro': 0.7633674630261661, 'binary': 0.4146341463414634, 'accuracy_majority': 0.7759197324414716, 'macro_majority': 0.6424842109437742, 'binary_majority': 0.42406876790830944, 'run_time_millis': 3801.995402900502, 'loss_mean': 0.12218483537435532}
Epoch 3 **** Loss 0.08694851398468018 **** Metrics validation: {'accuracy': 0.813803564656807, 'f1_weighted': 0.8326790233810868, 'macro': 0.6553560519853866, 'micro': 0.813803564656807, 'binary': 0.4216725559481744, 'accuracy_majority': 0.8283166109253066, 'macro_majority': 0.668320207452939, 'binary_majority': 0.43795620437956206, 'run_time_millis': 3802.6258831378073, 'loss_mean': 0.14643807709217072}
Epoch 4 **** Loss 0.06393672525882721 **** Metrics validation: {'accuracy': 0.8122866894197952, 'f1_weighted': 0.8324874425689787, 'macro': 0.659003721317835, 'micro': 0.8122866894197952, 'binary': 0.430379746835443, 'accuracy_majority': 0.8238573021181717, 'macro_majority': 0.6676094787796916, 'binary_majority': 0.4397163120567376, 'run_time_millis': 3802.4511400144547, 'loss_mean': 0.14489753544330597}
Epoch 5 **** Loss 0.0222499780356884 **** Metrics validation: {'accuracy': 0.8521046643913538, 'f1_weighted': 0.8536633460827214, 'macro': 0.6587307170560642, 'micro': 0.8521046643913539, 'binary': 0.40184049079754597, 'accuracy_majority': 0.8695652173913043, 'macro_majority': 0.6831871764297466, 'binary_majority': 0.44019138755980863, 'run_time_millis': 3802.6591730304062, 'loss_mean': 0.1997896432876587}
Epoch 6 **** Loss 0.08205636590719223 **** Metrics validation: {'accuracy': 0.844520288206295, 'f1_weighted': 0.8515232664718582, 'macro': 0.6671422202956518, 'micro': 0.844520288206295, 'binary': 0.4241573033707865, 'accuracy_majority': 0.8662207357859532, 'macro_majority': 0.6985279290179471, 'binary_majority': 0.4736842105263158, 'run_time_millis': 3193.1564898695797, 'loss_mean': 0.20189929008483887}
Epoch 7 **** Loss 0.06579022109508514 **** Metrics validation: {'accuracy': 0.8536215396283656, 'f1_weighted': 0.8532213836324161, 'macro': 0.6530433466587404, 'micro': 0.8536215396283656, 'binary': 0.38924050632911394, 'accuracy_majority': 0.8706800445930881, 'macro_majority': 0.6764391263246927, 'binary_majority': 0.42574257425742573, 'run_time_millis': 3146.973395952955, 'loss_mean': 0.24292626976966858}
Epoch 8 **** Loss 0.14446380734443665 **** Metrics validation: {'accuracy': 0.8543799772468714, 'f1_weighted': 0.8535778335612929, 'macro': 0.6529416442059603, 'micro': 0.8543799772468714, 'binary': 0.3885350318471337, 'accuracy_majority': 0.8706800445930881, 'macro_majority': 0.6736135508155583, 'binary_majority': 0.42000000000000004, 'run_time_millis': 3806.8524410482496, 'loss_mean': 0.2536018490791321}
Epoch 9 **** Loss 0.09205891937017441 **** Metrics validation: {'accuracy': 0.8532423208191127, 'f1_weighted': 0.8523311512880566, 'macro': 0.6497477922166176, 'micro': 0.8532423208191127, 'binary': 0.3827751196172249, 'accuracy_majority': 0.8684503901895206, 'macro_majority': 0.6679861982434128, 'binary_majority': 0.41000000000000003, 'run_time_millis': 3802.451469935477, 'loss_mean': 0.2517116367816925}
Evaluating
{'accuracy': 0.8521046643913538, 'f1_weighted': 0.8536633460827214, 'macro': 0.6587307170560642, 'micro': 0.8521046643913539, 'binary': 0.40184049079754597, 'accuracy_majority': 0.8695652173913043, 'macro_majority': 0.6831871764297466, 'binary_majority': 0.44019138755980863, 'run_time_millis': 3804.0500259958208, 'loss_mean': 0.1997896432876587}
Device cuda
Split type sit
Training Size: 3178, NTA labels 2772, YTA labels 406
Validation Size: 2637, NTA labels 2319, YTA labels 318
Test Size: 2578, NTA labels 2315, YTA labels 263
Training with SBERT, model name is sbert
Tokenizing the dataset
Number of training steps 1000
Epoch 0 **** Loss 0.12096090614795685 **** Metrics validation: {'accuracy': 0.7011755783086842, 'f1_weighted': 0.7516208888847015, 'macro': 0.5850514722797331, 'micro': 0.7011755783086842, 'binary': 0.3655394524959742, 'accuracy_majority': 0.7123745819397993, 'macro_majority': 0.5907499363381716, 'binary_majority': 0.3676470588235295, 'run_time_millis': 3804.139236919582, 'loss_mean': 0.13637861609458923}
Epoch 1 **** Loss 0.14897742867469788 **** Metrics validation: {'accuracy': 0.8285930982176716, 'f1_weighted': 0.8418084453109149, 'macro': 0.6606857772726962, 'micro': 0.8285930982176715, 'binary': 0.42199488491048587, 'accuracy_majority': 0.842809364548495, 'macro_majority': 0.6734332921070094, 'binary_majority': 0.43824701195219123, 'run_time_millis': 3800.1549439504743, 'loss_mean': 0.12913878262043}
Epoch 2 **** Loss 0.06664437055587769 **** Metrics validation: {'accuracy': 0.8096321577550246, 'f1_weighted': 0.8312822453006711, 'macro': 0.6607238784548511, 'micro': 0.8096321577550246, 'binary': 0.43595505617977526, 'accuracy_majority': 0.822742474916388, 'macro_majority': 0.6720895745439079, 'binary_majority': 0.44982698961937717, 'run_time_millis': 3801.544235786423, 'loss_mean': 0.12671373784542084}
Epoch 3 **** Loss 0.03336777538061142 **** Metrics validation: {'accuracy': 0.8433826317785362, 'f1_weighted': 0.8508372942625722, 'macro': 0.6666795210458323, 'micro': 0.8433826317785362, 'binary': 0.4239888423988842, 'accuracy_majority': 0.8595317725752508, 'macro_majority': 0.6858056265984654, 'binary_majority': 0.45217391304347826, 'run_time_millis': 3042.284760857001, 'loss_mean': 0.15919627249240875}
Epoch 4 **** Loss 0.02785869874060154 **** Metrics validation: {'accuracy': 0.8433826317785362, 'f1_weighted': 0.8506779587674972, 'macro': 0.6658937903509082, 'micro': 0.8433826317785362, 'binary': 0.42237762237762244, 'accuracy_majority': 0.8584169453734671, 'macro_majority': 0.6821323437085814, 'binary_majority': 0.44541484716157204, 'run_time_millis': 3815.4291370883584, 'loss_mean': 0.1643027514219284}
Epoch 5 **** Loss 0.042505186051130295 **** Metrics validation: {'accuracy': 0.8392112248767539, 'f1_weighted': 0.8469457987943536, 'macro': 0.6582033303904857, 'micro': 0.8392112248767539, 'binary': 0.4094707520891365, 'accuracy_majority': 0.8561872909698997, 'macro_majority': 0.679512426153501, 'binary_majority': 0.4415584415584416, 'run_time_millis': 3041.0021108109504, 'loss_mean': 0.1890266090631485}
Epoch 6 **** Loss 0.00797367375344038 **** Metrics validation: {'accuracy': 0.838832006067501, 'f1_weighted': 0.8485339704665943, 'macro': 0.6670981689471038, 'micro': 0.838832006067501, 'binary': 0.42799461641991926, 'accuracy_majority': 0.8539576365663322, 'macro_majority': 0.6838192360989654, 'binary_majority': 0.45188284518828453, 'run_time_millis': 3803.5535980015993, 'loss_mean': 0.19572241604328156}
Epoch 7 **** Loss 0.10630656778812408 **** Metrics validation: {'accuracy': 0.8407281001137656, 'f1_weighted': 0.8485500501378229, 'macro': 0.6622200263504612, 'micro': 0.8407281001137656, 'binary': 0.41666666666666663, 'accuracy_majority': 0.8561872909698997, 'macro_majority': 0.679512426153501, 'binary_majority': 0.4415584415584416, 'run_time_millis': 3801.378943026066, 'loss_mean': 0.2120244801044464}
Epoch 8 **** Loss 0.10274145752191544 **** Metrics validation: {'accuracy': 0.8418657565415245, 'f1_weighted': 0.8500249997070074, 'macro': 0.666579543817891, 'micro': 0.8418657565415245, 'binary': 0.42482758620689653, 'accuracy_majority': 0.8595317725752508, 'macro_majority': 0.6881153693319793, 'binary_majority': 0.4568965517241379, 'run_time_millis': 3810.6537498533726, 'loss_mean': 0.21515361964702606}
Epoch 9 **** Loss 0.07212579250335693 **** Metrics validation: {'accuracy': 0.8517254455821008, 'f1_weighted': 0.8558980232996016, 'macro': 0.6703574007947356, 'micro': 0.8517254455821008, 'binary': 0.4258443465491924, 'accuracy_majority': 0.8684503901895206, 'macro_majority': 0.6919212499417873, 'binary_majority': 0.4587155963302752, 'run_time_millis': 3814.5083519630134, 'loss_mean': 0.22807976603507996}
Evaluating
{'accuracy': 0.8517254455821008, 'f1_weighted': 0.8558980232996016, 'macro': 0.6703574007947356, 'micro': 0.8517254455821008, 'binary': 0.4258443465491924, 'accuracy_majority': 0.8684503901895206, 'macro_majority': 0.6919212499417873, 'binary_majority': 0.4587155963302752, 'run_time_millis': 3805.8201940730214, 'loss_mean': 0.22807976603507996}
Device cuda
Split type sit
Training Size: 3570, NTA labels 3116, YTA labels 454
Validation Size: 2637, NTA labels 2319, YTA labels 318
Test Size: 2578, NTA labels 2315, YTA labels 263
Training with SBERT, model name is sbert
Tokenizing the dataset
Number of training steps 1120
Epoch 0 **** Loss 0.08972807973623276 **** Metrics validation: {'accuracy': 0.7554038680318543, 'f1_weighted': 0.7916763327616356, 'macro': 0.6167818702934611, 'micro': 0.7554038680318543, 'binary': 0.3862987630827783, 'accuracy_majority': 0.7670011148272018, 'macro_majority': 0.6249827467218771, 'binary_majority': 0.39420289855072466, 'run_time_millis': 3802.8537458740175, 'loss_mean': 0.13277964293956757}
Epoch 1 **** Loss 0.1002943217754364 **** Metrics validation: {'accuracy': 0.8278346605991658, 'f1_weighted': 0.8419285100733153, 'macro': 0.6634361505937387, 'micro': 0.8278346605991657, 'binary': 0.42821158690176325, 'accuracy_majority': 0.8450390189520625, 'macro_majority': 0.6822917861101556, 'binary_majority': 0.4549019607843138, 'run_time_millis': 3800.865245051682, 'loss_mean': 0.12982846796512604}
Epoch 2 **** Loss 0.09251224249601364 **** Metrics validation: {'accuracy': 0.783086841107319, 'f1_weighted': 0.8133282098866974, 'macro': 0.647083762283575, 'micro': 0.783086841107319, 'binary': 0.428, 'accuracy_majority': 0.7948717948717948, 'macro_majority': 0.6551211113154243, 'binary_majority': 0.4355828220858895, 'run_time_millis': 3809.153046924621, 'loss_mean': 0.12346141040325165}
Epoch 3 **** Loss 0.18551141023635864 **** Metrics validation: {'accuracy': 0.8524838832006068, 'f1_weighted': 0.8562929292858287, 'macro': 0.6703928996143846, 'micro': 0.8524838832006068, 'binary': 0.4254062038404726, 'accuracy_majority': 0.867335562987737, 'macro_majority': 0.6880765847771391, 'binary_majority': 0.45161290322580644, 'run_time_millis': 3802.1648649591953, 'loss_mean': 0.17021608352661133}
Epoch 4 **** Loss 0.055849261581897736 **** Metrics validation: {'accuracy': 0.8452787258248009, 'f1_weighted': 0.852406613804135, 'macro': 0.6695488721804512, 'micro': 0.8452787258248009, 'binary': 0.4285714285714286, 'accuracy_majority': 0.8606465997770345, 'macro_majority': 0.6871381335714386, 'binary_majority': 0.45414847161572053, 'run_time_millis': 3801.315163029358, 'loss_mean': 0.1777738630771637}
Epoch 5 **** Loss 0.11945303529500961 **** Metrics validation: {'accuracy': 0.8479332574895715, 'f1_weighted': 0.8537390336913485, 'macro': 0.669336522901569, 'micro': 0.8479332574895715, 'binary': 0.4263233190271817, 'accuracy_majority': 0.8639910813823858, 'macro_majority': 0.688825068243858, 'binary_majority': 0.45535714285714285, 'run_time_millis': 3798.61490894109, 'loss_mean': 0.20207171142101288}
Epoch 6 **** Loss 0.06779173016548157 **** Metrics validation: {'accuracy': 0.8414865377322716, 'f1_weighted': 0.8506584920030539, 'macro': 0.6707263302791757, 'micro': 0.8414865377322716, 'binary': 0.4336043360433604, 'accuracy_majority': 0.8606465997770345, 'macro_majority': 0.6961456224644927, 'binary_majority': 0.4725738396624472, 'run_time_millis': 3801.4424140565097, 'loss_mean': 0.19634582102298737}
Epoch 7 **** Loss 0.011952961795032024 **** Metrics validation: {'accuracy': 0.8464163822525598, 'f1_weighted': 0.8527724838607381, 'macro': 0.6684455372235649, 'micro': 0.8464163822525598, 'binary': 0.425531914893617, 'accuracy_majority': 0.8639910813823858, 'macro_majority': 0.6911854343507314, 'binary_majority': 0.46017699115044247, 'run_time_millis': 3800.040692090988, 'loss_mean': 0.22086095809936523}
Epoch 8 **** Loss 0.08176484704017639 **** Metrics validation: {'accuracy': 0.8521046643913538, 'f1_weighted': 0.8532822429030094, 'macro': 0.6569210260844502, 'micro': 0.8521046643913539, 'binary': 0.3981481481481482, 'accuracy_majority': 0.8695652173913043, 'macro_majority': 0.6805293005671077, 'binary_majority': 0.43478260869565216, 'run_time_millis': 3801.872391020879, 'loss_mean': 0.249670147895813}
Epoch 9 **** Loss 0.08821260184049606 **** Metrics validation: {'accuracy': 0.8505877891543421, 'f1_weighted': 0.8536475070766055, 'macro': 0.662319520750076, 'micro': 0.8505877891543421, 'binary': 0.41017964071856283, 'accuracy_majority': 0.8662207357859532, 'macro_majority': 0.6816514846799953, 'binary_majority': 0.4392523364485981, 'run_time_millis': 3798.786661820486, 'loss_mean': 0.2450333535671234}
Evaluating
{'accuracy': 0.8524838832006068, 'f1_weighted': 0.8562929292858287, 'macro': 0.6703928996143846, 'micro': 0.8524838832006068, 'binary': 0.4254062038404726, 'accuracy_majority': 0.867335562987737, 'macro_majority': 0.6880765847771391, 'binary_majority': 0.45161290322580644, 'run_time_millis': 3809.8041671328247, 'loss_mean': 0.17021608352661133}
Device cuda
Split type sit
Training Size: 3976, NTA labels 3488, YTA labels 488
Validation Size: 2637, NTA labels 2319, YTA labels 318
Test Size: 2578, NTA labels 2315, YTA labels 263
Training with SBERT, model name is sbert
Tokenizing the dataset
Number of training steps 1250
Epoch 0 **** Loss 0.22060322761535645 **** Metrics validation: {'accuracy': 0.7569207432688662, 'f1_weighted': 0.7932705182625074, 'macro': 0.6213180365549988, 'micro': 0.7569207432688662, 'binary': 0.3947119924457035, 'accuracy_majority': 0.7647714604236343, 'macro_majority': 0.6230559500028878, 'binary_majority': 0.39193083573487036, 'run_time_millis': 3798.1139810290188, 'loss_mean': 0.12875188887119293}
Epoch 1 **** Loss 0.05212930589914322 **** Metrics validation: {'accuracy': 0.8217671596511187, 'f1_weighted': 0.8380825103493565, 'macro': 0.6606530715060182, 'micro': 0.8217671596511187, 'binary': 0.4268292682926829, 'accuracy_majority': 0.8372352285395763, 'macro_majority': 0.675772430184195, 'binary_majority': 0.446969696969697, 'run_time_millis': 3803.8162421435118, 'loss_mean': 0.13083715736865997}
Epoch 2 **** Loss 0.06583581119775772 **** Metrics validation: {'accuracy': 0.8179749715585893, 'f1_weighted': 0.8348949395945019, 'macro': 0.6548052798080071, 'micro': 0.8179749715585893, 'binary': 0.41747572815533984, 'accuracy_majority': 0.8294314381270903, 'macro_majority': 0.6612880536051433, 'binary_majority': 0.4226415094339622, 'run_time_millis': 3799.015056109056, 'loss_mean': 0.14308565855026245}
Epoch 3 **** Loss 0.019823556765913963 **** Metrics validation: {'accuracy': 0.8327645051194539, 'f1_weighted': 0.8454539625473455, 'macro': 0.6678902960213959, 'micro': 0.8327645051194539, 'binary': 0.4338896020539153, 'accuracy_majority': 0.8461538461538461, 'macro_majority': 0.6793108808290156, 'binary_majority': 0.448, 'run_time_millis': 3195.312805008143, 'loss_mean': 0.16477905213832855}
Epoch 4 **** Loss 0.17906206846237183 **** Metrics validation: {'accuracy': 0.8414865377322716, 'f1_weighted': 0.8497433473659757, 'macro': 0.6661669465099544, 'micro': 0.8414865377322716, 'binary': 0.42424242424242425, 'accuracy_majority': 0.8573021181716833, 'macro_majority': 0.6831648196388361, 'binary_majority': 0.44827586206896547, 'run_time_millis': 3342.1123190782964, 'loss_mean': 0.17507648468017578}
Epoch 5 **** Loss 0.028147298842668533 **** Metrics validation: {'accuracy': 0.8361774744027304, 'f1_weighted': 0.8479951925086777, 'macro': 0.6715231482549423, 'micro': 0.8361774744027304, 'binary': 0.438961038961039, 'accuracy_majority': 0.8494983277591973, 'macro_majority': 0.6830878100227945, 'binary_majority': 0.4534412955465587, 'run_time_millis': 3800.792673835531, 'loss_mean': 0.20891426503658295}
Epoch 6 **** Loss 0.04491014406085014 **** Metrics validation: {'accuracy': 0.8623435722411832, 'f1_weighted': 0.8620618635870908, 'macro': 0.674162191307438, 'micro': 0.8623435722411832, 'binary': 0.4265402843601896, 'accuracy_majority': 0.882943143812709, 'macro_majority': 0.7058492846501954, 'binary_majority': 0.47761194029850745, 'run_time_millis': 3345.6751061603427, 'loss_mean': 0.2741912007331848}
Epoch 7 **** Loss 0.027334829792380333 **** Metrics validation: {'accuracy': 0.8562760712931361, 'f1_weighted': 0.8582461715201879, 'macro': 0.6705237641711246, 'micro': 0.8562760712931361, 'binary': 0.4231354642313546, 'accuracy_majority': 0.8740245261984393, 'macro_majority': 0.694018384073174, 'binary_majority': 0.4593301435406698, 'run_time_millis': 3797.9049179702997, 'loss_mean': 0.2696640193462372}
Epoch 8 **** Loss 0.1829136461019516 **** Metrics validation: {'accuracy': 0.8585513841486537, 'f1_weighted': 0.8588376469019149, 'macro': 0.6679003904766245, 'micro': 0.8585513841486537, 'binary': 0.4162754303599374, 'accuracy_majority': 0.8762541806020067, 'macro_majority': 0.6917172642914423, 'binary_majority': 0.4532019704433497, 'run_time_millis': 2989.0794150996953, 'loss_mean': 0.28933626413345337}
Epoch 9 **** Loss 0.04007900506258011 **** Metrics validation: {'accuracy': 0.8627227910504361, 'f1_weighted': 0.8621577704229766, 'macro': 0.6737233911652516, 'micro': 0.8627227910504361, 'binary': 0.42539682539682544, 'accuracy_majority': 0.8818283166109253, 'macro_majority': 0.7017503136762862, 'binary_majority': 0.47000000000000003, 'run_time_millis': 3820.507497061044, 'loss_mean': 0.29419422149658203}
Evaluating
{'accuracy': 0.8627227910504361, 'f1_weighted': 0.8621577704229766, 'macro': 0.6737233911652516, 'micro': 0.8627227910504361, 'binary': 0.42539682539682544, 'accuracy_majority': 0.8818283166109253, 'macro_majority': 0.7017503136762862, 'binary_majority': 0.47000000000000003, 'run_time_millis': 3801.159508060664, 'loss_mean': 0.29419422149658203}
