Device cuda
Split type sit
Training Size: 70, NTA labels 63, YTA labels 7
Validation Size: 2637, NTA labels 2319, YTA labels 318
Test Size: 2578, NTA labels 2315, YTA labels 263
Training with SBERT, model name is sbert
Tokenizing the dataset
Number of training steps 30
Epoch 0 **** Loss 0.06874556094408035 **** Metrics validation: {'accuracy': 0.4031095942358741, 'f1_weighted': 0.48454977372280994, 'macro': 0.36257237914694274, 'micro': 0.40310959423587406, 'binary': 0.20182555780933062, 'accuracy_majority': 0.4013377926421405, 'macro_majority': 0.35264946720369633, 'binary_majority': 0.17511520737327188, 'run_time_millis': 3783.8369020000755, 'loss_mean': 0.1359556019306183}
Epoch 1 **** Loss 0.0693751648068428 **** Metrics validation: {'accuracy': 0.44520288206295033, 'f1_weighted': 0.5297423486581015, 'macro': 0.3886552154997215, 'micro': 0.44520288206295033, 'binary': 0.20272479564032697, 'accuracy_majority': 0.443701226309922, 'macro_majority': 0.37876834293534156, 'binary_majority': 0.17792421746293247, 'run_time_millis': 3527.260732999821, 'loss_mean': 0.13595055043697357}
Epoch 2 **** Loss 0.06668583303689957 **** Metrics validation: {'accuracy': 0.5066363291619265, 'f1_weighted': 0.5901199670532864, 'macro': 0.41983376988650634, 'micro': 0.5066363291619265, 'binary': 0.1954236239950526, 'accuracy_majority': 0.5117056856187291, 'macro_majority': 0.41481179176149574, 'binary_majority': 0.1766917293233083, 'run_time_millis': 3992.5320649999776, 'loss_mean': 0.13601495325565338}
Epoch 3 **** Loss 0.1669486165046692 **** Metrics validation: {'accuracy': 0.5453166477057262, 'f1_weighted': 0.6243018620277848, 'macro': 0.43944874640387926, 'micro': 0.5453166477057262, 'binary': 0.19584171696847755, 'accuracy_majority': 0.5540691192865106, 'macro_majority': 0.4384625015650432, 'binary_majority': 0.1836734693877551, 'run_time_millis': 3238.50177300028, 'loss_mean': 0.13604331016540527}
Epoch 4 **** Loss 0.16365836560726166 **** Metrics validation: {'accuracy': 0.5551763367463026, 'f1_weighted': 0.6326157006905011, 'macro': 0.44614618534472333, 'micro': 0.5551763367463026, 'binary': 0.20040899795501022, 'accuracy_majority': 0.5663322185061316, 'macro_majority': 0.44750005146044747, 'binary_majority': 0.19126819126819125, 'run_time_millis': 3954.337242999827, 'loss_mean': 0.13600626587867737}
Epoch 5 **** Loss 0.06424397975206375 **** Metrics validation: {'accuracy': 0.5551763367463026, 'f1_weighted': 0.6325807466607359, 'macro': 0.4475314942846534, 'micro': 0.5551763367463026, 'binary': 0.20366598778004072, 'accuracy_majority': 0.5641025641025641, 'macro_majority': 0.447556567144196, 'binary_majority': 0.19381443298969073, 'run_time_millis': 3965.902797000126, 'loss_mean': 0.13594119250774384}
Epoch 6 **** Loss 0.057026296854019165 **** Metrics validation: {'accuracy': 0.5657944634053849, 'f1_weighted': 0.6414607669253585, 'macro': 0.45522672837250844, 'micro': 0.5657944634053849, 'binary': 0.209799861973775, 'accuracy_majority': 0.5785953177257525, 'macro_majority': 0.45954208694099785, 'binary_majority': 0.20588235294117646, 'run_time_millis': 2931.865712000217, 'loss_mean': 0.13591548800468445}
Epoch 7 **** Loss 0.06131767854094505 **** Metrics validation: {'accuracy': 0.5733788395904437, 'f1_weighted': 0.6477590483681471, 'macro': 0.45864240571988224, 'micro': 0.5733788395904437, 'binary': 0.2094167252283907, 'accuracy_majority': 0.5863991081382386, 'macro_majority': 0.46299472817080267, 'binary_majority': 0.20556745182012848, 'run_time_millis': 3065.2886979996765, 'loss_mean': 0.13591358065605164}
Epoch 8 **** Loss 0.058007270097732544 **** Metrics validation: {'accuracy': 0.5779294653014789, 'f1_weighted': 0.6514903643057288, 'macro': 0.4600789743089748, 'micro': 0.5779294653014789, 'binary': 0.20782918149466192, 'accuracy_majority': 0.5908584169453734, 'macro_majority': 0.46429286280355336, 'binary_majority': 0.20390455531453364, 'run_time_millis': 3854.8166769996897, 'loss_mean': 0.13591833412647247}
Epoch 9 **** Loss 0.2241983860731125 **** Metrics validation: {'accuracy': 0.5805839969662495, 'f1_weighted': 0.6536609338612496, 'macro': 0.4617620483928832, 'micro': 0.5805839969662495, 'binary': 0.2088698140200286, 'accuracy_majority': 0.5930880713489409, 'macro_majority': 0.46569239431103276, 'binary_majority': 0.2047930283224401, 'run_time_millis': 3690.1920559994323, 'loss_mean': 0.13591989874839783}
Evaluating
{'accuracy': 0.5805839969662495, 'f1_weighted': 0.6536609338612496, 'macro': 0.4617620483928832, 'micro': 0.5805839969662495, 'binary': 0.2088698140200286, 'accuracy_majority': 0.5930880713489409, 'macro_majority': 0.46569239431103276, 'binary_majority': 0.2047930283224401, 'run_time_millis': 3136.8565510001645, 'loss_mean': 0.13591989874839783}
Device cuda
Split type sit
Training Size: 154, NTA labels 135, YTA labels 19
Validation Size: 2637, NTA labels 2319, YTA labels 318
Test Size: 2578, NTA labels 2315, YTA labels 263
Training with SBERT, model name is sbert
Tokenizing the dataset
Number of training steps 50
Epoch 0 **** Loss 0.1605866551399231 **** Metrics validation: {'accuracy': 0.45127038301099737, 'f1_weighted': 0.5369183659116448, 'macro': 0.3893028501629837, 'micro': 0.45127038301099737, 'binary': 0.1947690595436839, 'accuracy_majority': 0.4503901895206243, 'macro_majority': 0.3790714033976744, 'binary_majority': 0.16863406408094433, 'run_time_millis': 2497.4679689994446, 'loss_mean': 0.14886632561683655}
Epoch 1 **** Loss 0.16202524304389954 **** Metrics validation: {'accuracy': 0.4603716344330679, 'f1_weighted': 0.5454864495976364, 'macro': 0.39647967344339174, 'micro': 0.4603716344330679, 'binary': 0.20011242270938728, 'accuracy_majority': 0.46265328874024525, 'macro_majority': 0.39030189190103903, 'binary_majority': 0.1802721088435374, 'run_time_millis': 4113.3728289996725, 'loss_mean': 0.14877396821975708}
Epoch 2 **** Loss 0.1402127593755722 **** Metrics validation: {'accuracy': 0.45051194539249145, 'f1_weighted': 0.5356541318642078, 'macro': 0.39041157847128, 'micro': 0.45051194539249145, 'binary': 0.1990049751243781, 'accuracy_majority': 0.44816053511705684, 'macro_majority': 0.3807261716641585, 'binary_majority': 0.1763727121464226, 'run_time_millis': 4004.466676999982, 'loss_mean': 0.1487513780593872}
Epoch 3 **** Loss 0.17009632289409637 **** Metrics validation: {'accuracy': 0.459613196814562, 'f1_weighted': 0.5453245821119769, 'macro': 0.3939490463837093, 'micro': 0.459613196814562, 'binary': 0.1944601469756925, 'accuracy_majority': 0.4604236343366778, 'macro_majority': 0.38669959089573497, 'binary_majority': 0.17406143344709898, 'run_time_millis': 3996.4225899993835, 'loss_mean': 0.14872623980045319}
Epoch 4 **** Loss 0.15324600040912628 **** Metrics validation: {'accuracy': 0.4747819491846796, 'f1_weighted': 0.5601487050705753, 'macro': 0.4027119506671858, 'micro': 0.4747819491846796, 'binary': 0.19523532829750145, 'accuracy_majority': 0.47714604236343366, 'macro_majority': 0.3964448907858398, 'binary_majority': 0.1757469244288225, 'run_time_millis': 3957.6014779995603, 'loss_mean': 0.148692324757576}
Epoch 5 **** Loss 0.09967692196369171 **** Metrics validation: {'accuracy': 0.4854000758437618, 'f1_weighted': 0.5700946171631007, 'macro': 0.40975991784427657, 'micro': 0.4854000758437618, 'binary': 0.1984642646190195, 'accuracy_majority': 0.48606465997770343, 'macro_majority': 0.40218414284537085, 'binary_majority': 0.17825311942959002, 'run_time_millis': 3481.1897380004666, 'loss_mean': 0.14869250357151031}
Epoch 6 **** Loss 0.17305319011211395 **** Metrics validation: {'accuracy': 0.5085324232081911, 'f1_weighted': 0.5918209494278676, 'macro': 0.4210624033565843, 'micro': 0.5085324232081911, 'binary': 0.19602977667493798, 'accuracy_majority': 0.5128205128205128, 'macro_majority': 0.4167811067484188, 'binary_majority': 0.1801125703564728, 'run_time_millis': 3990.0562029997673, 'loss_mean': 0.14868955314159393}
Epoch 7 **** Loss 0.13080917298793793 **** Metrics validation: {'accuracy': 0.5145999241562381, 'f1_weighted': 0.5973269050290696, 'macro': 0.4241713728883417, 'micro': 0.5145999241562381, 'binary': 0.19597989949748743, 'accuracy_majority': 0.5172798216276477, 'macro_majority': 0.4183079754803365, 'binary_majority': 0.17836812144212524, 'run_time_millis': 3995.3508720000173, 'loss_mean': 0.14869432151317596}
Epoch 8 **** Loss 0.1313304603099823 **** Metrics validation: {'accuracy': 0.5248388320060675, 'f1_weighted': 0.6064700863279021, 'macro': 0.42949918719681746, 'micro': 0.5248388320060675, 'binary': 0.19627966645285436, 'accuracy_majority': 0.5295429208472687, 'macro_majority': 0.4246504134241246, 'binary_majority': 0.17898832684824903, 'run_time_millis': 3967.5627340002393, 'loss_mean': 0.14870068430900574}
Epoch 9 **** Loss 0.12510408461093903 **** Metrics validation: {'accuracy': 0.5293894577171028, 'f1_weighted': 0.6104401670765014, 'macro': 0.43241330711145576, 'micro': 0.5293894577171028, 'binary': 0.1978021978021978, 'accuracy_majority': 0.5328874024526199, 'macro_majority': 0.42673040345447694, 'binary_majority': 0.18003913894324855, 'run_time_millis': 3801.4418080001633, 'loss_mean': 0.14870232343673706}
Evaluating
{'accuracy': 0.5293894577171028, 'f1_weighted': 0.6104401670765014, 'macro': 0.43241330711145576, 'micro': 0.5293894577171028, 'binary': 0.1978021978021978, 'accuracy_majority': 0.5328874024526199, 'macro_majority': 0.42673040345447694, 'binary_majority': 0.18003913894324855, 'run_time_millis': 4017.6268790000904, 'loss_mean': 0.14870232343673706}
Device cuda
Split type sit
Training Size: 238, NTA labels 201, YTA labels 37
Validation Size: 2637, NTA labels 2319, YTA labels 318
Test Size: 2578, NTA labels 2315, YTA labels 263
Training with SBERT, model name is sbert
Tokenizing the dataset
Number of training steps 80
Epoch 0 **** Loss 0.14184464514255524 **** Metrics validation: {'accuracy': 0.4812286689419795, 'f1_weighted': 0.5655079423288862, 'macro': 0.4102198888784254, 'micro': 0.4812286689419795, 'binary': 0.20557491289198607, 'accuracy_majority': 0.4816053511705686, 'macro_majority': 0.40046053737985277, 'binary_majority': 0.17989417989417988, 'run_time_millis': 3714.192190000176, 'loss_mean': 0.16561046242713928}
Epoch 1 **** Loss 0.17218421399593353 **** Metrics validation: {'accuracy': 0.4751611679939325, 'f1_weighted': 0.557323684257447, 'macro': 0.41510292729958154, 'micro': 0.4751611679939325, 'binary': 0.22767857142857142, 'accuracy_majority': 0.47491638795986624, 'macro_majority': 0.40576224413585327, 'binary_majority': 0.20304568527918782, 'run_time_millis': 3956.301385000188, 'loss_mean': 0.16506966948509216}
Epoch 2 **** Loss 0.17063799500465393 **** Metrics validation: {'accuracy': 0.5536594615092909, 'f1_weighted': 0.6301319550590998, 'macro': 0.4664726399861932, 'micro': 0.5536594615092909, 'binary': 0.2507956715467855, 'accuracy_majority': 0.5540691192865106, 'macro_majority': 0.455908578083488, 'binary_majority': 0.22480620155038755, 'run_time_millis': 4000.216534000174, 'loss_mean': 0.16441591084003448}
Epoch 3 **** Loss 0.16637949645519257 **** Metrics validation: {'accuracy': 0.5779294653014789, 'f1_weighted': 0.6510234786134246, 'macro': 0.4846285745893024, 'micro': 0.5779294653014789, 'binary': 0.2653465346534653, 'accuracy_majority': 0.5774804905239688, 'macro_majority': 0.4739084346298776, 'binary_majority': 0.24048096192384769, 'run_time_millis': 3984.4315279997318, 'loss_mean': 0.16393022239208221}
Epoch 4 **** Loss 0.1354215443134308 **** Metrics validation: {'accuracy': 0.5980280621918848, 'f1_weighted': 0.6680122316423276, 'macro': 0.499291360473248, 'micro': 0.5980280621918848, 'binary': 0.27694406548431105, 'accuracy_majority': 0.5975473801560758, 'macro_majority': 0.48861283643892345, 'binary_majority': 0.2525879917184265, 'run_time_millis': 3986.129837999215, 'loss_mean': 0.16343455016613007}
Epoch 5 **** Loss 0.15189966559410095 **** Metrics validation: {'accuracy': 0.6348122866894198, 'f1_weighted': 0.6982629730622485, 'macro': 0.5236208500470765, 'micro': 0.6348122866894198, 'binary': 0.293470286133529, 'accuracy_majority': 0.6309921962095875, 'macro_majority': 0.5083547909025425, 'binary_majority': 0.26280623608017817, 'run_time_millis': 3964.61696499955, 'loss_mean': 0.1628636121749878}
Epoch 6 **** Loss 0.095652274787426 **** Metrics validation: {'accuracy': 0.6477057262040197, 'f1_weighted': 0.7085690448554679, 'macro': 0.5318092471463995, 'micro': 0.6477057262040197, 'binary': 0.2988679245283019, 'accuracy_majority': 0.6465997770345596, 'macro_majority': 0.5190023090000253, 'binary_majority': 0.271264367816092, 'run_time_millis': 3766.353807000087, 'loss_mean': 0.16235211491584778}
Epoch 7 **** Loss 0.1311878114938736 **** Metrics validation: {'accuracy': 0.6655290102389079, 'f1_weighted': 0.722276185936573, 'macro': 0.5391292527574958, 'micro': 0.6655290102389079, 'binary': 0.2977707006369427, 'accuracy_majority': 0.6655518394648829, 'macro_majority': 0.5273839798800106, 'binary_majority': 0.27184466019417475, 'run_time_millis': 3924.5241300004636, 'loss_mean': 0.1618841290473938}
Epoch 8 **** Loss 0.16398604214191437 **** Metrics validation: {'accuracy': 0.6761471368979901, 'f1_weighted': 0.7302858447855326, 'macro': 0.5441491532340339, 'micro': 0.6761471368979901, 'binary': 0.2988505747126437, 'accuracy_majority': 0.6755852842809364, 'macro_majority': 0.5310372705958445, 'binary_majority': 0.27067669172932335, 'run_time_millis': 3963.4504060004474, 'loss_mean': 0.16160401701927185}
Epoch 9 **** Loss 0.15291425585746765 **** Metrics validation: {'accuracy': 0.6788016685627607, 'f1_weighted': 0.732229061627935, 'macro': 0.5449992656149512, 'micro': 0.6788016685627607, 'binary': 0.29826014913007454, 'accuracy_majority': 0.6778149386845039, 'macro_majority': 0.5325842169889058, 'binary_majority': 0.27204030226700254, 'run_time_millis': 3950.8879740005796, 'loss_mean': 0.16149814426898956}
Evaluating
{'accuracy': 0.6788016685627607, 'f1_weighted': 0.732229061627935, 'macro': 0.5449992656149512, 'micro': 0.6788016685627607, 'binary': 0.29826014913007454, 'accuracy_majority': 0.6778149386845039, 'macro_majority': 0.5325842169889058, 'binary_majority': 0.27204030226700254, 'run_time_millis': 3969.936534000226, 'loss_mean': 0.16149814426898956}
Device cuda
Split type sit
Training Size: 308, NTA labels 263, YTA labels 45
Validation Size: 2637, NTA labels 2319, YTA labels 318
Test Size: 2578, NTA labels 2315, YTA labels 263
Training with SBERT, model name is sbert
Tokenizing the dataset
Number of training steps 100
Epoch 0 **** Loss 0.13136708736419678 **** Metrics validation: {'accuracy': 0.33674630261660976, 'f1_weighted': 0.40099661998303016, 'macro': 0.31998535026015235, 'micro': 0.33674630261660976, 'binary': 0.21322537112010795, 'accuracy_majority': 0.33221850613154963, 'macro_majority': 0.31083634218137746, 'binary_majority': 0.18944519621109607, 'run_time_millis': 3948.8224790002278, 'loss_mean': 0.16130520403385162}
Epoch 1 **** Loss 0.15202519297599792 **** Metrics validation: {'accuracy': 0.3594994311717861, 'f1_weighted': 0.4254879012603781, 'macro': 0.3404634784353475, 'micro': 0.3594994311717861, 'binary': 0.22841480127912286, 'accuracy_majority': 0.35785953177257523, 'macro_majority': 0.3342267488608952, 'binary_majority': 0.2087912087912088, 'run_time_millis': 3557.093655999779, 'loss_mean': 0.160715714097023}
Epoch 2 **** Loss 0.2220412790775299 **** Metrics validation: {'accuracy': 0.42510428517254456, 'f1_weighted': 0.5026315708749693, 'macro': 0.38754841160898135, 'micro': 0.42510428517254456, 'binary': 0.23588709677419356, 'accuracy_majority': 0.4258639910813824, 'macro_majority': 0.3807947241788364, 'binary_majority': 0.21374045801526717, 'run_time_millis': 3632.4531139998726, 'loss_mean': 0.16005122661590576}
Epoch 3 **** Loss 0.2723732590675354 **** Metrics validation: {'accuracy': 0.4137277208949564, 'f1_weighted': 0.48769962498517866, 'macro': 0.3827224759890547, 'micro': 0.4137277208949564, 'binary': 0.24437927663734116, 'accuracy_majority': 0.4124860646599777, 'macro_majority': 0.3756064378504395, 'binary_majority': 0.22385861561119294, 'run_time_millis': 4000.9355359998153, 'loss_mean': 0.159613236784935}
Epoch 4 **** Loss 0.11327183246612549 **** Metrics validation: {'accuracy': 0.40841865756541523, 'f1_weighted': 0.48003936561941013, 'macro': 0.38079211020663745, 'micro': 0.40841865756541523, 'binary': 0.24999999999999997, 'accuracy_majority': 0.4069119286510591, 'macro_majority': 0.37422762607135734, 'binary_majority': 0.2312138728323699, 'run_time_millis': 3960.8900709999944, 'loss_mean': 0.15919682383537292}
Epoch 5 **** Loss 0.1602133810520172 **** Metrics validation: {'accuracy': 0.48729616989002655, 'f1_weighted': 0.5647346569326449, 'macro': 0.4368844815429754, 'micro': 0.48729616989002655, 'binary': 0.2683982683982684, 'accuracy_majority': 0.4882943143812709, 'macro_majority': 0.4312849038542557, 'binary_majority': 0.25122349102773245, 'run_time_millis': 3145.8596829997987, 'loss_mean': 0.15840592980384827}
Epoch 6 **** Loss 0.1319284737110138 **** Metrics validation: {'accuracy': 0.5290102389078498, 'f1_weighted': 0.6056703291945232, 'macro': 0.4638987574166733, 'micro': 0.5290102389078498, 'binary': 0.2770663562281723, 'accuracy_majority': 0.5317725752508361, 'macro_majority': 0.4600103199174407, 'binary_majority': 0.2631578947368421, 'run_time_millis': 3981.1279730001843, 'loss_mean': 0.1577620804309845}
Epoch 7 **** Loss 0.15046513080596924 **** Metrics validation: {'accuracy': 0.5631399317406144, 'f1_weighted': 0.6370849821758087, 'macro': 0.4861012618484375, 'micro': 0.5631399317406144, 'binary': 0.2871287128712871, 'accuracy_majority': 0.5652173913043478, 'macro_majority': 0.4800695559122526, 'binary_majority': 0.2696629213483146, 'run_time_millis': 3932.793739000772, 'loss_mean': 0.15726298093795776}
Epoch 8 **** Loss 0.2138320952653885 **** Metrics validation: {'accuracy': 0.5817216533940084, 'f1_weighted': 0.6537015913437924, 'macro': 0.49628972704049423, 'micro': 0.5817216533940084, 'binary': 0.28884590586718245, 'accuracy_majority': 0.5852842809364549, 'macro_majority': 0.4916329465678627, 'binary_majority': 0.27343750000000006, 'run_time_millis': 3180.4679649994796, 'loss_mean': 0.15692590177059174}
Epoch 9 **** Loss 0.12769059836864471 **** Metrics validation: {'accuracy': 0.5866514979142965, 'f1_weighted': 0.6579886362564225, 'macro': 0.4993823986757624, 'micro': 0.5866514979142965, 'binary': 0.2903645833333333, 'accuracy_majority': 0.5908584169453734, 'macro_majority': 0.49548741856434164, 'binary_majority': 0.27613412228796846, 'run_time_millis': 3959.928396000578, 'loss_mean': 0.15680430829524994}
Evaluating
{'accuracy': 0.5866514979142965, 'f1_weighted': 0.6579886362564225, 'macro': 0.4993823986757624, 'micro': 0.5866514979142965, 'binary': 0.2903645833333333, 'accuracy_majority': 0.5908584169453734, 'macro_majority': 0.49548741856434164, 'binary_majority': 0.27613412228796846, 'run_time_millis': 3959.427748000053, 'loss_mean': 0.15680430829524994}
Device cuda
Split type sit
Training Size: 392, NTA labels 332, YTA labels 60
Validation Size: 2637, NTA labels 2319, YTA labels 318
Test Size: 2578, NTA labels 2315, YTA labels 263
Training with SBERT, model name is sbert
Tokenizing the dataset
Number of training steps 130
Epoch 0 **** Loss 0.10916288942098618 **** Metrics validation: {'accuracy': 0.33522942737959804, 'f1_weighted': 0.39459513269642194, 'macro': 0.3215829776017909, 'micro': 0.33522942737959804, 'binary': 0.2253645603181617, 'accuracy_majority': 0.3333333333333333, 'macro_majority': 0.315948275862069, 'binary_majority': 0.20689655172413793, 'run_time_millis': 3195.339516999411, 'loss_mean': 0.16493533551692963}
Epoch 1 **** Loss 0.16675978899002075 **** Metrics validation: {'accuracy': 0.41865756541524457, 'f1_weighted': 0.4926009574562263, 'macro': 0.38714070979121956, 'micro': 0.41865756541524457, 'binary': 0.24816086316821973, 'accuracy_majority': 0.4180602006688963, 'macro_majority': 0.3811732800456752, 'binary_majority': 0.23008849557522124, 'run_time_millis': 3944.7213600005853, 'loss_mean': 0.16374363005161285}
Epoch 2 **** Loss 0.20848718285560608 **** Metrics validation: {'accuracy': 0.553280242700038, 'f1_weighted': 0.6284119476081025, 'macro': 0.47807340608706517, 'micro': 0.553280242700038, 'binary': 0.27995110024449876, 'accuracy_majority': 0.5585284280936454, 'macro_majority': 0.4765393820072386, 'binary_majority': 0.2693726937269373, 'run_time_millis': 3947.7750320002087, 'loss_mean': 0.16237732768058777}
Epoch 3 **** Loss 0.19587282836437225 **** Metrics validation: {'accuracy': 0.5316647705726204, 'f1_weighted': 0.6077143151934259, 'macro': 0.46771878733120714, 'micro': 0.5316647705726204, 'binary': 0.2832269297736506, 'accuracy_majority': 0.5351170568561873, 'macro_majority': 0.4643687180757604, 'binary_majority': 0.26970227670753066, 'run_time_millis': 3928.4392660001686, 'loss_mean': 0.16149619221687317}
Epoch 4 **** Loss 0.19060176610946655 **** Metrics validation: {'accuracy': 0.5419036784224498, 'f1_weighted': 0.6170719482026478, 'macro': 0.4757075611442114, 'micro': 0.5419036784224498, 'binary': 0.2894117647058823, 'accuracy_majority': 0.5451505016722408, 'macro_majority': 0.47244421380384016, 'binary_majority': 0.2765957446808511, 'run_time_millis': 3980.158706000111, 'loss_mean': 0.16042141616344452}
Epoch 5 **** Loss 0.19228877127170563 **** Metrics validation: {'accuracy': 0.5627607129313614, 'f1_weighted': 0.6363225514034915, 'macro': 0.48897796803739313, 'micro': 0.5627607129313614, 'binary': 0.29480122324159025, 'accuracy_majority': 0.5663322185061316, 'macro_majority': 0.4863291687092315, 'binary_majority': 0.283609576427256, 'run_time_millis': 4021.895439000218, 'loss_mean': 0.15903830528259277}
Epoch 6 **** Loss 0.12338989973068237 **** Metrics validation: {'accuracy': 0.5817216533940084, 'f1_weighted': 0.6532124163251691, 'macro': 0.5018335627534734, 'micro': 0.5817216533940084, 'binary': 0.3023402909550917, 'accuracy_majority': 0.5852842809364549, 'macro_majority': 0.4997001355387365, 'binary_majority': 0.29277566539923955, 'run_time_millis': 3965.7060039999124, 'loss_mean': 0.15788675844669342}
Epoch 7 **** Loss 0.10619090497493744 **** Metrics validation: {'accuracy': 0.6128175957527493, 'f1_weighted': 0.6800619726382766, 'macro': 0.5230538067713688, 'micro': 0.6128175957527493, 'binary': 0.3161419959812458, 'accuracy_majority': 0.6153846153846154, 'macro_majority': 0.5199182760402041, 'binary_majority': 0.3058350100603622, 'run_time_millis': 3936.2547889995767, 'loss_mean': 0.15667420625686646}
Epoch 8 **** Loss 0.13250276446342468 **** Metrics validation: {'accuracy': 0.6344330678801668, 'f1_weighted': 0.6981688329949248, 'macro': 0.536322048737779, 'micro': 0.6344330678801668, 'binary': 0.32303370786516855, 'accuracy_majority': 0.6376811594202898, 'macro_majority': 0.5334353339212237, 'binary_majority': 0.31289640591966167, 'run_time_millis': 3675.7417740000164, 'loss_mean': 0.15586675703525543}
Epoch 9 **** Loss 0.19534827768802643 **** Metrics validation: {'accuracy': 0.6351915054986728, 'f1_weighted': 0.6987922420006397, 'macro': 0.5360491809514892, 'micro': 0.6351915054986728, 'binary': 0.3215796897038082, 'accuracy_majority': 0.6410256410256411, 'macro_majority': 0.5358456000514238, 'binary_majority': 0.3148936170212766, 'run_time_millis': 3983.0354050000096, 'loss_mean': 0.15559108555316925}
Evaluating
{'accuracy': 0.6351915054986728, 'f1_weighted': 0.6987922420006397, 'macro': 0.5360491809514892, 'micro': 0.6351915054986728, 'binary': 0.3215796897038082, 'accuracy_majority': 0.6410256410256411, 'macro_majority': 0.5358456000514238, 'binary_majority': 0.3148936170212766, 'run_time_millis': 3994.505888000276, 'loss_mean': 0.15559108555316925}
Device cuda
Split type sit
Training Size: 784, NTA labels 675, YTA labels 109
Validation Size: 2637, NTA labels 2319, YTA labels 318
Test Size: 2578, NTA labels 2315, YTA labels 263
Training with SBERT, model name is sbert
Tokenizing the dataset
Number of training steps 250
Epoch 0 **** Loss 0.15168249607086182 **** Metrics validation: {'accuracy': 0.44520288206295033, 'f1_weighted': 0.5228180383851948, 'macro': 0.4041717986595943, 'micro': 0.44520288206295033, 'binary': 0.247814910025707, 'accuracy_majority': 0.4459308807134894, 'macro_majority': 0.3984536604124922, 'binary_majority': 0.2294573643410853, 'run_time_millis': 3971.5520919999108, 'loss_mean': 0.15666092932224274}
Epoch 1 **** Loss 0.15300846099853516 **** Metrics validation: {'accuracy': 0.521805081532044, 'f1_weighted': 0.5980635467048386, 'macro': 0.46218359228741923, 'micro': 0.521805081532044, 'binary': 0.28311540648095507, 'accuracy_majority': 0.5239687848383501, 'macro_majority': 0.4584505100634133, 'binary_majority': 0.27008547008547, 'run_time_millis': 3601.9090199997663, 'loss_mean': 0.15426163375377655}
Epoch 2 **** Loss 0.16846486926078796 **** Metrics validation: {'accuracy': 0.6393629124004551, 'f1_weighted': 0.7022382792356276, 'macro': 0.5419661658124681, 'micro': 0.6393629124004551, 'binary': 0.330752990851513, 'accuracy_majority': 0.6432552954292085, 'macro_majority': 0.5399882048257647, 'binary_majority': 0.3220338983050848, 'run_time_millis': 3937.9189149995, 'loss_mean': 0.14940769970417023}
Epoch 3 **** Loss 0.13295485079288483 **** Metrics validation: {'accuracy': 0.6734926052332195, 'f1_weighted': 0.7294738863379139, 'macro': 0.5584532092531913, 'micro': 0.6734926052332195, 'binary': 0.3330751355538342, 'accuracy_majority': 0.6778149386845039, 'macro_majority': 0.5573093573093573, 'binary_majority': 0.32634032634032634, 'run_time_millis': 3432.248293000157, 'loss_mean': 0.1438203901052475}
Epoch 4 **** Loss 0.09807444363832474 **** Metrics validation: {'accuracy': 0.7356844899507016, 'f1_weighted': 0.776281905155112, 'macro': 0.5961590053235701, 'micro': 0.7356844899507016, 'binary': 0.35878564857405704, 'accuracy_majority': 0.7480490523968785, 'macro_majority': 0.6056667340999985, 'binary_majority': 0.3687150837988827, 'run_time_millis': 3966.307843999857, 'loss_mean': 0.13912534713745117}
Epoch 5 **** Loss 0.045498669147491455 **** Metrics validation: {'accuracy': 0.7777777777777778, 'f1_weighted': 0.8055993579306421, 'macro': 0.6187839824746644, 'micro': 0.7777777777777778, 'binary': 0.3725910064239829, 'accuracy_majority': 0.7926421404682275, 'macro_majority': 0.633578431372549, 'binary_majority': 0.392156862745098, 'run_time_millis': 2455.473391999476, 'loss_mean': 0.1381317675113678}
Epoch 6 **** Loss 0.10039425641298294 **** Metrics validation: {'accuracy': 0.7781569965870307, 'f1_weighted': 0.806509093198513, 'macro': 0.6229086229086229, 'micro': 0.7781569965870307, 'binary': 0.3809523809523809, 'accuracy_majority': 0.7926421404682275, 'macro_majority': 0.6373315363881402, 'binary_majority': 0.4, 'run_time_millis': 3956.2729339995713, 'loss_mean': 0.13695429265499115}
Epoch 7 **** Loss 0.07261433452367783 **** Metrics validation: {'accuracy': 0.7929465301478953, 'f1_weighted': 0.8167252229736521, 'macro': 0.6323021053599338, 'micro': 0.7929465301478953, 'binary': 0.3892617449664429, 'accuracy_majority': 0.8082497212931996, 'macro_majority': 0.6482224613756999, 'binary_majority': 0.4109589041095891, 'run_time_millis': 3968.287207000685, 'loss_mean': 0.13837440311908722}
Epoch 8 **** Loss 0.11350196599960327 **** Metrics validation: {'accuracy': 0.8024270003792188, 'f1_weighted': 0.8233276224680737, 'macro': 0.639089099120943, 'micro': 0.8024270003792188, 'binary': 0.3962920046349942, 'accuracy_majority': 0.8160535117056856, 'macro_majority': 0.6518782650010703, 'binary_majority': 0.4128113879003559, 'run_time_millis': 3960.8255210005154, 'loss_mean': 0.1393178254365921}
Epoch 9 **** Loss 0.042852092534303665 **** Metrics validation: {'accuracy': 0.8047023132347364, 'f1_weighted': 0.8246260371139975, 'macro': 0.6391964023121314, 'micro': 0.8047023132347365, 'binary': 0.39482961222091656, 'accuracy_majority': 0.8182831661092531, 'macro_majority': 0.652051717121718, 'binary_majority': 0.41155234657039713, 'run_time_millis': 3744.496479999725, 'loss_mean': 0.1395965963602066}
Evaluating
{'accuracy': 0.8047023132347364, 'f1_weighted': 0.8246260371139975, 'macro': 0.6391964023121314, 'micro': 0.8047023132347365, 'binary': 0.39482961222091656, 'accuracy_majority': 0.8182831661092531, 'macro_majority': 0.652051717121718, 'binary_majority': 0.41155234657039713, 'run_time_millis': 3973.2052190001923, 'loss_mean': 0.1395965963602066}
Device cuda
Split type sit
Training Size: 1190, NTA labels 1028, YTA labels 162
Validation Size: 2637, NTA labels 2319, YTA labels 318
Test Size: 2578, NTA labels 2315, YTA labels 263
Training with SBERT, model name is sbert
Tokenizing the dataset
Number of training steps 380
Epoch 0 **** Loss 0.09677556157112122 **** Metrics validation: {'accuracy': 0.47933257489571485, 'f1_weighted': 0.5550544531451098, 'macro': 0.43508653677374054, 'micro': 0.47933257489571485, 'binary': 0.276987888362296, 'accuracy_majority': 0.4782608695652174, 'macro_majority': 0.427540500736377, 'binary_majority': 0.2571428571428571, 'run_time_millis': 3670.38955299995, 'loss_mean': 0.15433615446090698}
Epoch 1 **** Loss 0.13882263004779816 **** Metrics validation: {'accuracy': 0.6935912021236253, 'f1_weighted': 0.7453936988292866, 'macro': 0.5754645252095684, 'micro': 0.6935912021236253, 'binary': 0.35152487961476725, 'accuracy_majority': 0.7012263099219621, 'macro_majority': 0.5763499224587622, 'binary_majority': 0.3463414634146341, 'run_time_millis': 3971.6531739995844, 'loss_mean': 0.14571882784366608}
Epoch 2 **** Loss 0.11762235313653946 **** Metrics validation: {'accuracy': 0.7235494880546075, 'f1_weighted': 0.7678975382042312, 'macro': 0.5928670680870773, 'micro': 0.7235494880546075, 'binary': 0.3622047244094488, 'accuracy_majority': 0.7346711259754738, 'macro_majority': 0.5995896227830627, 'binary_majority': 0.3670212765957446, 'run_time_millis': 3954.3933519998973, 'loss_mean': 0.13483107089996338}
Epoch 3 **** Loss 0.12409529834985733 **** Metrics validation: {'accuracy': 0.782328403488813, 'f1_weighted': 0.8104971187287878, 'macro': 0.6321249693769224, 'micro': 0.782328403488813, 'binary': 0.3970588235294118, 'accuracy_majority': 0.7959866220735786, 'macro_majority': 0.645885152291108, 'binary_majority': 0.41533546325878595, 'run_time_millis': 3970.698467999682, 'loss_mean': 0.1319553405046463}
Epoch 4 **** Loss 0.07397111505270004 **** Metrics validation: {'accuracy': 0.7762609025407661, 'f1_weighted': 0.8067497908087269, 'macro': 0.6314386832679515, 'micro': 0.7762609025407661, 'binary': 0.40040650406504064, 'accuracy_majority': 0.7892976588628763, 'macro_majority': 0.6431883283207018, 'binary_majority': 0.4148606811145511, 'run_time_millis': 3947.7692210002715, 'loss_mean': 0.12990571558475494}
Epoch 5 **** Loss 0.03281288966536522 **** Metrics validation: {'accuracy': 0.8119074706105422, 'f1_weighted': 0.8302947943823803, 'macro': 0.6481510574148162, 'micro': 0.8119074706105421, 'binary': 0.40811455847255373, 'accuracy_majority': 0.8260869565217391, 'macro_majority': 0.6619869366932055, 'binary_majority': 0.4264705882352941, 'run_time_millis': 3979.1460490005193, 'loss_mean': 0.13666662573814392}
Epoch 6 **** Loss 0.0676196813583374 **** Metrics validation: {'accuracy': 0.8210087220326128, 'f1_weighted': 0.8362106917231131, 'macro': 0.6529628522611183, 'micro': 0.8210087220326128, 'binary': 0.4114713216957606, 'accuracy_majority': 0.8372352285395763, 'macro_majority': 0.6716427640156454, 'binary_majority': 0.43846153846153846, 'run_time_millis': 3139.80071900005, 'loss_mean': 0.1439805030822754}
Epoch 7 **** Loss 0.03940771892666817 **** Metrics validation: {'accuracy': 0.838073568448995, 'f1_weighted': 0.8467455360825625, 'macro': 0.6601583615151639, 'micro': 0.838073568448995, 'binary': 0.41426611796982166, 'accuracy_majority': 0.8539576365663322, 'macro_majority': 0.6792624841346744, 'binary_majority': 0.44255319148936173, 'run_time_millis': 3938.8282390000313, 'loss_mean': 0.1542583703994751}
Epoch 8 **** Loss 0.041770558804273605 **** Metrics validation: {'accuracy': 0.8376943496397421, 'f1_weighted': 0.8458275489998696, 'macro': 0.656588805748531, 'micro': 0.8376943496397421, 'binary': 0.407202216066482, 'accuracy_majority': 0.8539576365663322, 'macro_majority': 0.6769238383010782, 'binary_majority': 0.43776824034334766, 'run_time_millis': 3982.9806030002146, 'loss_mean': 0.15937639772891998}
Epoch 9 **** Loss 0.021364813670516014 **** Metrics validation: {'accuracy': 0.8365566932119833, 'f1_weighted': 0.8449898678026863, 'macro': 0.6553855716678922, 'micro': 0.8365566932119834, 'binary': 0.40551724137931033, 'accuracy_majority': 0.8539576365663322, 'macro_majority': 0.6769238383010782, 'binary_majority': 0.43776824034334766, 'run_time_millis': 3233.9914340000178, 'loss_mean': 0.15981149673461914}
Evaluating
{'accuracy': 0.838073568448995, 'f1_weighted': 0.8467455360825625, 'macro': 0.6601583615151639, 'micro': 0.838073568448995, 'binary': 0.41426611796982166, 'accuracy_majority': 0.8539576365663322, 'macro_majority': 0.6792624841346744, 'binary_majority': 0.44255319148936173, 'run_time_millis': 3942.883857000197, 'loss_mean': 0.1542583703994751}
Device cuda
Split type sit
Training Size: 1582, NTA labels 1383, YTA labels 199
Validation Size: 2637, NTA labels 2319, YTA labels 318
Test Size: 2578, NTA labels 2315, YTA labels 263
Training with SBERT, model name is sbert
Tokenizing the dataset
Number of training steps 500
Epoch 0 **** Loss 0.16046173870563507 **** Metrics validation: {'accuracy': 0.5783086841107319, 'f1_weighted': 0.6501390930983523, 'macro': 0.5001050133653374, 'micro': 0.5783086841107319, 'binary': 0.30238393977415307, 'accuracy_majority': 0.5852842809364549, 'macro_majority': 0.5008078414476519, 'binary_majority': 0.29545454545454547, 'run_time_millis': 3978.497306999998, 'loss_mean': 0.14841972291469574}
Epoch 1 **** Loss 0.1353483498096466 **** Metrics validation: {'accuracy': 0.7432688661357604, 'f1_weighted': 0.7816601261524454, 'macro': 0.6000504067827366, 'micro': 0.7432688661357604, 'binary': 0.36071765816808304, 'accuracy_majority': 0.7569676700111483, 'macro_majority': 0.6096948551719734, 'binary_majority': 0.36994219653179194, 'run_time_millis': 3951.910359000067, 'loss_mean': 0.13698582351207733}
Epoch 2 **** Loss 0.19036564230918884 **** Metrics validation: {'accuracy': 0.7929465301478953, 'f1_weighted': 0.8169530792909934, 'macro': 0.6336053509118375, 'micro': 0.7929465301478953, 'binary': 0.39198218262806234, 'accuracy_majority': 0.8060200668896321, 'macro_majority': 0.6441320248800686, 'binary_majority': 0.4041095890410959, 'run_time_millis': 3985.0923980002335, 'loss_mean': 0.13079731166362762}
Epoch 3 **** Loss 0.07634525746107101 **** Metrics validation: {'accuracy': 0.8088737201365188, 'f1_weighted': 0.8284330533424916, 'macro': 0.6472375637816041, 'micro': 0.8088737201365187, 'binary': 0.4084507042253522, 'accuracy_majority': 0.8272017837235228, 'macro_majority': 0.6691289334593024, 'binary_majority': 0.4404332129963899, 'run_time_millis': 4014.3104090002453, 'loss_mean': 0.13040459156036377}
Epoch 4 **** Loss 0.04279971122741699 **** Metrics validation: {'accuracy': 0.8657565415244596, 'f1_weighted': 0.860524156001117, 'macro': 0.6591779361509478, 'micro': 0.8657565415244596, 'binary': 0.39383561643835613, 'accuracy_majority': 0.8851727982162765, 'macro_majority': 0.6896141635731443, 'binary_majority': 0.44324324324324327, 'run_time_millis': 3362.0495109998956, 'loss_mean': 0.15874700248241425}
Epoch 5 **** Loss 0.07440339028835297 **** Metrics validation: {'accuracy': 0.8532423208191127, 'f1_weighted': 0.8554376408422789, 'macro': 0.6644447988268117, 'micro': 0.8532423208191127, 'binary': 0.4127465857359636, 'accuracy_majority': 0.8706800445930881, 'macro_majority': 0.6871933621933621, 'binary_majority': 0.4476190476190476, 'run_time_millis': 3766.158140000698, 'loss_mean': 0.15888912975788116}
Epoch 6 **** Loss 0.03477644920349121 **** Metrics validation: {'accuracy': 0.8373151308304891, 'f1_weighted': 0.8466516688490036, 'macro': 0.6616772869178463, 'micro': 0.8373151308304891, 'binary': 0.41791044776119407, 'accuracy_majority': 0.8517279821627648, 'macro_majority': 0.6766989423022203, 'binary_majority': 0.4388185654008439, 'run_time_millis': 3978.9880660000563, 'loss_mean': 0.1551525741815567}
Epoch 7 **** Loss 0.06857109814882278 **** Metrics validation: {'accuracy': 0.8456579446340539, 'f1_weighted': 0.8501783637240162, 'macro': 0.6577239254471079, 'micro': 0.8456579446340539, 'binary': 0.404099560761347, 'accuracy_majority': 0.862876254180602, 'macro_majority': 0.6801304631441618, 'binary_majority': 0.4383561643835616, 'run_time_millis': 3979.811879000408, 'loss_mean': 0.17187738418579102}
Epoch 8 **** Loss 0.09130801260471344 **** Metrics validation: {'accuracy': 0.8608266970041714, 'f1_weighted': 0.8575100928261442, 'macro': 0.6564032758493978, 'micro': 0.8608266970041714, 'binary': 0.3913764510779436, 'accuracy_majority': 0.8773690078037905, 'macro_majority': 0.679209581772784, 'binary_majority': 0.4270833333333333, 'run_time_millis': 3446.0491760000878, 'loss_mean': 0.18849152326583862}
Epoch 9 **** Loss 0.030490685254335403 **** Metrics validation: {'accuracy': 0.857034508911642, 'f1_weighted': 0.856545063670176, 'macro': 0.6606690780354387, 'micro': 0.857034508911642, 'binary': 0.4025356576862123, 'accuracy_majority': 0.8740245261984393, 'macro_majority': 0.6834378015759246, 'binary_majority': 0.43781094527363185, 'run_time_millis': 3981.6195189996506, 'loss_mean': 0.18466567993164062}
Evaluating
{'accuracy': 0.8657565415244596, 'f1_weighted': 0.860524156001117, 'macro': 0.6591779361509478, 'micro': 0.8657565415244596, 'binary': 0.39383561643835613, 'accuracy_majority': 0.8851727982162765, 'macro_majority': 0.6896141635731443, 'binary_majority': 0.44324324324324327, 'run_time_millis': 3998.9296910007397, 'loss_mean': 0.15874700248241425}
Device cuda
Split type sit
Training Size: 1988, NTA labels 1739, YTA labels 249
Validation Size: 2637, NTA labels 2319, YTA labels 318
Test Size: 2578, NTA labels 2315, YTA labels 263
Training with SBERT, model name is sbert
Tokenizing the dataset
Number of training steps 630
Epoch 0 **** Loss 0.3140140175819397 **** Metrics validation: {'accuracy': 0.6875237011755783, 'f1_weighted': 0.7406801324477864, 'macro': 0.5713074907667539, 'micro': 0.6875237011755783, 'binary': 0.3481012658227848, 'accuracy_majority': 0.6978818283166109, 'macro_majority': 0.5752343674917219, 'binary_majority': 0.3469879518072289, 'run_time_millis': 3961.8398659995364, 'loss_mean': 0.14609280228614807}
Epoch 1 **** Loss 0.04011277109384537 **** Metrics validation: {'accuracy': 0.7747440273037542, 'f1_weighted': 0.8045919343763226, 'macro': 0.6236050796726587, 'micro': 0.7747440273037542, 'binary': 0.3850931677018633, 'accuracy_majority': 0.7892976588628763, 'macro_majority': 0.636105476673428, 'binary_majority': 0.4, 'run_time_millis': 3999.8587769996448, 'loss_mean': 0.12942847609519958}
Epoch 2 **** Loss 0.09223183244466782 **** Metrics validation: {'accuracy': 0.7796738718240425, 'f1_weighted': 0.8102640948957108, 'macro': 0.6407044373710329, 'micro': 0.7796738718240424, 'binary': 0.4172517552657974, 'accuracy_majority': 0.7948717948717948, 'macro_majority': 0.6551211113154243, 'binary_majority': 0.4355828220858895, 'run_time_millis': 3997.8802139994514, 'loss_mean': 0.1221035048365593}
Epoch 3 **** Loss 0.05646862834692001 **** Metrics validation: {'accuracy': 0.8399696624952597, 'f1_weighted': 0.849824314426988, 'macro': 0.6705592370143711, 'micro': 0.8399696624952597, 'binary': 0.4343163538873995, 'accuracy_majority': 0.855072463768116, 'macro_majority': 0.6873391248391248, 'binary_majority': 0.45833333333333337, 'run_time_millis': 4017.058477000319, 'loss_mean': 0.1358141303062439}
Epoch 4 **** Loss 0.012904617004096508 **** Metrics validation: {'accuracy': 0.850967007963595, 'f1_weighted': 0.8553319335222074, 'macro': 0.6694975496332024, 'micro': 0.8509670079635949, 'binary': 0.42459736456808195, 'accuracy_majority': 0.8695652173913043, 'macro_majority': 0.6957338551859099, 'binary_majority': 0.4657534246575343, 'run_time_millis': 3953.006087999711, 'loss_mean': 0.15503007173538208}
Epoch 5 **** Loss 0.0628243088722229 **** Metrics validation: {'accuracy': 0.8418657565415245, 'f1_weighted': 0.8506399888147852, 'macro': 0.6696375271777256, 'micro': 0.8418657565415245, 'binary': 0.43110504774897684, 'accuracy_majority': 0.8573021181716833, 'macro_majority': 0.6877352538021366, 'binary_majority': 0.4576271186440678, 'run_time_millis': 4002.859967000404, 'loss_mean': 0.15672841668128967}
Epoch 6 **** Loss 0.0030466625466942787 **** Metrics validation: {'accuracy': 0.850967007963595, 'f1_weighted': 0.8549886950222739, 'macro': 0.6678399553846869, 'micro': 0.8509670079635949, 'binary': 0.4212076583210604, 'accuracy_majority': 0.8684503901895206, 'macro_majority': 0.6919212499417873, 'binary_majority': 0.4587155963302752, 'run_time_millis': 3985.863261000304, 'loss_mean': 0.17603498697280884}
Epoch 7 **** Loss 0.05727638304233551 **** Metrics validation: {'accuracy': 0.8376943496397421, 'f1_weighted': 0.8476891151060445, 'macro': 0.6658752451235802, 'micro': 0.8376943496397421, 'binary': 0.4262734584450402, 'accuracy_majority': 0.8528428093645485, 'macro_majority': 0.6825289575289575, 'binary_majority': 0.44999999999999996, 'run_time_millis': 3983.2602869992115, 'loss_mean': 0.17022590339183807}
Epoch 8 **** Loss 0.007215628866106272 **** Metrics validation: {'accuracy': 0.8543799772468714, 'f1_weighted': 0.8553497422032865, 'macro': 0.6612997744246223, 'micro': 0.8543799772468714, 'binary': 0.4055727554179567, 'accuracy_majority': 0.875139353400223, 'macro_majority': 0.6928908561786212, 'binary_majority': 0.45631067961165045, 'run_time_millis': 3494.0352749999875, 'loss_mean': 0.2005423605442047}
Epoch 9 **** Loss 0.019006652757525444 **** Metrics validation: {'accuracy': 0.8562760712931361, 'f1_weighted': 0.8557840295251902, 'macro': 0.6588689139931865, 'micro': 0.8562760712931361, 'binary': 0.3993660855784469, 'accuracy_majority': 0.875139353400223, 'macro_majority': 0.6875963978307378, 'binary_majority': 0.44554455445544555, 'run_time_millis': 2864.4806479996987, 'loss_mean': 0.2085719108581543}
Evaluating
{'accuracy': 0.8562760712931361, 'f1_weighted': 0.8557840295251902, 'macro': 0.6588689139931865, 'micro': 0.8562760712931361, 'binary': 0.3993660855784469, 'accuracy_majority': 0.875139353400223, 'macro_majority': 0.6875963978307378, 'binary_majority': 0.44554455445544555, 'run_time_millis': 3187.4392200006696, 'loss_mean': 0.2085719108581543}
Device cuda
Split type sit
Training Size: 2380, NTA labels 2085, YTA labels 295
Validation Size: 2637, NTA labels 2319, YTA labels 318
Test Size: 2578, NTA labels 2315, YTA labels 263
Training with SBERT, model name is sbert
Tokenizing the dataset
Number of training steps 750
Epoch 0 **** Loss 0.08828528970479965 **** Metrics validation: {'accuracy': 0.6609783845278726, 'f1_weighted': 0.7198482004690343, 'macro': 0.5566923809423521, 'micro': 0.6609783845278726, 'binary': 0.34167893961708395, 'accuracy_majority': 0.6677814938684504, 'macro_majority': 0.5567123487582255, 'binary_majority': 0.33482142857142855, 'run_time_millis': 3973.351829999956, 'loss_mean': 0.14285442233085632}
Epoch 1 **** Loss 0.17844907939434052 **** Metrics validation: {'accuracy': 0.739097459233978, 'f1_weighted': 0.7806349218531826, 'macro': 0.6130614083430445, 'micro': 0.739097459233978, 'binary': 0.39222614840989395, 'accuracy_majority': 0.750278706800446, 'macro_majority': 0.6201624245723878, 'binary_majority': 0.39784946236559143, 'run_time_millis': 3978.1200709994664, 'loss_mean': 0.12343902140855789}
Epoch 2 **** Loss 0.06324896216392517 **** Metrics validation: {'accuracy': 0.7709518392112249, 'f1_weighted': 0.8042835041810876, 'macro': 0.6367039524104959, 'micro': 0.7709518392112249, 'binary': 0.4158607350096712, 'accuracy_majority': 0.782608695652174, 'macro_majority': 0.6453790712526231, 'binary_majority': 0.4247787610619469, 'run_time_millis': 3877.8574620000654, 'loss_mean': 0.12267934530973434}
Epoch 3 **** Loss 0.08520280569791794 **** Metrics validation: {'accuracy': 0.8373151308304891, 'f1_weighted': 0.8487045360972271, 'macro': 0.672036319517827, 'micro': 0.8373151308304891, 'binary': 0.4392156862745098, 'accuracy_majority': 0.8528428093645485, 'macro_majority': 0.689071658158442, 'binary_majority': 0.46341463414634143, 'run_time_millis': 3949.847884000519, 'loss_mean': 0.1403973549604416}
Epoch 4 **** Loss 0.049616605043411255 **** Metrics validation: {'accuracy': 0.826317785362154, 'f1_weighted': 0.8418417539600905, 'macro': 0.6673279271933981, 'micro': 0.826317785362154, 'binary': 0.43734643734643736, 'accuracy_majority': 0.8416945373467113, 'macro_majority': 0.682662986068204, 'binary_majority': 0.45801526717557256, 'run_time_millis': 3783.240647999264, 'loss_mean': 0.14675761759281158}
Epoch 5 **** Loss 0.04600019380450249 **** Metrics validation: {'accuracy': 0.8467956010618126, 'f1_weighted': 0.8523952782725172, 'macro': 0.6656460432955214, 'micro': 0.8467956010618126, 'binary': 0.41954022988505746, 'accuracy_majority': 0.862876254180602, 'macro_majority': 0.6850682065349253, 'binary_majority': 0.44843049327354256, 'run_time_millis': 3983.2828970002083, 'loss_mean': 0.17445792257785797}
Epoch 6 **** Loss 0.053679972887039185 **** Metrics validation: {'accuracy': 0.8558968524838833, 'f1_weighted': 0.8577815001459308, 'macro': 0.6692225015580602, 'micro': 0.8558968524838833, 'binary': 0.42073170731707316, 'accuracy_majority': 0.875139353400223, 'macro_majority': 0.6979797979797979, 'binary_majority': 0.4666666666666667, 'run_time_millis': 3916.383460000361, 'loss_mean': 0.20648662745952606}
Epoch 7 **** Loss 0.04009335860610008 **** Metrics validation: {'accuracy': 0.8543799772468714, 'f1_weighted': 0.85553943916604, 'macro': 0.6621991641446894, 'micro': 0.8543799772468714, 'binary': 0.40740740740740744, 'accuracy_majority': 0.8762541806020067, 'macro_majority': 0.696912413358538, 'binary_majority': 0.46376811594202894, 'run_time_millis': 4001.4590040000257, 'loss_mean': 0.218874990940094}
Epoch 8 **** Loss 0.12968365848064423 **** Metrics validation: {'accuracy': 0.8558968524838833, 'f1_weighted': 0.8553037369080971, 'macro': 0.6574996923834133, 'micro': 0.8558968524838833, 'binary': 0.39682539682539686, 'accuracy_majority': 0.8762541806020067, 'macro_majority': 0.6890406723444922, 'binary_majority': 0.44776119402985076, 'run_time_millis': 3608.533304000048, 'loss_mean': 0.23713167011737823}
Epoch 9 **** Loss 0.02965494990348816 **** Metrics validation: {'accuracy': 0.8577929465301479, 'f1_weighted': 0.8552648481991183, 'macro': 0.6529158577835121, 'micro': 0.8577929465301478, 'binary': 0.3862520458265139, 'accuracy_majority': 0.8795986622073578, 'macro_majority': 0.6878994845360825, 'binary_majority': 0.443298969072165, 'run_time_millis': 3982.0578769995336, 'loss_mean': 0.24600182473659515}
Evaluating
{'accuracy': 0.8558968524838833, 'f1_weighted': 0.8577815001459308, 'macro': 0.6692225015580602, 'micro': 0.8558968524838833, 'binary': 0.42073170731707316, 'accuracy_majority': 0.875139353400223, 'macro_majority': 0.6979797979797979, 'binary_majority': 0.4666666666666667, 'run_time_millis': 3970.7498669995402, 'loss_mean': 0.20648662745952606}
Device cuda
Split type sit
Training Size: 2772, NTA labels 2429, YTA labels 343
Validation Size: 2637, NTA labels 2319, YTA labels 318
Test Size: 2578, NTA labels 2315, YTA labels 263
Training with SBERT, model name is sbert
