Device cuda
Split type sit
Training Size: 1344, NTA labels 1088, YTA labels 256
Validation Size: 448, NTA labels 345, YTA labels 103
Test Size: 448, NTA labels 348, YTA labels 100
Training with SBERT, model name is sbert
Tokenizing the dataset
Number of training steps 420
Epoch 0 **** Loss 0.11436836421489716 **** Metrics validation: {'accuracy': 0.8370535714285714, 'f1_weighted': 0.833072355391349, 'macro': 0.7589604876215184, 'micro': 0.8370535714285714, 'binary': 0.621761658031088, 'accuracy_majority': 0.8214285714285714, 'macro_majority': 0.76734524304113, 'binary_majority': 0.6551724137931035, 'run_time_millis': 2226.158812060021, 'loss_mean': 0.1781867891550064}
Epoch 1 **** Loss 0.1047067642211914 **** Metrics validation: {'accuracy': 0.8058035714285714, 'f1_weighted': 0.817854799400075, 'macro': 0.7648293963254593, 'micro': 0.8058035714285714, 'binary': 0.6666666666666667, 'accuracy_majority': 0.8482142857142857, 'macro_majority': 0.8296196868008949, 'binary_majority': 0.7733333333333333, 'run_time_millis': 2226.849945029244, 'loss_mean': 0.14915356040000916}
Epoch 2 **** Loss 0.0885089784860611 **** Metrics validation: {'accuracy': 0.796875, 'f1_weighted': 0.8110732323232325, 'macro': 0.7612765334504465, 'micro': 0.796875, 'binary': 0.669090909090909, 'accuracy_majority': 0.8526785714285714, 'macro_majority': 0.838203427670891, 'binary_majority': 0.7898089171974522, 'run_time_millis': 2230.151280062273, 'loss_mean': 0.14714249968528748}
Epoch 3 **** Loss 0.10988207161426544 **** Metrics validation: {'accuracy': 0.8058035714285714, 'f1_weighted': 0.8170391752644895, 'macro': 0.7615490501973021, 'micro': 0.8058035714285714, 'binary': 0.6588235294117648, 'accuracy_majority': 0.8526785714285714, 'macro_majority': 0.832937826293308, 'binary_majority': 0.7755102040816326, 'run_time_millis': 2220.5903000431135, 'loss_mean': 0.15497387945652008}
Epoch 4 **** Loss 0.04417452961206436 **** Metrics validation: {'accuracy': 0.7879464285714286, 'f1_weighted': 0.7995579972468929, 'macro': 0.7371135612588406, 'micro': 0.7879464285714285, 'binary': 0.6215139442231076, 'accuracy_majority': 0.8258928571428571, 'macro_majority': 0.8011608057357461, 'binary_majority': 0.7310344827586208, 'run_time_millis': 2223.5279489541426, 'loss_mean': 0.1589806079864502}
Epoch 5 **** Loss 0.04768536984920502 **** Metrics validation: {'accuracy': 0.8102678571428571, 'f1_weighted': 0.8193372255127827, 'macro': 0.760018654012188, 'micro': 0.8102678571428571, 'binary': 0.6502057613168725, 'accuracy_majority': 0.84375, 'macro_majority': 0.8188832674937048, 'binary_majority': 0.75177304964539, 'run_time_millis': 2223.474047961645, 'loss_mean': 0.17251156270503998}
Epoch 6 **** Loss 0.06659847497940063 **** Metrics validation: {'accuracy': 0.8102678571428571, 'f1_weighted': 0.8193372255127827, 'macro': 0.760018654012188, 'micro': 0.8102678571428571, 'binary': 0.6502057613168725, 'accuracy_majority': 0.84375, 'macro_majority': 0.8188832674937048, 'binary_majority': 0.75177304964539, 'run_time_millis': 2223.982967901975, 'loss_mean': 0.1701793521642685}
Epoch 7 **** Loss 0.05782656744122505 **** Metrics validation: {'accuracy': 0.8102678571428571, 'f1_weighted': 0.8186015572331989, 'macro': 0.7574877565706936, 'micro': 0.8102678571428571, 'binary': 0.6443514644351466, 'accuracy_majority': 0.8348214285714286, 'macro_majority': 0.8070359246583316, 'binary_majority': 0.7338129496402879, 'run_time_millis': 2219.907896942459, 'loss_mean': 0.17646834254264832}
Epoch 8 **** Loss 0.07012415677309036 **** Metrics validation: {'accuracy': 0.8191964285714286, 'f1_weighted': 0.8206787839327104, 'macro': 0.7489327844466738, 'micro': 0.8191964285714286, 'binary': 0.6161137440758294, 'accuracy_majority': 0.8258928571428571, 'macro_majority': 0.7836284829721363, 'binary_majority': 0.688, 'run_time_millis': 2223.4175570774823, 'loss_mean': 0.22714929282665253}
Epoch 9 **** Loss 0.026684461161494255 **** Metrics validation: {'accuracy': 0.8147321428571429, 'f1_weighted': 0.8179271750269779, 'macro': 0.7476364672906077, 'micro': 0.8147321428571429, 'binary': 0.6175115207373273, 'accuracy_majority': 0.8303571428571429, 'macro_majority': 0.7921875, 'binary_majority': 0.7031250000000001, 'run_time_millis': 2231.845483998768, 'loss_mean': 0.2199309766292572}
Evaluating
{'accuracy': 0.8370535714285714, 'f1_weighted': 0.833072355391349, 'macro': 0.7589604876215184, 'micro': 0.8370535714285714, 'binary': 0.621761658031088, 'accuracy_majority': 0.8214285714285714, 'macro_majority': 0.76734524304113, 'binary_majority': 0.6551724137931035, 'run_time_millis': 2230.476537020877, 'loss_mean': 0.1781867891550064}
