Device cuda
DATASET: GE'surprise, MODEL: uid, 
Split type sit
DATASET: GE'surprise, MODEL: uid, PERCENTAGE: 0.9, NUM_COMMENTS_PER_ANNO: 855
Training Size: 42750, NTA labels 41561, YTA labels 1189
Validation Size: 39354, NTA labels 38348, YTA labels 1006
Test Size: 39500, NTA labels 38458, YTA labels 1042
Training with SBERT, model name is sbert
Tokenizing the dataset
Number of training steps 13360
Epoch 0 **** Loss 0.019720083102583885 **** Metrics validation: {'accuracy': 0.9420389286984805, 'f1_weighted': 0.9542057263883119, 'macro': 0.667921820065887, 'micro': 0.9420389286984805, 'binary': 0.3662128368991387, 'accuracy_majority': 0.948235700112156, 'macro_majority': 0.6803652548308757, 'binary_majority': 0.38775510204081637, 'run_time_millis': 18204.998274799436, 'loss_mean': 0.03668355941772461}
Epoch 1 **** Loss 0.020197594538331032 **** Metrics validation: {'accuracy': 0.9448086598566855, 'f1_weighted': 0.955994777976846, 'macro': 0.6752743325178172, 'micro': 0.9448086598566855, 'binary': 0.3794285714285714, 'accuracy_majority': 0.950565093607109, 'macro_majority': 0.6877360706087288, 'binary_majority': 0.4012539184952978, 'run_time_millis': 18263.785214629024, 'loss_mean': 0.03526240214705467}
Epoch 2 **** Loss 0.03202294558286667 **** Metrics validation: {'accuracy': 0.8922599989835849, 'f1_weighted': 0.9246730731414454, 'macro': 0.6061549112459643, 'micro': 0.8922599989835849, 'binary': 0.270474879559532, 'accuracy_majority': 0.8918988870675524, 'macro_majority': 0.5959501715974522, 'binary_majority': 0.2501496110113704, 'run_time_millis': 18146.584033034742, 'loss_mean': 0.03782711550593376}
Epoch 3 **** Loss 0.018897155299782753 **** Metrics validation: {'accuracy': 0.9225237587030544, 'f1_weighted': 0.9426063391472596, 'macro': 0.6398515071135455, 'micro': 0.9225237587030544, 'binary': 0.32078413900646024, 'accuracy_majority': 0.9247692174963333, 'macro_majority': 0.6389369003567709, 'binary_majority': 0.3176838810641628, 'run_time_millis': 18065.82689192146, 'loss_mean': 0.042986687272787094}
Epoch 4 **** Loss 0.017622534185647964 **** Metrics validation: {'accuracy': 0.9250902068404736, 'f1_weighted': 0.9440156996595191, 'macro': 0.6407042177501635, 'micro': 0.9250902068404736, 'binary': 0.3210502072777522, 'accuracy_majority': 0.924079026831162, 'macro_majority': 0.6340058960470076, 'binary_majority': 0.3081761006289308, 'run_time_millis': 17714.53305101022, 'loss_mean': 0.05176219716668129}
Epoch 5 **** Loss 0.02717662788927555 **** Metrics validation: {'accuracy': 0.9327895512527317, 'f1_weighted': 0.9486831182714663, 'macro': 0.6535575192592383, 'micro': 0.9327895512527317, 'binary': 0.34253044991300025, 'accuracy_majority': 0.9350358036407558, 'macro_majority': 0.6517867327025375, 'binary_majority': 0.33773087071240104, 'run_time_millis': 16084.531182888895, 'loss_mean': 0.05345930531620979}
Epoch 6 **** Loss 0.03355685621500015 **** Metrics validation: {'accuracy': 0.9444275041927123, 'f1_weighted': 0.9557533859653917, 'macro': 0.6743621170662601, 'micro': 0.9444275041927123, 'binary': 0.3778093883357041, 'accuracy_majority': 0.9471141402812527, 'macro_majority': 0.6775262249691688, 'binary_majority': 0.3826787512588117, 'run_time_millis': 16068.810138851404, 'loss_mean': 0.06650153547525406}
Epoch 7 **** Loss 0.019251441583037376 **** Metrics validation: {'accuracy': 0.9486456268740153, 'f1_weighted': 0.9582858609643933, 'macro': 0.6815866900167419, 'micro': 0.9486456268740153, 'binary': 0.3899788711137942, 'accuracy_majority': 0.9507376412734018, 'macro_majority': 0.6837627093522551, 'binary_majority': 0.3931987247608927, 'run_time_millis': 15963.911576196551, 'loss_mean': 0.07363911718130112}
Epoch 8 **** Loss 0.0056272041983902454 **** Metrics validation: {'accuracy': 0.9456472023174264, 'f1_weighted': 0.956476460694793, 'macro': 0.6762365671898536, 'micro': 0.9456472023174264, 'binary': 0.38089725036179445, 'accuracy_majority': 0.9483219739453024, 'macro_majority': 0.6780707882609451, 'binary_majority': 0.38311019567456234, 'run_time_millis': 15969.088523183018, 'loss_mean': 0.07205627858638763}
Epoch 9 **** Loss 0.009230820462107658 **** Metrics validation: {'accuracy': 0.9516694618082024, 'f1_weighted': 0.9601175393384931, 'macro': 0.6872212494283583, 'micro': 0.9516694618082024, 'binary': 0.3996212121212121, 'accuracy_majority': 0.95461996376499, 'macro_majority': 0.6926964275993605, 'binary_majority': 0.4089887640449438, 'run_time_millis': 16082.76061154902, 'loss_mean': 0.07867813855409622}
Evaluating
{'accuracy': 0.9516694618082024, 'f1_weighted': 0.9601175393384931, 'macro': 0.6872212494283583, 'micro': 0.9516694618082024, 'binary': 0.3996212121212121, 'accuracy_majority': 0.95461996376499, 'macro_majority': 0.6926964275993605, 'binary_majority': 0.4089887640449438, 'run_time_millis': 16031.512319110334, 'loss_mean': 0.07867813855409622}
Device cuda
DATASET: GE'surprise, MODEL: uid, 
Split type sit
DATASET: GE'surprise, MODEL: uid, PERCENTAGE: 1.0, NUM_COMMENTS_PER_ANNO: 950
Training Size: 47500, NTA labels 46205, YTA labels 1295
Validation Size: 39354, NTA labels 38348, YTA labels 1006
Test Size: 39500, NTA labels 38458, YTA labels 1042
Training with SBERT, model name is sbert
Tokenizing the dataset
Number of training steps 14850
Epoch 0 **** Loss 0.11484735459089279 **** Metrics validation: {'accuracy': 0.9255475936372415, 'f1_weighted': 0.9444604026128444, 'macro': 0.645205270084469, 'micro': 0.9255475936372414, 'binary': 0.3298261665141812, 'accuracy_majority': 0.9308946596497283, 'macro_majority': 0.6505075764650933, 'binary_majority': 0.337468982630273, 'run_time_millis': 15932.122725062072, 'loss_mean': 0.039624400436878204}
Epoch 1 **** Loss 0.027174606919288635 **** Metrics validation: {'accuracy': 0.952939980688113, 'f1_weighted': 0.9609238965227812, 'macro': 0.6903836196641799, 'micro': 0.952939980688113, 'binary': 0.405266538214515, 'accuracy_majority': 0.9578983694245535, 'macro_majority': 0.7033577314838512, 'binary_majority': 0.42857142857142855, 'run_time_millis': 15982.165504712611, 'loss_mean': 0.036235179752111435}
Epoch 2 **** Loss 0.01236889511346817 **** Metrics validation: {'accuracy': 0.9312141078416425, 'f1_weighted': 0.9478716068324198, 'macro': 0.654048117312529, 'micro': 0.9312141078416425, 'binary': 0.34439331557277786, 'accuracy_majority': 0.931498576481753, 'macro_majority': 0.6500032553400508, 'binary_majority': 0.33612040133779264, 'run_time_millis': 16024.857867043465, 'loss_mean': 0.037825752049684525}
Epoch 3 **** Loss 0.022663354873657227 **** Metrics validation: {'accuracy': 0.9482898815876404, 'f1_weighted': 0.9581531188531728, 'macro': 0.6826759266545895, 'micro': 0.9482898815876404, 'binary': 0.39235592714243056, 'accuracy_majority': 0.9512552842722802, 'macro_majority': 0.6870856931418987, 'binary_majority': 0.3995749202975558, 'run_time_millis': 16044.265735894442, 'loss_mean': 0.043970897793769836}
Epoch 4 **** Loss 0.034642547369003296 **** Metrics validation: {'accuracy': 0.9582761599837374, 'f1_weighted': 0.9640214872264581, 'macro': 0.6978403335072493, 'micro': 0.9582761599837374, 'binary': 0.4173172462739531, 'accuracy_majority': 0.9629885255801915, 'macro_majority': 0.7136529051261342, 'binary_majority': 0.4464516129032259, 'run_time_millis': 16029.662003740668, 'loss_mean': 0.06505636125802994}
Epoch 5 **** Loss 0.00428742915391922 **** Metrics validation: {'accuracy': 0.952457183513747, 'f1_weighted': 0.9605735616047305, 'macro': 0.688262878160433, 'micro': 0.952457183513747, 'binary': 0.40128, 'accuracy_majority': 0.9554827020964541, 'macro_majority': 0.6945829098348602, 'binary_majority': 0.4123006833712984, 'run_time_millis': 16021.674453280866, 'loss_mean': 0.06930582225322723}
Epoch 6 **** Loss 0.007639443501830101 **** Metrics validation: {'accuracy': 0.9538547542816487, 'f1_weighted': 0.9614834339062245, 'macro': 0.6922299797087671, 'micro': 0.9538547542816487, 'binary': 0.4084690553745928, 'accuracy_majority': 0.9568630834267966, 'macro_majority': 0.6974259987160901, 'binary_majority': 0.4172494172494173, 'run_time_millis': 16037.972161080688, 'loss_mean': 0.07638202607631683}
Epoch 7 **** Loss 0.00013892806600779295 **** Metrics validation: {'accuracy': 0.9477816740356761, 'f1_weighted': 0.957601801183617, 'macro': 0.6766031897212366, 'micro': 0.9477816740356761, 'binary': 0.38046427494724144, 'accuracy_majority': 0.9512552842722802, 'macro_majority': 0.681241332160821, 'binary_majority': 0.38786565547128926, 'run_time_millis': 16062.934012152255, 'loss_mean': 0.07515617460012436}
Epoch 8 **** Loss 0.0047067697159945965 **** Metrics validation: {'accuracy': 0.9483407023428368, 'f1_weighted': 0.9579941698148, 'macro': 0.6787689317527917, 'micro': 0.9483407023428368, 'binary': 0.384498940357251, 'accuracy_majority': 0.9517729272711587, 'macro_majority': 0.6839699252491698, 'binary_majority': 0.3930510314875135, 'run_time_millis': 16055.860990192741, 'loss_mean': 0.07434934377670288}
Epoch 9 **** Loss 2.6651701773516834e-05 **** Metrics validation: {'accuracy': 0.955938405244702, 'f1_weighted': 0.962603149251774, 'macro': 0.6932580510785188, 'micro': 0.955938405244702, 'binary': 0.4094005449591281, 'accuracy_majority': 0.9602277629195065, 'macro_majority': 0.702651597463086, 'binary_majority': 0.4259028642590287, 'run_time_millis': 16030.855807941407, 'loss_mean': 0.08400584012269974}
Evaluating
{'accuracy': 0.9582761599837374, 'f1_weighted': 0.9640214872264581, 'macro': 0.6978403335072493, 'micro': 0.9582761599837374, 'binary': 0.4173172462739531, 'accuracy_majority': 0.9629885255801915, 'macro_majority': 0.7136529051261342, 'binary_majority': 0.4464516129032259, 'run_time_millis': 16113.440806046128, 'loss_mean': 0.06505636125802994}
