Device cuda
Split type sit
Training Size: 16470, NTA labels 16071, YTA labels 399
Validation Size: 5403, NTA labels 5267, YTA labels 136
Test Size: 5230, NTA labels 5105, YTA labels 125
Training with SBERT, model name is sbert
Tokenizing the dataset
Number of training steps 5150
Epoch 0 **** Loss 0.04530483856797218 **** Metrics validation: {'accuracy': 0.8223209328151028, 'f1_weighted': 0.8822431047811922, 'macro': 0.5406201443834089, 'micro': 0.8223209328151028, 'binary': 0.1808873720136519, 'accuracy_majority': 0.8251572327044026, 'macro_majority': 0.524916057970516, 'binary_majority': 0.14723926380368096, 'run_time_millis': 4034.5376030018087, 'loss_mean': 0.030933927744627}
Epoch 1 **** Loss 0.01110780332237482 **** Metrics validation: {'accuracy': 0.8811771238200999, 'f1_weighted': 0.9176564369107123, 'macro': 0.5773376087871982, 'micro': 0.8811771238200999, 'binary': 0.21897810218978098, 'accuracy_majority': 0.8867924528301887, 'macro_majority': 0.5641686311057508, 'binary_majority': 0.1891891891891892, 'run_time_millis': 4066.722882002068, 'loss_mean': 0.030920011922717094}
Epoch 2 **** Loss 0.044670816510915756 **** Metrics validation: {'accuracy': 0.8106607440310938, 'f1_weighted': 0.8749901829107527, 'macro': 0.534356177862734, 'micro': 0.8106607440310938, 'binary': 0.1756647864625302, 'accuracy_majority': 0.8169811320754717, 'macro_majority': 0.5245151789503757, 'binary_majority': 0.15160349854227406, 'run_time_millis': 3225.1155029989604, 'loss_mean': 0.031933337450027466}
Epoch 3 **** Loss 0.004051006864756346 **** Metrics validation: {'accuracy': 0.9083842309827873, 'f1_weighted': 0.933091262892337, 'macro': 0.5895363015701149, 'micro': 0.9083842309827873, 'binary': 0.22776911076443057, 'accuracy_majority': 0.9144654088050315, 'macro_majority': 0.5820447798119743, 'binary_majority': 0.20930232558139533, 'run_time_millis': 4036.4924269997573, 'loss_mean': 0.041117824614048004}
Epoch 4 **** Loss 0.014108065515756607 **** Metrics validation: {'accuracy': 0.8793263002035906, 'f1_weighted': 0.9165499699409242, 'macro': 0.5754880959726056, 'micro': 0.8793263002035905, 'binary': 0.21634615384615385, 'accuracy_majority': 0.8855345911949686, 'macro_majority': 0.5665394455395714, 'binary_majority': 0.19469026548672566, 'run_time_millis': 3106.048366000323, 'loss_mean': 0.03854129835963249}
Epoch 5 **** Loss 0.0005458515370264649 **** Metrics validation: {'accuracy': 0.9133814547473625, 'f1_weighted': 0.9359976696398585, 'macro': 0.5946923796004571, 'micro': 0.9133814547473625, 'binary': 0.2352941176470588, 'accuracy_majority': 0.9220125786163522, 'macro_majority': 0.596740544387993, 'binary_majority': 0.2345679012345679, 'run_time_millis': 4048.721700000897, 'loss_mean': 0.05125022679567337}
Epoch 6 **** Loss 0.04534963145852089 **** Metrics validation: {'accuracy': 0.943364797334814, 'f1_weighted': 0.9531815504272437, 'macro': 0.6261051860294716, 'micro': 0.943364797334814, 'binary': 0.28169014084507044, 'accuracy_majority': 0.949685534591195, 'macro_majority': 0.6233343204027243, 'binary_majority': 0.2727272727272727, 'run_time_millis': 4025.3399350003747, 'loss_mean': 0.0703563541173935}
Epoch 7 **** Loss 0.01929253712296486 **** Metrics validation: {'accuracy': 0.9076439015361836, 'f1_weighted': 0.9326021177048828, 'macro': 0.5874252789943822, 'micro': 0.9076439015361836, 'binary': 0.22395023328149302, 'accuracy_majority': 0.9132075471698113, 'macro_majority': 0.5804941840457017, 'binary_majority': 0.20689655172413796, 'run_time_millis': 4049.72982199979, 'loss_mean': 0.054289404302835464}
Epoch 8 **** Loss 0.0012040716828778386 **** Metrics validation: {'accuracy': 0.9317046085508051, 'f1_weighted': 0.9464866663356044, 'macro': 0.6123600650413081, 'micro': 0.9317046085508051, 'binary': 0.2605210420841684, 'accuracy_majority': 0.9371069182389937, 'macro_majority': 0.6048079217370557, 'binary_majority': 0.24242424242424243, 'run_time_millis': 4037.791491002281, 'loss_mean': 0.06888444721698761}
Epoch 9 **** Loss 0.0054948958568274975 **** Metrics validation: {'accuracy': 0.9322598556357579, 'f1_weighted': 0.9467516536133238, 'macro': 0.6118083408975981, 'micro': 0.9322598556357579, 'binary': 0.2591093117408907, 'accuracy_majority': 0.9389937106918239, 'macro_majority': 0.602224222463512, 'binary_majority': 0.23622047244094488, 'run_time_millis': 4051.164789001632, 'loss_mean': 0.06917347013950348}
Evaluating
{'accuracy': 0.943364797334814, 'f1_weighted': 0.9531815504272437, 'macro': 0.6261051860294716, 'micro': 0.943364797334814, 'binary': 0.28169014084507044, 'accuracy_majority': 0.949685534591195, 'macro_majority': 0.6233343204027243, 'binary_majority': 0.2727272727272727, 'run_time_millis': 4070.281382999383, 'loss_mean': 0.0703563541173935}
