Device cuda
Split type sit
Training Size: 63399, NTA labels 62541, YTA labels 858
Validation Size: 21193, NTA labels 20937, YTA labels 256
Test Size: 21178, NTA labels 20924, YTA labels 254
Training with SBERT, model name is sbert
Tokenizing the dataset
Number of training steps 19820
Epoch 0 **** Loss 0.0033441854175180197 **** Metrics validation: {'accuracy': 0.9770678997782286, 'f1_weighted': 0.9814545964445429, 'macro': 0.7048653471883145, 'micro': 0.9770678997782286, 'binary': 0.42142857142857143, 'accuracy_majority': 0.9778253983042952, 'macro_majority': 0.7400592893258862, 'binary_majority': 0.49145299145299143, 'run_time_millis': 10838.194353999825, 'loss_mean': 0.018422581255435944}
Epoch 1 **** Loss 0.016530314460396767 **** Metrics validation: {'accuracy': 0.9748973717736988, 'f1_weighted': 0.9801138207887418, 'macro': 0.6947133390953616, 'micro': 0.9748973717736988, 'binary': 0.40224719101123596, 'accuracy_majority': 0.9748439392527718, 'macro_majority': 0.7246360864498502, 'binary_majority': 0.46215139442231074, 'run_time_millis': 10831.852162999894, 'loss_mean': 0.018548861145973206}
Epoch 2 **** Loss 0.00038076614146120846 **** Metrics validation: {'accuracy': 0.9751804841221158, 'f1_weighted': 0.9803992862436158, 'macro': 0.7007877663608637, 'micro': 0.9751804841221158, 'binary': 0.4142538975501114, 'accuracy_majority': 0.9751234510388521, 'macro_majority': 0.7323767592562761, 'binary_majority': 0.47749510763209396, 'run_time_millis': 10849.222346999795, 'loss_mean': 0.02301201969385147}
Epoch 3 **** Loss 6.912210665177554e-05 **** Metrics validation: {'accuracy': 0.9745670740338791, 'f1_weighted': 0.9799534569581244, 'macro': 0.6950537504202243, 'micro': 0.9745670740338791, 'binary': 0.4031007751937984, 'accuracy_majority': 0.9746575980620517, 'macro_majority': 0.7268435452058281, 'binary_majority': 0.4666666666666666, 'run_time_millis': 10847.689524000089, 'loss_mean': 0.024218598380684853}
Epoch 4 **** Loss 2.896307523769792e-05 **** Metrics validation: {'accuracy': 0.9731515122917944, 'f1_weighted': 0.9790877343621023, 'macro': 0.68885839952514, 'micro': 0.9731515122917943, 'binary': 0.3914438502673797, 'accuracy_majority': 0.9721419919873288, 'macro_majority': 0.7144582913251178, 'binary_majority': 0.4432029795158287, 'run_time_millis': 10849.782419999883, 'loss_mean': 0.027569975703954697}
Epoch 5 **** Loss 9.935103298630565e-05 **** Metrics validation: {'accuracy': 0.9813617703958855, 'f1_weighted': 0.9842408918348228, 'macro': 0.7308659536277469, 'micro': 0.9813617703958855, 'binary': 0.47121820615796517, 'accuracy_majority': 0.981272710332619, 'macro_majority': 0.762043594340887, 'binary_majority': 0.5336426914153133, 'run_time_millis': 10745.969890999731, 'loss_mean': 0.03364686667919159}
Epoch 6 **** Loss 6.457193376263604e-05 **** Metrics validation: {'accuracy': 0.9818808097013165, 'f1_weighted': 0.9845218467369292, 'macro': 0.7316547776003344, 'micro': 0.9818808097013165, 'binary': 0.47252747252747257, 'accuracy_majority': 0.98211124569086, 'macro_majority': 0.7657739248089126, 'binary_majority': 0.5406698564593302, 'run_time_millis': 10720.1481230004, 'loss_mean': 0.03768260404467583}
Epoch 7 **** Loss 2.041429434029851e-05 **** Metrics validation: {'accuracy': 0.9784362761289105, 'f1_weighted': 0.982350021133669, 'macro': 0.7134458336140381, 'micro': 0.9784362761289105, 'binary': 0.4378843788437885, 'accuracy_majority': 0.9775458865182148, 'macro_majority': 0.7384218970344268, 'binary_majority': 0.4883227176220807, 'run_time_millis': 10866.89834200024, 'loss_mean': 0.03355453908443451}
Epoch 8 **** Loss 4.108761640964076e-05 **** Metrics validation: {'accuracy': 0.9850894163167083, 'f1_weighted': 0.9864075515435994, 'macro': 0.7430115280852794, 'micro': 0.9850894163167084, 'binary': 0.4935897435897436, 'accuracy_majority': 0.9847200223609429, 'macro_majority': 0.7732872887188977, 'binary_majority': 0.5543478260869565, 'run_time_millis': 10800.70479799997, 'loss_mean': 0.04296204075217247}
Epoch 9 **** Loss 1.628201425774023e-05 **** Metrics validation: {'accuracy': 0.9848063039682914, 'f1_weighted': 0.9862836938022723, 'macro': 0.7437924306549852, 'micro': 0.9848063039682914, 'binary': 0.4952978056426332, 'accuracy_majority': 0.9843473399795025, 'macro_majority': 0.7714185168921284, 'binary_majority': 0.5508021390374332, 'run_time_millis': 10725.265936999676, 'loss_mean': 0.04182595759630203}
Evaluating
{'accuracy': 0.9850894163167083, 'f1_weighted': 0.9864075515435994, 'macro': 0.7430115280852794, 'micro': 0.9850894163167084, 'binary': 0.4935897435897436, 'accuracy_majority': 0.9847200223609429, 'macro_majority': 0.7732872887188977, 'binary_majority': 0.5543478260869565, 'run_time_millis': 10729.819709000367, 'loss_mean': 0.04296204075217247}
