Device cuda
Split type sit
Training Size: 90765, NTA labels 87348, YTA labels 3417
Validation Size: 30243, NTA labels 29094, YTA labels 1149
Test Size: 30249, NTA labels 29091, YTA labels 1158
Training with SBERT, model name is sbert
Tokenizing the dataset
Number of training steps 28370
Epoch 0 **** Loss 0.014356587082147598 **** Metrics validation: {'accuracy': 0.958833449062593, 'f1_weighted': 0.9574390891176503, 'macro': 0.6993901575850378, 'micro': 0.958833449062593, 'binary': 0.42012109920819746, 'accuracy_majority': 0.9658536585365853, 'macro_majority': 0.737280385887531, 'binary_majority': 0.49222797927461137, 'run_time_millis': 14258.0021879985, 'loss_mean': 0.060848623514175415}
Epoch 1 **** Loss 0.06322242319583893 **** Metrics validation: {'accuracy': 0.9598254141454221, 'f1_weighted': 0.9580097092839304, 'macro': 0.7004469054545569, 'micro': 0.9598254141454221, 'binary': 0.421703950499762, 'accuracy_majority': 0.9667247386759582, 'macro_majority': 0.7380830711990045, 'binary_majority': 0.49336870026525204, 'run_time_millis': 14331.165012001293, 'loss_mean': 0.06373272836208344}
Epoch 2 **** Loss 0.12095607817173004 **** Metrics validation: {'accuracy': 0.9513606454386139, 'f1_weighted': 0.9540977351858908, 'macro': 0.7049512433694375, 'micro': 0.9513606454386139, 'binary': 0.4353166986564299, 'accuracy_majority': 0.9582752613240418, 'macro_majority': 0.7340654450328877, 'binary_majority': 0.4898828541001064, 'run_time_millis': 14160.202398001275, 'loss_mean': 0.06313882023096085}
Epoch 3 **** Loss 0.03155184164643288 **** Metrics validation: {'accuracy': 0.9564857983665641, 'f1_weighted': 0.9566302521890372, 'macro': 0.704332622876005, 'micro': 0.9564857983665641, 'binary': 0.4312878133102852, 'accuracy_majority': 0.963588850174216, 'macro_majority': 0.7399545788660583, 'binary_majority': 0.49880095923261386, 'run_time_millis': 14229.444587999751, 'loss_mean': 0.07398216426372528}
Epoch 4 **** Loss 0.03693380951881409 **** Metrics validation: {'accuracy': 0.9558906193168667, 'f1_weighted': 0.9563059842746588, 'macro': 0.7039717724159622, 'micro': 0.9558906193168667, 'binary': 0.4308873720136519, 'accuracy_majority': 0.9630662020905923, 'macro_majority': 0.7386335738843203, 'binary_majority': 0.49643705463182897, 'run_time_millis': 14345.697053002368, 'loss_mean': 0.0762346163392067}
Epoch 5 **** Loss 0.008956060744822025 **** Metrics validation: {'accuracy': 0.9572463049300665, 'f1_weighted': 0.9564564144347487, 'macro': 0.6967682980623426, 'micro': 0.9572463049300665, 'binary': 0.4157252598282874, 'accuracy_majority': 0.9639372822299651, 'macro_majority': 0.7306102793338647, 'binary_majority': 0.47989949748743715, 'run_time_millis': 14172.517042003165, 'loss_mean': 0.08928640931844711}
Epoch 6 **** Loss 0.012421786785125732 **** Metrics validation: {'accuracy': 0.9571140429190226, 'f1_weighted': 0.9565517772486609, 'macro': 0.698969577932937, 'micro': 0.9571140429190226, 'binary': 0.4202056325435852, 'accuracy_majority': 0.9641114982578397, 'macro_majority': 0.7344833873600045, 'binary_majority': 0.48756218905472637, 'run_time_millis': 14142.621730999963, 'loss_mean': 0.09995236992835999}
Epoch 7 **** Loss 0.0003742813423741609 **** Metrics validation: {'accuracy': 0.9564527328638032, 'f1_weighted': 0.9557461583079899, 'macro': 0.6924764788119432, 'micro': 0.9564527328638032, 'binary': 0.407557354925776, 'accuracy_majority': 0.9633275261324041, 'macro_majority': 0.7277039694785598, 'binary_majority': 0.47440699126092384, 'run_time_millis': 12113.665957000194, 'loss_mean': 0.1072220429778099}
Epoch 8 **** Loss 0.02416524477303028 **** Metrics validation: {'accuracy': 0.9519888899910723, 'f1_weighted': 0.9533977759232882, 'macro': 0.6909223267514386, 'micro': 0.9519888899910723, 'binary': 0.40686274509803916, 'accuracy_majority': 0.9589721254355401, 'macro_majority': 0.7226283730201783, 'binary_majority': 0.4665911664779162, 'run_time_millis': 14227.986103000148, 'loss_mean': 0.10981699824333191}
Epoch 9 **** Loss 0.00010490651766303927 **** Metrics validation: {'accuracy': 0.9554277022782132, 'f1_weighted': 0.9553153097023901, 'macro': 0.6935810987544083, 'micro': 0.9554277022782132, 'binary': 0.410323709536308, 'accuracy_majority': 0.9623693379790941, 'macro_majority': 0.7281062171711679, 'binary_majority': 0.47572815533980584, 'run_time_millis': 14008.153538998158, 'loss_mean': 0.11503065377473831}
Evaluating
{'accuracy': 0.9598254141454221, 'f1_weighted': 0.9580097092839304, 'macro': 0.7004469054545569, 'micro': 0.9598254141454221, 'binary': 0.421703950499762, 'accuracy_majority': 0.9667247386759582, 'macro_majority': 0.7380830711990045, 'binary_majority': 0.49336870026525204, 'run_time_millis': 14172.961050000595, 'loss_mean': 0.06373272836208344}
