Device cuda
Split type sit
Training Size: 490, NTA labels 490, YTA labels 0
Validation Size: 2506, NTA labels 2506, YTA labels 0
Test Size: 2558, NTA labels 2558, YTA labels 0
Training with SBERT, model name is sbert
Tokenizing the dataset
Number of training steps 160
Epoch 0 **** Loss 0.015097242780029774 **** Metrics validation: {'accuracy': 1.0, 'f1_weighted': 1.0, 'macro': 1.0, 'micro': 1.0, 'binary': 0.0, 'accuracy_majority': 1.0, 'macro_majority': 1.0, 'binary_majority': 0.0, 'run_time_millis': 3840.0349900002766, 'loss_mean': 0.00924846064299345}
Epoch 1 **** Loss 0.0020758439786732197 **** Metrics validation: {'accuracy': 1.0, 'f1_weighted': 1.0, 'macro': 1.0, 'micro': 1.0, 'binary': 0.0, 'accuracy_majority': 1.0, 'macro_majority': 1.0, 'binary_majority': 0.0, 'run_time_millis': 3845.4163979986333, 'loss_mean': 0.0012423101579770446}
Epoch 2 **** Loss 0.0013551963493227959 **** Metrics validation: {'accuracy': 1.0, 'f1_weighted': 1.0, 'macro': 1.0, 'micro': 1.0, 'binary': 0.0, 'accuracy_majority': 1.0, 'macro_majority': 1.0, 'binary_majority': 0.0, 'run_time_millis': 1800.0190640013898, 'loss_mean': 0.0006663625244982541}
Epoch 3 **** Loss 0.0013716615503653884 **** Metrics validation: {'accuracy': 1.0, 'f1_weighted': 1.0, 'macro': 1.0, 'micro': 1.0, 'binary': 0.0, 'accuracy_majority': 1.0, 'macro_majority': 1.0, 'binary_majority': 0.0, 'run_time_millis': 3838.2622050012287, 'loss_mean': 0.000483356328913942}
Epoch 4 **** Loss 0.0010552520398050547 **** Metrics validation: {'accuracy': 1.0, 'f1_weighted': 1.0, 'macro': 1.0, 'micro': 1.0, 'binary': 0.0, 'accuracy_majority': 1.0, 'macro_majority': 1.0, 'binary_majority': 0.0, 'run_time_millis': 1809.0873559995089, 'loss_mean': 0.00039979832945391536}
Epoch 5 **** Loss 0.0005831460584886372 **** Metrics validation: {'accuracy': 1.0, 'f1_weighted': 1.0, 'macro': 1.0, 'micro': 1.0, 'binary': 0.0, 'accuracy_majority': 1.0, 'macro_majority': 1.0, 'binary_majority': 0.0, 'run_time_millis': 3842.725373999201, 'loss_mean': 0.0003491088282316923}
Epoch 6 **** Loss 0.0006173988804221153 **** Metrics validation: {'accuracy': 1.0, 'f1_weighted': 1.0, 'macro': 1.0, 'micro': 1.0, 'binary': 0.0, 'accuracy_majority': 1.0, 'macro_majority': 1.0, 'binary_majority': 0.0, 'run_time_millis': 3838.4906999999657, 'loss_mean': 0.00031590976868756115}
Epoch 7 **** Loss 0.0008088452741503716 **** Metrics validation: {'accuracy': 1.0, 'f1_weighted': 1.0, 'macro': 1.0, 'micro': 1.0, 'binary': 0.0, 'accuracy_majority': 1.0, 'macro_majority': 1.0, 'binary_majority': 0.0, 'run_time_millis': 3833.9204379990406, 'loss_mean': 0.0002945205196738243}
Epoch 8 **** Loss 0.0005588378990069032 **** Metrics validation: {'accuracy': 1.0, 'f1_weighted': 1.0, 'macro': 1.0, 'micro': 1.0, 'binary': 0.0, 'accuracy_majority': 1.0, 'macro_majority': 1.0, 'binary_majority': 0.0, 'run_time_millis': 3836.484429999473, 'loss_mean': 0.00028187394491396844}
Epoch 9 **** Loss 0.0004190673935227096 **** Metrics validation: {'accuracy': 1.0, 'f1_weighted': 1.0, 'macro': 1.0, 'micro': 1.0, 'binary': 0.0, 'accuracy_majority': 1.0, 'macro_majority': 1.0, 'binary_majority': 0.0, 'run_time_millis': 3817.2709949994896, 'loss_mean': 0.00027750799199566245}
Evaluating
{'accuracy': 1.0, 'f1_weighted': 1.0, 'macro': 1.0, 'micro': 1.0, 'binary': 0.0, 'accuracy_majority': 1.0, 'macro_majority': 1.0, 'binary_majority': 0.0, 'run_time_millis': 3842.428187999758, 'loss_mean': 0.00924846064299345}
Device cuda
Split type sit
Training Size: 994, NTA labels 994, YTA labels 0
Validation Size: 2506, NTA labels 2506, YTA labels 0
Test Size: 2558, NTA labels 2558, YTA labels 0
Training with SBERT, model name is sbert
Tokenizing the dataset
Number of training steps 320
Epoch 0 **** Loss 0.0027592885307967663 **** Metrics validation: {'accuracy': 1.0, 'f1_weighted': 1.0, 'macro': 1.0, 'micro': 1.0, 'binary': 0.0, 'accuracy_majority': 1.0, 'macro_majority': 1.0, 'binary_majority': 0.0, 'run_time_millis': 2833.293108000362, 'loss_mean': 0.0011354180751368403}
Epoch 1 **** Loss 0.0008192923851311207 **** Metrics validation: {'accuracy': 1.0, 'f1_weighted': 1.0, 'macro': 1.0, 'micro': 1.0, 'binary': 0.0, 'accuracy_majority': 1.0, 'macro_majority': 1.0, 'binary_majority': 0.0, 'run_time_millis': 3842.3442559997056, 'loss_mean': 0.0003935490967705846}
Epoch 2 **** Loss 0.0008968799374997616 **** Metrics validation: {'accuracy': 1.0, 'f1_weighted': 1.0, 'macro': 1.0, 'micro': 1.0, 'binary': 0.0, 'accuracy_majority': 1.0, 'macro_majority': 1.0, 'binary_majority': 0.0, 'run_time_millis': 3139.1570579999097, 'loss_mean': 0.00025923034991137683}
Epoch 3 **** Loss 0.0006934859557077289 **** Metrics validation: {'accuracy': 1.0, 'f1_weighted': 1.0, 'macro': 1.0, 'micro': 1.0, 'binary': 0.0, 'accuracy_majority': 1.0, 'macro_majority': 1.0, 'binary_majority': 0.0, 'run_time_millis': 2826.6201950009417, 'loss_mean': 0.00019382887694519013}
Epoch 4 **** Loss 0.00036402608384378254 **** Metrics validation: {'accuracy': 1.0, 'f1_weighted': 1.0, 'macro': 1.0, 'micro': 1.0, 'binary': 0.0, 'accuracy_majority': 1.0, 'macro_majority': 1.0, 'binary_majority': 0.0, 'run_time_millis': 3850.6189420004375, 'loss_mean': 0.00015551605611108243}
Epoch 5 **** Loss 0.00020455298363231122 **** Metrics validation: {'accuracy': 1.0, 'f1_weighted': 1.0, 'macro': 1.0, 'micro': 1.0, 'binary': 0.0, 'accuracy_majority': 1.0, 'macro_majority': 1.0, 'binary_majority': 0.0, 'run_time_millis': 3841.558370999337, 'loss_mean': 0.00013237507664598525}
Epoch 6 **** Loss 0.0002534582745283842 **** Metrics validation: {'accuracy': 1.0, 'f1_weighted': 1.0, 'macro': 1.0, 'micro': 1.0, 'binary': 0.0, 'accuracy_majority': 1.0, 'macro_majority': 1.0, 'binary_majority': 0.0, 'run_time_millis': 3861.060720999376, 'loss_mean': 0.00011755157174775377}
Epoch 7 **** Loss 9.338946256320924e-05 **** Metrics validation: {'accuracy': 1.0, 'f1_weighted': 1.0, 'macro': 1.0, 'micro': 1.0, 'binary': 0.0, 'accuracy_majority': 1.0, 'macro_majority': 1.0, 'binary_majority': 0.0, 'run_time_millis': 3863.0279310000333, 'loss_mean': 0.00010777515853988007}
Epoch 8 **** Loss 0.00022305213497020304 **** Metrics validation: {'accuracy': 1.0, 'f1_weighted': 1.0, 'macro': 1.0, 'micro': 1.0, 'binary': 0.0, 'accuracy_majority': 1.0, 'macro_majority': 1.0, 'binary_majority': 0.0, 'run_time_millis': 2833.223095998619, 'loss_mean': 0.00010236306843580678}
Epoch 9 **** Loss 0.0005480597610585392 **** Metrics validation: {'accuracy': 1.0, 'f1_weighted': 1.0, 'macro': 1.0, 'micro': 1.0, 'binary': 0.0, 'accuracy_majority': 1.0, 'macro_majority': 1.0, 'binary_majority': 0.0, 'run_time_millis': 3845.2859449989774, 'loss_mean': 0.00010048400872619823}
Evaluating
{'accuracy': 1.0, 'f1_weighted': 1.0, 'macro': 1.0, 'micro': 1.0, 'binary': 0.0, 'accuracy_majority': 1.0, 'macro_majority': 1.0, 'binary_majority': 0.0, 'run_time_millis': 3037.014834000729, 'loss_mean': 0.0011354180751368403}
Device cuda
Split type sit
Training Size: 1498, NTA labels 1498, YTA labels 0
Validation Size: 2506, NTA labels 2506, YTA labels 0
Test Size: 2558, NTA labels 2558, YTA labels 0
Training with SBERT, model name is sbert
Tokenizing the dataset
Number of training steps 470
Epoch 0 **** Loss 0.0010839691385626793 **** Metrics validation: {'accuracy': 1.0, 'f1_weighted': 1.0, 'macro': 1.0, 'micro': 1.0, 'binary': 0.0, 'accuracy_majority': 1.0, 'macro_majority': 1.0, 'binary_majority': 0.0, 'run_time_millis': 3854.4155580002553, 'loss_mean': 0.0005722690257243812}
Epoch 1 **** Loss 0.000471119477879256 **** Metrics validation: {'accuracy': 1.0, 'f1_weighted': 1.0, 'macro': 1.0, 'micro': 1.0, 'binary': 0.0, 'accuracy_majority': 1.0, 'macro_majority': 1.0, 'binary_majority': 0.0, 'run_time_millis': 1818.959582999014, 'loss_mean': 0.0002514055813662708}
Epoch 2 **** Loss 0.0003566189552657306 **** Metrics validation: {'accuracy': 1.0, 'f1_weighted': 1.0, 'macro': 1.0, 'micro': 1.0, 'binary': 0.0, 'accuracy_majority': 1.0, 'macro_majority': 1.0, 'binary_majority': 0.0, 'run_time_millis': 2124.363994000305, 'loss_mean': 0.00016372882237192243}
Epoch 3 **** Loss 0.00030841139960102737 **** Metrics validation: {'accuracy': 1.0, 'f1_weighted': 1.0, 'macro': 1.0, 'micro': 1.0, 'binary': 0.0, 'accuracy_majority': 1.0, 'macro_majority': 1.0, 'binary_majority': 0.0, 'run_time_millis': 2515.975239000909, 'loss_mean': 0.00011752091813832521}
Epoch 4 **** Loss 0.0002192740939790383 **** Metrics validation: {'accuracy': 1.0, 'f1_weighted': 1.0, 'macro': 1.0, 'micro': 1.0, 'binary': 0.0, 'accuracy_majority': 1.0, 'macro_majority': 1.0, 'binary_majority': 0.0, 'run_time_millis': 3850.585260999651, 'loss_mean': 9.152643906418234e-05}
Epoch 5 **** Loss 0.00022348406491801143 **** Metrics validation: {'accuracy': 1.0, 'f1_weighted': 1.0, 'macro': 1.0, 'micro': 1.0, 'binary': 0.0, 'accuracy_majority': 1.0, 'macro_majority': 1.0, 'binary_majority': 0.0, 'run_time_millis': 3869.6099120006693, 'loss_mean': 7.519921928178519e-05}
Epoch 6 **** Loss 0.00023305487411562353 **** Metrics validation: {'accuracy': 1.0, 'f1_weighted': 1.0, 'macro': 1.0, 'micro': 1.0, 'binary': 0.0, 'accuracy_majority': 1.0, 'macro_majority': 1.0, 'binary_majority': 0.0, 'run_time_millis': 3841.1301119995187, 'loss_mean': 6.499337177956477e-05}
Epoch 7 **** Loss 0.00018343386182095855 **** Metrics validation: {'accuracy': 1.0, 'f1_weighted': 1.0, 'macro': 1.0, 'micro': 1.0, 'binary': 0.0, 'accuracy_majority': 1.0, 'macro_majority': 1.0, 'binary_majority': 0.0, 'run_time_millis': 2857.5547030013695, 'loss_mean': 5.8792207710212097e-05}
Epoch 8 **** Loss 0.00017576238315086812 **** Metrics validation: {'accuracy': 1.0, 'f1_weighted': 1.0, 'macro': 1.0, 'micro': 1.0, 'binary': 0.0, 'accuracy_majority': 1.0, 'macro_majority': 1.0, 'binary_majority': 0.0, 'run_time_millis': 3850.394478000453, 'loss_mean': 5.5391148634953424e-05}
Epoch 9 **** Loss 0.00018233760783914477 **** Metrics validation: {'accuracy': 1.0, 'f1_weighted': 1.0, 'macro': 1.0, 'micro': 1.0, 'binary': 0.0, 'accuracy_majority': 1.0, 'macro_majority': 1.0, 'binary_majority': 0.0, 'run_time_millis': 2828.4444700002496, 'loss_mean': 5.426195275504142e-05}
Evaluating
{'accuracy': 1.0, 'f1_weighted': 1.0, 'macro': 1.0, 'micro': 1.0, 'binary': 0.0, 'accuracy_majority': 1.0, 'macro_majority': 1.0, 'binary_majority': 0.0, 'run_time_millis': 3853.233954001553, 'loss_mean': 0.0005722690257243812}
Device cuda
Split type sit
Training Size: 2002, NTA labels 2002, YTA labels 0
Validation Size: 2506, NTA labels 2506, YTA labels 0
Test Size: 2558, NTA labels 2558, YTA labels 0
Training with SBERT, model name is sbert
Tokenizing the dataset
Number of training steps 630
Epoch 0 **** Loss 0.0006006159237585962 **** Metrics validation: {'accuracy': 1.0, 'f1_weighted': 1.0, 'macro': 1.0, 'micro': 1.0, 'binary': 0.0, 'accuracy_majority': 1.0, 'macro_majority': 1.0, 'binary_majority': 0.0, 'run_time_millis': 3851.6201919992454, 'loss_mean': 0.0003608479455579072}
Epoch 1 **** Loss 0.0005343227530829608 **** Metrics validation: {'accuracy': 1.0, 'f1_weighted': 1.0, 'macro': 1.0, 'micro': 1.0, 'binary': 0.0, 'accuracy_majority': 1.0, 'macro_majority': 1.0, 'binary_majority': 0.0, 'run_time_millis': 3840.485758999421, 'loss_mean': 0.00017078635573852807}
Epoch 2 **** Loss 0.0002957242541015148 **** Metrics validation: {'accuracy': 1.0, 'f1_weighted': 1.0, 'macro': 1.0, 'micro': 1.0, 'binary': 0.0, 'accuracy_majority': 1.0, 'macro_majority': 1.0, 'binary_majority': 0.0, 'run_time_millis': 2837.13597499991, 'loss_mean': 0.0001048119374900125}
Epoch 3 **** Loss 0.00018679459753911942 **** Metrics validation: {'accuracy': 1.0, 'f1_weighted': 1.0, 'macro': 1.0, 'micro': 1.0, 'binary': 0.0, 'accuracy_majority': 1.0, 'macro_majority': 1.0, 'binary_majority': 0.0, 'run_time_millis': 3852.1635930010234, 'loss_mean': 7.329352956730872e-05}
Epoch 4 **** Loss 0.0001528253051219508 **** Metrics validation: {'accuracy': 1.0, 'f1_weighted': 1.0, 'macro': 1.0, 'micro': 1.0, 'binary': 0.0, 'accuracy_majority': 1.0, 'macro_majority': 1.0, 'binary_majority': 0.0, 'run_time_millis': 3751.847445999374, 'loss_mean': 5.5902153690112755e-05}
Epoch 5 **** Loss 0.00014702157932333648 **** Metrics validation: {'accuracy': 1.0, 'f1_weighted': 1.0, 'macro': 1.0, 'micro': 1.0, 'binary': 0.0, 'accuracy_majority': 1.0, 'macro_majority': 1.0, 'binary_majority': 0.0, 'run_time_millis': 2835.1268940004957, 'loss_mean': 4.551355596049689e-05}
Epoch 6 **** Loss 0.00010464899241924286 **** Metrics validation: {'accuracy': 1.0, 'f1_weighted': 1.0, 'macro': 1.0, 'micro': 1.0, 'binary': 0.0, 'accuracy_majority': 1.0, 'macro_majority': 1.0, 'binary_majority': 0.0, 'run_time_millis': 2839.7648179998214, 'loss_mean': 3.925666169379838e-05}
Epoch 7 **** Loss 9.520288585918024e-05 **** Metrics validation: {'accuracy': 1.0, 'f1_weighted': 1.0, 'macro': 1.0, 'micro': 1.0, 'binary': 0.0, 'accuracy_majority': 1.0, 'macro_majority': 1.0, 'binary_majority': 0.0, 'run_time_millis': 3856.995879999886, 'loss_mean': 3.5246663173893467e-05}
Epoch 8 **** Loss 6.947437941562384e-05 **** Metrics validation: {'accuracy': 1.0, 'f1_weighted': 1.0, 'macro': 1.0, 'micro': 1.0, 'binary': 0.0, 'accuracy_majority': 1.0, 'macro_majority': 1.0, 'binary_majority': 0.0, 'run_time_millis': 3846.79070600032, 'loss_mean': 3.3074400562327355e-05}
Epoch 9 **** Loss 7.202732376754284e-05 **** Metrics validation: {'accuracy': 1.0, 'f1_weighted': 1.0, 'macro': 1.0, 'micro': 1.0, 'binary': 0.0, 'accuracy_majority': 1.0, 'macro_majority': 1.0, 'binary_majority': 0.0, 'run_time_millis': 3847.651443000359, 'loss_mean': 3.238220597268082e-05}
Evaluating
{'accuracy': 1.0, 'f1_weighted': 1.0, 'macro': 1.0, 'micro': 1.0, 'binary': 0.0, 'accuracy_majority': 1.0, 'macro_majority': 1.0, 'binary_majority': 0.0, 'run_time_millis': 3848.5405600004015, 'loss_mean': 0.0003608479455579072}
Device cuda
Split type sit
Training Size: 2506, NTA labels 2506, YTA labels 0
Validation Size: 2506, NTA labels 2506, YTA labels 0
Test Size: 2558, NTA labels 2558, YTA labels 0
Training with SBERT, model name is sbert
Tokenizing the dataset
Number of training steps 790
Epoch 0 **** Loss 0.0004974441835656762 **** Metrics validation: {'accuracy': 1.0, 'f1_weighted': 1.0, 'macro': 1.0, 'micro': 1.0, 'binary': 0.0, 'accuracy_majority': 1.0, 'macro_majority': 1.0, 'binary_majority': 0.0, 'run_time_millis': 2929.22784700022, 'loss_mean': 0.00028583972016349435}
Epoch 1 **** Loss 0.0002521925780456513 **** Metrics validation: {'accuracy': 1.0, 'f1_weighted': 1.0, 'macro': 1.0, 'micro': 1.0, 'binary': 0.0, 'accuracy_majority': 1.0, 'macro_majority': 1.0, 'binary_majority': 0.0, 'run_time_millis': 3853.8985179984593, 'loss_mean': 0.0001263120793737471}
Epoch 2 **** Loss 0.00020021837553940713 **** Metrics validation: {'accuracy': 1.0, 'f1_weighted': 1.0, 'macro': 1.0, 'micro': 1.0, 'binary': 0.0, 'accuracy_majority': 1.0, 'macro_majority': 1.0, 'binary_majority': 0.0, 'run_time_millis': 3854.950058999748, 'loss_mean': 7.267735782079399e-05}
Epoch 3 **** Loss 0.00013074626622255892 **** Metrics validation: {'accuracy': 1.0, 'f1_weighted': 1.0, 'macro': 1.0, 'micro': 1.0, 'binary': 0.0, 'accuracy_majority': 1.0, 'macro_majority': 1.0, 'binary_majority': 0.0, 'run_time_millis': 3846.3532559999294, 'loss_mean': 4.897382314084098e-05}
Epoch 4 **** Loss 0.00015683274250477552 **** Metrics validation: {'accuracy': 1.0, 'f1_weighted': 1.0, 'macro': 1.0, 'micro': 1.0, 'binary': 0.0, 'accuracy_majority': 1.0, 'macro_majority': 1.0, 'binary_majority': 0.0, 'run_time_millis': 3846.0329409990663, 'loss_mean': 3.6622332117985934e-05}
Epoch 5 **** Loss 9.275584307033569e-05 **** Metrics validation: {'accuracy': 1.0, 'f1_weighted': 1.0, 'macro': 1.0, 'micro': 1.0, 'binary': 0.0, 'accuracy_majority': 1.0, 'macro_majority': 1.0, 'binary_majority': 0.0, 'run_time_millis': 3858.2291540005826, 'loss_mean': 2.9532438929891214e-05}
Epoch 6 **** Loss 7.014999573584646e-05 **** Metrics validation: {'accuracy': 1.0, 'f1_weighted': 1.0, 'macro': 1.0, 'micro': 1.0, 'binary': 0.0, 'accuracy_majority': 1.0, 'macro_majority': 1.0, 'binary_majority': 0.0, 'run_time_millis': 3845.671093000419, 'loss_mean': 2.513899926270824e-05}
Epoch 7 **** Loss 9.861063153948635e-05 **** Metrics validation: {'accuracy': 1.0, 'f1_weighted': 1.0, 'macro': 1.0, 'micro': 1.0, 'binary': 0.0, 'accuracy_majority': 1.0, 'macro_majority': 1.0, 'binary_majority': 0.0, 'run_time_millis': 2496.064759998262, 'loss_mean': 2.247093289042823e-05}
Epoch 8 **** Loss 5.267281085252762e-05 **** Metrics validation: {'accuracy': 1.0, 'f1_weighted': 1.0, 'macro': 1.0, 'micro': 1.0, 'binary': 0.0, 'accuracy_majority': 1.0, 'macro_majority': 1.0, 'binary_majority': 0.0, 'run_time_millis': 3857.2786550012097, 'loss_mean': 2.103543738485314e-05}
Epoch 9 **** Loss 6.258776556933299e-05 **** Metrics validation: {'accuracy': 1.0, 'f1_weighted': 1.0, 'macro': 1.0, 'micro': 1.0, 'binary': 0.0, 'accuracy_majority': 1.0, 'macro_majority': 1.0, 'binary_majority': 0.0, 'run_time_millis': 3858.191633000388, 'loss_mean': 2.0559036784106866e-05}
Evaluating
{'accuracy': 1.0, 'f1_weighted': 1.0, 'macro': 1.0, 'micro': 1.0, 'binary': 0.0, 'accuracy_majority': 1.0, 'macro_majority': 1.0, 'binary_majority': 0.0, 'run_time_millis': 1828.0619750003098, 'loss_mean': 0.00028583972016349435}
Device cuda
Split type sit
Training Size: 2996, NTA labels 2996, YTA labels 0
Validation Size: 2506, NTA labels 2506, YTA labels 0
Test Size: 2558, NTA labels 2558, YTA labels 0
Training with SBERT, model name is sbert
Tokenizing the dataset
Number of training steps 940
Epoch 0 **** Loss 0.00048802822129800916 **** Metrics validation: {'accuracy': 1.0, 'f1_weighted': 1.0, 'macro': 1.0, 'micro': 1.0, 'binary': 0.0, 'accuracy_majority': 1.0, 'macro_majority': 1.0, 'binary_majority': 0.0, 'run_time_millis': 3856.3312879996374, 'loss_mean': 0.00021806755103170872}
Epoch 1 **** Loss 0.0002112931979354471 **** Metrics validation: {'accuracy': 1.0, 'f1_weighted': 1.0, 'macro': 1.0, 'micro': 1.0, 'binary': 0.0, 'accuracy_majority': 1.0, 'macro_majority': 1.0, 'binary_majority': 0.0, 'run_time_millis': 3860.481551999328, 'loss_mean': 9.49113818933256e-05}
Epoch 2 **** Loss 0.00018786024884320796 **** Metrics validation: {'accuracy': 1.0, 'f1_weighted': 1.0, 'macro': 1.0, 'micro': 1.0, 'binary': 0.0, 'accuracy_majority': 1.0, 'macro_majority': 1.0, 'binary_majority': 0.0, 'run_time_millis': 3859.940311000173, 'loss_mean': 5.523806976270862e-05}
Epoch 3 **** Loss 9.593005233909935e-05 **** Metrics validation: {'accuracy': 1.0, 'f1_weighted': 1.0, 'macro': 1.0, 'micro': 1.0, 'binary': 0.0, 'accuracy_majority': 1.0, 'macro_majority': 1.0, 'binary_majority': 0.0, 'run_time_millis': 3855.6522840008256, 'loss_mean': 3.736458165803924e-05}
Epoch 4 **** Loss 8.95083139766939e-05 **** Metrics validation: {'accuracy': 1.0, 'f1_weighted': 1.0, 'macro': 1.0, 'micro': 1.0, 'binary': 0.0, 'accuracy_majority': 1.0, 'macro_majority': 1.0, 'binary_majority': 0.0, 'run_time_millis': 1829.671096000311, 'loss_mean': 2.8154650863143615e-05}
Epoch 5 **** Loss 0.00011644174810498953 **** Metrics validation: {'accuracy': 1.0, 'f1_weighted': 1.0, 'macro': 1.0, 'micro': 1.0, 'binary': 0.0, 'accuracy_majority': 1.0, 'macro_majority': 1.0, 'binary_majority': 0.0, 'run_time_millis': 3863.667726998756, 'loss_mean': 2.2808910216554068e-05}
Epoch 6 **** Loss 8.863449329510331e-05 **** Metrics validation: {'accuracy': 1.0, 'f1_weighted': 1.0, 'macro': 1.0, 'micro': 1.0, 'binary': 0.0, 'accuracy_majority': 1.0, 'macro_majority': 1.0, 'binary_majority': 0.0, 'run_time_millis': 3865.2174480012036, 'loss_mean': 1.953269020305015e-05}
Epoch 7 **** Loss 5.416304338723421e-05 **** Metrics validation: {'accuracy': 1.0, 'f1_weighted': 1.0, 'macro': 1.0, 'micro': 1.0, 'binary': 0.0, 'accuracy_majority': 1.0, 'macro_majority': 1.0, 'binary_majority': 0.0, 'run_time_millis': 3868.1606279988046, 'loss_mean': 1.7536534869577736e-05}
Epoch 8 **** Loss 4.733791865874082e-05 **** Metrics validation: {'accuracy': 1.0, 'f1_weighted': 1.0, 'macro': 1.0, 'micro': 1.0, 'binary': 0.0, 'accuracy_majority': 1.0, 'macro_majority': 1.0, 'binary_majority': 0.0, 'run_time_millis': 3856.800827999905, 'loss_mean': 1.6412763216067106e-05}
Epoch 9 **** Loss 6.221224612090737e-05 **** Metrics validation: {'accuracy': 1.0, 'f1_weighted': 1.0, 'macro': 1.0, 'micro': 1.0, 'binary': 0.0, 'accuracy_majority': 1.0, 'macro_majority': 1.0, 'binary_majority': 0.0, 'run_time_millis': 3198.5910160001367, 'loss_mean': 1.603968303243164e-05}
Evaluating
{'accuracy': 1.0, 'f1_weighted': 1.0, 'macro': 1.0, 'micro': 1.0, 'binary': 0.0, 'accuracy_majority': 1.0, 'macro_majority': 1.0, 'binary_majority': 0.0, 'run_time_millis': 3849.662582999372, 'loss_mean': 0.00021806755103170872}
Device cuda
Split type sit
Training Size: 3500, NTA labels 3500, YTA labels 0
Validation Size: 2506, NTA labels 2506, YTA labels 0
Test Size: 2558, NTA labels 2558, YTA labels 0
Training with SBERT, model name is sbert
Tokenizing the dataset
Number of training steps 1100
Epoch 0 **** Loss 0.0005136705585755408 **** Metrics validation: {'accuracy': 1.0, 'f1_weighted': 1.0, 'macro': 1.0, 'micro': 1.0, 'binary': 0.0, 'accuracy_majority': 1.0, 'macro_majority': 1.0, 'binary_majority': 0.0, 'run_time_millis': 3861.153765999916, 'loss_mean': 0.00018561274919193238}
Epoch 1 **** Loss 0.00018676153558772057 **** Metrics validation: {'accuracy': 1.0, 'f1_weighted': 1.0, 'macro': 1.0, 'micro': 1.0, 'binary': 0.0, 'accuracy_majority': 1.0, 'macro_majority': 1.0, 'binary_majority': 0.0, 'run_time_millis': 3858.473722000781, 'loss_mean': 7.648274186067283e-05}
Epoch 2 **** Loss 0.0002108421758748591 **** Metrics validation: {'accuracy': 1.0, 'f1_weighted': 1.0, 'macro': 1.0, 'micro': 1.0, 'binary': 0.0, 'accuracy_majority': 1.0, 'macro_majority': 1.0, 'binary_majority': 0.0, 'run_time_millis': 2844.478512000933, 'loss_mean': 4.2713269067462534e-05}
Epoch 3 **** Loss 7.547073619207367e-05 **** Metrics validation: {'accuracy': 1.0, 'f1_weighted': 1.0, 'macro': 1.0, 'micro': 1.0, 'binary': 0.0, 'accuracy_majority': 1.0, 'macro_majority': 1.0, 'binary_majority': 0.0, 'run_time_millis': 3863.4153610000794, 'loss_mean': 2.8518612452899106e-05}
Epoch 4 **** Loss 8.599901775596663e-05 **** Metrics validation: {'accuracy': 1.0, 'f1_weighted': 1.0, 'macro': 1.0, 'micro': 1.0, 'binary': 0.0, 'accuracy_majority': 1.0, 'macro_majority': 1.0, 'binary_majority': 0.0, 'run_time_millis': 3859.126585000922, 'loss_mean': 2.1264473616611212e-05}
Epoch 5 **** Loss 2.8033660782966763e-05 **** Metrics validation: {'accuracy': 1.0, 'f1_weighted': 1.0, 'macro': 1.0, 'micro': 1.0, 'binary': 0.0, 'accuracy_majority': 1.0, 'macro_majority': 1.0, 'binary_majority': 0.0, 'run_time_millis': 3879.9079059990618, 'loss_mean': 1.7094393115257844e-05}
Epoch 6 **** Loss 3.291233952040784e-05 **** Metrics validation: {'accuracy': 1.0, 'f1_weighted': 1.0, 'macro': 1.0, 'micro': 1.0, 'binary': 0.0, 'accuracy_majority': 1.0, 'macro_majority': 1.0, 'binary_majority': 0.0, 'run_time_millis': 3864.0333250004915, 'loss_mean': 1.455901383451419e-05}
Epoch 7 **** Loss 4.377655568532646e-05 **** Metrics validation: {'accuracy': 1.0, 'f1_weighted': 1.0, 'macro': 1.0, 'micro': 1.0, 'binary': 0.0, 'accuracy_majority': 1.0, 'macro_majority': 1.0, 'binary_majority': 0.0, 'run_time_millis': 3854.962159999559, 'loss_mean': 1.299133691645693e-05}
Epoch 8 **** Loss 5.4010717576602474e-05 **** Metrics validation: {'accuracy': 1.0, 'f1_weighted': 1.0, 'macro': 1.0, 'micro': 1.0, 'binary': 0.0, 'accuracy_majority': 1.0, 'macro_majority': 1.0, 'binary_majority': 0.0, 'run_time_millis': 3846.3450360013667, 'loss_mean': 1.2113178854633588e-05}
Epoch 9 **** Loss 3.349171674926765e-05 **** Metrics validation: {'accuracy': 1.0, 'f1_weighted': 1.0, 'macro': 1.0, 'micro': 1.0, 'binary': 0.0, 'accuracy_majority': 1.0, 'macro_majority': 1.0, 'binary_majority': 0.0, 'run_time_millis': 3847.484288000487, 'loss_mean': 1.182487449113978e-05}
Evaluating
{'accuracy': 1.0, 'f1_weighted': 1.0, 'macro': 1.0, 'micro': 1.0, 'binary': 0.0, 'accuracy_majority': 1.0, 'macro_majority': 1.0, 'binary_majority': 0.0, 'run_time_millis': 3840.6422500011104, 'loss_mean': 0.00018561274919193238}
Device cuda
Split type sit
Training Size: 4004, NTA labels 4004, YTA labels 0
Validation Size: 2506, NTA labels 2506, YTA labels 0
Test Size: 2558, NTA labels 2558, YTA labels 0
Training with SBERT, model name is sbert
Tokenizing the dataset
Number of training steps 1260
Epoch 0 **** Loss 0.0003369816695339978 **** Metrics validation: {'accuracy': 1.0, 'f1_weighted': 1.0, 'macro': 1.0, 'micro': 1.0, 'binary': 0.0, 'accuracy_majority': 1.0, 'macro_majority': 1.0, 'binary_majority': 0.0, 'run_time_millis': 3856.525981998857, 'loss_mean': 0.00015646321116946638}
Epoch 1 **** Loss 0.00012202949437778443 **** Metrics validation: {'accuracy': 1.0, 'f1_weighted': 1.0, 'macro': 1.0, 'micro': 1.0, 'binary': 0.0, 'accuracy_majority': 1.0, 'macro_majority': 1.0, 'binary_majority': 0.0, 'run_time_millis': 3849.616301999049, 'loss_mean': 6.250337173696607e-05}
Epoch 2 **** Loss 7.461534551111981e-05 **** Metrics validation: {'accuracy': 1.0, 'f1_weighted': 1.0, 'macro': 1.0, 'micro': 1.0, 'binary': 0.0, 'accuracy_majority': 1.0, 'macro_majority': 1.0, 'binary_majority': 0.0, 'run_time_millis': 3842.8119939999306, 'loss_mean': 3.441469743847847e-05}
Epoch 3 **** Loss 3.853322778013535e-05 **** Metrics validation: {'accuracy': 1.0, 'f1_weighted': 1.0, 'macro': 1.0, 'micro': 1.0, 'binary': 0.0, 'accuracy_majority': 1.0, 'macro_majority': 1.0, 'binary_majority': 0.0, 'run_time_millis': 3236.341481000636, 'loss_mean': 2.2712934878654778e-05}
Epoch 4 **** Loss 6.135913281468675e-05 **** Metrics validation: {'accuracy': 1.0, 'f1_weighted': 1.0, 'macro': 1.0, 'micro': 1.0, 'binary': 0.0, 'accuracy_majority': 1.0, 'macro_majority': 1.0, 'binary_majority': 0.0, 'run_time_millis': 3843.0742590007867, 'loss_mean': 1.6717267499188893e-05}
Epoch 5 **** Loss 8.366967813344672e-05 **** Metrics validation: {'accuracy': 1.0, 'f1_weighted': 1.0, 'macro': 1.0, 'micro': 1.0, 'binary': 0.0, 'accuracy_majority': 1.0, 'macro_majority': 1.0, 'binary_majority': 0.0, 'run_time_millis': 1811.2104709998675, 'loss_mean': 1.3254257282824256e-05}
Epoch 6 **** Loss 4.29046485805884e-05 **** Metrics validation: {'accuracy': 1.0, 'f1_weighted': 1.0, 'macro': 1.0, 'micro': 1.0, 'binary': 0.0, 'accuracy_majority': 1.0, 'macro_majority': 1.0, 'binary_majority': 0.0, 'run_time_millis': 3845.0349289996666, 'loss_mean': 1.11329636638402e-05}
Epoch 7 **** Loss 4.609605821315199e-05 **** Metrics validation: {'accuracy': 1.0, 'f1_weighted': 1.0, 'macro': 1.0, 'micro': 1.0, 'binary': 0.0, 'accuracy_majority': 1.0, 'macro_majority': 1.0, 'binary_majority': 0.0, 'run_time_millis': 3844.8071149996395, 'loss_mean': 9.861003491096199e-06}
Epoch 8 **** Loss 4.32365013693925e-05 **** Metrics validation: {'accuracy': 1.0, 'f1_weighted': 1.0, 'macro': 1.0, 'micro': 1.0, 'binary': 0.0, 'accuracy_majority': 1.0, 'macro_majority': 1.0, 'binary_majority': 0.0, 'run_time_millis': 2937.325165999937, 'loss_mean': 9.168581527774222e-06}
Epoch 9 **** Loss 1.926113327499479e-05 **** Metrics validation: {'accuracy': 1.0, 'f1_weighted': 1.0, 'macro': 1.0, 'micro': 1.0, 'binary': 0.0, 'accuracy_majority': 1.0, 'macro_majority': 1.0, 'binary_majority': 0.0, 'run_time_millis': 3639.665654000055, 'loss_mean': 8.942325621319469e-06}
Evaluating
{'accuracy': 1.0, 'f1_weighted': 1.0, 'macro': 1.0, 'micro': 1.0, 'binary': 0.0, 'accuracy_majority': 1.0, 'macro_majority': 1.0, 'binary_majority': 0.0, 'run_time_millis': 3843.7031720004597, 'loss_mean': 0.00015646321116946638}
Device cuda
Split type sit
Training Size: 4508, NTA labels 4508, YTA labels 0
Validation Size: 2506, NTA labels 2506, YTA labels 0
Test Size: 2558, NTA labels 2558, YTA labels 0
Training with SBERT, model name is sbert
Tokenizing the dataset
Number of training steps 1410
Epoch 0 **** Loss 0.00032166638993658125 **** Metrics validation: {'accuracy': 1.0, 'f1_weighted': 1.0, 'macro': 1.0, 'micro': 1.0, 'binary': 0.0, 'accuracy_majority': 1.0, 'macro_majority': 1.0, 'binary_majority': 0.0, 'run_time_millis': 3396.8455670001276, 'loss_mean': 0.00013282023428473622}
Epoch 1 **** Loss 0.000129383392049931 **** Metrics validation: {'accuracy': 1.0, 'f1_weighted': 1.0, 'macro': 1.0, 'micro': 1.0, 'binary': 0.0, 'accuracy_majority': 1.0, 'macro_majority': 1.0, 'binary_majority': 0.0, 'run_time_millis': 3845.6859739999345, 'loss_mean': 4.8302030336344615e-05}
Epoch 2 **** Loss 0.0001000031697913073 **** Metrics validation: {'accuracy': 1.0, 'f1_weighted': 1.0, 'macro': 1.0, 'micro': 1.0, 'binary': 0.0, 'accuracy_majority': 1.0, 'macro_majority': 1.0, 'binary_majority': 0.0, 'run_time_millis': 2845.2604100002645, 'loss_mean': 2.5890882170642726e-05}
Epoch 3 **** Loss 5.669784513884224e-05 **** Metrics validation: {'accuracy': 1.0, 'f1_weighted': 1.0, 'macro': 1.0, 'micro': 1.0, 'binary': 0.0, 'accuracy_majority': 1.0, 'macro_majority': 1.0, 'binary_majority': 0.0, 'run_time_millis': 3843.3971109989216, 'loss_mean': 1.6978616258711554e-05}
Epoch 4 **** Loss 4.1603907448006794e-05 **** Metrics validation: {'accuracy': 1.0, 'f1_weighted': 1.0, 'macro': 1.0, 'micro': 1.0, 'binary': 0.0, 'accuracy_majority': 1.0, 'macro_majority': 1.0, 'binary_majority': 0.0, 'run_time_millis': 3833.776919000229, 'loss_mean': 1.2311078535276465e-05}
Epoch 5 **** Loss 3.3607422665227205e-05 **** Metrics validation: {'accuracy': 1.0, 'f1_weighted': 1.0, 'macro': 1.0, 'micro': 1.0, 'binary': 0.0, 'accuracy_majority': 1.0, 'macro_majority': 1.0, 'binary_majority': 0.0, 'run_time_millis': 3851.8626389995916, 'loss_mean': 9.706920536700636e-06}
Epoch 6 **** Loss 3.162763096042909e-05 **** Metrics validation: {'accuracy': 1.0, 'f1_weighted': 1.0, 'macro': 1.0, 'micro': 1.0, 'binary': 0.0, 'accuracy_majority': 1.0, 'macro_majority': 1.0, 'binary_majority': 0.0, 'run_time_millis': 3857.859179001025, 'loss_mean': 8.154439456120599e-06}
Epoch 7 **** Loss 3.1580912036588416e-05 **** Metrics validation: {'accuracy': 1.0, 'f1_weighted': 1.0, 'macro': 1.0, 'micro': 1.0, 'binary': 0.0, 'accuracy_majority': 1.0, 'macro_majority': 1.0, 'binary_majority': 0.0, 'run_time_millis': 3852.7242130003287, 'loss_mean': 7.218473456305219e-06}
Epoch 8 **** Loss 2.4517930796719156e-05 **** Metrics validation: {'accuracy': 1.0, 'f1_weighted': 1.0, 'macro': 1.0, 'micro': 1.0, 'binary': 0.0, 'accuracy_majority': 1.0, 'macro_majority': 1.0, 'binary_majority': 0.0, 'run_time_millis': 3851.055520000955, 'loss_mean': 6.6990769482799806e-06}
Epoch 9 **** Loss 2.438903356960509e-05 **** Metrics validation: {'accuracy': 1.0, 'f1_weighted': 1.0, 'macro': 1.0, 'micro': 1.0, 'binary': 0.0, 'accuracy_majority': 1.0, 'macro_majority': 1.0, 'binary_majority': 0.0, 'run_time_millis': 3852.414917000715, 'loss_mean': 6.528096037072828e-06}
Evaluating
{'accuracy': 1.0, 'f1_weighted': 1.0, 'macro': 1.0, 'micro': 1.0, 'binary': 0.0, 'accuracy_majority': 1.0, 'macro_majority': 1.0, 'binary_majority': 0.0, 'run_time_millis': 3849.380646001009, 'loss_mean': 0.00013282023428473622}
Device cuda
Split type sit
Training Size: 5012, NTA labels 5012, YTA labels 0
Validation Size: 2506, NTA labels 2506, YTA labels 0
Test Size: 2558, NTA labels 2558, YTA labels 0
Training with SBERT, model name is sbert
Tokenizing the dataset
Number of training steps 1570
Epoch 0 **** Loss 0.00038267773925326765 **** Metrics validation: {'accuracy': 1.0, 'f1_weighted': 1.0, 'macro': 1.0, 'micro': 1.0, 'binary': 0.0, 'accuracy_majority': 1.0, 'macro_majority': 1.0, 'binary_majority': 0.0, 'run_time_millis': 3650.474824000412, 'loss_mean': 0.00011415948392823339}
Epoch 1 **** Loss 7.58812966523692e-05 **** Metrics validation: {'accuracy': 1.0, 'f1_weighted': 1.0, 'macro': 1.0, 'micro': 1.0, 'binary': 0.0, 'accuracy_majority': 1.0, 'macro_majority': 1.0, 'binary_majority': 0.0, 'run_time_millis': 2833.9121570006682, 'loss_mean': 4.041352804051712e-05}
Epoch 2 **** Loss 6.694287003483623e-05 **** Metrics validation: {'accuracy': 1.0, 'f1_weighted': 1.0, 'macro': 1.0, 'micro': 1.0, 'binary': 0.0, 'accuracy_majority': 1.0, 'macro_majority': 1.0, 'binary_majority': 0.0, 'run_time_millis': 3854.1175099999236, 'loss_mean': 2.1179068426135927e-05}
Epoch 3 **** Loss 3.2629806810291484e-05 **** Metrics validation: {'accuracy': 1.0, 'f1_weighted': 1.0, 'macro': 1.0, 'micro': 1.0, 'binary': 0.0, 'accuracy_majority': 1.0, 'macro_majority': 1.0, 'binary_majority': 0.0, 'run_time_millis': 2831.937458999164, 'loss_mean': 1.3634889910463244e-05}
Epoch 4 **** Loss 3.688251308631152e-05 **** Metrics validation: {'accuracy': 1.0, 'f1_weighted': 1.0, 'macro': 1.0, 'micro': 1.0, 'binary': 0.0, 'accuracy_majority': 1.0, 'macro_majority': 1.0, 'binary_majority': 0.0, 'run_time_millis': 3848.0496109987143, 'loss_mean': 9.84358302957844e-06}
Epoch 5 **** Loss 4.5851465984014794e-05 **** Metrics validation: {'accuracy': 1.0, 'f1_weighted': 1.0, 'macro': 1.0, 'micro': 1.0, 'binary': 0.0, 'accuracy_majority': 1.0, 'macro_majority': 1.0, 'binary_majority': 0.0, 'run_time_millis': 3850.582220000433, 'loss_mean': 7.733529855613597e-06}
Epoch 6 **** Loss 2.9719212761847302e-05 **** Metrics validation: {'accuracy': 1.0, 'f1_weighted': 1.0, 'macro': 1.0, 'micro': 1.0, 'binary': 0.0, 'accuracy_majority': 1.0, 'macro_majority': 1.0, 'binary_majority': 0.0, 'run_time_millis': 3851.1437409997598, 'loss_mean': 6.472245331679005e-06}
Epoch 7 **** Loss 1.5853587683523074e-05 **** Metrics validation: {'accuracy': 1.0, 'f1_weighted': 1.0, 'macro': 1.0, 'micro': 1.0, 'binary': 0.0, 'accuracy_majority': 1.0, 'macro_majority': 1.0, 'binary_majority': 0.0, 'run_time_millis': 3093.354814000122, 'loss_mean': 5.696800144505687e-06}
Epoch 8 **** Loss 2.794228566926904e-05 **** Metrics validation: {'accuracy': 1.0, 'f1_weighted': 1.0, 'macro': 1.0, 'micro': 1.0, 'binary': 0.0, 'accuracy_majority': 1.0, 'macro_majority': 1.0, 'binary_majority': 0.0, 'run_time_millis': 3851.403067001229, 'loss_mean': 5.274705472402275e-06}
Epoch 9 **** Loss 1.785710992407985e-05 **** Metrics validation: {'accuracy': 1.0, 'f1_weighted': 1.0, 'macro': 1.0, 'micro': 1.0, 'binary': 0.0, 'accuracy_majority': 1.0, 'macro_majority': 1.0, 'binary_majority': 0.0, 'run_time_millis': 3853.280884000924, 'loss_mean': 5.135952051205095e-06}
Evaluating
{'accuracy': 1.0, 'f1_weighted': 1.0, 'macro': 1.0, 'micro': 1.0, 'binary': 0.0, 'accuracy_majority': 1.0, 'macro_majority': 1.0, 'binary_majority': 0.0, 'run_time_millis': 3851.8073039995215, 'loss_mean': 0.00011415948392823339}
