______________________________	 Running Epoch 1 of 10 	______________________________
[Training] Itteration/Batch:   0/208: Loss: 0.90 | Accuracy: 0.67
[Training] Itteration/Batch:  25/208: Loss: 1.21 | Accuracy: 0.35
[Training] Itteration/Batch:  50/208: Loss: 0.88 | Accuracy: 0.52
[Training] Itteration/Batch:  75/208: Loss: 0.87 | Accuracy: 0.86
[Training] Itteration/Batch: 100/208: Loss: 0.98 | Accuracy: 0.71
[Training] Itteration/Batch: 125/208: Loss: 0.96 | Accuracy: 0.71
[Training] Itteration/Batch: 150/208: Loss: 0.90 | Accuracy: 0.77
[Training] Itteration/Batch: 175/208: Loss: 1.51 | Accuracy: 0.57
[Training] Itteration/Batch: 200/208: Loss: 0.76 | Accuracy: 0.76

Epoch 1: Val Bin. F1 Majority 0.0 | Val Macro F1 Majority 0.414647577092511 |             Val Bin F1 Individual 0.19117647409439087 | Val Macro F1 Individual 0.5133759781939683 |             Val Accuracy Majority 0.7083725333213806 | Val Accuracy Individual 0.7267080545425415 | Training Loss:1.009056806564331 |             Val Loss 1.0086309909820557 | Train Runtime Millis 16578.874078579247 | Val Runtime Millis 2510.0475107319653

______________________________	 Running Epoch 2 of 10 	______________________________
[Training] Itteration/Batch:   0/208: Loss: 0.74 | Accuracy: 0.92
[Training] Itteration/Batch:  25/208: Loss: 0.79 | Accuracy: 0.84
[Training] Itteration/Batch:  50/208: Loss: 0.93 | Accuracy: 0.72
[Training] Itteration/Batch:  75/208: Loss: 0.64 | Accuracy: 0.91
[Training] Itteration/Batch: 100/208: Loss: 1.20 | Accuracy: 0.66
[Training] Itteration/Batch: 125/208: Loss: 0.87 | Accuracy: 0.74
[Training] Itteration/Batch: 150/208: Loss: 1.17 | Accuracy: 0.75
[Training] Itteration/Batch: 175/208: Loss: 1.35 | Accuracy: 0.67
[Training] Itteration/Batch: 200/208: Loss: 1.23 | Accuracy: 0.67

Epoch 2: Val Bin. F1 Majority 0.0 | Val Macro F1 Majority 0.414647577092511 |             Val Bin F1 Individual 0.15717092156410217 | Val Macro F1 Individual 0.49946336652175266 |             Val Accuracy Majority 0.7083725333213806 | Val Accuracy Individual 0.7335403561592102 | Training Loss:0.9709863066673279 |             Val Loss 1.0008974075317383 | Train Runtime Millis 16093.108742963523 | Val Runtime Millis 2516.6282379068434

______________________________	 Running Epoch 3 of 10 	______________________________
[Training] Itteration/Batch:   0/208: Loss: 1.02 | Accuracy: 0.76
[Training] Itteration/Batch:  25/208: Loss: 1.97 | Accuracy: 0.50
[Training] Itteration/Batch:  50/208: Loss: 0.89 | Accuracy: 0.76
[Training] Itteration/Batch:  75/208: Loss: 0.64 | Accuracy: 0.91
[Training] Itteration/Batch: 100/208: Loss: 0.77 | Accuracy: 0.75
[Training] Itteration/Batch: 125/208: Loss: 1.07 | Accuracy: 0.79
[Training] Itteration/Batch: 150/208: Loss: 0.88 | Accuracy: 0.61
[Training] Itteration/Batch: 175/208: Loss: 0.81 | Accuracy: 0.72
[Training] Itteration/Batch: 200/208: Loss: 1.18 | Accuracy: 0.82

Epoch 3: Val Bin. F1 Majority 0.01886792480945587 | Val Macro F1 Majority 0.42315077642344295 |             Val Bin F1 Individual 0.27147766947746277 | Val Macro F1 Individual 0.5553749195605334 |             Val Accuracy Majority 0.7064910531044006 | Val Accuracy Individual 0.7366459369659424 | Training Loss:0.9054861664772034 |             Val Loss 0.9832228422164917 | Train Runtime Millis 16217.620002571493 | Val Runtime Millis 2582.0726552046835

______________________________	 Running Epoch 4 of 10 	______________________________
[Training] Itteration/Batch:   0/208: Loss: 1.04 | Accuracy: 0.77
[Training] Itteration/Batch:  25/208: Loss: 0.60 | Accuracy: 0.81
[Training] Itteration/Batch:  50/208: Loss: 0.48 | Accuracy: 0.95
[Training] Itteration/Batch:  75/208: Loss: 0.70 | Accuracy: 0.80
[Training] Itteration/Batch: 100/208: Loss: 0.48 | Accuracy: 1.00
[Training] Itteration/Batch: 125/208: Loss: 0.94 | Accuracy: 0.80
[Training] Itteration/Batch: 150/208: Loss: 1.11 | Accuracy: 0.75
[Training] Itteration/Batch: 175/208: Loss: 0.52 | Accuracy: 0.96
[Training] Itteration/Batch: 200/208: Loss: 0.67 | Accuracy: 0.79

Epoch 4: Val Bin. F1 Majority 0.31620553135871887 | Val Macro F1 Majority 0.5513126433416289 |             Val Bin F1 Individual 0.39074549078941345 | Val Macro F1 Individual 0.5983211535910764 |             Val Accuracy Majority 0.6745061278343201 | Val Accuracy Individual 0.7055900692939758 | Training Loss:0.7553333044052124 |             Val Loss 0.9968161582946777 | Train Runtime Millis 16325.54878294468 | Val Runtime Millis 2549.6139470487833

______________________________	 Running Epoch 5 of 10 	______________________________
[Training] Itteration/Batch:   0/208: Loss: 0.69 | Accuracy: 0.85
[Training] Itteration/Batch:  25/208: Loss: 0.62 | Accuracy: 0.86
[Training] Itteration/Batch:  50/208: Loss: 0.27 | Accuracy: 0.89
[Training] Itteration/Batch:  75/208: Loss: 0.84 | Accuracy: 0.71
[Training] Itteration/Batch: 100/208: Loss: 0.66 | Accuracy: 0.88
[Training] Itteration/Batch: 125/208: Loss: 0.59 | Accuracy: 0.94
[Training] Itteration/Batch: 150/208: Loss: 0.40 | Accuracy: 0.86
[Training] Itteration/Batch: 175/208: Loss: 0.61 | Accuracy: 0.93
[Training] Itteration/Batch: 200/208: Loss: 0.46 | Accuracy: 0.93

Epoch 5: Val Bin. F1 Majority 0.3553299605846405 | Val Macro F1 Majority 0.553560740091602 |             Val Bin F1 Individual 0.38287752866744995 | Val Macro F1 Individual 0.5823593182319133 |             Val Accuracy Majority 0.6415804624557495 | Val Accuracy Individual 0.6776397228240967 | Training Loss:0.5668362975120544 |             Val Loss 1.0387670993804932 | Train Runtime Millis 16280.56344203651 | Val Runtime Millis 2552.51883296296

