Device cuda
Split type sit
Training Size: 126670, NTA labels 123369, YTA labels 3301
Validation Size: 42221, NTA labels 41130, YTA labels 1091
Test Size: 42205, NTA labels 41087, YTA labels 1118
Training with SBERT, model name is sbert
Tokenizing the dataset
Number of training steps 39590
Epoch 0 **** Loss 0.028316816315054893 **** Metrics validation: {'accuracy': 0.9530802207432321, 'f1_weighted': 0.9604945572340798, 'macro': 0.6833119066672684, 'micro': 0.9530802207432321, 'binary': 0.39102367045803876, 'accuracy_majority': 0.9612997759007068, 'macro_majority': 0.7032693134623438, 'binary_majority': 0.42656449553001274, 'run_time_millis': 16398.65645801183, 'loss_mean': 0.04532605782151222}
Epoch 1 **** Loss 0.003096548840403557 **** Metrics validation: {'accuracy': 0.9697307027308685, 'f1_weighted': 0.9707117861425395, 'macro': 0.718906666143222, 'micro': 0.9697307027308685, 'binary': 0.4533789563729683, 'accuracy_majority': 0.9789691432511636, 'macro_majority': 0.7695242877766346, 'binary_majority': 0.5498154981549815, 'run_time_millis': 16386.175588006154, 'loss_mean': 0.04458761215209961}
Epoch 2 **** Loss 0.010200141929090023 **** Metrics validation: {'accuracy': 0.9600198953127591, 'f1_weighted': 0.9650926246235761, 'macro': 0.7046990235007526, 'micro': 0.9600198953127591, 'binary': 0.43011478730587444, 'accuracy_majority': 0.9685399069126013, 'macro_majority': 0.7254723748283283, 'binary_majority': 0.46715328467153283, 'run_time_millis': 15376.147313974798, 'loss_mean': 0.04734444618225098}
Epoch 3 **** Loss 0.013297796249389648 **** Metrics validation: {'accuracy': 0.9683806636507899, 'f1_weighted': 0.9696871969817517, 'macro': 0.7119911967927188, 'micro': 0.9683806636507899, 'binary': 0.44025157232704404, 'accuracy_majority': 0.9783657990001724, 'macro_majority': 0.7607575439040126, 'binary_majority': 0.5325884543761639, 'run_time_millis': 17415.928706992418, 'loss_mean': 0.05865056440234184}
Epoch 4 **** Loss 0.010910100303590298 **** Metrics validation: {'accuracy': 0.9586698562326804, 'f1_weighted': 0.9643167648630807, 'macro': 0.7029334415652817, 'micro': 0.9586698562326804, 'binary': 0.42730554643912044, 'accuracy_majority': 0.9681951387691777, 'macro_majority': 0.7255702406961791, 'binary_majority': 0.4675324675324676, 'run_time_millis': 17429.808037006296, 'loss_mean': 0.06677374243736267}
Epoch 5 **** Loss 0.015669671818614006 **** Metrics validation: {'accuracy': 0.9629331375381919, 'f1_weighted': 0.966688345720104, 'macro': 0.7070082414099521, 'micro': 0.9629331375381919, 'binary': 0.4331763853676205, 'accuracy_majority': 0.9733666609205309, 'macro_majority': 0.7411218416030348, 'binary_majority': 0.4959216965742252, 'run_time_millis': 17446.636029984802, 'loss_mean': 0.07699014246463776}
Epoch 6 **** Loss 0.0001206492306664586 **** Metrics validation: {'accuracy': 0.9584330072712631, 'f1_weighted': 0.963953096345071, 'macro': 0.6979857721258207, 'micro': 0.9584330072712631, 'binary': 0.41752406239628276, 'accuracy_majority': 0.9673332184106188, 'macro_majority': 0.7197009137090395, 'binary_majority': 0.4562410329985653, 'run_time_millis': 17437.866703025065, 'loss_mean': 0.07758244127035141}
Epoch 7 **** Loss 0.00045849409070797265 **** Metrics validation: {'accuracy': 0.960635702612444, 'f1_weighted': 0.9652768121817074, 'macro': 0.7020680500801025, 'micro': 0.960635702612444, 'binary': 0.42451523545706366, 'accuracy_majority': 0.9713842440958456, 'macro_majority': 0.7348778688163516, 'binary_majority': 0.48447204968944096, 'run_time_millis': 17434.619156003464, 'loss_mean': 0.08982882648706436}
Epoch 8 **** Loss 0.026635030284523964 **** Metrics validation: {'accuracy': 0.9646621349565382, 'f1_weighted': 0.9676285007147041, 'macro': 0.7083046609959154, 'micro': 0.9646621349565382, 'binary': 0.43484848484848476, 'accuracy_majority': 0.9751766936735046, 'macro_majority': 0.7520198349933741, 'binary_majority': 0.5167785234899329, 'run_time_millis': 17407.79000998009, 'loss_mean': 0.09637906402349472}
Epoch 9 **** Loss 7.467635441571474e-06 **** Metrics validation: {'accuracy': 0.9627673432651997, 'f1_weighted': 0.9664727313680807, 'macro': 0.7043525295107539, 'micro': 0.9627673432651997, 'binary': 0.42794759825327505, 'accuracy_majority': 0.973280468884675, 'macro_majority': 0.7423282802274342, 'binary_majority': 0.49838187702265374, 'run_time_millis': 17417.977567005437, 'loss_mean': 0.09391865879297256}
Evaluating
{'accuracy': 0.9697307027308685, 'f1_weighted': 0.9707117861425395, 'macro': 0.718906666143222, 'micro': 0.9697307027308685, 'binary': 0.4533789563729683, 'accuracy_majority': 0.9789691432511636, 'macro_majority': 0.7695242877766346, 'binary_majority': 0.5498154981549815, 'run_time_millis': 17412.22541395109, 'loss_mean': 0.04458761215209961}
