Device cuda
Split type sit
Training Size: 118252, NTA labels 114573, YTA labels 3679
Validation Size: 39154, NTA labels 37966, YTA labels 1188
Test Size: 39360, NTA labels 38186, YTA labels 1174
Training with SBERT, model name is sbert
Tokenizing the dataset
Number of training steps 36960
Epoch 0 **** Loss 0.23939473927021027 **** Metrics validation: {'accuracy': 0.9629922868672421, 'f1_weighted': 0.9639541611437111, 'macro': 0.701911108254963, 'micro': 0.9629922868672421, 'binary': 0.42293906810035836, 'accuracy_majority': 0.9731688378914675, 'macro_majority': 0.7527595918970628, 'binary_majority': 0.5193199381761978, 'run_time_millis': 14985.837743006414, 'loss_mean': 0.05058663338422775}
Epoch 1 **** Loss 0.01667776145040989 **** Metrics validation: {'accuracy': 0.9519844715737855, 'f1_weighted': 0.9576036604858982, 'macro': 0.6885118247962081, 'micro': 0.9519844715737855, 'binary': 0.4020356234096692, 'accuracy_majority': 0.9613493227504099, 'macro_majority': 0.7187938778047678, 'binary_majority': 0.4576271186440678, 'run_time_millis': 12951.638714002911, 'loss_mean': 0.05459954962134361}
Epoch 2 **** Loss 0.006150337401777506 **** Metrics validation: {'accuracy': 0.9584205955968739, 'f1_weighted': 0.9612074047319311, 'macro': 0.694297856895664, 'micro': 0.9584205955968739, 'binary': 0.4101449275362319, 'accuracy_majority': 0.9687688724010007, 'macro_majority': 0.7377313321632339, 'binary_majority': 0.4915730337078652, 'run_time_millis': 14973.387262987671, 'loss_mean': 0.05743081122636795}
Epoch 3 **** Loss 0.01568458043038845 **** Metrics validation: {'accuracy': 0.9603871890483731, 'f1_weighted': 0.9623311102016048, 'macro': 0.6965558976605222, 'micro': 0.9603871890483731, 'binary': 0.41361058601134215, 'accuracy_majority': 0.9706668967302218, 'macro_majority': 0.7424451159896899, 'binary_majority': 0.5, 'run_time_millis': 14015.200961002847, 'loss_mean': 0.07998405396938324}
Epoch 4 **** Loss 0.019134698435664177 **** Metrics validation: {'accuracy': 0.9528272973387139, 'f1_weighted': 0.9577306453623883, 'macro': 0.68324764138263, 'micro': 0.9528272973387139, 'binary': 0.39103198153643254, 'accuracy_majority': 0.9628159779138987, 'macro_majority': 0.7165526657934684, 'binary_majority': 0.45235069885641677, 'run_time_millis': 14967.484091001097, 'loss_mean': 0.08971842378377914}
Epoch 5 **** Loss 0.0010507310507819057 **** Metrics validation: {'accuracy': 0.9477703427491444, 'f1_weighted': 0.9548722876596442, 'macro': 0.6784751131428676, 'micro': 0.9477703427491444, 'binary': 0.3842216199939777, 'accuracy_majority': 0.9570356310930894, 'macro_majority': 0.7032886268962368, 'binary_majority': 0.4288990825688073, 'run_time_millis': 14974.819182010833, 'loss_mean': 0.08899224549531937}
Epoch 6 **** Loss 8.736449672142044e-05 **** Metrics validation: {'accuracy': 0.9490218113091894, 'f1_weighted': 0.9555146762463926, 'macro': 0.6784907938096565, 'micro': 0.9490218113091894, 'binary': 0.38357010500308825, 'accuracy_majority': 0.9585885600897248, 'macro_majority': 0.704221308773713, 'binary_majority': 0.4299287410926366, 'run_time_millis': 14965.682132984512, 'loss_mean': 0.10752473771572113}
Epoch 7 **** Loss 0.00027054824749939144 **** Metrics validation: {'accuracy': 0.9501711191704552, 'f1_weighted': 0.9561870413675709, 'macro': 0.6799653352932548, 'micro': 0.9501711191704552, 'binary': 0.38589864652187594, 'accuracy_majority': 0.9597963937537745, 'macro_majority': 0.7081758433359742, 'binary_majority': 0.43719806763285024, 'run_time_millis': 14977.444999996806, 'loss_mean': 0.116974838078022}
Epoch 8 **** Loss 0.017638957127928734 **** Metrics validation: {'accuracy': 0.9513459672064157, 'f1_weighted': 0.9567305101654947, 'macro': 0.678984758483861, 'micro': 0.9513459672064157, 'binary': 0.3832955649077371, 'accuracy_majority': 0.9612630489172634, 'macro_majority': 0.7103916860323766, 'binary_majority': 0.44084682440846823, 'run_time_millis': 14971.636447007768, 'loss_mean': 0.1221974790096283}
Epoch 9 **** Loss 0.005894364323467016 **** Metrics validation: {'accuracy': 0.9536956632783368, 'f1_weighted': 0.9581613151417007, 'macro': 0.6830562159276411, 'micro': 0.9536956632783368, 'binary': 0.39017827110662623, 'accuracy_majority': 0.96350616857907, 'macro_majority': 0.7162436039694932, 'binary_majority': 0.45136186770428016, 'run_time_millis': 14960.982006014092, 'loss_mean': 0.1278316229581833}
Evaluating
{'accuracy': 0.9629922868672421, 'f1_weighted': 0.9639541611437111, 'macro': 0.701911108254963, 'micro': 0.9629922868672421, 'binary': 0.42293906810035836, 'accuracy_majority': 0.9731688378914675, 'macro_majority': 0.7527595918970628, 'binary_majority': 0.5193199381761978, 'run_time_millis': 14975.595366995549, 'loss_mean': 0.05058663338422775}
