Device cuda
Split type sit
Training Size: 3361, NTA labels 3288, YTA labels 73
Validation Size: 1157, NTA labels 1124, YTA labels 33
Test Size: 1081, NTA labels 1059, YTA labels 22
Training with SBERT, model name is sbert
Tokenizing the dataset
Number of training steps 1060
Epoch 0 **** Loss 0.016246700659394264 **** Metrics validation: {'accuracy': 0.9282627484874676, 'f1_weighted': 0.9359746970732605, 'macro': 0.49314649143641304, 'micro': 0.9282627484874676, 'binary': 0.023529411764705882, 'accuracy_majority': 0.9207317073170732, 'macro_majority': 0.4793650793650793, 'binary_majority': 0.0, 'run_time_millis': 2578.961077999338, 'loss_mean': 0.03611239418387413}
Epoch 1 **** Loss 0.014630964025855064 **** Metrics validation: {'accuracy': 0.9420916162489196, 'f1_weighted': 0.9433118025861167, 'macro': 0.4995707046254156, 'micro': 0.9420916162489196, 'binary': 0.028985507246376812, 'accuracy_majority': 0.9353658536585366, 'macro_majority': 0.4833018273471959, 'binary_majority': 0.0, 'run_time_millis': 2369.3337780005095, 'loss_mean': 0.03602554276585579}
Epoch 2 **** Loss 0.012306184507906437 **** Metrics validation: {'accuracy': 0.9083837510803803, 'f1_weighted': 0.9285969486712261, 'macro': 0.5483797319192811, 'micro': 0.9083837510803803, 'binary': 0.14516129032258063, 'accuracy_majority': 0.9036585365853659, 'macro_majority': 0.5404337431451699, 'binary_majority': 0.13186813186813187, 'run_time_millis': 2538.370145999579, 'loss_mean': 0.03501497581601143}
Epoch 3 **** Loss 0.012151113711297512 **** Metrics validation: {'accuracy': 0.8712186689714779, 'f1_weighted': 0.9086582635420419, 'macro': 0.5534704576595618, 'micro': 0.8712186689714779, 'binary': 0.17679558011049723, 'accuracy_majority': 0.8682926829268293, 'macro_majority': 0.561158351667955, 'binary_majority': 0.19402985074626866, 'run_time_millis': 561.0881579996203, 'loss_mean': 0.03297806903719902}
Epoch 4 **** Loss 0.0033862863201647997 **** Metrics validation: {'accuracy': 0.9490060501296457, 'f1_weighted': 0.9544880376785826, 'macro': 0.639706542105402, 'micro': 0.9490060501296457, 'binary': 0.30588235294117644, 'accuracy_majority': 0.947560975609756, 'macro_majority': 0.6450966774365633, 'binary_majority': 0.3174603174603175, 'run_time_millis': 2412.1367010011454, 'loss_mean': 0.033108871430158615}
Epoch 5 **** Loss 0.006654788739979267 **** Metrics validation: {'accuracy': 0.9031979256698358, 'f1_weighted': 0.9288837670860143, 'macro': 0.6104377104377104, 'micro': 0.9031979256698358, 'binary': 0.27272727272727276, 'accuracy_majority': 0.9048780487804878, 'macro_majority': 0.6262621540762903, 'binary_majority': 0.3035714285714286, 'run_time_millis': 1528.6833070003922, 'loss_mean': 0.028575336560606956}
Epoch 6 **** Loss 0.006836210377514362 **** Metrics validation: {'accuracy': 0.9386343993085566, 'f1_weighted': 0.9498213580073723, 'macro': 0.6521391155583974, 'micro': 0.9386343993085566, 'binary': 0.3364485981308411, 'accuracy_majority': 0.9378048780487804, 'macro_majority': 0.6608795076184529, 'binary_majority': 0.35443037974683544, 'run_time_millis': 1058.7650739998935, 'loss_mean': 0.03182443976402283}
Epoch 7 **** Loss 0.0036224578507244587 **** Metrics validation: {'accuracy': 0.9343128781331028, 'f1_weighted': 0.9471160925329251, 'macro': 0.6434572466588816, 'micro': 0.9343128781331028, 'binary': 0.32142857142857145, 'accuracy_majority': 0.9341463414634147, 'macro_majority': 0.6534017971758665, 'binary_majority': 0.3414634146341463, 'run_time_millis': 721.7173329991056, 'loss_mean': 0.03156621754169464}
Epoch 8 **** Loss 0.0028437701985239983 **** Metrics validation: {'accuracy': 0.9394987035436474, 'f1_weighted': 0.9503660235080352, 'macro': 0.6539598714793546, 'micro': 0.9394987035436474, 'binary': 0.33962264150943394, 'accuracy_majority': 0.9378048780487804, 'macro_majority': 0.6608795076184529, 'binary_majority': 0.35443037974683544, 'run_time_millis': 2528.421597999113, 'loss_mean': 0.034053269773721695}
Epoch 9 **** Loss 0.0030928521882742643 **** Metrics validation: {'accuracy': 0.9429559204840103, 'f1_weighted': 0.9525583304227462, 'macro': 0.6615519625571747, 'micro': 0.9429559204840103, 'binary': 0.3529411764705882, 'accuracy_majority': 0.9414634146341463, 'macro_majority': 0.66886525777359, 'binary_majority': 0.3684210526315789, 'run_time_millis': 2551.7259699990973, 'loss_mean': 0.03509446978569031}
Evaluating
{'accuracy': 0.9490060501296457, 'f1_weighted': 0.9544880376785826, 'macro': 0.639706542105402, 'micro': 0.9490060501296457, 'binary': 0.30588235294117644, 'accuracy_majority': 0.947560975609756, 'macro_majority': 0.6450966774365633, 'binary_majority': 0.3174603174603175, 'run_time_millis': 2564.770128001328, 'loss_mean': 0.033108871430158615}
