Device cuda
Split type sit
Training Size: 6908, NTA labels 4252, YTA labels 2656
Validation Size: 2287, NTA labels 1318, YTA labels 969
Test Size: 2288, NTA labels 1420, YTA labels 868
Training with SBERT, model name is sbert
Tokenizing the dataset
Number of training steps 2160
Epoch 0 **** Loss 0.28734588623046875 **** Metrics validation: {'accuracy': 0.7560122431132488, 'f1_weighted': 0.7573355483405959, 'macro': 0.753670202909293, 'micro': 0.7560122431132489, 'binary': 0.7296511627906977, 'accuracy_majority': 0.7645502645502645, 'macro_majority': 0.7639538881443697, 'binary_majority': 0.7520891364902507, 'run_time_millis': 3649.4319020421244, 'loss_mean': 0.2438817322254181}
Epoch 1 **** Loss 0.27567100524902344 **** Metrics validation: {'accuracy': 0.7481416703104504, 'f1_weighted': 0.7495592920558867, 'macro': 0.7471806863387844, 'micro': 0.7481416703104503, 'binary': 0.7315936626281454, 'accuracy_majority': 0.7619047619047619, 'macro_majority': 0.7618843473254859, 'binary_majority': 0.7596795727636849, 'run_time_millis': 3653.61636900343, 'loss_mean': 0.24173784255981445}
Epoch 2 **** Loss 0.1879466325044632 **** Metrics validation: {'accuracy': 0.7337122868386533, 'f1_weighted': 0.734047312371807, 'macro': 0.7336919205448447, 'micro': 0.7337122868386533, 'binary': 0.7313630348478166, 'accuracy_majority': 0.7533068783068783, 'macro_majority': 0.7528501230762354, 'binary_majority': 0.7634749524413442, 'run_time_millis': 2735.8379689976573, 'loss_mean': 0.25025972723960876}
Epoch 3 **** Loss 0.16123297810554504 **** Metrics validation: {'accuracy': 0.7271534761696545, 'f1_weighted': 0.7283974973043292, 'macro': 0.7267015466168236, 'micro': 0.7271534761696545, 'binary': 0.7155879671832269, 'accuracy_majority': 0.7387566137566137, 'macro_majority': 0.7387427860524588, 'binary_majority': 0.7406434668417596, 'run_time_millis': 3656.931017001625, 'loss_mean': 0.26538172364234924}
Epoch 4 **** Loss 0.0866411104798317 **** Metrics validation: {'accuracy': 0.7271534761696545, 'f1_weighted': 0.7281399439456561, 'macro': 0.7269191026200372, 'micro': 0.7271534761696545, 'binary': 0.718918918918919, 'accuracy_majority': 0.7427248677248677, 'macro_majority': 0.7426301895197267, 'binary_majority': 0.7475665152498377, 'run_time_millis': 3660.6643949635327, 'loss_mean': 0.29049646854400635}
Epoch 5 **** Loss 0.07164687663316727 **** Metrics validation: {'accuracy': 0.7411456055968517, 'f1_weighted': 0.7420625549293841, 'macro': 0.7370623156004181, 'micro': 0.7411456055968517, 'binary': 0.7042957042957042, 'accuracy_majority': 0.7473544973544973, 'macro_majority': 0.7456437645765661, 'binary_majority': 0.7247838616714698, 'run_time_millis': 1869.4797530188225, 'loss_mean': 0.36732152104377747}
Epoch 6 **** Loss 0.11008195579051971 **** Metrics validation: {'accuracy': 0.739833843463052, 'f1_weighted': 0.74101672721315, 'macro': 0.7364801730506865, 'micro': 0.7398338434630519, 'binary': 0.7067520946278956, 'accuracy_majority': 0.7440476190476191, 'macro_majority': 0.742900415344321, 'binary_majority': 0.7257264351523742, 'run_time_millis': 3655.244263005443, 'loss_mean': 0.36410391330718994}
Epoch 7 **** Loss 0.05652105063199997 **** Metrics validation: {'accuracy': 0.7367730651508526, 'f1_weighted': 0.7379614202941903, 'macro': 0.7333532431272476, 'micro': 0.7367730651508527, 'binary': 0.703155818540434, 'accuracy_majority': 0.7420634920634921, 'macro_majority': 0.7409302750616833, 'binary_majority': 0.7237960339943342, 'run_time_millis': 3661.870190000627, 'loss_mean': 0.379233181476593}
Epoch 8 **** Loss 0.05224006995558739 **** Metrics validation: {'accuracy': 0.7446436379536511, 'f1_weighted': 0.7445370798824947, 'macro': 0.7383389520768977, 'micro': 0.7446436379536511, 'binary': 0.6977225672877847, 'accuracy_majority': 0.7433862433862434, 'macro_majority': 0.7401785714285715, 'binary_majority': 0.7113095238095238, 'run_time_millis': 3188.8546730042435, 'loss_mean': 0.43170246481895447}
Epoch 9 **** Loss 0.05492322891950607 **** Metrics validation: {'accuracy': 0.7446436379536511, 'f1_weighted': 0.7443510660439011, 'macro': 0.7379693412624795, 'micro': 0.7446436379536511, 'binary': 0.696149843912591, 'accuracy_majority': 0.7453703703703703, 'macro_majority': 0.7419130585909496, 'binary_majority': 0.7120418848167539, 'run_time_millis': 3659.309576964006, 'loss_mean': 0.46490466594696045}
Evaluating
{'accuracy': 0.7560122431132488, 'f1_weighted': 0.7573355483405959, 'macro': 0.753670202909293, 'micro': 0.7560122431132489, 'binary': 0.7296511627906977, 'accuracy_majority': 0.7645502645502645, 'macro_majority': 0.7639538881443697, 'binary_majority': 0.7520891364902507, 'run_time_millis': 3686.2100239959545, 'loss_mean': 0.2438817322254181}
