Device cuda
Split type sit
Training Size: 97463, NTA labels 96040, YTA labels 1423
Validation Size: 32595, NTA labels 32144, YTA labels 451
Test Size: 32594, NTA labels 32094, YTA labels 500
Training with SBERT, model name is sbert
Tokenizing the dataset
Number of training steps 30460
Epoch 0 **** Loss 0.002474621869623661 **** Metrics validation: {'accuracy': 0.9774505292222734, 'f1_weighted': 0.9809640113287049, 'macro': 0.7164680768889515, 'micro': 0.9774505292222734, 'binary': 0.4444444444444444, 'accuracy_majority': 0.9809094064560916, 'macro_majority': 0.7506878681495904, 'binary_majority': 0.5111111111111112, 'run_time_millis': 15980.361904999882, 'loss_mean': 0.020013147965073586}
Epoch 1 **** Loss 0.05552423372864723 **** Metrics validation: {'accuracy': 0.9759472311704249, 'f1_weighted': 0.980205356021122, 'macro': 0.716625764432941, 'micro': 0.9759472311704249, 'binary': 0.4455445544554456, 'accuracy_majority': 0.9792606733772995, 'macro_majority': 0.7431271173992218, 'binary_majority': 0.4968421052631579, 'run_time_millis': 15966.554868999083, 'loss_mean': 0.020276883617043495}
Epoch 2 **** Loss 0.014859517104923725 **** Metrics validation: {'accuracy': 0.9792606227949072, 'f1_weighted': 0.9822504799918235, 'macro': 0.7302357349336558, 'micro': 0.9792606227949072, 'binary': 0.4710485133020344, 'accuracy_majority': 0.9825581395348837, 'macro_majority': 0.7634544302433699, 'binary_majority': 0.535796766743649, 'run_time_millis': 15939.883774997725, 'loss_mean': 0.020204495638608932}
Epoch 3 **** Loss 0.0018440982094034553 **** Metrics validation: {'accuracy': 0.9711305414940942, 'f1_weighted': 0.9773222873755824, 'macro': 0.7005451333247984, 'micro': 0.9711305414940942, 'binary': 0.41589075108628176, 'accuracy_majority': 0.9742276987157237, 'macro_majority': 0.7189103706244768, 'binary_majority': 0.45101663585951945, 'run_time_millis': 15740.953687000001, 'loss_mean': 0.02244548127055168}
Epoch 4 **** Loss 0.00327906827442348 **** Metrics validation: {'accuracy': 0.9757938334100322, 'f1_weighted': 0.9800843796485686, 'macro': 0.715015603941086, 'micro': 0.9757938334100322, 'binary': 0.44240282685512367, 'accuracy_majority': 0.9783929191253037, 'macro_majority': 0.7356473359486608, 'binary_majority': 0.4823284823284823, 'run_time_millis': 15784.742069001368, 'loss_mean': 0.025564799085259438}
Epoch 5 **** Loss 0.005883011966943741 **** Metrics validation: {'accuracy': 0.9741984967019481, 'f1_weighted': 0.9790940920445563, 'macro': 0.708315552440223, 'micro': 0.9741984967019481, 'binary': 0.42983050847457627, 'accuracy_majority': 0.9757028809441166, 'macro_majority': 0.7192784647801795, 'binary_majority': 0.4509803921568628, 'run_time_millis': 14901.16088799914, 'loss_mean': 0.026492834091186523}
Epoch 6 **** Loss 0.001235109637491405 **** Metrics validation: {'accuracy': 0.9770516950452524, 'f1_weighted': 0.9808008176559394, 'macro': 0.7179226253981884, 'micro': 0.9770516950452524, 'binary': 0.4475627769571639, 'accuracy_majority': 0.9795209996528983, 'macro_majority': 0.7393642692500392, 'binary_majority': 0.48917748917748916, 'run_time_millis': 15961.597035999148, 'loss_mean': 0.0315745547413826}
Epoch 7 **** Loss 0.00821094959974289 **** Metrics validation: {'accuracy': 0.9763153857953674, 'f1_weighted': 0.980393059274206, 'macro': 0.716650803019444, 'micro': 0.9763153857953674, 'binary': 0.44540229885057475, 'accuracy_majority': 0.9779590419993058, 'macro_majority': 0.7308865869889081, 'binary_majority': 0.4730290456431535, 'run_time_millis': 15662.12578699924, 'loss_mean': 0.03305867314338684}
Epoch 8 **** Loss 0.0008291356498375535 **** Metrics validation: {'accuracy': 0.9776652860868231, 'f1_weighted': 0.9811951662589606, 'macro': 0.7210265795251233, 'micro': 0.9776652860868231, 'binary': 0.4534534534534535, 'accuracy_majority': 0.9796945505032975, 'macro_majority': 0.7371123829608188, 'binary_majority': 0.4845814977973568, 'run_time_millis': 15712.925470998016, 'loss_mean': 0.03574890270829201}
Epoch 9 **** Loss 0.027871722355484962 **** Metrics validation: {'accuracy': 0.9782175180242368, 'f1_weighted': 0.9814840668259722, 'macro': 0.7213666518174265, 'micro': 0.9782175180242367, 'binary': 0.45384615384615384, 'accuracy_majority': 0.9810829573064908, 'macro_majority': 0.746320676792707, 'binary_majority': 0.502283105022831, 'run_time_millis': 15864.83243299881, 'loss_mean': 0.03711516410112381}
Evaluating
{'accuracy': 0.9792606227949072, 'f1_weighted': 0.9822504799918235, 'macro': 0.7302357349336558, 'micro': 0.9792606227949072, 'binary': 0.4710485133020344, 'accuracy_majority': 0.9825581395348837, 'macro_majority': 0.7634544302433699, 'binary_majority': 0.535796766743649, 'run_time_millis': 15461.585149998427, 'loss_mean': 0.020204495638608932}
