______________________________	 Running Epoch 1 of 10 	______________________________
[Training] Itteration/Batch:   0/63: Loss: 1.33 | Accuracy: 0.55
[Training] Itteration/Batch:  25/63: Loss: 1.92 | Accuracy: 0.50
[Training] Itteration/Batch:  50/63: Loss: 1.71 | Accuracy: 0.58

Epoch 1: Val Bin. F1 Majority 0.2890625 | Val Macro F1 Majority 0.5197597691956124 |             Val Bin F1 Individual 0.5100159049034119 | Val Macro F1 Individual 0.6024034729917083 |             Val Accuracy Majority 0.6305818557739258 | Val Accuracy Individual 0.6238711476325989 | Training Loss:1.5082688331604004 |             Val Loss 1.9100481271743774 | Train Runtime Millis 6599.534176999952 | Val Runtime Millis 5429.854782000007

______________________________	 Running Epoch 2 of 10 	______________________________
[Training] Itteration/Batch:   0/63: Loss: 1.26 | Accuracy: 0.59
[Training] Itteration/Batch:  25/63: Loss: 1.43 | Accuracy: 0.75
[Training] Itteration/Batch:  50/63: Loss: 1.25 | Accuracy: 0.72

Epoch 2: Val Bin. F1 Majority 0.42969629168510437 | Val Macro F1 Majority 0.5922066345480399 |             Val Bin F1 Individual 0.5364450216293335 | Val Macro F1 Individual 0.6251115707444344 |             Val Accuracy Majority 0.656968891620636 | Val Accuracy Individual 0.6460825204849243 | Training Loss:1.4017047882080078 |             Val Loss 1.8614780902862549 | Train Runtime Millis 6555.097638000007 | Val Runtime Millis 5429.08394899996

______________________________	 Running Epoch 3 of 10 	______________________________
[Training] Itteration/Batch:   0/63: Loss: 1.58 | Accuracy: 0.77
[Training] Itteration/Batch:  25/63: Loss: 0.98 | Accuracy: 0.90
[Training] Itteration/Batch:  50/63: Loss: 0.89 | Accuracy: 0.84

Epoch 3: Val Bin. F1 Majority 0.3964868187904358 | Val Macro F1 Majority 0.586849248833194 |             Val Bin F1 Individual 0.522455096244812 | Val Macro F1 Individual 0.6456896963046019 |             Val Accuracy Majority 0.6745601892471313 | Val Accuracy Individual 0.6885526180267334 | Training Loss:1.2412244081497192 |             Val Loss 1.8013051748275757 | Train Runtime Millis 6558.112568000013 | Val Runtime Millis 5415.117187000022

______________________________	 Running Epoch 4 of 10 	______________________________
[Training] Itteration/Batch:   0/63: Loss: 1.28 | Accuracy: 0.83
[Training] Itteration/Batch:  25/63: Loss: 1.31 | Accuracy: 0.83
[Training] Itteration/Batch:  50/63: Loss: 0.96 | Accuracy: 0.82

Epoch 4: Val Bin. F1 Majority 0.4403443932533264 | Val Macro F1 Majority 0.6140126123613081 |             Val Bin F1 Individual 0.5242718458175659 | Val Macro F1 Individual 0.646653688827559 |             Val Accuracy Majority 0.6921515464782715 | Val Accuracy Individual 0.6890407800674438 | Training Loss:1.061705470085144 |             Val Loss 1.7679328918457031 | Train Runtime Millis 6559.4469590000135 | Val Runtime Millis 5416.160324999964

______________________________	 Running Epoch 5 of 10 	______________________________
[Training] Itteration/Batch:   0/63: Loss: 0.85 | Accuracy: 0.93
[Training] Itteration/Batch:  25/63: Loss: 0.64 | Accuracy: 0.89
[Training] Itteration/Batch:  50/63: Loss: 0.76 | Accuracy: 0.89

Epoch 5: Val Bin. F1 Majority 0.5462097525596619 | Val Macro F1 Majority 0.6634711625684704 |             Val Bin F1 Individual 0.5710287094116211 | Val Macro F1 Individual 0.6706342857262761 |             Val Accuracy Majority 0.7043301463127136 | Val Accuracy Individual 0.7007566690444946 | Training Loss:0.929934024810791 |             Val Loss 1.7396292686462402 | Train Runtime Millis 6576.2435230000165 | Val Runtime Millis 5424.441875999946

______________________________	 Running Epoch 6 of 10 	______________________________
[Training] Itteration/Batch:   0/63: Loss: 0.84 | Accuracy: 0.89
[Training] Itteration/Batch:  25/63: Loss: 0.81 | Accuracy: 0.91
[Training] Itteration/Batch:  50/63: Loss: 0.70 | Accuracy: 0.90

Epoch 6: Val Bin. F1 Majority 0.5419355034828186 | Val Macro F1 Majority 0.6658344744132726 |             Val Bin F1 Individual 0.5749726295471191 | Val Macro F1 Individual 0.6806643859807464 |             Val Accuracy Majority 0.7117726802825928 | Val Accuracy Individual 0.7156456112861633 | Training Loss:0.8161521553993225 |             Val Loss 1.7099212408065796 | Train Runtime Millis 6570.7304829999775 | Val Runtime Millis 5414.330419000009

______________________________	 Running Epoch 7 of 10 	______________________________
[Training] Itteration/Batch:   0/63: Loss: 0.78 | Accuracy: 0.97
[Training] Itteration/Batch:  25/63: Loss: 0.98 | Accuracy: 0.81
[Training] Itteration/Batch:  50/63: Loss: 0.75 | Accuracy: 0.92

Epoch 7: Val Bin. F1 Majority 0.5011764764785767 | Val Macro F1 Majority 0.6499234679626837 |             Val Bin F1 Individual 0.5580152869224548 | Val Macro F1 Individual 0.6751324990345031 |             Val Accuracy Majority 0.7131258249282837 | Val Accuracy Individual 0.7173541784286499 | Training Loss:0.7210620641708374 |             Val Loss 1.7162178754806519 | Train Runtime Millis 6660.36240699998 | Val Runtime Millis 5421.602429000018

______________________________	 Running Epoch 8 of 10 	______________________________
[Training] Itteration/Batch:   0/63: Loss: 0.34 | Accuracy: 1.00
[Training] Itteration/Batch:  25/63: Loss: 0.67 | Accuracy: 0.95
[Training] Itteration/Batch:  50/63: Loss: 0.90 | Accuracy: 0.87

Epoch 8: Val Bin. F1 Majority 0.5504385828971863 | Val Macro F1 Majority 0.6749257561712501 |             Val Bin F1 Individual 0.5764447450637817 | Val Macro F1 Individual 0.6821784287402428 |             Val Accuracy Majority 0.7225980758666992 | Val Accuracy Individual 0.7173541784286499 | Training Loss:0.6639724969863892 |             Val Loss 1.69066321849823 | Train Runtime Millis 6569.76045600004 | Val Runtime Millis 5434.021674000007

______________________________	 Running Epoch 9 of 10 	______________________________
[Training] Itteration/Batch:   0/63: Loss: 0.68 | Accuracy: 0.97
[Training] Itteration/Batch:  25/63: Loss: 0.85 | Accuracy: 0.90
[Training] Itteration/Batch:  50/63: Loss: 0.76 | Accuracy: 0.89

Epoch 9: Val Bin. F1 Majority 0.5615550875663757 | Val Macro F1 Majority 0.6807775377969763 |             Val Bin F1 Individual 0.5938738584518433 | Val Macro F1 Individual 0.6929509616647465 |             Val Accuracy Majority 0.7253044843673706 | Val Accuracy Individual 0.7249206900596619 | Training Loss:0.5987470149993896 |             Val Loss 1.6713758707046509 | Train Runtime Millis 6557.961130000023 | Val Runtime Millis 5434.436382000002

______________________________	 Running Epoch 10 of 10 	______________________________
[Training] Itteration/Batch:   0/63: Loss: 0.51 | Accuracy: 0.97
[Training] Itteration/Batch:  25/63: Loss: 0.69 | Accuracy: 0.94
[Training] Itteration/Batch:  50/63: Loss: 0.40 | Accuracy: 1.00

Epoch 10: Val Bin. F1 Majority 0.5564074516296387 | Val Macro F1 Majority 0.6790847812555789 |             Val Bin F1 Individual 0.5870755910873413 | Val Macro F1 Individual 0.6898714263771192 |             Val Accuracy Majority 0.7259810566902161 | Val Accuracy Individual 0.723944365978241 | Training Loss:0.554995596408844 |             Val Loss 1.6912771463394165 | Train Runtime Millis 6565.416862000006 | Val Runtime Millis 5415.858969999988

______________________________	 Running Epoch 1 of 10 	______________________________
[Training] Itteration/Batch:   0/79: Loss: 2.00 | Accuracy: 0.54
[Training] Itteration/Batch:  25/79: Loss: 1.14 | Accuracy: 0.61
[Training] Itteration/Batch:  50/79: Loss: 1.47 | Accuracy: 0.62
[Training] Itteration/Batch:  75/79: Loss: 1.75 | Accuracy: 0.55

Epoch 1: Val Bin. F1 Majority 0.3437926471233368 | Val Macro F1 Majority 0.5637091820045794 |             Val Bin F1 Individual 0.49585530161857605 | Val Macro F1 Individual 0.6271695336240645 |             Val Accuracy Majority 0.6745601892471313 | Val Accuracy Individual 0.6734195947647095 | Training Loss:1.5003647804260254 |             Val Loss 1.8613537549972534 | Train Runtime Millis 8276.235826000004 | Val Runtime Millis 5403.930142000036

______________________________	 Running Epoch 2 of 10 	______________________________
[Training] Itteration/Batch:   0/79: Loss: 0.95 | Accuracy: 0.76
[Training] Itteration/Batch:  25/79: Loss: 1.70 | Accuracy: 0.70
[Training] Itteration/Batch:  50/79: Loss: 1.57 | Accuracy: 0.68
[Training] Itteration/Batch:  75/79: Loss: 1.18 | Accuracy: 0.80

Epoch 2: Val Bin. F1 Majority 0.38814017176628113 | Val Macro F1 Majority 0.591540722235614 |             Val Bin F1 Individual 0.5325581431388855 | Val Macro F1 Individual 0.6588690234546524 |             Val Accuracy Majority 0.6928281188011169 | Val Accuracy Individual 0.7056382894515991 | Training Loss:1.3497987985610962 |             Val Loss 1.7431271076202393 | Train Runtime Millis 8304.603641999962 | Val Runtime Millis 5395.486063999953

______________________________	 Running Epoch 3 of 10 	______________________________
[Training] Itteration/Batch:   0/79: Loss: 1.33 | Accuracy: 0.77
[Training] Itteration/Batch:  25/79: Loss: 0.77 | Accuracy: 0.85
[Training] Itteration/Batch:  50/79: Loss: 1.06 | Accuracy: 0.81
[Training] Itteration/Batch:  75/79: Loss: 1.15 | Accuracy: 0.77

Epoch 3: Val Bin. F1 Majority 0.5472972989082336 | Val Macro F1 Majority 0.676453290814993 |             Val Bin F1 Individual 0.6015151739120483 | Val Macro F1 Individual 0.7060510579325848 |             Val Accuracy Majority 0.7280108332633972 | Val Accuracy Individual 0.7432267665863037 | Training Loss:1.1501107215881348 |             Val Loss 1.6264405250549316 | Train Runtime Millis 8148.135040999989 | Val Runtime Millis 5368.779193000023

______________________________	 Running Epoch 4 of 10 	______________________________
[Training] Itteration/Batch:   0/79: Loss: 0.79 | Accuracy: 0.81
[Training] Itteration/Batch:  25/79: Loss: 0.89 | Accuracy: 0.94
[Training] Itteration/Batch:  50/79: Loss: 0.80 | Accuracy: 0.91
[Training] Itteration/Batch:  75/79: Loss: 1.05 | Accuracy: 0.77

Epoch 4: Val Bin. F1 Majority 0.6559427976608276 | Val Macro F1 Majority 0.7231809838767506 |             Val Bin F1 Individual 0.628515362739563 | Val Macro F1 Individual 0.7036657844497554 |             Val Accuracy Majority 0.7395128607749939 | Val Accuracy Individual 0.7227239608764648 | Training Loss:0.9509552717208862 |             Val Loss 1.62056565284729 | Train Runtime Millis 8156.888174000016 | Val Runtime Millis 5368.817296999964

______________________________	 Running Epoch 5 of 10 	______________________________
[Training] Itteration/Batch:   0/79: Loss: 0.77 | Accuracy: 0.97
[Training] Itteration/Batch:  25/79: Loss: 0.74 | Accuracy: 0.94
[Training] Itteration/Batch:  50/79: Loss: 0.75 | Accuracy: 0.91
[Training] Itteration/Batch:  75/79: Loss: 0.87 | Accuracy: 0.87

Epoch 5: Val Bin. F1 Majority 0.6023622155189514 | Val Macro F1 Majority 0.6970573910219986 |             Val Bin F1 Individual 0.6260504126548767 | Val Macro F1 Individual 0.7129877428678477 |             Val Accuracy Majority 0.7266576290130615 | Val Accuracy Individual 0.7393214702606201 | Training Loss:0.794113278388977 |             Val Loss 1.6010479927062988 | Train Runtime Millis 8154.0331880000285 | Val Runtime Millis 5373.376783000026

______________________________	 Running Epoch 6 of 10 	______________________________
[Training] Itteration/Batch:   0/79: Loss: 0.44 | Accuracy: 0.97
[Training] Itteration/Batch:  25/79: Loss: 0.68 | Accuracy: 0.92
[Training] Itteration/Batch:  50/79: Loss: 0.52 | Accuracy: 0.97
[Training] Itteration/Batch:  75/79: Loss: 0.76 | Accuracy: 0.89

Epoch 6: Val Bin. F1 Majority 0.5665528774261475 | Val Macro F1 Majority 0.6915576252832502 |             Val Bin F1 Individual 0.6025437116622925 | Val Macro F1 Individual 0.7132126843292748 |             Val Accuracy Majority 0.7422192096710205 | Val Accuracy Individual 0.7559189796447754 | Training Loss:0.6935796737670898 |             Val Loss 1.5847829580307007 | Train Runtime Millis 8159.693860999994 | Val Runtime Millis 5375.1099520000025

______________________________	 Running Epoch 7 of 10 	______________________________
[Training] Itteration/Batch:   0/79: Loss: 0.60 | Accuracy: 0.97
[Training] Itteration/Batch:  25/79: Loss: 0.43 | Accuracy: 1.00
[Training] Itteration/Batch:  50/79: Loss: 0.68 | Accuracy: 0.91
[Training] Itteration/Batch:  75/79: Loss: 0.69 | Accuracy: 0.89

Epoch 7: Val Bin. F1 Majority 0.6481481194496155 | Val Macro F1 Majority 0.722794756376846 |             Val Bin F1 Individual 0.648450493812561 | Val Macro F1 Individual 0.722646209527821 |             Val Accuracy Majority 0.742895781993866 | Val Accuracy Individual 0.742494523525238 | Training Loss:0.6286152601242065 |             Val Loss 1.5691620111465454 | Train Runtime Millis 8153.543258000013 | Val Runtime Millis 5375.611460000016

______________________________	 Running Epoch 8 of 10 	______________________________
[Training] Itteration/Batch:   0/79: Loss: 0.60 | Accuracy: 0.97
[Training] Itteration/Batch:  25/79: Loss: 0.44 | Accuracy: 1.00
[Training] Itteration/Batch:  50/79: Loss: 0.69 | Accuracy: 0.91
[Training] Itteration/Batch:  75/79: Loss: 0.56 | Accuracy: 0.88

Epoch 8: Val Bin. F1 Majority 0.6264821887016296 | Val Macro F1 Majority 0.7160188844971453 |             Val Bin F1 Individual 0.6477590799331665 | Val Macro F1 Individual 0.7296495031133472 |             Val Accuracy Majority 0.7442489862442017 | Val Accuracy Individual 0.754454493522644 | Training Loss:0.572743833065033 |             Val Loss 1.5753623247146606 | Train Runtime Millis 8244.505145999994 | Val Runtime Millis 5371.574012999986

______________________________	 Running Epoch 9 of 10 	______________________________
[Training] Itteration/Batch:   0/79: Loss: 0.51 | Accuracy: 0.97
[Training] Itteration/Batch:  25/79: Loss: 0.45 | Accuracy: 0.97
[Training] Itteration/Batch:  50/79: Loss: 0.41 | Accuracy: 0.97
[Training] Itteration/Batch:  75/79: Loss: 0.68 | Accuracy: 0.86

Epoch 9: Val Bin. F1 Majority 0.6175580024719238 | Val Macro F1 Majority 0.7123413520668203 |             Val Bin F1 Individual 0.6489781141281128 | Val Macro F1 Individual 0.7339247718587858 |             Val Accuracy Majority 0.7435724139213562 | Val Accuracy Individual 0.7610446810722351 | Training Loss:0.528677225112915 |             Val Loss 1.5579161643981934 | Train Runtime Millis 8165.422628999977 | Val Runtime Millis 5372.4285690000215

______________________________	 Running Epoch 10 of 10 	______________________________
[Training] Itteration/Batch:   0/79: Loss: 0.25 | Accuracy: 1.00
[Training] Itteration/Batch:  25/79: Loss: 0.33 | Accuracy: 1.00
[Training] Itteration/Batch:  50/79: Loss: 0.50 | Accuracy: 0.94
[Training] Itteration/Batch:  75/79: Loss: 0.32 | Accuracy: 0.97

Epoch 10: Val Bin. F1 Majority 0.6072186827659607 | Val Macro F1 Majority 0.7117523408328537 |             Val Bin F1 Individual 0.6463683247566223 | Val Macro F1 Individual 0.735034920709889 |             Val Accuracy Majority 0.7496616840362549 | Val Accuracy Individual 0.7647058963775635 | Training Loss:0.48822715878486633 |             Val Loss 1.5716593265533447 | Train Runtime Millis 8163.188208999941 | Val Runtime Millis 5361.489194000001

______________________________	 Running Epoch 1 of 10 	______________________________
[Training] Itteration/Batch:   0/95: Loss: 1.94 | Accuracy: 0.42
[Training] Itteration/Batch:  25/95: Loss: 1.67 | Accuracy: 0.32
[Training] Itteration/Batch:  50/95: Loss: 1.25 | Accuracy: 0.57
[Training] Itteration/Batch:  75/95: Loss: 1.72 | Accuracy: 0.62

Epoch 1: Val Bin. F1 Majority 0.0 | Val Macro F1 Majority 0.38519134775374375 |             Val Bin F1 Individual 0.4441666603088379 | Val Macro F1 Individual 0.6069642446208723 |             Val Accuracy Majority 0.6265223026275635 | Val Accuracy Individual 0.6743959188461304 | Training Loss:1.5139013528823853 |             Val Loss 1.866851806640625 | Train Runtime Millis 9826.616727999975 | Val Runtime Millis 5374.804567999945

______________________________	 Running Epoch 2 of 10 	______________________________
[Training] Itteration/Batch:   0/95: Loss: 1.43 | Accuracy: 0.67
[Training] Itteration/Batch:  25/95: Loss: 1.40 | Accuracy: 0.70
[Training] Itteration/Batch:  50/95: Loss: 1.47 | Accuracy: 0.77
[Training] Itteration/Batch:  75/95: Loss: 0.99 | Accuracy: 0.69

Epoch 2: Val Bin. F1 Majority 0.014388489536941051 | Val Macro F1 Majority 0.39302757793764986 |             Val Bin F1 Individual 0.42936405539512634 | Val Macro F1 Individual 0.6004280579037271 |             Val Accuracy Majority 0.6292287111282349 | Val Accuracy Individual 0.6736636757850647 | Training Loss:1.3929859399795532 |             Val Loss 1.8373548984527588 | Train Runtime Millis 9882.07541099996 | Val Runtime Millis 5371.107482999946

______________________________	 Running Epoch 3 of 10 	______________________________
[Training] Itteration/Batch:   0/95: Loss: 1.46 | Accuracy: 0.77
[Training] Itteration/Batch:  25/95: Loss: 0.93 | Accuracy: 0.78
[Training] Itteration/Batch:  50/95: Loss: 1.07 | Accuracy: 0.80
[Training] Itteration/Batch:  75/95: Loss: 1.32 | Accuracy: 0.87

Epoch 3: Val Bin. F1 Majority 0.5254629850387573 | Val Macro F1 Majority 0.6647391296650378 |             Val Bin F1 Individual 0.5893648266792297 | Val Macro F1 Individual 0.6933335343732481 |             Val Accuracy Majority 0.7225980758666992 | Val Accuracy Individual 0.7285819053649902 | Training Loss:1.2124733924865723 |             Val Loss 1.6702003479003906 | Train Runtime Millis 9786.72227300001 | Val Runtime Millis 5373.16690900002

______________________________	 Running Epoch 4 of 10 	______________________________
[Training] Itteration/Batch:   0/95: Loss: 1.11 | Accuracy: 0.81
[Training] Itteration/Batch:  25/95: Loss: 0.99 | Accuracy: 0.82
[Training] Itteration/Batch:  50/95: Loss: 0.89 | Accuracy: 0.81
[Training] Itteration/Batch:  75/95: Loss: 0.88 | Accuracy: 0.86

Epoch 4: Val Bin. F1 Majority 0.6001955270767212 | Val Macro F1 Majority 0.6943036492792012 |             Val Bin F1 Individual 0.6195579171180725 | Val Macro F1 Individual 0.7007159884890369 |             Val Accuracy Majority 0.7232747077941895 | Val Accuracy Individual 0.7227239608764648 | Training Loss:0.983432412147522 |             Val Loss 1.6417763233184814 | Train Runtime Millis 9789.571789000092 | Val Runtime Millis 5382.312478000017

______________________________	 Running Epoch 5 of 10 	______________________________
[Training] Itteration/Batch:   0/95: Loss: 0.78 | Accuracy: 0.95
[Training] Itteration/Batch:  25/95: Loss: 0.75 | Accuracy: 0.87
[Training] Itteration/Batch:  50/95: Loss: 0.67 | Accuracy: 0.97
[Training] Itteration/Batch:  75/95: Loss: 0.97 | Accuracy: 0.88

Epoch 5: Val Bin. F1 Majority 0.49939098954200745 | Val Macro F1 Majority 0.6534425659003842 |             Val Bin F1 Individual 0.5728354454040527 | Val Macro F1 Individual 0.6960060539669499 |             Val Accuracy Majority 0.7219215035438538 | Val Accuracy Individual 0.7459116578102112 | Training Loss:0.8103737831115723 |             Val Loss 1.620773434638977 | Train Runtime Millis 9795.471268000028 | Val Runtime Millis 5370.024512999976

______________________________	 Running Epoch 6 of 10 	______________________________
[Training] Itteration/Batch:   0/95: Loss: 0.75 | Accuracy: 0.97
[Training] Itteration/Batch:  25/95: Loss: 0.66 | Accuracy: 0.94
[Training] Itteration/Batch:  50/95: Loss: 0.47 | Accuracy: 0.96
[Training] Itteration/Batch:  75/95: Loss: 0.76 | Accuracy: 0.92

Epoch 6: Val Bin. F1 Majority 0.585612952709198 | Val Macro F1 Majority 0.6889466569723315 |             Val Bin F1 Individual 0.6298882961273193 | Val Macro F1 Individual 0.7155069858605763 |             Val Accuracy Majority 0.7232747077941895 | Val Accuracy Individual 0.7412741184234619 | Training Loss:0.6853138208389282 |             Val Loss 1.5930185317993164 | Train Runtime Millis 9797.708281000041 | Val Runtime Millis 5373.871430999998

______________________________	 Running Epoch 7 of 10 	______________________________
[Training] Itteration/Batch:   0/95: Loss: 0.58 | Accuracy: 0.91
[Training] Itteration/Batch:  25/95: Loss: 0.79 | Accuracy: 0.91
[Training] Itteration/Batch:  50/95: Loss: 0.75 | Accuracy: 0.89
[Training] Itteration/Batch:  75/95: Loss: 0.62 | Accuracy: 0.97

Epoch 7: Val Bin. F1 Majority 0.5316455960273743 | Val Macro F1 Majority 0.6683143995681524 |             Val Bin F1 Individual 0.6120218634605408 | Val Macro F1 Individual 0.717765190325385 |             Val Accuracy Majority 0.7246278524398804 | Val Accuracy Individual 0.7573834657669067 | Training Loss:0.5954068303108215 |             Val Loss 1.575817346572876 | Train Runtime Millis 9797.789505999957 | Val Runtime Millis 5364.941283999997

______________________________	 Running Epoch 8 of 10 	______________________________
[Training] Itteration/Batch:   0/95: Loss: 0.58 | Accuracy: 0.91
[Training] Itteration/Batch:  25/95: Loss: 0.43 | Accuracy: 0.94
[Training] Itteration/Batch:  50/95: Loss: 0.46 | Accuracy: 0.97
[Training] Itteration/Batch:  75/95: Loss: 0.36 | Accuracy: 0.97

Epoch 8: Val Bin. F1 Majority 0.5805785059928894 | Val Macro F1 Majority 0.688176580142009 |             Val Bin F1 Individual 0.6269614696502686 | Val Macro F1 Individual 0.7164492019087494 |             Val Accuracy Majority 0.7253044843673706 | Val Accuracy Individual 0.7446912527084351 | Training Loss:0.5265287160873413 |             Val Loss 1.5759342908859253 | Train Runtime Millis 9912.935281999922 | Val Runtime Millis 5368.863659999988

______________________________	 Running Epoch 9 of 10 	______________________________
[Training] Itteration/Batch:   0/95: Loss: 0.53 | Accuracy: 0.97
[Training] Itteration/Batch:  25/95: Loss: 0.37 | Accuracy: 0.96
[Training] Itteration/Batch:  50/95: Loss: 0.51 | Accuracy: 0.94
[Training] Itteration/Batch:  75/95: Loss: 0.47 | Accuracy: 0.97

Epoch 9: Val Bin. F1 Majority 0.5848075151443481 | Val Macro F1 Majority 0.6924037460978147 |             Val Bin F1 Individual 0.6313498020172119 | Val Macro F1 Individual 0.7222581938313998 |             Val Accuracy Majority 0.7300406098365784 | Val Accuracy Individual 0.7520136833190918 | Training Loss:0.4637904465198517 |             Val Loss 1.571431040763855 | Train Runtime Millis 9790.006455000024 | Val Runtime Millis 5374.150772000007

______________________________	 Running Epoch 10 of 10 	______________________________
[Training] Itteration/Batch:   0/95: Loss: 0.38 | Accuracy: 0.94
[Training] Itteration/Batch:  25/95: Loss: 0.42 | Accuracy: 0.97
[Training] Itteration/Batch:  50/95: Loss: 0.37 | Accuracy: 0.97
[Training] Itteration/Batch:  75/95: Loss: 0.49 | Accuracy: 0.92

Epoch 10: Val Bin. F1 Majority 0.5323910713195801 | Val Macro F1 Majority 0.6719857472120248 |             Val Bin F1 Individual 0.6141176223754883 | Val Macro F1 Individual 0.7198866052445074 |             Val Accuracy Majority 0.7313937544822693 | Val Accuracy Individual 0.759824275970459 | Training Loss:0.4197289049625397 |             Val Loss 1.5953136682510376 | Train Runtime Millis 9797.847917000014 | Val Runtime Millis 5374.724937999986

______________________________	 Running Epoch 1 of 10 	______________________________
[Training] Itteration/Batch:   0/112: Loss: 1.60 | Accuracy: 0.49
[Training] Itteration/Batch:  25/112: Loss: 1.83 | Accuracy: 0.66
[Training] Itteration/Batch:  50/112: Loss: 1.08 | Accuracy: 0.65
[Training] Itteration/Batch:  75/112: Loss: 1.69 | Accuracy: 0.71
[Training] Itteration/Batch: 100/112: Loss: 1.44 | Accuracy: 0.69

Epoch 1: Val Bin. F1 Majority 0.0 | Val Macro F1 Majority 0.38519134775374375 |             Val Bin F1 Individual 0.4428139925003052 | Val Macro F1 Individual 0.6115720419954191 |             Val Accuracy Majority 0.6265223026275635 | Val Accuracy Individual 0.684891402721405 | Training Loss:1.5084762573242188 |             Val Loss 1.8635268211364746 | Train Runtime Millis 11559.682363999967 | Val Runtime Millis 5352.069309000058

______________________________	 Running Epoch 2 of 10 	______________________________
[Training] Itteration/Batch:   0/112: Loss: 1.42 | Accuracy: 0.72
[Training] Itteration/Batch:  25/112: Loss: 1.18 | Accuracy: 0.71
[Training] Itteration/Batch:  50/112: Loss: 1.25 | Accuracy: 0.86
[Training] Itteration/Batch:  75/112: Loss: 1.30 | Accuracy: 0.70
[Training] Itteration/Batch: 100/112: Loss: 1.12 | Accuracy: 0.75

Epoch 2: Val Bin. F1 Majority 0.47820964455604553 | Val Macro F1 Majority 0.6339790579721083 |             Val Bin F1 Individual 0.5687453150749207 | Val Macro F1 Individual 0.6806127099865111 |             Val Accuracy Majority 0.7002706527709961 | Val Accuracy Individual 0.7197949886322021 | Training Loss:1.4036933183670044 |             Val Loss 1.7790104150772095 | Train Runtime Millis 11641.557347000002 | Val Runtime Millis 5367.435005000061

______________________________	 Running Epoch 3 of 10 	______________________________
[Training] Itteration/Batch:   0/112: Loss: 1.16 | Accuracy: 0.86
[Training] Itteration/Batch:  25/112: Loss: 0.91 | Accuracy: 0.93
[Training] Itteration/Batch:  50/112: Loss: 1.30 | Accuracy: 0.73
[Training] Itteration/Batch:  75/112: Loss: 1.46 | Accuracy: 0.75
[Training] Itteration/Batch: 100/112: Loss: 1.49 | Accuracy: 0.61

Epoch 3: Val Bin. F1 Majority 0.5827108025550842 | Val Macro F1 Majority 0.6945252756233075 |             Val Bin F1 Individual 0.5922585725784302 | Val Macro F1 Individual 0.6980811995235041 |             Val Accuracy Majority 0.7354533076286316 | Val Accuracy Individual 0.7351720929145813 | Training Loss:1.2309170961380005 |             Val Loss 1.6338268518447876 | Train Runtime Millis 11536.216102000026 | Val Runtime Millis 5363.179387000059

______________________________	 Running Epoch 4 of 10 	______________________________
[Training] Itteration/Batch:   0/112: Loss: 1.16 | Accuracy: 0.79
[Training] Itteration/Batch:  25/112: Loss: 0.84 | Accuracy: 0.85
[Training] Itteration/Batch:  50/112: Loss: 0.99 | Accuracy: 0.92
[Training] Itteration/Batch:  75/112: Loss: 0.76 | Accuracy: 0.86
[Training] Itteration/Batch: 100/112: Loss: 0.74 | Accuracy: 0.86

Epoch 4: Val Bin. F1 Majority 0.6086956262588501 | Val Macro F1 Majority 0.7093729517150973 |             Val Bin F1 Individual 0.6620498895645142 | Val Macro F1 Individual 0.7390535775628488 |             Val Accuracy Majority 0.7442489862442017 | Val Accuracy Individual 0.7617769241333008 | Training Loss:1.0204240083694458 |             Val Loss 1.5375851392745972 | Train Runtime Millis 11517.083964999983 | Val Runtime Millis 5368.453182000053

______________________________	 Running Epoch 5 of 10 	______________________________
[Training] Itteration/Batch:   0/112: Loss: 0.73 | Accuracy: 0.88
[Training] Itteration/Batch:  25/112: Loss: 0.41 | Accuracy: 0.88
[Training] Itteration/Batch:  50/112: Loss: 0.60 | Accuracy: 0.89
[Training] Itteration/Batch:  75/112: Loss: 1.11 | Accuracy: 0.76
[Training] Itteration/Batch: 100/112: Loss: 0.76 | Accuracy: 0.91

Epoch 5: Val Bin. F1 Majority 0.5292014479637146 | Val Macro F1 Majority 0.6713083202386267 |             Val Bin F1 Individual 0.595588207244873 | Val Macro F1 Individual 0.7116472328576401 |             Val Accuracy Majority 0.732746958732605 | Val Accuracy Individual 0.7583597898483276 | Training Loss:0.8296864628791809 |             Val Loss 1.5501291751861572 | Train Runtime Millis 11515.670560000104 | Val Runtime Millis 5365.066695999985

______________________________	 Running Epoch 6 of 10 	______________________________
[Training] Itteration/Batch:   0/112: Loss: 0.81 | Accuracy: 0.86
[Training] Itteration/Batch:  25/112: Loss: 0.81 | Accuracy: 0.88
[Training] Itteration/Batch:  50/112: Loss: 0.74 | Accuracy: 0.93
[Training] Itteration/Batch:  75/112: Loss: 0.81 | Accuracy: 0.77
[Training] Itteration/Batch: 100/112: Loss: 0.61 | Accuracy: 0.93

Epoch 6: Val Bin. F1 Majority 0.626204252243042 | Val Macro F1 Majority 0.7119550913061736 |             Val Bin F1 Individual 0.6394791007041931 | Val Macro F1 Individual 0.7200428076808557 |             Val Accuracy Majority 0.7374830842018127 | Val Accuracy Individual 0.7432267665863037 | Training Loss:0.7135164141654968 |             Val Loss 1.5447434186935425 | Train Runtime Millis 11536.978869999984 | Val Runtime Millis 5379.535554999961

______________________________	 Running Epoch 1 of 10 	______________________________
[Training] Itteration/Batch:   0/126: Loss: 1.65 | Accuracy: 0.43
[Training] Itteration/Batch:  25/126: Loss: 1.14 | Accuracy: 0.33
[Training] Itteration/Batch:  50/126: Loss: 1.60 | Accuracy: 0.61
[Training] Itteration/Batch:  75/126: Loss: 1.78 | Accuracy: 0.53
[Training] Itteration/Batch: 100/126: Loss: 1.43 | Accuracy: 0.60
[Training] Itteration/Batch: 125/126: Loss: 1.64 | Accuracy: 0.60

Epoch 1: Val Bin. F1 Majority 0.04593639448285103 | Val Macro F1 Majority 0.40999748658278756 |             Val Bin F1 Individual 0.4369676411151886 | Val Macro F1 Individual 0.6054150510461295 |             Val Accuracy Majority 0.6346414089202881 | Val Accuracy Individual 0.6773248910903931 | Training Loss:1.503979206085205 |             Val Loss 1.838722825050354 | Train Runtime Millis 13027.098653000052 | Val Runtime Millis 5351.107805999959

______________________________	 Running Epoch 2 of 10 	______________________________
[Training] Itteration/Batch:   0/126: Loss: 1.59 | Accuracy: 0.69
[Training] Itteration/Batch:  25/126: Loss: 1.31 | Accuracy: 0.65
[Training] Itteration/Batch:  50/126: Loss: 1.39 | Accuracy: 0.61
[Training] Itteration/Batch:  75/126: Loss: 1.19 | Accuracy: 0.76
[Training] Itteration/Batch: 100/126: Loss: 1.11 | Accuracy: 0.84
[Training] Itteration/Batch: 125/126: Loss: 1.69 | Accuracy: 0.71

Epoch 2: Val Bin. F1 Majority 0.5978723168373108 | Val Macro F1 Majority 0.705186170212766 |             Val Bin F1 Individual 0.5932584404945374 | Val Macro F1 Individual 0.6983308789429579 |             Val Accuracy Majority 0.7442489862442017 | Val Accuracy Individual 0.7349280118942261 | Training Loss:1.310528039932251 |             Val Loss 1.614579200744629 | Train Runtime Millis 13005.35696700001 | Val Runtime Millis 5363.852858000087

______________________________	 Running Epoch 3 of 10 	______________________________
[Training] Itteration/Batch:   0/126: Loss: 1.14 | Accuracy: 0.89
[Training] Itteration/Batch:  25/126: Loss: 1.18 | Accuracy: 0.87
[Training] Itteration/Batch:  50/126: Loss: 1.17 | Accuracy: 0.73
[Training] Itteration/Batch:  75/126: Loss: 1.53 | Accuracy: 0.65
[Training] Itteration/Batch: 100/126: Loss: 1.07 | Accuracy: 0.86
[Training] Itteration/Batch: 125/126: Loss: 0.81 | Accuracy: 0.88

Epoch 3: Val Bin. F1 Majority 0.6429980397224426 | Val Macro F1 Majority 0.7282961301815774 |             Val Bin F1 Individual 0.6458625793457031 | Val Macro F1 Individual 0.7283973938563019 |             Val Accuracy Majority 0.7550744414329529 | Val Accuracy Individual 0.7534781694412231 | Training Loss:1.0516761541366577 |             Val Loss 1.517619252204895 | Train Runtime Millis 13028.019621999989 | Val Runtime Millis 5361.333824999974

______________________________	 Running Epoch 4 of 10 	______________________________
[Training] Itteration/Batch:   0/126: Loss: 0.73 | Accuracy: 0.89
[Training] Itteration/Batch:  25/126: Loss: 0.84 | Accuracy: 0.89
[Training] Itteration/Batch:  50/126: Loss: 0.83 | Accuracy: 0.81
[Training] Itteration/Batch:  75/126: Loss: 0.68 | Accuracy: 0.89
[Training] Itteration/Batch: 100/126: Loss: 0.71 | Accuracy: 0.92
[Training] Itteration/Batch: 125/126: Loss: 0.48 | Accuracy: 0.94

Epoch 4: Val Bin. F1 Majority 0.5487945079803467 | Val Macro F1 Majority 0.6801526402299515 |             Val Bin F1 Individual 0.6251497268676758 | Val Macro F1 Individual 0.730047165293249 |             Val Accuracy Majority 0.7341001629829407 | Val Accuracy Individual 0.7708079218864441 | Training Loss:0.8561463952064514 |             Val Loss 1.4979323148727417 | Train Runtime Millis 13015.018703999998 | Val Runtime Millis 5362.121065999986

______________________________	 Running Epoch 5 of 10 	______________________________
[Training] Itteration/Batch:   0/126: Loss: 0.84 | Accuracy: 0.90
[Training] Itteration/Batch:  25/126: Loss: 0.85 | Accuracy: 0.84
[Training] Itteration/Batch:  50/126: Loss: 0.93 | Accuracy: 0.76
[Training] Itteration/Batch:  75/126: Loss: 0.61 | Accuracy: 0.95
[Training] Itteration/Batch: 100/126: Loss: 0.78 | Accuracy: 0.83
[Training] Itteration/Batch: 125/126: Loss: 0.90 | Accuracy: 0.82

Epoch 5: Val Bin. F1 Majority 0.5913978219032288 | Val Macro F1 Majority 0.7019180757677079 |             Val Bin F1 Individual 0.6523216366767883 | Val Macro F1 Individual 0.7431130245995137 |             Val Accuracy Majority 0.742895781993866 | Val Accuracy Individual 0.7752013802528381 | Training Loss:0.7410861849784851 |             Val Loss 1.4791944026947021 | Train Runtime Millis 13006.289923000055 | Val Runtime Millis 5472.759753999981

______________________________	 Running Epoch 6 of 10 	______________________________
[Training] Itteration/Batch:   0/126: Loss: 0.42 | Accuracy: 0.94
[Training] Itteration/Batch:  25/126: Loss: 1.12 | Accuracy: 0.79
[Training] Itteration/Batch:  50/126: Loss: 0.72 | Accuracy: 0.91
[Training] Itteration/Batch:  75/126: Loss: 0.87 | Accuracy: 0.80
[Training] Itteration/Batch: 100/126: Loss: 0.74 | Accuracy: 0.89
[Training] Itteration/Batch: 125/126: Loss: 0.45 | Accuracy: 1.00

Epoch 6: Val Bin. F1 Majority 0.5879828333854675 | Val Macro F1 Majority 0.6991297562299615 |             Val Bin F1 Individual 0.6572595834732056 | Val Macro F1 Individual 0.7447359434293856 |             Val Accuracy Majority 0.7401894330978394 | Val Accuracy Individual 0.7747132182121277 | Training Loss:0.6382147669792175 |             Val Loss 1.489582896232605 | Train Runtime Millis 13010.99930700002 | Val Runtime Millis 5365.879019999966

______________________________	 Running Epoch 7 of 10 	______________________________
[Training] Itteration/Batch:   0/126: Loss: 0.82 | Accuracy: 0.84
[Training] Itteration/Batch:  25/126: Loss: 0.40 | Accuracy: 0.96
[Training] Itteration/Batch:  50/126: Loss: 0.49 | Accuracy: 0.91
[Training] Itteration/Batch:  75/126: Loss: 0.33 | Accuracy: 1.00
[Training] Itteration/Batch: 100/126: Loss: 0.26 | Accuracy: 1.00
[Training] Itteration/Batch: 125/126: Loss: 1.04 | Accuracy: 0.87

Epoch 7: Val Bin. F1 Majority 0.625891923904419 | Val Macro F1 Majority 0.720034581091369 |             Val Bin F1 Individual 0.6673669219017029 | Val Macro F1 Individual 0.7446988349479919 |             Val Accuracy Majority 0.751691460609436 | Val Accuracy Individual 0.7681230306625366 | Training Loss:0.5703893303871155 |             Val Loss 1.4968130588531494 | Train Runtime Millis 13016.295379999974 | Val Runtime Millis 5374.81513900002

______________________________	 Running Epoch 1 of 10 	______________________________
[Training] Itteration/Batch:   0/143: Loss: 1.43 | Accuracy: 0.42
[Training] Itteration/Batch:  25/143: Loss: 1.09 | Accuracy: 0.63
[Training] Itteration/Batch:  50/143: Loss: 1.61 | Accuracy: 0.53
[Training] Itteration/Batch:  75/143: Loss: 1.74 | Accuracy: 0.66
[Training] Itteration/Batch: 100/143: Loss: 0.93 | Accuracy: 0.76
[Training] Itteration/Batch: 125/143: Loss: 1.54 | Accuracy: 0.68

Epoch 1: Val Bin. F1 Majority 0.562841534614563 | Val Macro F1 Majority 0.6522496132512191 |             Val Bin F1 Individual 0.5395317077636719 | Val Macro F1 Individual 0.6404538757875378 |             Val Accuracy Majority 0.6752368211746216 | Val Accuracy Individual 0.6687820553779602 | Training Loss:1.4735171794891357 |             Val Loss 1.802405595779419 | Train Runtime Millis 14821.896426999956 | Val Runtime Millis 5373.141032000035

______________________________	 Running Epoch 2 of 10 	______________________________
[Training] Itteration/Batch:   0/143: Loss: 1.09 | Accuracy: 0.68
[Training] Itteration/Batch:  25/143: Loss: 0.97 | Accuracy: 0.79
[Training] Itteration/Batch:  50/143: Loss: 1.20 | Accuracy: 0.79
[Training] Itteration/Batch:  75/143: Loss: 1.05 | Accuracy: 0.76
[Training] Itteration/Batch: 100/143: Loss: 1.06 | Accuracy: 0.79
[Training] Itteration/Batch: 125/143: Loss: 0.93 | Accuracy: 0.94

Epoch 2: Val Bin. F1 Majority 0.5443925261497498 | Val Macro F1 Majority 0.6793391188251001 |             Val Bin F1 Individual 0.5807531476020813 | Val Macro F1 Individual 0.7040567895752172 |             Val Accuracy Majority 0.736129879951477 | Val Accuracy Individual 0.7554308176040649 | Training Loss:1.274348497390747 |             Val Loss 1.6102051734924316 | Train Runtime Millis 14866.372778000026 | Val Runtime Millis 5374.911873999963

______________________________	 Running Epoch 3 of 10 	______________________________
[Training] Itteration/Batch:   0/143: Loss: 0.82 | Accuracy: 0.92
[Training] Itteration/Batch:  25/143: Loss: 0.98 | Accuracy: 0.79
[Training] Itteration/Batch:  50/143: Loss: 1.17 | Accuracy: 0.84
[Training] Itteration/Batch:  75/143: Loss: 0.76 | Accuracy: 0.80
[Training] Itteration/Batch: 100/143: Loss: 0.75 | Accuracy: 0.87
[Training] Itteration/Batch: 125/143: Loss: 0.93 | Accuracy: 0.86

Epoch 3: Val Bin. F1 Majority 0.6632739901542664 | Val Macro F1 Majority 0.719931859501509 |             Val Bin F1 Individual 0.6492559909820557 | Val Macro F1 Individual 0.7067949034986258 |             Val Accuracy Majority 0.7313937544822693 | Val Accuracy Individual 0.7180864214897156 | Training Loss:1.0711838006973267 |             Val Loss 1.5802605152130127 | Train Runtime Millis 14788.093989000005 | Val Runtime Millis 5375.67888600006

______________________________	 Running Epoch 4 of 10 	______________________________
[Training] Itteration/Batch:   0/143: Loss: 0.82 | Accuracy: 0.88
[Training] Itteration/Batch:  25/143: Loss: 1.09 | Accuracy: 0.81
[Training] Itteration/Batch:  50/143: Loss: 0.95 | Accuracy: 0.77
[Training] Itteration/Batch:  75/143: Loss: 1.51 | Accuracy: 0.72
[Training] Itteration/Batch: 100/143: Loss: 0.83 | Accuracy: 0.86
[Training] Itteration/Batch: 125/143: Loss: 1.19 | Accuracy: 0.71

Epoch 4: Val Bin. F1 Majority 0.6356107592582703 | Val Macro F1 Majority 0.729363171967498 |             Val Bin F1 Individual 0.6510778069496155 | Val Macro F1 Individual 0.73803662058078 |             Val Accuracy Majority 0.7618403434753418 | Val Accuracy Individual 0.7669026255607605 | Training Loss:0.9042787551879883 |             Val Loss 1.472662329673767 | Train Runtime Millis 14774.444220999954 | Val Runtime Millis 5378.114914999969

______________________________	 Running Epoch 5 of 10 	______________________________
[Training] Itteration/Batch:   0/143: Loss: 0.64 | Accuracy: 0.97
[Training] Itteration/Batch:  25/143: Loss: 0.75 | Accuracy: 0.89
[Training] Itteration/Batch:  50/143: Loss: 0.52 | Accuracy: 0.97
[Training] Itteration/Batch:  75/143: Loss: 0.54 | Accuracy: 0.94
[Training] Itteration/Batch: 100/143: Loss: 0.73 | Accuracy: 0.97
[Training] Itteration/Batch: 125/143: Loss: 1.01 | Accuracy: 0.81

Epoch 5: Val Bin. F1 Majority 0.6171548366546631 | Val Macro F1 Majority 0.7170774058577406 |             Val Bin F1 Individual 0.63670414686203 | Val Macro F1 Individual 0.7305533633284246 |             Val Accuracy Majority 0.7523680925369263 | Val Accuracy Individual 0.7632414102554321 | Training Loss:0.7622988224029541 |             Val Loss 1.5102221965789795 | Train Runtime Millis 14787.350398000171 | Val Runtime Millis 5377.304461999984

______________________________	 Running Epoch 6 of 10 	______________________________
[Training] Itteration/Batch:   0/143: Loss: 0.82 | Accuracy: 0.90
[Training] Itteration/Batch:  25/143: Loss: 0.80 | Accuracy: 0.82
[Training] Itteration/Batch:  50/143: Loss: 0.54 | Accuracy: 1.00
[Training] Itteration/Batch:  75/143: Loss: 0.32 | Accuracy: 1.00
[Training] Itteration/Batch: 100/143: Loss: 0.75 | Accuracy: 0.86
[Training] Itteration/Batch: 125/143: Loss: 0.60 | Accuracy: 0.97

Epoch 6: Val Bin. F1 Majority 0.6280487775802612 | Val Macro F1 Majority 0.7212252016029288 |             Val Bin F1 Individual 0.6477354168891907 | Val Macro F1 Individual 0.7333281793049288 |             Val Accuracy Majority 0.7523680925369263 | Val Accuracy Individual 0.7608006000518799 | Training Loss:0.6609949469566345 |             Val Loss 1.5053967237472534 | Train Runtime Millis 14778.316773999904 | Val Runtime Millis 5376.907486000164

______________________________	 Running Epoch 1 of 10 	______________________________
[Training] Itteration/Batch:   0/158: Loss: 1.57 | Accuracy: 0.40
[Training] Itteration/Batch:  25/158: Loss: 1.31 | Accuracy: 0.62
[Training] Itteration/Batch:  50/158: Loss: 1.52 | Accuracy: 0.61
[Training] Itteration/Batch:  75/158: Loss: 1.25 | Accuracy: 0.65
[Training] Itteration/Batch: 100/158: Loss: 1.47 | Accuracy: 0.64
[Training] Itteration/Batch: 125/158: Loss: 1.51 | Accuracy: 0.61
[Training] Itteration/Batch: 150/158: Loss: 1.30 | Accuracy: 0.83

Epoch 1: Val Bin. F1 Majority 0.24806201457977295 | Val Macro F1 Majority 0.5190980782841752 |             Val Bin F1 Individual 0.48681896924972534 | Val Macro F1 Individual 0.6447275031760955 |             Val Accuracy Majority 0.6718538403511047 | Val Accuracy Individual 0.7149133682250977 | Training Loss:1.482161045074463 |             Val Loss 1.7980221509933472 | Train Runtime Millis 16356.848485 | Val Runtime Millis 5360.533040000064

______________________________	 Running Epoch 2 of 10 	______________________________
[Training] Itteration/Batch:   0/158: Loss: 1.63 | Accuracy: 0.66
[Training] Itteration/Batch:  25/158: Loss: 1.11 | Accuracy: 0.79
[Training] Itteration/Batch:  50/158: Loss: 0.99 | Accuracy: 0.83
[Training] Itteration/Batch:  75/158: Loss: 1.12 | Accuracy: 0.75
[Training] Itteration/Batch: 100/158: Loss: 1.14 | Accuracy: 0.77
[Training] Itteration/Batch: 125/158: Loss: 1.12 | Accuracy: 0.83
[Training] Itteration/Batch: 150/158: Loss: 0.86 | Accuracy: 0.80

Epoch 2: Val Bin. F1 Majority 0.6169772148132324 | Val Macro F1 Majority 0.7155237887158359 |             Val Bin F1 Individual 0.6229876279830933 | Val Macro F1 Individual 0.7203296001954456 |             Val Accuracy Majority 0.7496616840362549 | Val Accuracy Individual 0.7542104125022888 | Training Loss:1.2464649677276611 |             Val Loss 1.57890784740448 | Train Runtime Millis 16308.225844999924 | Val Runtime Millis 5374.888154000018

______________________________	 Running Epoch 3 of 10 	______________________________
[Training] Itteration/Batch:   0/158: Loss: 1.01 | Accuracy: 0.82
[Training] Itteration/Batch:  25/158: Loss: 0.87 | Accuracy: 0.92
[Training] Itteration/Batch:  50/158: Loss: 0.75 | Accuracy: 0.87
[Training] Itteration/Batch:  75/158: Loss: 1.32 | Accuracy: 0.81
[Training] Itteration/Batch: 100/158: Loss: 0.82 | Accuracy: 0.79
[Training] Itteration/Batch: 125/158: Loss: 1.05 | Accuracy: 0.76
[Training] Itteration/Batch: 150/158: Loss: 1.27 | Accuracy: 0.81

Epoch 3: Val Bin. F1 Majority 0.6610455513000488 | Val Macro F1 Majority 0.7169634435647527 |             Val Bin F1 Individual 0.6487667560577393 | Val Macro F1 Individual 0.7116805254140562 |             Val Accuracy Majority 0.7280108332633972 | Val Accuracy Individual 0.7254088521003723 | Training Loss:0.9787738919258118 |             Val Loss 1.5399335622787476 | Train Runtime Millis 16298.80915900003 | Val Runtime Millis 5368.022459000031

______________________________	 Running Epoch 4 of 10 	______________________________
[Training] Itteration/Batch:   0/158: Loss: 1.12 | Accuracy: 0.74
[Training] Itteration/Batch:  25/158: Loss: 0.90 | Accuracy: 0.86
[Training] Itteration/Batch:  50/158: Loss: 0.73 | Accuracy: 0.94
[Training] Itteration/Batch:  75/158: Loss: 0.89 | Accuracy: 0.83
[Training] Itteration/Batch: 100/158: Loss: 0.45 | Accuracy: 0.97
[Training] Itteration/Batch: 125/158: Loss: 0.71 | Accuracy: 0.92
[Training] Itteration/Batch: 150/158: Loss: 1.23 | Accuracy: 0.76

Epoch 4: Val Bin. F1 Majority 0.6247689723968506 | Val Macro F1 Majority 0.7040600334966078 |             Val Bin F1 Individual 0.6684438586235046 | Val Macro F1 Individual 0.7384198848153383 |             Val Accuracy Majority 0.7253044843673706 | Val Accuracy Individual 0.7571393847465515 | Training Loss:0.8066989779472351 |             Val Loss 1.4972939491271973 | Train Runtime Millis 16419.192372999987 | Val Runtime Millis 5373.428029000024

______________________________	 Running Epoch 5 of 10 	______________________________
[Training] Itteration/Batch:   0/158: Loss: 0.60 | Accuracy: 0.91
[Training] Itteration/Batch:  25/158: Loss: 0.93 | Accuracy: 0.86
[Training] Itteration/Batch:  50/158: Loss: 0.44 | Accuracy: 0.97
[Training] Itteration/Batch:  75/158: Loss: 0.35 | Accuracy: 0.92
[Training] Itteration/Batch: 100/158: Loss: 1.06 | Accuracy: 0.75
[Training] Itteration/Batch: 125/158: Loss: 0.44 | Accuracy: 0.90
[Training] Itteration/Batch: 150/158: Loss: 0.49 | Accuracy: 0.94

Epoch 5: Val Bin. F1 Majority 0.5967212915420532 | Val Macro F1 Majority 0.7079637914554904 |             Val Bin F1 Individual 0.6429391503334045 | Val Macro F1 Individual 0.7378824044429899 |             Val Accuracy Majority 0.7503383159637451 | Val Accuracy Individual 0.7722724080085754 | Training Loss:0.6835083961486816 |             Val Loss 1.539779543876648 | Train Runtime Millis 16298.327031000099 | Val Runtime Millis 5374.65857899997

______________________________	 Running Epoch 6 of 10 	______________________________
[Training] Itteration/Batch:   0/158: Loss: 0.40 | Accuracy: 0.97
[Training] Itteration/Batch:  25/158: Loss: 0.95 | Accuracy: 0.79
[Training] Itteration/Batch:  50/158: Loss: 0.67 | Accuracy: 0.88
[Training] Itteration/Batch:  75/158: Loss: 0.88 | Accuracy: 0.86
[Training] Itteration/Batch: 100/158: Loss: 0.47 | Accuracy: 0.93
[Training] Itteration/Batch: 125/158: Loss: 0.37 | Accuracy: 0.94
[Training] Itteration/Batch: 150/158: Loss: 0.69 | Accuracy: 0.90

Epoch 6: Val Bin. F1 Majority 0.5661252737045288 | Val Macro F1 Majority 0.6937598751930719 |             Val Bin F1 Individual 0.647504985332489 | Val Macro F1 Individual 0.7461465888753342 |             Val Accuracy Majority 0.7469553351402283 | Val Accuracy Individual 0.7844764590263367 | Training Loss:0.5854331851005554 |             Val Loss 1.5176283121109009 | Train Runtime Millis 16313.856228999839 | Val Runtime Millis 5372.097487000019

