Device cuda
Split type sit
Training Size: 21065, NTA labels 14004, YTA labels 7061
Validation Size: 7051, NTA labels 4742, YTA labels 2309
Test Size: 6988, NTA labels 4684, YTA labels 2304
Training with SBERT, model name is sbert
Tokenizing the dataset
Number of training steps 6590
Epoch 0 **** Loss 0.19429901242256165 **** Metrics validation: {'accuracy': 0.755353850517657, 'f1_weighted': 0.7622254716421168, 'macro': 0.7418617028287053, 'micro': 0.755353850517657, 'binary': 0.68284611141754, 'accuracy_majority': 0.7732293697205977, 'macro_majority': 0.7637677978692476, 'binary_majority': 0.7164906580016247, 'run_time_millis': 6304.825623054057, 'loss_mean': 0.23459550738334656}
Epoch 1 **** Loss 0.20108069479465485 **** Metrics validation: {'accuracy': 0.7699617075592115, 'f1_weighted': 0.7764264378988451, 'macro': 0.7572917798497834, 'micro': 0.7699617075592115, 'binary': 0.7018382352941177, 'accuracy_majority': 0.792722547108512, 'macro_majority': 0.7820868996294144, 'binary_majority': 0.7339449541284403, 'run_time_millis': 4819.263333920389, 'loss_mean': 0.2324053794145584}
Epoch 2 **** Loss 0.16970784962177277 **** Metrics validation: {'accuracy': 0.8014466033186782, 'f1_weighted': 0.8019208473609701, 'macro': 0.7756973074769685, 'micro': 0.8014466033186782, 'binary': 0.6996996996996997, 'accuracy_majority': 0.8278102664067576, 'macro_majority': 0.806755124600975, 'binary_majority': 0.7429679922405431, 'run_time_millis': 5849.744773935527, 'loss_mean': 0.22251491248607635}
Epoch 3 **** Loss 0.1578071415424347 **** Metrics validation: {'accuracy': 0.8048503758332152, 'f1_weighted': 0.8046091276416272, 'macro': 0.7779292708173684, 'micro': 0.8048503758332152, 'binary': 0.700609225413403, 'accuracy_majority': 0.8323586744639376, 'macro_majority': 0.8100901476569644, 'binary_majority': 0.7450592885375494, 'run_time_millis': 6311.732718721032, 'loss_mean': 0.23183384537696838}
Epoch 4 **** Loss 0.16948580741882324 **** Metrics validation: {'accuracy': 0.7953481775634662, 'f1_weighted': 0.7980766000603267, 'macro': 0.7742835823726506, 'micro': 0.7953481775634662, 'binary': 0.7053297937512762, 'accuracy_majority': 0.8284600389863548, 'macro_majority': 0.8097181008902077, 'binary_majority': 0.7499999999999999, 'run_time_millis': 5276.854880154133, 'loss_mean': 0.269870400428772}
Epoch 5 **** Loss 0.3049202263355255 **** Metrics validation: {'accuracy': 0.791093461920295, 'f1_weighted': 0.7946234599894721, 'macro': 0.7715980302245722, 'micro': 0.791093461920295, 'binary': 0.7048687637747947, 'accuracy_majority': 0.8122157244964262, 'macro_majority': 0.7955001583965579, 'binary_majority': 0.7370336669699726, 'run_time_millis': 6312.59025586769, 'loss_mean': 0.2873023450374603}
Epoch 6 **** Loss 0.12765730917453766 **** Metrics validation: {'accuracy': 0.7813076159410013, 'f1_weighted': 0.7861893219122155, 'macro': 0.7644362255240031, 'micro': 0.7813076159410014, 'binary': 0.7013942680092953, 'accuracy_majority': 0.801819363222872, 'macro_majority': 0.7868379428870369, 'binary_majority': 0.7303271441202476, 'run_time_millis': 5191.649724729359, 'loss_mean': 0.30494433641433716}
Epoch 7 **** Loss 0.14577323198318481 **** Metrics validation: {'accuracy': 0.7881151609700752, 'f1_weighted': 0.7915812536757985, 'macro': 0.76802537782936, 'micro': 0.7881151609700752, 'binary': 0.6997588424437299, 'accuracy_majority': 0.8057179987004548, 'macro_majority': 0.7877306986705981, 'binary_majority': 0.7259395050412466, 'run_time_millis': 6324.172768741846, 'loss_mean': 0.3860214650630951}
Epoch 8 **** Loss 0.13143616914749146 **** Metrics validation: {'accuracy': 0.7940717628705148, 'f1_weighted': 0.7965546844039852, 'macro': 0.772196022746995, 'micro': 0.7940717628705148, 'binary': 0.7016029593094945, 'accuracy_majority': 0.8128654970760234, 'macro_majority': 0.793162150659668, 'binary_majority': 0.7293233082706766, 'run_time_millis': 4265.679510310292, 'loss_mean': 0.4250478744506836}
Epoch 9 **** Loss 0.059076521545648575 **** Metrics validation: {'accuracy': 0.7936462913061977, 'f1_weighted': 0.7960385209545833, 'macro': 0.7714803153236883, 'micro': 0.7936462913061977, 'binary': 0.7003089598352213, 'accuracy_majority': 0.8167641325536062, 'macro_majority': 0.798355802361757, 'binary_majority': 0.7374301675977654, 'run_time_millis': 6305.523606017232, 'loss_mean': 0.48501232266426086}
Evaluating
{'accuracy': 0.8048503758332152, 'f1_weighted': 0.8046091276416272, 'macro': 0.7779292708173684, 'micro': 0.8048503758332152, 'binary': 0.700609225413403, 'accuracy_majority': 0.8323586744639376, 'macro_majority': 0.8100901476569644, 'binary_majority': 0.7450592885375494, 'run_time_millis': 6305.609086062759, 'loss_mean': 0.23183384537696838}
