Device cuda
Split type sit
Training Size: 4596, NTA labels 3894, YTA labels 702
Validation Size: 1481, NTA labels 1253, YTA labels 228
Test Size: 1528, NTA labels 1275, YTA labels 253
Training with SBERT, model name is sbert
Tokenizing the dataset
Number of training steps 1440
Epoch 0 **** Loss 0.046129755675792694 **** Metrics validation: {'accuracy': 0.9135719108710331, 'f1_weighted': 0.917758007697238, 'macro': 0.8507150507150507, 'micro': 0.9135719108710331, 'binary': 0.7538461538461538, 'accuracy_majority': 0.92018779342723, 'macro_majority': 0.8696007074348684, 'binary_majority': 0.7883817427385892, 'run_time_millis': 2100.3832259884803, 'loss_mean': 0.07927525043487549}
Epoch 1 **** Loss 0.19887205958366394 **** Metrics validation: {'accuracy': 0.9216745442268738, 'f1_weighted': 0.9247470921927651, 'macro': 0.8617598588919931, 'micro': 0.9216745442268738, 'binary': 0.7707509881422925, 'accuracy_majority': 0.9217527386541471, 'macro_majority': 0.8717485549132948, 'binary_majority': 0.7916666666666666, 'run_time_millis': 1639.376323990291, 'loss_mean': 0.08621720969676971}
Epoch 2 **** Loss 0.07052690535783768 **** Metrics validation: {'accuracy': 0.9209993247805537, 'f1_weighted': 0.9243644483436486, 'macro': 0.8616507819405155, 'micro': 0.9209993247805537, 'binary': 0.7710371819960861, 'accuracy_majority': 0.9311424100156495, 'macro_majority': 0.8871387283236994, 'binary_majority': 0.8166666666666667, 'run_time_millis': 3140.3298170043854, 'loss_mean': 0.06745002418756485}
Epoch 3 **** Loss 0.01086266990751028 **** Metrics validation: {'accuracy': 0.9196488858879136, 'f1_weighted': 0.9225228487564415, 'macro': 0.8570603611955285, 'micro': 0.9196488858879136, 'binary': 0.7624750499001997, 'accuracy_majority': 0.92018779342723, 'macro_majority': 0.8679093860577098, 'binary_majority': 0.7848101265822786, 'run_time_millis': 2624.4189719873248, 'loss_mean': 0.10113754868507385}
Epoch 4 **** Loss 0.058704834431409836 **** Metrics validation: {'accuracy': 0.9365293720459149, 'f1_weighted': 0.9383889292014375, 'macro': 0.8854432046344756, 'micro': 0.9365293720459148, 'binary': 0.8089430894308943, 'accuracy_majority': 0.9389671361502347, 'macro_majority': 0.8976487257941967, 'binary_majority': 0.832618025751073, 'run_time_millis': 3163.25908699946, 'loss_mean': 0.11916089802980423}
Epoch 5 **** Loss 0.0017214191611856222 **** Metrics validation: {'accuracy': 0.9324780553679946, 'f1_weighted': 0.9336249748288268, 'macro': 0.8748453524611775, 'micro': 0.9324780553679947, 'binary': 0.7899159663865545, 'accuracy_majority': 0.9358372456964006, 'macro_majority': 0.8894207027540361, 'binary_majority': 0.8177777777777777, 'run_time_millis': 3153.4330009890255, 'loss_mean': 0.17312724888324738}
Epoch 6 **** Loss 0.004027348477393389 **** Metrics validation: {'accuracy': 0.9338284942606347, 'f1_weighted': 0.9335884262868456, 'macro': 0.8720710080033847, 'micro': 0.9338284942606347, 'binary': 0.7831858407079645, 'accuracy_majority': 0.9389671361502347, 'macro_majority': 0.8933162669041126, 'binary_majority': 0.8235294117647058, 'run_time_millis': 3121.903163002571, 'loss_mean': 0.21280187368392944}
Epoch 7 **** Loss 0.0006100459140725434 **** Metrics validation: {'accuracy': 0.9365293720459149, 'f1_weighted': 0.935943951919188, 'macro': 0.8759383889296841, 'micro': 0.9365293720459148, 'binary': 0.7892376681614349, 'accuracy_majority': 0.9420970266040689, 'macro_majority': 0.8973101630059461, 'binary_majority': 0.8294930875576038, 'run_time_millis': 1334.9141319922637, 'loss_mean': 0.23407740890979767}
Epoch 8 **** Loss 0.00010228950122836977 **** Metrics validation: {'accuracy': 0.9324780553679946, 'f1_weighted': 0.9334055571327989, 'macro': 0.873987475325029, 'micro': 0.9324780553679947, 'binary': 0.7881355932203389, 'accuracy_majority': 0.9405320813771518, 'macro_majority': 0.8971520059636757, 'binary_majority': 0.8303571428571428, 'run_time_millis': 3162.1631299931323, 'loss_mean': 0.206557497382164}
Epoch 9 **** Loss 0.0016379669541493058 **** Metrics validation: {'accuracy': 0.9345037137069547, 'f1_weighted': 0.9356687109863988, 'macro': 0.8788057485373457, 'micro': 0.9345037137069547, 'binary': 0.7966457023060797, 'accuracy_majority': 0.9436619718309859, 'macro_majority': 0.9025650582813771, 'binary_majority': 0.8392857142857143, 'run_time_millis': 1293.8291930040577, 'loss_mean': 0.20981429517269135}
Evaluating
{'accuracy': 0.9365293720459149, 'f1_weighted': 0.9383889292014375, 'macro': 0.8854432046344756, 'micro': 0.9365293720459148, 'binary': 0.8089430894308943, 'accuracy_majority': 0.9389671361502347, 'macro_majority': 0.8976487257941967, 'binary_majority': 0.832618025751073, 'run_time_millis': 2881.3854489999358, 'loss_mean': 0.11916089802980423}
