Device cuda
DATASET: GE'sadness, MODEL: sbertbase, 
Split type sit
DATASET: GE'sadness, MODEL: sbertbase, PERCENTAGE: False, NUM_COMMENTS_PER_ANNO: 72
Training Size: 17614, NTA labels 17095, YTA labels 519
Validation Size: 5843, NTA labels 5634, YTA labels 209
Test Size: 5439, NTA labels 5274, YTA labels 165
Training with SBERT, model name is sbert
Tokenizing the dataset
Number of training steps 5510
Epoch 0 **** Loss 0.017504574730992317 **** Metrics validation: {'accuracy': 0.8208112271093616, 'f1_weighted': 0.875014474981712, 'macro': 0.5728021217365922, 'micro': 0.8208112271093616, 'binary': 0.24730409777138748, 'accuracy_majority': 0.827299703264095, 'macro_majority': 0.5694317484319144, 'binary_majority': 0.23622047244094488, 'run_time_millis': 4133.678865007823, 'loss_mean': 0.0376434326171875}
Epoch 1 **** Loss 0.12888103723526 **** Metrics validation: {'accuracy': 0.8901249358206401, 'f1_weighted': 0.9183264999284101, 'macro': 0.6350052308827583, 'micro': 0.8901249358206401, 'binary': 0.32985386221294366, 'accuracy_majority': 0.8985163204747775, 'macro_majority': 0.64240104548687, 'binary_majority': 0.33976833976833976, 'run_time_millis': 4145.948324003257, 'loss_mean': 0.03594617918133736}
Epoch 2 **** Loss 0.005082482006400824 **** Metrics validation: {'accuracy': 0.8997090535683724, 'f1_weighted': 0.9239358380920718, 'macro': 0.6406808681759758, 'micro': 0.8997090535683724, 'binary': 0.3356009070294785, 'accuracy_majority': 0.9086053412462908, 'macro_majority': 0.6518856584779505, 'binary_majority': 0.3529411764705882, 'run_time_millis': 4142.697495000903, 'loss_mean': 0.04379512742161751}
Epoch 3 **** Loss 0.034136902540922165 **** Metrics validation: {'accuracy': 0.9072394317987336, 'f1_weighted': 0.928162995459557, 'macro': 0.6429611541028555, 'micro': 0.9072394317987336, 'binary': 0.33578431372549017, 'accuracy_majority': 0.9181008902077151, 'macro_majority': 0.6672705106631409, 'binary_majority': 0.3783783783783784, 'run_time_millis': 4143.092869999236, 'loss_mean': 0.05179988965392113}
Epoch 4 **** Loss 0.021741287782788277 **** Metrics validation: {'accuracy': 0.9163101146671231, 'f1_weighted': 0.9335359335814658, 'macro': 0.6512094453327976, 'micro': 0.9163101146671231, 'binary': 0.34712950600801074, 'accuracy_majority': 0.9270029673590504, 'macro_majority': 0.6776253264499511, 'binary_majority': 0.3940886699507389, 'run_time_millis': 4134.120510003413, 'loss_mean': 0.06452492624521255}
Epoch 5 **** Loss 0.023111607879400253 **** Metrics validation: {'accuracy': 0.9074105767585144, 'f1_weighted': 0.9281212252276567, 'macro': 0.640767598769611, 'micro': 0.9074105767585144, 'binary': 0.3312731767614338, 'accuracy_majority': 0.9198813056379822, 'macro_majority': 0.6675319094827397, 'binary_majority': 0.3778801843317972, 'run_time_millis': 4138.922177997301, 'loss_mean': 0.06840496510267258}
Epoch 6 **** Loss 0.009263263083994389 **** Metrics validation: {'accuracy': 0.9281191168920075, 'f1_weighted': 0.9404459284095795, 'macro': 0.6618086263977959, 'micro': 0.9281191168920075, 'binary': 0.3617021276595745, 'accuracy_majority': 0.9412462908011869, 'macro_majority': 0.7048363209775621, 'binary_majority': 0.44067796610169496, 'run_time_millis': 4123.411578999367, 'loss_mean': 0.08512277901172638}
Epoch 7 **** Loss 0.009667783044278622 **** Metrics validation: {'accuracy': 0.9260653773746363, 'f1_weighted': 0.9394286508341751, 'macro': 0.6627272824448698, 'micro': 0.9260653773746363, 'binary': 0.3647058823529412, 'accuracy_majority': 0.9370919881305638, 'macro_majority': 0.6953212423919867, 'binary_majority': 0.42391304347826086, 'run_time_millis': 4132.446418996551, 'loss_mean': 0.0814165323972702}
Epoch 8 **** Loss 0.16748706996440887 **** Metrics validation: {'accuracy': 0.937360944720178, 'f1_weighted': 0.9458658966443259, 'macro': 0.6712268240937183, 'micro': 0.937360944720178, 'binary': 0.37542662116040953, 'accuracy_majority': 0.9495548961424333, 'macro_majority': 0.7160718498298116, 'binary_majority': 0.4585987261146497, 'run_time_millis': 4141.106745999423, 'loss_mean': 0.10237079858779907}
Epoch 9 **** Loss 0.006227678619325161 **** Metrics validation: {'accuracy': 0.9363340749614923, 'f1_weighted': 0.9451911118175531, 'macro': 0.6690449914489935, 'micro': 0.9363340749614923, 'binary': 0.3716216216216216, 'accuracy_majority': 0.9483679525222551, 'macro_majority': 0.7128679127762467, 'binary_majority': 0.4528301886792453, 'run_time_millis': 4138.148359008483, 'loss_mean': 0.10033152997493744}
Evaluating
{'accuracy': 0.937360944720178, 'f1_weighted': 0.9458658966443259, 'macro': 0.6712268240937183, 'micro': 0.937360944720178, 'binary': 0.37542662116040953, 'accuracy_majority': 0.9495548961424333, 'macro_majority': 0.7160718498298116, 'binary_majority': 0.4585987261146497, 'run_time_millis': 4132.6625919900835, 'loss_mean': 0.10237079858779907}
Device cuda
DATASET: GE'sadness, MODEL: sbertbase, 
Split type sit
DATASET: GE'sadness, MODEL: sbertbase, PERCENTAGE: False, NUM_COMMENTS_PER_ANNO: 72
Training Size: 17614, NTA labels 17095, YTA labels 519
Validation Size: 5843, NTA labels 5634, YTA labels 209
Test Size: 5439, NTA labels 5274, YTA labels 165
Training with SBERT, model name is sbert
Tokenizing the dataset
Number of training steps 5510
Epoch 0 **** Loss 0.02761230245232582 **** Metrics validation: {'accuracy': 0.8974841690912203, 'f1_weighted': 0.9226235225434155, 'macro': 0.6390871556449577, 'micro': 0.8974841690912203, 'binary': 0.33370411568409347, 'accuracy_majority': 0.9032640949554896, 'macro_majority': 0.6439437839407504, 'binary_majority': 0.34008097165991896, 'run_time_millis': 4126.906404999318, 'loss_mean': 0.03751000761985779}
Epoch 1 **** Loss 0.02497069723904133 **** Metrics validation: {'accuracy': 0.9183638541844943, 'f1_weighted': 0.9351136526465196, 'macro': 0.6589201673684407, 'micro': 0.9183638541844944, 'binary': 0.3614457831325301, 'accuracy_majority': 0.9275964391691395, 'macro_majority': 0.6817131780065153, 'binary_majority': 0.40196078431372545, 'run_time_millis': 3111.653414001921, 'loss_mean': 0.04070279747247696}
Epoch 2 **** Loss 0.0025827770587056875 **** Metrics validation: {'accuracy': 0.9125449255519424, 'f1_weighted': 0.9315669642262132, 'macro': 0.6519069105462154, 'micro': 0.9125449255519424, 'binary': 0.3506988564167725, 'accuracy_majority': 0.9216617210682493, 'macro_majority': 0.6706762375182118, 'binary_majority': 0.38317757009345793, 'run_time_millis': 3273.833152008592, 'loss_mean': 0.04707179218530655}
Epoch 3 **** Loss 0.02233452908694744 **** Metrics validation: {'accuracy': 0.9039876775628958, 'f1_weighted': 0.9261653863237846, 'macro': 0.6390196344674088, 'micro': 0.9039876775628958, 'binary': 0.3297491039426524, 'accuracy_majority': 0.9157270029673591, 'macro_majority': 0.6632580107635839, 'binary_majority': 0.37168141592920356, 'run_time_millis': 4133.404574007727, 'loss_mean': 0.05292857065796852}
Epoch 4 **** Loss 0.010044792667031288 **** Metrics validation: {'accuracy': 0.9272633920931028, 'f1_weighted': 0.9401406993866933, 'macro': 0.6640166200676085, 'micro': 0.9272633920931028, 'binary': 0.3666169895678092, 'accuracy_majority': 0.9370919881305638, 'macro_majority': 0.6953212423919867, 'binary_majority': 0.42391304347826086, 'run_time_millis': 4138.49884699448, 'loss_mean': 0.06913875788450241}
Epoch 5 **** Loss 0.00020902803225908428 **** Metrics validation: {'accuracy': 0.9288036967311313, 'f1_weighted': 0.9414380016346906, 'macro': 0.6715911350921339, 'micro': 0.9288036967311313, 'binary': 0.380952380952381, 'accuracy_majority': 0.9394658753709199, 'macro_majority': 0.7037827291905084, 'binary_majority': 0.4395604395604396, 'run_time_millis': 4135.645371003193, 'loss_mean': 0.07876566797494888}
Epoch 6 **** Loss 0.014321191236376762 **** Metrics validation: {'accuracy': 0.9337669005647784, 'f1_weighted': 0.9440503421098575, 'macro': 0.6719153646364198, 'micro': 0.9337669005647784, 'binary': 0.3788121990369181, 'accuracy_majority': 0.9448071216617211, 'macro_majority': 0.7070392465147757, 'binary_majority': 0.44311377245508976, 'run_time_millis': 4127.968027998577, 'loss_mean': 0.09072774648666382}
Epoch 7 **** Loss 0.029472704976797104 **** Metrics validation: {'accuracy': 0.9332534656854355, 'f1_weighted': 0.9438438989310406, 'macro': 0.6728387085659155, 'micro': 0.9332534656854355, 'binary': 0.380952380952381, 'accuracy_majority': 0.943026706231454, 'macro_majority': 0.7026470588235294, 'binary_majority': 0.4352941176470589, 'run_time_millis': 4143.7211190059315, 'loss_mean': 0.09037449210882187}
Epoch 8 **** Loss 0.028053194284439087 **** Metrics validation: {'accuracy': 0.9332534656854355, 'f1_weighted': 0.9438438989310406, 'macro': 0.6728387085659155, 'micro': 0.9332534656854355, 'binary': 0.380952380952381, 'accuracy_majority': 0.943026706231454, 'macro_majority': 0.7026470588235294, 'binary_majority': 0.4352941176470589, 'run_time_millis': 4135.989214992151, 'loss_mean': 0.0950101837515831}
Epoch 9 **** Loss 0.00034453440457582474 **** Metrics validation: {'accuracy': 0.9344514804039021, 'f1_weighted': 0.9444985995941205, 'macro': 0.6733263527934494, 'micro': 0.9344514804039021, 'binary': 0.3812600969305331, 'accuracy_majority': 0.9448071216617211, 'macro_majority': 0.7070392465147757, 'binary_majority': 0.44311377245508976, 'run_time_millis': 4126.479130005464, 'loss_mean': 0.1004786565899849}
Evaluating
{'accuracy': 0.9344514804039021, 'f1_weighted': 0.9444985995941205, 'macro': 0.6733263527934494, 'micro': 0.9344514804039021, 'binary': 0.3812600969305331, 'accuracy_majority': 0.9448071216617211, 'macro_majority': 0.7070392465147757, 'binary_majority': 0.44311377245508976, 'run_time_millis': 4138.806200004183, 'loss_mean': 0.1004786565899849}
Device cuda
DATASET: GE'sadness, MODEL: sbertbase, 
Split type sit
DATASET: GE'sadness, MODEL: sbertbase, PERCENTAGE: False, NUM_COMMENTS_PER_ANNO: 72
Training Size: 17614, NTA labels 17095, YTA labels 519
Validation Size: 5843, NTA labels 5634, YTA labels 209
Test Size: 5439, NTA labels 5274, YTA labels 165
Training with SBERT, model name is sbert
Tokenizing the dataset
Number of training steps 5510
Epoch 0 **** Loss 0.01882651448249817 **** Metrics validation: {'accuracy': 0.8966284442923156, 'f1_weighted': 0.9222130245029746, 'macro': 0.6401066268549565, 'micro': 0.8966284442923156, 'binary': 0.3362637362637363, 'accuracy_majority': 0.9032640949554896, 'macro_majority': 0.6465773378679729, 'binary_majority': 0.34538152610441764, 'run_time_millis': 4134.9040680070175, 'loss_mean': 0.03680052608251572}
Epoch 1 **** Loss 0.010478539392352104 **** Metrics validation: {'accuracy': 0.8991956186890296, 'f1_weighted': 0.9237004352335842, 'macro': 0.6414528136747564, 'micro': 0.8991956186890298, 'binary': 0.3374578177727784, 'accuracy_majority': 0.9068249258160237, 'macro_majority': 0.6518507990277169, 'binary_majority': 0.35390946502057613, 'run_time_millis': 4127.170524006942, 'loss_mean': 0.037602007389068604}
Epoch 2 **** Loss 0.034770019352436066 **** Metrics validation: {'accuracy': 0.9276056820126647, 'f1_weighted': 0.9409508713313144, 'macro': 0.6738008637531836, 'micro': 0.9276056820126647, 'binary': 0.386066763425254, 'accuracy_majority': 0.9359050445103858, 'macro_majority': 0.6927176203598638, 'binary_majority': 0.4193548387096774, 'run_time_millis': 4128.489909999189, 'loss_mean': 0.045698948204517365}
Epoch 3 **** Loss 0.010771398432552814 **** Metrics validation: {'accuracy': 0.8908095156597639, 'f1_weighted': 0.9186374917272583, 'macro': 0.6337945291496032, 'micro': 0.8908095156597639, 'binary': 0.3270042194092827, 'accuracy_majority': 0.9002967359050446, 'macro_majority': 0.6449000481695568, 'binary_majority': 0.34375000000000006, 'run_time_millis': 4124.613523003063, 'loss_mean': 0.04981734976172447}
Epoch 4 **** Loss 0.01448158361017704 **** Metrics validation: {'accuracy': 0.9075817217182954, 'f1_weighted': 0.9290441562910884, 'macro': 0.6544363554481565, 'micro': 0.9075817217182954, 'binary': 0.3586698337292161, 'accuracy_majority': 0.9175074183976261, 'macro_majority': 0.6717199678749084, 'binary_majority': 0.3876651982378855, 'run_time_millis': 4131.401304999599, 'loss_mean': 0.05278982222080231}
Epoch 5 **** Loss 0.013338811695575714 **** Metrics validation: {'accuracy': 0.9265788122539791, 'f1_weighted': 0.9401132950381413, 'macro': 0.6691739256503917, 'micro': 0.9265788122539791, 'binary': 0.37735849056603765, 'accuracy_majority': 0.9353115727002967, 'macro_majority': 0.6882939454368027, 'binary_majority': 0.41081081081081083, 'run_time_millis': 4123.992275010096, 'loss_mean': 0.07556141912937164}
Epoch 6 **** Loss 0.01751762256026268 **** Metrics validation: {'accuracy': 0.9233270580181414, 'f1_weighted': 0.9378451798061347, 'macro': 0.6605183815671798, 'micro': 0.9233270580181414, 'binary': 0.36182336182336183, 'accuracy_majority': 0.9341246290801187, 'macro_majority': 0.6889018627465657, 'binary_majority': 0.4126984126984127, 'run_time_millis': 3119.678543996997, 'loss_mean': 0.077671580016613}
Epoch 7 **** Loss 0.020197007805109024 **** Metrics validation: {'accuracy': 0.9291459866506931, 'f1_weighted': 0.9408533501055718, 'macro': 0.6598248246953192, 'micro': 0.9291459866506931, 'binary': 0.35714285714285715, 'accuracy_majority': 0.9412462908011869, 'macro_majority': 0.6983895668084783, 'binary_majority': 0.4277456647398844, 'run_time_millis': 2098.873613998876, 'loss_mean': 0.0924326702952385}
Epoch 8 **** Loss 0.02340043894946575 **** Metrics validation: {'accuracy': 0.9366763648810542, 'f1_weighted': 0.9454857832593941, 'macro': 0.670824319451956, 'micro': 0.9366763648810542, 'binary': 0.375, 'accuracy_majority': 0.9483679525222551, 'macro_majority': 0.7128679127762467, 'binary_majority': 0.4528301886792453, 'run_time_millis': 3924.8890659946483, 'loss_mean': 0.10242381691932678}
Epoch 9 **** Loss 0.003610979299992323 **** Metrics validation: {'accuracy': 0.9332534656854355, 'f1_weighted': 0.9433836670461275, 'macro': 0.665826382289797, 'micro': 0.9332534656854355, 'binary': 0.36688311688311687, 'accuracy_majority': 0.9448071216617211, 'macro_majority': 0.7036732378386046, 'binary_majority': 0.4363636363636364, 'run_time_millis': 2250.634439988062, 'loss_mean': 0.09891773015260696}
Evaluating
{'accuracy': 0.9366763648810542, 'f1_weighted': 0.9454857832593941, 'macro': 0.670824319451956, 'micro': 0.9366763648810542, 'binary': 0.375, 'accuracy_majority': 0.9483679525222551, 'macro_majority': 0.7128679127762467, 'binary_majority': 0.4528301886792453, 'run_time_millis': 3116.060540996841, 'loss_mean': 0.10242381691932678}
