Device cuda
Split type sit
Training Size: 90618, NTA labels 88322, YTA labels 2296
Validation Size: 30363, NTA labels 29621, YTA labels 742
Test Size: 30276, NTA labels 29474, YTA labels 802
Training with SBERT, model name is sbert
Tokenizing the dataset
Number of training steps 28320
Epoch 0 **** Loss 0.019246237352490425 **** Metrics validation: {'accuracy': 0.9595231037776241, 'f1_weighted': 0.9629586143282906, 'macro': 0.6479931883197111, 'micro': 0.9595231037776241, 'binary': 0.3168426903835464, 'accuracy_majority': 0.9635825056630075, 'macro_majority': 0.6700773362614536, 'binary_majority': 0.3588957055214724, 'run_time_millis': 14316.839306033216, 'loss_mean': 0.043751850724220276}
Epoch 1 **** Loss 0.07469428330659866 **** Metrics validation: {'accuracy': 0.9593913644896749, 'f1_weighted': 0.9630676630375847, 'macro': 0.6517250654860152, 'micro': 0.9593913644896749, 'binary': 0.32438356164383564, 'accuracy_majority': 0.963756752047395, 'macro_majority': 0.6792903783244708, 'binary_majority': 0.3772455089820359, 'run_time_millis': 14543.174279970117, 'loss_mean': 0.044408202171325684}
Epoch 2 **** Loss 0.015594973228871822 **** Metrics validation: {'accuracy': 0.9655501762012977, 'f1_weighted': 0.9663262559877456, 'macro': 0.6550428094206359, 'micro': 0.9655501762012977, 'binary': 0.3277634961439589, 'accuracy_majority': 0.9693326363477958, 'macro_majority': 0.6811852843189397, 'binary_majority': 0.37809187279151946, 'run_time_millis': 14540.813283994794, 'loss_mean': 0.050229381769895554}
Epoch 3 **** Loss 0.0556752011179924 **** Metrics validation: {'accuracy': 0.9599512564634588, 'f1_weighted': 0.9632882942852722, 'macro': 0.6503976603367447, 'micro': 0.9599512564634588, 'binary': 0.3214285714285714, 'accuracy_majority': 0.9641923680083638, 'macro_majority': 0.6751186163338798, 'binary_majority': 0.3686635944700461, 'run_time_millis': 14308.270376059227, 'loss_mean': 0.05261698737740517}
Epoch 4 **** Loss 0.049134787172079086 **** Metrics validation: {'accuracy': 0.9577775582122978, 'f1_weighted': 0.9618929482533586, 'macro': 0.644116614040001, 'micro': 0.9577775582122978, 'binary': 0.310010764262648, 'accuracy_majority': 0.9614044258581634, 'macro_majority': 0.6647991416860727, 'binary_majority': 0.34948604992657856, 'run_time_millis': 14560.889613931067, 'loss_mean': 0.06075761839747429}
Epoch 5 **** Loss 0.0219251848757267 **** Metrics validation: {'accuracy': 0.9675921351645095, 'f1_weighted': 0.9665219999077082, 'macro': 0.6377514032996334, 'micro': 0.9675921351645095, 'binary': 0.2920863309352518, 'accuracy_majority': 0.971075100191671, 'macro_majority': 0.663241369949013, 'binary_majority': 0.34126984126984133, 'run_time_millis': 14535.22779501509, 'loss_mean': 0.07679009437561035}
Epoch 6 **** Loss 0.06353875994682312 **** Metrics validation: {'accuracy': 0.9641339788558443, 'f1_weighted': 0.9650797260051412, 'macro': 0.6437593504221889, 'micro': 0.9641339788558443, 'binary': 0.30592734225621415, 'accuracy_majority': 0.9680257884648894, 'macro_majority': 0.6693076723616354, 'binary_majority': 0.35500878734622143, 'run_time_millis': 14550.158221041784, 'loss_mean': 0.08433398604393005}
Epoch 7 **** Loss 0.009433536790311337 **** Metrics validation: {'accuracy': 0.9640022395678951, 'f1_weighted': 0.9648666521539343, 'macro': 0.6406670278393312, 'micro': 0.9640022395678951, 'binary': 0.29980781550288277, 'accuracy_majority': 0.9679386652726956, 'macro_majority': 0.665541644812357, 'binary_majority': 0.3475177304964539, 'run_time_millis': 14549.747953074984, 'loss_mean': 0.08869264274835587}
Epoch 8 **** Loss 0.04582766443490982 **** Metrics validation: {'accuracy': 0.9691730066198992, 'f1_weighted': 0.9672229746139689, 'macro': 0.6359584199124019, 'micro': 0.9691730066198992, 'binary': 0.2876712328767123, 'accuracy_majority': 0.97290468722774, 'macro_majority': 0.6643310205060736, 'binary_majority': 0.34249471458773784, 'run_time_millis': 14367.736059008166, 'loss_mean': 0.10258345305919647}
Epoch 9 **** Loss 0.016060808673501015 **** Metrics validation: {'accuracy': 0.9676909396304713, 'f1_weighted': 0.9667803407170841, 'macro': 0.6421237231898448, 'micro': 0.9676909396304713, 'binary': 0.300784034212402, 'accuracy_majority': 0.9715978393448336, 'macro_majority': 0.6693273692872838, 'binary_majority': 0.3531746031746032, 'run_time_millis': 14541.311393957585, 'loss_mean': 0.10179093480110168}
Evaluating
{'accuracy': 0.9691730066198992, 'f1_weighted': 0.9672229746139689, 'macro': 0.6359584199124019, 'micro': 0.9691730066198992, 'binary': 0.2876712328767123, 'accuracy_majority': 0.97290468722774, 'macro_majority': 0.6643310205060736, 'binary_majority': 0.34249471458773784, 'run_time_millis': 14542.169602005742, 'loss_mean': 0.10258345305919647}
