Device cuda
Split type sit
Training Size: 27631, NTA labels 26600, YTA labels 1031
Validation Size: 9266, NTA labels 8907, YTA labels 359
Test Size: 9271, NTA labels 8984, YTA labels 287
Training with SBERT, model name is sbert
Tokenizing the dataset
Number of training steps 8640
Epoch 0 **** Loss 0.018667016178369522 **** Metrics validation: {'accuracy': 0.9075113317504856, 'f1_weighted': 0.9285167015487069, 'macro': 0.6738303171016212, 'micro': 0.9075113317504856, 'binary': 0.3977512297962052, 'accuracy_majority': 0.9107008854870179, 'macro_majority': 0.6894544050838022, 'binary_majority': 0.4273339749759384, 'run_time_millis': 3887.5280159991235, 'loss_mean': 0.04216117039322853}
Epoch 1 **** Loss 0.006405824329704046 **** Metrics validation: {'accuracy': 0.9148499892078567, 'f1_weighted': 0.9327626882022149, 'macro': 0.6779910559164007, 'micro': 0.9148499892078565, 'binary': 0.40181956027293403, 'accuracy_majority': 0.9180549302116164, 'macro_majority': 0.694721174043599, 'binary_majority': 0.4336099585062241, 'run_time_millis': 6026.186679999228, 'loss_mean': 0.042970627546310425}
Epoch 2 **** Loss 0.024959297850728035 **** Metrics validation: {'accuracy': 0.9143103820418735, 'f1_weighted': 0.93226072575998, 'macro': 0.6748118363264666, 'micro': 0.9143103820418735, 'binary': 0.395738203957382, 'accuracy_majority': 0.9159537745760168, 'macro_majority': 0.6898572735687459, 'binary_majority': 0.4250513347022587, 'run_time_millis': 6022.380476002581, 'loss_mean': 0.0550152026116848}
Epoch 3 **** Loss 0.03689165785908699 **** Metrics validation: {'accuracy': 0.9203539823008849, 'f1_weighted': 0.9357191523372324, 'macro': 0.6781868514142952, 'micro': 0.9203539823008849, 'binary': 0.39902280130293155, 'accuracy_majority': 0.9213567462104157, 'macro_majority': 0.6903553389530473, 'binary_majority': 0.42290748898678415, 'run_time_millis': 5993.672925993451, 'loss_mean': 0.07362133264541626}
Epoch 4 **** Loss 0.006746847648173571 **** Metrics validation: {'accuracy': 0.9269371897258796, 'f1_weighted': 0.939770027675902, 'macro': 0.6864326170597521, 'micro': 0.9269371897258796, 'binary': 0.4118158123370982, 'accuracy_majority': 0.9275101305718145, 'macro_majority': 0.6975197728382873, 'binary_majority': 0.43376318874560377, 'run_time_millis': 6013.3851029968355, 'loss_mean': 0.0865975022315979}
Epoch 5 **** Loss 0.021141838282346725 **** Metrics validation: {'accuracy': 0.9464709691344702, 'f1_weighted': 0.9522083176250735, 'macro': 0.7186709133504141, 'micro': 0.9464709691344702, 'binary': 0.46551724137931033, 'accuracy_majority': 0.9468707789284107, 'macro_majority': 0.7316754033909411, 'binary_majority': 0.49137931034482757, 'run_time_millis': 3885.821596995811, 'loss_mean': 0.11458845436573029}
Epoch 6 **** Loss 0.01616177335381508 **** Metrics validation: {'accuracy': 0.9375134901791495, 'f1_weighted': 0.9462448697083954, 'macro': 0.6999219911077582, 'micro': 0.9375134901791495, 'binary': 0.4329089128305583, 'accuracy_majority': 0.9375656611136125, 'macro_majority': 0.7111908181493094, 'binary_majority': 0.45549738219895286, 'run_time_millis': 3888.367804000154, 'loss_mean': 0.11489038169384003}
Epoch 7 **** Loss 0.0014730041148141026 **** Metrics validation: {'accuracy': 0.9379451759119362, 'f1_weighted': 0.9462570716617513, 'macro': 0.6969585282602759, 'micro': 0.9379451759119362, 'binary': 0.4267198404785643, 'accuracy_majority': 0.9384661563860123, 'macro_majority': 0.710365776081425, 'binary_majority': 0.45333333333333337, 'run_time_millis': 5994.6881890064105, 'loss_mean': 0.11966372281312943}
Epoch 8 **** Loss 0.07588814944028854 **** Metrics validation: {'accuracy': 0.9477660263328297, 'f1_weighted': 0.9521506827470673, 'macro': 0.7087737799619728, 'micro': 0.9477660263328296, 'binary': 0.44495412844036697, 'accuracy_majority': 0.9471709440192105, 'macro_majority': 0.7202413101438433, 'binary_majority': 0.4682779456193354, 'run_time_millis': 3888.7310510035604, 'loss_mean': 0.14128613471984863}
Epoch 9 **** Loss 0.01521390862762928 **** Metrics validation: {'accuracy': 0.9466868120008634, 'f1_weighted': 0.9514417256836885, 'macro': 0.7065923150765292, 'micro': 0.9466868120008634, 'binary': 0.4411764705882353, 'accuracy_majority': 0.9458202011106108, 'macro_majority': 0.7167353725870739, 'binary_majority': 0.4619970193740686, 'run_time_millis': 3891.667547999532, 'loss_mean': 0.13998116552829742}
Evaluating
{'accuracy': 0.9464709691344702, 'f1_weighted': 0.9522083176250735, 'macro': 0.7186709133504141, 'micro': 0.9464709691344702, 'binary': 0.46551724137931033, 'accuracy_majority': 0.9468707789284107, 'macro_majority': 0.7316754033909411, 'binary_majority': 0.49137931034482757, 'run_time_millis': 3990.3440329944715, 'loss_mean': 0.11458845436573029}
