Device cuda
Split type sit
Training Size: 7051, NTA labels 4742, YTA labels 2309
Validation Size: 7051, NTA labels 4742, YTA labels 2309
Test Size: 6988, NTA labels 4684, YTA labels 2304
Training with SBERT, model name is sbert
Tokenizing the dataset
Number of training steps 2210
Epoch 0 **** Loss 0.13234516978263855 **** Metrics validation: {'accuracy': 0.7855623315841724, 'f1_weighted': 0.7880391578428521, 'macro': 0.7625047583201099, 'micro': 0.7855623315841724, 'binary': 0.6885043263288011, 'accuracy_majority': 0.866796621182586, 'macro_majority': 0.8527063019825439, 'binary_majority': 0.8071495766698025, 'run_time_millis': 6166.481268999632, 'loss_mean': 0.21691679954528809}
Epoch 1 **** Loss 0.23203597962856293 **** Metrics validation: {'accuracy': 0.7830095021982697, 'f1_weighted': 0.7889275510782198, 'macro': 0.7702280537731312, 'micro': 0.7830095021982697, 'binary': 0.7160356347438754, 'accuracy_majority': 0.866146848602989, 'macro_majority': 0.8582614433786133, 'binary_majority': 0.8248299319727892, 'run_time_millis': 6246.358473999862, 'loss_mean': 0.19819435477256775}
Epoch 2 **** Loss 0.34313157200813293 **** Metrics validation: {'accuracy': 0.77166359381648, 'f1_weighted': 0.7786622015694826, 'macro': 0.7635130799831344, 'micro': 0.77166359381648, 'binary': 0.7196098920236852, 'accuracy_majority': 0.843404808317089, 'macro_majority': 0.8378034088051689, 'binary_majority': 0.8076616121308859, 'run_time_millis': 4132.448362999639, 'loss_mean': 0.19203805923461914}
Epoch 3 **** Loss 0.1904963105916977 **** Metrics validation: {'accuracy': 0.8051340235427599, 'f1_weighted': 0.8085836302610521, 'macro': 0.7873894556509378, 'micro': 0.8051340235427598, 'binary': 0.7259672915835659, 'accuracy_majority': 0.9122807017543859, 'macro_majority': 0.9043168300416555, 'binary_majority': 0.8767123287671234, 'run_time_millis': 6163.8694329994905, 'loss_mean': 0.18048764765262604}
Epoch 4 **** Loss 0.17954827845096588 **** Metrics validation: {'accuracy': 0.8045667281236704, 'f1_weighted': 0.8088099489727668, 'macro': 0.7891081239234317, 'micro': 0.8045667281236704, 'binary': 0.7320108907040062, 'accuracy_majority': 0.9142300194931774, 'macro_majority': 0.9074341392998917, 'binary_majority': 0.8823529411764706, 'run_time_millis': 6310.95042799916, 'loss_mean': 0.17281967401504517}
Epoch 5 **** Loss 0.2184430956840515 **** Metrics validation: {'accuracy': 0.781591263650546, 'f1_weighted': 0.788138035414973, 'macro': 0.7720162786307112, 'micro': 0.7815912636505459, 'binary': 0.7252943275062433, 'accuracy_majority': 0.8622482131254061, 'macro_majority': 0.8562250142775556, 'binary_majority': 0.8267973856209149, 'run_time_millis': 4165.657030000148, 'loss_mean': 0.17308880388736725}
Epoch 6 **** Loss 0.14660237729549408 **** Metrics validation: {'accuracy': 0.8008793078995887, 'f1_weighted': 0.8060260037528065, 'macro': 0.7879829043134998, 'micro': 0.8008793078995887, 'binary': 0.7356927710843374, 'accuracy_majority': 0.9012345679012346, 'macro_majority': 0.894858149653015, 'binary_majority': 0.8689655172413794, 'run_time_millis': 4173.02681900037, 'loss_mean': 0.16912434995174408}
Epoch 7 **** Loss 0.23881353437900543 **** Metrics validation: {'accuracy': 0.8021557225925401, 'f1_weighted': 0.8069875458716795, 'macro': 0.7882978383388556, 'micro': 0.8021557225925401, 'binary': 0.7341337907375644, 'accuracy_majority': 0.9103313840155945, 'macro_majority': 0.9040762902019446, 'binary_majority': 0.8795811518324607, 'run_time_millis': 5161.810648000028, 'loss_mean': 0.16869211196899414}
Epoch 8 **** Loss 0.23217487335205078 **** Metrics validation: {'accuracy': 0.8133598071195575, 'f1_weighted': 0.8161343258585126, 'macro': 0.7949066400349964, 'micro': 0.8133598071195575, 'binary': 0.733387358184765, 'accuracy_majority': 0.9369720597790773, 'macro_majority': 0.9307888420577295, 'binary_majority': 0.9101019462465245, 'run_time_millis': 6179.376207000132, 'loss_mean': 0.17304307222366333}
Epoch 9 **** Loss 0.14607788622379303 **** Metrics validation: {'accuracy': 0.8071195575095731, 'f1_weighted': 0.811414561110796, 'macro': 0.792205473313415, 'micro': 0.8071195575095731, 'binary': 0.736536226268888, 'accuracy_majority': 0.9194282001299545, 'macro_majority': 0.9133052279624212, 'binary_majority': 0.8902654867256637, 'run_time_millis': 6170.592747999763, 'loss_mean': 0.169056236743927}
Evaluating
{'accuracy': 0.8133598071195575, 'f1_weighted': 0.8161343258585126, 'macro': 0.7949066400349964, 'micro': 0.8133598071195575, 'binary': 0.733387358184765, 'accuracy_majority': 0.9369720597790773, 'macro_majority': 0.9307888420577295, 'binary_majority': 0.9101019462465245, 'run_time_millis': 6295.660348999263, 'loss_mean': 0.17304307222366333}
