Device cuda
Split type sit
Training Size: 46667, NTA labels 44905, YTA labels 1762
Validation Size: 15411, NTA labels 14772, YTA labels 639
Test Size: 15484, NTA labels 14875, YTA labels 609
Training with SBERT, model name is sbert
Tokenizing the dataset
Number of training steps 14590
Epoch 0 **** Loss 0.06404875963926315 **** Metrics validation: {'accuracy': 0.9156446693919927, 'f1_weighted': 0.9307305028361643, 'macro': 0.6648850114814557, 'micro': 0.9156446693919927, 'binary': 0.37499999999999994, 'accuracy_majority': 0.9160065111231688, 'macro_majority': 0.6868252332341699, 'binary_majority': 0.4189189189189189, 'run_time_millis': 7896.45584399841, 'loss_mean': 0.05685924366116524}
Epoch 1 **** Loss 0.013349777087569237 **** Metrics validation: {'accuracy': 0.9052624748556226, 'f1_weighted': 0.9248438557994739, 'macro': 0.6602705700638593, 'micro': 0.9052624748556226, 'binary': 0.3717728055077453, 'accuracy_majority': 0.9041779706999458, 'macro_majority': 0.6797832496255769, 'binary_majority': 0.4117255163224517, 'run_time_millis': 8989.390263999667, 'loss_mean': 0.05461687222123146}
Epoch 2 **** Loss 0.053224965929985046 **** Metrics validation: {'accuracy': 0.8987087145545389, 'f1_weighted': 0.9210989387591392, 'macro': 0.6576176409376425, 'micro': 0.8987087145545388, 'binary': 0.37031060911657926, 'accuracy_majority': 0.8965816603364081, 'macro_majority': 0.6762533012364861, 'binary_majority': 0.4091754494730316, 'run_time_millis': 8935.556316999282, 'loss_mean': 0.05550440773367882}
Epoch 3 **** Loss 0.012008762918412685 **** Metrics validation: {'accuracy': 0.9158393355395497, 'f1_weighted': 0.9314734831671506, 'macro': 0.6736468689070741, 'micro': 0.9158393355395495, 'binary': 0.39250585480093675, 'accuracy_majority': 0.9144872490504612, 'macro_majority': 0.6942326200605486, 'binary_majority': 0.4347202295552367, 'run_time_millis': 9021.365339000113, 'loss_mean': 0.05824308842420578}
Epoch 4 **** Loss 0.015662135556340218 **** Metrics validation: {'accuracy': 0.9225877619881903, 'f1_weighted': 0.9355359644151016, 'macro': 0.6803100998411316, 'micro': 0.9225877619881903, 'binary': 0.40200501253132825, 'accuracy_majority': 0.9199131850244167, 'macro_majority': 0.6993086017211294, 'binary_majority': 0.44175491679273826, 'run_time_millis': 9009.851279999566, 'loss_mean': 0.06152551621198654}
Epoch 5 **** Loss 0.002720800694078207 **** Metrics validation: {'accuracy': 0.9336188436830836, 'f1_weighted': 0.9422454097721876, 'macro': 0.6929217726815748, 'micro': 0.9336188436830836, 'binary': 0.42105263157894735, 'accuracy_majority': 0.9302224633749322, 'macro_majority': 0.7091343119990413, 'binary_majority': 0.4555461473327688, 'run_time_millis': 8933.14349100001, 'loss_mean': 0.07891210913658142}
Epoch 6 **** Loss 0.030188946053385735 **** Metrics validation: {'accuracy': 0.9290766335734216, 'f1_weighted': 0.9392323467931634, 'macro': 0.6842932794137484, 'micro': 0.9290766335734216, 'binary': 0.4063009234111896, 'accuracy_majority': 0.9267498643516007, 'macro_majority': 0.7017042654809378, 'binary_majority': 0.4426094137076796, 'run_time_millis': 8916.614585999923, 'loss_mean': 0.08457880467176437}
Epoch 7 **** Loss 0.0040867384523153305 **** Metrics validation: {'accuracy': 0.9314775160599572, 'f1_weighted': 0.9407476707220209, 'macro': 0.6878227752800385, 'micro': 0.9314775160599571, 'binary': 0.41202672605790647, 'accuracy_majority': 0.9284861638632664, 'macro_majority': 0.702833940737424, 'binary_majority': 0.4438818565400844, 'run_time_millis': 8566.871600000013, 'loss_mean': 0.08932965248823166}
Epoch 8 **** Loss 0.004027883987873793 **** Metrics validation: {'accuracy': 0.92875218999416, 'f1_weighted': 0.9391354177840326, 'macro': 0.6852493306659175, 'micro': 0.92875218999416, 'binary': 0.40840517241379304, 'accuracy_majority': 0.9255561584373304, 'macro_majority': 0.7007444971742169, 'binary_majority': 0.4413680781758958, 'run_time_millis': 8918.064953000794, 'loss_mean': 0.0921250507235527}
Epoch 9 **** Loss 0.003980058711022139 **** Metrics validation: {'accuracy': 0.9358250600220621, 'f1_weighted': 0.9434164237026877, 'macro': 0.6933261139164824, 'micro': 0.9358250600220621, 'binary': 0.4206209724663152, 'accuracy_majority': 0.9327183939229517, 'macro_majority': 0.7082272629405879, 'binary_majority': 0.45229681978798586, 'run_time_millis': 8943.971225999121, 'loss_mean': 0.09852132201194763}
Evaluating
{'accuracy': 0.9358250600220621, 'f1_weighted': 0.9434164237026877, 'macro': 0.6933261139164824, 'micro': 0.9358250600220621, 'binary': 0.4206209724663152, 'accuracy_majority': 0.9327183939229517, 'macro_majority': 0.7082272629405879, 'binary_majority': 0.45229681978798586, 'run_time_millis': 8774.778527000308, 'loss_mean': 0.09852132201194763}
