Device cuda
Split type sit
Training Size: 120771, NTA labels 116281, YTA labels 4490
Validation Size: 40264, NTA labels 38777, YTA labels 1487
Test Size: 40375, NTA labels 38840, YTA labels 1535
Training with SBERT, model name is sbert
Tokenizing the dataset
Number of training steps 37750
Epoch 0 **** Loss 0.02132611721754074 **** Metrics validation: {'accuracy': 0.9605851380886151, 'f1_weighted': 0.9590591023873093, 'macro': 0.701566472062913, 'micro': 0.9605851380886151, 'binary': 0.4235379585906284, 'accuracy_majority': 0.9756034482758621, 'macro_majority': 0.7859337447072758, 'binary_majority': 0.5844346549192364, 'run_time_millis': 16962.887076002517, 'loss_mean': 0.0604938380420208}
Epoch 1 **** Loss 0.009059138596057892 **** Metrics validation: {'accuracy': 0.9592688257500497, 'f1_weighted': 0.9583140088224311, 'macro': 0.7003058694681477, 'micro': 0.9592688257500497, 'binary': 0.4217207334273625, 'accuracy_majority': 0.9739655172413794, 'macro_majority': 0.7781885771929331, 'binary_majority': 0.5698005698005698, 'run_time_millis': 16760.93475900052, 'loss_mean': 0.061390507966279984}
Epoch 2 **** Loss 0.0010222597047686577 **** Metrics validation: {'accuracy': 0.9593681700774885, 'f1_weighted': 0.9583575026890135, 'macro': 0.7002219758655401, 'micro': 0.9593681700774885, 'binary': 0.4214992927864215, 'accuracy_majority': 0.9739655172413794, 'macro_majority': 0.7781885771929331, 'binary_majority': 0.5698005698005698, 'run_time_millis': 16767.301673000475, 'loss_mean': 0.06318134814500809}
Epoch 3 **** Loss 0.0007860359619371593 **** Metrics validation: {'accuracy': 0.9609328432346513, 'f1_weighted': 0.9587137256233264, 'macro': 0.6943338670728054, 'micro': 0.9609328432346513, 'binary': 0.40886884629838405, 'accuracy_majority': 0.9756034482758621, 'macro_majority': 0.7763668662456821, 'binary_majority': 0.565284178187404, 'run_time_millis': 16764.081165998505, 'loss_mean': 0.0734841376543045}
Epoch 4 **** Loss 0.043020639568567276 **** Metrics validation: {'accuracy': 0.9600635803695609, 'f1_weighted': 0.9576394449552631, 'macro': 0.6853623076083772, 'micro': 0.9600635803695609, 'binary': 0.39137017411052233, 'accuracy_majority': 0.9744827586206897, 'macro_majority': 0.7643358039089398, 'binary_majority': 0.541795665634675, 'run_time_millis': 16756.187364000652, 'loss_mean': 0.07894311100244522}
Epoch 5 **** Loss 0.01870603859424591 **** Metrics validation: {'accuracy': 0.9592688257500497, 'f1_weighted': 0.9570460238232409, 'macro': 0.6825815077612962, 'micro': 0.9592688257500497, 'binary': 0.38622754491017963, 'accuracy_majority': 0.9730172413793103, 'macro_majority': 0.7533958501251529, 'binary_majority': 0.5206738131699847, 'run_time_millis': 16782.80604000247, 'loss_mean': 0.07930942624807358}
Epoch 6 **** Loss 0.01424864586442709 **** Metrics validation: {'accuracy': 0.9560401351082853, 'f1_weighted': 0.9558825613756496, 'macro': 0.6887950845580437, 'micro': 0.9560401351082853, 'binary': 0.4004065040650407, 'accuracy_majority': 0.9694827586206897, 'macro_majority': 0.7522826265570108, 'binary_majority': 0.5203252032520326, 'run_time_millis': 16784.97889600112, 'loss_mean': 0.08922559767961502}
Epoch 7 **** Loss 0.0013413558481261134 **** Metrics validation: {'accuracy': 0.956611364991059, 'f1_weighted': 0.9559370463776601, 'macro': 0.6855570346180873, 'micro': 0.956611364991059, 'binary': 0.3936133287053107, 'accuracy_majority': 0.9697413793103449, 'macro_majority': 0.7467402510764752, 'binary_majority': 0.509090909090909, 'run_time_millis': 16833.58098499957, 'loss_mean': 0.09339766204357147}
Epoch 8 **** Loss 0.005206750240176916 **** Metrics validation: {'accuracy': 0.9566858732366382, 'f1_weighted': 0.9559602111501616, 'macro': 0.6853608191030072, 'micro': 0.9566858732366382, 'binary': 0.3931802366040362, 'accuracy_majority': 0.97, 'macro_majority': 0.7492444037175039, 'binary_majority': 0.5139664804469274, 'run_time_millis': 16781.812159002584, 'loss_mean': 0.09979253262281418}
Epoch 9 **** Loss 0.10259994864463806 **** Metrics validation: {'accuracy': 0.9556675938803895, 'f1_weighted': 0.9553398953632487, 'macro': 0.6837870574924916, 'micro': 0.9556675938803895, 'binary': 0.39057698873335617, 'accuracy_majority': 0.9687931034482758, 'macro_majority': 0.7439996098298493, 'binary_majority': 0.5041095890410958, 'run_time_millis': 16804.18620099954, 'loss_mean': 0.0999484583735466}
Evaluating
{'accuracy': 0.9605851380886151, 'f1_weighted': 0.9590591023873093, 'macro': 0.701566472062913, 'micro': 0.9605851380886151, 'binary': 0.4235379585906284, 'accuracy_majority': 0.9756034482758621, 'macro_majority': 0.7859337447072758, 'binary_majority': 0.5844346549192364, 'run_time_millis': 16821.799257999373, 'loss_mean': 0.0604938380420208}
