Device cuda
Split type sit
Training Size: 2394, NTA labels 2062, YTA labels 332
Validation Size: 1140, NTA labels 1011, YTA labels 129
Test Size: 1146, NTA labels 979, YTA labels 167
Training with SBERT, model name is sbert
Tokenizing the dataset
Number of training steps 750
Epoch 0 **** Loss 0.0950096845626831 **** Metrics validation: {'accuracy': 0.625438596491228, 'f1_weighted': 0.6924784755242208, 'macro': 0.5506818968501211, 'micro': 0.625438596491228, 'binary': 0.3674074074074074, 'accuracy_majority': 0.6421052631578947, 'macro_majority': 0.5739348370927319, 'binary_majority': 0.40350877192982454, 'run_time_millis': 2506.534456042573, 'loss_mean': 0.11408466845750809}
Epoch 1 **** Loss 0.22165918350219727 **** Metrics validation: {'accuracy': 0.6447368421052632, 'f1_weighted': 0.7092708836310961, 'macro': 0.5621933006187326, 'micro': 0.6447368421052632, 'binary': 0.3720930232558139, 'accuracy_majority': 0.6684210526315789, 'macro_majority': 0.594773011950303, 'binary_majority': 0.4220183486238532, 'run_time_millis': 2509.1975450050086, 'loss_mean': 0.11265843361616135}
Epoch 2 **** Loss 0.06793808937072754 **** Metrics validation: {'accuracy': 0.7464912280701754, 'f1_weighted': 0.7906570634359221, 'macro': 0.6303514387750637, 'micro': 0.7464912280701754, 'binary': 0.4231536926147705, 'accuracy_majority': 0.7736842105263158, 'macro_majority': 0.6741774675972083, 'binary_majority': 0.49411764705882344, 'run_time_millis': 2507.891343033407, 'loss_mean': 0.10327749699354172}
Epoch 3 **** Loss 0.05238332226872444 **** Metrics validation: {'accuracy': 0.7570175438596491, 'f1_weighted': 0.7993495037084791, 'macro': 0.6457001679608743, 'micro': 0.7570175438596491, 'binary': 0.44710578842315374, 'accuracy_majority': 0.7947368421052632, 'macro_majority': 0.7044865403788634, 'binary_majority': 0.5411764705882353, 'run_time_millis': 1497.6917440071702, 'loss_mean': 0.10115671157836914}
Epoch 4 **** Loss 0.08227530866861343 **** Metrics validation: {'accuracy': 0.7657894736842106, 'f1_weighted': 0.8060051089588508, 'macro': 0.6524545015465877, 'micro': 0.7657894736842106, 'binary': 0.4539877300613497, 'accuracy_majority': 0.8052631578947368, 'macro_majority': 0.7148188714453775, 'binary_majority': 0.5542168674698795, 'run_time_millis': 2507.218225975521, 'loss_mean': 0.10261432826519012}
Epoch 5 **** Loss 0.10136760026216507 **** Metrics validation: {'accuracy': 0.7412280701754386, 'f1_weighted': 0.787118545741514, 'macro': 0.6320403869320177, 'micro': 0.7412280701754387, 'binary': 0.4315992292870905, 'accuracy_majority': 0.7789473684210526, 'macro_majority': 0.6894458281444582, 'binary_majority': 0.5227272727272727, 'run_time_millis': 2505.2966970251873, 'loss_mean': 0.10682140290737152}
Epoch 6 **** Loss 0.07538934051990509 **** Metrics validation: {'accuracy': 0.7447368421052631, 'f1_weighted': 0.7897606211340463, 'macro': 0.6340313148462554, 'micro': 0.744736842105263, 'binary': 0.4327485380116959, 'accuracy_majority': 0.7842105263157895, 'macro_majority': 0.6944019457847868, 'binary_majority': 0.5287356321839081, 'run_time_millis': 1805.1657209871337, 'loss_mean': 0.10475829243659973}
Epoch 7 **** Loss 0.09950316697359085 **** Metrics validation: {'accuracy': 0.8061403508771929, 'f1_weighted': 0.8367173857894952, 'macro': 0.6893461027695472, 'micro': 0.8061403508771929, 'binary': 0.4988662131519275, 'accuracy_majority': 0.8473684210526315, 'macro_majority': 0.7591256830601092, 'binary_majority': 0.6133333333333333, 'run_time_millis': 1795.5590289784595, 'loss_mean': 0.1132313683629036}
Epoch 8 **** Loss 0.08427278697490692 **** Metrics validation: {'accuracy': 0.8122807017543859, 'f1_weighted': 0.8413949019965424, 'macro': 0.6954930576011903, 'micro': 0.8122807017543859, 'binary': 0.5069124423963134, 'accuracy_majority': 0.8526315789473684, 'macro_majority': 0.7650591768238827, 'binary_majority': 0.6216216216216216, 'run_time_millis': 2453.7274049944244, 'loss_mean': 0.11700357496738434}
Epoch 9 **** Loss 0.04495898261666298 **** Metrics validation: {'accuracy': 0.8166666666666667, 'f1_weighted': 0.843795301922713, 'macro': 0.6933081554080407, 'micro': 0.8166666666666667, 'binary': 0.4988009592326139, 'accuracy_majority': 0.8473684210526315, 'macro_majority': 0.7488490815442819, 'binary_majority': 0.5915492957746479, 'run_time_millis': 2504.953015013598, 'loss_mean': 0.11964121460914612}
Evaluating
{'accuracy': 0.8166666666666667, 'f1_weighted': 0.843795301922713, 'macro': 0.6933081554080407, 'micro': 0.8166666666666667, 'binary': 0.4988009592326139, 'accuracy_majority': 0.8473684210526315, 'macro_majority': 0.7488490815442819, 'binary_majority': 0.5915492957746479, 'run_time_millis': 2503.2133880304173, 'loss_mean': 0.11964121460914612}
Device cuda
Split type sit
Training Size: 2736, NTA labels 2366, YTA labels 370
Validation Size: 1140, NTA labels 1011, YTA labels 129
Test Size: 1146, NTA labels 979, YTA labels 167
Training with SBERT, model name is sbert
Tokenizing the dataset
Number of training steps 860
Epoch 0 **** Loss 0.13982775807380676 **** Metrics validation: {'accuracy': 0.8526315789473684, 'f1_weighted': 0.8680193259208898, 'macro': 0.7137921346635503, 'micro': 0.8526315789473685, 'binary': 0.5144508670520231, 'accuracy_majority': 0.8789473684210526, 'macro_majority': 0.7692592005913723, 'binary_majority': 0.6101694915254238, 'run_time_millis': 2512.7283280016854, 'loss_mean': 0.10141909122467041}
Epoch 1 **** Loss 0.05295232683420181 **** Metrics validation: {'accuracy': 0.718421052631579, 'f1_weighted': 0.7695221720576412, 'macro': 0.6177673325499413, 'micro': 0.718421052631579, 'binary': 0.42162162162162165, 'accuracy_majority': 0.7473684210526316, 'macro_majority': 0.6607647671477459, 'binary_majority': 0.4893617021276596, 'run_time_millis': 2206.9518479984254, 'loss_mean': 0.10410777479410172}
Epoch 2 **** Loss 0.06522427499294281 **** Metrics validation: {'accuracy': 0.7236842105263158, 'f1_weighted': 0.7735296288986285, 'macro': 0.6192711762516818, 'micro': 0.7236842105263158, 'binary': 0.4198895027624309, 'accuracy_majority': 0.7578947368421053, 'macro_majority': 0.6701388888888888, 'binary_majority': 0.5, 'run_time_millis': 2508.6197899654508, 'loss_mean': 0.10260847210884094}
Epoch 3 **** Loss 0.05059653893113136 **** Metrics validation: {'accuracy': 0.7570175438596491, 'f1_weighted': 0.7990553031419904, 'macro': 0.6426109837874544, 'micro': 0.7570175438596491, 'binary': 0.4404040404040404, 'accuracy_majority': 0.7894736842105263, 'macro_majority': 0.6943371943371943, 'binary_majority': 0.5238095238095238, 'run_time_millis': 2153.868121036794, 'loss_mean': 0.10084738582372665}
Epoch 4 **** Loss 0.1259188950061798 **** Metrics validation: {'accuracy': 0.7657894736842106, 'f1_weighted': 0.8056790193528388, 'macro': 0.649312000331816, 'micro': 0.7657894736842106, 'binary': 0.4472049689440994, 'accuracy_majority': 0.8, 'macro_majority': 0.7045342936650842, 'binary_majority': 0.5365853658536585, 'run_time_millis': 1741.7558549786918, 'loss_mean': 0.10949567705392838}
Epoch 5 **** Loss 0.02325776405632496 **** Metrics validation: {'accuracy': 0.7710526315789473, 'f1_weighted': 0.8100457829628874, 'macro': 0.6571926295378425, 'micro': 0.7710526315789473, 'binary': 0.45962732919254656, 'accuracy_majority': 0.8105263157894737, 'macro_majority': 0.7200851203142904, 'binary_majority': 0.5609756097560975, 'run_time_millis': 2456.0095670167357, 'loss_mean': 0.10625727474689484}
Epoch 6 **** Loss 0.06918884068727493 **** Metrics validation: {'accuracy': 0.7552631578947369, 'f1_weighted': 0.7979007636630527, 'macro': 0.6431420464299058, 'micro': 0.7552631578947367, 'binary': 0.44311377245508987, 'accuracy_majority': 0.7947368421052632, 'macro_majority': 0.7044865403788634, 'binary_majority': 0.5411764705882353, 'run_time_millis': 2403.369884006679, 'loss_mean': 0.10893639922142029}
Epoch 7 **** Loss 0.11641663312911987 **** Metrics validation: {'accuracy': 0.7868421052631579, 'f1_weighted': 0.8217498635628708, 'macro': 0.6685725360984591, 'micro': 0.7868421052631579, 'binary': 0.47058823529411764, 'accuracy_majority': 0.8210526315789474, 'macro_majority': 0.7257598913228052, 'binary_majority': 0.5641025641025641, 'run_time_millis': 1846.083981974516, 'loss_mean': 0.1167662963271141}
Epoch 8 **** Loss 0.06967713683843613 **** Metrics validation: {'accuracy': 0.7868421052631579, 'f1_weighted': 0.8217498635628708, 'macro': 0.6685725360984591, 'micro': 0.7868421052631579, 'binary': 0.47058823529411764, 'accuracy_majority': 0.8210526315789474, 'macro_majority': 0.7257598913228052, 'binary_majority': 0.5641025641025641, 'run_time_millis': 1896.3154809898697, 'loss_mean': 0.1172056496143341}
Epoch 9 **** Loss 0.1392955780029297 **** Metrics validation: {'accuracy': 0.7921052631578948, 'f1_weighted': 0.8257562723891252, 'macro': 0.6735501690970975, 'micro': 0.7921052631578948, 'binary': 0.47682119205298007, 'accuracy_majority': 0.8263157894736842, 'macro_majority': 0.7312588401697313, 'binary_majority': 0.5714285714285714, 'run_time_millis': 1744.5678730146028, 'loss_mean': 0.11904600262641907}
Evaluating
{'accuracy': 0.8526315789473684, 'f1_weighted': 0.8680193259208898, 'macro': 0.7137921346635503, 'micro': 0.8526315789473685, 'binary': 0.5144508670520231, 'accuracy_majority': 0.8789473684210526, 'macro_majority': 0.7692592005913723, 'binary_majority': 0.6101694915254238, 'run_time_millis': 1845.5055360100232, 'loss_mean': 0.10141909122467041}
Device cuda
Split type sit
Training Size: 3078, NTA labels 2663, YTA labels 415
Validation Size: 1140, NTA labels 1011, YTA labels 129
Test Size: 1146, NTA labels 979, YTA labels 167
Training with SBERT, model name is sbert
Tokenizing the dataset
Number of training steps 970
Epoch 0 **** Loss 0.06796491146087646 **** Metrics validation: {'accuracy': 0.874561403508772, 'f1_weighted': 0.8806333095726987, 'macro': 0.7183478202277476, 'micro': 0.8745614035087719, 'binary': 0.5085910652920963, 'accuracy_majority': 0.8947368421052632, 'macro_majority': 0.7696969696969697, 'binary_majority': 0.6, 'run_time_millis': 2506.773440982215, 'loss_mean': 0.1171528622508049}
Epoch 1 **** Loss 0.09748335927724838 **** Metrics validation: {'accuracy': 0.8517543859649123, 'f1_weighted': 0.8678201898386886, 'macro': 0.715454178906745, 'micro': 0.8517543859649124, 'binary': 0.5185185185185186, 'accuracy_majority': 0.8736842105263158, 'macro_majority': 0.7625, 'binary_majority': 0.6000000000000001, 'run_time_millis': 2504.9846050096676, 'loss_mean': 0.11847713589668274}
Epoch 2 **** Loss 0.15305624902248383 **** Metrics validation: {'accuracy': 0.7859649122807018, 'f1_weighted': 0.8209502036071297, 'macro': 0.6666650688575826, 'micro': 0.7859649122807018, 'binary': 0.4672489082969433, 'accuracy_majority': 0.8210526315789474, 'macro_majority': 0.7257598913228052, 'binary_majority': 0.5641025641025641, 'run_time_millis': 2502.280198968947, 'loss_mean': 0.10204245895147324}
Epoch 3 **** Loss 0.0410614050924778 **** Metrics validation: {'accuracy': 0.7394736842105263, 'f1_weighted': 0.7861124669685086, 'macro': 0.635433322673489, 'micro': 0.7394736842105263, 'binary': 0.44067796610169496, 'accuracy_majority': 0.7684210526315789, 'macro_majority': 0.6796934865900384, 'binary_majority': 0.5111111111111112, 'run_time_millis': 2506.092344992794, 'loss_mean': 0.10224097222089767}
Epoch 4 **** Loss 0.17147397994995117 **** Metrics validation: {'accuracy': 0.6921052631578948, 'f1_weighted': 0.7485136065919239, 'macro': 0.6017520758874586, 'micro': 0.6921052631578948, 'binary': 0.4120603015075377, 'accuracy_majority': 0.7105263157894737, 'macro_majority': 0.6291564640335001, 'binary_majority': 0.45544554455445546, 'run_time_millis': 2533.860230993014, 'loss_mean': 0.10537129640579224}
Epoch 5 **** Loss 0.005892703775316477 **** Metrics validation: {'accuracy': 0.7482456140350877, 'f1_weighted': 0.7926505095033378, 'macro': 0.639061812236685, 'micro': 0.7482456140350877, 'binary': 0.44054580896686163, 'accuracy_majority': 0.7842105263157895, 'macro_majority': 0.6944019457847868, 'binary_majority': 0.5287356321839081, 'run_time_millis': 2504.26251697354, 'loss_mean': 0.10429272055625916}
Epoch 6 **** Loss 0.09868565946817398 **** Metrics validation: {'accuracy': 0.8096491228070175, 'f1_weighted': 0.8378161747235823, 'macro': 0.6815687546581092, 'micro': 0.8096491228070175, 'binary': 0.47961630695443636, 'accuracy_majority': 0.8368421052631579, 'macro_majority': 0.7315283285473357, 'binary_majority': 0.5633802816901409, 'run_time_millis': 1238.9624229981564, 'loss_mean': 0.122987300157547}
Epoch 7 **** Loss 0.00014702910266350955 **** Metrics validation: {'accuracy': 0.7657894736842106, 'f1_weighted': 0.8060051089588508, 'macro': 0.6524545015465877, 'micro': 0.7657894736842106, 'binary': 0.4539877300613497, 'accuracy_majority': 0.8052631578947368, 'macro_majority': 0.7148188714453775, 'binary_majority': 0.5542168674698795, 'run_time_millis': 2502.35469895415, 'loss_mean': 0.10796098411083221}
Epoch 8 **** Loss 0.18370585143566132 **** Metrics validation: {'accuracy': 0.7850877192982456, 'f1_weighted': 0.820282784250631, 'macro': 0.6658447380416563, 'micro': 0.7850877192982457, 'binary': 0.46623093681917205, 'accuracy_majority': 0.8210526315789474, 'macro_majority': 0.7257598913228052, 'binary_majority': 0.5641025641025641, 'run_time_millis': 1806.5378030296415, 'loss_mean': 0.11215131729841232}
Epoch 9 **** Loss 0.09472594410181046 **** Metrics validation: {'accuracy': 0.7885964912280702, 'f1_weighted': 0.8228154499821908, 'macro': 0.6680404673097069, 'micro': 0.7885964912280703, 'binary': 0.46799116997792495, 'accuracy_majority': 0.8263157894736842, 'macro_majority': 0.7312588401697313, 'binary_majority': 0.5714285714285714, 'run_time_millis': 2504.5152499806136, 'loss_mean': 0.113765187561512}
Evaluating
{'accuracy': 0.874561403508772, 'f1_weighted': 0.8806333095726987, 'macro': 0.7183478202277476, 'micro': 0.8745614035087719, 'binary': 0.5085910652920963, 'accuracy_majority': 0.8947368421052632, 'macro_majority': 0.7696969696969697, 'binary_majority': 0.6, 'run_time_millis': 2506.27184699988, 'loss_mean': 0.1171528622508049}
Device cuda
Split type sit
Training Size: 3420, NTA labels 2981, YTA labels 439
Validation Size: 1140, NTA labels 1011, YTA labels 129
Test Size: 1146, NTA labels 979, YTA labels 167
Training with SBERT, model name is sbert
Tokenizing the dataset
Number of training steps 1070
Epoch 0 **** Loss 0.06516464054584503 **** Metrics validation: {'accuracy': 0.762280701754386, 'f1_weighted': 0.8034078958537163, 'macro': 0.650352262116968, 'micro': 0.762280701754386, 'binary': 0.4525252525252525, 'accuracy_majority': 0.8, 'macro_majority': 0.7096203346203346, 'binary_majority': 0.5476190476190476, 'run_time_millis': 2503.3121190499514, 'loss_mean': 0.09806278347969055}
Epoch 1 **** Loss 0.07187427580356598 **** Metrics validation: {'accuracy': 0.7956140350877193, 'f1_weighted': 0.8290852601240695, 'macro': 0.6822115263824731, 'micro': 0.7956140350877193, 'binary': 0.49237472766884527, 'accuracy_majority': 0.8210526315789474, 'macro_majority': 0.7257598913228052, 'binary_majority': 0.5641025641025641, 'run_time_millis': 1744.9097560020164, 'loss_mean': 0.09492642432451248}
Epoch 2 **** Loss 0.08353834599256516 **** Metrics validation: {'accuracy': 0.7131578947368421, 'f1_weighted': 0.7654475261904519, 'macro': 0.6161936267015076, 'micro': 0.7131578947368421, 'binary': 0.4232804232804232, 'accuracy_majority': 0.7368421052631579, 'macro_majority': 0.6515551643192488, 'binary_majority': 0.4791666666666667, 'run_time_millis': 2513.76593898749, 'loss_mean': 0.10047364234924316}
Epoch 3 **** Loss 0.06462307274341583 **** Metrics validation: {'accuracy': 0.6745614035087719, 'f1_weighted': 0.7341286087114072, 'macro': 0.586962572328426, 'micro': 0.6745614035087719, 'binary': 0.39674796747967483, 'accuracy_majority': 0.6947368421052632, 'macro_majority': 0.6160813823857302, 'binary_majority': 0.4423076923076923, 'run_time_millis': 1642.2152139712125, 'loss_mean': 0.09880951792001724}
Epoch 4 **** Loss 0.07865449041128159 **** Metrics validation: {'accuracy': 0.7657894736842106, 'f1_weighted': 0.8063096243282002, 'macro': 0.6555131143366437, 'micro': 0.7657894736842106, 'binary': 0.4606060606060607, 'accuracy_majority': 0.8, 'macro_majority': 0.7096203346203346, 'binary_majority': 0.5476190476190476, 'run_time_millis': 2509.8536710138433, 'loss_mean': 0.10244926065206528}
Epoch 5 **** Loss 0.07194346934556961 **** Metrics validation: {'accuracy': 0.7324561403508771, 'f1_weighted': 0.7807191644891481, 'macro': 0.6313578055770251, 'micro': 0.7324561403508771, 'binary': 0.438305709023941, 'accuracy_majority': 0.7578947368421053, 'macro_majority': 0.6701388888888888, 'binary_majority': 0.5, 'run_time_millis': 2503.6653720308095, 'loss_mean': 0.0978827029466629}
Epoch 6 **** Loss 0.058990728110075 **** Metrics validation: {'accuracy': 0.7745614035087719, 'f1_weighted': 0.8129569587029198, 'macro': 0.6624463823418604, 'micro': 0.7745614035087719, 'binary': 0.46790890269151136, 'accuracy_majority': 0.8105263157894737, 'macro_majority': 0.7200851203142904, 'binary_majority': 0.5609756097560975, 'run_time_millis': 2504.176036978606, 'loss_mean': 0.107536181807518}
Epoch 7 **** Loss 0.03132046386599541 **** Metrics validation: {'accuracy': 0.8008771929824562, 'f1_weighted': 0.8327078832418648, 'macro': 0.6841646620312907, 'micro': 0.8008771929824562, 'binary': 0.49217002237136465, 'accuracy_majority': 0.8421052631578947, 'macro_majority': 0.7532894736842105, 'binary_majority': 0.6052631578947368, 'run_time_millis': 579.2388119734824, 'loss_mean': 0.11863544583320618}
Epoch 8 **** Loss 0.034015681594610214 **** Metrics validation: {'accuracy': 0.7850877192982456, 'f1_weighted': 0.8206677049862726, 'macro': 0.6690660268372878, 'micro': 0.7850877192982457, 'binary': 0.47311827956989244, 'accuracy_majority': 0.8263157894736842, 'macro_majority': 0.7363219647588208, 'binary_majority': 0.5822784810126582, 'run_time_millis': 1796.4548680465668, 'loss_mean': 0.11773954331874847}
Epoch 9 **** Loss 0.0723569393157959 **** Metrics validation: {'accuracy': 0.8061403508771929, 'f1_weighted': 0.8367173857894952, 'macro': 0.6893461027695472, 'micro': 0.8061403508771929, 'binary': 0.4988662131519275, 'accuracy_majority': 0.8473684210526315, 'macro_majority': 0.7591256830601092, 'binary_majority': 0.6133333333333333, 'run_time_millis': 2506.3368279952556, 'loss_mean': 0.12106069177389145}
Evaluating
{'accuracy': 0.8061403508771929, 'f1_weighted': 0.8367173857894952, 'macro': 0.6893461027695472, 'micro': 0.8061403508771929, 'binary': 0.4988662131519275, 'accuracy_majority': 0.8473684210526315, 'macro_majority': 0.7591256830601092, 'binary_majority': 0.6133333333333333, 'run_time_millis': 2503.5350709804334, 'loss_mean': 0.12106069177389145}
