Device cuda
Split type sit
Training Size: 4143, NTA labels 3013, YTA labels 1130
Validation Size: 1353, NTA labels 992, YTA labels 361
Test Size: 1616, NTA labels 1202, YTA labels 414
Training with SBERT, model name is sbert
Tokenizing the dataset
Number of training steps 1300
Epoch 0 **** Loss 0.2210838347673416 **** Metrics validation: {'accuracy': 0.6651884700665188, 'f1_weighted': 0.6622519627402548, 'macro': 0.5647290089048504, 'micro': 0.6651884700665188, 'binary': 0.3556187766714083, 'accuracy_majority': 0.6548004314994607, 'macro_majority': 0.5661686419955307, 'binary_majority': 0.3700787401574804, 'run_time_millis': 4865.964883938432, 'loss_mean': 0.2755539119243622}
Epoch 1 **** Loss 0.34037673473358154 **** Metrics validation: {'accuracy': 0.5432372505543237, 'f1_weighted': 0.5692777492264947, 'macro': 0.519785114701977, 'micro': 0.5432372505543237, 'binary': 0.4136622390891841, 'accuracy_majority': 0.5490830636461704, 'macro_majority': 0.530797733217088, 'binary_majority': 0.4381720430107527, 'run_time_millis': 4835.276840254664, 'loss_mean': 0.2778421938419342}
Epoch 2 **** Loss 0.226761594414711 **** Metrics validation: {'accuracy': 0.6954915003695491, 'f1_weighted': 0.6828101433633236, 'macro': 0.5802212168129597, 'micro': 0.6954915003695491, 'binary': 0.3602484472049689, 'accuracy_majority': 0.6903991370010788, 'macro_majority': 0.5880861144011704, 'binary_majority': 0.38279569892473114, 'run_time_millis': 6869.28021768108, 'loss_mean': 0.31044313311576843}
Epoch 3 **** Loss 0.12419255077838898 **** Metrics validation: {'accuracy': 0.49963045084996305, 'f1_weighted': 0.5238571260409721, 'macro': 0.48822301870874196, 'micro': 0.49963045084996305, 'binary': 0.41181581233709813, 'accuracy_majority': 0.511326860841424, 'macro_majority': 0.5027136166357785, 'binary_majority': 0.4372670807453416, 'run_time_millis': 4838.859095238149, 'loss_mean': 0.3704134523868561}
Epoch 4 **** Loss 0.09716816991567612 **** Metrics validation: {'accuracy': 0.5343680709534369, 'f1_weighted': 0.5599526611869063, 'macro': 0.5160834317376692, 'micro': 0.5343680709534369, 'binary': 0.42201834862385323, 'accuracy_majority': 0.5393743257820928, 'macro_majority': 0.5263010508453075, 'binary_majority': 0.4476067270375162, 'run_time_millis': 4842.898386996239, 'loss_mean': 0.3615317642688751}
Epoch 5 **** Loss 0.3723386824131012 **** Metrics validation: {'accuracy': 0.6104951958610495, 'f1_weighted': 0.6225071901883675, 'macro': 0.5353857140902328, 'micro': 0.6104951958610495, 'binary': 0.34857849196538937, 'accuracy_majority': 0.6084142394822006, 'macro_majority': 0.5441755562328559, 'binary_majority': 0.37305699481865284, 'run_time_millis': 6867.922463919967, 'loss_mean': 0.5857326984405518}
Epoch 6 **** Loss 0.027864841744303703 **** Metrics validation: {'accuracy': 0.6600147819660015, 'f1_weighted': 0.6491970704831015, 'macro': 0.5391006842619745, 'micro': 0.6600147819660015, 'binary': 0.30303030303030304, 'accuracy_majority': 0.6483279395900755, 'macro_majority': 0.53800220143093, 'binary_majority': 0.3122362869198312, 'run_time_millis': 4839.241988956928, 'loss_mean': 1.0040695667266846}
Epoch 7 **** Loss 0.04677503928542137 **** Metrics validation: {'accuracy': 0.6452328159645233, 'f1_weighted': 0.6461566991049839, 'macro': 0.5489949888332093, 'micro': 0.6452328159645233, 'binary': 0.34065934065934067, 'accuracy_majority': 0.6353829557713053, 'macro_majority': 0.5493683338510924, 'binary_majority': 0.3524904214559387, 'run_time_millis': 4838.483541272581, 'loss_mean': 1.0678040981292725}
Epoch 8 **** Loss 0.019961263984441757 **** Metrics validation: {'accuracy': 0.6267553584626755, 'f1_weighted': 0.6311935022858872, 'macro': 0.5346256142704867, 'micro': 0.6267553584626755, 'binary': 0.32756324900133155, 'accuracy_majority': 0.6235167206040992, 'macro_majority': 0.5415345808563554, 'binary_majority': 0.34766355140186916, 'run_time_millis': 6868.665491696447, 'loss_mean': 1.10126793384552}
Epoch 9 **** Loss 0.07048852741718292 **** Metrics validation: {'accuracy': 0.6363636363636364, 'f1_weighted': 0.636041685739571, 'macro': 0.5344662638469285, 'micro': 0.6363636363636364, 'binary': 0.31666666666666665, 'accuracy_majority': 0.6310679611650486, 'macro_majority': 0.5397032347987689, 'binary_majority': 0.33463035019455256, 'run_time_millis': 4838.08940788731, 'loss_mean': 1.2618179321289062}
Evaluating
{'accuracy': 0.6954915003695491, 'f1_weighted': 0.6828101433633236, 'macro': 0.5802212168129597, 'micro': 0.6954915003695491, 'binary': 0.3602484472049689, 'accuracy_majority': 0.6903991370010788, 'macro_majority': 0.5880861144011704, 'binary_majority': 0.38279569892473114, 'run_time_millis': 6864.934764336795, 'loss_mean': 0.31044313311576843}
