______________________________	 Running Epoch 1 of 10 	______________________________
[Training] Itteration/Batch:   0/387: Loss: 1.52 | Accuracy: 0.51
[Training] Itteration/Batch:  25/387: Loss: 1.35 | Accuracy: 0.62
[Training] Itteration/Batch:  50/387: Loss: 1.61 | Accuracy: 0.63
[Training] Itteration/Batch:  75/387: Loss: 1.46 | Accuracy: 0.66
[Training] Itteration/Batch: 100/387: Loss: 1.72 | Accuracy: 0.47
[Training] Itteration/Batch: 125/387: Loss: 1.77 | Accuracy: 0.60
[Training] Itteration/Batch: 150/387: Loss: 1.27 | Accuracy: 0.80
[Training] Itteration/Batch: 175/387: Loss: 1.27 | Accuracy: 0.67
[Training] Itteration/Batch: 200/387: Loss: 1.28 | Accuracy: 0.68
[Training] Itteration/Batch: 225/387: Loss: 1.49 | Accuracy: 0.77
[Training] Itteration/Batch: 250/387: Loss: 1.42 | Accuracy: 0.76
[Training] Itteration/Batch: 275/387: Loss: 1.40 | Accuracy: 0.73
[Training] Itteration/Batch: 300/387: Loss: 1.73 | Accuracy: 0.63
[Training] Itteration/Batch: 325/387: Loss: 1.15 | Accuracy: 0.74
[Training] Itteration/Batch: 350/387: Loss: 1.26 | Accuracy: 0.74
[Training] Itteration/Batch: 375/387: Loss: 1.38 | Accuracy: 0.69

Epoch 1: Val Bin. F1 Majority 0.5646518468856812 | Val Macro F1 Majority 0.681475175119818 |             Val Bin F1 Individual 0.6532536745071411 | Val Macro F1 Individual 0.7461746222499519 |             Val Accuracy Majority 0.724321722984314 | Val Accuracy Individual 0.7801913022994995 | Training Loss:1.5037819147109985 |             Val Loss 1.2731338739395142 | Train Runtime Millis 35525.59748599969 | Val Runtime Millis 6320.351155000026

______________________________	 Running Epoch 2 of 10 	______________________________
[Training] Itteration/Batch:   0/387: Loss: 1.05 | Accuracy: 0.78
[Training] Itteration/Batch:  25/387: Loss: 1.30 | Accuracy: 0.77
[Training] Itteration/Batch:  50/387: Loss: 1.09 | Accuracy: 0.88
[Training] Itteration/Batch:  75/387: Loss: 0.91 | Accuracy: 0.79
[Training] Itteration/Batch: 100/387: Loss: 0.94 | Accuracy: 0.87
[Training] Itteration/Batch: 125/387: Loss: 0.92 | Accuracy: 0.82
[Training] Itteration/Batch: 150/387: Loss: 1.16 | Accuracy: 0.87
[Training] Itteration/Batch: 175/387: Loss: 0.75 | Accuracy: 0.88
[Training] Itteration/Batch: 200/387: Loss: 0.91 | Accuracy: 0.80
[Training] Itteration/Batch: 225/387: Loss: 1.27 | Accuracy: 0.82
[Training] Itteration/Batch: 250/387: Loss: 1.18 | Accuracy: 0.78
[Training] Itteration/Batch: 275/387: Loss: 0.96 | Accuracy: 0.88
[Training] Itteration/Batch: 300/387: Loss: 1.15 | Accuracy: 0.85
[Training] Itteration/Batch: 325/387: Loss: 1.58 | Accuracy: 0.75
[Training] Itteration/Batch: 350/387: Loss: 1.10 | Accuracy: 0.81
[Training] Itteration/Batch: 375/387: Loss: 1.10 | Accuracy: 0.82

Epoch 2: Val Bin. F1 Majority 0.6308345198631287 | Val Macro F1 Majority 0.7192492383252431 |             Val Bin F1 Individual 0.6744885444641113 | Val Macro F1 Individual 0.7566423769630054 |             Val Accuracy Majority 0.7470930218696594 | Val Accuracy Individual 0.7843762636184692 | Training Loss:1.1385518312454224 |             Val Loss 1.20402193069458 | Train Runtime Millis 35114.25660999976 | Val Runtime Millis 6295.812335999926

______________________________	 Running Epoch 3 of 10 	______________________________
[Training] Itteration/Batch:   0/387: Loss: 1.21 | Accuracy: 0.76
[Training] Itteration/Batch:  25/387: Loss: 0.86 | Accuracy: 0.87
[Training] Itteration/Batch:  50/387: Loss: 0.99 | Accuracy: 0.87
[Training] Itteration/Batch:  75/387: Loss: 1.03 | Accuracy: 0.79
[Training] Itteration/Batch: 100/387: Loss: 1.24 | Accuracy: 0.83
[Training] Itteration/Batch: 125/387: Loss: 0.68 | Accuracy: 0.91
[Training] Itteration/Batch: 150/387: Loss: 1.03 | Accuracy: 0.84
[Training] Itteration/Batch: 175/387: Loss: 1.09 | Accuracy: 0.84
[Training] Itteration/Batch: 200/387: Loss: 1.02 | Accuracy: 0.81
[Training] Itteration/Batch: 225/387: Loss: 0.70 | Accuracy: 0.83
[Training] Itteration/Batch: 250/387: Loss: 0.79 | Accuracy: 0.79
[Training] Itteration/Batch: 275/387: Loss: 0.82 | Accuracy: 0.91
[Training] Itteration/Batch: 300/387: Loss: 0.54 | Accuracy: 0.97
[Training] Itteration/Batch: 325/387: Loss: 1.12 | Accuracy: 0.76
[Training] Itteration/Batch: 350/387: Loss: 1.03 | Accuracy: 0.87
[Training] Itteration/Batch: 375/387: Loss: 0.84 | Accuracy: 0.86

Epoch 3: Val Bin. F1 Majority 0.6225070953369141 | Val Macro F1 Majority 0.7139701544987889 |             Val Bin F1 Individual 0.6924428939819336 | Val Macro F1 Individual 0.7669402571924335 |             Val Accuracy Majority 0.7432170510292053 | Val Accuracy Individual 0.7907533049583435 | Training Loss:0.9207726716995239 |             Val Loss 1.2222816944122314 | Train Runtime Millis 34807.405328999725 | Val Runtime Millis 6291.134420000162

______________________________	 Running Epoch 4 of 10 	______________________________
[Training] Itteration/Batch:   0/387: Loss: 0.49 | Accuracy: 0.97
[Training] Itteration/Batch:  25/387: Loss: 0.87 | Accuracy: 0.85
[Training] Itteration/Batch:  50/387: Loss: 0.78 | Accuracy: 0.82
[Training] Itteration/Batch:  75/387: Loss: 0.67 | Accuracy: 0.93
[Training] Itteration/Batch: 100/387: Loss: 0.70 | Accuracy: 0.88
[Training] Itteration/Batch: 125/387: Loss: 1.00 | Accuracy: 0.85
[Training] Itteration/Batch: 150/387: Loss: 0.74 | Accuracy: 0.89
[Training] Itteration/Batch: 175/387: Loss: 0.60 | Accuracy: 0.89
[Training] Itteration/Batch: 200/387: Loss: 0.52 | Accuracy: 0.91
[Training] Itteration/Batch: 225/387: Loss: 1.17 | Accuracy: 0.82
[Training] Itteration/Batch: 250/387: Loss: 0.47 | Accuracy: 0.95
[Training] Itteration/Batch: 275/387: Loss: 1.11 | Accuracy: 0.80
[Training] Itteration/Batch: 300/387: Loss: 1.18 | Accuracy: 0.81
[Training] Itteration/Batch: 325/387: Loss: 1.07 | Accuracy: 0.80
[Training] Itteration/Batch: 350/387: Loss: 0.64 | Accuracy: 0.93
[Training] Itteration/Batch: 375/387: Loss: 0.60 | Accuracy: 0.90

Epoch 4: Val Bin. F1 Majority 0.6430034041404724 | Val Macro F1 Majority 0.7233041848924524 |             Val Bin F1 Individual 0.6920597553253174 | Val Macro F1 Individual 0.7666851778947005 |             Val Accuracy Majority 0.746608555316925 | Val Accuracy Individual 0.7905539870262146 | Training Loss:0.7599126100540161 |             Val Loss 1.2462462186813354 | Train Runtime Millis 34652.226611000064 | Val Runtime Millis 6250.970334999693

