Device cuda
Split type sit
Training Size: 7856, NTA labels 5145, YTA labels 2711
Validation Size: 2655, NTA labels 1749, YTA labels 906
Test Size: 2643, NTA labels 1734, YTA labels 909
Training with SBERT, model name is sbert
Tokenizing the dataset
Number of training steps 2460
Epoch 0 **** Loss 0.2154032588005066 **** Metrics validation: {'accuracy': 0.7386064030131827, 'f1_weighted': 0.7416459139455011, 'macro': 0.7165252500636927, 'micro': 0.7386064030131828, 'binary': 0.6374085684430512, 'accuracy_majority': 0.7471612414837244, 'macro_majority': 0.7323250339739856, 'binary_majority': 0.6693069306930692, 'run_time_millis': 3533.2034250000106, 'loss_mean': 0.24625734984874725}
Epoch 1 **** Loss 0.21786819398403168 **** Metrics validation: {'accuracy': 0.7408662900188324, 'f1_weighted': 0.7441705153424637, 'macro': 0.7197366386071894, 'micro': 0.7408662900188324, 'binary': 0.6427829698857737, 'accuracy_majority': 0.7464042392127176, 'macro_majority': 0.7318257374814944, 'binary_majority': 0.6692991115498519, 'run_time_millis': 3527.155025999946, 'loss_mean': 0.25375986099243164}
Epoch 2 **** Loss 0.16119587421417236 **** Metrics validation: {'accuracy': 0.6888888888888889, 'f1_weighted': 0.6959113975473894, 'macro': 0.6854149883290988, 'micro': 0.6888888888888889, 'binary': 0.6523569023569024, 'accuracy_majority': 0.720666161998486, 'macro_majority': 0.7194772234835078, 'binary_majority': 0.7012145748987854, 'run_time_millis': 2664.9515550002434, 'loss_mean': 0.2660849392414093}
Epoch 3 **** Loss 0.18876546621322632 **** Metrics validation: {'accuracy': 0.6595103578154425, 'f1_weighted': 0.6637972797022411, 'macro': 0.6587780086597812, 'micro': 0.6595103578154425, 'binary': 0.6429699842022116, 'accuracy_majority': 0.6971990915972748, 'macro_majority': 0.6971905888393757, 'binary_majority': 0.6955859969558599, 'run_time_millis': 3528.818130000218, 'loss_mean': 0.27701085805892944}
Epoch 4 **** Loss 0.14618435502052307 **** Metrics validation: {'accuracy': 0.6538606403013183, 'f1_weighted': 0.658365160608785, 'macro': 0.6530542366658556, 'micro': 0.6538606403013183, 'binary': 0.6363276612584091, 'accuracy_majority': 0.6941710825132476, 'macro_majority': 0.6941568861177334, 'binary_majority': 0.6920731707317074, 'run_time_millis': 3525.808465999944, 'loss_mean': 0.28097209334373474}
Epoch 5 **** Loss 0.11342738568782806 **** Metrics validation: {'accuracy': 0.7303201506591337, 'f1_weighted': 0.7367710059176235, 'macro': 0.7182741658397089, 'micro': 0.7303201506591337, 'binary': 0.6600189933523267, 'accuracy_majority': 0.7479182437547313, 'macro_majority': 0.7396073626168722, 'binary_majority': 0.6930875576036866, 'run_time_millis': 3536.6253750003125, 'loss_mean': 0.36049604415893555}
Epoch 6 **** Loss 0.17947137355804443 **** Metrics validation: {'accuracy': 0.7314500941619586, 'f1_weighted': 0.7380764231903805, 'macro': 0.7205654659146448, 'micro': 0.7314500941619585, 'binary': 0.6654152979821679, 'accuracy_majority': 0.7494322482967449, 'macro_majority': 0.7425489509151341, 'binary_majority': 0.7004524886877829, 'run_time_millis': 2214.405603999694, 'loss_mean': 0.39145874977111816}
Epoch 7 **** Loss 0.1203916147351265 **** Metrics validation: {'accuracy': 0.7209039548022599, 'f1_weighted': 0.7279439306445921, 'macro': 0.7106415993469652, 'micro': 0.7209039548022599, 'binary': 0.6561484918793503, 'accuracy_majority': 0.7403482210446631, 'macro_majority': 0.7338766184758063, 'binary_majority': 0.6923766816143498, 'run_time_millis': 2518.340934000207, 'loss_mean': 0.40614083409309387}
Epoch 8 **** Loss 0.1450241655111313 **** Metrics validation: {'accuracy': 0.7265536723163842, 'f1_weighted': 0.7332935465902761, 'macro': 0.715426521392506, 'micro': 0.7265536723163842, 'binary': 0.6591549295774648, 'accuracy_majority': 0.74110522331567, 'macro_majority': 0.7341945975458795, 'binary_majority': 0.6913357400722022, 'run_time_millis': 3533.0345829997896, 'loss_mean': 0.4541681706905365}
Epoch 9 **** Loss 0.09125398099422455 **** Metrics validation: {'accuracy': 0.7337099811676083, 'f1_weighted': 0.7397841435741817, 'macro': 0.7204614307110071, 'micro': 0.7337099811676083, 'binary': 0.6596051998074146, 'accuracy_majority': 0.744890234670704, 'macro_majority': 0.7361821835548621, 'binary_majority': 0.6882516188714153, 'run_time_millis': 3126.3888069997847, 'loss_mean': 0.4870881140232086}
Evaluating
{'accuracy': 0.7408662900188324, 'f1_weighted': 0.7441705153424637, 'macro': 0.7197366386071894, 'micro': 0.7408662900188324, 'binary': 0.6427829698857737, 'accuracy_majority': 0.7464042392127176, 'macro_majority': 0.7318257374814944, 'binary_majority': 0.6692991115498519, 'run_time_millis': 2871.44299900001, 'loss_mean': 0.25375986099243164}
