Device cuda
Split type sit
Training Size: 120789, NTA labels 116163, YTA labels 4626
Validation Size: 40243, NTA labels 38656, YTA labels 1587
Test Size: 40378, NTA labels 38851, YTA labels 1527
Training with SBERT, model name is sbert
Tokenizing the dataset
Number of training steps 37750
Epoch 0 **** Loss 0.2791155278682709 **** Metrics validation: {'accuracy': 0.9421514300623711, 'f1_weighted': 0.9468109088746726, 'macro': 0.6802642729283656, 'micro': 0.9421514300623711, 'binary': 0.39089481946624804, 'accuracy_majority': 0.9536206896551724, 'macro_majority': 0.7071124444547068, 'binary_majority': 0.4384133611691023, 'run_time_millis': 19078.75865099959, 'loss_mean': 0.0654912069439888}
Epoch 1 **** Loss 0.15726099908351898 **** Metrics validation: {'accuracy': 0.9528613671942947, 'f1_weighted': 0.9534636187261624, 'macro': 0.6968560091307365, 'micro': 0.9528613671942947, 'binary': 0.41827660226924257, 'accuracy_majority': 0.9652586206896552, 'macro_majority': 0.7400692618557536, 'binary_majority': 0.4981320049813201, 'run_time_millis': 18729.881270999613, 'loss_mean': 0.06310348957777023}
Epoch 2 **** Loss 0.02923147939145565 **** Metrics validation: {'accuracy': 0.9532589518674055, 'f1_weighted': 0.9541196366788183, 'macro': 0.7029013274326819, 'micro': 0.9532589518674055, 'binary': 0.4301726749469858, 'accuracy_majority': 0.9637068965517241, 'macro_majority': 0.7310419579722494, 'binary_majority': 0.48088779284833544, 'run_time_millis': 18682.701944000655, 'loss_mean': 0.06309927254915237}
Epoch 3 **** Loss 0.06775640696287155 **** Metrics validation: {'accuracy': 0.9492085580100887, 'f1_weighted': 0.9517012119571489, 'macro': 0.6978545384308485, 'micro': 0.9492085580100887, 'binary': 0.42227247032221593, 'accuracy_majority': 0.9589655172413794, 'macro_majority': 0.7237042682926829, 'binary_majority': 0.46875, 'run_time_millis': 17584.746322001592, 'loss_mean': 0.06765570491552353}
Epoch 4 **** Loss 0.008665208704769611 **** Metrics validation: {'accuracy': 0.9505752553239073, 'f1_weighted': 0.9523692540946105, 'macro': 0.6975733137451806, 'micro': 0.9505752553239073, 'binary': 0.4209606986899563, 'accuracy_majority': 0.961551724137931, 'macro_majority': 0.7282843892301964, 'binary_majority': 0.47652582159624407, 'run_time_millis': 17647.19725299983, 'loss_mean': 0.07934851199388504}
Epoch 5 **** Loss 0.1236836314201355 **** Metrics validation: {'accuracy': 0.9378773948264294, 'f1_weighted': 0.9454730355169466, 'macro': 0.6918128510513766, 'micro': 0.9378773948264294, 'binary': 0.41643323996265175, 'accuracy_majority': 0.9450862068965518, 'macro_majority': 0.6983866920822098, 'binary_majority': 0.42560865644724977, 'run_time_millis': 18636.834328000987, 'loss_mean': 0.07678122818470001}
Epoch 6 **** Loss 0.0002930801420006901 **** Metrics validation: {'accuracy': 0.9391446959719703, 'f1_weighted': 0.9460100451853486, 'macro': 0.6902395627826144, 'micro': 0.9391446959719703, 'binary': 0.4125689613816263, 'accuracy_majority': 0.9475862068965517, 'macro_majority': 0.7026796602669947, 'binary_majority': 0.43283582089552236, 'run_time_millis': 16639.613231000112, 'loss_mean': 0.08335671573877335}
Epoch 7 **** Loss 0.06394418329000473 **** Metrics validation: {'accuracy': 0.9377034515319435, 'f1_weighted': 0.9451447724189194, 'macro': 0.6885472617590956, 'micro': 0.9377034515319435, 'binary': 0.40997881854554014, 'accuracy_majority': 0.9443103448275862, 'macro_majority': 0.6933372466909837, 'binary_majority': 0.41591320072332727, 'run_time_millis': 18714.169882001443, 'loss_mean': 0.0897509828209877}
Epoch 8 **** Loss 0.28247714042663574 **** Metrics validation: {'accuracy': 0.9393434883085257, 'f1_weighted': 0.9459997749434571, 'macro': 0.6887089623571447, 'micro': 0.9393434883085257, 'binary': 0.40938785385918225, 'accuracy_majority': 0.9462931034482759, 'macro_majority': 0.6939859741171959, 'binary_majority': 0.41611996251171507, 'run_time_millis': 18607.323402000475, 'loss_mean': 0.09594903141260147}
Epoch 9 **** Loss 0.01982000842690468 **** Metrics validation: {'accuracy': 0.94133141167408, 'f1_weighted': 0.947012227867236, 'macro': 0.6886291904879679, 'micro': 0.94133141167408, 'binary': 0.4081223364251692, 'accuracy_majority': 0.9503448275862069, 'macro_majority': 0.7035531034639422, 'binary_majority': 0.4330708661417323, 'run_time_millis': 18642.853201001344, 'loss_mean': 0.09999643266201019}
Evaluating
{'accuracy': 0.9532589518674055, 'f1_weighted': 0.9541196366788183, 'macro': 0.7029013274326819, 'micro': 0.9532589518674055, 'binary': 0.4301726749469858, 'accuracy_majority': 0.9637068965517241, 'macro_majority': 0.7310419579722494, 'binary_majority': 0.48088779284833544, 'run_time_millis': 19025.600257000406, 'loss_mean': 0.06309927254915237}
