Device cuda
DATASET: GE'surprise, MODEL: sbertbase, 
Split type sit
DATASET: GE'surprise, MODEL: sbertbase, PERCENTAGE: False, NUM_COMMENTS_PER_ANNO: 261
Training Size: 6266, NTA labels 6112, YTA labels 154
Validation Size: 2173, NTA labels 2124, YTA labels 49
Test Size: 1999, NTA labels 1942, YTA labels 57
Training with SBERT, model name is sbert
Tokenizing the dataset
Number of training steps 1960
Epoch 0 **** Loss 0.01834055408835411 **** Metrics validation: {'accuracy': 0.9351127473538886, 'f1_weighted': 0.9475462454277671, 'macro': 0.5506307299924176, 'micro': 0.9351127473538886, 'binary': 0.13496932515337423, 'accuracy_majority': 0.9351351351351351, 'macro_majority': 0.5740235374381716, 'binary_majority': 0.18181818181818182, 'run_time_millis': 2934.29215811193, 'loss_mean': 0.03432842716574669}
Epoch 1 **** Loss 0.0260796956717968 **** Metrics validation: {'accuracy': 0.8444546709618039, 'f1_weighted': 0.8973749328297441, 'macro': 0.5408504413493036, 'micro': 0.8444546709618039, 'binary': 0.16748768472906403, 'accuracy_majority': 0.8486486486486486, 'macro_majority': 0.5656022586446268, 'binary_majority': 0.21495327102803738, 'run_time_millis': 1808.0060281790793, 'loss_mean': 0.027118302881717682}
Epoch 2 **** Loss 0.03618563339114189 **** Metrics validation: {'accuracy': 0.8849516797054763, 'f1_weighted': 0.9215243399055193, 'macro': 0.5734130100197883, 'micro': 0.8849516797054763, 'binary': 0.2088607594936709, 'accuracy_majority': 0.8864864864864865, 'macro_majority': 0.5986800573888091, 'binary_majority': 0.2588235294117647, 'run_time_millis': 2928.945299703628, 'loss_mean': 0.025918571278452873}
Epoch 3 **** Loss 0.02649049088358879 **** Metrics validation: {'accuracy': 0.9176254026691211, 'f1_weighted': 0.9409740101545367, 'macro': 0.6158172280589815, 'micro': 0.9176254026691211, 'binary': 0.27530364372469635, 'accuracy_majority': 0.9198198198198199, 'macro_majority': 0.649027444710898, 'binary_majority': 0.34074074074074073, 'run_time_millis': 2952.5503893382847, 'loss_mean': 0.029152406379580498}
Epoch 4 **** Loss 0.01399447862058878 **** Metrics validation: {'accuracy': 0.9167050161067648, 'f1_weighted': 0.9404261558775622, 'macro': 0.6144568510801811, 'micro': 0.9167050161067648, 'binary': 0.27309236947791166, 'accuracy_majority': 0.918018018018018, 'macro_majority': 0.6460397167196387, 'binary_majority': 0.3357664233576642, 'run_time_millis': 2942.0142346061766, 'loss_mean': 0.03272628039121628}
Epoch 5 **** Loss 0.003177671693265438 **** Metrics validation: {'accuracy': 0.9516797054763001, 'f1_weighted': 0.9611030261898318, 'macro': 0.6692613772259791, 'micro': 0.9516797054763001, 'binary': 0.3636363636363637, 'accuracy_majority': 0.9495495495495495, 'macro_majority': 0.69515065913371, 'binary_majority': 0.4166666666666667, 'run_time_millis': 2931.850559078157, 'loss_mean': 0.04120391607284546}
Epoch 6 **** Loss 0.002377391094341874 **** Metrics validation: {'accuracy': 0.9387942936033133, 'f1_weighted': 0.9533021280621177, 'macro': 0.6429541228866693, 'micro': 0.9387942936033133, 'binary': 0.31794871794871793, 'accuracy_majority': 0.9378378378378378, 'macro_majority': 0.6728307254623044, 'binary_majority': 0.37837837837837834, 'run_time_millis': 920.5258688889444, 'loss_mean': 0.04149923101067543}
Epoch 7 **** Loss 0.007960665971040726 **** Metrics validation: {'accuracy': 0.9627243442245743, 'f1_weighted': 0.9670661917346598, 'macro': 0.6764425277531144, 'micro': 0.9627243442245743, 'binary': 0.37209302325581395, 'accuracy_majority': 0.9585585585585585, 'macro_majority': 0.686640809112333, 'binary_majority': 0.39473684210526316, 'run_time_millis': 2934.7567367367446, 'loss_mean': 0.0553913451731205}
Epoch 8 **** Loss 0.0010759019060060382 **** Metrics validation: {'accuracy': 0.9604233778186838, 'f1_weighted': 0.9661622703218663, 'macro': 0.682633652605122, 'micro': 0.9604233778186838, 'binary': 0.3857142857142857, 'accuracy_majority': 0.9585585585585585, 'macro_majority': 0.7087544776289671, 'binary_majority': 0.43902439024390244, 'run_time_millis': 2689.275191165507, 'loss_mean': 0.05402794107794762}
Epoch 9 **** Loss 0.013254174962639809 **** Metrics validation: {'accuracy': 0.9608835710998619, 'f1_weighted': 0.9658679874400298, 'macro': 0.6703633044157986, 'micro': 0.9608835710998619, 'binary': 0.3609022556390977, 'accuracy_majority': 0.9567567567567568, 'macro_majority': 0.6811032105149752, 'binary_majority': 0.38461538461538464, 'run_time_millis': 1918.5777502134442, 'loss_mean': 0.056919097900390625}
Evaluating
{'accuracy': 0.9627243442245743, 'f1_weighted': 0.9670661917346598, 'macro': 0.6764425277531144, 'micro': 0.9627243442245743, 'binary': 0.37209302325581395, 'accuracy_majority': 0.9585585585585585, 'macro_majority': 0.686640809112333, 'binary_majority': 0.39473684210526316, 'run_time_millis': 2925.2229440025985, 'loss_mean': 0.0553913451731205}
