Device cuda
DATASET: GE'surprise, MODEL: sbertbase, 
Split type sit
DATASET: GE'surprise, MODEL: sbertbase, PERCENTAGE: False, NUM_COMMENTS_PER_ANNO: 156
Training Size: 15645, NTA labels 15241, YTA labels 404
Validation Size: 5203, NTA labels 5073, YTA labels 130
Test Size: 4997, NTA labels 4886, YTA labels 111
Training with SBERT, model name is sbert
Tokenizing the dataset
Number of training steps 4890
Epoch 0 **** Loss 0.008825198747217655 **** Metrics validation: {'accuracy': 0.9290793772823371, 'f1_weighted': 0.9459072826086042, 'macro': 0.6272086771383384, 'micro': 0.9290793772823371, 'binary': 0.291746641074856, 'accuracy_majority': 0.9359543436905516, 'macro_majority': 0.6250832680135489, 'binary_majority': 0.28368794326241137, 'run_time_millis': 2971.7744500376284, 'loss_mean': 0.029729684814810753}
Epoch 1 **** Loss 0.01703023724257946 **** Metrics validation: {'accuracy': 0.9223524889486835, 'f1_weighted': 0.9417971442130226, 'macro': 0.6148756102959175, 'micro': 0.9223524889486835, 'binary': 0.27075812274368233, 'accuracy_majority': 0.927710843373494, 'macro_majority': 0.6010252996005326, 'binary_majority': 0.24, 'run_time_millis': 3304.5808584429324, 'loss_mean': 0.03101787157356739}
Epoch 2 **** Loss 0.016306601464748383 **** Metrics validation: {'accuracy': 0.8975591005189314, 'f1_weighted': 0.9277899771428756, 'macro': 0.6008069943153985, 'micro': 0.8975591005189314, 'binary': 0.25662482566248257, 'accuracy_majority': 0.9004438807863031, 'macro_majority': 0.5866993404590245, 'binary_majority': 0.22660098522167488, 'run_time_millis': 1879.4037457555532, 'loss_mean': 0.032607316970825195}
Epoch 3 **** Loss 0.012489828281104565 **** Metrics validation: {'accuracy': 0.9260042283298098, 'f1_weighted': 0.9440503537949734, 'macro': 0.6220214795195081, 'micro': 0.9260042283298098, 'binary': 0.28305400372439476, 'accuracy_majority': 0.932149651236525, 'macro_majority': 0.6231359367497125, 'binary_majority': 0.28187919463087246, 'run_time_millis': 3995.480688754469, 'loss_mean': 0.04409150406718254}
Epoch 4 **** Loss 0.02089829556643963 **** Metrics validation: {'accuracy': 0.8954449356140688, 'f1_weighted': 0.9265637548659371, 'macro': 0.5992864706915004, 'micro': 0.8954449356140688, 'binary': 0.2547945205479452, 'accuracy_majority': 0.8972733037412809, 'macro_majority': 0.5830820147266176, 'binary_majority': 0.22115384615384615, 'run_time_millis': 3974.3867213837802, 'loss_mean': 0.042225245386362076}
Epoch 5 **** Loss 0.012452047318220139 **** Metrics validation: {'accuracy': 0.9417643667115125, 'f1_weighted': 0.9528177485631266, 'macro': 0.6333039094255359, 'micro': 0.9417643667115125, 'binary': 0.29698375870069604, 'accuracy_majority': 0.9492707672796449, 'macro_majority': 0.6420058568477447, 'binary_majority': 0.3103448275862069, 'run_time_millis': 3290.3703399933875, 'loss_mean': 0.07390124350786209}
Epoch 6 **** Loss 0.0021045368630439043 **** Metrics validation: {'accuracy': 0.9290793772823371, 'f1_weighted': 0.9455342156253529, 'macro': 0.6188825452256475, 'micro': 0.9290793772823371, 'binary': 0.27504911591355596, 'accuracy_majority': 0.9346861128725428, 'macro_majority': 0.6176591743108468, 'binary_majority': 0.2695035460992908, 'run_time_millis': 4004.808889236301, 'loss_mean': 0.06196298077702522}
Epoch 7 **** Loss 0.005188030190765858 **** Metrics validation: {'accuracy': 0.9473380741879684, 'f1_weighted': 0.9558575401271795, 'macro': 0.6368293572671728, 'micro': 0.9473380741879684, 'binary': 0.3010204081632653, 'accuracy_majority': 0.9562460367786937, 'macro_majority': 0.6537407757443843, 'binary_majority': 0.3300970873786408, 'run_time_millis': 2978.485856205225, 'loss_mean': 0.08785327523946762}
Epoch 8 **** Loss 0.0023822346702218056 **** Metrics validation: {'accuracy': 0.9442629252354411, 'f1_weighted': 0.9537950385995251, 'macro': 0.626592008331007, 'micro': 0.9442629252354411, 'binary': 0.28217821782178215, 'accuracy_majority': 0.953709575142676, 'macro_majority': 0.6468995089393889, 'binary_majority': 0.31775700934579443, 'run_time_millis': 3995.528619736433, 'loss_mean': 0.0881047248840332}
Epoch 9 **** Loss 0.014355463907122612 **** Metrics validation: {'accuracy': 0.9486834518546993, 'f1_weighted': 0.9561676170618545, 'macro': 0.6287850629116943, 'micro': 0.9486834518546993, 'binary': 0.28418230563002683, 'accuracy_majority': 0.9568801521876982, 'macro_majority': 0.641935570039534, 'binary_majority': 0.3061224489795918, 'run_time_millis': 3988.846904132515, 'loss_mean': 0.09903700649738312}
Evaluating
{'accuracy': 0.9486834518546993, 'f1_weighted': 0.9561676170618545, 'macro': 0.6287850629116943, 'micro': 0.9486834518546993, 'binary': 0.28418230563002683, 'accuracy_majority': 0.9568801521876982, 'macro_majority': 0.641935570039534, 'binary_majority': 0.3061224489795918, 'run_time_millis': 2995.1394740492105, 'loss_mean': 0.09903700649738312}
