Device cuda
Split type sit
Training Size: 3869, NTA labels 2460, YTA labels 1409
Validation Size: 1304, NTA labels 810, YTA labels 494
Test Size: 1321, NTA labels 822, YTA labels 499
Training with SBERT, model name is sbert
Tokenizing the dataset
Number of training steps 1210
Epoch 0 **** Loss 0.2518923580646515 **** Metrics validation: {'accuracy': 0.7208588957055214, 'f1_weighted': 0.7225148954767492, 'macro': 0.7206459814492208, 'micro': 0.7208588957055214, 'binary': 0.7129337539432177, 'accuracy_majority': 0.7265469061876247, 'macro_majority': 0.7256901009923387, 'binary_majority': 0.7410207939508506, 'run_time_millis': 2914.335467000001, 'loss_mean': 0.24447152018547058}
Epoch 1 **** Loss 0.17826998233795166 **** Metrics validation: {'accuracy': 0.7837423312883436, 'f1_weighted': 0.7772300264919131, 'macro': 0.758175505050505, 'micro': 0.7837423312883436, 'binary': 0.6795454545454546, 'accuracy_majority': 0.7614770459081837, 'macro_majority': 0.7446807149596728, 'binary_majority': 0.6791946308724832, 'run_time_millis': 2299.1106630001923, 'loss_mean': 0.2728487253189087}
Epoch 2 **** Loss 0.1546039879322052 **** Metrics validation: {'accuracy': 0.7806748466257669, 'f1_weighted': 0.7723831863119436, 'macro': 0.751913149912192, 'micro': 0.7806748466257669, 'binary': 0.6674418604651163, 'accuracy_majority': 0.7614770459081837, 'macro_majority': 0.7432463292645664, 'binary_majority': 0.6748299319727891, 'run_time_millis': 2542.6354680002987, 'loss_mean': 0.3099057972431183}
Epoch 3 **** Loss 0.08246166259050369 **** Metrics validation: {'accuracy': 0.7921779141104295, 'f1_weighted': 0.7930453374114196, 'macro': 0.7811276955369457, 'micro': 0.7921779141104295, 'binary': 0.731948565776459, 'accuracy_majority': 0.782435129740519, 'macro_majority': 0.7778469349149978, 'binary_majority': 0.745920745920746, 'run_time_millis': 2857.938755000305, 'loss_mean': 0.3494420647621155}
Epoch 4 **** Loss 0.05694235488772392 **** Metrics validation: {'accuracy': 0.7960122699386503, 'f1_weighted': 0.7961710754614942, 'macro': 0.7836254391568189, 'micro': 0.7960122699386503, 'binary': 0.7318548387096775, 'accuracy_majority': 0.7784431137724551, 'macro_majority': 0.772939403961342, 'binary_majority': 0.7375886524822696, 'run_time_millis': 2910.3883920001863, 'loss_mean': 0.3679584264755249}
Epoch 5 **** Loss 0.02187686413526535 **** Metrics validation: {'accuracy': 0.8075153374233128, 'f1_weighted': 0.8077019774329823, 'macro': 0.795906328821877, 'micro': 0.8075153374233128, 'binary': 0.7472306143001006, 'accuracy_majority': 0.7964071856287425, 'macro_majority': 0.792113645516787, 'binary_majority': 0.7622377622377623, 'run_time_millis': 2912.5928640000893, 'loss_mean': 0.3885248601436615}
Epoch 6 **** Loss 0.025646403431892395 **** Metrics validation: {'accuracy': 0.7975460122699386, 'f1_weighted': 0.7948459898168824, 'macro': 0.7796101488317781, 'micro': 0.7975460122699386, 'binary': 0.7167381974248928, 'accuracy_majority': 0.781437125748503, 'macro_majority': 0.7726490501919301, 'binary_majority': 0.7279503105590062, 'run_time_millis': 2898.62217100017, 'loss_mean': 0.5389338135719299}
Epoch 7 **** Loss 0.00456289853900671 **** Metrics validation: {'accuracy': 0.8059815950920245, 'f1_weighted': 0.8072724724767797, 'macro': 0.7968130557182511, 'micro': 0.8059815950920245, 'binary': 0.7536514118792601, 'accuracy_majority': 0.7874251497005988, 'macro_majority': 0.7847840489349924, 'binary_majority': 0.7609427609427609, 'run_time_millis': 2909.3826029998127, 'loss_mean': 0.5712739825248718}
Epoch 8 **** Loss 0.015326086431741714 **** Metrics validation: {'accuracy': 0.8151840490797546, 'f1_weighted': 0.8152923473123413, 'macro': 0.8038849334798592, 'micro': 0.8151840490797546, 'binary': 0.7568113017154389, 'accuracy_majority': 0.8003992015968064, 'macro_majority': 0.7961898485458696, 'binary_majority': 0.7668997668997669, 'run_time_millis': 2003.4080140003425, 'loss_mean': 0.6530864238739014}
Epoch 9 **** Loss 0.004814371932297945 **** Metrics validation: {'accuracy': 0.8059815950920245, 'f1_weighted': 0.8067914035612147, 'macro': 0.7956653393758203, 'micro': 0.8059815950920245, 'binary': 0.7497527200791296, 'accuracy_majority': 0.7884231536926147, 'macro_majority': 0.7850238025842806, 'binary_majority': 0.7579908675799087, 'run_time_millis': 2912.3573289998603, 'loss_mean': 0.6410686373710632}
Evaluating
{'accuracy': 0.8151840490797546, 'f1_weighted': 0.8152923473123413, 'macro': 0.8038849334798592, 'micro': 0.8151840490797546, 'binary': 0.7568113017154389, 'accuracy_majority': 0.8003992015968064, 'macro_majority': 0.7961898485458696, 'binary_majority': 0.7668997668997669, 'run_time_millis': 2899.1378499999882, 'loss_mean': 0.6530864238739014}
