Device cuda
Split type sit
Training Size: 40552, NTA labels 38692, YTA labels 1860
Validation Size: 13579, NTA labels 12987, YTA labels 592
Test Size: 13389, NTA labels 12756, YTA labels 633
Training with SBERT, model name is sbert
Tokenizing the dataset
Number of training steps 12680
Epoch 0 **** Loss 0.24793975055217743 **** Metrics validation: {'accuracy': 0.8797407761985419, 'f1_weighted': 0.9076091134621758, 'macro': 0.6319283150721179, 'micro': 0.8797407761985419, 'binary': 0.32991382847763645, 'accuracy_majority': 0.880346888550334, 'macro_majority': 0.6512476885963844, 'binary_majority': 0.36858379715522577, 'run_time_millis': 7221.153632999631, 'loss_mean': 0.06283847242593765}
Epoch 1 **** Loss 0.11453182995319366 **** Metrics validation: {'accuracy': 0.9242948670741586, 'f1_weighted': 0.9343236908563576, 'macro': 0.6687098644026027, 'micro': 0.9242948670741586, 'binary': 0.37772397094430993, 'accuracy_majority': 0.921832884097035, 'macro_majority': 0.6902950693535823, 'binary_majority': 0.4225108225108225, 'run_time_millis': 7249.722844004282, 'loss_mean': 0.06360888481140137}
Epoch 2 **** Loss 0.020004093647003174 **** Metrics validation: {'accuracy': 0.8986670594300022, 'f1_weighted': 0.9192545582653022, 'macro': 0.6495060930818517, 'micro': 0.8986670594300022, 'binary': 0.35399061032863854, 'accuracy_majority': 0.8913629438649947, 'macro_majority': 0.6606100633407608, 'binary_majority': 0.38076152304609223, 'run_time_millis': 7247.81387000985, 'loss_mean': 0.0678979679942131}
Epoch 3 **** Loss 0.18544061481952667 **** Metrics validation: {'accuracy': 0.9293025996023271, 'f1_weighted': 0.9370799729812513, 'macro': 0.6707801303520605, 'micro': 0.9293025996023271, 'binary': 0.37904269081500647, 'accuracy_majority': 0.923356381108637, 'macro_majority': 0.6817073354358991, 'binary_majority': 0.40437158469945356, 'run_time_millis': 5191.339026991045, 'loss_mean': 0.10063256323337555}
Epoch 4 **** Loss 0.023105720058083534 **** Metrics validation: {'accuracy': 0.9119228220045659, 'f1_weighted': 0.9268308807944462, 'macro': 0.6558845630516807, 'micro': 0.9119228220045659, 'binary': 0.3590568060021436, 'accuracy_majority': 0.9041368803468885, 'macro_majority': 0.6651061623973583, 'binary_majority': 0.38217522658610276, 'run_time_millis': 6415.533346997108, 'loss_mean': 0.10494429618120193}
Epoch 5 **** Loss 0.036519523710012436 **** Metrics validation: {'accuracy': 0.9071360188526401, 'f1_weighted': 0.9241758905204817, 'macro': 0.6544323281668469, 'micro': 0.9071360188526401, 'binary': 0.3589222165734622, 'accuracy_majority': 0.8999179655455292, 'macro_majority': 0.6642453186267825, 'binary_majority': 0.38294797687861276, 'run_time_millis': 6218.994335999014, 'loss_mean': 0.1108754500746727}
Epoch 6 **** Loss 0.004770241212099791 **** Metrics validation: {'accuracy': 0.9321010383680683, 'f1_weighted': 0.9383626751895988, 'macro': 0.6688731321240804, 'micro': 0.9321010383680683, 'binary': 0.3736413043478261, 'accuracy_majority': 0.9266377592874722, 'macro_majority': 0.6817953609441286, 'binary_majority': 0.4026717557251908, 'run_time_millis': 5861.685212992597, 'loss_mean': 0.14896096289157867}
Epoch 7 **** Loss 0.002555187325924635 **** Metrics validation: {'accuracy': 0.9170778407835628, 'f1_weighted': 0.9297913716611115, 'macro': 0.659028115256961, 'micro': 0.9170778407835628, 'binary': 0.362400906002265, 'accuracy_majority': 0.9105824446267432, 'macro_majority': 0.6704360263832233, 'binary_majority': 0.38911128903122494, 'run_time_millis': 7242.2470199962845, 'loss_mean': 0.14996042847633362}
Epoch 8 **** Loss 0.003195529105141759 **** Metrics validation: {'accuracy': 0.9260623020841005, 'f1_weighted': 0.9348515544086787, 'macro': 0.6638496077341843, 'micro': 0.9260623020841005, 'binary': 0.36696090794451447, 'accuracy_majority': 0.9201921950076175, 'macro_majority': 0.6775709343078937, 'binary_majority': 0.3978779840848806, 'run_time_millis': 5191.972726010135, 'loss_mean': 0.16174614429473877}
Epoch 9 **** Loss 5.546422107727267e-05 **** Metrics validation: {'accuracy': 0.9335002577509389, 'f1_weighted': 0.939062680041942, 'macro': 0.6686853298576985, 'micro': 0.9335002577509389, 'binary': 0.37248088950660185, 'accuracy_majority': 0.927458103832181, 'macro_majority': 0.6822341593614707, 'binary_majority': 0.4030858244937319, 'run_time_millis': 7236.261422003736, 'loss_mean': 0.1785758137702942}
Evaluating
{'accuracy': 0.9335002577509389, 'f1_weighted': 0.939062680041942, 'macro': 0.6686853298576985, 'micro': 0.9335002577509389, 'binary': 0.37248088950660185, 'accuracy_majority': 0.927458103832181, 'macro_majority': 0.6822341593614707, 'binary_majority': 0.4030858244937319, 'run_time_millis': 7032.914670999162, 'loss_mean': 0.1785758137702942}
