Device cuda
Split type sit
Training Size: 5728, NTA labels 3658, YTA labels 2070
Validation Size: 1967, NTA labels 1300, YTA labels 667
Test Size: 1956, NTA labels 1259, YTA labels 697
Training with SBERT, model name is sbert
Tokenizing the dataset
Number of training steps 1790
Epoch 0 **** Loss 0.27312782406806946 **** Metrics validation: {'accuracy': 0.7691916624300966, 'f1_weighted': 0.7672747192983962, 'macro': 0.7383836478134822, 'micro': 0.7691916624300966, 'binary': 0.6486068111455109, 'accuracy_majority': 0.7636211232187762, 'macro_majority': 0.7409397523563113, 'binary_majority': 0.6642857142857143, 'run_time_millis': 3375.104987999748, 'loss_mean': 0.2386072427034378}
Epoch 1 **** Loss 0.24274364113807678 **** Metrics validation: {'accuracy': 0.7315709201830198, 'f1_weighted': 0.7385994770543881, 'macro': 0.721998445339552, 'micro': 0.7315709201830197, 'binary': 0.6704119850187266, 'accuracy_majority': 0.7510477787091366, 'macro_majority': 0.7464878521002054, 'binary_majority': 0.712487899322362, 'run_time_millis': 2570.6387639997956, 'loss_mean': 0.23444296419620514}
Epoch 2 **** Loss 0.18303656578063965 **** Metrics validation: {'accuracy': 0.7371631926792069, 'f1_weighted': 0.743203168166658, 'macro': 0.7231858672056292, 'micro': 0.7371631926792069, 'binary': 0.6609836065573771, 'accuracy_majority': 0.7527242246437552, 'macro_majority': 0.7438544649972889, 'binary_majority': 0.6961894953656025, 'run_time_millis': 3384.61369200013, 'loss_mean': 0.25230729579925537}
Epoch 3 **** Loss 0.13870379328727722 **** Metrics validation: {'accuracy': 0.6949669547534316, 'f1_weighted': 0.7019969434619112, 'macro': 0.6915509743246633, 'micro': 0.6949669547534316, 'binary': 0.6590909090909091, 'accuracy_majority': 0.7317686504610227, 'macro_majority': 0.730760550665764, 'binary_majority': 0.7142857142857143, 'run_time_millis': 3369.1935040001226, 'loss_mean': 0.27118629217147827}
Epoch 4 **** Loss 0.07643341273069382 **** Metrics validation: {'accuracy': 0.7051347229283172, 'f1_weighted': 0.7126062228970189, 'macro': 0.7000944253303835, 'micro': 0.7051347229283172, 'binary': 0.661214953271028, 'accuracy_majority': 0.7351215423302598, 'macro_majority': 0.7331322913127194, 'binary_majority': 0.710091743119266, 'run_time_millis': 2621.3790649999282, 'loss_mean': 0.2668825387954712}
Epoch 5 **** Loss 0.1568601429462433 **** Metrics validation: {'accuracy': 0.730045754956787, 'f1_weighted': 0.7368073443100015, 'macro': 0.7182788332252187, 'micro': 0.7300457549567869, 'binary': 0.660702875399361, 'accuracy_majority': 0.7485331098072087, 'macro_majority': 0.7416302345324655, 'binary_majority': 0.6993987975951904, 'run_time_millis': 3350.371389999964, 'loss_mean': 0.33313190937042236}
Epoch 6 **** Loss 0.14738570153713226 **** Metrics validation: {'accuracy': 0.7417386883579055, 'f1_weighted': 0.7472618541985938, 'macro': 0.7264513543345714, 'micro': 0.7417386883579055, 'binary': 0.6617842876165113, 'accuracy_majority': 0.7585917854149203, 'macro_majority': 0.7491882548062323, 'binary_majority': 0.7006237006237006, 'run_time_millis': 3347.720957999627, 'loss_mean': 0.3726969361305237}
Epoch 7 **** Loss 0.11664215475320816 **** Metrics validation: {'accuracy': 0.7193695983731571, 'f1_weighted': 0.7266930429198724, 'macro': 0.7091334201999075, 'micro': 0.7193695983731571, 'binary': 0.6545682102628286, 'accuracy_majority': 0.7426655490360435, 'macro_majority': 0.7370724342826458, 'binary_majority': 0.6987242394504417, 'run_time_millis': 3371.4678970000023, 'loss_mean': 0.3834672272205353}
Epoch 8 **** Loss 0.07099270820617676 **** Metrics validation: {'accuracy': 0.7188612099644128, 'f1_weighted': 0.7263383034562891, 'macro': 0.7108202700780671, 'micro': 0.7188612099644128, 'binary': 0.6625991458206223, 'accuracy_majority': 0.7443419949706622, 'macro_majority': 0.7405621195668062, 'binary_majority': 0.7092469018112488, 'run_time_millis': 3361.4108839997243, 'loss_mean': 0.374481201171875}
Epoch 9 **** Loss 0.09952299296855927 **** Metrics validation: {'accuracy': 0.7391967463141841, 'f1_weighted': 0.7441849786298401, 'macro': 0.7217909995106182, 'micro': 0.739196746314184, 'binary': 0.6522033898305085, 'accuracy_majority': 0.7485331098072087, 'macro_majority': 0.7374606080878858, 'binary_majority': 0.6835443037974684, 'run_time_millis': 3337.024372000087, 'loss_mean': 0.4657680094242096}
Evaluating
{'accuracy': 0.7691916624300966, 'f1_weighted': 0.7672747192983962, 'macro': 0.7383836478134822, 'micro': 0.7691916624300966, 'binary': 0.6486068111455109, 'accuracy_majority': 0.7636211232187762, 'macro_majority': 0.7409397523563113, 'binary_majority': 0.6642857142857143, 'run_time_millis': 3362.265159999879, 'loss_mean': 0.2386072427034378}
