Device cuda
Split type sit
Training Size: 19293, NTA labels 18557, YTA labels 736
Validation Size: 6414, NTA labels 6141, YTA labels 273
Test Size: 6205, NTA labels 5975, YTA labels 230
Training with SBERT, model name is sbert
Tokenizing the dataset
Number of training steps 6030
Epoch 0 **** Loss 0.05355771631002426 **** Metrics validation: {'accuracy': 0.9232927970065482, 'f1_weighted': 0.9349507146272241, 'macro': 0.6758270002403801, 'micro': 0.9232927970065482, 'binary': 0.39259259259259255, 'accuracy_majority': 0.9346368715083799, 'macro_majority': 0.6887275775505746, 'binary_majority': 0.4120603015075377, 'run_time_millis': 4488.519716000155, 'loss_mean': 0.04909757524728775}
Epoch 1 **** Loss 0.016894260421395302 **** Metrics validation: {'accuracy': 0.8980355472404116, 'f1_weighted': 0.9196361095412512, 'macro': 0.6510935256825073, 'micro': 0.8980355472404116, 'binary': 0.3575638506876228, 'accuracy_majority': 0.9072625698324023, 'macro_majority': 0.6482734456749731, 'binary_majority': 0.3464566929133858, 'run_time_millis': 4594.0775250001025, 'loss_mean': 0.04694107919931412}
Epoch 2 **** Loss 0.0367114283144474 **** Metrics validation: {'accuracy': 0.9165887121920798, 'f1_weighted': 0.9311742854852413, 'macro': 0.6725998320584424, 'micro': 0.9165887121920798, 'binary': 0.38996579247434443, 'accuracy_majority': 0.9251396648044693, 'macro_majority': 0.6727319365384301, 'binary_majority': 0.3853211009174312, 'run_time_millis': 4597.922691000349, 'loss_mean': 0.04956527426838875}
Epoch 3 **** Loss 0.0360107347369194 **** Metrics validation: {'accuracy': 0.9164328032429061, 'f1_weighted': 0.9310195362825092, 'macro': 0.6716409015055657, 'micro': 0.9164328032429061, 'binary': 0.3881278538812785, 'accuracy_majority': 0.9251396648044693, 'macro_majority': 0.6727319365384301, 'binary_majority': 0.3853211009174312, 'run_time_millis': 4550.719673999993, 'loss_mean': 0.05353407561779022}
Epoch 4 **** Loss 0.08541759848594666 **** Metrics validation: {'accuracy': 0.9181478016838166, 'f1_weighted': 0.9321494622622789, 'macro': 0.6745891353832313, 'micro': 0.9181478016838166, 'binary': 0.3930635838150289, 'accuracy_majority': 0.9268156424581006, 'macro_majority': 0.6786800242815898, 'binary_majority': 0.39631336405529954, 'run_time_millis': 4511.120246999781, 'loss_mean': 0.06065238639712334}
Epoch 5 **** Loss 0.017995234578847885 **** Metrics validation: {'accuracy': 0.9003741814780168, 'f1_weighted': 0.9210543962862252, 'macro': 0.6531702892342, 'micro': 0.9003741814780168, 'binary': 0.3603603603603604, 'accuracy_majority': 0.9078212290502793, 'macro_majority': 0.6491159289606775, 'binary_majority': 0.3478260869565218, 'run_time_millis': 4557.263328999397, 'loss_mean': 0.06042257323861122}
Epoch 6 **** Loss 0.01440751925110817 **** Metrics validation: {'accuracy': 0.9123791705643904, 'f1_weighted': 0.9283110585349745, 'macro': 0.6642197630225799, 'micro': 0.9123791705643904, 'binary': 0.3755555555555556, 'accuracy_majority': 0.9206703910614525, 'macro_majority': 0.6618795760258812, 'binary_majority': 0.36607142857142855, 'run_time_millis': 3834.440598000583, 'loss_mean': 0.06902533769607544}
Epoch 7 **** Loss 0.01732870750129223 **** Metrics validation: {'accuracy': 0.9204864359214219, 'f1_weighted': 0.933371412555115, 'macro': 0.6744363341766508, 'micro': 0.920486435921422, 'binary': 0.3914081145584725, 'accuracy_majority': 0.9290502793296089, 'macro_majority': 0.677335108489381, 'binary_majority': 0.3923444976076555, 'run_time_millis': 4580.471433000639, 'loss_mean': 0.07565406709909439}
Epoch 8 **** Loss 0.030327629297971725 **** Metrics validation: {'accuracy': 0.9239164328032429, 'f1_weighted': 0.9354795706058646, 'macro': 0.6784625530839543, 'micro': 0.9239164328032429, 'binary': 0.3975308641975309, 'accuracy_majority': 0.9318435754189944, 'macro_majority': 0.6799617794816781, 'binary_majority': 0.39603960396039606, 'run_time_millis': 4573.9534690001165, 'loss_mean': 0.0795760303735733}
Epoch 9 **** Loss 0.013271304778754711 **** Metrics validation: {'accuracy': 0.9257873401933271, 'f1_weighted': 0.9366125291031026, 'macro': 0.6804745915121263, 'micro': 0.9257873401933271, 'binary': 0.40050377833753154, 'accuracy_majority': 0.9351955307262569, 'macro_majority': 0.6869421527476238, 'binary_majority': 0.40816326530612246, 'run_time_millis': 4604.171451999719, 'loss_mean': 0.08238333463668823}
Evaluating
{'accuracy': 0.9257873401933271, 'f1_weighted': 0.9366125291031026, 'macro': 0.6804745915121263, 'micro': 0.9257873401933271, 'binary': 0.40050377833753154, 'accuracy_majority': 0.9351955307262569, 'macro_majority': 0.6869421527476238, 'binary_majority': 0.40816326530612246, 'run_time_millis': 4512.828560000344, 'loss_mean': 0.08238333463668823}
