Device cuda
Split type sit
Training Size: 61044, NTA labels 42632, YTA labels 18412
Validation Size: 20364, NTA labels 14267, YTA labels 6097
Test Size: 22107, NTA labels 15904, YTA labels 6203
Training with SBERT, model name is sbert
Tokenizing the dataset
Number of training steps 19080
Epoch 0 **** Loss 0.1852225363254547 **** Metrics validation: {'accuracy': 0.656354350815164, 'f1_weighted': 0.6365971562855451, 'macro': 0.5476135403500512, 'micro': 0.656354350815164, 'binary': 0.32581888246628127, 'accuracy_majority': 0.6709401709401709, 'macro_majority': 0.5339471191699993, 'binary_majority': 0.28126944617299315, 'run_time_millis': 72859.47081190534, 'loss_mean': 0.3246082067489624}
Epoch 1 **** Loss 0.2208620309829712 **** Metrics validation: {'accuracy': 0.661117658613239, 'f1_weighted': 0.6300603280632483, 'macro': 0.5309050367020038, 'micro': 0.661117658613239, 'binary': 0.28375713544369485, 'accuracy_majority': 0.6752136752136753, 'macro_majority': 0.5369487451998385, 'binary_majority': 0.28391959798994976, 'run_time_millis': 72488.84871299379, 'loss_mean': 0.40243878960609436}
Epoch 2 **** Loss 0.19853784143924713 **** Metrics validation: {'accuracy': 0.680514633667256, 'f1_weighted': 0.6471410181732562, 'macro': 0.5498310829177321, 'micro': 0.680514633667256, 'binary': 0.30728279386712093, 'accuracy_majority': 0.6945868945868946, 'macro_majority': 0.5626227200172593, 'binary_majority': 0.3223767383059418, 'run_time_millis': 72550.61149015091, 'loss_mean': 0.34722626209259033}
Epoch 3 **** Loss 0.09872917830944061 **** Metrics validation: {'accuracy': 0.6990768021999607, 'f1_weighted': 0.6524487362141176, 'macro': 0.5472716795867463, 'micro': 0.6990768021999607, 'binary': 0.2851143257116192, 'accuracy_majority': 0.7062678062678063, 'macro_majority': 0.5437175918775197, 'binary_majority': 0.2713780918727915, 'run_time_millis': 74644.61520500481, 'loss_mean': 0.483432412147522}
Epoch 4 **** Loss 0.12025552988052368 **** Metrics validation: {'accuracy': 0.6688764486348459, 'f1_weighted': 0.6504744253591976, 'macro': 0.565389801611577, 'micro': 0.6688764486348459, 'binary': 0.3533135129951089, 'accuracy_majority': 0.6726495726495727, 'macro_majority': 0.5684091401603621, 'binary_majority': 0.3563025210084033, 'run_time_millis': 73866.59485218115, 'loss_mean': 0.46827301383018494}
Epoch 5 **** Loss 0.08210344612598419 **** Metrics validation: {'accuracy': 0.6713317619328226, 'f1_weighted': 0.6484229548565413, 'macro': 0.5592543251218022, 'micro': 0.6713317619328226, 'binary': 0.336998514115899, 'accuracy_majority': 0.6811965811965812, 'macro_majority': 0.5706569390779918, 'binary_majority': 0.3528050896471949, 'run_time_millis': 73832.11230183952, 'loss_mean': 0.4706227481365204}
Epoch 6 **** Loss 0.11449648439884186 **** Metrics validation: {'accuracy': 0.6650461598900019, 'f1_weighted': 0.6346550751134741, 'macro': 0.5369395447615525, 'micro': 0.6650461598900019, 'binary': 0.2933802962809489, 'accuracy_majority': 0.6803418803418804, 'macro_majority': 0.5517465882058346, 'binary_majority': 0.31165644171779144, 'run_time_millis': 71588.860132033, 'loss_mean': 0.5955131649971008}
Epoch 7 **** Loss 0.10738541185855865 **** Metrics validation: {'accuracy': 0.673099587507366, 'f1_weighted': 0.6406585724964688, 'macro': 0.542675913480192, 'micro': 0.673099587507366, 'binary': 0.2984508378122036, 'accuracy_majority': 0.6871794871794872, 'macro_majority': 0.5594444444444444, 'binary_majority': 0.3222222222222222, 'run_time_millis': 73413.51381293498, 'loss_mean': 0.7386707663536072}
Epoch 8 **** Loss 0.0879192128777504 **** Metrics validation: {'accuracy': 0.6753093694755451, 'f1_weighted': 0.6393379867311868, 'macro': 0.5385539685482625, 'micro': 0.6753093694755451, 'binary': 0.2873464108644105, 'accuracy_majority': 0.6894586894586895, 'macro_majority': 0.5520529064400693, 'binary_majority': 0.30395913154533843, 'run_time_millis': 71176.8082738854, 'loss_mean': 0.8235456347465515}
Epoch 9 **** Loss 0.07488267123699188 **** Metrics validation: {'accuracy': 0.6680907483794932, 'f1_weighted': 0.6447185119196611, 'macro': 0.5544342698975201, 'micro': 0.6680907483794932, 'binary': 0.3293977577140589, 'accuracy_majority': 0.6809116809116809, 'macro_majority': 0.5680789798436857, 'binary_majority': 0.34731934731934727, 'run_time_millis': 70970.32232186757, 'loss_mean': 0.9617446660995483}
Evaluating
{'accuracy': 0.6990768021999607, 'f1_weighted': 0.6524487362141176, 'macro': 0.5472716795867463, 'micro': 0.6990768021999607, 'binary': 0.2851143257116192, 'accuracy_majority': 0.7062678062678063, 'macro_majority': 0.5437175918775197, 'binary_majority': 0.2713780918727915, 'run_time_millis': 71261.36888586916, 'loss_mean': 0.483432412147522}
