Device cuda
Split type sit
Training Size: 3684, NTA labels 3220, YTA labels 464
Validation Size: 1349, NTA labels 1170, YTA labels 179
Test Size: 1260, NTA labels 1104, YTA labels 156
Training with SBERT, model name is sbert
Tokenizing the dataset
Number of training steps 1160
Epoch 0 **** Loss 0.07144947350025177 **** Metrics validation: {'accuracy': 0.7635285396590067, 'f1_weighted': 0.792791740709918, 'macro': 0.6270784136159002, 'micro': 0.7635285396590067, 'binary': 0.40150093808630394, 'accuracy_majority': 0.7464342313787639, 'macro_majority': 0.6250742721330957, 'binary_majority': 0.411764705882353, 'run_time_millis': 2033.61152399998, 'loss_mean': 0.1357852816581726}
Epoch 1 **** Loss 0.0500510036945343 **** Metrics validation: {'accuracy': 0.7724240177909563, 'f1_weighted': 0.8007584031113746, 'macro': 0.6421178615716316, 'micro': 0.7724240177909563, 'binary': 0.4261682242990654, 'accuracy_majority': 0.7670364500792393, 'macro_majority': 0.6546147802547652, 'binary_majority': 0.4575645756457564, 'run_time_millis': 1324.3341570000666, 'loss_mean': 0.13143712282180786}
Epoch 2 **** Loss 0.10625069588422775 **** Metrics validation: {'accuracy': 0.7783543365455893, 'f1_weighted': 0.8041688519593947, 'macro': 0.6412249998888142, 'micro': 0.7783543365455892, 'binary': 0.4194174757281554, 'accuracy_majority': 0.7702060221870047, 'macro_majority': 0.6477940695288651, 'binary_majority': 0.4401544401544401, 'run_time_millis': 3048.43371700008, 'loss_mean': 0.13187746703624725}
Epoch 3 **** Loss 0.14221496880054474 **** Metrics validation: {'accuracy': 0.8176426982950333, 'f1_weighted': 0.831575817922029, 'macro': 0.66719818041783, 'micro': 0.8176426982950333, 'binary': 0.4434389140271493, 'accuracy_majority': 0.8066561014263075, 'macro_majority': 0.6712081866949123, 'binary_majority': 0.46017699115044247, 'run_time_millis': 1625.8306070001254, 'loss_mean': 0.1608460694551468}
Epoch 4 **** Loss 0.17293798923492432 **** Metrics validation: {'accuracy': 0.8524833209785025, 'f1_weighted': 0.8508638424572595, 'macro': 0.6725412630626213, 'micro': 0.8524833209785025, 'binary': 0.42979942693409745, 'accuracy_majority': 0.8446909667194928, 'macro_majority': 0.6824912713082768, 'binary_majority': 0.45555555555555555, 'run_time_millis': 3049.3825549999656, 'loss_mean': 0.2076168656349182}
Epoch 5 **** Loss 0.037491582334041595 **** Metrics validation: {'accuracy': 0.8220904373610082, 'f1_weighted': 0.8344230955586365, 'macro': 0.6692654702363441, 'micro': 0.8220904373610082, 'binary': 0.4444444444444445, 'accuracy_majority': 0.8129952456418383, 'macro_majority': 0.677503465003465, 'binary_majority': 0.4684684684684684, 'run_time_millis': 3048.732313000073, 'loss_mean': 0.19116215407848358}
Epoch 6 **** Loss 0.08236166089773178 **** Metrics validation: {'accuracy': 0.8406226834692365, 'f1_weighted': 0.8446422451198471, 'macro': 0.6714515670435456, 'micro': 0.8406226834692365, 'binary': 0.43569553805774275, 'accuracy_majority': 0.8288431061806656, 'macro_majority': 0.6765208475734791, 'binary_majority': 0.45454545454545453, 'run_time_millis': 2038.7826640001094, 'loss_mean': 0.23700469732284546}
Epoch 7 **** Loss 0.03320135921239853 **** Metrics validation: {'accuracy': 0.8613787991104522, 'f1_weighted': 0.8540413286897608, 'macro': 0.6675943238973199, 'micro': 0.8613787991104522, 'binary': 0.4137931034482758, 'accuracy_majority': 0.849445324881141, 'macro_majority': 0.668821303278915, 'binary_majority': 0.4242424242424242, 'run_time_millis': 3035.0849199999175, 'loss_mean': 0.27801087498664856}
Epoch 8 **** Loss 0.003636181354522705 **** Metrics validation: {'accuracy': 0.8591549295774648, 'f1_weighted': 0.8531923391495789, 'macro': 0.6685383668359904, 'micro': 0.8591549295774648, 'binary': 0.4171779141104294, 'accuracy_majority': 0.849445324881141, 'macro_majority': 0.6754765397878917, 'binary_majority': 0.4378698224852071, 'run_time_millis': 3051.1553999999705, 'loss_mean': 0.28446444869041443}
Epoch 9 **** Loss 0.024663958698511124 **** Metrics validation: {'accuracy': 0.8554484803558191, 'f1_weighted': 0.8527480879998359, 'macro': 0.6743421663478858, 'micro': 0.8554484803558191, 'binary': 0.43148688046647227, 'accuracy_majority': 0.8446909667194928, 'macro_majority': 0.6795161490940752, 'binary_majority': 0.449438202247191, 'run_time_millis': 2299.421035999785, 'loss_mean': 0.2777565121650696}
Evaluating
{'accuracy': 0.8613787991104522, 'f1_weighted': 0.8540413286897608, 'macro': 0.6675943238973199, 'micro': 0.8613787991104522, 'binary': 0.4137931034482758, 'accuracy_majority': 0.849445324881141, 'macro_majority': 0.668821303278915, 'binary_majority': 0.4242424242424242, 'run_time_millis': 3047.8292949997012, 'loss_mean': 0.27801087498664856}
