Device cuda
Split type sit
Training Size: 20356, NTA labels 19581, YTA labels 775
Validation Size: 6695, NTA labels 6444, YTA labels 251
Test Size: 6651, NTA labels 6380, YTA labels 271
Training with SBERT, model name is sbert
Tokenizing the dataset
Number of training steps 6370
Epoch 0 **** Loss 0.006536029279232025 **** Metrics validation: {'accuracy': 0.9333831217326363, 'f1_weighted': 0.9434132926907429, 'macro': 0.6802063064892426, 'micro': 0.9333831217326363, 'binary': 0.3956639566395664, 'accuracy_majority': 0.9448608137044968, 'macro_majority': 0.7129939154184995, 'binary_majority': 0.455026455026455, 'run_time_millis': 4737.803287998759, 'loss_mean': 0.04843813553452492}
Epoch 1 **** Loss 0.037270862609148026 **** Metrics validation: {'accuracy': 0.9063480209111278, 'f1_weighted': 0.9270271136620014, 'macro': 0.6492275010672922, 'micro': 0.9063480209111278, 'binary': 0.34890965732087226, 'accuracy_majority': 0.9148822269807281, 'macro_majority': 0.6579239239723448, 'binary_majority': 0.3614457831325301, 'run_time_millis': 4721.384888000102, 'loss_mean': 0.04349122568964958}
Epoch 2 **** Loss 0.02202879823744297 **** Metrics validation: {'accuracy': 0.9179985063480209, 'f1_weighted': 0.9342074001888481, 'macro': 0.6636368353472268, 'micro': 0.9179985063480209, 'binary': 0.3711340206185567, 'accuracy_majority': 0.9288008565310493, 'macro_majority': 0.6828640322492114, 'binary_majority': 0.40358744394618834, 'run_time_millis': 4756.6538709997985, 'loss_mean': 0.04569784179329872}
Epoch 3 **** Loss 0.007700201123952866 **** Metrics validation: {'accuracy': 0.9250186706497386, 'f1_weighted': 0.9384584449544059, 'macro': 0.6716875402467006, 'micro': 0.9250186706497386, 'binary': 0.38329238329238335, 'accuracy_majority': 0.936830835117773, 'macro_majority': 0.6996227978370835, 'binary_majority': 0.43269230769230765, 'run_time_millis': 4668.957878999208, 'loss_mean': 0.048850905150175095}
Epoch 4 **** Loss 0.002474750392138958 **** Metrics validation: {'accuracy': 0.8935026138909634, 'f1_weighted': 0.9192195486128217, 'macro': 0.6363332666723804, 'micro': 0.8935026138909634, 'binary': 0.3305164319248826, 'accuracy_majority': 0.9025695931477516, 'macro_majority': 0.6415978275078327, 'binary_majority': 0.3357664233576642, 'run_time_millis': 4364.754725000239, 'loss_mean': 0.04869936406612396}
Epoch 5 **** Loss 0.05928530916571617 **** Metrics validation: {'accuracy': 0.9281553398058252, 'f1_weighted': 0.9400859521648752, 'macro': 0.67140856183907, 'micro': 0.9281553398058252, 'binary': 0.380952380952381, 'accuracy_majority': 0.9411134903640257, 'macro_majority': 0.703851031938199, 'binary_majority': 0.43877551020408156, 'run_time_millis': 4687.526047000574, 'loss_mean': 0.0641518160700798}
Epoch 6 **** Loss 0.0024009912740439177 **** Metrics validation: {'accuracy': 0.932486930545183, 'f1_weighted': 0.9429318119983728, 'macro': 0.6799840443577008, 'micro': 0.932486930545183, 'binary': 0.3957219251336898, 'accuracy_majority': 0.9437901498929336, 'macro_majority': 0.7044584374901116, 'binary_majority': 0.43850267379679136, 'run_time_millis': 4744.933174000835, 'loss_mean': 0.07039722055196762}
Epoch 7 **** Loss 0.0005352258449420333 **** Metrics validation: {'accuracy': 0.9265123226288274, 'f1_weighted': 0.9392257747344095, 'macro': 0.6714216628641061, 'micro': 0.9265123226288274, 'binary': 0.38190954773869346, 'accuracy_majority': 0.9400428265524625, 'macro_majority': 0.7041628959276018, 'binary_majority': 0.44000000000000006, 'run_time_millis': 4749.729090000983, 'loss_mean': 0.07065710425376892}
Epoch 8 **** Loss 0.05440550297498703 **** Metrics validation: {'accuracy': 0.9239731142643764, 'f1_weighted': 0.937625962483847, 'macro': 0.6674914927612241, 'micro': 0.9239731142643764, 'binary': 0.3754601226993865, 'accuracy_majority': 0.934154175588865, 'macro_majority': 0.6910839971765655, 'binary_majority': 0.4170616113744076, 'run_time_millis': 4715.05136900123, 'loss_mean': 0.07302486151456833}
Epoch 9 **** Loss 0.006183984223753214 **** Metrics validation: {'accuracy': 0.9290515309932785, 'f1_weighted': 0.9408333207449391, 'macro': 0.6755074155375431, 'micro': 0.9290515309932785, 'binary': 0.38867438867438864, 'accuracy_majority': 0.9395074946466809, 'macro_majority': 0.7001064127536183, 'binary_majority': 0.4321608040201005, 'run_time_millis': 4656.954296000549, 'loss_mean': 0.07551881670951843}
Evaluating
{'accuracy': 0.9333831217326363, 'f1_weighted': 0.9434132926907429, 'macro': 0.6802063064892426, 'micro': 0.9333831217326363, 'binary': 0.3956639566395664, 'accuracy_majority': 0.9448608137044968, 'macro_majority': 0.7129939154184995, 'binary_majority': 0.455026455026455, 'run_time_millis': 4640.918196000712, 'loss_mean': 0.04843813553452492}
