Device cuda
DATASET: GE'surprise, MODEL: uid, 
Split type sit
DATASET: GE'surprise, MODEL: uid, PERCENTAGE: False, NUM_COMMENTS_PER_ANNO: 278
Training Size: 10483, NTA labels 10227, YTA labels 256
Validation Size: 3476, NTA labels 3395, YTA labels 81
Test Size: 3415, NTA labels 3332, YTA labels 83
Training with SBERT, model name is sbert
Tokenizing the dataset
Number of training steps 3280
Epoch 0 **** Loss 0.12013846635818481 **** Metrics validation: {'accuracy': 0.8978711162255466, 'f1_weighted': 0.9288789569477316, 'macro': 0.594155881529748, 'micro': 0.8978711162255466, 'binary': 0.24307036247334754, 'accuracy_majority': 0.8960843373493976, 'macro_majority': 0.5801319648093842, 'binary_majority': 0.2159090909090909, 'run_time_millis': 2655.156581196934, 'loss_mean': 0.026691164821386337}
Epoch 1 **** Loss 0.007852265611290932 **** Metrics validation: {'accuracy': 0.9266398158803222, 'f1_weighted': 0.9461383742489758, 'macro': 0.6369602764799916, 'micro': 0.9266398158803222, 'binary': 0.31266846361185985, 'accuracy_majority': 0.9269578313253012, 'macro_majority': 0.6318101656934285, 'binary_majority': 0.30215827338129503, 'run_time_millis': 3307.048736140132, 'loss_mean': 0.02577069215476513}
Epoch 2 **** Loss 0.0052704159170389175 **** Metrics validation: {'accuracy': 0.9323935558112774, 'f1_weighted': 0.9495485611695745, 'macro': 0.6455288405417874, 'micro': 0.9323935558112774, 'binary': 0.32664756446991405, 'accuracy_majority': 0.9329819277108434, 'macro_majority': 0.6426815811352128, 'binary_majority': 0.3206106870229008, 'run_time_millis': 3314.232521224767, 'loss_mean': 0.03127635642886162}
Epoch 3 **** Loss 0.0022496820893138647 **** Metrics validation: {'accuracy': 0.9332566168009206, 'f1_weighted': 0.9500738950380871, 'macro': 0.647180090266512, 'micro': 0.9332566168009206, 'binary': 0.3294797687861272, 'accuracy_majority': 0.9329819277108434, 'macro_majority': 0.6426815811352128, 'binary_majority': 0.3206106870229008, 'run_time_millis': 3312.840568367392, 'loss_mean': 0.03859352692961693}
Epoch 4 **** Loss 0.005680390167981386 **** Metrics validation: {'accuracy': 0.9372842347525892, 'f1_weighted': 0.952535719032353, 'macro': 0.6552214901903687, 'micro': 0.9372842347525892, 'binary': 0.34337349397590355, 'accuracy_majority': 0.9359939759036144, 'macro_majority': 0.6432082180956145, 'binary_majority': 0.32, 'run_time_millis': 3330.4249169304967, 'loss_mean': 0.04281746968626976}
Epoch 5 **** Loss 0.03177625685930252 **** Metrics validation: {'accuracy': 0.9568469505178366, 'f1_weighted': 0.9642630182966476, 'macro': 0.6911869225302061, 'micro': 0.9568469505178366, 'binary': 0.40476190476190477, 'accuracy_majority': 0.9570783132530121, 'macro_majority': 0.6888715345568137, 'binary_majority': 0.39999999999999997, 'run_time_millis': 3317.0220968313515, 'loss_mean': 0.0526554211974144}
Epoch 6 **** Loss 0.000579547428060323 **** Metrics validation: {'accuracy': 0.9401611047180668, 'f1_weighted': 0.9537785496600609, 'macro': 0.6488581946751367, 'micro': 0.9401611047180668, 'binary': 0.32903225806451614, 'accuracy_majority': 0.9412650602409639, 'macro_majority': 0.6484387727396145, 'binary_majority': 0.3275862068965517, 'run_time_millis': 1433.2444476895034, 'loss_mean': 0.05069531872868538}
Epoch 7 **** Loss 0.008715900592505932 **** Metrics validation: {'accuracy': 0.9548331415420023, 'f1_weighted': 0.9628606498170947, 'macro': 0.6828273611470318, 'micro': 0.9548331415420023, 'binary': 0.3891050583657588, 'accuracy_majority': 0.954066265060241, 'macro_majority': 0.6799911512465286, 'binary_majority': 0.3838383838383838, 'run_time_millis': 3314.1931812278926, 'loss_mean': 0.06086838245391846}
Epoch 8 **** Loss 0.0005187156493775547 **** Metrics validation: {'accuracy': 0.9502301495972382, 'f1_weighted': 0.9600344448843073, 'macro': 0.6724996255803505, 'micro': 0.9502301495972382, 'binary': 0.3709090909090909, 'accuracy_majority': 0.9480421686746988, 'macro_majority': 0.6640353739601016, 'binary_majority': 0.35514018691588783, 'run_time_millis': 3306.414200924337, 'loss_mean': 0.05823110044002533}
Epoch 9 **** Loss 0.004871455952525139 **** Metrics validation: {'accuracy': 0.9600115074798619, 'f1_weighted': 0.9662238287749896, 'macro': 0.6988519745924818, 'micro': 0.9600115074798619, 'binary': 0.4184100418410042, 'accuracy_majority': 0.9615963855421686, 'macro_majority': 0.7035493712329787, 'binary_majority': 0.42696629213483145, 'run_time_millis': 2349.6627872809768, 'loss_mean': 0.06497389823198318}
Evaluating
{'accuracy': 0.9600115074798619, 'f1_weighted': 0.9662238287749896, 'macro': 0.6988519745924818, 'micro': 0.9600115074798619, 'binary': 0.4184100418410042, 'accuracy_majority': 0.9615963855421686, 'macro_majority': 0.7035493712329787, 'binary_majority': 0.42696629213483145, 'run_time_millis': 3316.5441318415105, 'loss_mean': 0.06497389823198318}
