Device cuda
DATASET: GE'sadness, MODEL: sbertbase, 
Split type sit
DATASET: GE'sadness, MODEL: sbertbase, PERCENTAGE: False, NUM_COMMENTS_PER_ANNO: 275
Training Size: 4602, NTA labels 4457, YTA labels 145
Validation Size: 1466, NTA labels 1420, YTA labels 46
Test Size: 1360, NTA labels 1329, YTA labels 31
Training with SBERT, model name is sbert
Tokenizing the dataset
Number of training steps 1440
Epoch 0 **** Loss 0.021430758759379387 **** Metrics validation: {'accuracy': 0.8717598908594816, 'f1_weighted': 0.9072956116109704, 'macro': 0.5634499756071291, 'micro': 0.8717598908594816, 'binary': 0.19658119658119658, 'accuracy_majority': 0.869281045751634, 'macro_majority': 0.589200477326969, 'binary_majority': 0.25, 'run_time_millis': 2586.5184150025016, 'loss_mean': 0.04200664162635803}
Epoch 1 **** Loss 0.025363316759467125 **** Metrics validation: {'accuracy': 0.8506139154160982, 'f1_weighted': 0.8954121620875531, 'macro': 0.5662528523197516, 'micro': 0.8506139154160982, 'binary': 0.21505376344086022, 'accuracy_majority': 0.8594771241830066, 'macro_majority': 0.6046735991721053, 'binary_majority': 0.28729281767955805, 'run_time_millis': 2584.3501389899757, 'loss_mean': 0.031464584171772}
Epoch 2 **** Loss 0.011414159089326859 **** Metrics validation: {'accuracy': 0.8560709413369714, 'f1_weighted': 0.8987638019868606, 'macro': 0.5710543576687177, 'micro': 0.8560709413369714, 'binary': 0.22140221402214022, 'accuracy_majority': 0.8605664488017429, 'macro_majority': 0.6018487144386766, 'binary_majority': 0.2808988764044944, 'run_time_millis': 2589.5590629952494, 'loss_mean': 0.030765770003199577}
Epoch 3 **** Loss 0.01586274988949299 **** Metrics validation: {'accuracy': 0.9140518417462483, 'f1_weighted': 0.9327941600442521, 'macro': 0.6108948432760364, 'micro': 0.9140518417462483, 'binary': 0.26744186046511625, 'accuracy_majority': 0.9139433551198257, 'macro_majority': 0.650521649037419, 'binary_majority': 0.347107438016529, 'run_time_millis': 2588.012203996186, 'loss_mean': 0.04199713096022606}
Epoch 4 **** Loss 0.016599515452980995 **** Metrics validation: {'accuracy': 0.9215552523874488, 'f1_weighted': 0.9373881743291479, 'macro': 0.6221065113161829, 'micro': 0.9215552523874487, 'binary': 0.28571428571428575, 'accuracy_majority': 0.9193899782135077, 'macro_majority': 0.6539519530533651, 'binary_majority': 0.35087719298245607, 'run_time_millis': 2612.72158799693, 'loss_mean': 0.05129026249051094}
Epoch 5 **** Loss 0.0024336157366633415 **** Metrics validation: {'accuracy': 0.937244201909959, 'f1_weighted': 0.9453310514075838, 'macro': 0.618527192297684, 'micro': 0.937244201909959, 'binary': 0.2698412698412698, 'accuracy_majority': 0.934640522875817, 'macro_majority': 0.6567112086158755, 'binary_majority': 0.34782608695652173, 'run_time_millis': 2595.578136999393, 'loss_mean': 0.07063110172748566}
Epoch 6 **** Loss 0.0024319307412952185 **** Metrics validation: {'accuracy': 0.9358799454297408, 'f1_weighted': 0.9448165482146276, 'macro': 0.6216878054137154, 'micro': 0.9358799454297408, 'binary': 0.27692307692307694, 'accuracy_majority': 0.9335511982570807, 'macro_majority': 0.6614287009885426, 'binary_majority': 0.35789473684210527, 'run_time_millis': 2589.175098008127, 'loss_mean': 0.07597662508487701}
Epoch 7 **** Loss 0.000325187313137576 **** Metrics validation: {'accuracy': 0.9392905866302865, 'f1_weighted': 0.9469473694442514, 'macro': 0.6281467759173495, 'micro': 0.9392905866302865, 'binary': 0.288, 'accuracy_majority': 0.9379084967320261, 'macro_majority': 0.6704808085896911, 'binary_majority': 0.37362637362637363, 'run_time_millis': 2576.8402370013064, 'loss_mean': 0.08125529438257217}
Epoch 8 **** Loss 0.007165874820202589 **** Metrics validation: {'accuracy': 0.9461118690313779, 'f1_weighted': 0.9509184547635037, 'macro': 0.6364304168615621, 'micro': 0.9461118690313779, 'binary': 0.3008849557522124, 'accuracy_majority': 0.9444444444444444, 'macro_majority': 0.6782245926088839, 'binary_majority': 0.38554216867469876, 'run_time_millis': 1571.60655799089, 'loss_mean': 0.09108611941337585}
Epoch 9 **** Loss 0.009388943202793598 **** Metrics validation: {'accuracy': 0.9474761255115962, 'f1_weighted': 0.9517945326597355, 'macro': 0.6395055104732524, 'micro': 0.9474761255115962, 'binary': 0.3063063063063063, 'accuracy_majority': 0.9455337690631809, 'macro_majority': 0.6808688155296605, 'binary_majority': 0.3902439024390244, 'run_time_millis': 1626.9507569959387, 'loss_mean': 0.09277133643627167}
Evaluating
{'accuracy': 0.9474761255115962, 'f1_weighted': 0.9517945326597355, 'macro': 0.6395055104732524, 'micro': 0.9474761255115962, 'binary': 0.3063063063063063, 'accuracy_majority': 0.9455337690631809, 'macro_majority': 0.6808688155296605, 'binary_majority': 0.3902439024390244, 'run_time_millis': 2589.2766610049875, 'loss_mean': 0.09277133643627167}
Device cuda
DATASET: GE'sadness, MODEL: sbertbase, 
Split type sit
DATASET: GE'sadness, MODEL: sbertbase, PERCENTAGE: False, NUM_COMMENTS_PER_ANNO: 275
Training Size: 4602, NTA labels 4457, YTA labels 145
Validation Size: 1466, NTA labels 1420, YTA labels 46
Test Size: 1360, NTA labels 1329, YTA labels 31
Training with SBERT, model name is sbert
Tokenizing the dataset
Number of training steps 1440
Epoch 0 **** Loss 0.04662855714559555 **** Metrics validation: {'accuracy': 0.8935879945429741, 'f1_weighted': 0.9202159240490653, 'macro': 0.5814494875549049, 'micro': 0.8935879945429741, 'binary': 0.22, 'accuracy_majority': 0.8921568627450981, 'macro_majority': 0.6147157701063664, 'binary_majority': 0.28776978417266186, 'run_time_millis': 2585.4764679970685, 'loss_mean': 0.042337771505117416}
Epoch 1 **** Loss 0.011745895259082317 **** Metrics validation: {'accuracy': 0.8321964529331515, 'f1_weighted': 0.8843127728212551, 'macro': 0.5588226658837345, 'micro': 0.8321964529331515, 'binary': 0.2115384615384615, 'accuracy_majority': 0.8366013071895425, 'macro_majority': 0.589910060158437, 'binary_majority': 0.27184466019417475, 'run_time_millis': 2582.2324580076383, 'loss_mean': 0.03192910924553871}
Epoch 2 **** Loss 0.04493461549282074 **** Metrics validation: {'accuracy': 0.8806275579809004, 'f1_weighted': 0.9139331262390652, 'macro': 0.5983341552961806, 'micro': 0.8806275579809004, 'binary': 0.2616033755274262, 'accuracy_majority': 0.8856209150326797, 'macro_majority': 0.6385054173557904, 'binary_majority': 0.33962264150943394, 'run_time_millis': 2584.283233998576, 'loss_mean': 0.029631132259964943}
Epoch 3 **** Loss 0.013837339356541634 **** Metrics validation: {'accuracy': 0.903137789904502, 'f1_weighted': 0.9269949788392896, 'macro': 0.6118048096431555, 'micro': 0.903137789904502, 'binary': 0.2755102040816326, 'accuracy_majority': 0.9052287581699346, 'macro_majority': 0.6522045855379188, 'binary_majority': 0.35555555555555557, 'run_time_millis': 2587.939807010116, 'loss_mean': 0.03819236159324646}
Epoch 4 **** Loss 0.018501373007893562 **** Metrics validation: {'accuracy': 0.917462482946794, 'f1_weighted': 0.9357932618779349, 'macro': 0.6323415721021814, 'micro': 0.917462482946794, 'binary': 0.3085714285714286, 'accuracy_majority': 0.9215686274509803, 'macro_majority': 0.679020979020979, 'binary_majority': 0.39999999999999997, 'run_time_millis': 2582.569723002962, 'loss_mean': 0.04849379509687424}
Epoch 5 **** Loss 0.012472283095121384 **** Metrics validation: {'accuracy': 0.937244201909959, 'f1_weighted': 0.9471869005336255, 'macro': 0.6502028155571462, 'micro': 0.937244201909959, 'binary': 0.3333333333333333, 'accuracy_majority': 0.9368191721132898, 'macro_majority': 0.6873957868532913, 'binary_majority': 0.4081632653061224, 'run_time_millis': 2585.5342889990425, 'loss_mean': 0.06272559612989426}
Epoch 6 **** Loss 0.004962940700352192 **** Metrics validation: {'accuracy': 0.9379263301500682, 'f1_weighted': 0.9476212123703394, 'macro': 0.6516041419113902, 'micro': 0.9379263301500683, 'binary': 0.3357664233576642, 'accuracy_majority': 0.9368191721132898, 'macro_majority': 0.6873957868532913, 'binary_majority': 0.4081632653061224, 'run_time_millis': 1569.4643030001316, 'loss_mean': 0.07386600226163864}
Epoch 7 **** Loss 0.0022369115613400936 **** Metrics validation: {'accuracy': 0.9508867667121419, 'f1_weighted': 0.9557581566713854, 'macro': 0.6768710815047022, 'micro': 0.9508867667121419, 'binary': 0.3793103448275862, 'accuracy_majority': 0.94880174291939, 'macro_majority': 0.7101085094231867, 'binary_majority': 0.44705882352941173, 'run_time_millis': 2585.7452109921724, 'loss_mean': 0.08749567717313766}
Epoch 8 **** Loss 0.001927921548485756 **** Metrics validation: {'accuracy': 0.9461118690313779, 'f1_weighted': 0.9529083391696165, 'macro': 0.6699280370502316, 'micro': 0.9461118690313779, 'binary': 0.368, 'accuracy_majority': 0.9444444444444444, 'macro_majority': 0.7051670392644604, 'binary_majority': 0.43956043956043955, 'run_time_millis': 2587.3534200072754, 'loss_mean': 0.08852291107177734}
Epoch 9 **** Loss 0.010107164271175861 **** Metrics validation: {'accuracy': 0.9399727148703957, 'f1_weighted': 0.948929449529722, 'macro': 0.6559162728174709, 'micro': 0.9399727148703957, 'binary': 0.34328358208955223, 'accuracy_majority': 0.9379084967320261, 'macro_majority': 0.6897968378556227, 'binary_majority': 0.41237113402061853, 'run_time_millis': 1570.2466519869631, 'loss_mean': 0.08215301483869553}
Evaluating
{'accuracy': 0.9508867667121419, 'f1_weighted': 0.9557581566713854, 'macro': 0.6768710815047022, 'micro': 0.9508867667121419, 'binary': 0.3793103448275862, 'accuracy_majority': 0.94880174291939, 'macro_majority': 0.7101085094231867, 'binary_majority': 0.44705882352941173, 'run_time_millis': 2591.049376002047, 'loss_mean': 0.08749567717313766}
